INFO     planner time limit: 300s
INFO     planner memory limit: 3584 MB

INFO     Running translator.
INFO     translator stdin: None
INFO     translator time limit: 299s
INFO     translator memory limit: 3584 MB
INFO     translator command line string: /usr/local/downward-projects/downward/experiments/.venv/bin/python3 /usr/local/downward-projects/downward/experiments/src/thesis/data/thesis-thesis_exp/code-d93485cdd92f65ede2ae3573b3f4adda0b49e4fd_e5e41175/builds/release/bin/translate/translate.py domain.pddl problem.pddl --sas-file output.sas
Parsing...
Parsing: [0.050s CPU, 0.045s wall-clock]
Normalizing task... [0.000s CPU, 0.005s wall-clock]
Instantiating...
Generating Datalog program... [0.010s CPU, 0.010s wall-clock]
Normalizing Datalog program...
Normalizing Datalog program: [0.030s CPU, 0.028s wall-clock]
Preparing model... [0.030s CPU, 0.036s wall-clock]
Generated 1852 rules.
Computing model... [2.930s CPU, 2.954s wall-clock]
110339 relevant atoms
160312 auxiliary atoms
270651 final queue length
481791 total queue pushes
Completing instantiation... [4.980s CPU, 5.028s wall-clock]
Instantiating: [8.240s CPU, 8.320s wall-clock]
Computing fact groups...
Finding invariants...
10 initial candidates
Finding invariants: [0.080s CPU, 0.076s wall-clock]
Checking invariant weight... [0.000s CPU, 0.004s wall-clock]
Instantiating groups... [0.000s CPU, 0.003s wall-clock]
Collecting mutex groups... [0.000s CPU, 0.001s wall-clock]
Choosing groups...
230 uncovered facts
Choosing groups: [0.000s CPU, 0.003s wall-clock]
Building translation key... [0.000s CPU, 0.001s wall-clock]
Computing fact groups: [0.090s CPU, 0.094s wall-clock]
Building STRIPS to SAS dictionary... [0.000s CPU, 0.001s wall-clock]
Building dictionary for full mutex groups... [0.010s CPU, 0.001s wall-clock]
Building mutex information...
Building mutex information: [0.000s CPU, 0.001s wall-clock]
Translating task...
Processing axioms...
Simplifying axioms... [0.000s CPU, 0.000s wall-clock]
Translator axioms removed by simplifying: 0
Computing negative axioms... [0.000s CPU, 0.000s wall-clock]
Processing axioms: [0.150s CPU, 0.158s wall-clock]
Translating task: [3.960s CPU, 4.000s wall-clock]
0 effect conditions simplified
0 implied preconditions added
Detecting unreachable propositions...
0 operators removed
0 axioms removed
231 propositions removed
Detecting unreachable propositions: [2.560s CPU, 2.547s wall-clock]
Reordering and filtering variables...
461 of 461 variables necessary.
0 of 461 mutex groups necessary.
106260 of 106260 operators necessary.
0 of 0 axiom rules necessary.
Reordering and filtering variables: [0.400s CPU, 0.401s wall-clock]
Translator variables: 461
Translator derived variables: 0
Translator facts: 1381
Translator goal facts: 230
Translator mutex groups: 0
Translator total mutex groups size: 0
Translator operators: 106260
Translator axioms: 0
Translator task size: 676596
Translator peak memory: 457184 KB
Writing output... [0.510s CPU, 0.513s wall-clock]
Done! [16.010s CPU, 16.119s wall-clock]
translate exit code: 0

INFO     Running search (release).
INFO     search stdin: output.sas
INFO     search time limit: 283s
INFO     search memory limit: 3584 MB
INFO     search command line string: /usr/local/downward-projects/downward/experiments/src/thesis/data/thesis-thesis_exp/code-d93485cdd92f65ede2ae3573b3f4adda0b49e4fd_e5e41175/builds/release/bin/downward --evaluator 'h=ff()' --search 'eager(alt([type_based([h, g()], random_seed=-1), single(h)]))' --internal-plan-file sas_plan < output.sas
[t=0.00272975s, 11364 KB] reading input...
[t=0.315362s, 39668 KB] done reading input!
[t=0.342449s, 50776 KB] Simplifying 212060 unary operators... done! [212060 unary operators]
[t=0.706043s, 70676 KB] time to simplify: 0.379568s
[t=0.729962s, 70676 KB] Initializing additive heuristic...
[t=0.730401s, 70676 KB] Initializing FF heuristic...
[t=0.730432s, 70676 KB] Building successor generator...done!
[t=0.770665s, 70676 KB] peak memory difference for successor generator creation: 0 KB
[t=0.770774s, 70676 KB] time for successor generation creation: 0.0392951s
[t=0.770803s, 70676 KB] Variables: 461
[t=0.770844s, 70676 KB] FactPairs: 1381
[t=0.770875s, 70676 KB] Bytes per state: 88
[t=0.770903s, 70676 KB] Conducting best first search without reopening closed nodes, (real) bound = 2147483647
[t=0.773722s, 70676 KB] New best heuristic value for ff(): 1
[t=0.775005s, 70676 KB] g=0, 1 evaluated, 0 expanded
[t=0.775031s, 70676 KB] Initial heuristic value for ff(): 1
[t=0.775066s, 70676 KB] pruning method: none
[t=0.775091s, 70676 KB] Start Timestep: 1687942810025 millisecond(s).
[t=0.777628s, 70676 KB] New best heuristic value for ff(): 0
[t=0.778238s, 70676 KB] g=1, 2 evaluated, 1 expanded
Peak memory: 77220 KB
caught signal 24 -- exiting
Time limit has been reached.
Remove intermediate file output.sas
search exit code: 23

Driver aborting after search
INFO     Planner time: 298.69s
