INFO     planner time limit: 300s
INFO     planner memory limit: 3584 MB

INFO     Running translator.
INFO     translator stdin: None
INFO     translator time limit: 299s
INFO     translator memory limit: 3584 MB
INFO     translator command line string: /usr/local/downward-projects/downward/experiments/.venv/bin/python3 /usr/local/downward-projects/downward/experiments/src/thesis/data/thesis-thesis_exp/code-d93485cdd92f65ede2ae3573b3f4adda0b49e4fd_e5e41175/builds/release/bin/translate/translate.py domain.pddl problem.pddl --sas-file output.sas
Parsing...
Parsing: [0.010s CPU, 0.004s wall-clock]
Normalizing task... [0.000s CPU, 0.000s wall-clock]
Instantiating...
Generating Datalog program... [0.000s CPU, 0.001s wall-clock]
Normalizing Datalog program...
Normalizing Datalog program: [0.000s CPU, 0.002s wall-clock]
Preparing model... [0.000s CPU, 0.003s wall-clock]
Generated 46 rules.
Computing model... [0.080s CPU, 0.079s wall-clock]
9612 relevant atoms
5472 auxiliary atoms
15084 final queue length
30843 total queue pushes
Completing instantiation... [0.280s CPU, 0.275s wall-clock]
Instantiating: [0.360s CPU, 0.363s wall-clock]
Computing fact groups...
Finding invariants...
12 initial candidates
Finding invariants: [0.010s CPU, 0.005s wall-clock]
Checking invariant weight... [0.000s CPU, 0.000s wall-clock]
Instantiating groups... [0.000s CPU, 0.002s wall-clock]
Collecting mutex groups... [0.000s CPU, 0.000s wall-clock]
Choosing groups...
0 uncovered facts
Choosing groups: [0.000s CPU, 0.001s wall-clock]
Building translation key... [0.000s CPU, 0.001s wall-clock]
Computing fact groups: [0.010s CPU, 0.011s wall-clock]
Building STRIPS to SAS dictionary... [0.000s CPU, 0.000s wall-clock]
Building dictionary for full mutex groups... [0.000s CPU, 0.001s wall-clock]
Building mutex information...
Building mutex information: [0.000s CPU, 0.000s wall-clock]
Translating task...
Processing axioms...
Simplifying axioms... [0.000s CPU, 0.000s wall-clock]
Translator axioms removed by simplifying: 0
Computing negative axioms... [0.000s CPU, 0.000s wall-clock]
Processing axioms: [0.010s CPU, 0.011s wall-clock]
Translating task: [0.220s CPU, 0.228s wall-clock]
0 effect conditions simplified
0 implied preconditions added
Detecting unreachable propositions...
0 operators removed
0 axioms removed
31 propositions removed
Detecting unreachable propositions: [0.100s CPU, 0.096s wall-clock]
Reordering and filtering variables...
31 of 31 variables necessary.
0 of 31 mutex groups necessary.
8364 of 8364 operators necessary.
0 of 0 axiom rules necessary.
Reordering and filtering variables: [0.030s CPU, 0.028s wall-clock]
Translator variables: 31
Translator derived variables: 0
Translator facts: 700
Translator goal facts: 21
Translator mutex groups: 0
Translator total mutex groups size: 0
Translator operators: 8364
Translator axioms: 0
Translator task size: 50036
Translator peak memory: 65512 KB
Writing output... [0.040s CPU, 0.037s wall-clock]
Done! [0.780s CPU, 0.783s wall-clock]
translate exit code: 0

INFO     Running search (release).
INFO     search stdin: output.sas
INFO     search time limit: 299s
INFO     search memory limit: 3584 MB
INFO     search command line string: /usr/local/downward-projects/downward/experiments/src/thesis/data/thesis-thesis_exp/code-d93485cdd92f65ede2ae3573b3f4adda0b49e4fd_e5e41175/builds/release/bin/downward --evaluator 'h=ff()' --search 'eager( alt( [lwm_intra_explore_type(h), single(h)] ) )' --internal-plan-file sas_plan < output.sas
[t=0s, 11364 KB] reading input...
[t=0.0237085s, 13596 KB] done reading input!
[t=0.0276844s, 14832 KB] Simplifying 16428 unary operators... done! [16428 unary operators]
[t=0.0403146s, 16112 KB] time to simplify: 0.0126302s
[t=0.0411898s, 16112 KB] Initializing additive heuristic...
[t=0.041529s, 16112 KB] Initializing FF heuristic...
[t=0.0415571s, 16112 KB] Building successor generator...done!
[t=0.0446229s, 16500 KB] peak memory difference for successor generator creation: 388 KB
[t=0.0446791s, 16500 KB] time for successor generation creation: 0.00189306s
[t=0.0447045s, 16500 KB] Variables: 31
[t=0.0447313s, 16500 KB] FactPairs: 700
[t=0.0447538s, 16500 KB] Bytes per state: 20
[t=0.0447766s, 16500 KB] Conducting best first search without reopening closed nodes, (real) bound = 2147483647
[t=0.044831s, 16500 KB] New best heuristic value for ff(): 155
[t=0.0450705s, 16500 KB] g=0, 1 evaluated, 0 expanded
[t=0.0450971s, 16500 KB] Initial heuristic value for ff(): 155
[t=0.0451305s, 16500 KB] pruning method: none
[t=0.0451546s, 16500 KB] Start Timestep: 1687900336578 millisecond(s).
[t=0.0473936s, 16500 KB] New best heuristic value for ff(): 153
[t=0.0476412s, 16500 KB] g=7, 16 evaluated, 1 expanded
[t=0.395222s, 16500 KB] New best heuristic value for ff(): 143
[t=0.399243s, 16500 KB] g=117, 2242 evaluated, 92 expanded
[t=0.411156s, 16500 KB] New best heuristic value for ff(): 142
[t=0.413316s, 16500 KB] g=148, 2329 evaluated, 95 expanded
[t=0.413346s, 16500 KB] New best heuristic value for ff(): 139
[t=0.41356s, 16500 KB] g=147, 2330 evaluated, 95 expanded
[t=0.413588s, 16500 KB] New best heuristic value for ff(): 137
[t=0.413794s, 16500 KB] g=147, 2331 evaluated, 95 expanded
[t=9.41531s, 25892 KB] New best heuristic value for ff(): 135
[t=9.41715s, 25892 KB] g=159, 59024 evaluated, 2274 expanded
[t=9.41719s, 25892 KB] New best heuristic value for ff(): 131
[t=9.41742s, 25892 KB] g=159, 59025 evaluated, 2274 expanded
[t=21.9408s, 46740 KB] New best heuristic value for ff(): 130
[t=21.9448s, 46740 KB] g=186, 137406 evaluated, 5234 expanded
[t=23.1838s, 46740 KB] New best heuristic value for ff(): 129
[t=23.1844s, 46740 KB] g=196, 145318 evaluated, 5513 expanded
[t=23.1844s, 46740 KB] New best heuristic value for ff(): 123
[t=23.1846s, 46740 KB] g=195, 145319 evaluated, 5513 expanded
[t=80.5127s, 103516 KB] New best heuristic value for ff(): 118
[t=80.5133s, 103516 KB] g=257, 509920 evaluated, 18850 expanded
[t=80.5133s, 103516 KB] New best heuristic value for ff(): 116
[t=80.5135s, 103516 KB] g=258, 509921 evaluated, 18850 expanded
[t=151.952s, 184952 KB] New best heuristic value for ff(): 115
[t=151.953s, 184952 KB] g=261, 964569 evaluated, 35810 expanded
[t=244.599s, 297972 KB] New best heuristic value for ff(): 112
[t=244.6s, 297972 KB] g=347, 1551756 evaluated, 57948 expanded
[t=244.6s, 297972 KB] New best heuristic value for ff(): 108
[t=244.6s, 297972 KB] g=349, 1551758 evaluated, 57948 expanded
Peak memory: 350796 KB
caught signal 24 -- exiting
Time limit has been reached.
Remove intermediate file output.sas
search exit code: 23

Driver aborting after search
INFO     Planner time: 299.68s
