INFO     planner time limit: 900s
INFO     planner memory limit: 3584 MB

INFO     Running translator.
INFO     translator stdin: None
INFO     translator time limit: 899s
INFO     translator memory limit: 3584 MB
INFO     translator command line string: /usr/local/downward-projects/downward/experiments/assign3/.venv/bin/python3 /usr/local/downward-projects/downward/experiments/assign3/data/assign3-anytime_exp/code-fe4f0f1bb525c059c1938ac01bab1b7bae200873_e5e41175/builds/release/bin/translate/translate.py domain.pddl problem.pddl --sas-file output.sas
Parsing...
Parsing: [0.000s CPU, 0.002s wall-clock]
Normalizing task... [0.000s CPU, 0.000s wall-clock]
Instantiating...
Generating Datalog program... [0.000s CPU, 0.001s wall-clock]
Normalizing Datalog program...
Normalizing Datalog program: [0.000s CPU, 0.002s wall-clock]
Preparing model... [0.000s CPU, 0.001s wall-clock]
Generated 51 rules.
Computing model... [0.220s CPU, 0.219s wall-clock]
27101 relevant atoms
8686 auxiliary atoms
35787 final queue length
88923 total queue pushes
Completing instantiation... [1.140s CPU, 1.151s wall-clock]
Instantiating: [1.370s CPU, 1.385s wall-clock]
Computing fact groups...
Finding invariants...
5 initial candidates
Finding invariants: [0.030s CPU, 0.022s wall-clock]
Checking invariant weight... [0.000s CPU, 0.000s wall-clock]
Instantiating groups... [0.000s CPU, 0.001s wall-clock]
Collecting mutex groups... [0.000s CPU, 0.000s wall-clock]
Choosing groups...
18 uncovered facts
Choosing groups: [0.000s CPU, 0.001s wall-clock]
Building translation key... [0.000s CPU, 0.000s wall-clock]
Computing fact groups: [0.030s CPU, 0.026s wall-clock]
Building STRIPS to SAS dictionary... [0.000s CPU, 0.000s wall-clock]
Building dictionary for full mutex groups... [0.000s CPU, 0.000s wall-clock]
Building mutex information...
Building mutex information: [0.000s CPU, 0.000s wall-clock]
Translating task...
Processing axioms...
Simplifying axioms... [0.000s CPU, 0.000s wall-clock]
Translator axioms removed by simplifying: 0
Computing negative axioms... [0.000s CPU, 0.000s wall-clock]
Processing axioms: [0.030s CPU, 0.033s wall-clock]
Translating task: [0.840s CPU, 0.851s wall-clock]
0 effect conditions simplified
0 implied preconditions added
Detecting unreachable propositions...
0 operators removed
0 axioms removed
18 propositions removed
Detecting unreachable propositions: [0.560s CPU, 0.557s wall-clock]
Reordering and filtering variables...
36 of 36 variables necessary.
18 of 36 mutex groups necessary.
25092 of 25092 operators necessary.
0 of 0 axiom rules necessary.
Reordering and filtering variables: [0.070s CPU, 0.075s wall-clock]
Translator variables: 36
Translator derived variables: 0
Translator facts: 360
Translator goal facts: 36
Translator mutex groups: 18
Translator total mutex groups size: 324
Translator operators: 25092
Translator axioms: 0
Translator task size: 126522
Translator peak memory: 124884 KB
Writing output... [0.100s CPU, 0.101s wall-clock]
Done! [3.010s CPU, 3.037s wall-clock]
translate exit code: 0

INFO     Running search (release).
INFO     search stdin: output.sas
INFO     search time limit: 896s
INFO     search memory limit: 3584 MB
INFO     search command line string: /usr/local/downward-projects/downward/experiments/assign3/data/assign3-anytime_exp/code-fe4f0f1bb525c059c1938ac01bab1b7bae200873_e5e41175/builds/release/bin/downward --evaluator 'h=lmcut()' --search 'iterated([
            eager_wastar([h],w=5),
            eager_wastar([h],w=4),
            eager_wastar([h],w=3),
            eager_wastar([h],w=2),
            astar(h)
        ],continue_on_fail=true)' --internal-plan-file sas_plan < output.sas
[t=0.00266565s, 10884 KB] reading input...
[t=0.0746123s, 18248 KB] done reading input!
[t=0.0904895s, 23940 KB] Initializing landmark cut heuristic...
[t=0.0918303s, 23940 KB] Building successor generator...done!
[t=0.103013s, 26812 KB] peak memory difference for successor generator creation: 2872 KB
[t=0.103141s, 26812 KB] time for successor generation creation: 0.0104237s
[t=0.103167s, 26812 KB] Variables: 36
[t=0.103201s, 26812 KB] FactPairs: 360
[t=0.103225s, 26812 KB] Bytes per state: 16
[t=0.103249s, 26812 KB] Start Timestep: 1682513335132 millisecond(s).
[t=0.103381s, 26812 KB] Building successor generator...done!
[t=0.103482s, 26812 KB] peak memory difference for successor generator creation: 0 KB
[t=0.103523s, 26812 KB] time for successor generation creation: 0s
[t=0.103548s, 26812 KB] Variables: 36
[t=0.103573s, 26812 KB] FactPairs: 360
[t=0.103596s, 26812 KB] Bytes per state: 16
[t=0.10362s, 26812 KB] Starting search: eager_wastar([h],w=5)
[t=0.103653s, 26812 KB] Conducting best first search with reopening closed nodes, (real) bound = 2147483647
[t=0.110187s, 26812 KB] New best heuristic value for lmcut(): 55
[t=0.112843s, 26812 KB] g=0, 1 evaluated, 0 expanded
[t=0.112872s, 26812 KB] Initial heuristic value for lmcut(): 55
[t=0.112911s, 26812 KB] pruning method: none
[t=0.112936s, 26812 KB] Start Timestep: 1682513335142 millisecond(s).
[t=0.118096s, 26812 KB] New best heuristic value for lmcut(): 52
[t=0.119778s, 26812 KB] g=3, 2 evaluated, 1 expanded
[t=0.817128s, 26812 KB] New best heuristic value for lmcut(): 49
[t=0.819854s, 26812 KB] g=6, 92 evaluated, 2 expanded
[t=7.83553s, 26812 KB] New best heuristic value for lmcut(): 47
[t=7.8393s, 26812 KB] g=10, 1031 evaluated, 13 expanded
[t=17.6131s, 26812 KB] New best heuristic value for lmcut(): 46
[t=17.6163s, 26812 KB] g=12, 2345 evaluated, 31 expanded
[t=24.1564s, 26812 KB] New best heuristic value for lmcut(): 44
[t=24.1604s, 26812 KB] g=15, 3210 evaluated, 42 expanded
[t=25.9791s, 26812 KB] New best heuristic value for lmcut(): 43
[t=25.98s, 26812 KB] g=17, 3450 evaluated, 45 expanded
[t=84.112s, 26812 KB] New best heuristic value for lmcut(): 42
[t=84.1157s, 26812 KB] g=21, 11158 evaluated, 172 expanded
[t=84.1719s, 26812 KB] New best heuristic value for lmcut(): 41
[t=84.1747s, 26812 KB] g=21, 11167 evaluated, 172 expanded
[t=95.2068s, 26812 KB] New best heuristic value for lmcut(): 40
[t=95.2103s, 26812 KB] g=23, 12686 evaluated, 192 expanded
[t=128.109s, 26812 KB] New best heuristic value for lmcut(): 38
[t=128.113s, 26812 KB] g=26, 17270 evaluated, 253 expanded
[t=155.046s, 26812 KB] New best heuristic value for lmcut(): 37
[t=155.047s, 26812 KB] g=29, 21072 evaluated, 312 expanded
[t=606.945s, 29868 KB] New best heuristic value for lmcut(): 36
[t=606.946s, 29868 KB] g=32, 82679 evaluated, 1331 expanded
[t=607.542s, 29868 KB] New best heuristic value for lmcut(): 35
[t=607.543s, 29868 KB] g=33, 82760 evaluated, 1332 expanded
[t=855.781s, 33048 KB] New best heuristic value for lmcut(): 34
[t=855.784s, 33048 KB] g=38, 118499 evaluated, 1902 expanded
[t=875.772s, 33048 KB] New best heuristic value for lmcut(): 33
[t=875.776s, 33048 KB] g=39, 121703 evaluated, 1964 expanded
[t=875.931s, 33048 KB] New best heuristic value for lmcut(): 32
[t=875.934s, 33048 KB] g=39, 121730 evaluated, 1964 expanded
[t=886.035s, 33048 KB] New best heuristic value for lmcut(): 31
[t=886.038s, 33048 KB] g=41, 123424 evaluated, 1987 expanded
Peak memory: 33048 KB
caught signal 24 -- exiting
Time limit has been reached.
Remove intermediate file output.sas
search exit code: 23

Driver aborting after search
INFO     Planner time: 895.94s
