INFO     planner time limit: 900s
INFO     planner memory limit: 3584 MB

INFO     Running translator.
INFO     translator stdin: None
INFO     translator time limit: 899s
INFO     translator memory limit: 3584 MB
INFO     translator command line string: /usr/local/downward-projects/downward/experiments/.venv/bin/python3 /usr/local/downward-projects/downward/experiments/src/thesis/data/thesis-thesis_exp/code-f7a4f68fd467cf7cff4d3dfcfdfcfa2023e44324_e5e41175/builds/release/bin/translate/translate.py domain.pddl problem.pddl --sas-file output.sas
Parsing...
Parsing: [0.010s CPU, 0.002s wall-clock]
Normalizing task... [0.000s CPU, 0.000s wall-clock]
Instantiating...
Generating Datalog program... [0.000s CPU, 0.000s wall-clock]
Normalizing Datalog program...
Normalizing Datalog program: [0.000s CPU, 0.003s wall-clock]
Preparing model... [0.000s CPU, 0.001s wall-clock]
Generated 74 rules.
Computing model... [0.050s CPU, 0.044s wall-clock]
4996 relevant atoms
1361 auxiliary atoms
6357 final queue length
21551 total queue pushes
Completing instantiation... [0.120s CPU, 0.131s wall-clock]
Instantiating: [0.170s CPU, 0.181s wall-clock]
Computing fact groups...
Finding invariants...
16 initial candidates
Finding invariants: [0.010s CPU, 0.006s wall-clock]
Checking invariant weight... [0.000s CPU, 0.000s wall-clock]
Instantiating groups... [0.000s CPU, 0.000s wall-clock]
Collecting mutex groups... [0.000s CPU, 0.000s wall-clock]
Choosing groups...
0 uncovered facts
Choosing groups: [0.000s CPU, 0.000s wall-clock]
Building translation key... [0.000s CPU, 0.000s wall-clock]
Computing fact groups: [0.010s CPU, 0.007s wall-clock]
Building STRIPS to SAS dictionary... [0.000s CPU, 0.000s wall-clock]
Building dictionary for full mutex groups... [0.010s CPU, 0.000s wall-clock]
Building mutex information...
Building mutex information: [0.000s CPU, 0.000s wall-clock]
Translating task...
Processing axioms...
Simplifying axioms... [0.000s CPU, 0.000s wall-clock]
Translator axioms removed by simplifying: 0
Computing negative axioms... [0.000s CPU, 0.000s wall-clock]
Processing axioms: [0.000s CPU, 0.006s wall-clock]
Translating task: [0.110s CPU, 0.115s wall-clock]
0 effect conditions simplified
0 implied preconditions added
Detecting unreachable propositions...
0 operators removed
0 axioms removed
9 propositions removed
Detecting unreachable propositions: [0.040s CPU, 0.042s wall-clock]
Reordering and filtering variables...
9 of 9 variables necessary.
0 of 10 mutex groups necessary.
2929 of 2929 operators necessary.
0 of 0 axiom rules necessary.
Reordering and filtering variables: [0.020s CPU, 0.015s wall-clock]
Translator variables: 9
Translator derived variables: 0
Translator facts: 82
Translator goal facts: 1
Translator mutex groups: 0
Translator total mutex groups size: 0
Translator operators: 2929
Translator axioms: 0
Translator task size: 21973
Translator peak memory: 47432 KB
Writing output... [0.020s CPU, 0.016s wall-clock]
Done! [0.390s CPU, 0.385s wall-clock]
translate exit code: 0

INFO     Running search (release).
INFO     search stdin: output.sas
INFO     search time limit: 899s
INFO     search memory limit: 3584 MB
INFO     search command line string: /usr/local/downward-projects/downward/experiments/src/thesis/data/thesis-thesis_exp/code-f7a4f68fd467cf7cff4d3dfcfdfcfa2023e44324_e5e41175/builds/release/bin/downward --evaluator 'h=ff()' --search 'eager(alt([lwm_based_type(h), single(h)]))' --internal-plan-file sas_plan < output.sas
[t=0.00251654s, 11000 KB] reading input...
[t=0.0104441s, 11928 KB] done reading input!
[t=0.0151078s, 12756 KB] Simplifying 8707 unary operators... done! [2227 unary operators]
[t=0.0195813s, 13020 KB] time to simplify: 0.00447356s
[t=0.0198868s, 13020 KB] Initializing additive heuristic...
[t=0.0199629s, 13020 KB] Initializing FF heuristic...
[t=0.0199887s, 13020 KB] Building successor generator...done!
[t=0.0206723s, 13020 KB] peak memory difference for successor generator creation: 0 KB
[t=0.0207325s, 13020 KB] time for successor generation creation: 0s
[t=0.020758s, 13020 KB] Variables: 9
[t=0.0208078s, 13020 KB] FactPairs: 82
[t=0.0208365s, 13020 KB] Bytes per state: 8
[t=0.020861s, 13020 KB] Conducting best first search without reopening closed nodes, (real) bound = 2147483647
[t=0.0209211s, 13020 KB] New best heuristic value for ff(): 35
[t=0.0209822s, 13020 KB] g=0, 1 evaluated, 0 expanded
[t=0.0210063s, 13020 KB] Initial heuristic value for ff(): 35
[t=0.0210349s, 13020 KB] pruning method: none
[t=0.0210583s, 13020 KB] Start Timestep: 1684377009866 millisecond(s).
[t=0.0211008s, 13020 KB] New best heuristic value for ff(): 34
[t=0.0211641s, 13020 KB] g=1, 2 evaluated, 1 expanded
[t=6.39388s, 55248 KB] New best heuristic value for ff(): 31
[t=6.39434s, 55248 KB] g=5, 288842 evaluated, 47549 expanded
[t=6.39591s, 55248 KB] New best heuristic value for ff(): 30
[t=6.39636s, 55248 KB] g=7, 288931 evaluated, 47553 expanded
[t=6.39693s, 55248 KB] New best heuristic value for ff(): 29
[t=6.39755s, 55248 KB] g=8, 288985 evaluated, 47555 expanded
[t=8.79382s, 78520 KB] New best heuristic value for ff(): 27
[t=8.79421s, 78520 KB] g=12, 393116 evaluated, 71549 expanded
[t=8.79526s, 78520 KB] New best heuristic value for ff(): 26
[t=8.79534s, 78520 KB] g=14, 393165 evaluated, 71552 expanded
[t=8.79628s, 78520 KB] New best heuristic value for ff(): 25
[t=8.79676s, 78520 KB] g=15, 393230 evaluated, 71554 expanded
[t=11.6673s, 92216 KB] New best heuristic value for ff(): 23
[t=11.6679s, 92216 KB] g=21, 521110 evaluated, 99018 expanded
[t=11.6693s, 92216 KB] New best heuristic value for ff(): 22
[t=11.6697s, 92216 KB] g=23, 521187 evaluated, 99022 expanded
[t=11.6703s, 92216 KB] New best heuristic value for ff(): 21
[t=11.671s, 92216 KB] g=24, 521245 evaluated, 99024 expanded
[t=15.0375s, 131116 KB] New best heuristic value for ff(): 19
[t=15.0377s, 131116 KB] g=36, 669201 evaluated, 132789 expanded
[t=15.0389s, 131116 KB] New best heuristic value for ff(): 18
[t=15.0392s, 131116 KB] g=38, 669269 evaluated, 132793 expanded
[t=15.0399s, 131116 KB] New best heuristic value for ff(): 17
[t=15.0405s, 131116 KB] g=39, 669330 evaluated, 132795 expanded
[t=15.9622s, 131116 KB] New best heuristic value for ff(): 15
[t=15.9626s, 131116 KB] g=55, 710714 evaluated, 141692 expanded
[t=15.9635s, 131116 KB] New best heuristic value for ff(): 14
[t=15.9645s, 131116 KB] g=57, 710798 evaluated, 141696 expanded
[t=15.9653s, 131116 KB] New best heuristic value for ff(): 13
[t=15.9656s, 131116 KB] g=58, 710847 evaluated, 141698 expanded
[t=18.5772s, 146120 KB] New best heuristic value for ff(): 11
[t=18.5774s, 146120 KB] g=65, 820753 evaluated, 165952 expanded
[t=18.5788s, 146120 KB] New best heuristic value for ff(): 10
[t=18.5789s, 146120 KB] g=67, 820821 evaluated, 165956 expanded
[t=18.5792s, 146120 KB] New best heuristic value for ff(): 9
[t=18.5803s, 146120 KB] g=68, 820881 evaluated, 165958 expanded
[t=19.072s, 146120 KB] New best heuristic value for ff(): 7
[t=19.0732s, 146120 KB] g=73, 843055 evaluated, 170634 expanded
[t=19.0741s, 146120 KB] New best heuristic value for ff(): 6
[t=19.0745s, 146120 KB] g=75, 843116 evaluated, 170638 expanded
[t=19.0751s, 146120 KB] New best heuristic value for ff(): 5
[t=19.0757s, 146120 KB] g=76, 843172 evaluated, 170640 expanded
[t=19.7702s, 147584 KB] New best heuristic value for ff(): 3
[t=19.7703s, 147584 KB] g=92, 875001 evaluated, 177058 expanded
[t=19.7723s, 147584 KB] New best heuristic value for ff(): 2
[t=19.7729s, 147584 KB] g=95, 875123 evaluated, 177064 expanded
[t=19.7733s, 147584 KB] New best heuristic value for ff(): 1
[t=19.7735s, 147584 KB] g=96, 875150 evaluated, 177066 expanded
[t=19.7735s, 147584 KB] New best heuristic value for ff(): 0
[t=19.7735s, 147584 KB] g=97, 875151 evaluated, 177068 expanded
[t=19.7736s, 147584 KB] Solution found!
[t=19.7741s, 147584 KB] Actual search time: 19.753s
drive girl0 place0 place1 car1 (1)
drive_tent guy0 place0 place1 car2 tent0 (1)
put_up girl0 place1 tent0 (1)
drive_passenger girl0 place1 place0 car1 guy0 (1)
walk_together tent0 place1 guy0 place0 girl0 couple0 (1)
put_down girl0 place1 tent0 (1)
drive_tent_passenger girl0 place1 place0 car2 tent0 guy0 (1)
drive_tent girl0 place0 place2 car0 tent0 (1)
drive guy0 place0 place2 car1 (1)
put_up girl0 place2 tent0 (1)
drive_passenger girl0 place2 place1 car0 guy0 (1)
walk_together tent0 place2 guy0 place1 girl0 couple0 (1)
put_down girl0 place2 tent0 (1)
drive_tent_passenger girl0 place2 place5 car1 tent0 guy0 (1)
drive_passenger girl0 place5 place0 car1 guy0 (1)
drive guy0 place0 place5 car1 (1)
drive girl0 place0 place3 car2 (1)
drive_tent guy0 place5 place3 car1 tent0 (1)
put_up girl0 place3 tent0 (1)
drive_passenger girl0 place3 place2 car1 guy0 (1)
walk_together tent0 place3 guy0 place2 girl0 couple0 (1)
put_down girl0 place3 tent0 (1)
drive_tent_passenger girl0 place3 place7 car2 tent0 guy0 (1)
drive girl0 place7 place1 car2 (1)
drive girl0 place1 place7 car0 (1)
put_up girl0 place7 tent0 (1)
drive_passenger girl0 place7 place2 car0 guy0 (1)
drive girl0 place2 place3 car0 (1)
drive guy0 place2 place4 car1 (1)
drive girl0 place3 place7 car0 (1)
put_down girl0 place7 tent0 (1)
drive_tent girl0 place7 place4 car0 tent0 (1)
put_up girl0 place4 tent0 (1)
drive_passenger girl0 place4 place3 car0 guy0 (1)
walk_together tent0 place4 guy0 place3 girl0 couple0 (1)
put_down girl0 place4 tent0 (1)
drive_tent_passenger girl0 place4 place7 car1 tent0 guy0 (1)
put_up girl0 place7 tent0 (1)
drive girl0 place7 place3 car1 (1)
drive girl0 place3 place7 car0 (1)
drive_passenger girl0 place7 place0 car0 guy0 (1)
drive girl0 place0 place4 car0 (1)
drive guy0 place0 place5 car3 (1)
drive girl0 place4 place7 car0 (1)
put_down girl0 place7 tent0 (1)
drive_tent girl0 place7 place5 car0 tent0 (1)
put_up girl0 place5 tent0 (1)
drive_passenger girl0 place5 place4 car0 guy0 (1)
walk_together tent0 place5 guy0 place4 girl0 couple0 (1)
put_down girl0 place5 tent0 (1)
drive_tent_passenger girl0 place5 place8 car3 tent0 guy0 (1)
drive_passenger girl0 place8 place3 car3 guy0 (1)
drive girl0 place3 place5 car1 (1)
drive guy0 place3 place6 car3 (1)
drive girl0 place5 place8 car1 (1)
drive_tent girl0 place8 place6 car1 tent0 (1)
put_up girl0 place6 tent0 (1)
drive_passenger girl0 place6 place5 car1 guy0 (1)
walk_together tent0 place6 guy0 place5 girl0 couple0 (1)
put_down girl0 place6 tent0 (1)
drive_passenger girl0 place6 place4 car3 guy0 (1)
drive girl0 place4 place6 car0 (1)
drive_tent girl0 place6 place7 car0 tent0 (1)
drive guy0 place4 place7 car3 (1)
put_up girl0 place7 tent0 (1)
drive_passenger girl0 place7 place6 car0 guy0 (1)
walk_together tent0 place7 guy0 place6 girl0 couple0 (1)
put_down girl0 place7 tent0 (1)
drive_tent_passenger girl0 place7 place8 car3 tent0 guy0 (1)
drive girl0 place8 place1 car3 (1)
drive girl0 place1 place5 car2 (1)
drive girl0 place5 place8 car1 (1)
drive_tent_passenger girl0 place8 place7 car1 tent0 guy0 (1)
drive_tent guy0 place7 place9 car1 tent0 (1)
put_up guy0 place9 tent0 (1)
drive guy0 place9 place6 car1 (1)
drive guy0 place6 place9 car0 (1)
put_down guy0 place9 tent0 (1)
drive_tent guy0 place9 place7 car0 tent0 (1)
drive_passenger girl0 place7 place5 car0 guy0 (1)
drive girl0 place5 place7 car0 (1)
drive_tent girl0 place7 place8 car0 tent0 (1)
drive guy0 place5 place8 car2 (1)
put_up girl0 place8 tent0 (1)
drive_passenger girl0 place8 place7 car0 guy0 (1)
walk_together tent0 place8 guy0 place7 girl0 couple0 (1)
put_down girl0 place8 tent0 (1)
drive_tent girl0 place8 place9 car2 tent0 (1)
put_up girl0 place9 tent0 (1)
drive girl0 place9 place8 car2 (1)
walk_together tent0 place9 guy0 place8 girl0 couple0 (1)
[t=19.7741s, 147584 KB] Plan length: 91 step(s).
[t=19.7741s, 147584 KB] Plan cost: 91
[t=19.7741s, 147584 KB] Timestamp: 1684377029815 millisecond(s).
[t=19.7741s, 147584 KB] Expanded 177070 state(s).
[t=19.7741s, 147584 KB] Reopened 0 state(s).
[t=19.7741s, 147584 KB] Evaluated 875177 state(s).
[t=19.7741s, 147584 KB] Evaluations: 875177
[t=19.7741s, 147584 KB] Generated 3396809 state(s).
[t=19.7741s, 147584 KB] Dead ends: 113 state(s).
[t=19.7741s, 147584 KB] Number of registered states: 875177
[t=19.7741s, 147584 KB] Int hash set load factor: 875177/1048576 = 0.834634
[t=19.7741s, 147584 KB] Int hash set resizes: 20
[t=19.7741s, 147584 KB] Search time: 19.7533s
[t=19.7741s, 147584 KB] Total time: 19.7741s
Solution found.
Peak memory: 147584 KB
Remove intermediate file output.sas
search exit code: 0

INFO     Running validate.
INFO     validate stdin: None
INFO     validate time limit: None
INFO     validate memory limit: None
INFO     validate command line string: validate domain.pddl problem.pddl sas_plan
Checking plan: sas_plan
Plan executed successfully - checking goal
Plan valid
Final value: 91 

Successful plans:
Value: 91
 sas_plan 91 

validate exit code: 0

INFO     Planner time: 20.59s
