INFO     planner time limit: 900s
INFO     planner memory limit: 3584 MB

INFO     Running translator.
INFO     translator stdin: None
INFO     translator time limit: 899s
INFO     translator memory limit: 3584 MB
INFO     translator command line string: /usr/local/downward-projects/downward/experiments/.venv/bin/python3 /usr/local/downward-projects/downward/experiments/src/thesis/data/thesis-thesis_exp/code-492c46a6b9a8d722366a407090da84235e2f79dc_e5e41175/builds/release/bin/translate/translate.py domain.pddl problem.pddl --sas-file output.sas
Parsing...
Parsing: [0.000s CPU, 0.002s wall-clock]
Normalizing task... [0.000s CPU, 0.000s wall-clock]
Instantiating...
Generating Datalog program... [0.000s CPU, 0.000s wall-clock]
Normalizing Datalog program...
Normalizing Datalog program: [0.000s CPU, 0.001s wall-clock]
Preparing model... [0.000s CPU, 0.001s wall-clock]
Generated 24 rules.
Computing model... [0.020s CPU, 0.008s wall-clock]
846 relevant atoms
570 auxiliary atoms
1416 final queue length
1914 total queue pushes
Completing instantiation... [0.010s CPU, 0.010s wall-clock]
Instantiating: [0.030s CPU, 0.021s wall-clock]
Computing fact groups...
Finding invariants...
10 initial candidates
Finding invariants: [0.000s CPU, 0.001s wall-clock]
Checking invariant weight... [0.000s CPU, 0.000s wall-clock]
Instantiating groups... [0.000s CPU, 0.005s wall-clock]
Collecting mutex groups... [0.000s CPU, 0.000s wall-clock]
Choosing groups...
0 uncovered facts
Choosing groups: [0.000s CPU, 0.001s wall-clock]
Building translation key... [0.000s CPU, 0.000s wall-clock]
Computing fact groups: [0.010s CPU, 0.008s wall-clock]
Building STRIPS to SAS dictionary... [0.000s CPU, 0.000s wall-clock]
Building dictionary for full mutex groups... [0.000s CPU, 0.000s wall-clock]
Building mutex information...
Building mutex information: [0.000s CPU, 0.000s wall-clock]
Translating task...
Processing axioms...
Simplifying axioms... [0.000s CPU, 0.000s wall-clock]
Translator axioms removed by simplifying: 0
Computing negative axioms... [0.000s CPU, 0.000s wall-clock]
Processing axioms: [0.000s CPU, 0.001s wall-clock]
Translating task: [0.010s CPU, 0.010s wall-clock]
0 effect conditions simplified
0 implied preconditions added
Detecting unreachable propositions...
0 operators removed
0 axioms removed
3 propositions removed
Detecting unreachable propositions: [0.000s CPU, 0.006s wall-clock]
Reordering and filtering variables...
58 of 58 variables necessary.
55 of 58 mutex groups necessary.
442 of 442 operators necessary.
0 of 0 axiom rules necessary.
Reordering and filtering variables: [0.000s CPU, 0.002s wall-clock]
Translator variables: 58
Translator derived variables: 0
Translator facts: 279
Translator goal facts: 55
Translator mutex groups: 55
Translator total mutex groups size: 220
Translator operators: 442
Translator axioms: 0
Translator task size: 3038
Translator peak memory: 33776 KB
Writing output... [0.000s CPU, 0.003s wall-clock]
Done! [0.060s CPU, 0.053s wall-clock]
translate exit code: 0

INFO     Running search (release).
INFO     search stdin: output.sas
INFO     search time limit: 899s
INFO     search memory limit: 3584 MB
INFO     search command line string: /usr/local/downward-projects/downward/experiments/src/thesis/data/thesis-thesis_exp/code-492c46a6b9a8d722366a407090da84235e2f79dc_e5e41175/builds/release/bin/downward --evaluator 'h=ff()' --search 'eager(lwm_based_type(h))' --internal-plan-file sas_plan < output.sas
[t=0s, 11200 KB] reading input...
[t=0.00345439s, 11324 KB] done reading input!
[t=0.00452794s, 11732 KB] Simplifying 882 unary operators... done! [882 unary operators]
[t=0.00628564s, 11732 KB] time to simplify: 0.0017577s
[t=0.00635456s, 11732 KB] Initializing additive heuristic...
[t=0.00642911s, 11732 KB] Initializing FF heuristic...
[t=0.00645228s, 11732 KB] Building successor generator...done!
[t=0.00666609s, 11732 KB] peak memory difference for successor generator creation: 0 KB
[t=0.00670492s, 11732 KB] time for successor generation creation: 0s
[t=0.006728s, 11732 KB] Variables: 58
[t=0.00675395s, 11732 KB] FactPairs: 279
[t=0.00677632s, 11732 KB] Bytes per state: 16
[t=0.00679949s, 11732 KB] Conducting best first search without reopening closed nodes, (real) bound = 2147483647
[t=0.00684265s, 11732 KB] New best heuristic value for ff(): 111
[t=0.00689584s, 11732 KB] g=0, 1 evaluated, 0 expanded
[t=0.00691841s, 11732 KB] Initial heuristic value for ff(): 111
[t=0.00694956s, 11732 KB] pruning method: none
[t=0.00697239s, 11732 KB] Start Timestep: 1685467505681 millisecond(s).
[t=0.00701205s, 11732 KB] New best heuristic value for ff(): 110
[t=0.00708088s, 11732 KB] g=1, 3 evaluated, 1 expanded
[t=0.0151841s, 11732 KB] New best heuristic value for ff(): 109
[t=0.0171152s, 11732 KB] g=3, 738 evaluated, 14 expanded
[t=0.0351527s, 11888 KB] New best heuristic value for ff(): 108
[t=0.0356963s, 11888 KB] g=4, 2137 evaluated, 58 expanded
[t=0.0357238s, 11888 KB] New best heuristic value for ff(): 107
[t=0.0384124s, 11888 KB] g=5, 2338 evaluated, 71 expanded
[t=0.0510991s, 11888 KB] New best heuristic value for ff(): 106
[t=0.0512406s, 11888 KB] g=8, 3293 evaluated, 200 expanded
[t=0.0630682s, 12056 KB] New best heuristic value for ff(): 105
[t=0.0663825s, 12056 KB] g=9, 4389 evaluated, 328 expanded
[t=0.10301s, 12192 KB] New best heuristic value for ff(): 104
[t=0.103627s, 12192 KB] g=10, 7193 evaluated, 494 expanded
[t=0.118924s, 12324 KB] New best heuristic value for ff(): 103
[t=0.122634s, 12324 KB] g=11, 8584 evaluated, 582 expanded
[t=0.526346s, 14244 KB] New best heuristic value for ff(): 102
[t=0.529104s, 14244 KB] g=14, 38667 evaluated, 2447 expanded
[t=0.602229s, 14512 KB] New best heuristic value for ff(): 101
[t=0.605499s, 14512 KB] g=15, 44293 evaluated, 2801 expanded
[t=1.41754s, 18336 KB] New best heuristic value for ff(): 100
[t=1.41775s, 18336 KB] g=16, 103756 evaluated, 6465 expanded
[t=1.73327s, 21012 KB] New best heuristic value for ff(): 99
[t=1.73659s, 21012 KB] g=19, 126811 evaluated, 7862 expanded
[t=2.26885s, 22956 KB] New best heuristic value for ff(): 98
[t=2.26926s, 22956 KB] g=20, 165765 evaluated, 10256 expanded
[t=3.13615s, 30912 KB] New best heuristic value for ff(): 97
[t=3.13791s, 30912 KB] g=21, 228545 evaluated, 14195 expanded
[t=6.45758s, 49656 KB] New best heuristic value for ff(): 96
[t=6.4578s, 49656 KB] g=22, 466755 evaluated, 32337 expanded
[t=9.48343s, 58136 KB] New best heuristic value for ff(): 95
[t=9.48366s, 58136 KB] g=23, 682746 evaluated, 49621 expanded
[t=29.5823s, 164036 KB] New best heuristic value for ff(): 94
[t=29.5825s, 164036 KB] g=26, 2101197 evaluated, 161298 expanded
[t=41.1596s, 208100 KB] New best heuristic value for ff(): 93
[t=41.1607s, 208100 KB] g=27, 2917159 evaluated, 226459 expanded
[t=55.5523s, 311752 KB] New best heuristic value for ff(): 92
[t=55.5532s, 311752 KB] g=28, 3914382 evaluated, 307199 expanded
[t=81.4333s, 399476 KB] New best heuristic value for ff(): 91
[t=81.4372s, 399476 KB] g=29, 5732177 evaluated, 456232 expanded
[t=181.971s, 855240 KB] New best heuristic value for ff(): 90
[t=181.972s, 855240 KB] g=32, 12766073 evaluated, 1036579 expanded
[t=202.242s, 1130736 KB] New best heuristic value for ff(): 89
[t=202.242s, 1130736 KB] g=33, 14126108 evaluated, 1152941 expanded
[t=543.079s, 2695424 KB] New best heuristic value for ff(): 88
[t=543.079s, 2695424 KB] g=34, 37818569 evaluated, 3217476 expanded
Failed to allocate memory.
Memory limit has been reached.
Peak memory: 3322620 KB
Remove intermediate file output.sas
search exit code: 22

Driver aborting after search
INFO     Planner time: 714.91s
