INFO     planner time limit: 600s
INFO     planner memory limit: 3584 MB

INFO     Running translator.
INFO     translator stdin: None
INFO     translator time limit: 599s
INFO     translator memory limit: 3584 MB
INFO     translator command line string: /usr/local/downward-projects/downward/experiments/assign3/.venv/bin/python3 /usr/local/downward-projects/downward/experiments/assign3/data/assign3-anytime_exp/code-1fb14623350588fb782db39ad332c8a25eda53d6_e5e41175/builds/release/bin/translate/translate.py domain.pddl problem.pddl --sas-file output.sas
Parsing...
Parsing: [0.010s CPU, 0.003s wall-clock]
Normalizing task... [0.000s CPU, 0.000s wall-clock]
Instantiating...
Generating Datalog program... [0.000s CPU, 0.001s wall-clock]
Normalizing Datalog program...
Normalizing Datalog program: [0.000s CPU, 0.002s wall-clock]
Preparing model... [0.000s CPU, 0.002s wall-clock]
Generated 46 rules.
Computing model... [0.030s CPU, 0.025s wall-clock]
2612 relevant atoms
2228 auxiliary atoms
4840 final queue length
8546 total queue pushes
Completing instantiation... [0.050s CPU, 0.053s wall-clock]
Instantiating: [0.080s CPU, 0.083s wall-clock]
Computing fact groups...
Finding invariants...
12 initial candidates
Finding invariants: [0.000s CPU, 0.003s wall-clock]
Checking invariant weight... [0.000s CPU, 0.000s wall-clock]
Instantiating groups... [0.000s CPU, 0.001s wall-clock]
Collecting mutex groups... [0.000s CPU, 0.000s wall-clock]
Choosing groups...
0 uncovered facts
Choosing groups: [0.000s CPU, 0.000s wall-clock]
Building translation key... [0.000s CPU, 0.000s wall-clock]
Computing fact groups: [0.000s CPU, 0.005s wall-clock]
Building STRIPS to SAS dictionary... [0.000s CPU, 0.000s wall-clock]
Building dictionary for full mutex groups... [0.000s CPU, 0.000s wall-clock]
Building mutex information...
Building mutex information: [0.000s CPU, 0.000s wall-clock]
Translating task...
Processing axioms...
Simplifying axioms... [0.000s CPU, 0.000s wall-clock]
Translator axioms removed by simplifying: 0
Computing negative axioms... [0.000s CPU, 0.000s wall-clock]
Processing axioms: [0.010s CPU, 0.003s wall-clock]
Translating task: [0.060s CPU, 0.051s wall-clock]
0 effect conditions simplified
0 implied preconditions added
Detecting unreachable propositions...
0 operators removed
0 axioms removed
18 propositions removed
Detecting unreachable propositions: [0.020s CPU, 0.023s wall-clock]
Reordering and filtering variables...
18 of 18 variables necessary.
0 of 18 mutex groups necessary.
2064 of 2064 operators necessary.
0 of 0 axiom rules necessary.
Reordering and filtering variables: [0.000s CPU, 0.007s wall-clock]
Translator variables: 18
Translator derived variables: 0
Translator facts: 256
Translator goal facts: 10
Translator mutex groups: 0
Translator total mutex groups size: 0
Translator operators: 2064
Translator axioms: 0
Translator task size: 12116
Translator peak memory: 40296 KB
Writing output... [0.010s CPU, 0.009s wall-clock]
Done! [0.190s CPU, 0.183s wall-clock]
translate exit code: 0

INFO     Running search (release).
INFO     search stdin: output.sas
INFO     search time limit: 599s
INFO     search memory limit: 3584 MB
INFO     search command line string: /usr/local/downward-projects/downward/experiments/assign3/data/assign3-anytime_exp/code-1fb14623350588fb782db39ad332c8a25eda53d6_e5e41175/builds/release/bin/downward --evaluator 'h=lmcut()' --search 'iterated([
            lazy_wastar([h],w=5),
            lazy_wastar([h],w=4),
            lazy_wastar([h],w=3),
            lazy_wastar([h],w=2),
            astar(h)
        ],continue_on_fail=true)' --internal-plan-file sas_plan < output.sas
[t=0s, 10884 KB] reading input...
[t=0.00797665s, 11336 KB] done reading input!
[t=0.00812332s, 12296 KB] Initializing landmark cut heuristic...
[t=0.0114085s, 12296 KB] Building successor generator...done!
[t=0.0124368s, 12572 KB] peak memory difference for successor generator creation: 276 KB
[t=0.0124912s, 12572 KB] time for successor generation creation: 0.000389094s
[t=0.0125162s, 12572 KB] Variables: 18
[t=0.0125449s, 12572 KB] FactPairs: 256
[t=0.0125691s, 12572 KB] Bytes per state: 12
[t=0.0125929s, 12572 KB] Start Timestep: 1682020784916 millisecond(s).
[t=0.0126781s, 12572 KB] Building successor generator...done!
[t=0.0127652s, 12572 KB] peak memory difference for successor generator creation: 0 KB
[t=0.0128021s, 12572 KB] time for successor generation creation: 0s
[t=0.0128258s, 12572 KB] Variables: 18
[t=0.0128501s, 12572 KB] FactPairs: 256
[t=0.012873s, 12572 KB] Bytes per state: 12
[t=0.0128965s, 12572 KB] Starting search: lazy_wastar([h],w=5)
[t=0.0129321s, 12572 KB] Conducting lazy best first search, (real) bound = 2147483647
[t=0.012956s, 12572 KB] Start Timestep: 1682020784916 millisecond(s).
[t=0.0129807s, 12572 KB] New best heuristic value for lmcut(): 73
[t=0.0134495s, 12572 KB] g=0, 1 evaluated, 0 expanded
[t=0.013476s, 12572 KB] Initial heuristic value for lmcut(): 73
[t=0.0135106s, 12572 KB] New best heuristic value for lmcut(): 68
[t=0.0139542s, 12572 KB] g=7, 2 evaluated, 1 expanded
[t=0.0139797s, 12572 KB] New best heuristic value for lmcut(): 67
[t=0.015265s, 12572 KB] g=13, 5 evaluated, 4 expanded
[t=0.0156576s, 12572 KB] New best heuristic value for lmcut(): 64
[t=0.0175243s, 12572 KB] g=13, 10 evaluated, 9 expanded
[t=0.0175519s, 12572 KB] New best heuristic value for lmcut(): 58
[t=0.0180138s, 12572 KB] g=20, 11 evaluated, 10 expanded
[t=0.0915908s, 12572 KB] New best heuristic value for lmcut(): 56
[t=0.0923537s, 12572 KB] g=39, 208 evaluated, 207 expanded, 14 reopened
[t=0.123555s, 12572 KB] New best heuristic value for lmcut(): 55
[t=0.126531s, 12572 KB] g=47, 295 evaluated, 294 expanded, 14 reopened
[t=0.171414s, 12572 KB] New best heuristic value for lmcut(): 52
[t=0.174513s, 12572 KB] g=66, 421 evaluated, 420 expanded, 18 reopened
[t=0.27138s, 12704 KB] New best heuristic value for lmcut(): 50
[t=0.272282s, 12704 KB] g=57, 677 evaluated, 676 expanded, 26 reopened
[t=1.42597s, 13896 KB] New best heuristic value for lmcut(): 45
[t=1.42889s, 13896 KB] g=66, 5342 evaluated, 5341 expanded, 1692 reopened
[t=1.4299s, 13896 KB] New best heuristic value for lmcut(): 43
[t=1.42996s, 13896 KB] g=75, 5345 evaluated, 5344 expanded, 1692 reopened
[t=2.64347s, 15000 KB] New best heuristic value for lmcut(): 38
[t=2.64505s, 15000 KB] g=84, 9484 evaluated, 9483 expanded, 1922 reopened
[t=8.81044s, 20284 KB] New best heuristic value for lmcut(): 33
[t=8.81294s, 20284 KB] g=131, 28653 evaluated, 28652 expanded, 1922 reopened
[t=8.8983s, 20284 KB] New best heuristic value for lmcut(): 32
[t=8.90202s, 20284 KB] g=141, 28928 evaluated, 28927 expanded, 1922 reopened
[t=11.7886s, 23316 KB] New best heuristic value for lmcut(): 31
[t=11.7922s, 23316 KB] g=116, 39681 evaluated, 39680 expanded, 3551 reopened
[t=11.8005s, 23316 KB] New best heuristic value for lmcut(): 30
[t=11.8007s, 23316 KB] g=141, 39706 evaluated, 39705 expanded, 3551 reopened
[t=14.2548s, 25296 KB] New best heuristic value for lmcut(): 28
[t=14.2581s, 25296 KB] g=169, 47228 evaluated, 47227 expanded, 3605 reopened
[t=14.2668s, 25296 KB] New best heuristic value for lmcut(): 27
[t=14.2673s, 25296 KB] g=164, 47256 evaluated, 47255 expanded, 3605 reopened
[t=14.2673s, 25296 KB] New best heuristic value for lmcut(): 26
[t=14.2686s, 25296 KB] g=152, 47261 evaluated, 47260 expanded, 3605 reopened
[t=18.8561s, 29132 KB] New best heuristic value for lmcut(): 24
[t=18.8593s, 29132 KB] g=145, 62019 evaluated, 62018 expanded, 4328 reopened
Peak memory: 656724 KB
caught signal 24 -- exiting
Time limit has been reached.
Remove intermediate file output.sas
search exit code: 23

Driver aborting after search
INFO     Planner time: 598.26s
