INFO     planner time limit: 600s
INFO     planner memory limit: 3584 MB

INFO     Running translator.
INFO     translator stdin: None
INFO     translator time limit: 599s
INFO     translator memory limit: 3584 MB
INFO     translator command line string: /usr/local/downward-projects/downward/experiments/assign3/.venv/bin/python3 /usr/local/downward-projects/downward/experiments/assign3/data/assign3-anytime_exp/code-1fb14623350588fb782db39ad332c8a25eda53d6_e5e41175/builds/release/bin/translate/translate.py domain.pddl problem.pddl --sas-file output.sas
Parsing...
Parsing: [0.000s CPU, 0.002s wall-clock]
Normalizing task... [0.000s CPU, 0.000s wall-clock]
Instantiating...
Generating Datalog program... [0.000s CPU, 0.000s wall-clock]
Normalizing Datalog program...
Normalizing Datalog program: [0.010s CPU, 0.002s wall-clock]
Preparing model... [0.000s CPU, 0.001s wall-clock]
Generated 51 rules.
Computing model... [0.050s CPU, 0.050s wall-clock]
5594 relevant atoms
3649 auxiliary atoms
9243 final queue length
19899 total queue pushes
Completing instantiation... [0.140s CPU, 0.137s wall-clock]
Instantiating: [0.200s CPU, 0.192s wall-clock]
Computing fact groups...
Finding invariants...
5 initial candidates
Finding invariants: [0.010s CPU, 0.014s wall-clock]
Checking invariant weight... [0.000s CPU, 0.000s wall-clock]
Instantiating groups... [0.000s CPU, 0.001s wall-clock]
Collecting mutex groups... [0.000s CPU, 0.000s wall-clock]
Choosing groups...
12 uncovered facts
Choosing groups: [0.000s CPU, 0.000s wall-clock]
Building translation key... [0.000s CPU, 0.000s wall-clock]
Computing fact groups: [0.010s CPU, 0.016s wall-clock]
Building STRIPS to SAS dictionary... [0.000s CPU, 0.000s wall-clock]
Building dictionary for full mutex groups... [0.000s CPU, 0.000s wall-clock]
Building mutex information...
Building mutex information: [0.000s CPU, 0.000s wall-clock]
Translating task...
Processing axioms...
Simplifying axioms... [0.000s CPU, 0.000s wall-clock]
Translator axioms removed by simplifying: 0
Computing negative axioms... [0.000s CPU, 0.000s wall-clock]
Processing axioms: [0.010s CPU, 0.006s wall-clock]
Translating task: [0.130s CPU, 0.122s wall-clock]
0 effect conditions simplified
0 implied preconditions added
Detecting unreachable propositions...
0 operators removed
0 axioms removed
12 propositions removed
Detecting unreachable propositions: [0.050s CPU, 0.055s wall-clock]
Reordering and filtering variables...
24 of 24 variables necessary.
12 of 24 mutex groups necessary.
4884 of 4884 operators necessary.
0 of 0 axiom rules necessary.
Reordering and filtering variables: [0.020s CPU, 0.015s wall-clock]
Translator variables: 24
Translator derived variables: 0
Translator facts: 168
Translator goal facts: 24
Translator mutex groups: 12
Translator total mutex groups size: 144
Translator operators: 4884
Translator axioms: 0
Translator task size: 24912
Translator peak memory: 50696 KB
Writing output... [0.020s CPU, 0.019s wall-clock]
Done! [0.430s CPU, 0.429s wall-clock]
translate exit code: 0

INFO     Running search (release).
INFO     search stdin: output.sas
INFO     search time limit: 599s
INFO     search memory limit: 3584 MB
INFO     search command line string: /usr/local/downward-projects/downward/experiments/assign3/data/assign3-anytime_exp/code-1fb14623350588fb782db39ad332c8a25eda53d6_e5e41175/builds/release/bin/downward --evaluator 'h=lmcut()' --search 'eager_anytime(single(sum([weight(h, 2, verbosity=normal), g()])), 
        reopen_closed=true, f_eval=sum([h, g()]))' --internal-plan-file sas_plan < output.sas
[t=0.00155565s, 10884 KB] reading input...
[t=0.0134564s, 12260 KB] done reading input!
[t=0.0174335s, 13720 KB] Initializing landmark cut heuristic...
[t=0.0214508s, 13720 KB] Building successor generator...done!
[t=0.023179s, 14340 KB] peak memory difference for successor generator creation: 620 KB
[t=0.0232385s, 14340 KB] time for successor generation creation: 0s
[t=0.0232641s, 14340 KB] Variables: 24
[t=0.0232924s, 14340 KB] FactPairs: 168
[t=0.0233158s, 14340 KB] Bytes per state: 8
[t=0.023339s, 14340 KB] Conducting best first anytime search with reopening closed nodes, (real) bound = 2147483647
[t=0.0233865s, 14340 KB] New best heuristic value for lmcut(): 37
[t=0.0241479s, 14340 KB] g=0, 1 evaluated, 0 expanded
[t=0.0241761s, 14340 KB] Initial heuristic value for lmcut(): 37
[t=0.0242032s, 14340 KB] Start Timestep: 1681986414278 millisecond(s).
[t=0.0242468s, 14340 KB] New best heuristic value for lmcut(): 34
[t=0.0249258s, 14340 KB] g=3, 2 evaluated, 1 expanded
[t=0.0532309s, 14340 KB] New best heuristic value for lmcut(): 31
[t=0.0570736s, 14340 KB] g=6, 44 evaluated, 2 expanded
[t=0.252902s, 14340 KB] New best heuristic value for lmcut(): 29
[t=0.253086s, 14340 KB] g=10, 312 evaluated, 9 expanded
[t=0.551443s, 14340 KB] New best heuristic value for lmcut(): 26
[t=0.554407s, 14340 KB] g=15, 725 evaluated, 22 expanded
[t=0.627136s, 14340 KB] New best heuristic value for lmcut(): 25
[t=0.627446s, 14340 KB] g=17, 830 evaluated, 25 expanded
[t=1.89286s, 14340 KB] New best heuristic value for lmcut(): 23
[t=1.89692s, 14340 KB] g=19, 2637 evaluated, 88 expanded
[t=1.96066s, 14340 KB] New best heuristic value for lmcut(): 22
[t=1.96393s, 14340 KB] g=21, 2740 evaluated, 91 expanded
[t=5.83961s, 14504 KB] New best heuristic value for lmcut(): 20
[t=5.84191s, 14504 KB] g=26, 8509 evaluated, 308 expanded
[t=5.86354s, 14504 KB] New best heuristic value for lmcut(): 18
[t=5.86433s, 14504 KB] g=29, 8545 evaluated, 309 expanded
[t=5.88348s, 14504 KB] New best heuristic value for lmcut(): 17
[t=5.88686s, 14504 KB] g=30, 8583 evaluated, 310 expanded
[t=5.9473s, 14504 KB] New best heuristic value for lmcut(): 16
[t=5.95049s, 14504 KB] g=33, 8694 evaluated, 313 expanded
[t=6.66132s, 14504 KB] New best heuristic value for lmcut(): 15
[t=6.66157s, 14504 KB] g=34, 9878 evaluated, 353 expanded
[t=6.6616s, 14504 KB] New best heuristic value for lmcut(): 14
[t=6.66443s, 14504 KB] g=36, 9883 evaluated, 353 expanded
[t=7.18783s, 14504 KB] New best heuristic value for lmcut(): 12
[t=7.19008s, 14504 KB] g=37, 10836 evaluated, 383 expanded
[t=7.19177s, 14504 KB] New best heuristic value for lmcut(): 11
[t=7.19427s, 14504 KB] g=38, 10844 evaluated, 384 expanded
[t=8.84357s, 14636 KB] New best heuristic value for lmcut(): 8
[t=8.84382s, 14636 KB] g=42, 14197 evaluated, 498 expanded
[t=32.0683s, 17280 KB] New best heuristic value for lmcut(): 5
[t=32.0685s, 17280 KB] g=48, 66195 evaluated, 2666 expanded
[t=66.4973s, 21148 KB] New best heuristic value for lmcut(): 4
[t=66.4991s, 21148 KB] g=52, 158781 evaluated, 7041 expanded
[t=66.5013s, 21148 KB] New best heuristic value for lmcut(): 1
[t=66.5025s, 21148 KB] g=55, 158793 evaluated, 7042 expanded
[t=66.5132s, 21148 KB] New best heuristic value for lmcut(): 0
[t=66.5162s, 21148 KB] g=56, 158855 evaluated, 7043 expanded
[t=66.5172s, 21148 KB] Solution found!
analyze-2 seg-in-1 seg-out-1 car-in-1 car-out-1 (3)
analyze-2 seg-in-1 seg-out-1 car-out-1 car-in-1 (3)
rotate-2 seg-in-1 seg-out-2 car-in-1 car-out-2 (1)
analyze-2 seg-in-1 seg-out-1 car-out-2 car-out-1 (3)
rotate-2 seg-in-2 seg-out-2 car-in-2 car-in-1 (1)
rotate-2 seg-in-1 seg-out-3 car-out-1 car-out-3 (1)
analyze-2 seg-in-1 seg-out-1 car-out-3 car-out-2 (3)
rotate-2 seg-in-1 seg-out-2 car-out-2 car-in-2 (1)
analyze-2 seg-in-1 seg-out-1 car-in-2 car-out-3 (3)
rotate-2 seg-in-2 seg-out-1 car-in-1 car-in-2 (1)
rotate-2 seg-in-4 seg-out-1 car-in-4 car-in-1 (1)
rotate-2 seg-in-3 seg-out-3 car-in-3 car-out-1 (1)
rotate-2 seg-in-1 seg-out-3 car-out-3 car-in-3 (1)
analyze-2 seg-in-1 seg-out-1 car-in-3 car-in-4 (3)
analyze-2 seg-in-1 seg-out-1 car-in-4 car-in-3 (3)
rotate-2 seg-in-1 seg-out-4 car-in-3 car-out-4 (1)
analyze-2 seg-in-1 seg-out-1 car-out-4 car-in-4 (3)
rotate-2 seg-in-1 seg-out-5 car-in-4 car-out-5 (1)
analyze-2 seg-in-1 seg-out-1 car-out-5 car-out-4 (3)
rotate-2 seg-in-1 seg-out-4 car-out-4 car-in-3 (1)
rotate-2 seg-in-1 seg-out-6 car-in-3 car-out-6 (1)
analyze-2 seg-in-1 seg-out-1 car-out-6 car-out-5 (3)
rotate-2 seg-in-4 seg-out-5 car-in-1 car-in-4 (1)
rotate-2 seg-in-5 seg-out-5 car-in-5 car-in-1 (1)
rotate-2 seg-in-1 seg-out-5 car-out-5 car-in-5 (1)
analyze-2 seg-in-1 seg-out-1 car-in-5 car-out-6 (3)
rotate-2 seg-in-3 seg-out-6 car-out-1 car-in-3 (1)
rotate-2 seg-in-5 seg-out-1 car-in-1 car-in-5 (1)
rotate-2 seg-in-6 seg-out-6 car-in-6 car-out-1 (1)
rotate-2 seg-in-1 seg-out-6 car-out-6 car-in-6 (1)
analyze-2 seg-in-1 seg-out-1 car-in-6 car-in-1 (3)
rotate-2 seg-in-6 seg-out-1 car-out-1 car-in-6 (1)
[t=66.5177s, 21148 KB] Plan length: 32 step(s).
[t=66.5177s, 21148 KB] Plan cost: 56
[t=66.5177s, 21148 KB] Solution: Incumbent solution found!
[t=66.5178s, 21148 KB] Solution Timestep: 1681986481248 millisecond(s).
[t=66.5178s, 21148 KB] Timestamp: 1681986481248 millisecond(s).
[t=66.5178s, 21148 KB] Expanded 7044 state(s).
[t=66.5178s, 21148 KB] Reopened 0 state(s).
[t=66.5179s, 21148 KB] Evaluated 158860 state(s).
[t=66.5179s, 21148 KB] Evaluations: 158860
[t=66.5179s, 21148 KB] Generated 260591 state(s).
[t=66.5179s, 21148 KB] Dead ends: 0 state(s).
[t=66.518s, 21148 KB] Number of registered states: 158860
[t=66.518s, 21148 KB] Int hash set load factor: 158860/262144 = 0.606003
[t=66.518s, 21148 KB] Int hash set resizes: 18
Peak memory: 72572 KB
caught signal 24 -- exiting
Time limit has been reached.
Remove intermediate file output.sas
search exit code: 23

Driver aborting after search
INFO     Planner time: 598.07s
