INFO     planner time limit: 900s
INFO     planner memory limit: 3584 MB

INFO     Running translator.
INFO     translator stdin: None
INFO     translator time limit: 899s
INFO     translator memory limit: 3584 MB
INFO     translator command line string: /usr/local/downward-projects/downward/experiments/.venv/bin/python3 /usr/local/downward-projects/downward/experiments/src/thesis/data/thesis-thesis_exp/code-f7a4f68fd467cf7cff4d3dfcfdfcfa2023e44324_e5e41175/builds/release/bin/translate/translate.py domain.pddl problem.pddl --sas-file output.sas
Parsing...
Parsing: [0.030s CPU, 0.026s wall-clock]
Normalizing task... [0.000s CPU, 0.001s wall-clock]
Instantiating...
Generating Datalog program... [0.010s CPU, 0.009s wall-clock]
Normalizing Datalog program...
Normalizing Datalog program: [0.000s CPU, 0.002s wall-clock]
Preparing model... [0.040s CPU, 0.042s wall-clock]
Generated 18 rules.
Computing model... [0.150s CPU, 0.153s wall-clock]
20366 relevant atoms
13303 auxiliary atoms
33669 final queue length
45990 total queue pushes
Completing instantiation... [0.220s CPU, 0.232s wall-clock]
Instantiating: [0.440s CPU, 0.446s wall-clock]
Computing fact groups...
Finding invariants...
6 initial candidates
Finding invariants: [0.000s CPU, 0.002s wall-clock]
Checking invariant weight... [0.000s CPU, 0.002s wall-clock]
Instantiating groups... [0.000s CPU, 0.000s wall-clock]
Collecting mutex groups... [0.000s CPU, 0.000s wall-clock]
Choosing groups...
282 uncovered facts
Choosing groups: [0.000s CPU, 0.000s wall-clock]
Building translation key... [0.010s CPU, 0.001s wall-clock]
Computing fact groups: [0.010s CPU, 0.007s wall-clock]
Building STRIPS to SAS dictionary... [0.000s CPU, 0.000s wall-clock]
Building dictionary for full mutex groups... [0.000s CPU, 0.000s wall-clock]
Building mutex information...
Building mutex information: [0.000s CPU, 0.001s wall-clock]
Translating task...
Processing axioms...
Simplifying axioms... [0.000s CPU, 0.000s wall-clock]
Translator axioms removed by simplifying: 0
Computing negative axioms... [0.000s CPU, 0.000s wall-clock]
Processing axioms: [0.010s CPU, 0.012s wall-clock]
Translating task: [0.200s CPU, 0.204s wall-clock]
141 effect conditions simplified
0 implied preconditions added
Detecting unreachable propositions...
0 operators removed
0 axioms removed
1 propositions removed
Detecting unreachable propositions: [0.150s CPU, 0.154s wall-clock]
Reordering and filtering variables...
283 of 283 variables necessary.
0 of 1 mutex groups necessary.
12714 of 12714 operators necessary.
0 of 0 axiom rules necessary.
Reordering and filtering variables: [0.020s CPU, 0.021s wall-clock]
Translator variables: 283
Translator derived variables: 0
Translator facts: 676
Translator goal facts: 141
Translator mutex groups: 0
Translator total mutex groups size: 0
Translator operators: 12714
Translator axioms: 0
Translator task size: 39524
Translator peak memory: 65560 KB
Writing output... [0.030s CPU, 0.039s wall-clock]
Done! [0.900s CPU, 0.913s wall-clock]
translate exit code: 0

INFO     Running search (release).
INFO     search stdin: output.sas
INFO     search time limit: 899s
INFO     search memory limit: 3584 MB
INFO     search command line string: /usr/local/downward-projects/downward/experiments/src/thesis/data/thesis-thesis_exp/code-f7a4f68fd467cf7cff4d3dfcfdfcfa2023e44324_e5e41175/builds/release/bin/downward --evaluator 'h=ff()' --search 'eager(alt([lwm_based_type(h), single(h)]))' --internal-plan-file sas_plan < output.sas
[t=0.000942293s, 11000 KB] reading input...
[t=0.0240437s, 13240 KB] done reading input!
[t=0.0271803s, 13988 KB] Simplifying 12855 unary operators... done! [12855 unary operators]
[t=0.031678s, 15124 KB] time to simplify: 0.00449768s
[t=0.0319737s, 15124 KB] Initializing additive heuristic...
[t=0.0321138s, 15124 KB] Initializing FF heuristic...
[t=0.0321393s, 15124 KB] Building successor generator...done!
[t=0.0334998s, 15124 KB] peak memory difference for successor generator creation: 0 KB
[t=0.0335577s, 15124 KB] time for successor generation creation: 0.0011796s
[t=0.0335823s, 15124 KB] Variables: 283
[t=0.0336635s, 15124 KB] FactPairs: 676
[t=0.0336864s, 15124 KB] Bytes per state: 40
[t=0.0337091s, 15124 KB] Conducting best first search without reopening closed nodes, (real) bound = 2147483647
[t=0.0337631s, 15124 KB] New best heuristic value for ff(): 384
[t=0.0338973s, 15124 KB] g=0, 1 evaluated, 0 expanded
[t=0.0339296s, 15124 KB] Initial heuristic value for ff(): 384
[t=0.0339578s, 15124 KB] pruning method: none
[t=0.0339807s, 15124 KB] Start Timestep: 1684333083257 millisecond(s).
[t=0.034023s, 15124 KB] New best heuristic value for ff(): 383
[t=0.0341545s, 15124 KB] g=1, 2 evaluated, 1 expanded
[t=0.0433735s, 15124 KB] New best heuristic value for ff(): 382
[t=0.0435495s, 15124 KB] g=2, 116 evaluated, 2 expanded
[t=0.0521401s, 15124 KB] New best heuristic value for ff(): 381
[t=0.0528752s, 15124 KB] g=3, 229 evaluated, 4 expanded
[t=0.0710895s, 15124 KB] New best heuristic value for ff(): 380
[t=0.0711618s, 15124 KB] g=5, 452 evaluated, 8 expanded
[t=0.0711905s, 15124 KB] New best heuristic value for ff(): 379
[t=0.0717442s, 15124 KB] g=6, 458 evaluated, 10 expanded
[t=0.080404s, 15124 KB] New best heuristic value for ff(): 378
[t=0.0810891s, 15124 KB] g=7, 571 evaluated, 12 expanded
[t=0.0992583s, 15124 KB] New best heuristic value for ff(): 377
[t=0.0997132s, 15124 KB] g=9, 797 evaluated, 20 expanded
[t=0.099743s, 15124 KB] New best heuristic value for ff(): 376
[t=0.0998992s, 15124 KB] g=10, 798 evaluated, 22 expanded
[t=0.108665s, 15124 KB] New best heuristic value for ff(): 375
[t=0.109501s, 15124 KB] g=11, 913 evaluated, 29 expanded
[t=0.119136s, 15124 KB] New best heuristic value for ff(): 374
[t=0.119468s, 15124 KB] g=13, 1031 evaluated, 37 expanded
[t=0.119498s, 15124 KB] New best heuristic value for ff(): 373
[t=0.119895s, 15124 KB] g=14, 1035 evaluated, 39 expanded
[t=0.128501s, 15124 KB] New best heuristic value for ff(): 372
[t=0.129154s, 15124 KB] g=15, 1147 evaluated, 41 expanded
[t=0.147291s, 15124 KB] New best heuristic value for ff(): 371
[t=0.148083s, 15124 KB] g=16, 1376 evaluated, 49 expanded
[t=0.156722s, 15124 KB] New best heuristic value for ff(): 370
[t=0.157779s, 15124 KB] g=18, 1491 evaluated, 61 expanded
[t=0.167166s, 15124 KB] New best heuristic value for ff(): 369
[t=0.167707s, 15124 KB] g=20, 1610 evaluated, 71 expanded
[t=0.167736s, 15124 KB] New best heuristic value for ff(): 368
[t=0.168148s, 15124 KB] g=21, 1614 evaluated, 73 expanded
[t=0.175515s, 15124 KB] New best heuristic value for ff(): 367
[t=0.177593s, 15124 KB] g=22, 1728 evaluated, 75 expanded
[t=0.197212s, 15124 KB] New best heuristic value for ff(): 366
[t=0.197821s, 15124 KB] g=23, 1952 evaluated, 77 expanded
[t=0.206553s, 15124 KB] New best heuristic value for ff(): 365
[t=0.207607s, 15124 KB] g=25, 2067 evaluated, 89 expanded
[t=0.217035s, 15124 KB] New best heuristic value for ff(): 364
[t=0.21804s, 15124 KB] g=27, 2188 evaluated, 103 expanded
[t=0.227512s, 15124 KB] New best heuristic value for ff(): 363
[t=0.228285s, 15124 KB] g=29, 2308 evaluated, 115 expanded
[t=0.236938s, 15124 KB] New best heuristic value for ff(): 362
[t=0.23785s, 15124 KB] g=30, 2423 evaluated, 117 expanded
[t=0.238058s, 15124 KB] New best heuristic value for ff(): 361
[t=0.23813s, 15124 KB] g=31, 2425 evaluated, 119 expanded
[t=0.2474s, 15124 KB] New best heuristic value for ff(): 360
[t=0.247904s, 15124 KB] g=32, 2542 evaluated, 132 expanded
[t=0.247933s, 15124 KB] New best heuristic value for ff(): 359
[t=0.248434s, 15124 KB] g=33, 2547 evaluated, 134 expanded
[t=0.25681s, 15124 KB] New best heuristic value for ff(): 358
[t=0.257774s, 15124 KB] g=34, 2661 evaluated, 136 expanded
[t=0.275672s, 15124 KB] New best heuristic value for ff(): 357
[t=0.27611s, 15124 KB] g=35, 2886 evaluated, 138 expanded
[t=0.286154s, 15124 KB] New best heuristic value for ff(): 356
[t=0.286833s, 15124 KB] g=37, 3014 evaluated, 156 expanded
[t=0.286863s, 15124 KB] New best heuristic value for ff(): 355
[t=0.287082s, 15124 KB] g=38, 3016 evaluated, 157 expanded
[t=0.295533s, 15124 KB] New best heuristic value for ff(): 354
[t=0.296293s, 15124 KB] g=39, 3128 evaluated, 159 expanded
[t=0.305957s, 15124 KB] New best heuristic value for ff(): 353
[t=0.306551s, 15124 KB] g=40, 3251 evaluated, 171 expanded
[t=0.306978s, 15124 KB] New best heuristic value for ff(): 352
[t=0.307327s, 15124 KB] g=41, 3259 evaluated, 173 expanded
[t=0.316415s, 15124 KB] New best heuristic value for ff(): 351
[t=0.31674s, 15124 KB] g=42, 3374 evaluated, 175 expanded
[t=0.32585s, 15124 KB] New best heuristic value for ff(): 350
[t=0.326336s, 15124 KB] g=43, 3491 evaluated, 177 expanded
[t=0.343657s, 15124 KB] New best heuristic value for ff(): 349
[t=0.344592s, 15124 KB] g=44, 3715 evaluated, 179 expanded
[t=0.344778s, 15124 KB] New best heuristic value for ff(): 348
[t=0.345175s, 15124 KB] g=45, 3718 evaluated, 181 expanded
[t=0.355171s, 15124 KB] New best heuristic value for ff(): 347
[t=0.355521s, 15124 KB] g=46, 3841 evaluated, 199 expanded
[t=0.355551s, 15124 KB] New best heuristic value for ff(): 346
[t=0.355884s, 15124 KB] g=47, 3844 evaluated, 201 expanded
[t=0.365603s, 15124 KB] New best heuristic value for ff(): 345
[t=0.366689s, 15124 KB] g=48, 3973 evaluated, 217 expanded
[t=0.366717s, 15124 KB] New best heuristic value for ff(): 344
[t=0.367188s, 15124 KB] g=49, 3978 evaluated, 219 expanded
[t=0.37639s, 15124 KB] New best heuristic value for ff(): 343
[t=0.376778s, 15124 KB] g=50, 4094 evaluated, 227 expanded
[t=0.377088s, 15124 KB] New best heuristic value for ff(): 342
[t=0.377142s, 15124 KB] g=51, 4097 evaluated, 229 expanded
[t=0.385478s, 15124 KB] New best heuristic value for ff(): 341
[t=0.386288s, 15124 KB] g=52, 4209 evaluated, 231 expanded
[t=0.405388s, 15124 KB] New best heuristic value for ff(): 340
[t=0.405686s, 15124 KB] g=53, 4444 evaluated, 249 expanded
[t=0.414824s, 15124 KB] New best heuristic value for ff(): 339
[t=0.415572s, 15124 KB] g=55, 4562 evaluated, 265 expanded
[t=0.434776s, 15124 KB] New best heuristic value for ff(): 338
[t=0.435666s, 15124 KB] g=57, 4805 evaluated, 285 expanded
[t=0.435757s, 15124 KB] New best heuristic value for ff(): 337
[t=0.43596s, 15124 KB] g=58, 4807 evaluated, 287 expanded
[t=0.445193s, 15124 KB] New best heuristic value for ff(): 336
[t=0.445264s, 15124 KB] g=59, 4921 evaluated, 289 expanded
[t=0.453578s, 15124 KB] New best heuristic value for ff(): 335
[t=0.454462s, 15124 KB] g=60, 5033 evaluated, 294 expanded
[t=0.454599s, 15124 KB] New best heuristic value for ff(): 334
[t=0.454641s, 15124 KB] g=61, 5034 evaluated, 295 expanded
[t=0.472419s, 15124 KB] New best heuristic value for ff(): 333
[t=0.473133s, 15124 KB] g=62, 5260 evaluated, 305 expanded
[t=0.47344s, 15124 KB] New best heuristic value for ff(): 332
[t=0.473493s, 15124 KB] g=63, 5263 evaluated, 307 expanded
[t=0.500727s, 15124 KB] New best heuristic value for ff(): 331
[t=0.501546s, 15124 KB] g=65, 5606 evaluated, 322 expanded
[t=0.501746s, 15124 KB] New best heuristic value for ff(): 330
[t=0.501809s, 15124 KB] g=66, 5608 evaluated, 324 expanded
[t=0.520614s, 15124 KB] New best heuristic value for ff(): 329
[t=0.52101s, 15124 KB] g=67, 5842 evaluated, 336 expanded
[t=0.52104s, 15124 KB] New best heuristic value for ff(): 328
[t=0.521444s, 15124 KB] g=68, 5846 evaluated, 338 expanded
[t=0.5307s, 15124 KB] New best heuristic value for ff(): 327
[t=0.530772s, 15124 KB] g=69, 5961 evaluated, 340 expanded
[t=0.548893s, 15124 KB] New best heuristic value for ff(): 326
[t=0.549149s, 15124 KB] g=70, 6188 evaluated, 342 expanded
[t=0.567768s, 15124 KB] New best heuristic value for ff(): 325
[t=0.568496s, 15124 KB] g=71, 6423 evaluated, 356 expanded
[t=0.57928s, 15124 KB] New best heuristic value for ff(): 324
[t=0.579403s, 15124 KB] g=73, 6553 evaluated, 378 expanded
[t=0.606593s, 15124 KB] New best heuristic value for ff(): 323
[t=0.607597s, 15124 KB] g=75, 6899 evaluated, 399 expanded
[t=0.607633s, 15124 KB] New best heuristic value for ff(): 322
[t=0.608203s, 15124 KB] g=76, 6905 evaluated, 401 expanded
[t=0.616937s, 15124 KB] New best heuristic value for ff(): 321
[t=0.617506s, 15124 KB] g=77, 7020 evaluated, 403 expanded
[t=0.626373s, 15124 KB] New best heuristic value for ff(): 320
[t=0.626684s, 15124 KB] g=78, 7133 evaluated, 405 expanded
[t=0.646328s, 15124 KB] New best heuristic value for ff(): 319
[t=0.646511s, 15124 KB] g=79, 7374 evaluated, 425 expanded
[t=0.64654s, 15124 KB] New best heuristic value for ff(): 318
[t=0.646942s, 15124 KB] g=80, 7378 evaluated, 427 expanded
[t=0.655699s, 15124 KB] New best heuristic value for ff(): 317
[t=0.656077s, 15124 KB] g=81, 7491 evaluated, 429 expanded
[t=0.684057s, 15124 KB] New best heuristic value for ff(): 316
[t=0.684292s, 15124 KB] g=82, 7832 evaluated, 447 expanded
[t=0.693454s, 15124 KB] New best heuristic value for ff(): 315
[t=0.694086s, 15124 KB] g=84, 7951 evaluated, 461 expanded
[t=0.694117s, 15124 KB] New best heuristic value for ff(): 314
[t=0.694353s, 15124 KB] g=85, 7953 evaluated, 463 expanded
[t=0.702865s, 15124 KB] New best heuristic value for ff(): 313
[t=0.703473s, 15124 KB] g=86, 8066 evaluated, 465 expanded
[t=0.713344s, 15124 KB] New best heuristic value for ff(): 312
[t=0.713471s, 15124 KB] g=87, 8186 evaluated, 484 expanded
[t=0.722743s, 15124 KB] New best heuristic value for ff(): 311
[t=0.723655s, 15124 KB] g=89, 8309 evaluated, 502 expanded
[t=0.723766s, 15124 KB] New best heuristic value for ff(): 310
[t=0.723918s, 15124 KB] g=90, 8311 evaluated, 504 expanded
[t=0.733208s, 15124 KB] New best heuristic value for ff(): 309
[t=0.73367s, 15124 KB] g=91, 8430 evaluated, 516 expanded
[t=0.753157s, 15124 KB] New best heuristic value for ff(): 308
[t=0.753924s, 15124 KB] g=93, 8673 evaluated, 546 expanded
[t=0.764692s, 15124 KB] New best heuristic value for ff(): 307
[t=0.765449s, 15124 KB] g=95, 8810 evaluated, 576 expanded
[t=0.784644s, 15124 KB] New best heuristic value for ff(): 306
[t=0.785194s, 15124 KB] g=97, 9050 evaluated, 603 expanded
[t=0.785223s, 15124 KB] New best heuristic value for ff(): 305
[t=0.785566s, 15124 KB] g=98, 9053 evaluated, 605 expanded
[t=0.794051s, 15124 KB] New best heuristic value for ff(): 304
[t=0.79462s, 15124 KB] g=99, 9166 evaluated, 607 expanded
[t=0.823577s, 15124 KB] New best heuristic value for ff(): 303
[t=0.823954s, 15124 KB] g=100, 9522 evaluated, 644 expanded
[t=0.832906s, 15124 KB] New best heuristic value for ff(): 302
[t=0.833019s, 15124 KB] g=101, 9635 evaluated, 646 expanded
[t=0.833049s, 15124 KB] New best heuristic value for ff(): 301
[t=0.833276s, 15124 KB] g=102, 9637 evaluated, 648 expanded
[t=0.844404s, 15124 KB] New best heuristic value for ff(): 300
[t=0.844675s, 15124 KB] g=103, 9773 evaluated, 679 expanded
[t=0.853838s, 15124 KB] New best heuristic value for ff(): 299
[t=0.854275s, 15124 KB] g=105, 9891 evaluated, 688 expanded
[t=0.874841s, 15124 KB] New best heuristic value for ff(): 298
[t=0.87493s, 15124 KB] g=107, 10142 evaluated, 713 expanded
[t=0.885282s, 15124 KB] New best heuristic value for ff(): 297
[t=0.886348s, 15124 KB] g=109, 10277 evaluated, 750 expanded
[t=0.886378s, 15124 KB] New best heuristic value for ff(): 296
[t=0.886873s, 15124 KB] g=110, 10282 evaluated, 752 expanded
[t=0.895742s, 15124 KB] New best heuristic value for ff(): 295
[t=0.895892s, 15124 KB] g=111, 10395 evaluated, 754 expanded
[t=0.917676s, 15124 KB] New best heuristic value for ff(): 294
[t=0.918223s, 15124 KB] g=113, 10666 evaluated, 800 expanded
[t=0.918253s, 15124 KB] New best heuristic value for ff(): 293
[t=0.918422s, 15124 KB] g=114, 10667 evaluated, 802 expanded
[t=0.927085s, 15124 KB] New best heuristic value for ff(): 292
[t=0.927642s, 15124 KB] g=115, 10782 evaluated, 806 expanded
[t=0.92767s, 15124 KB] New best heuristic value for ff(): 291
[t=0.927903s, 15124 KB] g=116, 10784 evaluated, 808 expanded
[t=0.948066s, 15124 KB] New best heuristic value for ff(): 290
[t=0.948981s, 15124 KB] g=117, 11037 evaluated, 852 expanded
[t=0.949079s, 15124 KB] New best heuristic value for ff(): 289
[t=0.94943s, 15124 KB] g=118, 11041 evaluated, 854 expanded
[t=0.957993s, 15124 KB] New best heuristic value for ff(): 288
[t=0.95849s, 15124 KB] g=119, 11155 evaluated, 856 expanded
[t=0.966789s, 15124 KB] New best heuristic value for ff(): 287
[t=0.967594s, 15124 KB] g=120, 11269 evaluated, 858 expanded
[t=0.984594s, 15124 KB] New best heuristic value for ff(): 286
[t=0.985353s, 15124 KB] g=122, 11493 evaluated, 863 expanded
[t=0.993983s, 15124 KB] New best heuristic value for ff(): 285
[t=0.994376s, 15124 KB] g=123, 11606 evaluated, 864 expanded
[t=0.994405s, 15124 KB] New best heuristic value for ff(): 284
[t=0.994626s, 15124 KB] g=124, 11608 evaluated, 866 expanded
[t=1.00339s, 15124 KB] New best heuristic value for ff(): 283
[t=1.00391s, 15124 KB] g=125, 11723 evaluated, 872 expanded
[t=1.01326s, 15124 KB] New best heuristic value for ff(): 282
[t=1.01334s, 15124 KB] g=127, 11839 evaluated, 885 expanded
[t=1.01337s, 15124 KB] New best heuristic value for ff(): 281
[t=1.01349s, 15124 KB] g=128, 11840 evaluated, 886 expanded
[t=1.02325s, 15256 KB] New best heuristic value for ff(): 280
[t=1.02356s, 15256 KB] g=129, 11963 evaluated, 906 expanded
[t=1.02359s, 15256 KB] New best heuristic value for ff(): 279
[t=1.02397s, 15256 KB] g=130, 11967 evaluated, 907 expanded
[t=1.04107s, 15256 KB] New best heuristic value for ff(): 278
[t=1.04213s, 15256 KB] g=131, 12196 evaluated, 909 expanded
[t=1.05047s, 15256 KB] New best heuristic value for ff(): 277
[t=1.05124s, 15256 KB] g=132, 12310 evaluated, 911 expanded
[t=1.06091s, 15256 KB] New best heuristic value for ff(): 276
[t=1.06193s, 15256 KB] g=134, 12440 evaluated, 934 expanded
[t=1.07139s, 15256 KB] New best heuristic value for ff(): 275
[t=1.07175s, 15256 KB] g=136, 12560 evaluated, 950 expanded
[t=1.07178s, 15256 KB] New best heuristic value for ff(): 274
[t=1.07218s, 15256 KB] g=137, 12564 evaluated, 951 expanded
[t=1.08042s, 15256 KB] New best heuristic value for ff(): 273
[t=1.08148s, 15256 KB] g=138, 12680 evaluated, 953 expanded
[t=1.09826s, 15256 KB] New best heuristic value for ff(): 272
[t=1.09919s, 15256 KB] g=139, 12904 evaluated, 955 expanded
[t=1.09928s, 15256 KB] New best heuristic value for ff(): 271
[t=1.09947s, 15256 KB] g=140, 12906 evaluated, 957 expanded
[t=1.11713s, 15388 KB] New best heuristic value for ff(): 270
[t=1.11741s, 15388 KB] g=141, 13132 evaluated, 963 expanded
[t=1.17118s, 15512 KB] New best heuristic value for ff(): 269
[t=1.17127s, 15512 KB] g=143, 13812 evaluated, 981 expanded
[t=1.1713s, 15512 KB] New best heuristic value for ff(): 268
[t=1.17168s, 15512 KB] g=144, 13816 evaluated, 983 expanded
[t=1.18115s, 15512 KB] New best heuristic value for ff(): 267
[t=1.1817s, 15512 KB] g=145, 13938 evaluated, 1000 expanded
[t=1.18173s, 15512 KB] New best heuristic value for ff(): 266
[t=1.18204s, 15512 KB] g=146, 13941 evaluated, 1001 expanded
[t=1.19088s, 15512 KB] New best heuristic value for ff(): 265
[t=1.19099s, 15512 KB] g=147, 14054 evaluated, 1003 expanded
[t=1.2s, 15512 KB] New best heuristic value for ff(): 264
[t=1.20011s, 15512 KB] g=148, 14167 evaluated, 1005 expanded
[t=1.20942s, 15512 KB] New best heuristic value for ff(): 263
[t=1.20956s, 15512 KB] g=149, 14283 evaluated, 1013 expanded
[t=1.23778s, 15644 KB] New best heuristic value for ff(): 262
[t=1.23841s, 15644 KB] g=151, 14640 evaluated, 1039 expanded
[t=1.23844s, 15644 KB] New best heuristic value for ff(): 261
[t=1.23869s, 15644 KB] g=152, 14642 evaluated, 1041 expanded
[t=1.25768s, 15644 KB] New best heuristic value for ff(): 260
[t=1.25806s, 15644 KB] g=153, 14881 evaluated, 1062 expanded
[t=1.26707s, 15644 KB] New best heuristic value for ff(): 259
[t=1.26737s, 15644 KB] g=155, 14997 evaluated, 1069 expanded
[t=1.27544s, 15644 KB] New best heuristic value for ff(): 258
[t=1.27635s, 15644 KB] g=156, 15110 evaluated, 1070 expanded
[t=1.28505s, 15644 KB] New best heuristic value for ff(): 257
[t=1.28548s, 15644 KB] g=158, 15224 evaluated, 1075 expanded
[t=1.28555s, 15644 KB] New best heuristic value for ff(): 256
[t=1.28564s, 15644 KB] g=159, 15225 evaluated, 1076 expanded
[t=1.29619s, 15904 KB] New best heuristic value for ff(): 255
[t=1.29712s, 15904 KB] g=160, 15351 evaluated, 1102 expanded
[t=1.3519s, 16164 KB] New best heuristic value for ff(): 254
[t=1.35276s, 16164 KB] g=162, 16049 evaluated, 1145 expanded
[t=1.35292s, 16164 KB] New best heuristic value for ff(): 253
[t=1.35337s, 16164 KB] g=163, 16055 evaluated, 1147 expanded
[t=1.37076s, 16164 KB] New best heuristic value for ff(): 252
[t=1.37094s, 16164 KB] g=164, 16280 evaluated, 1149 expanded
[t=1.37914s, 16164 KB] New best heuristic value for ff(): 251
[t=1.37992s, 16164 KB] g=165, 16394 evaluated, 1151 expanded
[t=1.37995s, 16164 KB] New best heuristic value for ff(): 250
[t=1.38009s, 16164 KB] g=166, 16395 evaluated, 1153 expanded
[t=1.40044s, 16164 KB] New best heuristic value for ff(): 249
[t=1.40088s, 16164 KB] g=167, 16651 evaluated, 1194 expanded
[t=1.40955s, 16164 KB] New best heuristic value for ff(): 248
[t=1.4101s, 16164 KB] g=168, 16766 evaluated, 1196 expanded
[t=1.44005s, 16296 KB] New best heuristic value for ff(): 247
[t=1.44058s, 16296 KB] g=170, 17143 evaluated, 1240 expanded
[t=1.44943s, 16296 KB] New best heuristic value for ff(): 246
[t=1.44949s, 16296 KB] g=171, 17256 evaluated, 1242 expanded
[t=1.44953s, 16296 KB] New best heuristic value for ff(): 245
[t=1.44984s, 16296 KB] g=172, 17259 evaluated, 1244 expanded
[t=1.46199s, 16296 KB] New best heuristic value for ff(): 244
[t=1.46226s, 16296 KB] g=173, 17407 evaluated, 1288 expanded
[t=1.46229s, 16296 KB] New best heuristic value for ff(): 243
[t=1.46269s, 16296 KB] g=174, 17411 evaluated, 1290 expanded
[t=1.4798s, 16296 KB] New best heuristic value for ff(): 242
[t=1.48023s, 16296 KB] g=175, 17636 evaluated, 1292 expanded
[t=1.48026s, 16296 KB] New best heuristic value for ff(): 241
[t=1.4804s, 16296 KB] g=176, 17637 evaluated, 1294 expanded
[t=1.4914s, 16296 KB] New best heuristic value for ff(): 240
[t=1.49197s, 16296 KB] g=177, 17777 evaluated, 1329 expanded
[t=1.51021s, 16432 KB] New best heuristic value for ff(): 239
[t=1.51043s, 16432 KB] g=180, 18014 evaluated, 1338 expanded
[t=1.52066s, 16432 KB] New best heuristic value for ff(): 238
[t=1.52149s, 16432 KB] g=182, 18149 evaluated, 1370 expanded
[t=1.52168s, 16432 KB] New best heuristic value for ff(): 237
[t=1.52201s, 16432 KB] g=183, 18154 evaluated, 1372 expanded
[t=1.53007s, 16432 KB] New best heuristic value for ff(): 236
[t=1.53102s, 16432 KB] g=184, 18269 evaluated, 1374 expanded
[t=1.54891s, 16432 KB] New best heuristic value for ff(): 235
[t=1.54935s, 16432 KB] g=186, 18502 evaluated, 1388 expanded
[t=1.55834s, 16432 KB] New best heuristic value for ff(): 234
[t=1.55859s, 16432 KB] g=188, 18619 evaluated, 1396 expanded
[t=1.58754s, 16568 KB] New best heuristic value for ff(): 233
[t=1.58786s, 16568 KB] g=190, 18985 evaluated, 1435 expanded
[t=1.58789s, 16568 KB] New best heuristic value for ff(): 232
[t=1.58803s, 16568 KB] g=191, 18986 evaluated, 1436 expanded
[t=1.61794s, 16568 KB] New best heuristic value for ff(): 231
[t=1.6181s, 16568 KB] g=192, 19361 evaluated, 1482 expanded
[t=1.61813s, 16568 KB] New best heuristic value for ff(): 230
[t=1.61835s, 16568 KB] g=193, 19363 evaluated, 1484 expanded
[t=1.66546s, 16568 KB] New best heuristic value for ff(): 229
[t=1.66581s, 16568 KB] g=194, 19961 evaluated, 1531 expanded
[t=1.67462s, 17084 KB] New best heuristic value for ff(): 228
[t=1.67522s, 17084 KB] g=195, 20078 evaluated, 1533 expanded
[t=1.683s, 17084 KB] New best heuristic value for ff(): 227
[t=1.68403s, 17084 KB] g=196, 20192 evaluated, 1535 expanded
[t=1.69314s, 17084 KB] New best heuristic value for ff(): 226
[t=1.69321s, 17084 KB] g=197, 20310 evaluated, 1537 expanded
[t=1.69324s, 17084 KB] New best heuristic value for ff(): 225
[t=1.69347s, 17084 KB] g=198, 20312 evaluated, 1539 expanded
[t=1.71292s, 17084 KB] New best heuristic value for ff(): 224
[t=1.71299s, 17084 KB] g=199, 20558 evaluated, 1570 expanded
[t=1.75959s, 17092 KB] New best heuristic value for ff(): 223
[t=1.76054s, 17092 KB] g=201, 21158 evaluated, 1619 expanded
[t=1.76061s, 17092 KB] New best heuristic value for ff(): 222
[t=1.76107s, 17092 KB] g=202, 21163 evaluated, 1621 expanded
[t=1.77841s, 17092 KB] New best heuristic value for ff(): 221
[t=1.77849s, 17092 KB] g=203, 21390 evaluated, 1623 expanded
[t=1.7868s, 17092 KB] New best heuristic value for ff(): 220
[t=1.78732s, 17092 KB] g=204, 21504 evaluated, 1625 expanded
[t=1.80037s, 17092 KB] New best heuristic value for ff(): 219
[t=1.80046s, 17092 KB] g=206, 21662 evaluated, 1669 expanded
[t=1.80049s, 17092 KB] New best heuristic value for ff(): 218
[t=1.80072s, 17092 KB] g=207, 21664 evaluated, 1671 expanded
[t=1.82134s, 17092 KB] New best heuristic value for ff(): 217
[t=1.82216s, 17092 KB] g=208, 21931 evaluated, 1709 expanded
[t=1.83077s, 17228 KB] New best heuristic value for ff(): 216
[t=1.83089s, 17228 KB] g=209, 22044 evaluated, 1711 expanded
[t=1.85387s, 17388 KB] New best heuristic value for ff(): 215
[t=1.85453s, 17388 KB] g=211, 22327 evaluated, 1761 expanded
[t=1.85456s, 17388 KB] New best heuristic value for ff(): 214
[t=1.8549s, 17388 KB] g=212, 22330 evaluated, 1763 expanded
[t=1.87169s, 17388 KB] New best heuristic value for ff(): 213
[t=1.8721s, 17388 KB] g=213, 22555 evaluated, 1765 expanded
[t=1.88428s, 17388 KB] New best heuristic value for ff(): 212
[t=1.88441s, 17388 KB] g=215, 22705 evaluated, 1804 expanded
[t=1.89582s, 17388 KB] New best heuristic value for ff(): 211
[t=1.89652s, 17388 KB] g=217, 22853 evaluated, 1841 expanded
[t=1.89655s, 17388 KB] New best heuristic value for ff(): 210
[t=1.89677s, 17388 KB] g=218, 22855 evaluated, 1843 expanded
[t=1.92662s, 17388 KB] New best heuristic value for ff(): 209
[t=1.92674s, 17388 KB] g=219, 23229 evaluated, 1887 expanded
[t=1.92677s, 17388 KB] New best heuristic value for ff(): 208
[t=1.92709s, 17388 KB] g=220, 23232 evaluated, 1889 expanded
[t=1.93561s, 17388 KB] New best heuristic value for ff(): 207
[t=1.93602s, 17388 KB] g=221, 23348 evaluated, 1891 expanded
[t=1.94505s, 17388 KB] New best heuristic value for ff(): 206
[t=1.94613s, 17388 KB] g=222, 23476 evaluated, 1907 expanded
[t=1.98385s, 17520 KB] New best heuristic value for ff(): 205
[t=1.98482s, 17520 KB] g=224, 23963 evaluated, 1951 expanded
[t=1.98487s, 17520 KB] New best heuristic value for ff(): 204
[t=1.98524s, 17520 KB] g=225, 23967 evaluated, 1953 expanded
[t=2.01428s, 17520 KB] New best heuristic value for ff(): 203
[t=2.01537s, 17520 KB] g=226, 24344 evaluated, 2000 expanded
[t=2.0154s, 17520 KB] New best heuristic value for ff(): 202
[t=2.01563s, 17520 KB] g=227, 24346 evaluated, 2002 expanded
[t=2.06153s, 17656 KB] New best heuristic value for ff(): 201
[t=2.06205s, 17656 KB] g=228, 24940 evaluated, 2047 expanded
[t=2.06991s, 17656 KB] New best heuristic value for ff(): 200
[t=2.07092s, 17656 KB] g=229, 25057 evaluated, 2049 expanded
[t=2.07934s, 17656 KB] New best heuristic value for ff(): 199
[t=2.07963s, 17656 KB] g=230, 25172 evaluated, 2051 expanded
[t=2.09193s, 17656 KB] New best heuristic value for ff(): 198
[t=2.09275s, 17656 KB] g=232, 25333 evaluated, 2098 expanded
[t=2.09296s, 17656 KB] New best heuristic value for ff(): 197
[t=2.09302s, 17656 KB] g=233, 25335 evaluated, 2100 expanded
[t=2.13078s, 17788 KB] New best heuristic value for ff(): 196
[t=2.13154s, 17788 KB] g=234, 25828 evaluated, 2143 expanded
[t=2.13916s, 17788 KB] New best heuristic value for ff(): 195
[t=2.1401s, 17788 KB] g=235, 25941 evaluated, 2145 expanded
[t=2.14965s, 17788 KB] New best heuristic value for ff(): 194
[t=2.14981s, 17788 KB] g=237, 26064 evaluated, 2168 expanded
[t=2.14984s, 17788 KB] New best heuristic value for ff(): 193
[t=2.14996s, 17788 KB] g=238, 26065 evaluated, 2169 expanded
[t=2.16222s, 17788 KB] New best heuristic value for ff(): 192
[t=2.1624s, 17788 KB] g=239, 26219 evaluated, 2209 expanded
[t=2.16243s, 17788 KB] New best heuristic value for ff(): 191
[t=2.16289s, 17788 KB] g=240, 26224 evaluated, 2211 expanded
[t=2.17056s, 17788 KB] New best heuristic value for ff(): 190
[t=2.17142s, 17788 KB] g=241, 26337 evaluated, 2213 expanded
[t=2.20835s, 17920 KB] New best heuristic value for ff(): 189
[t=2.20944s, 17920 KB] g=242, 26829 evaluated, 2254 expanded
[t=2.20947s, 17920 KB] New best heuristic value for ff(): 188
[t=2.20962s, 17920 KB] g=243, 26830 evaluated, 2256 expanded
[t=2.24824s, 17920 KB] New best heuristic value for ff(): 187
[t=2.24848s, 17920 KB] g=244, 27326 evaluated, 2302 expanded
[t=2.24851s, 17920 KB] New best heuristic value for ff(): 186
[t=2.2487s, 17920 KB] g=245, 27328 evaluated, 2303 expanded
[t=2.26922s, 17920 KB] New best heuristic value for ff(): 185
[t=2.26984s, 17920 KB] g=246, 27596 evaluated, 2342 expanded
[t=2.26987s, 17920 KB] New best heuristic value for ff(): 184
[t=2.27009s, 17920 KB] g=247, 27598 evaluated, 2343 expanded
[t=2.27758s, 18052 KB] New best heuristic value for ff(): 183
[t=2.27844s, 18052 KB] g=248, 27710 evaluated, 2345 expanded
[t=2.29647s, 18052 KB] New best heuristic value for ff(): 182
[t=2.29696s, 18052 KB] g=249, 27950 evaluated, 2367 expanded
[t=2.3353s, 18052 KB] New best heuristic value for ff(): 181
[t=2.33629s, 18052 KB] g=251, 28450 evaluated, 2412 expanded
[t=2.34367s, 18052 KB] New best heuristic value for ff(): 180
[t=2.34476s, 18052 KB] g=252, 28564 evaluated, 2414 expanded
[t=2.34479s, 18052 KB] New best heuristic value for ff(): 179
[t=2.34493s, 18052 KB] g=253, 28565 evaluated, 2416 expanded
[t=2.39197s, 19080 KB] New best heuristic value for ff(): 178
[t=2.393s, 19080 KB] g=254, 29171 evaluated, 2460 expanded
[t=2.39303s, 19080 KB] New best heuristic value for ff(): 177
[t=2.39347s, 19080 KB] g=255, 29176 evaluated, 2461 expanded
[t=2.40138s, 19080 KB] New best heuristic value for ff(): 176
[t=2.402s, 19080 KB] g=256, 29291 evaluated, 2463 expanded
[t=2.41186s, 19288 KB] New best heuristic value for ff(): 175
[t=2.41243s, 19288 KB] g=257, 29407 evaluated, 2465 expanded
[t=2.42865s, 19288 KB] New best heuristic value for ff(): 174
[t=2.42904s, 19288 KB] g=258, 29632 evaluated, 2467 expanded
[t=2.42907s, 19288 KB] New best heuristic value for ff(): 173
[t=2.4293s, 19288 KB] g=259, 29634 evaluated, 2469 expanded
[t=2.44647s, 19288 KB] New best heuristic value for ff(): 172
[t=2.44741s, 19288 KB] g=260, 29869 evaluated, 2476 expanded
[t=2.47694s, 19288 KB] New best heuristic value for ff(): 171
[t=2.47726s, 19288 KB] g=262, 30253 evaluated, 2522 expanded
[t=2.47729s, 19288 KB] New best heuristic value for ff(): 170
[t=2.47752s, 19288 KB] g=263, 30255 evaluated, 2524 expanded
[t=2.50632s, 19288 KB] New best heuristic value for ff(): 169
[t=2.50678s, 19288 KB] g=264, 30632 evaluated, 2569 expanded
[t=2.50681s, 19288 KB] New best heuristic value for ff(): 168
[t=2.50728s, 19288 KB] g=265, 30637 evaluated, 2571 expanded
[t=2.51467s, 19288 KB] New best heuristic value for ff(): 167
[t=2.5157s, 19288 KB] g=266, 30751 evaluated, 2573 expanded
[t=2.53143s, 19288 KB] New best heuristic value for ff(): 166
[t=2.53211s, 19288 KB] g=267, 30975 evaluated, 2575 expanded
[t=2.53978s, 19288 KB] New best heuristic value for ff(): 165
[t=2.54066s, 19288 KB] g=268, 31088 evaluated, 2577 expanded
[t=2.54921s, 19288 KB] New best heuristic value for ff(): 164
[t=2.54994s, 19288 KB] g=269, 31210 evaluated, 2591 expanded
[t=2.56999s, 19292 KB] New best heuristic value for ff(): 163
[t=2.5701s, 19292 KB] g=271, 31465 evaluated, 2628 expanded
[t=2.57013s, 19292 KB] New best heuristic value for ff(): 162
[t=2.57036s, 19292 KB] g=272, 31467 evaluated, 2630 expanded
[t=2.59822s, 19292 KB] New best heuristic value for ff(): 161
[t=2.59918s, 19292 KB] g=273, 31843 evaluated, 2674 expanded
[t=2.60765s, 19292 KB] New best heuristic value for ff(): 160
[t=2.60771s, 19292 KB] g=274, 31958 evaluated, 2676 expanded
[t=2.60774s, 19292 KB] New best heuristic value for ff(): 159
[t=2.60787s, 19292 KB] g=275, 31959 evaluated, 2678 expanded
[t=2.64439s, 19424 KB] New best heuristic value for ff(): 158
[t=2.64446s, 19424 KB] g=276, 32439 evaluated, 2718 expanded
[t=2.64449s, 19424 KB] New best heuristic value for ff(): 157
[t=2.64463s, 19424 KB] g=277, 32440 evaluated, 2720 expanded
[t=2.66536s, 19424 KB] New best heuristic value for ff(): 156
[t=2.66565s, 19424 KB] g=278, 32708 evaluated, 2758 expanded
[t=2.66568s, 19424 KB] New best heuristic value for ff(): 155
[t=2.66614s, 19424 KB] g=279, 32713 evaluated, 2760 expanded
[t=2.67371s, 19424 KB] New best heuristic value for ff(): 154
[t=2.67443s, 19424 KB] g=280, 32826 evaluated, 2762 expanded
[t=2.68204s, 19424 KB] New best heuristic value for ff(): 153
[t=2.68281s, 19424 KB] g=281, 32940 evaluated, 2764 expanded
[t=2.70195s, 19868 KB] New best heuristic value for ff(): 152
[t=2.70267s, 19868 KB] g=282, 33182 evaluated, 2786 expanded
[t=2.7027s, 19868 KB] New best heuristic value for ff(): 151
[t=2.703s, 19868 KB] g=283, 33185 evaluated, 2788 expanded
[t=2.71241s, 19868 KB] New best heuristic value for ff(): 150
[t=2.71304s, 19868 KB] g=284, 33317 evaluated, 2808 expanded
[t=2.74076s, 19868 KB] New best heuristic value for ff(): 149
[t=2.74108s, 19868 KB] g=286, 33682 evaluated, 2836 expanded
[t=2.75335s, 19868 KB] New best heuristic value for ff(): 148
[t=2.75369s, 19868 KB] g=288, 33842 evaluated, 2879 expanded
[t=2.76256s, 19868 KB] New best heuristic value for ff(): 147
[t=2.76271s, 19868 KB] g=289, 33956 evaluated, 2881 expanded
[t=2.79035s, 19868 KB] New best heuristic value for ff(): 146
[t=2.79101s, 19868 KB] g=290, 34328 evaluated, 2927 expanded
[t=2.79847s, 19868 KB] New best heuristic value for ff(): 145
[t=2.79935s, 19868 KB] g=291, 34443 evaluated, 2929 expanded
[t=2.80677s, 19868 KB] New best heuristic value for ff(): 144
[t=2.80773s, 19868 KB] g=292, 34558 evaluated, 2931 expanded
[t=2.8078s, 19868 KB] New best heuristic value for ff(): 143
[t=2.8079s, 19868 KB] g=293, 34559 evaluated, 2933 expanded
[t=2.83616s, 19868 KB] New best heuristic value for ff(): 142
[t=2.83658s, 19868 KB] g=294, 34931 evaluated, 2971 expanded
[t=2.83661s, 19868 KB] New best heuristic value for ff(): 141
[t=2.83704s, 19868 KB] g=295, 34936 evaluated, 2973 expanded
[t=2.875s, 20000 KB] New best heuristic value for ff(): 140
[t=2.87575s, 20000 KB] g=296, 35437 evaluated, 3017 expanded
[t=2.87578s, 20000 KB] New best heuristic value for ff(): 139
[t=2.876s, 20000 KB] g=297, 35439 evaluated, 3019 expanded
[t=2.92214s, 20000 KB] New best heuristic value for ff(): 138
[t=2.92228s, 20000 KB] g=298, 36038 evaluated, 3060 expanded
[t=2.93893s, 20000 KB] New best heuristic value for ff(): 137
[t=2.93931s, 20000 KB] g=299, 36264 evaluated, 3062 expanded
[t=2.93934s, 20000 KB] New best heuristic value for ff(): 136
[t=2.93964s, 20000 KB] g=300, 36267 evaluated, 3064 expanded
[t=2.95886s, 20132 KB] New best heuristic value for ff(): 135
[t=2.95945s, 20132 KB] g=301, 36527 evaluated, 3108 expanded
[t=2.95988s, 20132 KB] New best heuristic value for ff(): 134
[t=2.96023s, 20132 KB] g=302, 36536 evaluated, 3110 expanded
[t=2.96866s, 20132 KB] New best heuristic value for ff(): 133
[t=2.96873s, 20132 KB] g=303, 36654 evaluated, 3112 expanded
[t=2.97665s, 20132 KB] New best heuristic value for ff(): 132
[t=2.97715s, 20132 KB] g=304, 36771 evaluated, 3114 expanded
[t=2.98503s, 20132 KB] New best heuristic value for ff(): 131
[t=2.98541s, 20132 KB] g=305, 36886 evaluated, 3116 expanded
[t=3.00078s, 20132 KB] New best heuristic value for ff(): 130
[t=3.00144s, 20132 KB] g=306, 37111 evaluated, 3118 expanded
[t=3.00915s, 20132 KB] New best heuristic value for ff(): 129
[t=3.00966s, 20132 KB] g=307, 37225 evaluated, 3120 expanded
[t=3.00968s, 20132 KB] New best heuristic value for ff(): 128
[t=3.00983s, 20132 KB] g=308, 37226 evaluated, 3122 expanded
[t=3.01852s, 20264 KB] New best heuristic value for ff(): 127
[t=3.01879s, 20264 KB] g=309, 37348 evaluated, 3132 expanded
[t=3.01882s, 20264 KB] New best heuristic value for ff(): 126
[t=3.01919s, 20264 KB] g=310, 37352 evaluated, 3134 expanded
[t=3.03633s, 20264 KB] New best heuristic value for ff(): 125
[t=3.03719s, 20264 KB] g=311, 37590 evaluated, 3149 expanded
[t=3.03735s, 20264 KB] New best heuristic value for ff(): 124
[t=3.03745s, 20264 KB] g=312, 37592 evaluated, 3151 expanded
[t=3.0558s, 20264 KB] New best heuristic value for ff(): 123
[t=3.05601s, 20264 KB] g=313, 37836 evaluated, 3169 expanded
[t=3.05604s, 20264 KB] New best heuristic value for ff(): 122
[t=3.05618s, 20264 KB] g=314, 37837 evaluated, 3171 expanded
[t=3.07616s, 20264 KB] New best heuristic value for ff(): 121
[t=3.07627s, 20264 KB] g=315, 38106 evaluated, 3211 expanded
[t=3.08351s, 20264 KB] New best heuristic value for ff(): 120
[t=3.08444s, 20264 KB] g=316, 38220 evaluated, 3213 expanded
[t=3.08451s, 20264 KB] New best heuristic value for ff(): 119
[t=3.08469s, 20264 KB] g=317, 38222 evaluated, 3215 expanded
[t=3.11183s, 20396 KB] New best heuristic value for ff(): 118
[t=3.11246s, 20396 KB] g=318, 38591 evaluated, 3251 expanded
[t=3.11249s, 20396 KB] New best heuristic value for ff(): 117
[t=3.11263s, 20396 KB] g=319, 38592 evaluated, 3253 expanded
[t=3.15804s, 20396 KB] New best heuristic value for ff(): 116
[t=3.15874s, 20396 KB] g=320, 39196 evaluated, 3290 expanded
[t=3.15904s, 20396 KB] New best heuristic value for ff(): 115
[t=3.15916s, 20396 KB] g=321, 39200 evaluated, 3292 expanded
[t=3.17077s, 20528 KB] New best heuristic value for ff(): 114
[t=3.17092s, 20528 KB] g=322, 39353 evaluated, 3330 expanded
[t=3.17892s, 20528 KB] New best heuristic value for ff(): 113
[t=3.17941s, 20528 KB] g=323, 39471 evaluated, 3332 expanded
[t=3.1873s, 20528 KB] New best heuristic value for ff(): 112
[t=3.1874s, 20528 KB] g=324, 39584 evaluated, 3333 expanded
[t=3.18743s, 20528 KB] New best heuristic value for ff(): 111
[t=3.18758s, 20528 KB] g=325, 39585 evaluated, 3335 expanded
[t=3.19882s, 20528 KB] New best heuristic value for ff(): 110
[t=3.19917s, 20528 KB] g=326, 39736 evaluated, 3372 expanded
[t=3.1992s, 20528 KB] New best heuristic value for ff(): 109
[t=3.1995s, 20528 KB] g=327, 39739 evaluated, 3374 expanded
[t=3.20718s, 20528 KB] New best heuristic value for ff(): 108
[t=3.2075s, 20528 KB] g=328, 39852 evaluated, 3376 expanded
[t=3.21556s, 20528 KB] New best heuristic value for ff(): 107
[t=3.21566s, 20528 KB] g=329, 39967 evaluated, 3378 expanded
[t=3.2334s, 20528 KB] New best heuristic value for ff(): 106
[t=3.23357s, 20528 KB] g=330, 40204 evaluated, 3390 expanded
[t=3.2336s, 20528 KB] New best heuristic value for ff(): 105
[t=3.23381s, 20528 KB] g=331, 40206 evaluated, 3392 expanded
[t=3.24282s, 20664 KB] New best heuristic value for ff(): 104
[t=3.24337s, 20664 KB] g=332, 40337 evaluated, 3406 expanded
[t=3.2434s, 20664 KB] New best heuristic value for ff(): 103
[t=3.24361s, 20664 KB] g=333, 40339 evaluated, 3408 expanded
[t=3.25328s, 20664 KB] New best heuristic value for ff(): 102
[t=3.25379s, 20664 KB] g=334, 40477 evaluated, 3427 expanded
[t=3.2618s, 20664 KB] New best heuristic value for ff(): 101
[t=3.26239s, 20664 KB] g=335, 40594 evaluated, 3429 expanded
[t=3.2896s, 20664 KB] New best heuristic value for ff(): 100
[t=3.28981s, 20664 KB] g=336, 40955 evaluated, 3461 expanded
[t=3.29751s, 20664 KB] New best heuristic value for ff(): 99
[t=3.2978s, 20664 KB] g=337, 41069 evaluated, 3463 expanded
[t=3.33411s, 20796 KB] New best heuristic value for ff(): 98
[t=3.33419s, 20796 KB] g=339, 41547 evaluated, 3497 expanded
[t=3.34141s, 20796 KB] New best heuristic value for ff(): 97
[t=3.34217s, 20796 KB] g=340, 41661 evaluated, 3499 expanded
[t=3.34243s, 20796 KB] New best heuristic value for ff(): 96
[t=3.34248s, 20796 KB] g=341, 41664 evaluated, 3501 expanded
[t=3.36133s, 20796 KB] New best heuristic value for ff(): 95
[t=3.36239s, 20796 KB] g=342, 41924 evaluated, 3537 expanded
[t=3.36242s, 20796 KB] New best heuristic value for ff(): 94
[t=3.36272s, 20796 KB] g=343, 41927 evaluated, 3539 expanded
[t=3.37809s, 20796 KB] New best heuristic value for ff(): 93
[t=3.37825s, 20796 KB] g=344, 42152 evaluated, 3541 expanded
[t=3.39488s, 20928 KB] New best heuristic value for ff(): 92
[t=3.3958s, 20928 KB] g=346, 42394 evaluated, 3558 expanded
[t=3.39591s, 20928 KB] New best heuristic value for ff(): 91
[t=3.39618s, 20928 KB] g=347, 42398 evaluated, 3560 expanded
[t=3.40535s, 20928 KB] New best heuristic value for ff(): 90
[t=3.40594s, 20928 KB] g=348, 42532 evaluated, 3578 expanded
[t=3.40596s, 20928 KB] New best heuristic value for ff(): 89
[t=3.40616s, 20928 KB] g=349, 42534 evaluated, 3580 expanded
[t=3.42422s, 20928 KB] New best heuristic value for ff(): 88
[t=3.4244s, 20928 KB] g=350, 42782 evaluated, 3613 expanded
[t=3.43155s, 20928 KB] New best heuristic value for ff(): 87
[t=3.43225s, 20928 KB] g=351, 42895 evaluated, 3615 expanded
[t=3.44195s, 20928 KB] New best heuristic value for ff(): 86
[t=3.44233s, 20928 KB] g=353, 43032 evaluated, 3638 expanded
[t=3.44236s, 20928 KB] New best heuristic value for ff(): 85
[t=3.44258s, 20928 KB] g=354, 43034 evaluated, 3640 expanded
[t=3.45242s, 20928 KB] New best heuristic value for ff(): 84
[t=3.45349s, 20928 KB] g=355, 43179 evaluated, 3674 expanded
[t=3.45352s, 20928 KB] New best heuristic value for ff(): 83
[t=3.45375s, 20928 KB] g=356, 43181 evaluated, 3676 expanded
[t=3.46183s, 21060 KB] New best heuristic value for ff(): 82
[t=3.46243s, 21060 KB] g=357, 43304 evaluated, 3684 expanded
[t=3.46245s, 21060 KB] New best heuristic value for ff(): 81
[t=3.46273s, 21060 KB] g=358, 43307 evaluated, 3686 expanded
[t=3.4807s, 21060 KB] New best heuristic value for ff(): 80
[t=3.48129s, 21060 KB] g=359, 43551 evaluated, 3718 expanded
[t=3.48132s, 21060 KB] New best heuristic value for ff(): 79
[t=3.48169s, 21060 KB] g=360, 43555 evaluated, 3720 expanded
[t=3.48906s, 21060 KB] New best heuristic value for ff(): 78
[t=3.48964s, 21060 KB] g=361, 43670 evaluated, 3722 expanded
[t=3.49744s, 21060 KB] New best heuristic value for ff(): 77
[t=3.49788s, 21060 KB] g=362, 43789 evaluated, 3726 expanded
[t=3.49791s, 21060 KB] New best heuristic value for ff(): 76
[t=3.49825s, 21060 KB] g=363, 43793 evaluated, 3728 expanded
[t=3.51422s, 21060 KB] New best heuristic value for ff(): 75
[t=3.51488s, 21060 KB] g=364, 44019 evaluated, 3732 expanded
[t=3.51491s, 21060 KB] New best heuristic value for ff(): 74
[t=3.51505s, 21060 KB] g=365, 44020 evaluated, 3734 expanded
[t=3.54145s, 21192 KB] New best heuristic value for ff(): 73
[t=3.54181s, 21192 KB] g=366, 44376 evaluated, 3761 expanded
[t=3.54184s, 21192 KB] New best heuristic value for ff(): 72
[t=3.54233s, 21192 KB] g=367, 44382 evaluated, 3763 expanded
[t=3.55875s, 21192 KB] New best heuristic value for ff(): 71
[t=3.55902s, 21192 KB] g=368, 44610 evaluated, 3765 expanded
[t=3.57378s, 21192 KB] New best heuristic value for ff(): 70
[t=3.5745s, 21192 KB] g=369, 44838 evaluated, 3767 expanded
[t=3.58216s, 21192 KB] New best heuristic value for ff(): 69
[t=3.58228s, 21192 KB] g=370, 44952 evaluated, 3769 expanded
[t=3.58949s, 21192 KB] New best heuristic value for ff(): 68
[t=3.5901s, 21192 KB] g=371, 45066 evaluated, 3771 expanded
[t=3.59838s, 21324 KB] New best heuristic value for ff(): 67
[t=3.5986s, 21324 KB] g=373, 45187 evaluated, 3782 expanded
[t=3.5989s, 21324 KB] New best heuristic value for ff(): 66
[t=3.59903s, 21324 KB] g=374, 45191 evaluated, 3784 expanded
[t=3.60834s, 21324 KB] New best heuristic value for ff(): 65
[t=3.60865s, 21324 KB] g=375, 45325 evaluated, 3806 expanded
[t=3.60868s, 21324 KB] New best heuristic value for ff(): 64
[t=3.60903s, 21324 KB] g=376, 45329 evaluated, 3808 expanded
[t=3.62616s, 21324 KB] New best heuristic value for ff(): 63
[t=3.62678s, 21324 KB] g=377, 45567 evaluated, 3827 expanded
[t=3.62718s, 21324 KB] New best heuristic value for ff(): 62
[t=3.62725s, 21324 KB] g=378, 45572 evaluated, 3829 expanded
[t=3.6545s, 23376 KB] New best heuristic value for ff(): 61
[t=3.65516s, 23376 KB] g=379, 45926 evaluated, 3853 expanded
[t=3.65551s, 23376 KB] New best heuristic value for ff(): 60
[t=3.6558s, 23376 KB] g=380, 45933 evaluated, 3855 expanded
[t=3.66284s, 23376 KB] New best heuristic value for ff(): 59
[t=3.66351s, 23376 KB] g=381, 46047 evaluated, 3857 expanded
[t=3.6776s, 23376 KB] New best heuristic value for ff(): 58
[t=3.67857s, 23376 KB] g=382, 46271 evaluated, 3859 expanded
[t=3.6786s, 23376 KB] New best heuristic value for ff(): 57
[t=3.67871s, 23376 KB] g=383, 46272 evaluated, 3860 expanded
[t=3.68694s, 23376 KB] New best heuristic value for ff(): 56
[t=3.68724s, 23376 KB] g=384, 46395 evaluated, 3869 expanded
[t=3.71002s, 23376 KB] New best heuristic value for ff(): 55
[t=3.71101s, 23376 KB] g=386, 46745 evaluated, 3887 expanded
[t=3.71104s, 23376 KB] New best heuristic value for ff(): 54
[t=3.71115s, 23376 KB] g=387, 46746 evaluated, 3888 expanded
[t=3.72914s, 23376 KB] New best heuristic value for ff(): 53
[t=3.72988s, 23376 KB] g=388, 46998 evaluated, 3910 expanded
[t=3.74672s, 23376 KB] New best heuristic value for ff(): 52
[t=3.74775s, 23376 KB] g=390, 47243 evaluated, 3934 expanded
[t=3.75509s, 23376 KB] New best heuristic value for ff(): 51
[t=3.75543s, 23376 KB] g=391, 47357 evaluated, 3935 expanded
[t=3.76242s, 23376 KB] New best heuristic value for ff(): 50
[t=3.7631s, 23376 KB] g=392, 47471 evaluated, 3937 expanded
[t=3.76313s, 23376 KB] New best heuristic value for ff(): 49
[t=3.7634s, 23376 KB] g=393, 47474 evaluated, 3939 expanded
[t=3.7897s, 23376 KB] New best heuristic value for ff(): 48
[t=3.79045s, 23376 KB] g=394, 47831 evaluated, 3963 expanded
[t=3.79073s, 23376 KB] New best heuristic value for ff(): 47
[t=3.79094s, 23376 KB] g=395, 47836 evaluated, 3965 expanded
[t=3.79806s, 23376 KB] New best heuristic value for ff(): 46
[t=3.79861s, 23376 KB] g=396, 47950 evaluated, 3967 expanded
[t=3.80539s, 23376 KB] New best heuristic value for ff(): 45
[t=3.8061s, 23376 KB] g=397, 48062 evaluated, 3968 expanded
[t=3.81378s, 23376 KB] New best heuristic value for ff(): 44
[t=3.81412s, 23376 KB] g=398, 48179 evaluated, 3974 expanded
[t=3.81415s, 23376 KB] New best heuristic value for ff(): 43
[t=3.81442s, 23376 KB] g=399, 48182 evaluated, 3976 expanded
[t=3.82214s, 23376 KB] New best heuristic value for ff(): 42
[t=3.82291s, 23376 KB] g=400, 48306 evaluated, 3986 expanded
[t=3.82294s, 23376 KB] New best heuristic value for ff(): 41
[t=3.82315s, 23376 KB] g=401, 48308 evaluated, 3988 expanded
[t=3.83152s, 23376 KB] New best heuristic value for ff(): 40
[t=3.83215s, 23376 KB] g=402, 48437 evaluated, 4002 expanded
[t=3.83218s, 23376 KB] New best heuristic value for ff(): 39
[t=3.8324s, 23376 KB] g=403, 48439 evaluated, 4004 expanded
[t=3.84093s, 23376 KB] New best heuristic value for ff(): 38
[t=3.84175s, 23376 KB] g=404, 48573 evaluated, 4021 expanded
[t=3.84195s, 23376 KB] New best heuristic value for ff(): 37
[t=3.84245s, 23376 KB] g=405, 48581 evaluated, 4023 expanded
[t=3.8577s, 23376 KB] New best heuristic value for ff(): 36
[t=3.85874s, 23376 KB] g=406, 48809 evaluated, 4025 expanded
[t=3.87344s, 23376 KB] New best heuristic value for ff(): 35
[t=3.87364s, 23376 KB] g=407, 49035 evaluated, 4027 expanded
[t=3.88076s, 23376 KB] New best heuristic value for ff(): 34
[t=3.88113s, 23376 KB] g=408, 49148 evaluated, 4029 expanded
[t=3.88116s, 23376 KB] New best heuristic value for ff(): 33
[t=3.88154s, 23376 KB] g=409, 49152 evaluated, 4031 expanded
[t=3.89753s, 23376 KB] New best heuristic value for ff(): 32
[t=3.89782s, 23376 KB] g=410, 49379 evaluated, 4035 expanded
[t=3.89785s, 23376 KB] New best heuristic value for ff(): 31
[t=3.89807s, 23376 KB] g=411, 49381 evaluated, 4037 expanded
[t=3.90589s, 23376 KB] New best heuristic value for ff(): 30
[t=3.90636s, 23376 KB] g=412, 49503 evaluated, 4050 expanded
[t=3.90639s, 23376 KB] New best heuristic value for ff(): 29
[t=3.90651s, 23376 KB] g=413, 49504 evaluated, 4052 expanded
[t=3.91527s, 23376 KB] New best heuristic value for ff(): 28
[t=3.91533s, 23376 KB] g=414, 49633 evaluated, 4066 expanded
[t=3.91536s, 23376 KB] New best heuristic value for ff(): 27
[t=3.91611s, 23376 KB] g=415, 49642 evaluated, 4068 expanded
[t=3.92994s, 23376 KB] New best heuristic value for ff(): 26
[t=3.93098s, 23376 KB] g=416, 49869 evaluated, 4070 expanded
[t=3.93831s, 23376 KB] New best heuristic value for ff(): 25
[t=3.93846s, 23376 KB] g=417, 49982 evaluated, 4072 expanded
[t=3.93848s, 23376 KB] New best heuristic value for ff(): 24
[t=3.93862s, 23376 KB] g=418, 49983 evaluated, 4074 expanded
[t=3.95404s, 23376 KB] New best heuristic value for ff(): 23
[t=3.95442s, 23376 KB] g=419, 50216 evaluated, 4084 expanded
[t=3.95444s, 23376 KB] New best heuristic value for ff(): 22
[t=3.9548s, 23376 KB] g=420, 50220 evaluated, 4086 expanded
[t=3.96973s, 23376 KB] New best heuristic value for ff(): 21
[t=3.97039s, 23376 KB] g=421, 50456 evaluated, 4095 expanded
[t=3.97075s, 23376 KB] New best heuristic value for ff(): 20
[t=3.97094s, 23376 KB] g=422, 50462 evaluated, 4097 expanded
[t=3.98751s, 23376 KB] New best heuristic value for ff(): 19
[t=3.98773s, 23376 KB] g=423, 50696 evaluated, 4107 expanded
[t=3.98776s, 23376 KB] New best heuristic value for ff(): 18
[t=3.98795s, 23376 KB] g=424, 50698 evaluated, 4109 expanded
[t=3.99587s, 23376 KB] New best heuristic value for ff(): 17
[t=3.99623s, 23376 KB] g=425, 50821 evaluated, 4118 expanded
[t=3.99626s, 23376 KB] New best heuristic value for ff(): 16
[t=3.99654s, 23376 KB] g=426, 50824 evaluated, 4120 expanded
[t=4.01957s, 23376 KB] New best heuristic value for ff(): 15
[t=4.01979s, 23376 KB] g=427, 51160 evaluated, 4122 expanded
[t=4.02027s, 23376 KB] New best heuristic value for ff(): 14
[t=4.02041s, 23376 KB] g=428, 51166 evaluated, 4124 expanded
[t=4.02767s, 23376 KB] New best heuristic value for ff(): 13
[t=4.02817s, 23376 KB] g=429, 51283 evaluated, 4129 expanded
[t=4.0282s, 23376 KB] New best heuristic value for ff(): 12
[t=4.0287s, 23376 KB] g=430, 51289 evaluated, 4131 expanded
[t=4.03603s, 23376 KB] New best heuristic value for ff(): 11
[t=4.03645s, 23376 KB] g=431, 51407 evaluated, 4137 expanded
[t=4.03648s, 23376 KB] New best heuristic value for ff(): 10
[t=4.03658s, 23376 KB] g=432, 51408 evaluated, 4138 expanded
[t=4.04439s, 23376 KB] New best heuristic value for ff(): 9
[t=4.04467s, 23376 KB] g=433, 51530 evaluated, 4144 expanded
[t=4.05171s, 23376 KB] New best heuristic value for ff(): 8
[t=4.05205s, 23376 KB] g=434, 51644 evaluated, 4146 expanded
[t=4.05207s, 23376 KB] New best heuristic value for ff(): 7
[t=4.05217s, 23376 KB] g=435, 51645 evaluated, 4147 expanded
[t=4.059s, 23376 KB] New best heuristic value for ff(): 6
[t=4.06009s, 23376 KB] g=436, 51766 evaluated, 4153 expanded
[t=4.06012s, 23376 KB] New best heuristic value for ff(): 5
[t=4.06057s, 23376 KB] g=437, 51771 evaluated, 4155 expanded
[t=4.07472s, 23376 KB] New best heuristic value for ff(): 4
[t=4.07497s, 23376 KB] g=438, 51996 evaluated, 4157 expanded
[t=4.075s, 23376 KB] New best heuristic value for ff(): 3
[t=4.07527s, 23376 KB] g=439, 51999 evaluated, 4159 expanded
[t=4.08203s, 23376 KB] New best heuristic value for ff(): 2
[t=4.0825s, 23376 KB] g=440, 52114 evaluated, 4161 expanded
[t=4.08476s, 23376 KB] New best heuristic value for ff(): 1
[t=4.08486s, 23376 KB] g=441, 52150 evaluated, 4163 expanded
[t=4.08934s, 23376 KB] New best heuristic value for ff(): 0
[t=4.09s, 23376 KB] g=442, 52232 evaluated, 4165 expanded
[t=4.09036s, 23376 KB] Solution found!
[t=4.09043s, 23376 KB] Actual search time: 4.05641s
board f0 p1 (1)
board f0 p115 (1)
board f0 p8 (1)
up f0 f10 (1)
board f10 p11 (1)
board f10 p123 (1)
board f10 p90 (1)
down f10 f3 (1)
board f3 p7 (1)
up f3 f100 (1)
board f100 p35 (1)
down f100 f12 (1)
board f12 p107 (1)
board f12 p109 (1)
down f12 f4 (1)
board f4 p71 (1)
up f4 f101 (1)
board f101 p137 (1)
down f101 f13 (1)
board f13 p18 (1)
board f13 p32 (1)
board f13 p62 (1)
depart f13 p35 (1)
down f13 f5 (1)
board f5 p10 (1)
up f5 f101 (1)
depart f101 p18 (1)
down f101 f14 (1)
board f14 p39 (1)
depart f14 p137 (1)
down f14 f6 (1)
board f6 p113 (1)
board f6 p140 (1)
board f6 p68 (1)
depart f6 p10 (1)
up f6 f102 (1)
board f102 p104 (1)
board f102 p114 (1)
down f102 f15 (1)
board f15 p26 (1)
board f15 p58 (1)
board f15 p64 (1)
board f15 p79 (1)
depart f15 p104 (1)
down f15 f8 (1)
board f8 p57 (1)
up f8 f100 (1)
depart f100 p26 (1)
down f100 f16 (1)
board f16 p133 (1)
board f16 p50 (1)
down f16 f9 (1)
board f9 p119 (1)
up f9 f10 (1)
depart f10 p119 (1)
up f10 f103 (1)
board f103 p12 (1)
board f103 p60 (1)
down f103 f65 (1)
board f65 p126 (1)
down f65 f18 (1)
board f18 p44 (1)
board f18 p81 (1)
down f18 f5 (1)
depart f5 p60 (1)
up f5 f104 (1)
board f104 p131 (1)
board f104 p69 (1)
board f104 p94 (1)
down f104 f19 (1)
depart f19 p39 (1)
down f19 f9 (1)
depart f9 p131 (1)
up f9 f106 (1)
board f106 p25 (1)
board f106 p66 (1)
board f106 p88 (1)
down f106 f20 (1)
board f20 p106 (1)
board f20 p117 (1)
down f20 f6 (1)
depart f6 p117 (1)
up f6 f107 (1)
board f107 p111 (1)
board f107 p45 (1)
down f107 f21 (1)
depart f21 p90 (1)
down f21 f4 (1)
depart f4 p111 (1)
up f4 f108 (1)
board f108 p15 (1)
down f108 f25 (1)
board f25 p102 (1)
up f25 f42 (1)
depart f42 p107 (1)
down f42 f26 (1)
board f26 p59 (1)
board f26 p83 (1)
up f26 f109 (1)
board f109 p116 (1)
depart f109 p1 (1)
down f109 f27 (1)
board f27 p28 (1)
down f27 f17 (1)
depart f17 p28 (1)
up f17 f111 (1)
board f111 p122 (1)
down f111 f28 (1)
board f28 p105 (1)
board f28 p130 (1)
board f28 p55 (1)
up f28 f30 (1)
board f30 p33 (1)
down f30 f10 (1)
depart f10 p33 (1)
up f10 f31 (1)
board f31 p136 (1)
board f31 p138 (1)
board f31 p40 (1)
board f31 p74 (1)
up f31 f34 (1)
board f34 p30 (1)
depart f34 p59 (1)
down f34 f17 (1)
depart f17 p30 (1)
up f17 f41 (1)
depart f41 p15 (1)
up f41 f74 (1)
board f74 p48 (1)
board f74 p70 (1)
depart f74 p55 (1)
depart f74 p44 (1)
down f74 f61 (1)
board f61 p91 (1)
up f61 f78 (1)
board f78 p3 (1)
board f78 p52 (1)
board f78 p75 (1)
depart f78 p25 (1)
down f78 f17 (1)
depart f17 p3 (1)
up f17 f105 (1)
depart f105 p40 (1)
down f105 f44 (1)
board f44 p110 (1)
board f44 p124 (1)
board f44 p31 (1)
down f44 f18 (1)
depart f18 p31 (1)
up f18 f111 (1)
depart f111 p138 (1)
down f111 f22 (1)
depart f22 p124 (1)
up f22 f39 (1)
board f39 p17 (1)
depart f39 p123 (1)
up f39 f84 (1)
depart f84 p48 (1)
down f84 f28 (1)
depart f28 p17 (1)
up f28 f32 (1)
board f32 p51 (1)
board f32 p76 (1)
depart f32 p88 (1)
depart f32 p109 (1)
up f32 f33 (1)
depart f33 p76 (1)
depart f33 p57 (1)
up f33 f35 (1)
board f35 p37 (1)
depart f35 p8 (1)
up f35 f36 (1)
board f36 p118 (1)
board f36 p43 (1)
depart f36 p75 (1)
down f36 f9 (1)
depart f9 p43 (1)
board f9 p119 (1)
up f9 f96 (1)
board f96 p16 (1)
down f96 f37 (1)
board f37 p139 (1)
board f37 p29 (1)
board f37 p67 (1)
down f37 f2 (1)
depart f2 p29 (1)
up f2 f108 (1)
depart f108 p16 (1)
down f108 f38 (1)
board f38 p92 (1)
up f38 f42 (1)
depart f42 p110 (1)
up f42 f43 (1)
board f43 p22 (1)
depart f43 p91 (1)
depart f43 p62 (1)
depart f43 p115 (1)
down f43 f37 (1)
depart f37 p22 (1)
up f37 f45 (1)
board f45 p132 (1)
board f45 p19 (1)
depart f45 p67 (1)
depart f45 p58 (1)
up f45 f108 (1)
depart f108 p132 (1)
down f108 f46 (1)
board f46 p95 (1)
depart f46 p68 (1)
up f46 f48 (1)
board f48 p27 (1)
board f48 p6 (1)
depart f48 p83 (1)
down f48 f46 (1)
depart f46 p6 (1)
down f46 f6 (1)
depart f6 p27 (1)
up f6 f49 (1)
board f49 p21 (1)
board f49 p77 (1)
down f49 f22 (1)
depart f22 p21 (1)
up f22 f45 (1)
depart f45 p77 (1)
up f45 f50 (1)
depart f50 p70 (1)
up f50 f51 (1)
board f51 p56 (1)
depart f51 p52 (1)
depart f51 p126 (1)
up f51 f110 (1)
depart f110 p56 (1)
down f110 f52 (1)
board f52 p86 (1)
depart f52 p45 (1)
up f52 f94 (1)
depart f94 p116 (1)
down f94 f53 (1)
board f53 p100 (1)
board f53 p9 (1)
down f53 f52 (1)
depart f52 p100 (1)
up f52 f101 (1)
depart f101 p86 (1)
down f101 f54 (1)
board f54 p47 (1)
board f54 p89 (1)
down f54 f25 (1)
depart f25 p89 (1)
up f25 f55 (1)
depart f55 p136 (1)
depart f55 p12 (1)
up f55 f56 (1)
board f56 p108 (1)
board f56 p125 (1)
board f56 p34 (1)
board f56 p97 (1)
depart f56 p71 (1)
down f56 f18 (1)
depart f18 p97 (1)
up f18 f57 (1)
depart f57 p114 (1)
up f57 f58 (1)
board f58 p54 (1)
board f58 p72 (1)
board f58 p82 (1)
depart f58 p66 (1)
down f58 f21 (1)
depart f21 p72 (1)
up f21 f39 (1)
depart f39 p82 (1)
up f39 f59 (1)
board f59 p38 (1)
depart f59 p34 (1)
down f59 f7 (1)
depart f7 p38 (1)
up f7 f60 (1)
board f60 p2 (1)
board f60 p53 (1)
board f60 p78 (1)
down f60 f25 (1)
depart f25 p53 (1)
down f25 f9 (1)
depart f9 p78 (1)
up f9 f33 (1)
depart f33 p2 (1)
up f33 f64 (1)
depart f64 p69 (1)
up f64 f67 (1)
board f67 p99 (1)
depart f67 p32 (1)
depart f67 p113 (1)
down f67 f61 (1)
depart f61 p99 (1)
up f61 f68 (1)
depart f68 p108 (1)
up f68 f70 (1)
board f70 p61 (1)
depart f70 p102 (1)
up f70 f72 (1)
board f72 p103 (1)
board f72 p24 (1)
board f72 p36 (1)
board f72 p73 (1)
board f72 p93 (1)
depart f72 p51 (1)
depart f72 p50 (1)
down f72 f19 (1)
depart f19 p103 (1)
up f19 f22 (1)
depart f22 p36 (1)
up f22 f24 (1)
depart f24 p24 (1)
up f24 f73 (1)
board f73 p134 (1)
depart f73 p106 (1)
down f73 f9 (1)
depart f9 p134 (1)
up f9 f74 (1)
depart f74 p54 (1)
up f74 f75 (1)
depart f75 p95 (1)
depart f75 p79 (1)
depart f75 p139 (1)
up f75 f76 (1)
board f76 p120 (1)
board f76 p127 (1)
board f76 p135 (1)
down f76 f21 (1)
depart f21 p135 (1)
up f21 f28 (1)
depart f28 p127 (1)
up f28 f37 (1)
depart f37 p120 (1)
up f37 f77 (1)
depart f77 p7 (1)
depart f77 p118 (1)
up f77 f79 (1)
depart f79 p9 (1)
depart f79 p130 (1)
up f79 f81 (1)
board f81 p13 (1)
board f81 p41 (1)
depart f81 p133 (1)
down f81 f31 (1)
depart f31 p13 (1)
up f31 f46 (1)
depart f46 p41 (1)
up f46 f82 (1)
board f82 p0 (1)
depart f82 p61 (1)
down f82 f63 (1)
depart f63 p0 (1)
up f63 f83 (1)
board f83 p49 (1)
down f83 f18 (1)
depart f18 p49 (1)
up f18 f85 (1)
board f85 p20 (1)
board f85 p84 (1)
down f85 f13 (1)
depart f13 p20 (1)
down f13 f2 (1)
depart f2 p84 (1)
up f2 f87 (1)
board f87 p128 (1)
board f87 p14 (1)
board f87 p63 (1)
depart f87 p94 (1)
depart f87 p73 (1)
depart f87 p122 (1)
down f87 f33 (1)
depart f33 p14 (1)
up f33 f81 (1)
depart f81 p63 (1)
up f81 f82 (1)
depart f82 p128 (1)
up f82 f88 (1)
board f88 p87 (1)
board f88 p96 (1)
board f88 p98 (1)
depart f88 p125 (1)
down f88 f48 (1)
depart f48 p96 (1)
up f48 f66 (1)
depart f66 p98 (1)
up f66 f89 (1)
depart f89 p47 (1)
up f89 f90 (1)
depart f90 p74 (1)
depart f90 p64 (1)
depart f90 p19 (1)
up f90 f91 (1)
board f91 p112 (1)
board f91 p121 (1)
board f91 p46 (1)
down f91 f23 (1)
depart f23 p46 (1)
up f23 f51 (1)
depart f51 p112 (1)
up f51 f80 (1)
depart f80 p121 (1)
up f80 f93 (1)
board f93 p101 (1)
board f93 p4 (1)
board f93 p42 (1)
depart f93 p81 (1)
depart f93 p140 (1)
down f93 f17 (1)
depart f17 p42 (1)
up f17 f89 (1)
depart f89 p101 (1)
up f89 f95 (1)
board f95 p129 (1)
board f95 p5 (1)
depart f95 p92 (1)
depart f95 p87 (1)
down f95 f77 (1)
depart f77 p129 (1)
up f77 f87 (1)
depart f87 p5 (1)
up f87 f96 (1)
depart f96 p4 (1)
up f96 f97 (1)
board f97 p65 (1)
board f97 p85 (1)
depart f97 p105 (1)
down f97 f48 (1)
depart f48 p85 (1)
up f48 f71 (1)
depart f71 p65 (1)
up f71 f98 (1)
depart f98 p93 (1)
depart f98 p11 (1)
up f98 f99 (1)
board f99 p23 (1)
board f99 p80 (1)
depart f99 p37 (1)
down f99 f0 (1)
depart f0 p80 (1)
up f0 f27 (1)
depart f27 p23 (1)
[t=4.09051s, 23376 KB] Plan length: 442 step(s).
[t=4.09051s, 23376 KB] Plan cost: 442
[t=4.09051s, 23376 KB] Timestamp: 1684333087403 millisecond(s).
[t=4.09051s, 23376 KB] Expanded 4167 state(s).
[t=4.09051s, 23376 KB] Reopened 0 state(s).
[t=4.09051s, 23376 KB] Evaluated 52236 state(s).
[t=4.09051s, 23376 KB] Evaluations: 52236
[t=4.09051s, 23376 KB] Generated 468709 state(s).
[t=4.09051s, 23376 KB] Dead ends: 0 state(s).
[t=4.09051s, 23376 KB] Number of registered states: 52236
[t=4.09051s, 23376 KB] Int hash set load factor: 52236/65536 = 0.797058
[t=4.09051s, 23376 KB] Int hash set resizes: 16
[t=4.09051s, 23376 KB] Search time: 4.0568s
[t=4.09051s, 23376 KB] Total time: 4.09051s
Solution found.
Peak memory: 23376 KB
Remove intermediate file output.sas
search exit code: 0

INFO     Running validate.
INFO     validate stdin: None
INFO     validate time limit: None
INFO     validate memory limit: None
INFO     validate command line string: validate domain.pddl problem.pddl sas_plan
Checking plan: sas_plan
Plan executed successfully - checking goal
Plan valid
Final value: 442 

Successful plans:
Value: 442
 sas_plan 442 

validate exit code: 0

INFO     Planner time: 5.15s
