INFO     planner time limit: 600s
INFO     planner memory limit: 3584 MB

INFO     Running translator.
INFO     translator stdin: None
INFO     translator time limit: 599s
INFO     translator memory limit: 3584 MB
INFO     translator command line string: /usr/local/downward-projects/downward/experiments/src/thesis/.venv/bin/python3 /usr/local/downward-projects/downward/experiments/src/thesis/data/thesis-thesis_exp/code-84c08dfff1890fbf6247184940c8166177195ea1_e5e41175/builds/release/bin/translate/translate.py domain.pddl problem.pddl --sas-file output.sas
Parsing...
Parsing: [0.020s CPU, 0.025s wall-clock]
Normalizing task... [0.000s CPU, 0.001s wall-clock]
Instantiating...
Generating Datalog program... [0.020s CPU, 0.014s wall-clock]
Normalizing Datalog program...
Normalizing Datalog program: [0.000s CPU, 0.002s wall-clock]
Preparing model... [0.040s CPU, 0.038s wall-clock]
Generated 6 rules.
Computing model... [0.090s CPU, 0.091s wall-clock]
13894 relevant atoms
5313 auxiliary atoms
19207 final queue length
25479 total queue pushes
Completing instantiation... [0.100s CPU, 0.100s wall-clock]
Instantiating: [0.250s CPU, 0.251s wall-clock]
Computing fact groups...
Finding invariants...
4 initial candidates
Finding invariants: [0.000s CPU, 0.001s wall-clock]
Checking invariant weight... [0.000s CPU, 0.001s wall-clock]
Instantiating groups... [0.010s CPU, 0.002s wall-clock]
Collecting mutex groups... [0.000s CPU, 0.001s wall-clock]
Choosing groups...
1089 uncovered facts
Choosing groups: [0.000s CPU, 0.002s wall-clock]
Building translation key... [0.000s CPU, 0.003s wall-clock]
Computing fact groups: [0.020s CPU, 0.022s wall-clock]
Building STRIPS to SAS dictionary... [0.010s CPU, 0.002s wall-clock]
Building dictionary for full mutex groups... [0.000s CPU, 0.001s wall-clock]
Building mutex information...
Building mutex information: [0.000s CPU, 0.001s wall-clock]
Translating task...
Processing axioms...
Simplifying axioms... [0.000s CPU, 0.000s wall-clock]
Translator axioms removed by simplifying: 0
Computing negative axioms... [0.000s CPU, 0.000s wall-clock]
Processing axioms: [0.000s CPU, 0.005s wall-clock]
Translating task: [0.080s CPU, 0.082s wall-clock]
0 effect conditions simplified
0 implied preconditions added
Detecting unreachable propositions...
0 operators removed
0 axioms removed
3 propositions removed
Detecting unreachable propositions: [0.080s CPU, 0.089s wall-clock]
Reordering and filtering variables...
1089 of 1089 variables necessary.
0 of 1 mutex groups necessary.
4224 of 4224 operators necessary.
0 of 0 axiom rules necessary.
Reordering and filtering variables: [0.020s CPU, 0.015s wall-clock]
Translator variables: 1089
Translator derived variables: 0
Translator facts: 3265
Translator goal facts: 1088
Translator mutex groups: 0
Translator total mutex groups size: 0
Translator operators: 4224
Translator axioms: 0
Translator task size: 22334
Translator peak memory: 51040 KB
Writing output... [0.020s CPU, 0.021s wall-clock]
Done! [0.510s CPU, 0.520s wall-clock]
translate exit code: 0

INFO     Running search (release).
INFO     search stdin: output.sas
INFO     search time limit: 599s
INFO     search memory limit: 3584 MB
INFO     search command line string: /usr/local/downward-projects/downward/experiments/src/thesis/data/thesis-thesis_exp/code-84c08dfff1890fbf6247184940c8166177195ea1_e5e41175/builds/release/bin/downward --evaluator 'h=ff()' --search 'eager(partition(h, h_partition(), inter_uniform(), intra_uniform() )) ' --internal-plan-file sas_plan < output.sas
[t=0s, 11732 KB] reading input...
[t=0.0159052s, 13332 KB] done reading input!
[t=0.0198573s, 14140 KB] Simplifying 8444 unary operators... done! [8444 unary operators]
[t=0.0227699s, 14668 KB] time to simplify: 0.00291261s
[t=0.0231706s, 14668 KB] Initializing additive heuristic...
[t=0.0233731s, 14668 KB] Initializing FF heuristic...
[t=0.0234002s, 14668 KB] Building successor generator...done!
[t=0.0241599s, 14668 KB] peak memory difference for successor generator creation: 0 KB
[t=0.0242214s, 14668 KB] time for successor generation creation: 0.000173294s
[t=0.024247s, 14668 KB] Variables: 1089
[t=0.0243077s, 14668 KB] FactPairs: 3265
[t=0.0243316s, 14668 KB] Bytes per state: 140
[t=0.024356s, 14668 KB] Conducting best first search without reopening closed nodes, (real) bound = 2147483647
[t=0.02441s, 14668 KB] New best heuristic value for ff(): 1088
[t=0.0246366s, 14668 KB] g=0, 1 evaluated, 0 expanded
[t=0.0246634s, 14668 KB] Initial heuristic value for ff(): 1088
[t=0.0246942s, 14668 KB] pruning method: none
[t=0.0247184s, 14668 KB] Start Timestep: 1693683379063 millisecond(s).
[t=0.024763s, 14668 KB] New best heuristic value for ff(): 1087
[t=0.0256634s, 14668 KB] g=2, 7 evaluated, 2 expanded
[t=0.0315201s, 14668 KB] New best heuristic value for ff(): 1086
[t=0.0329127s, 14668 KB] g=5, 57 evaluated, 15 expanded
[t=0.0474645s, 14668 KB] New best heuristic value for ff(): 1085
[t=0.0501878s, 14668 KB] g=10, 170 evaluated, 48 expanded
[t=0.063352s, 14668 KB] New best heuristic value for ff(): 1084
[t=0.0660739s, 14668 KB] g=14, 264 evaluated, 76 expanded
[t=0.342912s, 14668 KB] New best heuristic value for ff(): 1083
[t=0.343061s, 14668 KB] g=18, 1375 evaluated, 402 expanded
[t=2.49481s, 16068 KB] New best heuristic value for ff(): 1082
[t=2.49747s, 16068 KB] g=20, 4848 evaluated, 1408 expanded
[t=21.4577s, 19604 KB] New best heuristic value for ff(): 1081
[t=21.458s, 19604 KB] g=24, 13600 evaluated, 3957 expanded
[t=125.001s, 25852 KB] New best heuristic value for ff(): 1080
[t=125.004s, 25852 KB] g=26, 28253 evaluated, 8286 expanded
Peak memory: 34768 KB
caught signal 24 -- exiting
Time limit has been reached.
Remove intermediate file output.sas
search exit code: 23

Driver aborting after search
INFO     Planner time: 599.22s
