INFO     planner time limit: 900s
INFO     planner memory limit: 3584 MB

INFO     Running translator.
INFO     translator stdin: None
INFO     translator time limit: 899s
INFO     translator memory limit: 3584 MB
INFO     translator command line string: /usr/local/downward-projects/downward/experiments/assign3/.venv/bin/python3 /usr/local/downward-projects/downward/experiments/assign3/data/assign3-anytime_exp/code-fe4f0f1bb525c059c1938ac01bab1b7bae200873_e5e41175/builds/release/bin/translate/translate.py domain.pddl problem.pddl --sas-file output.sas
Parsing...
Parsing: [0.000s CPU, 0.001s wall-clock]
Normalizing task... [0.000s CPU, 0.000s wall-clock]
Instantiating...
Generating Datalog program... [0.000s CPU, 0.000s wall-clock]
Normalizing Datalog program...
Normalizing Datalog program: [0.000s CPU, 0.002s wall-clock]
Preparing model... [0.000s CPU, 0.001s wall-clock]
Generated 51 rules.
Computing model... [0.020s CPU, 0.016s wall-clock]
1226 relevant atoms
1561 auxiliary atoms
2787 final queue length
4963 total queue pushes
Completing instantiation... [0.020s CPU, 0.027s wall-clock]
Instantiating: [0.040s CPU, 0.047s wall-clock]
Computing fact groups...
Finding invariants...
5 initial candidates
Finding invariants: [0.010s CPU, 0.011s wall-clock]
Checking invariant weight... [0.000s CPU, 0.000s wall-clock]
Instantiating groups... [0.000s CPU, 0.000s wall-clock]
Collecting mutex groups... [0.000s CPU, 0.000s wall-clock]
Choosing groups...
8 uncovered facts
Choosing groups: [0.000s CPU, 0.000s wall-clock]
Building translation key... [0.000s CPU, 0.000s wall-clock]
Computing fact groups: [0.010s CPU, 0.012s wall-clock]
Building STRIPS to SAS dictionary... [0.000s CPU, 0.000s wall-clock]
Building dictionary for full mutex groups... [0.000s CPU, 0.000s wall-clock]
Building mutex information...
Building mutex information: [0.000s CPU, 0.000s wall-clock]
Translating task...
Processing axioms...
Simplifying axioms... [0.000s CPU, 0.000s wall-clock]
Translator axioms removed by simplifying: 0
Computing negative axioms... [0.000s CPU, 0.000s wall-clock]
Processing axioms: [0.000s CPU, 0.001s wall-clock]
Translating task: [0.020s CPU, 0.021s wall-clock]
0 effect conditions simplified
0 implied preconditions added
Detecting unreachable propositions...
0 operators removed
0 axioms removed
8 propositions removed
Detecting unreachable propositions: [0.010s CPU, 0.010s wall-clock]
Reordering and filtering variables...
16 of 16 variables necessary.
8 of 16 mutex groups necessary.
952 of 952 operators necessary.
0 of 0 axiom rules necessary.
Reordering and filtering variables: [0.010s CPU, 0.003s wall-clock]
Translator variables: 16
Translator derived variables: 0
Translator facts: 80
Translator goal facts: 16
Translator mutex groups: 8
Translator total mutex groups size: 64
Translator operators: 952
Translator axioms: 0
Translator task size: 4992
Translator peak memory: 35908 KB
Writing output... [0.000s CPU, 0.004s wall-clock]
Done! [0.090s CPU, 0.101s wall-clock]
translate exit code: 0

INFO     Running search (release).
INFO     search stdin: output.sas
INFO     search time limit: 899s
INFO     search memory limit: 3584 MB
INFO     search command line string: /usr/local/downward-projects/downward/experiments/assign3/data/assign3-anytime_exp/code-fe4f0f1bb525c059c1938ac01bab1b7bae200873_e5e41175/builds/release/bin/downward --evaluator 'h=lmcut()' --search 'eager_anytime(epsilon_greedy(
        sum([weight(h, 2, verbosity=normal), g()]), epsilon=0.2, random_seed=1234), 
        reopen_closed=true, f_eval=sum([h, g()]))' --internal-plan-file sas_plan < output.sas
[t=0s, 10884 KB] reading input...
[t=0.00397221s, 11140 KB] done reading input!
[t=0.00513336s, 11536 KB] Initializing landmark cut heuristic...
[t=0.00743169s, 11536 KB] Building successor generator...done!
[t=0.00778493s, 11536 KB] peak memory difference for successor generator creation: 0 KB
[t=0.00784657s, 11536 KB] time for successor generation creation: 0s
[t=0.0078731s, 11536 KB] Variables: 16
[t=0.00790141s, 11536 KB] FactPairs: 80
[t=0.00792553s, 11536 KB] Bytes per state: 4
[t=0.00794928s, 11536 KB] Conducting best first anytime search with reopening closed nodes, (real) bound = 2147483647
[t=0.00800104s, 11536 KB] New best heuristic value for lmcut(): 25
[t=0.00817722s, 11536 KB] g=0, 1 evaluated, 0 expanded
[t=0.00820153s, 11536 KB] Initial heuristic value for lmcut(): 25
[t=0.00822705s, 11536 KB] Start Timestep: 1682515753367 millisecond(s).
[t=0.00827016s, 11536 KB] New best heuristic value for lmcut(): 22
[t=0.00842298s, 11536 KB] g=3, 2 evaluated, 1 expanded
[t=0.00844747s, 11536 KB] New best heuristic value for lmcut(): 19
[t=0.0112141s, 11536 KB] g=6, 22 evaluated, 2 expanded
[t=0.0237137s, 11536 KB] New best heuristic value for lmcut(): 17
[t=0.0238098s, 11536 KB] g=10, 118 evaluated, 8 expanded
[t=0.0396441s, 11536 KB] New best heuristic value for lmcut(): 16
[t=0.0400711s, 11536 KB] g=15, 245 evaluated, 17 expanded
[t=0.040101s, 11536 KB] New best heuristic value for lmcut(): 14
[t=0.0415051s, 11536 KB] g=15, 256 evaluated, 18 expanded
[t=0.0435056s, 11536 KB] New best heuristic value for lmcut(): 13
[t=0.0471165s, 11536 KB] g=17, 301 evaluated, 21 expanded
[t=0.0474727s, 11536 KB] New best heuristic value for lmcut(): 12
[t=0.0511695s, 11536 KB] g=20, 335 evaluated, 23 expanded
[t=0.0554414s, 11536 KB] New best heuristic value for lmcut(): 11
[t=0.057036s, 11536 KB] g=21, 385 evaluated, 26 expanded
[t=0.131454s, 11668 KB] New best heuristic value for lmcut(): 8
[t=0.132743s, 11668 KB] g=26, 1023 evaluated, 77 expanded
[t=0.151087s, 11668 KB] New best heuristic value for lmcut(): 7
[t=0.15251s, 11668 KB] g=29, 1203 evaluated, 90 expanded
[t=0.210908s, 11668 KB] New best heuristic value for lmcut(): 6
[t=0.214946s, 11668 KB] g=32, 1794 evaluated, 134 expanded
[t=0.231222s, 11668 KB] New best heuristic value for lmcut(): 5
[t=0.232648s, 11668 KB] g=33, 1974 evaluated, 149 expanded
[t=0.24675s, 11668 KB] New best heuristic value for lmcut(): 4
[t=0.248919s, 11668 KB] g=37, 2173 evaluated, 165 expanded
[t=0.250721s, 11668 KB] New best heuristic value for lmcut(): 2
[t=0.25436s, 11668 KB] g=37, 2241 evaluated, 170 expanded
[t=0.254696s, 11668 KB] New best heuristic value for lmcut(): 1
[t=0.258623s, 11668 KB] g=41, 2288 evaluated, 173 expanded
[t=0.25867s, 11668 KB] New best heuristic value for lmcut(): 0
[t=0.259922s, 11668 KB] g=42, 2308 evaluated, 175 expanded
[t=0.259949s, 11668 KB] Solution found!
analyze-2 seg-in-1 seg-out-1 car-in-1 car-out-1 (3)
analyze-2 seg-in-1 seg-out-1 car-out-1 car-in-1 (3)
rotate-2 seg-in-1 seg-out-2 car-in-1 car-out-2 (1)
analyze-2 seg-in-1 seg-out-1 car-out-2 car-out-1 (3)
rotate-2 seg-in-2 seg-out-2 car-in-2 car-in-1 (1)
rotate-2 seg-in-1 seg-out-2 car-out-1 car-in-2 (1)
analyze-2 seg-in-1 seg-out-1 car-in-2 car-out-2 (3)
rotate-2 seg-in-2 seg-out-2 car-in-1 car-out-1 (1)
rotate-2 seg-in-1 seg-out-4 car-out-2 car-out-4 (1)
analyze-2 seg-in-1 seg-out-1 car-out-4 car-in-2 (3)
rotate-2 seg-in-4 seg-out-2 car-in-4 car-in-1 (1)
rotate-2 seg-in-1 seg-out-4 car-in-2 car-out-2 (1)
rotate-2 seg-in-1 seg-out-2 car-out-2 car-in-4 (1)
analyze-2 seg-in-1 seg-out-1 car-in-4 car-out-4 (3)
rotate-2 seg-in-2 seg-out-4 car-out-1 car-in-2 (1)
rotate-2 seg-in-3 seg-out-4 car-in-3 car-out-1 (1)
rotate-2 seg-in-1 seg-out-4 car-out-4 car-in-3 (1)
analyze-2 seg-in-1 seg-out-1 car-in-3 car-in-4 (3)
rotate-2 seg-in-3 seg-out-1 car-out-1 car-in-3 (1)
rotate-2 seg-in-1 seg-out-3 car-in-4 car-out-3 (1)
analyze-2 seg-in-1 seg-out-1 car-out-3 car-out-1 (3)
rotate-2 seg-in-4 seg-out-1 car-in-1 car-out-3 (1)
rotate-2 seg-in-4 seg-out-3 car-out-3 car-in-4 (1)
rotate-2 seg-in-1 seg-out-1 car-out-1 car-in-1 (1)
[t=0.261789s, 11668 KB] Plan length: 24 step(s).
[t=0.261828s, 11668 KB] Plan cost: 40
[t=0.261853s, 11668 KB] Solution: Incumbent solution found!
[t=0.261877s, 11668 KB] Solution Timestep: 1682515753622 millisecond(s).
[t=0.261902s, 11668 KB] Timestamp: 1682515753622 millisecond(s).
[t=0.261927s, 11668 KB] Expanded 177 state(s).
[t=0.261951s, 11668 KB] Reopened 0 state(s).
[t=0.261975s, 11668 KB] Evaluated 2332 state(s).
[t=0.261998s, 11668 KB] Evaluations: 2332
[t=0.262022s, 11668 KB] Generated 2992 state(s).
[t=0.262046s, 11668 KB] Dead ends: 0 state(s).
[t=0.26207s, 11668 KB] Number of registered states: 2332
[t=0.262095s, 11668 KB] Int hash set load factor: 2332/4096 = 0.569336
[t=0.26212s, 11668 KB] Int hash set resizes: 12
[t=2.6628s, 12720 KB] Solution found!
analyze-2 seg-in-1 seg-out-1 car-in-1 car-out-1 (3)
analyze-2 seg-in-1 seg-out-1 car-out-1 car-in-1 (3)
rotate-2 seg-in-1 seg-out-2 car-in-1 car-out-2 (1)
analyze-2 seg-in-1 seg-out-1 car-out-2 car-out-1 (3)
rotate-2 seg-in-2 seg-out-2 car-in-2 car-in-1 (1)
rotate-2 seg-in-1 seg-out-2 car-out-1 car-in-2 (1)
analyze-2 seg-in-1 seg-out-1 car-in-2 car-out-2 (3)
rotate-2 seg-in-2 seg-out-1 car-in-1 car-in-2 (1)
rotate-2 seg-in-4 seg-out-1 car-in-4 car-in-1 (1)
rotate-2 seg-in-3 seg-out-2 car-in-3 car-out-1 (1)
rotate-2 seg-in-1 seg-out-2 car-out-2 car-in-3 (1)
analyze-2 seg-in-1 seg-out-1 car-in-3 car-in-4 (3)
analyze-2 seg-in-1 seg-out-1 car-in-4 car-in-3 (3)
rotate-2 seg-in-1 seg-out-3 car-in-3 car-out-3 (1)
analyze-2 seg-in-1 seg-out-1 car-out-3 car-in-4 (3)
rotate-2 seg-in-4 seg-out-3 car-in-1 car-in-3 (1)
rotate-2 seg-in-1 seg-out-4 car-in-4 car-out-4 (1)
analyze-2 seg-in-1 seg-out-1 car-out-4 car-out-3 (3)
rotate-2 seg-in-1 seg-out-3 car-out-3 car-in-1 (1)
rotate-2 seg-in-4 seg-out-4 car-in-3 car-in-4 (1)
rotate-2 seg-in-3 seg-out-1 car-out-1 car-out-4 (1)
rotate-2 seg-in-3 seg-out-4 car-out-4 car-in-3 (1)
[t=2.66693s, 12720 KB] Plan length: 22 step(s).
[t=2.66697s, 12720 KB] Plan cost: 38
[t=2.667s, 12720 KB] Solution: Incumbent solution found!
[t=2.66702s, 12720 KB] Solution Timestep: 1682515756035 millisecond(s).
[t=2.66705s, 12720 KB] Timestamp: 1682515756035 millisecond(s).
[t=2.66707s, 12720 KB] Expanded 2977 state(s).
[t=2.6671s, 12720 KB] Reopened 36 state(s).
[t=2.66712s, 12720 KB] Evaluated 12271 state(s).
[t=2.66714s, 12720 KB] Evaluations: 27944
[t=2.66717s, 12720 KB] Generated 50592 state(s).
[t=2.66719s, 12720 KB] Dead ends: 0 state(s).
[t=2.66721s, 12720 KB] Number of registered states: 27944
[t=2.66724s, 12720 KB] Int hash set load factor: 27944/32768 = 0.852783
[t=2.66726s, 12720 KB] Int hash set resizes: 15
[t=5.65361s, 14876 KB] Solution found!
analyze-2 seg-in-1 seg-out-1 car-in-1 car-out-1 (3)
analyze-2 seg-in-1 seg-out-1 car-out-1 car-in-1 (3)
rotate-2 seg-in-4 seg-out-1 car-in-4 car-out-1 (1)
rotate-2 seg-in-1 seg-out-3 car-in-1 car-out-3 (1)
analyze-2 seg-in-1 seg-out-1 car-out-3 car-in-4 (3)
analyze-2 seg-in-1 seg-out-1 car-in-4 car-out-3 (3)
rotate-2 seg-in-2 seg-out-3 car-in-2 car-in-1 (1)
rotate-2 seg-in-1 seg-out-3 car-out-3 car-in-2 (1)
analyze-2 seg-in-1 seg-out-1 car-in-2 car-in-4 (3)
rotate-2 seg-in-1 seg-out-2 car-in-4 car-out-2 (1)
analyze-2 seg-in-1 seg-out-1 car-out-2 car-in-2 (3)
rotate-2 seg-in-1 seg-out-4 car-in-2 car-out-4 (1)
analyze-2 seg-in-1 seg-out-1 car-out-4 car-out-2 (3)
rotate-2 seg-in-2 seg-out-4 car-in-1 car-in-2 (1)
rotate-2 seg-in-3 seg-out-2 car-in-3 car-in-4 (1)
rotate-2 seg-in-1 seg-out-2 car-out-2 car-in-3 (1)
analyze-2 seg-in-1 seg-out-1 car-in-3 car-out-4 (3)
rotate-2 seg-in-1 seg-out-4 car-out-4 car-in-1 (1)
rotate-2 seg-in-3 seg-out-1 car-in-4 car-in-3 (1)
rotate-2 seg-in-4 seg-out-1 car-out-1 car-in-4 (1)
[t=5.65714s, 14876 KB] Plan length: 20 step(s).
[t=5.65719s, 14876 KB] Plan cost: 36
[t=5.65721s, 14876 KB] Solution: Incumbent solution found!
[t=5.65724s, 14876 KB] Solution Timestep: 1682515759035 millisecond(s).
[t=5.65726s, 14876 KB] Timestamp: 1682515759035 millisecond(s).
[t=5.65729s, 14876 KB] Expanded 6501 state(s).
[t=5.65731s, 14876 KB] Reopened 281 state(s).
[t=5.65735s, 14876 KB] Evaluated 24958 state(s).
[t=5.65737s, 14876 KB] Evaluations: 57848
[t=5.6574s, 14876 KB] Generated 110500 state(s).
[t=5.65742s, 14876 KB] Dead ends: 0 state(s).
[t=5.65745s, 14876 KB] Number of registered states: 57848
[t=5.65747s, 14876 KB] Int hash set load factor: 57848/131072 = 0.441345
[t=5.6575s, 14876 KB] Int hash set resizes: 17
Peak memory: 389812 KB
caught signal 24 -- exiting
Time limit has been reached.
Remove intermediate file output.sas
search exit code: 23

Driver aborting after search
INFO     Planner time: 895.02s
