INFO     planner time limit: 900s
INFO     planner memory limit: 3584 MB

INFO     Running translator.
INFO     translator stdin: None
INFO     translator time limit: 899s
INFO     translator memory limit: 3584 MB
INFO     translator command line string: /usr/local/downward-projects/downward/experiments/.venv/bin/python3 /usr/local/downward-projects/downward/experiments/src/thesis/data/thesis-thesis_exp/code-f7a4f68fd467cf7cff4d3dfcfdfcfa2023e44324_e5e41175/builds/release/bin/translate/translate.py domain.pddl problem.pddl --sas-file output.sas
Parsing...
Parsing: [0.000s CPU, 0.001s wall-clock]
Normalizing task... [0.000s CPU, 0.000s wall-clock]
Instantiating...
Generating Datalog program... [0.000s CPU, 0.000s wall-clock]
Normalizing Datalog program...
Normalizing Datalog program: [0.000s CPU, 0.001s wall-clock]
Preparing model... [0.000s CPU, 0.000s wall-clock]
Generated 21 rules.
Computing model... [0.010s CPU, 0.003s wall-clock]
308 relevant atoms
207 auxiliary atoms
515 final queue length
859 total queue pushes
Completing instantiation... [0.000s CPU, 0.005s wall-clock]
Instantiating: [0.010s CPU, 0.009s wall-clock]
Computing fact groups...
Finding invariants...
10 initial candidates
Finding invariants: [0.000s CPU, 0.003s wall-clock]
Checking invariant weight... [0.000s CPU, 0.000s wall-clock]
Instantiating groups... [0.000s CPU, 0.000s wall-clock]
Collecting mutex groups... [0.000s CPU, 0.000s wall-clock]
Choosing groups...
10 uncovered facts
Choosing groups: [0.000s CPU, 0.000s wall-clock]
Building translation key... [0.000s CPU, 0.000s wall-clock]
Computing fact groups: [0.000s CPU, 0.004s wall-clock]
Building STRIPS to SAS dictionary... [0.000s CPU, 0.000s wall-clock]
Building dictionary for full mutex groups... [0.000s CPU, 0.000s wall-clock]
Building mutex information...
Building mutex information: [0.000s CPU, 0.000s wall-clock]
Translating task...
Processing axioms...
Simplifying axioms... [0.000s CPU, 0.000s wall-clock]
Translator axioms removed by simplifying: 0
Computing negative axioms... [0.000s CPU, 0.000s wall-clock]
Processing axioms: [0.000s CPU, 0.000s wall-clock]
Translating task: [0.010s CPU, 0.006s wall-clock]
234 effect conditions simplified
0 implied preconditions added
Detecting unreachable propositions...
0 operators removed
0 axioms removed
18 propositions removed
Detecting unreachable propositions: [0.000s CPU, 0.003s wall-clock]
Reordering and filtering variables...
19 of 19 variables necessary.
10 of 19 mutex groups necessary.
162 of 162 operators necessary.
0 of 0 axiom rules necessary.
Reordering and filtering variables: [0.000s CPU, 0.002s wall-clock]
Translator variables: 19
Translator derived variables: 0
Translator facts: 110
Translator goal facts: 7
Translator mutex groups: 10
Translator total mutex groups size: 100
Translator operators: 162
Translator axioms: 0
Translator task size: 1424
Translator peak memory: 32616 KB
Writing output... [0.010s CPU, 0.001s wall-clock]
Done! [0.030s CPU, 0.027s wall-clock]
translate exit code: 0

INFO     Running search (release).
INFO     search stdin: output.sas
INFO     search time limit: 899s
INFO     search memory limit: 3584 MB
INFO     search command line string: /usr/local/downward-projects/downward/experiments/src/thesis/data/thesis-thesis_exp/code-f7a4f68fd467cf7cff4d3dfcfdfcfa2023e44324_e5e41175/builds/release/bin/downward --evaluator 'h=ff()' --search 'eager(single(h))' --internal-plan-file sas_plan < output.sas
[t=0.00258889s, 11000 KB] reading input...
[t=0.00285797s, 11000 KB] done reading input!
[t=0.00359197s, 11388 KB] Simplifying 630 unary operators... done! [486 unary operators]
[t=0.00512682s, 11388 KB] time to simplify: 0.00153485s
[t=0.00518675s, 11388 KB] Initializing additive heuristic...
[t=0.00524127s, 11388 KB] Initializing FF heuristic...
[t=0.00526586s, 11388 KB] Building successor generator...done!
[t=0.0053984s, 11388 KB] peak memory difference for successor generator creation: 0 KB
[t=0.00544173s, 11388 KB] time for successor generation creation: 0s
[t=0.00546571s, 11388 KB] Variables: 19
[t=0.00548996s, 11388 KB] FactPairs: 110
[t=0.00551306s, 11388 KB] Bytes per state: 8
[t=0.00553547s, 11388 KB] Conducting best first search without reopening closed nodes, (real) bound = 2147483647
[t=0.00557568s, 11388 KB] New best heuristic value for ff(): 16
[t=0.00561914s, 11388 KB] g=0, 1 evaluated, 0 expanded
[t=0.00564362s, 11388 KB] Initial heuristic value for ff(): 16
[t=0.00567187s, 11388 KB] pruning method: none
[t=0.00570009s, 11388 KB] Start Timestep: 1684295392438 millisecond(s).
[t=0.00574332s, 11388 KB] New best heuristic value for ff(): 15
[t=0.0059676s, 11388 KB] g=4, 27 evaluated, 13 expanded
[t=0.00599152s, 11388 KB] New best heuristic value for ff(): 14
[t=0.00614539s, 11388 KB] g=8, 45 evaluated, 22 expanded
[t=0.00633299s, 11388 KB] New best heuristic value for ff(): 13
[t=0.00652907s, 11388 KB] g=12, 93 evaluated, 38 expanded
[t=0.00655298s, 11388 KB] New best heuristic value for ff(): 12
[t=0.00661927s, 11388 KB] g=14, 99 evaluated, 40 expanded
[t=0.00664179s, 11388 KB] New best heuristic value for ff(): 11
[t=0.00673415s, 11388 KB] g=16, 109 evaluated, 42 expanded
[t=0.00675765s, 11388 KB] New best heuristic value for ff(): 10
[t=0.00700579s, 11388 KB] g=18, 141 evaluated, 51 expanded
[t=0.0102549s, 11388 KB] New best heuristic value for ff(): 9
[t=0.0140627s, 11388 KB] g=28, 1163 evaluated, 503 expanded
[t=0.0140896s, 11388 KB] New best heuristic value for ff(): 7
[t=0.0141616s, 11388 KB] g=30, 1170 evaluated, 505 expanded
[t=0.0262041s, 11536 KB] New best heuristic value for ff(): 6
[t=0.0287006s, 11536 KB] g=48, 3426 evaluated, 1546 expanded
[t=0.0287275s, 11536 KB] New best heuristic value for ff(): 4
[t=0.0287866s, 11536 KB] g=50, 3431 evaluated, 1548 expanded
[t=0.0288096s, 11536 KB] New best heuristic value for ff(): 2
[t=0.0292538s, 11536 KB] g=58, 3513 evaluated, 1589 expanded
[t=0.0292777s, 11536 KB] New best heuristic value for ff(): 1
[t=0.0293111s, 11536 KB] g=59, 3515 evaluated, 1590 expanded
[t=0.0293343s, 11536 KB] New best heuristic value for ff(): 0
[t=0.0293622s, 11536 KB] g=60, 3516 evaluated, 1591 expanded
[t=0.0293849s, 11536 KB] Solution found!
[t=0.029415s, 11536 KB] Actual search time: 0.0236717s
unstack b9 b1 (1)
putdown b9 (1)
unstack b6 b3 (1)
stack b6 b1 (1)
unstack b3 b4 (1)
stack b3 b6 (1)
unstack b4 b5 (1)
putdown b4 (1)
unstack b3 b6 (1)
stack b3 b4 (1)
unstack b5 b2 (1)
stack b5 b6 (1)
unstack b2 b8 (1)
putdown b2 (1)
pickup b8 (1)
stack b8 b9 (1)
unstack b3 b4 (1)
stack b3 b8 (1)
unstack b5 b6 (1)
stack b5 b2 (1)
unstack b6 b1 (1)
stack b6 b4 (1)
unstack b1 b7 (1)
stack b1 b3 (1)
unstack b6 b4 (1)
stack b6 b1 (1)
pickup b7 (1)
stack b7 b4 (1)
unstack b6 b1 (1)
stack b6 b5 (1)
unstack b1 b3 (1)
putdown b1 (1)
unstack b6 b5 (1)
stack b6 b1 (1)
unstack b5 b2 (1)
stack b5 b6 (1)
unstack b3 b8 (1)
stack b3 b2 (1)
unstack b8 b9 (1)
stack b8 b3 (1)
pickup b9 (1)
stack b9 b7 (1)
unstack b8 b3 (1)
stack b8 b9 (1)
unstack b3 b2 (1)
stack b3 b8 (1)
unstack b5 b6 (1)
stack b5 b2 (1)
unstack b6 b1 (1)
stack b6 b5 (1)
pickup b1 (1)
stack b1 b3 (1)
unstack b6 b5 (1)
stack b6 b1 (1)
unstack b5 b2 (1)
stack b5 b6 (1)
[t=0.0294421s, 11536 KB] Plan length: 56 step(s).
[t=0.0294421s, 11536 KB] Plan cost: 56
[t=0.0294421s, 11536 KB] Timestamp: 1684295392463 millisecond(s).
[t=0.0294421s, 11536 KB] Expanded 1592 state(s).
[t=0.0294421s, 11536 KB] Reopened 0 state(s).
[t=0.0294421s, 11536 KB] Evaluated 3517 state(s).
[t=0.0294421s, 11536 KB] Evaluations: 3517
[t=0.0294421s, 11536 KB] Generated 5911 state(s).
[t=0.0294421s, 11536 KB] Dead ends: 0 state(s).
[t=0.0294421s, 11536 KB] Number of registered states: 3517
[t=0.0294421s, 11536 KB] Int hash set load factor: 3517/4096 = 0.858643
[t=0.0294421s, 11536 KB] Int hash set resizes: 12
[t=0.0294421s, 11536 KB] Search time: 0.0239066s
[t=0.0294421s, 11536 KB] Total time: 0.0294421s
Solution found.
Peak memory: 11536 KB
Remove intermediate file output.sas
search exit code: 0

INFO     Running validate.
INFO     validate stdin: None
INFO     validate time limit: None
INFO     validate memory limit: None
INFO     validate command line string: validate domain.pddl problem.pddl sas_plan
Checking plan: sas_plan
Plan executed successfully - checking goal
Plan valid
Final value: 56 

Successful plans:
Value: 56
 sas_plan 56 

validate exit code: 0

INFO     Planner time: 0.14s
