INFO     planner time limit: 900s
INFO     planner memory limit: 3584 MB

INFO     Running translator.
INFO     translator stdin: None
INFO     translator time limit: 899s
INFO     translator memory limit: 3584 MB
INFO     translator command line string: /usr/local/downward-projects/downward/experiments/assign3/.venv/bin/python3 /usr/local/downward-projects/downward/experiments/assign3/data/assign3-anytime_exp/code-fe4f0f1bb525c059c1938ac01bab1b7bae200873_e5e41175/builds/release/bin/translate/translate.py domain.pddl problem.pddl --sas-file output.sas
Parsing...
Parsing: [0.000s CPU, 0.002s wall-clock]
Normalizing task... [0.000s CPU, 0.000s wall-clock]
Instantiating...
Generating Datalog program... [0.000s CPU, 0.001s wall-clock]
Normalizing Datalog program...
Normalizing Datalog program: [0.000s CPU, 0.001s wall-clock]
Preparing model... [0.010s CPU, 0.001s wall-clock]
Generated 32 rules.
Computing model... [0.440s CPU, 0.449s wall-clock]
65075 relevant atoms
5792 auxiliary atoms
70867 final queue length
210833 total queue pushes
Completing instantiation... [3.010s CPU, 3.033s wall-clock]
Instantiating: [3.480s CPU, 3.507s wall-clock]
Computing fact groups...
Finding invariants...
12 initial candidates
Finding invariants: [0.010s CPU, 0.007s wall-clock]
Checking invariant weight... [0.000s CPU, 0.000s wall-clock]
Instantiating groups... [0.000s CPU, 0.006s wall-clock]
Collecting mutex groups... [0.000s CPU, 0.001s wall-clock]
Choosing groups...
76 uncovered facts
Choosing groups: [0.000s CPU, 0.004s wall-clock]
Building translation key... [0.000s CPU, 0.001s wall-clock]
Computing fact groups: [0.020s CPU, 0.025s wall-clock]
Building STRIPS to SAS dictionary... [0.000s CPU, 0.001s wall-clock]
Building dictionary for full mutex groups... [0.000s CPU, 0.002s wall-clock]
Building mutex information...
Building mutex information: [0.000s CPU, 0.001s wall-clock]
Translating task...
Processing axioms...
Simplifying axioms... [0.000s CPU, 0.000s wall-clock]
Translator axioms removed by simplifying: 0
Computing negative axioms... [0.000s CPU, 0.000s wall-clock]
Processing axioms: [0.090s CPU, 0.097s wall-clock]
Translating task: [2.880s CPU, 2.905s wall-clock]
75150 effect conditions simplified
0 implied preconditions added
Detecting unreachable propositions...
0 operators removed
0 axioms removed
30 propositions removed
Detecting unreachable propositions: [1.650s CPU, 1.667s wall-clock]
Reordering and filtering variables...
106 of 106 variables necessary.
46 of 76 mutex groups necessary.
60750 of 60750 operators necessary.
0 of 0 axiom rules necessary.
Reordering and filtering variables: [0.390s CPU, 0.392s wall-clock]
Translator variables: 106
Translator derived variables: 0
Translator facts: 1532
Translator goal facts: 30
Translator mutex groups: 46
Translator total mutex groups size: 1426
Translator operators: 60750
Translator axioms: 0
Translator task size: 494944
Translator peak memory: 324716 KB
Writing output... [0.380s CPU, 0.385s wall-clock]
Done! [8.920s CPU, 9.006s wall-clock]
translate exit code: 0

INFO     Running search (release).
INFO     search stdin: output.sas
INFO     search time limit: 890s
INFO     search memory limit: 3584 MB
INFO     search command line string: /usr/local/downward-projects/downward/experiments/assign3/data/assign3-anytime_exp/code-fe4f0f1bb525c059c1938ac01bab1b7bae200873_e5e41175/builds/release/bin/downward --evaluator 'h=lmcut()' --search 'eager_anytime(single(sum([weight(h, 2, verbosity=normal), g()])), 
        reopen_closed=true, f_eval=sum([h, g()]))' --internal-plan-file sas_plan < output.sas
[t=0.00105231s, 10884 KB] reading input...
[t=0.248037s, 33864 KB] done reading input!
[t=0.290079s, 49092 KB] Initializing landmark cut heuristic...
[t=0.290444s, 49092 KB] Building successor generator...done!
[t=0.315298s, 55824 KB] peak memory difference for successor generator creation: 6732 KB
[t=0.315428s, 55824 KB] time for successor generation creation: 0.0247245s
[t=0.316245s, 55824 KB] Variables: 106
[t=0.316673s, 55824 KB] FactPairs: 1532
[t=0.316698s, 55824 KB] Bytes per state: 32
[t=0.316722s, 55824 KB] Conducting best first anytime search with reopening closed nodes, (real) bound = 2147483647
[t=0.385688s, 55824 KB] New best heuristic value for lmcut(): 32
[t=0.386773s, 55824 KB] g=0, 1 evaluated, 0 expanded
[t=0.386819s, 55824 KB] Initial heuristic value for lmcut(): 32
[t=0.386848s, 55824 KB] Start Timestep: 1682463089459 millisecond(s).
[t=0.457067s, 55824 KB] New best heuristic value for lmcut(): 31
[t=0.457305s, 55824 KB] g=1, 2 evaluated, 1 expanded
[t=3.08271s, 55824 KB] New best heuristic value for lmcut(): 30
[t=3.08355s, 55824 KB] g=2, 41 evaluated, 2 expanded
[t=8.57269s, 55824 KB] New best heuristic value for lmcut(): 29
[t=8.57385s, 55824 KB] g=3, 121 evaluated, 6 expanded
[t=12.4301s, 55824 KB] New best heuristic value for lmcut(): 28
[t=12.4301s, 55824 KB] g=5, 183 evaluated, 8 expanded
[t=38.2948s, 55824 KB] New best heuristic value for lmcut(): 27
[t=38.2948s, 55824 KB] g=6, 599 evaluated, 24 expanded
[t=41.833s, 55824 KB] New best heuristic value for lmcut(): 26
[t=41.837s, 55824 KB] g=7, 657 evaluated, 26 expanded
[t=53.5187s, 55824 KB] New best heuristic value for lmcut(): 24
[t=53.5187s, 55824 KB] g=9, 861 evaluated, 34 expanded
[t=55.3857s, 55824 KB] New best heuristic value for lmcut(): 23
[t=55.3857s, 55824 KB] g=10, 896 evaluated, 35 expanded
[t=64.5818s, 55824 KB] New best heuristic value for lmcut(): 22
[t=64.5818s, 55824 KB] g=13, 1073 evaluated, 42 expanded
[t=103.201s, 55824 KB] New best heuristic value for lmcut(): 21
[t=103.201s, 55824 KB] g=15, 1835 evaluated, 72 expanded
[t=109.169s, 55824 KB] New best heuristic value for lmcut(): 20
[t=109.169s, 55824 KB] g=16, 1966 evaluated, 77 expanded
[t=110.438s, 55824 KB] New best heuristic value for lmcut(): 19
[t=110.438s, 55824 KB] g=17, 1994 evaluated, 78 expanded
[t=116.913s, 55824 KB] New best heuristic value for lmcut(): 18
[t=116.913s, 55824 KB] g=19, 2147 evaluated, 84 expanded
[t=162.643s, 55824 KB] New best heuristic value for lmcut(): 17
[t=162.643s, 55824 KB] g=21, 3218 evaluated, 125 expanded
[t=184.6s, 55824 KB] New best heuristic value for lmcut(): 16
[t=184.6s, 55824 KB] g=23, 3810 evaluated, 149 expanded
[t=185.619s, 55824 KB] New best heuristic value for lmcut(): 15
[t=185.619s, 55824 KB] g=24, 3842 evaluated, 150 expanded
[t=186.402s, 55824 KB] New best heuristic value for lmcut(): 14
[t=186.402s, 55824 KB] g=25, 3867 evaluated, 151 expanded
[t=205.612s, 55824 KB] New best heuristic value for lmcut(): 13
[t=205.612s, 55824 KB] g=28, 4538 evaluated, 176 expanded
[t=205.939s, 55824 KB] New best heuristic value for lmcut(): 12
[t=205.939s, 55824 KB] g=29, 4550 evaluated, 177 expanded
[t=207.01s, 55824 KB] New best heuristic value for lmcut(): 11
[t=207.01s, 55824 KB] g=31, 4593 evaluated, 179 expanded
[t=207.69s, 55824 KB] New best heuristic value for lmcut(): 10
[t=207.69s, 55824 KB] g=32, 4622 evaluated, 180 expanded
[t=209.879s, 55824 KB] New best heuristic value for lmcut(): 9
[t=209.879s, 55824 KB] g=34, 4718 evaluated, 184 expanded
[t=210.723s, 55824 KB] New best heuristic value for lmcut(): 8
[t=210.723s, 55824 KB] g=36, 4759 evaluated, 186 expanded
[t=211.566s, 55824 KB] New best heuristic value for lmcut(): 7
[t=211.566s, 55824 KB] g=37, 4798 evaluated, 187 expanded
[t=236.937s, 55824 KB] New best heuristic value for lmcut(): 6
[t=236.937s, 55824 KB] g=40, 6255 evaluated, 247 expanded
[t=391.073s, 55824 KB] New best heuristic value for lmcut(): 5
[t=391.073s, 55824 KB] g=42, 14431 evaluated, 584 expanded, 1 reopened
Peak memory: 55824 KB
caught signal 24 -- exiting
Time limit has been reached.
Remove intermediate file output.sas
search exit code: 23

Driver aborting after search
INFO     Planner time: 897.52s
