INFO     planner time limit: 300s
INFO     planner memory limit: 3584 MB

INFO     Running translator.
INFO     translator stdin: None
INFO     translator time limit: 299s
INFO     translator memory limit: 3584 MB
INFO     translator command line string: /usr/local/downward-projects/downward/experiments/.venv/bin/python3 /usr/local/downward-projects/downward/experiments/src/thesis/data/thesis-thesis_exp/code-d93485cdd92f65ede2ae3573b3f4adda0b49e4fd_e5e41175/builds/release/bin/translate/translate.py domain.pddl problem.pddl --sas-file output.sas
Parsing...
Parsing: [0.000s CPU, 0.004s wall-clock]
Normalizing task... [0.000s CPU, 0.000s wall-clock]
Instantiating...
Generating Datalog program... [0.000s CPU, 0.001s wall-clock]
Normalizing Datalog program...
Normalizing Datalog program: [0.000s CPU, 0.002s wall-clock]
Preparing model... [0.000s CPU, 0.003s wall-clock]
Generated 46 rules.
Computing model... [0.080s CPU, 0.080s wall-clock]
9612 relevant atoms
5472 auxiliary atoms
15084 final queue length
30843 total queue pushes
Completing instantiation... [0.290s CPU, 0.279s wall-clock]
Instantiating: [0.370s CPU, 0.368s wall-clock]
Computing fact groups...
Finding invariants...
12 initial candidates
Finding invariants: [0.000s CPU, 0.005s wall-clock]
Checking invariant weight... [0.000s CPU, 0.000s wall-clock]
Instantiating groups... [0.000s CPU, 0.002s wall-clock]
Collecting mutex groups... [0.000s CPU, 0.000s wall-clock]
Choosing groups...
0 uncovered facts
Choosing groups: [0.000s CPU, 0.001s wall-clock]
Building translation key... [0.000s CPU, 0.001s wall-clock]
Computing fact groups: [0.010s CPU, 0.011s wall-clock]
Building STRIPS to SAS dictionary... [0.000s CPU, 0.000s wall-clock]
Building dictionary for full mutex groups... [0.000s CPU, 0.001s wall-clock]
Building mutex information...
Building mutex information: [0.000s CPU, 0.000s wall-clock]
Translating task...
Processing axioms...
Simplifying axioms... [0.000s CPU, 0.000s wall-clock]
Translator axioms removed by simplifying: 0
Computing negative axioms... [0.000s CPU, 0.000s wall-clock]
Processing axioms: [0.010s CPU, 0.011s wall-clock]
Translating task: [0.230s CPU, 0.230s wall-clock]
0 effect conditions simplified
0 implied preconditions added
Detecting unreachable propositions...
0 operators removed
0 axioms removed
31 propositions removed
Detecting unreachable propositions: [0.100s CPU, 0.099s wall-clock]
Reordering and filtering variables...
31 of 31 variables necessary.
0 of 31 mutex groups necessary.
8364 of 8364 operators necessary.
0 of 0 axiom rules necessary.
Reordering and filtering variables: [0.020s CPU, 0.028s wall-clock]
Translator variables: 31
Translator derived variables: 0
Translator facts: 700
Translator goal facts: 21
Translator mutex groups: 0
Translator total mutex groups size: 0
Translator operators: 8364
Translator axioms: 0
Translator task size: 50036
Translator peak memory: 65700 KB
Writing output... [0.040s CPU, 0.040s wall-clock]
Done! [0.780s CPU, 0.795s wall-clock]
translate exit code: 0

INFO     Running search (release).
INFO     search stdin: output.sas
INFO     search time limit: 299s
INFO     search memory limit: 3584 MB
INFO     search command line string: /usr/local/downward-projects/downward/experiments/src/thesis/data/thesis-thesis_exp/code-d93485cdd92f65ede2ae3573b3f4adda0b49e4fd_e5e41175/builds/release/bin/downward --evaluator 'h=ff()' --search 'eager(epsilon_greedy(h, epsilon=0.2))' --internal-plan-file sas_plan < output.sas
[t=0s, 11364 KB] reading input...
[t=0.0239992s, 13596 KB] done reading input!
[t=0.0279998s, 14828 KB] Simplifying 16428 unary operators... done! [16428 unary operators]
[t=0.0359991s, 16108 KB] time to simplify: 0.00799928s
[t=0.0359991s, 16108 KB] Initializing additive heuristic...
[t=0.0359991s, 16108 KB] Initializing FF heuristic...
[t=0.0359991s, 16108 KB] Building successor generator...done!
[t=0.0400015s, 16496 KB] peak memory difference for successor generator creation: 388 KB
[t=0.0400015s, 16496 KB] time for successor generation creation: 0.00400244s
[t=0.0400015s, 16496 KB] Variables: 31
[t=0.0400015s, 16496 KB] FactPairs: 700
[t=0.0400015s, 16496 KB] Bytes per state: 20
[t=0.0400015s, 16496 KB] Conducting best first search without reopening closed nodes, (real) bound = 2147483647
[t=0.0400015s, 16496 KB] New best heuristic value for ff(): 155
[t=0.0400015s, 16496 KB] g=0, 1 evaluated, 0 expanded
[t=0.0400015s, 16496 KB] Initial heuristic value for ff(): 155
[t=0.0400015s, 16496 KB] pruning method: none
[t=0.0400015s, 16496 KB] Start Timestep: 1687933645891 millisecond(s).
[t=0.044s, 16496 KB] New best heuristic value for ff(): 153
[t=0.044s, 16496 KB] g=7, 16 evaluated, 1 expanded
[t=0.527563s, 16496 KB] New best heuristic value for ff(): 143
[t=0.527563s, 16496 KB] g=117, 3123 evaluated, 128 expanded
[t=0.539563s, 16496 KB] New best heuristic value for ff(): 142
[t=0.539563s, 16496 KB] g=148, 3189 evaluated, 130 expanded
[t=0.539563s, 16496 KB] New best heuristic value for ff(): 139
[t=0.539563s, 16496 KB] g=147, 3190 evaluated, 130 expanded
[t=0.539563s, 16496 KB] New best heuristic value for ff(): 137
[t=0.539563s, 16496 KB] g=147, 3191 evaluated, 130 expanded
[t=4.20981s, 17828 KB] New best heuristic value for ff(): 132
[t=4.20981s, 17828 KB] g=173, 26801 evaluated, 999 expanded
[t=4.20981s, 17828 KB] New best heuristic value for ff(): 130
[t=4.20981s, 17828 KB] g=174, 26802 evaluated, 999 expanded
[t=24.9483s, 28204 KB] New best heuristic value for ff(): 129
[t=24.9483s, 28204 KB] g=163, 159423 evaluated, 6655 expanded
[t=56.3942s, 40616 KB] New best heuristic value for ff(): 124
[t=56.3942s, 40616 KB] g=214, 361519 evaluated, 14567 expanded
[t=56.3942s, 40616 KB] New best heuristic value for ff(): 122
[t=56.3942s, 40616 KB] g=215, 361520 evaluated, 14567 expanded
[t=125.838s, 68256 KB] New best heuristic value for ff(): 116
[t=125.838s, 68256 KB] g=270, 807748 evaluated, 34364 expanded
[t=125.838s, 68256 KB] New best heuristic value for ff(): 115
[t=125.838s, 68256 KB] g=271, 807749 evaluated, 34364 expanded
Peak memory: 158352 KB
caught signal 24 -- exiting
Time limit has been reached.
Remove intermediate file output.sas
search exit code: 23

Driver aborting after search
INFO     Planner time: 299.72s
