INFO     planner time limit: 600s
INFO     planner memory limit: 3584 MB

INFO     Running translator.
INFO     translator stdin: None
INFO     translator time limit: 599s
INFO     translator memory limit: 3584 MB
INFO     translator command line string: /usr/local/downward-projects/downward/experiments/assign3/.venv/bin/python3 /usr/local/downward-projects/downward/experiments/assign3/data/assign3-anytime_exp/code-1fb14623350588fb782db39ad332c8a25eda53d6_e5e41175/builds/release/bin/translate/translate.py domain.pddl problem.pddl --sas-file output.sas
Parsing...
Parsing: [0.000s CPU, 0.003s wall-clock]
Normalizing task... [0.000s CPU, 0.000s wall-clock]
Instantiating...
Generating Datalog program... [0.000s CPU, 0.001s wall-clock]
Normalizing Datalog program...
Normalizing Datalog program: [0.010s CPU, 0.001s wall-clock]
Preparing model... [0.000s CPU, 0.002s wall-clock]
Generated 26 rules.
Computing model... [0.220s CPU, 0.223s wall-clock]
22404 relevant atoms
17064 auxiliary atoms
39468 final queue length
80224 total queue pushes
Completing instantiation... [0.940s CPU, 0.959s wall-clock]
Instantiating: [1.190s CPU, 1.196s wall-clock]
Computing fact groups...
Finding invariants...
9 initial candidates
Finding invariants: [0.010s CPU, 0.011s wall-clock]
Checking invariant weight... [0.000s CPU, 0.000s wall-clock]
Instantiating groups... [0.000s CPU, 0.003s wall-clock]
Collecting mutex groups... [0.000s CPU, 0.000s wall-clock]
Choosing groups...
0 uncovered facts
Choosing groups: [0.000s CPU, 0.001s wall-clock]
Building translation key... [0.000s CPU, 0.001s wall-clock]
Computing fact groups: [0.010s CPU, 0.020s wall-clock]
Building STRIPS to SAS dictionary... [0.000s CPU, 0.000s wall-clock]
Building dictionary for full mutex groups... [0.010s CPU, 0.000s wall-clock]
Building mutex information...
Building mutex information: [0.000s CPU, 0.000s wall-clock]
Translating task...
Processing axioms...
Simplifying axioms... [0.000s CPU, 0.000s wall-clock]
Translator axioms removed by simplifying: 0
Computing negative axioms... [0.000s CPU, 0.000s wall-clock]
Processing axioms: [0.030s CPU, 0.030s wall-clock]
Translating task: [0.610s CPU, 0.614s wall-clock]
0 effect conditions simplified
0 implied preconditions added
Detecting unreachable propositions...
0 operators removed
0 axioms removed
24 propositions removed
Detecting unreachable propositions: [0.460s CPU, 0.470s wall-clock]
Reordering and filtering variables...
24 of 24 variables necessary.
0 of 24 mutex groups necessary.
21136 of 21136 operators necessary.
0 of 0 axiom rules necessary.
Reordering and filtering variables: [0.070s CPU, 0.073s wall-clock]
Translator variables: 24
Translator derived variables: 0
Translator facts: 884
Translator goal facts: 16
Translator mutex groups: 0
Translator total mutex groups size: 0
Translator operators: 21136
Translator axioms: 0
Translator task size: 125772
Translator peak memory: 115668 KB
Writing output... [0.090s CPU, 0.097s wall-clock]
Done! [2.480s CPU, 2.511s wall-clock]
translate exit code: 0

INFO     Running search (release).
INFO     search stdin: output.sas
INFO     search time limit: 597s
INFO     search memory limit: 3584 MB
INFO     search command line string: /usr/local/downward-projects/downward/experiments/assign3/data/assign3-anytime_exp/code-1fb14623350588fb782db39ad332c8a25eda53d6_e5e41175/builds/release/bin/downward --evaluator 'h=lmcut()' --search 'eager_anytime(epsilon_greedy(
        sum([weight(h, 2, verbosity=normal), g()]), epsilon=0.5, random_seed=1234), 
        reopen_closed=true, f_eval=sum([h, g()]))' --internal-plan-file sas_plan < output.sas
[t=0.00104953s, 10884 KB] reading input...
[t=0.0691261s, 17216 KB] done reading input!
[t=0.0827147s, 22568 KB] Initializing landmark cut heuristic...
[t=0.083299s, 22568 KB] Building successor generator...done!
[t=0.0938022s, 26740 KB] peak memory difference for successor generator creation: 4172 KB
[t=0.0939129s, 26740 KB] time for successor generation creation: 0.00972703s
[t=0.0939379s, 26740 KB] Variables: 24
[t=0.0939704s, 26740 KB] FactPairs: 884
[t=0.093993s, 26740 KB] Bytes per state: 20
[t=0.0940161s, 26740 KB] Conducting best first anytime search with reopening closed nodes, (real) bound = 2147483647
[t=0.150824s, 26740 KB] New best heuristic value for lmcut(): 203
[t=0.151746s, 26740 KB] g=0, 1 evaluated, 0 expanded
[t=0.151775s, 26740 KB] Initial heuristic value for lmcut(): 203
[t=0.151812s, 26740 KB] Start Timestep: 1681955135624 millisecond(s).
[t=0.211983s, 26740 KB] New best heuristic value for lmcut(): 202
[t=0.212103s, 26740 KB] g=21, 2 evaluated, 1 expanded
[t=0.274409s, 26740 KB] New best heuristic value for lmcut(): 196
[t=0.274699s, 26740 KB] g=20, 3 evaluated, 1 expanded
[t=0.45709s, 26740 KB] New best heuristic value for lmcut(): 186
[t=0.457521s, 26740 KB] g=14, 6 evaluated, 1 expanded
[t=0.757302s, 26740 KB] New best heuristic value for lmcut(): 185
[t=0.758378s, 26740 KB] g=16, 11 evaluated, 1 expanded
[t=1.44396s, 26740 KB] New best heuristic value for lmcut(): 183
[t=1.4441s, 26740 KB] g=33, 23 evaluated, 2 expanded
[t=1.74444s, 26740 KB] New best heuristic value for lmcut(): 182
[t=1.74543s, 26740 KB] g=39, 28 evaluated, 2 expanded
[t=2.14861s, 26740 KB] New best heuristic value for lmcut(): 179
[t=2.14932s, 26740 KB] g=34, 35 evaluated, 3 expanded
[t=3.69666s, 26740 KB] New best heuristic value for lmcut(): 177
[t=3.69718s, 26740 KB] g=59, 62 evaluated, 5 expanded
[t=5.26593s, 26740 KB] New best heuristic value for lmcut(): 170
[t=5.26627s, 26740 KB] g=42, 90 evaluated, 6 expanded
[t=18.7467s, 26740 KB] New best heuristic value for lmcut(): 162
[t=18.7476s, 26740 KB] g=68, 337 evaluated, 26 expanded
[t=28.6594s, 26740 KB] New best heuristic value for lmcut(): 161
[t=28.6603s, 26740 KB] g=69, 514 evaluated, 42 expanded, 1 reopened
[t=28.8735s, 26740 KB] New best heuristic value for lmcut(): 154
[t=28.8738s, 26740 KB] g=82, 518 evaluated, 42 expanded, 1 reopened
[t=30.9177s, 26740 KB] New best heuristic value for lmcut(): 149
[t=30.918s, 26740 KB] g=101, 557 evaluated, 45 expanded, 1 reopened
[t=74.2409s, 26740 KB] New best heuristic value for lmcut(): 144
[t=74.2421s, 26740 KB] g=117, 1359 evaluated, 108 expanded, 5 reopened
[t=367.088s, 26740 KB] New best heuristic value for lmcut(): 143
[t=367.088s, 26740 KB] g=118, 6971 evaluated, 549 expanded, 33 reopened
[t=369.389s, 26740 KB] New best heuristic value for lmcut(): 142
[t=369.389s, 26740 KB] g=119, 7016 evaluated, 552 expanded, 33 reopened
Peak memory: 26740 KB
caught signal 24 -- exiting
Time limit has been reached.
Remove intermediate file output.sas
search exit code: 23

Driver aborting after search
INFO     Planner time: 598.48s
