INFO     planner time limit: 600s
INFO     planner memory limit: 3584 MB

INFO     Running translator.
INFO     translator stdin: None
INFO     translator time limit: 599s
INFO     translator memory limit: 3584 MB
INFO     translator command line string: /usr/local/downward-projects/downward/experiments/src/thesis/.venv/bin/python3 /usr/local/downward-projects/downward/experiments/src/thesis/data/thesis-thesis_exp/code-84c08dfff1890fbf6247184940c8166177195ea1_e5e41175/builds/release/bin/translate/translate.py domain.pddl problem.pddl --sas-file output.sas
Parsing...
Parsing: [0.050s CPU, 0.052s wall-clock]
Normalizing task... [0.000s CPU, 0.006s wall-clock]
Instantiating...
Generating Datalog program... [0.010s CPU, 0.012s wall-clock]
Normalizing Datalog program...
Normalizing Datalog program: [0.050s CPU, 0.042s wall-clock]
Preparing model... [0.030s CPU, 0.036s wall-clock]
Generated 2012 rules.
Computing model... [4.190s CPU, 4.195s wall-clock]
130032 relevant atoms
189252 auxiliary atoms
319284 final queue length
568784 total queue pushes
Completing instantiation... [6.600s CPU, 6.596s wall-clock]
Instantiating: [11.210s CPU, 11.216s wall-clock]
Computing fact groups...
Finding invariants...
10 initial candidates
Finding invariants: [0.080s CPU, 0.071s wall-clock]
Checking invariant weight... [0.010s CPU, 0.005s wall-clock]
Instantiating groups... [0.000s CPU, 0.003s wall-clock]
Collecting mutex groups... [0.000s CPU, 0.001s wall-clock]
Choosing groups...
250 uncovered facts
Choosing groups: [0.000s CPU, 0.004s wall-clock]
Building translation key... [0.000s CPU, 0.001s wall-clock]
Computing fact groups: [0.100s CPU, 0.093s wall-clock]
Building STRIPS to SAS dictionary... [0.000s CPU, 0.001s wall-clock]
Building dictionary for full mutex groups... [0.010s CPU, 0.002s wall-clock]
Building mutex information...
Building mutex information: [0.000s CPU, 0.003s wall-clock]
Translating task...
Processing axioms...
Simplifying axioms... [0.000s CPU, 0.000s wall-clock]
Translator axioms removed by simplifying: 0
Computing negative axioms... [0.000s CPU, 0.000s wall-clock]
Processing axioms: [0.190s CPU, 0.189s wall-clock]
Translating task: [4.420s CPU, 4.433s wall-clock]
0 effect conditions simplified
0 implied preconditions added
Detecting unreachable propositions...
0 operators removed
0 axioms removed
251 propositions removed
Detecting unreachable propositions: [3.110s CPU, 3.103s wall-clock]
Reordering and filtering variables...
501 of 501 variables necessary.
0 of 501 mutex groups necessary.
125500 of 125500 operators necessary.
0 of 0 axiom rules necessary.
Reordering and filtering variables: [0.480s CPU, 0.480s wall-clock]
Translator variables: 501
Translator derived variables: 0
Translator facts: 1501
Translator goal facts: 250
Translator mutex groups: 0
Translator total mutex groups size: 0
Translator operators: 125500
Translator axioms: 0
Translator task size: 823779
Translator peak memory: 541316 KB
Writing output... [0.610s CPU, 0.605s wall-clock]
Done! [20.220s CPU, 20.221s wall-clock]
translate exit code: 0

INFO     Running search (release).
INFO     search stdin: output.sas
INFO     search time limit: 579s
INFO     search memory limit: 3584 MB
INFO     search command line string: /usr/local/downward-projects/downward/experiments/src/thesis/data/thesis-thesis_exp/code-84c08dfff1890fbf6247184940c8166177195ea1_e5e41175/builds/release/bin/downward --evaluator 'h=ff()' --search 'eager(partition(h, plateau_partition(), inter_uniform(), intra_uniform() )) ' --internal-plan-file sas_plan < output.sas
[t=0s, 11732 KB] reading input...
[t=0.399911s, 45544 KB] done reading input!
[t=0.435838s, 61736 KB] Simplifying 250500 unary operators... done! [250500 unary operators]
[t=1.13962s, 84256 KB] time to simplify: 0.703782s
[t=1.14755s, 84256 KB] Initializing additive heuristic...
[t=1.14925s, 84256 KB] Initializing FF heuristic...
[t=1.14929s, 84256 KB] Building successor generator...done!
[t=1.2074s, 84256 KB] peak memory difference for successor generator creation: 0 KB
[t=1.20744s, 84256 KB] time for successor generation creation: 0.0540385s
[t=1.20746s, 84256 KB] Variables: 501
[t=1.2075s, 84256 KB] FactPairs: 1501
[t=1.20752s, 84256 KB] Bytes per state: 96
[t=1.20755s, 84256 KB] Conducting best first search without reopening closed nodes, (real) bound = 2147483647
[t=1.21135s, 84256 KB] New best heuristic value for ff(): 1
[t=1.21362s, 84256 KB] g=0, 1 evaluated, 0 expanded
[t=1.21365s, 84256 KB] Initial heuristic value for ff(): 1
[t=1.21368s, 84256 KB] pruning method: none
[t=1.2137s, 84256 KB] Start Timestep: 1693567257088 millisecond(s).
[t=1.21926s, 84256 KB] New best heuristic value for ff(): 0
[t=1.22024s, 84256 KB] g=1, 2 evaluated, 1 expanded
Peak memory: 85972 KB
caught signal 24 -- exiting
Time limit has been reached.
Remove intermediate file output.sas
search exit code: 23

Driver aborting after search
INFO     Planner time: 599.22s
