INFO     planner time limit: 300s
INFO     planner memory limit: 3584 MB

INFO     Running translator.
INFO     translator stdin: None
INFO     translator time limit: 299s
INFO     translator memory limit: 3584 MB
INFO     translator command line string: /usr/local/downward-projects/downward/experiments/.venv/bin/python3 /usr/local/downward-projects/downward/experiments/src/thesis/data/thesis-thesis_exp/code-d93485cdd92f65ede2ae3573b3f4adda0b49e4fd_e5e41175/builds/release/bin/translate/translate.py domain.pddl problem.pddl --sas-file output.sas
Parsing...
Parsing: [0.010s CPU, 0.006s wall-clock]
Normalizing task... [0.000s CPU, 0.000s wall-clock]
Instantiating...
Generating Datalog program... [0.000s CPU, 0.001s wall-clock]
Normalizing Datalog program...
Normalizing Datalog program: [0.000s CPU, 0.006s wall-clock]
Preparing model... [0.010s CPU, 0.004s wall-clock]
Generated 198 rules.
Computing model... [0.170s CPU, 0.165s wall-clock]
9223 relevant atoms
13629 auxiliary atoms
22852 final queue length
54746 total queue pushes
Completing instantiation... [0.420s CPU, 0.419s wall-clock]
Instantiating: [0.610s CPU, 0.602s wall-clock]
Computing fact groups...
Finding invariants...
24 initial candidates
Finding invariants: [0.010s CPU, 0.015s wall-clock]
Checking invariant weight... [0.000s CPU, 0.001s wall-clock]
Instantiating groups... [0.010s CPU, 0.009s wall-clock]
Collecting mutex groups... [0.000s CPU, 0.000s wall-clock]
Choosing groups...
361 uncovered facts
Choosing groups: [0.000s CPU, 0.001s wall-clock]
Building translation key... [0.000s CPU, 0.001s wall-clock]
Computing fact groups: [0.030s CPU, 0.031s wall-clock]
Building STRIPS to SAS dictionary... [0.000s CPU, 0.001s wall-clock]
Building dictionary for full mutex groups... [0.000s CPU, 0.001s wall-clock]
Building mutex information...
Building mutex information: [0.000s CPU, 0.000s wall-clock]
Translating task...
Processing axioms...
Simplifying axioms... [0.000s CPU, 0.000s wall-clock]
Translator axioms removed by simplifying: 0
Computing negative axioms... [0.000s CPU, 0.000s wall-clock]
Processing axioms: [0.010s CPU, 0.016s wall-clock]
Translating task: [0.360s CPU, 0.368s wall-clock]
4295 effect conditions simplified
0 implied preconditions added
Detecting unreachable propositions...
0 operators removed
0 axioms removed
122 propositions removed
Detecting unreachable propositions: [0.270s CPU, 0.259s wall-clock]
Reordering and filtering variables...
393 of 404 variables necessary.
86 of 122 mutex groups necessary.
8046 of 8046 operators necessary.
0 of 0 axiom rules necessary.
Reordering and filtering variables: [0.070s CPU, 0.076s wall-clock]
Translator variables: 393
Translator derived variables: 0
Translator facts: 1057
Translator goal facts: 103
Translator mutex groups: 86
Translator total mutex groups size: 297
Translator operators: 8046
Translator axioms: 0
Translator task size: 69616
Translator peak memory: 78996 KB
Writing output... [0.060s CPU, 0.058s wall-clock]
Done! [1.430s CPU, 1.422s wall-clock]
translate exit code: 0

INFO     Running search (release).
INFO     search stdin: output.sas
INFO     search time limit: 298s
INFO     search memory limit: 3584 MB
INFO     search command line string: /usr/local/downward-projects/downward/experiments/src/thesis/data/thesis-thesis_exp/code-d93485cdd92f65ede2ae3573b3f4adda0b49e4fd_e5e41175/builds/release/bin/downward --evaluator 'h=ff()' --search 'eager(epsilon_greedy(h, epsilon=0.2))' --internal-plan-file sas_plan < output.sas
[t=0s, 11364 KB] reading input...
[t=0.0399251s, 14488 KB] done reading input!
[t=0.0438822s, 16504 KB] Simplifying 33046 unary operators... done! [14170 unary operators]
[t=0.0693474s, 18768 KB] time to simplify: 0.0254652s
[t=0.0717199s, 18768 KB] Initializing additive heuristic...
[t=0.0719566s, 18768 KB] Initializing FF heuristic...
[t=0.0719847s, 18768 KB] Building successor generator...done!
[t=0.0744583s, 18768 KB] peak memory difference for successor generator creation: 0 KB
[t=0.074536s, 18768 KB] time for successor generation creation: 0s
[t=0.0745602s, 18768 KB] Variables: 393
[t=0.0745903s, 18768 KB] FactPairs: 1057
[t=0.0746135s, 18768 KB] Bytes per state: 68
[t=0.0746367s, 18768 KB] Conducting best first search without reopening closed nodes, (real) bound = 2147483647
[t=0.0746931s, 18768 KB] New best heuristic value for ff(): 2380
[t=0.0749973s, 18768 KB] g=0, 1 evaluated, 0 expanded
[t=0.0750244s, 18768 KB] Initial heuristic value for ff(): 2380
[t=0.075051s, 18768 KB] pruning method: none
[t=0.0750746s, 18768 KB] Start Timestep: 1687922409543 millisecond(s).
[t=0.0751201s, 18768 KB] New best heuristic value for ff(): 2305
[t=0.0753492s, 18768 KB] g=45, 2 evaluated, 1 expanded
[t=0.0754979s, 18768 KB] New best heuristic value for ff(): 1910
[t=0.0767576s, 18768 KB] g=30, 11 evaluated, 1 expanded
[t=0.0874504s, 18768 KB] New best heuristic value for ff(): 1850
[t=0.0888989s, 18768 KB] g=30, 98 evaluated, 1 expanded
[t=0.0954011s, 18768 KB] New best heuristic value for ff(): 1310
[t=0.096293s, 18768 KB] g=30, 150 evaluated, 1 expanded
[t=0.111346s, 18768 KB] New best heuristic value for ff(): 1235
[t=0.114487s, 18768 KB] g=75, 280 evaluated, 2 expanded
[t=0.151279s, 18768 KB] New best heuristic value for ff(): 1215
[t=0.152621s, 18768 KB] g=95, 553 evaluated, 3 expanded
[t=0.159218s, 18768 KB] New best heuristic value for ff(): 1205
[t=0.162377s, 18768 KB] g=105, 622 evaluated, 3 expanded
[t=0.175166s, 18768 KB] New best heuristic value for ff(): 1195
[t=0.176111s, 18768 KB] g=105, 720 evaluated, 3 expanded
[t=0.17614s, 18768 KB] New best heuristic value for ff(): 1190
[t=0.17659s, 18768 KB] g=105, 723 evaluated, 3 expanded
[t=0.191082s, 18768 KB] New best heuristic value for ff(): 1170
[t=0.191872s, 18768 KB] g=125, 832 evaluated, 4 expanded
[t=0.199018s, 18768 KB] New best heuristic value for ff(): 1160
[t=0.201458s, 18768 KB] g=135, 899 evaluated, 4 expanded
[t=0.210978s, 18768 KB] New best heuristic value for ff(): 1150
[t=0.214802s, 18768 KB] g=135, 993 evaluated, 4 expanded
[t=0.234875s, 18768 KB] New best heuristic value for ff(): 1130
[t=0.23561s, 18768 KB] g=155, 1139 evaluated, 5 expanded
[t=0.242818s, 18768 KB] New best heuristic value for ff(): 1120
[t=0.24501s, 18768 KB] g=165, 1204 evaluated, 5 expanded
[t=0.26677s, 18768 KB] New best heuristic value for ff(): 1110
[t=0.270189s, 18768 KB] g=165, 1382 evaluated, 5 expanded
[t=0.282712s, 18768 KB] New best heuristic value for ff(): 1090
[t=0.283307s, 18768 KB] g=185, 1472 evaluated, 6 expanded
[t=0.290651s, 18768 KB] New best heuristic value for ff(): 1080
[t=0.292516s, 18768 KB] g=195, 1535 evaluated, 6 expanded
[t=0.330578s, 18768 KB] New best heuristic value for ff(): 1060
[t=0.333817s, 18768 KB] g=215, 1823 evaluated, 7 expanded
[t=0.382501s, 18768 KB] New best heuristic value for ff(): 1050
[t=0.382662s, 18768 KB] g=225, 2161 evaluated, 8 expanded
[t=0.38645s, 18768 KB] New best heuristic value for ff(): 1040
[t=0.386514s, 18768 KB] g=245, 2187 evaluated, 8 expanded
[t=0.430398s, 18768 KB] New best heuristic value for ff(): 1030
[t=0.430504s, 18768 KB] g=255, 2493 evaluated, 9 expanded
[t=0.446338s, 18768 KB] New best heuristic value for ff(): 1020
[t=0.450074s, 18768 KB] g=275, 2628 evaluated, 9 expanded
[t=0.478279s, 18768 KB] New best heuristic value for ff(): 1010
[t=0.480871s, 18768 KB] g=285, 2841 evaluated, 10 expanded
[t=0.498216s, 18768 KB] New best heuristic value for ff(): 1000
[t=0.499729s, 18768 KB] g=305, 2971 evaluated, 10 expanded
[t=0.530161s, 18768 KB] New best heuristic value for ff(): 975
[t=0.530909s, 18768 KB] g=320, 3187 evaluated, 10 expanded
[t=0.53094s, 18768 KB] New best heuristic value for ff(): 965
[t=0.532436s, 18768 KB] g=330, 3196 evaluated, 11 expanded
[t=0.550058s, 18768 KB] New best heuristic value for ff(): 955
[t=0.551363s, 18768 KB] g=350, 3326 evaluated, 11 expanded
[t=0.633994s, 18768 KB] New best heuristic value for ff(): 945
[t=0.634903s, 18768 KB] g=360, 3903 evaluated, 13 expanded
[t=0.649918s, 18768 KB] New best heuristic value for ff(): 940
[t=0.65332s, 18768 KB] g=380, 4030 evaluated, 13 expanded
[t=0.665865s, 18768 KB] New best heuristic value for ff(): 935
[t=0.666262s, 18768 KB] g=380, 4121 evaluated, 13 expanded
[t=0.673734s, 18768 KB] New best heuristic value for ff(): 910
[t=0.676495s, 18768 KB] g=395, 4191 evaluated, 13 expanded
[t=0.685685s, 18768 KB] New best heuristic value for ff(): 900
[t=0.686403s, 18768 KB] g=405, 4257 evaluated, 14 expanded
[t=0.701618s, 18768 KB] New best heuristic value for ff(): 895
[t=0.704789s, 18768 KB] g=425, 4384 evaluated, 14 expanded
[t=0.717572s, 18768 KB] New best heuristic value for ff(): 890
[t=0.717758s, 18768 KB] g=425, 4475 evaluated, 14 expanded
[t=0.737496s, 18768 KB] New best heuristic value for ff(): 880
[t=0.737798s, 18768 KB] g=435, 4611 evaluated, 15 expanded
[t=0.754861s, 18768 KB] New best heuristic value for ff(): 875
[t=0.755487s, 18768 KB] g=455, 4732 evaluated, 15 expanded
[t=0.780942s, 18768 KB] New best heuristic value for ff(): 870
[t=0.78466s, 18768 KB] g=435, 4935 evaluated, 15 expanded
[t=0.788885s, 18768 KB] New best heuristic value for ff(): 860
[t=0.790727s, 18768 KB] g=445, 4975 evaluated, 16 expanded
[t=0.804834s, 18768 KB] New best heuristic value for ff(): 855
[t=0.808335s, 18768 KB] g=465, 5096 evaluated, 16 expanded
[t=0.836779s, 18768 KB] New best heuristic value for ff(): 850
[t=0.83891s, 18768 KB] g=455, 5308 evaluated, 16 expanded
[t=0.840728s, 18768 KB] New best heuristic value for ff(): 840
[t=0.842603s, 18768 KB] g=465, 5332 evaluated, 17 expanded
[t=0.856684s, 18768 KB] New best heuristic value for ff(): 835
[t=0.860175s, 18768 KB] g=485, 5453 evaluated, 17 expanded
[t=0.892613s, 18768 KB] New best heuristic value for ff(): 825
[t=0.895251s, 18768 KB] g=495, 5696 evaluated, 18 expanded
[t=0.908552s, 18768 KB] New best heuristic value for ff(): 820
[t=0.911838s, 18768 KB] g=515, 5811 evaluated, 18 expanded
[t=0.944482s, 18768 KB] New best heuristic value for ff(): 810
[t=0.946364s, 18768 KB] g=525, 6052 evaluated, 19 expanded
[t=0.960417s, 18768 KB] New best heuristic value for ff(): 805
[t=0.961948s, 18768 KB] g=545, 6161 evaluated, 19 expanded
[t=0.996361s, 18768 KB] New best heuristic value for ff(): 795
[t=0.997034s, 18768 KB] g=555, 6407 evaluated, 20 expanded
[t=1.0243s, 18768 KB] New best heuristic value for ff(): 790
[t=1.02571s, 18768 KB] g=555, 6612 evaluated, 20 expanded
[t=1.04423s, 18768 KB] New best heuristic value for ff(): 780
[t=1.04737s, 18768 KB] g=565, 6761 evaluated, 21 expanded
[t=1.07188s, 18768 KB] New best heuristic value for ff(): 775
[t=1.07426s, 18768 KB] g=565, 6953 evaluated, 21 expanded
[t=1.09579s, 18768 KB] New best heuristic value for ff(): 765
[t=1.09853s, 18768 KB] g=570, 7121 evaluated, 21 expanded
[t=1.09857s, 18768 KB] New best heuristic value for ff(): 755
[t=1.09955s, 18768 KB] g=580, 7127 evaluated, 22 expanded
[t=1.12369s, 18768 KB] New best heuristic value for ff(): 750
[t=1.12645s, 18768 KB] g=580, 7319 evaluated, 22 expanded
[t=1.19561s, 18768 KB] New best heuristic value for ff(): 740
[t=1.19938s, 18768 KB] g=590, 7819 evaluated, 24 expanded
[t=1.22439s, 18768 KB] New best heuristic value for ff(): 735
[t=1.22485s, 18768 KB] g=590, 7998 evaluated, 24 expanded
[t=1.24433s, 18768 KB] New best heuristic value for ff(): 730
[t=1.24519s, 18768 KB] g=590, 8140 evaluated, 24 expanded
[t=1.24828s, 18768 KB] New best heuristic value for ff(): 720
[t=1.24952s, 18768 KB] g=600, 8169 evaluated, 25 expanded
[t=1.27223s, 18768 KB] New best heuristic value for ff(): 715
[t=1.27461s, 18768 KB] g=600, 8348 evaluated, 25 expanded
[t=1.29618s, 18768 KB] New best heuristic value for ff(): 705
[t=1.29752s, 18768 KB] g=610, 8507 evaluated, 26 expanded
[t=1.32413s, 18768 KB] New best heuristic value for ff(): 700
[t=1.32717s, 18768 KB] g=615, 8719 evaluated, 26 expanded
[t=1.39205s, 18768 KB] New best heuristic value for ff(): 690
[t=1.39534s, 18768 KB] g=625, 9199 evaluated, 28 expanded
[t=1.42398s, 18768 KB] New best heuristic value for ff(): 685
[t=1.42479s, 18768 KB] g=630, 9410 evaluated, 28 expanded
[t=1.43991s, 18768 KB] New best heuristic value for ff(): 675
[t=1.44187s, 18768 KB] g=640, 9529 evaluated, 29 expanded
[t=1.47185s, 18768 KB] New best heuristic value for ff(): 670
[t=1.47434s, 18768 KB] g=645, 9761 evaluated, 29 expanded
[t=1.48779s, 18768 KB] New best heuristic value for ff(): 660
[t=1.48845s, 18768 KB] g=655, 9859 evaluated, 30 expanded
[t=1.51969s, 18768 KB] New best heuristic value for ff(): 655
[t=1.52316s, 18768 KB] g=655, 10105 evaluated, 30 expanded
[t=1.53162s, 18768 KB] New best heuristic value for ff(): 645
[t=1.53526s, 18768 KB] g=665, 10188 evaluated, 31 expanded
[t=1.56755s, 18768 KB] New best heuristic value for ff(): 640
[t=1.57001s, 18768 KB] g=670, 10435 evaluated, 31 expanded
[t=1.57948s, 18768 KB] New best heuristic value for ff(): 630
[t=1.58002s, 18768 KB] g=680, 10504 evaluated, 32 expanded
[t=1.62343s, 18768 KB] New best heuristic value for ff(): 610
[t=1.62452s, 18768 KB] g=690, 10817 evaluated, 33 expanded
[t=1.66736s, 18768 KB] New best heuristic value for ff(): 600
[t=1.66868s, 18768 KB] g=700, 11130 evaluated, 34 expanded
[t=1.71127s, 18768 KB] New best heuristic value for ff(): 595
[t=1.7119s, 18768 KB] g=710, 11436 evaluated, 35 expanded
[t=1.71193s, 18768 KB] New best heuristic value for ff(): 590
[t=1.71384s, 18768 KB] g=710, 11449 evaluated, 35 expanded
[t=1.75517s, 18768 KB] New best heuristic value for ff(): 585
[t=1.757s, 18768 KB] g=720, 11755 evaluated, 36 expanded
[t=1.75913s, 18768 KB] New best heuristic value for ff(): 580
[t=1.76081s, 18768 KB] g=740, 11781 evaluated, 36 expanded
[t=1.80308s, 18768 KB] New best heuristic value for ff(): 575
[t=1.80372s, 18768 KB] g=750, 12086 evaluated, 37 expanded
[t=1.80703s, 18768 KB] New best heuristic value for ff(): 570
[t=1.80778s, 18768 KB] g=770, 12114 evaluated, 37 expanded
[t=1.84697s, 18768 KB] New best heuristic value for ff(): 560
[t=1.84833s, 18768 KB] g=760, 12405 evaluated, 37 expanded
[t=1.84836s, 18768 KB] New best heuristic value for ff(): 555
[t=1.85045s, 18768 KB] g=770, 12419 evaluated, 38 expanded
[t=1.85089s, 18768 KB] New best heuristic value for ff(): 550
[t=1.8545s, 18768 KB] g=790, 12447 evaluated, 38 expanded
[t=1.89484s, 18768 KB] New best heuristic value for ff(): 545
[t=1.89587s, 18768 KB] g=800, 12744 evaluated, 39 expanded
[t=1.89879s, 18768 KB] New best heuristic value for ff(): 540
[t=1.90007s, 18768 KB] g=820, 12773 evaluated, 39 expanded
[t=1.92674s, 18768 KB] New best heuristic value for ff(): 530
[t=1.92713s, 18768 KB] g=810, 12970 evaluated, 39 expanded
[t=1.93869s, 18768 KB] New best heuristic value for ff(): 525
[t=1.93998s, 18768 KB] g=820, 13060 evaluated, 40 expanded
[t=1.94264s, 18768 KB] New best heuristic value for ff(): 520
[t=1.94415s, 18768 KB] g=840, 13089 evaluated, 40 expanded
[t=2.02258s, 18768 KB] New best heuristic value for ff(): 515
[t=2.02388s, 18768 KB] g=850, 13661 evaluated, 42 expanded
[t=2.02653s, 18768 KB] New best heuristic value for ff(): 510
[t=2.02839s, 18768 KB] g=870, 13692 evaluated, 42 expanded
[t=2.05047s, 18768 KB] New best heuristic value for ff(): 490
[t=2.05324s, 18768 KB] g=855, 13875 evaluated, 42 expanded
[t=2.06641s, 18768 KB] New best heuristic value for ff(): 485
[t=2.06656s, 18768 KB] g=865, 13968 evaluated, 43 expanded
[t=2.07037s, 18768 KB] New best heuristic value for ff(): 480
[t=2.07098s, 18768 KB] g=885, 13999 evaluated, 43 expanded
[t=2.10632s, 18768 KB] New best heuristic value for ff(): 475
[t=2.10778s, 18768 KB] g=895, 14267 evaluated, 44 expanded
[t=2.11027s, 18768 KB] New best heuristic value for ff(): 470
[t=2.11219s, 18768 KB] g=915, 14298 evaluated, 44 expanded
[t=2.14619s, 18768 KB] New best heuristic value for ff(): 465
[t=2.14694s, 18768 KB] g=925, 14554 evaluated, 45 expanded
[t=2.15413s, 18768 KB] New best heuristic value for ff(): 460
[t=2.15503s, 18768 KB] g=945, 14613 evaluated, 45 expanded
[t=2.16208s, 18768 KB] New best heuristic value for ff(): 420
[t=2.16613s, 18768 KB] g=945, 14696 evaluated, 45 expanded
[t=2.18203s, 18768 KB] New best heuristic value for ff(): 415
[t=2.18472s, 18768 KB] g=955, 14830 evaluated, 46 expanded
[t=2.18996s, 18768 KB] New best heuristic value for ff(): 410
[t=2.19286s, 18768 KB] g=975, 14889 evaluated, 46 expanded
[t=2.22187s, 18768 KB] New best heuristic value for ff(): 405
[t=2.22328s, 18768 KB] g=985, 15112 evaluated, 47 expanded
[t=2.22976s, 18768 KB] New best heuristic value for ff(): 400
[t=2.2328s, 18768 KB] g=1005, 15182 evaluated, 47 expanded
[t=2.2377s, 18768 KB] New best heuristic value for ff(): 380
[t=2.24067s, 18768 KB] g=1005, 15240 evaluated, 47 expanded
[t=2.25765s, 18768 KB] New best heuristic value for ff(): 375
[t=2.26101s, 18768 KB] g=1015, 15388 evaluated, 48 expanded
[t=2.26958s, 18768 KB] New best heuristic value for ff(): 370
[t=2.27054s, 18768 KB] g=1035, 15458 evaluated, 48 expanded
[t=2.29751s, 18988 KB] New best heuristic value for ff(): 365
[t=2.30027s, 18988 KB] g=1045, 15670 evaluated, 49 expanded
[t=2.30544s, 18988 KB] New best heuristic value for ff(): 360
[t=2.30815s, 18988 KB] g=1065, 15731 evaluated, 49 expanded
[t=2.32938s, 18988 KB] New best heuristic value for ff(): 325
[t=2.33279s, 18988 KB] g=1080, 15922 evaluated, 49 expanded
[t=2.33332s, 18988 KB] New best heuristic value for ff(): 320
[t=2.33606s, 18988 KB] g=1090, 15946 evaluated, 50 expanded
[t=2.34127s, 18988 KB] New best heuristic value for ff(): 315
[t=2.34393s, 18988 KB] g=1110, 16007 evaluated, 50 expanded
[t=2.36921s, 18988 KB] New best heuristic value for ff(): 310
[t=2.37148s, 18988 KB] g=1120, 16221 evaluated, 51 expanded
[t=2.37716s, 18988 KB] New best heuristic value for ff(): 305
[t=2.37821s, 18988 KB] g=1140, 16274 evaluated, 51 expanded
[t=2.44904s, 18988 KB] New best heuristic value for ff(): 300
[t=2.45066s, 18988 KB] g=1150, 16810 evaluated, 53 expanded
[t=2.45299s, 18988 KB] New best heuristic value for ff(): 295
[t=2.45629s, 18988 KB] g=1170, 16855 evaluated, 53 expanded
[t=2.48092s, 18988 KB] New best heuristic value for ff(): 290
[t=2.48437s, 18988 KB] g=1180, 17080 evaluated, 54 expanded
[t=2.48887s, 18988 KB] New best heuristic value for ff(): 285
[t=2.48953s, 18988 KB] g=1180, 17123 evaluated, 54 expanded
[t=2.50082s, 18988 KB] New best heuristic value for ff(): 280
[t=2.50332s, 18988 KB] g=1185, 17235 evaluated, 54 expanded
[t=2.51676s, 18988 KB] New best heuristic value for ff(): 275
[t=2.5171s, 18988 KB] g=1195, 17345 evaluated, 55 expanded
[t=2.52071s, 18988 KB] New best heuristic value for ff(): 270
[t=2.52223s, 18988 KB] g=1195, 17388 evaluated, 55 expanded
[t=2.70063s, 19124 KB] New best heuristic value for ff(): 265
[t=2.70227s, 19124 KB] g=1205, 18739 evaluated, 60 expanded
[t=2.70458s, 19124 KB] New best heuristic value for ff(): 260
[t=2.7058s, 19124 KB] g=1205, 18768 evaluated, 60 expanded
[t=2.70852s, 19124 KB] New best heuristic value for ff(): 255
[t=2.71165s, 19124 KB] g=1210, 18817 evaluated, 60 expanded
[t=2.71251s, 19124 KB] New best heuristic value for ff(): 250
[t=2.71281s, 19124 KB] g=1205, 18826 evaluated, 60 expanded
[t=2.78044s, 19124 KB] New best heuristic value for ff(): 245
[t=2.78199s, 19124 KB] g=1215, 19339 evaluated, 62 expanded
[t=2.78438s, 19124 KB] New best heuristic value for ff(): 240
[t=2.78553s, 19124 KB] g=1215, 19368 evaluated, 62 expanded
[t=2.80833s, 19124 KB] New best heuristic value for ff(): 235
[t=2.81109s, 19124 KB] g=1225, 19585 evaluated, 63 expanded
[t=2.81228s, 19124 KB] New best heuristic value for ff(): 230
[t=2.81589s, 19124 KB] g=1225, 19625 evaluated, 63 expanded
[t=2.83622s, 19124 KB] New best heuristic value for ff(): 225
[t=2.83883s, 19124 KB] g=1235, 19819 evaluated, 64 expanded
[t=2.84017s, 19512 KB] New best heuristic value for ff(): 220
[t=2.84376s, 19512 KB] g=1235, 19858 evaluated, 64 expanded
[t=2.86411s, 19512 KB] New best heuristic value for ff(): 215
[t=2.86544s, 19512 KB] g=1245, 20041 evaluated, 65 expanded
[t=2.86807s, 19512 KB] New best heuristic value for ff(): 210
[t=2.8712s, 19512 KB] g=1255, 20089 evaluated, 65 expanded
[t=2.88801s, 19512 KB] New best heuristic value for ff(): 205
[t=2.89047s, 19512 KB] g=1265, 20251 evaluated, 66 expanded
[t=2.89595s, 19512 KB] New best heuristic value for ff(): 200
[t=2.89613s, 19512 KB] g=1265, 20298 evaluated, 66 expanded
[t=2.9119s, 19512 KB] New best heuristic value for ff(): 195
[t=2.91398s, 19512 KB] g=1270, 20448 evaluated, 67 expanded
[t=2.91985s, 19512 KB] New best heuristic value for ff(): 190
[t=2.92s, 19512 KB] g=1270, 20498 evaluated, 67 expanded
[t=2.9678s, 19512 KB] New best heuristic value for ff(): 185
[t=2.9695s, 19512 KB] g=1280, 20894 evaluated, 69 expanded
[t=2.97574s, 19512 KB] New best heuristic value for ff(): 180
[t=2.97867s, 19512 KB] g=1280, 20971 evaluated, 69 expanded
[t=3.06767s, 19512 KB] New best heuristic value for ff(): 175
[t=3.07112s, 19512 KB] g=1290, 21666 evaluated, 72 expanded
[t=3.07561s, 19512 KB] New best heuristic value for ff(): 170
[t=3.07962s, 19512 KB] g=1295, 21737 evaluated, 72 expanded
[t=3.08756s, 19512 KB] New best heuristic value for ff(): 165
[t=3.09111s, 19512 KB] g=1305, 21833 evaluated, 73 expanded
[t=3.09948s, 19512 KB] New best heuristic value for ff(): 160
[t=3.09988s, 19512 KB] g=1305, 21906 evaluated, 73 expanded
[t=3.13143s, 19512 KB] New best heuristic value for ff(): 155
[t=3.13438s, 19512 KB] g=1315, 22196 evaluated, 75 expanded
[t=3.14336s, 19648 KB] New best heuristic value for ff(): 150
[t=3.14371s, 19648 KB] g=1315, 22274 evaluated, 75 expanded
[t=3.15132s, 19648 KB] New best heuristic value for ff(): 145
[t=3.15154s, 19648 KB] g=1325, 22339 evaluated, 76 expanded
[t=3.15928s, 19648 KB] New best heuristic value for ff(): 140
[t=3.16068s, 19648 KB] g=1335, 22416 evaluated, 76 expanded
[t=3.16324s, 19648 KB] New best heuristic value for ff(): 135
[t=3.1672s, 19648 KB] g=1345, 22470 evaluated, 77 expanded
[t=3.17518s, 19648 KB] New best heuristic value for ff(): 130
[t=3.17853s, 19648 KB] g=1345, 22565 evaluated, 77 expanded
[t=3.17913s, 19648 KB] New best heuristic value for ff(): 125
[t=3.18138s, 19648 KB] g=1355, 22588 evaluated, 78 expanded
[t=3.1911s, 19648 KB] New best heuristic value for ff(): 120
[t=3.19469s, 19648 KB] g=1360, 22700 evaluated, 79 expanded
[t=3.20807s, 19648 KB] New best heuristic value for ff(): 115
[t=3.20843s, 19648 KB] g=1370, 22816 evaluated, 80 expanded
[t=3.21897s, 19648 KB] New best heuristic value for ff(): 110
[t=3.22074s, 19648 KB] g=1380, 22920 evaluated, 81 expanded
[t=3.28292s, 19648 KB] New best heuristic value for ff(): 100
[t=3.28681s, 19648 KB] g=1410, 23411 evaluated, 85 expanded
[t=3.29085s, 19648 KB] New best heuristic value for ff(): 90
[t=3.29489s, 19648 KB] g=1420, 23479 evaluated, 86 expanded
[t=4.25866s, 20704 KB] New best heuristic value for ff(): 75
[t=4.26195s, 20704 KB] g=1445, 31371 evaluated, 182 expanded
[t=7.31027s, 23128 KB] New best heuristic value for ff(): 50
[t=7.31308s, 23128 KB] g=1635, 56275 evaluated, 505 expanded
[t=7.32619s, 23128 KB] New best heuristic value for ff(): 25
[t=7.32898s, 23128 KB] g=1650, 56424 evaluated, 507 expanded
[t=12.9528s, 28892 KB] New best heuristic value for ff(): 15
[t=12.954s, 28892 KB] g=1730, 107591 evaluated, 1125 expanded
[t=12.9608s, 28892 KB] New best heuristic value for ff(): 0
[t=12.9618s, 28892 KB] g=1740, 107683 evaluated, 1126 expanded
[t=12.9618s, 28892 KB] Solution found!
[t=12.9637s, 28892 KB] Actual search time: 12.8886s
load-highspeed-saw b5 highspeed-saw0 (30)
do-grind p4 grinder0 smooth blue colourfragments untreated (45)
do-saw-small b6 p23 saw0 pine smooth s9 s8 (30)
do-saw-medium b6 p20 saw0 pine smooth s8 s7 s6 (30)
do-saw-large b8 p8 saw0 beech rough s10 s8 s9 s7 (30)
do-saw-small b10 p21 saw0 beech rough s1 s0 (30)
do-glaze p4 glazer0 black (20)
do-saw-medium b0 p29 saw0 cherry rough s10 s9 s8 (30)
do-saw-large b6 p13 saw0 pine smooth s8 s6 s7 s5 (30)
do-grind p13 grinder0 smooth natural untreated untreated (45)
do-saw-large b6 p3 saw0 pine smooth s8 s6 s7 s5 (30)
do-grind p3 grinder0 smooth natural untreated untreated (45)
do-saw-medium b8 p15 saw0 beech rough s7 s6 s5 (30)
do-glaze p21 glazer0 red (10)
do-plane p15 planer0 rough natural untreated (20)
do-saw-small b6 p11 saw0 pine smooth s8 s7 (30)
do-saw-small b6 p22 saw0 pine smooth s8 s7 (30)
do-saw-small b6 p28 saw0 pine smooth s8 s7 (30)
cut-board-medium b5 p1 highspeed-saw0 oak smooth s6 s5 s4 (10)
do-glaze p1 glazer0 mauve (15)
cut-board-medium b5 p12 highspeed-saw0 oak smooth s4 s3 s2 (10)
do-immersion-varnish p12 immersion-varnisher0 blue smooth (10)
cut-board-medium b5 p17 highspeed-saw0 oak smooth s4 s3 s2 (10)
do-glaze p29 glazer0 black (15)
do-grind p28 grinder0 smooth natural untreated untreated (15)
do-grind p23 grinder0 smooth natural untreated untreated (15)
do-glaze p22 glazer0 blue (10)
do-glaze p20 glazer0 black (15)
do-plane p25 planer0 rough mauve varnished (10)
do-glaze p25 glazer0 green (10)
do-plane p18 planer0 smooth natural glazed (10)
do-plane p16 planer0 verysmooth green varnished (10)
do-saw-large b0 p0 saw0 cherry rough s8 s6 s7 s5 (30)
do-glaze p0 glazer0 black (20)
do-saw-large b0 p26 saw0 cherry rough s8 s6 s7 s5 (30)
do-glaze p26 glazer0 natural (20)
do-saw-medium b0 p27 saw0 cherry rough s8 s7 s6 (30)
do-glaze p27 glazer0 green (15)
do-saw-small b0 p24 saw0 cherry rough s8 s7 (30)
do-saw-large b0 p6 saw0 cherry rough s8 s6 s7 s5 (30)
do-plane p6 planer0 rough natural untreated (30)
do-saw-large b2 p7 saw0 mahogany rough s7 s5 s6 s4 (30)
do-plane p7 planer0 rough natural untreated (30)
do-saw-large b6 p10 saw0 pine smooth s8 s6 s7 s5 (30)
do-grind p10 grinder0 smooth natural untreated untreated (45)
do-saw-medium b6 p14 saw0 pine smooth s8 s7 s6 (30)
do-saw-medium b6 p9 saw0 pine smooth s8 s7 s6 (30)
do-saw-small b6 p2 saw0 pine smooth s8 s7 (30)
do-grind p2 grinder0 smooth natural untreated untreated (15)
cut-board-small b5 p5 highspeed-saw0 oak smooth s4 s3 (10)
do-glaze p5 glazer0 green (10)
do-immersion-varnish p9 immersion-varnisher0 black smooth (10)
do-immersion-varnish p7 immersion-varnisher0 natural smooth (10)
do-immersion-varnish p6 immersion-varnisher0 black smooth (10)
do-glaze p3 glazer0 white (20)
do-spray-varnish p28 spray-varnisher0 mauve verysmooth (5)
do-glaze p24 glazer0 black (10)
do-glaze p2 glazer0 black (10)
do-glaze p17 glazer0 black (15)
do-immersion-varnish p15 immersion-varnisher0 black smooth (10)
do-immersion-varnish p14 immersion-varnisher0 natural smooth (10)
do-glaze p13 glazer0 black (20)
do-immersion-varnish p10 immersion-varnisher0 black verysmooth (10)
do-spray-varnish p18 spray-varnisher0 black smooth (5)
do-glaze p16 glazer0 red (10)
do-glaze p23 glazer0 black (10)
do-glaze p11 glazer0 mauve (10)
do-grind p19 grinder0 verysmooth red varnished colourfragments (15)
do-grind p19 grinder0 verysmooth natural colourfragments untreated (15)
do-glaze p19 glazer0 natural (10)
do-grind p5 grinder0 smooth green glazed untreated (15)
do-glaze p5 glazer0 green (10)
unload-highspeed-saw b5 highspeed-saw0 (10)
load-highspeed-saw b2 highspeed-saw0 (30)
do-plane p8 planer0 rough natural untreated (30)
do-grind p8 grinder0 smooth natural untreated untreated (45)
do-grind p2 grinder0 verysmooth black glazed untreated (15)
do-glaze p2 glazer0 mauve (10)
do-plane p29 planer0 rough black glazed (20)
do-grind p29 grinder0 smooth natural untreated untreated (30)
do-glaze p29 glazer0 black (15)
do-plane p18 planer0 smooth black varnished (10)
do-spray-varnish p18 spray-varnisher0 natural smooth (5)
unload-highspeed-saw b2 highspeed-saw0 (10)
load-highspeed-saw b7 highspeed-saw0 (30)
do-plane p21 planer0 rough red glazed (10)
do-grind p21 grinder0 smooth natural untreated untreated (15)
do-glaze p21 glazer0 red (10)
[t=12.9637s, 28892 KB] Plan length: 88 step(s).
[t=12.9637s, 28892 KB] Plan cost: 1740
[t=12.9637s, 28892 KB] Timestamp: 1687922422456 millisecond(s).
[t=12.9637s, 28892 KB] Expanded 1127 state(s).
[t=12.9637s, 28892 KB] Reopened 0 state(s).
[t=12.9637s, 28892 KB] Evaluated 107705 state(s).
[t=12.9637s, 28892 KB] Evaluations: 107705
[t=12.9637s, 28892 KB] Generated 126043 state(s).
[t=12.9637s, 28892 KB] Dead ends: 8424 state(s).
[t=12.9637s, 28892 KB] Number of registered states: 107705
[t=12.9637s, 28892 KB] Int hash set load factor: 107705/131072 = 0.821724
[t=12.9637s, 28892 KB] Int hash set resizes: 17
[t=12.9637s, 28892 KB] Search time: 12.8891s
[t=12.9637s, 28892 KB] Total time: 12.9637s
Solution found.
Peak memory: 28892 KB
Remove intermediate file output.sas
search exit code: 0

INFO     Running validate.
INFO     validate stdin: None
INFO     validate time limit: None
INFO     validate memory limit: None
INFO     validate command line string: validate domain.pddl problem.pddl sas_plan
Checking plan: sas_plan
Plan executed successfully - checking goal
Plan valid
Final value: 1740 

Successful plans:
Value: 1740
 sas_plan 1740 

validate exit code: 0

INFO     Planner time: 14.50s
