INFO     planner time limit: 900s
INFO     planner memory limit: 3584 MB

INFO     Running translator.
INFO     translator stdin: None
INFO     translator time limit: 899s
INFO     translator memory limit: 3584 MB
INFO     translator command line string: /usr/local/downward-projects/downward/experiments/.venv/bin/python3 /usr/local/downward-projects/downward/experiments/src/thesis/data/thesis-thesis_exp/code-492c46a6b9a8d722366a407090da84235e2f79dc_e5e41175/builds/release/bin/translate/translate.py domain.pddl problem.pddl --sas-file output.sas
Parsing...
Parsing: [0.010s CPU, 0.002s wall-clock]
Normalizing task... [0.000s CPU, 0.000s wall-clock]
Instantiating...
Generating Datalog program... [0.000s CPU, 0.001s wall-clock]
Normalizing Datalog program...
Normalizing Datalog program: [0.000s CPU, 0.002s wall-clock]
Preparing model... [0.000s CPU, 0.001s wall-clock]
Generated 74 rules.
Computing model... [0.360s CPU, 0.359s wall-clock]
45507 relevant atoms
4501 auxiliary atoms
50008 final queue length
192439 total queue pushes
Completing instantiation... [1.630s CPU, 1.639s wall-clock]
Instantiating: [2.010s CPU, 2.016s wall-clock]
Computing fact groups...
Finding invariants...
16 initial candidates
Finding invariants: [0.020s CPU, 0.023s wall-clock]
Checking invariant weight... [0.000s CPU, 0.000s wall-clock]
Instantiating groups... [0.000s CPU, 0.000s wall-clock]
Collecting mutex groups... [0.000s CPU, 0.000s wall-clock]
Choosing groups...
0 uncovered facts
Choosing groups: [0.000s CPU, 0.000s wall-clock]
Building translation key... [0.000s CPU, 0.000s wall-clock]
Computing fact groups: [0.020s CPU, 0.025s wall-clock]
Building STRIPS to SAS dictionary... [0.000s CPU, 0.000s wall-clock]
Building dictionary for full mutex groups... [0.000s CPU, 0.000s wall-clock]
Building mutex information...
Building mutex information: [0.000s CPU, 0.000s wall-clock]
Translating task...
Processing axioms...
Simplifying axioms... [0.000s CPU, 0.000s wall-clock]
Translator axioms removed by simplifying: 0
Computing negative axioms... [0.000s CPU, 0.000s wall-clock]
Processing axioms: [0.050s CPU, 0.049s wall-clock]
Translating task: [1.190s CPU, 1.189s wall-clock]
0 effect conditions simplified
0 implied preconditions added
Detecting unreachable propositions...
0 operators removed
0 axioms removed
11 propositions removed
Detecting unreachable propositions: [0.690s CPU, 0.688s wall-clock]
Reordering and filtering variables...
11 of 11 variables necessary.
0 of 12 mutex groups necessary.
28924 of 28924 operators necessary.
0 of 0 axiom rules necessary.
Reordering and filtering variables: [0.140s CPU, 0.143s wall-clock]
Translator variables: 11
Translator derived variables: 0
Translator facts: 252
Translator goal facts: 1
Translator mutex groups: 0
Translator total mutex groups size: 0
Translator operators: 28924
Translator axioms: 0
Translator task size: 216980
Translator peak memory: 177356 KB
Writing output... [0.150s CPU, 0.153s wall-clock]
Done! [4.280s CPU, 4.281s wall-clock]
translate exit code: 0

INFO     Running search (release).
INFO     search stdin: output.sas
INFO     search time limit: 895s
INFO     search memory limit: 3584 MB
INFO     search command line string: /usr/local/downward-projects/downward/experiments/src/thesis/data/thesis-thesis_exp/code-492c46a6b9a8d722366a407090da84235e2f79dc_e5e41175/builds/release/bin/downward --evaluator 'h=ff()' --search 'eager(lwm_based_type(h))' --internal-plan-file sas_plan < output.sas
[t=0s, 11200 KB] reading input...
[t=0.103955s, 20636 KB] done reading input!
[t=0.115899s, 26504 KB] Simplifying 86572 unary operators... done! [21772 unary operators]
[t=0.180041s, 31744 KB] time to simplify: 0.0641421s
[t=0.183751s, 31744 KB] Initializing additive heuristic...
[t=0.183836s, 31744 KB] Initializing FF heuristic...
[t=0.183862s, 31744 KB] Building successor generator...done!
[t=0.189982s, 31744 KB] peak memory difference for successor generator creation: 0 KB
[t=0.190042s, 31744 KB] time for successor generation creation: 0.0037579s
[t=0.190067s, 31744 KB] Variables: 11
[t=0.190579s, 31744 KB] FactPairs: 252
[t=0.190602s, 31744 KB] Bytes per state: 8
[t=0.190625s, 31744 KB] Conducting best first search without reopening closed nodes, (real) bound = 2147483647
[t=0.190682s, 31744 KB] New best heuristic value for ff(): 95
[t=0.190993s, 31744 KB] g=0, 1 evaluated, 0 expanded
[t=0.191019s, 31744 KB] Initial heuristic value for ff(): 95
[t=0.191047s, 31744 KB] pruning method: none
[t=0.19107s, 31744 KB] Start Timestep: 1685496825761 millisecond(s).
[t=0.191124s, 31744 KB] New best heuristic value for ff(): 94
[t=0.191396s, 31744 KB] g=1, 2 evaluated, 1 expanded
Peak memory: 322536 KB
caught signal 24 -- exiting
Time limit has been reached.
Remove intermediate file output.sas
search exit code: 23

Driver aborting after search
INFO     Planner time: 897.83s
