INFO     planner time limit: 300s
INFO     planner memory limit: 3584 MB

INFO     Running translator.
INFO     translator stdin: None
INFO     translator time limit: 299s
INFO     translator memory limit: 3584 MB
INFO     translator command line string: /usr/local/downward-projects/downward/experiments/.venv/bin/python3 /usr/local/downward-projects/downward/experiments/src/thesis/data/thesis-thesis_exp/code-d93485cdd92f65ede2ae3573b3f4adda0b49e4fd_e5e41175/builds/release/bin/translate/translate.py domain.pddl problem.pddl --sas-file output.sas
Parsing...
Parsing: [0.000s CPU, 0.002s wall-clock]
Normalizing task... [0.000s CPU, 0.000s wall-clock]
Instantiating...
Generating Datalog program... [0.000s CPU, 0.000s wall-clock]
Normalizing Datalog program...
Normalizing Datalog program: [0.000s CPU, 0.002s wall-clock]
Preparing model... [0.000s CPU, 0.001s wall-clock]
Generated 51 rules.
Computing model... [0.140s CPU, 0.148s wall-clock]
18873 relevant atoms
6856 auxiliary atoms
25729 final queue length
64385 total queue pushes
Completing instantiation... [0.630s CPU, 0.637s wall-clock]
Instantiating: [0.790s CPU, 0.796s wall-clock]
Computing fact groups...
Finding invariants...
5 initial candidates
Finding invariants: [0.010s CPU, 0.016s wall-clock]
Checking invariant weight... [0.000s CPU, 0.000s wall-clock]
Instantiating groups... [0.000s CPU, 0.001s wall-clock]
Collecting mutex groups... [0.000s CPU, 0.000s wall-clock]
Choosing groups...
16 uncovered facts
Choosing groups: [0.000s CPU, 0.001s wall-clock]
Building translation key... [0.000s CPU, 0.000s wall-clock]
Computing fact groups: [0.010s CPU, 0.019s wall-clock]
Building STRIPS to SAS dictionary... [0.000s CPU, 0.000s wall-clock]
Building dictionary for full mutex groups... [0.010s CPU, 0.000s wall-clock]
Building mutex information...
Building mutex information: [0.000s CPU, 0.000s wall-clock]
Translating task...
Processing axioms...
Simplifying axioms... [0.000s CPU, 0.000s wall-clock]
Translator axioms removed by simplifying: 0
Computing negative axioms... [0.000s CPU, 0.000s wall-clock]
Processing axioms: [0.020s CPU, 0.022s wall-clock]
Translating task: [0.560s CPU, 0.557s wall-clock]
0 effect conditions simplified
0 implied preconditions added
Detecting unreachable propositions...
0 operators removed
0 axioms removed
16 propositions removed
Detecting unreachable propositions: [0.350s CPU, 0.359s wall-clock]
Reordering and filtering variables...
32 of 32 variables necessary.
16 of 32 mutex groups necessary.
17280 of 17280 operators necessary.
0 of 0 axiom rules necessary.
Reordering and filtering variables: [0.060s CPU, 0.053s wall-clock]
Translator variables: 32
Translator derived variables: 0
Translator facts: 288
Translator goal facts: 32
Translator mutex groups: 16
Translator total mutex groups size: 256
Translator operators: 17280
Translator axioms: 0
Translator task size: 88928
Translator peak memory: 97264 KB
Writing output... [0.080s CPU, 0.073s wall-clock]
Done! [1.880s CPU, 1.888s wall-clock]
translate exit code: 0

INFO     Running search (release).
INFO     search stdin: output.sas
INFO     search time limit: 298s
INFO     search memory limit: 3584 MB
INFO     search command line string: /usr/local/downward-projects/downward/experiments/src/thesis/data/thesis-thesis_exp/code-d93485cdd92f65ede2ae3573b3f4adda0b49e4fd_e5e41175/builds/release/bin/downward --evaluator 'h=ff()' --search 'eager(alt([type_based([h, g()], random_seed=-1), single(h)]))' --internal-plan-file sas_plan < output.sas
[t=0.0021813s, 11364 KB] reading input...
[t=0.0501189s, 16412 KB] done reading input!
[t=0.0579732s, 18620 KB] Simplifying 36480 unary operators... done! [32640 unary operators]
[t=0.0739685s, 21436 KB] time to simplify: 0.0159953s
[t=0.0760521s, 21436 KB] Initializing additive heuristic...
[t=0.0764664s, 21436 KB] Initializing FF heuristic...
[t=0.0764941s, 21436 KB] Building successor generator...done!
[t=0.0816411s, 21436 KB] peak memory difference for successor generator creation: 0 KB
[t=0.0817212s, 21436 KB] time for successor generation creation: 0.0012209s
[t=0.0817463s, 21436 KB] Variables: 32
[t=0.0817746s, 21436 KB] FactPairs: 288
[t=0.081797s, 21436 KB] Bytes per state: 12
[t=0.0818187s, 21436 KB] Conducting best first search without reopening closed nodes, (real) bound = 2147483647
[t=0.0818835s, 21436 KB] New best heuristic value for ff(): 56
[t=0.0823719s, 21436 KB] g=0, 1 evaluated, 0 expanded
[t=0.0824006s, 21436 KB] Initial heuristic value for ff(): 56
[t=0.082431s, 21436 KB] pruning method: none
[t=0.0824538s, 21436 KB] Start Timestep: 1687906016777 millisecond(s).
[t=0.0825062s, 21436 KB] New best heuristic value for ff(): 53
[t=0.0828649s, 21436 KB] g=3, 2 evaluated, 1 expanded
[t=0.101586s, 21436 KB] New best heuristic value for ff(): 52
[t=0.10239s, 21436 KB] g=6, 74 evaluated, 2 expanded
[t=0.105529s, 21436 KB] New best heuristic value for ff(): 49
[t=0.106262s, 21436 KB] g=6, 88 evaluated, 2 expanded
[t=0.141443s, 21436 KB] New best heuristic value for ff(): 47
[t=0.143905s, 21436 KB] g=9, 225 evaluated, 4 expanded
[t=0.184142s, 21436 KB] New best heuristic value for ff(): 46
[t=0.185145s, 21436 KB] g=12, 378 evaluated, 6 expanded
[t=0.197281s, 21436 KB] New best heuristic value for ff(): 44
[t=0.20115s, 21436 KB] g=15, 436 evaluated, 7 expanded
[t=0.221232s, 21436 KB] New best heuristic value for ff(): 43
[t=0.222959s, 21436 KB] g=16, 515 evaluated, 8 expanded
[t=0.257177s, 21436 KB] New best heuristic value for ff(): 41
[t=0.259046s, 21436 KB] g=17, 648 evaluated, 10 expanded
[t=0.297124s, 21436 KB] New best heuristic value for ff(): 40
[t=0.298933s, 21436 KB] g=20, 794 evaluated, 12 expanded
[t=0.332839s, 21436 KB] New best heuristic value for ff(): 38
[t=0.335812s, 21436 KB] g=21, 926 evaluated, 14 expanded
[t=0.372781s, 21436 KB] New best heuristic value for ff(): 37
[t=0.374465s, 21436 KB] g=24, 1067 evaluated, 16 expanded
[t=0.408716s, 21436 KB] New best heuristic value for ff(): 35
[t=0.411536s, 21436 KB] g=25, 1200 evaluated, 18 expanded
[t=0.448642s, 21436 KB] New best heuristic value for ff(): 34
[t=0.450509s, 21436 KB] g=28, 1340 evaluated, 20 expanded
[t=0.488524s, 21436 KB] New best heuristic value for ff(): 32
[t=0.489452s, 21436 KB] g=29, 1481 evaluated, 22 expanded
[t=0.524456s, 21436 KB] New best heuristic value for ff(): 31
[t=0.526737s, 21436 KB] g=32, 1615 evaluated, 24 expanded
[t=0.564391s, 21436 KB] New best heuristic value for ff(): 29
[t=0.564518s, 21436 KB] g=33, 1753 evaluated, 26 expanded
[t=0.600338s, 21436 KB] New best heuristic value for ff(): 28
[t=0.601535s, 21436 KB] g=36, 1886 evaluated, 28 expanded
[t=3.63005s, 21436 KB] New best heuristic value for ff(): 25
[t=3.63147s, 21436 KB] g=41, 12728 evaluated, 224 expanded
[t=3.65398s, 21436 KB] New best heuristic value for ff(): 24
[t=3.65469s, 21436 KB] g=40, 12811 evaluated, 226 expanded
[t=6.39688s, 21436 KB] New best heuristic value for ff(): 21
[t=6.39759s, 21436 KB] g=47, 22568 evaluated, 396 expanded
[t=6.41682s, 21436 KB] New best heuristic value for ff(): 20
[t=6.4206s, 21436 KB] g=46, 22648 evaluated, 398 expanded
[t=8.0603s, 21436 KB] New best heuristic value for ff(): 17
[t=8.06313s, 21436 KB] g=53, 28447 evaluated, 496 expanded
[t=8.07222s, 21436 KB] New best heuristic value for ff(): 16
[t=8.0761s, 21436 KB] g=52, 28492 evaluated, 497 expanded
[t=9.9633s, 21648 KB] New best heuristic value for ff(): 13
[t=9.96532s, 21648 KB] g=59, 35147 evaluated, 607 expanded
[t=9.98724s, 21648 KB] New best heuristic value for ff(): 12
[t=9.98828s, 21648 KB] g=58, 35229 evaluated, 609 expanded
[t=11.373s, 21648 KB] New best heuristic value for ff(): 9
[t=11.3746s, 21648 KB] g=65, 40142 evaluated, 688 expanded
[t=11.393s, 21648 KB] New best heuristic value for ff(): 8
[t=11.397s, 21648 KB] g=64, 40222 evaluated, 690 expanded
[t=12.2881s, 21784 KB] New best heuristic value for ff(): 5
[t=12.2895s, 21784 KB] g=71, 43403 evaluated, 740 expanded
[t=12.308s, 21784 KB] New best heuristic value for ff(): 4
[t=12.3106s, 21784 KB] g=70, 43477 evaluated, 742 expanded
[t=12.6795s, 21916 KB] New best heuristic value for ff(): 1
[t=12.6808s, 21916 KB] g=77, 44825 evaluated, 762 expanded
[t=12.6995s, 21916 KB] New best heuristic value for ff(): 0
[t=12.7021s, 21916 KB] g=76, 44899 evaluated, 764 expanded
[t=12.7273s, 21916 KB] Solution found!
[t=12.729s, 21916 KB] Actual search time: 12.6465s
analyze-2 seg-in-1 seg-out-1 car-in-1 car-out-1 (3)
analyze-2 seg-in-1 seg-out-1 car-out-1 car-in-1 (3)
analyze-2 seg-in-2 seg-out-1 car-in-2 car-out-1 (3)
analyze-2 seg-in-6 seg-out-1 car-in-6 car-in-2 (3)
rotate-2 seg-in-6 seg-out-1 car-in-2 car-in-6 (1)
rotate-2 seg-in-2 seg-out-1 car-out-1 car-in-2 (1)
analyze-2 seg-in-3 seg-out-1 car-in-3 car-out-1 (3)
rotate-2 seg-in-3 seg-out-1 car-out-1 car-in-3 (1)
analyze-2 seg-in-4 seg-out-1 car-in-4 car-out-1 (3)
rotate-2 seg-in-4 seg-out-1 car-out-1 car-in-4 (1)
analyze-2 seg-in-5 seg-out-1 car-in-5 car-out-1 (3)
rotate-2 seg-in-5 seg-out-1 car-out-1 car-in-5 (1)
analyze-2 seg-in-7 seg-out-1 car-in-7 car-out-1 (3)
rotate-2 seg-in-7 seg-out-1 car-out-1 car-in-7 (1)
analyze-2 seg-in-8 seg-out-1 car-in-8 car-out-1 (3)
rotate-2 seg-in-8 seg-out-1 car-out-1 car-in-8 (1)
rotate-2 seg-in-1 seg-out-2 car-in-1 car-out-2 (1)
analyze-2 seg-in-1 seg-out-1 car-out-2 car-out-1 (3)
rotate-2 seg-in-1 seg-out-1 car-out-1 car-out-2 (1)
rotate-2 seg-in-1 seg-out-2 car-out-2 car-in-1 (1)
rotate-2 seg-in-1 seg-out-3 car-in-1 car-out-3 (1)
analyze-2 seg-in-1 seg-out-1 car-out-3 car-out-1 (3)
rotate-2 seg-in-1 seg-out-1 car-out-1 car-out-3 (1)
rotate-2 seg-in-1 seg-out-3 car-out-3 car-in-1 (1)
rotate-2 seg-in-6 seg-out-6 car-in-6 car-out-6 (1)
analyze-2 seg-in-6 seg-out-1 car-out-6 car-out-1 (3)
rotate-2 seg-in-6 seg-out-1 car-out-1 car-out-6 (1)
rotate-2 seg-in-6 seg-out-6 car-out-6 car-in-6 (1)
rotate-2 seg-in-1 seg-out-4 car-in-1 car-out-4 (1)
analyze-2 seg-in-1 seg-out-1 car-out-4 car-out-1 (3)
rotate-2 seg-in-1 seg-out-1 car-out-1 car-out-4 (1)
rotate-2 seg-in-1 seg-out-4 car-out-4 car-in-1 (1)
rotate-2 seg-in-1 seg-out-5 car-in-1 car-out-5 (1)
analyze-2 seg-in-1 seg-out-1 car-out-5 car-out-1 (3)
rotate-2 seg-in-1 seg-out-1 car-out-1 car-out-5 (1)
rotate-2 seg-in-1 seg-out-5 car-out-5 car-in-1 (1)
rotate-2 seg-in-1 seg-out-7 car-in-1 car-out-7 (1)
analyze-2 seg-in-1 seg-out-1 car-out-7 car-out-1 (3)
rotate-2 seg-in-1 seg-out-1 car-out-1 car-out-7 (1)
rotate-2 seg-in-1 seg-out-7 car-out-7 car-in-1 (1)
rotate-2 seg-in-1 seg-out-8 car-in-1 car-out-8 (1)
analyze-2 seg-in-1 seg-out-1 car-out-8 car-out-1 (3)
rotate-2 seg-in-1 seg-out-1 car-out-1 car-out-8 (1)
rotate-2 seg-in-1 seg-out-8 car-out-8 car-in-1 (1)
[t=12.729s, 21916 KB] Plan length: 44 step(s).
[t=12.729s, 21916 KB] Plan cost: 76
[t=12.729s, 21916 KB] Timestamp: 1687906029434 millisecond(s).
[t=12.729s, 21916 KB] Expanded 766 state(s).
[t=12.729s, 21916 KB] Reopened 0 state(s).
[t=12.729s, 21916 KB] Evaluated 45021 state(s).
[t=12.729s, 21916 KB] Evaluations: 45021
[t=12.729s, 21916 KB] Generated 55080 state(s).
[t=12.729s, 21916 KB] Dead ends: 0 state(s).
[t=12.729s, 21916 KB] Number of registered states: 45021
[t=12.729s, 21916 KB] Int hash set load factor: 45021/65536 = 0.686966
[t=12.729s, 21916 KB] Int hash set resizes: 16
[t=12.729s, 21916 KB] Search time: 12.6472s
[t=12.729s, 21916 KB] Total time: 12.729s
Solution found.
Peak memory: 21916 KB
Remove intermediate file output.sas
search exit code: 0

INFO     Running validate.
INFO     validate stdin: None
INFO     validate time limit: None
INFO     validate memory limit: None
INFO     validate command line string: validate domain.pddl problem.pddl sas_plan
Checking plan: sas_plan
Plan executed successfully - checking goal
Plan valid
Final value: 76 

Successful plans:
Value: 76
 sas_plan 76 

validate exit code: 0

INFO     Planner time: 14.73s
