INFO     planner time limit: 900s
INFO     planner memory limit: 3584 MB

INFO     Running translator.
INFO     translator stdin: None
INFO     translator time limit: 899s
INFO     translator memory limit: 3584 MB
INFO     translator command line string: /usr/local/downward-projects/downward/experiments/.venv/bin/python3 /usr/local/downward-projects/downward/experiments/src/thesis/data/thesis-thesis_exp/code-beb2e19b3d35a0ced2c328754445ca6967892fa8_e5e41175/builds/release/bin/translate/translate.py domain.pddl problem.pddl --sas-file output.sas
Parsing...
Parsing: [0.000s CPU, 0.002s wall-clock]
Normalizing task... [0.000s CPU, 0.000s wall-clock]
Instantiating...
Generating Datalog program... [0.000s CPU, 0.000s wall-clock]
Normalizing Datalog program...
Normalizing Datalog program: [0.000s CPU, 0.003s wall-clock]
Preparing model... [0.000s CPU, 0.001s wall-clock]
Generated 74 rules.
Computing model... [0.130s CPU, 0.124s wall-clock]
15677 relevant atoms
2529 auxiliary atoms
18206 final queue length
66819 total queue pushes
Completing instantiation... [0.470s CPU, 0.471s wall-clock]
Instantiating: [0.600s CPU, 0.603s wall-clock]
Computing fact groups...
Finding invariants...
16 initial candidates
Finding invariants: [0.010s CPU, 0.010s wall-clock]
Checking invariant weight... [0.000s CPU, 0.000s wall-clock]
Instantiating groups... [0.000s CPU, 0.000s wall-clock]
Collecting mutex groups... [0.000s CPU, 0.000s wall-clock]
Choosing groups...
0 uncovered facts
Choosing groups: [0.000s CPU, 0.000s wall-clock]
Building translation key... [0.000s CPU, 0.000s wall-clock]
Computing fact groups: [0.010s CPU, 0.012s wall-clock]
Building STRIPS to SAS dictionary... [0.000s CPU, 0.000s wall-clock]
Building dictionary for full mutex groups... [0.000s CPU, 0.000s wall-clock]
Building mutex information...
Building mutex information: [0.000s CPU, 0.000s wall-clock]
Translating task...
Processing axioms...
Simplifying axioms... [0.000s CPU, 0.000s wall-clock]
Translator axioms removed by simplifying: 0
Computing negative axioms... [0.000s CPU, 0.000s wall-clock]
Processing axioms: [0.020s CPU, 0.017s wall-clock]
Translating task: [0.340s CPU, 0.341s wall-clock]
0 effect conditions simplified
0 implied preconditions added
Detecting unreachable propositions...
0 operators removed
0 axioms removed
10 propositions removed
Detecting unreachable propositions: [0.210s CPU, 0.212s wall-clock]
Reordering and filtering variables...
10 of 10 variables necessary.
0 of 11 mutex groups necessary.
9679 of 9679 operators necessary.
0 of 0 axiom rules necessary.
Reordering and filtering variables: [0.040s CPU, 0.049s wall-clock]
Translator variables: 10
Translator derived variables: 0
Translator facts: 146
Translator goal facts: 1
Translator mutex groups: 0
Translator total mutex groups size: 0
Translator operators: 9679
Translator axioms: 0
Translator task size: 72612
Translator peak memory: 81156 KB
Writing output... [0.050s CPU, 0.051s wall-clock]
Done! [1.280s CPU, 1.291s wall-clock]
translate exit code: 0

INFO     Running search (release).
INFO     search stdin: output.sas
INFO     search time limit: 898s
INFO     search memory limit: 3584 MB
INFO     search command line string: /usr/local/downward-projects/downward/experiments/src/thesis/data/thesis-thesis_exp/code-beb2e19b3d35a0ced2c328754445ca6967892fa8_e5e41175/builds/release/bin/downward --evaluator 'h=ff()' --search 'eager(alt([lwm_based_type(h), single(h)]))' --internal-plan-file sas_plan < output.sas
[t=0.00105203s, 11252 KB] reading input...
[t=0.0335467s, 14396 KB] done reading input!
[t=0.0393294s, 16324 KB] Simplifying 28909 unary operators... done! [7309 unary operators]
[t=0.0575906s, 18024 KB] time to simplify: 0.0182611s
[t=0.0580823s, 18024 KB] Initializing additive heuristic...
[t=0.0582289s, 18024 KB] Initializing FF heuristic...
[t=0.0582565s, 18024 KB] Building successor generator...done!
[t=0.0600638s, 18024 KB] peak memory difference for successor generator creation: 0 KB
[t=0.0601261s, 18024 KB] time for successor generation creation: 0.00129665s
[t=0.0601521s, 18024 KB] Variables: 10
[t=0.0602398s, 18024 KB] FactPairs: 146
[t=0.0602632s, 18024 KB] Bytes per state: 8
[t=0.060286s, 18024 KB] Conducting best first search without reopening closed nodes, (real) bound = 2147483647
[t=0.0603446s, 18024 KB] New best heuristic value for ff(): 59
[t=0.0604504s, 18024 KB] g=0, 1 evaluated, 0 expanded
[t=0.060474s, 18024 KB] Initial heuristic value for ff(): 59
[t=0.0605029s, 18024 KB] pruning method: none
[t=0.0605262s, 18024 KB] Start Timestep: 1685779625975 millisecond(s).
[t=0.0605797s, 18024 KB] New best heuristic value for ff(): 58
[t=0.0606875s, 18024 KB] g=1, 2 evaluated, 1 expanded
[t=97.9321s, 286236 KB] New best heuristic value for ff(): 55
[t=97.9326s, 286236 KB] g=5, 1682960 evaluated, 170840 expanded
[t=97.9415s, 286236 KB] New best heuristic value for ff(): 54
[t=97.9426s, 286236 KB] g=7, 1683132 evaluated, 170843 expanded
[t=97.9562s, 286236 KB] New best heuristic value for ff(): 53
[t=97.9569s, 286236 KB] g=8, 1683379 evaluated, 170854 expanded
[t=190.866s, 555712 KB] New best heuristic value for ff(): 51
[t=190.867s, 555712 KB] g=15, 3264833 evaluated, 364008 expanded
[t=190.872s, 555712 KB] New best heuristic value for ff(): 50
[t=190.872s, 555712 KB] g=17, 3264912 evaluated, 364011 expanded
[t=190.883s, 555712 KB] New best heuristic value for ff(): 49
[t=190.884s, 555712 KB] g=18, 3265124 evaluated, 364023 expanded
[t=245.373s, 669628 KB] New best heuristic value for ff(): 47
[t=245.374s, 669628 KB] g=29, 4193486 evaluated, 487512 expanded
[t=245.38s, 669628 KB] New best heuristic value for ff(): 46
[t=245.381s, 669628 KB] g=31, 4193609 evaluated, 487516 expanded
[t=245.394s, 669628 KB] New best heuristic value for ff(): 45
[t=245.395s, 669628 KB] g=32, 4193850 evaluated, 487528 expanded
[t=355.214s, 981272 KB] New best heuristic value for ff(): 43
[t=355.214s, 981272 KB] g=52, 6053959 evaluated, 748868 expanded
[t=355.22s, 981272 KB] New best heuristic value for ff(): 42
[t=355.22s, 981272 KB] g=54, 6054065 evaluated, 748872 expanded
[t=355.24s, 981272 KB] New best heuristic value for ff(): 41
[t=355.24s, 981272 KB] g=55, 6054411 evaluated, 748884 expanded
[t=465.232s, 1274516 KB] New best heuristic value for ff(): 39
[t=465.233s, 1274516 KB] g=70, 7899789 evaluated, 996854 expanded
[t=465.24s, 1274516 KB] New best heuristic value for ff(): 38
[t=465.24s, 1274516 KB] g=72, 7899903 evaluated, 996858 expanded
[t=465.25s, 1274516 KB] New best heuristic value for ff(): 37
[t=465.251s, 1274516 KB] g=73, 7900090 evaluated, 996868 expanded
[t=558.08s, 1904660 KB] New best heuristic value for ff(): 35
[t=558.081s, 1904660 KB] g=88, 9471676 evaluated, 1206252 expanded
[t=558.087s, 1904660 KB] New best heuristic value for ff(): 34
[t=558.087s, 1904660 KB] g=90, 9471785 evaluated, 1206255 expanded
[t=558.103s, 1904660 KB] New best heuristic value for ff(): 33
[t=558.104s, 1904660 KB] g=91, 9472072 evaluated, 1206267 expanded
[t=606.527s, 1904660 KB] New best heuristic value for ff(): 31
[t=606.528s, 1904660 KB] g=111, 10295474 evaluated, 1314485 expanded
[t=606.532s, 1904660 KB] New best heuristic value for ff(): 30
[t=606.532s, 1904660 KB] g=113, 10295553 evaluated, 1314489 expanded
[t=606.542s, 1904660 KB] New best heuristic value for ff(): 29
[t=606.543s, 1904660 KB] g=114, 10295736 evaluated, 1314501 expanded
[t=616.71s, 1904660 KB] New best heuristic value for ff(): 27
[t=616.711s, 1904660 KB] g=120, 10469861 evaluated, 1336372 expanded
[t=616.714s, 1904660 KB] New best heuristic value for ff(): 26
[t=616.715s, 1904660 KB] g=122, 10469940 evaluated, 1336376 expanded
[t=616.729s, 1904660 KB] New best heuristic value for ff(): 25
[t=616.729s, 1904660 KB] g=123, 10470183 evaluated, 1336388 expanded
[t=634.684s, 1904660 KB] New best heuristic value for ff(): 23
[t=634.684s, 1904660 KB] g=133, 10775634 evaluated, 1376061 expanded
[t=634.689s, 1904660 KB] New best heuristic value for ff(): 22
[t=634.69s, 1904660 KB] g=135, 10775726 evaluated, 1376065 expanded
[t=634.694s, 1904660 KB] New best heuristic value for ff(): 21
[t=634.695s, 1904660 KB] g=136, 10775825 evaluated, 1376067 expanded
[t=638.19s, 1904660 KB] New best heuristic value for ff(): 19
[t=638.191s, 1904660 KB] g=145, 10835458 evaluated, 1383236 expanded
[t=638.196s, 1904660 KB] New best heuristic value for ff(): 18
[t=638.196s, 1904660 KB] g=147, 10835551 evaluated, 1383240 expanded
[t=638.2s, 1904660 KB] New best heuristic value for ff(): 17
[t=638.201s, 1904660 KB] g=148, 10835639 evaluated, 1383242 expanded
[t=664.864s, 1904660 KB] New best heuristic value for ff(): 15
[t=664.865s, 1904660 KB] g=163, 11289222 evaluated, 1443399 expanded
[t=664.872s, 1904660 KB] New best heuristic value for ff(): 14
[t=664.872s, 1904660 KB] g=165, 11289361 evaluated, 1443403 expanded
[t=664.877s, 1904660 KB] New best heuristic value for ff(): 13
[t=664.878s, 1904660 KB] g=166, 11289456 evaluated, 1443405 expanded
[t=680.384s, 1904660 KB] New best heuristic value for ff(): 11
[t=680.385s, 1904660 KB] g=175, 11553261 evaluated, 1476950 expanded
[t=680.389s, 1904660 KB] New best heuristic value for ff(): 10
[t=680.39s, 1904660 KB] g=177, 11553352 evaluated, 1476954 expanded
[t=680.396s, 1904660 KB] New best heuristic value for ff(): 9
[t=680.397s, 1904660 KB] g=178, 11553477 evaluated, 1476956 expanded
[t=708.983s, 1939796 KB] New best heuristic value for ff(): 7
[t=708.983s, 1939796 KB] g=187, 12039016 evaluated, 1537240 expanded
[t=708.991s, 1939796 KB] New best heuristic value for ff(): 6
[t=708.991s, 1939796 KB] g=189, 12039158 evaluated, 1537244 expanded
[t=708.997s, 1939796 KB] New best heuristic value for ff(): 5
[t=708.998s, 1939796 KB] g=190, 12039269 evaluated, 1537246 expanded
[t=717.884s, 1954556 KB] New best heuristic value for ff(): 3
[t=717.887s, 1954556 KB] g=199, 12190011 evaluated, 1555170 expanded
[t=717.896s, 1954556 KB] New best heuristic value for ff(): 2
[t=717.899s, 1954556 KB] g=202, 12190216 evaluated, 1555176 expanded
[t=717.899s, 1954556 KB] New best heuristic value for ff(): 1
[t=717.9s, 1954556 KB] g=203, 12190238 evaluated, 1555178 expanded
[t=717.9s, 1954556 KB] New best heuristic value for ff(): 0
[t=717.902s, 1954556 KB] g=204, 12190276 evaluated, 1555180 expanded
[t=717.904s, 1954556 KB] Solution found!
[t=717.904s, 1954556 KB] Actual search time: 717.844s
drive_tent girl0 place0 place1 car0 tent0 (1)
put_up girl0 place1 tent0 (1)
drive guy0 place0 place1 car1 (1)
drive_passenger girl0 place1 place0 car1 guy0 (1)
walk_together tent0 place1 guy0 place0 girl0 couple0 (1)
put_down girl0 place1 tent0 (1)
drive_passenger girl0 place1 place0 car0 guy0 (1)
drive girl0 place0 place1 car0 (1)
drive_tent girl0 place1 place2 car0 tent0 (1)
drive guy0 place0 place2 car1 (1)
put_up girl0 place2 tent0 (1)
drive_passenger girl0 place2 place1 car0 guy0 (1)
walk_together tent0 place2 guy0 place1 girl0 couple0 (1)
put_down girl0 place2 tent0 (1)
drive_tent_passenger girl0 place2 place3 car1 tent0 guy0 (1)
drive_passenger girl0 place3 place0 car1 guy0 (1)
drive_passenger girl0 place0 place1 car4 guy0 (1)
drive guy0 place1 place11 car0 (1)
drive girl0 place1 place3 car4 (1)
put_up girl0 place3 tent0 (1)
drive guy0 place11 place3 car0 (1)
drive_passenger girl0 place3 place2 car0 guy0 (1)
walk_together tent0 place3 guy0 place2 girl0 couple0 (1)
put_down girl0 place3 tent0 (1)
drive_tent_passenger girl0 place3 place7 car4 tent0 guy0 (1)
drive_passenger girl0 place7 place9 car4 guy0 (1)
drive guy0 place9 place0 car4 (1)
drive guy0 place0 place2 car3 (1)
drive guy0 place2 place7 car0 (1)
drive_tent guy0 place7 place0 car0 tent0 (1)
drive_tent guy0 place0 place13 car2 tent0 (1)
drive guy0 place13 place9 car2 (1)
drive_passenger girl0 place9 place2 car2 guy0 (1)
drive girl0 place2 place5 car3 (1)
drive guy0 place2 place13 car2 (1)
drive_tent guy0 place13 place4 car2 tent0 (1)
put_up guy0 place4 tent0 (1)
drive girl0 place5 place4 car3 (1)
drive_passenger girl0 place4 place3 car2 guy0 (1)
walk_together tent0 place4 guy0 place3 girl0 couple0 (1)
put_down girl0 place4 tent0 (1)
drive_tent_passenger girl0 place4 place10 car3 tent0 guy0 (1)
drive girl0 place10 place0 car3 (1)
drive girl0 place0 place10 car1 (1)
drive_tent_passenger girl0 place10 place5 car1 tent0 guy0 (1)
drive_passenger girl0 place5 place3 car1 guy0 (1)
drive_passenger girl0 place3 place5 car2 guy0 (1)
drive_tent_passenger girl0 place5 place11 car2 tent0 guy0 (1)
drive_passenger girl0 place11 place0 car2 guy0 (1)
drive guy0 place0 place10 car2 (1)
drive girl0 place0 place11 car0 (1)
drive_tent girl0 place11 place5 car0 tent0 (1)
put_up girl0 place5 tent0 (1)
drive guy0 place10 place5 car2 (1)
drive_passenger girl0 place5 place4 car0 guy0 (1)
walk_together tent0 place5 guy0 place4 girl0 couple0 (1)
put_down girl0 place5 tent0 (1)
drive_tent_passenger girl0 place5 place11 car2 tent0 guy0 (1)
drive_passenger girl0 place11 place7 car2 guy0 (1)
drive girl0 place7 place0 car2 (1)
drive girl0 place0 place7 car4 (1)
drive_passenger girl0 place7 place13 car4 guy0 (1)
drive guy0 place13 place4 car4 (1)
drive guy0 place4 place11 car0 (1)
drive_tent guy0 place11 place13 car0 tent0 (1)
drive_tent_passenger girl0 place13 place7 car0 tent0 guy0 (1)
drive_passenger girl0 place7 place3 car0 guy0 (1)
drive guy0 place3 place8 car1 (1)
drive girl0 place3 place6 car0 (1)
drive guy0 place8 place7 car1 (1)
drive_tent guy0 place7 place6 car1 tent0 (1)
put_up girl0 place6 tent0 (1)
drive_passenger girl0 place6 place5 car0 guy0 (1)
walk_together tent0 place6 guy0 place5 girl0 couple0 (1)
put_down girl0 place6 tent0 (1)
drive_passenger girl0 place6 place8 car1 guy0 (1)
drive girl0 place8 place0 car1 (1)
drive girl0 place0 place8 car3 (1)
drive guy0 place8 place6 car3 (1)
drive_tent guy0 place6 place4 car3 tent0 (1)
drive_tent guy0 place4 place8 car4 tent0 (1)
drive_tent_passenger girl0 place8 place14 car4 tent0 guy0 (1)
drive girl0 place14 place0 car4 (1)
drive girl0 place0 place14 car2 (1)
drive_tent_passenger girl0 place14 place9 car2 tent0 guy0 (1)
drive_passenger girl0 place9 place4 car2 guy0 (1)
drive guy0 place4 place9 car2 (1)
drive girl0 place4 place7 car3 (1)
drive_tent guy0 place9 place7 car2 tent0 (1)
put_up girl0 place7 tent0 (1)
drive_passenger girl0 place7 place6 car2 guy0 (1)
walk_together tent0 place7 guy0 place6 girl0 couple0 (1)
put_down girl0 place7 tent0 (1)
drive_tent_passenger girl0 place7 place8 car3 tent0 guy0 (1)
drive_passenger girl0 place8 place0 car3 guy0 (1)
drive girl0 place0 place10 car1 (1)
drive guy0 place0 place8 car3 (1)
put_up guy0 place8 tent0 (1)
drive girl0 place10 place8 car1 (1)
drive_passenger girl0 place8 place7 car1 guy0 (1)
walk_together tent0 place8 guy0 place7 girl0 couple0 (1)
put_down girl0 place8 tent0 (1)
drive_tent_passenger girl0 place8 place10 car3 tent0 guy0 (1)
drive girl0 place10 place5 car3 (1)
drive girl0 place5 place10 car0 (1)
drive_tent_passenger girl0 place10 place14 car0 tent0 guy0 (1)
drive_passenger girl0 place14 place7 car0 guy0 (1)
drive girl0 place7 place10 car0 (1)
drive guy0 place7 place14 car1 (1)
drive_tent guy0 place14 place9 car1 tent0 (1)
put_up guy0 place9 tent0 (1)
drive girl0 place10 place9 car0 (1)
drive_passenger girl0 place9 place8 car0 guy0 (1)
walk_together tent0 place9 guy0 place8 girl0 couple0 (1)
put_down girl0 place9 tent0 (1)
drive_tent_passenger girl0 place9 place10 car1 tent0 guy0 (1)
drive girl0 place10 place0 car1 (1)
drive girl0 place0 place10 car4 (1)
drive_tent_passenger girl0 place10 place11 car4 tent0 guy0 (1)
drive_passenger girl0 place11 place8 car4 guy0 (1)
drive girl0 place8 place10 car0 (1)
drive guy0 place8 place11 car4 (1)
drive_tent guy0 place11 place10 car4 tent0 (1)
put_up girl0 place10 tent0 (1)
drive_passenger girl0 place10 place9 car0 guy0 (1)
walk_together tent0 place10 guy0 place9 girl0 couple0 (1)
put_down girl0 place10 tent0 (1)
drive_tent_passenger girl0 place10 place11 car4 tent0 guy0 (1)
put_up girl0 place11 tent0 (1)
drive girl0 place11 place5 car4 (1)
drive girl0 place5 place6 car3 (1)
drive girl0 place6 place5 car2 (1)
drive girl0 place5 place11 car4 (1)
drive_passenger girl0 place11 place9 car4 guy0 (1)
drive girl0 place9 place10 car0 (1)
drive guy0 place9 place11 car4 (1)
drive girl0 place10 place11 car0 (1)
drive_passenger girl0 place11 place10 car0 guy0 (1)
walk_together tent0 place11 guy0 place10 girl0 couple0 (1)
put_down girl0 place11 tent0 (1)
drive_tent_passenger girl0 place11 place12 car4 tent0 guy0 (1)
drive girl0 place12 place10 car4 (1)
drive girl0 place10 place0 car0 (1)
drive girl0 place0 place12 car1 (1)
drive_passenger girl0 place12 place5 car1 guy0 (1)
drive girl0 place5 place11 car1 (1)
drive guy0 place5 place12 car2 (1)
put_up guy0 place12 tent0 (1)
drive girl0 place11 place12 car1 (1)
drive_passenger girl0 place12 place11 car1 guy0 (1)
walk_together tent0 place12 guy0 place11 girl0 couple0 (1)
put_down girl0 place12 tent0 (1)
drive_tent_passenger girl0 place12 place13 car2 tent0 guy0 (1)
drive girl0 place13 place10 car2 (1)
drive girl0 place10 place6 car4 (1)
drive girl0 place6 place13 car3 (1)
put_up girl0 place13 tent0 (1)
drive_passenger girl0 place13 place11 car3 guy0 (1)
drive girl0 place11 place12 car1 (1)
drive guy0 place11 place13 car3 (1)
drive girl0 place12 place13 car1 (1)
drive_passenger girl0 place13 place12 car1 guy0 (1)
walk_together tent0 place13 guy0 place12 girl0 couple0 (1)
put_down girl0 place13 tent0 (1)
drive_tent_passenger girl0 place13 place14 car3 tent0 guy0 (1)
drive girl0 place14 place0 car3 (1)
drive girl0 place0 place10 car0 (1)
drive girl0 place10 place12 car2 (1)
drive girl0 place12 place14 car1 (1)
drive_tent_passenger girl0 place14 place6 car1 tent0 guy0 (1)
drive_tent girl0 place6 place14 car1 tent0 (1)
drive guy0 place6 place14 car4 (1)
put_up girl0 place14 tent0 (1)
drive_passenger girl0 place14 place13 car1 guy0 (1)
walk_together tent0 place14 guy0 place13 girl0 couple0 (1)
put_down girl0 place14 tent0 (1)
drive_tent girl0 place14 place15 car4 tent0 (1)
put_up girl0 place15 tent0 (1)
drive girl0 place15 place14 car4 (1)
walk_together tent0 place15 guy0 place14 girl0 couple0 (1)
[t=717.905s, 1954556 KB] Plan length: 180 step(s).
[t=717.905s, 1954556 KB] Plan cost: 180
[t=717.905s, 1954556 KB] Timestamp: 1685780348149 millisecond(s).
[t=717.905s, 1954556 KB] Expanded 1555182 state(s).
[t=717.905s, 1954556 KB] Reopened 0 state(s).
[t=717.905s, 1954556 KB] Evaluated 12190322 state(s).
[t=717.905s, 1954556 KB] Evaluations: 12190322
[t=717.905s, 1954556 KB] Generated 45324290 state(s).
[t=717.905s, 1954556 KB] Dead ends: 305 state(s).
[t=717.905s, 1954556 KB] Number of registered states: 12190322
[t=717.905s, 1954556 KB] Int hash set load factor: 12190322/16777216 = 0.7266
[t=717.905s, 1954556 KB] Int hash set resizes: 24
[t=717.905s, 1954556 KB] Search time: 717.844s
[t=717.905s, 1954556 KB] Total time: 717.905s
Solution found.
Peak memory: 1954556 KB
Remove intermediate file output.sas
search exit code: 0

INFO     Running validate.
INFO     validate stdin: None
INFO     validate time limit: None
INFO     validate memory limit: None
INFO     validate command line string: validate domain.pddl problem.pddl sas_plan
Checking plan: sas_plan
Plan executed successfully - checking goal
Plan valid
Final value: 180 

Successful plans:
Value: 180
 sas_plan 180 

validate exit code: 0

INFO     Planner time: 725.08s
