INFO     planner time limit: 900s
INFO     planner memory limit: 3584 MB

INFO     Running translator.
INFO     translator stdin: None
INFO     translator time limit: 899s
INFO     translator memory limit: 3584 MB
INFO     translator command line string: /usr/local/downward-projects/downward/experiments/assign3/.venv/bin/python3 /usr/local/downward-projects/downward/experiments/assign3/data/assign3-anytime_exp/code-fe4f0f1bb525c059c1938ac01bab1b7bae200873_e5e41175/builds/release/bin/translate/translate.py domain.pddl problem.pddl --sas-file output.sas
Parsing...
Parsing: [0.010s CPU, 0.002s wall-clock]
Normalizing task... [0.000s CPU, 0.000s wall-clock]
Instantiating...
Generating Datalog program... [0.000s CPU, 0.001s wall-clock]
Normalizing Datalog program...
Normalizing Datalog program: [0.000s CPU, 0.001s wall-clock]
Preparing model... [0.000s CPU, 0.001s wall-clock]
Generated 25 rules.
Computing model... [0.010s CPU, 0.007s wall-clock]
461 relevant atoms
611 auxiliary atoms
1072 final queue length
1647 total queue pushes
Completing instantiation... [0.000s CPU, 0.007s wall-clock]
Instantiating: [0.010s CPU, 0.017s wall-clock]
Computing fact groups...
Finding invariants...
7 initial candidates
Finding invariants: [0.000s CPU, 0.002s wall-clock]
Checking invariant weight... [0.000s CPU, 0.000s wall-clock]
Instantiating groups... [0.000s CPU, 0.000s wall-clock]
Collecting mutex groups... [0.010s CPU, 0.000s wall-clock]
Choosing groups...
0 uncovered facts
Choosing groups: [0.000s CPU, 0.000s wall-clock]
Building translation key... [0.000s CPU, 0.000s wall-clock]
Computing fact groups: [0.010s CPU, 0.004s wall-clock]
Building STRIPS to SAS dictionary... [0.000s CPU, 0.000s wall-clock]
Building dictionary for full mutex groups... [0.000s CPU, 0.000s wall-clock]
Building mutex information...
Building mutex information: [0.000s CPU, 0.000s wall-clock]
Translating task...
Processing axioms...
Simplifying axioms... [0.000s CPU, 0.000s wall-clock]
Translator axioms removed by simplifying: 0
Computing negative axioms... [0.000s CPU, 0.000s wall-clock]
Processing axioms: [0.000s CPU, 0.000s wall-clock]
Translating task: [0.000s CPU, 0.006s wall-clock]
0 effect conditions simplified
0 implied preconditions added
Detecting unreachable propositions...
0 operators removed
0 axioms removed
34 propositions removed
Detecting unreachable propositions: [0.000s CPU, 0.003s wall-clock]
Reordering and filtering variables...
34 of 34 variables necessary.
0 of 34 mutex groups necessary.
185 of 185 operators necessary.
0 of 0 axiom rules necessary.
Reordering and filtering variables: [0.010s CPU, 0.002s wall-clock]
Translator variables: 34
Translator derived variables: 0
Translator facts: 100
Translator goal facts: 33
Translator mutex groups: 0
Translator total mutex groups size: 0
Translator operators: 185
Translator axioms: 0
Translator task size: 1634
Translator peak memory: 33020 KB
Writing output... [0.000s CPU, 0.001s wall-clock]
Done! [0.040s CPU, 0.036s wall-clock]
translate exit code: 0

INFO     Running search (release).
INFO     search stdin: output.sas
INFO     search time limit: 899s
INFO     search memory limit: 3584 MB
INFO     search command line string: /usr/local/downward-projects/downward/experiments/assign3/data/assign3-anytime_exp/code-fe4f0f1bb525c059c1938ac01bab1b7bae200873_e5e41175/builds/release/bin/downward --evaluator 'h=lmcut()' --search 'eager_anytime(alt(
        [single(weight(h, 2, verbosity=normal)), type_based([h, g()], random_seed=1234)]), 
        reopen_closed=true, f_eval=sum([h, g()]))' --internal-plan-file sas_plan < output.sas
[t=0.00105138s, 10884 KB] reading input...
[t=0.00245919s, 10884 KB] done reading input!
[t=0.0041564s, 11272 KB] Initializing landmark cut heuristic...
[t=0.00493134s, 11272 KB] Building successor generator...done!
[t=0.00515035s, 11272 KB] peak memory difference for successor generator creation: 0 KB
[t=0.00518364s, 11272 KB] time for successor generation creation: 0s
[t=0.00520879s, 11272 KB] Variables: 34
[t=0.00523564s, 11272 KB] FactPairs: 100
[t=0.00525887s, 11272 KB] Bytes per state: 8
[t=0.00528288s, 11272 KB] Conducting best first anytime search with reopening closed nodes, (real) bound = 2147483647
[t=0.00533876s, 11272 KB] New best heuristic value for lmcut(): 2
[t=0.00540649s, 11272 KB] g=0, 1 evaluated, 0 expanded
[t=0.00543161s, 11272 KB] Initial heuristic value for lmcut(): 2
[t=0.005462s, 11272 KB] Start Timestep: 1682476199114 millisecond(s).
[t=0.00550507s, 11272 KB] New best heuristic value for lmcut(): 1
[t=0.00555848s, 11272 KB] g=1, 2 evaluated, 1 expanded
[t=0.0249559s, 11272 KB] New best heuristic value for lmcut(): 0
[t=0.0256028s, 11272 KB] g=9, 1101 evaluated, 481 expanded, 8 reopened
[t=0.0536568s, 11408 KB] Solution found!
jump-new-move pos-3-2 pos-2-2 pos-1-2 (1)
end-move pos-1-2 (0)
jump-new-move pos-3-4 pos-2-4 pos-1-4 (1)
end-move pos-1-4 (0)
jump-new-move pos-3-0 pos-3-1 pos-3-2 (1)
end-move pos-3-2 (0)
jump-new-move pos-4-3 pos-4-2 pos-4-1 (1)
end-move pos-4-1 (0)
jump-new-move pos-1-3 pos-2-3 pos-3-3 (1)
end-move pos-3-3 (0)
jump-new-move pos-3-6 pos-3-5 pos-3-4 (1)
end-move pos-3-4 (0)
jump-new-move pos-6-3 pos-5-3 pos-4-3 (1)
end-move pos-4-3 (0)
jump-new-move pos-4-4 pos-3-4 pos-2-4 (1)
jump-continue-move pos-2-4 pos-1-4 pos-0-4 (0)
jump-continue-move pos-0-4 pos-0-3 pos-0-2 (0)
jump-continue-move pos-0-2 pos-1-2 pos-2-2 (0)
jump-continue-move pos-2-2 pos-3-2 pos-4-2 (0)
end-move pos-4-2 (0)
jump-new-move pos-3-3 pos-4-3 pos-5-3 (1)
end-move pos-5-3 (0)
jump-new-move pos-4-1 pos-4-2 pos-4-3 (1)
end-move pos-4-3 (0)
jump-new-move pos-5-3 pos-4-3 pos-3-3 (1)
[t=0.0542427s, 11408 KB] Plan length: 25 step(s).
[t=0.054287s, 11408 KB] Plan cost: 11
[t=0.0543122s, 11408 KB] Solution: Incumbent solution found!
[t=0.0543372s, 11408 KB] Solution Timestep: 1682476199164 millisecond(s).
[t=0.0543613s, 11408 KB] Timestamp: 1682476199164 millisecond(s).
[t=0.0543851s, 11408 KB] Expanded 1193 state(s).
[t=0.054408s, 11408 KB] Reopened 27 state(s).
[t=0.0544313s, 11408 KB] Evaluated 2640 state(s).
[t=0.0544537s, 11408 KB] Evaluations: 2863
[t=0.0544766s, 11408 KB] Generated 3418 state(s).
[t=0.0544999s, 11408 KB] Dead ends: 0 state(s).
[t=0.0545229s, 11408 KB] Number of registered states: 2863
[t=0.0545469s, 11408 KB] Int hash set load factor: 2863/4096 = 0.698975
[t=0.0545804s, 11408 KB] Int hash set resizes: 12
[t=0.413281s, 12212 KB] Solution found!
jump-new-move pos-3-2 pos-2-2 pos-1-2 (1)
end-move pos-1-2 (0)
jump-new-move pos-3-4 pos-2-4 pos-1-4 (1)
end-move pos-1-4 (0)
jump-new-move pos-3-0 pos-3-1 pos-3-2 (1)
end-move pos-3-2 (0)
jump-new-move pos-4-3 pos-4-2 pos-4-1 (1)
end-move pos-4-1 (0)
jump-new-move pos-6-3 pos-5-3 pos-4-3 (1)
end-move pos-4-3 (0)
jump-new-move pos-1-3 pos-2-3 pos-3-3 (1)
jump-continue-move pos-3-3 pos-4-3 pos-5-3 (0)
end-move pos-5-3 (0)
jump-new-move pos-3-6 pos-3-5 pos-3-4 (1)
end-move pos-3-4 (0)
jump-new-move pos-4-4 pos-3-4 pos-2-4 (1)
jump-continue-move pos-2-4 pos-1-4 pos-0-4 (0)
jump-continue-move pos-0-4 pos-0-3 pos-0-2 (0)
jump-continue-move pos-0-2 pos-1-2 pos-2-2 (0)
jump-continue-move pos-2-2 pos-3-2 pos-4-2 (0)
end-move pos-4-2 (0)
jump-new-move pos-4-1 pos-4-2 pos-4-3 (1)
end-move pos-4-3 (0)
jump-new-move pos-5-3 pos-4-3 pos-3-3 (1)
[t=0.414254s, 12212 KB] Plan length: 24 step(s).
[t=0.414303s, 12212 KB] Plan cost: 10
[t=0.414329s, 12212 KB] Solution: Incumbent solution found!
[t=0.414354s, 12212 KB] Solution Timestep: 1682476199528 millisecond(s).
[t=0.414377s, 12212 KB] Timestamp: 1682476199528 millisecond(s).
[t=0.414401s, 12212 KB] Expanded 11656 state(s).
[t=0.414424s, 12212 KB] Reopened 369 state(s).
[t=0.414448s, 12212 KB] Evaluated 21017 state(s).
[t=0.414471s, 12212 KB] Evaluations: 23817
[t=0.414495s, 12212 KB] Generated 31072 state(s).
[t=0.414517s, 12212 KB] Dead ends: 0 state(s).
[t=0.41454s, 12212 KB] Number of registered states: 23817
[t=0.414563s, 12212 KB] Int hash set load factor: 23817/32768 = 0.726837
[t=0.414587s, 12212 KB] Int hash set resizes: 15
[t=3.90207s, 19904 KB] Optimal Solution: found
[t=3.90298s, 19904 KB] Actual search time: 3.89747s
jump-new-move pos-3-2 pos-2-2 pos-1-2 (1)
end-move pos-1-2 (0)
jump-new-move pos-3-4 pos-2-4 pos-1-4 (1)
end-move pos-1-4 (0)
jump-new-move pos-3-0 pos-3-1 pos-3-2 (1)
end-move pos-3-2 (0)
jump-new-move pos-4-3 pos-4-2 pos-4-1 (1)
end-move pos-4-1 (0)
jump-new-move pos-6-3 pos-5-3 pos-4-3 (1)
end-move pos-4-3 (0)
jump-new-move pos-1-3 pos-2-3 pos-3-3 (1)
jump-continue-move pos-3-3 pos-4-3 pos-5-3 (0)
end-move pos-5-3 (0)
jump-new-move pos-3-6 pos-3-5 pos-3-4 (1)
end-move pos-3-4 (0)
jump-new-move pos-4-4 pos-3-4 pos-2-4 (1)
jump-continue-move pos-2-4 pos-1-4 pos-0-4 (0)
jump-continue-move pos-0-4 pos-0-3 pos-0-2 (0)
jump-continue-move pos-0-2 pos-1-2 pos-2-2 (0)
jump-continue-move pos-2-2 pos-3-2 pos-4-2 (0)
end-move pos-4-2 (0)
jump-new-move pos-4-1 pos-4-2 pos-4-3 (1)
end-move pos-4-3 (0)
jump-new-move pos-5-3 pos-4-3 pos-3-3 (1)
[t=3.90301s, 19904 KB] Plan length: 24 step(s).
[t=3.90301s, 19904 KB] Plan cost: 10
[t=3.90301s, 19904 KB] Timestamp: 1682476203063 millisecond(s).
[t=3.90301s, 19904 KB] Expanded 174071 state(s).
[t=3.90301s, 19904 KB] Reopened 12863 state(s).
[t=3.90301s, 19904 KB] Evaluated 161208 state(s).
[t=3.90301s, 19904 KB] Evaluations: 220789
[t=3.90301s, 19904 KB] Generated 416459 state(s).
[t=3.90301s, 19904 KB] Dead ends: 0 state(s).
[t=3.90301s, 19904 KB] Number of registered states: 220789
[t=3.90301s, 19904 KB] Int hash set load factor: 220789/262144 = 0.842243
[t=3.90301s, 19904 KB] Int hash set resizes: 18
[t=3.90301s, 19904 KB] Search time: 3.89773s
[t=3.90301s, 19904 KB] Total time: 3.90301s
Solution found.
Peak memory: 19904 KB
Remove intermediate file output.sas
search exit code: 0

INFO     Running validate.
INFO     validate stdin: None
INFO     validate time limit: None
INFO     validate memory limit: None
INFO     validate command line string: validate domain.pddl problem.pddl sas_plan sas_plan.1 sas_plan.2
Checking plan: sas_plan
Plan executed successfully - checking goal
Plan valid
Final value: 10 
Checking plan: sas_plan.1
Plan executed successfully - checking goal
Plan valid
Final value: 11 
Checking plan: sas_plan.2
Plan executed successfully - checking goal
Plan valid
Final value: 10 

Successful plans:
Value: 10
 sas_plan 10 
sas_plan.2 10 

Value: 11
 sas_plan.1 11 

validate exit code: 0

INFO     Planner time: 4.03s
