INFO     planner time limit: 600s
INFO     planner memory limit: 3584 MB

INFO     Running translator.
INFO     translator stdin: None
INFO     translator time limit: 599s
INFO     translator memory limit: 3584 MB
INFO     translator command line string: /usr/local/downward-projects/downward/experiments/src/thesis/.venv/bin/python3 /usr/local/downward-projects/downward/experiments/src/thesis/data/thesis-thesis_exp/code-84c08dfff1890fbf6247184940c8166177195ea1_e5e41175/builds/release/bin/translate/translate.py domain.pddl problem.pddl --sas-file output.sas
Parsing...
Parsing: [0.000s CPU, 0.002s wall-clock]
Normalizing task... [0.000s CPU, 0.000s wall-clock]
Instantiating...
Generating Datalog program... [0.000s CPU, 0.000s wall-clock]
Normalizing Datalog program...
Normalizing Datalog program: [0.000s CPU, 0.001s wall-clock]
Preparing model... [0.000s CPU, 0.001s wall-clock]
Generated 32 rules.
Computing model... [0.230s CPU, 0.229s wall-clock]
33917 relevant atoms
3770 auxiliary atoms
37687 final queue length
109987 total queue pushes
Completing instantiation... [1.560s CPU, 1.576s wall-clock]
Instantiating: [1.790s CPU, 1.818s wall-clock]
Computing fact groups...
Finding invariants...
12 initial candidates
Finding invariants: [0.010s CPU, 0.005s wall-clock]
Checking invariant weight... [0.000s CPU, 0.000s wall-clock]
Instantiating groups... [0.000s CPU, 0.003s wall-clock]
Collecting mutex groups... [0.000s CPU, 0.001s wall-clock]
Choosing groups...
61 uncovered facts
Choosing groups: [0.010s CPU, 0.002s wall-clock]
Building translation key... [0.000s CPU, 0.001s wall-clock]
Computing fact groups: [0.020s CPU, 0.016s wall-clock]
Building STRIPS to SAS dictionary... [0.000s CPU, 0.000s wall-clock]
Building dictionary for full mutex groups... [0.000s CPU, 0.001s wall-clock]
Building mutex information...
Building mutex information: [0.000s CPU, 0.001s wall-clock]
Translating task...
Processing axioms...
Simplifying axioms... [0.000s CPU, 0.000s wall-clock]
Translator axioms removed by simplifying: 0
Computing negative axioms... [0.000s CPU, 0.000s wall-clock]
Processing axioms: [0.050s CPU, 0.051s wall-clock]
Translating task: [1.530s CPU, 1.535s wall-clock]
38592 effect conditions simplified
0 implied preconditions added
Detecting unreachable propositions...
0 operators removed
0 axioms removed
24 propositions removed
Detecting unreachable propositions: [0.870s CPU, 0.883s wall-clock]
Reordering and filtering variables...
85 of 85 variables necessary.
37 of 61 mutex groups necessary.
31104 of 31104 operators necessary.
0 of 0 axiom rules necessary.
Reordering and filtering variables: [0.200s CPU, 0.203s wall-clock]
Translator variables: 85
Translator derived variables: 0
Translator facts: 1010
Translator goal facts: 24
Translator mutex groups: 37
Translator total mutex groups size: 925
Translator operators: 31104
Translator axioms: 0
Translator task size: 253756
Translator peak memory: 183476 KB
Writing output... [0.200s CPU, 0.198s wall-clock]
Done! [4.670s CPU, 4.720s wall-clock]
translate exit code: 0

INFO     Running search (release).
INFO     search stdin: output.sas
INFO     search time limit: 595s
INFO     search memory limit: 3584 MB
INFO     search command line string: /usr/local/downward-projects/downward/experiments/src/thesis/data/thesis-thesis_exp/code-84c08dfff1890fbf6247184940c8166177195ea1_e5e41175/builds/release/bin/downward --evaluator 'h=ff()' --search 'eager(partition(h, lwm_partition(), inter_uniform(), intra_uniform() )) ' --internal-plan-file sas_plan < output.sas
[t=0.0010517s, 11732 KB] reading input...
[t=0.132414s, 23496 KB] done reading input!
[t=0.147095s, 30028 KB] Simplifying 107976 unary operators... done! [107976 unary operators]
[t=0.426685s, 39680 KB] time to simplify: 0.27959s
[t=0.429786s, 39680 KB] Initializing additive heuristic...
[t=0.430545s, 39680 KB] Initializing FF heuristic...
[t=0.430576s, 39680 KB] Building successor generator...done!
[t=0.440056s, 39680 KB] peak memory difference for successor generator creation: 0 KB
[t=0.440177s, 39680 KB] time for successor generation creation: 0.0084846s
[t=0.440203s, 39680 KB] Variables: 85
[t=0.440937s, 39680 KB] FactPairs: 1010
[t=0.44096s, 39680 KB] Bytes per state: 28
[t=0.440983s, 39680 KB] Conducting best first search without reopening closed nodes, (real) bound = 2147483647
[t=0.443234s, 39680 KB] New best heuristic value for ff(): 48
[t=0.443917s, 39680 KB] g=0, 1 evaluated, 0 expanded
[t=0.443943s, 39680 KB] Initial heuristic value for ff(): 48
[t=0.443974s, 39680 KB] pruning method: none
[t=0.443996s, 39680 KB] Start Timestep: 1693664323764 millisecond(s).
[t=0.59361s, 39680 KB] New best heuristic value for ff(): 47
[t=0.59382s, 39680 KB] g=4, 123 evaluated, 6 expanded
[t=1.07204s, 39680 KB] New best heuristic value for ff(): 46
[t=1.07245s, 39680 KB] g=8, 503 evaluated, 23 expanded
[t=1.80546s, 39680 KB] New best heuristic value for ff(): 45
[t=1.80614s, 39680 KB] g=6, 1065 evaluated, 50 expanded
[t=2.42187s, 39680 KB] New best heuristic value for ff(): 44
[t=2.4227s, 39680 KB] g=14, 1520 evaluated, 72 expanded
[t=2.65851s, 39680 KB] New best heuristic value for ff(): 42
[t=2.65874s, 39680 KB] g=16, 1691 evaluated, 81 expanded
[t=5.42483s, 39680 KB] New best heuristic value for ff(): 41
[t=5.42504s, 39680 KB] g=19, 3572 evaluated, 174 expanded
[t=6.53482s, 39680 KB] New best heuristic value for ff(): 40
[t=6.53502s, 39680 KB] g=22, 4265 evaluated, 206 expanded
[t=8.83298s, 39680 KB] New best heuristic value for ff(): 39
[t=8.83392s, 39680 KB] g=23, 5601 evaluated, 272 expanded
[t=9.95345s, 39680 KB] New best heuristic value for ff(): 38
[t=9.95406s, 39680 KB] g=23, 6219 evaluated, 303 expanded
[t=12.7611s, 39680 KB] New best heuristic value for ff(): 37
[t=12.7618s, 39680 KB] g=24, 7663 evaluated, 373 expanded
[t=36.4931s, 39680 KB] New best heuristic value for ff(): 36
[t=36.4942s, 39680 KB] g=29, 16438 evaluated, 802 expanded
[t=77.4169s, 39680 KB] New best heuristic value for ff(): 34
[t=77.4175s, 39680 KB] g=28, 25526 evaluated, 1261 expanded
[t=220.204s, 41792 KB] New best heuristic value for ff(): 33
[t=220.204s, 41792 KB] g=32, 43875 evaluated, 2154 expanded
[t=220.295s, 41792 KB] New best heuristic value for ff(): 32
[t=220.296s, 41792 KB] g=32, 43883 evaluated, 2154 expanded
[t=560.88s, 47340 KB] New best heuristic value for ff(): 31
[t=560.88s, 47340 KB] g=33, 67351 evaluated, 3296 expanded
[t=561.06s, 47340 KB] New best heuristic value for ff(): 28
[t=561.064s, 47340 KB] g=33, 67360 evaluated, 3296 expanded
Peak memory: 47604 KB
caught signal 24 -- exiting
Time limit has been reached.
Remove intermediate file output.sas
search exit code: 23

Driver aborting after search
INFO     Planner time: 598.43s
