INFO     planner time limit: 900s
INFO     planner memory limit: 3584 MB

INFO     Running translator.
INFO     translator stdin: None
INFO     translator time limit: 899s
INFO     translator memory limit: 3584 MB
INFO     translator command line string: /usr/local/downward-projects/downward/experiments/assign3/.venv/bin/python3 /usr/local/downward-projects/downward/experiments/assign3/data/assign3-anytime_exp/code-fe4f0f1bb525c059c1938ac01bab1b7bae200873_e5e41175/builds/release/bin/translate/translate.py domain.pddl problem.pddl --sas-file output.sas
Parsing...
Parsing: [0.010s CPU, 0.005s wall-clock]
Normalizing task... [0.000s CPU, 0.000s wall-clock]
Instantiating...
Generating Datalog program... [0.000s CPU, 0.001s wall-clock]
Normalizing Datalog program...
Normalizing Datalog program: [0.010s CPU, 0.006s wall-clock]
Preparing model... [0.000s CPU, 0.004s wall-clock]
Generated 198 rules.
Computing model... [0.110s CPU, 0.114s wall-clock]
6676 relevant atoms
10928 auxiliary atoms
17604 final queue length
38361 total queue pushes
Completing instantiation... [0.270s CPU, 0.269s wall-clock]
Instantiating: [0.390s CPU, 0.398s wall-clock]
Computing fact groups...
Finding invariants...
24 initial candidates
Finding invariants: [0.020s CPU, 0.012s wall-clock]
Checking invariant weight... [0.000s CPU, 0.001s wall-clock]
Instantiating groups... [0.000s CPU, 0.007s wall-clock]
Collecting mutex groups... [0.000s CPU, 0.000s wall-clock]
Choosing groups...
279 uncovered facts
Choosing groups: [0.000s CPU, 0.001s wall-clock]
Building translation key... [0.000s CPU, 0.001s wall-clock]
Computing fact groups: [0.030s CPU, 0.024s wall-clock]
Building STRIPS to SAS dictionary... [0.000s CPU, 0.000s wall-clock]
Building dictionary for full mutex groups... [0.000s CPU, 0.000s wall-clock]
Building mutex information...
Building mutex information: [0.000s CPU, 0.000s wall-clock]
Translating task...
Processing axioms...
Simplifying axioms... [0.000s CPU, 0.000s wall-clock]
Translator axioms removed by simplifying: 0
Computing negative axioms... [0.000s CPU, 0.000s wall-clock]
Processing axioms: [0.010s CPU, 0.011s wall-clock]
Translating task: [0.250s CPU, 0.257s wall-clock]
3514 effect conditions simplified
0 implied preconditions added
Detecting unreachable propositions...
0 operators removed
0 axioms removed
95 propositions removed
Detecting unreachable propositions: [0.110s CPU, 0.109s wall-clock]
Reordering and filtering variables...
308 of 316 variables necessary.
76 of 103 mutex groups necessary.
5696 of 5696 operators necessary.
0 of 0 axiom rules necessary.
Reordering and filtering variables: [0.050s CPU, 0.049s wall-clock]
Translator variables: 308
Translator derived variables: 0
Translator facts: 849
Translator goal facts: 85
Translator mutex groups: 76
Translator total mutex groups size: 262
Translator operators: 5696
Translator axioms: 0
Translator task size: 48630
Translator peak memory: 64132 KB
Writing output... [0.040s CPU, 0.040s wall-clock]
Done! [0.890s CPU, 0.898s wall-clock]
translate exit code: 0

INFO     Running search (release).
INFO     search stdin: output.sas
INFO     search time limit: 899s
INFO     search memory limit: 3584 MB
INFO     search command line string: /usr/local/downward-projects/downward/experiments/assign3/data/assign3-anytime_exp/code-fe4f0f1bb525c059c1938ac01bab1b7bae200873_e5e41175/builds/release/bin/downward --evaluator 'h=lmcut()' --search 'eager_anytime(alt(
        [single(weight(h, 2, verbosity=normal)), type_based([h, g()], random_seed=1234)]), 
        reopen_closed=true, f_eval=sum([h, g()]))' --internal-plan-file sas_plan < output.sas
[t=0.00105171s, 10884 KB] reading input...
[t=0.0283553s, 12996 KB] done reading input!
[t=0.034631s, 14868 KB] Initializing landmark cut heuristic...
[t=0.0350395s, 14868 KB] Building successor generator...done!
[t=0.037169s, 15640 KB] peak memory difference for successor generator creation: 772 KB
[t=0.0372389s, 15640 KB] time for successor generation creation: 0.0015246s
[t=0.0372637s, 15640 KB] Variables: 308
[t=0.0372921s, 15640 KB] FactPairs: 849
[t=0.0373148s, 15640 KB] Bytes per state: 56
[t=0.037338s, 15640 KB] Conducting best first anytime search with reopening closed nodes, (real) bound = 2147483647
[t=0.0439386s, 15640 KB] New best heuristic value for lmcut(): 1170
[t=0.0443524s, 15640 KB] g=0, 1 evaluated, 0 expanded
[t=0.0443816s, 15640 KB] Initial heuristic value for lmcut(): 1170
[t=0.0444113s, 15640 KB] Start Timestep: 1682370137822 millisecond(s).
[t=0.0574949s, 15640 KB] New best heuristic value for lmcut(): 1140
[t=0.0581006s, 15640 KB] g=30, 3 evaluated, 1 expanded
[t=0.854436s, 15640 KB] New best heuristic value for lmcut(): 1120
[t=0.854574s, 15640 KB] g=50, 117 evaluated, 2 expanded
[t=0.88067s, 15640 KB] New best heuristic value for lmcut(): 1110
[t=0.881434s, 15640 KB] g=60, 121 evaluated, 2 expanded
[t=1.6788s, 15640 KB] New best heuristic value for lmcut(): 1090
[t=1.67907s, 15640 KB] g=80, 234 evaluated, 3 expanded
[t=3.27308s, 15640 KB] New best heuristic value for lmcut(): 1080
[t=3.27331s, 15640 KB] g=90, 463 evaluated, 5 expanded
[t=4.81863s, 15640 KB] New best heuristic value for lmcut(): 1070
[t=4.8197s, 15640 KB] g=120, 690 evaluated, 7 expanded
[t=6.26911s, 15640 KB] New best heuristic value for lmcut(): 1060
[t=6.2697s, 15640 KB] g=150, 901 evaluated, 9 expanded
[t=6.96283s, 15640 KB] New best heuristic value for lmcut(): 1040
[t=6.96295s, 15640 KB] g=150, 1008 evaluated, 9 expanded
[t=7.68871s, 15640 KB] New best heuristic value for lmcut(): 1030
[t=7.68921s, 15640 KB] g=180, 1113 evaluated, 11 expanded
[t=8.37383s, 15640 KB] New best heuristic value for lmcut(): 995
[t=8.37466s, 15640 KB] g=195, 1220 evaluated, 11 expanded
[t=9.41835s, 15640 KB] New best heuristic value for lmcut(): 985
[t=9.41895s, 15640 KB] g=225, 1375 evaluated, 13 expanded
[t=10.9724s, 15640 KB] New best heuristic value for lmcut(): 975
[t=10.9734s, 15640 KB] g=255, 1605 evaluated, 15 expanded
[t=11.619s, 15640 KB] New best heuristic value for lmcut(): 955
[t=11.6196s, 15640 KB] g=255, 1709 evaluated, 15 expanded
[t=12.5681s, 15640 KB] New best heuristic value for lmcut(): 945
[t=12.5683s, 15640 KB] g=285, 1859 evaluated, 17 expanded
[t=13.2538s, 15640 KB] New best heuristic value for lmcut(): 910
[t=13.2539s, 15640 KB] g=300, 1970 evaluated, 17 expanded
[t=14.1573s, 15640 KB] New best heuristic value for lmcut(): 900
[t=14.1574s, 15640 KB] g=330, 2109 evaluated, 19 expanded
[t=15.7967s, 15640 KB] New best heuristic value for lmcut(): 890
[t=15.7973s, 15640 KB] g=360, 2366 evaluated, 21 expanded
[t=16.3696s, 15640 KB] New best heuristic value for lmcut(): 870
[t=16.3702s, 15640 KB] g=360, 2462 evaluated, 21 expanded
[t=17.4001s, 15792 KB] New best heuristic value for lmcut(): 860
[t=17.4006s, 15792 KB] g=390, 2620 evaluated, 23 expanded
[t=17.9649s, 15792 KB] New best heuristic value for lmcut(): 825
[t=17.9656s, 15792 KB] g=405, 2716 evaluated, 23 expanded
[t=18.89s, 15792 KB] New best heuristic value for lmcut(): 815
[t=18.8905s, 15792 KB] g=435, 2866 evaluated, 25 expanded
[t=20.449s, 15792 KB] New best heuristic value for lmcut(): 805
[t=20.4493s, 15792 KB] g=465, 3127 evaluated, 27 expanded
[t=21.1896s, 15792 KB] New best heuristic value for lmcut(): 795
[t=21.1898s, 15792 KB] g=455, 3258 evaluated, 27 expanded
[t=22.0554s, 15792 KB] New best heuristic value for lmcut(): 785
[t=22.0561s, 15792 KB] g=485, 3408 evaluated, 29 expanded
[t=23.6693s, 15924 KB] New best heuristic value for lmcut(): 775
[t=23.6699s, 15924 KB] g=515, 3683 evaluated, 31 expanded
[t=24.2677s, 15924 KB] New best heuristic value for lmcut(): 765
[t=24.2678s, 15924 KB] g=505, 3793 evaluated, 31 expanded
[t=25.1814s, 15924 KB] New best heuristic value for lmcut(): 755
[t=25.1823s, 15924 KB] g=535, 3946 evaluated, 33 expanded
[t=26.724s, 15924 KB] New best heuristic value for lmcut(): 745
[t=26.7247s, 15924 KB] g=565, 4216 evaluated, 35 expanded
[t=28.3582s, 16056 KB] New best heuristic value for lmcut(): 735
[t=28.3589s, 16056 KB] g=595, 4483 evaluated, 37 expanded
[t=29.9553s, 16224 KB] New best heuristic value for lmcut(): 725
[t=29.9562s, 16224 KB] g=625, 4785 evaluated, 39 expanded
[t=31.4071s, 16224 KB] New best heuristic value for lmcut(): 715
[t=31.4075s, 16224 KB] g=655, 5071 evaluated, 41 expanded
[t=31.6889s, 16224 KB] New best heuristic value for lmcut(): 695
[t=31.6901s, 16224 KB] g=655, 5130 evaluated, 41 expanded
[t=32.7893s, 16224 KB] New best heuristic value for lmcut(): 685
[t=32.7901s, 16224 KB] g=685, 5320 evaluated, 43 expanded
[t=33.1081s, 16224 KB] New best heuristic value for lmcut(): 675
[t=33.1084s, 16224 KB] g=675, 5388 evaluated, 43 expanded
[t=34.3194s, 16224 KB] New best heuristic value for lmcut(): 665
[t=34.3199s, 16224 KB] g=705, 5605 evaluated, 45 expanded
[t=35.75s, 16356 KB] New best heuristic value for lmcut(): 655
[t=35.7506s, 16356 KB] g=735, 5854 evaluated, 47 expanded
[t=36.1335s, 16356 KB] New best heuristic value for lmcut(): 650
[t=36.1338s, 16356 KB] g=720, 5940 evaluated, 47 expanded
[t=37.1017s, 16356 KB] New best heuristic value for lmcut(): 640
[t=37.102s, 16356 KB] g=750, 6110 evaluated, 49 expanded
[t=38.3867s, 16356 KB] New best heuristic value for lmcut(): 630
[t=38.3873s, 16356 KB] g=780, 6407 evaluated, 51 expanded
[t=38.5527s, 16356 KB] New best heuristic value for lmcut(): 625
[t=38.5529s, 16356 KB] g=765, 6446 evaluated, 51 expanded
[t=39.8712s, 16488 KB] New best heuristic value for lmcut(): 615
[t=39.8718s, 16488 KB] g=795, 6713 evaluated, 53 expanded
[t=41.1707s, 16488 KB] New best heuristic value for lmcut(): 605
[t=41.1716s, 16488 KB] g=825, 6964 evaluated, 55 expanded
[t=41.3418s, 16488 KB] New best heuristic value for lmcut(): 595
[t=41.3421s, 16488 KB] g=815, 7007 evaluated, 55 expanded
[t=42.5703s, 16488 KB] New best heuristic value for lmcut(): 585
[t=42.5707s, 16488 KB] g=845, 7235 evaluated, 57 expanded
[t=43.804s, 16620 KB] New best heuristic value for lmcut(): 575
[t=43.8046s, 16620 KB] g=875, 7493 evaluated, 59 expanded
[t=43.972s, 16620 KB] New best heuristic value for lmcut(): 565
[t=43.9724s, 16620 KB] g=865, 7539 evaluated, 59 expanded
[t=44.9908s, 16620 KB] New best heuristic value for lmcut(): 555
[t=44.9918s, 16620 KB] g=895, 7777 evaluated, 61 expanded
[t=45.1903s, 16620 KB] New best heuristic value for lmcut(): 550
[t=45.1908s, 16620 KB] g=880, 7834 evaluated, 61 expanded
[t=46.1253s, 16620 KB] New best heuristic value for lmcut(): 540
[t=46.1262s, 16620 KB] g=910, 8083 evaluated, 63 expanded
[t=47.3439s, 16752 KB] New best heuristic value for lmcut(): 530
[t=47.3449s, 16752 KB] g=940, 8369 evaluated, 65 expanded
[t=47.4613s, 16752 KB] New best heuristic value for lmcut(): 510
[t=47.4622s, 16752 KB] g=940, 8405 evaluated, 65 expanded
[t=48.7396s, 16752 KB] New best heuristic value for lmcut(): 500
[t=48.7399s, 16752 KB] g=970, 8654 evaluated, 67 expanded
[t=48.8521s, 16752 KB] New best heuristic value for lmcut(): 465
[t=48.8531s, 16752 KB] g=985, 8690 evaluated, 67 expanded
[t=50.0166s, 16884 KB] New best heuristic value for lmcut(): 455
[t=50.0168s, 16884 KB] g=1015, 8931 evaluated, 69 expanded
[t=51.2718s, 16884 KB] New best heuristic value for lmcut(): 445
[t=51.2719s, 16884 KB] g=1045, 9207 evaluated, 71 expanded
[t=51.3969s, 16884 KB] New best heuristic value for lmcut(): 435
[t=51.3978s, 16884 KB] g=1035, 9250 evaluated, 71 expanded
[t=52.2683s, 17216 KB] New best heuristic value for lmcut(): 425
[t=52.2696s, 17216 KB] g=1065, 9504 evaluated, 73 expanded
[t=53.5954s, 17216 KB] New best heuristic value for lmcut(): 415
[t=53.5978s, 17216 KB] g=1085, 9812 evaluated, 75 expanded
[t=54.514s, 17216 KB] New best heuristic value for lmcut(): 405
[t=54.5146s, 17216 KB] g=1095, 10144 evaluated, 77 expanded
[t=55.7249s, 17216 KB] New best heuristic value for lmcut(): 395
[t=55.727s, 17216 KB] g=1105, 10484 evaluated, 79 expanded
[t=56.8239s, 17216 KB] New best heuristic value for lmcut(): 385
[t=56.8262s, 17216 KB] g=1115, 10739 evaluated, 81 expanded
[t=57.9146s, 17216 KB] New best heuristic value for lmcut(): 380
[t=57.9181s, 17216 KB] g=1125, 10983 evaluated, 83 expanded
[t=57.9545s, 17216 KB] New best heuristic value for lmcut(): 375
[t=57.9558s, 17216 KB] g=1125, 10999 evaluated, 83 expanded
[t=59.1092s, 17216 KB] New best heuristic value for lmcut(): 370
[t=59.1131s, 17216 KB] g=1135, 11255 evaluated, 85 expanded
[t=59.1411s, 17348 KB] New best heuristic value for lmcut(): 365
[t=59.1425s, 17348 KB] g=1135, 11268 evaluated, 85 expanded
[t=60.2676s, 17348 KB] New best heuristic value for lmcut(): 360
[t=60.2702s, 17348 KB] g=1145, 11515 evaluated, 87 expanded
[t=60.3356s, 17348 KB] New best heuristic value for lmcut(): 355
[t=60.3384s, 17348 KB] g=1145, 11546 evaluated, 87 expanded
[t=61.1787s, 17348 KB] New best heuristic value for lmcut(): 350
[t=61.1826s, 17348 KB] g=1155, 11798 evaluated, 89 expanded
[t=61.2507s, 17348 KB] New best heuristic value for lmcut(): 345
[t=61.2531s, 17348 KB] g=1155, 11831 evaluated, 89 expanded
[t=61.974s, 17348 KB] New best heuristic value for lmcut(): 340
[t=61.9773s, 17348 KB] g=1165, 12070 evaluated, 91 expanded
[t=62.0579s, 17348 KB] New best heuristic value for lmcut(): 335
[t=62.0619s, 17348 KB] g=1165, 12111 evaluated, 91 expanded
[t=62.8136s, 17480 KB] New best heuristic value for lmcut(): 330
[t=62.8155s, 17480 KB] g=1175, 12348 evaluated, 93 expanded
[t=62.9133s, 17480 KB] New best heuristic value for lmcut(): 325
[t=62.9147s, 17480 KB] g=1175, 12400 evaluated, 93 expanded
[t=63.9121s, 17480 KB] New best heuristic value for lmcut(): 320
[t=63.9138s, 17480 KB] g=1185, 12611 evaluated, 95 expanded
[t=64.6477s, 17480 KB] New best heuristic value for lmcut(): 315
[t=64.6499s, 17480 KB] g=1190, 12889 evaluated, 97 expanded
[t=65.5031s, 17480 KB] New best heuristic value for lmcut(): 310
[t=65.5047s, 17480 KB] g=1195, 13135 evaluated, 99 expanded
[t=68.7798s, 17612 KB] New best heuristic value for lmcut(): 290
[t=68.7832s, 17612 KB] g=1255, 13907 evaluated, 106 expanded
[t=68.8516s, 17612 KB] New best heuristic value for lmcut(): 280
[t=68.8554s, 17612 KB] g=1255, 13952 evaluated, 106 expanded
[t=69.6669s, 17612 KB] New best heuristic value for lmcut(): 260
[t=69.6706s, 17612 KB] g=1285, 14116 evaluated, 108 expanded
[t=69.7388s, 17744 KB] New best heuristic value for lmcut(): 235
[t=69.739s, 17744 KB] g=1300, 14161 evaluated, 108 expanded
[t=70.5263s, 17744 KB] New best heuristic value for lmcut(): 215
[t=70.5267s, 17744 KB] g=1330, 14338 evaluated, 110 expanded
[t=70.8181s, 17744 KB] New best heuristic value for lmcut(): 205
[t=70.8197s, 17744 KB] g=1360, 14524 evaluated, 112 expanded
[t=70.838s, 17744 KB] New best heuristic value for lmcut(): 185
[t=70.8411s, 17744 KB] g=1360, 14541 evaluated, 112 expanded
[t=71.4733s, 17744 KB] New best heuristic value for lmcut(): 175
[t=71.4771s, 17744 KB] g=1390, 14781 evaluated, 114 expanded
[t=71.737s, 17876 KB] New best heuristic value for lmcut(): 155
[t=71.7379s, 17876 KB] g=1420, 14992 evaluated, 116 expanded
[t=72.3842s, 17876 KB] New best heuristic value for lmcut(): 145
[t=72.3876s, 17876 KB] g=1450, 15250 evaluated, 118 expanded
[t=72.492s, 17876 KB] New best heuristic value for lmcut(): 135
[t=72.4923s, 17876 KB] g=1440, 15357 evaluated, 118 expanded
[t=72.9594s, 17876 KB] New best heuristic value for lmcut(): 125
[t=72.9633s, 17876 KB] g=1470, 15502 evaluated, 120 expanded
[t=73.6662s, 18140 KB] New best heuristic value for lmcut(): 115
[t=73.6687s, 18140 KB] g=1500, 15748 evaluated, 122 expanded
[t=74.1458s, 18140 KB] New best heuristic value for lmcut(): 105
[t=74.1473s, 18140 KB] g=1530, 16013 evaluated, 124 expanded
[t=74.7372s, 18140 KB] New best heuristic value for lmcut(): 95
[t=74.7381s, 18140 KB] g=1520, 16285 evaluated, 126 expanded
[t=75.4798s, 18140 KB] New best heuristic value for lmcut(): 85
[t=75.4835s, 18140 KB] g=1530, 16568 evaluated, 128 expanded
[t=76.0947s, 18140 KB] New best heuristic value for lmcut(): 75
[t=76.0949s, 18140 KB] g=1540, 16833 evaluated, 130 expanded
[t=76.9979s, 18140 KB] New best heuristic value for lmcut(): 60
[t=76.9985s, 18140 KB] g=1555, 17050 evaluated, 132 expanded
[t=77.1377s, 18140 KB] New best heuristic value for lmcut(): 50
[t=77.1396s, 18140 KB] g=1565, 17279 evaluated, 134 expanded
[t=87.537s, 19052 KB] New best heuristic value for lmcut(): 35
[t=87.5401s, 19052 KB] g=1590, 21769 evaluated, 179 expanded
[t=88.3843s, 19052 KB] New best heuristic value for lmcut(): 25
[t=88.3878s, 19052 KB] g=1600, 22021 evaluated, 181 expanded
[t=97.7667s, 19448 KB] New best heuristic value for lmcut(): 10
[t=97.7672s, 19448 KB] g=1625, 26088 evaluated, 223 expanded
[t=98.7022s, 19580 KB] New best heuristic value for lmcut(): 0
[t=98.7055s, 19580 KB] g=1635, 26323 evaluated, 225 expanded
[t=98.7341s, 19580 KB] Solution found!
do-plane p9 planer0 smooth white colourfragments (30)
do-plane p20 planer0 verysmooth blue glazed (30)
do-glaze p9 glazer0 mauve (20)
do-immersion-varnish p20 immersion-varnisher0 red smooth (10)
do-saw-large b0 p14 saw0 cherry rough s7 s5 s6 s4 (30)
do-plane p14 planer0 rough natural untreated (30)
do-grind p14 grinder0 smooth natural untreated untreated (45)
do-saw-large b0 p21 saw0 cherry rough s7 s5 s6 s4 (30)
do-plane p21 planer0 rough natural untreated (30)
do-grind p21 grinder0 smooth natural untreated untreated (45)
do-saw-large b0 p7 saw0 cherry rough s7 s5 s6 s4 (30)
do-plane p7 planer0 rough natural untreated (30)
do-grind p7 grinder0 smooth natural untreated untreated (45)
do-saw-medium b0 p11 saw0 cherry rough s7 s6 s5 (30)
do-plane p11 planer0 rough natural untreated (20)
do-saw-medium b0 p2 saw0 cherry rough s5 s4 s3 (30)
do-plane p2 planer0 rough natural untreated (20)
do-saw-small b0 p10 saw0 cherry rough s5 s4 (30)
do-saw-small b0 p13 saw0 cherry rough s5 s4 (30)
do-saw-small b0 p16 saw0 cherry rough s5 s4 (30)
do-saw-large b0 p23 saw0 cherry rough s5 s3 s4 s2 (30)
do-plane p23 planer0 rough natural untreated (30)
do-glaze p23 glazer0 green (20)
do-saw-medium b0 p18 saw0 cherry rough s5 s4 s3 (30)
do-glaze p18 glazer0 mauve (15)
do-saw-medium b0 p6 saw0 cherry rough s5 s4 s3 (30)
do-glaze p6 glazer0 blue (15)
do-saw-large b3 p4 saw0 mahogany rough s9 s7 s8 s6 (30)
do-glaze p4 glazer0 green (20)
do-saw-medium b3 p22 saw0 mahogany rough s6 s5 s4 (30)
do-plane p22 planer0 rough natural untreated (20)
do-glaze p22 glazer0 natural (15)
do-saw-large b3 p5 saw0 mahogany rough s6 s4 s5 s3 (30)
do-plane p5 planer0 rough natural untreated (30)
do-grind p5 grinder0 smooth natural untreated untreated (45)
do-saw-medium b5 p3 saw0 oak rough s6 s5 s4 (30)
do-plane p3 planer0 rough natural untreated (20)
do-saw-small b5 p0 saw0 oak rough s6 s5 (30)
do-glaze p7 glazer0 white (20)
do-immersion-varnish p3 immersion-varnisher0 black smooth (10)
do-immersion-varnish p2 immersion-varnisher0 red smooth (10)
do-plane p16 planer0 rough natural untreated (10)
do-immersion-varnish p14 immersion-varnisher0 mauve verysmooth (10)
do-plane p13 planer0 rough natural untreated (10)
do-immersion-varnish p11 immersion-varnisher0 natural smooth (10)
do-plane p10 planer0 rough natural untreated (10)
do-plane p0 planer0 rough natural untreated (10)
do-glaze p0 glazer0 mauve (10)
do-spray-varnish p16 spray-varnisher0 black smooth (5)
do-spray-varnish p13 spray-varnisher0 white smooth (5)
do-glaze p10 glazer0 blue (10)
do-saw-large b8 p17 saw0 teak rough s6 s4 s5 s3 (30)
do-plane p17 planer0 rough natural untreated (30)
do-grind p17 grinder0 smooth natural untreated untreated (45)
do-saw-large b8 p8 saw0 teak rough s3 s1 s2 s0 (30)
do-plane p8 planer0 rough natural untreated (30)
do-saw-medium b5 p1 saw0 oak rough s5 s4 s3 (30)
load-highspeed-saw b0 highspeed-saw0 (30)
do-plane p1 planer0 rough natural untreated (20)
do-saw-small b1 p15 saw0 cherry rough s7 s6 (30)
do-saw-small b1 p19 saw0 cherry rough s6 s5 (30)
cut-board-small b0 p12 highspeed-saw0 cherry rough s5 s4 (10)
do-immersion-varnish p8 immersion-varnisher0 green smooth (10)
do-immersion-varnish p17 immersion-varnisher0 black verysmooth (10)
do-plane p12 planer0 rough natural untreated (10)
do-grind p12 grinder0 smooth natural untreated untreated (15)
do-immersion-varnish p1 immersion-varnisher0 black smooth (10)
do-plane p19 planer0 rough natural untreated (10)
do-grind p19 grinder0 smooth natural untreated untreated (15)
do-glaze p19 glazer0 blue (10)
do-plane p15 planer0 rough natural untreated (10)
do-grind p15 grinder0 smooth natural untreated untreated (15)
do-glaze p15 glazer0 blue (10)
[t=98.7368s, 19580 KB] Plan length: 73 step(s).
[t=98.7369s, 19580 KB] Plan cost: 1635
[t=98.7369s, 19580 KB] Solution: Incumbent solution found!
[t=98.7369s, 19580 KB] Solution Timestep: 1682370237266 millisecond(s).
[t=98.7369s, 19580 KB] Timestamp: 1682370237266 millisecond(s).
[t=98.737s, 19580 KB] Expanded 227 state(s).
[t=98.737s, 19580 KB] Reopened 0 state(s).
[t=98.737s, 19580 KB] Evaluated 26433 state(s).
[t=98.737s, 19580 KB] Evaluations: 36773
[t=98.7371s, 19580 KB] Generated 44641 state(s).
[t=98.7371s, 19580 KB] Dead ends: 0 state(s).
[t=98.7371s, 19580 KB] Number of registered states: 36773
[t=98.7371s, 19580 KB] Int hash set load factor: 36773/65536 = 0.561111
[t=98.7372s, 19580 KB] Int hash set resizes: 16
[t=98.7733s, 19580 KB] Solution found!
[t=99.2769s, 19580 KB] Solution found!
[t=99.7726s, 19580 KB] Solution found!
[t=100.504s, 19580 KB] Solution found!
Peak memory: 50332 KB
caught signal 24 -- exiting
Time limit has been reached.
Remove intermediate file output.sas
search exit code: 23

Driver aborting after search
INFO     Planner time: 897.13s
