INFO     planner time limit: 300s
INFO     planner memory limit: 3584 MB

INFO     Running translator.
INFO     translator stdin: None
INFO     translator time limit: 299s
INFO     translator memory limit: 3584 MB
INFO     translator command line string: /usr/local/downward-projects/downward/experiments/.venv/bin/python3 /usr/local/downward-projects/downward/experiments/src/thesis/data/thesis-thesis_exp/code-d93485cdd92f65ede2ae3573b3f4adda0b49e4fd_e5e41175/builds/release/bin/translate/translate.py domain.pddl problem.pddl --sas-file output.sas
Parsing...
Parsing: [0.000s CPU, 0.004s wall-clock]
Normalizing task... [0.000s CPU, 0.000s wall-clock]
Instantiating...
Generating Datalog program... [0.000s CPU, 0.001s wall-clock]
Normalizing Datalog program...
Duplicate arguments: Adding equality conditions.
Normalizing Datalog program: [0.010s CPU, 0.003s wall-clock]
Preparing model... [0.000s CPU, 0.002s wall-clock]
Generated 129 rules.
Computing model... [0.080s CPU, 0.081s wall-clock]
7210 relevant atoms
7163 auxiliary atoms
14373 final queue length
31257 total queue pushes
Completing instantiation... [0.210s CPU, 0.203s wall-clock]
Instantiating: [0.300s CPU, 0.291s wall-clock]
Computing fact groups...
Finding invariants...
36 initial candidates
Finding invariants: [0.110s CPU, 0.114s wall-clock]
Checking invariant weight... [0.000s CPU, 0.001s wall-clock]
Instantiating groups... [0.000s CPU, 0.002s wall-clock]
Collecting mutex groups... [0.000s CPU, 0.001s wall-clock]
Choosing groups...
0 uncovered facts
Choosing groups: [0.000s CPU, 0.002s wall-clock]
Building translation key... [0.000s CPU, 0.001s wall-clock]
Computing fact groups: [0.120s CPU, 0.126s wall-clock]
Building STRIPS to SAS dictionary... [0.000s CPU, 0.000s wall-clock]
Building dictionary for full mutex groups... [0.000s CPU, 0.001s wall-clock]
Building mutex information...
Building mutex information: [0.010s CPU, 0.001s wall-clock]
Translating task...
Processing axioms...
Simplifying axioms... [0.000s CPU, 0.000s wall-clock]
Translator axioms removed by simplifying: 0
Computing negative axioms... [0.000s CPU, 0.000s wall-clock]
Processing axioms: [0.000s CPU, 0.009s wall-clock]
Translating task: [0.210s CPU, 0.220s wall-clock]
0 effect conditions simplified
0 implied preconditions added
Detecting unreachable propositions...
0 operators removed
0 axioms removed
39 propositions removed
Detecting unreachable propositions: [0.160s CPU, 0.153s wall-clock]
Reordering and filtering variables...
42 of 42 variables necessary.
46 of 66 mutex groups necessary.
6042 of 6042 operators necessary.
0 of 0 axiom rules necessary.
Reordering and filtering variables: [0.030s CPU, 0.032s wall-clock]
Translator variables: 42
Translator derived variables: 0
Translator facts: 942
Translator goal facts: 38
Translator mutex groups: 46
Translator total mutex groups size: 1836
Translator operators: 6042
Translator axioms: 0
Translator task size: 47793
Translator peak memory: 62416 KB
Writing output... [0.040s CPU, 0.033s wall-clock]
Done! [0.880s CPU, 0.874s wall-clock]
translate exit code: 0

INFO     Running search (release).
INFO     search stdin: output.sas
INFO     search time limit: 299s
INFO     search memory limit: 3584 MB
INFO     search command line string: /usr/local/downward-projects/downward/experiments/src/thesis/data/thesis-thesis_exp/code-d93485cdd92f65ede2ae3573b3f4adda0b49e4fd_e5e41175/builds/release/bin/downward --evaluator 'h=ff()' --search 'eager(epsilon_greedy(h, epsilon=0.2))' --internal-plan-file sas_plan < output.sas
[t=0.00210421s, 11364 KB] reading input...
[t=0.026054s, 14696 KB] done reading input!
[t=0.0300143s, 16420 KB] Simplifying 20083 unary operators... done! [19399 unary operators]
[t=0.0499452s, 17912 KB] time to simplify: 0.019931s
[t=0.0503404s, 17912 KB] Initializing additive heuristic...
[t=0.0507779s, 17912 KB] Initializing FF heuristic...
[t=0.0508057s, 17912 KB] Building successor generator...done!
[t=0.0525557s, 17912 KB] peak memory difference for successor generator creation: 0 KB
[t=0.0526139s, 17912 KB] time for successor generation creation: 0s
[t=0.0526388s, 17912 KB] Variables: 42
[t=0.0526647s, 17912 KB] FactPairs: 942
[t=0.052687s, 17912 KB] Bytes per state: 20
[t=0.0527105s, 17912 KB] Conducting best first search without reopening closed nodes, (real) bound = 2147483647
[t=0.0527607s, 17912 KB] New best heuristic value for ff(): 7
[t=0.0529764s, 17912 KB] g=0, 1 evaluated, 0 expanded
[t=0.053004s, 17912 KB] Initial heuristic value for ff(): 7
[t=0.0530302s, 17912 KB] pruning method: none
[t=0.053054s, 17912 KB] Start Timestep: 1687932122951 millisecond(s).
[t=0.0530954s, 17912 KB] New best heuristic value for ff(): 6
[t=0.0534579s, 17912 KB] g=1, 3 evaluated, 1 expanded
[t=0.0577153s, 17912 KB] New best heuristic value for ff(): 5
[t=0.0594627s, 17912 KB] g=2, 43 evaluated, 2 expanded
[t=0.0616829s, 17912 KB] New best heuristic value for ff(): 4
[t=0.0652685s, 17912 KB] g=3, 82 evaluated, 3 expanded
[t=0.0696467s, 17912 KB] New best heuristic value for ff(): 3
[t=0.0712371s, 17912 KB] g=4, 122 evaluated, 4 expanded
[t=0.0735817s, 17912 KB] New best heuristic value for ff(): 2
[t=0.0767451s, 17912 KB] g=5, 159 evaluated, 5 expanded
[t=0.0815527s, 17912 KB] New best heuristic value for ff(): 1
[t=0.0822463s, 17912 KB] g=6, 196 evaluated, 6 expanded
[t=0.0855176s, 17912 KB] New best heuristic value for ff(): 0
[t=0.0878221s, 17912 KB] g=7, 234 evaluated, 7 expanded
Peak memory: 158516 KB
caught signal 24 -- exiting
Time limit has been reached.
Remove intermediate file output.sas
search exit code: 23

Driver aborting after search
INFO     Planner time: 299.84s
