INFO     planner time limit: 300s
INFO     planner memory limit: 3584 MB

INFO     Running translator.
INFO     translator stdin: None
INFO     translator time limit: 299s
INFO     translator memory limit: 3584 MB
INFO     translator command line string: /usr/local/downward-projects/downward/experiments/.venv/bin/python3 /usr/local/downward-projects/downward/experiments/src/thesis/data/thesis-thesis_exp/code-d93485cdd92f65ede2ae3573b3f4adda0b49e4fd_e5e41175/builds/release/bin/translate/translate.py domain.pddl problem.pddl --sas-file output.sas
Parsing...
Parsing: [0.000s CPU, 0.002s wall-clock]
Normalizing task... [0.000s CPU, 0.000s wall-clock]
Instantiating...
Generating Datalog program... [0.000s CPU, 0.001s wall-clock]
Normalizing Datalog program...
Normalizing Datalog program: [0.010s CPU, 0.001s wall-clock]
Preparing model... [0.000s CPU, 0.001s wall-clock]
Generated 32 rules.
Computing model... [0.550s CPU, 0.562s wall-clock]
78629 relevant atoms
6562 auxiliary atoms
85191 final queue length
254680 total queue pushes
Completing instantiation... [3.630s CPU, 3.664s wall-clock]
Instantiating: [4.220s CPU, 4.256s wall-clock]
Computing fact groups...
Finding invariants...
12 initial candidates
Finding invariants: [0.010s CPU, 0.008s wall-clock]
Checking invariant weight... [0.000s CPU, 0.000s wall-clock]
Instantiating groups... [0.010s CPU, 0.006s wall-clock]
Collecting mutex groups... [0.000s CPU, 0.001s wall-clock]
Choosing groups...
81 uncovered facts
Choosing groups: [0.000s CPU, 0.005s wall-clock]
Building translation key... [0.000s CPU, 0.001s wall-clock]
Computing fact groups: [0.030s CPU, 0.026s wall-clock]
Building STRIPS to SAS dictionary... [0.000s CPU, 0.001s wall-clock]
Building dictionary for full mutex groups... [0.000s CPU, 0.002s wall-clock]
Building mutex information...
Building mutex information: [0.000s CPU, 0.001s wall-clock]
Translating task...
Processing axioms...
Simplifying axioms... [0.000s CPU, 0.000s wall-clock]
Translator axioms removed by simplifying: 0
Computing negative axioms... [0.000s CPU, 0.000s wall-clock]
Processing axioms: [0.120s CPU, 0.114s wall-clock]
Translating task: [3.420s CPU, 3.443s wall-clock]
91136 effect conditions simplified
0 implied preconditions added
Detecting unreachable propositions...
0 operators removed
0 axioms removed
32 propositions removed
Detecting unreachable propositions: [1.950s CPU, 1.969s wall-clock]
Reordering and filtering variables...
113 of 113 variables necessary.
49 of 81 mutex groups necessary.
73728 of 73728 operators necessary.
0 of 0 axiom rules necessary.
Reordering and filtering variables: [0.460s CPU, 0.472s wall-clock]
Translator variables: 113
Translator derived variables: 0
Translator facts: 1730
Translator goal facts: 32
Translator mutex groups: 49
Translator total mutex groups size: 1617
Translator operators: 73728
Translator axioms: 0
Translator task size: 600484
Translator peak memory: 386276 KB
Writing output... [0.460s CPU, 0.473s wall-clock]
Done! [10.690s CPU, 10.793s wall-clock]
translate exit code: 0

INFO     Running search (release).
INFO     search stdin: output.sas
INFO     search time limit: 289s
INFO     search memory limit: 3584 MB
INFO     search command line string: /usr/local/downward-projects/downward/experiments/src/thesis/data/thesis-thesis_exp/code-d93485cdd92f65ede2ae3573b3f4adda0b49e4fd_e5e41175/builds/release/bin/downward --evaluator 'h=ff()' --search 'eager(alt([type_based([h, g()], random_seed=-1), single(h)]))' --internal-plan-file sas_plan < output.sas
[t=0.000587605s, 11364 KB] reading input...
[t=0.295967s, 39260 KB] done reading input!
[t=0.331711s, 52852 KB] Simplifying 255456 unary operators... done! [255456 unary operators]
[t=1.05209s, 76428 KB] time to simplify: 0.720384s
[t=1.06046s, 76428 KB] Initializing additive heuristic...
[t=1.06095s, 76428 KB] Initializing FF heuristic...
[t=1.06098s, 76428 KB] Building successor generator...done!
[t=1.08478s, 76428 KB] peak memory difference for successor generator creation: 0 KB
[t=1.08489s, 76428 KB] time for successor generation creation: 0.023475s
[t=1.08554s, 76428 KB] Variables: 113
[t=1.08631s, 76428 KB] FactPairs: 1730
[t=1.08634s, 76428 KB] Bytes per state: 36
[t=1.08636s, 76428 KB] Conducting best first search without reopening closed nodes, (real) bound = 2147483647
[t=1.0939s, 76428 KB] New best heuristic value for ff(): 67
[t=1.09413s, 76428 KB] g=0, 1 evaluated, 0 expanded
[t=1.09415s, 76428 KB] Initial heuristic value for ff(): 67
[t=1.09419s, 76428 KB] pruning method: none
[t=1.09421s, 76428 KB] Start Timestep: 1687902654044 millisecond(s).
[t=1.16543s, 76428 KB] New best heuristic value for ff(): 61
[t=1.16594s, 76428 KB] g=1, 17 evaluated, 1 expanded
[t=2.31795s, 76428 KB] New best heuristic value for ff(): 59
[t=2.31868s, 76428 KB] g=5, 273 evaluated, 12 expanded
[t=5.17094s, 76428 KB] New best heuristic value for ff(): 57
[t=5.17143s, 76428 KB] g=13, 914 evaluated, 38 expanded
[t=5.84352s, 76428 KB] New best heuristic value for ff(): 56
[t=5.84402s, 76428 KB] g=14, 1066 evaluated, 44 expanded
[t=9.10747s, 76428 KB] New best heuristic value for ff(): 55
[t=9.10787s, 76428 KB] g=18, 1793 evaluated, 74 expanded
[t=10.7846s, 76428 KB] New best heuristic value for ff(): 54
[t=10.7849s, 76428 KB] g=18, 2172 evaluated, 89 expanded
[t=11.4092s, 76428 KB] New best heuristic value for ff(): 53
[t=11.4102s, 76428 KB] g=19, 2313 evaluated, 95 expanded
[t=12.0649s, 76428 KB] New best heuristic value for ff(): 51
[t=12.0651s, 76428 KB] g=20, 2462 evaluated, 101 expanded
[t=12.4552s, 76428 KB] New best heuristic value for ff(): 49
[t=12.4562s, 76428 KB] g=22, 2547 evaluated, 104 expanded
[t=14.1341s, 76428 KB] New best heuristic value for ff(): 47
[t=14.1344s, 76428 KB] g=25, 2921 evaluated, 118 expanded
[t=14.6067s, 76428 KB] New best heuristic value for ff(): 46
[t=14.6078s, 76428 KB] g=27, 3029 evaluated, 122 expanded
[t=15.5655s, 76428 KB] New best heuristic value for ff(): 45
[t=15.566s, 76428 KB] g=29, 3247 evaluated, 130 expanded
[t=17.4306s, 76428 KB] New best heuristic value for ff(): 44
[t=17.4313s, 76428 KB] g=32, 3666 evaluated, 146 expanded
[t=17.6629s, 76428 KB] New best heuristic value for ff(): 43
[t=17.6639s, 76428 KB] g=33, 3719 evaluated, 148 expanded
[t=17.7113s, 76428 KB] New best heuristic value for ff(): 42
[t=17.7121s, 76428 KB] g=33, 3730 evaluated, 148 expanded
[t=17.7207s, 76428 KB] New best heuristic value for ff(): 41
[t=17.7211s, 76428 KB] g=33, 3732 evaluated, 148 expanded
[t=18.2068s, 76428 KB] New best heuristic value for ff(): 39
[t=18.2076s, 76428 KB] g=34, 3841 evaluated, 152 expanded
[t=19.3011s, 76428 KB] New best heuristic value for ff(): 38
[t=19.3018s, 76428 KB] g=37, 4091 evaluated, 161 expanded
[t=19.4811s, 76428 KB] New best heuristic value for ff(): 37
[t=19.4813s, 76428 KB] g=38, 4133 evaluated, 162 expanded
[t=20.1957s, 76428 KB] New best heuristic value for ff(): 36
[t=20.1966s, 76428 KB] g=39, 4294 evaluated, 168 expanded
[t=20.2356s, 76428 KB] New best heuristic value for ff(): 35
[t=20.2361s, 76428 KB] g=39, 4303 evaluated, 168 expanded
[t=20.4758s, 76428 KB] New best heuristic value for ff(): 34
[t=20.4759s, 76428 KB] g=40, 4358 evaluated, 170 expanded
[t=20.6397s, 76428 KB] New best heuristic value for ff(): 33
[t=20.6402s, 76428 KB] g=41, 4395 evaluated, 172 expanded
[t=21.2691s, 76428 KB] New best heuristic value for ff(): 32
[t=21.2699s, 76428 KB] g=42, 4536 evaluated, 176 expanded
[t=21.3217s, 76428 KB] New best heuristic value for ff(): 31
[t=21.3225s, 76428 KB] g=43, 4548 evaluated, 177 expanded
[t=21.8081s, 76428 KB] New best heuristic value for ff(): 30
[t=21.8091s, 76428 KB] g=45, 4660 evaluated, 180 expanded
[t=25.3988s, 76428 KB] New best heuristic value for ff(): 29
[t=25.3999s, 76428 KB] g=47, 5471 evaluated, 207 expanded
[t=25.6683s, 76428 KB] New best heuristic value for ff(): 28
[t=25.669s, 76428 KB] g=48, 5532 evaluated, 209 expanded
[t=45.3861s, 76428 KB] New best heuristic value for ff(): 27
[t=45.3883s, 76428 KB] g=53, 10048 evaluated, 362 expanded
[t=45.594s, 76428 KB] New best heuristic value for ff(): 25
[t=45.5948s, 76428 KB] g=54, 10096 evaluated, 364 expanded
[t=45.8699s, 76428 KB] New best heuristic value for ff(): 24
[t=45.8705s, 76428 KB] g=55, 10160 evaluated, 366 expanded
[t=45.9617s, 76428 KB] New best heuristic value for ff(): 22
[t=45.9647s, 76428 KB] g=56, 10182 evaluated, 367 expanded
[t=128.853s, 76428 KB] New best heuristic value for ff(): 21
[t=128.854s, 76428 KB] g=61, 22833 evaluated, 797 expanded
[t=220.546s, 76428 KB] New best heuristic value for ff(): 20
[t=220.548s, 76428 KB] g=64, 42852 evaluated, 1518 expanded
[t=220.786s, 76428 KB] New best heuristic value for ff(): 18
[t=220.788s, 76428 KB] g=65, 42906 evaluated, 1520 expanded
[t=277.888s, 76428 KB] New best heuristic value for ff(): 17
[t=277.89s, 76428 KB] g=67, 55672 evaluated, 1986 expanded
Peak memory: 76428 KB
caught signal 24 -- exiting
Time limit has been reached.
Remove intermediate file output.sas
search exit code: 23

Driver aborting after search
INFO     Planner time: 299.34s
