INFO     planner time limit: 600s
INFO     planner memory limit: 3584 MB

INFO     Running translator.
INFO     translator stdin: None
INFO     translator time limit: 599s
INFO     translator memory limit: 3584 MB
INFO     translator command line string: /usr/local/downward-projects/downward/experiments/assign3/.venv/bin/python3 /usr/local/downward-projects/downward/experiments/assign3/data/assign3-anytime_exp/code-1fb14623350588fb782db39ad332c8a25eda53d6_e5e41175/builds/release/bin/translate/translate.py domain.pddl problem.pddl --sas-file output.sas
Parsing...
Parsing: [0.000s CPU, 0.003s wall-clock]
Normalizing task... [0.000s CPU, 0.000s wall-clock]
Instantiating...
Generating Datalog program... [0.000s CPU, 0.001s wall-clock]
Normalizing Datalog program...
Normalizing Datalog program: [0.000s CPU, 0.001s wall-clock]
Preparing model... [0.000s CPU, 0.002s wall-clock]
Generated 26 rules.
Computing model... [0.150s CPU, 0.156s wall-clock]
15500 relevant atoms
12176 auxiliary atoms
27676 final queue length
55372 total queue pushes
Completing instantiation... [0.550s CPU, 0.558s wall-clock]
Instantiating: [0.720s CPU, 0.724s wall-clock]
Computing fact groups...
Finding invariants...
9 initial candidates
Finding invariants: [0.000s CPU, 0.008s wall-clock]
Checking invariant weight... [0.000s CPU, 0.000s wall-clock]
Instantiating groups... [0.010s CPU, 0.002s wall-clock]
Collecting mutex groups... [0.000s CPU, 0.000s wall-clock]
Choosing groups...
0 uncovered facts
Choosing groups: [0.000s CPU, 0.001s wall-clock]
Building translation key... [0.000s CPU, 0.001s wall-clock]
Computing fact groups: [0.010s CPU, 0.014s wall-clock]
Building STRIPS to SAS dictionary... [0.000s CPU, 0.000s wall-clock]
Building dictionary for full mutex groups... [0.000s CPU, 0.000s wall-clock]
Building mutex information...
Building mutex information: [0.000s CPU, 0.000s wall-clock]
Translating task...
Processing axioms...
Simplifying axioms... [0.000s CPU, 0.000s wall-clock]
Translator axioms removed by simplifying: 0
Computing negative axioms... [0.000s CPU, 0.000s wall-clock]
Processing axioms: [0.020s CPU, 0.020s wall-clock]
Translating task: [0.400s CPU, 0.409s wall-clock]
0 effect conditions simplified
0 implied preconditions added
Detecting unreachable propositions...
0 operators removed
0 axioms removed
20 propositions removed
Detecting unreachable propositions: [0.290s CPU, 0.300s wall-clock]
Reordering and filtering variables...
20 of 20 variables necessary.
0 of 20 mutex groups necessary.
14496 of 14496 operators necessary.
0 of 0 axiom rules necessary.
Reordering and filtering variables: [0.050s CPU, 0.050s wall-clock]
Translator variables: 20
Translator derived variables: 0
Translator facts: 644
Translator goal facts: 12
Translator mutex groups: 0
Translator total mutex groups size: 0
Translator operators: 14496
Translator axioms: 0
Translator task size: 85636
Translator peak memory: 89012 KB
Writing output... [0.060s CPU, 0.065s wall-clock]
Done! [1.560s CPU, 1.589s wall-clock]
translate exit code: 0

INFO     Running search (release).
INFO     search stdin: output.sas
INFO     search time limit: 598s
INFO     search memory limit: 3584 MB
INFO     search command line string: /usr/local/downward-projects/downward/experiments/assign3/data/assign3-anytime_exp/code-1fb14623350588fb782db39ad332c8a25eda53d6_e5e41175/builds/release/bin/downward --evaluator 'h=lmcut()' --search 'eager_anytime(epsilon_greedy(
        sum([weight(h, 2, verbosity=normal), g()]), epsilon=0.5, random_seed=1234), 
        reopen_closed=true, f_eval=sum([h, g()]))' --internal-plan-file sas_plan < output.sas
[t=0.0011369s, 10884 KB] reading input...
[t=0.0503973s, 15404 KB] done reading input!
[t=0.0593523s, 18600 KB] Initializing landmark cut heuristic...
[t=0.0597211s, 18600 KB] Building successor generator...done!
[t=0.0667341s, 21452 KB] peak memory difference for successor generator creation: 2852 KB
[t=0.0668054s, 21452 KB] time for successor generation creation: 0.00681006s
[t=0.0668299s, 21452 KB] Variables: 20
[t=0.0668596s, 21452 KB] FactPairs: 644
[t=0.0668832s, 21452 KB] Bytes per state: 16
[t=0.0669074s, 21452 KB] Conducting best first anytime search with reopening closed nodes, (real) bound = 2147483647
[t=0.110709s, 21452 KB] New best heuristic value for lmcut(): 355
[t=0.111149s, 21452 KB] g=0, 1 evaluated, 0 expanded
[t=0.111179s, 21452 KB] Initial heuristic value for lmcut(): 355
[t=0.111209s, 21452 KB] Start Timestep: 1682028948467 millisecond(s).
[t=0.151644s, 21452 KB] New best heuristic value for lmcut(): 334
[t=0.151764s, 21452 KB] g=128, 2 evaluated, 1 expanded
[t=4.68758s, 21452 KB] New best heuristic value for lmcut(): 320
[t=4.6879s, 21452 KB] g=158, 110 evaluated, 7 expanded
[t=25.1126s, 21452 KB] New best heuristic value for lmcut(): 319
[t=25.1146s, 21452 KB] g=182, 597 evaluated, 42 expanded
[t=48.9068s, 21452 KB] New best heuristic value for lmcut(): 306
[t=48.9071s, 21452 KB] g=192, 1166 evaluated, 92 expanded, 2 reopened
[t=61.7334s, 21452 KB] New best heuristic value for lmcut(): 301
[t=61.7338s, 21452 KB] g=211, 1473 evaluated, 119 expanded, 3 reopened
[t=139.973s, 21452 KB] New best heuristic value for lmcut(): 296
[t=139.974s, 21452 KB] g=243, 3324 evaluated, 325 expanded, 9 reopened
[t=153.057s, 21452 KB] New best heuristic value for lmcut(): 294
[t=153.059s, 21452 KB] g=230, 3646 evaluated, 364 expanded, 9 reopened
[t=284.76s, 21452 KB] New best heuristic value for lmcut(): 277
[t=284.761s, 21452 KB] g=259, 6876 evaluated, 770 expanded, 38 reopened
[t=297.485s, 21452 KB] New best heuristic value for lmcut(): 270
[t=297.485s, 21452 KB] g=273, 7177 evaluated, 801 expanded, 41 reopened
Peak memory: 21608 KB
caught signal 24 -- exiting
Time limit has been reached.
Remove intermediate file output.sas
search exit code: 23

Driver aborting after search
INFO     Planner time: 595.56s
