INFO     planner time limit: 300s
INFO     planner memory limit: 3584 MB

INFO     Running translator.
INFO     translator stdin: None
INFO     translator time limit: 299s
INFO     translator memory limit: 3584 MB
INFO     translator command line string: /home/dawson/Documents/Masters/Thesis/search/code/downward-projects/downward/experiments/.venv/bin/python3 /home/dawson/Documents/Masters/Thesis/search/code/downward-projects/downward/experiments/src/thesis/data/thesis-thesis_exp/code-bf3dad4371173355f5659edb6834f0e051d2f764_e5e41175/builds/release/bin/translate/translate.py domain.pddl problem.pddl --sas-file output.sas
Parsing...
Parsing: [0.000s CPU, 0.002s wall-clock]
Normalizing task... [0.000s CPU, 0.000s wall-clock]
Instantiating...
Generating Datalog program... [0.000s CPU, 0.000s wall-clock]
Normalizing Datalog program...
Normalizing Datalog program: [0.000s CPU, 0.002s wall-clock]
Preparing model... [0.000s CPU, 0.001s wall-clock]
Generated 34 rules.
Computing model... [0.010s CPU, 0.004s wall-clock]
241 relevant atoms
95 auxiliary atoms
336 final queue length
516 total queue pushes
Completing instantiation... [0.000s CPU, 0.005s wall-clock]
Instantiating: [0.010s CPU, 0.014s wall-clock]
Computing fact groups...
Finding invariants...
13 initial candidates
Finding invariants: [0.010s CPU, 0.004s wall-clock]
Checking invariant weight... [0.000s CPU, 0.000s wall-clock]
Instantiating groups... [0.000s CPU, 0.000s wall-clock]
Collecting mutex groups... [0.000s CPU, 0.000s wall-clock]
Choosing groups...
15 uncovered facts
Choosing groups: [0.000s CPU, 0.000s wall-clock]
Building translation key... [0.000s CPU, 0.000s wall-clock]
Computing fact groups: [0.010s CPU, 0.006s wall-clock]
Building STRIPS to SAS dictionary... [0.000s CPU, 0.000s wall-clock]
Building dictionary for full mutex groups... [0.000s CPU, 0.000s wall-clock]
Building mutex information...
Building mutex information: [0.000s CPU, 0.000s wall-clock]
Translating task...
Processing axioms...
Simplifying axioms... [0.000s CPU, 0.000s wall-clock]
Translator axioms removed by simplifying: 0
Computing negative axioms... [0.000s CPU, 0.000s wall-clock]
Processing axioms: [0.000s CPU, 0.002s wall-clock]
Translating task: [0.010s CPU, 0.010s wall-clock]
0 effect conditions simplified
0 implied preconditions added
Detecting unreachable propositions...
0 operators removed
10 axioms removed
7 propositions removed
Detecting unreachable propositions: [0.000s CPU, 0.005s wall-clock]
Reordering and filtering variables...
22 of 22 variables necessary.
0 of 12 mutex groups necessary.
115 of 115 operators necessary.
40 of 40 axiom rules necessary.
Reordering and filtering variables: [0.010s CPU, 0.002s wall-clock]
Translator variables: 22
Translator derived variables: 10
Translator facts: 57
Translator goal facts: 5
Translator mutex groups: 0
Translator total mutex groups size: 0
Translator operators: 115
Translator axioms: 40
Translator task size: 794
Translator peak memory: 32372 KB
Writing output... [0.000s CPU, 0.002s wall-clock]
Done! [0.040s CPU, 0.042s wall-clock]
translate exit code: 0

INFO     Running search (release).
INFO     search stdin: output.sas
INFO     search time limit: 299s
INFO     search memory limit: 3584 MB
INFO     search command line string: /home/dawson/Documents/Masters/Thesis/search/code/downward-projects/downward/experiments/src/thesis/data/thesis-thesis_exp/code-bf3dad4371173355f5659edb6834f0e051d2f764_e5e41175/builds/release/bin/downward --evaluator 'h=ff()' --search 'eager(single(h))' --internal-plan-file sas_plan < output.sas
[t=0.00393989s, 11004 KB] reading input...
[t=0.00789541s, 11004 KB] done reading input!
[t=0.00801186s, 11260 KB] Simplifying 235 unary operators... done! [210 unary operators]
[t=0.0105663s, 11260 KB] time to simplify: 0.00255444s
[t=0.0106543s, 11260 KB] Initializing additive heuristic...
[t=0.0107298s, 11260 KB] Initializing FF heuristic...
[t=0.0107733s, 11260 KB] Building successor generator...done!
[t=0.0110234s, 11260 KB] peak memory difference for successor generator creation: 0 KB
[t=0.0111018s, 11260 KB] time for successor generation creation: 0s
[t=0.011145s, 11260 KB] Variables: 22
[t=0.0111878s, 11260 KB] FactPairs: 57
[t=0.0112223s, 11260 KB] Bytes per state: 4
[t=0.0112565s, 11260 KB] Conducting best first search without reopening closed nodes, (real) bound = 2147483647
[t=0.0113276s, 11260 KB] New best heuristic value for ff(): 21
[t=0.0114004s, 11260 KB] g=0, 1 evaluated, 0 expanded
[t=0.0114382s, 11260 KB] Initial heuristic value for ff(): 21
[t=0.0114827s, 11260 KB] pruning method: none
[t=0.0115207s, 11260 KB] Start Timestep: 1684255814550 millisecond(s).
[t=0.0115931s, 11260 KB] New best heuristic value for ff(): 20
[t=0.011669s, 11260 KB] g=1, 2 evaluated, 1 expanded
[t=0.0117067s, 11260 KB] New best heuristic value for ff(): 19
[t=0.011818s, 11260 KB] g=2, 8 evaluated, 2 expanded
[t=0.0118649s, 11260 KB] New best heuristic value for ff(): 18
[t=0.0120158s, 11260 KB] g=4, 16 evaluated, 4 expanded
[t=0.0120577s, 11260 KB] New best heuristic value for ff(): 17
[t=0.0123842s, 11260 KB] g=6, 37 evaluated, 10 expanded
[t=0.0124404s, 11260 KB] New best heuristic value for ff(): 16
[t=0.0126186s, 11260 KB] g=7, 48 evaluated, 13 expanded
[t=0.0126618s, 11260 KB] New best heuristic value for ff(): 15
[t=0.0127505s, 11260 KB] g=8, 51 evaluated, 14 expanded
[t=0.0127975s, 11260 KB] New best heuristic value for ff(): 14
[t=0.0131191s, 11260 KB] g=10, 76 evaluated, 19 expanded
[t=0.0131709s, 11260 KB] New best heuristic value for ff(): 13
[t=0.0133073s, 11260 KB] g=11, 84 evaluated, 22 expanded
[t=0.0133505s, 11260 KB] New best heuristic value for ff(): 12
[t=0.0134257s, 11260 KB] g=12, 86 evaluated, 23 expanded
[t=0.0134682s, 11260 KB] New best heuristic value for ff(): 11
[t=0.0135988s, 11260 KB] g=13, 93 evaluated, 24 expanded
[t=0.0136421s, 11260 KB] New best heuristic value for ff(): 10
[t=0.0137561s, 11260 KB] g=14, 100 evaluated, 25 expanded
[t=0.0137968s, 11260 KB] New best heuristic value for ff(): 9
[t=0.0138645s, 11260 KB] g=15, 102 evaluated, 26 expanded
[t=0.0139023s, 11260 KB] New best heuristic value for ff(): 8
[t=0.013976s, 11260 KB] g=16, 105 evaluated, 27 expanded
[t=0.0140156s, 11260 KB] New best heuristic value for ff(): 7
[t=0.0141028s, 11260 KB] g=17, 110 evaluated, 28 expanded
[t=0.0141428s, 11260 KB] New best heuristic value for ff(): 6
[t=0.014233s, 11260 KB] g=18, 115 evaluated, 29 expanded
[t=0.0142762s, 11260 KB] New best heuristic value for ff(): 5
[t=0.0143323s, 11260 KB] g=19, 116 evaluated, 30 expanded
[t=0.0143725s, 11260 KB] New best heuristic value for ff(): 4
[t=0.0144377s, 11260 KB] g=20, 118 evaluated, 31 expanded
[t=0.014477s, 11260 KB] New best heuristic value for ff(): 3
[t=0.014554s, 11260 KB] g=21, 121 evaluated, 32 expanded
[t=0.0145936s, 11260 KB] New best heuristic value for ff(): 2
[t=0.0146537s, 11260 KB] g=22, 123 evaluated, 33 expanded
[t=0.0146989s, 11260 KB] New best heuristic value for ff(): 1
[t=0.0147634s, 11260 KB] g=23, 125 evaluated, 34 expanded
[t=0.014804s, 11260 KB] New best heuristic value for ff(): 0
[t=0.0148668s, 11260 KB] g=24, 128 evaluated, 35 expanded
[t=0.014905s, 11260 KB] Solution found!
[t=0.0149697s, 11260 KB] Actual search time: 0.00337652s
setup-machine p1 n0 (1)
open-new-stack n0 n1 (1)
open-new-stack n1 n2 (1)
start-order o1 n2 n1 (1)
open-new-stack n1 n2 (1)
start-order o4 n2 n1 (1)
make-product p1 n1 (1)
setup-machine p2 n1 (1)
open-new-stack n1 n2 (1)
start-order o5 n2 n1 (1)
make-product p2 n1 (1)
ship-order o1 n1 n2 (1)
setup-machine p4 n2 (1)
start-order o2 n2 n1 (1)
make-product p4 n1 (1)
ship-order o5 n1 n2 (1)
setup-machine p3 n2 (1)
start-order o3 n2 n1 (1)
make-product p3 n1 (1)
ship-order o2 n1 n2 (1)
setup-machine p5 n2 (1)
make-product p5 n2 (1)
ship-order o3 n2 n3 (1)
ship-order o4 n3 n4 (1)
[t=0.0150178s, 11260 KB] Plan length: 24 step(s).
[t=0.0150178s, 11260 KB] Plan cost: 24
[t=0.0150178s, 11260 KB] Timestamp: 1684255814555 millisecond(s).
[t=0.0150178s, 11260 KB] Expanded 36 state(s).
[t=0.0150178s, 11260 KB] Reopened 0 state(s).
[t=0.0150178s, 11260 KB] Evaluated 129 state(s).
[t=0.0150178s, 11260 KB] Evaluations: 129
[t=0.0150178s, 11260 KB] Generated 144 state(s).
[t=0.0150178s, 11260 KB] Dead ends: 0 state(s).
[t=0.0150178s, 11260 KB] Number of registered states: 129
[t=0.0150178s, 11260 KB] Int hash set load factor: 129/256 = 0.503906
[t=0.0150178s, 11260 KB] Int hash set resizes: 8
[t=0.0150178s, 11260 KB] Search time: 0.0037613s
[t=0.0150178s, 11260 KB] Total time: 0.0150178s
Solution found.
Peak memory: 11260 KB
Remove intermediate file output.sas
search exit code: 0

INFO     Running validate.
INFO     validate stdin: None
INFO     validate time limit: None
INFO     validate memory limit: None
INFO     validate command line string: validate domain.pddl problem.pddl sas_plan
Checking plan: sas_plan
Plan executed successfully - checking goal
Plan valid
Final value: 24 

Successful plans:
Value: 24
 sas_plan 24 

validate exit code: 0

INFO     Planner time: 0.22s
