INFO     planner time limit: 600s
INFO     planner memory limit: 3584 MB

INFO     Running translator.
INFO     translator stdin: None
INFO     translator time limit: 599s
INFO     translator memory limit: 3584 MB
INFO     translator command line string: /usr/local/downward-projects/downward/experiments/src/thesis/.venv/bin/python3 /usr/local/downward-projects/downward/experiments/src/thesis/data/thesis-thesis_exp/code-84c08dfff1890fbf6247184940c8166177195ea1_e5e41175/builds/release/bin/translate/translate.py domain.pddl problem.pddl --sas-file output.sas
Parsing...
Parsing: [0.000s CPU, 0.006s wall-clock]
Normalizing task... [0.000s CPU, 0.000s wall-clock]
Instantiating...
Generating Datalog program... [0.020s CPU, 0.001s wall-clock]
Normalizing Datalog program...
Normalizing Datalog program: [0.000s CPU, 0.006s wall-clock]
Preparing model... [0.010s CPU, 0.004s wall-clock]
Generated 198 rules.
Computing model... [0.190s CPU, 0.195s wall-clock]
11033 relevant atoms
15657 auxiliary atoms
26690 final queue length
66411 total queue pushes
Completing instantiation... [0.570s CPU, 0.564s wall-clock]
Instantiating: [0.790s CPU, 0.779s wall-clock]
Computing fact groups...
Finding invariants...
24 initial candidates
Finding invariants: [0.020s CPU, 0.016s wall-clock]
Checking invariant weight... [0.000s CPU, 0.001s wall-clock]
Instantiating groups... [0.010s CPU, 0.010s wall-clock]
Collecting mutex groups... [0.000s CPU, 0.000s wall-clock]
Choosing groups...
393 uncovered facts
Choosing groups: [0.000s CPU, 0.001s wall-clock]
Building translation key... [0.000s CPU, 0.001s wall-clock]
Computing fact groups: [0.030s CPU, 0.034s wall-clock]
Building STRIPS to SAS dictionary... [0.000s CPU, 0.001s wall-clock]
Building dictionary for full mutex groups... [0.000s CPU, 0.001s wall-clock]
Building mutex information...
Building mutex information: [0.010s CPU, 0.000s wall-clock]
Translating task...
Processing axioms...
Simplifying axioms... [0.000s CPU, 0.000s wall-clock]
Translator axioms removed by simplifying: 0
Computing negative axioms... [0.000s CPU, 0.000s wall-clock]
Processing axioms: [0.010s CPU, 0.019s wall-clock]
Translating task: [0.450s CPU, 0.462s wall-clock]
4865 effect conditions simplified
0 implied preconditions added
Detecting unreachable propositions...
0 operators removed
0 axioms removed
120 propositions removed
Detecting unreachable propositions: [0.320s CPU, 0.332s wall-clock]
Reordering and filtering variables...
437 of 448 variables necessary.
98 of 136 mutex groups necessary.
9723 of 9723 operators necessary.
0 of 0 axiom rules necessary.
Reordering and filtering variables: [0.100s CPU, 0.098s wall-clock]
Translator variables: 437
Translator derived variables: 0
Translator facts: 1211
Translator goal facts: 110
Translator mutex groups: 98
Translator total mutex groups size: 341
Translator operators: 9723
Translator axioms: 0
Translator task size: 85050
Translator peak memory: 89072 KB
Writing output... [0.070s CPU, 0.071s wall-clock]
Done! [1.800s CPU, 1.810s wall-clock]
translate exit code: 0

INFO     Running search (release).
INFO     search stdin: output.sas
INFO     search time limit: 598s
INFO     search memory limit: 3584 MB
INFO     search command line string: /usr/local/downward-projects/downward/experiments/src/thesis/data/thesis-thesis_exp/code-84c08dfff1890fbf6247184940c8166177195ea1_e5e41175/builds/release/bin/downward --evaluator 'h=ff()' --search 'eager(partition(h, h_partition(), inter_uniform(), intra_uniform() )) ' --internal-plan-file sas_plan < output.sas
[t=0s, 11732 KB] reading input...
[t=0.0470742s, 15548 KB] done reading input!
[t=0.0550261s, 18260 KB] Simplifying 41099 unary operators... done! [16698 unary operators]
[t=0.0868851s, 21104 KB] time to simplify: 0.0318591s
[t=0.089253s, 21104 KB] Initializing additive heuristic...
[t=0.0897541s, 21104 KB] Initializing FF heuristic...
[t=0.0897837s, 21104 KB] Building successor generator...done!
[t=0.0928556s, 21104 KB] peak memory difference for successor generator creation: 0 KB
[t=0.0929326s, 21104 KB] time for successor generation creation: 0.00090013s
[t=0.0929574s, 21104 KB] Variables: 437
[t=0.0929899s, 21104 KB] FactPairs: 1211
[t=0.0930132s, 21104 KB] Bytes per state: 76
[t=0.0930381s, 21104 KB] Conducting best first search without reopening closed nodes, (real) bound = 2147483647
[t=0.0930958s, 21104 KB] New best heuristic value for ff(): 2980
[t=0.0934656s, 21104 KB] g=0, 1 evaluated, 0 expanded
[t=0.0934955s, 21104 KB] Initial heuristic value for ff(): 2980
[t=0.0935256s, 21104 KB] pruning method: none
[t=0.0935489s, 21104 KB] Start Timestep: 1693591930373 millisecond(s).
[t=0.0935947s, 21104 KB] New best heuristic value for ff(): 2960
[t=0.0940219s, 21104 KB] g=20, 3 evaluated, 1 expanded
[t=0.0940491s, 21104 KB] New best heuristic value for ff(): 2905
[t=0.0945889s, 21104 KB] g=45, 6 evaluated, 1 expanded
[t=0.0946182s, 21104 KB] New best heuristic value for ff(): 2340
[t=0.0953152s, 21104 KB] g=30, 10 evaluated, 1 expanded
[t=0.0985595s, 21104 KB] New best heuristic value for ff(): 1620
[t=0.100022s, 21104 KB] g=30, 40 evaluated, 1 expanded
[t=0.366377s, 21104 KB] New best heuristic value for ff(): 1605
[t=0.366905s, 21104 KB] g=60, 1418 evaluated, 5 expanded
[t=0.754139s, 21104 KB] New best heuristic value for ff(): 1585
[t=0.755241s, 21104 KB] g=90, 2849 evaluated, 9 expanded
[t=0.882041s, 21104 KB] New best heuristic value for ff(): 1565
[t=0.883054s, 21104 KB] g=90, 3243 evaluated, 10 expanded
[t=3.61285s, 21236 KB] New best heuristic value for ff(): 1560
[t=3.61387s, 21236 KB] g=150, 8722 evaluated, 24 expanded
[t=4.48787s, 21632 KB] New best heuristic value for ff(): 1555
[t=4.48927s, 21632 KB] g=165, 9972 evaluated, 27 expanded
[t=6.14313s, 22292 KB] New best heuristic value for ff(): 1545
[t=6.14558s, 22292 KB] g=75, 12061 evaluated, 32 expanded
[t=12.1088s, 23744 KB] New best heuristic value for ff(): 1535
[t=12.1116s, 23744 KB] g=135, 17599 evaluated, 46 expanded
[t=19.2256s, 25368 KB] New best heuristic value for ff(): 1500
[t=19.2282s, 25368 KB] g=270, 22161 evaluated, 57 expanded
Peak memory: 43796 KB
caught signal 24 -- exiting
Time limit has been reached.
Remove intermediate file output.sas
search exit code: 23

Driver aborting after search
INFO     Planner time: 597.73s
