INFO     planner time limit: 900s
INFO     planner memory limit: 3584 MB

INFO     Running translator.
INFO     translator stdin: None
INFO     translator time limit: 899s
INFO     translator memory limit: 3584 MB
INFO     translator command line string: /usr/local/downward-projects/downward/experiments/.venv/bin/python3 /usr/local/downward-projects/downward/experiments/src/thesis/data/thesis-thesis_exp/code-f7a4f68fd467cf7cff4d3dfcfdfcfa2023e44324_e5e41175/builds/release/bin/translate/translate.py domain.pddl problem.pddl --sas-file output.sas
Parsing...
Parsing: [0.010s CPU, 0.001s wall-clock]
Normalizing task... [0.000s CPU, 0.000s wall-clock]
Instantiating...
Generating Datalog program... [0.000s CPU, 0.000s wall-clock]
Normalizing Datalog program...
Normalizing Datalog program: [0.000s CPU, 0.001s wall-clock]
Preparing model... [0.000s CPU, 0.001s wall-clock]
Generated 21 rules.
Computing model... [0.040s CPU, 0.039s wall-clock]
4600 relevant atoms
3078 auxiliary atoms
7678 final queue length
13537 total queue pushes
Completing instantiation... [0.070s CPU, 0.082s wall-clock]
Instantiating: [0.110s CPU, 0.125s wall-clock]
Computing fact groups...
Finding invariants...
10 initial candidates
Finding invariants: [0.010s CPU, 0.002s wall-clock]
Checking invariant weight... [0.000s CPU, 0.000s wall-clock]
Instantiating groups... [0.000s CPU, 0.003s wall-clock]
Collecting mutex groups... [0.000s CPU, 0.001s wall-clock]
Choosing groups...
39 uncovered facts
Choosing groups: [0.000s CPU, 0.004s wall-clock]
Building translation key... [0.000s CPU, 0.001s wall-clock]
Computing fact groups: [0.020s CPU, 0.021s wall-clock]
Building STRIPS to SAS dictionary... [0.010s CPU, 0.001s wall-clock]
Building dictionary for full mutex groups... [0.000s CPU, 0.002s wall-clock]
Building mutex information...
Building mutex information: [0.000s CPU, 0.001s wall-clock]
Translating task...
Processing axioms...
Simplifying axioms... [0.000s CPU, 0.000s wall-clock]
Translator axioms removed by simplifying: 0
Computing negative axioms... [0.000s CPU, 0.000s wall-clock]
Processing axioms: [0.000s CPU, 0.004s wall-clock]
Translating task: [0.100s CPU, 0.104s wall-clock]
4294 effect conditions simplified
0 implied preconditions added
Detecting unreachable propositions...
0 operators removed
0 axioms removed
76 propositions removed
Detecting unreachable propositions: [0.070s CPU, 0.072s wall-clock]
Reordering and filtering variables...
77 of 77 variables necessary.
39 of 77 mutex groups necessary.
2888 of 2888 operators necessary.
0 of 0 axiom rules necessary.
Reordering and filtering variables: [0.030s CPU, 0.025s wall-clock]
Translator variables: 77
Translator derived variables: 0
Translator facts: 1560
Translator goal facts: 33
Translator mutex groups: 39
Translator total mutex groups size: 1521
Translator operators: 2888
Translator axioms: 0
Translator task size: 24737
Translator peak memory: 47760 KB
Writing output... [0.020s CPU, 0.019s wall-clock]
Done! [0.370s CPU, 0.378s wall-clock]
translate exit code: 0

INFO     Running search (release).
INFO     search stdin: output.sas
INFO     search time limit: 899s
INFO     search memory limit: 3584 MB
INFO     search command line string: /usr/local/downward-projects/downward/experiments/src/thesis/data/thesis-thesis_exp/code-f7a4f68fd467cf7cff4d3dfcfdfcfa2023e44324_e5e41175/builds/release/bin/downward --evaluator 'h=ff()' --search 'eager(alt([type_based([h, g()], random_seed=-1), single(h)]))' --internal-plan-file sas_plan < output.sas
[t=0.00104483s, 11000 KB] reading input...
[t=0.0167759s, 14696 KB] done reading input!
[t=0.0198991s, 15632 KB] Simplifying 11476 unary operators... done! [8664 unary operators]
[t=0.0261424s, 16472 KB] time to simplify: 0.00624328s
[t=0.0263944s, 16472 KB] Initializing additive heuristic...
[t=0.0266881s, 16472 KB] Initializing FF heuristic...
[t=0.0267152s, 16472 KB] Building successor generator...done!
[t=0.0276146s, 16472 KB] peak memory difference for successor generator creation: 0 KB
[t=0.0276736s, 16472 KB] time for successor generation creation: 0.00032563s
[t=0.0276985s, 16472 KB] Variables: 77
[t=0.0277505s, 16472 KB] FactPairs: 1560
[t=0.0277741s, 16472 KB] Bytes per state: 36
[t=0.0277983s, 16472 KB] Conducting best first search without reopening closed nodes, (real) bound = 2147483647
[t=0.0278564s, 16472 KB] New best heuristic value for ff(): 68
[t=0.0280103s, 16472 KB] g=0, 1 evaluated, 0 expanded
[t=0.0280356s, 16472 KB] Initial heuristic value for ff(): 68
[t=0.0280662s, 16472 KB] pruning method: none
[t=0.0280907s, 16472 KB] Start Timestep: 1684269137671 millisecond(s).
[t=0.0301355s, 16472 KB] New best heuristic value for ff(): 67
[t=0.0311093s, 16472 KB] g=2, 32 evaluated, 5 expanded
[t=0.0343098s, 16472 KB] New best heuristic value for ff(): 66
[t=0.0349239s, 16472 KB] g=4, 72 evaluated, 11 expanded
[t=0.0384836s, 16472 KB] New best heuristic value for ff(): 65
[t=0.0393613s, 16472 KB] g=6, 119 evaluated, 19 expanded
[t=0.0405562s, 16472 KB] New best heuristic value for ff(): 64
[t=0.0409507s, 16472 KB] g=8, 135 evaluated, 22 expanded
[t=0.0572534s, 16472 KB] New best heuristic value for ff(): 63
[t=0.0581314s, 16472 KB] g=12, 319 evaluated, 52 expanded
[t=0.132794s, 16472 KB] New best heuristic value for ff(): 62
[t=0.133944s, 16472 KB] g=16, 1138 evaluated, 184 expanded
[t=0.201862s, 16472 KB] New best heuristic value for ff(): 61
[t=0.202057s, 16472 KB] g=20, 1869 evaluated, 294 expanded
[t=0.324431s, 16472 KB] New best heuristic value for ff(): 60
[t=0.3248s, 16472 KB] g=24, 3182 evaluated, 489 expanded
[t=2.44114s, 17684 KB] New best heuristic value for ff(): 59
[t=2.442s, 17684 KB] g=42, 25825 evaluated, 4301 expanded
[t=4.61493s, 19408 KB] New best heuristic value for ff(): 58
[t=4.61542s, 19408 KB] g=44, 49031 evaluated, 8150 expanded
[t=4.62117s, 19408 KB] New best heuristic value for ff(): 57
[t=4.62126s, 19408 KB] g=46, 49093 evaluated, 8158 expanded
[t=10.8028s, 24196 KB] New best heuristic value for ff(): 56
[t=10.8031s, 24196 KB] g=48, 115021 evaluated, 19549 expanded
[t=18.3765s, 30424 KB] New best heuristic value for ff(): 55
[t=18.3775s, 30424 KB] g=80, 195303 evaluated, 33248 expanded
[t=19.4697s, 31092 KB] New best heuristic value for ff(): 54
[t=19.4709s, 31092 KB] g=88, 206919 evaluated, 35195 expanded
[t=46.5819s, 56244 KB] New best heuristic value for ff(): 53
[t=46.5829s, 56244 KB] g=150, 495646 evaluated, 80794 expanded
[t=46.586s, 56244 KB] New best heuristic value for ff(): 51
[t=46.5867s, 56244 KB] g=152, 495685 evaluated, 80800 expanded
[t=197.132s, 182260 KB] New best heuristic value for ff(): 50
[t=197.133s, 182260 KB] g=192, 2078896 evaluated, 384412 expanded
[t=197.138s, 182260 KB] New best heuristic value for ff(): 49
[t=197.138s, 182260 KB] g=194, 2078955 evaluated, 384420 expanded
[t=197.193s, 182260 KB] New best heuristic value for ff(): 48
[t=197.195s, 182260 KB] g=198, 2079548 evaluated, 384511 expanded
[t=200.249s, 184384 KB] New best heuristic value for ff(): 46
[t=200.25s, 184384 KB] g=196, 2111805 evaluated, 390322 expanded
[t=200.294s, 184520 KB] New best heuristic value for ff(): 44
[t=200.295s, 184520 KB] g=200, 2112276 evaluated, 390401 expanded
[t=371.23s, 333440 KB] New best heuristic value for ff(): 43
[t=371.231s, 333440 KB] g=272, 3907397 evaluated, 716242 expanded
[t=373.054s, 333440 KB] New best heuristic value for ff(): 42
[t=373.054s, 333440 KB] g=276, 3926516 evaluated, 720432 expanded
[t=373.057s, 333440 KB] New best heuristic value for ff(): 40
[t=373.057s, 333440 KB] g=278, 3926544 evaluated, 720436 expanded
[t=443.212s, 380220 KB] New best heuristic value for ff(): 39
[t=443.213s, 380220 KB] g=280, 4664674 evaluated, 849923 expanded
[t=554.679s, 455172 KB] New best heuristic value for ff(): 38
[t=554.679s, 455172 KB] g=290, 5831950 evaluated, 1094119 expanded
[t=554.681s, 455172 KB] New best heuristic value for ff(): 37
[t=554.682s, 455172 KB] g=292, 5831976 evaluated, 1094123 expanded
[t=554.683s, 455172 KB] New best heuristic value for ff(): 35
[t=554.684s, 455172 KB] g=294, 5831997 evaluated, 1094126 expanded
[t=554.687s, 455172 KB] New best heuristic value for ff(): 34
[t=554.687s, 455172 KB] g=296, 5832027 evaluated, 1094130 expanded
[t=554.689s, 455172 KB] New best heuristic value for ff(): 33
[t=554.69s, 455172 KB] g=298, 5832060 evaluated, 1094134 expanded
[t=554.692s, 455172 KB] New best heuristic value for ff(): 31
[t=554.693s, 455172 KB] g=300, 5832089 evaluated, 1094138 expanded
[t=555.713s, 455840 KB] New best heuristic value for ff(): 30
[t=555.714s, 455840 KB] g=306, 5842880 evaluated, 1095810 expanded
[t=658.607s, 645024 KB] New best heuristic value for ff(): 29
[t=658.607s, 645024 KB] g=332, 6920506 evaluated, 1290010 expanded
[t=658.694s, 645024 KB] New best heuristic value for ff(): 28
[t=658.694s, 645024 KB] g=338, 6921440 evaluated, 1290161 expanded
Peak memory: 749864 KB
caught signal 24 -- exiting
Time limit has been reached.
Remove intermediate file output.sas
search exit code: 23

Driver aborting after search
INFO     Planner time: 895.88s
