INFO     planner time limit: 900s
INFO     planner memory limit: 3584 MB

INFO     Running translator.
INFO     translator stdin: None
INFO     translator time limit: 899s
INFO     translator memory limit: 3584 MB
INFO     translator command line string: /usr/local/downward-projects/downward/experiments/assign3/.venv/bin/python3 /usr/local/downward-projects/downward/experiments/assign3/data/assign3-anytime_exp/code-fe4f0f1bb525c059c1938ac01bab1b7bae200873_e5e41175/builds/release/bin/translate/translate.py domain.pddl problem.pddl --sas-file output.sas
Parsing...
Parsing: [0.040s CPU, 0.034s wall-clock]
Normalizing task... [0.000s CPU, 0.001s wall-clock]
Instantiating...
Generating Datalog program... [0.020s CPU, 0.019s wall-clock]
Normalizing Datalog program...
Normalizing Datalog program: [0.000s CPU, 0.002s wall-clock]
Preparing model... [0.070s CPU, 0.066s wall-clock]
Generated 6 rules.
Computing model... [0.110s CPU, 0.112s wall-clock]
18469 relevant atoms
7068 auxiliary atoms
25537 final queue length
33899 total queue pushes
Completing instantiation... [0.120s CPU, 0.126s wall-clock]
Instantiating: [0.330s CPU, 0.333s wall-clock]
Computing fact groups...
Finding invariants...
4 initial candidates
Finding invariants: [0.000s CPU, 0.001s wall-clock]
Checking invariant weight... [0.010s CPU, 0.002s wall-clock]
Instantiating groups... [0.000s CPU, 0.002s wall-clock]
Collecting mutex groups... [0.000s CPU, 0.002s wall-clock]
Choosing groups...
1444 uncovered facts
Choosing groups: [0.010s CPU, 0.003s wall-clock]
Building translation key... [0.000s CPU, 0.005s wall-clock]
Computing fact groups: [0.030s CPU, 0.033s wall-clock]
Building STRIPS to SAS dictionary... [0.030s CPU, 0.028s wall-clock]
Building dictionary for full mutex groups... [0.000s CPU, 0.002s wall-clock]
Building mutex information...
Building mutex information: [0.010s CPU, 0.002s wall-clock]
Translating task...
Processing axioms...
Simplifying axioms... [0.000s CPU, 0.000s wall-clock]
Translator axioms removed by simplifying: 0
Computing negative axioms... [0.000s CPU, 0.000s wall-clock]
Processing axioms: [0.000s CPU, 0.006s wall-clock]
Translating task: [0.100s CPU, 0.113s wall-clock]
0 effect conditions simplified
0 implied preconditions added
Detecting unreachable propositions...
0 operators removed
0 axioms removed
3 propositions removed
Detecting unreachable propositions: [0.130s CPU, 0.125s wall-clock]
Reordering and filtering variables...
1444 of 1444 variables necessary.
0 of 1 mutex groups necessary.
5624 of 5624 operators necessary.
0 of 0 axiom rules necessary.
Reordering and filtering variables: [0.020s CPU, 0.021s wall-clock]
Translator variables: 1444
Translator derived variables: 0
Translator facts: 4330
Translator goal facts: 1443
Translator mutex groups: 0
Translator total mutex groups size: 0
Translator operators: 5624
Translator axioms: 0
Translator task size: 29709
Translator peak memory: 57300 KB
Writing output... [0.040s CPU, 0.028s wall-clock]
Done! [0.740s CPU, 0.732s wall-clock]
translate exit code: 0

INFO     Running search (release).
INFO     search stdin: output.sas
INFO     search time limit: 899s
INFO     search memory limit: 3584 MB
INFO     search command line string: /usr/local/downward-projects/downward/experiments/assign3/data/assign3-anytime_exp/code-fe4f0f1bb525c059c1938ac01bab1b7bae200873_e5e41175/builds/release/bin/downward --evaluator 'h=lmcut()' --search 'eager_anytime(single(sum([weight(h, 2, verbosity=normal), g()])), 
        reopen_closed=true, f_eval=sum([h, g()]))' --internal-plan-file sas_plan < output.sas
[t=0s, 10884 KB] reading input...
[t=0.0199529s, 13076 KB] done reading input!
[t=0.0278965s, 14736 KB] Initializing landmark cut heuristic...
[t=0.027996s, 14820 KB] Building successor generator...done!
[t=0.0292921s, 15336 KB] peak memory difference for successor generator creation: 516 KB
[t=0.0293514s, 15336 KB] time for successor generation creation: 0s
[t=0.029377s, 15336 KB] Variables: 1444
[t=0.0294517s, 15336 KB] FactPairs: 4330
[t=0.0294768s, 15336 KB] Bytes per state: 184
[t=0.0295008s, 15336 KB] Conducting best first anytime search with reopening closed nodes, (real) bound = 2147483647
[t=0.0754782s, 15336 KB] New best heuristic value for lmcut(): 550
[t=0.0791827s, 15336 KB] g=0, 1 evaluated, 0 expanded
[t=0.0792213s, 15336 KB] Initial heuristic value for lmcut(): 550
[t=0.079251s, 15336 KB] Start Timestep: 1682506687483 millisecond(s).
[t=0.123376s, 15336 KB] New best heuristic value for lmcut(): 523
[t=0.125898s, 15336 KB] g=1, 2 evaluated, 1 expanded
[t=0.171149s, 15336 KB] New best heuristic value for lmcut(): 516
[t=0.172275s, 15336 KB] g=1, 3 evaluated, 1 expanded
[t=0.311008s, 15336 KB] New best heuristic value for lmcut(): 498
[t=0.313803s, 15336 KB] g=2, 6 evaluated, 2 expanded
[t=0.494658s, 15336 KB] New best heuristic value for lmcut(): 489
[t=0.498253s, 15336 KB] g=3, 10 evaluated, 3 expanded
[t=0.677777s, 15336 KB] New best heuristic value for lmcut(): 459
[t=0.678018s, 15336 KB] g=4, 14 evaluated, 4 expanded
[t=1.06458s, 15336 KB] New best heuristic value for lmcut(): 458
[t=1.0652s, 15336 KB] g=6, 23 evaluated, 6 expanded
[t=1.18832s, 15336 KB] New best heuristic value for lmcut(): 428
[t=1.1892s, 15336 KB] g=7, 26 evaluated, 7 expanded
[t=1.34818s, 15336 KB] New best heuristic value for lmcut(): 423
[t=1.35111s, 15336 KB] g=8, 30 evaluated, 8 expanded
[t=2.35485s, 15336 KB] New best heuristic value for lmcut(): 422
[t=2.35535s, 15336 KB] g=10, 55 evaluated, 15 expanded
[t=3.282s, 15336 KB] New best heuristic value for lmcut(): 420
[t=3.28292s, 15336 KB] g=11, 78 evaluated, 23 expanded
[t=3.39787s, 15336 KB] New best heuristic value for lmcut(): 399
[t=3.39855s, 15336 KB] g=12, 81 evaluated, 24 expanded
[t=3.79309s, 15336 KB] New best heuristic value for lmcut(): 398
[t=3.79498s, 15336 KB] g=14, 91 evaluated, 26 expanded
[t=4.01679s, 15336 KB] New best heuristic value for lmcut(): 382
[t=4.01983s, 15336 KB] g=15, 97 evaluated, 28 expanded
[t=4.27225s, 15336 KB] New best heuristic value for lmcut(): 375
[t=4.27322s, 15336 KB] g=17, 104 evaluated, 30 expanded
[t=89.6175s, 15604 KB] New best heuristic value for lmcut(): 374
[t=89.6178s, 15604 KB] g=17, 2419 evaluated, 1064 expanded, 126 reopened
Peak memory: 20228 KB
caught signal 24 -- exiting
Time limit has been reached.
Remove intermediate file output.sas
search exit code: 23

Driver aborting after search
INFO     Planner time: 896.87s
