INFO     planner time limit: 900s
INFO     planner memory limit: 3584 MB

INFO     Running translator.
INFO     translator stdin: None
INFO     translator time limit: 899s
INFO     translator memory limit: 3584 MB
INFO     translator command line string: /usr/local/downward-projects/downward/experiments/.venv/bin/python3 /usr/local/downward-projects/downward/experiments/src/thesis/data/thesis-thesis_exp/code-492c46a6b9a8d722366a407090da84235e2f79dc_e5e41175/builds/release/bin/translate/translate.py domain.pddl problem.pddl --sas-file output.sas
Parsing...
Parsing: [0.000s CPU, 0.002s wall-clock]
Normalizing task... [0.000s CPU, 0.000s wall-clock]
Instantiating...
Generating Datalog program... [0.000s CPU, 0.001s wall-clock]
Normalizing Datalog program...
Normalizing Datalog program: [0.000s CPU, 0.001s wall-clock]
Preparing model... [0.000s CPU, 0.002s wall-clock]
Generated 21 rules.
Computing model... [0.360s CPU, 0.356s wall-clock]
37742 relevant atoms
25197 auxiliary atoms
62939 final queue length
112454 total queue pushes
Completing instantiation... [1.090s CPU, 1.096s wall-clock]
Instantiating: [1.460s CPU, 1.473s wall-clock]
Computing fact groups...
Finding invariants...
10 initial candidates
Finding invariants: [0.000s CPU, 0.003s wall-clock]
Checking invariant weight... [0.000s CPU, 0.001s wall-clock]
Instantiating groups... [0.030s CPU, 0.038s wall-clock]
Collecting mutex groups... [0.010s CPU, 0.012s wall-clock]
Choosing groups...
112 uncovered facts
Choosing groups: [0.060s CPU, 0.052s wall-clock]
Building translation key... [0.010s CPU, 0.009s wall-clock]
Computing fact groups: [0.200s CPU, 0.189s wall-clock]
Building STRIPS to SAS dictionary... [0.010s CPU, 0.007s wall-clock]
Building dictionary for full mutex groups... [0.160s CPU, 0.164s wall-clock]
Building mutex information...
Building mutex information: [0.020s CPU, 0.018s wall-clock]
Translating task...
Processing axioms...
Simplifying axioms... [0.000s CPU, 0.000s wall-clock]
Translator axioms removed by simplifying: 0
Computing negative axioms... [0.000s CPU, 0.000s wall-clock]
Processing axioms: [0.030s CPU, 0.034s wall-clock]
Translating task: [1.090s CPU, 1.098s wall-clock]
36852 effect conditions simplified
0 implied preconditions added
Detecting unreachable propositions...
0 operators removed
0 axioms removed
222 propositions removed
Detecting unreachable propositions: [1.150s CPU, 1.148s wall-clock]
Reordering and filtering variables...
223 of 223 variables necessary.
112 of 223 mutex groups necessary.
24642 of 24642 operators necessary.
0 of 0 axiom rules necessary.
Reordering and filtering variables: [0.240s CPU, 0.236s wall-clock]
Translator variables: 223
Translator derived variables: 0
Translator facts: 12656
Translator goal facts: 100
Translator mutex groups: 112
Translator total mutex groups size: 12544
Translator operators: 24642
Translator axioms: 0
Translator task size: 210005
Translator peak memory: 161436 KB
Writing output... [0.150s CPU, 0.159s wall-clock]
Done! [4.540s CPU, 4.550s wall-clock]
translate exit code: 0

INFO     Running search (release).
INFO     search stdin: output.sas
INFO     search time limit: 895s
INFO     search memory limit: 3584 MB
INFO     search command line string: /usr/local/downward-projects/downward/experiments/src/thesis/data/thesis-thesis_exp/code-492c46a6b9a8d722366a407090da84235e2f79dc_e5e41175/builds/release/bin/downward --evaluator 'h=ff()' --search 'eager(lwm_based_type(h))' --internal-plan-file sas_plan < output.sas
[t=0.00257556s, 11200 KB] reading input...
[t=0.199813s, 84788 KB] done reading input!
[t=0.213376s, 90444 KB] Simplifying 98346 unary operators... done! [73926 unary operators]
[t=0.335341s, 99428 KB] time to simplify: 0.133925s
[t=0.348088s, 99428 KB] Initializing additive heuristic...
[t=0.350672s, 99428 KB] Initializing FF heuristic...
[t=0.350702s, 99428 KB] Building successor generator...done!
[t=0.358118s, 99428 KB] peak memory difference for successor generator creation: 0 KB
[t=0.358202s, 99428 KB] time for successor generation creation: 0.00438087s
[t=0.358228s, 99428 KB] Variables: 223
[t=0.358768s, 99428 KB] FactPairs: 12656
[t=0.358792s, 99428 KB] Bytes per state: 112
[t=0.358814s, 99428 KB] Conducting best first search without reopening closed nodes, (real) bound = 2147483647
[t=0.359048s, 99428 KB] New best heuristic value for ff(): 208
[t=0.361058s, 99428 KB] g=0, 1 evaluated, 0 expanded
[t=0.361086s, 99428 KB] Initial heuristic value for ff(): 208
[t=0.361117s, 99428 KB] pruning method: none
[t=0.361141s, 99428 KB] Start Timestep: 1685471474760 millisecond(s).
[t=0.446933s, 99428 KB] New best heuristic value for ff(): 207
[t=0.4477s, 99428 KB] g=4, 82 evaluated, 10 expanded
[t=0.602753s, 99428 KB] New best heuristic value for ff(): 206
[t=0.604255s, 99428 KB] g=6, 229 evaluated, 28 expanded
[t=1.4859s, 99428 KB] New best heuristic value for ff(): 205
[t=1.48833s, 99428 KB] g=10, 1064 evaluated, 123 expanded
[t=1.9332s, 99428 KB] New best heuristic value for ff(): 204
[t=1.93589s, 99428 KB] g=12, 1487 evaluated, 173 expanded
[t=4.31448s, 99428 KB] New best heuristic value for ff(): 203
[t=4.31852s, 99428 KB] g=22, 3735 evaluated, 426 expanded
[t=7.04125s, 99428 KB] New best heuristic value for ff(): 202
[t=7.04238s, 99428 KB] g=26, 6304 evaluated, 708 expanded
[t=66.7119s, 102464 KB] New best heuristic value for ff(): 201
[t=66.7127s, 102464 KB] g=22, 61105 evaluated, 6644 expanded
[t=216.478s, 123280 KB] New best heuristic value for ff(): 200
[t=216.479s, 123280 KB] g=34, 202147 evaluated, 21790 expanded
[t=829.612s, 211384 KB] New best heuristic value for ff(): 199
[t=829.613s, 211384 KB] g=38, 777692 evaluated, 82726 expanded
Peak memory: 220116 KB
caught signal 24 -- exiting
Time limit has been reached.
Remove intermediate file output.sas
search exit code: 23

Driver aborting after search
INFO     Planner time: 897.77s
