INFO     planner time limit: 600s
INFO     planner memory limit: 3584 MB

INFO     Running translator.
INFO     translator stdin: None
INFO     translator time limit: 599s
INFO     translator memory limit: 3584 MB
INFO     translator command line string: /usr/local/downward-projects/downward/experiments/src/thesis/.venv/bin/python3 /usr/local/downward-projects/downward/experiments/src/thesis/data/thesis-thesis_exp/code-84c08dfff1890fbf6247184940c8166177195ea1_e5e41175/builds/release/bin/translate/translate.py domain.pddl problem.pddl --sas-file output.sas
Parsing...
Parsing: [0.010s CPU, 0.004s wall-clock]
Normalizing task... [0.000s CPU, 0.000s wall-clock]
Instantiating...
Generating Datalog program... [0.000s CPU, 0.001s wall-clock]
Normalizing Datalog program...
Duplicate arguments: Adding equality conditions.
Normalizing Datalog program: [0.000s CPU, 0.003s wall-clock]
Preparing model... [0.000s CPU, 0.002s wall-clock]
Generated 129 rules.
Computing model... [0.130s CPU, 0.123s wall-clock]
10474 relevant atoms
10327 auxiliary atoms
20801 final queue length
45565 total queue pushes
Completing instantiation... [0.390s CPU, 0.388s wall-clock]
Instantiating: [0.520s CPU, 0.522s wall-clock]
Computing fact groups...
Finding invariants...
36 initial candidates
Finding invariants: [0.110s CPU, 0.109s wall-clock]
Checking invariant weight... [0.000s CPU, 0.001s wall-clock]
Instantiating groups... [0.010s CPU, 0.004s wall-clock]
Collecting mutex groups... [0.000s CPU, 0.001s wall-clock]
Choosing groups...
0 uncovered facts
Choosing groups: [0.010s CPU, 0.004s wall-clock]
Building translation key... [0.000s CPU, 0.001s wall-clock]
Computing fact groups: [0.130s CPU, 0.127s wall-clock]
Building STRIPS to SAS dictionary... [0.000s CPU, 0.001s wall-clock]
Building dictionary for full mutex groups... [0.000s CPU, 0.001s wall-clock]
Building mutex information...
Building mutex information: [0.000s CPU, 0.001s wall-clock]
Translating task...
Processing axioms...
Simplifying axioms... [0.000s CPU, 0.000s wall-clock]
Translator axioms removed by simplifying: 0
Computing negative axioms... [0.000s CPU, 0.000s wall-clock]
Processing axioms: [0.020s CPU, 0.013s wall-clock]
Translating task: [0.360s CPU, 0.359s wall-clock]
0 effect conditions simplified
0 implied preconditions added
Detecting unreachable propositions...
0 operators removed
0 axioms removed
47 propositions removed
Detecting unreachable propositions: [0.260s CPU, 0.266s wall-clock]
Reordering and filtering variables...
50 of 50 variables necessary.
54 of 78 mutex groups necessary.
8878 of 8878 operators necessary.
0 of 0 axiom rules necessary.
Reordering and filtering variables: [0.050s CPU, 0.048s wall-clock]
Translator variables: 50
Translator derived variables: 0
Translator facts: 1322
Translator goal facts: 46
Translator mutex groups: 54
Translator total mutex groups size: 2584
Translator operators: 8878
Translator axioms: 0
Translator task size: 70081
Translator peak memory: 76792 KB
Writing output... [0.050s CPU, 0.051s wall-clock]
Done! [1.400s CPU, 1.400s wall-clock]
translate exit code: 0

INFO     Running search (release).
INFO     search stdin: output.sas
INFO     search time limit: 598s
INFO     search memory limit: 3584 MB
INFO     search command line string: /usr/local/downward-projects/downward/experiments/src/thesis/data/thesis-thesis_exp/code-84c08dfff1890fbf6247184940c8166177195ea1_e5e41175/builds/release/bin/downward --evaluator 'h=ff()' --search 'eager(partition(h, plateau_partition(), inter_uniform(), intra_uniform() )) ' --internal-plan-file sas_plan < output.sas
[t=0s, 11732 KB] reading input...
[t=0.0359271s, 16924 KB] done reading input!
[t=0.0398752s, 18972 KB] Simplifying 29555 unary operators... done! [28543 unary operators]
[t=0.0777227s, 21332 KB] time to simplify: 0.0378475s
[t=0.0797072s, 21332 KB] Initializing additive heuristic...
[t=0.0802959s, 21332 KB] Initializing FF heuristic...
[t=0.0803255s, 21332 KB] Building successor generator...done!
[t=0.0831869s, 21332 KB] peak memory difference for successor generator creation: 0 KB
[t=0.0832533s, 21332 KB] time for successor generation creation: 0s
[t=0.0832793s, 21332 KB] Variables: 50
[t=0.0833078s, 21332 KB] FactPairs: 1322
[t=0.0833304s, 21332 KB] Bytes per state: 24
[t=0.0833535s, 21332 KB] Conducting best first search without reopening closed nodes, (real) bound = 2147483647
[t=0.0835701s, 21332 KB] New best heuristic value for ff(): 8
[t=0.0839705s, 21332 KB] g=0, 1 evaluated, 0 expanded
[t=0.0839976s, 21332 KB] Initial heuristic value for ff(): 8
[t=0.0840277s, 21332 KB] pruning method: none
[t=0.0840517s, 21332 KB] Start Timestep: 1693587058282 millisecond(s).
[t=0.084102s, 21332 KB] New best heuristic value for ff(): 7
[t=0.084649s, 21332 KB] g=1, 3 evaluated, 1 expanded
[t=0.0914826s, 21332 KB] New best heuristic value for ff(): 6
[t=0.0947109s, 21332 KB] g=2, 49 evaluated, 2 expanded
[t=0.191411s, 21332 KB] New best heuristic value for ff(): 0
[t=0.193586s, 21332 KB] g=2, 454 evaluated, 17 expanded
Peak memory: 35468 KB
caught signal 24 -- exiting
Time limit has been reached.
Remove intermediate file output.sas
search exit code: 23

Driver aborting after search
INFO     Planner time: 599.03s
