INFO     planner time limit: 300s
INFO     planner memory limit: 3584 MB

INFO     Running translator.
INFO     translator stdin: None
INFO     translator time limit: 299s
INFO     translator memory limit: 3584 MB
INFO     translator command line string: /usr/local/downward-projects/downward/experiments/.venv/bin/python3 /usr/local/downward-projects/downward/experiments/src/thesis/data/thesis-thesis_exp/code-d93485cdd92f65ede2ae3573b3f4adda0b49e4fd_e5e41175/builds/release/bin/translate/translate.py domain.pddl problem.pddl --sas-file output.sas
Parsing...
Parsing: [0.000s CPU, 0.002s wall-clock]
Normalizing task... [0.000s CPU, 0.000s wall-clock]
Instantiating...
Generating Datalog program... [0.000s CPU, 0.001s wall-clock]
Normalizing Datalog program...
Normalizing Datalog program: [0.000s CPU, 0.004s wall-clock]
Preparing model... [0.010s CPU, 0.002s wall-clock]
Generated 115 rules.
Computing model... [0.040s CPU, 0.042s wall-clock]
3725 relevant atoms
3726 auxiliary atoms
7451 final queue length
13104 total queue pushes
Completing instantiation... [0.090s CPU, 0.091s wall-clock]
Instantiating: [0.140s CPU, 0.141s wall-clock]
Computing fact groups...
Finding invariants...
24 initial candidates
Finding invariants: [0.010s CPU, 0.008s wall-clock]
Checking invariant weight... [0.000s CPU, 0.000s wall-clock]
Instantiating groups... [0.000s CPU, 0.001s wall-clock]
Collecting mutex groups... [0.000s CPU, 0.000s wall-clock]
Choosing groups...
381 uncovered facts
Choosing groups: [0.000s CPU, 0.000s wall-clock]
Building translation key... [0.000s CPU, 0.001s wall-clock]
Computing fact groups: [0.010s CPU, 0.012s wall-clock]
Building STRIPS to SAS dictionary... [0.000s CPU, 0.000s wall-clock]
Building dictionary for full mutex groups... [0.000s CPU, 0.000s wall-clock]
Building mutex information...
Building mutex information: [0.000s CPU, 0.000s wall-clock]
Translating task...
Processing axioms...
Simplifying axioms... [0.000s CPU, 0.000s wall-clock]
Translator axioms removed by simplifying: 0
Computing negative axioms... [0.000s CPU, 0.000s wall-clock]
Processing axioms: [0.010s CPU, 0.005s wall-clock]
Translating task: [0.110s CPU, 0.101s wall-clock]
4430 effect conditions simplified
0 implied preconditions added
Detecting unreachable propositions...
0 operators removed
0 axioms removed
3 propositions removed
Detecting unreachable propositions: [0.060s CPU, 0.062s wall-clock]
Reordering and filtering variables...
384 of 384 variables necessary.
16 of 19 mutex groups necessary.
2644 of 2644 operators necessary.
0 of 0 axiom rules necessary.
Reordering and filtering variables: [0.030s CPU, 0.031s wall-clock]
Translator variables: 384
Translator derived variables: 0
Translator facts: 799
Translator goal facts: 14
Translator mutex groups: 16
Translator total mutex groups size: 48
Translator operators: 2644
Translator axioms: 0
Translator task size: 25367
Translator peak memory: 47632 KB
Writing output... [0.020s CPU, 0.018s wall-clock]
Done! [0.370s CPU, 0.375s wall-clock]
translate exit code: 0

INFO     Running search (release).
INFO     search stdin: output.sas
INFO     search time limit: 299s
INFO     search memory limit: 3584 MB
INFO     search command line string: /usr/local/downward-projects/downward/experiments/src/thesis/data/thesis-thesis_exp/code-d93485cdd92f65ede2ae3573b3f4adda0b49e4fd_e5e41175/builds/release/bin/downward --evaluator 'h=ff()' --search 'eager( alt( [lwm_intra_explore_type(h), single(h)] ) )' --internal-plan-file sas_plan < output.sas
[t=0s, 11364 KB] reading input...
[t=0.0119727s, 12396 KB] done reading input!
[t=0.0159586s, 13504 KB] Simplifying 9782 unary operators... done! [8318 unary operators]
[t=0.023312s, 14052 KB] time to simplify: 0.00735343s
[t=0.0238434s, 14052 KB] Initializing additive heuristic...
[t=0.0240095s, 14052 KB] Initializing FF heuristic...
[t=0.0240366s, 14052 KB] Building successor generator...done!
[t=0.0249891s, 14052 KB] peak memory difference for successor generator creation: 0 KB
[t=0.0250476s, 14052 KB] time for successor generation creation: 0s
[t=0.0250731s, 14052 KB] Variables: 384
[t=0.0251109s, 14052 KB] FactPairs: 799
[t=0.0251332s, 14052 KB] Bytes per state: 52
[t=0.0251551s, 14052 KB] Conducting best first search without reopening closed nodes, (real) bound = 2147483647
[t=0.0252064s, 14052 KB] New best heuristic value for ff(): 40
[t=0.0253492s, 14052 KB] g=0, 1 evaluated, 0 expanded
[t=0.0253738s, 14052 KB] Initial heuristic value for ff(): 40
[t=0.025406s, 14052 KB] pruning method: none
[t=0.0254291s, 14052 KB] Start Timestep: 1687923274946 millisecond(s).
[t=0.02547s, 14052 KB] New best heuristic value for ff(): 38
[t=0.0263776s, 14052 KB] g=1, 10 evaluated, 1 expanded
[t=0.0316469s, 14052 KB] New best heuristic value for ff(): 36
[t=0.034739s, 14052 KB] g=3, 97 evaluated, 7 expanded
[t=0.0436113s, 14052 KB] New best heuristic value for ff(): 35
[t=0.0465576s, 14052 KB] g=6, 221 evaluated, 24 expanded
[t=0.0675809s, 14052 KB] New best heuristic value for ff(): 34
[t=0.0712291s, 14052 KB] g=9, 482 evaluated, 70 expanded
[t=0.0874873s, 14052 KB] New best heuristic value for ff(): 33
[t=0.0909543s, 14052 KB] g=12, 688 evaluated, 101 expanded
[t=0.0914522s, 14052 KB] New best heuristic value for ff(): 32
[t=0.0924556s, 14052 KB] g=13, 703 evaluated, 102 expanded
[t=0.187403s, 14052 KB] New best heuristic value for ff(): 31
[t=0.18969s, 14052 KB] g=18, 1752 evaluated, 264 expanded
[t=0.279352s, 14184 KB] New best heuristic value for ff(): 30
[t=0.279904s, 14184 KB] g=23, 2691 evaluated, 377 expanded
[t=0.279935s, 14184 KB] New best heuristic value for ff(): 29
[t=0.282309s, 14184 KB] g=25, 2715 evaluated, 381 expanded
[t=47.9746s, 109952 KB] New best heuristic value for ff(): 28
[t=47.9754s, 109952 KB] g=33, 482005 evaluated, 89285 expanded
[t=47.9754s, 109952 KB] New best heuristic value for ff(): 27
[t=47.9776s, 109952 KB] g=35, 482027 evaluated, 89289 expanded
[t=56.2738s, 121508 KB] New best heuristic value for ff(): 26
[t=56.2772s, 121508 KB] g=43, 565952 evaluated, 104369 expanded
[t=56.2777s, 121508 KB] New best heuristic value for ff(): 25
[t=56.279s, 121508 KB] g=44, 565970 evaluated, 104370 expanded
[t=56.279s, 121508 KB] New best heuristic value for ff(): 24
[t=56.2797s, 121508 KB] g=45, 565977 evaluated, 104372 expanded
[t=56.2937s, 121640 KB] New best heuristic value for ff(): 23
[t=56.296s, 121640 KB] g=47, 566148 evaluated, 104390 expanded
[t=222.806s, 445096 KB] New best heuristic value for ff(): 22
[t=222.808s, 445096 KB] g=71, 2254972 evaluated, 392792 expanded
[t=222.809s, 445096 KB] New best heuristic value for ff(): 21
[t=222.81s, 445096 KB] g=73, 2254996 evaluated, 392796 expanded
Peak memory: 617864 KB
caught signal 24 -- exiting
Time limit has been reached.
Remove intermediate file output.sas
search exit code: 23

Driver aborting after search
INFO     Planner time: 299.38s
