INFO     planner time limit: 600s
INFO     planner memory limit: 3584 MB

INFO     Running translator.
INFO     translator stdin: None
INFO     translator time limit: 599s
INFO     translator memory limit: 3584 MB
INFO     translator command line string: /usr/local/downward-projects/downward/experiments/src/thesis/.venv/bin/python3 /usr/local/downward-projects/downward/experiments/src/thesis/data/thesis-thesis_exp/code-84c08dfff1890fbf6247184940c8166177195ea1_e5e41175/builds/release/bin/translate/translate.py domain.pddl problem.pddl --sas-file output.sas
Parsing...
Parsing: [0.060s CPU, 0.062s wall-clock]
Normalizing task... [0.010s CPU, 0.006s wall-clock]
Instantiating...
Generating Datalog program... [0.010s CPU, 0.014s wall-clock]
Normalizing Datalog program...
Normalizing Datalog program: [0.050s CPU, 0.045s wall-clock]
Preparing model... [0.040s CPU, 0.043s wall-clock]
Generated 2332 rules.
Computing model... [5.790s CPU, 5.793s wall-clock]
174142 relevant atoms
254332 auxiliary atoms
428474 final queue length
764294 total queue pushes
Completing instantiation... [8.780s CPU, 8.796s wall-clock]
Instantiating: [15.120s CPU, 15.140s wall-clock]
Computing fact groups...
Finding invariants...
10 initial candidates
Finding invariants: [0.120s CPU, 0.121s wall-clock]
Checking invariant weight... [0.010s CPU, 0.005s wall-clock]
Instantiating groups... [0.000s CPU, 0.004s wall-clock]
Collecting mutex groups... [0.000s CPU, 0.001s wall-clock]
Choosing groups...
290 uncovered facts
Choosing groups: [0.000s CPU, 0.005s wall-clock]
Building translation key... [0.000s CPU, 0.002s wall-clock]
Computing fact groups: [0.150s CPU, 0.146s wall-clock]
Building STRIPS to SAS dictionary... [0.000s CPU, 0.001s wall-clock]
Building dictionary for full mutex groups... [0.000s CPU, 0.002s wall-clock]
Building mutex information...
Building mutex information: [0.000s CPU, 0.002s wall-clock]
Translating task...
Processing axioms...
Simplifying axioms... [0.000s CPU, 0.000s wall-clock]
Translator axioms removed by simplifying: 0
Computing negative axioms... [0.000s CPU, 0.000s wall-clock]
Processing axioms: [0.260s CPU, 0.258s wall-clock]
Translating task: [7.070s CPU, 7.070s wall-clock]
0 effect conditions simplified
0 implied preconditions added
Detecting unreachable propositions...
0 operators removed
0 axioms removed
291 propositions removed
Detecting unreachable propositions: [4.460s CPU, 4.469s wall-clock]
Reordering and filtering variables...
581 of 581 variables necessary.
0 of 581 mutex groups necessary.
168780 of 168780 operators necessary.
0 of 0 axiom rules necessary.
Reordering and filtering variables: [0.690s CPU, 0.680s wall-clock]
Translator variables: 581
Translator derived variables: 0
Translator facts: 1741
Translator goal facts: 290
Translator mutex groups: 0
Translator total mutex groups size: 0
Translator operators: 168780
Translator axioms: 0
Translator task size: 1138389
Translator peak memory: 723760 KB
Writing output... [0.820s CPU, 0.834s wall-clock]
Done! [28.700s CPU, 28.736s wall-clock]
translate exit code: 0

INFO     Running search (release).
INFO     search stdin: output.sas
INFO     search time limit: 571s
INFO     search memory limit: 3584 MB
INFO     search command line string: /usr/local/downward-projects/downward/experiments/src/thesis/data/thesis-thesis_exp/code-84c08dfff1890fbf6247184940c8166177195ea1_e5e41175/builds/release/bin/downward --evaluator 'h=ff()' --search 'eager(partition(h, h_partition(), inter_uniform(), intra_uniform() )) ' --internal-plan-file sas_plan < output.sas
[t=0.00183037s, 11732 KB] reading input...
[t=0.517395s, 57520 KB] done reading input!
[t=0.565278s, 80420 KB] Simplifying 336980 unary operators... done! [336980 unary operators]
[t=1.43145s, 110844 KB] time to simplify: 0.866173s
[t=1.44339s, 110844 KB] Initializing additive heuristic...
[t=1.44521s, 110844 KB] Initializing FF heuristic...
[t=1.44525s, 110844 KB] Building successor generator...done!
[t=1.52605s, 110844 KB] peak memory difference for successor generator creation: 0 KB
[t=1.52617s, 110844 KB] time for successor generation creation: 0.077905s
[t=1.5262s, 110844 KB] Variables: 581
[t=1.52624s, 110844 KB] FactPairs: 1741
[t=1.52626s, 110844 KB] Bytes per state: 112
[t=1.52628s, 110844 KB] Conducting best first search without reopening closed nodes, (real) bound = 2147483647
[t=1.53116s, 110844 KB] New best heuristic value for ff(): 1
[t=1.53465s, 110844 KB] g=0, 1 evaluated, 0 expanded
[t=1.53467s, 110844 KB] Initial heuristic value for ff(): 1
[t=1.5347s, 110844 KB] pruning method: none
[t=1.53473s, 110844 KB] Start Timestep: 1693616284393 millisecond(s).
[t=1.53907s, 110844 KB] New best heuristic value for ff(): 0
[t=1.54314s, 110844 KB] g=1, 2 evaluated, 1 expanded
Peak memory: 112680 KB
caught signal 24 -- exiting
Time limit has been reached.
Remove intermediate file output.sas
search exit code: 23

Driver aborting after search
INFO     Planner time: 597.85s
