INFO     planner time limit: 900s
INFO     planner memory limit: 3584 MB

INFO     Running translator.
INFO     translator stdin: None
INFO     translator time limit: 899s
INFO     translator memory limit: 3584 MB
INFO     translator command line string: /usr/local/downward-projects/downward/experiments/.venv/bin/python3 /usr/local/downward-projects/downward/experiments/src/thesis/data/thesis-thesis_exp/code-beb2e19b3d35a0ced2c328754445ca6967892fa8_e5e41175/builds/release/bin/translate/translate.py domain.pddl problem.pddl --sas-file output.sas
Parsing...
Parsing: [0.140s CPU, 0.147s wall-clock]
Normalizing task... [0.010s CPU, 0.012s wall-clock]
Instantiating...
Generating Datalog program... [0.030s CPU, 0.024s wall-clock]
Normalizing Datalog program...
Normalizing Datalog program: [0.060s CPU, 0.054s wall-clock]
Preparing model... [0.120s CPU, 0.128s wall-clock]
Generated 3054 rules.
Computing model... [12.230s CPU, 12.256s wall-clock]
316307 relevant atoms
461382 auxiliary atoms
777689 final queue length
1388431 total queue pushes
Completing instantiation... [20.980s CPU, 21.006s wall-clock]
Instantiating: [34.290s CPU, 34.339s wall-clock]
Computing fact groups...
Finding invariants...
10 initial candidates
Finding invariants: [0.180s CPU, 0.175s wall-clock]
Checking invariant weight... [0.000s CPU, 0.009s wall-clock]
Instantiating groups... [0.010s CPU, 0.005s wall-clock]
Collecting mutex groups... [0.000s CPU, 0.002s wall-clock]
Choosing groups...
348 uncovered facts
Choosing groups: [0.010s CPU, 0.007s wall-clock]
Building translation key... [0.000s CPU, 0.002s wall-clock]
Computing fact groups: [0.210s CPU, 0.213s wall-clock]
Building STRIPS to SAS dictionary... [0.010s CPU, 0.002s wall-clock]
Building dictionary for full mutex groups... [0.000s CPU, 0.003s wall-clock]
Building mutex information...
Building mutex information: [0.000s CPU, 0.003s wall-clock]
Translating task...
Processing axioms...
Simplifying axioms... [0.000s CPU, 0.000s wall-clock]
Translator axioms removed by simplifying: 0
Computing negative axioms... [0.000s CPU, 0.000s wall-clock]
Processing axioms: [0.650s CPU, 0.646s wall-clock]
Translating task: [14.780s CPU, 14.785s wall-clock]
0 effect conditions simplified
0 implied preconditions added
Detecting unreachable propositions...
0 operators removed
0 axioms removed
392 propositions removed
Detecting unreachable propositions: [9.940s CPU, 9.956s wall-clock]
Reordering and filtering variables...
740 of 740 variables necessary.
0 of 783 mutex groups necessary.
306501 of 306501 operators necessary.
0 of 0 axiom rules necessary.
Reordering and filtering variables: [1.880s CPU, 1.885s wall-clock]
Translator variables: 740
Translator derived variables: 0
Translator facts: 2261
Translator goal facts: 391
Translator mutex groups: 0
Translator total mutex groups size: 0
Translator operators: 306501
Translator axioms: 0
Translator task size: 3144755
Translator peak memory: 1662588 KB
Writing output... [2.120s CPU, 2.127s wall-clock]
Done! [64.120s CPU, 64.216s wall-clock]
translate exit code: 0

INFO     Running search (release).
INFO     search stdin: output.sas
INFO     search time limit: 835s
INFO     search memory limit: 3584 MB
INFO     search command line string: /usr/local/downward-projects/downward/experiments/src/thesis/data/thesis-thesis_exp/code-beb2e19b3d35a0ced2c328754445ca6967892fa8_e5e41175/builds/release/bin/downward --evaluator 'h=ff()' --search 'eager(alt([bts_type(h), single(h)]))' --internal-plan-file sas_plan < output.sas
[t=0.00265448s, 11252 KB] reading input...
[t=1.30169s, 110864 KB] done reading input!
[t=1.41751s, 155120 KB] Simplifying 612263 unary operators... done! [612263 unary operators]
[t=2.27248s, 218048 KB] time to simplify: 0.854968s
[t=2.32039s, 241012 KB] Initializing additive heuristic...
[t=2.32194s, 241012 KB] Initializing FF heuristic...
[t=2.32198s, 241012 KB] Building successor generator...done!
[t=2.55938s, 241012 KB] peak memory difference for successor generator creation: 0 KB
[t=2.55952s, 241012 KB] time for successor generation creation: 0.233958s
[t=2.55955s, 241012 KB] Variables: 740
[t=2.55959s, 241012 KB] FactPairs: 2261
[t=2.55961s, 241012 KB] Bytes per state: 144
[t=2.55963s, 241012 KB] Conducting best first search without reopening closed nodes, (real) bound = 2147483647
[t=2.5879s, 241012 KB] New best heuristic value for ff(): 1
[t=2.59178s, 241012 KB] g=0, 1 evaluated, 0 expanded
[t=2.59181s, 241012 KB] Initial heuristic value for ff(): 1
[t=2.59186s, 241012 KB] pruning method: none
[t=2.59189s, 241012 KB] Start Timestep: 1685775014670 millisecond(s).
[t=2.62379s, 241012 KB] New best heuristic value for ff(): 0
[t=2.62623s, 241012 KB] g=1, 2 evaluated, 1 expanded
Peak memory: 241012 KB
caught signal 24 -- exiting
Time limit has been reached.
Remove intermediate file output.sas
search exit code: 23

Driver aborting after search
INFO     Planner time: 899.30s
