INFO     planner time limit: 600s
INFO     planner memory limit: 3584 MB

INFO     Running translator.
INFO     translator stdin: None
INFO     translator time limit: 599s
INFO     translator memory limit: 3584 MB
INFO     translator command line string: /usr/local/downward-projects/downward/experiments/src/thesis/.venv/bin/python3 /usr/local/downward-projects/downward/experiments/src/thesis/data/thesis-thesis_exp/code-84c08dfff1890fbf6247184940c8166177195ea1_e5e41175/builds/release/bin/translate/translate.py domain.pddl problem.pddl --sas-file output.sas
Parsing...
Parsing: [0.010s CPU, 0.006s wall-clock]
Normalizing task... [0.000s CPU, 0.000s wall-clock]
Instantiating...
Generating Datalog program... [0.000s CPU, 0.001s wall-clock]
Normalizing Datalog program...
Normalizing Datalog program: [0.010s CPU, 0.006s wall-clock]
Preparing model... [0.000s CPU, 0.004s wall-clock]
Generated 198 rules.
Computing model... [0.170s CPU, 0.176s wall-clock]
9734 relevant atoms
14960 auxiliary atoms
24694 final queue length
57715 total queue pushes
Completing instantiation... [0.420s CPU, 0.434s wall-clock]
Instantiating: [0.630s CPU, 0.630s wall-clock]
Computing fact groups...
Finding invariants...
24 initial candidates
Finding invariants: [0.010s CPU, 0.016s wall-clock]
Checking invariant weight... [0.000s CPU, 0.001s wall-clock]
Instantiating groups... [0.010s CPU, 0.011s wall-clock]
Collecting mutex groups... [0.000s CPU, 0.000s wall-clock]
Choosing groups...
368 uncovered facts
Choosing groups: [0.010s CPU, 0.001s wall-clock]
Building translation key... [0.000s CPU, 0.001s wall-clock]
Computing fact groups: [0.030s CPU, 0.034s wall-clock]
Building STRIPS to SAS dictionary... [0.000s CPU, 0.001s wall-clock]
Building dictionary for full mutex groups... [0.000s CPU, 0.001s wall-clock]
Building mutex information...
Building mutex information: [0.000s CPU, 0.000s wall-clock]
Translating task...
Processing axioms...
Simplifying axioms... [0.000s CPU, 0.000s wall-clock]
Translator axioms removed by simplifying: 0
Computing negative axioms... [0.000s CPU, 0.000s wall-clock]
Processing axioms: [0.020s CPU, 0.016s wall-clock]
Translating task: [0.390s CPU, 0.381s wall-clock]
4486 effect conditions simplified
0 implied preconditions added
Detecting unreachable propositions...
0 operators removed
0 axioms removed
137 propositions removed
Detecting unreachable propositions: [0.370s CPU, 0.374s wall-clock]
Reordering and filtering variables...
413 of 423 variables necessary.
94 of 139 mutex groups necessary.
8428 of 8428 operators necessary.
0 of 0 axiom rules necessary.
Reordering and filtering variables: [0.080s CPU, 0.078s wall-clock]
Translator variables: 413
Translator derived variables: 0
Translator facts: 1162
Translator goal facts: 120
Translator mutex groups: 94
Translator total mutex groups size: 328
Translator operators: 8428
Translator axioms: 0
Translator task size: 72152
Translator peak memory: 80656 KB
Writing output... [0.060s CPU, 0.060s wall-clock]
Done! [1.590s CPU, 1.589s wall-clock]
translate exit code: 0

INFO     Running search (release).
INFO     search stdin: output.sas
INFO     search time limit: 598s
INFO     search memory limit: 3584 MB
INFO     search command line string: /usr/local/downward-projects/downward/experiments/src/thesis/data/thesis-thesis_exp/code-84c08dfff1890fbf6247184940c8166177195ea1_e5e41175/builds/release/bin/downward --evaluator 'h=ff()' --search 'eager(partition(h, plateau_partition(), inter_uniform(), intra_uniform() )) ' --internal-plan-file sas_plan < output.sas
[t=0s, 11732 KB] reading input...
[t=0.0398846s, 15032 KB] done reading input!
[t=0.0478476s, 17440 KB] Simplifying 34159 unary operators... done! [14793 unary operators]
[t=0.0732722s, 19736 KB] time to simplify: 0.0254247s
[t=0.0750658s, 19736 KB] Initializing additive heuristic...
[t=0.0755253s, 19736 KB] Initializing FF heuristic...
[t=0.0756488s, 19736 KB] Building successor generator...done!
[t=0.0781921s, 19736 KB] peak memory difference for successor generator creation: 0 KB
[t=0.0782604s, 19736 KB] time for successor generation creation: 0s
[t=0.0782867s, 19736 KB] Variables: 413
[t=0.078317s, 19736 KB] FactPairs: 1162
[t=0.0783401s, 19736 KB] Bytes per state: 72
[t=0.0783658s, 19736 KB] Conducting best first search without reopening closed nodes, (real) bound = 2147483647
[t=0.078425s, 19736 KB] New best heuristic value for ff(): 2975
[t=0.0787275s, 19736 KB] g=0, 1 evaluated, 0 expanded
[t=0.0787542s, 19736 KB] Initial heuristic value for ff(): 2975
[t=0.0787888s, 19736 KB] pruning method: none
[t=0.0788134s, 19736 KB] Start Timestep: 1693644347121 millisecond(s).
[t=0.0788627s, 19736 KB] New best heuristic value for ff(): 2965
[t=0.0791055s, 19736 KB] g=15, 2 evaluated, 1 expanded
[t=0.0791331s, 19736 KB] New best heuristic value for ff(): 2960
[t=0.079486s, 19736 KB] g=10, 4 evaluated, 1 expanded
[t=0.0795139s, 19736 KB] New best heuristic value for ff(): 2940
[t=0.0802994s, 19736 KB] g=30, 9 evaluated, 1 expanded
[t=0.0803277s, 19736 KB] New best heuristic value for ff(): 2385
[t=0.0812713s, 19736 KB] g=30, 15 evaluated, 1 expanded
[t=0.083369s, 19736 KB] New best heuristic value for ff(): 1845
[t=0.0852425s, 19736 KB] g=30, 44 evaluated, 1 expanded
[t=0.267205s, 19736 KB] New best heuristic value for ff(): 1810
[t=0.27073s, 19736 KB] g=110, 1295 evaluated, 5 expanded
[t=0.606863s, 19736 KB] New best heuristic value for ff(): 1800
[t=0.610348s, 19736 KB] g=140, 3230 evaluated, 11 expanded
[t=0.670683s, 19736 KB] New best heuristic value for ff(): 1795
[t=0.671221s, 19736 KB] g=120, 3547 evaluated, 12 expanded
[t=0.674625s, 19736 KB] New best heuristic value for ff(): 1785
[t=0.674894s, 19736 KB] g=125, 3559 evaluated, 12 expanded
[t=0.678564s, 19736 KB] New best heuristic value for ff(): 1775
[t=0.679479s, 19736 KB] g=140, 3574 evaluated, 12 expanded
[t=0.682523s, 19736 KB] New best heuristic value for ff(): 1770
[t=0.683675s, 19736 KB] g=140, 3591 evaluated, 12 expanded
[t=0.710457s, 19736 KB] New best heuristic value for ff(): 1765
[t=0.710844s, 19736 KB] g=140, 3731 evaluated, 12 expanded
[t=1.31786s, 19736 KB] New best heuristic value for ff(): 1760
[t=1.31958s, 19736 KB] g=140, 6399 evaluated, 20 expanded
[t=1.32179s, 19736 KB] New best heuristic value for ff(): 1750
[t=1.32225s, 19736 KB] g=155, 6405 evaluated, 20 expanded
[t=1.32571s, 19736 KB] New best heuristic value for ff(): 1745
[t=1.32784s, 19736 KB] g=155, 6422 evaluated, 20 expanded
[t=1.35759s, 19736 KB] New best heuristic value for ff(): 1740
[t=1.36125s, 19736 KB] g=155, 6562 evaluated, 20 expanded
[t=1.7253s, 19736 KB] New best heuristic value for ff(): 1730
[t=1.72815s, 19736 KB] g=170, 7906 evaluated, 24 expanded
[t=1.73321s, 19736 KB] New best heuristic value for ff(): 1725
[t=1.73455s, 19736 KB] g=170, 7923 evaluated, 24 expanded
[t=2.80402s, 19736 KB] New best heuristic value for ff(): 1720
[t=2.80656s, 19736 KB] g=200, 11387 evaluated, 34 expanded
[t=2.81194s, 19736 KB] New best heuristic value for ff(): 1715
[t=2.81409s, 19736 KB] g=200, 11403 evaluated, 34 expanded
[t=5.99664s, 20940 KB] New best heuristic value for ff(): 1705
[t=5.99847s, 20940 KB] g=215, 19167 evaluated, 56 expanded
[t=5.9985s, 20940 KB] New best heuristic value for ff(): 1700
[t=6.00062s, 20940 KB] g=210, 19169 evaluated, 56 expanded
[t=6.01251s, 20940 KB] New best heuristic value for ff(): 1690
[t=6.01284s, 20940 KB] g=215, 19181 evaluated, 56 expanded
[t=6.02445s, 20940 KB] New best heuristic value for ff(): 1680
[t=6.02827s, 20940 KB] g=230, 19196 evaluated, 56 expanded
[t=6.03636s, 20940 KB] New best heuristic value for ff(): 1675
[t=6.03939s, 20940 KB] g=230, 19212 evaluated, 56 expanded
[t=10.5924s, 22392 KB] New best heuristic value for ff(): 1670
[t=10.5941s, 22392 KB] g=240, 27123 evaluated, 78 expanded
[t=10.6083s, 22392 KB] New best heuristic value for ff(): 1665
[t=10.6093s, 22392 KB] g=240, 27139 evaluated, 78 expanded
[t=15.217s, 23568 KB] New best heuristic value for ff(): 1655
[t=15.2176s, 23568 KB] g=255, 33425 evaluated, 96 expanded
[t=15.221s, 23568 KB] New best heuristic value for ff(): 1650
[t=15.2212s, 23568 KB] g=250, 33427 evaluated, 96 expanded
[t=15.2408s, 23568 KB] New best heuristic value for ff(): 1640
[t=15.2425s, 23568 KB] g=255, 33439 evaluated, 96 expanded
[t=15.2686s, 23568 KB] New best heuristic value for ff(): 1630
[t=15.2691s, 23568 KB] g=270, 33454 evaluated, 96 expanded
[t=15.2845s, 23568 KB] New best heuristic value for ff(): 1625
[t=15.2877s, 23568 KB] g=270, 33470 evaluated, 96 expanded
[t=17.4023s, 23964 KB] New best heuristic value for ff(): 1620
[t=17.4059s, 23964 KB] g=280, 35962 evaluated, 103 expanded
[t=17.4262s, 23964 KB] New best heuristic value for ff(): 1610
[t=17.4286s, 23964 KB] g=285, 35974 evaluated, 103 expanded
[t=17.4541s, 23964 KB] New best heuristic value for ff(): 1600
[t=17.4569s, 23964 KB] g=300, 35989 evaluated, 103 expanded
[t=17.498s, 23964 KB] New best heuristic value for ff(): 1595
[t=17.4998s, 23964 KB] g=300, 36017 evaluated, 103 expanded
[t=78.2928s, 31224 KB] New best heuristic value for ff(): 1585
[t=78.2959s, 31224 KB] g=345, 78323 evaluated, 218 expanded
[t=78.3407s, 31224 KB] New best heuristic value for ff(): 1580
[t=78.3432s, 31224 KB] g=345, 78339 evaluated, 218 expanded
[t=206.495s, 39732 KB] New best heuristic value for ff(): 1570
[t=206.495s, 39732 KB] g=315, 117936 evaluated, 326 expanded
[t=206.637s, 39732 KB] New best heuristic value for ff(): 1560
[t=206.638s, 39732 KB] g=330, 117951 evaluated, 326 expanded
[t=206.734s, 39732 KB] New best heuristic value for ff(): 1555
[t=206.734s, 39732 KB] g=330, 117967 evaluated, 326 expanded
[t=348.61s, 42400 KB] New best heuristic value for ff(): 1550
[t=348.612s, 42400 KB] g=340, 140609 evaluated, 387 expanded
[t=348.957s, 42400 KB] New best heuristic value for ff(): 1545
[t=348.961s, 42400 KB] g=340, 140637 evaluated, 387 expanded
[t=450.914s, 44248 KB] New best heuristic value for ff(): 1530
[t=450.914s, 44248 KB] g=350, 153596 evaluated, 421 expanded
[t=451.187s, 44248 KB] New best heuristic value for ff(): 1520
[t=451.189s, 44248 KB] g=355, 153610 evaluated, 421 expanded
[t=451.479s, 44248 KB] New best heuristic value for ff(): 1510
[t=451.48s, 44248 KB] g=370, 153625 evaluated, 421 expanded
[t=451.911s, 44248 KB] New best heuristic value for ff(): 1505
[t=451.912s, 44248 KB] g=370, 153652 evaluated, 421 expanded
[t=463.284s, 44512 KB] New best heuristic value for ff(): 1500
[t=463.287s, 44512 KB] g=380, 155036 evaluated, 425 expanded
[t=463.559s, 44512 KB] New best heuristic value for ff(): 1490
[t=463.561s, 44512 KB] g=385, 155050 evaluated, 425 expanded
[t=463.859s, 44512 KB] New best heuristic value for ff(): 1480
[t=463.86s, 44512 KB] g=400, 155065 evaluated, 425 expanded
[t=464.293s, 44512 KB] New best heuristic value for ff(): 1475
[t=464.294s, 44512 KB] g=400, 155092 evaluated, 425 expanded
[t=562.048s, 46096 KB] New best heuristic value for ff(): 1465
[t=562.049s, 46096 KB] g=420, 165970 evaluated, 454 expanded
[t=562.518s, 46096 KB] New best heuristic value for ff(): 1460
[t=562.518s, 46096 KB] g=420, 165997 evaluated, 454 expanded
Peak memory: 46624 KB
caught signal 24 -- exiting
Time limit has been reached.
Remove intermediate file output.sas
search exit code: 23

Driver aborting after search
INFO     Planner time: 596.83s
