INFO     planner time limit: 900s
INFO     planner memory limit: 3584 MB

INFO     Running translator.
INFO     translator stdin: None
INFO     translator time limit: 899s
INFO     translator memory limit: 3584 MB
INFO     translator command line string: /usr/local/downward-projects/downward/experiments/assign3/.venv/bin/python3 /usr/local/downward-projects/downward/experiments/assign3/data/assign3-anytime_exp/code-fe4f0f1bb525c059c1938ac01bab1b7bae200873_e5e41175/builds/release/bin/translate/translate.py domain.pddl problem.pddl --sas-file output.sas
Parsing...
Parsing: [0.000s CPU, 0.002s wall-clock]
Normalizing task... [0.000s CPU, 0.000s wall-clock]
Instantiating...
Generating Datalog program... [0.010s CPU, 0.001s wall-clock]
Normalizing Datalog program...
Normalizing Datalog program: [0.000s CPU, 0.002s wall-clock]
Preparing model... [0.000s CPU, 0.002s wall-clock]
Generated 50 rules.
Computing model... [0.020s CPU, 0.019s wall-clock]
1628 relevant atoms
1854 auxiliary atoms
3482 final queue length
4739 total queue pushes
Completing instantiation... [0.020s CPU, 0.022s wall-clock]
Instantiating: [0.050s CPU, 0.047s wall-clock]
Computing fact groups...
Finding invariants...
11 initial candidates
Finding invariants: [0.000s CPU, 0.004s wall-clock]
Checking invariant weight... [0.000s CPU, 0.001s wall-clock]
Instantiating groups... [0.010s CPU, 0.006s wall-clock]
Collecting mutex groups... [0.000s CPU, 0.000s wall-clock]
Choosing groups...
0 uncovered facts
Choosing groups: [0.000s CPU, 0.001s wall-clock]
Building translation key... [0.000s CPU, 0.000s wall-clock]
Computing fact groups: [0.010s CPU, 0.013s wall-clock]
Building STRIPS to SAS dictionary... [0.000s CPU, 0.000s wall-clock]
Building dictionary for full mutex groups... [0.000s CPU, 0.000s wall-clock]
Building mutex information...
Building mutex information: [0.000s CPU, 0.000s wall-clock]
Translating task...
Processing axioms...
Simplifying axioms... [0.000s CPU, 0.000s wall-clock]
Translator axioms removed by simplifying: 0
Computing negative axioms... [0.000s CPU, 0.000s wall-clock]
Processing axioms: [0.000s CPU, 0.001s wall-clock]
Translating task: [0.030s CPU, 0.024s wall-clock]
0 effect conditions simplified
0 implied preconditions added
Detecting unreachable propositions...
0 operators removed
0 axioms removed
6 propositions removed
Detecting unreachable propositions: [0.010s CPU, 0.013s wall-clock]
Reordering and filtering variables...
54 of 54 variables necessary.
96 of 102 mutex groups necessary.
1002 of 1002 operators necessary.
0 of 0 axiom rules necessary.
Reordering and filtering variables: [0.000s CPU, 0.004s wall-clock]
Translator variables: 54
Translator derived variables: 0
Translator facts: 342
Translator goal facts: 42
Translator mutex groups: 96
Translator total mutex groups size: 480
Translator operators: 1002
Translator axioms: 0
Translator task size: 6408
Translator peak memory: 36172 KB
Writing output... [0.000s CPU, 0.005s wall-clock]
Done! [0.110s CPU, 0.112s wall-clock]
translate exit code: 0

INFO     Running search (release).
INFO     search stdin: output.sas
INFO     search time limit: 899s
INFO     search memory limit: 3584 MB
INFO     search command line string: /usr/local/downward-projects/downward/experiments/assign3/data/assign3-anytime_exp/code-fe4f0f1bb525c059c1938ac01bab1b7bae200873_e5e41175/builds/release/bin/downward --evaluator 'h=lmcut()' --search 'eager_anytime(epsilon_greedy(
        sum([weight(h, 2, verbosity=normal), g()]), epsilon=0.2, random_seed=1234), 
        reopen_closed=true, f_eval=sum([h, g()]))' --internal-plan-file sas_plan < output.sas
[t=0.00105254s, 10884 KB] reading input...
[t=0.00418233s, 11212 KB] done reading input!
[t=0.00742836s, 11616 KB] Initializing landmark cut heuristic...
[t=0.00748883s, 11616 KB] Building successor generator...done!
[t=0.00794084s, 11748 KB] peak memory difference for successor generator creation: 132 KB
[t=0.00799884s, 11748 KB] time for successor generation creation: 0s
[t=0.00802429s, 11748 KB] Variables: 54
[t=0.00805065s, 11748 KB] FactPairs: 342
[t=0.00807415s, 11748 KB] Bytes per state: 16
[t=0.00809796s, 11748 KB] Conducting best first anytime search with reopening closed nodes, (real) bound = 2147483647
[t=0.0082469s, 11748 KB] New best heuristic value for lmcut(): 105
[t=0.00901113s, 11748 KB] g=0, 1 evaluated, 0 expanded
[t=0.00903821s, 11748 KB] Initial heuristic value for lmcut(): 105
[t=0.0090736s, 11748 KB] Start Timestep: 1682512821693 millisecond(s).
[t=0.0124031s, 11748 KB] New best heuristic value for lmcut(): 104
[t=0.0131997s, 11748 KB] g=1, 6 evaluated, 1 expanded
[t=0.0218286s, 11748 KB] New best heuristic value for lmcut(): 102
[t=0.0227241s, 11748 KB] g=3, 18 evaluated, 2 expanded
[t=0.0847899s, 11748 KB] New best heuristic value for lmcut(): 101
[t=0.0857922s, 11748 KB] g=10, 99 evaluated, 9 expanded
[t=0.128764s, 11748 KB] New best heuristic value for lmcut(): 100
[t=0.129447s, 11748 KB] g=7, 156 evaluated, 13 expanded
[t=0.164396s, 11748 KB] New best heuristic value for lmcut(): 99
[t=0.164564s, 11748 KB] g=8, 203 evaluated, 17 expanded
[t=0.200041s, 11748 KB] New best heuristic value for lmcut(): 98
[t=0.200968s, 11748 KB] g=10, 252 evaluated, 22 expanded
[t=0.417327s, 11748 KB] New best heuristic value for lmcut(): 97
[t=0.417525s, 11748 KB] g=17, 538 evaluated, 50 expanded
[t=1.11779s, 11888 KB] New best heuristic value for lmcut(): 96
[t=1.11873s, 11888 KB] g=16, 1475 evaluated, 147 expanded
[t=1.21876s, 11888 KB] New best heuristic value for lmcut(): 95
[t=1.2197s, 11888 KB] g=21, 1609 evaluated, 161 expanded
[t=4.44876s, 12316 KB] New best heuristic value for lmcut(): 93
[t=4.44926s, 12316 KB] g=20, 5963 evaluated, 614 expanded, 7 reopened
[t=9.05926s, 12908 KB] New best heuristic value for lmcut(): 92
[t=9.06007s, 12908 KB] g=23, 12259 evaluated, 1302 expanded, 10 reopened
[t=9.70439s, 12908 KB] New best heuristic value for lmcut(): 91
[t=9.70477s, 12908 KB] g=24, 13172 evaluated, 1404 expanded, 14 reopened
[t=13.4804s, 13436 KB] New best heuristic value for lmcut(): 90
[t=13.4814s, 13436 KB] g=28, 18452 evaluated, 1971 expanded, 16 reopened
[t=19.1808s, 13904 KB] New best heuristic value for lmcut(): 89
[t=19.1812s, 13904 KB] g=29, 26423 evaluated, 2863 expanded, 35 reopened
[t=20.0329s, 13904 KB] New best heuristic value for lmcut(): 88
[t=20.0337s, 13904 KB] g=32, 27760 evaluated, 2993 expanded, 37 reopened
[t=21.726s, 14040 KB] New best heuristic value for lmcut(): 87
[t=21.7262s, 14040 KB] g=34, 30492 evaluated, 3286 expanded, 39 reopened
[t=21.7339s, 14040 KB] New best heuristic value for lmcut(): 86
[t=21.734s, 14040 KB] g=36, 30516 evaluated, 3288 expanded, 39 reopened
[t=96.7058s, 21884 KB] New best heuristic value for lmcut(): 85
[t=96.7091s, 21884 KB] g=39, 139572 evaluated, 15633 expanded, 256 reopened
[t=144.458s, 29016 KB] New best heuristic value for lmcut(): 84
[t=144.458s, 29016 KB] g=37, 208547 evaluated, 24138 expanded, 568 reopened
[t=144.482s, 29016 KB] New best heuristic value for lmcut(): 83
[t=144.483s, 29016 KB] g=37, 208589 evaluated, 24144 expanded, 568 reopened
[t=144.499s, 29016 KB] New best heuristic value for lmcut(): 81
[t=144.5s, 29016 KB] g=40, 208620 evaluated, 24148 expanded, 568 reopened
[t=144.615s, 29016 KB] New best heuristic value for lmcut(): 80
[t=144.616s, 29016 KB] g=44, 208820 evaluated, 24174 expanded, 568 reopened
[t=144.628s, 29016 KB] New best heuristic value for lmcut(): 79
[t=144.628s, 29016 KB] g=50, 208845 evaluated, 24177 expanded, 568 reopened
[t=144.642s, 29016 KB] New best heuristic value for lmcut(): 77
[t=144.642s, 29016 KB] g=48, 208871 evaluated, 24180 expanded, 568 reopened
[t=144.677s, 29016 KB] New best heuristic value for lmcut(): 76
[t=144.678s, 29016 KB] g=54, 208953 evaluated, 24191 expanded, 568 reopened
[t=147.782s, 29016 KB] New best heuristic value for lmcut(): 75
[t=147.783s, 29016 KB] g=60, 214611 evaluated, 25126 expanded, 619 reopened
[t=147.785s, 29016 KB] New best heuristic value for lmcut(): 74
[t=147.785s, 29016 KB] g=57, 214620 evaluated, 25127 expanded, 619 reopened
[t=148.075s, 29016 KB] New best heuristic value for lmcut(): 73
[t=148.075s, 29016 KB] g=62, 215330 evaluated, 25246 expanded, 619 reopened
[t=148.076s, 29016 KB] New best heuristic value for lmcut(): 71
[t=148.076s, 29016 KB] g=62, 215334 evaluated, 25247 expanded, 619 reopened
[t=148.078s, 29016 KB] New best heuristic value for lmcut(): 70
[t=148.078s, 29016 KB] g=63, 215346 evaluated, 25248 expanded, 619 reopened
[t=150.704s, 29268 KB] New best heuristic value for lmcut(): 69
[t=150.704s, 29268 KB] g=66, 220478 evaluated, 26076 expanded, 659 reopened
[t=151.641s, 29404 KB] New best heuristic value for lmcut(): 68
[t=151.641s, 29404 KB] g=75, 222776 evaluated, 26444 expanded, 667 reopened
[t=154.332s, 29676 KB] New best heuristic value for lmcut(): 67
[t=154.332s, 29676 KB] g=71, 228327 evaluated, 27283 expanded, 682 reopened
[t=154.334s, 29676 KB] New best heuristic value for lmcut(): 66
[t=154.335s, 29676 KB] g=77, 228343 evaluated, 27286 expanded, 682 reopened
[t=154.335s, 29676 KB] New best heuristic value for lmcut(): 65
[t=154.335s, 29676 KB] g=74, 228344 evaluated, 27286 expanded, 682 reopened
[t=154.342s, 29676 KB] New best heuristic value for lmcut(): 64
[t=154.343s, 29676 KB] g=79, 228360 evaluated, 27288 expanded, 682 reopened
[t=160.782s, 30220 KB] New best heuristic value for lmcut(): 63
[t=160.783s, 30220 KB] g=82, 242499 evaluated, 29436 expanded, 695 reopened
[t=160.784s, 30220 KB] New best heuristic value for lmcut(): 62
[t=160.785s, 30220 KB] g=88, 242513 evaluated, 29439 expanded, 695 reopened
[t=163.467s, 30492 KB] New best heuristic value for lmcut(): 61
[t=163.468s, 30492 KB] g=85, 248323 evaluated, 30312 expanded, 696 reopened
[t=163.476s, 30492 KB] New best heuristic value for lmcut(): 60
[t=163.477s, 30492 KB] g=86, 248342 evaluated, 30314 expanded, 696 reopened
[t=187.471s, 38404 KB] New best heuristic value for lmcut(): 59
[t=187.471s, 38404 KB] g=91, 299797 evaluated, 38994 expanded, 1047 reopened
[t=282.824s, 49204 KB] New best heuristic value for lmcut(): 57
[t=282.825s, 49204 KB] g=92, 504266 evaluated, 73524 expanded, 3248 reopened
[t=356.601s, 64212 KB] New best heuristic value for lmcut(): 55
[t=356.601s, 64212 KB] g=97, 667190 evaluated, 104526 expanded, 8560 reopened
[t=456.736s, 81060 KB] New best heuristic value for lmcut(): 53
[t=456.736s, 81060 KB] g=101, 895134 evaluated, 142864 expanded, 9929 reopened
[t=461.009s, 81464 KB] New best heuristic value for lmcut(): 52
[t=461.009s, 81464 KB] g=103, 906107 evaluated, 144960 expanded, 10032 reopened
[t=461.12s, 81464 KB] New best heuristic value for lmcut(): 51
[t=461.121s, 81464 KB] g=106, 906486 evaluated, 145010 expanded, 10033 reopened
[t=461.126s, 81464 KB] New best heuristic value for lmcut(): 50
[t=461.127s, 81464 KB] g=112, 906519 evaluated, 145015 expanded, 10033 reopened
[t=461.234s, 81464 KB] New best heuristic value for lmcut(): 49
[t=461.235s, 81464 KB] g=112, 906908 evaluated, 145068 expanded, 10033 reopened
[t=581.478s, 116640 KB] New best heuristic value for lmcut(): 48
[t=581.48s, 116640 KB] g=113, 1188847 evaluated, 194500 expanded, 14696 reopened
[t=643.992s, 145536 KB] New best heuristic value for lmcut(): 47
[t=643.992s, 145536 KB] g=115, 1339464 evaluated, 221332 expanded, 17830 reopened
[t=671.339s, 145536 KB] New best heuristic value for lmcut(): 45
[t=671.339s, 145536 KB] g=118, 1409585 evaluated, 233939 expanded, 18926 reopened
[t=683.852s, 145536 KB] New best heuristic value for lmcut(): 43
[t=683.852s, 145536 KB] g=122, 1442832 evaluated, 239850 expanded, 19495 reopened
[t=869.738s, 153612 KB] New best heuristic value for lmcut(): 42
[t=869.738s, 153612 KB] g=122, 1872783 evaluated, 308806 expanded, 26313 reopened
[t=873.003s, 154020 KB] New best heuristic value for lmcut(): 41
[t=873.003s, 154020 KB] g=122, 1884133 evaluated, 310857 expanded, 26336 reopened
[t=873.026s, 154020 KB] New best heuristic value for lmcut(): 40
[t=873.026s, 154020 KB] g=124, 1884281 evaluated, 310881 expanded, 26336 reopened
[t=873.027s, 154020 KB] New best heuristic value for lmcut(): 39
[t=873.027s, 154020 KB] g=125, 1884292 evaluated, 310882 expanded, 26336 reopened
Peak memory: 157144 KB
caught signal 24 -- exiting
Time limit has been reached.
Remove intermediate file output.sas
search exit code: 23

Driver aborting after search
INFO     Planner time: 895.11s
