INFO     planner time limit: 900s
INFO     planner memory limit: 3584 MB

INFO     Running translator.
INFO     translator stdin: None
INFO     translator time limit: 899s
INFO     translator memory limit: 3584 MB
INFO     translator command line string: /usr/local/downward-projects/downward/experiments/.venv/bin/python3 /usr/local/downward-projects/downward/experiments/src/thesis/data/thesis-thesis_exp/code-beb2e19b3d35a0ced2c328754445ca6967892fa8_e5e41175/builds/release/bin/translate/translate.py domain.pddl problem.pddl --sas-file output.sas
Parsing...
Parsing: [0.010s CPU, 0.007s wall-clock]
Normalizing task... [0.000s CPU, 0.000s wall-clock]
Instantiating...
Generating Datalog program... [0.000s CPU, 0.002s wall-clock]
Normalizing Datalog program...
Normalizing Datalog program: [0.000s CPU, 0.001s wall-clock]
Preparing model... [0.010s CPU, 0.003s wall-clock]
Generated 26 rules.
Computing model... [0.170s CPU, 0.169s wall-clock]
14930 relevant atoms
12894 auxiliary atoms
27824 final queue length
52298 total queue pushes
Completing instantiation... [0.490s CPU, 0.490s wall-clock]
Instantiating: [0.670s CPU, 0.674s wall-clock]
Computing fact groups...
Finding invariants...
9 initial candidates
Finding invariants: [0.010s CPU, 0.007s wall-clock]
Checking invariant weight... [0.000s CPU, 0.000s wall-clock]
Instantiating groups... [0.000s CPU, 0.002s wall-clock]
Collecting mutex groups... [0.000s CPU, 0.001s wall-clock]
Choosing groups...
0 uncovered facts
Choosing groups: [0.000s CPU, 0.001s wall-clock]
Building translation key... [0.010s CPU, 0.001s wall-clock]
Computing fact groups: [0.020s CPU, 0.017s wall-clock]
Building STRIPS to SAS dictionary... [0.000s CPU, 0.000s wall-clock]
Building dictionary for full mutex groups... [0.000s CPU, 0.000s wall-clock]
Building mutex information...
Building mutex information: [0.000s CPU, 0.000s wall-clock]
Translating task...
Processing axioms...
Simplifying axioms... [0.000s CPU, 0.000s wall-clock]
Translator axioms removed by simplifying: 0
Computing negative axioms... [0.000s CPU, 0.000s wall-clock]
Processing axioms: [0.010s CPU, 0.018s wall-clock]
Translating task: [0.450s CPU, 0.461s wall-clock]
0 effect conditions simplified
0 implied preconditions added
Detecting unreachable propositions...
0 operators removed
0 axioms removed
12 propositions removed
Detecting unreachable propositions: [0.300s CPU, 0.301s wall-clock]
Reordering and filtering variables...
12 of 12 variables necessary.
0 of 12 mutex groups necessary.
13160 of 13160 operators necessary.
0 of 0 axiom rules necessary.
Reordering and filtering variables: [0.050s CPU, 0.046s wall-clock]
Translator variables: 12
Translator derived variables: 0
Translator facts: 986
Translator goal facts: 8
Translator mutex groups: 0
Translator total mutex groups size: 0
Translator operators: 13160
Translator axioms: 0
Translator task size: 77350
Translator peak memory: 84244 KB
Writing output... [0.060s CPU, 0.060s wall-clock]
Done! [1.580s CPU, 1.591s wall-clock]
translate exit code: 0

INFO     Running search (release).
INFO     search stdin: output.sas
INFO     search time limit: 898s
INFO     search memory limit: 3584 MB
INFO     search command line string: /usr/local/downward-projects/downward/experiments/src/thesis/data/thesis-thesis_exp/code-beb2e19b3d35a0ced2c328754445ca6967892fa8_e5e41175/builds/release/bin/downward --evaluator 'h=ff()' --search 'eager(alt([bts_type(h), single(h)]))' --internal-plan-file sas_plan < output.sas
[t=0.00210266s, 11252 KB] reading input...
[t=0.0461765s, 15516 KB] done reading input!
[t=0.051388s, 17360 KB] Simplifying 25448 unary operators... done! [25448 unary operators]
[t=0.0744264s, 19424 KB] time to simplify: 0.0230384s
[t=0.0754387s, 19424 KB] Initializing additive heuristic...
[t=0.0756685s, 19424 KB] Initializing FF heuristic...
[t=0.0756966s, 19424 KB] Building successor generator...done!
[t=0.0807216s, 19820 KB] peak memory difference for successor generator creation: 396 KB
[t=0.0808099s, 19820 KB] time for successor generation creation: 0.0048509s
[t=0.0808349s, 19820 KB] Variables: 12
[t=0.0808658s, 19820 KB] FactPairs: 986
[t=0.0808886s, 19820 KB] Bytes per state: 12
[t=0.0809108s, 19820 KB] Conducting best first search without reopening closed nodes, (real) bound = 2147483647
[t=0.0815951s, 19820 KB] New best heuristic value for ff(): 1347
[t=0.0816809s, 19820 KB] g=0, 1 evaluated, 0 expanded
[t=0.0817092s, 19820 KB] Initial heuristic value for ff(): 1347
[t=0.0817418s, 19820 KB] pruning method: none
[t=0.0817652s, 19820 KB] Start Timestep: 1685735022786 millisecond(s).
[t=0.0818149s, 19820 KB] New best heuristic value for ff(): 1314
[t=0.0823171s, 19820 KB] g=20, 2 evaluated, 1 expanded
[t=0.0850283s, 19820 KB] New best heuristic value for ff(): 1298
[t=0.0853857s, 19820 KB] g=36, 10 evaluated, 2 expanded
[t=0.0856561s, 19820 KB] New best heuristic value for ff(): 1293
[t=0.0859119s, 19820 KB] g=47, 11 evaluated, 2 expanded
[t=0.0866792s, 19820 KB] New best heuristic value for ff(): 1291
[t=0.086803s, 19820 KB] g=38, 13 evaluated, 2 expanded
[t=0.0898098s, 19820 KB] New best heuristic value for ff(): 1275
[t=0.0898712s, 19820 KB] g=54, 21 evaluated, 4 expanded
[t=0.089899s, 19820 KB] New best heuristic value for ff(): 1270
[t=0.0903692s, 19820 KB] g=65, 22 evaluated, 4 expanded
[t=0.0929026s, 19820 KB] New best heuristic value for ff(): 1268
[t=0.0931568s, 19820 KB] g=54, 29 evaluated, 4 expanded
[t=0.0931864s, 19820 KB] New best heuristic value for ff(): 1263
[t=0.0936418s, 19820 KB] g=65, 30 evaluated, 4 expanded
[t=0.0949452s, 19820 KB] New best heuristic value for ff(): 1247
[t=0.0954228s, 19820 KB] g=81, 34 evaluated, 6 expanded
[t=0.0954515s, 19820 KB] New best heuristic value for ff(): 1242
[t=0.0959026s, 19820 KB] g=92, 35 evaluated, 6 expanded
[t=0.0990828s, 19820 KB] New best heuristic value for ff(): 1221
[t=0.099175s, 19820 KB] g=117, 43 evaluated, 7 expanded
[t=0.100516s, 19820 KB] New best heuristic value for ff(): 1210
[t=0.100914s, 19820 KB] g=135, 47 evaluated, 8 expanded
[t=0.101116s, 19820 KB] New best heuristic value for ff(): 1195
[t=0.101449s, 19820 KB] g=128, 48 evaluated, 8 expanded
[t=0.101477s, 19820 KB] New best heuristic value for ff(): 1192
[t=0.10198s, 19820 KB] g=138, 49 evaluated, 8 expanded
[t=0.117866s, 19820 KB] New best heuristic value for ff(): 1183
[t=0.118048s, 19820 KB] g=84, 87 evaluated, 14 expanded
[t=0.118078s, 19820 KB] New best heuristic value for ff(): 1168
[t=0.118543s, 19820 KB] g=84, 88 evaluated, 14 expanded
[t=0.118809s, 19820 KB] New best heuristic value for ff(): 1130
[t=0.119417s, 19820 KB] g=100, 90 evaluated, 15 expanded
[t=0.132442s, 19820 KB] New best heuristic value for ff(): 1126
[t=0.132727s, 19820 KB] g=139, 122 evaluated, 20 expanded
[t=0.183961s, 19820 KB] New best heuristic value for ff(): 1124
[t=0.18417s, 19820 KB] g=262, 247 evaluated, 52 expanded
[t=0.185999s, 19820 KB] New best heuristic value for ff(): 1107
[t=0.186465s, 19820 KB] g=257, 252 evaluated, 52 expanded
[t=0.188048s, 19820 KB] New best heuristic value for ff(): 1080
[t=0.188276s, 19820 KB] g=284, 256 evaluated, 54 expanded
[t=0.190109s, 19820 KB] New best heuristic value for ff(): 814
[t=0.190983s, 19820 KB] g=281, 262 evaluated, 54 expanded
[t=0.198489s, 19820 KB] New best heuristic value for ff(): 808
[t=0.198999s, 19820 KB] g=316, 280 evaluated, 58 expanded
[t=0.203698s, 19820 KB] New best heuristic value for ff(): 799
[t=0.204071s, 19820 KB] g=330, 291 evaluated, 60 expanded
[t=0.286743s, 19820 KB] New best heuristic value for ff(): 781
[t=0.28751s, 19820 KB] g=482, 477 evaluated, 89 expanded
[t=0.29614s, 19820 KB] New best heuristic value for ff(): 770
[t=0.296794s, 19820 KB] g=493, 497 evaluated, 91 expanded
[t=0.30168s, 19820 KB] New best heuristic value for ff(): 744
[t=0.302308s, 19820 KB] g=519, 509 evaluated, 93 expanded
[t=0.308636s, 19820 KB] New best heuristic value for ff(): 730
[t=0.3088s, 19820 KB] g=533, 523 evaluated, 95 expanded
[t=0.318028s, 19820 KB] New best heuristic value for ff(): 729
[t=0.318212s, 19820 KB] g=534, 543 evaluated, 97 expanded
[t=0.3937s, 19820 KB] New best heuristic value for ff(): 714
[t=0.39423s, 19820 KB] g=598, 709 evaluated, 122 expanded
[t=23.5707s, 27856 KB] New best heuristic value for ff(): 699
[t=23.5712s, 27856 KB] g=1086, 51473 evaluated, 14474 expanded
[t=23.6413s, 27856 KB] New best heuristic value for ff(): 684
[t=23.6419s, 27856 KB] g=1155, 51627 evaluated, 14508 expanded
[t=28.1002s, 29144 KB] New best heuristic value for ff(): 683
[t=28.1004s, 29144 KB] g=1126, 61380 evaluated, 17110 expanded
[t=49.3355s, 36296 KB] New best heuristic value for ff(): 682
[t=49.3364s, 36296 KB] g=1195, 108140 evaluated, 29656 expanded
[t=65.7365s, 40888 KB] New best heuristic value for ff(): 675
[t=65.7369s, 40888 KB] g=1649, 144231 evaluated, 38579 expanded
[t=65.8164s, 40888 KB] New best heuristic value for ff(): 661
[t=65.8168s, 40888 KB] g=1668, 144413 evaluated, 38611 expanded
[t=65.8174s, 40888 KB] New best heuristic value for ff(): 658
[t=65.8181s, 40888 KB] g=1679, 144416 evaluated, 38611 expanded
[t=66.7201s, 41152 KB] New best heuristic value for ff(): 657
[t=66.7207s, 41152 KB] g=1743, 146543 evaluated, 39137 expanded
[t=253.881s, 105588 KB] New best heuristic value for ff(): 637
[t=253.885s, 105588 KB] g=998, 582000 evaluated, 156554 expanded
[t=253.885s, 105588 KB] New best heuristic value for ff(): 628
[t=253.885s, 105588 KB] g=1005, 582001 evaluated, 156554 expanded
[t=253.889s, 105588 KB] New best heuristic value for ff(): 620
[t=253.89s, 105588 KB] g=1026, 582011 evaluated, 156556 expanded
[t=253.953s, 105588 KB] New best heuristic value for ff(): 569
[t=253.956s, 105588 KB] g=1184, 582154 evaluated, 156586 expanded
[t=253.973s, 105588 KB] New best heuristic value for ff(): 568
[t=253.977s, 105588 KB] g=1232, 582200 evaluated, 156594 expanded
[t=253.977s, 105588 KB] New best heuristic value for ff(): 556
[t=253.979s, 105588 KB] g=1220, 582203 evaluated, 156594 expanded
[t=253.985s, 105588 KB] New best heuristic value for ff(): 555
[t=253.988s, 105588 KB] g=1221, 582223 evaluated, 156596 expanded
[t=253.989s, 105588 KB] New best heuristic value for ff(): 553
[t=253.992s, 105588 KB] g=1236, 582232 evaluated, 156598 expanded
[t=254.001s, 105588 KB] New best heuristic value for ff(): 538
[t=254.003s, 105588 KB] g=1256, 582258 evaluated, 156601 expanded
[t=254.005s, 105588 KB] New best heuristic value for ff(): 537
[t=254.008s, 105588 KB] g=1257, 582268 evaluated, 156602 expanded
[t=265.118s, 108116 KB] New best heuristic value for ff(): 529
[t=265.121s, 108116 KB] g=1783, 607391 evaluated, 162927 expanded
[t=265.13s, 108116 KB] New best heuristic value for ff(): 515
[t=265.134s, 108116 KB] g=1802, 607418 evaluated, 162935 expanded
[t=265.134s, 108116 KB] New best heuristic value for ff(): 512
[t=265.135s, 108116 KB] g=1813, 607421 evaluated, 162935 expanded
[t=265.142s, 108116 KB] New best heuristic value for ff(): 502
[t=265.143s, 108116 KB] g=1855, 607438 evaluated, 162939 expanded
[t=435.92s, 176876 KB] New best heuristic value for ff(): 478
[t=435.923s, 176876 KB] g=2368, 1011499 evaluated, 282959 expanded
Peak memory: 340980 KB
caught signal 24 -- exiting
Time limit has been reached.
Remove intermediate file output.sas
search exit code: 23

Driver aborting after search
INFO     Planner time: 898.54s
