INFO     planner time limit: 900s
INFO     planner memory limit: 3584 MB

INFO     Running translator.
INFO     translator stdin: None
INFO     translator time limit: 899s
INFO     translator memory limit: 3584 MB
INFO     translator command line string: /usr/local/downward-projects/downward/experiments/assign3/.venv/bin/python3 /usr/local/downward-projects/downward/experiments/assign3/data/assign3-anytime_exp/code-fe4f0f1bb525c059c1938ac01bab1b7bae200873_e5e41175/builds/release/bin/translate/translate.py domain.pddl problem.pddl --sas-file output.sas
Parsing...
Parsing: [0.010s CPU, 0.004s wall-clock]
Normalizing task... [0.000s CPU, 0.000s wall-clock]
Instantiating...
Generating Datalog program... [0.000s CPU, 0.001s wall-clock]
Normalizing Datalog program...
Normalizing Datalog program: [0.000s CPU, 0.003s wall-clock]
Preparing model... [0.000s CPU, 0.003s wall-clock]
Generated 211 rules.
Computing model... [0.010s CPU, 0.009s wall-clock]
703 relevant atoms
964 auxiliary atoms
1667 final queue length
2332 total queue pushes
Completing instantiation... [0.010s CPU, 0.008s wall-clock]
Instantiating: [0.020s CPU, 0.025s wall-clock]
Computing fact groups...
Finding invariants...
20 initial candidates
Finding invariants: [0.000s CPU, 0.003s wall-clock]
Checking invariant weight... [0.000s CPU, 0.000s wall-clock]
Instantiating groups... [0.010s CPU, 0.000s wall-clock]
Collecting mutex groups... [0.000s CPU, 0.000s wall-clock]
Choosing groups...
156 uncovered facts
Choosing groups: [0.000s CPU, 0.000s wall-clock]
Building translation key... [0.000s CPU, 0.000s wall-clock]
Computing fact groups: [0.010s CPU, 0.006s wall-clock]
Building STRIPS to SAS dictionary... [0.000s CPU, 0.000s wall-clock]
Building dictionary for full mutex groups... [0.000s CPU, 0.000s wall-clock]
Building mutex information...
Building mutex information: [0.000s CPU, 0.000s wall-clock]
Translating task...
Processing axioms...
Simplifying axioms... [0.000s CPU, 0.000s wall-clock]
Translator axioms removed by simplifying: 0
Computing negative axioms... [0.000s CPU, 0.000s wall-clock]
Processing axioms: [0.000s CPU, 0.001s wall-clock]
Translating task: [0.010s CPU, 0.010s wall-clock]
211 effect conditions simplified
0 implied preconditions added
Detecting unreachable propositions...
0 operators removed
0 axioms removed
9 propositions removed
Detecting unreachable propositions: [0.000s CPU, 0.005s wall-clock]
Reordering and filtering variables...
71 of 162 variables necessary.
0 of 7 mutex groups necessary.
316 of 316 operators necessary.
0 of 0 axiom rules necessary.
Reordering and filtering variables: [0.000s CPU, 0.003s wall-clock]
Translator variables: 71
Translator derived variables: 0
Translator facts: 212
Translator goal facts: 42
Translator mutex groups: 0
Translator total mutex groups size: 0
Translator operators: 316
Translator axioms: 0
Translator task size: 2263
Translator peak memory: 33884 KB
Writing output... [0.010s CPU, 0.002s wall-clock]
Done! [0.060s CPU, 0.055s wall-clock]
translate exit code: 0

INFO     Running search (release).
INFO     search stdin: output.sas
INFO     search time limit: 899s
INFO     search memory limit: 3584 MB
INFO     search command line string: /usr/local/downward-projects/downward/experiments/assign3/data/assign3-anytime_exp/code-fe4f0f1bb525c059c1938ac01bab1b7bae200873_e5e41175/builds/release/bin/downward --evaluator 'h=lmcut()' --search 'eager_anytime(alt(
        [single(weight(h, 2, verbosity=normal)), type_based([h, g()], random_seed=1234)]), 
        reopen_closed=true, f_eval=sum([h, g()]))' --internal-plan-file sas_plan < output.sas
[t=0s, 10884 KB] reading input...
[t=0.00237617s, 11008 KB] done reading input!
[t=0.00396098s, 11272 KB] Initializing landmark cut heuristic...
[t=0.00573648s, 11272 KB] Building successor generator...done!
[t=0.0059435s, 11272 KB] peak memory difference for successor generator creation: 0 KB
[t=0.0059889s, 11272 KB] time for successor generation creation: 0s
[t=0.00601385s, 11272 KB] Variables: 71
[t=0.00604021s, 11272 KB] FactPairs: 212
[t=0.006064s, 11272 KB] Bytes per state: 12
[t=0.00608763s, 11272 KB] Conducting best first anytime search with reopening closed nodes, (real) bound = 2147483647
[t=0.00614068s, 11272 KB] New best heuristic value for lmcut(): 1270874
[t=0.00645211s, 11272 KB] g=0, 1 evaluated, 0 expanded
[t=0.00647791s, 11404 KB] Initial heuristic value for lmcut(): 1270874
[t=0.00651823s, 11404 KB] Start Timestep: 1682537535010 millisecond(s).
[t=0.00656012s, 11404 KB] New best heuristic value for lmcut(): 1270749
[t=0.00711921s, 11404 KB] g=224, 3 evaluated, 2 expanded
[t=0.00778854s, 11404 KB] New best heuristic value for lmcut(): 1269250
[t=0.0092397s, 11404 KB] g=1624, 11 evaluated, 3 expanded
[t=0.00926485s, 11404 KB] New best heuristic value for lmcut(): 1261250
[t=0.011077s, 11404 KB] g=9624, 18 evaluated, 4 expanded
[t=0.0117413s, 11404 KB] New best heuristic value for lmcut(): 1133460
[t=0.0131401s, 11404 KB] g=137414, 26 evaluated, 5 expanded
[t=0.0131659s, 11404 KB] New best heuristic value for lmcut(): 1130461
[t=0.0148936s, 11404 KB] g=140413, 33 evaluated, 6 expanded
[t=0.0157063s, 11404 KB] New best heuristic value for lmcut(): 1128962
[t=0.0171063s, 11404 KB] g=141912, 42 evaluated, 7 expanded
[t=0.01965s, 11404 KB] New best heuristic value for lmcut(): 1128837
[t=0.0209508s, 11404 KB] g=142136, 58 evaluated, 9 expanded
[t=0.0236255s, 11404 KB] New best heuristic value for lmcut(): 1127338
[t=0.0245406s, 11404 KB] g=143536, 73 evaluated, 11 expanded
[t=0.0245671s, 11404 KB] New best heuristic value for lmcut(): 1119338
[t=0.0273862s, 11404 KB] g=151536, 85 evaluated, 13 expanded
[t=0.0275798s, 11404 KB] New best heuristic value for lmcut(): 991548
[t=0.0303261s, 11404 KB] g=279326, 99 evaluated, 15 expanded
[t=0.0315563s, 11404 KB] New best heuristic value for lmcut(): 988549
[t=0.0316032s, 11404 KB] g=282325, 105 evaluated, 16 expanded
[t=0.0316287s, 11404 KB] New best heuristic value for lmcut(): 987050
[t=0.0331944s, 11404 KB] g=283824, 113 evaluated, 17 expanded
[t=0.0355126s, 11404 KB] New best heuristic value for lmcut(): 985551
[t=0.0359126s, 11404 KB] g=285323, 127 evaluated, 19 expanded
[t=0.0359381s, 11404 KB] New best heuristic value for lmcut(): 985426
[t=0.0384929s, 11404 KB] g=285547, 139 evaluated, 21 expanded
[t=0.0394666s, 11404 KB] New best heuristic value for lmcut(): 983927
[t=0.0395508s, 11404 KB] g=286947, 145 evaluated, 22 expanded
[t=0.0395759s, 11404 KB] New best heuristic value for lmcut(): 975927
[t=0.0417201s, 11404 KB] g=294947, 156 evaluated, 24 expanded
[t=0.0434168s, 11404 KB] New best heuristic value for lmcut(): 848137
[t=0.0442577s, 11404 KB] g=422737, 170 evaluated, 26 expanded
[t=0.0442837s, 11404 KB] New best heuristic value for lmcut(): 845138
[t=0.0464623s, 11404 KB] g=425736, 182 evaluated, 28 expanded
[t=0.047371s, 11404 KB] New best heuristic value for lmcut(): 843639
[t=0.0488847s, 11404 KB] g=427235, 196 evaluated, 30 expanded
[t=0.0489122s, 11404 KB] New best heuristic value for lmcut(): 842140
[t=0.0505985s, 11404 KB] g=428734, 206 evaluated, 32 expanded
[t=0.051317s, 11404 KB] New best heuristic value for lmcut(): 842015
[t=0.0530917s, 11404 KB] g=428958, 218 evaluated, 34 expanded
[t=0.0531179s, 11404 KB] New best heuristic value for lmcut(): 840516
[t=0.0544309s, 11404 KB] g=430358, 227 evaluated, 36 expanded
[t=0.0544568s, 11404 KB] New best heuristic value for lmcut(): 830517
[t=0.0551014s, 11404 KB] g=440357, 232 evaluated, 37 expanded
[t=0.0552519s, 11404 KB] New best heuristic value for lmcut(): 617727
[t=0.0557291s, 11404 KB] g=653147, 237 evaluated, 38 expanded
[t=0.055755s, 11404 KB] New best heuristic value for lmcut(): 612728
[t=0.0578446s, 11404 KB] g=658146, 249 evaluated, 40 expanded
[t=0.059188s, 11404 KB] New best heuristic value for lmcut(): 611229
[t=0.0598379s, 11404 KB] g=659645, 261 evaluated, 42 expanded
[t=0.0598633s, 11404 KB] New best heuristic value for lmcut(): 609730
[t=0.0603997s, 11404 KB] g=661144, 266 evaluated, 43 expanded
[t=0.0604242s, 11404 KB] New best heuristic value for lmcut(): 609605
[t=0.0626966s, 11404 KB] g=661368, 279 evaluated, 45 expanded
[t=0.0637753s, 11404 KB] New best heuristic value for lmcut(): 608106
[t=0.0640403s, 11404 KB] g=662768, 287 evaluated, 47 expanded
[t=0.0640687s, 11404 KB] New best heuristic value for lmcut(): 598107
[t=0.065416s, 11404 KB] g=672767, 297 evaluated, 49 expanded
[t=0.0654422s, 11404 KB] New best heuristic value for lmcut(): 385317
[t=0.0657949s, 11404 KB] g=885557, 301 evaluated, 50 expanded
[t=0.0669879s, 11404 KB] New best heuristic value for lmcut(): 380318
[t=0.0670509s, 11404 KB] g=890556, 309 evaluated, 52 expanded
[t=0.0670766s, 11404 KB] New best heuristic value for lmcut(): 378819
[t=0.0674679s, 11404 KB] g=892055, 314 evaluated, 53 expanded
[t=0.0674922s, 11404 KB] New best heuristic value for lmcut(): 377320
[t=0.0690064s, 11404 KB] g=893554, 324 evaluated, 55 expanded
[t=0.0709223s, 11404 KB] New best heuristic value for lmcut(): 377195
[t=0.0710769s, 11404 KB] g=893778, 336 evaluated, 57 expanded
[t=0.0711044s, 11404 KB] New best heuristic value for lmcut(): 375696
[t=0.0712963s, 11404 KB] g=895178, 339 evaluated, 58 expanded
[t=0.0713211s, 11404 KB] New best heuristic value for lmcut(): 367696
[t=0.07365s, 11404 KB] g=903178, 350 evaluated, 60 expanded
[t=0.073676s, 11404 KB] New best heuristic value for lmcut(): 239906
[t=0.0742055s, 11404 KB] g=1030968, 357 evaluated, 62 expanded
[t=0.0756975s, 11404 KB] New best heuristic value for lmcut(): 236907
[t=0.0763524s, 11404 KB] g=1033967, 368 evaluated, 64 expanded
[t=0.0763791s, 11404 KB] New best heuristic value for lmcut(): 235408
[t=0.076591s, 11404 KB] g=1035466, 372 evaluated, 65 expanded
[t=0.0766164s, 11404 KB] New best heuristic value for lmcut(): 233909
[t=0.0782363s, 11404 KB] g=1036965, 382 evaluated, 67 expanded
[t=0.0787329s, 11404 KB] New best heuristic value for lmcut(): 232410
[t=0.0789919s, 11404 KB] g=1038464, 389 evaluated, 69 expanded
[t=0.0790171s, 11404 KB] New best heuristic value for lmcut(): 232285
[t=0.0791022s, 11404 KB] g=1038688, 391 evaluated, 70 expanded
[t=0.079126s, 11404 KB] New best heuristic value for lmcut(): 230786
[t=0.0811026s, 11404 KB] g=1040088, 400 evaluated, 72 expanded
[t=0.0811276s, 11404 KB] New best heuristic value for lmcut(): 220787
[t=0.08215s, 11404 KB] g=1050087, 407 evaluated, 74 expanded
[t=0.0821753s, 11404 KB] New best heuristic value for lmcut(): 7997
[t=0.0822501s, 11404 KB] g=1262877, 409 evaluated, 75 expanded
[t=0.0822748s, 11404 KB] New best heuristic value for lmcut(): 2998
[t=0.0826524s, 11404 KB] g=1267876, 414 evaluated, 77 expanded
[t=0.0826782s, 11404 KB] New best heuristic value for lmcut(): 1499
[t=0.0831306s, 11404 KB] g=1269375, 421 evaluated, 79 expanded
[t=0.0831561s, 11404 KB] New best heuristic value for lmcut(): 0
[t=0.0832102s, 11404 KB] g=1270874, 423 evaluated, 80 expanded
[t=0.0832371s, 11404 KB] Solution found!
initialize  (0)
fe1-feedmsi-letter sheet6 (125)
hw1-leftentrytotopleftexit-letter sheet6 (1499)
uc1-inverttoime-letter sheet6 back front (8000)
uime-simplex-letter sheet6 front image-6 (127790)
uc1-fromime-letter sheet6 (2999)
hw1-toprightentrytorightexit-letter sheet6 (1499)
fe1-feedmsi-letter sheet1 (125)
hw1-leftentrytotopleftexit-letter sheet1 (1499)
uc1-inverttoime-letter sheet1 back front (8000)
uime-simplex-letter sheet1 front image-1 (127790)
uc1-fromime-letter sheet1 (2999)
hw1-toprightentrytorightexit-letter sheet1 (1499)
sys-stack-letter sheet1 dummy-sheet (1499)
fe1-feedmsi-letter sheet2 (125)
hw1-leftentrytotopleftexit-letter sheet2 (1499)
uc1-inverttoime-letter sheet2 back front (8000)
uime-simplex-letter sheet2 front image-2 (127790)
uc1-fromime-letter sheet2 (2999)
hw1-toprightentrytorightexit-letter sheet2 (1499)
sys-stack-letter sheet2 sheet1 (1499)
fe1-feedmsi-letter sheet3 (125)
hw1-leftentrytobottomleftexit-letter sheet3 (1499)
lc1-inverttoime-letter sheet3 back front (9999)
lime-simplex-letter sheet3 front image-3 (212790)
lc1-fromime-letter sheet3 (4999)
hw1-bottomrightentrytorightexit-letter sheet3 (1499)
sys-stack-letter sheet3 sheet2 (1499)
fe1-feedmsi-letter sheet4 (125)
hw1-leftentrytobottomleftexit-letter sheet4 (1499)
lc1-inverttoime-letter sheet4 back front (9999)
lime-simplex-letter sheet4 front image-4 (212790)
lc1-fromime-letter sheet4 (4999)
hw1-bottomrightentrytorightexit-letter sheet4 (1499)
sys-stack-letter sheet4 sheet3 (1499)
fe1-feedmsi-letter sheet5 (125)
hw1-leftentrytotopleftexit-letter sheet5 (1499)
uc1-inverttoime-letter sheet5 back front (8000)
uime-simplex-letter sheet5 front image-5 (127790)
uc1-fromime-letter sheet5 (2999)
hw1-toprightentrytorightexit-letter sheet5 (1499)
sys-stack-letter sheet5 sheet4 (1499)
sys-stack-letter sheet6 sheet5 (1499)
fe1-feedmsi-letter sheet7 (125)
hw1-leftentrytobottomleftexit-letter sheet7 (1499)
lc1-inverttoime-letter sheet7 back front (9999)
lime-simplex-letter sheet7 front image-7 (212790)
lc1-fromime-letter sheet7 (4999)
hw1-bottomrightentrytorightexit-letter sheet7 (1499)
sys-stack-letter sheet7 sheet6 (1499)
[t=0.0836383s, 11404 KB] Plan length: 50 step(s).
[t=0.0836742s, 11404 KB] Plan cost: 1270874
[t=0.0836976s, 11404 KB] Solution: Incumbent solution found!
[t=0.0837211s, 11404 KB] Solution Timestep: 1682537535089 millisecond(s).
[t=0.0837448s, 11404 KB] Timestamp: 1682537535089 millisecond(s).
[t=0.0837684s, 11404 KB] Expanded 82 state(s).
[t=0.0837907s, 11404 KB] Reopened 0 state(s).
[t=0.0838129s, 11404 KB] Evaluated 423 state(s).
[t=0.0838345s, 11404 KB] Evaluations: 444
[t=0.0838569s, 11404 KB] Generated 783 state(s).
[t=0.0838811s, 11404 KB] Dead ends: 0 state(s).
[t=0.0839051s, 11404 KB] Number of registered states: 444
[t=0.083928s, 11404 KB] Int hash set load factor: 444/512 = 0.867188
[t=0.0839516s, 11404 KB] Int hash set resizes: 9
[t=0.337189s, 11404 KB] Optimal Solution: found
[t=0.34095s, 11404 KB] Actual search time: 0.33439s
initialize  (0)
fe1-feedmsi-letter sheet6 (125)
hw1-leftentrytotopleftexit-letter sheet6 (1499)
uc1-inverttoime-letter sheet6 back front (8000)
uime-simplex-letter sheet6 front image-6 (127790)
uc1-fromime-letter sheet6 (2999)
hw1-toprightentrytorightexit-letter sheet6 (1499)
fe1-feedmsi-letter sheet1 (125)
hw1-leftentrytotopleftexit-letter sheet1 (1499)
uc1-inverttoime-letter sheet1 back front (8000)
uime-simplex-letter sheet1 front image-1 (127790)
uc1-fromime-letter sheet1 (2999)
hw1-toprightentrytorightexit-letter sheet1 (1499)
sys-stack-letter sheet1 dummy-sheet (1499)
fe1-feedmsi-letter sheet2 (125)
hw1-leftentrytotopleftexit-letter sheet2 (1499)
uc1-inverttoime-letter sheet2 back front (8000)
uime-simplex-letter sheet2 front image-2 (127790)
uc1-fromime-letter sheet2 (2999)
hw1-toprightentrytorightexit-letter sheet2 (1499)
sys-stack-letter sheet2 sheet1 (1499)
fe1-feedmsi-letter sheet3 (125)
hw1-leftentrytobottomleftexit-letter sheet3 (1499)
lc1-inverttoime-letter sheet3 back front (9999)
lime-simplex-letter sheet3 front image-3 (212790)
lc1-fromime-letter sheet3 (4999)
hw1-bottomrightentrytorightexit-letter sheet3 (1499)
sys-stack-letter sheet3 sheet2 (1499)
fe1-feedmsi-letter sheet4 (125)
hw1-leftentrytobottomleftexit-letter sheet4 (1499)
lc1-inverttoime-letter sheet4 back front (9999)
lime-simplex-letter sheet4 front image-4 (212790)
lc1-fromime-letter sheet4 (4999)
hw1-bottomrightentrytorightexit-letter sheet4 (1499)
sys-stack-letter sheet4 sheet3 (1499)
fe1-feedmsi-letter sheet5 (125)
hw1-leftentrytotopleftexit-letter sheet5 (1499)
uc1-inverttoime-letter sheet5 back front (8000)
uime-simplex-letter sheet5 front image-5 (127790)
uc1-fromime-letter sheet5 (2999)
hw1-toprightentrytorightexit-letter sheet5 (1499)
sys-stack-letter sheet5 sheet4 (1499)
sys-stack-letter sheet6 sheet5 (1499)
fe1-feedmsi-letter sheet7 (125)
hw1-leftentrytobottomleftexit-letter sheet7 (1499)
lc1-inverttoime-letter sheet7 back front (9999)
lime-simplex-letter sheet7 front image-7 (212790)
lc1-fromime-letter sheet7 (4999)
hw1-bottomrightentrytorightexit-letter sheet7 (1499)
sys-stack-letter sheet7 sheet6 (1499)
[t=0.340983s, 11404 KB] Plan length: 50 step(s).
[t=0.340983s, 11404 KB] Plan cost: 1270874
[t=0.340983s, 11404 KB] Timestamp: 1682537535348 millisecond(s).
[t=0.340983s, 11404 KB] Expanded 423 state(s).
[t=0.340983s, 11404 KB] Reopened 0 state(s).
[t=0.340983s, 11404 KB] Evaluated 423 state(s).
[t=0.340983s, 11404 KB] Evaluations: 1909
[t=0.340983s, 11404 KB] Generated 4775 state(s).
[t=0.340983s, 11404 KB] Dead ends: 0 state(s).
[t=0.340983s, 11404 KB] Number of registered states: 1909
[t=0.340983s, 11404 KB] Int hash set load factor: 1909/2048 = 0.932129
[t=0.340983s, 11404 KB] Int hash set resizes: 11
[t=0.340983s, 11404 KB] Search time: 0.334896s
[t=0.340983s, 11404 KB] Total time: 0.340983s
Solution found.
Peak memory: 11404 KB
Remove intermediate file output.sas
search exit code: 0

INFO     Running validate.
INFO     validate stdin: None
INFO     validate time limit: None
INFO     validate memory limit: None
INFO     validate command line string: validate domain.pddl problem.pddl sas_plan sas_plan.1
Checking plan: sas_plan
Plan executed successfully - checking goal
Plan valid
Final value: 1270874 
Checking plan: sas_plan.1
Plan executed successfully - checking goal
Plan valid
Final value: 1270874 

Successful plans:
Value: 1270874
 sas_plan 1270874 
sas_plan.1 1270874 

validate exit code: 0

INFO     Planner time: 0.49s
