INFO     planner time limit: 600s
INFO     planner memory limit: 3584 MB

INFO     Running translator.
INFO     translator stdin: None
INFO     translator time limit: 599s
INFO     translator memory limit: 3584 MB
INFO     translator command line string: /usr/local/downward-projects/downward/experiments/src/thesis/.venv/bin/python3 /usr/local/downward-projects/downward/experiments/src/thesis/data/thesis-thesis_exp/code-84c08dfff1890fbf6247184940c8166177195ea1_e5e41175/builds/release/bin/translate/translate.py domain.pddl problem.pddl --sas-file output.sas
Parsing...
Parsing: [0.010s CPU, 0.006s wall-clock]
Normalizing task... [0.000s CPU, 0.000s wall-clock]
Instantiating...
Generating Datalog program... [0.000s CPU, 0.002s wall-clock]
Normalizing Datalog program...
Normalizing Datalog program: [0.020s CPU, 0.017s wall-clock]
Preparing model... [0.010s CPU, 0.006s wall-clock]
Generated 400 rules.
Computing model... [0.990s CPU, 1.007s wall-clock]
63291 relevant atoms
47672 auxiliary atoms
110963 final queue length
328224 total queue pushes
Completing instantiation... [4.880s CPU, 4.916s wall-clock]
Instantiating: [5.940s CPU, 5.990s wall-clock]
Computing fact groups...
Finding invariants...
41 initial candidates
Finding invariants: [0.080s CPU, 0.083s wall-clock]
Checking invariant weight... [0.000s CPU, 0.000s wall-clock]
Instantiating groups... [0.000s CPU, 0.000s wall-clock]
Collecting mutex groups... [0.000s CPU, 0.000s wall-clock]
Choosing groups...
547 uncovered facts
Choosing groups: [0.000s CPU, 0.000s wall-clock]
Building translation key... [0.000s CPU, 0.001s wall-clock]
Computing fact groups: [0.090s CPU, 0.088s wall-clock]
Building STRIPS to SAS dictionary... [0.000s CPU, 0.000s wall-clock]
Building dictionary for full mutex groups... [0.000s CPU, 0.000s wall-clock]
Building mutex information...
Building mutex information: [0.000s CPU, 0.000s wall-clock]
Translating task...
Processing axioms...
Simplifying axioms... [0.000s CPU, 0.000s wall-clock]
Translator axioms removed by simplifying: 0
Computing negative axioms... [0.000s CPU, 0.000s wall-clock]
Processing axioms: [0.170s CPU, 0.171s wall-clock]
Translating task: [4.970s CPU, 5.007s wall-clock]
182223 effect conditions simplified
0 implied preconditions added
Detecting unreachable propositions...
0 operators removed
0 axioms removed
2 propositions removed
Detecting unreachable propositions: [2.720s CPU, 2.753s wall-clock]
Reordering and filtering variables...
549 of 549 variables necessary.
1 of 3 mutex groups necessary.
62529 of 62529 operators necessary.
0 of 0 axiom rules necessary.
Reordering and filtering variables: [1.220s CPU, 1.227s wall-clock]
Translator variables: 549
Translator derived variables: 0
Translator facts: 1101
Translator goal facts: 4
Translator mutex groups: 1
Translator total mutex groups size: 2
Translator operators: 62529
Translator axioms: 0
Translator task size: 777730
Translator peak memory: 451452 KB
Writing output... [0.580s CPU, 0.587s wall-clock]
Done! [15.710s CPU, 15.844s wall-clock]
translate exit code: 0

INFO     Running search (release).
INFO     search stdin: output.sas
INFO     search time limit: 584s
INFO     search memory limit: 3584 MB
INFO     search command line string: /usr/local/downward-projects/downward/experiments/src/thesis/data/thesis-thesis_exp/code-84c08dfff1890fbf6247184940c8166177195ea1_e5e41175/builds/release/bin/downward --evaluator 'h=ff()' --search 'eager(partition(h, h_partition(), inter_uniform(), intra_uniform() )) ' --internal-plan-file sas_plan < output.sas
[t=0.00154094s, 11732 KB] reading input...
[t=0.35351s, 40828 KB] done reading input!
[t=0.411353s, 71400 KB] Simplifying 398908 unary operators... done! [397852 unary operators]
[t=4.34421s, 105296 KB] time to simplify: 3.93286s
[t=4.36309s, 105296 KB] Initializing additive heuristic...
[t=4.36375s, 105296 KB] Initializing FF heuristic...
[t=4.36378s, 105296 KB] Building successor generator...done!
[t=4.40143s, 105296 KB] peak memory difference for successor generator creation: 0 KB
[t=4.40156s, 105296 KB] time for successor generation creation: 0.0370143s
[t=4.40289s, 105296 KB] Variables: 549
[t=4.40306s, 105296 KB] FactPairs: 1101
[t=4.40308s, 105296 KB] Bytes per state: 72
[t=4.40311s, 105296 KB] Conducting best first search without reopening closed nodes, (real) bound = 2147483647
[t=4.41755s, 105296 KB] New best heuristic value for ff(): 35
[t=4.4187s, 105296 KB] g=0, 1 evaluated, 0 expanded
[t=4.41873s, 105296 KB] Initial heuristic value for ff(): 35
[t=4.41876s, 105296 KB] pruning method: none
[t=4.41878s, 105296 KB] Start Timestep: 1693632204988 millisecond(s).
[t=4.43006s, 105296 KB] New best heuristic value for ff(): 34
[t=4.43066s, 105296 KB] g=1, 2 evaluated, 1 expanded
[t=4.48372s, 105296 KB] New best heuristic value for ff(): 33
[t=4.48464s, 105296 KB] g=2, 8 evaluated, 2 expanded
[t=4.5025s, 105296 KB] New best heuristic value for ff(): 28
[t=4.5032s, 105296 KB] g=2, 10 evaluated, 3 expanded
[t=4.62344s, 105296 KB] New best heuristic value for ff(): 26
[t=4.62442s, 105296 KB] g=6, 23 evaluated, 12 expanded
[t=4.69496s, 105296 KB] New best heuristic value for ff(): 25
[t=4.69548s, 105296 KB] g=3, 31 evaluated, 16 expanded
[t=4.77278s, 105296 KB] New best heuristic value for ff(): 24
[t=4.77337s, 105296 KB] g=4, 40 evaluated, 20 expanded
[t=4.83057s, 105296 KB] New best heuristic value for ff(): 23
[t=4.83081s, 105296 KB] g=5, 47 evaluated, 23 expanded
[t=5.17995s, 105296 KB] New best heuristic value for ff(): 22
[t=5.1801s, 105296 KB] g=8, 88 evaluated, 45 expanded
[t=5.32258s, 105296 KB] New best heuristic value for ff(): 21
[t=5.32277s, 105296 KB] g=6, 106 evaluated, 52 expanded
[t=5.62184s, 105296 KB] New best heuristic value for ff(): 20
[t=5.62254s, 105296 KB] g=7, 145 evaluated, 68 expanded
[t=10.666s, 105296 KB] New best heuristic value for ff(): 19
[t=10.6671s, 105296 KB] g=17, 801 evaluated, 358 expanded
[t=20.3195s, 105296 KB] New best heuristic value for ff(): 18
[t=20.32s, 105296 KB] g=18, 1981 evaluated, 935 expanded
[t=33.7064s, 105296 KB] New best heuristic value for ff(): 17
[t=33.7067s, 105296 KB] g=20, 3491 evaluated, 1645 expanded
[t=73.9228s, 105296 KB] New best heuristic value for ff(): 16
[t=73.9233s, 105296 KB] g=23, 7247 evaluated, 3523 expanded
Peak memory: 105532 KB
caught signal 24 -- exiting
Time limit has been reached.
Remove intermediate file output.sas
search exit code: 23

Driver aborting after search
INFO     Planner time: 597.56s
