INFO     planner time limit: 300s
INFO     planner memory limit: 3584 MB

INFO     Running translator.
INFO     translator stdin: None
INFO     translator time limit: 299s
INFO     translator memory limit: 3584 MB
INFO     translator command line string: /usr/local/downward-projects/downward/experiments/.venv/bin/python3 /usr/local/downward-projects/downward/experiments/src/thesis/data/thesis-thesis_exp/code-d93485cdd92f65ede2ae3573b3f4adda0b49e4fd_e5e41175/builds/release/bin/translate/translate.py domain.pddl problem.pddl --sas-file output.sas
Parsing...
Parsing: [0.010s CPU, 0.006s wall-clock]
Normalizing task... [0.000s CPU, 0.000s wall-clock]
Instantiating...
Generating Datalog program... [0.000s CPU, 0.001s wall-clock]
Normalizing Datalog program...
Normalizing Datalog program: [0.010s CPU, 0.017s wall-clock]
Preparing model... [0.010s CPU, 0.006s wall-clock]
Generated 400 rules.
Computing model... [0.940s CPU, 0.940s wall-clock]
63291 relevant atoms
47672 auxiliary atoms
110963 final queue length
328224 total queue pushes
Completing instantiation... [4.620s CPU, 4.626s wall-clock]
Instantiating: [5.620s CPU, 5.628s wall-clock]
Computing fact groups...
Finding invariants...
41 initial candidates
Finding invariants: [0.090s CPU, 0.082s wall-clock]
Checking invariant weight... [0.000s CPU, 0.000s wall-clock]
Instantiating groups... [0.000s CPU, 0.000s wall-clock]
Collecting mutex groups... [0.000s CPU, 0.000s wall-clock]
Choosing groups...
547 uncovered facts
Choosing groups: [0.000s CPU, 0.000s wall-clock]
Building translation key... [0.000s CPU, 0.001s wall-clock]
Computing fact groups: [0.090s CPU, 0.087s wall-clock]
Building STRIPS to SAS dictionary... [0.000s CPU, 0.000s wall-clock]
Building dictionary for full mutex groups... [0.000s CPU, 0.000s wall-clock]
Building mutex information...
Building mutex information: [0.000s CPU, 0.000s wall-clock]
Translating task...
Processing axioms...
Simplifying axioms... [0.000s CPU, 0.000s wall-clock]
Translator axioms removed by simplifying: 0
Computing negative axioms... [0.000s CPU, 0.000s wall-clock]
Processing axioms: [0.170s CPU, 0.166s wall-clock]
Translating task: [4.830s CPU, 4.841s wall-clock]
182223 effect conditions simplified
0 implied preconditions added
Detecting unreachable propositions...
0 operators removed
0 axioms removed
2 propositions removed
Detecting unreachable propositions: [2.620s CPU, 2.617s wall-clock]
Reordering and filtering variables...
549 of 549 variables necessary.
1 of 3 mutex groups necessary.
62529 of 62529 operators necessary.
0 of 0 axiom rules necessary.
Reordering and filtering variables: [1.170s CPU, 1.171s wall-clock]
Translator variables: 549
Translator derived variables: 0
Translator facts: 1101
Translator goal facts: 4
Translator mutex groups: 1
Translator total mutex groups size: 2
Translator operators: 62529
Translator axioms: 0
Translator task size: 777730
Translator peak memory: 450700 KB
Writing output... [0.560s CPU, 0.575s wall-clock]
Done! [15.080s CPU, 15.100s wall-clock]
translate exit code: 0

INFO     Running search (release).
INFO     search stdin: output.sas
INFO     search time limit: 284s
INFO     search memory limit: 3584 MB
INFO     search command line string: /usr/local/downward-projects/downward/experiments/src/thesis/data/thesis-thesis_exp/code-d93485cdd92f65ede2ae3573b3f4adda0b49e4fd_e5e41175/builds/release/bin/downward --evaluator 'h=ff()' --search 'eager(epsilon_greedy(h, epsilon=0.2))' --internal-plan-file sas_plan < output.sas
[t=0s, 11364 KB] reading input...
[t=0.351826s, 40452 KB] done reading input!
[t=0.407752s, 71000 KB] Simplifying 398908 unary operators... done! [397852 unary operators]
[t=3.3134s, 104892 KB] time to simplify: 2.90565s
[t=3.32933s, 104892 KB] Initializing additive heuristic...
[t=3.33292s, 104892 KB] Initializing FF heuristic...
[t=3.33295s, 104892 KB] Building successor generator...done!
[t=3.36517s, 104892 KB] peak memory difference for successor generator creation: 0 KB
[t=3.36528s, 104892 KB] time for successor generation creation: 0.0281255s
[t=3.36531s, 104892 KB] Variables: 549
[t=3.36647s, 104892 KB] FactPairs: 1101
[t=3.36649s, 104892 KB] Bytes per state: 72
[t=3.36652s, 104892 KB] Conducting best first search without reopening closed nodes, (real) bound = 2147483647
[t=3.37704s, 104892 KB] New best heuristic value for ff(): 35
[t=3.37764s, 104892 KB] g=0, 1 evaluated, 0 expanded
[t=3.37766s, 104892 KB] Initial heuristic value for ff(): 35
[t=3.37769s, 104892 KB] pruning method: none
[t=3.37772s, 104892 KB] Start Timestep: 1687912129161 millisecond(s).
[t=3.38093s, 104892 KB] New best heuristic value for ff(): 34
[t=3.38401s, 104892 KB] g=1, 2 evaluated, 1 expanded
[t=3.41684s, 104892 KB] New best heuristic value for ff(): 33
[t=3.41822s, 104892 KB] g=2, 8 evaluated, 2 expanded
[t=3.47663s, 104892 KB] New best heuristic value for ff(): 27
[t=3.47908s, 104892 KB] g=3, 17 evaluated, 11 expanded
[t=3.48855s, 104892 KB] New best heuristic value for ff(): 26
[t=3.49119s, 104892 KB] g=4, 19 evaluated, 12 expanded
[t=3.49647s, 104892 KB] New best heuristic value for ff(): 24
[t=3.49684s, 104892 KB] g=4, 20 evaluated, 12 expanded
[t=3.51238s, 104892 KB] New best heuristic value for ff(): 23
[t=3.51445s, 104892 KB] g=5, 23 evaluated, 13 expanded
[t=3.53625s, 104892 KB] New best heuristic value for ff(): 20
[t=3.53986s, 104892 KB] g=7, 28 evaluated, 15 expanded
[t=5.3954s, 104892 KB] New best heuristic value for ff(): 19
[t=5.39565s, 104892 KB] g=15, 385 evaluated, 205 expanded
[t=5.43522s, 104892 KB] New best heuristic value for ff(): 18
[t=5.43566s, 104892 KB] g=17, 394 evaluated, 208 expanded
[t=5.44314s, 104892 KB] New best heuristic value for ff(): 17
[t=5.44432s, 104892 KB] g=18, 396 evaluated, 209 expanded
[t=5.45505s, 104892 KB] New best heuristic value for ff(): 16
[t=5.4574s, 104892 KB] g=19, 399 evaluated, 210 expanded
[t=9.77405s, 104892 KB] New best heuristic value for ff(): 15
[t=9.7773s, 104892 KB] g=32, 1331 evaluated, 792 expanded
[t=9.83393s, 104892 KB] New best heuristic value for ff(): 14
[t=9.83452s, 104892 KB] g=35, 1345 evaluated, 797 expanded
[t=9.83787s, 104892 KB] New best heuristic value for ff(): 12
[t=9.83828s, 104892 KB] g=36, 1346 evaluated, 798 expanded
Peak memory: 104892 KB
caught signal 24 -- exiting
Time limit has been reached.
Remove intermediate file output.sas
search exit code: 23

Driver aborting after search
INFO     Planner time: 299.11s
