INFO     planner time limit: 300s
INFO     planner memory limit: 3584 MB

INFO     Running translator.
INFO     translator stdin: None
INFO     translator time limit: 299s
INFO     translator memory limit: 3584 MB
INFO     translator command line string: /usr/local/downward-projects/downward/experiments/.venv/bin/python3 /usr/local/downward-projects/downward/experiments/src/thesis/data/thesis-thesis_exp/code-d93485cdd92f65ede2ae3573b3f4adda0b49e4fd_e5e41175/builds/release/bin/translate/translate.py domain.pddl problem.pddl --sas-file output.sas
Parsing...
Parsing: [0.000s CPU, 0.011s wall-clock]
Normalizing task... [0.000s CPU, 0.000s wall-clock]
Instantiating...
Generating Datalog program... [0.010s CPU, 0.003s wall-clock]
Normalizing Datalog program...
Normalizing Datalog program: [0.000s CPU, 0.001s wall-clock]
Preparing model... [0.010s CPU, 0.007s wall-clock]
Generated 26 rules.
Computing model... [1.870s CPU, 1.890s wall-clock]
149286 relevant atoms
109048 auxiliary atoms
258334 final queue length
535028 total queue pushes
Completing instantiation... [6.710s CPU, 6.724s wall-clock]
Instantiating: [8.690s CPU, 8.705s wall-clock]
Computing fact groups...
Finding invariants...
9 initial candidates
Finding invariants: [0.080s CPU, 0.081s wall-clock]
Checking invariant weight... [0.000s CPU, 0.001s wall-clock]
Instantiating groups... [0.590s CPU, 0.599s wall-clock]
Collecting mutex groups... [0.000s CPU, 0.004s wall-clock]
Choosing groups...
0 uncovered facts
Choosing groups: [0.010s CPU, 0.007s wall-clock]
Building translation key... [0.010s CPU, 0.004s wall-clock]
Computing fact groups: [0.720s CPU, 0.723s wall-clock]
Building STRIPS to SAS dictionary... [0.000s CPU, 0.003s wall-clock]
Building dictionary for full mutex groups... [0.000s CPU, 0.002s wall-clock]
Building mutex information...
Building mutex information: [0.000s CPU, 0.001s wall-clock]
Translating task...
Processing axioms...
Simplifying axioms... [0.000s CPU, 0.000s wall-clock]
Translator axioms removed by simplifying: 0
Computing negative axioms... [0.000s CPU, 0.000s wall-clock]
Processing axioms: [0.200s CPU, 0.193s wall-clock]
Translating task: [4.040s CPU, 4.041s wall-clock]
0 effect conditions simplified
0 implied preconditions added
Detecting unreachable propositions...
0 operators removed
0 axioms removed
30 propositions removed
Detecting unreachable propositions: [2.960s CPU, 2.971s wall-clock]
Reordering and filtering variables...
30 of 30 variables necessary.
0 of 30 mutex groups necessary.
142528 of 142528 operators necessary.
0 of 0 axiom rules necessary.
Reordering and filtering variables: [0.480s CPU, 0.479s wall-clock]
Translator variables: 30
Translator derived variables: 0
Translator facts: 5256
Translator goal facts: 22
Translator mutex groups: 0
Translator total mutex groups size: 0
Translator operators: 142528
Translator axioms: 0
Translator task size: 851068
Translator peak memory: 598336 KB
Writing output... [0.640s CPU, 0.637s wall-clock]
Done! [17.760s CPU, 17.803s wall-clock]
translate exit code: 0

INFO     Running search (release).
INFO     search stdin: output.sas
INFO     search time limit: 282s
INFO     search memory limit: 3584 MB
INFO     search command line string: /usr/local/downward-projects/downward/experiments/src/thesis/data/thesis-thesis_exp/code-d93485cdd92f65ede2ae3573b3f4adda0b49e4fd_e5e41175/builds/release/bin/downward --evaluator 'h=ff()' --search 'eager( alt( [lwm_intra_explore_type(h), single(h)] ) )' --internal-plan-file sas_plan < output.sas
[t=0s, 11364 KB] reading input...
[t=0.491657s, 58384 KB] done reading input!
[t=0.527348s, 72736 KB] Simplifying 281920 unary operators... done! [281920 unary operators]
[t=0.990815s, 99168 KB] time to simplify: 0.503297s
[t=1.03859s, 99168 KB] Initializing additive heuristic...
[t=1.04095s, 99168 KB] Initializing FF heuristic...
[t=1.041s, 99168 KB] Building successor generator...done!
[t=1.10582s, 105404 KB] peak memory difference for successor generator creation: 6236 KB
[t=1.10592s, 105404 KB] time for successor generation creation: 0.0613604s
[t=1.10594s, 105404 KB] Variables: 30
[t=1.10597s, 105404 KB] FactPairs: 5256
[t=1.10599s, 105404 KB] Bytes per state: 28
[t=1.10602s, 105404 KB] Conducting best first search without reopening closed nodes, (real) bound = 2147483647
[t=1.11433s, 105404 KB] New best heuristic value for ff(): 2319
[t=1.11638s, 105404 KB] g=0, 1 evaluated, 0 expanded
[t=1.11641s, 105404 KB] Initial heuristic value for ff(): 2319
[t=1.11645s, 105404 KB] pruning method: none
[t=1.11647s, 105404 KB] Start Timestep: 1687911601154 millisecond(s).
[t=1.12219s, 105404 KB] New best heuristic value for ff(): 2153
[t=1.12464s, 105404 KB] g=12, 2 evaluated, 1 expanded
[t=1.17808s, 105404 KB] New best heuristic value for ff(): 2110
[t=1.17929s, 105404 KB] g=14, 9 evaluated, 1 expanded
[t=1.24198s, 105404 KB] New best heuristic value for ff(): 1978
[t=1.24323s, 105404 KB] g=17, 17 evaluated, 1 expanded
[t=1.2579s, 105404 KB] New best heuristic value for ff(): 1908
[t=1.25896s, 105404 KB] g=29, 19 evaluated, 2 expanded
[t=2.19306s, 105404 KB] New best heuristic value for ff(): 1886
[t=2.1946s, 105404 KB] g=84, 149 evaluated, 13 expanded
[t=2.24095s, 105404 KB] New best heuristic value for ff(): 1877
[t=2.24387s, 105404 KB] g=97, 156 evaluated, 14 expanded
[t=2.39277s, 105404 KB] New best heuristic value for ff(): 1870
[t=2.39358s, 105404 KB] g=109, 177 evaluated, 16 expanded
[t=3.57231s, 105404 KB] New best heuristic value for ff(): 1857
[t=3.57523s, 105404 KB] g=156, 343 evaluated, 32 expanded
[t=3.89483s, 105404 KB] New best heuristic value for ff(): 1852
[t=3.89711s, 105404 KB] g=179, 388 evaluated, 36 expanded
[t=5.67703s, 105404 KB] New best heuristic value for ff(): 1839
[t=5.67755s, 105404 KB] g=229, 633 evaluated, 57 expanded
[t=23.8445s, 105404 KB] New best heuristic value for ff(): 1838
[t=23.8462s, 105404 KB] g=354, 3188 evaluated, 292 expanded
[t=24.3957s, 105404 KB] New best heuristic value for ff(): 1830
[t=24.3968s, 105404 KB] g=379, 3284 evaluated, 299 expanded
Peak memory: 105404 KB
caught signal 24 -- exiting
Time limit has been reached.
Remove intermediate file output.sas
search exit code: 23

Driver aborting after search
INFO     Planner time: 299.33s
