INFO     planner time limit: 600s
INFO     planner memory limit: 3584 MB

INFO     Running translator.
INFO     translator stdin: None
INFO     translator time limit: 599s
INFO     translator memory limit: 3584 MB
INFO     translator command line string: /usr/local/downward-projects/downward/experiments/src/thesis/.venv/bin/python3 /usr/local/downward-projects/downward/experiments/src/thesis/data/thesis-thesis_exp/code-84c08dfff1890fbf6247184940c8166177195ea1_e5e41175/builds/release/bin/translate/translate.py domain.pddl problem.pddl --sas-file output.sas
Parsing...
Parsing: [0.010s CPU, 0.005s wall-clock]
Normalizing task... [0.000s CPU, 0.000s wall-clock]
Instantiating...
Generating Datalog program... [0.000s CPU, 0.001s wall-clock]
Normalizing Datalog program...
Normalizing Datalog program: [0.010s CPU, 0.003s wall-clock]
Preparing model... [0.000s CPU, 0.004s wall-clock]
Generated 212 rules.
Computing model... [0.020s CPU, 0.022s wall-clock]
2251 relevant atoms
1986 auxiliary atoms
4237 final queue length
6892 total queue pushes
Completing instantiation... [0.030s CPU, 0.036s wall-clock]
Instantiating: [0.060s CPU, 0.067s wall-clock]
Computing fact groups...
Finding invariants...
20 initial candidates
Finding invariants: [0.010s CPU, 0.004s wall-clock]
Checking invariant weight... [0.000s CPU, 0.001s wall-clock]
Instantiating groups... [0.000s CPU, 0.001s wall-clock]
Collecting mutex groups... [0.000s CPU, 0.000s wall-clock]
Choosing groups...
585 uncovered facts
Choosing groups: [0.000s CPU, 0.001s wall-clock]
Building translation key... [0.010s CPU, 0.002s wall-clock]
Computing fact groups: [0.020s CPU, 0.012s wall-clock]
Building STRIPS to SAS dictionary... [0.000s CPU, 0.001s wall-clock]
Building dictionary for full mutex groups... [0.000s CPU, 0.001s wall-clock]
Building mutex information...
Building mutex information: [0.000s CPU, 0.000s wall-clock]
Translating task...
Processing axioms...
Simplifying axioms... [0.000s CPU, 0.000s wall-clock]
Translator axioms removed by simplifying: 0
Computing negative axioms... [0.000s CPU, 0.000s wall-clock]
Processing axioms: [0.000s CPU, 0.002s wall-clock]
Translating task: [0.040s CPU, 0.044s wall-clock]
1081 effect conditions simplified
0 implied preconditions added
Detecting unreachable propositions...
0 operators removed
0 axioms removed
17 propositions removed
Detecting unreachable propositions: [0.020s CPU, 0.020s wall-clock]
Reordering and filtering variables...
149 of 599 variables necessary.
0 of 15 mutex groups necessary.
1141 of 1141 operators necessary.
0 of 0 axiom rules necessary.
Reordering and filtering variables: [0.010s CPU, 0.010s wall-clock]
Translator variables: 149
Translator derived variables: 0
Translator facts: 538
Translator goal facts: 90
Translator mutex groups: 0
Translator total mutex groups size: 0
Translator operators: 1141
Translator axioms: 0
Translator task size: 8485
Translator peak memory: 39176 KB
Writing output... [0.010s CPU, 0.007s wall-clock]
Done! [0.170s CPU, 0.170s wall-clock]
translate exit code: 0

INFO     Running search (release).
INFO     search stdin: output.sas
INFO     search time limit: 599s
INFO     search memory limit: 3584 MB
INFO     search command line string: /usr/local/downward-projects/downward/experiments/src/thesis/data/thesis-thesis_exp/code-84c08dfff1890fbf6247184940c8166177195ea1_e5e41175/builds/release/bin/downward --evaluator 'h=ff()' --search 'eager(partition(h, h_partition(), inter_uniform(), intra_uniform() )) ' --internal-plan-file sas_plan < output.sas
[t=0.00210326s, 11732 KB] reading input...
[t=0.00628923s, 12080 KB] done reading input!
[t=0.00837145s, 12624 KB] Simplifying 2518 unary operators... done! [591 unary operators]
[t=0.00923599s, 12624 KB] time to simplify: 0.000864543s
[t=0.00929558s, 12624 KB] Initializing additive heuristic...
[t=0.00937514s, 12624 KB] Initializing FF heuristic...
[t=0.00939988s, 12624 KB] Building successor generator...done!
[t=0.00981522s, 12772 KB] peak memory difference for successor generator creation: 148 KB
[t=0.00986436s, 12772 KB] time for successor generation creation: 0.00018653s
[t=0.00988782s, 12772 KB] Variables: 149
[t=0.00991363s, 12772 KB] FactPairs: 538
[t=0.00993629s, 12772 KB] Bytes per state: 28
[t=0.00995868s, 12772 KB] Conducting best first search without reopening closed nodes, (real) bound = 2147483647
[t=0.0100032s, 12772 KB] New best heuristic value for ff(): 5213525
[t=0.0100748s, 12772 KB] g=0, 1 evaluated, 0 expanded
[t=0.0100977s, 12772 KB] Initial heuristic value for ff(): 5213525
[t=0.0101241s, 12772 KB] pruning method: none
[t=0.0101459s, 12772 KB] Start Timestep: 1693545146238 millisecond(s).
[t=0.0101856s, 12772 KB] New best heuristic value for ff(): 5157525
[t=0.0102614s, 12772 KB] g=0, 2 evaluated, 1 expanded
[t=0.0102898s, 12772 KB] New best heuristic value for ff(): 5006515
[t=0.0103619s, 12772 KB] g=8000, 3 evaluated, 2 expanded
[t=0.0900432s, 12772 KB] New best heuristic value for ff(): 5003516
[t=0.0906904s, 12772 KB] g=10999, 758 evaluated, 31 expanded
[t=0.0921051s, 12772 KB] New best heuristic value for ff(): 4997515
[t=0.0929104s, 12772 KB] g=16000, 770 evaluated, 31 expanded
[t=0.377668s, 13232 KB] New best heuristic value for ff(): 4957532
[t=0.377928s, 13232 KB] g=267039, 1826 evaluated, 74 expanded
[t=2.19012s, 14384 KB] New best heuristic value for ff(): 4948532
[t=2.19119s, 14384 KB] g=275039, 4611 evaluated, 189 expanded
[t=5.26145s, 15340 KB] New best heuristic value for ff(): 4940532
[t=5.26238s, 15340 KB] g=283039, 6838 evaluated, 281 expanded
[t=6.87407s, 15588 KB] New best heuristic value for ff(): 4806522
[t=6.87455s, 15588 KB] g=275039, 7695 evaluated, 317 expanded
[t=34.7834s, 18992 KB] New best heuristic value for ff(): 4798522
[t=34.7841s, 18992 KB] g=283039, 15503 evaluated, 647 expanded
[t=53.2693s, 19936 KB] New best heuristic value for ff(): 4666496
[t=53.2698s, 19936 KB] g=285039, 18384 evaluated, 771 expanded
[t=371.101s, 27556 KB] New best heuristic value for ff(): 4658496
[t=371.101s, 27556 KB] g=293039, 37473 evaluated, 1598 expanded
Peak memory: 30796 KB
caught signal 24 -- exiting
Time limit has been reached.
Remove intermediate file output.sas
search exit code: 23

Driver aborting after search
INFO     Planner time: 593.34s
