INFO     planner time limit: 600s
INFO     planner memory limit: 3584 MB

INFO     Running translator.
INFO     translator stdin: None
INFO     translator time limit: 599s
INFO     translator memory limit: 3584 MB
INFO     translator command line string: /usr/local/downward-projects/downward/experiments/src/thesis/.venv/bin/python3 /usr/local/downward-projects/downward/experiments/src/thesis/data/thesis-thesis_exp/code-84c08dfff1890fbf6247184940c8166177195ea1_e5e41175/builds/release/bin/translate/translate.py domain.pddl problem.pddl --sas-file output.sas
Parsing...
Parsing: [0.000s CPU, 0.002s wall-clock]
Normalizing task... [0.000s CPU, 0.000s wall-clock]
Instantiating...
Generating Datalog program... [0.000s CPU, 0.001s wall-clock]
Normalizing Datalog program...
Normalizing Datalog program: [0.010s CPU, 0.002s wall-clock]
Preparing model... [0.000s CPU, 0.001s wall-clock]
Generated 50 rules.
Computing model... [0.010s CPU, 0.007s wall-clock]
501 relevant atoms
606 auxiliary atoms
1107 final queue length
1409 total queue pushes
Completing instantiation... [0.010s CPU, 0.006s wall-clock]
Instantiating: [0.030s CPU, 0.016s wall-clock]
Computing fact groups...
Finding invariants...
11 initial candidates
Finding invariants: [0.000s CPU, 0.003s wall-clock]
Checking invariant weight... [0.000s CPU, 0.000s wall-clock]
Instantiating groups... [0.000s CPU, 0.001s wall-clock]
Collecting mutex groups... [0.000s CPU, 0.000s wall-clock]
Choosing groups...
0 uncovered facts
Choosing groups: [0.000s CPU, 0.000s wall-clock]
Building translation key... [0.000s CPU, 0.000s wall-clock]
Computing fact groups: [0.000s CPU, 0.006s wall-clock]
Building STRIPS to SAS dictionary... [0.000s CPU, 0.000s wall-clock]
Building dictionary for full mutex groups... [0.000s CPU, 0.000s wall-clock]
Building mutex information...
Building mutex information: [0.000s CPU, 0.000s wall-clock]
Translating task...
Processing axioms...
Simplifying axioms... [0.000s CPU, 0.000s wall-clock]
Translator axioms removed by simplifying: 0
Computing negative axioms... [0.000s CPU, 0.000s wall-clock]
Processing axioms: [0.000s CPU, 0.001s wall-clock]
Translating task: [0.010s CPU, 0.006s wall-clock]
0 effect conditions simplified
0 implied preconditions added
Detecting unreachable propositions...
0 operators removed
0 axioms removed
4 propositions removed
Detecting unreachable propositions: [0.000s CPU, 0.004s wall-clock]
Reordering and filtering variables...
24 of 24 variables necessary.
40 of 44 mutex groups necessary.
256 of 256 operators necessary.
0 of 0 axiom rules necessary.
Reordering and filtering variables: [0.000s CPU, 0.001s wall-clock]
Translator variables: 24
Translator derived variables: 0
Translator facts: 124
Translator goal facts: 16
Translator mutex groups: 40
Translator total mutex groups size: 160
Translator operators: 256
Translator axioms: 0
Translator task size: 1720
Translator peak memory: 32876 KB
Writing output... [0.010s CPU, 0.002s wall-clock]
Done! [0.050s CPU, 0.039s wall-clock]
translate exit code: 0

INFO     Running search (release).
INFO     search stdin: output.sas
INFO     search time limit: 599s
INFO     search memory limit: 3584 MB
INFO     search command line string: /usr/local/downward-projects/downward/experiments/src/thesis/data/thesis-thesis_exp/code-84c08dfff1890fbf6247184940c8166177195ea1_e5e41175/builds/release/bin/downward --evaluator 'h=ff()' --search 'eager(partition(h, plateau_partition(), inter_uniform(), intra_uniform() )) ' --internal-plan-file sas_plan < output.sas
[t=0.000494276s, 11732 KB] reading input...
[t=0.00147715s, 11732 KB] done reading input!
[t=0.00390469s, 12128 KB] Simplifying 504 unary operators... done! [504 unary operators]
[t=0.00441837s, 12128 KB] time to simplify: 0.000513681s
[t=0.00447439s, 12128 KB] Initializing additive heuristic...
[t=0.00453168s, 12128 KB] Initializing FF heuristic...
[t=0.00455651s, 12128 KB] Building successor generator...done!
[t=0.00475971s, 12128 KB] peak memory difference for successor generator creation: 0 KB
[t=0.004802s, 12128 KB] time for successor generation creation: 0s
[t=0.00482611s, 12128 KB] Variables: 24
[t=0.00485161s, 12128 KB] FactPairs: 124
[t=0.0048744s, 12128 KB] Bytes per state: 8
[t=0.00489707s, 12128 KB] Conducting best first search without reopening closed nodes, (real) bound = 2147483647
[t=0.00494392s, 12128 KB] New best heuristic value for ff(): 49
[t=0.00499564s, 12128 KB] g=0, 1 evaluated, 0 expanded
[t=0.00501959s, 12128 KB] Initial heuristic value for ff(): 49
[t=0.00505232s, 12128 KB] pruning method: none
[t=0.00507535s, 12128 KB] Start Timestep: 1693569166959 millisecond(s).
[t=0.00511892s, 12128 KB] New best heuristic value for ff(): 44
[t=0.00516725s, 12128 KB] g=5, 2 evaluated, 1 expanded
[t=0.0051903s, 12128 KB] New best heuristic value for ff(): 43
[t=0.0052836s, 12128 KB] g=3, 9 evaluated, 1 expanded
[t=0.00530581s, 12128 KB] New best heuristic value for ff(): 42
[t=0.0066692s, 12128 KB] g=6, 119 evaluated, 14 expanded
[t=0.00764058s, 12128 KB] New best heuristic value for ff(): 40
[t=0.00909922s, 12128 KB] g=7, 246 evaluated, 28 expanded
[t=0.0195679s, 12260 KB] New best heuristic value for ff(): 38
[t=0.0215886s, 12260 KB] g=11, 619 evaluated, 72 expanded
[t=0.0500984s, 12260 KB] New best heuristic value for ff(): 37
[t=0.0509697s, 12260 KB] g=23, 1160 evaluated, 145 expanded
[t=0.107399s, 12260 KB] New best heuristic value for ff(): 36
[t=0.110507s, 12260 KB] g=27, 1868 evaluated, 256 expanded
[t=0.207227s, 12392 KB] New best heuristic value for ff(): 34
[t=0.208587s, 12392 KB] g=27, 2694 evaluated, 381 expanded
[t=0.450818s, 12628 KB] New best heuristic value for ff(): 32
[t=0.451295s, 12628 KB] g=32, 4145 evaluated, 598 expanded
[t=1.16577s, 12964 KB] New best heuristic value for ff(): 30
[t=1.16796s, 12964 KB] g=40, 6879 evaluated, 1023 expanded
[t=5.7254s, 14176 KB] New best heuristic value for ff(): 28
[t=5.72788s, 14176 KB] g=56, 15721 evaluated, 2473 expanded
[t=9.2691s, 14852 KB] New best heuristic value for ff(): 27
[t=9.2717s, 14852 KB] g=67, 19902 evaluated, 3195 expanded
[t=25.0405s, 16428 KB] New best heuristic value for ff(): 25
[t=25.0407s, 16428 KB] g=78, 32154 evaluated, 5310 expanded
[t=25.0524s, 16428 KB] New best heuristic value for ff(): 24
[t=25.0542s, 16428 KB] g=79, 32164 evaluated, 5311 expanded
[t=25.5261s, 16428 KB] New best heuristic value for ff(): 22
[t=25.5279s, 16428 KB] g=82, 32456 evaluated, 5368 expanded
[t=72.4192s, 18844 KB] New best heuristic value for ff(): 20
[t=72.4215s, 18844 KB] g=81, 51871 evaluated, 8875 expanded
[t=80.0176s, 19108 KB] New best heuristic value for ff(): 19
[t=80.0188s, 19108 KB] g=99, 54009 evaluated, 9254 expanded
Peak memory: 28508 KB
caught signal 24 -- exiting
Time limit has been reached.
Remove intermediate file output.sas
search exit code: 23

Driver aborting after search
INFO     Planner time: 598.83s
