INFO     planner time limit: 600s
INFO     planner memory limit: 3584 MB

INFO     Running translator.
INFO     translator stdin: None
INFO     translator time limit: 599s
INFO     translator memory limit: 3584 MB
INFO     translator command line string: /usr/local/downward-projects/downward/experiments/src/thesis/.venv/bin/python3 /usr/local/downward-projects/downward/experiments/src/thesis/data/thesis-thesis_exp/code-84c08dfff1890fbf6247184940c8166177195ea1_e5e41175/builds/release/bin/translate/translate.py domain.pddl problem.pddl --sas-file output.sas
Parsing...
Parsing: [0.010s CPU, 0.011s wall-clock]
Normalizing task... [0.010s CPU, 0.000s wall-clock]
Instantiating...
Generating Datalog program... [0.000s CPU, 0.002s wall-clock]
Normalizing Datalog program...
Normalizing Datalog program: [0.000s CPU, 0.001s wall-clock]
Preparing model... [0.010s CPU, 0.006s wall-clock]
Generated 26 rules.
Computing model... [1.630s CPU, 1.668s wall-clock]
129889 relevant atoms
95700 auxiliary atoms
225589 final queue length
465789 total queue pushes
Completing instantiation... [6.420s CPU, 6.414s wall-clock]
Instantiating: [8.130s CPU, 8.164s wall-clock]
Computing fact groups...
Finding invariants...
9 initial candidates
Finding invariants: [0.070s CPU, 0.073s wall-clock]
Checking invariant weight... [0.000s CPU, 0.001s wall-clock]
Instantiating groups... [0.010s CPU, 0.012s wall-clock]
Collecting mutex groups... [0.000s CPU, 0.003s wall-clock]
Choosing groups...
0 uncovered facts
Choosing groups: [0.010s CPU, 0.007s wall-clock]
Building translation key... [0.000s CPU, 0.003s wall-clock]
Computing fact groups: [0.120s CPU, 0.124s wall-clock]
Building STRIPS to SAS dictionary... [0.010s CPU, 0.003s wall-clock]
Building dictionary for full mutex groups... [0.000s CPU, 0.002s wall-clock]
Building mutex information...
Building mutex information: [0.000s CPU, 0.001s wall-clock]
Translating task...
Processing axioms...
Simplifying axioms... [0.000s CPU, 0.000s wall-clock]
Translator axioms removed by simplifying: 0
Computing negative axioms... [0.000s CPU, 0.000s wall-clock]
Processing axioms: [0.160s CPU, 0.164s wall-clock]
Translating task: [4.210s CPU, 4.218s wall-clock]
0 effect conditions simplified
0 implied preconditions added
Detecting unreachable propositions...
0 operators removed
0 axioms removed
28 propositions removed
Detecting unreachable propositions: [2.760s CPU, 2.760s wall-clock]
Reordering and filtering variables...
28 of 28 variables necessary.
0 of 28 mutex groups necessary.
123848 of 123848 operators necessary.
0 of 0 axiom rules necessary.
Reordering and filtering variables: [0.430s CPU, 0.423s wall-clock]
Translator variables: 28
Translator derived variables: 0
Translator facts: 4636
Translator goal facts: 20
Translator mutex groups: 0
Translator total mutex groups size: 0
Translator operators: 123848
Translator axioms: 0
Translator task size: 739108
Translator peak memory: 524152 KB
Writing output... [0.550s CPU, 0.553s wall-clock]
Done! [16.430s CPU, 16.464s wall-clock]
translate exit code: 0

INFO     Running search (release).
INFO     search stdin: output.sas
INFO     search time limit: 583s
INFO     search memory limit: 3584 MB
INFO     search command line string: /usr/local/downward-projects/downward/experiments/src/thesis/data/thesis-thesis_exp/code-84c08dfff1890fbf6247184940c8166177195ea1_e5e41175/builds/release/bin/downward --evaluator 'h=ff()' --search 'eager(partition(h, plateau_partition(), inter_uniform(), intra_uniform() )) ' --internal-plan-file sas_plan < output.sas
[t=0s, 11732 KB] reading input...
[t=0.406796s, 52528 KB] done reading input!
[t=0.442745s, 65904 KB] Simplifying 244808 unary operators... done! [244808 unary operators]
[t=0.922505s, 88560 KB] time to simplify: 0.47976s
[t=0.926452s, 88560 KB] Initializing additive heuristic...
[t=0.929664s, 88560 KB] Initializing FF heuristic...
[t=0.929696s, 88560 KB] Building successor generator...done!
[t=0.982594s, 91860 KB] peak memory difference for successor generator creation: 3300 KB
[t=0.982718s, 91860 KB] time for successor generation creation: 0.0525761s
[t=0.982742s, 91860 KB] Variables: 28
[t=0.982771s, 91860 KB] FactPairs: 4636
[t=0.982793s, 91860 KB] Bytes per state: 28
[t=0.982816s, 91860 KB] Conducting best first search without reopening closed nodes, (real) bound = 2147483647
[t=0.986266s, 91860 KB] New best heuristic value for ff(): 2193
[t=0.989826s, 91860 KB] g=0, 1 evaluated, 0 expanded
[t=0.989854s, 91860 KB] Initial heuristic value for ff(): 2193
[t=0.989887s, 91860 KB] pruning method: none
[t=0.98991s, 91860 KB] Start Timestep: 1693701243210 millisecond(s).
[t=0.990174s, 91860 KB] New best heuristic value for ff(): 1998
[t=0.994049s, 91860 KB] g=13, 2 evaluated, 1 expanded
[t=1.02207s, 91860 KB] New best heuristic value for ff(): 1983
[t=1.02391s, 91860 KB] g=15, 9 evaluated, 1 expanded
[t=1.15794s, 91860 KB] New best heuristic value for ff(): 1982
[t=1.15905s, 91860 KB] g=16, 36 evaluated, 3 expanded
[t=1.32983s, 91860 KB] New best heuristic value for ff(): 1981
[t=1.33296s, 91860 KB] g=17, 71 evaluated, 6 expanded
[t=2.56967s, 91860 KB] New best heuristic value for ff(): 1978
[t=2.57159s, 91860 KB] g=27, 319 evaluated, 28 expanded
[t=3.45352s, 91860 KB] New best heuristic value for ff(): 1970
[t=3.45694s, 91860 KB] g=54, 495 evaluated, 43 expanded
[t=3.73486s, 91860 KB] New best heuristic value for ff(): 1890
[t=3.73532s, 91860 KB] g=66, 550 evaluated, 47 expanded
[t=5.28116s, 91860 KB] New best heuristic value for ff(): 1883
[t=5.28465s, 91860 KB] g=83, 852 evaluated, 70 expanded
[t=6.81648s, 91860 KB] New best heuristic value for ff(): 1882
[t=6.81694s, 91860 KB] g=84, 1147 evaluated, 94 expanded
[t=8.0158s, 91860 KB] New best heuristic value for ff(): 1881
[t=8.0178s, 91860 KB] g=69, 1375 evaluated, 114 expanded
[t=11.3674s, 91860 KB] New best heuristic value for ff(): 1877
[t=11.3683s, 91860 KB] g=93, 2003 evaluated, 166 expanded
[t=11.6073s, 91860 KB] New best heuristic value for ff(): 1874
[t=11.6098s, 91860 KB] g=81, 2048 evaluated, 170 expanded
[t=13.1791s, 91860 KB] New best heuristic value for ff(): 1783
[t=13.1816s, 91860 KB] g=233, 2337 evaluated, 194 expanded
[t=83.6385s, 91860 KB] New best heuristic value for ff(): 1680
[t=83.6419s, 91860 KB] g=247, 11911 evaluated, 963 expanded
[t=117.98s, 91860 KB] New best heuristic value for ff(): 1669
[t=117.983s, 91860 KB] g=258, 15626 evaluated, 1268 expanded
[t=284.054s, 91860 KB] New best heuristic value for ff(): 1668
[t=284.055s, 91860 KB] g=271, 29496 evaluated, 2425 expanded
[t=328.181s, 91860 KB] New best heuristic value for ff(): 1667
[t=328.183s, 91860 KB] g=288, 32584 evaluated, 2686 expanded
[t=432.078s, 92652 KB] New best heuristic value for ff(): 1662
[t=432.08s, 92652 KB] g=299, 38983 evaluated, 3216 expanded
Peak memory: 95036 KB
caught signal 24 -- exiting
Time limit has been reached.
Remove intermediate file output.sas
search exit code: 23

Driver aborting after search
INFO     Planner time: 599.09s
