INFO     planner time limit: 900s
INFO     planner memory limit: 3584 MB

INFO     Running translator.
INFO     translator stdin: None
INFO     translator time limit: 899s
INFO     translator memory limit: 3584 MB
INFO     translator command line string: /usr/local/downward-projects/downward/experiments/.venv/bin/python3 /usr/local/downward-projects/downward/experiments/src/thesis/data/thesis-thesis_exp/code-f7a4f68fd467cf7cff4d3dfcfdfcfa2023e44324_e5e41175/builds/release/bin/translate/translate.py domain.pddl problem.pddl --sas-file output.sas
Parsing...
Parsing: [0.000s CPU, 0.002s wall-clock]
Normalizing task... [0.000s CPU, 0.000s wall-clock]
Instantiating...
Generating Datalog program... [0.000s CPU, 0.001s wall-clock]
Normalizing Datalog program...
Normalizing Datalog program: [0.000s CPU, 0.002s wall-clock]
Preparing model... [0.010s CPU, 0.001s wall-clock]
Generated 74 rules.
Computing model... [3.030s CPU, 3.058s wall-clock]
288942 relevant atoms
19903 auxiliary atoms
308845 final queue length
1307411 total queue pushes
Completing instantiation... [16.280s CPU, 16.425s wall-clock]
Instantiating: [19.430s CPU, 19.604s wall-clock]
Computing fact groups...
Finding invariants...
16 initial candidates
Finding invariants: [0.210s CPU, 0.209s wall-clock]
Checking invariant weight... [0.000s CPU, 0.000s wall-clock]
Instantiating groups... [0.000s CPU, 0.001s wall-clock]
Collecting mutex groups... [0.000s CPU, 0.000s wall-clock]
Choosing groups...
0 uncovered facts
Choosing groups: [0.000s CPU, 0.001s wall-clock]
Building translation key... [0.000s CPU, 0.000s wall-clock]
Computing fact groups: [0.210s CPU, 0.212s wall-clock]
Building STRIPS to SAS dictionary... [0.000s CPU, 0.000s wall-clock]
Building dictionary for full mutex groups... [0.000s CPU, 0.000s wall-clock]
Building mutex information...
Building mutex information: [0.000s CPU, 0.000s wall-clock]
Translating task...
Processing axioms...
Simplifying axioms... [0.000s CPU, 0.000s wall-clock]
Translator axioms removed by simplifying: 0
Computing negative axioms... [0.000s CPU, 0.000s wall-clock]
Processing axioms: [0.430s CPU, 0.434s wall-clock]
Translating task: [8.850s CPU, 8.916s wall-clock]
0 effect conditions simplified
0 implied preconditions added
Detecting unreachable propositions...
0 operators removed
0 axioms removed
22 propositions removed
Detecting unreachable propositions: [6.480s CPU, 6.568s wall-clock]
Reordering and filtering variables...
22 of 22 variables necessary.
0 of 22 mutex groups necessary.
219276 of 219276 operators necessary.
0 of 0 axiom rules necessary.
Reordering and filtering variables: [1.330s CPU, 1.422s wall-clock]
Translator variables: 22
Translator derived variables: 0
Translator facts: 404
Translator goal facts: 2
Translator mutex groups: 0
Translator total mutex groups size: 0
Translator operators: 219276
Translator axioms: 0
Translator task size: 1863192
Translator peak memory: 1263988 KB
Writing output... [1.300s CPU, 1.309s wall-clock]
Done! [38.150s CPU, 38.585s wall-clock]
translate exit code: 0

INFO     Running search (release).
INFO     search stdin: output.sas
INFO     search time limit: 861s
INFO     search memory limit: 3584 MB
INFO     search command line string: /usr/local/downward-projects/downward/experiments/src/thesis/data/thesis-thesis_exp/code-f7a4f68fd467cf7cff4d3dfcfdfcfa2023e44324_e5e41175/builds/release/bin/downward --evaluator 'h=ff()' --search 'eager(epsilon_greedy(h, epsilon=0.2))' --internal-plan-file sas_plan < output.sas
[t=0.00105134s, 11000 KB] reading input...
[t=0.880902s, 88708 KB] done reading input!
[t=0.987287s, 134072 KB] Simplifying 748388 unary operators... done! [73508 unary operators]
[t=2.0381s, 173612 KB] time to simplify: 1.05081s
[t=2.04118s, 173612 KB] Initializing additive heuristic...
[t=2.04144s, 173612 KB] Initializing FF heuristic...
[t=2.04147s, 173612 KB] Building successor generator...done!
[t=2.12432s, 173612 KB] peak memory difference for successor generator creation: 0 KB
[t=2.12442s, 173612 KB] time for successor generation creation: 0.082697s
[t=2.12839s, 173612 KB] Variables: 22
[t=2.12901s, 173612 KB] FactPairs: 404
[t=2.12904s, 173612 KB] Bytes per state: 16
[t=2.12906s, 173612 KB] Conducting best first search without reopening closed nodes, (real) bound = 2147483647
[t=2.1304s, 173612 KB] New best heuristic value for ff(): 130
[t=2.13102s, 173612 KB] g=0, 1 evaluated, 0 expanded
[t=2.13105s, 173612 KB] Initial heuristic value for ff(): 130
[t=2.13108s, 173612 KB] pruning method: none
[t=2.1311s, 173612 KB] Start Timestep: 1684385856768 millisecond(s).
[t=2.13244s, 173612 KB] New best heuristic value for ff(): 129
[t=2.13316s, 173612 KB] g=1, 3 evaluated, 1 expanded
Peak memory: 202292 KB
caught signal 24 -- exiting
Time limit has been reached.
Remove intermediate file output.sas
search exit code: 23

Driver aborting after search
INFO     Planner time: 898.27s
