INFO     planner time limit: 600s
INFO     planner memory limit: 3584 MB

INFO     Running translator.
INFO     translator stdin: None
INFO     translator time limit: 599s
INFO     translator memory limit: 3584 MB
INFO     translator command line string: /usr/local/downward-projects/downward/experiments/src/thesis/.venv/bin/python3 /usr/local/downward-projects/downward/experiments/src/thesis/data/thesis-thesis_exp/code-84c08dfff1890fbf6247184940c8166177195ea1_e5e41175/builds/release/bin/translate/translate.py domain.pddl problem.pddl --sas-file output.sas
Parsing...
Parsing: [0.000s CPU, 0.002s wall-clock]
Normalizing task... [0.000s CPU, 0.000s wall-clock]
Instantiating...
Generating Datalog program... [0.000s CPU, 0.000s wall-clock]
Normalizing Datalog program...
Normalizing Datalog program: [0.010s CPU, 0.002s wall-clock]
Preparing model... [0.000s CPU, 0.001s wall-clock]
Generated 50 rules.
Computing model... [0.000s CPU, 0.007s wall-clock]
501 relevant atoms
606 auxiliary atoms
1107 final queue length
1409 total queue pushes
Completing instantiation... [0.010s CPU, 0.005s wall-clock]
Instantiating: [0.020s CPU, 0.016s wall-clock]
Computing fact groups...
Finding invariants...
11 initial candidates
Finding invariants: [0.000s CPU, 0.003s wall-clock]
Checking invariant weight... [0.000s CPU, 0.000s wall-clock]
Instantiating groups... [0.000s CPU, 0.001s wall-clock]
Collecting mutex groups... [0.000s CPU, 0.000s wall-clock]
Choosing groups...
0 uncovered facts
Choosing groups: [0.000s CPU, 0.000s wall-clock]
Building translation key... [0.000s CPU, 0.000s wall-clock]
Computing fact groups: [0.000s CPU, 0.006s wall-clock]
Building STRIPS to SAS dictionary... [0.000s CPU, 0.000s wall-clock]
Building dictionary for full mutex groups... [0.000s CPU, 0.000s wall-clock]
Building mutex information...
Building mutex information: [0.000s CPU, 0.000s wall-clock]
Translating task...
Processing axioms...
Simplifying axioms... [0.000s CPU, 0.000s wall-clock]
Translator axioms removed by simplifying: 0
Computing negative axioms... [0.000s CPU, 0.000s wall-clock]
Processing axioms: [0.010s CPU, 0.001s wall-clock]
Translating task: [0.010s CPU, 0.006s wall-clock]
0 effect conditions simplified
0 implied preconditions added
Detecting unreachable propositions...
0 operators removed
0 axioms removed
4 propositions removed
Detecting unreachable propositions: [0.000s CPU, 0.004s wall-clock]
Reordering and filtering variables...
24 of 24 variables necessary.
40 of 44 mutex groups necessary.
256 of 256 operators necessary.
0 of 0 axiom rules necessary.
Reordering and filtering variables: [0.010s CPU, 0.001s wall-clock]
Translator variables: 24
Translator derived variables: 0
Translator facts: 124
Translator goal facts: 16
Translator mutex groups: 40
Translator total mutex groups size: 160
Translator operators: 256
Translator axioms: 0
Translator task size: 1720
Translator peak memory: 32876 KB
Writing output... [0.000s CPU, 0.002s wall-clock]
Done! [0.040s CPU, 0.038s wall-clock]
translate exit code: 0

INFO     Running search (release).
INFO     search stdin: output.sas
INFO     search time limit: 599s
INFO     search memory limit: 3584 MB
INFO     search command line string: /usr/local/downward-projects/downward/experiments/src/thesis/data/thesis-thesis_exp/code-84c08dfff1890fbf6247184940c8166177195ea1_e5e41175/builds/release/bin/downward --evaluator 'h=ff()' --search 'eager(partition(h, lwm_partition(), inter_uniform(), intra_uniform() )) ' --internal-plan-file sas_plan < output.sas
[t=0s, 11732 KB] reading input...
[t=0.00301882s, 11732 KB] done reading input!
[t=0.00399591s, 12128 KB] Simplifying 504 unary operators... done! [504 unary operators]
[t=0.00586821s, 12128 KB] time to simplify: 0.00187231s
[t=0.00592485s, 12128 KB] Initializing additive heuristic...
[t=0.00598097s, 12128 KB] Initializing FF heuristic...
[t=0.00600567s, 12128 KB] Building successor generator...done!
[t=0.00620409s, 12128 KB] peak memory difference for successor generator creation: 0 KB
[t=0.00625013s, 12128 KB] time for successor generation creation: 0s
[t=0.00627409s, 12128 KB] Variables: 24
[t=0.00629995s, 12128 KB] FactPairs: 124
[t=0.00632354s, 12128 KB] Bytes per state: 8
[t=0.00634781s, 12128 KB] Conducting best first search without reopening closed nodes, (real) bound = 2147483647
[t=0.00639597s, 12128 KB] New best heuristic value for ff(): 49
[t=0.00644539s, 12128 KB] g=0, 1 evaluated, 0 expanded
[t=0.00646918s, 12128 KB] Initial heuristic value for ff(): 49
[t=0.0065031s, 12128 KB] pruning method: none
[t=0.00652664s, 12128 KB] Start Timestep: 1693575719606 millisecond(s).
[t=0.00656748s, 12128 KB] New best heuristic value for ff(): 44
[t=0.00661573s, 12128 KB] g=5, 2 evaluated, 1 expanded
[t=0.00668216s, 12128 KB] New best heuristic value for ff(): 43
[t=0.00674687s, 12128 KB] g=3, 9 evaluated, 1 expanded
[t=0.00677105s, 12128 KB] New best heuristic value for ff(): 42
[t=0.00686698s, 12128 KB] g=7, 15 evaluated, 2 expanded
[t=0.00689043s, 12128 KB] New best heuristic value for ff(): 41
[t=0.00696128s, 12128 KB] g=5, 20 evaluated, 2 expanded
[t=0.00698528s, 12128 KB] New best heuristic value for ff(): 40
[t=0.00761513s, 12128 KB] g=9, 73 evaluated, 8 expanded
[t=0.00764012s, 12128 KB] New best heuristic value for ff(): 39
[t=0.00860819s, 12128 KB] g=11, 150 evaluated, 16 expanded
[t=0.0225537s, 12260 KB] New best heuristic value for ff(): 38
[t=0.0233225s, 12260 KB] g=15, 623 evaluated, 79 expanded
[t=0.0385102s, 12260 KB] New best heuristic value for ff(): 37
[t=0.0403464s, 12260 KB] g=13, 939 evaluated, 120 expanded
[t=0.0464775s, 12260 KB] New best heuristic value for ff(): 36
[t=0.048748s, 12260 KB] g=31, 1060 evaluated, 134 expanded
[t=0.142421s, 12392 KB] New best heuristic value for ff(): 35
[t=0.144593s, 12392 KB] g=29, 2083 evaluated, 267 expanded
[t=0.377959s, 12508 KB] New best heuristic value for ff(): 34
[t=0.380077s, 12508 KB] g=29, 3607 evaluated, 475 expanded
[t=0.800199s, 12880 KB] New best heuristic value for ff(): 33
[t=0.80289s, 12880 KB] g=40, 5511 evaluated, 745 expanded
[t=1.22811s, 13012 KB] New best heuristic value for ff(): 32
[t=1.2315s, 13012 KB] g=31, 6917 evaluated, 942 expanded
[t=1.86001s, 13564 KB] New best heuristic value for ff(): 31
[t=1.86234s, 13564 KB] g=33, 8555 evaluated, 1179 expanded
[t=3.64762s, 13744 KB] New best heuristic value for ff(): 30
[t=3.64986s, 13744 KB] g=51, 12055 evaluated, 1695 expanded
[t=18.0322s, 15792 KB] New best heuristic value for ff(): 29
[t=18.0333s, 15792 KB] g=54, 25994 evaluated, 3866 expanded
[t=26.0579s, 16720 KB] New best heuristic value for ff(): 28
[t=26.0598s, 16720 KB] g=55, 30977 evaluated, 4669 expanded
[t=277.167s, 24504 KB] New best heuristic value for ff(): 26
[t=277.17s, 24504 KB] g=52, 84184 evaluated, 13737 expanded
Peak memory: 27252 KB
caught signal 24 -- exiting
Time limit has been reached.
Remove intermediate file output.sas
search exit code: 23

Driver aborting after search
INFO     Planner time: 597.79s
