INFO     planner time limit: 300s
INFO     planner memory limit: 3584 MB

INFO     Running translator.
INFO     translator stdin: None
INFO     translator time limit: 299s
INFO     translator memory limit: 3584 MB
INFO     translator command line string: /usr/local/downward-projects/downward/experiments/.venv/bin/python3 /usr/local/downward-projects/downward/experiments/src/thesis/data/thesis-thesis_exp/code-d93485cdd92f65ede2ae3573b3f4adda0b49e4fd_e5e41175/builds/release/bin/translate/translate.py domain.pddl problem.pddl --sas-file output.sas
Parsing...
Parsing: [0.000s CPU, 0.002s wall-clock]
Normalizing task... [0.000s CPU, 0.000s wall-clock]
Instantiating...
Generating Datalog program... [0.000s CPU, 0.000s wall-clock]
Normalizing Datalog program...
Normalizing Datalog program: [0.010s CPU, 0.003s wall-clock]
Preparing model... [0.000s CPU, 0.001s wall-clock]
Generated 74 rules.
Computing model... [0.160s CPU, 0.160s wall-clock]
17173 relevant atoms
4635 auxiliary atoms
21808 final queue length
82629 total queue pushes
Completing instantiation... [0.830s CPU, 0.839s wall-clock]
Instantiating: [1.000s CPU, 1.009s wall-clock]
Computing fact groups...
Finding invariants...
16 initial candidates
Finding invariants: [0.020s CPU, 0.013s wall-clock]
Checking invariant weight... [0.000s CPU, 0.000s wall-clock]
Instantiating groups... [0.000s CPU, 0.000s wall-clock]
Collecting mutex groups... [0.000s CPU, 0.000s wall-clock]
Choosing groups...
0 uncovered facts
Choosing groups: [0.000s CPU, 0.000s wall-clock]
Building translation key... [0.000s CPU, 0.000s wall-clock]
Computing fact groups: [0.020s CPU, 0.014s wall-clock]
Building STRIPS to SAS dictionary... [0.000s CPU, 0.000s wall-clock]
Building dictionary for full mutex groups... [0.000s CPU, 0.000s wall-clock]
Building mutex information...
Building mutex information: [0.000s CPU, 0.000s wall-clock]
Translating task...
Processing axioms...
Simplifying axioms... [0.000s CPU, 0.000s wall-clock]
Translator axioms removed by simplifying: 0
Computing negative axioms... [0.000s CPU, 0.000s wall-clock]
Processing axioms: [0.020s CPU, 0.027s wall-clock]
Translating task: [0.530s CPU, 0.536s wall-clock]
0 effect conditions simplified
0 implied preconditions added
Detecting unreachable propositions...
0 operators removed
0 axioms removed
19 propositions removed
Detecting unreachable propositions: [0.350s CPU, 0.351s wall-clock]
Reordering and filtering variables...
19 of 19 variables necessary.
0 of 19 mutex groups necessary.
11736 of 11736 operators necessary.
0 of 0 axiom rules necessary.
Reordering and filtering variables: [0.070s CPU, 0.077s wall-clock]
Translator variables: 19
Translator derived variables: 0
Translator facts: 86
Translator goal facts: 3
Translator mutex groups: 0
Translator total mutex groups size: 0
Translator operators: 11736
Translator axioms: 0
Translator task size: 104052
Translator peak memory: 106428 KB
Writing output... [0.080s CPU, 0.072s wall-clock]
Done! [2.080s CPU, 2.095s wall-clock]
translate exit code: 0

INFO     Running search (release).
INFO     search stdin: output.sas
INFO     search time limit: 297s
INFO     search memory limit: 3584 MB
INFO     search command line string: /usr/local/downward-projects/downward/experiments/src/thesis/data/thesis-thesis_exp/code-d93485cdd92f65ede2ae3573b3f4adda0b49e4fd_e5e41175/builds/release/bin/downward --evaluator 'h=ff()' --search 'eager(epsilon_greedy(h, epsilon=0.2))' --internal-plan-file sas_plan < output.sas
[t=0.00105219s, 11364 KB] reading input...
[t=0.0483188s, 15632 KB] done reading input!
[t=0.0545989s, 18636 KB] Simplifying 41568 unary operators... done! [2688 unary operators]
[t=0.0838948s, 20436 KB] time to simplify: 0.0292959s
[t=0.084915s, 20436 KB] Initializing additive heuristic...
[t=0.0849743s, 20436 KB] Initializing FF heuristic...
[t=0.0849997s, 20436 KB] Building successor generator...done!
[t=0.0880019s, 20436 KB] peak memory difference for successor generator creation: 0 KB
[t=0.0880442s, 20436 KB] time for successor generation creation: 0.00188275s
[t=0.0880692s, 20436 KB] Variables: 19
[t=0.0882764s, 20436 KB] FactPairs: 86
[t=0.0883001s, 20436 KB] Bytes per state: 8
[t=0.0883227s, 20436 KB] Conducting best first search without reopening closed nodes, (real) bound = 2147483647
[t=0.0883781s, 20436 KB] New best heuristic value for ff(): 35
[t=0.0884755s, 20436 KB] g=0, 1 evaluated, 0 expanded
[t=0.0884983s, 20436 KB] Initial heuristic value for ff(): 35
[t=0.0885218s, 20436 KB] pruning method: none
[t=0.0885445s, 20436 KB] Start Timestep: 1687903247515 millisecond(s).
[t=0.0885876s, 20436 KB] New best heuristic value for ff(): 34
[t=0.0886818s, 20436 KB] g=1, 2 evaluated, 1 expanded
[t=0.256043s, 20436 KB] New best heuristic value for ff(): 33
[t=0.25678s, 20436 KB] g=3, 3690 evaluated, 12 expanded
[t=0.26018s, 20436 KB] New best heuristic value for ff(): 30
[t=0.260517s, 20436 KB] g=4, 3767 evaluated, 13 expanded
[t=0.266463s, 20436 KB] New best heuristic value for ff(): 28
[t=0.267371s, 20436 KB] g=6, 3907 evaluated, 15 expanded
[t=0.26854s, 20436 KB] New best heuristic value for ff(): 23
[t=0.269469s, 20436 KB] g=7, 3951 evaluated, 16 expanded
[t=0.276933s, 20436 KB] New best heuristic value for ff(): 22
[t=0.277242s, 20436 KB] g=10, 4119 evaluated, 22 expanded
[t=0.293726s, 20436 KB] New best heuristic value for ff(): 21
[t=0.294608s, 20436 KB] g=13, 4491 evaluated, 28 expanded
[t=0.295334s, 20436 KB] New best heuristic value for ff(): 20
[t=0.295398s, 20436 KB] g=14, 4507 evaluated, 29 expanded
[t=0.295422s, 20436 KB] New best heuristic value for ff(): 18
[t=0.295538s, 20436 KB] g=14, 4509 evaluated, 29 expanded
[t=0.296807s, 20436 KB] New best heuristic value for ff(): 17
[t=0.297261s, 20436 KB] g=15, 4546 evaluated, 30 expanded
[t=0.297831s, 20436 KB] New best heuristic value for ff(): 14
[t=0.298261s, 20436 KB] g=16, 4567 evaluated, 31 expanded
[t=0.627717s, 20436 KB] New best heuristic value for ff(): 10
[t=0.627883s, 20436 KB] g=20, 11845 evaluated, 152 expanded
[t=0.630805s, 20436 KB] New best heuristic value for ff(): 6
[t=0.630863s, 20436 KB] g=21, 11911 evaluated, 153 expanded
[t=0.631803s, 20436 KB] New best heuristic value for ff(): 5
[t=0.632831s, 20436 KB] g=22, 11955 evaluated, 154 expanded
[t=0.644781s, 20436 KB] New best heuristic value for ff(): 4
[t=0.645084s, 20436 KB] g=25, 12250 evaluated, 157 expanded
[t=0.64511s, 20436 KB] New best heuristic value for ff(): 3
[t=0.64533s, 20436 KB] g=26, 12255 evaluated, 158 expanded
[t=0.645398s, 20436 KB] New best heuristic value for ff(): 2
[t=0.645631s, 20436 KB] g=27, 12262 evaluated, 159 expanded
[t=0.646431s, 20436 KB] New best heuristic value for ff(): 1
[t=0.646732s, 20436 KB] g=28, 12291 evaluated, 160 expanded
[t=0.648666s, 20436 KB] New best heuristic value for ff(): 0
[t=0.648889s, 20436 KB] g=29, 12348 evaluated, 161 expanded
[t=0.648912s, 20436 KB] Solution found!
[t=0.649273s, 20436 KB] Actual search time: 0.560686s
drive_tent girl0 place0 place3 car0 tent0 (1)
drive_tent_passenger girl1 place0 place1 car3 tent1 guy1 (1)
put_up girl1 place1 tent1 (1)
walk_together tent1 place1 guy2 place0 girl2 couple2 (1)
drive_tent girl0 place3 place2 car0 tent0 (1)
drive_passenger girl1 place1 place0 car3 guy1 (1)
walk_together tent1 place1 guy1 place0 girl1 couple1 (1)
put_down guy0 place0 tent2 (1)
drive_tent guy0 place0 place3 car1 tent2 (1)
put_up guy0 place3 tent2 (1)
put_up girl0 place2 tent0 (1)
drive guy0 place3 place0 car1 (1)
walk_together tent0 place2 guy1 place1 girl1 couple1 (1)
walk_together tent2 place3 guy1 place2 girl1 couple1 (1)
walk_together tent0 place2 guy2 place1 girl2 couple2 (1)
walk_together tent2 place3 guy2 place2 girl2 couple2 (1)
drive girl0 place2 place3 car0 (1)
drive guy0 place0 place3 car1 (1)
drive_passenger girl0 place3 place0 car0 guy0 (1)
walk_together tent1 place1 guy0 place0 girl0 couple0 (1)
walk_together tent0 place2 guy0 place1 girl0 couple0 (1)
walk_together tent2 place3 guy0 place2 girl0 couple0 (1)
put_down girl0 place3 tent2 (1)
drive_tent girl0 place3 place4 car1 tent2 (1)
put_up girl0 place4 tent2 (1)
walk_together tent2 place4 guy1 place3 girl1 couple1 (1)
walk_together tent2 place4 guy2 place3 girl2 couple2 (1)
drive girl0 place4 place3 car1 (1)
walk_together tent2 place4 guy0 place3 girl0 couple0 (1)
[t=0.649302s, 20436 KB] Plan length: 29 step(s).
[t=0.649302s, 20436 KB] Plan cost: 29
[t=0.649302s, 20436 KB] Timestamp: 1687903248081 millisecond(s).
[t=0.649302s, 20436 KB] Expanded 162 state(s).
[t=0.649302s, 20436 KB] Reopened 0 state(s).
[t=0.649302s, 20436 KB] Evaluated 12357 state(s).
[t=0.649302s, 20436 KB] Evaluations: 12357
[t=0.649302s, 20436 KB] Generated 22817 state(s).
[t=0.649302s, 20436 KB] Dead ends: 0 state(s).
[t=0.649302s, 20436 KB] Number of registered states: 12357
[t=0.649302s, 20436 KB] Int hash set load factor: 12357/16384 = 0.754211
[t=0.649302s, 20436 KB] Int hash set resizes: 14
[t=0.649302s, 20436 KB] Search time: 0.560979s
[t=0.649302s, 20436 KB] Total time: 0.649302s
Solution found.
Peak memory: 20436 KB
Remove intermediate file output.sas
search exit code: 0

INFO     Running validate.
INFO     validate stdin: None
INFO     validate time limit: None
INFO     validate memory limit: None
INFO     validate command line string: validate domain.pddl problem.pddl sas_plan
Checking plan: sas_plan
Plan executed successfully - checking goal
Plan valid
Final value: 29 

Successful plans:
Value: 29
 sas_plan 29 

validate exit code: 0

INFO     Planner time: 2.83s
