INFO     planner time limit: 900s
INFO     planner memory limit: 3584 MB

INFO     Running translator.
INFO     translator stdin: None
INFO     translator time limit: 899s
INFO     translator memory limit: 3584 MB
INFO     translator command line string: /usr/local/downward-projects/downward/experiments/.venv/bin/python3 /usr/local/downward-projects/downward/experiments/src/thesis/data/thesis-thesis_exp/code-beb2e19b3d35a0ced2c328754445ca6967892fa8_e5e41175/builds/release/bin/translate/translate.py domain.pddl problem.pddl --sas-file output.sas
Parsing...
Parsing: [0.010s CPU, 0.004s wall-clock]
Normalizing task... [0.000s CPU, 0.000s wall-clock]
Instantiating...
Generating Datalog program... [0.000s CPU, 0.001s wall-clock]
Normalizing Datalog program...
Normalizing Datalog program: [0.000s CPU, 0.001s wall-clock]
Preparing model... [0.000s CPU, 0.003s wall-clock]
Generated 26 rules.
Computing model... [2.920s CPU, 2.920s wall-clock]
215776 relevant atoms
152520 auxiliary atoms
368296 final queue length
784817 total queue pushes
Completing instantiation... [10.550s CPU, 10.598s wall-clock]
Instantiating: [13.600s CPU, 13.647s wall-clock]
Computing fact groups...
Finding invariants...
9 initial candidates
Finding invariants: [0.130s CPU, 0.137s wall-clock]
Checking invariant weight... [0.010s CPU, 0.000s wall-clock]
Instantiating groups... [0.010s CPU, 0.011s wall-clock]
Collecting mutex groups... [0.000s CPU, 0.002s wall-clock]
Choosing groups...
0 uncovered facts
Choosing groups: [0.010s CPU, 0.004s wall-clock]
Building translation key... [0.010s CPU, 0.002s wall-clock]
Computing fact groups: [0.170s CPU, 0.168s wall-clock]
Building STRIPS to SAS dictionary... [0.000s CPU, 0.002s wall-clock]
Building dictionary for full mutex groups... [0.000s CPU, 0.001s wall-clock]
Building mutex information...
Building mutex information: [0.000s CPU, 0.001s wall-clock]
Translating task...
Processing axioms...
Simplifying axioms... [0.000s CPU, 0.000s wall-clock]
Translator axioms removed by simplifying: 0
Computing negative axioms... [0.000s CPU, 0.000s wall-clock]
Processing axioms: [0.280s CPU, 0.279s wall-clock]
Translating task: [7.140s CPU, 7.148s wall-clock]
0 effect conditions simplified
0 implied preconditions added
Detecting unreachable propositions...
0 operators removed
0 axioms removed
77 propositions removed
Detecting unreachable propositions: [5.030s CPU, 5.031s wall-clock]
Reordering and filtering variables...
77 of 77 variables necessary.
0 of 77 mutex groups necessary.
212352 of 212352 operators necessary.
0 of 0 axiom rules necessary.
Reordering and filtering variables: [0.710s CPU, 0.720s wall-clock]
Translator variables: 77
Translator derived variables: 0
Translator facts: 2884
Translator goal facts: 21
Translator mutex groups: 0
Translator total mutex groups size: 0
Translator operators: 212352
Translator axioms: 0
Translator task size: 1260966
Translator peak memory: 869708 KB
Writing output... [0.960s CPU, 0.957s wall-clock]
Done! [27.960s CPU, 28.020s wall-clock]
translate exit code: 0

INFO     Running search (release).
INFO     search stdin: output.sas
INFO     search time limit: 871s
INFO     search memory limit: 3584 MB
INFO     search command line string: /usr/local/downward-projects/downward/experiments/src/thesis/data/thesis-thesis_exp/code-beb2e19b3d35a0ced2c328754445ca6967892fa8_e5e41175/builds/release/bin/downward --evaluator 'h=ff()' --search 'eager(alt([lwm_based_type(h), single(h)]))' --internal-plan-file sas_plan < output.sas
[t=0s, 11252 KB] reading input...
[t=0.7274s, 80524 KB] done reading input!
[t=0.791259s, 104720 KB] Simplifying 419328 unary operators... done! [419328 unary operators]
[t=1.66943s, 143168 KB] time to simplify: 0.878176s
[t=1.68138s, 143168 KB] Initializing additive heuristic...
[t=1.68532s, 143168 KB] Initializing FF heuristic...
[t=1.68536s, 143168 KB] Building successor generator...done!
[t=1.78423s, 152804 KB] peak memory difference for successor generator creation: 9636 KB
[t=1.78434s, 152804 KB] time for successor generation creation: 0.0956511s
[t=1.78437s, 152804 KB] Variables: 77
[t=1.7844s, 152804 KB] FactPairs: 2884
[t=1.78442s, 152804 KB] Bytes per state: 56
[t=1.78445s, 152804 KB] Conducting best first search without reopening closed nodes, (real) bound = 2147483647
[t=1.797s, 152804 KB] New best heuristic value for ff(): 2087
[t=1.79775s, 152804 KB] g=0, 1 evaluated, 0 expanded
[t=1.79778s, 152804 KB] Initial heuristic value for ff(): 2087
[t=1.79781s, 152804 KB] pruning method: none
[t=1.79784s, 152804 KB] Start Timestep: 1685764426367 millisecond(s).
[t=1.86884s, 152804 KB] New best heuristic value for ff(): 1850
[t=1.87129s, 152804 KB] g=17, 9 evaluated, 1 expanded
[t=1.88874s, 152804 KB] New best heuristic value for ff(): 1698
[t=1.89052s, 152804 KB] g=19, 11 evaluated, 1 expanded
[t=2.48778s, 152804 KB] New best heuristic value for ff(): 889
[t=2.49007s, 152804 KB] g=14, 80 evaluated, 1 expanded
[t=463.366s, 152804 KB] New best heuristic value for ff(): 888
[t=463.369s, 152804 KB] g=138, 52726 evaluated, 639 expanded
Peak memory: 152804 KB
caught signal 24 -- exiting
Time limit has been reached.
Remove intermediate file output.sas
search exit code: 23

Driver aborting after search
INFO     Planner time: 898.97s
