INFO     planner time limit: 300s
INFO     planner memory limit: 3584 MB

INFO     Running translator.
INFO     translator stdin: None
INFO     translator time limit: 299s
INFO     translator memory limit: 3584 MB
INFO     translator command line string: /usr/local/downward-projects/downward/experiments/.venv/bin/python3 /usr/local/downward-projects/downward/experiments/src/thesis/data/thesis-thesis_exp/code-d93485cdd92f65ede2ae3573b3f4adda0b49e4fd_e5e41175/builds/release/bin/translate/translate.py domain.pddl problem.pddl --sas-file output.sas
Parsing...
Parsing: [0.010s CPU, 0.002s wall-clock]
Normalizing task... [0.000s CPU, 0.000s wall-clock]
Instantiating...
Generating Datalog program... [0.000s CPU, 0.000s wall-clock]
Normalizing Datalog program...
Normalizing Datalog program: [0.000s CPU, 0.002s wall-clock]
Preparing model... [0.000s CPU, 0.001s wall-clock]
Generated 50 rules.
Computing model... [0.010s CPU, 0.006s wall-clock]
453 relevant atoms
548 auxiliary atoms
1001 final queue length
1271 total queue pushes
Completing instantiation... [0.000s CPU, 0.005s wall-clock]
Instantiating: [0.010s CPU, 0.014s wall-clock]
Computing fact groups...
Finding invariants...
11 initial candidates
Finding invariants: [0.010s CPU, 0.003s wall-clock]
Checking invariant weight... [0.000s CPU, 0.000s wall-clock]
Instantiating groups... [0.000s CPU, 0.001s wall-clock]
Collecting mutex groups... [0.000s CPU, 0.000s wall-clock]
Choosing groups...
0 uncovered facts
Choosing groups: [0.000s CPU, 0.000s wall-clock]
Building translation key... [0.000s CPU, 0.000s wall-clock]
Computing fact groups: [0.010s CPU, 0.005s wall-clock]
Building STRIPS to SAS dictionary... [0.000s CPU, 0.000s wall-clock]
Building dictionary for full mutex groups... [0.000s CPU, 0.000s wall-clock]
Building mutex information...
Building mutex information: [0.000s CPU, 0.000s wall-clock]
Translating task...
Processing axioms...
Simplifying axioms... [0.000s CPU, 0.000s wall-clock]
Translator axioms removed by simplifying: 0
Computing negative axioms... [0.000s CPU, 0.000s wall-clock]
Processing axioms: [0.000s CPU, 0.000s wall-clock]
Translating task: [0.000s CPU, 0.006s wall-clock]
0 effect conditions simplified
0 implied preconditions added
Detecting unreachable propositions...
0 operators removed
0 axioms removed
4 propositions removed
Detecting unreachable propositions: [0.010s CPU, 0.003s wall-clock]
Reordering and filtering variables...
22 of 22 variables necessary.
36 of 40 mutex groups necessary.
232 of 232 operators necessary.
0 of 0 axiom rules necessary.
Reordering and filtering variables: [0.000s CPU, 0.001s wall-clock]
Translator variables: 22
Translator derived variables: 0
Translator facts: 112
Translator goal facts: 15
Translator mutex groups: 36
Translator total mutex groups size: 144
Translator operators: 232
Translator axioms: 0
Translator task size: 1553
Translator peak memory: 32876 KB
Writing output... [0.000s CPU, 0.001s wall-clock]
Done! [0.040s CPU, 0.034s wall-clock]
translate exit code: 0

INFO     Running search (release).
INFO     search stdin: output.sas
INFO     search time limit: 299s
INFO     search memory limit: 3584 MB
INFO     search command line string: /usr/local/downward-projects/downward/experiments/src/thesis/data/thesis-thesis_exp/code-d93485cdd92f65ede2ae3573b3f4adda0b49e4fd_e5e41175/builds/release/bin/downward --evaluator 'h=ff()' --search 'eager(alt([type_based([h, g()], random_seed=-1), single(h)]))' --internal-plan-file sas_plan < output.sas
[t=0.00164354s, 11364 KB] reading input...
[t=0.00287318s, 11364 KB] done reading input!
[t=0.00378848s, 11752 KB] Simplifying 448 unary operators... done! [448 unary operators]
[t=0.00548311s, 11752 KB] time to simplify: 0.00169463s
[t=0.00553492s, 11752 KB] Initializing additive heuristic...
[t=0.0055935s, 11752 KB] Initializing FF heuristic...
[t=0.00561666s, 11752 KB] Building successor generator...done!
[t=0.00580393s, 11752 KB] peak memory difference for successor generator creation: 0 KB
[t=0.0058491s, 11752 KB] time for successor generation creation: 0s
[t=0.005873s, 11752 KB] Variables: 22
[t=0.00589777s, 11752 KB] FactPairs: 112
[t=0.00591964s, 11752 KB] Bytes per state: 8
[t=0.0059425s, 11752 KB] Conducting best first search without reopening closed nodes, (real) bound = 2147483647
[t=0.00599089s, 11752 KB] New best heuristic value for ff(): 56
[t=0.00603985s, 11752 KB] g=0, 1 evaluated, 0 expanded
[t=0.00606783s, 11752 KB] Initial heuristic value for ff(): 56
[t=0.0061019s, 11752 KB] pruning method: none
[t=0.0061249s, 11752 KB] Start Timestep: 1687943697981 millisecond(s).
[t=0.00616255s, 11752 KB] New best heuristic value for ff(): 50
[t=0.00620798s, 11752 KB] g=5, 2 evaluated, 1 expanded
[t=0.00623074s, 11752 KB] New best heuristic value for ff(): 45
[t=0.00635593s, 11752 KB] g=3, 12 evaluated, 1 expanded
[t=0.00637877s, 11752 KB] New best heuristic value for ff(): 43
[t=0.00646828s, 11752 KB] g=4, 19 evaluated, 2 expanded
[t=0.00649109s, 11752 KB] New best heuristic value for ff(): 41
[t=0.00668437s, 11752 KB] g=6, 37 evaluated, 4 expanded
[t=0.00670828s, 11752 KB] New best heuristic value for ff(): 40
[t=0.00693755s, 11752 KB] g=9, 60 evaluated, 6 expanded
[t=0.00696145s, 11752 KB] New best heuristic value for ff(): 38
[t=0.00710392s, 11752 KB] g=11, 72 evaluated, 8 expanded
[t=0.00712683s, 11752 KB] New best heuristic value for ff(): 36
[t=0.0073274s, 11752 KB] g=12, 92 evaluated, 10 expanded
[t=0.00735065s, 11752 KB] New best heuristic value for ff(): 34
[t=0.00771659s, 11752 KB] g=16, 131 evaluated, 15 expanded
[t=0.0077413s, 11752 KB] New best heuristic value for ff(): 31
[t=0.00796185s, 11752 KB] g=17, 154 evaluated, 17 expanded
[t=0.00798528s, 11752 KB] New best heuristic value for ff(): 30
[t=0.0082954s, 11752 KB] g=20, 189 evaluated, 21 expanded
[t=0.00831953s, 11752 KB] New best heuristic value for ff(): 29
[t=0.00855794s, 11752 KB] g=21, 216 evaluated, 23 expanded
[t=0.00858064s, 11752 KB] New best heuristic value for ff(): 28
[t=0.00884723s, 11752 KB] g=23, 244 evaluated, 27 expanded
[t=0.00887137s, 11752 KB] New best heuristic value for ff(): 27
[t=0.00905427s, 11752 KB] g=24, 261 evaluated, 29 expanded
[t=0.00916532s, 11752 KB] New best heuristic value for ff(): 26
[t=0.00923136s, 11752 KB] g=25, 272 evaluated, 30 expanded
[t=0.00925472s, 11752 KB] New best heuristic value for ff(): 24
[t=0.00951305s, 11752 KB] g=27, 299 evaluated, 34 expanded
[t=0.00953724s, 11752 KB] New best heuristic value for ff(): 23
[t=0.0101766s, 11752 KB] g=31, 378 evaluated, 46 expanded
[t=0.0102009s, 11752 KB] New best heuristic value for ff(): 22
[t=0.0103968s, 11752 KB] g=32, 400 evaluated, 48 expanded
[t=0.0104201s, 11752 KB] New best heuristic value for ff(): 20
[t=0.0110828s, 11752 KB] g=36, 482 evaluated, 60 expanded
[t=0.0170622s, 11892 KB] New best heuristic value for ff(): 19
[t=0.0194646s, 11892 KB] g=44, 1636 evaluated, 252 expanded
[t=0.0381116s, 12076 KB] New best heuristic value for ff(): 18
[t=0.0401569s, 12076 KB] g=84, 4604 evaluated, 835 expanded
[t=0.0401859s, 12076 KB] New best heuristic value for ff(): 16
[t=0.0404173s, 12076 KB] g=82, 4631 evaluated, 839 expanded
[t=0.0449565s, 12076 KB] New best heuristic value for ff(): 14
[t=0.0476076s, 12076 KB] g=81, 5673 evaluated, 1065 expanded
[t=0.047636s, 12076 KB] New best heuristic value for ff(): 12
[t=0.04772s, 12076 KB] g=84, 5684 evaluated, 1067 expanded
[t=0.0489113s, 12076 KB] New best heuristic value for ff(): 10
[t=0.0495276s, 12076 KB] g=89, 5954 evaluated, 1127 expanded
[t=0.328756s, 14264 KB] New best heuristic value for ff(): 8
[t=0.331066s, 14264 KB] g=64, 45841 evaluated, 10267 expanded
[t=0.331097s, 14264 KB] New best heuristic value for ff(): 7
[t=0.331161s, 14264 KB] g=69, 45848 evaluated, 10268 expanded
[t=0.331185s, 14264 KB] New best heuristic value for ff(): 5
[t=0.331317s, 14264 KB] g=70, 45863 evaluated, 10270 expanded
[t=0.331341s, 14264 KB] New best heuristic value for ff(): 3
[t=0.331433s, 14264 KB] g=72, 45873 evaluated, 10272 expanded
[t=0.331456s, 14264 KB] New best heuristic value for ff(): 2
[t=0.331553s, 14264 KB] g=73, 45884 evaluated, 10274 expanded
[t=0.331577s, 14396 KB] New best heuristic value for ff(): 0
[t=0.331644s, 14396 KB] g=75, 45889 evaluated, 10276 expanded
[t=0.33167s, 14396 KB] Solution found!
[t=0.331765s, 14396 KB] Actual search time: 0.325603s
up robot2 tile_2-2 tile_3-2 (3)
down robot1 tile_5-1 tile_4-1 (1)
paint-up robot1 tile_5-1 tile_4-1 white (2)
up robot2 tile_3-2 tile_4-2 (3)
paint-up robot2 tile_5-2 tile_4-2 black (2)
down robot2 tile_4-2 tile_3-2 (1)
right robot1 tile_4-1 tile_4-2 (1)
right robot1 tile_4-2 tile_4-3 (1)
paint-up robot1 tile_5-3 tile_4-3 white (2)
down robot1 tile_4-3 tile_3-3 (1)
left robot2 tile_3-2 tile_3-1 (1)
paint-up robot2 tile_4-1 tile_3-1 black (2)
left robot1 tile_3-3 tile_3-2 (1)
down robot2 tile_3-1 tile_2-1 (1)
change-color robot2 black white (5)
paint-up robot2 tile_3-1 tile_2-1 white (2)
paint-up robot1 tile_4-2 tile_3-2 white (2)
change-color robot1 white black (5)
right robot2 tile_2-1 tile_2-2 (1)
right robot1 tile_3-2 tile_3-3 (1)
paint-up robot1 tile_4-3 tile_3-3 black (2)
left robot1 tile_3-3 tile_3-2 (1)
right robot2 tile_2-2 tile_2-3 (1)
paint-up robot2 tile_3-3 tile_2-3 white (2)
down robot1 tile_3-2 tile_2-2 (1)
paint-up robot1 tile_3-2 tile_2-2 black (2)
down robot1 tile_2-2 tile_1-2 (1)
left robot2 tile_2-3 tile_2-2 (1)
left robot1 tile_1-2 tile_1-1 (1)
paint-up robot1 tile_2-1 tile_1-1 black (2)
right robot1 tile_1-1 tile_1-2 (1)
right robot1 tile_1-2 tile_1-3 (1)
paint-up robot1 tile_2-3 tile_1-3 black (2)
down robot1 tile_1-3 tile_0-3 (1)
left robot1 tile_0-3 tile_0-2 (1)
down robot2 tile_2-2 tile_1-2 (1)
paint-up robot2 tile_2-2 tile_1-2 white (2)
left robot2 tile_1-2 tile_1-1 (1)
paint-up robot1 tile_1-2 tile_0-2 black (2)
change-color robot1 black white (5)
down robot2 tile_1-1 tile_0-1 (1)
paint-up robot2 tile_1-1 tile_0-1 white (2)
right robot1 tile_0-2 tile_0-3 (1)
paint-up robot1 tile_1-3 tile_0-3 white (2)
[t=0.331796s, 14396 KB] Plan length: 44 step(s).
[t=0.331796s, 14396 KB] Plan cost: 75
[t=0.331796s, 14396 KB] Timestamp: 1687943698308 millisecond(s).
[t=0.331796s, 14396 KB] Expanded 10278 state(s).
[t=0.331796s, 14396 KB] Reopened 0 state(s).
[t=0.331796s, 14396 KB] Evaluated 45897 state(s).
[t=0.331796s, 14396 KB] Evaluations: 45897
[t=0.331796s, 14396 KB] Generated 81308 state(s).
[t=0.331796s, 14396 KB] Dead ends: 15943 state(s).
[t=0.331796s, 14396 KB] Number of registered states: 45897
[t=0.331796s, 14396 KB] Int hash set load factor: 45897/65536 = 0.700333
[t=0.331796s, 14396 KB] Int hash set resizes: 16
[t=0.331796s, 14396 KB] Search time: 0.325854s
[t=0.331796s, 14396 KB] Total time: 0.331796s
Solution found.
Peak memory: 14396 KB
Remove intermediate file output.sas
search exit code: 0

INFO     Running validate.
INFO     validate stdin: None
INFO     validate time limit: None
INFO     validate memory limit: None
INFO     validate command line string: validate domain.pddl problem.pddl sas_plan
Checking plan: sas_plan
Plan executed successfully - checking goal
Plan valid
Final value: 75 

Successful plans:
Value: 75
 sas_plan 75 

validate exit code: 0

INFO     Planner time: 0.45s
