INFO     planner time limit: 600s
INFO     planner memory limit: 3584 MB

INFO     Running translator.
INFO     translator stdin: None
INFO     translator time limit: 599s
INFO     translator memory limit: 3584 MB
INFO     translator command line string: /usr/local/downward-projects/downward/experiments/assign3/.venv/bin/python3 /usr/local/downward-projects/downward/experiments/assign3/data/assign3-anytime_exp/code-1fb14623350588fb782db39ad332c8a25eda53d6_e5e41175/builds/release/bin/translate/translate.py domain.pddl problem.pddl --sas-file output.sas
Parsing...
Parsing: [0.010s CPU, 0.003s wall-clock]
Normalizing task... [0.000s CPU, 0.000s wall-clock]
Instantiating...
Generating Datalog program... [0.000s CPU, 0.001s wall-clock]
Normalizing Datalog program...
Normalizing Datalog program: [0.000s CPU, 0.002s wall-clock]
Preparing model... [0.000s CPU, 0.003s wall-clock]
Generated 38 rules.
Computing model... [0.020s CPU, 0.022s wall-clock]
1373 relevant atoms
2276 auxiliary atoms
3649 final queue length
4535 total queue pushes
Completing instantiation... [0.020s CPU, 0.014s wall-clock]
Instantiating: [0.040s CPU, 0.043s wall-clock]
Computing fact groups...
Finding invariants...
7 initial candidates
Finding invariants: [0.000s CPU, 0.004s wall-clock]
Checking invariant weight... [0.000s CPU, 0.000s wall-clock]
Instantiating groups... [0.010s CPU, 0.007s wall-clock]
Collecting mutex groups... [0.000s CPU, 0.000s wall-clock]
Choosing groups...
77 uncovered facts
Choosing groups: [0.000s CPU, 0.001s wall-clock]
Building translation key... [0.000s CPU, 0.000s wall-clock]
Computing fact groups: [0.010s CPU, 0.014s wall-clock]
Building STRIPS to SAS dictionary... [0.000s CPU, 0.000s wall-clock]
Building dictionary for full mutex groups... [0.000s CPU, 0.001s wall-clock]
Building mutex information...
Building mutex information: [0.000s CPU, 0.000s wall-clock]
Translating task...
Processing axioms...
Simplifying axioms... [0.000s CPU, 0.000s wall-clock]
Translator axioms removed by simplifying: 0
Computing negative axioms... [0.000s CPU, 0.000s wall-clock]
Processing axioms: [0.000s CPU, 0.001s wall-clock]
Translating task: [0.020s CPU, 0.014s wall-clock]
622 effect conditions simplified
0 implied preconditions added
Detecting unreachable propositions...
0 operators removed
0 axioms removed
68 propositions removed
Detecting unreachable propositions: [0.000s CPU, 0.008s wall-clock]
Reordering and filtering variables...
52 of 52 variables necessary.
41 of 47 mutex groups necessary.
390 of 390 operators necessary.
0 of 0 axiom rules necessary.
Reordering and filtering variables: [0.010s CPU, 0.004s wall-clock]
Translator variables: 52
Translator derived variables: 0
Translator facts: 305
Translator goal facts: 5
Translator mutex groups: 41
Translator total mutex groups size: 254
Translator operators: 390
Translator axioms: 0
Translator task size: 3790
Translator peak memory: 34928 KB
Writing output... [0.000s CPU, 0.003s wall-clock]
Done! [0.090s CPU, 0.092s wall-clock]
translate exit code: 0

INFO     Running search (release).
INFO     search stdin: output.sas
INFO     search time limit: 599s
INFO     search memory limit: 3584 MB
INFO     search command line string: /usr/local/downward-projects/downward/experiments/assign3/data/assign3-anytime_exp/code-1fb14623350588fb782db39ad332c8a25eda53d6_e5e41175/builds/release/bin/downward --evaluator 'h=lmcut()' --search 'eager_anytime(alt(
        [single(weight(h, 2, verbosity=normal)), type_based([h, g()], random_seed=1234)]), 
        reopen_closed=true, f_eval=sum([h, g()]))' --internal-plan-file sas_plan < output.sas
[t=0s, 10884 KB] reading input...
[t=0.00396401s, 11160 KB] done reading input!
[t=0.00448188s, 11416 KB] Initializing landmark cut heuristic...
[t=0.00655024s, 11416 KB] Building successor generator...done!
[t=0.00685056s, 11548 KB] peak memory difference for successor generator creation: 132 KB
[t=0.00689932s, 11548 KB] time for successor generation creation: 0s
[t=0.00692444s, 11548 KB] Variables: 52
[t=0.00695136s, 11548 KB] FactPairs: 305
[t=0.00697482s, 11548 KB] Bytes per state: 12
[t=0.00699865s, 11548 KB] Conducting best first anytime search with reopening closed nodes, (real) bound = 2147483647
[t=0.00705185s, 11548 KB] New best heuristic value for lmcut(): 16
[t=0.00725258s, 11548 KB] g=0, 1 evaluated, 0 expanded
[t=0.00727826s, 11548 KB] Initial heuristic value for lmcut(): 16
[t=0.00730663s, 11548 KB] Start Timestep: 1682019581203 millisecond(s).
[t=0.00777552s, 11548 KB] New best heuristic value for lmcut(): 14
[t=0.0100608s, 11548 KB] g=1, 20 evaluated, 19 expanded
[t=0.0197125s, 11548 KB] New best heuristic value for lmcut(): 12
[t=0.0237304s, 11548 KB] g=3, 111 evaluated, 90 expanded
[t=0.0276791s, 11548 KB] New best heuristic value for lmcut(): 11
[t=0.0281202s, 11548 KB] g=5, 143 evaluated, 110 expanded
[t=0.0476336s, 11548 KB] New best heuristic value for lmcut(): 10
[t=0.0500669s, 11548 KB] g=7, 305 evaluated, 238 expanded
[t=0.0516086s, 11548 KB] New best heuristic value for lmcut(): 9
[t=0.0517415s, 11548 KB] g=7, 317 evaluated, 249 expanded
[t=0.167509s, 11548 KB] New best heuristic value for lmcut(): 8
[t=0.170272s, 11548 KB] g=19, 1166 evaluated, 1072 expanded, 132 reopened
[t=0.28341s, 11548 KB] New best heuristic value for lmcut(): 7
[t=0.286775s, 11548 KB] g=21, 2062 evaluated, 1905 expanded, 193 reopened
[t=0.287363s, 11548 KB] New best heuristic value for lmcut(): 6
[t=0.290438s, 11548 KB] g=22, 2096 evaluated, 1933 expanded, 193 reopened
[t=0.483282s, 11668 KB] New best heuristic value for lmcut(): 5
[t=0.486299s, 11668 KB] g=29, 3806 evaluated, 3448 expanded, 253 reopened
[t=2.45368s, 12592 KB] New best heuristic value for lmcut(): 4
[t=2.45562s, 12592 KB] g=32, 20066 evaluated, 20108 expanded, 2280 reopened
[t=4.56361s, 13520 KB] New best heuristic value for lmcut(): 3
[t=4.56617s, 13520 KB] g=41, 38962 evaluated, 40435 expanded, 5441 reopened
[t=22.9048s, 20820 KB] New best heuristic value for lmcut(): 2
[t=22.9049s, 20820 KB] g=46, 177314 evaluated, 224275 expanded, 63710 reopened
[t=233.095s, 134404 KB] New best heuristic value for lmcut(): 1
[t=233.095s, 134404 KB] g=56, 2018277 evaluated, 4124787 expanded, 2346327 reopened
[t=233.095s, 134404 KB] New best heuristic value for lmcut(): 0
[t=233.095s, 134404 KB] g=57, 2018283 evaluated, 4124794 expanded, 2346329 reopened
[t=233.095s, 134404 KB] Solution found!
move player-01 pos-11-05 pos-10-05 dir-left (0)
move player-01 pos-10-05 pos-09-05 dir-left (0)
move player-01 pos-09-05 pos-09-06 dir-down (0)
move player-01 pos-09-06 pos-08-06 dir-left (0)
move player-01 pos-08-06 pos-07-06 dir-left (0)
move player-01 pos-07-06 pos-06-06 dir-left (0)
push-to-nongoal player-01 stone-04 pos-06-06 pos-06-05 pos-06-04 dir-up (1)
push-to-nongoal player-01 stone-04 pos-06-05 pos-06-04 pos-06-03 dir-up (1)
move player-01 pos-06-04 pos-07-04 dir-right (0)
move player-01 pos-07-04 pos-08-04 dir-right (0)
push-to-nongoal player-01 stone-05 pos-08-04 pos-08-05 pos-08-06 dir-down (1)
move player-01 pos-08-05 pos-08-04 dir-up (0)
move player-01 pos-08-04 pos-07-04 dir-left (0)
move player-01 pos-07-04 pos-06-04 dir-left (0)
move player-01 pos-06-04 pos-06-05 dir-down (0)
move player-01 pos-06-05 pos-06-06 dir-down (0)
move player-01 pos-06-06 pos-05-06 dir-left (0)
move player-01 pos-05-06 pos-04-06 dir-left (0)
move player-01 pos-04-06 pos-04-05 dir-up (0)
push-to-nongoal player-01 stone-03 pos-04-05 pos-05-05 pos-06-05 dir-right (1)
move player-01 pos-05-05 pos-04-05 dir-left (0)
move player-01 pos-04-05 pos-04-06 dir-down (0)
move player-01 pos-04-06 pos-03-06 dir-left (0)
move player-01 pos-03-06 pos-02-06 dir-left (0)
move player-01 pos-02-06 pos-02-05 dir-up (0)
push-to-nongoal player-01 stone-02 pos-02-05 pos-03-05 pos-04-05 dir-right (1)
move player-01 pos-03-05 pos-03-06 dir-down (0)
move player-01 pos-03-06 pos-04-06 dir-right (0)
move player-01 pos-04-06 pos-05-06 dir-right (0)
move player-01 pos-05-06 pos-06-06 dir-right (0)
move player-01 pos-06-06 pos-07-06 dir-right (0)
push-to-nongoal player-01 stone-05 pos-07-06 pos-08-06 pos-09-06 dir-right (1)
move player-01 pos-08-06 pos-08-07 dir-down (0)
move player-01 pos-08-07 pos-09-07 dir-right (0)
push-to-nongoal player-01 stone-05 pos-09-07 pos-09-06 pos-09-05 dir-up (1)
move player-01 pos-09-06 pos-08-06 dir-left (0)
move player-01 pos-08-06 pos-08-05 dir-up (0)
push-to-nongoal player-01 stone-05 pos-08-05 pos-09-05 pos-10-05 dir-right (1)
push-to-nongoal player-01 stone-05 pos-09-05 pos-10-05 pos-11-05 dir-right (1)
push-to-nongoal player-01 stone-05 pos-10-05 pos-11-05 pos-12-05 dir-right (1)
push-to-nongoal player-01 stone-05 pos-11-05 pos-12-05 pos-13-05 dir-right (1)
move player-01 pos-12-05 pos-12-04 dir-up (0)
move player-01 pos-12-04 pos-13-04 dir-right (0)
move player-01 pos-13-04 pos-14-04 dir-right (0)
move player-01 pos-14-04 pos-14-05 dir-down (0)
move player-01 pos-14-05 pos-14-06 dir-down (0)
move player-01 pos-14-06 pos-13-06 dir-left (0)
push-to-goal player-01 stone-05 pos-13-06 pos-13-05 pos-13-04 dir-up (1)
move player-01 pos-13-05 pos-12-05 dir-left (0)
move player-01 pos-12-05 pos-11-05 dir-left (0)
move player-01 pos-11-05 pos-10-05 dir-left (0)
move player-01 pos-10-05 pos-09-05 dir-left (0)
move player-01 pos-09-05 pos-08-05 dir-left (0)
move player-01 pos-08-05 pos-08-04 dir-up (0)
move player-01 pos-08-04 pos-07-04 dir-left (0)
move player-01 pos-07-04 pos-06-04 dir-left (0)
push-to-nongoal player-01 stone-03 pos-06-04 pos-06-05 pos-06-06 dir-down (1)
move player-01 pos-06-05 pos-05-05 dir-left (0)
move player-01 pos-05-05 pos-05-06 dir-down (0)
move player-01 pos-05-06 pos-04-06 dir-left (0)
move player-01 pos-04-06 pos-03-06 dir-left (0)
move player-01 pos-03-06 pos-03-05 dir-up (0)
push-to-nongoal player-01 stone-02 pos-03-05 pos-04-05 pos-05-05 dir-right (1)
move player-01 pos-04-05 pos-04-06 dir-down (0)
move player-01 pos-04-06 pos-05-06 dir-right (0)
push-to-nongoal player-01 stone-03 pos-05-06 pos-06-06 pos-07-06 dir-right (1)
push-to-nongoal player-01 stone-03 pos-06-06 pos-07-06 pos-08-06 dir-right (1)
move player-01 pos-07-06 pos-06-06 dir-left (0)
move player-01 pos-06-06 pos-06-05 dir-up (0)
move player-01 pos-06-05 pos-06-04 dir-up (0)
move player-01 pos-06-04 pos-07-04 dir-right (0)
move player-01 pos-07-04 pos-07-03 dir-up (0)
move player-01 pos-07-03 pos-07-02 dir-up (0)
move player-01 pos-07-02 pos-08-02 dir-right (0)
push-to-goal player-01 stone-01 pos-08-02 pos-08-03 pos-08-04 dir-down (1)
push-to-nongoal player-01 stone-01 pos-08-03 pos-08-04 pos-08-05 dir-down (1)
move player-01 pos-08-04 pos-07-04 dir-left (0)
move player-01 pos-07-04 pos-06-04 dir-left (0)
move player-01 pos-06-04 pos-06-05 dir-down (0)
move player-01 pos-06-05 pos-06-06 dir-down (0)
move player-01 pos-06-06 pos-05-06 dir-left (0)
move player-01 pos-05-06 pos-04-06 dir-left (0)
move player-01 pos-04-06 pos-04-05 dir-up (0)
push-to-nongoal player-01 stone-02 pos-04-05 pos-05-05 pos-06-05 dir-right (1)
move player-01 pos-05-05 pos-04-05 dir-left (0)
move player-01 pos-04-05 pos-03-05 dir-left (0)
move player-01 pos-03-05 pos-03-04 dir-up (0)
move player-01 pos-03-04 pos-03-03 dir-up (0)
move player-01 pos-03-03 pos-04-03 dir-right (0)
move player-01 pos-04-03 pos-05-03 dir-right (0)
push-to-nongoal player-01 stone-04 pos-05-03 pos-06-03 pos-07-03 dir-right (1)
move player-01 pos-06-03 pos-05-03 dir-left (0)
move player-01 pos-05-03 pos-04-03 dir-left (0)
move player-01 pos-04-03 pos-03-03 dir-left (0)
move player-01 pos-03-03 pos-03-04 dir-down (0)
move player-01 pos-03-04 pos-03-05 dir-down (0)
move player-01 pos-03-05 pos-04-05 dir-right (0)
move player-01 pos-04-05 pos-05-05 dir-right (0)
move player-01 pos-05-05 pos-05-06 dir-down (0)
move player-01 pos-05-06 pos-06-06 dir-right (0)
push-to-nongoal player-01 stone-02 pos-06-06 pos-06-05 pos-06-04 dir-up (1)
push-to-nongoal player-01 stone-02 pos-06-05 pos-06-04 pos-06-03 dir-up (1)
move player-01 pos-06-04 pos-07-04 dir-right (0)
move player-01 pos-07-04 pos-08-04 dir-right (0)
move player-01 pos-08-04 pos-08-03 dir-up (0)
move player-01 pos-08-03 pos-08-02 dir-up (0)
move player-01 pos-08-02 pos-07-02 dir-left (0)
push-to-goal player-01 stone-04 pos-07-02 pos-07-03 pos-07-04 dir-down (1)
push-to-nongoal player-01 stone-02 pos-07-03 pos-06-03 pos-05-03 dir-left (1)
move player-01 pos-06-03 pos-06-04 dir-down (0)
move player-01 pos-06-04 pos-06-05 dir-down (0)
move player-01 pos-06-05 pos-05-05 dir-left (0)
move player-01 pos-05-05 pos-04-05 dir-left (0)
move player-01 pos-04-05 pos-03-05 dir-left (0)
move player-01 pos-03-05 pos-03-04 dir-up (0)
move player-01 pos-03-04 pos-03-03 dir-up (0)
move player-01 pos-03-03 pos-04-03 dir-right (0)
push-to-nongoal player-01 stone-02 pos-04-03 pos-05-03 pos-06-03 dir-right (1)
move player-01 pos-05-03 pos-04-03 dir-left (0)
move player-01 pos-04-03 pos-03-03 dir-left (0)
move player-01 pos-03-03 pos-03-04 dir-down (0)
move player-01 pos-03-04 pos-03-05 dir-down (0)
move player-01 pos-03-05 pos-04-05 dir-right (0)
move player-01 pos-04-05 pos-05-05 dir-right (0)
move player-01 pos-05-05 pos-06-05 dir-right (0)
move player-01 pos-06-05 pos-06-06 dir-down (0)
move player-01 pos-06-06 pos-07-06 dir-right (0)
push-to-nongoal player-01 stone-03 pos-07-06 pos-08-06 pos-09-06 dir-right (1)
push-to-goal player-01 stone-01 pos-08-06 pos-08-05 pos-08-04 dir-up (1)
push-to-nongoal player-01 stone-01 pos-08-05 pos-08-04 pos-08-03 dir-up (1)
move player-01 pos-08-04 pos-08-05 dir-down (0)
move player-01 pos-08-05 pos-09-05 dir-right (0)
move player-01 pos-09-05 pos-10-05 dir-right (0)
move player-01 pos-10-05 pos-11-05 dir-right (0)
move player-01 pos-11-05 pos-12-05 dir-right (0)
move player-01 pos-12-05 pos-13-05 dir-right (0)
move player-01 pos-13-05 pos-14-05 dir-right (0)
move player-01 pos-14-05 pos-14-04 dir-up (0)
push-to-goal player-01 stone-05 pos-14-04 pos-13-04 pos-12-04 dir-left (1)
push-to-nongoal player-01 stone-05 pos-13-04 pos-12-04 pos-11-04 dir-left (1)
move player-01 pos-12-04 pos-12-05 dir-down (0)
move player-01 pos-12-05 pos-11-05 dir-left (0)
move player-01 pos-11-05 pos-10-05 dir-left (0)
move player-01 pos-10-05 pos-09-05 dir-left (0)
move player-01 pos-09-05 pos-08-05 dir-left (0)
move player-01 pos-08-05 pos-08-06 dir-down (0)
move player-01 pos-08-06 pos-08-07 dir-down (0)
move player-01 pos-08-07 pos-09-07 dir-right (0)
push-to-nongoal player-01 stone-03 pos-09-07 pos-09-06 pos-09-05 dir-up (1)
move player-01 pos-09-06 pos-08-06 dir-left (0)
move player-01 pos-08-06 pos-08-05 dir-up (0)
push-to-nongoal player-01 stone-03 pos-08-05 pos-09-05 pos-10-05 dir-right (1)
push-to-nongoal player-01 stone-03 pos-09-05 pos-10-05 pos-11-05 dir-right (1)
push-to-nongoal player-01 stone-03 pos-10-05 pos-11-05 pos-12-05 dir-right (1)
push-to-nongoal player-01 stone-03 pos-11-05 pos-12-05 pos-13-05 dir-right (1)
move player-01 pos-12-05 pos-12-04 dir-up (0)
move player-01 pos-12-04 pos-13-04 dir-right (0)
move player-01 pos-13-04 pos-14-04 dir-right (0)
move player-01 pos-14-04 pos-14-05 dir-down (0)
move player-01 pos-14-05 pos-14-06 dir-down (0)
move player-01 pos-14-06 pos-13-06 dir-left (0)
push-to-goal player-01 stone-03 pos-13-06 pos-13-05 pos-13-04 dir-up (1)
move player-01 pos-13-05 pos-12-05 dir-left (0)
move player-01 pos-12-05 pos-11-05 dir-left (0)
move player-01 pos-11-05 pos-10-05 dir-left (0)
move player-01 pos-10-05 pos-10-04 dir-up (0)
push-to-goal player-01 stone-05 pos-10-04 pos-11-04 pos-12-04 dir-right (1)
move player-01 pos-11-04 pos-10-04 dir-left (0)
move player-01 pos-10-04 pos-10-05 dir-down (0)
move player-01 pos-10-05 pos-09-05 dir-left (0)
move player-01 pos-09-05 pos-08-05 dir-left (0)
move player-01 pos-08-05 pos-08-04 dir-up (0)
push-to-nongoal player-01 stone-04 pos-08-04 pos-07-04 pos-06-04 dir-left (1)
move player-01 pos-07-04 pos-07-03 dir-up (0)
move player-01 pos-07-03 pos-07-02 dir-up (0)
move player-01 pos-07-02 pos-08-02 dir-right (0)
push-to-goal player-01 stone-01 pos-08-02 pos-08-03 pos-08-04 dir-down (1)
push-to-nongoal player-01 stone-01 pos-08-03 pos-08-04 pos-08-05 dir-down (1)
push-to-nongoal player-01 stone-01 pos-08-04 pos-08-05 pos-08-06 dir-down (1)
move player-01 pos-08-05 pos-09-05 dir-right (0)
move player-01 pos-09-05 pos-09-06 dir-down (0)
move player-01 pos-09-06 pos-09-07 dir-down (0)
move player-01 pos-09-07 pos-08-07 dir-left (0)
push-to-nongoal player-01 stone-01 pos-08-07 pos-08-06 pos-08-05 dir-up (1)
move player-01 pos-08-06 pos-07-06 dir-left (0)
move player-01 pos-07-06 pos-06-06 dir-left (0)
move player-01 pos-06-06 pos-06-05 dir-up (0)
move player-01 pos-06-05 pos-05-05 dir-left (0)
move player-01 pos-05-05 pos-04-05 dir-left (0)
move player-01 pos-04-05 pos-03-05 dir-left (0)
move player-01 pos-03-05 pos-03-04 dir-up (0)
move player-01 pos-03-04 pos-03-03 dir-up (0)
move player-01 pos-03-03 pos-04-03 dir-right (0)
move player-01 pos-04-03 pos-05-03 dir-right (0)
push-to-nongoal player-01 stone-02 pos-05-03 pos-06-03 pos-07-03 dir-right (1)
push-to-nongoal player-01 stone-04 pos-06-03 pos-06-04 pos-06-05 dir-down (1)
push-to-nongoal player-01 stone-04 pos-06-04 pos-06-05 pos-06-06 dir-down (1)
move player-01 pos-06-05 pos-05-05 dir-left (0)
move player-01 pos-05-05 pos-05-06 dir-down (0)
push-to-nongoal player-01 stone-04 pos-05-06 pos-06-06 pos-07-06 dir-right (1)
move player-01 pos-06-06 pos-06-05 dir-up (0)
move player-01 pos-06-05 pos-06-04 dir-up (0)
move player-01 pos-06-04 pos-07-04 dir-right (0)
move player-01 pos-07-04 pos-08-04 dir-right (0)
move player-01 pos-08-04 pos-08-03 dir-up (0)
move player-01 pos-08-03 pos-08-02 dir-up (0)
move player-01 pos-08-02 pos-07-02 dir-left (0)
push-to-goal player-01 stone-02 pos-07-02 pos-07-03 pos-07-04 dir-down (1)
move player-01 pos-07-03 pos-06-03 dir-left (0)
move player-01 pos-06-03 pos-06-04 dir-down (0)
move player-01 pos-06-04 pos-06-05 dir-down (0)
move player-01 pos-06-05 pos-06-06 dir-down (0)
push-to-nongoal player-01 stone-04 pos-06-06 pos-07-06 pos-08-06 dir-right (1)
push-to-nongoal player-01 stone-04 pos-07-06 pos-08-06 pos-09-06 dir-right (1)
move player-01 pos-08-06 pos-08-07 dir-down (0)
move player-01 pos-08-07 pos-09-07 dir-right (0)
push-to-nongoal player-01 stone-04 pos-09-07 pos-09-06 pos-09-05 dir-up (1)
move player-01 pos-09-06 pos-08-06 dir-left (0)
push-to-goal player-01 stone-01 pos-08-06 pos-08-05 pos-08-04 dir-up (1)
push-to-nongoal player-01 stone-04 pos-08-05 pos-09-05 pos-10-05 dir-right (1)
push-to-nongoal player-01 stone-04 pos-09-05 pos-10-05 pos-11-05 dir-right (1)
push-to-nongoal player-01 stone-04 pos-10-05 pos-11-05 pos-12-05 dir-right (1)
push-to-nongoal player-01 stone-04 pos-11-05 pos-12-05 pos-13-05 dir-right (1)
push-to-nongoal player-01 stone-04 pos-12-05 pos-13-05 pos-14-05 dir-right (1)
move player-01 pos-13-05 pos-13-06 dir-down (0)
move player-01 pos-13-06 pos-14-06 dir-right (0)
push-to-goal player-01 stone-04 pos-14-06 pos-14-05 pos-14-04 dir-up (1)
[t=233.096s, 134404 KB] Plan length: 227 step(s).
[t=233.096s, 134404 KB] Plan cost: 57
[t=233.096s, 134404 KB] Solution: Incumbent solution found!
[t=233.096s, 134404 KB] Solution Timestep: 1682019815435 millisecond(s).
[t=233.096s, 134404 KB] Timestamp: 1682019815435 millisecond(s).
[t=233.096s, 134404 KB] Expanded 4124796 state(s).
[t=233.096s, 134404 KB] Reopened 2346330 state(s).
[t=233.096s, 134404 KB] Evaluated 2018283 state(s).
[t=233.096s, 134404 KB] Evaluations: 2157610
[t=233.096s, 134404 KB] Generated 10912622 state(s).
[t=233.096s, 134404 KB] Dead ends: 0 state(s).
[t=233.096s, 134404 KB] Number of registered states: 2157610
[t=233.096s, 134404 KB] Int hash set load factor: 2157610/4194304 = 0.514414
[t=233.096s, 134404 KB] Int hash set resizes: 22
[t=235.875s, 135384 KB] Solution found!
move player-01 pos-11-05 pos-10-05 dir-left (0)
move player-01 pos-10-05 pos-09-05 dir-left (0)
move player-01 pos-09-05 pos-09-06 dir-down (0)
move player-01 pos-09-06 pos-08-06 dir-left (0)
move player-01 pos-08-06 pos-07-06 dir-left (0)
move player-01 pos-07-06 pos-06-06 dir-left (0)
push-to-nongoal player-01 stone-04 pos-06-06 pos-06-05 pos-06-04 dir-up (1)
push-to-nongoal player-01 stone-04 pos-06-05 pos-06-04 pos-06-03 dir-up (1)
move player-01 pos-06-04 pos-07-04 dir-right (0)
move player-01 pos-07-04 pos-08-04 dir-right (0)
push-to-nongoal player-01 stone-05 pos-08-04 pos-08-05 pos-08-06 dir-down (1)
move player-01 pos-08-05 pos-08-04 dir-up (0)
move player-01 pos-08-04 pos-07-04 dir-left (0)
move player-01 pos-07-04 pos-06-04 dir-left (0)
move player-01 pos-06-04 pos-06-05 dir-down (0)
move player-01 pos-06-05 pos-06-06 dir-down (0)
move player-01 pos-06-06 pos-05-06 dir-left (0)
move player-01 pos-05-06 pos-04-06 dir-left (0)
move player-01 pos-04-06 pos-04-05 dir-up (0)
push-to-nongoal player-01 stone-03 pos-04-05 pos-05-05 pos-06-05 dir-right (1)
move player-01 pos-05-05 pos-04-05 dir-left (0)
move player-01 pos-04-05 pos-04-06 dir-down (0)
move player-01 pos-04-06 pos-03-06 dir-left (0)
move player-01 pos-03-06 pos-02-06 dir-left (0)
move player-01 pos-02-06 pos-02-05 dir-up (0)
push-to-nongoal player-01 stone-02 pos-02-05 pos-03-05 pos-04-05 dir-right (1)
move player-01 pos-03-05 pos-03-06 dir-down (0)
move player-01 pos-03-06 pos-04-06 dir-right (0)
move player-01 pos-04-06 pos-05-06 dir-right (0)
move player-01 pos-05-06 pos-06-06 dir-right (0)
move player-01 pos-06-06 pos-07-06 dir-right (0)
push-to-nongoal player-01 stone-05 pos-07-06 pos-08-06 pos-09-06 dir-right (1)
move player-01 pos-08-06 pos-08-07 dir-down (0)
move player-01 pos-08-07 pos-09-07 dir-right (0)
push-to-nongoal player-01 stone-05 pos-09-07 pos-09-06 pos-09-05 dir-up (1)
move player-01 pos-09-06 pos-08-06 dir-left (0)
move player-01 pos-08-06 pos-08-05 dir-up (0)
push-to-nongoal player-01 stone-05 pos-08-05 pos-09-05 pos-10-05 dir-right (1)
push-to-nongoal player-01 stone-05 pos-09-05 pos-10-05 pos-11-05 dir-right (1)
push-to-nongoal player-01 stone-05 pos-10-05 pos-11-05 pos-12-05 dir-right (1)
push-to-nongoal player-01 stone-05 pos-11-05 pos-12-05 pos-13-05 dir-right (1)
move player-01 pos-12-05 pos-12-04 dir-up (0)
move player-01 pos-12-04 pos-13-04 dir-right (0)
move player-01 pos-13-04 pos-14-04 dir-right (0)
move player-01 pos-14-04 pos-14-05 dir-down (0)
move player-01 pos-14-05 pos-14-06 dir-down (0)
move player-01 pos-14-06 pos-13-06 dir-left (0)
push-to-goal player-01 stone-05 pos-13-06 pos-13-05 pos-13-04 dir-up (1)
move player-01 pos-13-05 pos-12-05 dir-left (0)
move player-01 pos-12-05 pos-11-05 dir-left (0)
move player-01 pos-11-05 pos-10-05 dir-left (0)
move player-01 pos-10-05 pos-09-05 dir-left (0)
move player-01 pos-09-05 pos-08-05 dir-left (0)
move player-01 pos-08-05 pos-08-04 dir-up (0)
move player-01 pos-08-04 pos-07-04 dir-left (0)
move player-01 pos-07-04 pos-06-04 dir-left (0)
push-to-nongoal player-01 stone-03 pos-06-04 pos-06-05 pos-06-06 dir-down (1)
move player-01 pos-06-05 pos-05-05 dir-left (0)
move player-01 pos-05-05 pos-05-06 dir-down (0)
move player-01 pos-05-06 pos-04-06 dir-left (0)
move player-01 pos-04-06 pos-03-06 dir-left (0)
move player-01 pos-03-06 pos-03-05 dir-up (0)
push-to-nongoal player-01 stone-02 pos-03-05 pos-04-05 pos-05-05 dir-right (1)
move player-01 pos-04-05 pos-04-06 dir-down (0)
move player-01 pos-04-06 pos-05-06 dir-right (0)
push-to-nongoal player-01 stone-03 pos-05-06 pos-06-06 pos-07-06 dir-right (1)
push-to-nongoal player-01 stone-03 pos-06-06 pos-07-06 pos-08-06 dir-right (1)
move player-01 pos-07-06 pos-06-06 dir-left (0)
move player-01 pos-06-06 pos-06-05 dir-up (0)
move player-01 pos-06-05 pos-06-04 dir-up (0)
move player-01 pos-06-04 pos-07-04 dir-right (0)
move player-01 pos-07-04 pos-07-03 dir-up (0)
move player-01 pos-07-03 pos-07-02 dir-up (0)
move player-01 pos-07-02 pos-08-02 dir-right (0)
push-to-goal player-01 stone-01 pos-08-02 pos-08-03 pos-08-04 dir-down (1)
push-to-nongoal player-01 stone-01 pos-08-03 pos-08-04 pos-08-05 dir-down (1)
move player-01 pos-08-04 pos-07-04 dir-left (0)
move player-01 pos-07-04 pos-06-04 dir-left (0)
move player-01 pos-06-04 pos-06-05 dir-down (0)
move player-01 pos-06-05 pos-06-06 dir-down (0)
move player-01 pos-06-06 pos-05-06 dir-left (0)
move player-01 pos-05-06 pos-04-06 dir-left (0)
move player-01 pos-04-06 pos-04-05 dir-up (0)
push-to-nongoal player-01 stone-02 pos-04-05 pos-05-05 pos-06-05 dir-right (1)
move player-01 pos-05-05 pos-04-05 dir-left (0)
move player-01 pos-04-05 pos-03-05 dir-left (0)
move player-01 pos-03-05 pos-03-04 dir-up (0)
move player-01 pos-03-04 pos-03-03 dir-up (0)
move player-01 pos-03-03 pos-04-03 dir-right (0)
move player-01 pos-04-03 pos-05-03 dir-right (0)
push-to-nongoal player-01 stone-04 pos-05-03 pos-06-03 pos-07-03 dir-right (1)
move player-01 pos-06-03 pos-06-04 dir-down (0)
move player-01 pos-06-04 pos-07-04 dir-right (0)
move player-01 pos-07-04 pos-08-04 dir-right (0)
move player-01 pos-08-04 pos-08-03 dir-up (0)
move player-01 pos-08-03 pos-08-02 dir-up (0)
move player-01 pos-08-02 pos-07-02 dir-left (0)
push-to-goal player-01 stone-04 pos-07-02 pos-07-03 pos-07-04 dir-down (1)
move player-01 pos-07-03 pos-06-03 dir-left (0)
move player-01 pos-06-03 pos-05-03 dir-left (0)
move player-01 pos-05-03 pos-04-03 dir-left (0)
move player-01 pos-04-03 pos-03-03 dir-left (0)
move player-01 pos-03-03 pos-03-04 dir-down (0)
move player-01 pos-03-04 pos-03-05 dir-down (0)
move player-01 pos-03-05 pos-04-05 dir-right (0)
move player-01 pos-04-05 pos-05-05 dir-right (0)
move player-01 pos-05-05 pos-05-06 dir-down (0)
move player-01 pos-05-06 pos-06-06 dir-right (0)
push-to-nongoal player-01 stone-02 pos-06-06 pos-06-05 pos-06-04 dir-up (1)
push-to-nongoal player-01 stone-02 pos-06-05 pos-06-04 pos-06-03 dir-up (1)
move player-01 pos-06-04 pos-06-05 dir-down (0)
move player-01 pos-06-05 pos-06-06 dir-down (0)
move player-01 pos-06-06 pos-07-06 dir-right (0)
push-to-nongoal player-01 stone-03 pos-07-06 pos-08-06 pos-09-06 dir-right (1)
push-to-goal player-01 stone-01 pos-08-06 pos-08-05 pos-08-04 dir-up (1)
push-to-nongoal player-01 stone-01 pos-08-05 pos-08-04 pos-08-03 dir-up (1)
move player-01 pos-08-04 pos-08-05 dir-down (0)
move player-01 pos-08-05 pos-09-05 dir-right (0)
move player-01 pos-09-05 pos-10-05 dir-right (0)
move player-01 pos-10-05 pos-11-05 dir-right (0)
move player-01 pos-11-05 pos-12-05 dir-right (0)
move player-01 pos-12-05 pos-13-05 dir-right (0)
move player-01 pos-13-05 pos-14-05 dir-right (0)
move player-01 pos-14-05 pos-14-04 dir-up (0)
push-to-goal player-01 stone-05 pos-14-04 pos-13-04 pos-12-04 dir-left (1)
push-to-nongoal player-01 stone-05 pos-13-04 pos-12-04 pos-11-04 dir-left (1)
move player-01 pos-12-04 pos-12-05 dir-down (0)
move player-01 pos-12-05 pos-11-05 dir-left (0)
move player-01 pos-11-05 pos-10-05 dir-left (0)
move player-01 pos-10-05 pos-09-05 dir-left (0)
move player-01 pos-09-05 pos-08-05 dir-left (0)
move player-01 pos-08-05 pos-08-06 dir-down (0)
move player-01 pos-08-06 pos-08-07 dir-down (0)
move player-01 pos-08-07 pos-09-07 dir-right (0)
push-to-nongoal player-01 stone-03 pos-09-07 pos-09-06 pos-09-05 dir-up (1)
move player-01 pos-09-06 pos-08-06 dir-left (0)
move player-01 pos-08-06 pos-08-05 dir-up (0)
push-to-nongoal player-01 stone-03 pos-08-05 pos-09-05 pos-10-05 dir-right (1)
push-to-nongoal player-01 stone-03 pos-09-05 pos-10-05 pos-11-05 dir-right (1)
push-to-nongoal player-01 stone-03 pos-10-05 pos-11-05 pos-12-05 dir-right (1)
push-to-nongoal player-01 stone-03 pos-11-05 pos-12-05 pos-13-05 dir-right (1)
move player-01 pos-12-05 pos-12-04 dir-up (0)
move player-01 pos-12-04 pos-13-04 dir-right (0)
move player-01 pos-13-04 pos-14-04 dir-right (0)
move player-01 pos-14-04 pos-14-05 dir-down (0)
move player-01 pos-14-05 pos-14-06 dir-down (0)
move player-01 pos-14-06 pos-13-06 dir-left (0)
push-to-goal player-01 stone-03 pos-13-06 pos-13-05 pos-13-04 dir-up (1)
move player-01 pos-13-05 pos-12-05 dir-left (0)
move player-01 pos-12-05 pos-11-05 dir-left (0)
move player-01 pos-11-05 pos-10-05 dir-left (0)
move player-01 pos-10-05 pos-10-04 dir-up (0)
push-to-goal player-01 stone-05 pos-10-04 pos-11-04 pos-12-04 dir-right (1)
move player-01 pos-11-04 pos-10-04 dir-left (0)
move player-01 pos-10-04 pos-10-05 dir-down (0)
move player-01 pos-10-05 pos-09-05 dir-left (0)
move player-01 pos-09-05 pos-08-05 dir-left (0)
move player-01 pos-08-05 pos-08-04 dir-up (0)
push-to-nongoal player-01 stone-04 pos-08-04 pos-07-04 pos-06-04 dir-left (1)
move player-01 pos-07-04 pos-07-03 dir-up (0)
move player-01 pos-07-03 pos-07-02 dir-up (0)
move player-01 pos-07-02 pos-08-02 dir-right (0)
push-to-goal player-01 stone-01 pos-08-02 pos-08-03 pos-08-04 dir-down (1)
push-to-nongoal player-01 stone-01 pos-08-03 pos-08-04 pos-08-05 dir-down (1)
push-to-nongoal player-01 stone-01 pos-08-04 pos-08-05 pos-08-06 dir-down (1)
move player-01 pos-08-05 pos-09-05 dir-right (0)
move player-01 pos-09-05 pos-09-06 dir-down (0)
move player-01 pos-09-06 pos-09-07 dir-down (0)
move player-01 pos-09-07 pos-08-07 dir-left (0)
push-to-nongoal player-01 stone-01 pos-08-07 pos-08-06 pos-08-05 dir-up (1)
move player-01 pos-08-06 pos-07-06 dir-left (0)
move player-01 pos-07-06 pos-06-06 dir-left (0)
move player-01 pos-06-06 pos-06-05 dir-up (0)
move player-01 pos-06-05 pos-05-05 dir-left (0)
move player-01 pos-05-05 pos-04-05 dir-left (0)
move player-01 pos-04-05 pos-03-05 dir-left (0)
move player-01 pos-03-05 pos-03-04 dir-up (0)
move player-01 pos-03-04 pos-03-03 dir-up (0)
move player-01 pos-03-03 pos-04-03 dir-right (0)
move player-01 pos-04-03 pos-05-03 dir-right (0)
push-to-nongoal player-01 stone-02 pos-05-03 pos-06-03 pos-07-03 dir-right (1)
push-to-nongoal player-01 stone-04 pos-06-03 pos-06-04 pos-06-05 dir-down (1)
push-to-nongoal player-01 stone-04 pos-06-04 pos-06-05 pos-06-06 dir-down (1)
move player-01 pos-06-05 pos-05-05 dir-left (0)
move player-01 pos-05-05 pos-05-06 dir-down (0)
push-to-nongoal player-01 stone-04 pos-05-06 pos-06-06 pos-07-06 dir-right (1)
move player-01 pos-06-06 pos-06-05 dir-up (0)
move player-01 pos-06-05 pos-06-04 dir-up (0)
move player-01 pos-06-04 pos-07-04 dir-right (0)
move player-01 pos-07-04 pos-08-04 dir-right (0)
move player-01 pos-08-04 pos-08-03 dir-up (0)
move player-01 pos-08-03 pos-08-02 dir-up (0)
move player-01 pos-08-02 pos-07-02 dir-left (0)
push-to-goal player-01 stone-02 pos-07-02 pos-07-03 pos-07-04 dir-down (1)
move player-01 pos-07-03 pos-06-03 dir-left (0)
move player-01 pos-06-03 pos-06-04 dir-down (0)
move player-01 pos-06-04 pos-06-05 dir-down (0)
move player-01 pos-06-05 pos-06-06 dir-down (0)
push-to-nongoal player-01 stone-04 pos-06-06 pos-07-06 pos-08-06 dir-right (1)
push-to-nongoal player-01 stone-04 pos-07-06 pos-08-06 pos-09-06 dir-right (1)
move player-01 pos-08-06 pos-08-07 dir-down (0)
move player-01 pos-08-07 pos-09-07 dir-right (0)
push-to-nongoal player-01 stone-04 pos-09-07 pos-09-06 pos-09-05 dir-up (1)
move player-01 pos-09-06 pos-08-06 dir-left (0)
push-to-goal player-01 stone-01 pos-08-06 pos-08-05 pos-08-04 dir-up (1)
push-to-nongoal player-01 stone-04 pos-08-05 pos-09-05 pos-10-05 dir-right (1)
push-to-nongoal player-01 stone-04 pos-09-05 pos-10-05 pos-11-05 dir-right (1)
push-to-nongoal player-01 stone-04 pos-10-05 pos-11-05 pos-12-05 dir-right (1)
push-to-nongoal player-01 stone-04 pos-11-05 pos-12-05 pos-13-05 dir-right (1)
push-to-nongoal player-01 stone-04 pos-12-05 pos-13-05 pos-14-05 dir-right (1)
move player-01 pos-13-05 pos-13-06 dir-down (0)
move player-01 pos-13-06 pos-14-06 dir-right (0)
push-to-goal player-01 stone-04 pos-14-06 pos-14-05 pos-14-04 dir-up (1)
[t=235.875s, 135384 KB] Plan length: 213 step(s).
[t=235.875s, 135384 KB] Plan cost: 55
[t=235.875s, 135384 KB] Solution: Incumbent solution found!
[t=235.875s, 135384 KB] Solution Timestep: 1682019818226 millisecond(s).
[t=235.875s, 135384 KB] Timestamp: 1682019818226 millisecond(s).
[t=235.875s, 135384 KB] Expanded 4200580 state(s).
[t=235.875s, 135384 KB] Reopened 2389960 state(s).
[t=235.875s, 135384 KB] Evaluated 2030501 state(s).
[t=235.875s, 135384 KB] Evaluations: 2182914
[t=235.875s, 135384 KB] Generated 11111694 state(s).
[t=235.875s, 135384 KB] Dead ends: 0 state(s).
[t=235.875s, 135384 KB] Number of registered states: 2182914
[t=235.875s, 135384 KB] Int hash set load factor: 2182914/4194304 = 0.520447
[t=235.875s, 135384 KB] Int hash set resizes: 22
[t=272.009s, 149576 KB] Solution found!
move player-01 pos-11-05 pos-10-05 dir-left (0)
move player-01 pos-10-05 pos-09-05 dir-left (0)
move player-01 pos-09-05 pos-09-06 dir-down (0)
move player-01 pos-09-06 pos-08-06 dir-left (0)
move player-01 pos-08-06 pos-07-06 dir-left (0)
move player-01 pos-07-06 pos-06-06 dir-left (0)
push-to-nongoal player-01 stone-04 pos-06-06 pos-06-05 pos-06-04 dir-up (1)
push-to-nongoal player-01 stone-04 pos-06-05 pos-06-04 pos-06-03 dir-up (1)
move player-01 pos-06-04 pos-07-04 dir-right (0)
move player-01 pos-07-04 pos-08-04 dir-right (0)
push-to-nongoal player-01 stone-05 pos-08-04 pos-08-05 pos-08-06 dir-down (1)
move player-01 pos-08-05 pos-08-04 dir-up (0)
move player-01 pos-08-04 pos-07-04 dir-left (0)
move player-01 pos-07-04 pos-06-04 dir-left (0)
move player-01 pos-06-04 pos-06-05 dir-down (0)
move player-01 pos-06-05 pos-06-06 dir-down (0)
move player-01 pos-06-06 pos-05-06 dir-left (0)
move player-01 pos-05-06 pos-04-06 dir-left (0)
move player-01 pos-04-06 pos-04-05 dir-up (0)
push-to-nongoal player-01 stone-03 pos-04-05 pos-05-05 pos-06-05 dir-right (1)
move player-01 pos-05-05 pos-04-05 dir-left (0)
move player-01 pos-04-05 pos-04-06 dir-down (0)
move player-01 pos-04-06 pos-03-06 dir-left (0)
move player-01 pos-03-06 pos-02-06 dir-left (0)
move player-01 pos-02-06 pos-02-05 dir-up (0)
push-to-nongoal player-01 stone-02 pos-02-05 pos-03-05 pos-04-05 dir-right (1)
move player-01 pos-03-05 pos-03-06 dir-down (0)
move player-01 pos-03-06 pos-04-06 dir-right (0)
move player-01 pos-04-06 pos-05-06 dir-right (0)
move player-01 pos-05-06 pos-06-06 dir-right (0)
move player-01 pos-06-06 pos-07-06 dir-right (0)
push-to-nongoal player-01 stone-05 pos-07-06 pos-08-06 pos-09-06 dir-right (1)
move player-01 pos-08-06 pos-08-07 dir-down (0)
move player-01 pos-08-07 pos-09-07 dir-right (0)
push-to-nongoal player-01 stone-05 pos-09-07 pos-09-06 pos-09-05 dir-up (1)
move player-01 pos-09-06 pos-08-06 dir-left (0)
move player-01 pos-08-06 pos-08-05 dir-up (0)
push-to-nongoal player-01 stone-05 pos-08-05 pos-09-05 pos-10-05 dir-right (1)
push-to-nongoal player-01 stone-05 pos-09-05 pos-10-05 pos-11-05 dir-right (1)
push-to-nongoal player-01 stone-05 pos-10-05 pos-11-05 pos-12-05 dir-right (1)
push-to-nongoal player-01 stone-05 pos-11-05 pos-12-05 pos-13-05 dir-right (1)
move player-01 pos-12-05 pos-12-04 dir-up (0)
move player-01 pos-12-04 pos-13-04 dir-right (0)
move player-01 pos-13-04 pos-14-04 dir-right (0)
move player-01 pos-14-04 pos-14-05 dir-down (0)
move player-01 pos-14-05 pos-14-06 dir-down (0)
move player-01 pos-14-06 pos-13-06 dir-left (0)
push-to-goal player-01 stone-05 pos-13-06 pos-13-05 pos-13-04 dir-up (1)
move player-01 pos-13-05 pos-12-05 dir-left (0)
move player-01 pos-12-05 pos-11-05 dir-left (0)
move player-01 pos-11-05 pos-10-05 dir-left (0)
move player-01 pos-10-05 pos-09-05 dir-left (0)
move player-01 pos-09-05 pos-08-05 dir-left (0)
move player-01 pos-08-05 pos-08-04 dir-up (0)
move player-01 pos-08-04 pos-07-04 dir-left (0)
move player-01 pos-07-04 pos-06-04 dir-left (0)
push-to-nongoal player-01 stone-03 pos-06-04 pos-06-05 pos-06-06 dir-down (1)
move player-01 pos-06-05 pos-05-05 dir-left (0)
move player-01 pos-05-05 pos-05-06 dir-down (0)
move player-01 pos-05-06 pos-04-06 dir-left (0)
move player-01 pos-04-06 pos-03-06 dir-left (0)
move player-01 pos-03-06 pos-03-05 dir-up (0)
push-to-nongoal player-01 stone-02 pos-03-05 pos-04-05 pos-05-05 dir-right (1)
move player-01 pos-04-05 pos-04-06 dir-down (0)
move player-01 pos-04-06 pos-05-06 dir-right (0)
push-to-nongoal player-01 stone-03 pos-05-06 pos-06-06 pos-07-06 dir-right (1)
push-to-nongoal player-01 stone-03 pos-06-06 pos-07-06 pos-08-06 dir-right (1)
move player-01 pos-07-06 pos-06-06 dir-left (0)
move player-01 pos-06-06 pos-06-05 dir-up (0)
move player-01 pos-06-05 pos-06-04 dir-up (0)
move player-01 pos-06-04 pos-07-04 dir-right (0)
move player-01 pos-07-04 pos-07-03 dir-up (0)
move player-01 pos-07-03 pos-07-02 dir-up (0)
move player-01 pos-07-02 pos-08-02 dir-right (0)
push-to-goal player-01 stone-01 pos-08-02 pos-08-03 pos-08-04 dir-down (1)
push-to-nongoal player-01 stone-01 pos-08-03 pos-08-04 pos-08-05 dir-down (1)
move player-01 pos-08-04 pos-07-04 dir-left (0)
move player-01 pos-07-04 pos-06-04 dir-left (0)
move player-01 pos-06-04 pos-06-05 dir-down (0)
move player-01 pos-06-05 pos-06-06 dir-down (0)
move player-01 pos-06-06 pos-05-06 dir-left (0)
move player-01 pos-05-06 pos-04-06 dir-left (0)
move player-01 pos-04-06 pos-04-05 dir-up (0)
push-to-nongoal player-01 stone-02 pos-04-05 pos-05-05 pos-06-05 dir-right (1)
move player-01 pos-05-05 pos-04-05 dir-left (0)
move player-01 pos-04-05 pos-03-05 dir-left (0)
move player-01 pos-03-05 pos-03-04 dir-up (0)
move player-01 pos-03-04 pos-03-03 dir-up (0)
move player-01 pos-03-03 pos-04-03 dir-right (0)
move player-01 pos-04-03 pos-05-03 dir-right (0)
push-to-nongoal player-01 stone-04 pos-05-03 pos-06-03 pos-07-03 dir-right (1)
move player-01 pos-06-03 pos-06-04 dir-down (0)
move player-01 pos-06-04 pos-07-04 dir-right (0)
move player-01 pos-07-04 pos-08-04 dir-right (0)
move player-01 pos-08-04 pos-08-03 dir-up (0)
move player-01 pos-08-03 pos-08-02 dir-up (0)
move player-01 pos-08-02 pos-07-02 dir-left (0)
push-to-goal player-01 stone-04 pos-07-02 pos-07-03 pos-07-04 dir-down (1)
move player-01 pos-07-03 pos-06-03 dir-left (0)
move player-01 pos-06-03 pos-05-03 dir-left (0)
move player-01 pos-05-03 pos-04-03 dir-left (0)
move player-01 pos-04-03 pos-03-03 dir-left (0)
move player-01 pos-03-03 pos-03-04 dir-down (0)
move player-01 pos-03-04 pos-03-05 dir-down (0)
move player-01 pos-03-05 pos-04-05 dir-right (0)
move player-01 pos-04-05 pos-05-05 dir-right (0)
move player-01 pos-05-05 pos-05-06 dir-down (0)
move player-01 pos-05-06 pos-06-06 dir-right (0)
push-to-nongoal player-01 stone-02 pos-06-06 pos-06-05 pos-06-04 dir-up (1)
move player-01 pos-06-05 pos-06-06 dir-down (0)
move player-01 pos-06-06 pos-07-06 dir-right (0)
push-to-nongoal player-01 stone-03 pos-07-06 pos-08-06 pos-09-06 dir-right (1)
push-to-goal player-01 stone-01 pos-08-06 pos-08-05 pos-08-04 dir-up (1)
move player-01 pos-08-05 pos-09-05 dir-right (0)
move player-01 pos-09-05 pos-10-05 dir-right (0)
move player-01 pos-10-05 pos-11-05 dir-right (0)
move player-01 pos-11-05 pos-12-05 dir-right (0)
move player-01 pos-12-05 pos-13-05 dir-right (0)
move player-01 pos-13-05 pos-14-05 dir-right (0)
move player-01 pos-14-05 pos-14-04 dir-up (0)
push-to-goal player-01 stone-05 pos-14-04 pos-13-04 pos-12-04 dir-left (1)
push-to-nongoal player-01 stone-05 pos-13-04 pos-12-04 pos-11-04 dir-left (1)
move player-01 pos-12-04 pos-12-05 dir-down (0)
move player-01 pos-12-05 pos-11-05 dir-left (0)
move player-01 pos-11-05 pos-10-05 dir-left (0)
move player-01 pos-10-05 pos-09-05 dir-left (0)
move player-01 pos-09-05 pos-08-05 dir-left (0)
move player-01 pos-08-05 pos-08-06 dir-down (0)
move player-01 pos-08-06 pos-08-07 dir-down (0)
move player-01 pos-08-07 pos-09-07 dir-right (0)
push-to-nongoal player-01 stone-03 pos-09-07 pos-09-06 pos-09-05 dir-up (1)
move player-01 pos-09-06 pos-08-06 dir-left (0)
move player-01 pos-08-06 pos-08-05 dir-up (0)
push-to-nongoal player-01 stone-03 pos-08-05 pos-09-05 pos-10-05 dir-right (1)
push-to-nongoal player-01 stone-03 pos-09-05 pos-10-05 pos-11-05 dir-right (1)
push-to-nongoal player-01 stone-03 pos-10-05 pos-11-05 pos-12-05 dir-right (1)
push-to-nongoal player-01 stone-03 pos-11-05 pos-12-05 pos-13-05 dir-right (1)
move player-01 pos-12-05 pos-12-04 dir-up (0)
move player-01 pos-12-04 pos-13-04 dir-right (0)
move player-01 pos-13-04 pos-14-04 dir-right (0)
move player-01 pos-14-04 pos-14-05 dir-down (0)
move player-01 pos-14-05 pos-14-06 dir-down (0)
move player-01 pos-14-06 pos-13-06 dir-left (0)
push-to-goal player-01 stone-03 pos-13-06 pos-13-05 pos-13-04 dir-up (1)
move player-01 pos-13-05 pos-12-05 dir-left (0)
move player-01 pos-12-05 pos-11-05 dir-left (0)
move player-01 pos-11-05 pos-10-05 dir-left (0)
move player-01 pos-10-05 pos-10-04 dir-up (0)
push-to-goal player-01 stone-05 pos-10-04 pos-11-04 pos-12-04 dir-right (1)
move player-01 pos-11-04 pos-10-04 dir-left (0)
move player-01 pos-10-04 pos-10-05 dir-down (0)
move player-01 pos-10-05 pos-09-05 dir-left (0)
move player-01 pos-09-05 pos-09-06 dir-down (0)
move player-01 pos-09-06 pos-08-06 dir-left (0)
move player-01 pos-08-06 pos-07-06 dir-left (0)
move player-01 pos-07-06 pos-06-06 dir-left (0)
move player-01 pos-06-06 pos-06-05 dir-up (0)
move player-01 pos-06-05 pos-05-05 dir-left (0)
move player-01 pos-05-05 pos-04-05 dir-left (0)
move player-01 pos-04-05 pos-03-05 dir-left (0)
move player-01 pos-03-05 pos-03-04 dir-up (0)
move player-01 pos-03-04 pos-03-03 dir-up (0)
move player-01 pos-03-03 pos-04-03 dir-right (0)
move player-01 pos-04-03 pos-05-03 dir-right (0)
move player-01 pos-05-03 pos-06-03 dir-right (0)
push-to-nongoal player-01 stone-02 pos-06-03 pos-06-04 pos-06-05 dir-down (1)
push-to-nongoal player-01 stone-02 pos-06-04 pos-06-05 pos-06-06 dir-down (1)
move player-01 pos-06-05 pos-05-05 dir-left (0)
move player-01 pos-05-05 pos-05-06 dir-down (0)
push-to-nongoal player-01 stone-02 pos-05-06 pos-06-06 pos-07-06 dir-right (1)
push-to-nongoal player-01 stone-02 pos-06-06 pos-07-06 pos-08-06 dir-right (1)
push-to-nongoal player-01 stone-02 pos-07-06 pos-08-06 pos-09-06 dir-right (1)
move player-01 pos-08-06 pos-08-07 dir-down (0)
move player-01 pos-08-07 pos-09-07 dir-right (0)
push-to-nongoal player-01 stone-02 pos-09-07 pos-09-06 pos-09-05 dir-up (1)
move player-01 pos-09-06 pos-08-06 dir-left (0)
move player-01 pos-08-06 pos-08-05 dir-up (0)
push-to-nongoal player-01 stone-02 pos-08-05 pos-09-05 pos-10-05 dir-right (1)
push-to-nongoal player-01 stone-02 pos-09-05 pos-10-05 pos-11-05 dir-right (1)
push-to-nongoal player-01 stone-02 pos-10-05 pos-11-05 pos-12-05 dir-right (1)
push-to-nongoal player-01 stone-02 pos-11-05 pos-12-05 pos-13-05 dir-right (1)
push-to-nongoal player-01 stone-02 pos-12-05 pos-13-05 pos-14-05 dir-right (1)
move player-01 pos-13-05 pos-13-06 dir-down (0)
move player-01 pos-13-06 pos-14-06 dir-right (0)
push-to-goal player-01 stone-02 pos-14-06 pos-14-05 pos-14-04 dir-up (1)
[t=272.013s, 149576 KB] Plan length: 185 step(s).
[t=272.013s, 149576 KB] Plan cost: 45
[t=272.013s, 149576 KB] Solution: Incumbent solution found!
[t=272.013s, 149576 KB] Solution Timestep: 1682019854468 millisecond(s).
[t=272.013s, 149576 KB] Timestamp: 1682019854468 millisecond(s).
[t=272.013s, 149576 KB] Expanded 5089764 state(s).
[t=272.013s, 149576 KB] Reopened 2937695 state(s).
[t=272.013s, 149576 KB] Evaluated 2298365 state(s).
[t=272.013s, 149576 KB] Evaluations: 2527457
[t=272.013s, 149576 KB] Generated 13465264 state(s).
[t=272.013s, 149576 KB] Dead ends: 0 state(s).
[t=272.013s, 149576 KB] Number of registered states: 2527457
[t=272.013s, 149576 KB] Int hash set load factor: 2527457/4194304 = 0.602593
[t=272.013s, 149576 KB] Int hash set resizes: 22
[t=288.105s, 155228 KB] Solution found!
move player-01 pos-11-05 pos-10-05 dir-left (0)
move player-01 pos-10-05 pos-09-05 dir-left (0)
move player-01 pos-09-05 pos-09-06 dir-down (0)
move player-01 pos-09-06 pos-08-06 dir-left (0)
move player-01 pos-08-06 pos-07-06 dir-left (0)
move player-01 pos-07-06 pos-06-06 dir-left (0)
push-to-nongoal player-01 stone-04 pos-06-06 pos-06-05 pos-06-04 dir-up (1)
push-to-nongoal player-01 stone-04 pos-06-05 pos-06-04 pos-06-03 dir-up (1)
move player-01 pos-06-04 pos-07-04 dir-right (0)
move player-01 pos-07-04 pos-08-04 dir-right (0)
push-to-nongoal player-01 stone-05 pos-08-04 pos-08-05 pos-08-06 dir-down (1)
move player-01 pos-08-05 pos-08-04 dir-up (0)
move player-01 pos-08-04 pos-07-04 dir-left (0)
move player-01 pos-07-04 pos-06-04 dir-left (0)
move player-01 pos-06-04 pos-06-05 dir-down (0)
move player-01 pos-06-05 pos-06-06 dir-down (0)
move player-01 pos-06-06 pos-05-06 dir-left (0)
move player-01 pos-05-06 pos-04-06 dir-left (0)
move player-01 pos-04-06 pos-04-05 dir-up (0)
push-to-nongoal player-01 stone-03 pos-04-05 pos-05-05 pos-06-05 dir-right (1)
move player-01 pos-05-05 pos-04-05 dir-left (0)
move player-01 pos-04-05 pos-04-06 dir-down (0)
move player-01 pos-04-06 pos-03-06 dir-left (0)
move player-01 pos-03-06 pos-02-06 dir-left (0)
move player-01 pos-02-06 pos-02-05 dir-up (0)
push-to-nongoal player-01 stone-02 pos-02-05 pos-03-05 pos-04-05 dir-right (1)
move player-01 pos-03-05 pos-03-06 dir-down (0)
move player-01 pos-03-06 pos-04-06 dir-right (0)
move player-01 pos-04-06 pos-05-06 dir-right (0)
move player-01 pos-05-06 pos-06-06 dir-right (0)
move player-01 pos-06-06 pos-07-06 dir-right (0)
push-to-nongoal player-01 stone-05 pos-07-06 pos-08-06 pos-09-06 dir-right (1)
move player-01 pos-08-06 pos-08-07 dir-down (0)
move player-01 pos-08-07 pos-09-07 dir-right (0)
push-to-nongoal player-01 stone-05 pos-09-07 pos-09-06 pos-09-05 dir-up (1)
move player-01 pos-09-06 pos-08-06 dir-left (0)
move player-01 pos-08-06 pos-08-05 dir-up (0)
push-to-nongoal player-01 stone-05 pos-08-05 pos-09-05 pos-10-05 dir-right (1)
push-to-nongoal player-01 stone-05 pos-09-05 pos-10-05 pos-11-05 dir-right (1)
push-to-nongoal player-01 stone-05 pos-10-05 pos-11-05 pos-12-05 dir-right (1)
push-to-nongoal player-01 stone-05 pos-11-05 pos-12-05 pos-13-05 dir-right (1)
move player-01 pos-12-05 pos-12-04 dir-up (0)
move player-01 pos-12-04 pos-13-04 dir-right (0)
move player-01 pos-13-04 pos-14-04 dir-right (0)
move player-01 pos-14-04 pos-14-05 dir-down (0)
move player-01 pos-14-05 pos-14-06 dir-down (0)
move player-01 pos-14-06 pos-13-06 dir-left (0)
push-to-goal player-01 stone-05 pos-13-06 pos-13-05 pos-13-04 dir-up (1)
move player-01 pos-13-05 pos-12-05 dir-left (0)
move player-01 pos-12-05 pos-11-05 dir-left (0)
move player-01 pos-11-05 pos-10-05 dir-left (0)
move player-01 pos-10-05 pos-09-05 dir-left (0)
move player-01 pos-09-05 pos-08-05 dir-left (0)
move player-01 pos-08-05 pos-08-04 dir-up (0)
move player-01 pos-08-04 pos-07-04 dir-left (0)
move player-01 pos-07-04 pos-06-04 dir-left (0)
push-to-nongoal player-01 stone-03 pos-06-04 pos-06-05 pos-06-06 dir-down (1)
move player-01 pos-06-05 pos-05-05 dir-left (0)
move player-01 pos-05-05 pos-05-06 dir-down (0)
move player-01 pos-05-06 pos-04-06 dir-left (0)
move player-01 pos-04-06 pos-03-06 dir-left (0)
move player-01 pos-03-06 pos-03-05 dir-up (0)
push-to-nongoal player-01 stone-02 pos-03-05 pos-04-05 pos-05-05 dir-right (1)
move player-01 pos-04-05 pos-04-06 dir-down (0)
move player-01 pos-04-06 pos-05-06 dir-right (0)
push-to-nongoal player-01 stone-03 pos-05-06 pos-06-06 pos-07-06 dir-right (1)
push-to-nongoal player-01 stone-03 pos-06-06 pos-07-06 pos-08-06 dir-right (1)
move player-01 pos-07-06 pos-06-06 dir-left (0)
move player-01 pos-06-06 pos-06-05 dir-up (0)
move player-01 pos-06-05 pos-06-04 dir-up (0)
move player-01 pos-06-04 pos-07-04 dir-right (0)
move player-01 pos-07-04 pos-07-03 dir-up (0)
move player-01 pos-07-03 pos-07-02 dir-up (0)
move player-01 pos-07-02 pos-08-02 dir-right (0)
push-to-goal player-01 stone-01 pos-08-02 pos-08-03 pos-08-04 dir-down (1)
push-to-nongoal player-01 stone-01 pos-08-03 pos-08-04 pos-08-05 dir-down (1)
move player-01 pos-08-04 pos-07-04 dir-left (0)
move player-01 pos-07-04 pos-06-04 dir-left (0)
move player-01 pos-06-04 pos-06-05 dir-down (0)
move player-01 pos-06-05 pos-06-06 dir-down (0)
move player-01 pos-06-06 pos-05-06 dir-left (0)
move player-01 pos-05-06 pos-04-06 dir-left (0)
move player-01 pos-04-06 pos-04-05 dir-up (0)
push-to-nongoal player-01 stone-02 pos-04-05 pos-05-05 pos-06-05 dir-right (1)
move player-01 pos-05-05 pos-04-05 dir-left (0)
move player-01 pos-04-05 pos-03-05 dir-left (0)
move player-01 pos-03-05 pos-03-04 dir-up (0)
move player-01 pos-03-04 pos-03-03 dir-up (0)
move player-01 pos-03-03 pos-04-03 dir-right (0)
move player-01 pos-04-03 pos-05-03 dir-right (0)
push-to-nongoal player-01 stone-04 pos-05-03 pos-06-03 pos-07-03 dir-right (1)
move player-01 pos-06-03 pos-06-04 dir-down (0)
move player-01 pos-06-04 pos-07-04 dir-right (0)
move player-01 pos-07-04 pos-08-04 dir-right (0)
move player-01 pos-08-04 pos-08-03 dir-up (0)
move player-01 pos-08-03 pos-08-02 dir-up (0)
move player-01 pos-08-02 pos-07-02 dir-left (0)
push-to-goal player-01 stone-04 pos-07-02 pos-07-03 pos-07-04 dir-down (1)
move player-01 pos-07-03 pos-06-03 dir-left (0)
move player-01 pos-06-03 pos-05-03 dir-left (0)
move player-01 pos-05-03 pos-04-03 dir-left (0)
move player-01 pos-04-03 pos-03-03 dir-left (0)
move player-01 pos-03-03 pos-03-04 dir-down (0)
move player-01 pos-03-04 pos-03-05 dir-down (0)
move player-01 pos-03-05 pos-04-05 dir-right (0)
move player-01 pos-04-05 pos-05-05 dir-right (0)
move player-01 pos-05-05 pos-05-06 dir-down (0)
move player-01 pos-05-06 pos-06-06 dir-right (0)
move player-01 pos-06-06 pos-07-06 dir-right (0)
push-to-nongoal player-01 stone-03 pos-07-06 pos-08-06 pos-09-06 dir-right (1)
push-to-goal player-01 stone-01 pos-08-06 pos-08-05 pos-08-04 dir-up (1)
move player-01 pos-08-05 pos-09-05 dir-right (0)
move player-01 pos-09-05 pos-10-05 dir-right (0)
move player-01 pos-10-05 pos-11-05 dir-right (0)
move player-01 pos-11-05 pos-12-05 dir-right (0)
move player-01 pos-12-05 pos-13-05 dir-right (0)
move player-01 pos-13-05 pos-14-05 dir-right (0)
move player-01 pos-14-05 pos-14-04 dir-up (0)
push-to-goal player-01 stone-05 pos-14-04 pos-13-04 pos-12-04 dir-left (1)
push-to-nongoal player-01 stone-05 pos-13-04 pos-12-04 pos-11-04 dir-left (1)
move player-01 pos-12-04 pos-12-05 dir-down (0)
move player-01 pos-12-05 pos-11-05 dir-left (0)
move player-01 pos-11-05 pos-10-05 dir-left (0)
move player-01 pos-10-05 pos-09-05 dir-left (0)
move player-01 pos-09-05 pos-08-05 dir-left (0)
move player-01 pos-08-05 pos-08-06 dir-down (0)
move player-01 pos-08-06 pos-08-07 dir-down (0)
move player-01 pos-08-07 pos-09-07 dir-right (0)
push-to-nongoal player-01 stone-03 pos-09-07 pos-09-06 pos-09-05 dir-up (1)
move player-01 pos-09-06 pos-08-06 dir-left (0)
move player-01 pos-08-06 pos-08-05 dir-up (0)
push-to-nongoal player-01 stone-03 pos-08-05 pos-09-05 pos-10-05 dir-right (1)
push-to-nongoal player-01 stone-03 pos-09-05 pos-10-05 pos-11-05 dir-right (1)
push-to-nongoal player-01 stone-03 pos-10-05 pos-11-05 pos-12-05 dir-right (1)
push-to-nongoal player-01 stone-03 pos-11-05 pos-12-05 pos-13-05 dir-right (1)
move player-01 pos-12-05 pos-12-04 dir-up (0)
move player-01 pos-12-04 pos-13-04 dir-right (0)
move player-01 pos-13-04 pos-14-04 dir-right (0)
move player-01 pos-14-04 pos-14-05 dir-down (0)
move player-01 pos-14-05 pos-14-06 dir-down (0)
move player-01 pos-14-06 pos-13-06 dir-left (0)
push-to-goal player-01 stone-03 pos-13-06 pos-13-05 pos-13-04 dir-up (1)
move player-01 pos-13-05 pos-12-05 dir-left (0)
move player-01 pos-12-05 pos-11-05 dir-left (0)
move player-01 pos-11-05 pos-10-05 dir-left (0)
move player-01 pos-10-05 pos-10-04 dir-up (0)
push-to-goal player-01 stone-05 pos-10-04 pos-11-04 pos-12-04 dir-right (1)
move player-01 pos-11-04 pos-10-04 dir-left (0)
move player-01 pos-10-04 pos-10-05 dir-down (0)
move player-01 pos-10-05 pos-09-05 dir-left (0)
move player-01 pos-09-05 pos-09-06 dir-down (0)
move player-01 pos-09-06 pos-08-06 dir-left (0)
move player-01 pos-08-06 pos-07-06 dir-left (0)
move player-01 pos-07-06 pos-06-06 dir-left (0)
move player-01 pos-06-06 pos-05-06 dir-left (0)
move player-01 pos-05-06 pos-05-05 dir-up (0)
move player-01 pos-05-05 pos-04-05 dir-left (0)
move player-01 pos-04-05 pos-03-05 dir-left (0)
move player-01 pos-03-05 pos-03-04 dir-up (0)
move player-01 pos-03-04 pos-03-03 dir-up (0)
move player-01 pos-03-03 pos-04-03 dir-right (0)
move player-01 pos-04-03 pos-05-03 dir-right (0)
move player-01 pos-05-03 pos-06-03 dir-right (0)
move player-01 pos-06-03 pos-06-04 dir-down (0)
push-to-nongoal player-01 stone-02 pos-06-04 pos-06-05 pos-06-06 dir-down (1)
move player-01 pos-06-05 pos-05-05 dir-left (0)
move player-01 pos-05-05 pos-05-06 dir-down (0)
push-to-nongoal player-01 stone-02 pos-05-06 pos-06-06 pos-07-06 dir-right (1)
push-to-nongoal player-01 stone-02 pos-06-06 pos-07-06 pos-08-06 dir-right (1)
push-to-nongoal player-01 stone-02 pos-07-06 pos-08-06 pos-09-06 dir-right (1)
move player-01 pos-08-06 pos-08-07 dir-down (0)
move player-01 pos-08-07 pos-09-07 dir-right (0)
push-to-nongoal player-01 stone-02 pos-09-07 pos-09-06 pos-09-05 dir-up (1)
move player-01 pos-09-06 pos-08-06 dir-left (0)
move player-01 pos-08-06 pos-08-05 dir-up (0)
push-to-nongoal player-01 stone-02 pos-08-05 pos-09-05 pos-10-05 dir-right (1)
push-to-nongoal player-01 stone-02 pos-09-05 pos-10-05 pos-11-05 dir-right (1)
push-to-nongoal player-01 stone-02 pos-10-05 pos-11-05 pos-12-05 dir-right (1)
push-to-nongoal player-01 stone-02 pos-11-05 pos-12-05 pos-13-05 dir-right (1)
push-to-nongoal player-01 stone-02 pos-12-05 pos-13-05 pos-14-05 dir-right (1)
move player-01 pos-13-05 pos-13-06 dir-down (0)
move player-01 pos-13-06 pos-14-06 dir-right (0)
push-to-goal player-01 stone-02 pos-14-06 pos-14-05 pos-14-04 dir-up (1)
[t=288.105s, 155228 KB] Plan length: 183 step(s).
[t=288.105s, 155228 KB] Plan cost: 43
[t=288.105s, 155228 KB] Solution: Incumbent solution found!
[t=288.105s, 155228 KB] Solution Timestep: 1682019870613 millisecond(s).
[t=288.105s, 155228 KB] Timestamp: 1682019870613 millisecond(s).
[t=288.105s, 155228 KB] Expanded 5407868 state(s).
[t=288.105s, 155228 KB] Reopened 3088682 state(s).
[t=288.105s, 155228 KB] Evaluated 2406650 state(s).
[t=288.105s, 155228 KB] Evaluations: 2681642
[t=288.105s, 155228 KB] Generated 14301015 state(s).
[t=288.105s, 155228 KB] Dead ends: 0 state(s).
[t=288.105s, 155228 KB] Number of registered states: 2681642
[t=288.105s, 155228 KB] Int hash set load factor: 2681642/4194304 = 0.639353
[t=288.105s, 155228 KB] Int hash set resizes: 22
Peak memory: 290908 KB
caught signal 24 -- exiting
Time limit has been reached.
Remove intermediate file output.sas
search exit code: 23

Driver aborting after search
INFO     Planner time: 598.13s
