INFO     planner time limit: 900s
INFO     planner memory limit: 3584 MB

INFO     Running translator.
INFO     translator stdin: None
INFO     translator time limit: 899s
INFO     translator memory limit: 3584 MB
INFO     translator command line string: /usr/local/downward-projects/downward/experiments/.venv/bin/python3 /usr/local/downward-projects/downward/experiments/src/thesis/data/thesis-thesis_exp/code-f7a4f68fd467cf7cff4d3dfcfdfcfa2023e44324_e5e41175/builds/release/bin/translate/translate.py domain.pddl problem.pddl --sas-file output.sas
Parsing...
Parsing: [0.000s CPU, 0.002s wall-clock]
Normalizing task... [0.000s CPU, 0.000s wall-clock]
Instantiating...
Generating Datalog program... [0.000s CPU, 0.001s wall-clock]
Normalizing Datalog program...
Normalizing Datalog program: [0.000s CPU, 0.001s wall-clock]
Preparing model... [0.010s CPU, 0.002s wall-clock]
Generated 21 rules.
Computing model... [0.530s CPU, 0.525s wall-clock]
56442 relevant atoms
37672 auxiliary atoms
94114 final queue length
168378 total queue pushes
Completing instantiation... [1.590s CPU, 1.587s wall-clock]
Instantiating: [2.140s CPU, 2.138s wall-clock]
Computing fact groups...
Finding invariants...
10 initial candidates
Finding invariants: [0.010s CPU, 0.002s wall-clock]
Checking invariant weight... [0.000s CPU, 0.001s wall-clock]
Instantiating groups... [0.230s CPU, 0.230s wall-clock]
Collecting mutex groups... [0.010s CPU, 0.015s wall-clock]
Choosing groups...
137 uncovered facts
Choosing groups: [0.070s CPU, 0.065s wall-clock]
Building translation key... [0.010s CPU, 0.014s wall-clock]
Computing fact groups: [0.420s CPU, 0.417s wall-clock]
Building STRIPS to SAS dictionary... [0.010s CPU, 0.009s wall-clock]
Building dictionary for full mutex groups... [0.030s CPU, 0.028s wall-clock]
Building mutex information...
Building mutex information: [0.020s CPU, 0.021s wall-clock]
Translating task...
Processing axioms...
Simplifying axioms... [0.000s CPU, 0.000s wall-clock]
Translator axioms removed by simplifying: 0
Computing negative axioms... [0.000s CPU, 0.000s wall-clock]
Processing axioms: [0.050s CPU, 0.051s wall-clock]
Translating task: [1.870s CPU, 1.878s wall-clock]
55352 effect conditions simplified
0 implied preconditions added
Detecting unreachable propositions...
0 operators removed
0 axioms removed
272 propositions removed
Detecting unreachable propositions: [1.150s CPU, 1.162s wall-clock]
Reordering and filtering variables...
273 of 273 variables necessary.
137 of 273 mutex groups necessary.
36992 of 36992 operators necessary.
0 of 0 axiom rules necessary.
Reordering and filtering variables: [0.350s CPU, 0.355s wall-clock]
Translator variables: 273
Translator derived variables: 0
Translator facts: 18906
Translator goal facts: 125
Translator mutex groups: 137
Translator total mutex groups size: 18769
Translator operators: 36992
Translator axioms: 0
Translator task size: 315105
Translator peak memory: 224680 KB
Writing output... [0.230s CPU, 0.235s wall-clock]
Done! [6.300s CPU, 6.325s wall-clock]
translate exit code: 0

INFO     Running search (release).
INFO     search stdin: output.sas
INFO     search time limit: 893s
INFO     search memory limit: 3584 MB
INFO     search command line string: /usr/local/downward-projects/downward/experiments/src/thesis/data/thesis-thesis_exp/code-f7a4f68fd467cf7cff4d3dfcfdfcfa2023e44324_e5e41175/builds/release/bin/downward --evaluator 'h=ff()' --search 'eager(alt([type_based([h, g()], random_seed=-1), single(h)]))' --internal-plan-file sas_plan < output.sas
[t=0s, 11000 KB] reading input...
[t=0.331665s, 143428 KB] done reading input!
[t=0.3516s, 150496 KB] Simplifying 147696 unary operators... done! [110976 unary operators]
[t=0.491476s, 164476 KB] time to simplify: 0.147876s
[t=0.503432s, 164476 KB] Initializing additive heuristic...
[t=0.503626s, 164476 KB] Initializing FF heuristic...
[t=0.503654s, 164476 KB] Building successor generator...done!
[t=0.514766s, 164476 KB] peak memory difference for successor generator creation: 0 KB
[t=0.514847s, 164476 KB] time for successor generation creation: 0.00759766s
[t=0.515316s, 164476 KB] Variables: 273
[t=0.515561s, 164476 KB] FactPairs: 18906
[t=0.515586s, 164476 KB] Bytes per state: 156
[t=0.51561s, 164476 KB] Conducting best first search without reopening closed nodes, (real) bound = 2147483647
[t=0.515679s, 164476 KB] New best heuristic value for ff(): 260
[t=0.518606s, 164476 KB] g=0, 1 evaluated, 0 expanded
[t=0.518637s, 164476 KB] Initial heuristic value for ff(): 260
[t=0.518667s, 164476 KB] pruning method: none
[t=0.518692s, 164476 KB] Start Timestep: 1684329028662 millisecond(s).
[t=0.5992s, 164476 KB] New best heuristic value for ff(): 259
[t=0.602909s, 164476 KB] g=2, 51 evaluated, 7 expanded
[t=4.50905s, 164476 KB] New best heuristic value for ff(): 258
[t=4.51096s, 164476 KB] g=10, 2378 evaluated, 319 expanded
[t=16.3048s, 164476 KB] New best heuristic value for ff(): 257
[t=16.3051s, 164476 KB] g=16, 9385 evaluated, 1352 expanded
[t=16.4687s, 164476 KB] New best heuristic value for ff(): 256
[t=16.4707s, 164476 KB] g=18, 9483 evaluated, 1363 expanded
[t=21.1845s, 164476 KB] New best heuristic value for ff(): 255
[t=21.1873s, 164476 KB] g=24, 12285 evaluated, 1712 expanded
[t=48.5451s, 164476 KB] New best heuristic value for ff(): 254
[t=48.5461s, 164476 KB] g=36, 28474 evaluated, 3862 expanded
[t=91.6319s, 165080 KB] New best heuristic value for ff(): 253
[t=91.6321s, 165080 KB] g=42, 53951 evaluated, 7108 expanded
[t=219.768s, 179272 KB] New best heuristic value for ff(): 252
[t=219.769s, 179272 KB] g=62, 128887 evaluated, 17151 expanded
[t=496.12s, 211204 KB] New best heuristic value for ff(): 251
[t=496.123s, 211204 KB] g=68, 293186 evaluated, 37592 expanded
[t=759.231s, 245316 KB] New best heuristic value for ff(): 250
[t=759.231s, 245316 KB] g=44, 447497 evaluated, 54662 expanded
[t=759.479s, 245316 KB] New best heuristic value for ff(): 249
[t=759.48s, 245316 KB] g=46, 447636 evaluated, 54675 expanded
[t=765.498s, 245316 KB] New best heuristic value for ff(): 248
[t=765.499s, 245316 KB] g=50, 451046 evaluated, 55035 expanded
[t=772.443s, 245316 KB] New best heuristic value for ff(): 247
[t=772.446s, 245316 KB] g=54, 454967 evaluated, 55485 expanded
[t=772.611s, 245316 KB] New best heuristic value for ff(): 246
[t=772.613s, 245316 KB] g=56, 455063 evaluated, 55493 expanded
Peak memory: 257056 KB
caught signal 24 -- exiting
Time limit has been reached.
Remove intermediate file output.sas
search exit code: 23

Driver aborting after search
INFO     Planner time: 897.29s
