INFO     planner time limit: 900s
INFO     planner memory limit: 3584 MB

INFO     Running translator.
INFO     translator stdin: None
INFO     translator time limit: 899s
INFO     translator memory limit: 3584 MB
INFO     translator command line string: /usr/local/downward-projects/downward/experiments/.venv/bin/python3 /usr/local/downward-projects/downward/experiments/src/thesis/data/thesis-thesis_exp/code-492c46a6b9a8d722366a407090da84235e2f79dc_e5e41175/builds/release/bin/translate/translate.py domain.pddl problem.pddl --sas-file output.sas
Parsing...
Parsing: [0.010s CPU, 0.002s wall-clock]
Normalizing task... [0.000s CPU, 0.000s wall-clock]
Instantiating...
Generating Datalog program... [0.000s CPU, 0.000s wall-clock]
Normalizing Datalog program...
Normalizing Datalog program: [0.000s CPU, 0.003s wall-clock]
Preparing model... [0.000s CPU, 0.001s wall-clock]
Generated 74 rules.
Computing model... [0.050s CPU, 0.052s wall-clock]
6021 relevant atoms
1497 auxiliary atoms
7518 final queue length
25903 total queue pushes
Completing instantiation... [0.160s CPU, 0.153s wall-clock]
Instantiating: [0.210s CPU, 0.212s wall-clock]
Computing fact groups...
Finding invariants...
16 initial candidates
Finding invariants: [0.000s CPU, 0.006s wall-clock]
Checking invariant weight... [0.000s CPU, 0.000s wall-clock]
Instantiating groups... [0.000s CPU, 0.000s wall-clock]
Collecting mutex groups... [0.000s CPU, 0.000s wall-clock]
Choosing groups...
0 uncovered facts
Choosing groups: [0.000s CPU, 0.000s wall-clock]
Building translation key... [0.000s CPU, 0.000s wall-clock]
Computing fact groups: [0.000s CPU, 0.007s wall-clock]
Building STRIPS to SAS dictionary... [0.000s CPU, 0.000s wall-clock]
Building dictionary for full mutex groups... [0.000s CPU, 0.000s wall-clock]
Building mutex information...
Building mutex information: [0.000s CPU, 0.000s wall-clock]
Translating task...
Processing axioms...
Simplifying axioms... [0.000s CPU, 0.000s wall-clock]
Translator axioms removed by simplifying: 0
Computing negative axioms... [0.000s CPU, 0.000s wall-clock]
Processing axioms: [0.010s CPU, 0.007s wall-clock]
Translating task: [0.130s CPU, 0.131s wall-clock]
0 effect conditions simplified
0 implied preconditions added
Detecting unreachable propositions...
0 operators removed
0 axioms removed
9 propositions removed
Detecting unreachable propositions: [0.050s CPU, 0.050s wall-clock]
Reordering and filtering variables...
9 of 9 variables necessary.
0 of 10 mutex groups necessary.
3574 of 3574 operators necessary.
0 of 0 axiom rules necessary.
Reordering and filtering variables: [0.020s CPU, 0.018s wall-clock]
Translator variables: 9
Translator derived variables: 0
Translator facts: 90
Translator goal facts: 1
Translator mutex groups: 0
Translator total mutex groups size: 0
Translator operators: 3574
Translator axioms: 0
Translator task size: 26810
Translator peak memory: 50788 KB
Writing output... [0.020s CPU, 0.019s wall-clock]
Done! [0.450s CPU, 0.448s wall-clock]
translate exit code: 0

INFO     Running search (release).
INFO     search stdin: output.sas
INFO     search time limit: 899s
INFO     search memory limit: 3584 MB
INFO     search command line string: /usr/local/downward-projects/downward/experiments/src/thesis/data/thesis-thesis_exp/code-492c46a6b9a8d722366a407090da84235e2f79dc_e5e41175/builds/release/bin/downward --evaluator 'h=ff(transform=adapt_costs(one))' --search 'eager(alt([single(h), linear_weighted_type_based([h, g()], ignore_size=true)]), cost_type=one)' --internal-plan-file sas_plan < output.sas
[t=0.00159134s, 11200 KB] reading input...
[t=0.0135476s, 12320 KB] done reading input!
[t=0.017499s, 13496 KB] Simplifying 10634 unary operators... done! [2714 unary operators]
[t=0.0229815s, 13784 KB] time to simplify: 0.00548246s
[t=0.023366s, 13784 KB] Initializing additive heuristic...
[t=0.0234474s, 13784 KB] Initializing FF heuristic...
[t=0.0234721s, 13784 KB] Building successor generator...done!
[t=0.0243074s, 13784 KB] peak memory difference for successor generator creation: 0 KB
[t=0.0243754s, 13784 KB] time for successor generation creation: 0s
[t=0.0243997s, 13784 KB] Variables: 9
[t=0.0244678s, 13784 KB] FactPairs: 90
[t=0.0244898s, 13784 KB] Bytes per state: 8
[t=0.0245122s, 13784 KB] Conducting best first search without reopening closed nodes, (real) bound = 2147483647
[t=0.0245812s, 13784 KB] New best heuristic value for ff(transform=adapt_costs(one)): 39
[t=0.0246493s, 13784 KB] g=0, 1 evaluated, 0 expanded
[t=0.0246721s, 13784 KB] Initial heuristic value for ff(transform=adapt_costs(one)): 39
[t=0.0247016s, 13784 KB] pruning method: none
[t=0.0247249s, 13784 KB] Start Timestep: 1685451034877 millisecond(s).
[t=0.0247695s, 13784 KB] New best heuristic value for ff(transform=adapt_costs(one)): 38
[t=0.024833s, 13784 KB] g=1, 2 evaluated, 1 expanded
[t=6.91021s, 27960 KB] New best heuristic value for ff(transform=adapt_costs(one)): 37
[t=6.9108s, 27960 KB] g=136, 269306 evaluated, 32866 expanded
[t=16.1129s, 44260 KB] New best heuristic value for ff(transform=adapt_costs(one)): 35
[t=16.115s, 44260 KB] g=5, 622233 evaluated, 81282 expanded
[t=16.1168s, 44260 KB] New best heuristic value for ff(transform=adapt_costs(one)): 34
[t=16.1183s, 44260 KB] g=7, 622363 evaluated, 81286 expanded
[t=16.1183s, 44260 KB] New best heuristic value for ff(transform=adapt_costs(one)): 33
[t=16.1199s, 44260 KB] g=8, 622427 evaluated, 81288 expanded
[t=26.5272s, 70452 KB] New best heuristic value for ff(transform=adapt_costs(one)): 31
[t=26.5308s, 70452 KB] g=14, 1023090 evaluated, 129095 expanded
[t=26.5311s, 70452 KB] New best heuristic value for ff(transform=adapt_costs(one)): 30
[t=26.5323s, 70452 KB] g=16, 1023145 evaluated, 129098 expanded
[t=26.5324s, 70452 KB] New best heuristic value for ff(transform=adapt_costs(one)): 29
[t=26.5342s, 70452 KB] g=17, 1023215 evaluated, 129100 expanded
[t=30.0487s, 72456 KB] New best heuristic value for ff(transform=adapt_costs(one)): 27
[t=30.0493s, 72456 KB] g=23, 1161012 evaluated, 147404 expanded
[t=30.0494s, 72456 KB] New best heuristic value for ff(transform=adapt_costs(one)): 26
[t=30.0512s, 72456 KB] g=25, 1161083 evaluated, 147408 expanded
[t=30.0526s, 72456 KB] New best heuristic value for ff(transform=adapt_costs(one)): 25
[t=30.0528s, 72456 KB] g=26, 1161145 evaluated, 147410 expanded
[t=31.0081s, 73928 KB] New best heuristic value for ff(transform=adapt_costs(one)): 23
[t=31.0113s, 73928 KB] g=31, 1199261 evaluated, 152104 expanded
[t=31.0121s, 73928 KB] New best heuristic value for ff(transform=adapt_costs(one)): 22
[t=31.0144s, 73928 KB] g=33, 1199381 evaluated, 152108 expanded
[t=31.0144s, 73928 KB] New best heuristic value for ff(transform=adapt_costs(one)): 21
[t=31.0157s, 73928 KB] g=34, 1199436 evaluated, 152110 expanded
[t=31.8757s, 75128 KB] New best heuristic value for ff(transform=adapt_costs(one)): 19
[t=31.8766s, 75128 KB] g=41, 1233752 evaluated, 157089 expanded
[t=31.8766s, 75128 KB] New best heuristic value for ff(transform=adapt_costs(one)): 18
[t=31.8785s, 75128 KB] g=43, 1233829 evaluated, 157093 expanded
[t=31.8796s, 75128 KB] New best heuristic value for ff(transform=adapt_costs(one)): 17
[t=31.8799s, 75128 KB] g=44, 1233883 evaluated, 157095 expanded
[t=32.7313s, 76476 KB] New best heuristic value for ff(transform=adapt_costs(one)): 15
[t=32.7348s, 76476 KB] g=55, 1268281 evaluated, 161787 expanded
[t=32.7353s, 76476 KB] New best heuristic value for ff(transform=adapt_costs(one)): 14
[t=32.7365s, 76476 KB] g=57, 1268348 evaluated, 161791 expanded
[t=32.7365s, 76476 KB] New best heuristic value for ff(transform=adapt_costs(one)): 13
[t=32.7378s, 76476 KB] g=58, 1268401 evaluated, 161793 expanded
[t=32.8831s, 76612 KB] New best heuristic value for ff(transform=adapt_costs(one)): 11
[t=32.8868s, 76612 KB] g=64, 1274429 evaluated, 162573 expanded
[t=32.887s, 76612 KB] New best heuristic value for ff(transform=adapt_costs(one)): 10
[t=32.8889s, 76612 KB] g=66, 1274510 evaluated, 162577 expanded
[t=32.8889s, 76612 KB] New best heuristic value for ff(transform=adapt_costs(one)): 9
[t=32.8902s, 76612 KB] g=67, 1274561 evaluated, 162579 expanded
[t=33.4147s, 77416 KB] New best heuristic value for ff(transform=adapt_costs(one)): 7
[t=33.4185s, 77416 KB] g=81, 1296206 evaluated, 165130 expanded
[t=33.4186s, 77416 KB] New best heuristic value for ff(transform=adapt_costs(one)): 6
[t=33.4201s, 77416 KB] g=83, 1296267 evaluated, 165133 expanded
[t=33.4201s, 77416 KB] New best heuristic value for ff(transform=adapt_costs(one)): 5
[t=33.4213s, 77416 KB] g=84, 1296318 evaluated, 165134 expanded
[t=33.6784s, 77816 KB] New best heuristic value for ff(transform=adapt_costs(one)): 3
[t=33.6787s, 77816 KB] g=92, 1306839 evaluated, 166444 expanded
[t=33.6823s, 77816 KB] New best heuristic value for ff(transform=adapt_costs(one)): 2
[t=33.6829s, 77816 KB] g=95, 1307017 evaluated, 166449 expanded
[t=33.683s, 77816 KB] New best heuristic value for ff(transform=adapt_costs(one)): 1
[t=33.6834s, 77816 KB] g=96, 1307037 evaluated, 166450 expanded
[t=33.6835s, 77816 KB] New best heuristic value for ff(transform=adapt_costs(one)): 0
[t=33.6835s, 77816 KB] g=97, 1307038 evaluated, 166451 expanded
[t=33.6835s, 77816 KB] Solution found!
[t=33.684s, 77816 KB] Actual search time: 33.6592s
drive_tent girl0 place0 place1 car0 tent0 (1)
put_up girl0 place1 tent0 (1)
drive guy0 place0 place1 car1 (1)
drive_passenger girl0 place1 place0 car0 guy0 (1)
walk_together tent0 place1 guy0 place0 girl0 couple0 (1)
put_down girl0 place1 tent0 (1)
drive_tent_passenger girl0 place1 place0 car1 tent0 guy0 (1)
drive_tent guy0 place0 place2 car2 tent0 (1)
drive girl0 place0 place2 car0 (1)
put_up girl0 place2 tent0 (1)
drive_passenger girl0 place2 place1 car0 guy0 (1)
walk_together tent0 place2 guy0 place1 girl0 couple0 (1)
put_down girl0 place2 tent0 (1)
drive_tent_passenger girl0 place2 place1 car2 tent0 guy0 (1)
drive guy0 place1 place3 car2 (1)
drive_tent girl0 place1 place3 car0 tent0 (1)
put_up girl0 place3 tent0 (1)
drive_passenger girl0 place3 place2 car0 guy0 (1)
walk_together tent0 place3 guy0 place2 girl0 couple0 (1)
put_down girl0 place3 tent0 (1)
drive_tent_passenger girl0 place3 place4 car2 tent0 guy0 (1)
put_up girl0 place4 tent0 (1)
drive_passenger girl0 place4 place2 car2 guy0 (1)
drive girl0 place2 place4 car0 (1)
drive guy0 place2 place4 car2 (1)
drive_passenger girl0 place4 place3 car0 guy0 (1)
walk_together tent0 place4 guy0 place3 girl0 couple0 (1)
put_down girl0 place4 tent0 (1)
drive_tent girl0 place4 place5 car2 tent0 (1)
put_up girl0 place5 tent0 (1)
drive girl0 place5 place0 car2 (1)
drive girl0 place0 place4 car3 (1)
drive_passenger girl0 place4 place3 car3 guy0 (1)
drive girl0 place3 place5 car0 (1)
drive guy0 place3 place5 car3 (1)
drive_passenger girl0 place5 place4 car0 guy0 (1)
walk_together tent0 place5 guy0 place4 girl0 couple0 (1)
put_down girl0 place5 tent0 (1)
drive_tent girl0 place5 place6 car3 tent0 (1)
drive girl0 place6 place4 car3 (1)
drive girl0 place4 place0 car0 (1)
drive girl0 place0 place6 car1 (1)
put_up girl0 place6 tent0 (1)
drive girl0 place6 place5 car1 (1)
drive_passenger girl0 place5 place4 car1 guy0 (1)
drive_passenger girl0 place4 place0 car3 guy0 (1)
drive girl0 place0 place6 car3 (1)
drive guy0 place0 place6 car2 (1)
drive_passenger girl0 place6 place5 car2 guy0 (1)
walk_together tent0 place6 guy0 place5 girl0 couple0 (1)
put_down girl0 place6 tent0 (1)
drive_tent_passenger girl0 place6 place7 car3 tent0 guy0 (1)
put_up girl0 place7 tent0 (1)
drive_passenger girl0 place7 place5 car3 guy0 (1)
drive guy0 place5 place8 car3 (1)
drive girl0 place5 place7 car2 (1)
drive guy0 place8 place7 car3 (1)
drive_passenger girl0 place7 place6 car2 guy0 (1)
walk_together tent0 place7 guy0 place6 girl0 couple0 (1)
put_down girl0 place7 tent0 (1)
drive_tent girl0 place7 place9 car3 tent0 (1)
drive girl0 place9 place4 car3 (1)
drive girl0 place4 place7 car1 (1)
drive_passenger girl0 place7 place6 car1 guy0 (1)
drive_passenger girl0 place6 place4 car2 guy0 (1)
drive guy0 place4 place10 car2 (1)
drive girl0 place4 place3 car3 (1)
drive guy0 place10 place0 car2 (1)
drive girl0 place3 place8 car3 (1)
drive guy0 place0 place9 car0 (1)
drive_tent guy0 place9 place8 car0 tent0 (1)
put_up girl0 place8 tent0 (1)
drive_passenger girl0 place8 place7 car0 guy0 (1)
walk_together tent0 place8 guy0 place7 girl0 couple0 (1)
put_down girl0 place8 tent0 (1)
drive_tent_passenger girl0 place8 place9 car3 tent0 guy0 (1)
drive_tent guy0 place9 place7 car3 tent0 (1)
drive_tent guy0 place7 place9 car0 tent0 (1)
drive_passenger girl0 place9 place6 car0 guy0 (1)
drive girl0 place6 place8 car0 (1)
drive guy0 place6 place9 car1 (1)
put_up guy0 place9 tent0 (1)
drive girl0 place8 place9 car0 (1)
drive_passenger girl0 place9 place8 car0 guy0 (1)
walk_together tent0 place9 guy0 place8 girl0 couple0 (1)
put_down girl0 place9 tent0 (1)
drive_tent girl0 place9 place10 car1 tent0 (1)
put_up girl0 place10 tent0 (1)
drive girl0 place10 place9 car1 (1)
walk_together tent0 place10 guy0 place9 girl0 couple0 (1)
[t=33.684s, 77816 KB] Plan length: 90 step(s).
[t=33.684s, 77816 KB] Plan cost: 90
[t=33.684s, 77816 KB] Timestamp: 1685451068557 millisecond(s).
[t=33.684s, 77816 KB] Expanded 166452 state(s).
[t=33.684s, 77816 KB] Reopened 0 state(s).
[t=33.684s, 77816 KB] Evaluated 1307058 state(s).
[t=33.684s, 77816 KB] Evaluations: 1307058
[t=33.684s, 77816 KB] Generated 4161670 state(s).
[t=33.684s, 77816 KB] Dead ends: 121 state(s).
[t=33.684s, 77816 KB] Number of registered states: 1307058
[t=33.684s, 77816 KB] Int hash set load factor: 1307058/2097152 = 0.623254
[t=33.684s, 77816 KB] Int hash set resizes: 21
[t=33.684s, 77816 KB] Search time: 33.6595s
[t=33.684s, 77816 KB] Total time: 33.684s
Solution found.
Peak memory: 77816 KB
Remove intermediate file output.sas
search exit code: 0

INFO     Running validate.
INFO     validate stdin: None
INFO     validate time limit: None
INFO     validate memory limit: None
INFO     validate command line string: validate domain.pddl problem.pddl sas_plan
Checking plan: sas_plan
Plan executed successfully - checking goal
Plan valid
Final value: 90 

Successful plans:
Value: 90
 sas_plan 90 

validate exit code: 0

INFO     Planner time: 34.24s
