INFO     planner time limit: 300s
INFO     planner memory limit: 3584 MB

INFO     Running translator.
INFO     translator stdin: None
INFO     translator time limit: 299s
INFO     translator memory limit: 3584 MB
INFO     translator command line string: /usr/local/downward-projects/downward/experiments/.venv/bin/python3 /usr/local/downward-projects/downward/experiments/src/thesis/data/thesis-thesis_exp/code-d93485cdd92f65ede2ae3573b3f4adda0b49e4fd_e5e41175/builds/release/bin/translate/translate.py domain.pddl problem.pddl --sas-file output.sas
Parsing...
Parsing: [0.010s CPU, 0.004s wall-clock]
Normalizing task... [0.000s CPU, 0.000s wall-clock]
Instantiating...
Generating Datalog program... [0.000s CPU, 0.000s wall-clock]
Normalizing Datalog program...
Duplicate arguments: Adding equality conditions.
Normalizing Datalog program: [0.000s CPU, 0.003s wall-clock]
Preparing model... [0.000s CPU, 0.002s wall-clock]
Generated 129 rules.
Computing model... [0.070s CPU, 0.066s wall-clock]
5806 relevant atoms
5797 auxiliary atoms
11603 final queue length
25111 total queue pushes
Completing instantiation... [0.180s CPU, 0.179s wall-clock]
Instantiating: [0.250s CPU, 0.253s wall-clock]
Computing fact groups...
Finding invariants...
36 initial candidates
Finding invariants: [0.110s CPU, 0.111s wall-clock]
Checking invariant weight... [0.000s CPU, 0.001s wall-clock]
Instantiating groups... [0.000s CPU, 0.002s wall-clock]
Collecting mutex groups... [0.000s CPU, 0.001s wall-clock]
Choosing groups...
0 uncovered facts
Choosing groups: [0.000s CPU, 0.002s wall-clock]
Building translation key... [0.000s CPU, 0.001s wall-clock]
Computing fact groups: [0.120s CPU, 0.121s wall-clock]
Building STRIPS to SAS dictionary... [0.000s CPU, 0.000s wall-clock]
Building dictionary for full mutex groups... [0.000s CPU, 0.001s wall-clock]
Building mutex information...
Building mutex information: [0.000s CPU, 0.001s wall-clock]
Translating task...
Processing axioms...
Simplifying axioms... [0.000s CPU, 0.000s wall-clock]
Translator axioms removed by simplifying: 0
Computing negative axioms... [0.000s CPU, 0.000s wall-clock]
Processing axioms: [0.010s CPU, 0.008s wall-clock]
Translating task: [0.200s CPU, 0.195s wall-clock]
0 effect conditions simplified
0 implied preconditions added
Detecting unreachable propositions...
0 operators removed
0 axioms removed
35 propositions removed
Detecting unreachable propositions: [0.080s CPU, 0.088s wall-clock]
Reordering and filtering variables...
38 of 38 variables necessary.
42 of 60 mutex groups necessary.
4828 of 4828 operators necessary.
0 of 0 axiom rules necessary.
Reordering and filtering variables: [0.030s CPU, 0.027s wall-clock]
Translator variables: 38
Translator derived variables: 0
Translator facts: 776
Translator goal facts: 34
Translator mutex groups: 42
Translator total mutex groups size: 1510
Translator operators: 4828
Translator axioms: 0
Translator task size: 38245
Translator peak memory: 56412 KB
Writing output... [0.030s CPU, 0.028s wall-clock]
Done! [0.730s CPU, 0.728s wall-clock]
translate exit code: 0

INFO     Running search (release).
INFO     search stdin: output.sas
INFO     search time limit: 299s
INFO     search memory limit: 3584 MB
INFO     search command line string: /usr/local/downward-projects/downward/experiments/src/thesis/data/thesis-thesis_exp/code-d93485cdd92f65ede2ae3573b3f4adda0b49e4fd_e5e41175/builds/release/bin/downward --evaluator 'h=ff()' --search 'eager(epsilon_greedy(h, epsilon=0.2))' --internal-plan-file sas_plan < output.sas
[t=0.00103064s, 11364 KB] reading input...
[t=0.0199373s, 13924 KB] done reading input!
[t=0.0203613s, 15176 KB] Simplifying 16031 unary operators... done! [15487 unary operators]
[t=0.0399081s, 16384 KB] time to simplify: 0.0195469s
[t=0.0407925s, 16384 KB] Initializing additive heuristic...
[t=0.0412044s, 16384 KB] Initializing FF heuristic...
[t=0.0412381s, 16384 KB] Building successor generator...done!
[t=0.0428411s, 16384 KB] peak memory difference for successor generator creation: 0 KB
[t=0.0429044s, 16384 KB] time for successor generation creation: 0s
[t=0.0429286s, 16384 KB] Variables: 38
[t=0.0429653s, 16384 KB] FactPairs: 776
[t=0.0429874s, 16384 KB] Bytes per state: 20
[t=0.04301s, 16384 KB] Conducting best first search without reopening closed nodes, (real) bound = 2147483647
[t=0.0430621s, 16384 KB] New best heuristic value for ff(): 8
[t=0.0433144s, 16384 KB] g=0, 1 evaluated, 0 expanded
[t=0.0433405s, 16384 KB] Initial heuristic value for ff(): 8
[t=0.0433661s, 16384 KB] pruning method: none
[t=0.0433901s, 16384 KB] Start Timestep: 1687943066652 millisecond(s).
[t=0.0435704s, 16384 KB] New best heuristic value for ff(): 7
[t=0.0438931s, 16384 KB] g=1, 4 evaluated, 1 expanded
[t=0.0475449s, 16384 KB] New best heuristic value for ff(): 6
[t=0.0481385s, 16384 KB] g=2, 38 evaluated, 2 expanded
[t=0.0515003s, 16384 KB] New best heuristic value for ff(): 5
[t=0.052264s, 16384 KB] g=3, 71 evaluated, 3 expanded
[t=0.0554623s, 16384 KB] New best heuristic value for ff(): 4
[t=0.0563861s, 16384 KB] g=4, 104 evaluated, 4 expanded
[t=0.0594233s, 16384 KB] New best heuristic value for ff(): 3
[t=0.0606353s, 16384 KB] g=5, 138 evaluated, 5 expanded
[t=0.0633821s, 16384 KB] New best heuristic value for ff(): 2
[t=0.0647409s, 16384 KB] g=6, 171 evaluated, 6 expanded
[t=0.0673372s, 16384 KB] New best heuristic value for ff(): 1
[t=0.0695551s, 16384 KB] g=7, 210 evaluated, 7 expanded
[t=0.0712942s, 16384 KB] New best heuristic value for ff(): 0
[t=0.0736022s, 16384 KB] g=8, 243 evaluated, 8 expanded
Peak memory: 209872 KB
caught signal 24 -- exiting
Time limit has been reached.
Remove intermediate file output.sas
search exit code: 23

Driver aborting after search
INFO     Planner time: 298.94s
