INFO     planner time limit: 600s
INFO     planner memory limit: 3584 MB

INFO     Running translator.
INFO     translator stdin: None
INFO     translator time limit: 599s
INFO     translator memory limit: 3584 MB
INFO     translator command line string: /usr/local/downward-projects/downward/experiments/assign3/.venv/bin/python3 /usr/local/downward-projects/downward/experiments/assign3/data/assign3-anytime_exp/code-1fb14623350588fb782db39ad332c8a25eda53d6_e5e41175/builds/release/bin/translate/translate.py domain.pddl problem.pddl --sas-file output.sas
Parsing...
Parsing: [0.000s CPU, 0.002s wall-clock]
Normalizing task... [0.000s CPU, 0.000s wall-clock]
Instantiating...
Generating Datalog program... [0.000s CPU, 0.000s wall-clock]
Normalizing Datalog program...
Normalizing Datalog program: [0.000s CPU, 0.001s wall-clock]
Preparing model... [0.010s CPU, 0.001s wall-clock]
Generated 25 rules.
Computing model... [0.000s CPU, 0.004s wall-clock]
332 relevant atoms
381 auxiliary atoms
713 final queue length
949 total queue pushes
Completing instantiation... [0.000s CPU, 0.003s wall-clock]
Instantiating: [0.010s CPU, 0.011s wall-clock]
Computing fact groups...
Finding invariants...
7 initial candidates
Finding invariants: [0.010s CPU, 0.003s wall-clock]
Checking invariant weight... [0.000s CPU, 0.000s wall-clock]
Instantiating groups... [0.000s CPU, 0.000s wall-clock]
Collecting mutex groups... [0.000s CPU, 0.000s wall-clock]
Choosing groups...
13 uncovered facts
Choosing groups: [0.000s CPU, 0.000s wall-clock]
Building translation key... [0.000s CPU, 0.000s wall-clock]
Computing fact groups: [0.010s CPU, 0.004s wall-clock]
Building STRIPS to SAS dictionary... [0.000s CPU, 0.000s wall-clock]
Building dictionary for full mutex groups... [0.000s CPU, 0.000s wall-clock]
Building mutex information...
Building mutex information: [0.000s CPU, 0.000s wall-clock]
Translating task...
Processing axioms...
Simplifying axioms... [0.000s CPU, 0.000s wall-clock]
Translator axioms removed by simplifying: 0
Computing negative axioms... [0.000s CPU, 0.000s wall-clock]
Processing axioms: [0.000s CPU, 0.000s wall-clock]
Translating task: [0.000s CPU, 0.003s wall-clock]
0 effect conditions simplified
0 implied preconditions added
Detecting unreachable propositions...
0 operators removed
0 axioms removed
47 propositions removed
Detecting unreachable propositions: [0.000s CPU, 0.001s wall-clock]
Reordering and filtering variables...
21 of 21 variables necessary.
0 of 21 mutex groups necessary.
83 of 83 operators necessary.
0 of 0 axiom rules necessary.
Reordering and filtering variables: [0.000s CPU, 0.001s wall-clock]
Translator variables: 21
Translator derived variables: 0
Translator facts: 60
Translator goal facts: 20
Translator mutex groups: 0
Translator total mutex groups size: 0
Translator operators: 83
Translator axioms: 0
Translator task size: 734
Translator peak memory: 32368 KB
Writing output... [0.000s CPU, 0.001s wall-clock]
Done! [0.020s CPU, 0.023s wall-clock]
translate exit code: 0

INFO     Running search (release).
INFO     search stdin: output.sas
INFO     search time limit: 599s
INFO     search memory limit: 3584 MB
INFO     search command line string: /usr/local/downward-projects/downward/experiments/assign3/data/assign3-anytime_exp/code-1fb14623350588fb782db39ad332c8a25eda53d6_e5e41175/builds/release/bin/downward --evaluator 'h=lmcut()' --search 'eager_anytime(alt(
        [single(weight(h, 2, verbosity=normal)), type_based([h, g()], random_seed=1234)]), 
        reopen_closed=true, f_eval=sum([h, g()]))' --internal-plan-file sas_plan < output.sas
[t=0.0020998s, 10884 KB] reading input...
[t=0.00221633s, 10884 KB] done reading input!
[t=0.00416875s, 11140 KB] Initializing landmark cut heuristic...
[t=0.00453655s, 11140 KB] Building successor generator...done!
[t=0.00468953s, 11140 KB] peak memory difference for successor generator creation: 0 KB
[t=0.00473234s, 11140 KB] time for successor generation creation: 0s
[t=0.00476142s, 11140 KB] Variables: 21
[t=0.00478793s, 11140 KB] FactPairs: 60
[t=0.00481137s, 11140 KB] Bytes per state: 4
[t=0.00483439s, 11140 KB] Conducting best first anytime search with reopening closed nodes, (real) bound = 2147483647
[t=0.00488761s, 11140 KB] New best heuristic value for lmcut(): 2
[t=0.00494112s, 11140 KB] g=0, 1 evaluated, 0 expanded
[t=0.0049653s, 11276 KB] Initial heuristic value for lmcut(): 2
[t=0.00500429s, 11276 KB] Start Timestep: 1681984954622 millisecond(s).
[t=0.00506943s, 11276 KB] New best heuristic value for lmcut(): 1
[t=0.00509974s, 11276 KB] g=1, 2 evaluated, 1 expanded
[t=0.00512843s, 11276 KB] New best heuristic value for lmcut(): 0
[t=0.00520965s, 11276 KB] g=2, 8 evaluated, 7 expanded
[t=0.005233s, 11276 KB] Solution found!
jump-new-move pos-3-4 pos-2-4 pos-1-4 (1)
jump-continue-move pos-1-4 pos-1-3 pos-1-2 (0)
jump-continue-move pos-1-2 pos-2-2 pos-3-2 (0)
end-move pos-3-2 (0)
jump-new-move pos-3-1 pos-3-2 pos-3-3 (1)
[t=0.00533158s, 11276 KB] Plan length: 5 step(s).
[t=0.00536548s, 11276 KB] Plan cost: 2
[t=0.005388s, 11276 KB] Solution: Incumbent solution found!
[t=0.00541139s, 11276 KB] Solution Timestep: 1681984954622 millisecond(s).
[t=0.00543454s, 11276 KB] Timestamp: 1681984954622 millisecond(s).
[t=0.00545806s, 11276 KB] Expanded 8 state(s).
[t=0.00548154s, 11276 KB] Reopened 0 state(s).
[t=0.00550488s, 11276 KB] Evaluated 8 state(s).
[t=0.00552781s, 11276 KB] Evaluations: 11
[t=0.00555026s, 11276 KB] Generated 13 state(s).
[t=0.00557286s, 11276 KB] Dead ends: 0 state(s).
[t=0.00559617s, 11276 KB] Number of registered states: 11
[t=0.0056201s, 11276 KB] Int hash set load factor: 11/16 = 0.6875
[t=0.00564423s, 11276 KB] Int hash set resizes: 4
[t=0.00566741s, 11276 KB] Optimal Solution: found
[t=0.00569739s, 11276 KB] Actual search time: 0.000650285s
jump-new-move pos-3-4 pos-2-4 pos-1-4 (1)
jump-continue-move pos-1-4 pos-1-3 pos-1-2 (0)
jump-continue-move pos-1-2 pos-2-2 pos-3-2 (0)
end-move pos-3-2 (0)
jump-new-move pos-3-1 pos-3-2 pos-3-3 (1)
[t=0.00572384s, 11276 KB] Plan length: 5 step(s).
[t=0.00572384s, 11276 KB] Plan cost: 2
[t=0.00572384s, 11276 KB] Timestamp: 1681984954623 millisecond(s).
[t=0.00572384s, 11276 KB] Expanded 8 state(s).
[t=0.00572384s, 11276 KB] Reopened 0 state(s).
[t=0.00572384s, 11276 KB] Evaluated 8 state(s).
[t=0.00572384s, 11276 KB] Evaluations: 12
[t=0.00572384s, 11276 KB] Generated 14 state(s).
[t=0.00572384s, 11276 KB] Dead ends: 0 state(s).
[t=0.00572384s, 11276 KB] Number of registered states: 12
[t=0.00572384s, 11276 KB] Int hash set load factor: 12/16 = 0.75
[t=0.00572384s, 11276 KB] Int hash set resizes: 4
[t=0.00572384s, 11276 KB] Search time: 0.000889451s
[t=0.00572384s, 11276 KB] Total time: 0.00572384s
Solution found.
Peak memory: 11276 KB
Remove intermediate file output.sas
search exit code: 0

INFO     Running validate.
INFO     validate stdin: None
INFO     validate time limit: None
INFO     validate memory limit: None
INFO     validate command line string: validate domain.pddl problem.pddl sas_plan sas_plan.1
Checking plan: sas_plan
Plan executed successfully - checking goal
Plan valid
Final value: 2 
Checking plan: sas_plan.1
Plan executed successfully - checking goal
Plan valid
Final value: 2 

Successful plans:
Value: 2
 sas_plan 2 
sas_plan.1 2 

validate exit code: 0

INFO     Planner time: 0.12s
