INFO     planner time limit: 300s
INFO     planner memory limit: 3584 MB

INFO     Running translator.
INFO     translator stdin: None
INFO     translator time limit: 299s
INFO     translator memory limit: 3584 MB
INFO     translator command line string: /usr/local/downward-projects/downward/experiments/.venv/bin/python3 /usr/local/downward-projects/downward/experiments/src/thesis/data/thesis-thesis_exp/code-d93485cdd92f65ede2ae3573b3f4adda0b49e4fd_e5e41175/builds/release/bin/translate/translate.py domain.pddl problem.pddl --sas-file output.sas
Parsing...
Parsing: [0.000s CPU, 0.002s wall-clock]
Normalizing task... [0.000s CPU, 0.000s wall-clock]
Instantiating...
Generating Datalog program... [0.010s CPU, 0.000s wall-clock]
Normalizing Datalog program...
Normalizing Datalog program: [0.000s CPU, 0.001s wall-clock]
Preparing model... [0.000s CPU, 0.001s wall-clock]
Generated 25 rules.
Computing model... [0.000s CPU, 0.006s wall-clock]
461 relevant atoms
611 auxiliary atoms
1072 final queue length
1647 total queue pushes
Completing instantiation... [0.010s CPU, 0.006s wall-clock]
Instantiating: [0.020s CPU, 0.016s wall-clock]
Computing fact groups...
Finding invariants...
7 initial candidates
Finding invariants: [0.000s CPU, 0.003s wall-clock]
Checking invariant weight... [0.000s CPU, 0.000s wall-clock]
Instantiating groups... [0.000s CPU, 0.000s wall-clock]
Collecting mutex groups... [0.000s CPU, 0.000s wall-clock]
Choosing groups...
0 uncovered facts
Choosing groups: [0.000s CPU, 0.000s wall-clock]
Building translation key... [0.000s CPU, 0.000s wall-clock]
Computing fact groups: [0.000s CPU, 0.004s wall-clock]
Building STRIPS to SAS dictionary... [0.000s CPU, 0.000s wall-clock]
Building dictionary for full mutex groups... [0.000s CPU, 0.000s wall-clock]
Building mutex information...
Building mutex information: [0.000s CPU, 0.000s wall-clock]
Translating task...
Processing axioms...
Simplifying axioms... [0.000s CPU, 0.000s wall-clock]
Translator axioms removed by simplifying: 0
Computing negative axioms... [0.000s CPU, 0.000s wall-clock]
Processing axioms: [0.000s CPU, 0.000s wall-clock]
Translating task: [0.010s CPU, 0.006s wall-clock]
0 effect conditions simplified
0 implied preconditions added
Detecting unreachable propositions...
0 operators removed
0 axioms removed
34 propositions removed
Detecting unreachable propositions: [0.000s CPU, 0.003s wall-clock]
Reordering and filtering variables...
34 of 34 variables necessary.
0 of 34 mutex groups necessary.
185 of 185 operators necessary.
0 of 0 axiom rules necessary.
Reordering and filtering variables: [0.000s CPU, 0.002s wall-clock]
Translator variables: 34
Translator derived variables: 0
Translator facts: 100
Translator goal facts: 33
Translator mutex groups: 0
Translator total mutex groups size: 0
Translator operators: 185
Translator axioms: 0
Translator task size: 1634
Translator peak memory: 32876 KB
Writing output... [0.000s CPU, 0.001s wall-clock]
Done! [0.040s CPU, 0.034s wall-clock]
translate exit code: 0

INFO     Running search (release).
INFO     search stdin: output.sas
INFO     search time limit: 299s
INFO     search memory limit: 3584 MB
INFO     search command line string: /usr/local/downward-projects/downward/experiments/src/thesis/data/thesis-thesis_exp/code-d93485cdd92f65ede2ae3573b3f4adda0b49e4fd_e5e41175/builds/release/bin/downward --evaluator 'h=ff()' --search 'eager(alt([type_based([h, g()], random_seed=-1), single(h)]))' --internal-plan-file sas_plan < output.sas
[t=0s, 11364 KB] reading input...
[t=0.00136938s, 11364 KB] done reading input!
[t=0.00359726s, 11752 KB] Simplifying 641 unary operators... done! [641 unary operators]
[t=0.00429692s, 11752 KB] time to simplify: 0.000699656s
[t=0.0043573s, 11752 KB] Initializing additive heuristic...
[t=0.00442781s, 11752 KB] Initializing FF heuristic...
[t=0.00445298s, 11752 KB] Building successor generator...done!
[t=0.0046416s, 11752 KB] peak memory difference for successor generator creation: 0 KB
[t=0.00468517s, 11752 KB] time for successor generation creation: 0s
[t=0.00470929s, 11752 KB] Variables: 34
[t=0.00473575s, 11752 KB] FactPairs: 100
[t=0.00475923s, 11752 KB] Bytes per state: 8
[t=0.00478296s, 11752 KB] Conducting best first search without reopening closed nodes, (real) bound = 2147483647
[t=0.00483328s, 11752 KB] New best heuristic value for ff(): 15
[t=0.0048873s, 11752 KB] g=0, 1 evaluated, 0 expanded
[t=0.00491176s, 11752 KB] Initial heuristic value for ff(): 15
[t=0.00494247s, 11752 KB] pruning method: none
[t=0.00496612s, 11752 KB] Start Timestep: 1687918390685 millisecond(s).
[t=0.00500761s, 11752 KB] New best heuristic value for ff(): 13
[t=0.00505543s, 11752 KB] g=1, 2 evaluated, 1 expanded
[t=0.00507894s, 11752 KB] New best heuristic value for ff(): 9
[t=0.00518108s, 11752 KB] g=1, 8 evaluated, 1 expanded
[t=0.00520418s, 11752 KB] New best heuristic value for ff(): 8
[t=0.00533654s, 11752 KB] g=2, 16 evaluated, 3 expanded
[t=0.00536026s, 11752 KB] New best heuristic value for ff(): 7
[t=0.0056303s, 11752 KB] g=3, 36 evaluated, 9 expanded
[t=0.00565469s, 11752 KB] New best heuristic value for ff(): 6
[t=0.00615908s, 11752 KB] g=4, 77 evaluated, 22 expanded
[t=0.00618359s, 11752 KB] New best heuristic value for ff(): 5
[t=0.00704462s, 11752 KB] g=6, 155 evaluated, 50 expanded
[t=0.00729771s, 11752 KB] New best heuristic value for ff(): 4
[t=0.00737868s, 11752 KB] g=7, 180 evaluated, 56 expanded
[t=0.00740436s, 11752 KB] New best heuristic value for ff(): 3
[t=0.00772104s, 11752 KB] g=9, 208 evaluated, 68 expanded
[t=0.00807431s, 11752 KB] New best heuristic value for ff(): 2
[t=0.0083095s, 11752 KB] g=8, 258 evaluated, 90 expanded
[t=0.00833507s, 11752 KB] New best heuristic value for ff(): 1
[t=0.00853133s, 11752 KB] g=10, 276 evaluated, 98 expanded
[t=0.0147207s, 11888 KB] New best heuristic value for ff(): 0
[t=0.0178355s, 11888 KB] g=10, 1175 evaluated, 469 expanded
[t=0.0178651s, 11888 KB] Solution found!
[t=0.0182277s, 11888 KB] Actual search time: 0.0132201s
jump-new-move pos-3-2 pos-4-2 pos-5-2 (1)
end-move pos-5-2 (0)
jump-new-move pos-3-6 pos-3-5 pos-3-4 (1)
jump-continue-move pos-3-4 pos-3-3 pos-3-2 (0)
end-move pos-3-2 (0)
jump-new-move pos-2-6 pos-2-5 pos-2-4 (1)
jump-continue-move pos-2-4 pos-2-3 pos-2-2 (0)
jump-continue-move pos-2-2 pos-1-2 pos-0-2 (0)
jump-continue-move pos-0-2 pos-0-3 pos-0-4 (0)
end-move pos-0-4 (0)
jump-new-move pos-4-6 pos-4-5 pos-4-4 (1)
jump-continue-move pos-4-4 pos-5-4 pos-6-4 (0)
jump-continue-move pos-6-4 pos-6-3 pos-6-2 (0)
jump-continue-move pos-6-2 pos-5-2 pos-4-2 (0)
end-move pos-4-2 (0)
jump-new-move pos-5-3 pos-4-3 pos-3-3 (1)
end-move pos-3-3 (0)
jump-new-move pos-3-2 pos-4-2 pos-5-2 (1)
end-move pos-5-2 (0)
jump-new-move pos-2-0 pos-2-1 pos-2-2 (1)
end-move pos-2-2 (0)
jump-new-move pos-4-0 pos-4-1 pos-4-2 (1)
end-move pos-4-2 (0)
jump-new-move pos-0-4 pos-1-4 pos-2-4 (1)
end-move pos-2-4 (0)
jump-new-move pos-5-2 pos-4-2 pos-3-2 (1)
jump-continue-move pos-3-2 pos-2-2 pos-1-2 (0)
jump-continue-move pos-1-2 pos-1-3 pos-1-4 (0)
jump-continue-move pos-1-4 pos-2-4 pos-3-4 (0)
jump-continue-move pos-3-4 pos-3-3 pos-3-2 (0)
end-move pos-3-2 (0)
jump-new-move pos-3-1 pos-3-2 pos-3-3 (1)
[t=0.0182567s, 11888 KB] Plan length: 32 step(s).
[t=0.0182567s, 11888 KB] Plan cost: 11
[t=0.0182567s, 11888 KB] Timestamp: 1687918390700 millisecond(s).
[t=0.0182567s, 11888 KB] Expanded 486 state(s).
[t=0.0182567s, 11888 KB] Reopened 0 state(s).
[t=0.0182567s, 11888 KB] Evaluated 1213 state(s).
[t=0.0182567s, 11888 KB] Evaluations: 1213
[t=0.0182567s, 11888 KB] Generated 1387 state(s).
[t=0.0182567s, 11888 KB] Dead ends: 102 state(s).
[t=0.0182567s, 11888 KB] Number of registered states: 1213
[t=0.0182567s, 11888 KB] Int hash set load factor: 1213/2048 = 0.592285
[t=0.0182567s, 11888 KB] Int hash set resizes: 11
[t=0.0182567s, 11888 KB] Search time: 0.0134738s
[t=0.0182567s, 11888 KB] Total time: 0.0182567s
Solution found.
Peak memory: 11888 KB
Remove intermediate file output.sas
search exit code: 0

INFO     Running validate.
INFO     validate stdin: None
INFO     validate time limit: None
INFO     validate memory limit: None
INFO     validate command line string: validate domain.pddl problem.pddl sas_plan
Checking plan: sas_plan
Plan executed successfully - checking goal
Plan valid
Final value: 11 

Successful plans:
Value: 11
 sas_plan 11 

validate exit code: 0

INFO     Planner time: 0.14s
