INFO     planner time limit: 600s
INFO     planner memory limit: 3584 MB

INFO     Running translator.
INFO     translator stdin: None
INFO     translator time limit: 599s
INFO     translator memory limit: 3584 MB
INFO     translator command line string: /usr/local/downward-projects/downward/experiments/src/thesis/.venv/bin/python3 /usr/local/downward-projects/downward/experiments/src/thesis/data/thesis-thesis_exp/code-84c08dfff1890fbf6247184940c8166177195ea1_e5e41175/builds/release/bin/translate/translate.py domain.pddl problem.pddl --sas-file output.sas
Parsing...
Parsing: [0.000s CPU, 0.006s wall-clock]
Normalizing task... [0.000s CPU, 0.000s wall-clock]
Instantiating...
Generating Datalog program... [0.020s CPU, 0.002s wall-clock]
Normalizing Datalog program...
Normalizing Datalog program: [0.010s CPU, 0.017s wall-clock]
Preparing model... [0.010s CPU, 0.006s wall-clock]
Generated 400 rules.
Computing model... [0.690s CPU, 0.701s wall-clock]
43738 relevant atoms
39186 auxiliary atoms
82924 final queue length
230130 total queue pushes
Completing instantiation... [2.960s CPU, 2.965s wall-clock]
Instantiating: [3.730s CPU, 3.721s wall-clock]
Computing fact groups...
Finding invariants...
41 initial candidates
Finding invariants: [0.060s CPU, 0.060s wall-clock]
Checking invariant weight... [0.000s CPU, 0.000s wall-clock]
Instantiating groups... [0.000s CPU, 0.000s wall-clock]
Collecting mutex groups... [0.000s CPU, 0.000s wall-clock]
Choosing groups...
443 uncovered facts
Choosing groups: [0.000s CPU, 0.000s wall-clock]
Building translation key... [0.000s CPU, 0.001s wall-clock]
Computing fact groups: [0.060s CPU, 0.064s wall-clock]
Building STRIPS to SAS dictionary... [0.000s CPU, 0.000s wall-clock]
Building dictionary for full mutex groups... [0.000s CPU, 0.000s wall-clock]
Building mutex information...
Building mutex information: [0.000s CPU, 0.000s wall-clock]
Translating task...
Processing axioms...
Simplifying axioms... [0.000s CPU, 0.000s wall-clock]
Translator axioms removed by simplifying: 0
Computing negative axioms... [0.000s CPU, 0.000s wall-clock]
Processing axioms: [0.110s CPU, 0.112s wall-clock]
Translating task: [3.210s CPU, 3.222s wall-clock]
123029 effect conditions simplified
0 implied preconditions added
Detecting unreachable propositions...
0 operators removed
0 axioms removed
2 propositions removed
Detecting unreachable propositions: [2.460s CPU, 2.459s wall-clock]
Reordering and filtering variables...
445 of 445 variables necessary.
1 of 3 mutex groups necessary.
43098 of 43098 operators necessary.
0 of 0 axiom rules necessary.
Reordering and filtering variables: [0.770s CPU, 0.770s wall-clock]
Translator variables: 445
Translator derived variables: 0
Translator facts: 893
Translator goal facts: 4
Translator mutex groups: 1
Translator total mutex groups size: 2
Translator operators: 43098
Translator axioms: 0
Translator task size: 530940
Translator peak memory: 318388 KB
Writing output... [0.390s CPU, 0.393s wall-clock]
Done! [10.740s CPU, 10.757s wall-clock]
translate exit code: 0

INFO     Running search (release).
INFO     search stdin: output.sas
INFO     search time limit: 589s
INFO     search memory limit: 3584 MB
INFO     search command line string: /usr/local/downward-projects/downward/experiments/src/thesis/data/thesis-thesis_exp/code-84c08dfff1890fbf6247184940c8166177195ea1_e5e41175/builds/release/bin/downward --evaluator 'h=ff()' --search 'eager(partition(h, lwm_partition(), inter_uniform(), intra_uniform() )) ' --internal-plan-file sas_plan < output.sas
[t=0.00214753s, 11732 KB] reading input...
[t=0.24976s, 31620 KB] done reading input!
[t=0.285641s, 49060 KB] Simplifying 269799 unary operators... done! [269223 unary operators]
[t=2.92352s, 72968 KB] time to simplify: 2.63788s
[t=2.93546s, 72968 KB] Initializing additive heuristic...
[t=2.93818s, 72968 KB] Initializing FF heuristic...
[t=2.93821s, 72968 KB] Building successor generator...done!
[t=2.96348s, 72968 KB] peak memory difference for successor generator creation: 0 KB
[t=2.9636s, 72968 KB] time for successor generation creation: 0.0249958s
[t=2.96362s, 72968 KB] Variables: 445
[t=2.96456s, 72968 KB] FactPairs: 893
[t=2.96459s, 72968 KB] Bytes per state: 56
[t=2.96461s, 72968 KB] Conducting best first search without reopening closed nodes, (real) bound = 2147483647
[t=2.97191s, 72968 KB] New best heuristic value for ff(): 23
[t=2.97328s, 72968 KB] g=0, 1 evaluated, 0 expanded
[t=2.9733s, 72968 KB] Initial heuristic value for ff(): 23
[t=2.97334s, 72968 KB] pruning method: none
[t=2.97336s, 72968 KB] Start Timestep: 1693563773736 millisecond(s).
[t=2.99099s, 72968 KB] New best heuristic value for ff(): 22
[t=2.99289s, 72968 KB] g=1, 5 evaluated, 1 expanded
[t=3.06288s, 72968 KB] New best heuristic value for ff(): 21
[t=3.06575s, 72968 KB] g=4, 23 evaluated, 9 expanded
[t=3.24231s, 72968 KB] New best heuristic value for ff(): 20
[t=3.24361s, 72968 KB] g=7, 69 evaluated, 35 expanded
[t=4.75776s, 72968 KB] New best heuristic value for ff(): 19
[t=4.76126s, 72968 KB] g=13, 476 evaluated, 251 expanded
[t=167.142s, 72968 KB] New best heuristic value for ff(): 18
[t=167.143s, 72968 KB] g=27, 27109 evaluated, 14437 expanded
[t=167.15s, 72968 KB] New best heuristic value for ff(): 17
[t=167.151s, 72968 KB] g=27, 27110 evaluated, 14437 expanded
[t=180.257s, 72968 KB] New best heuristic value for ff(): 16
[t=180.258s, 72968 KB] g=30, 28519 evaluated, 15234 expanded
[t=182.757s, 72968 KB] New best heuristic value for ff(): 15
[t=182.758s, 72968 KB] g=31, 28783 evaluated, 15361 expanded
[t=182.766s, 72968 KB] New best heuristic value for ff(): 14
[t=182.766s, 72968 KB] g=31, 28784 evaluated, 15361 expanded
[t=259.662s, 72968 KB] New best heuristic value for ff(): 13
[t=259.663s, 72968 KB] g=36, 36296 evaluated, 19370 expanded
[t=303.806s, 72968 KB] New best heuristic value for ff(): 11
[t=303.806s, 72968 KB] g=38, 40272 evaluated, 21499 expanded
[t=371.787s, 72968 KB] New best heuristic value for ff(): 10
[t=371.79s, 72968 KB] g=39, 45718 evaluated, 24387 expanded
[t=407.087s, 72968 KB] New best heuristic value for ff(): 9
[t=407.088s, 72968 KB] g=40, 48439 evaluated, 25836 expanded
[t=432.161s, 72968 KB] New best heuristic value for ff(): 8
[t=432.163s, 72968 KB] g=41, 50318 evaluated, 26828 expanded
[t=549.795s, 72968 KB] New best heuristic value for ff(): 7
[t=549.796s, 72968 KB] g=47, 58770 evaluated, 31303 expanded
[t=553.42s, 72968 KB] New best heuristic value for ff(): 6
[t=553.424s, 72968 KB] g=48, 58997 evaluated, 31433 expanded
Peak memory: 72968 KB
caught signal 24 -- exiting
Time limit has been reached.
Remove intermediate file output.sas
search exit code: 23

Driver aborting after search
INFO     Planner time: 596.77s
