INFO     planner time limit: 600s
INFO     planner memory limit: 3584 MB

INFO     Running translator.
INFO     translator stdin: None
INFO     translator time limit: 599s
INFO     translator memory limit: 3584 MB
INFO     translator command line string: /usr/local/downward-projects/downward/experiments/src/thesis/.venv/bin/python3 /usr/local/downward-projects/downward/experiments/src/thesis/data/thesis-thesis_exp/code-84c08dfff1890fbf6247184940c8166177195ea1_e5e41175/builds/release/bin/translate/translate.py domain.pddl problem.pddl --sas-file output.sas
Parsing...
Parsing: [0.000s CPU, 0.002s wall-clock]
Normalizing task... [0.000s CPU, 0.000s wall-clock]
Instantiating...
Generating Datalog program... [0.010s CPU, 0.000s wall-clock]
Normalizing Datalog program...
Normalizing Datalog program: [0.000s CPU, 0.001s wall-clock]
Preparing model... [0.000s CPU, 0.001s wall-clock]
Generated 25 rules.
Computing model... [0.000s CPU, 0.007s wall-clock]
461 relevant atoms
611 auxiliary atoms
1072 final queue length
1647 total queue pushes
Completing instantiation... [0.010s CPU, 0.007s wall-clock]
Instantiating: [0.020s CPU, 0.017s wall-clock]
Computing fact groups...
Finding invariants...
7 initial candidates
Finding invariants: [0.000s CPU, 0.002s wall-clock]
Checking invariant weight... [0.000s CPU, 0.000s wall-clock]
Instantiating groups... [0.000s CPU, 0.000s wall-clock]
Collecting mutex groups... [0.000s CPU, 0.000s wall-clock]
Choosing groups...
0 uncovered facts
Choosing groups: [0.000s CPU, 0.000s wall-clock]
Building translation key... [0.000s CPU, 0.000s wall-clock]
Computing fact groups: [0.000s CPU, 0.004s wall-clock]
Building STRIPS to SAS dictionary... [0.000s CPU, 0.000s wall-clock]
Building dictionary for full mutex groups... [0.000s CPU, 0.000s wall-clock]
Building mutex information...
Building mutex information: [0.000s CPU, 0.000s wall-clock]
Translating task...
Processing axioms...
Simplifying axioms... [0.000s CPU, 0.000s wall-clock]
Translator axioms removed by simplifying: 0
Computing negative axioms... [0.000s CPU, 0.000s wall-clock]
Processing axioms: [0.000s CPU, 0.000s wall-clock]
Translating task: [0.010s CPU, 0.006s wall-clock]
0 effect conditions simplified
0 implied preconditions added
Detecting unreachable propositions...
0 operators removed
0 axioms removed
34 propositions removed
Detecting unreachable propositions: [0.000s CPU, 0.004s wall-clock]
Reordering and filtering variables...
34 of 34 variables necessary.
0 of 34 mutex groups necessary.
185 of 185 operators necessary.
0 of 0 axiom rules necessary.
Reordering and filtering variables: [0.010s CPU, 0.002s wall-clock]
Translator variables: 34
Translator derived variables: 0
Translator facts: 100
Translator goal facts: 33
Translator mutex groups: 0
Translator total mutex groups size: 0
Translator operators: 185
Translator axioms: 0
Translator task size: 1634
Translator peak memory: 32876 KB
Writing output... [0.000s CPU, 0.001s wall-clock]
Done! [0.040s CPU, 0.036s wall-clock]
translate exit code: 0

INFO     Running search (release).
INFO     search stdin: output.sas
INFO     search time limit: 599s
INFO     search memory limit: 3584 MB
INFO     search command line string: /usr/local/downward-projects/downward/experiments/src/thesis/data/thesis-thesis_exp/code-84c08dfff1890fbf6247184940c8166177195ea1_e5e41175/builds/release/bin/downward --evaluator 'h=ff()' --search 'eager(partition(h, hi_partition(), inter_uniform(), intra_uniform() )) ' --internal-plan-file sas_plan < output.sas
[t=0.00241757s, 11732 KB] reading input...
[t=0.00299706s, 11732 KB] done reading input!
[t=0.00379012s, 12128 KB] Simplifying 641 unary operators... done! [641 unary operators]
[t=0.00605393s, 12128 KB] time to simplify: 0.00226381s
[t=0.00611721s, 12128 KB] Initializing additive heuristic...
[t=0.00618052s, 12128 KB] Initializing FF heuristic...
[t=0.00620472s, 12128 KB] Building successor generator...done!
[t=0.00639528s, 12128 KB] peak memory difference for successor generator creation: 0 KB
[t=0.0064383s, 12128 KB] time for successor generation creation: 0s
[t=0.00646257s, 12128 KB] Variables: 34
[t=0.00648883s, 12128 KB] FactPairs: 100
[t=0.00651198s, 12128 KB] Bytes per state: 8
[t=0.0065348s, 12128 KB] Conducting best first search without reopening closed nodes, (real) bound = 2147483647
[t=0.00658285s, 12128 KB] New best heuristic value for ff(): 11
[t=0.00663938s, 12128 KB] g=0, 1 evaluated, 0 expanded
[t=0.00666378s, 12128 KB] Initial heuristic value for ff(): 11
[t=0.00669887s, 12128 KB] pruning method: none
[t=0.00672228s, 12128 KB] Start Timestep: 1693632295610 millisecond(s).
[t=0.00676519s, 12128 KB] New best heuristic value for ff(): 9
[t=0.00681335s, 12128 KB] g=1, 2 evaluated, 1 expanded
[t=0.00683728s, 12128 KB] New best heuristic value for ff(): 8
[t=0.00687435s, 12128 KB] g=1, 3 evaluated, 1 expanded
[t=0.00689777s, 12128 KB] New best heuristic value for ff(): 7
[t=0.00718656s, 12128 KB] g=2, 25 evaluated, 7 expanded
[t=0.00721096s, 12128 KB] New best heuristic value for ff(): 6
[t=0.00848817s, 12128 KB] g=2, 105 evaluated, 32 expanded
[t=0.0102282s, 12128 KB] New best heuristic value for ff(): 5
[t=0.0134087s, 12128 KB] g=4, 269 evaluated, 75 expanded
[t=0.0134352s, 12128 KB] New best heuristic value for ff(): 4
[t=0.0135556s, 12128 KB] g=4, 271 evaluated, 75 expanded
[t=0.210149s, 12452 KB] New best heuristic value for ff(): 3
[t=0.210724s, 12452 KB] g=4, 1858 evaluated, 570 expanded
[t=1.68171s, 13228 KB] New best heuristic value for ff(): 2
[t=1.68456s, 13228 KB] g=7, 5540 evaluated, 1830 expanded
[t=23.7111s, 16112 KB] New best heuristic value for ff(): 1
[t=23.7127s, 16112 KB] g=8, 17811 evaluated, 6415 expanded
Peak memory: 25640 KB
caught signal 24 -- exiting
Time limit has been reached.
Remove intermediate file output.sas
search exit code: 23

Driver aborting after search
INFO     Planner time: 598.90s
