INFO     planner time limit: 900s
INFO     planner memory limit: 3584 MB

INFO     Running translator.
INFO     translator stdin: None
INFO     translator time limit: 899s
INFO     translator memory limit: 3584 MB
INFO     translator command line string: /usr/local/downward-projects/downward/experiments/.venv/bin/python3 /usr/local/downward-projects/downward/experiments/src/thesis/data/thesis-thesis_exp/code-f7a4f68fd467cf7cff4d3dfcfdfcfa2023e44324_e5e41175/builds/release/bin/translate/translate.py domain.pddl problem.pddl --sas-file output.sas
Parsing...
Parsing: [0.030s CPU, 0.030s wall-clock]
Normalizing task... [0.000s CPU, 0.001s wall-clock]
Instantiating...
Generating Datalog program... [0.010s CPU, 0.010s wall-clock]
Normalizing Datalog program...
Normalizing Datalog program: [0.000s CPU, 0.001s wall-clock]
Preparing model... [0.050s CPU, 0.049s wall-clock]
Generated 18 rules.
Computing model... [0.190s CPU, 0.183s wall-clock]
24770 relevant atoms
16213 auxiliary atoms
40983 final queue length
56112 total queue pushes
Completing instantiation... [0.310s CPU, 0.320s wall-clock]
Instantiating: [0.570s CPU, 0.574s wall-clock]
Computing fact groups...
Finding invariants...
6 initial candidates
Finding invariants: [0.010s CPU, 0.002s wall-clock]
Checking invariant weight... [0.000s CPU, 0.002s wall-clock]
Instantiating groups... [0.000s CPU, 0.000s wall-clock]
Collecting mutex groups... [0.000s CPU, 0.000s wall-clock]
Choosing groups...
310 uncovered facts
Choosing groups: [0.000s CPU, 0.000s wall-clock]
Building translation key... [0.000s CPU, 0.001s wall-clock]
Computing fact groups: [0.010s CPU, 0.007s wall-clock]
Building STRIPS to SAS dictionary... [0.000s CPU, 0.000s wall-clock]
Building dictionary for full mutex groups... [0.000s CPU, 0.000s wall-clock]
Building mutex information...
Building mutex information: [0.000s CPU, 0.000s wall-clock]
Translating task...
Processing axioms...
Simplifying axioms... [0.000s CPU, 0.000s wall-clock]
Translator axioms removed by simplifying: 0
Computing negative axioms... [0.000s CPU, 0.000s wall-clock]
Processing axioms: [0.020s CPU, 0.013s wall-clock]
Translating task: [0.250s CPU, 0.250s wall-clock]
155 effect conditions simplified
0 implied preconditions added
Detecting unreachable propositions...
0 operators removed
0 axioms removed
1 propositions removed
Detecting unreachable propositions: [0.190s CPU, 0.189s wall-clock]
Reordering and filtering variables...
311 of 311 variables necessary.
0 of 1 mutex groups necessary.
15562 of 15562 operators necessary.
0 of 0 axiom rules necessary.
Reordering and filtering variables: [0.020s CPU, 0.024s wall-clock]
Translator variables: 311
Translator derived variables: 0
Translator facts: 744
Translator goal facts: 155
Translator mutex groups: 0
Translator total mutex groups size: 0
Translator operators: 15562
Translator axioms: 0
Translator task size: 48206
Translator peak memory: 72864 KB
Writing output... [0.050s CPU, 0.047s wall-clock]
Done! [1.140s CPU, 1.141s wall-clock]
translate exit code: 0

INFO     Running search (release).
INFO     search stdin: output.sas
INFO     search time limit: 898s
INFO     search memory limit: 3584 MB
INFO     search command line string: /usr/local/downward-projects/downward/experiments/src/thesis/data/thesis-thesis_exp/code-f7a4f68fd467cf7cff4d3dfcfdfcfa2023e44324_e5e41175/builds/release/bin/downward --evaluator 'h=ff()' --search 'eager(epsilon_greedy(h, epsilon=0.2))' --internal-plan-file sas_plan < output.sas
[t=0.000893265s, 11000 KB] reading input...
[t=0.0275618s, 13772 KB] done reading input!
[t=0.031748s, 14620 KB] Simplifying 15717 unary operators... done! [15717 unary operators]
[t=0.0387141s, 15940 KB] time to simplify: 0.00769341s
[t=0.039594s, 15940 KB] Initializing additive heuristic...
[t=0.0397592s, 15940 KB] Initializing FF heuristic...
[t=0.0397867s, 15940 KB] Building successor generator...done!
[t=0.0419025s, 16296 KB] peak memory difference for successor generator creation: 356 KB
[t=0.0419599s, 16296 KB] time for successor generation creation: 0s
[t=0.0419846s, 16296 KB] Variables: 311
[t=0.042104s, 16296 KB] FactPairs: 744
[t=0.0421279s, 16296 KB] Bytes per state: 40
[t=0.0421513s, 16296 KB] Conducting best first search without reopening closed nodes, (real) bound = 2147483647
[t=0.0422018s, 16296 KB] New best heuristic value for ff(): 422
[t=0.0423602s, 16296 KB] g=0, 1 evaluated, 0 expanded
[t=0.0423868s, 16296 KB] Initial heuristic value for ff(): 422
[t=0.0424129s, 16296 KB] pruning method: none
[t=0.0424366s, 16296 KB] Start Timestep: 1684314447366 millisecond(s).
[t=0.0512267s, 16296 KB] New best heuristic value for ff(): 421
[t=0.0541744s, 16296 KB] g=2, 125 evaluated, 2 expanded
[t=0.0542047s, 16296 KB] New best heuristic value for ff(): 420
[t=0.0543592s, 16296 KB] g=3, 126 evaluated, 3 expanded
[t=0.0631631s, 16296 KB] New best heuristic value for ff(): 419
[t=0.066005s, 16296 KB] g=4, 249 evaluated, 5 expanded
[t=0.0660347s, 16296 KB] New best heuristic value for ff(): 418
[t=0.0661891s, 16296 KB] g=5, 250 evaluated, 6 expanded
[t=0.0750932s, 16296 KB] New best heuristic value for ff(): 417
[t=0.077836s, 16296 KB] g=6, 373 evaluated, 9 expanded
[t=0.0778661s, 16296 KB] New best heuristic value for ff(): 416
[t=0.0782085s, 16296 KB] g=7, 376 evaluated, 10 expanded
[t=0.087s, 16296 KB] New best heuristic value for ff(): 415
[t=0.0899916s, 16296 KB] g=8, 501 evaluated, 11 expanded
[t=0.110953s, 16296 KB] New best heuristic value for ff(): 414
[t=0.113324s, 16296 KB] g=10, 749 evaluated, 16 expanded
[t=0.12292s, 16296 KB] New best heuristic value for ff(): 413
[t=0.125008s, 16296 KB] g=12, 873 evaluated, 19 expanded
[t=0.125036s, 16296 KB] New best heuristic value for ff(): 412
[t=0.125284s, 16296 KB] g=13, 875 evaluated, 20 expanded
[t=0.146807s, 16296 KB] New best heuristic value for ff(): 411
[t=0.148643s, 16296 KB] g=15, 1122 evaluated, 26 expanded
[t=0.148672s, 16296 KB] New best heuristic value for ff(): 410
[t=0.149406s, 16296 KB] g=16, 1129 evaluated, 28 expanded
[t=0.170734s, 16296 KB] New best heuristic value for ff(): 409
[t=0.172642s, 16296 KB] g=18, 1376 evaluated, 31 expanded
[t=0.182662s, 16296 KB] New best heuristic value for ff(): 408
[t=0.184406s, 16296 KB] g=20, 1500 evaluated, 36 expanded
[t=0.184437s, 16296 KB] New best heuristic value for ff(): 407
[t=0.184686s, 16296 KB] g=21, 1502 evaluated, 37 expanded
[t=0.20659s, 16296 KB] New best heuristic value for ff(): 406
[t=0.207984s, 16296 KB] g=23, 1749 evaluated, 44 expanded
[t=0.208015s, 16296 KB] New best heuristic value for ff(): 405
[t=0.208359s, 16296 KB] g=24, 1752 evaluated, 45 expanded
[t=0.218528s, 16296 KB] New best heuristic value for ff(): 404
[t=0.22021s, 16296 KB] g=25, 1877 evaluated, 46 expanded
[t=0.242455s, 16296 KB] New best heuristic value for ff(): 403
[t=0.243879s, 16296 KB] g=27, 2126 evaluated, 54 expanded
[t=0.24391s, 16296 KB] New best heuristic value for ff(): 402
[t=0.24416s, 16296 KB] g=28, 2128 evaluated, 55 expanded
[t=0.266389s, 16296 KB] New best heuristic value for ff(): 401
[t=0.268185s, 16296 KB] g=30, 2382 evaluated, 63 expanded
[t=0.290305s, 16296 KB] New best heuristic value for ff(): 400
[t=0.291918s, 16296 KB] g=32, 2633 evaluated, 72 expanded
[t=0.291948s, 16296 KB] New best heuristic value for ff(): 399
[t=0.292292s, 16296 KB] g=33, 2636 evaluated, 73 expanded
[t=0.302246s, 16296 KB] New best heuristic value for ff(): 398
[t=0.304131s, 16296 KB] g=34, 2761 evaluated, 75 expanded
[t=0.31421s, 16296 KB] New best heuristic value for ff(): 397
[t=0.315961s, 16296 KB] g=35, 2885 evaluated, 76 expanded
[t=0.326151s, 16296 KB] New best heuristic value for ff(): 396
[t=0.328067s, 16296 KB] g=36, 3011 evaluated, 85 expanded
[t=0.338078s, 16296 KB] New best heuristic value for ff(): 395
[t=0.340558s, 16296 KB] g=38, 3141 evaluated, 95 expanded
[t=0.350012s, 16296 KB] New best heuristic value for ff(): 394
[t=0.352566s, 16296 KB] g=40, 3267 evaluated, 103 expanded
[t=0.352595s, 16296 KB] New best heuristic value for ff(): 393
[t=0.352938s, 16296 KB] g=41, 3270 evaluated, 104 expanded
[t=0.361941s, 16296 KB] New best heuristic value for ff(): 392
[t=0.364707s, 16296 KB] g=42, 3395 evaluated, 105 expanded
[t=0.373839s, 16296 KB] New best heuristic value for ff(): 391
[t=0.376406s, 16296 KB] g=43, 3519 evaluated, 106 expanded
[t=0.385753s, 16296 KB] New best heuristic value for ff(): 390
[t=0.38856s, 16296 KB] g=44, 3646 evaluated, 116 expanded
[t=0.409705s, 16296 KB] New best heuristic value for ff(): 389
[t=0.412827s, 16296 KB] g=46, 3899 evaluated, 129 expanded
[t=0.421671s, 16296 KB] New best heuristic value for ff(): 388
[t=0.425349s, 16296 KB] g=48, 4029 evaluated, 143 expanded
[t=0.433601s, 16296 KB] New best heuristic value for ff(): 387
[t=0.437578s, 16296 KB] g=50, 4156 evaluated, 156 expanded
[t=0.437609s, 16296 KB] New best heuristic value for ff(): 386
[t=0.437862s, 16296 KB] g=51, 4158 evaluated, 157 expanded
[t=0.46152s, 16296 KB] New best heuristic value for ff(): 385
[t=0.461598s, 16296 KB] g=53, 4408 evaluated, 170 expanded
[t=0.473485s, 16296 KB] New best heuristic value for ff(): 384
[t=0.473858s, 16296 KB] g=55, 4535 evaluated, 184 expanded
[t=0.473888s, 16296 KB] New best heuristic value for ff(): 383
[t=0.474231s, 16296 KB] g=56, 4538 evaluated, 185 expanded
[t=0.485398s, 16296 KB] New best heuristic value for ff(): 382
[t=0.486105s, 16296 KB] g=57, 4663 evaluated, 186 expanded
[t=0.497357s, 16296 KB] New best heuristic value for ff(): 381
[t=0.497871s, 16296 KB] g=58, 4787 evaluated, 188 expanded
[t=0.509245s, 16296 KB] New best heuristic value for ff(): 380
[t=0.510057s, 16296 KB] g=59, 4913 evaluated, 202 expanded
[t=0.510087s, 16296 KB] New best heuristic value for ff(): 379
[t=0.510226s, 16296 KB] g=60, 4914 evaluated, 203 expanded
[t=0.521173s, 16296 KB] New best heuristic value for ff(): 378
[t=0.522535s, 16296 KB] g=61, 5042 evaluated, 218 expanded
[t=0.522563s, 16296 KB] New best heuristic value for ff(): 377
[t=0.522907s, 16296 KB] g=62, 5045 evaluated, 219 expanded
[t=0.545306s, 16296 KB] New best heuristic value for ff(): 376
[t=0.546568s, 16296 KB] g=63, 5296 evaluated, 222 expanded
[t=0.556853s, 16296 KB] New best heuristic value for ff(): 375
[t=0.559457s, 16296 KB] g=65, 5430 evaluated, 239 expanded
[t=0.568803s, 16296 KB] New best heuristic value for ff(): 374
[t=0.571255s, 16296 KB] g=66, 5555 evaluated, 240 expanded
[t=0.571284s, 16296 KB] New best heuristic value for ff(): 373
[t=0.57142s, 16296 KB] g=67, 5556 evaluated, 241 expanded
[t=0.580718s, 16296 KB] New best heuristic value for ff(): 372
[t=0.583513s, 16296 KB] g=68, 5682 evaluated, 254 expanded
[t=0.592688s, 16296 KB] New best heuristic value for ff(): 371
[t=0.59529s, 16296 KB] g=69, 5807 evaluated, 255 expanded
[t=0.604646s, 16296 KB] New best heuristic value for ff(): 370
[t=0.60758s, 16296 KB] g=71, 5936 evaluated, 265 expanded
[t=0.607609s, 16296 KB] New best heuristic value for ff(): 369
[t=0.60786s, 16296 KB] g=72, 5938 evaluated, 266 expanded
[t=0.629654s, 16296 KB] New best heuristic value for ff(): 368
[t=0.631486s, 16296 KB] g=74, 6188 evaluated, 276 expanded
[t=0.640508s, 16296 KB] New best heuristic value for ff(): 367
[t=0.644447s, 16296 KB] g=76, 6322 evaluated, 296 expanded
[t=0.644488s, 16296 KB] New best heuristic value for ff(): 366
[t=0.644648s, 16296 KB] g=77, 6323 evaluated, 297 expanded
[t=0.656433s, 16296 KB] New best heuristic value for ff(): 365
[t=0.657122s, 16296 KB] g=78, 6452 evaluated, 316 expanded
[t=0.657151s, 16296 KB] New best heuristic value for ff(): 364
[t=0.657402s, 16296 KB] g=79, 6454 evaluated, 317 expanded
[t=0.68034s, 16296 KB] New best heuristic value for ff(): 363
[t=0.681099s, 16296 KB] g=81, 6704 evaluated, 333 expanded
[t=0.681129s, 16296 KB] New best heuristic value for ff(): 362
[t=0.68138s, 16296 KB] g=82, 6706 evaluated, 334 expanded
[t=0.704268s, 16296 KB] New best heuristic value for ff(): 361
[t=0.704511s, 16296 KB] g=83, 6953 evaluated, 336 expanded
[t=0.716236s, 16296 KB] New best heuristic value for ff(): 360
[t=0.71693s, 16296 KB] g=84, 7083 evaluated, 348 expanded
[t=0.728196s, 16296 KB] New best heuristic value for ff(): 359
[t=0.729058s, 16296 KB] g=86, 7210 evaluated, 361 expanded
[t=0.740142s, 16296 KB] New best heuristic value for ff(): 358
[t=0.742252s, 16296 KB] g=88, 7346 evaluated, 384 expanded
[t=0.742282s, 16296 KB] New best heuristic value for ff(): 357
[t=0.74312s, 16296 KB] g=89, 7354 evaluated, 386 expanded
[t=0.752073s, 16296 KB] New best heuristic value for ff(): 356
[t=0.755474s, 16296 KB] g=90, 7481 evaluated, 387 expanded
[t=0.764038s, 16296 KB] New best heuristic value for ff(): 355
[t=0.767429s, 16296 KB] g=91, 7608 evaluated, 389 expanded
[t=0.775995s, 16296 KB] New best heuristic value for ff(): 354
[t=0.779181s, 16296 KB] g=92, 7733 evaluated, 390 expanded
[t=0.799925s, 16296 KB] New best heuristic value for ff(): 353
[t=0.802996s, 16296 KB] g=94, 7986 evaluated, 399 expanded
[t=0.823883s, 16296 KB] New best heuristic value for ff(): 352
[t=0.827139s, 16296 KB] g=97, 8242 evaluated, 412 expanded
[t=0.847825s, 16296 KB] New best heuristic value for ff(): 351
[t=0.851288s, 16296 KB] g=99, 8496 evaluated, 428 expanded
[t=0.85979s, 16296 KB] New best heuristic value for ff(): 350
[t=0.863174s, 16296 KB] g=100, 8622 evaluated, 429 expanded
[t=0.871758s, 16296 KB] New best heuristic value for ff(): 349
[t=0.874931s, 16296 KB] g=101, 8747 evaluated, 430 expanded
[t=0.887693s, 16296 KB] New best heuristic value for ff(): 348
[t=0.888495s, 16296 KB] g=103, 8886 evaluated, 458 expanded
[t=0.899653s, 16296 KB] New best heuristic value for ff(): 347
[t=0.901033s, 16296 KB] g=105, 9016 evaluated, 478 expanded
[t=0.911608s, 16296 KB] New best heuristic value for ff(): 346
[t=0.913098s, 16296 KB] g=107, 9143 evaluated, 487 expanded
[t=0.92357s, 16296 KB] New best heuristic value for ff(): 345
[t=0.927363s, 16296 KB] g=109, 9289 evaluated, 518 expanded
[t=0.927537s, 16296 KB] New best heuristic value for ff(): 344
[t=0.927852s, 16296 KB] g=110, 9293 evaluated, 519 expanded
[t=0.947397s, 16296 KB] New best heuristic value for ff(): 343
[t=0.951234s, 16296 KB] g=111, 9542 evaluated, 520 expanded
[t=0.959362s, 16296 KB] New best heuristic value for ff(): 342
[t=0.963005s, 16296 KB] g=112, 9667 evaluated, 521 expanded
[t=0.975321s, 16296 KB] New best heuristic value for ff(): 341
[t=0.97654s, 16296 KB] g=114, 9803 evaluated, 544 expanded
[t=0.987219s, 16296 KB] New best heuristic value for ff(): 340
[t=0.988493s, 16296 KB] g=115, 9928 evaluated, 545 expanded
[t=0.988523s, 16296 KB] New best heuristic value for ff(): 339
[t=0.988688s, 16296 KB] g=116, 9929 evaluated, 547 expanded
[t=0.99915s, 16296 KB] New best heuristic value for ff(): 338
[t=1.00235s, 16296 KB] g=117, 10069 evaluated, 579 expanded
[t=1.0111s, 16296 KB] New best heuristic value for ff(): 337
[t=1.01415s, 16296 KB] g=118, 10194 evaluated, 580 expanded
[t=1.03503s, 16296 KB] New best heuristic value for ff(): 336
[t=1.03872s, 16296 KB] g=120, 10452 evaluated, 607 expanded
[t=1.03875s, 16296 KB] New best heuristic value for ff(): 335
[t=1.03891s, 16296 KB] g=121, 10453 evaluated, 608 expanded
[t=1.05096s, 16296 KB] New best heuristic value for ff(): 334
[t=1.05277s, 16296 KB] g=122, 10595 evaluated, 641 expanded
[t=1.06291s, 16296 KB] New best heuristic value for ff(): 333
[t=1.06443s, 16296 KB] g=123, 10720 evaluated, 642 expanded
[t=1.07487s, 16296 KB] New best heuristic value for ff(): 332
[t=1.07746s, 16296 KB] g=125, 10855 evaluated, 670 expanded
[t=1.08681s, 16296 KB] New best heuristic value for ff(): 331
[t=1.08911s, 16296 KB] g=126, 10980 evaluated, 671 expanded
[t=1.08915s, 16296 KB] New best heuristic value for ff(): 330
[t=1.08928s, 16296 KB] g=127, 10981 evaluated, 672 expanded
[t=1.10274s, 16296 KB] New best heuristic value for ff(): 329
[t=1.10339s, 16296 KB] g=128, 11126 evaluated, 708 expanded
[t=1.10342s, 16296 KB] New best heuristic value for ff(): 328
[t=1.10381s, 16296 KB] g=129, 11129 evaluated, 711 expanded
[t=1.12667s, 16296 KB] New best heuristic value for ff(): 327
[t=1.12675s, 16296 KB] g=130, 11377 evaluated, 712 expanded
[t=1.13862s, 16296 KB] New best heuristic value for ff(): 326
[t=1.14119s, 16296 KB] g=132, 11526 evaluated, 743 expanded
[t=1.14122s, 16296 KB] New best heuristic value for ff(): 325
[t=1.14146s, 16296 KB] g=133, 11528 evaluated, 744 expanded
[t=1.16648s, 16296 KB] New best heuristic value for ff(): 324
[t=1.16679s, 16296 KB] g=134, 11794 evaluated, 781 expanded
[t=1.16682s, 16296 KB] New best heuristic value for ff(): 323
[t=1.16707s, 16296 KB] g=135, 11796 evaluated, 782 expanded
[t=1.19039s, 16296 KB] New best heuristic value for ff(): 322
[t=1.19231s, 16296 KB] g=137, 12063 evaluated, 815 expanded
[t=1.20635s, 16296 KB] New best heuristic value for ff(): 321
[t=1.20679s, 16296 KB] g=139, 12210 evaluated, 860 expanded
[t=1.20682s, 16296 KB] New best heuristic value for ff(): 320
[t=1.20726s, 16296 KB] g=140, 12214 evaluated, 861 expanded
[t=1.21828s, 16296 KB] New best heuristic value for ff(): 319
[t=1.21901s, 16296 KB] g=141, 12340 evaluated, 862 expanded
[t=1.2382s, 16296 KB] New best heuristic value for ff(): 318
[t=1.24195s, 16296 KB] g=142, 12588 evaluated, 863 expanded
[t=1.24198s, 16296 KB] New best heuristic value for ff(): 317
[t=1.24212s, 16296 KB] g=143, 12589 evaluated, 864 expanded
[t=1.25413s, 16296 KB] New best heuristic value for ff(): 316
[t=1.2556s, 16296 KB] g=144, 12729 evaluated, 893 expanded
[t=1.27807s, 16296 KB] New best heuristic value for ff(): 315
[t=1.2787s, 16296 KB] g=147, 12978 evaluated, 901 expanded
[t=1.27873s, 16296 KB] New best heuristic value for ff(): 314
[t=1.27898s, 16296 KB] g=148, 12980 evaluated, 902 expanded
[t=1.29s, 16296 KB] New best heuristic value for ff(): 313
[t=1.29046s, 16296 KB] g=149, 13104 evaluated, 903 expanded
[t=1.30194s, 16296 KB] New best heuristic value for ff(): 312
[t=1.30273s, 16296 KB] g=150, 13234 evaluated, 917 expanded
[t=1.30275s, 16296 KB] New best heuristic value for ff(): 311
[t=1.30309s, 16296 KB] g=151, 13237 evaluated, 918 expanded
[t=1.31388s, 16296 KB] New best heuristic value for ff(): 310
[t=1.31473s, 16296 KB] g=152, 13362 evaluated, 919 expanded
[t=1.33779s, 16296 KB] New best heuristic value for ff(): 309
[t=1.33872s, 16296 KB] g=154, 13619 evaluated, 929 expanded
[t=1.34976s, 16296 KB] New best heuristic value for ff(): 308
[t=1.3517s, 16296 KB] g=156, 13756 evaluated, 943 expanded
[t=1.3737s, 16296 KB] New best heuristic value for ff(): 307
[t=1.37535s, 16296 KB] g=158, 14009 evaluated, 960 expanded
[t=1.37538s, 16296 KB] New best heuristic value for ff(): 306
[t=1.37585s, 16296 KB] g=159, 14013 evaluated, 963 expanded
[t=1.38559s, 16296 KB] New best heuristic value for ff(): 305
[t=1.38905s, 16296 KB] g=160, 14151 evaluated, 987 expanded
[t=1.38908s, 16296 KB] New best heuristic value for ff(): 304
[t=1.38936s, 16296 KB] g=161, 14153 evaluated, 989 expanded
[t=1.41311s, 16296 KB] New best heuristic value for ff(): 303
[t=1.41621s, 16296 KB] g=162, 14433 evaluated, 1027 expanded
[t=1.41624s, 16296 KB] New best heuristic value for ff(): 302
[t=1.41647s, 16296 KB] g=163, 14435 evaluated, 1028 expanded
[t=1.42726s, 16296 KB] New best heuristic value for ff(): 301
[t=1.42892s, 16296 KB] g=164, 14566 evaluated, 1048 expanded
[t=1.42899s, 16296 KB] New best heuristic value for ff(): 300
[t=1.42935s, 16296 KB] g=165, 14569 evaluated, 1051 expanded
[t=1.45295s, 16296 KB] New best heuristic value for ff(): 299
[t=1.45525s, 16296 KB] g=167, 14837 evaluated, 1072 expanded
[t=1.46889s, 16296 KB] New best heuristic value for ff(): 298
[t=1.46927s, 16296 KB] g=169, 14984 evaluated, 1095 expanded
[t=1.49284s, 16296 KB] New best heuristic value for ff(): 297
[t=1.49338s, 16296 KB] g=171, 15242 evaluated, 1115 expanded
[t=1.5168s, 16296 KB] New best heuristic value for ff(): 296
[t=1.51892s, 16296 KB] g=173, 15514 evaluated, 1149 expanded
[t=1.51895s, 16296 KB] New best heuristic value for ff(): 295
[t=1.51911s, 16296 KB] g=174, 15515 evaluated, 1150 expanded
[t=1.55252s, 16296 KB] New best heuristic value for ff(): 294
[t=1.55597s, 16296 KB] g=175, 15904 evaluated, 1191 expanded
[t=1.56448s, 16296 KB] New best heuristic value for ff(): 293
[t=1.56749s, 16296 KB] g=176, 16029 evaluated, 1192 expanded
[t=1.56752s, 16296 KB] New best heuristic value for ff(): 292
[t=1.56765s, 16296 KB] g=177, 16030 evaluated, 1193 expanded
[t=1.58038s, 16296 KB] New best heuristic value for ff(): 291
[t=1.58125s, 16296 KB] g=178, 16172 evaluated, 1223 expanded
[t=1.58128s, 16296 KB] New best heuristic value for ff(): 290
[t=1.58168s, 16296 KB] g=179, 16176 evaluated, 1224 expanded
[t=1.59233s, 16296 KB] New best heuristic value for ff(): 289
[t=1.59534s, 16296 KB] g=180, 16318 evaluated, 1263 expanded
[t=1.59537s, 16296 KB] New best heuristic value for ff(): 288
[t=1.59571s, 16296 KB] g=181, 16321 evaluated, 1264 expanded
[t=1.61626s, 16296 KB] New best heuristic value for ff(): 287
[t=1.61827s, 16296 KB] g=182, 16569 evaluated, 1265 expanded
[t=1.6282s, 16296 KB] New best heuristic value for ff(): 286
[t=1.63184s, 16296 KB] g=184, 16712 evaluated, 1291 expanded
[t=1.63187s, 16296 KB] New best heuristic value for ff(): 285
[t=1.632s, 16296 KB] g=185, 16713 evaluated, 1292 expanded
[t=1.64414s, 16296 KB] New best heuristic value for ff(): 284
[t=1.64602s, 16296 KB] g=186, 16859 evaluated, 1329 expanded
[t=1.66809s, 16296 KB] New best heuristic value for ff(): 283
[t=1.66904s, 16296 KB] g=187, 17107 evaluated, 1331 expanded
[t=1.66907s, 16296 KB] New best heuristic value for ff(): 282
[t=1.6692s, 16296 KB] g=188, 17108 evaluated, 1332 expanded
[t=1.69201s, 16296 KB] New best heuristic value for ff(): 281
[t=1.69466s, 16296 KB] g=189, 17378 evaluated, 1367 expanded
[t=1.69469s, 16296 KB] New best heuristic value for ff(): 280
[t=1.69485s, 16296 KB] g=190, 17379 evaluated, 1368 expanded
[t=1.71593s, 16296 KB] New best heuristic value for ff(): 279
[t=1.71764s, 16296 KB] g=191, 17628 evaluated, 1374 expanded
[t=1.71767s, 16296 KB] New best heuristic value for ff(): 278
[t=1.71789s, 16296 KB] g=192, 17630 evaluated, 1375 expanded
[t=1.75184s, 16676 KB] New best heuristic value for ff(): 277
[t=1.75531s, 16676 KB] g=193, 18025 evaluated, 1414 expanded
[t=1.75534s, 16676 KB] New best heuristic value for ff(): 276
[t=1.75577s, 16676 KB] g=194, 18029 evaluated, 1415 expanded
[t=1.76377s, 16676 KB] New best heuristic value for ff(): 275
[t=1.76722s, 16676 KB] g=195, 18155 evaluated, 1416 expanded
[t=1.7877s, 16676 KB] New best heuristic value for ff(): 274
[t=1.78966s, 16676 KB] g=196, 18403 evaluated, 1417 expanded
[t=1.78969s, 16676 KB] New best heuristic value for ff(): 273
[t=1.78982s, 16676 KB] g=197, 18404 evaluated, 1418 expanded
[t=1.79965s, 16676 KB] New best heuristic value for ff(): 272
[t=1.80204s, 16676 KB] g=198, 18536 evaluated, 1431 expanded
[t=1.83557s, 16676 KB] New best heuristic value for ff(): 271
[t=1.83832s, 16676 KB] g=200, 18928 evaluated, 1453 expanded
[t=1.83835s, 16676 KB] New best heuristic value for ff(): 270
[t=1.83851s, 16676 KB] g=201, 18929 evaluated, 1454 expanded
[t=1.84752s, 16676 KB] New best heuristic value for ff(): 269
[t=1.84975s, 16676 KB] g=202, 19053 evaluated, 1456 expanded
[t=1.84978s, 16676 KB] New best heuristic value for ff(): 268
[t=1.85001s, 16676 KB] g=203, 19055 evaluated, 1457 expanded
[t=1.85945s, 16676 KB] New best heuristic value for ff(): 267
[t=1.8621s, 16676 KB] g=204, 19186 evaluated, 1471 expanded
[t=1.88337s, 16676 KB] New best heuristic value for ff(): 266
[t=1.88571s, 16676 KB] g=206, 19444 evaluated, 1490 expanded
[t=1.88575s, 16676 KB] New best heuristic value for ff(): 265
[t=1.88588s, 16676 KB] g=207, 19445 evaluated, 1491 expanded
[t=1.8993s, 16676 KB] New best heuristic value for ff(): 264
[t=1.90182s, 16676 KB] g=208, 19611 evaluated, 1531 expanded
[t=1.90185s, 16676 KB] New best heuristic value for ff(): 263
[t=1.90201s, 16676 KB] g=209, 19612 evaluated, 1532 expanded
[t=1.9152s, 16676 KB] New best heuristic value for ff(): 262
[t=1.91593s, 16676 KB] g=210, 19757 evaluated, 1570 expanded
[t=1.91596s, 16676 KB] New best heuristic value for ff(): 261
[t=1.91648s, 16676 KB] g=211, 19762 evaluated, 1571 expanded
[t=1.92709s, 16676 KB] New best heuristic value for ff(): 260
[t=1.92801s, 16676 KB] g=212, 19889 evaluated, 1572 expanded
[t=1.94703s, 16676 KB] New best heuristic value for ff(): 259
[t=1.95054s, 16676 KB] g=213, 20138 evaluated, 1573 expanded
[t=1.96147s, 16676 KB] New best heuristic value for ff(): 258
[t=1.96213s, 16676 KB] g=214, 20263 evaluated, 1574 expanded
[t=1.9702s, 16676 KB] New best heuristic value for ff(): 257
[t=1.97364s, 16676 KB] g=216, 20388 evaluated, 1579 expanded
[t=1.97414s, 16676 KB] New best heuristic value for ff(): 256
[t=1.97424s, 16676 KB] g=217, 20393 evaluated, 1581 expanded
[t=1.98605s, 16676 KB] New best heuristic value for ff(): 255
[t=1.98847s, 16676 KB] g=218, 20544 evaluated, 1611 expanded
[t=2.00192s, 16676 KB] New best heuristic value for ff(): 254
[t=2.00223s, 16676 KB] g=220, 20689 evaluated, 1650 expanded
[t=2.00989s, 16676 KB] New best heuristic value for ff(): 253
[t=2.01346s, 16676 KB] g=221, 20814 evaluated, 1651 expanded
[t=2.02581s, 16676 KB] New best heuristic value for ff(): 252
[t=2.02771s, 16676 KB] g=223, 20965 evaluated, 1687 expanded
[t=2.02774s, 16676 KB] New best heuristic value for ff(): 251
[t=2.02789s, 16676 KB] g=224, 20966 evaluated, 1688 expanded
[t=2.03835s, 16676 KB] New best heuristic value for ff(): 250
[t=2.04158s, 16676 KB] g=225, 21112 evaluated, 1720 expanded
[t=2.0417s, 16676 KB] New best heuristic value for ff(): 249
[t=2.04218s, 16676 KB] g=226, 21117 evaluated, 1722 expanded
[t=2.05366s, 16676 KB] New best heuristic value for ff(): 248
[t=2.05379s, 16676 KB] g=227, 21246 evaluated, 1725 expanded
[t=2.06563s, 16676 KB] New best heuristic value for ff(): 247
[t=2.06739s, 16676 KB] g=228, 21392 evaluated, 1750 expanded
[t=2.08955s, 16676 KB] New best heuristic value for ff(): 246
[t=2.09155s, 16676 KB] g=230, 21655 evaluated, 1773 expanded
[t=2.10151s, 16676 KB] New best heuristic value for ff(): 245
[t=2.10278s, 16676 KB] g=231, 21780 evaluated, 1774 expanded
[t=2.11347s, 16676 KB] New best heuristic value for ff(): 244
[t=2.11612s, 16676 KB] g=233, 21923 evaluated, 1803 expanded
[t=2.11616s, 16676 KB] New best heuristic value for ff(): 243
[t=2.11629s, 16676 KB] g=234, 21924 evaluated, 1804 expanded
[t=2.12938s, 16676 KB] New best heuristic value for ff(): 242
[t=2.12966s, 16676 KB] g=235, 22067 evaluated, 1833 expanded
[t=2.12969s, 16676 KB] New best heuristic value for ff(): 241
[t=2.13011s, 16676 KB] g=236, 22071 evaluated, 1834 expanded
[t=2.1413s, 16676 KB] New best heuristic value for ff(): 240
[t=2.14135s, 16676 KB] g=237, 22197 evaluated, 1835 expanded
[t=2.14926s, 16676 KB] New best heuristic value for ff(): 239
[t=2.15249s, 16676 KB] g=238, 22322 evaluated, 1836 expanded
[t=2.16123s, 16676 KB] New best heuristic value for ff(): 238
[t=2.16355s, 16676 KB] g=239, 22446 evaluated, 1837 expanded
[t=2.17449s, 16676 KB] New best heuristic value for ff(): 237
[t=2.17492s, 16676 KB] g=240, 22572 evaluated, 1844 expanded
[t=2.17496s, 16676 KB] New best heuristic value for ff(): 236
[t=2.17509s, 16676 KB] g=241, 22573 evaluated, 1845 expanded
[t=2.19709s, 16676 KB] New best heuristic value for ff(): 235
[t=2.19845s, 16676 KB] g=242, 22827 evaluated, 1856 expanded
[t=2.19848s, 16676 KB] New best heuristic value for ff(): 234
[t=2.19861s, 16676 KB] g=243, 22828 evaluated, 1857 expanded
[t=2.20903s, 16676 KB] New best heuristic value for ff(): 233
[t=2.2112s, 16676 KB] g=244, 22965 evaluated, 1875 expanded
[t=2.21124s, 16676 KB] New best heuristic value for ff(): 232
[t=2.21137s, 16676 KB] g=245, 22966 evaluated, 1876 expanded
[t=2.22492s, 16812 KB] New best heuristic value for ff(): 231
[t=2.2263s, 16812 KB] g=246, 23125 evaluated, 1912 expanded
[t=2.22633s, 16812 KB] New best heuristic value for ff(): 230
[t=2.22659s, 16812 KB] g=247, 23127 evaluated, 1914 expanded
[t=2.24885s, 16812 KB] New best heuristic value for ff(): 229
[t=2.25238s, 16812 KB] g=248, 23408 evaluated, 1948 expanded
[t=2.27425s, 16812 KB] New best heuristic value for ff(): 228
[t=2.27445s, 16812 KB] g=249, 23656 evaluated, 1950 expanded
[t=2.27448s, 16812 KB] New best heuristic value for ff(): 227
[t=2.27461s, 16812 KB] g=250, 23657 evaluated, 1951 expanded
[t=2.29669s, 16812 KB] New best heuristic value for ff(): 226
[t=2.30019s, 16812 KB] g=251, 23933 evaluated, 1986 expanded
[t=2.30064s, 16812 KB] New best heuristic value for ff(): 225
[t=2.30086s, 16812 KB] g=252, 23939 evaluated, 1988 expanded
[t=2.32059s, 16812 KB] New best heuristic value for ff(): 224
[t=2.32312s, 16812 KB] g=253, 24191 evaluated, 1991 expanded
[t=2.33253s, 16812 KB] New best heuristic value for ff(): 223
[t=2.33456s, 16812 KB] g=254, 24320 evaluated, 1993 expanded
[t=2.34447s, 16812 KB] New best heuristic value for ff(): 222
[t=2.34563s, 16812 KB] g=255, 24446 evaluated, 1994 expanded
[t=2.35644s, 16812 KB] New best heuristic value for ff(): 221
[t=2.35661s, 16812 KB] g=256, 24571 evaluated, 1995 expanded
[t=2.3684s, 16812 KB] New best heuristic value for ff(): 220
[t=2.36997s, 16812 KB] g=258, 24717 evaluated, 2022 expanded
[t=2.38032s, 16812 KB] New best heuristic value for ff(): 219
[t=2.38335s, 16812 KB] g=260, 24863 evaluated, 2050 expanded
[t=2.38338s, 16812 KB] New best heuristic value for ff(): 218
[t=2.38353s, 16812 KB] g=261, 24864 evaluated, 2051 expanded
[t=2.39225s, 16812 KB] New best heuristic value for ff(): 217
[t=2.39607s, 16812 KB] g=262, 25004 evaluated, 2064 expanded
[t=2.39621s, 16812 KB] New best heuristic value for ff(): 216
[t=2.39642s, 16812 KB] g=263, 25007 evaluated, 2065 expanded
[t=2.40817s, 16812 KB] New best heuristic value for ff(): 215
[t=2.40949s, 16812 KB] g=264, 25151 evaluated, 2091 expanded
[t=2.40953s, 16812 KB] New best heuristic value for ff(): 214
[t=2.41003s, 16812 KB] g=265, 25156 evaluated, 2092 expanded
[t=2.42809s, 16812 KB] New best heuristic value for ff(): 213
[t=2.43185s, 16812 KB] g=266, 25406 evaluated, 2093 expanded
[t=2.44005s, 16948 KB] New best heuristic value for ff(): 212
[t=2.44288s, 16948 KB] g=267, 25532 evaluated, 2094 expanded
[t=2.45201s, 16948 KB] New best heuristic value for ff(): 211
[t=2.45385s, 16948 KB] g=268, 25657 evaluated, 2096 expanded
[t=2.46398s, 16948 KB] New best heuristic value for ff(): 210
[t=2.46623s, 16948 KB] g=270, 25796 evaluated, 2108 expanded
[t=2.49991s, 16948 KB] New best heuristic value for ff(): 209
[t=2.5016s, 16948 KB] g=272, 26196 evaluated, 2139 expanded
[t=2.50163s, 16948 KB] New best heuristic value for ff(): 208
[t=2.50185s, 16948 KB] g=273, 26198 evaluated, 2140 expanded
[t=2.51185s, 16948 KB] New best heuristic value for ff(): 207
[t=2.51562s, 16948 KB] g=274, 26350 evaluated, 2167 expanded
[t=2.51565s, 16948 KB] New best heuristic value for ff(): 206
[t=2.5158s, 16948 KB] g=275, 26351 evaluated, 2168 expanded
[t=2.52777s, 16948 KB] New best heuristic value for ff(): 205
[t=2.52777s, 16948 KB] g=276, 26507 evaluated, 2198 expanded
[t=2.53975s, 16948 KB] New best heuristic value for ff(): 204
[t=2.53975s, 16948 KB] g=278, 26657 evaluated, 2224 expanded
[t=2.54374s, 16948 KB] New best heuristic value for ff(): 203
[t=2.54374s, 16948 KB] g=279, 26658 evaluated, 2225 expanded
[t=2.56773s, 16948 KB] New best heuristic value for ff(): 202
[t=2.56773s, 16948 KB] g=280, 26943 evaluated, 2260 expanded
[t=2.57971s, 16948 KB] New best heuristic value for ff(): 201
[t=2.57971s, 16948 KB] g=282, 27097 evaluated, 2294 expanded
[t=2.58371s, 16948 KB] New best heuristic value for ff(): 200
[t=2.58371s, 16948 KB] g=283, 27099 evaluated, 2295 expanded
[t=2.59569s, 16948 KB] New best heuristic value for ff(): 199
[t=2.59569s, 16948 KB] g=284, 27251 evaluated, 2325 expanded
[t=2.60769s, 16948 KB] New best heuristic value for ff(): 198
[t=2.60769s, 16948 KB] g=285, 27377 evaluated, 2327 expanded
[t=2.60769s, 16948 KB] New best heuristic value for ff(): 197
[t=2.60769s, 16948 KB] g=286, 27378 evaluated, 2328 expanded
[t=2.61968s, 16948 KB] New best heuristic value for ff(): 196
[t=2.61968s, 16948 KB] g=287, 27535 evaluated, 2362 expanded
[t=2.63564s, 16948 KB] New best heuristic value for ff(): 195
[t=2.63564s, 16948 KB] g=289, 27696 evaluated, 2400 expanded
[t=2.63564s, 16948 KB] New best heuristic value for ff(): 194
[t=2.63564s, 16948 KB] g=290, 27698 evaluated, 2401 expanded
[t=2.65964s, 17084 KB] New best heuristic value for ff(): 193
[t=2.65964s, 17084 KB] g=292, 27974 evaluated, 2426 expanded
[t=2.6756s, 17084 KB] New best heuristic value for ff(): 192
[t=2.6756s, 17084 KB] g=294, 28131 evaluated, 2452 expanded
[t=2.68759s, 17084 KB] New best heuristic value for ff(): 191
[t=2.68759s, 17084 KB] g=296, 28284 evaluated, 2477 expanded
[t=2.69958s, 17084 KB] New best heuristic value for ff(): 190
[t=2.69958s, 17084 KB] g=297, 28410 evaluated, 2478 expanded
[t=2.70756s, 17084 KB] New best heuristic value for ff(): 189
[t=2.71157s, 17084 KB] g=298, 28535 evaluated, 2479 expanded
[t=2.71157s, 17084 KB] New best heuristic value for ff(): 188
[t=2.71157s, 17084 KB] g=299, 28536 evaluated, 2480 expanded
[t=2.73553s, 17084 KB] New best heuristic value for ff(): 187
[t=2.73553s, 17084 KB] g=300, 28816 evaluated, 2508 expanded
[t=2.73553s, 17084 KB] New best heuristic value for ff(): 186
[t=2.73553s, 17084 KB] g=301, 28819 evaluated, 2509 expanded
[t=2.74753s, 17084 KB] New best heuristic value for ff(): 185
[t=2.74753s, 17084 KB] g=302, 28967 evaluated, 2531 expanded
[t=2.75952s, 17084 KB] New best heuristic value for ff(): 184
[t=2.75952s, 17084 KB] g=303, 29092 evaluated, 2532 expanded
[t=2.79548s, 17084 KB] New best heuristic value for ff(): 183
[t=2.79548s, 17084 KB] g=305, 29499 evaluated, 2569 expanded
[t=2.80884s, 17084 KB] New best heuristic value for ff(): 182
[t=2.80908s, 17084 KB] g=306, 29624 evaluated, 2570 expanded
[t=2.80908s, 17084 KB] New best heuristic value for ff(): 181
[t=2.80908s, 17084 KB] g=307, 29625 evaluated, 2571 expanded
[t=2.84532s, 17600 KB] New best heuristic value for ff(): 180
[t=2.84532s, 17600 KB] g=308, 30027 evaluated, 2607 expanded
[t=2.85652s, 17600 KB] New best heuristic value for ff(): 179
[t=2.85652s, 17600 KB] g=309, 30152 evaluated, 2608 expanded
[t=2.85652s, 17600 KB] New best heuristic value for ff(): 178
[t=2.85652s, 17600 KB] g=310, 30153 evaluated, 2610 expanded
[t=2.86851s, 17600 KB] New best heuristic value for ff(): 177
[t=2.86851s, 17600 KB] g=311, 30293 evaluated, 2624 expanded
[t=2.86851s, 17600 KB] New best heuristic value for ff(): 176
[t=2.86851s, 17600 KB] g=312, 30294 evaluated, 2625 expanded
[t=2.88279s, 17600 KB] New best heuristic value for ff(): 175
[t=2.88279s, 17600 KB] g=313, 30461 evaluated, 2664 expanded
[t=2.88279s, 17600 KB] New best heuristic value for ff(): 174
[t=2.88279s, 17600 KB] g=314, 30463 evaluated, 2665 expanded
[t=2.89591s, 17600 KB] New best heuristic value for ff(): 173
[t=2.89591s, 17600 KB] g=315, 30587 evaluated, 2666 expanded
[t=2.90581s, 17600 KB] New best heuristic value for ff(): 172
[t=2.90581s, 17600 KB] g=316, 30721 evaluated, 2673 expanded
[t=2.9717s, 17600 KB] New best heuristic value for ff(): 171
[t=2.9717s, 17600 KB] g=318, 31486 evaluated, 2691 expanded
[t=2.9717s, 17600 KB] New best heuristic value for ff(): 170
[t=2.9717s, 17600 KB] g=319, 31489 evaluated, 2692 expanded
[t=2.98715s, 17600 KB] New best heuristic value for ff(): 169
[t=2.98715s, 17600 KB] g=320, 31643 evaluated, 2724 expanded
[t=2.98715s, 17600 KB] New best heuristic value for ff(): 168
[t=2.98715s, 17600 KB] g=321, 31648 evaluated, 2725 expanded
[t=3.00892s, 17600 KB] New best heuristic value for ff(): 167
[t=3.00892s, 17600 KB] g=322, 31898 evaluated, 2726 expanded
[t=3.0206s, 17600 KB] New best heuristic value for ff(): 166
[t=3.02061s, 17600 KB] g=323, 32024 evaluated, 2727 expanded
[t=3.02854s, 17600 KB] New best heuristic value for ff(): 165
[t=3.02854s, 17600 KB] g=324, 32149 evaluated, 2728 expanded
[t=3.02854s, 17600 KB] New best heuristic value for ff(): 164
[t=3.02854s, 17600 KB] g=325, 32150 evaluated, 2729 expanded
[t=3.05252s, 17600 KB] New best heuristic value for ff(): 163
[t=3.05252s, 17600 KB] g=326, 32424 evaluated, 2758 expanded
[t=3.05651s, 17600 KB] New best heuristic value for ff(): 162
[t=3.05651s, 17600 KB] g=327, 32426 evaluated, 2759 expanded
[t=3.0685s, 17600 KB] New best heuristic value for ff(): 161
[t=3.0685s, 17600 KB] g=328, 32573 evaluated, 2786 expanded
[t=3.0685s, 17600 KB] New best heuristic value for ff(): 160
[t=3.0685s, 17600 KB] g=329, 32576 evaluated, 2787 expanded
[t=3.08847s, 17600 KB] New best heuristic value for ff(): 159
[t=3.08847s, 17600 KB] g=330, 32824 evaluated, 2788 expanded
[t=3.08847s, 17600 KB] New best heuristic value for ff(): 158
[t=3.08847s, 17600 KB] g=331, 32825 evaluated, 2790 expanded
[t=3.10047s, 17600 KB] New best heuristic value for ff(): 157
[t=3.10047s, 17600 KB] g=332, 32958 evaluated, 2796 expanded
[t=3.17725s, 17600 KB] New best heuristic value for ff(): 156
[t=3.17725s, 17600 KB] g=334, 33866 evaluated, 2834 expanded
[t=3.17725s, 17600 KB] New best heuristic value for ff(): 155
[t=3.17725s, 17600 KB] g=335, 33868 evaluated, 2836 expanded
[t=3.20038s, 17600 KB] New best heuristic value for ff(): 154
[t=3.20038s, 17600 KB] g=336, 34135 evaluated, 2852 expanded
[t=3.22725s, 17600 KB] New best heuristic value for ff(): 153
[t=3.22725s, 17600 KB] g=338, 34415 evaluated, 2887 expanded
[t=3.22725s, 17600 KB] New best heuristic value for ff(): 152
[t=3.22725s, 17600 KB] g=339, 34416 evaluated, 2888 expanded
[t=3.2418s, 17736 KB] New best heuristic value for ff(): 151
[t=3.2418s, 17736 KB] g=340, 34574 evaluated, 2919 expanded
[t=3.25198s, 17736 KB] New best heuristic value for ff(): 150
[t=3.25198s, 17736 KB] g=341, 34700 evaluated, 2920 expanded
[t=3.26278s, 17736 KB] New best heuristic value for ff(): 149
[t=3.26278s, 17736 KB] g=342, 34825 evaluated, 2921 expanded
[t=3.26278s, 17736 KB] New best heuristic value for ff(): 148
[t=3.26278s, 17736 KB] g=343, 34826 evaluated, 2922 expanded
[t=3.27682s, 17736 KB] New best heuristic value for ff(): 147
[t=3.27682s, 17736 KB] g=344, 34980 evaluated, 2951 expanded
[t=3.27682s, 17736 KB] New best heuristic value for ff(): 146
[t=3.27682s, 17736 KB] g=345, 34984 evaluated, 2953 expanded
[t=3.28793s, 17736 KB] New best heuristic value for ff(): 145
[t=3.28793s, 17736 KB] g=346, 35110 evaluated, 2954 expanded
[t=3.3093s, 17736 KB] New best heuristic value for ff(): 144
[t=3.3093s, 17736 KB] g=347, 35358 evaluated, 2956 expanded
[t=3.30978s, 17736 KB] New best heuristic value for ff(): 143
[t=3.30978s, 17736 KB] g=348, 35359 evaluated, 2957 expanded
[t=3.32287s, 17736 KB] New best heuristic value for ff(): 142
[t=3.32287s, 17736 KB] g=349, 35502 evaluated, 2972 expanded
[t=3.37489s, 18508 KB] New best heuristic value for ff(): 141
[t=3.37489s, 18508 KB] g=351, 36040 evaluated, 3005 expanded
[t=3.37489s, 18508 KB] New best heuristic value for ff(): 140
[t=3.37489s, 18508 KB] g=352, 36046 evaluated, 3007 expanded
[t=3.39089s, 18508 KB] New best heuristic value for ff(): 139
[t=3.39089s, 18508 KB] g=353, 36200 evaluated, 3034 expanded
[t=3.39089s, 18508 KB] New best heuristic value for ff(): 138
[t=3.39089s, 18508 KB] g=354, 36206 evaluated, 3037 expanded
[t=3.40288s, 18508 KB] New best heuristic value for ff(): 137
[t=3.40288s, 18508 KB] g=355, 36332 evaluated, 3038 expanded
[t=3.42285s, 18508 KB] New best heuristic value for ff(): 136
[t=3.42285s, 18508 KB] g=356, 36580 evaluated, 3039 expanded
[t=3.42285s, 18508 KB] New best heuristic value for ff(): 135
[t=3.42285s, 18508 KB] g=357, 36581 evaluated, 3040 expanded
[t=3.43563s, 18508 KB] New best heuristic value for ff(): 134
[t=3.43563s, 18508 KB] g=358, 36734 evaluated, 3068 expanded
[t=3.43563s, 18508 KB] New best heuristic value for ff(): 133
[t=3.43563s, 18508 KB] g=359, 36740 evaluated, 3071 expanded
[t=3.4508s, 18508 KB] New best heuristic value for ff(): 132
[t=3.4508s, 18508 KB] g=360, 36892 evaluated, 3100 expanded
[t=3.4508s, 18508 KB] New best heuristic value for ff(): 131
[t=3.4508s, 18508 KB] g=361, 36893 evaluated, 3101 expanded
[t=3.48675s, 18508 KB] New best heuristic value for ff(): 130
[t=3.48675s, 18508 KB] g=362, 37292 evaluated, 3132 expanded
[t=3.48675s, 18508 KB] New best heuristic value for ff(): 129
[t=3.48675s, 18508 KB] g=363, 37295 evaluated, 3134 expanded
[t=3.49475s, 18508 KB] New best heuristic value for ff(): 128
[t=3.49475s, 18508 KB] g=364, 37422 evaluated, 3136 expanded
[t=3.51874s, 18508 KB] New best heuristic value for ff(): 127
[t=3.51874s, 18508 KB] g=366, 37691 evaluated, 3155 expanded
[t=3.51874s, 18508 KB] New best heuristic value for ff(): 126
[t=3.51874s, 18508 KB] g=367, 37692 evaluated, 3156 expanded
[t=3.53071s, 18508 KB] New best heuristic value for ff(): 125
[t=3.53071s, 18508 KB] g=368, 37847 evaluated, 3183 expanded
[t=3.53472s, 18508 KB] New best heuristic value for ff(): 124
[t=3.53472s, 18508 KB] g=369, 37854 evaluated, 3185 expanded
[t=3.54252s, 18508 KB] New best heuristic value for ff(): 123
[t=3.54252s, 18508 KB] g=370, 37982 evaluated, 3186 expanded
[t=3.55451s, 18508 KB] New best heuristic value for ff(): 122
[t=3.55451s, 18508 KB] g=371, 38109 evaluated, 3187 expanded
[t=3.57448s, 18508 KB] New best heuristic value for ff(): 121
[t=3.57448s, 18508 KB] g=372, 38358 evaluated, 3188 expanded
[t=3.58647s, 18508 KB] New best heuristic value for ff(): 120
[t=3.58647s, 18508 KB] g=373, 38485 evaluated, 3191 expanded
[t=3.58647s, 18508 KB] New best heuristic value for ff(): 119
[t=3.58647s, 18508 KB] g=374, 38486 evaluated, 3193 expanded
[t=3.59847s, 18508 KB] New best heuristic value for ff(): 118
[t=3.59847s, 18508 KB] g=375, 38632 evaluated, 3209 expanded
[t=3.59847s, 18508 KB] New best heuristic value for ff(): 117
[t=3.59847s, 18508 KB] g=376, 38635 evaluated, 3210 expanded
[t=3.61045s, 18508 KB] New best heuristic value for ff(): 116
[t=3.61045s, 18508 KB] g=377, 38784 evaluated, 3233 expanded
[t=3.64642s, 18508 KB] New best heuristic value for ff(): 115
[t=3.64642s, 18508 KB] g=379, 39185 evaluated, 3258 expanded
[t=3.64642s, 18508 KB] New best heuristic value for ff(): 114
[t=3.64642s, 18508 KB] g=380, 39187 evaluated, 3259 expanded
[t=3.65842s, 18508 KB] New best heuristic value for ff(): 113
[t=3.65842s, 18508 KB] g=381, 39346 evaluated, 3289 expanded
[t=3.65842s, 18508 KB] New best heuristic value for ff(): 112
[t=3.65842s, 18508 KB] g=382, 39347 evaluated, 3290 expanded
[t=3.68239s, 18508 KB] New best heuristic value for ff(): 111
[t=3.68239s, 18508 KB] g=383, 39623 evaluated, 3316 expanded
[t=3.68239s, 18508 KB] New best heuristic value for ff(): 110
[t=3.68239s, 18508 KB] g=384, 39626 evaluated, 3317 expanded
[t=3.69438s, 18508 KB] New best heuristic value for ff(): 109
[t=3.69438s, 18508 KB] g=385, 39779 evaluated, 3344 expanded
[t=3.70638s, 18508 KB] New best heuristic value for ff(): 108
[t=3.70638s, 18508 KB] g=386, 39906 evaluated, 3345 expanded
[t=3.70638s, 18508 KB] New best heuristic value for ff(): 107
[t=3.70638s, 18508 KB] g=387, 39910 evaluated, 3347 expanded
[t=3.72226s, 18508 KB] New best heuristic value for ff(): 106
[t=3.72226s, 18508 KB] g=388, 40068 evaluated, 3376 expanded
[t=3.72226s, 18508 KB] New best heuristic value for ff(): 105
[t=3.72226s, 18508 KB] g=389, 40071 evaluated, 3377 expanded
[t=3.73024s, 18508 KB] New best heuristic value for ff(): 104
[t=3.73024s, 18508 KB] g=390, 40196 evaluated, 3379 expanded
[t=3.74223s, 18508 KB] New best heuristic value for ff(): 103
[t=3.74223s, 18508 KB] g=391, 40320 evaluated, 3380 expanded
[t=3.75021s, 18508 KB] New best heuristic value for ff(): 102
[t=3.75021s, 18508 KB] g=392, 40448 evaluated, 3385 expanded
[t=3.75422s, 18508 KB] New best heuristic value for ff(): 101
[t=3.75422s, 18508 KB] g=393, 40450 evaluated, 3387 expanded
[t=3.76221s, 18508 KB] New best heuristic value for ff(): 100
[t=3.76221s, 18508 KB] g=394, 40582 evaluated, 3394 expanded
[t=3.76221s, 18508 KB] New best heuristic value for ff(): 99
[t=3.76221s, 18508 KB] g=395, 40583 evaluated, 3395 expanded
[t=3.78617s, 18508 KB] New best heuristic value for ff(): 98
[t=3.78617s, 18508 KB] g=396, 40854 evaluated, 3416 expanded
[t=3.81016s, 18508 KB] New best heuristic value for ff(): 97
[t=3.81016s, 18508 KB] g=398, 41132 evaluated, 3443 expanded
[t=3.82216s, 18508 KB] New best heuristic value for ff(): 96
[t=3.82216s, 18508 KB] g=400, 41282 evaluated, 3458 expanded
[t=3.82216s, 18508 KB] New best heuristic value for ff(): 95
[t=3.82216s, 18508 KB] g=401, 41285 evaluated, 3459 expanded
[t=3.83413s, 18508 KB] New best heuristic value for ff(): 94
[t=3.83413s, 18508 KB] g=402, 41437 evaluated, 3483 expanded
[t=3.83413s, 18508 KB] New best heuristic value for ff(): 93
[t=3.83413s, 18508 KB] g=403, 41439 evaluated, 3484 expanded
[t=3.84612s, 18508 KB] New best heuristic value for ff(): 92
[t=3.84612s, 18508 KB] g=404, 41590 evaluated, 3507 expanded
[t=3.85811s, 18508 KB] New best heuristic value for ff(): 91
[t=3.85811s, 18508 KB] g=405, 41718 evaluated, 3511 expanded
[t=3.8701s, 18508 KB] New best heuristic value for ff(): 90
[t=3.8701s, 18508 KB] g=406, 41843 evaluated, 3512 expanded
[t=3.8701s, 18508 KB] New best heuristic value for ff(): 89
[t=3.8701s, 18508 KB] g=407, 41844 evaluated, 3513 expanded
[t=3.88207s, 18508 KB] New best heuristic value for ff(): 88
[t=3.88207s, 18508 KB] g=408, 41993 evaluated, 3530 expanded
[t=3.88207s, 18508 KB] New best heuristic value for ff(): 87
[t=3.88207s, 18508 KB] g=409, 41995 evaluated, 3531 expanded
[t=3.89402s, 18508 KB] New best heuristic value for ff(): 86
[t=3.89402s, 18508 KB] g=410, 42145 evaluated, 3556 expanded
[t=3.906s, 18508 KB] New best heuristic value for ff(): 85
[t=3.906s, 18508 KB] g=411, 42272 evaluated, 3558 expanded
[t=3.92596s, 18508 KB] New best heuristic value for ff(): 84
[t=3.92596s, 18508 KB] g=412, 42521 evaluated, 3560 expanded
[t=3.93483s, 18508 KB] New best heuristic value for ff(): 83
[t=3.93483s, 18508 KB] g=413, 42646 evaluated, 3562 expanded
[t=3.93483s, 18508 KB] New best heuristic value for ff(): 82
[t=3.93483s, 18508 KB] g=414, 42647 evaluated, 3563 expanded
[t=3.94594s, 18508 KB] New best heuristic value for ff(): 81
[t=3.94594s, 18508 KB] g=415, 42776 evaluated, 3568 expanded
[t=3.94594s, 18508 KB] New best heuristic value for ff(): 80
[t=3.94594s, 18508 KB] g=416, 42778 evaluated, 3569 expanded
[t=3.95793s, 18508 KB] New best heuristic value for ff(): 79
[t=3.95793s, 18508 KB] g=417, 42912 evaluated, 3577 expanded
[t=3.95793s, 18508 KB] New best heuristic value for ff(): 78
[t=3.95793s, 18508 KB] g=418, 42914 evaluated, 3578 expanded
[t=3.99388s, 18644 KB] New best heuristic value for ff(): 77
[t=3.99388s, 18644 KB] g=419, 43308 evaluated, 3596 expanded
[t=3.99388s, 18644 KB] New best heuristic value for ff(): 76
[t=3.99388s, 18644 KB] g=420, 43310 evaluated, 3597 expanded
[t=4.00189s, 18644 KB] New best heuristic value for ff(): 75
[t=4.00189s, 18644 KB] g=421, 43436 evaluated, 3599 expanded
[t=4.01387s, 18644 KB] New best heuristic value for ff(): 74
[t=4.01387s, 18644 KB] g=422, 43583 evaluated, 3618 expanded
[t=4.01387s, 18644 KB] New best heuristic value for ff(): 73
[t=4.01387s, 18644 KB] g=423, 43584 evaluated, 3619 expanded
[t=4.02585s, 18644 KB] New best heuristic value for ff(): 72
[t=4.02585s, 18644 KB] g=424, 43730 evaluated, 3635 expanded
[t=4.02585s, 18644 KB] New best heuristic value for ff(): 71
[t=4.02585s, 18644 KB] g=425, 43731 evaluated, 3636 expanded
[t=4.03784s, 18644 KB] New best heuristic value for ff(): 70
[t=4.03784s, 18644 KB] g=426, 43875 evaluated, 3651 expanded
[t=4.03784s, 18644 KB] New best heuristic value for ff(): 69
[t=4.03784s, 18644 KB] g=427, 43876 evaluated, 3652 expanded
[t=4.04982s, 18644 KB] New best heuristic value for ff(): 68
[t=4.04982s, 18644 KB] g=428, 44028 evaluated, 3670 expanded
[t=4.04982s, 18644 KB] New best heuristic value for ff(): 67
[t=4.04982s, 18644 KB] g=429, 44032 evaluated, 3671 expanded
[t=4.06181s, 18644 KB] New best heuristic value for ff(): 66
[t=4.06181s, 18644 KB] g=430, 44158 evaluated, 3672 expanded
[t=4.08178s, 18644 KB] New best heuristic value for ff(): 65
[t=4.08178s, 18644 KB] g=431, 44411 evaluated, 3674 expanded
[t=4.08178s, 18644 KB] New best heuristic value for ff(): 64
[t=4.08178s, 18644 KB] g=432, 44412 evaluated, 3675 expanded
[t=4.08978s, 18644 KB] New best heuristic value for ff(): 63
[t=4.09378s, 18644 KB] g=433, 44548 evaluated, 3682 expanded
[t=4.09378s, 18644 KB] New best heuristic value for ff(): 62
[t=4.09378s, 18644 KB] g=434, 44551 evaluated, 3683 expanded
[t=4.11376s, 18644 KB] New best heuristic value for ff(): 61
[t=4.11376s, 18644 KB] g=435, 44810 evaluated, 3691 expanded
[t=4.11376s, 18644 KB] New best heuristic value for ff(): 60
[t=4.11376s, 18644 KB] g=436, 44811 evaluated, 3692 expanded
[t=4.12574s, 18644 KB] New best heuristic value for ff(): 59
[t=4.12574s, 18644 KB] g=437, 44951 evaluated, 3703 expanded
[t=4.12574s, 18644 KB] New best heuristic value for ff(): 58
[t=4.12574s, 18644 KB] g=438, 44954 evaluated, 3705 expanded
[t=4.13772s, 18644 KB] New best heuristic value for ff(): 57
[t=4.13772s, 18644 KB] g=439, 45096 evaluated, 3717 expanded
[t=4.13772s, 18644 KB] New best heuristic value for ff(): 56
[t=4.13772s, 18644 KB] g=440, 45098 evaluated, 3719 expanded
[t=4.16169s, 18644 KB] New best heuristic value for ff(): 55
[t=4.16169s, 18644 KB] g=441, 45362 evaluated, 3735 expanded
[t=4.16169s, 18644 KB] New best heuristic value for ff(): 54
[t=4.16169s, 18644 KB] g=442, 45363 evaluated, 3736 expanded
[t=4.16969s, 18644 KB] New best heuristic value for ff(): 53
[t=4.16969s, 18644 KB] g=443, 45504 evaluated, 3748 expanded
[t=4.16969s, 18644 KB] New best heuristic value for ff(): 52
[t=4.17369s, 18644 KB] g=444, 45505 evaluated, 3749 expanded
[t=4.18166s, 18780 KB] New best heuristic value for ff(): 51
[t=4.18166s, 18780 KB] g=445, 45636 evaluated, 3753 expanded
[t=4.18166s, 18780 KB] New best heuristic value for ff(): 50
[t=4.18166s, 18780 KB] g=446, 45642 evaluated, 3754 expanded
[t=4.20164s, 18780 KB] New best heuristic value for ff(): 49
[t=4.20164s, 18780 KB] g=447, 45903 evaluated, 3767 expanded
[t=4.20164s, 18780 KB] New best heuristic value for ff(): 48
[t=4.20164s, 18780 KB] g=448, 45904 evaluated, 3768 expanded
[t=4.21364s, 18780 KB] New best heuristic value for ff(): 47
[t=4.21364s, 18780 KB] g=449, 46039 evaluated, 3779 expanded
[t=4.21364s, 18780 KB] New best heuristic value for ff(): 46
[t=4.21364s, 18780 KB] g=450, 46043 evaluated, 3780 expanded
[t=4.2336s, 18780 KB] New best heuristic value for ff(): 45
[t=4.2336s, 18780 KB] g=451, 46292 evaluated, 3781 expanded
[t=4.24159s, 18780 KB] New best heuristic value for ff(): 44
[t=4.24159s, 18780 KB] g=452, 46417 evaluated, 3782 expanded
[t=4.24159s, 18780 KB] New best heuristic value for ff(): 43
[t=4.2456s, 18780 KB] g=453, 46418 evaluated, 3783 expanded
[t=4.2536s, 18780 KB] New best heuristic value for ff(): 42
[t=4.2536s, 18780 KB] g=454, 46548 evaluated, 3789 expanded
[t=4.2536s, 18780 KB] New best heuristic value for ff(): 41
[t=4.2536s, 18780 KB] g=455, 46550 evaluated, 3790 expanded
[t=4.26558s, 18780 KB] New best heuristic value for ff(): 40
[t=4.26558s, 18780 KB] g=456, 46686 evaluated, 3798 expanded
[t=4.26558s, 18780 KB] New best heuristic value for ff(): 39
[t=4.26558s, 18780 KB] g=457, 46689 evaluated, 3799 expanded
[t=4.27753s, 18780 KB] New best heuristic value for ff(): 38
[t=4.27753s, 18780 KB] g=458, 46825 evaluated, 3810 expanded
[t=4.27753s, 18780 KB] New best heuristic value for ff(): 37
[t=4.27753s, 18780 KB] g=459, 46826 evaluated, 3811 expanded
[t=4.29752s, 18780 KB] New best heuristic value for ff(): 36
[t=4.29752s, 18780 KB] g=460, 47083 evaluated, 3822 expanded
[t=4.30551s, 18780 KB] New best heuristic value for ff(): 35
[t=4.30551s, 18780 KB] g=461, 47208 evaluated, 3823 expanded
[t=4.30551s, 18780 KB] New best heuristic value for ff(): 34
[t=4.30551s, 18780 KB] g=462, 47209 evaluated, 3824 expanded
[t=4.31351s, 18780 KB] New best heuristic value for ff(): 33
[t=4.31351s, 18780 KB] g=463, 47339 evaluated, 3832 expanded
[t=4.31751s, 18780 KB] New best heuristic value for ff(): 32
[t=4.31751s, 18780 KB] g=464, 47341 evaluated, 3833 expanded
[t=4.32548s, 18780 KB] New best heuristic value for ff(): 31
[t=4.32548s, 18780 KB] g=465, 47473 evaluated, 3841 expanded
[t=4.33348s, 18780 KB] New best heuristic value for ff(): 30
[t=4.33748s, 18780 KB] g=466, 47599 evaluated, 3842 expanded
[t=4.34547s, 18780 KB] New best heuristic value for ff(): 29
[t=4.34547s, 18780 KB] g=467, 47724 evaluated, 3843 expanded
[t=4.34547s, 18780 KB] New best heuristic value for ff(): 28
[t=4.34547s, 18780 KB] g=468, 47726 evaluated, 3845 expanded
[t=4.35346s, 18780 KB] New best heuristic value for ff(): 27
[t=4.35346s, 18780 KB] g=469, 47854 evaluated, 3850 expanded
[t=4.35346s, 18780 KB] New best heuristic value for ff(): 26
[t=4.35346s, 18780 KB] g=470, 47855 evaluated, 3851 expanded
[t=4.36546s, 18916 KB] New best heuristic value for ff(): 25
[t=4.36546s, 18916 KB] g=471, 47985 evaluated, 3859 expanded
[t=4.37416s, 18916 KB] New best heuristic value for ff(): 24
[t=4.37416s, 18916 KB] g=472, 48114 evaluated, 3862 expanded
[t=4.38543s, 18916 KB] New best heuristic value for ff(): 23
[t=4.38543s, 18916 KB] g=473, 48240 evaluated, 3863 expanded
[t=4.39342s, 18916 KB] New best heuristic value for ff(): 22
[t=4.39342s, 18916 KB] g=474, 48365 evaluated, 3864 expanded
[t=4.39342s, 18916 KB] New best heuristic value for ff(): 21
[t=4.39342s, 18916 KB] g=475, 48366 evaluated, 3865 expanded
[t=4.41741s, 18916 KB] New best heuristic value for ff(): 20
[t=4.41741s, 18916 KB] g=476, 48621 evaluated, 3871 expanded
[t=4.41741s, 18916 KB] New best heuristic value for ff(): 19
[t=4.41741s, 18916 KB] g=477, 48623 evaluated, 3872 expanded
[t=4.42539s, 18916 KB] New best heuristic value for ff(): 18
[t=4.42539s, 18916 KB] g=478, 48752 evaluated, 3877 expanded
[t=4.43737s, 18916 KB] New best heuristic value for ff(): 17
[t=4.43737s, 18916 KB] g=479, 48877 evaluated, 3878 expanded
[t=4.43737s, 18916 KB] New best heuristic value for ff(): 16
[t=4.43737s, 18916 KB] g=480, 48878 evaluated, 3880 expanded
[t=4.44536s, 18916 KB] New best heuristic value for ff(): 15
[t=4.44536s, 18916 KB] g=481, 49001 evaluated, 3881 expanded
[t=4.44536s, 18916 KB] New best heuristic value for ff(): 14
[t=4.44536s, 18916 KB] g=482, 49025 evaluated, 3882 expanded
[t=4.45336s, 18916 KB] New best heuristic value for ff(): 13
[t=4.45336s, 18916 KB] g=483, 49131 evaluated, 3886 expanded
[t=4.46536s, 18916 KB] New best heuristic value for ff(): 12
[t=4.46536s, 18916 KB] g=484, 49256 evaluated, 3887 expanded
[t=4.46536s, 18916 KB] New best heuristic value for ff(): 11
[t=4.46536s, 18916 KB] g=485, 49261 evaluated, 3888 expanded
[t=4.4742s, 18916 KB] New best heuristic value for ff(): 10
[t=4.4742s, 18916 KB] g=486, 49385 evaluated, 3892 expanded
[t=4.4742s, 18916 KB] New best heuristic value for ff(): 9
[t=4.4742s, 18916 KB] g=487, 49391 evaluated, 3894 expanded
[t=4.48533s, 18916 KB] New best heuristic value for ff(): 8
[t=4.48533s, 18916 KB] g=488, 49517 evaluated, 3898 expanded
[t=4.48533s, 18916 KB] New best heuristic value for ff(): 7
[t=4.48533s, 18916 KB] g=489, 49522 evaluated, 3900 expanded
[t=4.49332s, 18916 KB] New best heuristic value for ff(): 6
[t=4.49332s, 18916 KB] g=490, 49647 evaluated, 3904 expanded
[t=4.49332s, 18916 KB] New best heuristic value for ff(): 5
[t=4.49332s, 18916 KB] g=491, 49650 evaluated, 3905 expanded
[t=4.5133s, 18916 KB] New best heuristic value for ff(): 4
[t=4.5133s, 18916 KB] g=492, 49898 evaluated, 3906 expanded
[t=4.5133s, 18916 KB] New best heuristic value for ff(): 3
[t=4.5133s, 18916 KB] g=493, 49903 evaluated, 3907 expanded
[t=4.5213s, 18916 KB] New best heuristic value for ff(): 2
[t=4.5213s, 18916 KB] g=494, 50025 evaluated, 3908 expanded
[t=4.52422s, 18916 KB] New best heuristic value for ff(): 1
[t=4.52422s, 18916 KB] g=495, 50034 evaluated, 3909 expanded
[t=4.53328s, 18916 KB] New best heuristic value for ff(): 0
[t=4.53328s, 18916 KB] g=496, 50156 evaluated, 3911 expanded
[t=4.53328s, 18916 KB] Solution found!
[t=4.53328s, 18916 KB] Actual search time: 4.49081s
up f0 f1 (1)
board f1 p145 (1)
up f1 f10 (1)
board f10 p146 (1)
down f10 f3 (1)
board f3 p104 (1)
board f3 p22 (1)
board f3 p5 (1)
up f3 f100 (1)
board f100 p99 (1)
down f100 f11 (1)
board f11 p111 (1)
board f11 p85 (1)
down f11 f4 (1)
board f4 p13 (1)
board f4 p142 (1)
down f4 f2 (1)
depart f2 p13 (1)
up f2 f103 (1)
board f103 p138 (1)
board f103 p97 (1)
down f103 f12 (1)
board f12 p58 (1)
board f12 p6 (1)
board f12 p78 (1)
down f12 f5 (1)
board f5 p21 (1)
board f5 p71 (1)
down f5 f2 (1)
depart f2 p71 (1)
up f2 f105 (1)
board f105 p110 (1)
board f105 p130 (1)
board f105 p64 (1)
down f105 f14 (1)
board f14 p94 (1)
down f14 f3 (1)
depart f3 p94 (1)
up f3 f106 (1)
board f106 p129 (1)
board f106 p28 (1)
board f106 p56 (1)
down f106 f15 (1)
board f15 p76 (1)
down f15 f6 (1)
board f6 p109 (1)
up f6 f108 (1)
board f108 p79 (1)
down f108 f16 (1)
board f16 p116 (1)
board f16 p60 (1)
down f16 f7 (1)
board f7 p29 (1)
up f7 f109 (1)
board f109 p144 (1)
board f109 p24 (1)
board f109 p25 (1)
down f109 f16 (1)
depart f16 p24 (1)
down f16 f8 (1)
board f8 p108 (1)
board f8 p123 (1)
depart f8 p111 (1)
up f8 f110 (1)
board f110 p114 (1)
depart f110 p56 (1)
down f110 f17 (1)
board f17 p154 (1)
depart f17 p76 (1)
up f17 f76 (1)
board f76 p100 (1)
board f76 p11 (1)
down f76 f18 (1)
depart f18 p123 (1)
down f18 f9 (1)
board f9 p148 (1)
up f9 f112 (1)
board f112 p0 (1)
board f112 p77 (1)
down f112 f19 (1)
board f19 p135 (1)
board f19 p70 (1)
down f19 f3 (1)
depart f3 p77 (1)
up f3 f113 (1)
board f113 p30 (1)
down f113 f20 (1)
board f20 p127 (1)
board f20 p131 (1)
board f20 p136 (1)
board f20 p82 (1)
board f20 p87 (1)
down f20 f15 (1)
depart f15 p82 (1)
board f15 p76 (1)
up f15 f80 (1)
board f80 p83 (1)
down f80 f21 (1)
depart f21 p5 (1)
depart f21 p146 (1)
depart f21 p129 (1)
up f21 f111 (1)
depart f111 p87 (1)
down f111 f22 (1)
board f22 p107 (1)
down f22 f18 (1)
depart f18 p107 (1)
up f18 f114 (1)
board f114 p61 (1)
board f114 p84 (1)
depart f114 p138 (1)
depart f114 p136 (1)
down f114 f24 (1)
board f24 p118 (1)
depart f24 p70 (1)
up f24 f115 (1)
board f115 p26 (1)
depart f115 p61 (1)
down f115 f25 (1)
board f25 p105 (1)
up f25 f116 (1)
depart f116 p83 (1)
depart f116 p110 (1)
down f116 f26 (1)
board f26 p43 (1)
depart f26 p145 (1)
up f26 f117 (1)
board f117 p37 (1)
board f117 p7 (1)
depart f117 p118 (1)
down f117 f22 (1)
depart f22 p37 (1)
up f22 f119 (1)
board f119 p33 (1)
board f119 p9 (1)
down f119 f27 (1)
board f27 p96 (1)
up f27 f120 (1)
board f120 p119 (1)
board f120 p42 (1)
board f120 p67 (1)
depart f120 p96 (1)
down f120 f27 (1)
depart f27 p119 (1)
board f27 p96 (1)
up f27 f94 (1)
board f94 p121 (1)
board f94 p149 (1)
down f94 f28 (1)
board f28 p150 (1)
board f28 p27 (1)
board f28 p51 (1)
down f28 f17 (1)
depart f17 p51 (1)
down f17 f5 (1)
depart f5 p27 (1)
up f5 f113 (1)
depart f113 p150 (1)
down f113 f29 (1)
board f29 p68 (1)
up f29 f114 (1)
depart f114 p149 (1)
down f114 f77 (1)
board f77 p18 (1)
board f77 p48 (1)
down f77 f30 (1)
board f30 p124 (1)
down f30 f5 (1)
depart f5 p18 (1)
up f5 f117 (1)
depart f117 p48 (1)
down f117 f31 (1)
board f31 p132 (1)
up f31 f121 (1)
board f121 p102 (1)
depart f121 p99 (1)
down f121 f28 (1)
depart f28 p102 (1)
up f28 f122 (1)
board f122 p50 (1)
board f122 p52 (1)
depart f122 p22 (1)
down f122 f21 (1)
depart f21 p52 (1)
up f21 f123 (1)
board f123 p10 (1)
depart f123 p78 (1)
down f123 f33 (1)
board f33 p32 (1)
down f33 f14 (1)
depart f14 p32 (1)
up f14 f35 (1)
board f35 p38 (1)
board f35 p4 (1)
board f35 p54 (1)
depart f35 p130 (1)
up f35 f80 (1)
depart f80 p84 (1)
down f80 f36 (1)
board f36 p125 (1)
down f36 f11 (1)
depart f11 p125 (1)
up f11 f103 (1)
depart f103 p4 (1)
down f103 f37 (1)
depart f37 p142 (1)
up f37 f38 (1)
board f38 p69 (1)
up f38 f39 (1)
board f39 p152 (1)
board f39 p53 (1)
board f39 p92 (1)
depart f39 p43 (1)
depart f39 p144 (1)
down f39 f15 (1)
depart f15 p92 (1)
up f15 f27 (1)
depart f27 p152 (1)
up f27 f41 (1)
board f41 p73 (1)
depart f41 p108 (1)
up f41 f42 (1)
board f42 p80 (1)
up f42 f43 (1)
board f43 p106 (1)
board f43 p65 (1)
up f43 f103 (1)
depart f103 p65 (1)
down f103 f44 (1)
board f44 p20 (1)
depart f44 p25 (1)
up f44 f116 (1)
depart f116 p106 (1)
down f116 f45 (1)
board f45 p134 (1)
board f45 p137 (1)
board f45 p151 (1)
board f45 p45 (1)
down f45 f2 (1)
depart f2 p134 (1)
up f2 f108 (1)
depart f108 p45 (1)
down f108 f30 (1)
depart f30 p137 (1)
up f30 f46 (1)
depart f46 p33 (1)
up f46 f47 (1)
depart f47 p58 (1)
depart f47 p100 (1)
up f47 f48 (1)
board f48 p112 (1)
board f48 p139 (1)
depart f48 p97 (1)
depart f48 p54 (1)
depart f48 p151 (1)
depart f48 p11 (1)
up f48 f115 (1)
depart f115 p112 (1)
down f115 f49 (1)
board f49 p55 (1)
down f49 f4 (1)
depart f4 p55 (1)
up f4 f50 (1)
board f50 p88 (1)
board f50 p95 (1)
depart f50 p64 (1)
depart f50 p6 (1)
depart f50 p127 (1)
down f50 f39 (1)
depart f39 p88 (1)
up f39 f117 (1)
depart f117 p95 (1)
down f117 f51 (1)
board f51 p8 (1)
up f51 f111 (1)
depart f111 p8 (1)
down f111 f52 (1)
depart f52 p132 (1)
up f52 f53 (1)
board f53 p115 (1)
up f53 f122 (1)
depart f122 p115 (1)
down f122 f54 (1)
board f54 p49 (1)
depart f54 p121 (1)
up f54 f55 (1)
depart f55 p135 (1)
up f55 f56 (1)
board f56 p113 (1)
board f56 p17 (1)
down f56 f55 (1)
depart f55 p113 (1)
up f55 f102 (1)
depart f102 p17 (1)
down f102 f57 (1)
board f57 p143 (1)
depart f57 p21 (1)
depart f57 p131 (1)
up f57 f103 (1)
depart f103 p143 (1)
down f103 f58 (1)
board f58 p44 (1)
depart f58 p9 (1)
up f58 f59 (1)
board f59 p63 (1)
depart f59 p60 (1)
up f59 f60 (1)
board f60 p89 (1)
depart f60 p116 (1)
down f60 f41 (1)
depart f41 p89 (1)
up f41 f61 (1)
board f61 p41 (1)
board f61 p47 (1)
down f61 f20 (1)
depart f20 p41 (1)
down f20 f8 (1)
depart f8 p47 (1)
up f8 f62 (1)
board f62 p15 (1)
board f62 p62 (1)
depart f62 p79 (1)
depart f62 p26 (1)
depart f62 p154 (1)
up f62 f112 (1)
depart f112 p62 (1)
down f112 f64 (1)
board f64 p140 (1)
board f64 p90 (1)
depart f64 p69 (1)
down f64 f20 (1)
depart f20 p140 (1)
up f20 f66 (1)
board f66 p126 (1)
down f66 f48 (1)
depart f48 p126 (1)
up f48 f67 (1)
depart f67 p105 (1)
up f67 f69 (1)
depart f69 p67 (1)
depart f69 p30 (1)
depart f69 p139 (1)
up f69 f70 (1)
board f70 p133 (1)
board f70 p72 (1)
board f70 p81 (1)
depart f70 p29 (1)
down f70 f50 (1)
depart f50 p81 (1)
up f50 f56 (1)
depart f56 p133 (1)
up f56 f71 (1)
board f71 p101 (1)
board f71 p66 (1)
board f71 p98 (1)
depart f71 p0 (1)
up f71 f119 (1)
depart f119 p98 (1)
down f119 f72 (1)
depart f72 p66 (1)
up f72 f73 (1)
board f73 p3 (1)
board f73 p39 (1)
board f73 p74 (1)
down f73 f55 (1)
depart f55 p74 (1)
up f55 f74 (1)
board f74 p120 (1)
board f74 p122 (1)
board f74 p19 (1)
board f74 p2 (1)
depart f74 p85 (1)
depart f74 p124 (1)
down f74 f48 (1)
depart f48 p19 (1)
up f48 f50 (1)
depart f50 p2 (1)
up f50 f53 (1)
depart f53 p122 (1)
up f53 f75 (1)
depart f75 p63 (1)
up f75 f76 (1)
depart f76 p15 (1)
up f76 f77 (1)
depart f77 p38 (1)
depart f77 p20 (1)
up f77 f78 (1)
board f78 p12 (1)
board f78 p153 (1)
board f78 p59 (1)
down f78 f18 (1)
depart f18 p153 (1)
down f18 f6 (1)
depart f6 p59 (1)
up f6 f44 (1)
depart f44 p12 (1)
up f44 f79 (1)
board f79 p34 (1)
down f79 f5 (1)
depart f5 p34 (1)
up f5 f80 (1)
depart f80 p39 (1)
up f80 f81 (1)
board f81 p141 (1)
depart f81 p120 (1)
depart f81 p104 (1)
down f81 f7 (1)
depart f7 p141 (1)
up f7 f82 (1)
board f82 p31 (1)
board f82 p36 (1)
depart f82 p73 (1)
depart f82 p109 (1)
down f82 f17 (1)
depart f17 p31 (1)
up f17 f100 (1)
depart f100 p36 (1)
down f100 f83 (1)
board f83 p147 (1)
board f83 p93 (1)
up f83 f102 (1)
depart f102 p147 (1)
down f102 f84 (1)
board f84 p23 (1)
up f84 f111 (1)
depart f111 p93 (1)
down f111 f85 (1)
board f85 p103 (1)
board f85 p57 (1)
board f85 p86 (1)
depart f85 p50 (1)
down f85 f39 (1)
depart f39 p57 (1)
up f39 f107 (1)
depart f107 p103 (1)
down f107 f73 (1)
depart f73 p86 (1)
up f73 f115 (1)
depart f115 p23 (1)
down f115 f86 (1)
depart f86 p90 (1)
up f86 f87 (1)
board f87 p14 (1)
down f87 f20 (1)
depart f20 p14 (1)
up f20 f88 (1)
depart f88 p80 (1)
up f88 f89 (1)
board f89 p1 (1)
board f89 p75 (1)
depart f89 p42 (1)
depart f89 p148 (1)
down f89 f44 (1)
depart f44 p1 (1)
up f44 f50 (1)
depart f50 p75 (1)
up f50 f90 (1)
depart f90 p72 (1)
up f90 f91 (1)
board f91 p91 (1)
depart f91 p7 (1)
down f91 f79 (1)
depart f79 p91 (1)
up f79 f92 (1)
board f92 p16 (1)
depart f92 p49 (1)
depart f92 p114 (1)
down f92 f27 (1)
depart f27 p16 (1)
up f27 f93 (1)
board f93 p40 (1)
depart f93 p53 (1)
depart f93 p44 (1)
depart f93 p28 (1)
down f93 f58 (1)
depart f58 p40 (1)
up f58 f95 (1)
board f95 p35 (1)
depart f95 p68 (1)
down f95 f0 (1)
depart f0 p35 (1)
up f0 f96 (1)
board f96 p117 (1)
depart f96 p3 (1)
down f96 f13 (1)
depart f13 p117 (1)
up f13 f97 (1)
depart f97 p101 (1)
up f97 f99 (1)
board f99 p128 (1)
board f99 p46 (1)
depart f99 p10 (1)
down f99 f12 (1)
depart f12 p128 (1)
down f12 f3 (1)
depart f3 p46 (1)
[t=4.53328s, 18916 KB] Plan length: 496 step(s).
[t=4.53328s, 18916 KB] Plan cost: 496
[t=4.53328s, 18916 KB] Timestamp: 1684314451974 millisecond(s).
[t=4.53328s, 18916 KB] Expanded 3912 state(s).
[t=4.53328s, 18916 KB] Reopened 0 state(s).
[t=4.53328s, 18916 KB] Evaluated 50156 state(s).
[t=4.53328s, 18916 KB] Evaluations: 50156
[t=4.53328s, 18916 KB] Generated 487014 state(s).
[t=4.53328s, 18916 KB] Dead ends: 0 state(s).
[t=4.53328s, 18916 KB] Number of registered states: 50156
[t=4.53328s, 18916 KB] Int hash set load factor: 50156/65536 = 0.76532
[t=4.53328s, 18916 KB] Int hash set resizes: 16
[t=4.53328s, 18916 KB] Search time: 4.49113s
[t=4.53328s, 18916 KB] Total time: 4.53328s
Solution found.
Peak memory: 18916 KB
Remove intermediate file output.sas
search exit code: 0

INFO     Running validate.
INFO     validate stdin: None
INFO     validate time limit: None
INFO     validate memory limit: None
INFO     validate command line string: validate domain.pddl problem.pddl sas_plan
Checking plan: sas_plan
Plan executed successfully - checking goal
Plan valid
Final value: 496 

Successful plans:
Value: 496
 sas_plan 496 

validate exit code: 0

INFO     Planner time: 5.84s
