INFO     planner time limit: 300s
INFO     planner memory limit: 3584 MB

INFO     Running translator.
INFO     translator stdin: None
INFO     translator time limit: 299s
INFO     translator memory limit: 3584 MB
INFO     translator command line string: /usr/local/downward-projects/downward/experiments/.venv/bin/python3 /usr/local/downward-projects/downward/experiments/src/thesis/data/thesis-thesis_exp/code-d93485cdd92f65ede2ae3573b3f4adda0b49e4fd_e5e41175/builds/release/bin/translate/translate.py domain.pddl problem.pddl --sas-file output.sas
Parsing...
Parsing: [0.010s CPU, 0.007s wall-clock]
Normalizing task... [0.000s CPU, 0.000s wall-clock]
Instantiating...
Generating Datalog program... [0.000s CPU, 0.005s wall-clock]
Normalizing Datalog program...
Normalizing Datalog program: [0.000s CPU, 0.002s wall-clock]
Preparing model... [0.010s CPU, 0.009s wall-clock]
Generated 38 rules.
Computing model... [0.050s CPU, 0.049s wall-clock]
3384 relevant atoms
5418 auxiliary atoms
8802 final queue length
9525 total queue pushes
Completing instantiation... [0.010s CPU, 0.013s wall-clock]
Instantiating: [0.080s CPU, 0.080s wall-clock]
Computing fact groups...
Finding invariants...
7 initial candidates
Finding invariants: [0.010s CPU, 0.004s wall-clock]
Checking invariant weight... [0.000s CPU, 0.001s wall-clock]
Instantiating groups... [0.070s CPU, 0.075s wall-clock]
Collecting mutex groups... [0.000s CPU, 0.000s wall-clock]
Choosing groups...
232 uncovered facts
Choosing groups: [0.010s CPU, 0.002s wall-clock]
Building translation key... [0.000s CPU, 0.001s wall-clock]
Computing fact groups: [0.090s CPU, 0.086s wall-clock]
Building STRIPS to SAS dictionary... [0.000s CPU, 0.000s wall-clock]
Building dictionary for full mutex groups... [0.000s CPU, 0.000s wall-clock]
Building mutex information...
Building mutex information: [0.000s CPU, 0.000s wall-clock]
Translating task...
Processing axioms...
Simplifying axioms... [0.000s CPU, 0.000s wall-clock]
Translator axioms removed by simplifying: 0
Computing negative axioms... [0.000s CPU, 0.000s wall-clock]
Processing axioms: [0.000s CPU, 0.001s wall-clock]
Translating task: [0.010s CPU, 0.014s wall-clock]
493 effect conditions simplified
0 implied preconditions added
Detecting unreachable propositions...
0 operators removed
0 axioms removed
30 propositions removed
Detecting unreachable propositions: [0.020s CPU, 0.013s wall-clock]
Reordering and filtering variables...
220 of 220 variables necessary.
217 of 219 mutex groups necessary.
464 of 464 operators necessary.
0 of 0 axiom rules necessary.
Reordering and filtering variables: [0.000s CPU, 0.005s wall-clock]
Translator variables: 220
Translator derived variables: 0
Translator facts: 671
Translator goal facts: 1
Translator mutex groups: 217
Translator total mutex groups size: 452
Translator operators: 464
Translator axioms: 0
Translator task size: 4218
Translator peak memory: 37304 KB
Writing output... [0.010s CPU, 0.004s wall-clock]
Done! [0.220s CPU, 0.212s wall-clock]
translate exit code: 0

INFO     Running search (release).
INFO     search stdin: output.sas
INFO     search time limit: 299s
INFO     search memory limit: 3584 MB
INFO     search command line string: /usr/local/downward-projects/downward/experiments/src/thesis/data/thesis-thesis_exp/code-d93485cdd92f65ede2ae3573b3f4adda0b49e4fd_e5e41175/builds/release/bin/downward --evaluator 'h=ff()' --search 'eager(alt([type_based([h, g()], random_seed=-1), single(h)]))' --internal-plan-file sas_plan < output.sas
[t=0.0010511s, 11364 KB] reading input...
[t=0.00350073s, 11620 KB] done reading input!
[t=0.00520394s, 12036 KB] Simplifying 1452 unary operators... done! [1452 unary operators]
[t=0.00630909s, 12036 KB] time to simplify: 0.00110515s
[t=0.00639921s, 12036 KB] Initializing additive heuristic...
[t=0.00651238s, 12036 KB] Initializing FF heuristic...
[t=0.0065373s, 12036 KB] Building successor generator...done!
[t=0.00684413s, 12036 KB] peak memory difference for successor generator creation: 0 KB
[t=0.00689158s, 12036 KB] time for successor generation creation: 0s
[t=0.0069158s, 12036 KB] Variables: 220
[t=0.00694225s, 12036 KB] FactPairs: 671
[t=0.00696593s, 12036 KB] Bytes per state: 32
[t=0.00698952s, 12036 KB] Conducting best first search without reopening closed nodes, (real) bound = 2147483647
[t=0.00704s, 12036 KB] New best heuristic value for ff(): 2
[t=0.00710365s, 12036 KB] g=0, 1 evaluated, 0 expanded
[t=0.00712711s, 12036 KB] Initial heuristic value for ff(): 2
[t=0.00716112s, 12036 KB] pruning method: none
[t=0.00718466s, 12036 KB] Start Timestep: 1687919102164 millisecond(s).
[t=0.0196998s, 12036 KB] New best heuristic value for ff(): 1
[t=0.0201703s, 12036 KB] g=1, 426 evaluated, 412 expanded
[t=0.0312325s, 12036 KB] New best heuristic value for ff(): 0
[t=0.0314456s, 12036 KB] g=2, 822 evaluated, 808 expanded
[t=0.031473s, 12036 KB] Solution found!
[t=0.0315337s, 12036 KB] Actual search time: 0.0243092s
move player-01 pos-04-16 pos-05-16 dir-right (0)
move player-01 pos-05-16 pos-05-15 dir-up (0)
move player-01 pos-05-15 pos-05-14 dir-up (0)
move player-01 pos-05-14 pos-05-13 dir-up (0)
move player-01 pos-05-13 pos-05-12 dir-up (0)
move player-01 pos-05-12 pos-05-11 dir-up (0)
move player-01 pos-05-11 pos-05-10 dir-up (0)
move player-01 pos-05-10 pos-05-09 dir-up (0)
move player-01 pos-05-09 pos-05-08 dir-up (0)
move player-01 pos-05-08 pos-05-07 dir-up (0)
move player-01 pos-05-07 pos-05-06 dir-up (0)
move player-01 pos-05-06 pos-05-05 dir-up (0)
move player-01 pos-05-05 pos-05-04 dir-up (0)
move player-01 pos-05-04 pos-06-04 dir-right (0)
move player-01 pos-06-04 pos-07-04 dir-right (0)
move player-01 pos-07-04 pos-08-04 dir-right (0)
move player-01 pos-08-04 pos-09-04 dir-right (0)
move player-01 pos-09-04 pos-10-04 dir-right (0)
move player-01 pos-10-04 pos-11-04 dir-right (0)
move player-01 pos-11-04 pos-12-04 dir-right (0)
move player-01 pos-12-04 pos-13-04 dir-right (0)
move player-01 pos-13-04 pos-14-04 dir-right (0)
move player-01 pos-14-04 pos-15-04 dir-right (0)
move player-01 pos-15-04 pos-16-04 dir-right (0)
move player-01 pos-16-04 pos-17-04 dir-right (0)
move player-01 pos-17-04 pos-18-04 dir-right (0)
move player-01 pos-18-04 pos-19-04 dir-right (0)
move player-01 pos-19-04 pos-20-04 dir-right (0)
move player-01 pos-20-04 pos-21-04 dir-right (0)
move player-01 pos-21-04 pos-22-04 dir-right (0)
move player-01 pos-22-04 pos-23-04 dir-right (0)
move player-01 pos-23-04 pos-24-04 dir-right (0)
move player-01 pos-24-04 pos-25-04 dir-right (0)
move player-01 pos-25-04 pos-26-04 dir-right (0)
move player-01 pos-26-04 pos-26-05 dir-down (0)
move player-01 pos-26-05 pos-26-06 dir-down (0)
move player-01 pos-26-06 pos-26-07 dir-down (0)
move player-01 pos-26-07 pos-26-08 dir-down (0)
move player-01 pos-26-08 pos-26-09 dir-down (0)
move player-01 pos-26-09 pos-26-10 dir-down (0)
move player-01 pos-26-10 pos-26-11 dir-down (0)
move player-01 pos-26-11 pos-26-12 dir-down (0)
move player-01 pos-26-12 pos-26-13 dir-down (0)
move player-01 pos-26-13 pos-26-14 dir-down (0)
move player-01 pos-26-14 pos-25-14 dir-left (0)
move player-01 pos-25-14 pos-24-14 dir-left (0)
move player-01 pos-24-14 pos-23-14 dir-left (0)
move player-01 pos-23-14 pos-22-14 dir-left (0)
move player-01 pos-22-14 pos-21-14 dir-left (0)
move player-01 pos-21-14 pos-20-14 dir-left (0)
move player-01 pos-20-14 pos-19-14 dir-left (0)
move player-01 pos-19-14 pos-18-14 dir-left (0)
move player-01 pos-18-14 pos-17-14 dir-left (0)
move player-01 pos-17-14 pos-16-14 dir-left (0)
move player-01 pos-16-14 pos-15-14 dir-left (0)
move player-01 pos-15-14 pos-14-14 dir-left (0)
move player-01 pos-14-14 pos-13-14 dir-left (0)
move player-01 pos-13-14 pos-12-14 dir-left (0)
move player-01 pos-12-14 pos-11-14 dir-left (0)
move player-01 pos-11-14 pos-10-14 dir-left (0)
move player-01 pos-10-14 pos-09-14 dir-left (0)
move player-01 pos-09-14 pos-09-13 dir-up (0)
move player-01 pos-09-13 pos-09-12 dir-up (0)
move player-01 pos-09-12 pos-09-11 dir-up (0)
move player-01 pos-09-11 pos-09-10 dir-up (0)
move player-01 pos-09-10 pos-09-09 dir-up (0)
move player-01 pos-09-09 pos-09-08 dir-up (0)
move player-01 pos-09-08 pos-10-08 dir-right (0)
move player-01 pos-10-08 pos-11-08 dir-right (0)
move player-01 pos-11-08 pos-12-08 dir-right (0)
move player-01 pos-12-08 pos-13-08 dir-right (0)
move player-01 pos-13-08 pos-14-08 dir-right (0)
move player-01 pos-14-08 pos-15-08 dir-right (0)
move player-01 pos-15-08 pos-16-08 dir-right (0)
move player-01 pos-16-08 pos-17-08 dir-right (0)
move player-01 pos-17-08 pos-18-08 dir-right (0)
move player-01 pos-18-08 pos-19-08 dir-right (0)
move player-01 pos-19-08 pos-20-08 dir-right (0)
move player-01 pos-20-08 pos-21-08 dir-right (0)
move player-01 pos-21-08 pos-22-08 dir-right (0)
move player-01 pos-22-08 pos-22-09 dir-down (0)
move player-01 pos-22-09 pos-22-10 dir-down (0)
move player-01 pos-22-10 pos-21-10 dir-left (0)
move player-01 pos-21-10 pos-20-10 dir-left (0)
move player-01 pos-20-10 pos-19-10 dir-left (0)
move player-01 pos-19-10 pos-18-10 dir-left (0)
move player-01 pos-18-10 pos-17-10 dir-left (0)
move player-01 pos-17-10 pos-16-10 dir-left (0)
move player-01 pos-16-10 pos-15-10 dir-left (0)
move player-01 pos-15-10 pos-14-10 dir-left (0)
move player-01 pos-14-10 pos-13-10 dir-left (0)
move player-01 pos-13-10 pos-12-10 dir-left (0)
move player-01 pos-12-10 pos-11-10 dir-left (0)
move player-01 pos-11-10 pos-11-11 dir-down (0)
move player-01 pos-11-11 pos-11-12 dir-down (0)
move player-01 pos-11-12 pos-12-12 dir-right (0)
move player-01 pos-12-12 pos-13-12 dir-right (0)
move player-01 pos-13-12 pos-14-12 dir-right (0)
move player-01 pos-14-12 pos-15-12 dir-right (0)
move player-01 pos-15-12 pos-16-12 dir-right (0)
move player-01 pos-16-12 pos-17-12 dir-right (0)
move player-01 pos-17-12 pos-18-12 dir-right (0)
move player-01 pos-18-12 pos-19-12 dir-right (0)
move player-01 pos-19-12 pos-20-12 dir-right (0)
move player-01 pos-20-12 pos-21-12 dir-right (0)
move player-01 pos-21-12 pos-22-12 dir-right (0)
move player-01 pos-22-12 pos-23-12 dir-right (0)
move player-01 pos-23-12 pos-24-12 dir-right (0)
move player-01 pos-24-12 pos-24-11 dir-up (0)
move player-01 pos-24-11 pos-24-10 dir-up (0)
move player-01 pos-24-10 pos-24-09 dir-up (0)
move player-01 pos-24-09 pos-24-08 dir-up (0)
move player-01 pos-24-08 pos-24-07 dir-up (0)
move player-01 pos-24-07 pos-24-06 dir-up (0)
move player-01 pos-24-06 pos-23-06 dir-left (0)
move player-01 pos-23-06 pos-22-06 dir-left (0)
move player-01 pos-22-06 pos-21-06 dir-left (0)
move player-01 pos-21-06 pos-20-06 dir-left (0)
move player-01 pos-20-06 pos-19-06 dir-left (0)
move player-01 pos-19-06 pos-18-06 dir-left (0)
move player-01 pos-18-06 pos-17-06 dir-left (0)
move player-01 pos-17-06 pos-16-06 dir-left (0)
move player-01 pos-16-06 pos-15-06 dir-left (0)
move player-01 pos-15-06 pos-14-06 dir-left (0)
move player-01 pos-14-06 pos-13-06 dir-left (0)
move player-01 pos-13-06 pos-12-06 dir-left (0)
move player-01 pos-12-06 pos-11-06 dir-left (0)
move player-01 pos-11-06 pos-10-06 dir-left (0)
move player-01 pos-10-06 pos-09-06 dir-left (0)
move player-01 pos-09-06 pos-08-06 dir-left (0)
move player-01 pos-08-06 pos-07-06 dir-left (0)
move player-01 pos-07-06 pos-07-07 dir-down (0)
move player-01 pos-07-07 pos-07-08 dir-down (0)
move player-01 pos-07-08 pos-07-09 dir-down (0)
move player-01 pos-07-09 pos-07-10 dir-down (0)
move player-01 pos-07-10 pos-07-11 dir-down (0)
move player-01 pos-07-11 pos-07-12 dir-down (0)
move player-01 pos-07-12 pos-07-13 dir-down (0)
move player-01 pos-07-13 pos-07-14 dir-down (0)
move player-01 pos-07-14 pos-07-15 dir-down (0)
move player-01 pos-07-15 pos-07-16 dir-down (0)
move player-01 pos-07-16 pos-08-16 dir-right (0)
move player-01 pos-08-16 pos-09-16 dir-right (0)
move player-01 pos-09-16 pos-10-16 dir-right (0)
move player-01 pos-10-16 pos-11-16 dir-right (0)
move player-01 pos-11-16 pos-12-16 dir-right (0)
move player-01 pos-12-16 pos-13-16 dir-right (0)
move player-01 pos-13-16 pos-14-16 dir-right (0)
move player-01 pos-14-16 pos-15-16 dir-right (0)
move player-01 pos-15-16 pos-16-16 dir-right (0)
move player-01 pos-16-16 pos-17-16 dir-right (0)
move player-01 pos-17-16 pos-18-16 dir-right (0)
move player-01 pos-18-16 pos-19-16 dir-right (0)
move player-01 pos-19-16 pos-20-16 dir-right (0)
move player-01 pos-20-16 pos-21-16 dir-right (0)
move player-01 pos-21-16 pos-22-16 dir-right (0)
move player-01 pos-22-16 pos-23-16 dir-right (0)
move player-01 pos-23-16 pos-24-16 dir-right (0)
move player-01 pos-24-16 pos-25-16 dir-right (0)
move player-01 pos-25-16 pos-26-16 dir-right (0)
move player-01 pos-26-16 pos-27-16 dir-right (0)
move player-01 pos-27-16 pos-28-16 dir-right (0)
move player-01 pos-28-16 pos-28-15 dir-up (0)
move player-01 pos-28-15 pos-28-14 dir-up (0)
move player-01 pos-28-14 pos-28-13 dir-up (0)
move player-01 pos-28-13 pos-28-12 dir-up (0)
move player-01 pos-28-12 pos-28-11 dir-up (0)
move player-01 pos-28-11 pos-28-10 dir-up (0)
move player-01 pos-28-10 pos-28-09 dir-up (0)
move player-01 pos-28-09 pos-28-08 dir-up (0)
move player-01 pos-28-08 pos-28-07 dir-up (0)
move player-01 pos-28-07 pos-28-06 dir-up (0)
move player-01 pos-28-06 pos-28-05 dir-up (0)
move player-01 pos-28-05 pos-28-04 dir-up (0)
move player-01 pos-28-04 pos-28-03 dir-up (0)
move player-01 pos-28-03 pos-28-02 dir-up (0)
move player-01 pos-28-02 pos-27-02 dir-left (0)
move player-01 pos-27-02 pos-26-02 dir-left (0)
move player-01 pos-26-02 pos-25-02 dir-left (0)
move player-01 pos-25-02 pos-24-02 dir-left (0)
move player-01 pos-24-02 pos-23-02 dir-left (0)
move player-01 pos-23-02 pos-22-02 dir-left (0)
move player-01 pos-22-02 pos-21-02 dir-left (0)
move player-01 pos-21-02 pos-20-02 dir-left (0)
move player-01 pos-20-02 pos-19-02 dir-left (0)
move player-01 pos-19-02 pos-18-02 dir-left (0)
move player-01 pos-18-02 pos-17-02 dir-left (0)
move player-01 pos-17-02 pos-16-02 dir-left (0)
move player-01 pos-16-02 pos-15-02 dir-left (0)
move player-01 pos-15-02 pos-14-02 dir-left (0)
move player-01 pos-14-02 pos-13-02 dir-left (0)
move player-01 pos-13-02 pos-12-02 dir-left (0)
move player-01 pos-12-02 pos-11-02 dir-left (0)
move player-01 pos-11-02 pos-10-02 dir-left (0)
move player-01 pos-10-02 pos-09-02 dir-left (0)
move player-01 pos-09-02 pos-08-02 dir-left (0)
move player-01 pos-08-02 pos-07-02 dir-left (0)
move player-01 pos-07-02 pos-06-02 dir-left (0)
move player-01 pos-06-02 pos-05-02 dir-left (0)
move player-01 pos-05-02 pos-04-02 dir-left (0)
move player-01 pos-04-02 pos-03-02 dir-left (0)
move player-01 pos-03-02 pos-03-03 dir-down (0)
move player-01 pos-03-03 pos-03-04 dir-down (0)
move player-01 pos-03-04 pos-03-05 dir-down (0)
move player-01 pos-03-05 pos-03-06 dir-down (0)
move player-01 pos-03-06 pos-03-07 dir-down (0)
move player-01 pos-03-07 pos-03-08 dir-down (0)
move player-01 pos-03-08 pos-03-09 dir-down (0)
move player-01 pos-03-09 pos-03-10 dir-down (0)
move player-01 pos-03-10 pos-03-11 dir-down (0)
move player-01 pos-03-11 pos-03-12 dir-down (0)
move player-01 pos-03-12 pos-03-13 dir-down (0)
move player-01 pos-03-13 pos-03-14 dir-down (0)
push-to-nongoal player-01 stone-01 pos-03-14 pos-03-15 pos-03-16 dir-down (1)
move player-01 pos-03-15 pos-03-14 dir-up (0)
move player-01 pos-03-14 pos-03-13 dir-up (0)
move player-01 pos-03-13 pos-03-12 dir-up (0)
move player-01 pos-03-12 pos-03-11 dir-up (0)
move player-01 pos-03-11 pos-03-10 dir-up (0)
move player-01 pos-03-10 pos-03-09 dir-up (0)
move player-01 pos-03-09 pos-03-08 dir-up (0)
move player-01 pos-03-08 pos-03-07 dir-up (0)
move player-01 pos-03-07 pos-03-06 dir-up (0)
move player-01 pos-03-06 pos-03-05 dir-up (0)
move player-01 pos-03-05 pos-03-04 dir-up (0)
move player-01 pos-03-04 pos-03-03 dir-up (0)
move player-01 pos-03-03 pos-03-02 dir-up (0)
move player-01 pos-03-02 pos-04-02 dir-right (0)
move player-01 pos-04-02 pos-05-02 dir-right (0)
move player-01 pos-05-02 pos-06-02 dir-right (0)
move player-01 pos-06-02 pos-07-02 dir-right (0)
move player-01 pos-07-02 pos-08-02 dir-right (0)
move player-01 pos-08-02 pos-09-02 dir-right (0)
move player-01 pos-09-02 pos-10-02 dir-right (0)
move player-01 pos-10-02 pos-11-02 dir-right (0)
move player-01 pos-11-02 pos-12-02 dir-right (0)
move player-01 pos-12-02 pos-13-02 dir-right (0)
move player-01 pos-13-02 pos-14-02 dir-right (0)
move player-01 pos-14-02 pos-15-02 dir-right (0)
move player-01 pos-15-02 pos-16-02 dir-right (0)
move player-01 pos-16-02 pos-17-02 dir-right (0)
move player-01 pos-17-02 pos-18-02 dir-right (0)
move player-01 pos-18-02 pos-19-02 dir-right (0)
move player-01 pos-19-02 pos-20-02 dir-right (0)
move player-01 pos-20-02 pos-21-02 dir-right (0)
move player-01 pos-21-02 pos-22-02 dir-right (0)
move player-01 pos-22-02 pos-23-02 dir-right (0)
move player-01 pos-23-02 pos-24-02 dir-right (0)
move player-01 pos-24-02 pos-25-02 dir-right (0)
move player-01 pos-25-02 pos-26-02 dir-right (0)
move player-01 pos-26-02 pos-27-02 dir-right (0)
move player-01 pos-27-02 pos-28-02 dir-right (0)
move player-01 pos-28-02 pos-28-03 dir-down (0)
move player-01 pos-28-03 pos-28-04 dir-down (0)
move player-01 pos-28-04 pos-28-05 dir-down (0)
move player-01 pos-28-05 pos-28-06 dir-down (0)
move player-01 pos-28-06 pos-28-07 dir-down (0)
move player-01 pos-28-07 pos-28-08 dir-down (0)
move player-01 pos-28-08 pos-28-09 dir-down (0)
move player-01 pos-28-09 pos-28-10 dir-down (0)
move player-01 pos-28-10 pos-28-11 dir-down (0)
move player-01 pos-28-11 pos-28-12 dir-down (0)
move player-01 pos-28-12 pos-28-13 dir-down (0)
move player-01 pos-28-13 pos-28-14 dir-down (0)
move player-01 pos-28-14 pos-28-15 dir-down (0)
move player-01 pos-28-15 pos-28-16 dir-down (0)
move player-01 pos-28-16 pos-27-16 dir-left (0)
move player-01 pos-27-16 pos-26-16 dir-left (0)
move player-01 pos-26-16 pos-25-16 dir-left (0)
move player-01 pos-25-16 pos-24-16 dir-left (0)
move player-01 pos-24-16 pos-23-16 dir-left (0)
move player-01 pos-23-16 pos-22-16 dir-left (0)
move player-01 pos-22-16 pos-21-16 dir-left (0)
move player-01 pos-21-16 pos-20-16 dir-left (0)
move player-01 pos-20-16 pos-19-16 dir-left (0)
move player-01 pos-19-16 pos-18-16 dir-left (0)
move player-01 pos-18-16 pos-17-16 dir-left (0)
move player-01 pos-17-16 pos-16-16 dir-left (0)
move player-01 pos-16-16 pos-15-16 dir-left (0)
move player-01 pos-15-16 pos-14-16 dir-left (0)
move player-01 pos-14-16 pos-13-16 dir-left (0)
move player-01 pos-13-16 pos-12-16 dir-left (0)
move player-01 pos-12-16 pos-11-16 dir-left (0)
move player-01 pos-11-16 pos-10-16 dir-left (0)
move player-01 pos-10-16 pos-09-16 dir-left (0)
move player-01 pos-09-16 pos-08-16 dir-left (0)
move player-01 pos-08-16 pos-07-16 dir-left (0)
move player-01 pos-07-16 pos-07-15 dir-up (0)
move player-01 pos-07-15 pos-07-14 dir-up (0)
move player-01 pos-07-14 pos-07-13 dir-up (0)
move player-01 pos-07-13 pos-07-12 dir-up (0)
move player-01 pos-07-12 pos-07-11 dir-up (0)
move player-01 pos-07-11 pos-07-10 dir-up (0)
move player-01 pos-07-10 pos-07-09 dir-up (0)
move player-01 pos-07-09 pos-07-08 dir-up (0)
move player-01 pos-07-08 pos-07-07 dir-up (0)
move player-01 pos-07-07 pos-07-06 dir-up (0)
move player-01 pos-07-06 pos-08-06 dir-right (0)
move player-01 pos-08-06 pos-09-06 dir-right (0)
move player-01 pos-09-06 pos-10-06 dir-right (0)
move player-01 pos-10-06 pos-11-06 dir-right (0)
move player-01 pos-11-06 pos-12-06 dir-right (0)
move player-01 pos-12-06 pos-13-06 dir-right (0)
move player-01 pos-13-06 pos-14-06 dir-right (0)
move player-01 pos-14-06 pos-15-06 dir-right (0)
move player-01 pos-15-06 pos-16-06 dir-right (0)
move player-01 pos-16-06 pos-17-06 dir-right (0)
move player-01 pos-17-06 pos-18-06 dir-right (0)
move player-01 pos-18-06 pos-19-06 dir-right (0)
move player-01 pos-19-06 pos-20-06 dir-right (0)
move player-01 pos-20-06 pos-21-06 dir-right (0)
move player-01 pos-21-06 pos-22-06 dir-right (0)
move player-01 pos-22-06 pos-23-06 dir-right (0)
move player-01 pos-23-06 pos-24-06 dir-right (0)
move player-01 pos-24-06 pos-24-07 dir-down (0)
move player-01 pos-24-07 pos-24-08 dir-down (0)
move player-01 pos-24-08 pos-24-09 dir-down (0)
move player-01 pos-24-09 pos-24-10 dir-down (0)
move player-01 pos-24-10 pos-24-11 dir-down (0)
move player-01 pos-24-11 pos-24-12 dir-down (0)
move player-01 pos-24-12 pos-23-12 dir-left (0)
move player-01 pos-23-12 pos-22-12 dir-left (0)
move player-01 pos-22-12 pos-21-12 dir-left (0)
move player-01 pos-21-12 pos-20-12 dir-left (0)
move player-01 pos-20-12 pos-19-12 dir-left (0)
move player-01 pos-19-12 pos-18-12 dir-left (0)
move player-01 pos-18-12 pos-17-12 dir-left (0)
move player-01 pos-17-12 pos-16-12 dir-left (0)
move player-01 pos-16-12 pos-15-12 dir-left (0)
move player-01 pos-15-12 pos-14-12 dir-left (0)
move player-01 pos-14-12 pos-13-12 dir-left (0)
move player-01 pos-13-12 pos-12-12 dir-left (0)
move player-01 pos-12-12 pos-11-12 dir-left (0)
move player-01 pos-11-12 pos-11-11 dir-up (0)
move player-01 pos-11-11 pos-11-10 dir-up (0)
move player-01 pos-11-10 pos-12-10 dir-right (0)
move player-01 pos-12-10 pos-13-10 dir-right (0)
move player-01 pos-13-10 pos-14-10 dir-right (0)
move player-01 pos-14-10 pos-15-10 dir-right (0)
move player-01 pos-15-10 pos-16-10 dir-right (0)
move player-01 pos-16-10 pos-17-10 dir-right (0)
move player-01 pos-17-10 pos-18-10 dir-right (0)
move player-01 pos-18-10 pos-19-10 dir-right (0)
move player-01 pos-19-10 pos-20-10 dir-right (0)
move player-01 pos-20-10 pos-21-10 dir-right (0)
move player-01 pos-21-10 pos-22-10 dir-right (0)
move player-01 pos-22-10 pos-22-09 dir-up (0)
move player-01 pos-22-09 pos-22-08 dir-up (0)
move player-01 pos-22-08 pos-21-08 dir-left (0)
move player-01 pos-21-08 pos-20-08 dir-left (0)
move player-01 pos-20-08 pos-19-08 dir-left (0)
move player-01 pos-19-08 pos-18-08 dir-left (0)
move player-01 pos-18-08 pos-17-08 dir-left (0)
move player-01 pos-17-08 pos-16-08 dir-left (0)
move player-01 pos-16-08 pos-15-08 dir-left (0)
move player-01 pos-15-08 pos-14-08 dir-left (0)
move player-01 pos-14-08 pos-13-08 dir-left (0)
move player-01 pos-13-08 pos-12-08 dir-left (0)
move player-01 pos-12-08 pos-11-08 dir-left (0)
move player-01 pos-11-08 pos-10-08 dir-left (0)
move player-01 pos-10-08 pos-09-08 dir-left (0)
move player-01 pos-09-08 pos-09-09 dir-down (0)
move player-01 pos-09-09 pos-09-10 dir-down (0)
move player-01 pos-09-10 pos-09-11 dir-down (0)
move player-01 pos-09-11 pos-09-12 dir-down (0)
move player-01 pos-09-12 pos-09-13 dir-down (0)
move player-01 pos-09-13 pos-09-14 dir-down (0)
move player-01 pos-09-14 pos-10-14 dir-right (0)
move player-01 pos-10-14 pos-11-14 dir-right (0)
move player-01 pos-11-14 pos-12-14 dir-right (0)
move player-01 pos-12-14 pos-13-14 dir-right (0)
move player-01 pos-13-14 pos-14-14 dir-right (0)
move player-01 pos-14-14 pos-15-14 dir-right (0)
move player-01 pos-15-14 pos-16-14 dir-right (0)
move player-01 pos-16-14 pos-17-14 dir-right (0)
move player-01 pos-17-14 pos-18-14 dir-right (0)
move player-01 pos-18-14 pos-19-14 dir-right (0)
move player-01 pos-19-14 pos-20-14 dir-right (0)
move player-01 pos-20-14 pos-21-14 dir-right (0)
move player-01 pos-21-14 pos-22-14 dir-right (0)
move player-01 pos-22-14 pos-23-14 dir-right (0)
move player-01 pos-23-14 pos-24-14 dir-right (0)
move player-01 pos-24-14 pos-25-14 dir-right (0)
move player-01 pos-25-14 pos-26-14 dir-right (0)
move player-01 pos-26-14 pos-26-13 dir-up (0)
move player-01 pos-26-13 pos-26-12 dir-up (0)
move player-01 pos-26-12 pos-26-11 dir-up (0)
move player-01 pos-26-11 pos-26-10 dir-up (0)
move player-01 pos-26-10 pos-26-09 dir-up (0)
move player-01 pos-26-09 pos-26-08 dir-up (0)
move player-01 pos-26-08 pos-26-07 dir-up (0)
move player-01 pos-26-07 pos-26-06 dir-up (0)
move player-01 pos-26-06 pos-26-05 dir-up (0)
move player-01 pos-26-05 pos-26-04 dir-up (0)
move player-01 pos-26-04 pos-25-04 dir-left (0)
move player-01 pos-25-04 pos-24-04 dir-left (0)
move player-01 pos-24-04 pos-23-04 dir-left (0)
move player-01 pos-23-04 pos-22-04 dir-left (0)
move player-01 pos-22-04 pos-21-04 dir-left (0)
move player-01 pos-21-04 pos-20-04 dir-left (0)
move player-01 pos-20-04 pos-19-04 dir-left (0)
move player-01 pos-19-04 pos-18-04 dir-left (0)
move player-01 pos-18-04 pos-17-04 dir-left (0)
move player-01 pos-17-04 pos-16-04 dir-left (0)
move player-01 pos-16-04 pos-15-04 dir-left (0)
move player-01 pos-15-04 pos-14-04 dir-left (0)
move player-01 pos-14-04 pos-13-04 dir-left (0)
move player-01 pos-13-04 pos-12-04 dir-left (0)
move player-01 pos-12-04 pos-11-04 dir-left (0)
move player-01 pos-11-04 pos-10-04 dir-left (0)
move player-01 pos-10-04 pos-09-04 dir-left (0)
move player-01 pos-09-04 pos-08-04 dir-left (0)
move player-01 pos-08-04 pos-07-04 dir-left (0)
move player-01 pos-07-04 pos-06-04 dir-left (0)
move player-01 pos-06-04 pos-05-04 dir-left (0)
move player-01 pos-05-04 pos-05-05 dir-down (0)
move player-01 pos-05-05 pos-05-06 dir-down (0)
move player-01 pos-05-06 pos-05-07 dir-down (0)
move player-01 pos-05-07 pos-05-08 dir-down (0)
move player-01 pos-05-08 pos-05-09 dir-down (0)
move player-01 pos-05-09 pos-05-10 dir-down (0)
move player-01 pos-05-10 pos-05-11 dir-down (0)
move player-01 pos-05-11 pos-05-12 dir-down (0)
move player-01 pos-05-12 pos-05-13 dir-down (0)
move player-01 pos-05-13 pos-05-14 dir-down (0)
move player-01 pos-05-14 pos-05-15 dir-down (0)
move player-01 pos-05-15 pos-05-16 dir-down (0)
move player-01 pos-05-16 pos-04-16 dir-left (0)
push-to-goal player-01 stone-01 pos-04-16 pos-03-16 pos-02-16 dir-left (1)
[t=0.0315682s, 12036 KB] Plan length: 429 step(s).
[t=0.0315682s, 12036 KB] Plan cost: 2
[t=0.0315682s, 12036 KB] Timestamp: 1687919102195 millisecond(s).
[t=0.0315682s, 12036 KB] Expanded 810 state(s).
[t=0.0315682s, 12036 KB] Reopened 0 state(s).
[t=0.0315682s, 12036 KB] Evaluated 823 state(s).
[t=0.0315682s, 12036 KB] Evaluations: 823
[t=0.0315682s, 12036 KB] Generated 1617 state(s).
[t=0.0315682s, 12036 KB] Dead ends: 1 state(s).
[t=0.0315682s, 12036 KB] Number of registered states: 823
[t=0.0315682s, 12036 KB] Int hash set load factor: 823/1024 = 0.803711
[t=0.0315682s, 12036 KB] Int hash set resizes: 10
[t=0.0315682s, 12036 KB] Search time: 0.0245787s
[t=0.0315682s, 12036 KB] Total time: 0.0315682s
Solution found.
Peak memory: 12036 KB
Remove intermediate file output.sas
search exit code: 0

INFO     Running validate.
INFO     validate stdin: None
INFO     validate time limit: None
INFO     validate memory limit: None
INFO     validate command line string: validate domain.pddl problem.pddl sas_plan
Checking plan: sas_plan
Plan executed successfully - checking goal
Plan valid
Final value: 2 

Successful plans:
Value: 2
 sas_plan 2 

validate exit code: 0

INFO     Planner time: 0.35s
