INFO     planner time limit: 600s
INFO     planner memory limit: 3584 MB

INFO     Running translator.
INFO     translator stdin: None
INFO     translator time limit: 599s
INFO     translator memory limit: 3584 MB
INFO     translator command line string: /usr/local/downward-projects/downward/experiments/src/thesis/.venv/bin/python3 /usr/local/downward-projects/downward/experiments/src/thesis/data/thesis-thesis_exp/code-84c08dfff1890fbf6247184940c8166177195ea1_e5e41175/builds/release/bin/translate/translate.py domain.pddl problem.pddl --sas-file output.sas
Parsing...
Parsing: [0.010s CPU, 0.006s wall-clock]
Normalizing task... [0.000s CPU, 0.001s wall-clock]
Instantiating...
Generating Datalog program... [0.000s CPU, 0.001s wall-clock]
Normalizing Datalog program...
Normalizing Datalog program: [0.010s CPU, 0.017s wall-clock]
Preparing model... [0.010s CPU, 0.005s wall-clock]
Generated 400 rules.
Computing model... [0.490s CPU, 0.491s wall-clock]
31226 relevant atoms
32263 auxiliary atoms
63489 final queue length
163321 total queue pushes
Completing instantiation... [2.030s CPU, 2.034s wall-clock]
Instantiating: [2.560s CPU, 2.571s wall-clock]
Computing fact groups...
Finding invariants...
41 initial candidates
Finding invariants: [0.060s CPU, 0.045s wall-clock]
Checking invariant weight... [0.000s CPU, 0.000s wall-clock]
Instantiating groups... [0.000s CPU, 0.000s wall-clock]
Collecting mutex groups... [0.000s CPU, 0.000s wall-clock]
Choosing groups...
383 uncovered facts
Choosing groups: [0.000s CPU, 0.000s wall-clock]
Building translation key... [0.000s CPU, 0.001s wall-clock]
Computing fact groups: [0.060s CPU, 0.048s wall-clock]
Building STRIPS to SAS dictionary... [0.000s CPU, 0.001s wall-clock]
Building dictionary for full mutex groups... [0.000s CPU, 0.000s wall-clock]
Building mutex information...
Building mutex information: [0.000s CPU, 0.000s wall-clock]
Translating task...
Processing axioms...
Simplifying axioms... [0.000s CPU, 0.000s wall-clock]
Translator axioms removed by simplifying: 0
Computing negative axioms... [0.000s CPU, 0.000s wall-clock]
Processing axioms: [0.080s CPU, 0.080s wall-clock]
Translating task: [2.220s CPU, 2.222s wall-clock]
81643 effect conditions simplified
0 implied preconditions added
Detecting unreachable propositions...
0 operators removed
0 axioms removed
2 propositions removed
Detecting unreachable propositions: [1.700s CPU, 1.717s wall-clock]
Reordering and filtering variables...
385 of 385 variables necessary.
1 of 3 mutex groups necessary.
30657 of 30657 operators necessary.
0 of 0 axiom rules necessary.
Reordering and filtering variables: [0.520s CPU, 0.514s wall-clock]
Translator variables: 385
Translator derived variables: 0
Translator facts: 773
Translator goal facts: 4
Translator mutex groups: 1
Translator total mutex groups size: 2
Translator operators: 30657
Translator axioms: 0
Translator task size: 367826
Translator peak memory: 230204 KB
Writing output... [0.260s CPU, 0.275s wall-clock]
Done! [7.420s CPU, 7.439s wall-clock]
translate exit code: 0

INFO     Running search (release).
INFO     search stdin: output.sas
INFO     search time limit: 592s
INFO     search memory limit: 3584 MB
INFO     search command line string: /usr/local/downward-projects/downward/experiments/src/thesis/data/thesis-thesis_exp/code-84c08dfff1890fbf6247184940c8166177195ea1_e5e41175/builds/release/bin/downward --evaluator 'h=ff()' --search 'eager(partition(h, h_partition(), inter_uniform(), intra_uniform() )) ' --internal-plan-file sas_plan < output.sas
[t=0.00196555s, 11732 KB] reading input...
[t=0.169905s, 25564 KB] done reading input!
[t=0.193836s, 40540 KB] Simplifying 181056 unary operators... done! [180096 unary operators]
[t=1.50941s, 55428 KB] time to simplify: 1.31557s
[t=1.52136s, 62256 KB] Initializing additive heuristic...
[t=1.52239s, 62256 KB] Initializing FF heuristic...
[t=1.52242s, 62256 KB] Building successor generator...done!
[t=1.53849s, 62256 KB] peak memory difference for successor generator creation: 0 KB
[t=1.53861s, 62256 KB] time for successor generation creation: 0.0147242s
[t=1.53864s, 62256 KB] Variables: 385
[t=1.53935s, 62256 KB] FactPairs: 773
[t=1.53938s, 62256 KB] Bytes per state: 52
[t=1.5394s, 62256 KB] Conducting best first search without reopening closed nodes, (real) bound = 2147483647
[t=1.54113s, 62256 KB] New best heuristic value for ff(): 33
[t=1.54443s, 62256 KB] g=0, 1 evaluated, 0 expanded
[t=1.54445s, 62256 KB] Initial heuristic value for ff(): 33
[t=1.54449s, 62256 KB] pruning method: none
[t=1.54451s, 62256 KB] Start Timestep: 1693608192713 millisecond(s).
[t=1.54504s, 62256 KB] New best heuristic value for ff(): 32
[t=1.54703s, 62256 KB] g=1, 2 evaluated, 1 expanded
[t=1.58097s, 62256 KB] New best heuristic value for ff(): 31
[t=1.58422s, 62256 KB] g=6, 20 evaluated, 10 expanded
[t=1.66086s, 62256 KB] New best heuristic value for ff(): 30
[t=1.66318s, 62256 KB] g=6, 59 evaluated, 29 expanded
[t=1.69677s, 62256 KB] New best heuristic value for ff(): 28
[t=1.6972s, 62256 KB] g=5, 76 evaluated, 38 expanded
[t=1.82066s, 62256 KB] New best heuristic value for ff(): 27
[t=1.82286s, 62256 KB] g=11, 142 evaluated, 67 expanded
[t=1.87257s, 62256 KB] New best heuristic value for ff(): 26
[t=1.87662s, 62256 KB] g=12, 171 evaluated, 84 expanded
[t=2.68026s, 62256 KB] New best heuristic value for ff(): 25
[t=2.68415s, 62256 KB] g=17, 596 evaluated, 337 expanded
[t=2.90808s, 62256 KB] New best heuristic value for ff(): 24
[t=2.90823s, 62256 KB] g=18, 711 evaluated, 413 expanded
[t=4.20772s, 62256 KB] New best heuristic value for ff(): 23
[t=4.21039s, 62256 KB] g=16, 1385 evaluated, 790 expanded
[t=5.57938s, 62256 KB] New best heuristic value for ff(): 19
[t=5.58253s, 62256 KB] g=17, 2067 evaluated, 1147 expanded
[t=179.173s, 62256 KB] New best heuristic value for ff(): 14
[t=179.173s, 62256 KB] g=24, 25522 evaluated, 14386 expanded
[t=283.085s, 62536 KB] New best heuristic value for ff(): 13
[t=283.086s, 62536 KB] g=25, 32017 evaluated, 18098 expanded
[t=283.102s, 62536 KB] New best heuristic value for ff(): 12
[t=283.102s, 62536 KB] g=25, 32018 evaluated, 18098 expanded
Peak memory: 62536 KB
caught signal 24 -- exiting
Time limit has been reached.
Remove intermediate file output.sas
search exit code: 23

Driver aborting after search
INFO     Planner time: 598.96s
