INFO     planner time limit: 900s
INFO     planner memory limit: 3584 MB

INFO     Running translator.
INFO     translator stdin: None
INFO     translator time limit: 899s
INFO     translator memory limit: 3584 MB
INFO     translator command line string: /usr/local/downward-projects/downward/experiments/.venv/bin/python3 /usr/local/downward-projects/downward/experiments/src/thesis/data/thesis-thesis_exp/code-beb2e19b3d35a0ced2c328754445ca6967892fa8_e5e41175/builds/release/bin/translate/translate.py domain.pddl problem.pddl --sas-file output.sas
Parsing...
Parsing: [0.000s CPU, 0.003s wall-clock]
Normalizing task... [0.000s CPU, 0.000s wall-clock]
Instantiating...
Generating Datalog program... [0.000s CPU, 0.001s wall-clock]
Normalizing Datalog program...
Normalizing Datalog program: [0.000s CPU, 0.001s wall-clock]
Preparing model... [0.010s CPU, 0.002s wall-clock]
Generated 24 rules.
Computing model... [0.010s CPU, 0.015s wall-clock]
1671 relevant atoms
1120 auxiliary atoms
2791 final queue length
3784 total queue pushes
Completing instantiation... [0.020s CPU, 0.021s wall-clock]
Instantiating: [0.040s CPU, 0.041s wall-clock]
Computing fact groups...
Finding invariants...
10 initial candidates
Finding invariants: [0.000s CPU, 0.001s wall-clock]
Checking invariant weight... [0.000s CPU, 0.001s wall-clock]
Instantiating groups... [0.020s CPU, 0.017s wall-clock]
Collecting mutex groups... [0.000s CPU, 0.000s wall-clock]
Choosing groups...
0 uncovered facts
Choosing groups: [0.000s CPU, 0.001s wall-clock]
Building translation key... [0.000s CPU, 0.000s wall-clock]
Computing fact groups: [0.020s CPU, 0.023s wall-clock]
Building STRIPS to SAS dictionary... [0.000s CPU, 0.000s wall-clock]
Building dictionary for full mutex groups... [0.010s CPU, 0.000s wall-clock]
Building mutex information...
Building mutex information: [0.000s CPU, 0.000s wall-clock]
Translating task...
Processing axioms...
Simplifying axioms... [0.000s CPU, 0.000s wall-clock]
Translator axioms removed by simplifying: 0
Computing negative axioms... [0.000s CPU, 0.000s wall-clock]
Processing axioms: [0.000s CPU, 0.001s wall-clock]
Translating task: [0.020s CPU, 0.022s wall-clock]
0 effect conditions simplified
0 implied preconditions added
Detecting unreachable propositions...
0 operators removed
0 axioms removed
3 propositions removed
Detecting unreachable propositions: [0.010s CPU, 0.013s wall-clock]
Reordering and filtering variables...
113 of 113 variables necessary.
110 of 113 mutex groups necessary.
882 of 882 operators necessary.
0 of 0 axiom rules necessary.
Reordering and filtering variables: [0.000s CPU, 0.005s wall-clock]
Translator variables: 113
Translator derived variables: 0
Translator facts: 554
Translator goal facts: 110
Translator mutex groups: 110
Translator total mutex groups size: 440
Translator operators: 882
Translator axioms: 0
Translator task size: 6063
Translator peak memory: 36004 KB
Writing output... [0.000s CPU, 0.005s wall-clock]
Done! [0.110s CPU, 0.115s wall-clock]
translate exit code: 0

INFO     Running search (release).
INFO     search stdin: output.sas
INFO     search time limit: 899s
INFO     search memory limit: 3584 MB
INFO     search command line string: /usr/local/downward-projects/downward/experiments/src/thesis/data/thesis-thesis_exp/code-beb2e19b3d35a0ced2c328754445ca6967892fa8_e5e41175/builds/release/bin/downward --evaluator 'h=ff()' --search 'eager(alt([bts_type(h), single(h)]))' --internal-plan-file sas_plan < output.sas
[t=0.0010517s, 11252 KB] reading input...
[t=0.00417075s, 11508 KB] done reading input!
[t=0.0062443s, 12048 KB] Simplifying 1762 unary operators... done! [1762 unary operators]
[t=0.00748625s, 12048 KB] time to simplify: 0.00124195s
[t=0.00759271s, 12048 KB] Initializing additive heuristic...
[t=0.00771834s, 12048 KB] Initializing FF heuristic...
[t=0.00774792s, 12048 KB] Building successor generator...done!
[t=0.00811655s, 12048 KB] peak memory difference for successor generator creation: 0 KB
[t=0.00816216s, 12048 KB] time for successor generation creation: 0s
[t=0.00818708s, 12048 KB] Variables: 113
[t=0.00823587s, 12048 KB] FactPairs: 554
[t=0.00825985s, 12048 KB] Bytes per state: 32
[t=0.00828427s, 12048 KB] Conducting best first search without reopening closed nodes, (real) bound = 2147483647
[t=0.00834054s, 12048 KB] New best heuristic value for ff(): 221
[t=0.00842086s, 12048 KB] g=0, 1 evaluated, 0 expanded
[t=0.00844515s, 12048 KB] Initial heuristic value for ff(): 221
[t=0.00847505s, 12048 KB] pruning method: none
[t=0.0084991s, 12048 KB] Start Timestep: 1685755849829 millisecond(s).
[t=0.00854316s, 12048 KB] New best heuristic value for ff(): 220
[t=0.00864844s, 12048 KB] g=1, 3 evaluated, 1 expanded
[t=0.0301566s, 12184 KB] New best heuristic value for ff(): 219
[t=0.0304409s, 12184 KB] g=3, 767 evaluated, 7 expanded
[t=0.0304755s, 12184 KB] New best heuristic value for ff(): 218
[t=0.030537s, 12184 KB] g=4, 768 evaluated, 8 expanded
[t=0.0305611s, 12184 KB] New best heuristic value for ff(): 217
[t=0.0307181s, 12184 KB] g=5, 772 evaluated, 10 expanded
[t=0.0307423s, 12184 KB] New best heuristic value for ff(): 216
[t=0.0309634s, 12184 KB] g=7, 778 evaluated, 14 expanded
[t=0.0468551s, 12184 KB] New best heuristic value for ff(): 215
[t=0.0469539s, 12184 KB] g=9, 1321 evaluated, 21 expanded
[t=0.0469853s, 12184 KB] New best heuristic value for ff(): 214
[t=0.0470461s, 12184 KB] g=10, 1322 evaluated, 22 expanded
[t=0.0470703s, 12184 KB] New best heuristic value for ff(): 213
[t=0.0472795s, 12184 KB] g=11, 1328 evaluated, 24 expanded
[t=0.0473034s, 12184 KB] New best heuristic value for ff(): 212
[t=0.0476202s, 12184 KB] g=13, 1338 evaluated, 28 expanded
[t=0.0992759s, 12460 KB] New best heuristic value for ff(): 211
[t=0.0994518s, 12460 KB] g=15, 3245 evaluated, 55 expanded
[t=0.0994821s, 12460 KB] New best heuristic value for ff(): 210
[t=0.0995403s, 12460 KB] g=16, 3246 evaluated, 56 expanded
[t=0.0995644s, 12460 KB] New best heuristic value for ff(): 209
[t=0.0998286s, 12460 KB] g=17, 3254 evaluated, 58 expanded
[t=0.100216s, 12460 KB] New best heuristic value for ff(): 208
[t=0.100295s, 12460 KB] g=19, 3269 evaluated, 62 expanded
[t=0.147863s, 12852 KB] New best heuristic value for ff(): 207
[t=0.14846s, 12852 KB] g=21, 5022 evaluated, 85 expanded
[t=0.148492s, 12852 KB] New best heuristic value for ff(): 206
[t=0.148551s, 12852 KB] g=22, 5023 evaluated, 86 expanded
[t=0.148575s, 12852 KB] New best heuristic value for ff(): 205
[t=0.148893s, 12852 KB] g=23, 5033 evaluated, 88 expanded
[t=0.148918s, 12852 KB] New best heuristic value for ff(): 204
[t=0.149432s, 12852 KB] g=25, 5051 evaluated, 92 expanded
[t=0.19936s, 13160 KB] New best heuristic value for ff(): 203
[t=0.199861s, 13160 KB] g=27, 6909 evaluated, 119 expanded
[t=0.199899s, 13160 KB] New best heuristic value for ff(): 202
[t=0.199957s, 13160 KB] g=28, 6910 evaluated, 120 expanded
[t=0.199981s, 13160 KB] New best heuristic value for ff(): 201
[t=0.200356s, 13160 KB] g=29, 6922 evaluated, 122 expanded
[t=0.200882s, 13160 KB] New best heuristic value for ff(): 200
[t=0.201004s, 13160 KB] g=31, 6944 evaluated, 126 expanded
[t=0.226105s, 13376 KB] New best heuristic value for ff(): 199
[t=0.226608s, 13376 KB] g=33, 7851 evaluated, 141 expanded
[t=0.22664s, 13376 KB] New best heuristic value for ff(): 198
[t=0.226698s, 13376 KB] g=34, 7852 evaluated, 142 expanded
[t=0.227067s, 13376 KB] New best heuristic value for ff(): 197
[t=0.227172s, 13376 KB] g=35, 7866 evaluated, 144 expanded
[t=0.227197s, 13376 KB] New best heuristic value for ff(): 196
[t=0.227918s, 13376 KB] g=37, 7892 evaluated, 148 expanded
[t=0.265939s, 13892 KB] New best heuristic value for ff(): 195
[t=0.266164s, 13892 KB] g=39, 9277 evaluated, 169 expanded
[t=0.266195s, 13892 KB] New best heuristic value for ff(): 194
[t=0.266252s, 13892 KB] g=40, 9278 evaluated, 170 expanded
[t=0.266453s, 13892 KB] New best heuristic value for ff(): 193
[t=0.266774s, 13892 KB] g=41, 9294 evaluated, 172 expanded
[t=0.266884s, 13892 KB] New best heuristic value for ff(): 192
[t=0.267624s, 13892 KB] g=43, 9324 evaluated, 176 expanded
[t=0.286255s, 13896 KB] New best heuristic value for ff(): 191
[t=0.286573s, 13896 KB] g=45, 9995 evaluated, 185 expanded
[t=0.286607s, 13896 KB] New best heuristic value for ff(): 190
[t=0.286666s, 13896 KB] g=46, 9996 evaluated, 186 expanded
[t=0.286704s, 13896 KB] New best heuristic value for ff(): 189
[t=0.287227s, 13896 KB] g=47, 10014 evaluated, 188 expanded
[t=0.290053s, 13896 KB] New best heuristic value for ff(): 188
[t=0.290691s, 13896 KB] g=49, 10140 evaluated, 192 expanded
[t=0.329724s, 14116 KB] New best heuristic value for ff(): 187
[t=0.330316s, 14116 KB] g=51, 11568 evaluated, 217 expanded
[t=0.330344s, 14116 KB] New best heuristic value for ff(): 186
[t=0.330402s, 14116 KB] g=52, 11569 evaluated, 218 expanded
[t=0.330691s, 14116 KB] New best heuristic value for ff(): 185
[t=0.33101s, 14116 KB] g=53, 11589 evaluated, 220 expanded
[t=0.331722s, 14116 KB] New best heuristic value for ff(): 184
[t=0.33203s, 14116 KB] g=55, 11626 evaluated, 223 expanded
[t=0.347461s, 14248 KB] New best heuristic value for ff(): 183
[t=0.347858s, 14248 KB] g=57, 12182 evaluated, 232 expanded
[t=0.347887s, 14248 KB] New best heuristic value for ff(): 182
[t=0.347945s, 14248 KB] g=58, 12183 evaluated, 233 expanded
[t=0.348443s, 14248 KB] New best heuristic value for ff(): 181
[t=0.348608s, 14248 KB] g=59, 12205 evaluated, 235 expanded
[t=0.349473s, 14248 KB] New best heuristic value for ff(): 180
[t=0.349773s, 14248 KB] g=61, 12247 evaluated, 239 expanded
[t=0.418812s, 14824 KB] New best heuristic value for ff(): 179
[t=0.41975s, 14824 KB] g=63, 14795 evaluated, 286 expanded
[t=0.419796s, 14824 KB] New best heuristic value for ff(): 178
[t=0.419856s, 14824 KB] g=64, 14796 evaluated, 287 expanded
[t=0.419881s, 14824 KB] New best heuristic value for ff(): 177
[t=0.420561s, 14824 KB] g=65, 14820 evaluated, 289 expanded
[t=0.420805s, 14824 KB] New best heuristic value for ff(): 176
[t=0.421827s, 14824 KB] g=67, 14866 evaluated, 293 expanded
[t=0.505949s, 15852 KB] New best heuristic value for ff(): 175
[t=0.506485s, 15852 KB] g=69, 17971 evaluated, 356 expanded
[t=0.506515s, 15852 KB] New best heuristic value for ff(): 174
[t=0.506572s, 15852 KB] g=70, 17972 evaluated, 357 expanded
[t=0.507797s, 15852 KB] New best heuristic value for ff(): 173
[t=0.507896s, 15852 KB] g=71, 18018 evaluated, 359 expanded
[t=0.508953s, 15852 KB] New best heuristic value for ff(): 172
[t=0.509278s, 15852 KB] g=73, 18068 evaluated, 363 expanded
[t=0.573031s, 15864 KB] New best heuristic value for ff(): 171
[t=0.573698s, 15864 KB] g=75, 20442 evaluated, 407 expanded
[t=0.573727s, 15864 KB] New best heuristic value for ff(): 170
[t=0.573785s, 15864 KB] g=76, 20443 evaluated, 408 expanded
[t=0.573998s, 15864 KB] New best heuristic value for ff(): 169
[t=0.574606s, 15864 KB] g=77, 20471 evaluated, 410 expanded
[t=0.576081s, 15864 KB] New best heuristic value for ff(): 168
[t=0.57612s, 15864 KB] g=79, 20525 evaluated, 414 expanded
[t=0.640126s, 16324 KB] New best heuristic value for ff(): 167
[t=0.640394s, 16324 KB] g=81, 22849 evaluated, 457 expanded
[t=0.640425s, 16324 KB] New best heuristic value for ff(): 166
[t=0.640482s, 16324 KB] g=82, 22850 evaluated, 458 expanded
[t=0.641091s, 16324 KB] New best heuristic value for ff(): 165
[t=0.641355s, 16324 KB] g=83, 22880 evaluated, 460 expanded
[t=0.642467s, 16324 KB] New best heuristic value for ff(): 164
[t=0.642945s, 16324 KB] g=85, 22938 evaluated, 464 expanded
[t=0.710361s, 16724 KB] New best heuristic value for ff(): 163
[t=0.710947s, 16724 KB] g=87, 25447 evaluated, 513 expanded
[t=0.710976s, 16724 KB] New best heuristic value for ff(): 162
[t=0.711048s, 16724 KB] g=88, 25448 evaluated, 514 expanded
[t=0.711328s, 16724 KB] New best heuristic value for ff(): 161
[t=0.711991s, 16724 KB] g=89, 25480 evaluated, 516 expanded
[t=0.713389s, 16724 KB] New best heuristic value for ff(): 160
[t=0.713665s, 16724 KB] g=91, 25542 evaluated, 520 expanded
[t=0.837162s, 17684 KB] New best heuristic value for ff(): 159
[t=0.838018s, 17684 KB] g=93, 30037 evaluated, 615 expanded
[t=0.83805s, 17684 KB] New best heuristic value for ff(): 158
[t=0.83811s, 17684 KB] g=94, 30038 evaluated, 616 expanded
[t=0.83814s, 17684 KB] New best heuristic value for ff(): 157
[t=0.83911s, 17684 KB] g=95, 30072 evaluated, 618 expanded
[t=0.840404s, 17684 KB] New best heuristic value for ff(): 156
[t=0.840956s, 17684 KB] g=97, 30138 evaluated, 622 expanded
[t=0.877987s, 17684 KB] New best heuristic value for ff(): 155
[t=0.878752s, 17684 KB] g=99, 31501 evaluated, 651 expanded
[t=0.878783s, 17684 KB] New best heuristic value for ff(): 154
[t=0.878843s, 17684 KB] g=100, 31502 evaluated, 652 expanded
[t=0.878948s, 17684 KB] New best heuristic value for ff(): 153
[t=0.8799s, 17684 KB] g=101, 31538 evaluated, 654 expanded
[t=0.88096s, 17684 KB] New best heuristic value for ff(): 152
[t=0.881817s, 17684 KB] g=103, 31608 evaluated, 658 expanded
[t=0.89986s, 17816 KB] New best heuristic value for ff(): 151
[t=0.900478s, 17816 KB] g=105, 32264 evaluated, 671 expanded
[t=0.90051s, 17816 KB] New best heuristic value for ff(): 150
[t=0.900568s, 17816 KB] g=106, 32265 evaluated, 672 expanded
[t=0.900831s, 17816 KB] New best heuristic value for ff(): 149
[t=0.901665s, 17816 KB] g=107, 32303 evaluated, 674 expanded
[t=0.903547s, 17816 KB] New best heuristic value for ff(): 148
[t=0.903726s, 17816 KB] g=109, 32377 evaluated, 678 expanded
[t=1.01106s, 20000 KB] New best heuristic value for ff(): 147
[t=1.01125s, 20000 KB] g=111, 36251 evaluated, 773 expanded
[t=1.01128s, 20000 KB] New best heuristic value for ff(): 146
[t=1.01134s, 20000 KB] g=112, 36252 evaluated, 774 expanded
[t=1.01203s, 20000 KB] New best heuristic value for ff(): 145
[t=1.01255s, 20000 KB] g=113, 36292 evaluated, 776 expanded
[t=1.01514s, 20000 KB] New best heuristic value for ff(): 144
[t=1.01586s, 20000 KB] g=115, 36407 evaluated, 780 expanded
[t=1.17704s, 20028 KB] New best heuristic value for ff(): 143
[t=1.17715s, 20028 KB] g=117, 42299 evaluated, 916 expanded
[t=1.17718s, 20028 KB] New best heuristic value for ff(): 142
[t=1.17724s, 20028 KB] g=118, 42300 evaluated, 917 expanded
[t=1.17791s, 20028 KB] New best heuristic value for ff(): 141
[t=1.17846s, 20028 KB] g=119, 42342 evaluated, 919 expanded
[t=1.17998s, 20028 KB] New best heuristic value for ff(): 140
[t=1.18072s, 20028 KB] g=121, 42424 evaluated, 923 expanded
[t=1.28196s, 20816 KB] New best heuristic value for ff(): 139
[t=1.28297s, 20816 KB] g=123, 46039 evaluated, 1009 expanded
[t=1.28301s, 20816 KB] New best heuristic value for ff(): 138
[t=1.28307s, 20816 KB] g=124, 46040 evaluated, 1010 expanded
[t=1.28394s, 20816 KB] New best heuristic value for ff(): 137
[t=1.28435s, 20816 KB] g=125, 46084 evaluated, 1012 expanded
[t=1.28812s, 20948 KB] New best heuristic value for ff(): 136
[t=1.28846s, 20948 KB] g=127, 46234 evaluated, 1016 expanded
[t=1.34103s, 21080 KB] New best heuristic value for ff(): 135
[t=1.34219s, 21080 KB] g=129, 48201 evaluated, 1069 expanded
[t=1.34222s, 21080 KB] New best heuristic value for ff(): 134
[t=1.34228s, 21080 KB] g=130, 48202 evaluated, 1070 expanded
[t=1.34305s, 21080 KB] New best heuristic value for ff(): 133
[t=1.34357s, 21080 KB] g=131, 48247 evaluated, 1071 expanded
[t=1.34513s, 21216 KB] New best heuristic value for ff(): 132
[t=1.34602s, 21216 KB] g=133, 48337 evaluated, 1075 expanded
[t=1.35656s, 21216 KB] New best heuristic value for ff(): 131
[t=1.35748s, 21216 KB] g=135, 48737 evaluated, 1084 expanded
[t=1.35755s, 21216 KB] New best heuristic value for ff(): 130
[t=1.35758s, 21216 KB] g=136, 48738 evaluated, 1085 expanded
[t=1.35858s, 21216 KB] New best heuristic value for ff(): 129
[t=1.35894s, 21216 KB] g=137, 48786 evaluated, 1087 expanded
[t=1.36065s, 21216 KB] New best heuristic value for ff(): 128
[t=1.36147s, 21216 KB] g=139, 48880 evaluated, 1091 expanded
[t=1.48155s, 21748 KB] New best heuristic value for ff(): 127
[t=1.48232s, 21748 KB] g=141, 53355 evaluated, 1225 expanded
[t=1.48236s, 21748 KB] New best heuristic value for ff(): 126
[t=1.48241s, 21748 KB] g=142, 53356 evaluated, 1226 expanded
[t=1.48355s, 21748 KB] New best heuristic value for ff(): 125
[t=1.4838s, 21748 KB] g=143, 53406 evaluated, 1228 expanded
[t=1.48664s, 21748 KB] New best heuristic value for ff(): 124
[t=1.48701s, 21748 KB] g=145, 53525 evaluated, 1232 expanded
[t=1.55628s, 22148 KB] New best heuristic value for ff(): 123
[t=1.55685s, 22148 KB] g=147, 56116 evaluated, 1304 expanded
[t=1.55691s, 22148 KB] New best heuristic value for ff(): 122
[t=1.55695s, 22148 KB] g=148, 56117 evaluated, 1305 expanded
[t=1.55794s, 22148 KB] New best heuristic value for ff(): 121
[t=1.55838s, 22148 KB] g=149, 56169 evaluated, 1307 expanded
[t=1.56012s, 22148 KB] New best heuristic value for ff(): 120
[t=1.56108s, 22148 KB] g=151, 56271 evaluated, 1311 expanded
[t=1.59689s, 22280 KB] New best heuristic value for ff(): 119
[t=1.59732s, 22280 KB] g=153, 57611 evaluated, 1348 expanded
[t=1.59734s, 22280 KB] New best heuristic value for ff(): 118
[t=1.5974s, 22280 KB] g=154, 57612 evaluated, 1349 expanded
[t=1.59875s, 22280 KB] New best heuristic value for ff(): 117
[t=1.59917s, 22280 KB] g=155, 57676 evaluated, 1351 expanded
[t=1.60188s, 22280 KB] New best heuristic value for ff(): 116
[t=1.60199s, 22280 KB] g=157, 57782 evaluated, 1355 expanded
[t=1.6649s, 22676 KB] New best heuristic value for ff(): 115
[t=1.66504s, 22676 KB] g=159, 60133 evaluated, 1428 expanded
[t=1.66507s, 22676 KB] New best heuristic value for ff(): 114
[t=1.66513s, 22676 KB] g=160, 60134 evaluated, 1429 expanded
[t=1.66586s, 22676 KB] New best heuristic value for ff(): 113
[t=1.66667s, 22676 KB] g=161, 60190 evaluated, 1431 expanded
[t=1.67318s, 23716 KB] New best heuristic value for ff(): 112
[t=1.67364s, 23716 KB] g=163, 60300 evaluated, 1435 expanded
[t=1.7288s, 23716 KB] New best heuristic value for ff(): 111
[t=1.72988s, 23716 KB] g=165, 62391 evaluated, 1499 expanded
[t=1.72991s, 23716 KB] New best heuristic value for ff(): 110
[t=1.72997s, 23716 KB] g=166, 62392 evaluated, 1500 expanded
[t=1.73082s, 23716 KB] New best heuristic value for ff(): 109
[t=1.73155s, 23716 KB] g=167, 62450 evaluated, 1502 expanded
[t=1.73417s, 23716 KB] New best heuristic value for ff(): 108
[t=1.73458s, 23716 KB] g=169, 62564 evaluated, 1506 expanded
[t=1.7917s, 23716 KB] New best heuristic value for ff(): 107
[t=1.79245s, 23716 KB] g=171, 64724 evaluated, 1571 expanded
[t=1.79248s, 23716 KB] New best heuristic value for ff(): 106
[t=1.79254s, 23716 KB] g=172, 64725 evaluated, 1572 expanded
[t=1.79578s, 23716 KB] New best heuristic value for ff(): 105
[t=1.79662s, 23716 KB] g=173, 64875 evaluated, 1574 expanded
[t=1.7989s, 23716 KB] New best heuristic value for ff(): 104
[t=1.79975s, 23716 KB] g=175, 64993 evaluated, 1578 expanded
[t=1.89236s, 27948 KB] New best heuristic value for ff(): 103
[t=1.89253s, 27948 KB] g=177, 68368 evaluated, 1719 expanded
[t=1.89256s, 27948 KB] New best heuristic value for ff(): 102
[t=1.89264s, 27948 KB] g=178, 68369 evaluated, 1720 expanded
[t=1.89416s, 27948 KB] New best heuristic value for ff(): 101
[t=1.89434s, 27948 KB] g=179, 68431 evaluated, 1722 expanded
[t=1.89746s, 27948 KB] New best heuristic value for ff(): 100
[t=1.89757s, 27948 KB] g=181, 68553 evaluated, 1726 expanded
[t=2.00041s, 27948 KB] New best heuristic value for ff(): 99
[t=2.00055s, 27948 KB] g=183, 72388 evaluated, 1892 expanded
[t=2.00058s, 27948 KB] New best heuristic value for ff(): 98
[t=2.00064s, 27948 KB] g=184, 72389 evaluated, 1893 expanded
[t=2.00138s, 27948 KB] New best heuristic value for ff(): 97
[t=2.00235s, 27948 KB] g=185, 72453 evaluated, 1895 expanded
[t=2.00556s, 27948 KB] New best heuristic value for ff(): 96
[t=2.00569s, 27948 KB] g=187, 72579 evaluated, 1899 expanded
[t=2.03705s, 27948 KB] New best heuristic value for ff(): 95
[t=2.03734s, 27948 KB] g=189, 73755 evaluated, 1942 expanded
[t=2.03737s, 27948 KB] New best heuristic value for ff(): 94
[t=2.03743s, 27948 KB] g=190, 73756 evaluated, 1943 expanded
[t=2.03915s, 27948 KB] New best heuristic value for ff(): 93
[t=2.03922s, 27948 KB] g=191, 73822 evaluated, 1945 expanded
[t=2.0422s, 27948 KB] New best heuristic value for ff(): 92
[t=2.04261s, 27948 KB] g=193, 73952 evaluated, 1949 expanded
[t=2.07577s, 27948 KB] New best heuristic value for ff(): 91
[t=2.0766s, 27948 KB] g=195, 75223 evaluated, 1995 expanded
[t=2.07663s, 27948 KB] New best heuristic value for ff(): 90
[t=2.07669s, 27948 KB] g=196, 75224 evaluated, 1996 expanded
[t=2.07779s, 27948 KB] New best heuristic value for ff(): 89
[t=2.07849s, 27948 KB] g=197, 75292 evaluated, 1998 expanded
[t=2.08092s, 27948 KB] New best heuristic value for ff(): 88
[t=2.082s, 27948 KB] g=199, 75426 evaluated, 2002 expanded
[t=2.16815s, 27948 KB] New best heuristic value for ff(): 87
[t=2.16829s, 27948 KB] g=201, 78653 evaluated, 2180 expanded
[t=2.17334s, 27948 KB] New best heuristic value for ff(): 86
[t=2.17346s, 27948 KB] g=203, 78854 evaluated, 2183 expanded
[t=2.1859s, 27948 KB] New best heuristic value for ff(): 85
[t=2.18686s, 27948 KB] g=205, 79351 evaluated, 2196 expanded
[t=2.1869s, 27948 KB] New best heuristic value for ff(): 84
[t=2.18695s, 27948 KB] g=206, 79352 evaluated, 2197 expanded
[t=2.19109s, 27948 KB] New best heuristic value for ff(): 83
[t=2.19156s, 27948 KB] g=207, 79524 evaluated, 2199 expanded
[t=2.19455s, 27948 KB] New best heuristic value for ff(): 82
[t=2.19517s, 27948 KB] g=209, 79664 evaluated, 2203 expanded
[t=2.25516s, 27948 KB] New best heuristic value for ff(): 81
[t=2.25557s, 27948 KB] g=211, 81947 evaluated, 2323 expanded
[t=2.2556s, 27948 KB] New best heuristic value for ff(): 80
[t=2.25566s, 27948 KB] g=212, 81948 evaluated, 2324 expanded
[t=2.25822s, 27948 KB] New best heuristic value for ff(): 79
[t=2.25882s, 27948 KB] g=213, 82069 evaluated, 2326 expanded
[t=2.2624s, 27948 KB] New best heuristic value for ff(): 78
[t=2.26253s, 27948 KB] g=215, 82213 evaluated, 2330 expanded
[t=2.32646s, 28280 KB] New best heuristic value for ff(): 77
[t=2.3269s, 28280 KB] g=217, 84644 evaluated, 2486 expanded
[t=2.33207s, 28280 KB] New best heuristic value for ff(): 76
[t=2.33239s, 28280 KB] g=219, 84861 evaluated, 2490 expanded
[t=2.39678s, 29876 KB] New best heuristic value for ff(): 75
[t=2.39749s, 29876 KB] g=221, 86974 evaluated, 2641 expanded
[t=2.39752s, 29876 KB] New best heuristic value for ff(): 74
[t=2.39759s, 29876 KB] g=222, 86975 evaluated, 2642 expanded
[t=2.39936s, 29876 KB] New best heuristic value for ff(): 73
[t=2.39951s, 29876 KB] g=223, 87051 evaluated, 2644 expanded
[t=2.40298s, 29876 KB] New best heuristic value for ff(): 72
[t=2.40323s, 29876 KB] g=225, 87201 evaluated, 2648 expanded
[t=2.44605s, 29876 KB] New best heuristic value for ff(): 71
[t=2.44638s, 29876 KB] g=227, 88879 evaluated, 2794 expanded
[t=2.45123s, 29876 KB] New best heuristic value for ff(): 70
[t=2.45193s, 29876 KB] g=229, 89105 evaluated, 2798 expanded
[t=2.47642s, 29876 KB] New best heuristic value for ff(): 69
[t=2.47697s, 29876 KB] g=231, 90082 evaluated, 2837 expanded
[t=2.477s, 29876 KB] New best heuristic value for ff(): 68
[t=2.47705s, 29876 KB] g=232, 90083 evaluated, 2838 expanded
[t=2.47854s, 29876 KB] New best heuristic value for ff(): 67
[t=2.47901s, 29876 KB] g=233, 90162 evaluated, 2840 expanded
[t=2.48263s, 29876 KB] New best heuristic value for ff(): 66
[t=2.48284s, 29876 KB] g=235, 90318 evaluated, 2844 expanded
[t=2.5004s, 29876 KB] New best heuristic value for ff(): 65
[t=2.50141s, 29876 KB] g=237, 91046 evaluated, 2879 expanded
[t=2.50144s, 29876 KB] New best heuristic value for ff(): 64
[t=2.5015s, 29876 KB] g=238, 91047 evaluated, 2880 expanded
[t=2.50242s, 29876 KB] New best heuristic value for ff(): 63
[t=2.5035s, 29876 KB] g=239, 91128 evaluated, 2882 expanded
[t=2.5066s, 29876 KB] New best heuristic value for ff(): 62
[t=2.5074s, 29876 KB] g=241, 91288 evaluated, 2886 expanded
[t=2.54441s, 29876 KB] New best heuristic value for ff(): 61
[t=2.54459s, 29876 KB] g=243, 92723 evaluated, 3011 expanded
[t=2.54969s, 30008 KB] New best heuristic value for ff(): 60
[t=2.55045s, 30008 KB] g=245, 92964 evaluated, 3015 expanded
[t=2.58006s, 30140 KB] New best heuristic value for ff(): 59
[t=2.58109s, 30140 KB] g=247, 94160 evaluated, 3134 expanded
[t=2.58947s, 30140 KB] New best heuristic value for ff(): 58
[t=2.58967s, 30140 KB] g=249, 94506 evaluated, 3138 expanded
[t=2.61294s, 30272 KB] New best heuristic value for ff(): 57
[t=2.61348s, 30272 KB] g=251, 95454 evaluated, 3183 expanded
[t=2.61351s, 30272 KB] New best heuristic value for ff(): 56
[t=2.61356s, 30272 KB] g=252, 95455 evaluated, 3184 expanded
[t=2.61682s, 30272 KB] New best heuristic value for ff(): 55
[t=2.61714s, 30272 KB] g=253, 95598 evaluated, 3186 expanded
[t=2.62077s, 30272 KB] New best heuristic value for ff(): 54
[t=2.6212s, 30272 KB] g=255, 95766 evaluated, 3190 expanded
[t=2.64704s, 30404 KB] New best heuristic value for ff(): 53
[t=2.64806s, 30404 KB] g=257, 96816 evaluated, 3300 expanded
[t=2.65327s, 30536 KB] New best heuristic value for ff(): 52
[t=2.65406s, 30536 KB] g=259, 97069 evaluated, 3304 expanded
[t=2.68164s, 30536 KB] New best heuristic value for ff(): 51
[t=2.68207s, 30536 KB] g=261, 98174 evaluated, 3409 expanded
[t=2.68801s, 30672 KB] New best heuristic value for ff(): 50
[t=2.68818s, 30672 KB] g=263, 98431 evaluated, 3413 expanded
[t=2.71095s, 30808 KB] New best heuristic value for ff(): 49
[t=2.71124s, 30808 KB] g=265, 99337 evaluated, 3515 expanded
[t=2.7172s, 30808 KB] New best heuristic value for ff(): 48
[t=2.71733s, 30808 KB] g=267, 99596 evaluated, 3519 expanded
[t=2.74343s, 30940 KB] New best heuristic value for ff(): 47
[t=2.74407s, 30940 KB] g=269, 100638 evaluated, 3615 expanded
[t=2.75179s, 30940 KB] New best heuristic value for ff(): 46
[t=2.75195s, 30940 KB] g=271, 100965 evaluated, 3619 expanded
[t=2.77278s, 31072 KB] New best heuristic value for ff(): 45
[t=2.77321s, 31072 KB] g=273, 101812 evaluated, 3713 expanded
[t=2.77902s, 31072 KB] New best heuristic value for ff(): 44
[t=2.77937s, 31072 KB] g=275, 102077 evaluated, 3717 expanded
[t=2.79576s, 31204 KB] New best heuristic value for ff(): 43
[t=2.79663s, 31204 KB] g=277, 102761 evaluated, 3806 expanded
[t=2.80257s, 31204 KB] New best heuristic value for ff(): 42
[t=2.80283s, 31204 KB] g=279, 103029 evaluated, 3810 expanded
[t=2.82292s, 31336 KB] New best heuristic value for ff(): 41
[t=2.82356s, 31336 KB] g=281, 103846 evaluated, 3893 expanded
[t=2.8302s, 31336 KB] New best heuristic value for ff(): 40
[t=2.83089s, 31336 KB] g=283, 104157 evaluated, 3897 expanded
[t=2.85015s, 31468 KB] New best heuristic value for ff(): 39
[t=2.85055s, 31468 KB] g=285, 104952 evaluated, 3978 expanded
[t=2.8564s, 31468 KB] New best heuristic value for ff(): 38
[t=2.8568s, 31468 KB] g=287, 105226 evaluated, 3982 expanded
[t=2.8753s, 31600 KB] New best heuristic value for ff(): 37
[t=2.87602s, 31600 KB] g=289, 105994 evaluated, 4059 expanded
[t=2.88153s, 31600 KB] New best heuristic value for ff(): 36
[t=2.88229s, 31600 KB] g=291, 106271 evaluated, 4063 expanded
[t=2.89336s, 31732 KB] New best heuristic value for ff(): 35
[t=2.89395s, 31732 KB] g=293, 106740 evaluated, 4136 expanded
[t=2.89928s, 31732 KB] New best heuristic value for ff(): 34
[t=2.90027s, 31732 KB] g=295, 107020 evaluated, 4140 expanded
[t=2.91397s, 31732 KB] New best heuristic value for ff(): 33
[t=2.91424s, 31732 KB] g=297, 107577 evaluated, 4208 expanded
[t=2.92099s, 31864 KB] New best heuristic value for ff(): 32
[t=2.92121s, 31864 KB] g=299, 107882 evaluated, 4212 expanded
[t=2.93703s, 31864 KB] New best heuristic value for ff(): 31
[t=2.93802s, 31864 KB] g=301, 108568 evaluated, 4278 expanded
[t=2.94328s, 32000 KB] New best heuristic value for ff(): 30
[t=2.94438s, 32000 KB] g=303, 108854 evaluated, 4282 expanded
[t=2.95658s, 32000 KB] New best heuristic value for ff(): 29
[t=2.95698s, 32000 KB] g=305, 109358 evaluated, 4342 expanded
[t=2.96316s, 32000 KB] New best heuristic value for ff(): 28
[t=2.96342s, 32000 KB] g=307, 109647 evaluated, 4346 expanded
[t=2.97363s, 32136 KB] New best heuristic value for ff(): 27
[t=2.9747s, 32136 KB] g=309, 110106 evaluated, 4404 expanded
[t=2.98095s, 32136 KB] New best heuristic value for ff(): 26
[t=2.98109s, 32136 KB] g=311, 110398 evaluated, 4408 expanded
[t=2.99245s, 32136 KB] New best heuristic value for ff(): 25
[t=2.99304s, 32136 KB] g=313, 110882 evaluated, 4462 expanded
[t=2.99871s, 32272 KB] New best heuristic value for ff(): 24
[t=2.99948s, 32272 KB] g=315, 111177 evaluated, 4466 expanded
[t=3.01579s, 32272 KB] New best heuristic value for ff(): 23
[t=3.01603s, 32272 KB] g=317, 111858 evaluated, 4515 expanded
[t=3.02172s, 32408 KB] New best heuristic value for ff(): 22
[t=3.02253s, 32408 KB] g=319, 112156 evaluated, 4519 expanded
[t=3.02904s, 32408 KB] New best heuristic value for ff(): 21
[t=3.0295s, 32408 KB] g=321, 112434 evaluated, 4565 expanded
[t=3.0355s, 32408 KB] New best heuristic value for ff(): 20
[t=3.03596s, 32408 KB] g=323, 112735 evaluated, 4569 expanded
[t=3.0489s, 32544 KB] New best heuristic value for ff(): 19
[t=3.04936s, 32544 KB] g=325, 113282 evaluated, 4611 expanded
[t=3.05727s, 32544 KB] New best heuristic value for ff(): 18
[t=3.05794s, 32544 KB] g=327, 113661 evaluated, 4615 expanded
[t=3.07511s, 34656 KB] New best heuristic value for ff(): 17
[t=3.0753s, 34656 KB] g=329, 114068 evaluated, 4652 expanded
[t=3.08135s, 34656 KB] New best heuristic value for ff(): 16
[t=3.0818s, 34656 KB] g=331, 114375 evaluated, 4656 expanded
[t=3.08547s, 34656 KB] New best heuristic value for ff(): 15
[t=3.08646s, 34656 KB] g=333, 114578 evaluated, 4689 expanded
[t=3.0928s, 34656 KB] New best heuristic value for ff(): 14
[t=3.09299s, 34656 KB] g=335, 114888 evaluated, 4693 expanded
[t=3.10259s, 34656 KB] New best heuristic value for ff(): 13
[t=3.10307s, 34656 KB] g=337, 115332 evaluated, 4723 expanded
[t=3.10956s, 34656 KB] New best heuristic value for ff(): 12
[t=3.10962s, 34656 KB] g=339, 115645 evaluated, 4727 expanded
[t=3.11374s, 34656 KB] New best heuristic value for ff(): 11
[t=3.11382s, 34656 KB] g=341, 115804 evaluated, 4750 expanded
[t=3.12107s, 34656 KB] New best heuristic value for ff(): 10
[t=3.12195s, 34656 KB] g=343, 116183 evaluated, 4753 expanded
[t=3.12524s, 34656 KB] New best heuristic value for ff(): 9
[t=3.12536s, 34656 KB] g=345, 116335 evaluated, 4775 expanded
[t=3.13466s, 34656 KB] New best heuristic value for ff(): 8
[t=3.13556s, 34656 KB] g=347, 116803 evaluated, 4779 expanded
[t=3.13567s, 34656 KB] New best heuristic value for ff(): 7
[t=3.13653s, 34656 KB] g=349, 116840 evaluated, 4797 expanded
[t=3.14301s, 34656 KB] New best heuristic value for ff(): 6
[t=3.1432s, 34656 KB] g=351, 117162 evaluated, 4801 expanded
[t=3.14508s, 34656 KB] New best heuristic value for ff(): 5
[t=3.14551s, 34656 KB] g=353, 117252 evaluated, 4815 expanded
[t=3.15137s, 34656 KB] New best heuristic value for ff(): 4
[t=3.15217s, 34656 KB] g=355, 117577 evaluated, 4819 expanded
[t=3.1522s, 34656 KB] New best heuristic value for ff(): 3
[t=3.15236s, 34656 KB] g=356, 117583 evaluated, 4821 expanded
[t=3.15239s, 34656 KB] New best heuristic value for ff(): 2
[t=3.15243s, 34656 KB] g=357, 117584 evaluated, 4822 expanded
[t=3.15246s, 34656 KB] New best heuristic value for ff(): 1
[t=3.15253s, 34656 KB] g=358, 117586 evaluated, 4824 expanded
[t=3.15382s, 34656 KB] New best heuristic value for ff(): 0
[t=3.15423s, 34656 KB] g=359, 117698 evaluated, 4826 expanded
[t=3.15426s, 34656 KB] Solution found!
[t=3.15432s, 34656 KB] Actual search time: 3.14578s
pick ball82 rooma right (1)
pick ball76 rooma left (1)
move rooma roomb (1)
drop ball76 roomb left (1)
drop ball82 roomb right (1)
move roomb rooma (1)
pick ball100 rooma left (1)
pick ball18 rooma right (1)
move rooma roomb (1)
drop ball100 roomb left (1)
drop ball18 roomb right (1)
move roomb rooma (1)
pick ball105 rooma left (1)
pick ball106 rooma right (1)
move rooma roomb (1)
drop ball105 roomb left (1)
drop ball106 roomb right (1)
move roomb rooma (1)
pick ball107 rooma left (1)
pick ball10 rooma right (1)
move rooma roomb (1)
drop ball107 roomb left (1)
drop ball10 roomb right (1)
move roomb rooma (1)
pick ball12 rooma left (1)
pick ball43 rooma right (1)
move rooma roomb (1)
drop ball12 roomb left (1)
drop ball43 roomb right (1)
move roomb rooma (1)
pick ball102 rooma left (1)
pick ball65 rooma right (1)
move rooma roomb (1)
drop ball102 roomb left (1)
drop ball65 roomb right (1)
move roomb rooma (1)
pick ball96 rooma left (1)
pick ball73 rooma right (1)
move rooma roomb (1)
drop ball96 roomb left (1)
drop ball73 roomb right (1)
move roomb rooma (1)
pick ball104 rooma left (1)
pick ball64 rooma right (1)
move rooma roomb (1)
drop ball104 roomb left (1)
drop ball64 roomb right (1)
move roomb rooma (1)
pick ball13 rooma left (1)
pick ball70 rooma right (1)
move rooma roomb (1)
drop ball13 roomb left (1)
drop ball70 roomb right (1)
move roomb rooma (1)
pick ball103 rooma left (1)
pick ball9 rooma right (1)
move rooma roomb (1)
drop ball103 roomb left (1)
drop ball9 roomb right (1)
move roomb rooma (1)
pick ball29 rooma left (1)
pick ball42 rooma right (1)
move rooma roomb (1)
drop ball29 roomb left (1)
drop ball42 roomb right (1)
move roomb rooma (1)
pick ball11 rooma left (1)
pick ball3 rooma right (1)
move rooma roomb (1)
drop ball11 roomb left (1)
drop ball3 roomb right (1)
move roomb rooma (1)
pick ball108 rooma left (1)
pick ball61 rooma right (1)
move rooma roomb (1)
drop ball108 roomb left (1)
drop ball61 roomb right (1)
move roomb rooma (1)
pick ball17 rooma left (1)
pick ball49 rooma right (1)
move rooma roomb (1)
drop ball17 roomb left (1)
drop ball49 roomb right (1)
move roomb rooma (1)
pick ball25 rooma left (1)
pick ball22 rooma right (1)
move rooma roomb (1)
drop ball25 roomb left (1)
drop ball22 roomb right (1)
move roomb rooma (1)
pick ball33 rooma left (1)
pick ball93 rooma right (1)
move rooma roomb (1)
drop ball33 roomb left (1)
drop ball93 roomb right (1)
move roomb rooma (1)
pick ball16 rooma left (1)
pick ball39 rooma right (1)
move rooma roomb (1)
drop ball16 roomb left (1)
drop ball39 roomb right (1)
move roomb rooma (1)
pick ball15 rooma left (1)
pick ball36 rooma right (1)
move rooma roomb (1)
drop ball15 roomb left (1)
drop ball36 roomb right (1)
move roomb rooma (1)
pick ball60 rooma left (1)
pick ball23 rooma right (1)
move rooma roomb (1)
drop ball60 roomb left (1)
drop ball23 roomb right (1)
move roomb rooma (1)
pick ball68 rooma left (1)
pick ball59 rooma right (1)
move rooma roomb (1)
drop ball68 roomb left (1)
drop ball59 roomb right (1)
move roomb rooma (1)
pick ball48 rooma left (1)
pick ball8 rooma right (1)
move rooma roomb (1)
drop ball48 roomb left (1)
drop ball8 roomb right (1)
move roomb rooma (1)
pick ball1 rooma left (1)
pick ball80 rooma right (1)
move rooma roomb (1)
drop ball1 roomb left (1)
drop ball80 roomb right (1)
move roomb rooma (1)
pick ball101 rooma left (1)
pick ball91 rooma right (1)
move rooma roomb (1)
drop ball101 roomb left (1)
drop ball91 roomb right (1)
move roomb rooma (1)
pick ball98 rooma left (1)
pick ball90 rooma right (1)
move rooma roomb (1)
drop ball98 roomb left (1)
drop ball90 roomb right (1)
move roomb rooma (1)
pick ball2 rooma left (1)
pick ball78 rooma right (1)
move rooma roomb (1)
drop ball2 roomb left (1)
drop ball78 roomb right (1)
move roomb rooma (1)
pick ball38 rooma left (1)
pick ball4 rooma right (1)
move rooma roomb (1)
drop ball38 roomb left (1)
drop ball4 roomb right (1)
move roomb rooma (1)
pick ball5 rooma left (1)
pick ball53 rooma right (1)
move rooma roomb (1)
drop ball5 roomb left (1)
drop ball53 roomb right (1)
move roomb rooma (1)
pick ball24 rooma left (1)
pick ball97 rooma right (1)
move rooma roomb (1)
drop ball24 roomb left (1)
drop ball97 roomb right (1)
move roomb rooma (1)
pick ball19 rooma left (1)
pick ball7 rooma right (1)
move rooma roomb (1)
drop ball19 roomb left (1)
drop ball7 roomb right (1)
move roomb rooma (1)
pick ball47 rooma left (1)
pick ball14 rooma right (1)
move rooma roomb (1)
drop ball47 roomb left (1)
drop ball14 roomb right (1)
move roomb rooma (1)
pick ball86 rooma left (1)
pick ball27 rooma right (1)
move rooma roomb (1)
drop ball86 roomb left (1)
drop ball27 roomb right (1)
move roomb rooma (1)
pick ball40 rooma left (1)
pick ball51 rooma right (1)
move rooma roomb (1)
drop ball40 roomb left (1)
drop ball51 roomb right (1)
move roomb rooma (1)
pick ball55 rooma left (1)
pick ball94 rooma right (1)
move rooma roomb (1)
drop ball55 roomb left (1)
drop ball94 roomb right (1)
move roomb rooma (1)
pick ball109 rooma left (1)
move rooma roomb (1)
drop ball109 roomb left (1)
move roomb rooma (1)
pick ball30 rooma left (1)
pick ball32 rooma right (1)
move rooma roomb (1)
drop ball30 roomb left (1)
drop ball32 roomb right (1)
move roomb rooma (1)
pick ball74 rooma left (1)
pick ball26 rooma right (1)
move rooma roomb (1)
drop ball74 roomb left (1)
drop ball26 roomb right (1)
move roomb rooma (1)
pick ball110 rooma left (1)
move rooma roomb (1)
drop ball110 roomb left (1)
move roomb rooma (1)
pick ball28 rooma left (1)
pick ball81 rooma right (1)
move rooma roomb (1)
drop ball28 roomb left (1)
drop ball81 roomb right (1)
move roomb rooma (1)
pick ball20 rooma left (1)
move rooma roomb (1)
drop ball20 roomb left (1)
move roomb rooma (1)
pick ball50 rooma left (1)
pick ball95 rooma right (1)
move rooma roomb (1)
drop ball50 roomb left (1)
drop ball95 roomb right (1)
move roomb rooma (1)
pick ball57 rooma left (1)
pick ball85 rooma right (1)
move rooma roomb (1)
drop ball57 roomb left (1)
drop ball85 roomb right (1)
move roomb rooma (1)
pick ball21 rooma left (1)
move rooma roomb (1)
drop ball21 roomb left (1)
move roomb rooma (1)
pick ball31 rooma left (1)
move rooma roomb (1)
drop ball31 roomb left (1)
move roomb rooma (1)
pick ball66 rooma left (1)
pick ball71 rooma right (1)
move rooma roomb (1)
drop ball66 roomb left (1)
drop ball71 roomb right (1)
move roomb rooma (1)
pick ball34 rooma left (1)
move rooma roomb (1)
drop ball34 roomb left (1)
move roomb rooma (1)
pick ball35 rooma left (1)
move rooma roomb (1)
drop ball35 roomb left (1)
move roomb rooma (1)
pick ball37 rooma left (1)
move rooma roomb (1)
drop ball37 roomb left (1)
move roomb rooma (1)
pick ball41 rooma left (1)
move rooma roomb (1)
drop ball41 roomb left (1)
move roomb rooma (1)
pick ball44 rooma left (1)
move rooma roomb (1)
drop ball44 roomb left (1)
move roomb rooma (1)
pick ball45 rooma left (1)
move rooma roomb (1)
drop ball45 roomb left (1)
move roomb rooma (1)
pick ball46 rooma left (1)
move rooma roomb (1)
drop ball46 roomb left (1)
move roomb rooma (1)
pick ball52 rooma left (1)
move rooma roomb (1)
drop ball52 roomb left (1)
move roomb rooma (1)
pick ball54 rooma left (1)
move rooma roomb (1)
drop ball54 roomb left (1)
move roomb rooma (1)
pick ball56 rooma left (1)
move rooma roomb (1)
drop ball56 roomb left (1)
move roomb rooma (1)
pick ball58 rooma left (1)
move rooma roomb (1)
drop ball58 roomb left (1)
move roomb rooma (1)
pick ball6 rooma left (1)
move rooma roomb (1)
drop ball6 roomb left (1)
move roomb rooma (1)
pick ball62 rooma left (1)
move rooma roomb (1)
drop ball62 roomb left (1)
move roomb rooma (1)
pick ball63 rooma left (1)
move rooma roomb (1)
drop ball63 roomb left (1)
move roomb rooma (1)
pick ball67 rooma left (1)
move rooma roomb (1)
drop ball67 roomb left (1)
move roomb rooma (1)
pick ball69 rooma left (1)
move rooma roomb (1)
drop ball69 roomb left (1)
move roomb rooma (1)
pick ball72 rooma left (1)
move rooma roomb (1)
drop ball72 roomb left (1)
move roomb rooma (1)
pick ball75 rooma left (1)
move rooma roomb (1)
drop ball75 roomb left (1)
move roomb rooma (1)
pick ball77 rooma left (1)
move rooma roomb (1)
drop ball77 roomb left (1)
move roomb rooma (1)
pick ball79 rooma left (1)
move rooma roomb (1)
drop ball79 roomb left (1)
move roomb rooma (1)
pick ball83 rooma left (1)
move rooma roomb (1)
drop ball83 roomb left (1)
move roomb rooma (1)
pick ball84 rooma left (1)
move rooma roomb (1)
drop ball84 roomb left (1)
move roomb rooma (1)
pick ball87 rooma left (1)
move rooma roomb (1)
drop ball87 roomb left (1)
move roomb rooma (1)
pick ball88 rooma left (1)
move rooma roomb (1)
drop ball88 roomb left (1)
move roomb rooma (1)
pick ball89 rooma left (1)
move rooma roomb (1)
drop ball89 roomb left (1)
move roomb rooma (1)
pick ball92 rooma left (1)
pick ball99 rooma right (1)
move rooma roomb (1)
drop ball92 roomb left (1)
drop ball99 roomb right (1)
[t=3.15439s, 34656 KB] Plan length: 359 step(s).
[t=3.15439s, 34656 KB] Plan cost: 359
[t=3.15439s, 34656 KB] Timestamp: 1685755853016 millisecond(s).
[t=3.15439s, 34656 KB] Expanded 4828 state(s).
[t=3.15439s, 34656 KB] Reopened 0 state(s).
[t=3.15439s, 34656 KB] Evaluated 117699 state(s).
[t=3.15439s, 34656 KB] Evaluations: 117699
[t=3.15439s, 34656 KB] Generated 144634 state(s).
[t=3.15439s, 34656 KB] Dead ends: 0 state(s).
[t=3.15439s, 34656 KB] Number of registered states: 117699
[t=3.15439s, 34656 KB] Int hash set load factor: 117699/262144 = 0.448986
[t=3.15439s, 34656 KB] Int hash set resizes: 18
[t=3.15439s, 34656 KB] Search time: 3.1461s
[t=3.15439s, 34656 KB] Total time: 3.15439s
Solution found.
Peak memory: 34656 KB
Remove intermediate file output.sas
search exit code: 0

INFO     Running validate.
INFO     validate stdin: None
INFO     validate time limit: None
INFO     validate memory limit: None
INFO     validate command line string: validate domain.pddl problem.pddl sas_plan
Checking plan: sas_plan
Plan executed successfully - checking goal
Plan valid
Final value: 359 

Successful plans:
Value: 359
 sas_plan 359 

validate exit code: 0

INFO     Planner time: 3.41s
