INFO     planner time limit: 600s
INFO     planner memory limit: 3584 MB

INFO     Running translator.
INFO     translator stdin: None
INFO     translator time limit: 599s
INFO     translator memory limit: 3584 MB
INFO     translator command line string: /usr/local/downward-projects/downward/experiments/assign3/.venv/bin/python3 /usr/local/downward-projects/downward/experiments/assign3/data/assign3-anytime_exp/code-1fb14623350588fb782db39ad332c8a25eda53d6_e5e41175/builds/release/bin/translate/translate.py domain.pddl problem.pddl --sas-file output.sas
Parsing...
Parsing: [0.000s CPU, 0.003s wall-clock]
Normalizing task... [0.000s CPU, 0.000s wall-clock]
Instantiating...
Generating Datalog program... [0.000s CPU, 0.001s wall-clock]
Normalizing Datalog program...
Normalizing Datalog program: [0.000s CPU, 0.002s wall-clock]
Preparing model... [0.000s CPU, 0.002s wall-clock]
Generated 46 rules.
Computing model... [0.040s CPU, 0.044s wall-clock]
5156 relevant atoms
3200 auxiliary atoms
8356 final queue length
16334 total queue pushes
Completing instantiation... [0.130s CPU, 0.121s wall-clock]
Instantiating: [0.170s CPU, 0.171s wall-clock]
Computing fact groups...
Finding invariants...
12 initial candidates
Finding invariants: [0.000s CPU, 0.003s wall-clock]
Checking invariant weight... [0.000s CPU, 0.000s wall-clock]
Instantiating groups... [0.000s CPU, 0.002s wall-clock]
Collecting mutex groups... [0.000s CPU, 0.000s wall-clock]
Choosing groups...
0 uncovered facts
Choosing groups: [0.000s CPU, 0.001s wall-clock]
Building translation key... [0.010s CPU, 0.000s wall-clock]
Computing fact groups: [0.010s CPU, 0.008s wall-clock]
Building STRIPS to SAS dictionary... [0.000s CPU, 0.000s wall-clock]
Building dictionary for full mutex groups... [0.000s CPU, 0.000s wall-clock]
Building mutex information...
Building mutex information: [0.000s CPU, 0.000s wall-clock]
Translating task...
Processing axioms...
Simplifying axioms... [0.000s CPU, 0.000s wall-clock]
Translator axioms removed by simplifying: 0
Computing negative axioms... [0.000s CPU, 0.000s wall-clock]
Processing axioms: [0.000s CPU, 0.006s wall-clock]
Translating task: [0.110s CPU, 0.118s wall-clock]
0 effect conditions simplified
0 implied preconditions added
Detecting unreachable propositions...
0 operators removed
0 axioms removed
30 propositions removed
Detecting unreachable propositions: [0.040s CPU, 0.049s wall-clock]
Reordering and filtering variables...
30 of 30 variables necessary.
0 of 30 mutex groups necessary.
4320 of 4320 operators necessary.
0 of 0 axiom rules necessary.
Reordering and filtering variables: [0.020s CPU, 0.015s wall-clock]
Translator variables: 30
Translator derived variables: 0
Translator facts: 508
Translator goal facts: 22
Translator mutex groups: 0
Translator total mutex groups size: 0
Translator operators: 4320
Translator axioms: 0
Translator task size: 25928
Translator peak memory: 49408 KB
Writing output... [0.020s CPU, 0.019s wall-clock]
Done! [0.390s CPU, 0.391s wall-clock]
translate exit code: 0

INFO     Running search (release).
INFO     search stdin: output.sas
INFO     search time limit: 599s
INFO     search memory limit: 3584 MB
INFO     search command line string: /usr/local/downward-projects/downward/experiments/assign3/data/assign3-anytime_exp/code-1fb14623350588fb782db39ad332c8a25eda53d6_e5e41175/builds/release/bin/downward --evaluator 'h=lmcut()' --search 'eager_anytime(single(sum([weight(h, 2, verbosity=normal), g()])), 
        reopen_closed=true, f_eval=sum([h, g()]))' --internal-plan-file sas_plan < output.sas
[t=0s, 10884 KB] reading input...
[t=0.0119625s, 12076 KB] done reading input!
[t=0.0159245s, 13380 KB] Initializing landmark cut heuristic...
[t=0.0169934s, 13380 KB] Building successor generator...done!
[t=0.0190327s, 14224 KB] peak memory difference for successor generator creation: 844 KB
[t=0.0190938s, 14224 KB] time for successor generation creation: 0s
[t=0.0191202s, 14224 KB] Variables: 30
[t=0.0191476s, 14224 KB] FactPairs: 508
[t=0.0191699s, 14224 KB] Bytes per state: 20
[t=0.019193s, 14224 KB] Conducting best first anytime search with reopening closed nodes, (real) bound = 2147483647
[t=0.0198089s, 14224 KB] New best heuristic value for lmcut(): 76
[t=0.0203185s, 14224 KB] g=0, 1 evaluated, 0 expanded
[t=0.0203474s, 14224 KB] Initial heuristic value for lmcut(): 76
[t=0.0203753s, 14224 KB] Start Timestep: 1682006107692 millisecond(s).
[t=0.023761s, 14224 KB] New best heuristic value for lmcut(): 69
[t=0.0246289s, 14224 KB] g=8, 6 evaluated, 1 expanded
[t=0.0436966s, 14224 KB] New best heuristic value for lmcut(): 68
[t=0.0462181s, 14224 KB] g=19, 30 evaluated, 2 expanded
[t=0.0755187s, 14224 KB] New best heuristic value for lmcut(): 63
[t=0.0778172s, 14224 KB] g=13, 65 evaluated, 4 expanded
[t=1.34348s, 14224 KB] New best heuristic value for lmcut(): 62
[t=1.34632s, 14224 KB] g=27, 1546 evaluated, 70 expanded
[t=1.35941s, 14224 KB] New best heuristic value for lmcut(): 61
[t=1.36066s, 14224 KB] g=43, 1562 evaluated, 70 expanded
[t=15.1319s, 15072 KB] New best heuristic value for lmcut(): 58
[t=15.1325s, 15072 KB] g=20, 18041 evaluated, 779 expanded
[t=15.8712s, 15072 KB] New best heuristic value for lmcut(): 53
[t=15.8719s, 15072 KB] g=27, 18911 evaluated, 815 expanded
[t=15.9037s, 15072 KB] New best heuristic value for lmcut(): 52
[t=15.9046s, 15072 KB] g=52, 18950 evaluated, 816 expanded
[t=85.162s, 19432 KB] New best heuristic value for lmcut(): 50
[t=85.1628s, 19432 KB] g=39, 102166 evaluated, 4355 expanded
Peak memory: 53808 KB
caught signal 24 -- exiting
Time limit has been reached.
Remove intermediate file output.sas
search exit code: 23

Driver aborting after search
INFO     Planner time: 598.01s
