INFO     planner time limit: 900s
INFO     planner memory limit: 3584 MB

INFO     Running translator.
INFO     translator stdin: None
INFO     translator time limit: 899s
INFO     translator memory limit: 3584 MB
INFO     translator command line string: /usr/local/downward-projects/downward/experiments/.venv/bin/python3 /usr/local/downward-projects/downward/experiments/src/thesis/data/thesis-thesis_exp/code-beb2e19b3d35a0ced2c328754445ca6967892fa8_e5e41175/builds/release/bin/translate/translate.py domain.pddl problem.pddl --sas-file output.sas
Parsing...
Parsing: [0.020s CPU, 0.016s wall-clock]
Normalizing task... [0.000s CPU, 0.001s wall-clock]
Instantiating...
Generating Datalog program... [0.010s CPU, 0.012s wall-clock]
Normalizing Datalog program...
Normalizing Datalog program: [0.010s CPU, 0.002s wall-clock]
Preparing model... [0.030s CPU, 0.032s wall-clock]
Generated 51 rules.
Computing model... [9.090s CPU, 9.112s wall-clock]
667256 relevant atoms
476747 auxiliary atoms
1144003 final queue length
1568948 total queue pushes
Completing instantiation... [20.890s CPU, 20.941s wall-clock]
Instantiating: [30.480s CPU, 30.547s wall-clock]
Computing fact groups...
Finding invariants...
6 initial candidates
Finding invariants: [0.090s CPU, 0.090s wall-clock]
Checking invariant weight... [0.010s CPU, 0.002s wall-clock]
Instantiating groups... [0.500s CPU, 0.505s wall-clock]
Collecting mutex groups... [0.100s CPU, 0.094s wall-clock]
Choosing groups...
0 uncovered facts
Choosing groups: [0.330s CPU, 0.334s wall-clock]
Building translation key... [0.080s CPU, 0.086s wall-clock]
Computing fact groups: [1.840s CPU, 1.841s wall-clock]
Building STRIPS to SAS dictionary... [0.130s CPU, 0.127s wall-clock]
Building dictionary for full mutex groups... [0.080s CPU, 0.079s wall-clock]
Building mutex information...
Building mutex information: [0.070s CPU, 0.068s wall-clock]
Translating task...
Processing axioms...
Simplifying axioms... [0.000s CPU, 0.000s wall-clock]
Translator axioms removed by simplifying: 0
Computing negative axioms... [0.000s CPU, 0.000s wall-clock]
Processing axioms: [0.560s CPU, 0.566s wall-clock]
Translating task: [14.540s CPU, 14.561s wall-clock]
0 effect conditions simplified
0 implied preconditions added
Detecting unreachable propositions...
0 operators removed
0 axioms removed
154 propositions removed
Detecting unreachable propositions: [8.670s CPU, 8.685s wall-clock]
Reordering and filtering variables...
154 of 154 variables necessary.
0 of 154 mutex groups necessary.
539916 of 539916 operators necessary.
0 of 0 axiom rules necessary.
Reordering and filtering variables: [0.990s CPU, 0.992s wall-clock]
Translator variables: 154
Translator derived variables: 0
Translator facts: 117985
Translator goal facts: 75
Translator mutex groups: 0
Translator total mutex groups size: 0
Translator operators: 539916
Translator axioms: 0
Translator task size: 2166962
Translator peak memory: 1669896 KB
Writing output... [1.840s CPU, 1.876s wall-clock]
Done! [59.330s CPU, 59.459s wall-clock]
translate exit code: 0

INFO     Running search (release).
INFO     search stdin: output.sas
INFO     search time limit: 840s
INFO     search memory limit: 3584 MB
INFO     search command line string: /usr/local/downward-projects/downward/experiments/src/thesis/data/thesis-thesis_exp/code-beb2e19b3d35a0ced2c328754445ca6967892fa8_e5e41175/builds/release/bin/downward --evaluator 'h=ff()' --search 'eager(alt([bts_type(h), single(h)]))' --internal-plan-file sas_plan < output.sas
[t=0s, 11252 KB] reading input...
[t=1.36551s, 145064 KB] done reading input!
[t=1.46139s, 168204 KB] Simplifying 539916 unary operators... done! [539916 unary operators]
[t=2.26819s, 220844 KB] time to simplify: 0.910749s
[t=2.39203s, 220844 KB] Initializing additive heuristic...
[t=2.39309s, 220844 KB] Initializing FF heuristic...
[t=2.39312s, 220844 KB] Building successor generator...done!
[t=2.78793s, 276108 KB] peak memory difference for successor generator creation: 55264 KB
[t=2.78804s, 276108 KB] time for successor generation creation: 0.394437s
[t=2.79557s, 276108 KB] Variables: 154
[t=2.79918s, 276108 KB] FactPairs: 117985
[t=2.7992s, 276108 KB] Bytes per state: 172
[t=2.79923s, 276108 KB] Conducting best first search without reopening closed nodes, (real) bound = 2147483647
[t=2.81949s, 276108 KB] New best heuristic value for ff(): 681
[t=2.82204s, 276108 KB] g=0, 1 evaluated, 0 expanded
[t=2.82207s, 276108 KB] Initial heuristic value for ff(): 681
[t=2.8221s, 276108 KB] pruning method: none
[t=2.82213s, 276108 KB] Start Timestep: 1685747793588 millisecond(s).
[t=2.84337s, 276108 KB] New best heuristic value for ff(): 680
[t=2.84455s, 276108 KB] g=1, 2 evaluated, 1 expanded
[t=33.2812s, 276108 KB] New best heuristic value for ff(): 679
[t=33.2834s, 276108 KB] g=1, 1412 evaluated, 1 expanded
[t=33.8647s, 276108 KB] New best heuristic value for ff(): 678
[t=33.8688s, 276108 KB] g=1, 1439 evaluated, 1 expanded
[t=63.1273s, 276108 KB] New best heuristic value for ff(): 677
[t=63.1281s, 276108 KB] g=2, 2790 evaluated, 2 expanded
[t=98.1269s, 276108 KB] New best heuristic value for ff(): 676
[t=98.1295s, 276108 KB] g=2, 4406 evaluated, 2 expanded
[t=104.738s, 276108 KB] New best heuristic value for ff(): 675
[t=104.741s, 276108 KB] g=2, 4712 evaluated, 2 expanded
[t=181.943s, 276108 KB] New best heuristic value for ff(): 674
[t=181.945s, 276108 KB] g=3, 8265 evaluated, 4 expanded
[t=228.83s, 276108 KB] New best heuristic value for ff(): 673
[t=228.832s, 276108 KB] g=3, 10388 evaluated, 4 expanded
[t=301.727s, 276108 KB] New best heuristic value for ff(): 672
[t=301.728s, 276108 KB] g=4, 13736 evaluated, 6 expanded
[t=351.214s, 276108 KB] New best heuristic value for ff(): 671
[t=351.216s, 276108 KB] g=4, 16014 evaluated, 6 expanded
[t=416.072s, 276108 KB] New best heuristic value for ff(): 670
[t=416.073s, 276108 KB] g=5, 19233 evaluated, 8 expanded
[t=468.982s, 276108 KB] New best heuristic value for ff(): 669
[t=468.983s, 276108 KB] g=5, 21664 evaluated, 8 expanded
[t=534.682s, 276108 KB] New best heuristic value for ff(): 668
[t=534.683s, 276108 KB] g=6, 24707 evaluated, 10 expanded
[t=591.722s, 276108 KB] New best heuristic value for ff(): 667
[t=591.723s, 276108 KB] g=6, 27342 evaluated, 10 expanded
[t=650.782s, 276108 KB] New best heuristic value for ff(): 666
[t=650.783s, 276108 KB] g=7, 30180 evaluated, 12 expanded
[t=758.559s, 276108 KB] New best heuristic value for ff(): 665
[t=758.561s, 276108 KB] g=8, 35652 evaluated, 14 expanded
Peak memory: 276108 KB
caught signal 24 -- exiting
Time limit has been reached.
Remove intermediate file output.sas
search exit code: 23

Driver aborting after search
INFO     Planner time: 898.29s
