INFO     planner time limit: 300s
INFO     planner memory limit: 3584 MB

INFO     Running translator.
INFO     translator stdin: None
INFO     translator time limit: 299s
INFO     translator memory limit: 3584 MB
INFO     translator command line string: /usr/local/downward-projects/downward/experiments/.venv/bin/python3 /usr/local/downward-projects/downward/experiments/src/thesis/data/thesis-thesis_exp/code-d93485cdd92f65ede2ae3573b3f4adda0b49e4fd_e5e41175/builds/release/bin/translate/translate.py domain.pddl problem.pddl --sas-file output.sas
Parsing...
Parsing: [0.000s CPU, 0.005s wall-clock]
Normalizing task... [0.000s CPU, 0.000s wall-clock]
Instantiating...
Generating Datalog program... [0.000s CPU, 0.001s wall-clock]
Normalizing Datalog program...
Normalizing Datalog program: [0.010s CPU, 0.003s wall-clock]
Preparing model... [0.000s CPU, 0.004s wall-clock]
Generated 212 rules.
Computing model... [0.020s CPU, 0.022s wall-clock]
2251 relevant atoms
1986 auxiliary atoms
4237 final queue length
6892 total queue pushes
Completing instantiation... [0.040s CPU, 0.036s wall-clock]
Instantiating: [0.070s CPU, 0.068s wall-clock]
Computing fact groups...
Finding invariants...
20 initial candidates
Finding invariants: [0.000s CPU, 0.004s wall-clock]
Checking invariant weight... [0.000s CPU, 0.001s wall-clock]
Instantiating groups... [0.010s CPU, 0.001s wall-clock]
Collecting mutex groups... [0.000s CPU, 0.000s wall-clock]
Choosing groups...
585 uncovered facts
Choosing groups: [0.000s CPU, 0.001s wall-clock]
Building translation key... [0.000s CPU, 0.002s wall-clock]
Computing fact groups: [0.010s CPU, 0.013s wall-clock]
Building STRIPS to SAS dictionary... [0.000s CPU, 0.001s wall-clock]
Building dictionary for full mutex groups... [0.000s CPU, 0.001s wall-clock]
Building mutex information...
Building mutex information: [0.000s CPU, 0.000s wall-clock]
Translating task...
Processing axioms...
Simplifying axioms... [0.000s CPU, 0.000s wall-clock]
Translator axioms removed by simplifying: 0
Computing negative axioms... [0.000s CPU, 0.000s wall-clock]
Processing axioms: [0.010s CPU, 0.002s wall-clock]
Translating task: [0.050s CPU, 0.047s wall-clock]
1081 effect conditions simplified
0 implied preconditions added
Detecting unreachable propositions...
0 operators removed
0 axioms removed
17 propositions removed
Detecting unreachable propositions: [0.020s CPU, 0.020s wall-clock]
Reordering and filtering variables...
149 of 599 variables necessary.
0 of 15 mutex groups necessary.
1141 of 1141 operators necessary.
0 of 0 axiom rules necessary.
Reordering and filtering variables: [0.010s CPU, 0.010s wall-clock]
Translator variables: 149
Translator derived variables: 0
Translator facts: 538
Translator goal facts: 90
Translator mutex groups: 0
Translator total mutex groups size: 0
Translator operators: 1141
Translator axioms: 0
Translator task size: 8485
Translator peak memory: 39176 KB
Writing output... [0.010s CPU, 0.007s wall-clock]
Done! [0.170s CPU, 0.175s wall-clock]
translate exit code: 0

INFO     Running search (release).
INFO     search stdin: output.sas
INFO     search time limit: 299s
INFO     search memory limit: 3584 MB
INFO     search command line string: /usr/local/downward-projects/downward/experiments/src/thesis/data/thesis-thesis_exp/code-d93485cdd92f65ede2ae3573b3f4adda0b49e4fd_e5e41175/builds/release/bin/downward --evaluator 'h=ff()' --search 'eager(epsilon_greedy(h, epsilon=0.2))' --internal-plan-file sas_plan < output.sas
[t=0s, 11364 KB] reading input...
[t=0.00396875s, 11708 KB] done reading input!
[t=0.0079431s, 12248 KB] Simplifying 2518 unary operators... done! [591 unary operators]
[t=0.00929341s, 12248 KB] time to simplify: 0.00135031s
[t=0.00935625s, 12248 KB] Initializing additive heuristic...
[t=0.00943805s, 12248 KB] Initializing FF heuristic...
[t=0.0094631s, 12248 KB] Building successor generator...done!
[t=0.00987419s, 12380 KB] peak memory difference for successor generator creation: 132 KB
[t=0.00992467s, 12380 KB] time for successor generation creation: 0s
[t=0.00994973s, 12380 KB] Variables: 149
[t=0.00997526s, 12380 KB] FactPairs: 538
[t=0.00999799s, 12380 KB] Bytes per state: 28
[t=0.0100209s, 12380 KB] Conducting best first search without reopening closed nodes, (real) bound = 2147483647
[t=0.0100674s, 12380 KB] New best heuristic value for ff(): 5213525
[t=0.0101383s, 12380 KB] g=0, 1 evaluated, 0 expanded
[t=0.0101621s, 12380 KB] Initial heuristic value for ff(): 5213525
[t=0.0101922s, 12380 KB] pruning method: none
[t=0.0102163s, 12380 KB] Start Timestep: 1687912016186 millisecond(s).
[t=0.0102591s, 12380 KB] New best heuristic value for ff(): 5157525
[t=0.0103352s, 12380 KB] g=0, 2 evaluated, 1 expanded
[t=0.0103587s, 12380 KB] New best heuristic value for ff(): 5006515
[t=0.0104289s, 12380 KB] g=8000, 3 evaluated, 2 expanded
[t=0.0104524s, 12380 KB] New best heuristic value for ff(): 5003516
[t=0.0115343s, 12380 KB] g=10999, 33 evaluated, 3 expanded
[t=0.0116664s, 12380 KB] New best heuristic value for ff(): 4997515
[t=0.0120807s, 12380 KB] g=16000, 48 evaluated, 3 expanded
[t=0.0121051s, 12380 KB] New best heuristic value for ff(): 4994516
[t=0.0126125s, 12380 KB] g=18999, 62 evaluated, 4 expanded
[t=0.0126375s, 12380 KB] New best heuristic value for ff(): 4988515
[t=0.0131327s, 12380 KB] g=24000, 76 evaluated, 4 expanded
[t=0.0131579s, 12380 KB] New best heuristic value for ff(): 4985516
[t=0.0136875s, 12380 KB] g=26999, 90 evaluated, 5 expanded
[t=0.0137137s, 12380 KB] New best heuristic value for ff(): 4979515
[t=0.0141746s, 12380 KB] g=32000, 103 evaluated, 5 expanded
[t=0.0141988s, 12380 KB] New best heuristic value for ff(): 4976516
[t=0.0147214s, 12380 KB] g=34999, 117 evaluated, 6 expanded
[t=0.0147466s, 12380 KB] New best heuristic value for ff(): 4970515
[t=0.0151903s, 12380 KB] g=40000, 129 evaluated, 6 expanded
[t=0.0155164s, 12380 KB] New best heuristic value for ff(): 4967516
[t=0.015783s, 12380 KB] g=42999, 143 evaluated, 7 expanded
[t=0.0158086s, 12380 KB] New best heuristic value for ff(): 4962515
[t=0.0162119s, 12380 KB] g=48000, 154 evaluated, 7 expanded
[t=0.0162366s, 12380 KB] New best heuristic value for ff(): 4961515
[t=0.0163028s, 12380 KB] g=48000, 155 evaluated, 7 expanded
[t=0.0163325s, 12380 KB] New best heuristic value for ff(): 4958516
[t=0.01682s, 12380 KB] g=50999, 168 evaluated, 8 expanded
[t=0.0168445s, 12380 KB] New best heuristic value for ff(): 4953515
[t=0.0172098s, 12380 KB] g=56000, 178 evaluated, 8 expanded
[t=0.0172335s, 12380 KB] New best heuristic value for ff(): 4952515
[t=0.0173025s, 12380 KB] g=56000, 179 evaluated, 8 expanded
[t=0.0173326s, 12380 KB] New best heuristic value for ff(): 4949516
[t=0.0178091s, 12380 KB] g=58999, 192 evaluated, 9 expanded
[t=0.017834s, 12380 KB] New best heuristic value for ff(): 4944515
[t=0.0181567s, 12380 KB] g=64000, 201 evaluated, 9 expanded
[t=0.0181809s, 12380 KB] New best heuristic value for ff(): 4943515
[t=0.018244s, 12380 KB] g=64000, 202 evaluated, 9 expanded
[t=0.0182672s, 12380 KB] New best heuristic value for ff(): 4940516
[t=0.0187408s, 12380 KB] g=66999, 215 evaluated, 10 expanded
[t=0.0187658s, 12380 KB] New best heuristic value for ff(): 4935515
[t=0.0190527s, 12380 KB] g=72000, 223 evaluated, 10 expanded
[t=0.0192852s, 12380 KB] New best heuristic value for ff(): 4932516
[t=0.0195914s, 12380 KB] g=74999, 237 evaluated, 11 expanded
[t=0.0196169s, 12380 KB] New best heuristic value for ff(): 4927515
[t=0.0198733s, 12380 KB] g=80000, 244 evaluated, 11 expanded
[t=0.0198982s, 12380 KB] New best heuristic value for ff(): 4924516
[t=0.021329s, 12380 KB] g=82999, 284 evaluated, 13 expanded
[t=0.0213563s, 12380 KB] New best heuristic value for ff(): 4919515
[t=0.0215962s, 12380 KB] g=88000, 290 evaluated, 13 expanded
[t=0.0216215s, 12380 KB] New best heuristic value for ff(): 4916516
[t=0.0221333s, 12380 KB] g=90999, 304 evaluated, 14 expanded
[t=0.0221579s, 12380 KB] New best heuristic value for ff(): 4911515
[t=0.0223531s, 12380 KB] g=96000, 309 evaluated, 14 expanded
[t=0.0223777s, 12380 KB] New best heuristic value for ff(): 4908516
[t=0.022895s, 12380 KB] g=98999, 323 evaluated, 15 expanded
[t=0.0229202s, 12380 KB] New best heuristic value for ff(): 4903515
[t=0.0230861s, 12380 KB] g=104000, 327 evaluated, 15 expanded
[t=0.0231136s, 12380 KB] New best heuristic value for ff(): 4900516
[t=0.0236277s, 12380 KB] g=106999, 341 evaluated, 16 expanded
[t=0.0236533s, 12380 KB] New best heuristic value for ff(): 4895515
[t=0.0237834s, 12380 KB] g=112000, 344 evaluated, 16 expanded
[t=0.0238075s, 12380 KB] New best heuristic value for ff(): 4892516
[t=0.0242941s, 12380 KB] g=114999, 358 evaluated, 17 expanded
[t=0.0243181s, 12380 KB] New best heuristic value for ff(): 4887515
[t=0.0244223s, 12380 KB] g=120000, 360 evaluated, 17 expanded
[t=0.0246551s, 12380 KB] New best heuristic value for ff(): 4884516
[t=0.024949s, 12380 KB] g=122999, 374 evaluated, 18 expanded
[t=0.0249747s, 12380 KB] New best heuristic value for ff(): 4876516
[t=0.0254858s, 12380 KB] g=130999, 389 evaluated, 19 expanded
[t=0.0255104s, 12380 KB] New best heuristic value for ff(): 4652476
[t=0.0260092s, 12380 KB] g=355039, 404 evaluated, 20 expanded
[t=0.0260328s, 12380 KB] New best heuristic value for ff(): 4644476
[t=0.0265884s, 12380 KB] g=363039, 421 evaluated, 21 expanded
[t=0.0267246s, 12380 KB] New best heuristic value for ff(): 4634477
[t=0.0271165s, 12380 KB] g=373038, 436 evaluated, 22 expanded
[t=0.0271408s, 12380 KB] New best heuristic value for ff(): 4626477
[t=0.0283371s, 12380 KB] g=381038, 472 evaluated, 24 expanded
[t=0.0283629s, 12380 KB] New best heuristic value for ff(): 4624477
[t=0.0288665s, 12380 KB] g=383038, 487 evaluated, 25 expanded
[t=0.0288909s, 12380 KB] New best heuristic value for ff(): 4622477
[t=0.0293953s, 12380 KB] g=385038, 503 evaluated, 26 expanded
[t=0.0294249s, 12380 KB] New best heuristic value for ff(): 4620477
[t=0.0304528s, 12380 KB] g=387038, 535 evaluated, 28 expanded
[t=0.0306164s, 12380 KB] New best heuristic value for ff(): 4618477
[t=0.0310305s, 12380 KB] g=389038, 553 evaluated, 29 expanded
[t=0.0310555s, 12380 KB] New best heuristic value for ff(): 4616477
[t=0.0316145s, 12380 KB] g=391038, 572 evaluated, 30 expanded
[t=0.0316399s, 12380 KB] New best heuristic value for ff(): 4390451
[t=0.0321901s, 12380 KB] g=504051, 591 evaluated, 31 expanded
[t=0.0322146s, 12380 KB] New best heuristic value for ff(): 4388451
[t=0.0327991s, 12380 KB] g=506051, 611 evaluated, 32 expanded
[t=0.0328235s, 12380 KB] New best heuristic value for ff(): 4386451
[t=0.0331553s, 12380 KB] g=508051, 621 evaluated, 33 expanded
[t=0.0331797s, 12380 KB] New best heuristic value for ff(): 4368452
[t=0.0337199s, 12380 KB] g=526050, 639 evaluated, 34 expanded
[t=0.0337449s, 12380 KB] New best heuristic value for ff(): 4365453
[t=0.0342904s, 12380 KB] g=529049, 658 evaluated, 35 expanded
[t=0.0344722s, 12380 KB] New best heuristic value for ff(): 4355454
[t=0.0348554s, 12380 KB] g=539048, 676 evaluated, 36 expanded
[t=0.0348803s, 12380 KB] New best heuristic value for ff(): 4352455
[t=0.0354029s, 12380 KB] g=542047, 694 evaluated, 37 expanded
[t=0.0354269s, 12380 KB] New best heuristic value for ff(): 4350455
[t=0.0361382s, 12380 KB] g=544047, 721 evaluated, 38 expanded
[t=0.0361631s, 12380 KB] New best heuristic value for ff(): 4348455
[t=0.0367044s, 12380 KB] g=546047, 741 evaluated, 39 expanded
[t=0.0367299s, 12380 KB] New best heuristic value for ff(): 4346455
[t=0.0372635s, 12380 KB] g=548047, 762 evaluated, 40 expanded
[t=0.0383659s, 12380 KB] New best heuristic value for ff(): 4344455
[t=0.0386999s, 12380 KB] g=550047, 808 evaluated, 42 expanded
[t=0.0387311s, 12380 KB] New best heuristic value for ff(): 4231442
[t=0.03925s, 12380 KB] g=663060, 829 evaluated, 43 expanded
[t=0.039274s, 12380 KB] New best heuristic value for ff(): 4229442
[t=0.0398594s, 12380 KB] g=665060, 853 evaluated, 44 expanded
[t=0.0398843s, 12380 KB] New best heuristic value for ff(): 4227442
[t=0.0401128s, 12380 KB] g=667060, 860 evaluated, 45 expanded
[t=0.0401377s, 12380 KB] New best heuristic value for ff(): 4209443
[t=0.0406312s, 12380 KB] g=685059, 880 evaluated, 46 expanded
[t=0.0406553s, 12380 KB] New best heuristic value for ff(): 4206444
[t=0.041225s, 12380 KB] g=688058, 903 evaluated, 47 expanded
[t=0.0412488s, 12380 KB] New best heuristic value for ff(): 4196445
[t=0.0417191s, 12380 KB] g=698057, 923 evaluated, 48 expanded
[t=0.0422175s, 12380 KB] New best heuristic value for ff(): 4193446
[t=0.0422837s, 12380 KB] g=701056, 944 evaluated, 49 expanded
[t=0.0423086s, 12380 KB] New best heuristic value for ff(): 4191446
[t=0.0431182s, 12380 KB] g=703056, 981 evaluated, 50 expanded
[t=0.0431434s, 12380 KB] New best heuristic value for ff(): 3965420
[t=0.0436386s, 12380 KB] g=816069, 1003 evaluated, 51 expanded
[t=0.0436628s, 12380 KB] New best heuristic value for ff(): 3963420
[t=0.0452802s, 12380 KB] g=818069, 1054 evaluated, 53 expanded
[t=0.0453055s, 12380 KB] New best heuristic value for ff(): 3961420
[t=0.045528s, 12380 KB] g=820069, 1061 evaluated, 54 expanded
[t=0.0455525s, 12380 KB] New best heuristic value for ff(): 3943421
[t=0.0460085s, 12380 KB] g=838068, 1080 evaluated, 55 expanded
[t=0.0460867s, 12380 KB] New best heuristic value for ff(): 3940422
[t=0.0488389s, 12380 KB] g=841067, 1176 evaluated, 60 expanded
[t=0.0488657s, 12380 KB] New best heuristic value for ff(): 3930423
[t=0.0499683s, 12380 KB] g=851066, 1214 evaluated, 62 expanded
[t=0.0500376s, 12380 KB] New best heuristic value for ff(): 3927424
[t=0.0505101s, 12380 KB] g=854065, 1235 evaluated, 63 expanded
[t=0.0505357s, 12380 KB] New best heuristic value for ff(): 3925424
[t=0.05131s, 12380 KB] g=856065, 1273 evaluated, 64 expanded
[t=0.0513346s, 12380 KB] New best heuristic value for ff(): 3699398
[t=0.0518014s, 12380 KB] g=969078, 1295 evaluated, 65 expanded
[t=0.0518257s, 12380 KB] New best heuristic value for ff(): 3697398
[t=0.0523212s, 12380 KB] g=971078, 1318 evaluated, 66 expanded
[t=0.0523464s, 12380 KB] New best heuristic value for ff(): 3695398
[t=0.05255s, 12380 KB] g=973078, 1325 evaluated, 67 expanded
[t=0.0525747s, 12380 KB] New best heuristic value for ff(): 3677399
[t=0.0536695s, 12380 KB] g=991077, 1364 evaluated, 69 expanded
[t=0.053905s, 12380 KB] New best heuristic value for ff(): 3674400
[t=0.0555907s, 12380 KB] g=994076, 1429 evaluated, 72 expanded
[t=0.0556165s, 12380 KB] New best heuristic value for ff(): 3664401
[t=0.0560075s, 12380 KB] g=1004075, 1447 evaluated, 73 expanded
[t=0.0560328s, 12380 KB] New best heuristic value for ff(): 3661402
[t=0.0572321s, 12380 KB] g=1007074, 1489 evaluated, 75 expanded
[t=0.0578325s, 12380 KB] New best heuristic value for ff(): 3659402
[t=0.0580252s, 12380 KB] g=1009074, 1528 evaluated, 76 expanded
[t=0.0580497s, 12380 KB] New best heuristic value for ff(): 3433376
[t=0.0585013s, 12380 KB] g=1122087, 1550 evaluated, 77 expanded
[t=0.0585248s, 12380 KB] New best heuristic value for ff(): 3431376
[t=0.058985s, 12380 KB] g=1124087, 1573 evaluated, 78 expanded
[t=0.0590103s, 12380 KB] New best heuristic value for ff(): 3429376
[t=0.059201s, 12380 KB] g=1126087, 1580 evaluated, 79 expanded
[t=0.0592252s, 12380 KB] New best heuristic value for ff(): 3411377
[t=0.0595898s, 12380 KB] g=1144086, 1597 evaluated, 80 expanded
[t=0.059614s, 12380 KB] New best heuristic value for ff(): 3408378
[t=0.0601257s, 12380 KB] g=1147085, 1623 evaluated, 81 expanded
[t=0.0601493s, 12380 KB] New best heuristic value for ff(): 3398379
[t=0.0604932s, 12380 KB] g=1157084, 1640 evaluated, 82 expanded
[t=0.0605198s, 12380 KB] New best heuristic value for ff(): 3395380
[t=0.0614928s, 12380 KB] g=1160083, 1679 evaluated, 84 expanded
[t=0.0616556s, 12380 KB] New best heuristic value for ff(): 3393380
[t=0.0622431s, 12380 KB] g=1162083, 1719 evaluated, 85 expanded
[t=0.0622685s, 12380 KB] New best heuristic value for ff(): 3167354
[t=0.0626861s, 12380 KB] g=1275096, 1741 evaluated, 86 expanded
[t=0.0627108s, 12380 KB] New best heuristic value for ff(): 3165354
[t=0.0640972s, 12380 KB] g=1277096, 1811 evaluated, 89 expanded
[t=0.0641238s, 12380 KB] New best heuristic value for ff(): 3163354
[t=0.0642916s, 12380 KB] g=1279096, 1818 evaluated, 90 expanded
[t=0.0643162s, 12380 KB] New best heuristic value for ff(): 3145355
[t=0.0646359s, 12380 KB] g=1297095, 1834 evaluated, 91 expanded
[t=0.0646611s, 12380 KB] New best heuristic value for ff(): 3142356
[t=0.0651486s, 12380 KB] g=1300094, 1861 evaluated, 92 expanded
[t=0.0651729s, 12380 KB] New best heuristic value for ff(): 3132357
[t=0.0654729s, 12380 KB] g=1310093, 1877 evaluated, 93 expanded
[t=0.0654976s, 12380 KB] New best heuristic value for ff(): 3129358
[t=0.0664285s, 12380 KB] g=1313092, 1918 evaluated, 95 expanded
[t=0.0664547s, 12380 KB] New best heuristic value for ff(): 3127358
[t=0.0671272s, 12380 KB] g=1315092, 1959 evaluated, 96 expanded
[t=0.0671522s, 12380 KB] New best heuristic value for ff(): 2901332
[t=0.0675181s, 12380 KB] g=1428105, 1981 evaluated, 97 expanded
[t=0.0675424s, 12380 KB] New best heuristic value for ff(): 2899332
[t=0.0679384s, 12380 KB] g=1430105, 2004 evaluated, 98 expanded
[t=0.0679634s, 12380 KB] New best heuristic value for ff(): 2897332
[t=0.0681079s, 12380 KB] g=1432105, 2011 evaluated, 99 expanded
[t=0.068132s, 12380 KB] New best heuristic value for ff(): 2879333
[t=0.0691148s, 12380 KB] g=1450104, 2046 evaluated, 101 expanded
[t=0.0693282s, 12476 KB] New best heuristic value for ff(): 2876334
[t=0.0696337s, 12476 KB] g=1453103, 2074 evaluated, 102 expanded
[t=0.0696588s, 12476 KB] New best heuristic value for ff(): 2866335
[t=0.0699282s, 12476 KB] g=1463102, 2089 evaluated, 103 expanded
[t=0.0699527s, 12476 KB] New best heuristic value for ff(): 2863336
[t=0.0703018s, 12476 KB] g=1466101, 2110 evaluated, 104 expanded
Peak memory: 1090536 KB
caught signal 24 -- exiting
Time limit has been reached.
Remove intermediate file output.sas
search exit code: 23

Driver aborting after search
INFO     Planner time: 299.23s
