INFO     planner time limit: 300s
INFO     planner memory limit: 3584 MB

INFO     Running translator.
INFO     translator stdin: None
INFO     translator time limit: 299s
INFO     translator memory limit: 3584 MB
INFO     translator command line string: /usr/local/downward-projects/downward/experiments/.venv/bin/python3 /usr/local/downward-projects/downward/experiments/src/thesis/data/thesis-thesis_exp/code-d93485cdd92f65ede2ae3573b3f4adda0b49e4fd_e5e41175/builds/release/bin/translate/translate.py domain.pddl problem.pddl --sas-file output.sas
Parsing...
Parsing: [0.060s CPU, 0.055s wall-clock]
Normalizing task... [0.000s CPU, 0.002s wall-clock]
Instantiating...
Generating Datalog program... [0.020s CPU, 0.017s wall-clock]
Normalizing Datalog program...
Normalizing Datalog program: [0.000s CPU, 0.001s wall-clock]
Preparing model... [0.100s CPU, 0.098s wall-clock]
Generated 23 rules.
Computing model... [0.250s CPU, 0.256s wall-clock]
19976 relevant atoms
35172 auxiliary atoms
55148 final queue length
64934 total queue pushes
Completing instantiation... [0.180s CPU, 0.181s wall-clock]
Instantiating: [0.570s CPU, 0.572s wall-clock]
Computing fact groups...
Finding invariants...
9 initial candidates
Finding invariants: [0.010s CPU, 0.005s wall-clock]
Checking invariant weight... [0.000s CPU, 0.003s wall-clock]
Instantiating groups... [0.000s CPU, 0.003s wall-clock]
Collecting mutex groups... [0.000s CPU, 0.000s wall-clock]
Choosing groups...
0 uncovered facts
Choosing groups: [0.000s CPU, 0.001s wall-clock]
Building translation key... [0.000s CPU, 0.000s wall-clock]
Computing fact groups: [0.010s CPU, 0.014s wall-clock]
Building STRIPS to SAS dictionary... [0.000s CPU, 0.000s wall-clock]
Building dictionary for full mutex groups... [0.000s CPU, 0.000s wall-clock]
Building mutex information...
Building mutex information: [0.000s CPU, 0.000s wall-clock]
Translating task...
Processing axioms...
Simplifying axioms... [0.000s CPU, 0.000s wall-clock]
Translator axioms removed by simplifying: 0
Computing negative axioms... [0.000s CPU, 0.000s wall-clock]
Processing axioms: [0.010s CPU, 0.007s wall-clock]
Translating task: [0.140s CPU, 0.132s wall-clock]
0 effect conditions simplified
0 implied preconditions added
Detecting unreachable propositions...
0 operators removed
0 axioms removed
13 propositions removed
Detecting unreachable propositions: [0.050s CPU, 0.051s wall-clock]
Reordering and filtering variables...
13 of 13 variables necessary.
0 of 13 mutex groups necessary.
5162 of 5162 operators necessary.
0 of 0 axiom rules necessary.
Reordering and filtering variables: [0.010s CPU, 0.014s wall-clock]
Translator variables: 13
Translator derived variables: 0
Translator facts: 309
Translator goal facts: 11
Translator mutex groups: 0
Translator total mutex groups size: 0
Translator operators: 5162
Translator axioms: 0
Translator task size: 25901
Translator peak memory: 61296 KB
Writing output... [0.020s CPU, 0.020s wall-clock]
Done! [0.870s CPU, 0.868s wall-clock]
translate exit code: 0

INFO     Running search (release).
INFO     search stdin: output.sas
INFO     search time limit: 299s
INFO     search memory limit: 3584 MB
INFO     search command line string: /usr/local/downward-projects/downward/experiments/src/thesis/data/thesis-thesis_exp/code-d93485cdd92f65ede2ae3573b3f4adda0b49e4fd_e5e41175/builds/release/bin/downward --evaluator 'h=ff()' --search 'eager( alt( [lwm_intra_explore_type(h), single(h)] ) )' --internal-plan-file sas_plan < output.sas
[t=0s, 11364 KB] reading input...
[t=0.0159757s, 12764 KB] done reading input!
[t=0.0163375s, 13568 KB] Simplifying 10082 unary operators... done! [10082 unary operators]
[t=0.0222866s, 14360 KB] time to simplify: 0.00594904s
[t=0.0227348s, 14360 KB] Initializing additive heuristic...
[t=0.0229052s, 14360 KB] Initializing FF heuristic...
[t=0.0229319s, 14360 KB] Building successor generator...done!
[t=0.0238424s, 14360 KB] peak memory difference for successor generator creation: 0 KB
[t=0.0238976s, 14360 KB] time for successor generation creation: 0s
[t=0.0239214s, 14360 KB] Variables: 13
[t=0.0239661s, 14360 KB] FactPairs: 309
[t=0.0239892s, 14360 KB] Bytes per state: 8
[t=0.024012s, 14360 KB] Conducting best first search without reopening closed nodes, (real) bound = 2147483647
[t=0.0240622s, 14360 KB] New best heuristic value for ff(): 31
[t=0.0241687s, 14360 KB] g=0, 1 evaluated, 0 expanded
[t=0.0241931s, 14360 KB] Initial heuristic value for ff(): 31
[t=0.0242247s, 14360 KB] pruning method: none
[t=0.0242479s, 14360 KB] Start Timestep: 1687910525260 millisecond(s).
[t=0.0242878s, 14360 KB] New best heuristic value for ff(): 30
[t=0.0247321s, 14360 KB] g=2, 7 evaluated, 2 expanded
[t=0.0247556s, 14360 KB] New best heuristic value for ff(): 29
[t=0.0250539s, 14360 KB] g=3, 11 evaluated, 3 expanded
[t=0.0250782s, 14360 KB] New best heuristic value for ff(): 28
[t=0.0256349s, 14360 KB] g=4, 19 evaluated, 5 expanded
[t=0.0256585s, 14360 KB] New best heuristic value for ff(): 27
[t=0.02663s, 14360 KB] g=6, 34 evaluated, 8 expanded
[t=0.0266552s, 14360 KB] New best heuristic value for ff(): 26
[t=0.0272427s, 14360 KB] g=7, 43 evaluated, 9 expanded
[t=0.0276036s, 14360 KB] New best heuristic value for ff(): 25
[t=0.0286036s, 14360 KB] g=9, 64 evaluated, 14 expanded
[t=0.0286288s, 14360 KB] New best heuristic value for ff(): 24
[t=0.029296s, 14360 KB] g=10, 75 evaluated, 16 expanded
[t=0.0293201s, 14360 KB] New best heuristic value for ff(): 23
[t=0.031069s, 14360 KB] g=11, 104 evaluated, 22 expanded
[t=0.0595274s, 14360 KB] New best heuristic value for ff(): 22
[t=0.0625974s, 14360 KB] g=18, 764 evaluated, 143 expanded
[t=0.147339s, 14360 KB] New best heuristic value for ff(): 21
[t=0.148434s, 14360 KB] g=24, 2784 evaluated, 516 expanded
[t=0.18582s, 14360 KB] New best heuristic value for ff(): 20
[t=0.18594s, 14360 KB] g=24, 3660 evaluated, 679 expanded
[t=0.355986s, 14752 KB] New best heuristic value for ff(): 19
[t=0.357005s, 14752 KB] g=28, 7843 evaluated, 1511 expanded
[t=3.23417s, 23332 KB] New best heuristic value for ff(): 18
[t=3.23486s, 23332 KB] g=31, 83071 evaluated, 17741 expanded
[t=3.23489s, 23332 KB] New best heuristic value for ff(): 17
[t=3.23501s, 23332 KB] g=32, 83073 evaluated, 17742 expanded
[t=15.1418s, 55624 KB] New best heuristic value for ff(): 16
[t=15.1422s, 55624 KB] g=29, 398748 evaluated, 91292 expanded
[t=15.1422s, 55624 KB] New best heuristic value for ff(): 15
[t=15.1426s, 55624 KB] g=30, 398756 evaluated, 91294 expanded
[t=15.1428s, 55624 KB] New best heuristic value for ff(): 14
[t=15.1429s, 55624 KB] g=31, 398763 evaluated, 91296 expanded
[t=29.5749s, 96220 KB] New best heuristic value for ff(): 13
[t=29.5769s, 96220 KB] g=28, 787175 evaluated, 189766 expanded
[t=29.5769s, 96220 KB] New best heuristic value for ff(): 12
[t=29.5771s, 96220 KB] g=29, 787179 evaluated, 189768 expanded
[t=29.5828s, 96220 KB] New best heuristic value for ff(): 11
[t=29.5836s, 96220 KB] g=31, 787361 evaluated, 189807 expanded
[t=29.5837s, 96220 KB] New best heuristic value for ff(): 10
[t=29.5838s, 96220 KB] g=32, 787363 evaluated, 189808 expanded
Peak memory: 852628 KB
caught signal 24 -- exiting
Time limit has been reached.
Remove intermediate file output.sas
search exit code: 23

Driver aborting after search
INFO     Planner time: 299.59s
