INFO     planner time limit: 900s
INFO     planner memory limit: 3584 MB

INFO     Running translator.
INFO     translator stdin: None
INFO     translator time limit: 899s
INFO     translator memory limit: 3584 MB
INFO     translator command line string: /usr/local/downward-projects/downward/experiments/.venv/bin/python3 /usr/local/downward-projects/downward/experiments/src/thesis/data/thesis-thesis_exp/code-f7a4f68fd467cf7cff4d3dfcfdfcfa2023e44324_e5e41175/builds/release/bin/translate/translate.py domain.pddl problem.pddl --sas-file output.sas
Parsing...
Parsing: [0.000s CPU, 0.001s wall-clock]
Normalizing task... [0.000s CPU, 0.000s wall-clock]
Instantiating...
Generating Datalog program... [0.000s CPU, 0.000s wall-clock]
Normalizing Datalog program...
Normalizing Datalog program: [0.000s CPU, 0.001s wall-clock]
Preparing model... [0.010s CPU, 0.001s wall-clock]
Generated 24 rules.
Computing model... [0.000s CPU, 0.005s wall-clock]
546 relevant atoms
370 auxiliary atoms
916 final queue length
1234 total queue pushes
Completing instantiation... [0.010s CPU, 0.006s wall-clock]
Instantiating: [0.020s CPU, 0.014s wall-clock]
Computing fact groups...
Finding invariants...
10 initial candidates
Finding invariants: [0.000s CPU, 0.001s wall-clock]
Checking invariant weight... [0.000s CPU, 0.000s wall-clock]
Instantiating groups... [0.000s CPU, 0.002s wall-clock]
Collecting mutex groups... [0.000s CPU, 0.000s wall-clock]
Choosing groups...
0 uncovered facts
Choosing groups: [0.000s CPU, 0.000s wall-clock]
Building translation key... [0.000s CPU, 0.000s wall-clock]
Computing fact groups: [0.000s CPU, 0.004s wall-clock]
Building STRIPS to SAS dictionary... [0.000s CPU, 0.000s wall-clock]
Building dictionary for full mutex groups... [0.000s CPU, 0.000s wall-clock]
Building mutex information...
Building mutex information: [0.000s CPU, 0.000s wall-clock]
Translating task...
Processing axioms...
Simplifying axioms... [0.000s CPU, 0.000s wall-clock]
Translator axioms removed by simplifying: 0
Computing negative axioms... [0.000s CPU, 0.000s wall-clock]
Processing axioms: [0.000s CPU, 0.000s wall-clock]
Translating task: [0.010s CPU, 0.006s wall-clock]
0 effect conditions simplified
0 implied preconditions added
Detecting unreachable propositions...
0 operators removed
0 axioms removed
3 propositions removed
Detecting unreachable propositions: [0.000s CPU, 0.004s wall-clock]
Reordering and filtering variables...
38 of 38 variables necessary.
35 of 38 mutex groups necessary.
282 of 282 operators necessary.
0 of 0 axiom rules necessary.
Reordering and filtering variables: [0.010s CPU, 0.001s wall-clock]
Translator variables: 38
Translator derived variables: 0
Translator facts: 179
Translator goal facts: 35
Translator mutex groups: 35
Translator total mutex groups size: 140
Translator operators: 282
Translator axioms: 0
Translator task size: 1938
Translator peak memory: 32872 KB
Writing output... [0.000s CPU, 0.002s wall-clock]
Done! [0.040s CPU, 0.034s wall-clock]
translate exit code: 0

INFO     Running search (release).
INFO     search stdin: output.sas
INFO     search time limit: 899s
INFO     search memory limit: 3584 MB
INFO     search command line string: /usr/local/downward-projects/downward/experiments/src/thesis/data/thesis-thesis_exp/code-f7a4f68fd467cf7cff4d3dfcfdfcfa2023e44324_e5e41175/builds/release/bin/downward --evaluator 'h=ff()' --search 'eager(alt([type_based([h, g()], random_seed=-1), single(h)]))' --internal-plan-file sas_plan < output.sas
[t=0s, 11000 KB] reading input...
[t=0.00301889s, 11000 KB] done reading input!
[t=0.00388947s, 11388 KB] Simplifying 562 unary operators... done! [562 unary operators]
[t=0.00560881s, 11388 KB] time to simplify: 0.00171934s
[t=0.00566675s, 11388 KB] Initializing additive heuristic...
[t=0.00572718s, 11388 KB] Initializing FF heuristic...
[t=0.00575177s, 11388 KB] Building successor generator...done!
[t=0.00593463s, 11388 KB] peak memory difference for successor generator creation: 0 KB
[t=0.00597722s, 11388 KB] time for successor generation creation: 0s
[t=0.00600176s, 11388 KB] Variables: 38
[t=0.00602905s, 11388 KB] FactPairs: 179
[t=0.00605302s, 11388 KB] Bytes per state: 12
[t=0.00607655s, 11388 KB] Conducting best first search without reopening closed nodes, (real) bound = 2147483647
[t=0.00612879s, 11388 KB] New best heuristic value for ff(): 71
[t=0.00617871s, 11388 KB] g=0, 1 evaluated, 0 expanded
[t=0.0062033s, 11388 KB] Initial heuristic value for ff(): 71
[t=0.00623458s, 11388 KB] pruning method: none
[t=0.00625828s, 11388 KB] Start Timestep: 1684265446186 millisecond(s).
[t=0.0062993s, 11388 KB] New best heuristic value for ff(): 70
[t=0.0063588s, 11388 KB] g=1, 3 evaluated, 1 expanded
[t=0.00680349s, 11388 KB] New best heuristic value for ff(): 69
[t=0.00866472s, 11388 KB] g=3, 244 evaluated, 7 expanded
[t=0.00868998s, 11388 KB] New best heuristic value for ff(): 68
[t=0.00872695s, 11388 KB] g=4, 245 evaluated, 8 expanded
[t=0.00875057s, 11388 KB] New best heuristic value for ff(): 67
[t=0.00881125s, 11388 KB] g=5, 248 evaluated, 9 expanded
[t=0.0088352s, 11388 KB] New best heuristic value for ff(): 66
[t=0.0092353s, 11388 KB] g=7, 286 evaluated, 12 expanded
[t=0.0107115s, 11388 KB] New best heuristic value for ff(): 65
[t=0.0108655s, 11388 KB] g=9, 453 evaluated, 18 expanded
[t=0.0108898s, 11388 KB] New best heuristic value for ff(): 64
[t=0.0109272s, 11388 KB] g=10, 454 evaluated, 19 expanded
[t=0.0109511s, 11388 KB] New best heuristic value for ff(): 63
[t=0.0110306s, 11388 KB] g=11, 459 evaluated, 20 expanded
[t=0.0110546s, 11388 KB] New best heuristic value for ff(): 62
[t=0.0111842s, 11388 KB] g=13, 468 evaluated, 23 expanded
[t=0.0226096s, 11524 KB] New best heuristic value for ff(): 61
[t=0.0250419s, 11524 KB] g=15, 1957 evaluated, 99 expanded
[t=0.0250703s, 11524 KB] New best heuristic value for ff(): 60
[t=0.0251088s, 11524 KB] g=16, 1958 evaluated, 100 expanded
[t=0.0251328s, 11524 KB] New best heuristic value for ff(): 59
[t=0.0255309s, 11524 KB] g=17, 1999 evaluated, 102 expanded
[t=0.0255551s, 11524 KB] New best heuristic value for ff(): 58
[t=0.0257072s, 11524 KB] g=19, 2012 evaluated, 105 expanded
[t=0.0265273s, 11524 KB] New best heuristic value for ff(): 57
[t=0.0303372s, 11524 KB] g=21, 2521 evaluated, 128 expanded
[t=0.0304961s, 11524 KB] New best heuristic value for ff(): 56
[t=0.0308668s, 11524 KB] g=23, 2572 evaluated, 131 expanded
[t=0.034481s, 11524 KB] New best heuristic value for ff(): 55
[t=0.0368743s, 11524 KB] g=25, 3234 evaluated, 165 expanded
[t=0.0369005s, 11524 KB] New best heuristic value for ff(): 54
[t=0.0369387s, 11524 KB] g=26, 3235 evaluated, 166 expanded
[t=0.0369626s, 11524 KB] New best heuristic value for ff(): 53
[t=0.037403s, 11524 KB] g=27, 3279 evaluated, 168 expanded
[t=0.0374279s, 11524 KB] New best heuristic value for ff(): 52
[t=0.0377151s, 11524 KB] g=29, 3307 evaluated, 172 expanded
[t=0.0463788s, 11684 KB] New best heuristic value for ff(): 51
[t=0.0494452s, 11684 KB] g=31, 4542 evaluated, 276 expanded
[t=0.0494739s, 11684 KB] New best heuristic value for ff(): 50
[t=0.0497999s, 11684 KB] g=33, 4574 evaluated, 280 expanded
[t=0.0543289s, 11684 KB] New best heuristic value for ff(): 49
[t=0.0565574s, 11684 KB] g=35, 5308 evaluated, 313 expanded
[t=0.0565834s, 11684 KB] New best heuristic value for ff(): 48
[t=0.0566214s, 11684 KB] g=36, 5309 evaluated, 314 expanded
[t=0.0566456s, 11684 KB] New best heuristic value for ff(): 47
[t=0.0568084s, 11684 KB] g=37, 5323 evaluated, 316 expanded
[t=0.0568327s, 11684 KB] New best heuristic value for ff(): 46
[t=0.0573248s, 11684 KB] g=39, 5375 evaluated, 320 expanded
[t=0.0662339s, 11684 KB] New best heuristic value for ff(): 45
[t=0.0686586s, 11684 KB] g=41, 6600 evaluated, 410 expanded
[t=0.068686s, 11684 KB] New best heuristic value for ff(): 44
[t=0.0693204s, 11684 KB] g=43, 6668 evaluated, 414 expanded
[t=0.0781814s, 11816 KB] New best heuristic value for ff(): 43
[t=0.079454s, 11816 KB] g=45, 7708 evaluated, 500 expanded
[t=0.0794857s, 11816 KB] New best heuristic value for ff(): 42
[t=0.0799042s, 11816 KB] g=47, 7752 evaluated, 504 expanded
[t=0.0821336s, 11816 KB] New best heuristic value for ff(): 41
[t=0.0824556s, 11816 KB] g=49, 8030 evaluated, 521 expanded
[t=0.0824839s, 11816 KB] New best heuristic value for ff(): 40
[t=0.0825228s, 11816 KB] g=50, 8031 evaluated, 522 expanded
[t=0.0825466s, 11816 KB] New best heuristic value for ff(): 39
[t=0.0830132s, 11816 KB] g=51, 8080 evaluated, 524 expanded
[t=0.0830377s, 11816 KB] New best heuristic value for ff(): 38
[t=0.0836139s, 11816 KB] g=53, 8142 evaluated, 527 expanded
[t=0.0899967s, 11816 KB] New best heuristic value for ff(): 37
[t=0.0924003s, 11816 KB] g=55, 9091 evaluated, 601 expanded
[t=0.0924274s, 11816 KB] New best heuristic value for ff(): 36
[t=0.0931886s, 11816 KB] g=57, 9175 evaluated, 605 expanded
[t=0.0979467s, 11816 KB] New best heuristic value for ff(): 35
[t=0.101893s, 11816 KB] g=59, 10114 evaluated, 676 expanded
[t=0.101925s, 11816 KB] New best heuristic value for ff(): 34
[t=0.102412s, 11816 KB] g=61, 10168 evaluated, 680 expanded
[t=0.105895s, 11952 KB] New best heuristic value for ff(): 33
[t=0.109066s, 11952 KB] g=63, 10867 evaluated, 746 expanded
[t=0.109094s, 11952 KB] New best heuristic value for ff(): 32
[t=0.109609s, 11952 KB] g=65, 10925 evaluated, 750 expanded
[t=0.113841s, 11952 KB] New best heuristic value for ff(): 31
[t=0.116401s, 11952 KB] g=67, 11669 evaluated, 813 expanded
[t=0.116428s, 11952 KB] New best heuristic value for ff(): 30
[t=0.117276s, 11952 KB] g=69, 11766 evaluated, 817 expanded
[t=0.121799s, 11952 KB] New best heuristic value for ff(): 29
[t=0.122877s, 11952 KB] g=71, 12385 evaluated, 876 expanded
[t=0.122904s, 11952 KB] New best heuristic value for ff(): 28
[t=0.123605s, 11952 KB] g=73, 12469 evaluated, 880 expanded
[t=0.125738s, 11952 KB] New best heuristic value for ff(): 27
[t=0.128367s, 11952 KB] g=75, 12997 evaluated, 936 expanded
[t=0.128393s, 11952 KB] New best heuristic value for ff(): 26
[t=0.128972s, 11952 KB] g=77, 13066 evaluated, 940 expanded
[t=0.129706s, 11952 KB] New best heuristic value for ff(): 25
[t=0.132967s, 11952 KB] g=79, 13510 evaluated, 984 expanded
[t=0.132992s, 11952 KB] New best heuristic value for ff(): 24
[t=0.133028s, 11952 KB] g=80, 13511 evaluated, 985 expanded
[t=0.133052s, 11952 KB] New best heuristic value for ff(): 23
[t=0.133308s, 11952 KB] g=81, 13539 evaluated, 987 expanded
[t=0.133628s, 11952 KB] New best heuristic value for ff(): 22
[t=0.133837s, 11952 KB] g=83, 13597 evaluated, 991 expanded
[t=0.137599s, 11952 KB] New best heuristic value for ff(): 21
[t=0.13792s, 11952 KB] g=85, 14049 evaluated, 1035 expanded
[t=0.137945s, 11952 KB] New best heuristic value for ff(): 20
[t=0.13857s, 11952 KB] g=87, 14127 evaluated, 1039 expanded
[t=0.141548s, 12084 KB] New best heuristic value for ff(): 19
[t=0.141866s, 12084 KB] g=89, 14490 evaluated, 1081 expanded
[t=0.141893s, 12084 KB] New best heuristic value for ff(): 18
[t=0.143091s, 12084 KB] g=91, 14624 evaluated, 1085 expanded
[t=0.145502s, 12344 KB] New best heuristic value for ff(): 17
[t=0.146755s, 12344 KB] g=93, 14920 evaluated, 1123 expanded
[t=0.146783s, 12344 KB] New best heuristic value for ff(): 16
[t=0.147593s, 12344 KB] g=95, 15021 evaluated, 1127 expanded
[t=0.149446s, 12344 KB] New best heuristic value for ff(): 15
[t=0.15055s, 12344 KB] g=97, 15340 evaluated, 1161 expanded
[t=0.150577s, 12344 KB] New best heuristic value for ff(): 14
[t=0.151241s, 12344 KB] g=99, 15425 evaluated, 1165 expanded
[t=0.151266s, 12344 KB] New best heuristic value for ff(): 13
[t=0.15315s, 12344 KB] g=101, 15634 evaluated, 1194 expanded
[t=0.153381s, 12344 KB] New best heuristic value for ff(): 12
[t=0.154038s, 12344 KB] g=103, 15744 evaluated, 1198 expanded
[t=0.154061s, 12344 KB] New best heuristic value for ff(): 11
[t=0.155645s, 12344 KB] g=105, 15909 evaluated, 1222 expanded
[t=0.155677s, 12344 KB] New best heuristic value for ff(): 10
[t=0.156525s, 12344 KB] g=107, 16018 evaluated, 1226 expanded
[t=0.157308s, 12344 KB] New best heuristic value for ff(): 9
[t=0.157366s, 12344 KB] g=109, 16107 evaluated, 1247 expanded
[t=0.157391s, 12344 KB] New best heuristic value for ff(): 8
[t=0.15808s, 12344 KB] g=111, 16200 evaluated, 1251 expanded
[t=0.158104s, 12344 KB] New best heuristic value for ff(): 7
[t=0.158948s, 12344 KB] g=113, 16299 evaluated, 1267 expanded
[t=0.158973s, 12344 KB] New best heuristic value for ff(): 6
[t=0.159699s, 12344 KB] g=115, 16396 evaluated, 1270 expanded
[t=0.159722s, 12344 KB] New best heuristic value for ff(): 5
[t=0.160276s, 12344 KB] g=117, 16460 evaluated, 1284 expanded
[t=0.161211s, 12344 KB] New best heuristic value for ff(): 4
[t=0.161272s, 12344 KB] g=119, 16585 evaluated, 1288 expanded
[t=0.161296s, 12344 KB] New best heuristic value for ff(): 3
[t=0.161368s, 12344 KB] g=120, 16590 evaluated, 1289 expanded
[t=0.161392s, 12344 KB] New best heuristic value for ff(): 2
[t=0.161425s, 12344 KB] g=121, 16591 evaluated, 1290 expanded
[t=0.161448s, 12344 KB] New best heuristic value for ff(): 1
[t=0.161486s, 12344 KB] g=122, 16592 evaluated, 1291 expanded
[t=0.16151s, 12344 KB] New best heuristic value for ff(): 0
[t=0.16175s, 12344 KB] g=123, 16630 evaluated, 1293 expanded
[t=0.161775s, 12344 KB] Solution found!
[t=0.161813s, 12344 KB] Actual search time: 0.155514s
pick ball10 rooma left (1)
pick ball25 rooma right (1)
move rooma roomb (1)
drop ball10 roomb left (1)
drop ball25 roomb right (1)
move roomb rooma (1)
pick ball12 rooma left (1)
pick ball22 rooma right (1)
move rooma roomb (1)
drop ball12 roomb left (1)
drop ball22 roomb right (1)
move roomb rooma (1)
pick ball31 rooma left (1)
pick ball24 rooma right (1)
move rooma roomb (1)
drop ball31 roomb left (1)
drop ball24 roomb right (1)
move roomb rooma (1)
pick ball18 rooma left (1)
move rooma roomb (1)
drop ball18 roomb left (1)
move roomb rooma (1)
pick ball28 rooma left (1)
pick ball9 rooma right (1)
move rooma roomb (1)
drop ball28 roomb left (1)
drop ball9 roomb right (1)
move roomb rooma (1)
pick ball1 rooma left (1)
move rooma roomb (1)
drop ball1 roomb left (1)
move roomb rooma (1)
pick ball30 rooma left (1)
pick ball20 rooma right (1)
move rooma roomb (1)
drop ball30 roomb left (1)
drop ball20 roomb right (1)
move roomb rooma (1)
pick ball11 rooma left (1)
move rooma roomb (1)
drop ball11 roomb left (1)
move roomb rooma (1)
pick ball13 rooma left (1)
move rooma roomb (1)
drop ball13 roomb left (1)
move roomb rooma (1)
pick ball19 rooma left (1)
pick ball17 rooma right (1)
move rooma roomb (1)
drop ball19 roomb left (1)
drop ball17 roomb right (1)
move roomb rooma (1)
pick ball14 rooma left (1)
move rooma roomb (1)
drop ball14 roomb left (1)
move roomb rooma (1)
pick ball15 rooma left (1)
move rooma roomb (1)
drop ball15 roomb left (1)
move roomb rooma (1)
pick ball16 rooma left (1)
move rooma roomb (1)
drop ball16 roomb left (1)
move roomb rooma (1)
pick ball2 rooma left (1)
move rooma roomb (1)
drop ball2 roomb left (1)
move roomb rooma (1)
pick ball21 rooma left (1)
move rooma roomb (1)
drop ball21 roomb left (1)
move roomb rooma (1)
pick ball23 rooma left (1)
move rooma roomb (1)
drop ball23 roomb left (1)
move roomb rooma (1)
pick ball32 rooma left (1)
pick ball6 rooma right (1)
move rooma roomb (1)
drop ball32 roomb left (1)
drop ball6 roomb right (1)
move roomb rooma (1)
pick ball26 rooma left (1)
move rooma roomb (1)
drop ball26 roomb left (1)
move roomb rooma (1)
pick ball27 rooma left (1)
move rooma roomb (1)
drop ball27 roomb left (1)
move roomb rooma (1)
pick ball29 rooma left (1)
move rooma roomb (1)
drop ball29 roomb left (1)
move roomb rooma (1)
pick ball3 rooma left (1)
move rooma roomb (1)
drop ball3 roomb left (1)
move roomb rooma (1)
pick ball33 rooma left (1)
move rooma roomb (1)
drop ball33 roomb left (1)
move roomb rooma (1)
pick ball34 rooma left (1)
move rooma roomb (1)
drop ball34 roomb left (1)
move roomb rooma (1)
pick ball35 rooma left (1)
move rooma roomb (1)
drop ball35 roomb left (1)
move roomb rooma (1)
pick ball4 rooma left (1)
move rooma roomb (1)
drop ball4 roomb left (1)
move roomb rooma (1)
pick ball5 rooma left (1)
move rooma roomb (1)
drop ball5 roomb left (1)
move roomb rooma (1)
pick ball7 rooma left (1)
pick ball8 rooma right (1)
move rooma roomb (1)
drop ball7 roomb left (1)
drop ball8 roomb right (1)
[t=0.161845s, 12344 KB] Plan length: 123 step(s).
[t=0.161845s, 12344 KB] Plan cost: 123
[t=0.161845s, 12344 KB] Timestamp: 1684265446346 millisecond(s).
[t=0.161845s, 12344 KB] Expanded 1295 state(s).
[t=0.161845s, 12344 KB] Reopened 0 state(s).
[t=0.161845s, 12344 KB] Evaluated 16631 state(s).
[t=0.161845s, 12344 KB] Evaluations: 16631
[t=0.161845s, 12344 KB] Generated 22578 state(s).
[t=0.161845s, 12344 KB] Dead ends: 0 state(s).
[t=0.161845s, 12344 KB] Number of registered states: 16631
[t=0.161845s, 12344 KB] Int hash set load factor: 16631/32768 = 0.507538
[t=0.161845s, 12344 KB] Int hash set resizes: 15
[t=0.161845s, 12344 KB] Search time: 0.155769s
[t=0.161845s, 12344 KB] Total time: 0.161845s
Solution found.
Peak memory: 12344 KB
Remove intermediate file output.sas
search exit code: 0

INFO     Running validate.
INFO     validate stdin: None
INFO     validate time limit: None
INFO     validate memory limit: None
INFO     validate command line string: validate domain.pddl problem.pddl sas_plan
Checking plan: sas_plan
Plan executed successfully - checking goal
Plan valid
Final value: 123 

Successful plans:
Value: 123
 sas_plan 123 

validate exit code: 0

INFO     Planner time: 0.28s
