INFO     planner time limit: 600s
INFO     planner memory limit: 3584 MB

INFO     Running translator.
INFO     translator stdin: None
INFO     translator time limit: 599s
INFO     translator memory limit: 3584 MB
INFO     translator command line string: /usr/local/downward-projects/downward/experiments/src/thesis/.venv/bin/python3 /usr/local/downward-projects/downward/experiments/src/thesis/data/thesis-thesis_exp/code-84c08dfff1890fbf6247184940c8166177195ea1_e5e41175/builds/release/bin/translate/translate.py domain.pddl problem.pddl --sas-file output.sas
Parsing...
Parsing: [0.000s CPU, 0.004s wall-clock]
Normalizing task... [0.000s CPU, 0.000s wall-clock]
Instantiating...
Generating Datalog program... [0.000s CPU, 0.001s wall-clock]
Normalizing Datalog program...
Normalizing Datalog program: [0.000s CPU, 0.001s wall-clock]
Preparing model... [0.000s CPU, 0.002s wall-clock]
Generated 26 rules.
Computing model... [0.370s CPU, 0.366s wall-clock]
33824 relevant atoms
25340 auxiliary atoms
59164 final queue length
121054 total queue pushes
Completing instantiation... [1.500s CPU, 1.499s wall-clock]
Instantiating: [1.890s CPU, 1.887s wall-clock]
Computing fact groups...
Finding invariants...
9 initial candidates
Finding invariants: [0.010s CPU, 0.016s wall-clock]
Checking invariant weight... [0.000s CPU, 0.000s wall-clock]
Instantiating groups... [0.010s CPU, 0.004s wall-clock]
Collecting mutex groups... [0.000s CPU, 0.001s wall-clock]
Choosing groups...
0 uncovered facts
Choosing groups: [0.000s CPU, 0.002s wall-clock]
Building translation key... [0.000s CPU, 0.001s wall-clock]
Computing fact groups: [0.020s CPU, 0.029s wall-clock]
Building STRIPS to SAS dictionary... [0.000s CPU, 0.001s wall-clock]
Building dictionary for full mutex groups... [0.000s CPU, 0.000s wall-clock]
Building mutex information...
Building mutex information: [0.010s CPU, 0.000s wall-clock]
Translating task...
Processing axioms...
Simplifying axioms... [0.000s CPU, 0.000s wall-clock]
Translator axioms removed by simplifying: 0
Computing negative axioms... [0.000s CPU, 0.000s wall-clock]
Processing axioms: [0.040s CPU, 0.044s wall-clock]
Translating task: [0.890s CPU, 0.900s wall-clock]
0 effect conditions simplified
0 implied preconditions added
Detecting unreachable propositions...
0 operators removed
0 axioms removed
26 propositions removed
Detecting unreachable propositions: [0.680s CPU, 0.677s wall-clock]
Reordering and filtering variables...
26 of 26 variables necessary.
0 of 26 mutex groups necessary.
32040 of 32040 operators necessary.
0 of 0 axiom rules necessary.
Reordering and filtering variables: [0.110s CPU, 0.110s wall-clock]
Translator variables: 26
Translator derived variables: 0
Translator facts: 1280
Translator goal facts: 18
Translator mutex groups: 0
Translator total mutex groups size: 0
Translator operators: 32040
Translator axioms: 0
Translator task size: 190756
Translator peak memory: 159060 KB
Writing output... [0.150s CPU, 0.144s wall-clock]
Done! [3.800s CPU, 3.805s wall-clock]
translate exit code: 0

INFO     Running search (release).
INFO     search stdin: output.sas
INFO     search time limit: 596s
INFO     search memory limit: 3584 MB
INFO     search command line string: /usr/local/downward-projects/downward/experiments/src/thesis/data/thesis-thesis_exp/code-84c08dfff1890fbf6247184940c8166177195ea1_e5e41175/builds/release/bin/downward --evaluator 'h=ff()' --search 'eager(partition(h, plateau_partition(), inter_uniform(), intra_uniform() )) ' --internal-plan-file sas_plan < output.sas
[t=0.0027723s, 11732 KB] reading input...
[t=0.103843s, 22128 KB] done reading input!
[t=0.114519s, 25776 KB] Simplifying 63144 unary operators... done! [63144 unary operators]
[t=0.197408s, 31468 KB] time to simplify: 0.0882792s
[t=0.203394s, 31468 KB] Initializing additive heuristic...
[t=0.204846s, 31468 KB] Initializing FF heuristic...
[t=0.204875s, 31468 KB] Building successor generator...done!
[t=0.218317s, 32524 KB] peak memory difference for successor generator creation: 1056 KB
[t=0.218429s, 32524 KB] time for successor generation creation: 0.0122733s
[t=0.218455s, 32524 KB] Variables: 26
[t=0.218484s, 32524 KB] FactPairs: 1280
[t=0.218507s, 32524 KB] Bytes per state: 20
[t=0.218529s, 32524 KB] Conducting best first search without reopening closed nodes, (real) bound = 2147483647
[t=0.218758s, 32524 KB] New best heuristic value for ff(): 1838
[t=0.220475s, 32524 KB] g=0, 1 evaluated, 0 expanded
[t=0.220504s, 32524 KB] Initial heuristic value for ff(): 1838
[t=0.220536s, 32524 KB] pruning method: none
[t=0.22056s, 32524 KB] Start Timestep: 1693549951121 millisecond(s).
[t=0.220998s, 32524 KB] New best heuristic value for ff(): 1834
[t=0.224122s, 32524 KB] g=22, 4 evaluated, 1 expanded
[t=0.228933s, 32524 KB] New best heuristic value for ff(): 1830
[t=0.230845s, 32524 KB] g=15, 10 evaluated, 1 expanded
[t=0.232866s, 32524 KB] New best heuristic value for ff(): 1826
[t=0.234253s, 32524 KB] g=11, 13 evaluated, 1 expanded
[t=0.25672s, 32524 KB] New best heuristic value for ff(): 1761
[t=0.257673s, 32524 KB] g=57, 34 evaluated, 3 expanded
[t=0.272655s, 32524 KB] New best heuristic value for ff(): 1632
[t=0.275601s, 32524 KB] g=65, 50 evaluated, 4 expanded
[t=0.292542s, 32524 KB] New best heuristic value for ff(): 1631
[t=0.29469s, 32524 KB] g=46, 67 evaluated, 6 expanded
[t=0.364341s, 32524 KB] New best heuristic value for ff(): 1630
[t=0.366398s, 32524 KB] g=47, 131 evaluated, 11 expanded
[t=0.376275s, 32524 KB] New best heuristic value for ff(): 1617
[t=0.379756s, 32524 KB] g=54, 143 evaluated, 11 expanded
[t=0.501853s, 32524 KB] New best heuristic value for ff(): 1615
[t=0.50304s, 32524 KB] g=75, 250 evaluated, 20 expanded
[t=0.843276s, 32524 KB] New best heuristic value for ff(): 1614
[t=0.844531s, 32524 KB] g=111, 541 evaluated, 43 expanded
[t=1.13476s, 32524 KB] New best heuristic value for ff(): 1603
[t=1.13527s, 32524 KB] g=99, 781 evaluated, 63 expanded
[t=1.21056s, 32524 KB] New best heuristic value for ff(): 1584
[t=1.21124s, 32524 KB] g=153, 844 evaluated, 67 expanded
[t=2.15238s, 32524 KB] New best heuristic value for ff(): 1438
[t=2.15319s, 32524 KB] g=146, 1577 evaluated, 125 expanded
[t=2.40793s, 32524 KB] New best heuristic value for ff(): 1431
[t=2.4106s, 32524 KB] g=149, 1772 evaluated, 138 expanded
[t=3.40603s, 32524 KB] New best heuristic value for ff(): 1404
[t=3.40729s, 32524 KB] g=265, 2485 evaluated, 186 expanded
[t=3.52967s, 32524 KB] New best heuristic value for ff(): 1362
[t=3.53131s, 32524 KB] g=158, 2570 evaluated, 192 expanded
[t=27.1406s, 33516 KB] New best heuristic value for ff(): 1357
[t=27.1444s, 33516 KB] g=232, 13092 evaluated, 917 expanded
[t=29.8971s, 33648 KB] New best heuristic value for ff(): 1352
[t=29.8992s, 33648 KB] g=280, 13922 evaluated, 969 expanded
[t=30.694s, 33780 KB] New best heuristic value for ff(): 1321
[t=30.6962s, 33780 KB] g=254, 14152 evaluated, 985 expanded
[t=85.3132s, 36300 KB] New best heuristic value for ff(): 1320
[t=85.3146s, 36300 KB] g=255, 25591 evaluated, 1749 expanded
[t=345.947s, 41676 KB] New best heuristic value for ff(): 1318
[t=345.947s, 41676 KB] g=391, 50502 evaluated, 3385 expanded
[t=593.818s, 44552 KB] New best heuristic value for ff(): 1314
[t=593.818s, 44552 KB] g=634, 64596 evaluated, 4331 expanded
Peak memory: 44552 KB
caught signal 24 -- exiting
Time limit has been reached.
Remove intermediate file output.sas
search exit code: 23

Driver aborting after search
INFO     Planner time: 598.73s
