INFO     planner time limit: 600s
INFO     planner memory limit: 3584 MB

INFO     Running translator.
INFO     translator stdin: None
INFO     translator time limit: 599s
INFO     translator memory limit: 3584 MB
INFO     translator command line string: /usr/local/downward-projects/downward/experiments/assign3/.venv/bin/python3 /usr/local/downward-projects/downward/experiments/assign3/data/assign3-anytime_exp/code-1fb14623350588fb782db39ad332c8a25eda53d6_e5e41175/builds/release/bin/translate/translate.py domain.pddl problem.pddl --sas-file output.sas
Parsing...
Parsing: [0.010s CPU, 0.003s wall-clock]
Normalizing task... [0.000s CPU, 0.000s wall-clock]
Instantiating...
Generating Datalog program... [0.000s CPU, 0.001s wall-clock]
Normalizing Datalog program...
Normalizing Datalog program: [0.000s CPU, 0.002s wall-clock]
Preparing model... [0.000s CPU, 0.002s wall-clock]
Generated 46 rules.
Computing model... [0.020s CPU, 0.023s wall-clock]
2188 relevant atoms
2066 auxiliary atoms
4254 final queue length
7248 total queue pushes
Completing instantiation... [0.050s CPU, 0.045s wall-clock]
Instantiating: [0.070s CPU, 0.073s wall-clock]
Computing fact groups...
Finding invariants...
12 initial candidates
Finding invariants: [0.000s CPU, 0.002s wall-clock]
Checking invariant weight... [0.000s CPU, 0.000s wall-clock]
Instantiating groups... [0.000s CPU, 0.001s wall-clock]
Collecting mutex groups... [0.000s CPU, 0.000s wall-clock]
Choosing groups...
0 uncovered facts
Choosing groups: [0.000s CPU, 0.000s wall-clock]
Building translation key... [0.000s CPU, 0.000s wall-clock]
Computing fact groups: [0.000s CPU, 0.005s wall-clock]
Building STRIPS to SAS dictionary... [0.000s CPU, 0.000s wall-clock]
Building dictionary for full mutex groups... [0.000s CPU, 0.000s wall-clock]
Building mutex information...
Building mutex information: [0.000s CPU, 0.000s wall-clock]
Translating task...
Processing axioms...
Simplifying axioms... [0.000s CPU, 0.000s wall-clock]
Translator axioms removed by simplifying: 0
Computing negative axioms... [0.000s CPU, 0.000s wall-clock]
Processing axioms: [0.010s CPU, 0.002s wall-clock]
Translating task: [0.040s CPU, 0.044s wall-clock]
0 effect conditions simplified
0 implied preconditions added
Detecting unreachable propositions...
0 operators removed
0 axioms removed
16 propositions removed
Detecting unreachable propositions: [0.020s CPU, 0.018s wall-clock]
Reordering and filtering variables...
16 of 16 variables necessary.
0 of 16 mutex groups necessary.
1688 of 1688 operators necessary.
0 of 0 axiom rules necessary.
Reordering and filtering variables: [0.000s CPU, 0.006s wall-clock]
Translator variables: 16
Translator derived variables: 0
Translator facts: 214
Translator goal facts: 8
Translator mutex groups: 0
Translator total mutex groups size: 0
Translator operators: 1688
Translator axioms: 0
Translator task size: 9814
Translator peak memory: 38760 KB
Writing output... [0.000s CPU, 0.008s wall-clock]
Done! [0.150s CPU, 0.159s wall-clock]
translate exit code: 0

INFO     Running search (release).
INFO     search stdin: output.sas
INFO     search time limit: 599s
INFO     search memory limit: 3584 MB
INFO     search command line string: /usr/local/downward-projects/downward/experiments/assign3/data/assign3-anytime_exp/code-1fb14623350588fb782db39ad332c8a25eda53d6_e5e41175/builds/release/bin/downward --evaluator 'h=lmcut()' --search 'eager_anytime(single(sum([weight(h, 2, verbosity=normal), g()])), 
        reopen_closed=true, f_eval=sum([h, g()]))' --internal-plan-file sas_plan < output.sas
[t=0.00105136s, 10884 KB] reading input...
[t=0.00522709s, 11300 KB] done reading input!
[t=0.00836304s, 11868 KB] Initializing landmark cut heuristic...
[t=0.00847268s, 11868 KB] Building successor generator...done!
[t=0.00922311s, 12100 KB] peak memory difference for successor generator creation: 232 KB
[t=0.0092873s, 12100 KB] time for successor generation creation: 0s
[t=0.00931265s, 12100 KB] Variables: 16
[t=0.00934668s, 12100 KB] FactPairs: 214
[t=0.00937024s, 12100 KB] Bytes per state: 8
[t=0.00939496s, 12100 KB] Conducting best first anytime search with reopening closed nodes, (real) bound = 2147483647
[t=0.00943999s, 12100 KB] New best heuristic value for lmcut(): 53
[t=0.00981115s, 12100 KB] g=0, 1 evaluated, 0 expanded
[t=0.00983773s, 12100 KB] Initial heuristic value for lmcut(): 53
[t=0.00986418s, 12100 KB] Start Timestep: 1681958197431 millisecond(s).
[t=0.0100682s, 12100 KB] New best heuristic value for lmcut(): 45
[t=0.0102444s, 12100 KB] g=6, 2 evaluated, 1 expanded
[t=0.021962s, 12100 KB] New best heuristic value for lmcut(): 44
[t=0.0226698s, 12100 KB] g=43, 45 evaluated, 2 expanded
[t=0.132095s, 12100 KB] New best heuristic value for lmcut(): 42
[t=0.132769s, 12100 KB] g=19, 434 evaluated, 19 expanded
[t=4.21659s, 12636 KB] New best heuristic value for lmcut(): 40
[t=4.21716s, 12636 KB] g=26, 14639 evaluated, 660 expanded
[t=4.21749s, 12636 KB] New best heuristic value for lmcut(): 39
[t=4.21851s, 12636 KB] g=50, 14644 evaluated, 660 expanded
[t=68.0074s, 25076 KB] New best heuristic value for lmcut(): 38
[t=68.008s, 25076 KB] g=72, 239525 evaluated, 11584 expanded, 57 reopened
[t=96.9556s, 27048 KB] New best heuristic value for lmcut(): 35
[t=96.9575s, 27048 KB] g=38, 343234 evaluated, 16721 expanded, 66 reopened
[t=103.806s, 27720 KB] New best heuristic value for lmcut(): 34
[t=103.809s, 27720 KB] g=43, 368035 evaluated, 17843 expanded, 66 reopened
[t=145.481s, 38592 KB] New best heuristic value for lmcut(): 33
[t=145.481s, 38592 KB] g=77, 516771 evaluated, 24909 expanded, 66 reopened
[t=151.288s, 38592 KB] New best heuristic value for lmcut(): 30
[t=151.289s, 38592 KB] g=64, 538618 evaluated, 26036 expanded, 66 reopened
[t=152.386s, 38592 KB] New best heuristic value for lmcut(): 28
[t=152.387s, 38592 KB] g=43, 542889 evaluated, 26233 expanded, 66 reopened
[t=152.465s, 38592 KB] New best heuristic value for lmcut(): 27
[t=152.465s, 38592 KB] g=53, 543220 evaluated, 26247 expanded, 66 reopened
[t=153.466s, 38592 KB] New best heuristic value for lmcut(): 24
[t=153.466s, 38592 KB] g=77, 547513 evaluated, 26448 expanded, 66 reopened
[t=153.531s, 38592 KB] New best heuristic value for lmcut(): 23
[t=153.531s, 38592 KB] g=59, 547831 evaluated, 26469 expanded, 66 reopened
[t=154.191s, 38592 KB] New best heuristic value for lmcut(): 22
[t=154.191s, 38592 KB] g=69, 550838 evaluated, 26641 expanded, 94 reopened
[t=154.191s, 38592 KB] New best heuristic value for lmcut(): 19
[t=154.192s, 38592 KB] g=67, 550841 evaluated, 26641 expanded, 94 reopened
[t=167.59s, 39464 KB] New best heuristic value for lmcut(): 18
[t=167.59s, 39464 KB] g=74, 609014 evaluated, 29461 expanded, 94 reopened
[t=182.896s, 41608 KB] New best heuristic value for lmcut(): 17
[t=182.899s, 41608 KB] g=76, 676730 evaluated, 32517 expanded, 106 reopened
[t=182.904s, 41608 KB] New best heuristic value for lmcut(): 16
[t=182.904s, 41608 KB] g=82, 676763 evaluated, 32518 expanded, 106 reopened
[t=182.952s, 41608 KB] New best heuristic value for lmcut(): 11
[t=182.953s, 41608 KB] g=88, 677078 evaluated, 32531 expanded, 106 reopened
[t=182.956s, 41608 KB] New best heuristic value for lmcut(): 6
[t=182.959s, 41608 KB] g=94, 677121 evaluated, 32533 expanded, 106 reopened
[t=182.959s, 41608 KB] New best heuristic value for lmcut(): 0
[t=182.959s, 41608 KB] g=93, 677122 evaluated, 32533 expanded, 106 reopened
[t=182.96s, 41608 KB] Solution found!
board p2 slow1-0 n11 n0 n1 (0)
board p7 slow1-0 n11 n1 n2 (0)
move-up-slow slow1-0 n11 n12 (6)
board p1 slow1-0 n12 n2 n3 (0)
leave p2 slow1-0 n12 n3 n2 (0)
move-up-slow slow1-0 n12 n15 (8)
board p4 slow1-0 n15 n2 n3 (0)
move-down-slow slow1-0 n15 n13 (7)
leave p4 slow1-0 n13 n3 n2 (0)
leave p7 slow1-0 n13 n2 n1 (0)
move-up-slow slow1-0 n13 n14 (6)
board p5 slow1-0 n14 n1 n2 (0)
move-down-slow slow1-0 n14 n9 (10)
leave p5 slow1-0 n9 n2 n1 (0)
move-down-slow slow1-0 n9 n8 (6)
move-down-slow slow0-0 n7 n3 (9)
board p0 slow0-0 n3 n0 n1 (0)
move-up-slow slow0-0 n3 n8 (10)
leave p0 slow0-0 n8 n1 n0 (0)
board p0 slow1-0 n8 n1 n2 (0)
move-up-slow slow1-0 n8 n10 (7)
leave p0 slow1-0 n10 n2 n1 (0)
leave p1 slow1-0 n10 n1 n0 (0)
board p3 slow1-0 n10 n0 n1 (0)
move-down-slow slow1-0 n10 n8 (7)
leave p3 slow1-0 n8 n1 n0 (0)
board p3 slow0-0 n8 n0 n1 (0)
board p6 slow0-0 n8 n1 n2 (0)
move-down-slow slow0-0 n8 n7 (6)
leave p3 slow0-0 n7 n2 n1 (0)
move-down-slow slow0-0 n7 n1 (11)
leave p6 slow0-0 n1 n1 n0 (0)
[t=182.961s, 41608 KB] Plan length: 32 step(s).
[t=182.961s, 41608 KB] Plan cost: 93
[t=182.961s, 41608 KB] Solution: Incumbent solution found!
[t=182.961s, 41608 KB] Solution Timestep: 1681958381677 millisecond(s).
[t=182.961s, 41608 KB] Timestamp: 1681958381677 millisecond(s).
[t=182.961s, 41608 KB] Expanded 32535 state(s).
[t=182.961s, 41608 KB] Reopened 106 state(s).
[t=182.961s, 41608 KB] Evaluated 677156 state(s).
[t=182.961s, 41608 KB] Evaluations: 677156
[t=182.961s, 41608 KB] Generated 906135 state(s).
[t=182.961s, 41608 KB] Dead ends: 0 state(s).
[t=182.961s, 41608 KB] Number of registered states: 677156
[t=182.961s, 41608 KB] Int hash set load factor: 677156/1048576 = 0.645786
[t=182.961s, 41608 KB] Int hash set resizes: 20
[t=206.811s, 44416 KB] Solution found!
board p2 slow1-0 n11 n0 n1 (0)
board p7 slow1-0 n11 n1 n2 (0)
move-up-slow slow1-0 n11 n12 (6)
board p1 slow1-0 n12 n2 n3 (0)
leave p2 slow1-0 n12 n3 n2 (0)
move-up-slow slow1-0 n12 n15 (8)
board p4 slow1-0 n15 n2 n3 (0)
move-down-slow slow1-0 n15 n13 (7)
leave p4 slow1-0 n13 n3 n2 (0)
leave p7 slow1-0 n13 n2 n1 (0)
move-up-slow slow1-0 n13 n14 (6)
board p5 slow1-0 n14 n1 n2 (0)
move-down-slow slow1-0 n14 n10 (9)
board p3 slow1-0 n10 n2 n3 (0)
move-down-slow slow1-0 n10 n9 (6)
leave p5 slow1-0 n9 n3 n2 (0)
move-down-slow slow1-0 n9 n8 (6)
leave p1 slow1-0 n8 n2 n1 (0)
move-down-slow slow0-0 n7 n3 (9)
board p0 slow0-0 n3 n0 n1 (0)
move-up-slow slow0-0 n3 n8 (10)
leave p0 slow0-0 n8 n1 n0 (0)
board p0 slow1-0 n8 n1 n2 (0)
leave p3 slow1-0 n8 n2 n1 (0)
board p1 slow1-0 n8 n1 n2 (0)
move-up-slow slow1-0 n8 n10 (7)
board p3 slow0-0 n8 n0 n1 (0)
board p6 slow0-0 n8 n1 n2 (0)
move-down-slow slow0-0 n8 n7 (6)
leave p3 slow0-0 n7 n2 n1 (0)
move-down-slow slow0-0 n7 n1 (11)
leave p0 slow1-0 n10 n2 n1 (0)
leave p6 slow0-0 n1 n1 n0 (0)
leave p1 slow1-0 n10 n1 n0 (0)
[t=206.813s, 44416 KB] Plan length: 34 step(s).
[t=206.813s, 44416 KB] Plan cost: 91
[t=206.813s, 44416 KB] Solution: Incumbent solution found!
[t=206.813s, 44416 KB] Solution Timestep: 1681958405601 millisecond(s).
[t=206.813s, 44416 KB] Timestamp: 1681958405601 millisecond(s).
[t=206.813s, 44416 KB] Expanded 37466 state(s).
[t=206.814s, 44416 KB] Reopened 202 state(s).
[t=206.814s, 44416 KB] Evaluated 706041 state(s).
[t=206.814s, 44416 KB] Evaluations: 777924
[t=206.814s, 44416 KB] Generated 1043210 state(s).
[t=206.814s, 44416 KB] Dead ends: 0 state(s).
[t=206.814s, 44416 KB] Number of registered states: 777924
[t=206.814s, 44416 KB] Int hash set load factor: 777924/1048576 = 0.741886
[t=206.814s, 44416 KB] Int hash set resizes: 20
Peak memory: 112896 KB
caught signal 24 -- exiting
Time limit has been reached.
Remove intermediate file output.sas
search exit code: 23

Driver aborting after search
INFO     Planner time: 597.22s
