INFO     planner time limit: 300s
INFO     planner memory limit: 3584 MB

INFO     Running translator.
INFO     translator stdin: None
INFO     translator time limit: 299s
INFO     translator memory limit: 3584 MB
INFO     translator command line string: /usr/local/downward-projects/downward/experiments/.venv/bin/python3 /usr/local/downward-projects/downward/experiments/src/thesis/data/thesis-thesis_exp/code-d93485cdd92f65ede2ae3573b3f4adda0b49e4fd_e5e41175/builds/release/bin/translate/translate.py domain.pddl problem.pddl --sas-file output.sas
Parsing...
Parsing: [0.000s CPU, 0.003s wall-clock]
Normalizing task... [0.000s CPU, 0.000s wall-clock]
Instantiating...
Generating Datalog program... [0.000s CPU, 0.001s wall-clock]
Normalizing Datalog program...
Normalizing Datalog program: [0.000s CPU, 0.003s wall-clock]
Preparing model... [0.000s CPU, 0.002s wall-clock]
Generated 79 rules.
Computing model... [0.980s CPU, 0.985s wall-clock]
87465 relevant atoms
38240 auxiliary atoms
125705 final queue length
375191 total queue pushes
Completing instantiation... [2.680s CPU, 2.683s wall-clock]
Instantiating: [3.700s CPU, 3.714s wall-clock]
Computing fact groups...
Finding invariants...
14 initial candidates
Finding invariants: [0.060s CPU, 0.063s wall-clock]
Checking invariant weight... [0.000s CPU, 0.000s wall-clock]
Instantiating groups... [0.000s CPU, 0.000s wall-clock]
Collecting mutex groups... [0.000s CPU, 0.001s wall-clock]
Choosing groups...
2344 uncovered facts
Choosing groups: [0.010s CPU, 0.001s wall-clock]
Building translation key... [0.010s CPU, 0.007s wall-clock]
Computing fact groups: [0.090s CPU, 0.086s wall-clock]
Building STRIPS to SAS dictionary... [0.000s CPU, 0.002s wall-clock]
Building dictionary for full mutex groups... [0.000s CPU, 0.002s wall-clock]
Building mutex information...
Building mutex information: [0.000s CPU, 0.001s wall-clock]
Translating task...
Processing axioms...
Simplifying axioms... [0.000s CPU, 0.000s wall-clock]
Translator axioms removed by simplifying: 0
Computing negative axioms... [0.000s CPU, 0.000s wall-clock]
Processing axioms: [0.050s CPU, 0.046s wall-clock]
Translating task: [1.630s CPU, 1.617s wall-clock]
78144 effect conditions simplified
0 implied preconditions added
Detecting unreachable propositions...
0 operators removed
0 axioms removed
1 propositions removed
Detecting unreachable propositions: [1.000s CPU, 1.009s wall-clock]
Reordering and filtering variables...
2345 of 2345 variables necessary.
0 of 1 mutex groups necessary.
31792 of 31792 operators necessary.
0 of 0 axiom rules necessary.
Reordering and filtering variables: [1.170s CPU, 1.175s wall-clock]
Translator variables: 2345
Translator derived variables: 0
Translator facts: 4736
Translator goal facts: 24
Translator mutex groups: 0
Translator total mutex groups size: 0
Translator operators: 31792
Translator axioms: 0
Translator task size: 273233
Translator peak memory: 212416 KB
Writing output... [0.220s CPU, 0.226s wall-clock]
Done! [7.890s CPU, 7.908s wall-clock]
translate exit code: 0

INFO     Running search (release).
INFO     search stdin: output.sas
INFO     search time limit: 291s
INFO     search memory limit: 3584 MB
INFO     search command line string: /usr/local/downward-projects/downward/experiments/src/thesis/data/thesis-thesis_exp/code-d93485cdd92f65ede2ae3573b3f4adda0b49e4fd_e5e41175/builds/release/bin/downward --evaluator 'h=ff()' --search 'eager( alt( [lwm_intra_explore_type(h), single(h)] ) )' --internal-plan-file sas_plan < output.sas
[t=0s, 11364 KB] reading input...
[t=0.151166s, 24144 KB] done reading input!
[t=0.171116s, 33140 KB] Simplifying 141328 unary operators... done! [103096 unary operators]
[t=0.314833s, 42128 KB] time to simplify: 0.143717s
[t=0.318778s, 42128 KB] Initializing additive heuristic...
[t=0.319228s, 42128 KB] Initializing FF heuristic...
[t=0.319257s, 42128 KB] Building successor generator...done!
[t=0.330955s, 42128 KB] peak memory difference for successor generator creation: 0 KB
[t=0.331047s, 42128 KB] time for successor generation creation: 0.0112578s
[t=0.331072s, 42128 KB] Variables: 2345
[t=0.331128s, 42128 KB] FactPairs: 4736
[t=0.331153s, 42128 KB] Bytes per state: 296
[t=0.331177s, 42128 KB] Conducting best first search without reopening closed nodes, (real) bound = 2147483647
[t=0.331244s, 42128 KB] New best heuristic value for ff(): 35
[t=0.332975s, 42128 KB] g=0, 1 evaluated, 0 expanded
[t=0.333002s, 42128 KB] Initial heuristic value for ff(): 35
[t=0.333039s, 42128 KB] pruning method: none
[t=0.333063s, 42128 KB] Start Timestep: 1687931517682 millisecond(s).
[t=0.334518s, 42128 KB] New best heuristic value for ff(): 32
[t=0.336045s, 42128 KB] g=3, 5 evaluated, 1 expanded
[t=0.338477s, 42128 KB] New best heuristic value for ff(): 29
[t=0.33958s, 42128 KB] g=6, 10 evaluated, 2 expanded
[t=0.350404s, 42128 KB] New best heuristic value for ff(): 26
[t=0.35055s, 42128 KB] g=9, 26 evaluated, 4 expanded
[t=0.358354s, 42128 KB] New best heuristic value for ff(): 23
[t=0.361525s, 42128 KB] g=12, 42 evaluated, 6 expanded
[t=0.609886s, 42128 KB] New best heuristic value for ff(): 22
[t=0.611342s, 42128 KB] g=18, 411 evaluated, 46 expanded
[t=16.048s, 45976 KB] New best heuristic value for ff(): 20
[t=16.0483s, 45976 KB] g=40, 23172 evaluated, 2781 expanded
[t=16.0519s, 45976 KB] New best heuristic value for ff(): 19
[t=16.0557s, 45976 KB] g=43, 23183 evaluated, 2782 expanded
[t=16.0678s, 45976 KB] New best heuristic value for ff(): 16
[t=16.0688s, 45976 KB] g=46, 23202 evaluated, 2784 expanded
[t=24.791s, 52844 KB] New best heuristic value for ff(): 14
[t=24.793s, 52844 KB] g=69, 36134 evaluated, 4401 expanded
[t=24.8428s, 52844 KB] New best heuristic value for ff(): 12
[t=24.8465s, 52844 KB] g=73, 36213 evaluated, 4407 expanded
[t=24.8787s, 52844 KB] New best heuristic value for ff(): 11
[t=24.88s, 52844 KB] g=77, 36263 evaluated, 4411 expanded
[t=24.8986s, 52844 KB] New best heuristic value for ff(): 10
[t=24.9013s, 52844 KB] g=79, 36295 evaluated, 4413 expanded
[t=24.9105s, 52844 KB] New best heuristic value for ff(): 8
[t=24.9144s, 52844 KB] g=81, 36315 evaluated, 4415 expanded
Peak memory: 225092 KB
caught signal 24 -- exiting
Time limit has been reached.
Remove intermediate file output.sas
search exit code: 23

Driver aborting after search
INFO     Planner time: 298.31s
