INFO     planner time limit: 600s
INFO     planner memory limit: 3584 MB

INFO     Running translator.
INFO     translator stdin: None
INFO     translator time limit: 599s
INFO     translator memory limit: 3584 MB
INFO     translator command line string: /usr/local/downward-projects/downward/experiments/src/thesis/.venv/bin/python3 /usr/local/downward-projects/downward/experiments/src/thesis/data/thesis-thesis_exp/code-84c08dfff1890fbf6247184940c8166177195ea1_e5e41175/builds/release/bin/translate/translate.py domain.pddl problem.pddl --sas-file output.sas
Parsing...
Parsing: [0.070s CPU, 0.070s wall-clock]
Normalizing task... [0.010s CPU, 0.004s wall-clock]
Instantiating...
Generating Datalog program... [0.050s CPU, 0.051s wall-clock]
Normalizing Datalog program...
Normalizing Datalog program: [0.000s CPU, 0.003s wall-clock]
Preparing model... [0.120s CPU, 0.120s wall-clock]
Generated 6 rules.
Computing model... [0.300s CPU, 0.299s wall-clock]
38886 relevant atoms
14905 auxiliary atoms
53791 final queue length
71503 total queue pushes
Completing instantiation... [0.340s CPU, 0.333s wall-clock]
Instantiating: [0.820s CPU, 0.828s wall-clock]
Computing fact groups...
Finding invariants...
4 initial candidates
Finding invariants: [0.010s CPU, 0.003s wall-clock]
Checking invariant weight... [0.000s CPU, 0.005s wall-clock]
Instantiating groups... [0.010s CPU, 0.005s wall-clock]
Collecting mutex groups... [0.000s CPU, 0.003s wall-clock]
Choosing groups...
3025 uncovered facts
Choosing groups: [0.070s CPU, 0.066s wall-clock]
Building translation key... [0.000s CPU, 0.009s wall-clock]
Computing fact groups: [0.130s CPU, 0.131s wall-clock]
Building STRIPS to SAS dictionary... [0.010s CPU, 0.007s wall-clock]
Building dictionary for full mutex groups... [0.010s CPU, 0.005s wall-clock]
Building mutex information...
Building mutex information: [0.000s CPU, 0.004s wall-clock]
Translating task...
Processing axioms...
Simplifying axioms... [0.000s CPU, 0.000s wall-clock]
Translator axioms removed by simplifying: 0
Computing negative axioms... [0.000s CPU, 0.000s wall-clock]
Processing axioms: [0.010s CPU, 0.013s wall-clock]
Translating task: [0.310s CPU, 0.310s wall-clock]
0 effect conditions simplified
0 implied preconditions added
Detecting unreachable propositions...
0 operators removed
0 axioms removed
3 propositions removed
Detecting unreachable propositions: [0.270s CPU, 0.267s wall-clock]
Reordering and filtering variables...
3025 of 3025 variables necessary.
0 of 1 mutex groups necessary.
11880 of 11880 operators necessary.
0 of 0 axiom rules necessary.
Reordering and filtering variables: [0.130s CPU, 0.129s wall-clock]
Translator variables: 3025
Translator derived variables: 0
Translator facts: 9073
Translator goal facts: 3024
Translator mutex groups: 0
Translator total mutex groups size: 0
Translator operators: 11880
Translator axioms: 0
Translator task size: 62638
Translator peak memory: 85036 KB
Writing output... [0.060s CPU, 0.057s wall-clock]
Done! [1.840s CPU, 1.835s wall-clock]
translate exit code: 0

INFO     Running search (release).
INFO     search stdin: output.sas
INFO     search time limit: 598s
INFO     search memory limit: 3584 MB
INFO     search command line string: /usr/local/downward-projects/downward/experiments/src/thesis/data/thesis-thesis_exp/code-84c08dfff1890fbf6247184940c8166177195ea1_e5e41175/builds/release/bin/downward --evaluator 'h=ff()' --search 'eager(partition(h, h_partition(), inter_uniform(), intra_uniform() )) ' --internal-plan-file sas_plan < output.sas
[t=0s, 11732 KB] reading input...
[t=0.043544s, 16244 KB] done reading input!
[t=0.0474873s, 17716 KB] Simplifying 23756 unary operators... done! [23756 unary operators]
[t=0.0577449s, 19840 KB] time to simplify: 0.0102577s
[t=0.0593274s, 19840 KB] Initializing additive heuristic...
[t=0.059911s, 19840 KB] Initializing FF heuristic...
[t=0.0599399s, 19840 KB] Building successor generator...done!
[t=0.0620892s, 19840 KB] peak memory difference for successor generator creation: 0 KB
[t=0.0621526s, 19840 KB] time for successor generation creation: 0s
[t=0.0621763s, 19840 KB] Variables: 3025
[t=0.0624332s, 19840 KB] FactPairs: 9073
[t=0.0624572s, 19840 KB] Bytes per state: 380
[t=0.0624799s, 19840 KB] Conducting best first search without reopening closed nodes, (real) bound = 2147483647
[t=0.0631686s, 19840 KB] New best heuristic value for ff(): 3024
[t=0.063278s, 19840 KB] g=0, 1 evaluated, 0 expanded
[t=0.0633032s, 19840 KB] Initial heuristic value for ff(): 3024
[t=0.0633324s, 19840 KB] pruning method: none
[t=0.0633555s, 19840 KB] Start Timestep: 1693685681978 millisecond(s).
[t=0.0634015s, 19840 KB] New best heuristic value for ff(): 3023
[t=0.0662863s, 19840 KB] g=2, 7 evaluated, 2 expanded
[t=0.0870442s, 19840 KB] New best heuristic value for ff(): 3022
[t=0.0891513s, 19840 KB] g=5, 57 evaluated, 15 expanded
[t=0.138977s, 19840 KB] New best heuristic value for ff(): 3021
[t=0.142276s, 19840 KB] g=10, 170 evaluated, 48 expanded
[t=0.186901s, 19840 KB] New best heuristic value for ff(): 3020
[t=0.187946s, 19840 KB] g=14, 264 evaluated, 76 expanded
[t=0.829113s, 19840 KB] New best heuristic value for ff(): 3019
[t=0.830998s, 19840 KB] g=18, 1375 evaluated, 402 expanded
[t=7.95414s, 22704 KB] New best heuristic value for ff(): 3018
[t=7.9569s, 22704 KB] g=21, 7341 evaluated, 2140 expanded
[t=562.241s, 47372 KB] New best heuristic value for ff(): 3017
[t=562.245s, 47372 KB] g=26, 44300 evaluated, 12943 expanded
Peak memory: 47920 KB
caught signal 24 -- exiting
Time limit has been reached.
Remove intermediate file output.sas
search exit code: 23

Driver aborting after search
INFO     Planner time: 599.05s
