INFO     planner time limit: 600s
INFO     planner memory limit: 3584 MB

INFO     Running translator.
INFO     translator stdin: None
INFO     translator time limit: 599s
INFO     translator memory limit: 3584 MB
INFO     translator command line string: /usr/local/downward-projects/downward/experiments/src/thesis/.venv/bin/python3 /usr/local/downward-projects/downward/experiments/src/thesis/data/thesis-thesis_exp/code-84c08dfff1890fbf6247184940c8166177195ea1_e5e41175/builds/release/bin/translate/translate.py domain.pddl problem.pddl --sas-file output.sas
Parsing...
Parsing: [0.000s CPU, 0.002s wall-clock]
Normalizing task... [0.000s CPU, 0.000s wall-clock]
Instantiating...
Generating Datalog program... [0.000s CPU, 0.000s wall-clock]
Normalizing Datalog program...
Normalizing Datalog program: [0.000s CPU, 0.002s wall-clock]
Preparing model... [0.010s CPU, 0.001s wall-clock]
Generated 51 rules.
Computing model... [0.050s CPU, 0.056s wall-clock]
6319 relevant atoms
3714 auxiliary atoms
10033 final queue length
22849 total queue pushes
Completing instantiation... [0.200s CPU, 0.186s wall-clock]
Instantiating: [0.260s CPU, 0.248s wall-clock]
Computing fact groups...
Finding invariants...
5 initial candidates
Finding invariants: [0.010s CPU, 0.012s wall-clock]
Checking invariant weight... [0.000s CPU, 0.000s wall-clock]
Instantiating groups... [0.000s CPU, 0.001s wall-clock]
Collecting mutex groups... [0.000s CPU, 0.000s wall-clock]
Choosing groups...
12 uncovered facts
Choosing groups: [0.000s CPU, 0.000s wall-clock]
Building translation key... [0.000s CPU, 0.000s wall-clock]
Computing fact groups: [0.010s CPU, 0.014s wall-clock]
Building STRIPS to SAS dictionary... [0.000s CPU, 0.000s wall-clock]
Building dictionary for full mutex groups... [0.000s CPU, 0.001s wall-clock]
Building mutex information...
Building mutex information: [0.000s CPU, 0.000s wall-clock]
Translating task...
Processing axioms...
Simplifying axioms... [0.000s CPU, 0.000s wall-clock]
Translator axioms removed by simplifying: 0
Computing negative axioms... [0.000s CPU, 0.000s wall-clock]
Processing axioms: [0.010s CPU, 0.008s wall-clock]
Translating task: [0.130s CPU, 0.126s wall-clock]
0 effect conditions simplified
0 implied preconditions added
Detecting unreachable propositions...
0 operators removed
0 axioms removed
12 propositions removed
Detecting unreachable propositions: [0.110s CPU, 0.108s wall-clock]
Reordering and filtering variables...
24 of 24 variables necessary.
12 of 24 mutex groups necessary.
5544 of 5544 operators necessary.
0 of 0 axiom rules necessary.
Reordering and filtering variables: [0.010s CPU, 0.018s wall-clock]
Translator variables: 24
Translator derived variables: 0
Translator facts: 168
Translator goal facts: 24
Translator mutex groups: 12
Translator total mutex groups size: 144
Translator operators: 5544
Translator axioms: 0
Translator task size: 28872
Translator peak memory: 53324 KB
Writing output... [0.020s CPU, 0.023s wall-clock]
Done! [0.550s CPU, 0.550s wall-clock]
translate exit code: 0

INFO     Running search (release).
INFO     search stdin: output.sas
INFO     search time limit: 599s
INFO     search memory limit: 3584 MB
INFO     search command line string: /usr/local/downward-projects/downward/experiments/src/thesis/data/thesis-thesis_exp/code-84c08dfff1890fbf6247184940c8166177195ea1_e5e41175/builds/release/bin/downward --evaluator 'h=ff()' --search 'eager(partition(h, plateau_partition(), inter_uniform(), intra_uniform() )) ' --internal-plan-file sas_plan < output.sas
[t=0.00208912s, 11732 KB] reading input...
[t=0.018026s, 13308 KB] done reading input!
[t=0.0219818s, 14220 KB] Simplifying 11880 unary operators... done! [10296 unary operators]
[t=0.0260221s, 15012 KB] time to simplify: 0.00404036s
[t=0.0265404s, 15012 KB] Initializing additive heuristic...
[t=0.026725s, 15012 KB] Initializing FF heuristic...
[t=0.0267532s, 15012 KB] Building successor generator...done!
[t=0.0284484s, 15012 KB] peak memory difference for successor generator creation: 0 KB
[t=0.0285106s, 15012 KB] time for successor generation creation: 0s
[t=0.0285374s, 15012 KB] Variables: 24
[t=0.0285669s, 15012 KB] FactPairs: 168
[t=0.0285906s, 15012 KB] Bytes per state: 8
[t=0.0286137s, 15012 KB] Conducting best first search without reopening closed nodes, (real) bound = 2147483647
[t=0.0286705s, 15012 KB] New best heuristic value for ff(): 42
[t=0.0288059s, 15012 KB] g=0, 1 evaluated, 0 expanded
[t=0.0288302s, 15012 KB] Initial heuristic value for ff(): 42
[t=0.0288602s, 15012 KB] pruning method: none
[t=0.0288843s, 15012 KB] Start Timestep: 1693560157953 millisecond(s).
[t=0.0289328s, 15012 KB] New best heuristic value for ff(): 39
[t=0.0290526s, 15012 KB] g=3, 2 evaluated, 1 expanded
[t=0.0296865s, 15012 KB] New best heuristic value for ff(): 38
[t=0.0325095s, 15012 KB] g=6, 44 evaluated, 2 expanded
[t=0.033651s, 15012 KB] New best heuristic value for ff(): 35
[t=0.0355377s, 15012 KB] g=6, 79 evaluated, 2 expanded
[t=0.0376195s, 15012 KB] New best heuristic value for ff(): 33
[t=0.0397561s, 15012 KB] g=9, 127 evaluated, 4 expanded
[t=0.0935183s, 15012 KB] New best heuristic value for ff(): 32
[t=0.0950267s, 15012 KB] g=10, 593 evaluated, 15 expanded
[t=0.16522s, 15012 KB] New best heuristic value for ff(): 31
[t=0.168627s, 15012 KB] g=16, 1044 evaluated, 27 expanded
[t=0.177135s, 15012 KB] New best heuristic value for ff(): 30
[t=0.180023s, 15012 KB] g=13, 1104 evaluated, 29 expanded
[t=0.51304s, 15012 KB] New best heuristic value for ff(): 29
[t=0.514077s, 15012 KB] g=19, 2421 evaluated, 63 expanded
[t=0.836917s, 15144 KB] New best heuristic value for ff(): 28
[t=0.840267s, 15144 KB] g=20, 3335 evaluated, 87 expanded
[t=0.900845s, 15144 KB] New best heuristic value for ff(): 27
[t=0.902682s, 15144 KB] g=21, 3488 evaluated, 91 expanded
[t=1.66833s, 15428 KB] New best heuristic value for ff(): 26
[t=1.67239s, 15428 KB] g=25, 5025 evaluated, 131 expanded
[t=1.67242s, 15428 KB] New best heuristic value for ff(): 24
[t=1.67368s, 15428 KB] g=27, 5027 evaluated, 131 expanded
[t=2.3561s, 15740 KB] New best heuristic value for ff(): 23
[t=2.35785s, 15740 KB] g=28, 6124 evaluated, 160 expanded
[t=2.73599s, 15792 KB] New best heuristic value for ff(): 21
[t=2.73851s, 15792 KB] g=28, 6647 evaluated, 173 expanded
[t=3.95135s, 16132 KB] New best heuristic value for ff(): 20
[t=3.95438s, 16132 KB] g=35, 8132 evaluated, 213 expanded
[t=3.95927s, 16132 KB] New best heuristic value for ff(): 19
[t=3.96093s, 16132 KB] g=35, 8139 evaluated, 213 expanded
[t=4.09493s, 16132 KB] New best heuristic value for ff(): 18
[t=4.09563s, 16132 KB] g=38, 8285 evaluated, 217 expanded
[t=4.3028s, 16132 KB] New best heuristic value for ff(): 16
[t=4.30468s, 16132 KB] g=38, 8506 evaluated, 223 expanded
[t=5.01458s, 16236 KB] New best heuristic value for ff(): 15
[t=5.01631s, 16236 KB] g=39, 9216 evaluated, 242 expanded
[t=5.25416s, 16340 KB] New best heuristic value for ff(): 14
[t=5.25434s, 16340 KB] g=42, 9439 evaluated, 248 expanded
[t=5.28209s, 16340 KB] New best heuristic value for ff(): 13
[t=5.28579s, 16340 KB] g=40, 9468 evaluated, 248 expanded
[t=5.33003s, 16340 KB] New best heuristic value for ff(): 12
[t=5.33028s, 16340 KB] g=46, 9509 evaluated, 250 expanded
[t=6.02567s, 16456 KB] New best heuristic value for ff(): 11
[t=6.02926s, 16456 KB] g=48, 10131 evaluated, 267 expanded
[t=6.0296s, 16456 KB] New best heuristic value for ff(): 10
[t=6.03289s, 16456 KB] g=48, 10134 evaluated, 267 expanded
[t=7.62478s, 17008 KB] New best heuristic value for ff(): 9
[t=7.62504s, 17008 KB] g=49, 11421 evaluated, 301 expanded
[t=7.65671s, 17008 KB] New best heuristic value for ff(): 8
[t=7.6588s, 17008 KB] g=51, 11447 evaluated, 301 expanded
[t=8.02059s, 17008 KB] New best heuristic value for ff(): 7
[t=8.02416s, 17008 KB] g=52, 11723 evaluated, 309 expanded
[t=8.78836s, 17008 KB] New best heuristic value for ff(): 6
[t=8.78936s, 17008 KB] g=51, 12280 evaluated, 324 expanded
[t=9.00425s, 17008 KB] New best heuristic value for ff(): 5
[t=9.00723s, 17008 KB] g=52, 12435 evaluated, 328 expanded
[t=10.7876s, 17272 KB] New best heuristic value for ff(): 4
[t=10.7911s, 17272 KB] g=53, 13630 evaluated, 360 expanded
[t=10.7954s, 17272 KB] New best heuristic value for ff(): 3
[t=10.796s, 17272 KB] g=55, 13633 evaluated, 360 expanded
[t=11.9909s, 17404 KB] New best heuristic value for ff(): 2
[t=11.9919s, 17404 KB] g=56, 14378 evaluated, 380 expanded
[t=14.6023s, 17664 KB] New best heuristic value for ff(): 1
[t=14.6032s, 17664 KB] g=57, 15871 evaluated, 421 expanded
[t=14.6622s, 17664 KB] New best heuristic value for ff(): 0
[t=14.6647s, 17664 KB] g=58, 15905 evaluated, 422 expanded
[t=16.1176s, 17796 KB] Solution found!
[t=16.1188s, 17796 KB] Actual search time: 16.0898s
analyze-2 seg-in-6 seg-out-1 car-in-6 car-out-1 (3)
analyze-2 seg-in-6 seg-out-1 car-out-1 car-in-6 (3)
rotate-2 seg-in-1 seg-out-4 car-in-1 car-out-4 (1)
analyze-2 seg-in-4 seg-out-1 car-in-4 car-out-1 (3)
analyze-2 seg-in-5 seg-out-1 car-in-5 car-in-4 (3)
rotate-2 seg-in-5 seg-out-1 car-in-4 car-in-5 (1)
rotate-2 seg-in-2 seg-out-3 car-in-2 car-out-3 (1)
rotate-2 seg-in-4 seg-out-1 car-out-1 car-in-4 (1)
analyze-2 seg-in-3 seg-out-1 car-in-3 car-out-1 (3)
rotate-2 seg-in-2 seg-out-3 car-out-3 car-in-2 (1)
rotate-2 seg-in-3 seg-out-3 car-out-1 car-out-3 (1)
analyze-2 seg-in-3 seg-out-1 car-out-3 car-in-3 (3)
analyze-2 seg-in-2 seg-out-1 car-in-2 car-out-3 (3)
rotate-2 seg-in-5 seg-out-5 car-in-5 car-out-5 (1)
analyze-2 seg-in-5 seg-out-1 car-out-5 car-in-2 (3)
analyze-2 seg-in-1 seg-out-1 car-out-4 car-out-5 (3)
rotate-2 seg-in-1 seg-out-4 car-out-5 car-in-1 (1)
rotate-2 seg-in-5 seg-out-3 car-in-2 car-out-1 (1)
analyze-2 seg-in-1 seg-out-1 car-in-1 car-out-4 (3)
rotate-2 seg-in-3 seg-out-2 car-in-3 car-out-2 (1)
analyze-2 seg-in-3 seg-out-1 car-out-2 car-in-1 (3)
rotate-2 seg-in-6 seg-out-6 car-in-6 car-out-6 (1)
analyze-2 seg-in-6 seg-out-1 car-out-6 car-out-2 (3)
rotate-2 seg-in-3 seg-out-4 car-in-1 car-out-5 (1)
rotate-2 seg-in-6 seg-out-2 car-out-2 car-in-3 (1)
rotate-2 seg-in-6 seg-out-1 car-in-3 car-out-6 (1)
rotate-2 seg-in-1 seg-out-4 car-out-4 car-in-1 (1)
rotate-2 seg-in-3 seg-out-5 car-out-5 car-in-5 (1)
rotate-2 seg-in-2 seg-out-3 car-out-3 car-in-2 (1)
rotate-2 seg-in-1 seg-out-2 car-in-1 car-out-2 (1)
rotate-2 seg-in-3 seg-out-1 car-in-5 car-in-3 (1)
rotate-2 seg-in-6 seg-out-6 car-out-6 car-in-6 (1)
rotate-2 seg-in-5 seg-out-1 car-out-1 car-in-5 (1)
rotate-2 seg-in-1 seg-out-2 car-out-2 car-in-1 (1)
[t=16.1188s, 17796 KB] Plan length: 34 step(s).
[t=16.1188s, 17796 KB] Plan cost: 58
[t=16.1188s, 17796 KB] Timestamp: 1693560174052 millisecond(s).
[t=16.1188s, 17796 KB] Expanded 443 state(s).
[t=16.1188s, 17796 KB] Reopened 0 state(s).
[t=16.1188s, 17796 KB] Evaluated 16676 state(s).
[t=16.1188s, 17796 KB] Evaluations: 16676
[t=16.1188s, 17796 KB] Generated 18564 state(s).
[t=16.1188s, 17796 KB] Dead ends: 0 state(s).
[t=16.1188s, 17796 KB] Number of registered states: 16676
[t=16.1188s, 17796 KB] Int hash set load factor: 16676/32768 = 0.508911
[t=16.1188s, 17796 KB] Int hash set resizes: 15
[t=16.1188s, 17796 KB] Search time: 16.0902s
[t=16.1188s, 17796 KB] Total time: 16.1188s
Solution found.
Peak memory: 17796 KB
Remove intermediate file output.sas
search exit code: 0

INFO     Running validate.
INFO     validate stdin: None
INFO     validate time limit: None
INFO     validate memory limit: None
INFO     validate command line string: validate domain.pddl problem.pddl sas_plan
Checking plan: sas_plan
Plan executed successfully - checking goal
Plan valid
Final value: 58 

Successful plans:
Value: 58
 sas_plan 58 

validate exit code: 0

INFO     Planner time: 16.76s
