INFO     planner time limit: 300s
INFO     planner memory limit: 3584 MB

INFO     Running translator.
INFO     translator stdin: None
INFO     translator time limit: 299s
INFO     translator memory limit: 3584 MB
INFO     translator command line string: /usr/local/downward-projects/downward/experiments/.venv/bin/python3 /usr/local/downward-projects/downward/experiments/src/thesis/data/thesis-thesis_exp/code-d93485cdd92f65ede2ae3573b3f4adda0b49e4fd_e5e41175/builds/release/bin/translate/translate.py domain.pddl problem.pddl --sas-file output.sas
Parsing...
Parsing: [0.090s CPU, 0.098s wall-clock]
Normalizing task... [0.000s CPU, 0.005s wall-clock]
Instantiating...
Generating Datalog program... [0.050s CPU, 0.048s wall-clock]
Normalizing Datalog program...
Normalizing Datalog program: [0.010s CPU, 0.003s wall-clock]
Preparing model... [0.180s CPU, 0.180s wall-clock]
Generated 6 rules.
Computing model... [0.380s CPU, 0.381s wall-clock]
49477 relevant atoms
18972 auxiliary atoms
68449 final queue length
91019 total queue pushes
Completing instantiation... [0.490s CPU, 0.491s wall-clock]
Instantiating: [1.140s CPU, 1.131s wall-clock]
Computing fact groups...
Finding invariants...
4 initial candidates
Finding invariants: [0.000s CPU, 0.003s wall-clock]
Checking invariant weight... [0.010s CPU, 0.006s wall-clock]
Instantiating groups... [0.010s CPU, 0.007s wall-clock]
Collecting mutex groups... [0.010s CPU, 0.004s wall-clock]
Choosing groups...
3844 uncovered facts
Choosing groups: [0.010s CPU, 0.010s wall-clock]
Building translation key... [0.010s CPU, 0.012s wall-clock]
Computing fact groups: [0.090s CPU, 0.094s wall-clock]
Building STRIPS to SAS dictionary... [0.010s CPU, 0.008s wall-clock]
Building dictionary for full mutex groups... [0.010s CPU, 0.006s wall-clock]
Building mutex information...
Building mutex information: [0.000s CPU, 0.005s wall-clock]
Translating task...
Processing axioms...
Simplifying axioms... [0.000s CPU, 0.000s wall-clock]
Translator axioms removed by simplifying: 0
Computing negative axioms... [0.000s CPU, 0.000s wall-clock]
Processing axioms: [0.020s CPU, 0.016s wall-clock]
Translating task: [0.480s CPU, 0.482s wall-clock]
0 effect conditions simplified
0 implied preconditions added
Detecting unreachable propositions...
0 operators removed
0 axioms removed
3 propositions removed
Detecting unreachable propositions: [0.330s CPU, 0.330s wall-clock]
Reordering and filtering variables...
3844 of 3844 variables necessary.
0 of 1 mutex groups necessary.
15128 of 15128 operators necessary.
0 of 0 axiom rules necessary.
Reordering and filtering variables: [0.060s CPU, 0.055s wall-clock]
Translator variables: 3844
Translator derived variables: 0
Translator facts: 11530
Translator goal facts: 3843
Translator mutex groups: 0
Translator total mutex groups size: 0
Translator operators: 15128
Translator axioms: 0
Translator task size: 79725
Translator peak memory: 99240 KB
Writing output... [0.070s CPU, 0.072s wall-clock]
Done! [2.310s CPU, 2.316s wall-clock]
translate exit code: 0

INFO     Running search (release).
INFO     search stdin: output.sas
INFO     search time limit: 297s
INFO     search memory limit: 3584 MB
INFO     search command line string: /usr/local/downward-projects/downward/experiments/src/thesis/data/thesis-thesis_exp/code-d93485cdd92f65ede2ae3573b3f4adda0b49e4fd_e5e41175/builds/release/bin/downward --evaluator 'h=ff()' --search 'eager(alt([type_based([h, g()], random_seed=-1), single(h)]))' --internal-plan-file sas_plan < output.sas
[t=0.0019488s, 11364 KB] reading input...
[t=0.0538375s, 17192 KB] done reading input!
[t=0.0577935s, 18732 KB] Simplifying 30252 unary operators... done! [30252 unary operators]
[t=0.0736585s, 21616 KB] time to simplify: 0.015865s
[t=0.0755198s, 21616 KB] Initializing additive heuristic...
[t=0.0761803s, 21616 KB] Initializing FF heuristic...
[t=0.076209s, 21616 KB] Building successor generator...done!
[t=0.0789663s, 21616 KB] peak memory difference for successor generator creation: 0 KB
[t=0.0790387s, 21616 KB] time for successor generation creation: 0.00111733s
[t=0.079064s, 21616 KB] Variables: 3844
[t=0.0793695s, 21616 KB] FactPairs: 11530
[t=0.0793936s, 21616 KB] Bytes per state: 484
[t=0.0794168s, 21616 KB] Conducting best first search without reopening closed nodes, (real) bound = 2147483647
[t=0.0794819s, 21616 KB] New best heuristic value for ff(): 3843
[t=0.0805696s, 21616 KB] g=0, 1 evaluated, 0 expanded
[t=0.0805964s, 21616 KB] Initial heuristic value for ff(): 3843
[t=0.080626s, 21616 KB] pruning method: none
[t=0.08065s, 21616 KB] Start Timestep: 1687915515955 millisecond(s).
[t=0.0813947s, 21616 KB] New best heuristic value for ff(): 3842
[t=0.0848214s, 21616 KB] g=2, 7 evaluated, 2 expanded
[t=0.105335s, 21616 KB] New best heuristic value for ff(): 3841
[t=0.106433s, 21616 KB] g=4, 41 evaluated, 11 expanded
[t=0.161268s, 21616 KB] New best heuristic value for ff(): 3840
[t=0.164802s, 21616 KB] g=10, 133 evaluated, 36 expanded
[t=0.253185s, 21616 KB] New best heuristic value for ff(): 3839
[t=0.256595s, 21616 KB] g=14, 278 evaluated, 76 expanded
[t=0.333052s, 21616 KB] New best heuristic value for ff(): 3838
[t=0.334691s, 21616 KB] g=18, 401 evaluated, 110 expanded
[t=0.376967s, 21616 KB] New best heuristic value for ff(): 3837
[t=0.377928s, 21616 KB] g=22, 469 evaluated, 129 expanded
[t=0.428885s, 21616 KB] New best heuristic value for ff(): 3836
[t=0.431594s, 21616 KB] g=26, 553 evaluated, 153 expanded
[t=0.472796s, 21616 KB] New best heuristic value for ff(): 3835
[t=0.474769s, 21616 KB] g=30, 620 evaluated, 171 expanded
[t=0.512717s, 21616 KB] New best heuristic value for ff(): 3834
[t=0.516731s, 21616 KB] g=34, 686 evaluated, 190 expanded
[t=0.552628s, 21616 KB] New best heuristic value for ff(): 3833
[t=0.555411s, 21616 KB] g=38, 747 evaluated, 207 expanded
[t=0.600545s, 21616 KB] New best heuristic value for ff(): 3832
[t=0.604003s, 21616 KB] g=42, 823 evaluated, 227 expanded
[t=0.616476s, 21616 KB] New best heuristic value for ff(): 3831
[t=0.618901s, 21616 KB] g=44, 846 evaluated, 233 expanded
[t=0.688357s, 21616 KB] New best heuristic value for ff(): 3830
[t=0.690596s, 21616 KB] g=52, 959 evaluated, 267 expanded
[t=0.740274s, 21616 KB] New best heuristic value for ff(): 3829
[t=0.744224s, 21616 KB] g=56, 1043 evaluated, 293 expanded
[t=0.796166s, 21616 KB] New best heuristic value for ff(): 3827
[t=0.797441s, 21616 KB] g=60, 1127 evaluated, 317 expanded
[t=0.836086s, 21616 KB] New best heuristic value for ff(): 3826
[t=0.836862s, 21616 KB] g=66, 1189 evaluated, 338 expanded
[t=1.084s, 21616 KB] New best heuristic value for ff(): 3825
[t=1.08705s, 21616 KB] g=74, 1584 evaluated, 484 expanded
[t=1.33185s, 21616 KB] New best heuristic value for ff(): 3824
[t=1.33254s, 21616 KB] g=63, 1972 evaluated, 626 expanded
[t=1.48752s, 21616 KB] New best heuristic value for ff(): 3823
[t=1.49052s, 21616 KB] g=83, 2220 evaluated, 714 expanded
[t=1.82737s, 21616 KB] New best heuristic value for ff(): 3822
[t=1.83133s, 21616 KB] g=74, 2755 evaluated, 902 expanded
[t=2.60715s, 21616 KB] New best heuristic value for ff(): 3821
[t=2.60819s, 21616 KB] g=82, 3982 evaluated, 1365 expanded
[t=3.94259s, 22584 KB] New best heuristic value for ff(): 3819
[t=3.94449s, 22584 KB] g=75, 6084 evaluated, 2154 expanded
[t=3.98251s, 22584 KB] New best heuristic value for ff(): 3818
[t=3.98633s, 22584 KB] g=79, 6150 evaluated, 2177 expanded
[t=4.08644s, 22720 KB] New best heuristic value for ff(): 3817
[t=4.08699s, 22720 KB] g=85, 6309 evaluated, 2235 expanded
[t=4.52622s, 22992 KB] New best heuristic value for ff(): 3816
[t=4.52858s, 22992 KB] g=91, 7002 evaluated, 2480 expanded
[t=6.03741s, 24268 KB] New best heuristic value for ff(): 3815
[t=6.03995s, 24268 KB] g=99, 9367 evaluated, 3358 expanded
[t=9.72378s, 27260 KB] New best heuristic value for ff(): 3814
[t=9.72552s, 27260 KB] g=117, 15065 evaluated, 5467 expanded
[t=10.9069s, 28328 KB] New best heuristic value for ff(): 3813
[t=10.9109s, 28328 KB] g=149, 16867 evaluated, 6122 expanded
[t=11.3701s, 28736 KB] New best heuristic value for ff(): 3812
[t=11.3735s, 28736 KB] g=153, 17578 evaluated, 6400 expanded
[t=17.1199s, 33308 KB] New best heuristic value for ff(): 3811
[t=17.1236s, 33308 KB] g=187, 26376 evaluated, 9742 expanded
[t=19.8016s, 35728 KB] New best heuristic value for ff(): 3810
[t=19.8041s, 35728 KB] g=211, 30493 evaluated, 11362 expanded
[t=19.8136s, 35728 KB] New best heuristic value for ff(): 3808
[t=19.817s, 35728 KB] g=213, 30512 evaluated, 11371 expanded
[t=19.8334s, 35728 KB] New best heuristic value for ff(): 3807
[t=19.8341s, 35728 KB] g=215, 30538 evaluated, 11380 expanded
[t=21.5561s, 37080 KB] New best heuristic value for ff(): 3804
[t=21.5565s, 37080 KB] g=218, 33189 evaluated, 12453 expanded
[t=21.9439s, 37352 KB] New best heuristic value for ff(): 3803
[t=21.9444s, 37352 KB] g=234, 33778 evaluated, 12672 expanded
[t=23.7273s, 38864 KB] New best heuristic value for ff(): 3802
[t=23.7276s, 38864 KB] g=250, 36509 evaluated, 13686 expanded
[t=24.371s, 39272 KB] New best heuristic value for ff(): 3801
[t=24.3731s, 39272 KB] g=254, 37498 evaluated, 14065 expanded
[t=24.8104s, 39692 KB] New best heuristic value for ff(): 3800
[t=24.8113s, 39692 KB] g=256, 38159 evaluated, 14317 expanded
[t=25.5582s, 40232 KB] New best heuristic value for ff(): 3799
[t=25.5623s, 40232 KB] g=266, 39306 evaluated, 14731 expanded
[t=25.6701s, 40368 KB] New best heuristic value for ff(): 3798
[t=25.6741s, 40368 KB] g=268, 39477 evaluated, 14796 expanded
[t=27.8214s, 42244 KB] New best heuristic value for ff(): 3797
[t=27.8239s, 42244 KB] g=297, 42768 evaluated, 15990 expanded
[t=27.9293s, 42380 KB] New best heuristic value for ff(): 3795
[t=27.9324s, 42380 KB] g=299, 42934 evaluated, 16051 expanded
[t=28.893s, 43064 KB] New best heuristic value for ff(): 3793
[t=28.8949s, 43064 KB] g=309, 44402 evaluated, 16597 expanded
[t=29.0929s, 43336 KB] New best heuristic value for ff(): 3792
[t=29.0962s, 43336 KB] g=311, 44709 evaluated, 16705 expanded
[t=29.6723s, 43740 KB] New best heuristic value for ff(): 3791
[t=29.673s, 43740 KB] g=319, 45588 evaluated, 17044 expanded
[t=29.7322s, 43740 KB] New best heuristic value for ff(): 3790
[t=29.7361s, 43740 KB] g=313, 45684 evaluated, 17079 expanded
[t=31.1113s, 44988 KB] New best heuristic value for ff(): 3788
[t=31.1141s, 44988 KB] g=359, 47774 evaluated, 17864 expanded
[t=31.6789s, 45392 KB] New best heuristic value for ff(): 3786
[t=31.6792s, 45392 KB] g=363, 48632 evaluated, 18162 expanded
[t=34.6058s, 47700 KB] New best heuristic value for ff(): 3781
[t=34.6066s, 47700 KB] g=379, 53041 evaluated, 19730 expanded
[t=36.1162s, 48916 KB] New best heuristic value for ff(): 3776
[t=36.1183s, 48916 KB] g=457, 55311 evaluated, 20490 expanded
[t=36.5439s, 49184 KB] New best heuristic value for ff(): 3775
[t=36.5449s, 49184 KB] g=477, 55953 evaluated, 20730 expanded
[t=37.5196s, 50508 KB] New best heuristic value for ff(): 3774
[t=37.5223s, 50508 KB] g=491, 57416 evaluated, 21250 expanded
[t=42.4819s, 54844 KB] New best heuristic value for ff(): 3773
[t=42.4825s, 54844 KB] g=513, 64804 evaluated, 23797 expanded
[t=48.115s, 59196 KB] New best heuristic value for ff(): 3772
[t=48.1156s, 59196 KB] g=621, 73211 evaluated, 26620 expanded
[t=57.2223s, 66468 KB] New best heuristic value for ff(): 3771
[t=57.2256s, 66468 KB] g=669, 86852 evaluated, 31224 expanded
[t=59.2013s, 67964 KB] New best heuristic value for ff(): 3770
[t=59.2017s, 67964 KB] g=663, 89757 evaluated, 32185 expanded
[t=70.6359s, 76624 KB] New best heuristic value for ff(): 3769
[t=70.6368s, 76624 KB] g=665, 106606 evaluated, 37831 expanded
[t=86.6186s, 89744 KB] New best heuristic value for ff(): 3768
[t=86.6192s, 89744 KB] g=727, 130129 evaluated, 45727 expanded
[t=114.451s, 111588 KB] New best heuristic value for ff(): 3767
[t=114.452s, 111588 KB] g=811, 171186 evaluated, 59811 expanded
[t=118.605s, 114708 KB] New best heuristic value for ff(): 3766
[t=118.608s, 114708 KB] g=713, 177315 evaluated, 61958 expanded
[t=176.566s, 161616 KB] New best heuristic value for ff(): 3765
[t=176.569s, 161616 KB] g=893, 264839 evaluated, 92331 expanded
[t=235.523s, 208112 KB] New best heuristic value for ff(): 3764
[t=235.525s, 208112 KB] g=903, 356146 evaluated, 124743 expanded
[t=270.308s, 236216 KB] New best heuristic value for ff(): 3763
[t=270.311s, 236216 KB] g=1037, 411582 evaluated, 144287 expanded
[t=275.912s, 240828 KB] New best heuristic value for ff(): 3762
[t=275.914s, 240828 KB] g=985, 420493 evaluated, 147403 expanded
[t=278.348s, 242724 KB] New best heuristic value for ff(): 3761
[t=278.348s, 242724 KB] g=1041, 424344 evaluated, 148795 expanded
[t=285.408s, 250116 KB] New best heuristic value for ff(): 3760
[t=285.412s, 250116 KB] g=1055, 435544 evaluated, 152948 expanded
Peak memory: 267132 KB
caught signal 24 -- exiting
Time limit has been reached.
Remove intermediate file output.sas
search exit code: 23

Driver aborting after search
INFO     Planner time: 299.33s
