INFO     planner time limit: 300s
INFO     planner memory limit: 3584 MB

INFO     Running translator.
INFO     translator stdin: None
INFO     translator time limit: 299s
INFO     translator memory limit: 3584 MB
INFO     translator command line string: /usr/local/downward-projects/downward/experiments/.venv/bin/python3 /usr/local/downward-projects/downward/experiments/src/thesis/data/thesis-thesis_exp/code-d93485cdd92f65ede2ae3573b3f4adda0b49e4fd_e5e41175/builds/release/bin/translate/translate.py domain.pddl problem.pddl --sas-file output.sas
Parsing...
Parsing: [0.010s CPU, 0.005s wall-clock]
Normalizing task... [0.000s CPU, 0.000s wall-clock]
Instantiating...
Generating Datalog program... [0.000s CPU, 0.001s wall-clock]
Normalizing Datalog program...
Normalizing Datalog program: [0.010s CPU, 0.009s wall-clock]
Preparing model... [0.000s CPU, 0.005s wall-clock]
Generated 284 rules.
Computing model... [0.230s CPU, 0.228s wall-clock]
11423 relevant atoms
20341 auxiliary atoms
31764 final queue length
74398 total queue pushes
Completing instantiation... [0.640s CPU, 0.636s wall-clock]
Instantiating: [0.880s CPU, 0.889s wall-clock]
Computing fact groups...
Finding invariants...
22 initial candidates
Finding invariants: [0.060s CPU, 0.052s wall-clock]
Checking invariant weight... [0.000s CPU, 0.000s wall-clock]
Instantiating groups... [0.010s CPU, 0.006s wall-clock]
Collecting mutex groups... [0.000s CPU, 0.000s wall-clock]
Choosing groups...
326 uncovered facts
Choosing groups: [0.000s CPU, 0.002s wall-clock]
Building translation key... [0.000s CPU, 0.001s wall-clock]
Computing fact groups: [0.070s CPU, 0.066s wall-clock]
Building STRIPS to SAS dictionary... [0.000s CPU, 0.000s wall-clock]
Building dictionary for full mutex groups... [0.010s CPU, 0.001s wall-clock]
Building mutex information...
Building mutex information: [0.000s CPU, 0.001s wall-clock]
Translating task...
Processing axioms...
Simplifying axioms... [0.000s CPU, 0.000s wall-clock]
Translator axioms removed by simplifying: 0
Computing negative axioms... [0.000s CPU, 0.000s wall-clock]
Processing axioms: [0.020s CPU, 0.020s wall-clock]
Translating task: [0.660s CPU, 0.665s wall-clock]
8448 effect conditions simplified
0 implied preconditions added
Detecting unreachable propositions...
0 operators removed
0 axioms removed
1 propositions removed
Detecting unreachable propositions: [0.370s CPU, 0.372s wall-clock]
Reordering and filtering variables...
340 of 352 variables necessary.
68 of 94 mutex groups necessary.
10241 of 10247 operators necessary.
0 of 0 axiom rules necessary.
Reordering and filtering variables: [0.120s CPU, 0.126s wall-clock]
Translator variables: 340
Translator derived variables: 0
Translator facts: 1008
Translator goal facts: 4
Translator mutex groups: 68
Translator total mutex groups size: 873
Translator operators: 10241
Translator axioms: 0
Translator task size: 109795
Translator peak memory: 100044 KB
Writing output... [0.080s CPU, 0.081s wall-clock]
Done! [2.240s CPU, 2.235s wall-clock]
translate exit code: 0

INFO     Running search (release).
INFO     search stdin: output.sas
INFO     search time limit: 297s
INFO     search memory limit: 3584 MB
INFO     search command line string: /usr/local/downward-projects/downward/experiments/src/thesis/data/thesis-thesis_exp/code-d93485cdd92f65ede2ae3573b3f4adda0b49e4fd_e5e41175/builds/release/bin/downward --evaluator 'h=ff()' --search 'eager(epsilon_greedy(h, epsilon=0.2))' --internal-plan-file sas_plan < output.sas
[t=0s, 11364 KB] reading input...
[t=0.0515025s, 15752 KB] done reading input!
[t=0.05947s, 20020 KB] Simplifying 58160 unary operators... done! [57256 unary operators]
[t=0.139376s, 24880 KB] time to simplify: 0.0799061s
[t=0.143338s, 24880 KB] Initializing additive heuristic...
[t=0.144198s, 24880 KB] Initializing FF heuristic...
[t=0.144226s, 24880 KB] Building successor generator...done!
[t=0.148623s, 24880 KB] peak memory difference for successor generator creation: 0 KB
[t=0.148698s, 24880 KB] time for successor generation creation: 0.00293711s
[t=0.148723s, 24880 KB] Variables: 340
[t=0.148889s, 24880 KB] FactPairs: 1008
[t=0.148913s, 24880 KB] Bytes per state: 56
[t=0.148937s, 24880 KB] Conducting best first search without reopening closed nodes, (real) bound = 2147483647
[t=0.148989s, 24880 KB] New best heuristic value for ff(): 104
[t=0.149974s, 24880 KB] g=0, 1 evaluated, 0 expanded
[t=0.150001s, 24880 KB] Initial heuristic value for ff(): 104
[t=0.150027s, 24880 KB] pruning method: none
[t=0.15005s, 24880 KB] Start Timestep: 1687915744671 millisecond(s).
[t=0.150095s, 24880 KB] New best heuristic value for ff(): 102
[t=0.15085s, 24880 KB] g=1, 2 evaluated, 1 expanded
[t=0.151088s, 24880 KB] New best heuristic value for ff(): 101
[t=0.152303s, 24880 KB] g=2, 4 evaluated, 2 expanded
[t=0.155057s, 24880 KB] New best heuristic value for ff(): 100
[t=0.155728s, 24880 KB] g=3, 9 evaluated, 3 expanded
[t=0.155755s, 24880 KB] New best heuristic value for ff(): 99
[t=0.157797s, 24880 KB] g=4, 12 evaluated, 4 expanded
[t=0.158993s, 24880 KB] New best heuristic value for ff(): 98
[t=0.15986s, 24880 KB] g=5, 15 evaluated, 5 expanded
[t=0.159887s, 24880 KB] New best heuristic value for ff(): 96
[t=0.16192s, 24880 KB] g=6, 18 evaluated, 6 expanded
[t=0.162926s, 24880 KB] New best heuristic value for ff(): 95
[t=0.165274s, 24880 KB] g=8, 23 evaluated, 9 expanded
[t=0.165301s, 24880 KB] New best heuristic value for ff(): 94
[t=0.166651s, 24880 KB] g=9, 25 evaluated, 10 expanded
[t=0.166863s, 24880 KB] New best heuristic value for ff(): 93
[t=0.16805s, 24880 KB] g=10, 27 evaluated, 11 expanded
[t=0.168078s, 24880 KB] New best heuristic value for ff(): 92
[t=0.170062s, 24880 KB] g=11, 30 evaluated, 13 expanded
[t=0.179556s, 24880 KB] New best heuristic value for ff(): 91
[t=0.180668s, 24880 KB] g=15, 47 evaluated, 21 expanded
[t=0.182743s, 24880 KB] New best heuristic value for ff(): 90
[t=0.18313s, 24880 KB] g=16, 51 evaluated, 22 expanded
[t=0.183157s, 24880 KB] New best heuristic value for ff(): 87
[t=0.184966s, 24880 KB] g=17, 54 evaluated, 24 expanded
[t=0.234671s, 24880 KB] New best heuristic value for ff(): 86
[t=0.235744s, 24880 KB] g=27, 147 evaluated, 51 expanded
[t=0.262626s, 24880 KB] New best heuristic value for ff(): 85
[t=0.265336s, 24880 KB] g=31, 206 evaluated, 73 expanded
[t=0.266586s, 24880 KB] New best heuristic value for ff(): 84
[t=0.268854s, 24880 KB] g=32, 213 evaluated, 75 expanded
[t=0.270553s, 24880 KB] New best heuristic value for ff(): 83
[t=0.273347s, 24880 KB] g=34, 223 evaluated, 77 expanded
[t=0.274521s, 24880 KB] New best heuristic value for ff(): 82
[t=0.276108s, 24880 KB] g=35, 229 evaluated, 78 expanded
[t=0.276136s, 24880 KB] New best heuristic value for ff(): 81
[t=0.277521s, 24880 KB] g=36, 232 evaluated, 79 expanded
[t=0.290459s, 24880 KB] New best heuristic value for ff(): 80
[t=0.290602s, 24880 KB] g=39, 261 evaluated, 86 expanded
[t=0.494425s, 24880 KB] New best heuristic value for ff(): 79
[t=0.494856s, 24880 KB] g=47, 745 evaluated, 201 expanded
[t=0.754329s, 24880 KB] New best heuristic value for ff(): 78
[t=0.755895s, 24880 KB] g=54, 1400 evaluated, 390 expanded
[t=0.758261s, 24880 KB] New best heuristic value for ff(): 77
[t=0.759115s, 24880 KB] g=55, 1408 evaluated, 391 expanded
[t=0.759142s, 24880 KB] New best heuristic value for ff(): 76
[t=0.761884s, 24880 KB] g=56, 1415 evaluated, 392 expanded
[t=0.802161s, 24880 KB] New best heuristic value for ff(): 75
[t=0.802425s, 24880 KB] g=60, 1523 evaluated, 412 expanded
[t=0.81812s, 24880 KB] New best heuristic value for ff(): 74
[t=0.821011s, 24880 KB] g=62, 1579 evaluated, 420 expanded
[t=0.826076s, 24880 KB] New best heuristic value for ff(): 73
[t=0.828338s, 24880 KB] g=63, 1598 evaluated, 424 expanded
[t=0.830039s, 24880 KB] New best heuristic value for ff(): 72
[t=0.830366s, 24880 KB] g=64, 1604 evaluated, 425 expanded
[t=0.834009s, 24880 KB] New best heuristic value for ff(): 71
[t=0.835143s, 24880 KB] g=65, 1619 evaluated, 426 expanded
[t=0.837972s, 24880 KB] New best heuristic value for ff(): 70
[t=0.841775s, 24880 KB] g=67, 1640 evaluated, 429 expanded
[t=0.981921s, 24880 KB] New best heuristic value for ff(): 69
[t=0.984949s, 24880 KB] g=74, 2119 evaluated, 501 expanded
[t=1.02579s, 24880 KB] New best heuristic value for ff(): 68
[t=1.02892s, 24880 KB] g=76, 2260 evaluated, 525 expanded
[t=1.02971s, 24880 KB] New best heuristic value for ff(): 67
[t=1.03188s, 24880 KB] g=77, 2270 evaluated, 526 expanded
[t=1.03191s, 24880 KB] New best heuristic value for ff(): 66
[t=1.03367s, 24880 KB] g=78, 2276 evaluated, 527 expanded
[t=1.03763s, 24880 KB] New best heuristic value for ff(): 65
[t=1.03847s, 24880 KB] g=79, 2293 evaluated, 528 expanded
[t=1.0496s, 24880 KB] New best heuristic value for ff(): 63
[t=1.0534s, 24880 KB] g=82, 2347 evaluated, 536 expanded
[t=1.05756s, 24880 KB] New best heuristic value for ff(): 62
[t=1.05953s, 24880 KB] g=84, 2369 evaluated, 539 expanded
[t=4.02765s, 24880 KB] New best heuristic value for ff(): 61
[t=4.02785s, 24880 KB] g=101, 13706 evaluated, 3199 expanded
[t=4.14047s, 24880 KB] New best heuristic value for ff(): 60
[t=4.14152s, 24880 KB] g=106, 14144 evaluated, 3307 expanded
[t=4.14441s, 24880 KB] New best heuristic value for ff(): 58
[t=4.14825s, 24880 KB] g=107, 14167 evaluated, 3309 expanded
[t=4.14837s, 24880 KB] New best heuristic value for ff(): 57
[t=4.14885s, 24880 KB] g=108, 14169 evaluated, 3310 expanded
[t=4.50031s, 24880 KB] New best heuristic value for ff(): 56
[t=4.50249s, 24880 KB] g=113, 15610 evaluated, 3708 expanded
[t=4.50424s, 24880 KB] New best heuristic value for ff(): 55
[t=4.50552s, 24880 KB] g=115, 15622 evaluated, 3711 expanded
[t=91.7528s, 57028 KB] New best heuristic value for ff(): 54
[t=91.7558s, 57028 KB] g=94, 373711 evaluated, 158013 expanded
[t=91.7568s, 57028 KB] New best heuristic value for ff(): 51
[t=91.7599s, 57028 KB] g=95, 373725 evaluated, 158014 expanded
[t=91.7647s, 57028 KB] New best heuristic value for ff(): 49
[t=91.7655s, 57028 KB] g=96, 373741 evaluated, 158018 expanded
[t=91.7687s, 57028 KB] New best heuristic value for ff(): 48
[t=91.7695s, 57028 KB] g=97, 373755 evaluated, 158019 expanded
[t=91.7726s, 57028 KB] New best heuristic value for ff(): 47
[t=91.773s, 57028 KB] g=99, 373767 evaluated, 158021 expanded
[t=91.7806s, 57028 KB] New best heuristic value for ff(): 46
[t=91.7812s, 57028 KB] g=101, 373796 evaluated, 158024 expanded
[t=91.8166s, 57028 KB] New best heuristic value for ff(): 45
[t=91.8171s, 57028 KB] g=104, 373927 evaluated, 158043 expanded
[t=91.8285s, 57028 KB] New best heuristic value for ff(): 44
[t=91.8295s, 57028 KB] g=106, 373972 evaluated, 158051 expanded
[t=91.8405s, 57028 KB] New best heuristic value for ff(): 43
[t=91.8439s, 57028 KB] g=109, 374026 evaluated, 158057 expanded
[t=91.8445s, 57028 KB] New best heuristic value for ff(): 42
[t=91.8477s, 57028 KB] g=110, 374040 evaluated, 158058 expanded
[t=91.8524s, 57028 KB] New best heuristic value for ff(): 40
[t=91.8529s, 57028 KB] g=112, 374060 evaluated, 158061 expanded
[t=91.853s, 57028 KB] New best heuristic value for ff(): 39
[t=91.8559s, 57028 KB] g=113, 374072 evaluated, 158062 expanded
[t=91.9242s, 57028 KB] New best heuristic value for ff(): 36
[t=91.9261s, 57028 KB] g=116, 374359 evaluated, 158111 expanded
[t=91.9281s, 57028 KB] New best heuristic value for ff(): 35
[t=91.9294s, 57028 KB] g=117, 374373 evaluated, 158113 expanded
[t=95.7152s, 58252 KB] New best heuristic value for ff(): 34
[t=95.7185s, 58252 KB] g=153, 390100 evaluated, 161631 expanded
[t=95.7311s, 58252 KB] New best heuristic value for ff(): 33
[t=95.7339s, 58252 KB] g=156, 390165 evaluated, 161663 expanded
[t=95.791s, 58252 KB] New best heuristic value for ff(): 32
[t=95.7922s, 58252 KB] g=166, 390426 evaluated, 161776 expanded
[t=95.7923s, 58252 KB] New best heuristic value for ff(): 31
[t=95.7928s, 58252 KB] g=166, 390428 evaluated, 161776 expanded
[t=96.4989s, 58524 KB] New best heuristic value for ff(): 30
[t=96.5027s, 58524 KB] g=145, 393566 evaluated, 163325 expanded
[t=96.5068s, 58524 KB] New best heuristic value for ff(): 29
[t=96.509s, 58524 KB] g=146, 393592 evaluated, 163331 expanded
[t=98.2783s, 59068 KB] New best heuristic value for ff(): 27
[t=98.2795s, 59068 KB] g=162, 401015 evaluated, 165623 expanded
[t=98.2795s, 59068 KB] New best heuristic value for ff(): 26
[t=98.2803s, 59068 KB] g=163, 401018 evaluated, 165624 expanded
[t=98.3142s, 59068 KB] New best heuristic value for ff(): 24
[t=98.3181s, 59068 KB] g=169, 401162 evaluated, 165667 expanded
[t=98.3182s, 59068 KB] New best heuristic value for ff(): 23
[t=98.3187s, 59068 KB] g=170, 401164 evaluated, 165668 expanded
[t=98.3188s, 59068 KB] New best heuristic value for ff(): 22
[t=98.3203s, 59068 KB] g=171, 401170 evaluated, 165669 expanded
[t=98.334s, 59068 KB] New best heuristic value for ff(): 21
[t=98.3342s, 59068 KB] g=172, 401229 evaluated, 165682 expanded
[t=98.4939s, 59068 KB] New best heuristic value for ff(): 20
[t=98.4946s, 59068 KB] g=184, 401907 evaluated, 165840 expanded
[t=98.4947s, 59068 KB] New best heuristic value for ff(): 19
[t=98.4963s, 59068 KB] g=185, 401915 evaluated, 165841 expanded
[t=98.4978s, 59068 KB] New best heuristic value for ff(): 18
[t=98.4993s, 59068 KB] g=187, 401930 evaluated, 165845 expanded
[t=98.5018s, 59204 KB] New best heuristic value for ff(): 15
[t=98.5024s, 59204 KB] g=189, 401943 evaluated, 165848 expanded
[t=98.5025s, 59204 KB] New best heuristic value for ff(): 14
[t=98.5038s, 59204 KB] g=190, 401949 evaluated, 165849 expanded
[t=98.5038s, 59204 KB] New best heuristic value for ff(): 13
[t=98.5051s, 59204 KB] g=191, 401955 evaluated, 165852 expanded
[t=98.5056s, 59204 KB] New best heuristic value for ff(): 12
[t=98.5061s, 59204 KB] g=192, 401960 evaluated, 165853 expanded
Peak memory: 145760 KB
caught signal 24 -- exiting
Time limit has been reached.
Remove intermediate file output.sas
search exit code: 23

Driver aborting after search
INFO     Planner time: 299.30s
