INFO     planner time limit: 900s
INFO     planner memory limit: 3584 MB

INFO     Running translator.
INFO     translator stdin: None
INFO     translator time limit: 899s
INFO     translator memory limit: 3584 MB
INFO     translator command line string: /usr/local/downward-projects/downward/experiments/assign3/.venv/bin/python3 /usr/local/downward-projects/downward/experiments/assign3/data/assign3-anytime_exp/code-fe4f0f1bb525c059c1938ac01bab1b7bae200873_e5e41175/builds/release/bin/translate/translate.py domain.pddl problem.pddl --sas-file output.sas
Parsing...
Parsing: [0.070s CPU, 0.066s wall-clock]
Normalizing task... [0.000s CPU, 0.002s wall-clock]
Instantiating...
Generating Datalog program... [0.030s CPU, 0.032s wall-clock]
Normalizing Datalog program...
Normalizing Datalog program: [0.000s CPU, 0.001s wall-clock]
Preparing model... [0.110s CPU, 0.116s wall-clock]
Generated 23 rules.
Computing model... [0.370s CPU, 0.364s wall-clock]
23891 relevant atoms
41757 auxiliary atoms
65648 final queue length
78347 total queue pushes
Completing instantiation... [0.260s CPU, 0.260s wall-clock]
Instantiating: [0.790s CPU, 0.798s wall-clock]
Computing fact groups...
Finding invariants...
9 initial candidates
Finding invariants: [0.010s CPU, 0.006s wall-clock]
Checking invariant weight... [0.000s CPU, 0.005s wall-clock]
Instantiating groups... [0.010s CPU, 0.004s wall-clock]
Collecting mutex groups... [0.000s CPU, 0.000s wall-clock]
Choosing groups...
0 uncovered facts
Choosing groups: [0.000s CPU, 0.001s wall-clock]
Building translation key... [0.000s CPU, 0.000s wall-clock]
Computing fact groups: [0.020s CPU, 0.018s wall-clock]
Building STRIPS to SAS dictionary... [0.000s CPU, 0.000s wall-clock]
Building dictionary for full mutex groups... [0.000s CPU, 0.000s wall-clock]
Building mutex information...
Building mutex information: [0.000s CPU, 0.000s wall-clock]
Translating task...
Processing axioms...
Simplifying axioms... [0.000s CPU, 0.000s wall-clock]
Translator axioms removed by simplifying: 0
Computing negative axioms... [0.000s CPU, 0.000s wall-clock]
Processing axioms: [0.010s CPU, 0.010s wall-clock]
Translating task: [0.190s CPU, 0.191s wall-clock]
0 effect conditions simplified
0 implied preconditions added
Detecting unreachable propositions...
0 operators removed
0 axioms removed
15 propositions removed
Detecting unreachable propositions: [0.070s CPU, 0.072s wall-clock]
Reordering and filtering variables...
15 of 15 variables necessary.
0 of 15 mutex groups necessary.
6698 of 6698 operators necessary.
0 of 0 axiom rules necessary.
Reordering and filtering variables: [0.020s CPU, 0.019s wall-clock]
Translator variables: 15
Translator derived variables: 0
Translator facts: 374
Translator goal facts: 13
Translator mutex groups: 0
Translator total mutex groups size: 0
Translator operators: 6698
Translator axioms: 0
Translator task size: 33554
Translator peak memory: 67972 KB
Writing output... [0.030s CPU, 0.027s wall-clock]
Done! [1.200s CPU, 1.206s wall-clock]
translate exit code: 0

INFO     Running search (release).
INFO     search stdin: output.sas
INFO     search time limit: 898s
INFO     search memory limit: 3584 MB
INFO     search command line string: /usr/local/downward-projects/downward/experiments/assign3/data/assign3-anytime_exp/code-fe4f0f1bb525c059c1938ac01bab1b7bae200873_e5e41175/builds/release/bin/downward --evaluator 'h=lmcut()' --search 'eager_anytime(alt(
        [single(weight(h, 2, verbosity=normal)), type_based([h, g()], random_seed=1234)]), 
        reopen_closed=true, f_eval=sum([h, g()]))' --internal-plan-file sas_plan < output.sas
[t=0.00105191s, 10884 KB] reading input...
[t=0.0199393s, 12692 KB] done reading input!
[t=0.0241292s, 14284 KB] Initializing landmark cut heuristic...
[t=0.0250594s, 14284 KB] Building successor generator...done!
[t=0.0267474s, 14964 KB] peak memory difference for successor generator creation: 680 KB
[t=0.0268052s, 14964 KB] time for successor generation creation: 0.00102469s
[t=0.0268297s, 14964 KB] Variables: 15
[t=0.0268839s, 14964 KB] FactPairs: 374
[t=0.026907s, 14964 KB] Bytes per state: 8
[t=0.0269312s, 14964 KB] Conducting best first anytime search with reopening closed nodes, (real) bound = 2147483647
[t=0.0292605s, 14964 KB] New best heuristic value for lmcut(): 32
[t=0.0294942s, 14964 KB] g=0, 1 evaluated, 0 expanded
[t=0.0295221s, 14964 KB] Initial heuristic value for lmcut(): 32
[t=0.0295509s, 14964 KB] Start Timestep: 1682495749285 millisecond(s).
[t=0.0407585s, 14964 KB] New best heuristic value for lmcut(): 31
[t=0.0413136s, 14964 KB] g=2, 6 evaluated, 2 expanded
[t=0.0544003s, 14964 KB] New best heuristic value for lmcut(): 30
[t=0.0546763s, 14964 KB] g=3, 12 evaluated, 3 expanded
[t=0.0742989s, 14964 KB] New best heuristic value for lmcut(): 29
[t=0.0745443s, 14964 KB] g=4, 22 evaluated, 6 expanded
[t=0.190981s, 14964 KB] New best heuristic value for lmcut(): 28
[t=0.191497s, 14964 KB] g=7, 94 evaluated, 22 expanded
[t=0.215124s, 14964 KB] New best heuristic value for lmcut(): 27
[t=0.215821s, 14964 KB] g=8, 111 evaluated, 26 expanded
[t=0.877724s, 14964 KB] New best heuristic value for lmcut(): 26
[t=0.878036s, 14964 KB] g=12, 750 evaluated, 187 expanded, 5 reopened
[t=1.39394s, 14964 KB] New best heuristic value for lmcut(): 25
[t=1.3943s, 14964 KB] g=17, 1266 evaluated, 313 expanded, 5 reopened
[t=1.4034s, 14964 KB] New best heuristic value for lmcut(): 24
[t=1.40405s, 14964 KB] g=18, 1281 evaluated, 315 expanded, 5 reopened
[t=1.41065s, 14964 KB] New best heuristic value for lmcut(): 23
[t=1.41116s, 14964 KB] g=19, 1293 evaluated, 316 expanded, 5 reopened
[t=1.42008s, 14964 KB] New best heuristic value for lmcut(): 22
[t=1.42051s, 14964 KB] g=20, 1308 evaluated, 318 expanded, 5 reopened
[t=1.42844s, 14964 KB] New best heuristic value for lmcut(): 21
[t=1.4288s, 14964 KB] g=21, 1322 evaluated, 320 expanded, 5 reopened
[t=2.75685s, 14964 KB] New best heuristic value for lmcut(): 20
[t=2.75734s, 14964 KB] g=33, 3255 evaluated, 745 expanded, 40 reopened
[t=2.76215s, 14964 KB] New best heuristic value for lmcut(): 19
[t=2.76258s, 14964 KB] g=34, 3268 evaluated, 747 expanded, 40 reopened
[t=2.76934s, 14964 KB] New best heuristic value for lmcut(): 18
[t=2.77002s, 14964 KB] g=36, 3286 evaluated, 751 expanded, 42 reopened
[t=11.1425s, 15580 KB] New best heuristic value for lmcut(): 17
[t=11.143s, 15580 KB] g=33, 16492 evaluated, 4333 expanded, 247 reopened
[t=11.1987s, 15580 KB] New best heuristic value for lmcut(): 16
[t=11.1989s, 15580 KB] g=34, 16632 evaluated, 4359 expanded, 248 reopened
[t=14.5416s, 16364 KB] New best heuristic value for lmcut(): 15
[t=14.5419s, 16364 KB] g=34, 22745 evaluated, 5766 expanded, 288 reopened
[t=15.8083s, 16364 KB] New best heuristic value for lmcut(): 14
[t=15.8087s, 16364 KB] g=35, 25167 evaluated, 6382 expanded, 315 reopened
[t=16.7828s, 16500 KB] New best heuristic value for lmcut(): 13
[t=16.7838s, 16500 KB] g=37, 26889 evaluated, 6846 expanded, 337 reopened
[t=16.7859s, 16500 KB] New best heuristic value for lmcut(): 12
[t=16.7864s, 16500 KB] g=38, 26897 evaluated, 6848 expanded, 337 reopened
[t=18.5479s, 16632 KB] New best heuristic value for lmcut(): 11
[t=18.5485s, 16632 KB] g=40, 30099 evaluated, 7849 expanded, 393 reopened
[t=52.1929s, 21468 KB] New best heuristic value for lmcut(): 10
[t=52.1938s, 21468 KB] g=37, 95999 evaluated, 26772 expanded, 1553 reopened
[t=133.673s, 31136 KB] New best heuristic value for lmcut(): 9
[t=133.673s, 31136 KB] g=37, 251330 evaluated, 80147 expanded, 12778 reopened
[t=133.674s, 31136 KB] New best heuristic value for lmcut(): 8
[t=133.674s, 31136 KB] g=38, 251338 evaluated, 80148 expanded, 12778 reopened
[t=135.714s, 31404 KB] New best heuristic value for lmcut(): 7
[t=135.714s, 31404 KB] g=41, 255439 evaluated, 81740 expanded, 12885 reopened
[t=637.302s, 120412 KB] New best heuristic value for lmcut(): 6
[t=637.302s, 120412 KB] g=40, 1389457 evaluated, 459271 expanded, 53737 reopened
[t=637.306s, 120412 KB] New best heuristic value for lmcut(): 5
[t=637.306s, 120412 KB] g=42, 1389477 evaluated, 459277 expanded, 53738 reopened
[t=637.31s, 120412 KB] New best heuristic value for lmcut(): 4
[t=637.31s, 120412 KB] g=43, 1389487 evaluated, 459279 expanded, 53738 reopened
[t=676.008s, 121552 KB] New best heuristic value for lmcut(): 3
[t=676.008s, 121552 KB] g=45, 1481743 evaluated, 493614 expanded, 57066 reopened
[t=676.009s, 121552 KB] New best heuristic value for lmcut(): 2
[t=676.009s, 121552 KB] g=46, 1481750 evaluated, 493616 expanded, 57066 reopened
[t=676.01s, 121552 KB] New best heuristic value for lmcut(): 1
[t=676.01s, 121552 KB] g=47, 1481758 evaluated, 493618 expanded, 57066 reopened
[t=676.011s, 121552 KB] New best heuristic value for lmcut(): 0
[t=676.011s, 121552 KB] g=48, 1481763 evaluated, 493620 expanded, 57066 reopened
[t=676.011s, 121552 KB] Solution found!
drive t0 l9 l4 level175 level3 level178 (1)
drive t0 l4 l2 level161 level14 level175 (1)
load p8 t0 l2 (1)
drive t0 l2 l4 level147 level14 level161 (1)
drive t0 l4 l0 level133 level14 level147 (1)
drive t0 l0 l5 level129 level4 level133 (1)
load p11 t0 l5 (1)
load p7 t0 l5 (1)
load p12 t0 l5 (1)
load p1 t0 l5 (1)
load p6 t0 l5 (1)
load p3 t0 l5 (1)
drive t0 l5 l0 level125 level4 level129 (1)
unload p12 t0 l0 (1)
unload p8 t0 l0 (1)
unload p3 t0 l0 (1)
drive t0 l0 l7 level124 level1 level125 (1)
load p9 t0 l7 (1)
drive t0 l7 l8 level106 level18 level124 (1)
unload p9 t0 l8 (1)
drive t0 l8 l12 level99 level7 level106 (1)
load p2 t0 l12 (1)
drive t0 l12 l3 level93 level6 level99 (1)
load p4 t0 l3 (1)
load p10 t0 l3 (1)
drive t0 l3 l12 level87 level6 level93 (1)
load p0 t0 l12 (1)
drive t0 l12 l3 level81 level6 level87 (1)
unload p0 t0 l3 (1)
drive t0 l3 l12 level75 level6 level81 (1)
drive t0 l12 l4 level54 level21 level75 (1)
load p5 t0 l4 (1)
unload p4 t0 l4 (1)
drive t0 l4 l9 level51 level3 level54 (1)
unload p5 t0 l9 (1)
unload p1 t0 l9 (1)
drive t0 l9 l4 level48 level3 level51 (1)
drive t0 l4 l0 level34 level14 level48 (1)
unload p2 t0 l0 (1)
drive t0 l0 l7 level33 level1 level34 (1)
unload p10 t0 l7 (1)
drive t0 l7 l0 level32 level1 level33 (1)
drive t0 l0 l5 level28 level4 level32 (1)
drive t0 l5 l11 level23 level5 level28 (1)
drive t0 l11 l1 level22 level1 level23 (1)
unload p7 t0 l1 (1)
unload p6 t0 l1 (1)
unload p11 t0 l1 (1)
[t=676.011s, 121552 KB] Plan length: 48 step(s).
[t=676.011s, 121552 KB] Plan cost: 48
[t=676.011s, 121552 KB] Solution: Incumbent solution found!
[t=676.012s, 121552 KB] Solution Timestep: 1682496429911 millisecond(s).
[t=676.012s, 121552 KB] Timestamp: 1682496429911 millisecond(s).
[t=676.012s, 121552 KB] Expanded 493622 state(s).
[t=676.012s, 121552 KB] Reopened 57067 state(s).
[t=676.012s, 121552 KB] Evaluated 1481763 state(s).
[t=676.012s, 121552 KB] Evaluations: 2178947
[t=676.012s, 121552 KB] Generated 3828186 state(s).
[t=676.012s, 121552 KB] Dead ends: 0 state(s).
[t=676.012s, 121552 KB] Number of registered states: 2178947
[t=676.012s, 121552 KB] Int hash set load factor: 2178947/4194304 = 0.519501
[t=676.012s, 121552 KB] Int hash set resizes: 22
[t=695.917s, 123704 KB] Solution found!
drive t0 l9 l4 level175 level3 level178 (1)
drive t0 l4 l2 level161 level14 level175 (1)
load p8 t0 l2 (1)
drive t0 l2 l4 level147 level14 level161 (1)
drive t0 l4 l0 level133 level14 level147 (1)
drive t0 l0 l5 level129 level4 level133 (1)
load p11 t0 l5 (1)
load p7 t0 l5 (1)
load p12 t0 l5 (1)
load p1 t0 l5 (1)
load p6 t0 l5 (1)
load p3 t0 l5 (1)
drive t0 l5 l0 level125 level4 level129 (1)
unload p12 t0 l0 (1)
unload p8 t0 l0 (1)
unload p3 t0 l0 (1)
drive t0 l0 l7 level124 level1 level125 (1)
load p9 t0 l7 (1)
drive t0 l7 l8 level106 level18 level124 (1)
unload p9 t0 l8 (1)
drive t0 l8 l12 level99 level7 level106 (1)
load p0 t0 l12 (1)
drive t0 l12 l3 level93 level6 level99 (1)
unload p0 t0 l3 (1)
load p4 t0 l3 (1)
load p10 t0 l3 (1)
drive t0 l3 l12 level87 level6 level93 (1)
load p2 t0 l12 (1)
drive t0 l12 l4 level66 level21 level87 (1)
unload p4 t0 l4 (1)
load p5 t0 l4 (1)
drive t0 l4 l9 level63 level3 level66 (1)
unload p5 t0 l9 (1)
unload p1 t0 l9 (1)
drive t0 l9 l4 level60 level3 level63 (1)
drive t0 l4 l0 level46 level14 level60 (1)
unload p2 t0 l0 (1)
drive t0 l0 l7 level45 level1 level46 (1)
unload p10 t0 l7 (1)
drive t0 l7 l0 level44 level1 level45 (1)
drive t0 l0 l4 level30 level14 level44 (1)
drive t0 l4 l2 level16 level14 level30 (1)
drive t0 l2 l1 level6 level10 level16 (1)
unload p7 t0 l1 (1)
unload p6 t0 l1 (1)
unload p11 t0 l1 (1)
[t=695.921s, 123704 KB] Plan length: 46 step(s).
[t=695.921s, 123704 KB] Plan cost: 46
[t=695.921s, 123704 KB] Solution: Incumbent solution found!
[t=695.921s, 123704 KB] Solution Timestep: 1682496450251 millisecond(s).
[t=695.921s, 123704 KB] Timestamp: 1682496450251 millisecond(s).
[t=695.921s, 123704 KB] Expanded 511331 state(s).
[t=695.921s, 123704 KB] Reopened 57151 state(s).
[t=695.921s, 123704 KB] Evaluated 1488546 state(s).
[t=695.921s, 123704 KB] Evaluations: 2254319
[t=695.921s, 123704 KB] Generated 3973405 state(s).
[t=695.921s, 123704 KB] Dead ends: 0 state(s).
[t=695.921s, 123704 KB] Number of registered states: 2254319
[t=695.921s, 123704 KB] Int hash set load factor: 2254319/4194304 = 0.537472
[t=695.921s, 123704 KB] Int hash set resizes: 22
[t=755.111s, 129400 KB] Solution found!
drive t0 l9 l4 level175 level3 level178 (1)
drive t0 l4 l2 level161 level14 level175 (1)
load p8 t0 l2 (1)
drive t0 l2 l4 level147 level14 level161 (1)
drive t0 l4 l0 level133 level14 level147 (1)
drive t0 l0 l5 level129 level4 level133 (1)
load p11 t0 l5 (1)
load p7 t0 l5 (1)
load p12 t0 l5 (1)
load p1 t0 l5 (1)
load p6 t0 l5 (1)
load p3 t0 l5 (1)
drive t0 l5 l0 level125 level4 level129 (1)
unload p12 t0 l0 (1)
unload p8 t0 l0 (1)
unload p3 t0 l0 (1)
drive t0 l0 l7 level124 level1 level125 (1)
load p9 t0 l7 (1)
drive t0 l7 l8 level106 level18 level124 (1)
drive t0 l8 l12 level99 level7 level106 (1)
load p0 t0 l12 (1)
drive t0 l12 l3 level93 level6 level99 (1)
unload p0 t0 l3 (1)
load p4 t0 l3 (1)
load p10 t0 l3 (1)
drive t0 l3 l12 level87 level6 level93 (1)
load p2 t0 l12 (1)
drive t0 l12 l8 level80 level7 level87 (1)
unload p9 t0 l8 (1)
drive t0 l8 l7 level62 level18 level80 (1)
unload p10 t0 l7 (1)
drive t0 l7 l0 level61 level1 level62 (1)
unload p2 t0 l0 (1)
drive t0 l0 l4 level47 level14 level61 (1)
load p5 t0 l4 (1)
unload p4 t0 l4 (1)
drive t0 l4 l9 level44 level3 level47 (1)
unload p5 t0 l9 (1)
unload p1 t0 l9 (1)
drive t0 l9 l4 level41 level3 level44 (1)
drive t0 l4 l2 level27 level14 level41 (1)
drive t0 l2 l1 level17 level10 level27 (1)
unload p7 t0 l1 (1)
unload p6 t0 l1 (1)
unload p11 t0 l1 (1)
[t=755.115s, 129400 KB] Plan length: 45 step(s).
[t=755.115s, 129400 KB] Plan cost: 45
[t=755.115s, 129400 KB] Solution: Incumbent solution found!
[t=755.115s, 129400 KB] Solution Timestep: 1682496509891 millisecond(s).
[t=755.115s, 129400 KB] Timestamp: 1682496509891 millisecond(s).
[t=755.115s, 129400 KB] Expanded 557146 state(s).
[t=755.115s, 129400 KB] Reopened 57222 state(s).
[t=755.115s, 129400 KB] Evaluated 1501207 state(s).
[t=755.115s, 129400 KB] Evaluations: 2456968
[t=755.115s, 129400 KB] Generated 4341162 state(s).
[t=755.115s, 129400 KB] Dead ends: 0 state(s).
[t=755.115s, 129400 KB] Number of registered states: 2456968
[t=755.115s, 129400 KB] Int hash set load factor: 2456968/4194304 = 0.585787
[t=755.115s, 129400 KB] Int hash set resizes: 22
Peak memory: 141888 KB
caught signal 24 -- exiting
Time limit has been reached.
Remove intermediate file output.sas
search exit code: 23

Driver aborting after search
INFO     Planner time: 895.41s
