INFO     planner time limit: 600s
INFO     planner memory limit: 3584 MB

INFO     Running translator.
INFO     translator stdin: None
INFO     translator time limit: 599s
INFO     translator memory limit: 3584 MB
INFO     translator command line string: /usr/local/downward-projects/downward/experiments/src/thesis/.venv/bin/python3 /usr/local/downward-projects/downward/experiments/src/thesis/data/thesis-thesis_exp/code-84c08dfff1890fbf6247184940c8166177195ea1_e5e41175/builds/release/bin/translate/translate.py domain.pddl problem.pddl --sas-file output.sas
Parsing...
Parsing: [0.080s CPU, 0.069s wall-clock]
Normalizing task... [0.000s CPU, 0.003s wall-clock]
Instantiating...
Generating Datalog program... [0.030s CPU, 0.038s wall-clock]
Normalizing Datalog program...
Normalizing Datalog program: [0.000s CPU, 0.001s wall-clock]
Preparing model... [0.130s CPU, 0.125s wall-clock]
Generated 23 rules.
Computing model... [0.290s CPU, 0.287s wall-clock]
21269 relevant atoms
38868 auxiliary atoms
60137 final queue length
67555 total queue pushes
Completing instantiation... [0.160s CPU, 0.168s wall-clock]
Instantiating: [0.640s CPU, 0.646s wall-clock]
Computing fact groups...
Finding invariants...
9 initial candidates
Finding invariants: [0.000s CPU, 0.004s wall-clock]
Checking invariant weight... [0.010s CPU, 0.006s wall-clock]
Instantiating groups... [0.000s CPU, 0.003s wall-clock]
Collecting mutex groups... [0.000s CPU, 0.000s wall-clock]
Choosing groups...
0 uncovered facts
Choosing groups: [0.000s CPU, 0.000s wall-clock]
Building translation key... [0.000s CPU, 0.000s wall-clock]
Computing fact groups: [0.010s CPU, 0.014s wall-clock]
Building STRIPS to SAS dictionary... [0.000s CPU, 0.000s wall-clock]
Building dictionary for full mutex groups... [0.000s CPU, 0.000s wall-clock]
Building mutex information...
Building mutex information: [0.000s CPU, 0.000s wall-clock]
Translating task...
Processing axioms...
Simplifying axioms... [0.000s CPU, 0.000s wall-clock]
Translator axioms removed by simplifying: 0
Computing negative axioms... [0.000s CPU, 0.000s wall-clock]
Processing axioms: [0.010s CPU, 0.006s wall-clock]
Translating task: [0.120s CPU, 0.123s wall-clock]
0 effect conditions simplified
0 implied preconditions added
Detecting unreachable propositions...
0 operators removed
0 axioms removed
10 propositions removed
Detecting unreachable propositions: [0.050s CPU, 0.043s wall-clock]
Reordering and filtering variables...
10 of 10 variables necessary.
0 of 10 mutex groups necessary.
3894 of 3894 operators necessary.
0 of 0 axiom rules necessary.
Reordering and filtering variables: [0.010s CPU, 0.012s wall-clock]
Translator variables: 10
Translator derived variables: 0
Translator facts: 252
Translator goal facts: 8
Translator mutex groups: 0
Translator total mutex groups size: 0
Translator operators: 3894
Translator axioms: 0
Translator task size: 19612
Translator peak memory: 61416 KB
Writing output... [0.010s CPU, 0.016s wall-clock]
Done! [0.930s CPU, 0.935s wall-clock]
translate exit code: 0

INFO     Running search (release).
INFO     search stdin: output.sas
INFO     search time limit: 598s
INFO     search memory limit: 3584 MB
INFO     search command line string: /usr/local/downward-projects/downward/experiments/src/thesis/data/thesis-thesis_exp/code-84c08dfff1890fbf6247184940c8166177195ea1_e5e41175/builds/release/bin/downward --evaluator 'h=ff()' --search 'eager(partition(h, plateau_partition(), inter_uniform(), intra_uniform() )) ' --internal-plan-file sas_plan < output.sas
[t=0.00234719s, 11732 KB] reading input...
[t=0.010296s, 12760 KB] done reading input!
[t=0.0142651s, 13536 KB] Simplifying 7660 unary operators... done! [7504 unary operators]
[t=0.0185695s, 13932 KB] time to simplify: 0.00430447s
[t=0.0189281s, 13932 KB] Initializing additive heuristic...
[t=0.0190852s, 13932 KB] Initializing FF heuristic...
[t=0.0191126s, 13932 KB] Building successor generator...done!
[t=0.0199117s, 13932 KB] peak memory difference for successor generator creation: 0 KB
[t=0.0199679s, 13932 KB] time for successor generation creation: 0s
[t=0.0199931s, 13932 KB] Variables: 10
[t=0.0200358s, 13932 KB] FactPairs: 252
[t=0.0200597s, 13932 KB] Bytes per state: 8
[t=0.0200828s, 13932 KB] Conducting best first search without reopening closed nodes, (real) bound = 2147483647
[t=0.0201346s, 13932 KB] New best heuristic value for ff(): 23
[t=0.0202227s, 13932 KB] g=0, 1 evaluated, 0 expanded
[t=0.0202456s, 13932 KB] Initial heuristic value for ff(): 23
[t=0.0202734s, 13932 KB] pruning method: none
[t=0.0202967s, 13932 KB] Start Timestep: 1693527008240 millisecond(s).
[t=0.0203394s, 13932 KB] New best heuristic value for ff(): 22
[t=0.0207067s, 13932 KB] g=2, 8 evaluated, 2 expanded
[t=0.0207368s, 13932 KB] New best heuristic value for ff(): 21
[t=0.0216688s, 13932 KB] g=5, 29 evaluated, 8 expanded
[t=0.0219786s, 13932 KB] New best heuristic value for ff(): 20
[t=0.0220251s, 13932 KB] g=7, 36 evaluated, 10 expanded
[t=0.0220515s, 13932 KB] New best heuristic value for ff(): 19
[t=0.0226687s, 13932 KB] g=8, 50 evaluated, 13 expanded
[t=0.0226937s, 13932 KB] New best heuristic value for ff(): 18
[t=0.0231633s, 13932 KB] g=9, 61 evaluated, 15 expanded
[t=0.0231875s, 13932 KB] New best heuristic value for ff(): 17
[t=0.0234258s, 13932 KB] g=10, 66 evaluated, 16 expanded
[t=0.0258788s, 13932 KB] New best heuristic value for ff(): 16
[t=0.0270983s, 13932 KB] g=12, 154 evaluated, 33 expanded
[t=0.0378529s, 13932 KB] New best heuristic value for ff(): 15
[t=0.0407972s, 13932 KB] g=14, 387 evaluated, 80 expanded
[t=0.041813s, 13932 KB] New best heuristic value for ff(): 14
[t=0.0457061s, 13932 KB] g=15, 459 evaluated, 95 expanded
[t=0.0497702s, 13932 KB] New best heuristic value for ff(): 13
[t=0.0513981s, 13932 KB] g=17, 536 evaluated, 110 expanded
[t=0.093728s, 13932 KB] New best heuristic value for ff(): 12
[t=0.0971591s, 13932 KB] g=19, 1037 evaluated, 211 expanded
[t=0.0976737s, 13932 KB] New best heuristic value for ff(): 11
[t=0.0989042s, 13932 KB] g=20, 1052 evaluated, 213 expanded
[t=0.145637s, 13932 KB] New best heuristic value for ff(): 10
[t=0.147562s, 13932 KB] g=22, 1477 evaluated, 298 expanded
[t=0.549493s, 14168 KB] New best heuristic value for ff(): 9
[t=0.551741s, 14168 KB] g=25, 3788 evaluated, 804 expanded
[t=1.14928s, 14264 KB] New best heuristic value for ff(): 8
[t=1.14995s, 14264 KB] g=25, 6120 evaluated, 1312 expanded
[t=2.02489s, 14872 KB] New best heuristic value for ff(): 7
[t=2.02726s, 14872 KB] g=23, 8580 evaluated, 1873 expanded
[t=2.04883s, 14872 KB] New best heuristic value for ff(): 6
[t=2.05064s, 14872 KB] g=24, 8647 evaluated, 1886 expanded
[t=131.995s, 22372 KB] New best heuristic value for ff(): 5
[t=131.997s, 22372 KB] g=24, 76295 evaluated, 17440 expanded
Peak memory: 29976 KB
caught signal 24 -- exiting
Time limit has been reached.
Remove intermediate file output.sas
search exit code: 23

Driver aborting after search
INFO     Planner time: 597.90s
