INFO     planner time limit: 600s
INFO     planner memory limit: 3584 MB

INFO     Running translator.
INFO     translator stdin: None
INFO     translator time limit: 599s
INFO     translator memory limit: 3584 MB
INFO     translator command line string: /usr/local/downward-projects/downward/experiments/src/thesis/.venv/bin/python3 /usr/local/downward-projects/downward/experiments/src/thesis/data/thesis-thesis_exp/code-84c08dfff1890fbf6247184940c8166177195ea1_e5e41175/builds/release/bin/translate/translate.py domain.pddl problem.pddl --sas-file output.sas
Parsing...
Parsing: [0.000s CPU, 0.003s wall-clock]
Normalizing task... [0.000s CPU, 0.000s wall-clock]
Instantiating...
Generating Datalog program... [0.000s CPU, 0.001s wall-clock]
Normalizing Datalog program...
Normalizing Datalog program: [0.010s CPU, 0.003s wall-clock]
Preparing model... [0.000s CPU, 0.003s wall-clock]
Generated 79 rules.
Computing model... [0.510s CPU, 0.543s wall-clock]
39725 relevant atoms
35876 auxiliary atoms
75601 final queue length
180717 total queue pushes
Completing instantiation... [1.220s CPU, 1.216s wall-clock]
Instantiating: [1.770s CPU, 1.790s wall-clock]
Computing fact groups...
Finding invariants...
14 initial candidates
Finding invariants: [0.020s CPU, 0.026s wall-clock]
Checking invariant weight... [0.000s CPU, 0.000s wall-clock]
Instantiating groups... [0.000s CPU, 0.000s wall-clock]
Collecting mutex groups... [0.000s CPU, 0.001s wall-clock]
Choosing groups...
1836 uncovered facts
Choosing groups: [0.010s CPU, 0.001s wall-clock]
Building translation key... [0.000s CPU, 0.005s wall-clock]
Computing fact groups: [0.040s CPU, 0.045s wall-clock]
Building STRIPS to SAS dictionary... [0.000s CPU, 0.002s wall-clock]
Building dictionary for full mutex groups... [0.010s CPU, 0.002s wall-clock]
Building mutex information...
Building mutex information: [0.000s CPU, 0.001s wall-clock]
Translating task...
Processing axioms...
Simplifying axioms... [0.000s CPU, 0.000s wall-clock]
Translator axioms removed by simplifying: 0
Computing negative axioms... [0.000s CPU, 0.000s wall-clock]
Processing axioms: [0.020s CPU, 0.024s wall-clock]
Translating task: [0.800s CPU, 0.806s wall-clock]
36824 effect conditions simplified
0 implied preconditions added
Detecting unreachable propositions...
0 operators removed
0 axioms removed
4 propositions removed
Detecting unreachable propositions: [0.740s CPU, 0.730s wall-clock]
Reordering and filtering variables...
1840 of 1840 variables necessary.
0 of 4 mutex groups necessary.
16312 of 16312 operators necessary.
0 of 0 axiom rules necessary.
Reordering and filtering variables: [0.400s CPU, 0.404s wall-clock]
Translator variables: 1840
Translator derived variables: 0
Translator facts: 3896
Translator goal facts: 28
Translator mutex groups: 0
Translator total mutex groups size: 0
Translator operators: 16312
Translator axioms: 0
Translator task size: 134788
Translator peak memory: 120480 KB
Writing output... [0.110s CPU, 0.114s wall-clock]
Done! [3.910s CPU, 3.937s wall-clock]
translate exit code: 0

INFO     Running search (release).
INFO     search stdin: output.sas
INFO     search time limit: 595s
INFO     search memory limit: 3584 MB
INFO     search command line string: /usr/local/downward-projects/downward/experiments/src/thesis/data/thesis-thesis_exp/code-84c08dfff1890fbf6247184940c8166177195ea1_e5e41175/builds/release/bin/downward --evaluator 'h=ff()' --search 'eager(partition(h, lwm_partition(), inter_uniform(), intra_uniform() )) ' --internal-plan-file sas_plan < output.sas
[t=0s, 11732 KB] reading input...
[t=0.0839061s, 18412 KB] done reading input!
[t=0.0918621s, 21932 KB] Simplifying 68440 unary operators... done! [53332 unary operators]
[t=0.155676s, 26868 KB] time to simplify: 0.0678121s
[t=0.159867s, 26868 KB] Initializing additive heuristic...
[t=0.161106s, 26868 KB] Initializing FF heuristic...
[t=0.161135s, 26868 KB] Building successor generator...done!
[t=0.167378s, 26868 KB] peak memory difference for successor generator creation: 0 KB
[t=0.167508s, 26868 KB] time for successor generation creation: 0.00225381s
[t=0.167533s, 26868 KB] Variables: 1840
[t=0.167586s, 26868 KB] FactPairs: 3896
[t=0.167609s, 26868 KB] Bytes per state: 236
[t=0.167632s, 26868 KB] Conducting best first search without reopening closed nodes, (real) bound = 2147483647
[t=0.167691s, 26868 KB] New best heuristic value for ff(): 38
[t=0.168528s, 26868 KB] g=0, 1 evaluated, 0 expanded
[t=0.168555s, 26868 KB] Initial heuristic value for ff(): 38
[t=0.168585s, 26868 KB] pruning method: none
[t=0.168608s, 26868 KB] Start Timestep: 1693563180231 millisecond(s).
[t=0.168654s, 26868 KB] New best heuristic value for ff(): 36
[t=0.170704s, 26868 KB] g=2, 7 evaluated, 1 expanded
[t=0.171329s, 26868 KB] New best heuristic value for ff(): 34
[t=0.172735s, 26868 KB] g=4, 13 evaluated, 2 expanded
[t=0.183266s, 26868 KB] New best heuristic value for ff(): 32
[t=0.183442s, 26868 KB] g=6, 46 evaluated, 5 expanded
[t=0.199176s, 26868 KB] New best heuristic value for ff(): 30
[t=0.202234s, 26868 KB] g=8, 103 evaluated, 11 expanded
[t=0.235065s, 26868 KB] New best heuristic value for ff(): 28
[t=0.236266s, 26868 KB] g=11, 203 evaluated, 20 expanded
[t=0.65889s, 26868 KB] New best heuristic value for ff(): 26
[t=0.659012s, 26868 KB] g=15, 1256 evaluated, 129 expanded
[t=1.74634s, 26868 KB] New best heuristic value for ff(): 24
[t=1.75023s, 26868 KB] g=19, 3232 evaluated, 309 expanded
[t=2.37799s, 26868 KB] New best heuristic value for ff(): 22
[t=2.3786s, 26868 KB] g=19, 4129 evaluated, 388 expanded
[t=307.258s, 45608 KB] New best heuristic value for ff(): 20
[t=307.262s, 45608 KB] g=38, 51100 evaluated, 4382 expanded
Peak memory: 52048 KB
caught signal 24 -- exiting
Time limit has been reached.
Remove intermediate file output.sas
search exit code: 23

Driver aborting after search
INFO     Planner time: 598.23s
