INFO     planner time limit: 600s
INFO     planner memory limit: 3584 MB

INFO     Running translator.
INFO     translator stdin: None
INFO     translator time limit: 599s
INFO     translator memory limit: 3584 MB
INFO     translator command line string: /usr/local/downward-projects/downward/experiments/src/thesis/.venv/bin/python3 /usr/local/downward-projects/downward/experiments/src/thesis/data/thesis-thesis_exp/code-84c08dfff1890fbf6247184940c8166177195ea1_e5e41175/builds/release/bin/translate/translate.py domain.pddl problem.pddl --sas-file output.sas
Parsing...
Parsing: [0.000s CPU, 0.006s wall-clock]
Normalizing task... [0.000s CPU, 0.000s wall-clock]
Instantiating...
Generating Datalog program... [0.000s CPU, 0.002s wall-clock]
Normalizing Datalog program...
Normalizing Datalog program: [0.020s CPU, 0.017s wall-clock]
Preparing model... [0.000s CPU, 0.006s wall-clock]
Generated 400 rules.
Computing model... [0.720s CPU, 0.719s wall-clock]
44906 relevant atoms
39548 auxiliary atoms
84454 final queue length
234012 total queue pushes
Completing instantiation... [3.440s CPU, 3.475s wall-clock]
Instantiating: [4.210s CPU, 4.251s wall-clock]
Computing fact groups...
Finding invariants...
41 initial candidates
Finding invariants: [0.060s CPU, 0.063s wall-clock]
Checking invariant weight... [0.000s CPU, 0.000s wall-clock]
Instantiating groups... [0.000s CPU, 0.000s wall-clock]
Collecting mutex groups... [0.000s CPU, 0.000s wall-clock]
Choosing groups...
459 uncovered facts
Choosing groups: [0.000s CPU, 0.000s wall-clock]
Building translation key... [0.000s CPU, 0.001s wall-clock]
Computing fact groups: [0.060s CPU, 0.067s wall-clock]
Building STRIPS to SAS dictionary... [0.000s CPU, 0.000s wall-clock]
Building dictionary for full mutex groups... [0.000s CPU, 0.000s wall-clock]
Building mutex information...
Building mutex information: [0.000s CPU, 0.000s wall-clock]
Translating task...
Processing axioms...
Simplifying axioms... [0.000s CPU, 0.000s wall-clock]
Translator axioms removed by simplifying: 0
Computing negative axioms... [0.000s CPU, 0.000s wall-clock]
Processing axioms: [0.130s CPU, 0.122s wall-clock]
Translating task: [3.570s CPU, 3.593s wall-clock]
124181 effect conditions simplified
0 implied preconditions added
Detecting unreachable propositions...
0 operators removed
0 axioms removed
2 propositions removed
Detecting unreachable propositions: [1.870s CPU, 1.893s wall-clock]
Reordering and filtering variables...
461 of 461 variables necessary.
1 of 3 mutex groups necessary.
44248 of 44248 operators necessary.
0 of 0 axiom rules necessary.
Reordering and filtering variables: [0.780s CPU, 0.790s wall-clock]
Translator variables: 461
Translator derived variables: 0
Translator facts: 925
Translator goal facts: 4
Translator mutex groups: 1
Translator total mutex groups size: 2
Translator operators: 44248
Translator axioms: 0
Translator task size: 541924
Translator peak memory: 323548 KB
Writing output... [0.410s CPU, 0.412s wall-clock]
Done! [11.030s CPU, 11.140s wall-clock]
translate exit code: 0

INFO     Running search (release).
INFO     search stdin: output.sas
INFO     search time limit: 588s
INFO     search memory limit: 3584 MB
INFO     search command line string: /usr/local/downward-projects/downward/experiments/src/thesis/data/thesis-thesis_exp/code-84c08dfff1890fbf6247184940c8166177195ea1_e5e41175/builds/release/bin/downward --evaluator 'h=ff()' --search 'eager(partition(h, hi_partition(), inter_uniform(), intra_uniform() )) ' --internal-plan-file sas_plan < output.sas
[t=0.00114583s, 11732 KB] reading input...
[t=0.247903s, 31988 KB] done reading input!
[t=0.284659s, 49568 KB] Simplifying 273253 unary operators... done! [272293 unary operators]
[t=2.87004s, 73868 KB] time to simplify: 2.58538s
[t=2.88368s, 73868 KB] Initializing additive heuristic...
[t=2.88405s, 73868 KB] Initializing FF heuristic...
[t=2.88408s, 73868 KB] Building successor generator...done!
[t=2.90959s, 73868 KB] peak memory difference for successor generator creation: 0 KB
[t=2.9097s, 73868 KB] time for successor generation creation: 0.0246329s
[t=2.90981s, 73868 KB] Variables: 461
[t=2.91079s, 73868 KB] FactPairs: 925
[t=2.91081s, 73868 KB] Bytes per state: 60
[t=2.91084s, 73868 KB] Conducting best first search without reopening closed nodes, (real) bound = 2147483647
[t=2.91923s, 73868 KB] New best heuristic value for ff(): 29
[t=2.92024s, 73868 KB] g=0, 1 evaluated, 0 expanded
[t=2.92027s, 73868 KB] Initial heuristic value for ff(): 29
[t=2.92031s, 73868 KB] pruning method: none
[t=2.92033s, 73868 KB] Start Timestep: 1693620167858 millisecond(s).
[t=2.98358s, 73868 KB] New best heuristic value for ff(): 26
[t=2.9838s, 73868 KB] g=4, 17 evaluated, 8 expanded
[t=3.02623s, 73868 KB] New best heuristic value for ff(): 25
[t=3.02676s, 73868 KB] g=6, 29 evaluated, 13 expanded
[t=3.35423s, 73868 KB] New best heuristic value for ff(): 24
[t=3.35447s, 73868 KB] g=7, 128 evaluated, 58 expanded
[t=14.502s, 73868 KB] New best heuristic value for ff(): 23
[t=14.5021s, 73868 KB] g=19, 3318 evaluated, 1639 expanded
[t=26.3108s, 73868 KB] New best heuristic value for ff(): 22
[t=26.3113s, 73868 KB] g=23, 6123 evaluated, 3045 expanded
[t=176.562s, 74072 KB] New best heuristic value for ff(): 21
[t=176.563s, 74072 KB] g=25, 24070 evaluated, 12102 expanded
Peak memory: 74072 KB
caught signal 24 -- exiting
Time limit has been reached.
Remove intermediate file output.sas
search exit code: 23

Driver aborting after search
INFO     Planner time: 595.79s
