INFO     planner time limit: 300s
INFO     planner memory limit: 3584 MB

INFO     Running translator.
INFO     translator stdin: None
INFO     translator time limit: 299s
INFO     translator memory limit: 3584 MB
INFO     translator command line string: /usr/local/downward-projects/downward/experiments/.venv/bin/python3 /usr/local/downward-projects/downward/experiments/src/thesis/data/thesis-thesis_exp/code-d93485cdd92f65ede2ae3573b3f4adda0b49e4fd_e5e41175/builds/release/bin/translate/translate.py domain.pddl problem.pddl --sas-file output.sas
Parsing...
Parsing: [0.010s CPU, 0.006s wall-clock]
Normalizing task... [0.000s CPU, 0.000s wall-clock]
Instantiating...
Generating Datalog program... [0.000s CPU, 0.002s wall-clock]
Normalizing Datalog program...
Normalizing Datalog program: [0.000s CPU, 0.002s wall-clock]
Preparing model... [0.010s CPU, 0.006s wall-clock]
Generated 46 rules.
Computing model... [0.300s CPU, 0.305s wall-clock]
35432 relevant atoms
16424 auxiliary atoms
51856 final queue length
113272 total queue pushes
Completing instantiation... [1.410s CPU, 1.403s wall-clock]
Instantiating: [1.730s CPU, 1.730s wall-clock]
Computing fact groups...
Finding invariants...
12 initial candidates
Finding invariants: [0.010s CPU, 0.013s wall-clock]
Checking invariant weight... [0.000s CPU, 0.001s wall-clock]
Instantiating groups... [0.010s CPU, 0.007s wall-clock]
Collecting mutex groups... [0.000s CPU, 0.001s wall-clock]
Choosing groups...
0 uncovered facts
Choosing groups: [0.000s CPU, 0.003s wall-clock]
Building translation key... [0.000s CPU, 0.002s wall-clock]
Computing fact groups: [0.030s CPU, 0.034s wall-clock]
Building STRIPS to SAS dictionary... [0.000s CPU, 0.001s wall-clock]
Building dictionary for full mutex groups... [0.000s CPU, 0.001s wall-clock]
Building mutex information...
Building mutex information: [0.000s CPU, 0.001s wall-clock]
Translating task...
Processing axioms...
Simplifying axioms... [0.000s CPU, 0.000s wall-clock]
Translator axioms removed by simplifying: 0
Computing negative axioms... [0.000s CPU, 0.000s wall-clock]
Processing axioms: [0.040s CPU, 0.043s wall-clock]
Translating task: [0.920s CPU, 0.913s wall-clock]
0 effect conditions simplified
0 implied preconditions added
Detecting unreachable propositions...
0 operators removed
0 axioms removed
56 propositions removed
Detecting unreachable propositions: [0.630s CPU, 0.642s wall-clock]
Reordering and filtering variables...
56 of 56 variables necessary.
0 of 56 mutex groups necessary.
32088 of 32088 operators necessary.
0 of 0 axiom rules necessary.
Reordering and filtering variables: [0.110s CPU, 0.109s wall-clock]
Translator variables: 56
Translator derived variables: 0
Translator facts: 2088
Translator goal facts: 40
Translator mutex groups: 0
Translator total mutex groups size: 0
Translator operators: 32088
Translator axioms: 0
Translator task size: 192528
Translator peak memory: 160572 KB
Writing output... [0.140s CPU, 0.140s wall-clock]
Done! [3.620s CPU, 3.629s wall-clock]
translate exit code: 0

INFO     Running search (release).
INFO     search stdin: output.sas
INFO     search time limit: 296s
INFO     search memory limit: 3584 MB
INFO     search command line string: /usr/local/downward-projects/downward/experiments/src/thesis/data/thesis-thesis_exp/code-d93485cdd92f65ede2ae3573b3f4adda0b49e4fd_e5e41175/builds/release/bin/downward --evaluator 'h=ff()' --search 'eager(epsilon_greedy(h, epsilon=0.2))' --internal-plan-file sas_plan < output.sas
[t=0s, 11364 KB] reading input...
[t=0.0871047s, 20044 KB] done reading input!
[t=0.0998142s, 23388 KB] Simplifying 63448 unary operators... done! [63448 unary operators]
[t=0.159618s, 29204 KB] time to simplify: 0.0630188s
[t=0.164736s, 29204 KB] Initializing additive heuristic...
[t=0.166163s, 29204 KB] Initializing FF heuristic...
[t=0.166193s, 29204 KB] Building successor generator...done!
[t=0.179481s, 30656 KB] peak memory difference for successor generator creation: 1452 KB
[t=0.179575s, 30656 KB] time for successor generation creation: 0.0124313s
[t=0.1796s, 30656 KB] Variables: 56
[t=0.179628s, 30656 KB] FactPairs: 2088
[t=0.179651s, 30656 KB] Bytes per state: 40
[t=0.179674s, 30656 KB] Conducting best first search without reopening closed nodes, (real) bound = 2147483647
[t=0.179732s, 30656 KB] New best heuristic value for ff(): 366
[t=0.181269s, 30656 KB] g=0, 1 evaluated, 0 expanded
[t=0.181297s, 30656 KB] Initial heuristic value for ff(): 366
[t=0.181325s, 30656 KB] pruning method: none
[t=0.181349s, 30656 KB] Start Timestep: 1687932076735 millisecond(s).
[t=0.182561s, 30656 KB] New best heuristic value for ff(): 364
[t=0.184742s, 30656 KB] g=10, 5 evaluated, 1 expanded
[t=0.184771s, 30656 KB] New best heuristic value for ff(): 360
[t=0.186479s, 30656 KB] g=8, 7 evaluated, 1 expanded
[t=0.194486s, 30656 KB] New best heuristic value for ff(): 358
[t=0.194989s, 30656 KB] g=9, 17 evaluated, 1 expanded
[t=0.195018s, 30656 KB] New best heuristic value for ff(): 357
[t=0.195942s, 30656 KB] g=8, 18 evaluated, 1 expanded
[t=0.198404s, 30656 KB] New best heuristic value for ff(): 354
[t=0.20194s, 30656 KB] g=7, 25 evaluated, 1 expanded
[t=0.202366s, 30656 KB] New best heuristic value for ff(): 350
[t=0.2029s, 30656 KB] g=8, 26 evaluated, 1 expanded
[t=0.202928s, 30656 KB] New best heuristic value for ff(): 330
[t=0.204693s, 30656 KB] g=10, 28 evaluated, 1 expanded
[t=0.250227s, 30656 KB] New best heuristic value for ff(): 328
[t=0.250829s, 30656 KB] g=20, 83 evaluated, 2 expanded
[t=0.250858s, 30656 KB] New best heuristic value for ff(): 324
[t=0.252568s, 30656 KB] g=18, 85 evaluated, 2 expanded
[t=0.258132s, 30656 KB] New best heuristic value for ff(): 322
[t=0.261033s, 30656 KB] g=19, 95 evaluated, 2 expanded
[t=0.261061s, 30656 KB] New best heuristic value for ff(): 321
[t=0.26196s, 30656 KB] g=18, 96 evaluated, 2 expanded
[t=0.270057s, 30656 KB] New best heuristic value for ff(): 318
[t=0.272258s, 30656 KB] g=22, 108 evaluated, 2 expanded
[t=0.272286s, 30656 KB] New best heuristic value for ff(): 316
[t=0.273222s, 30656 KB] g=21, 109 evaluated, 2 expanded
[t=0.273991s, 30656 KB] New best heuristic value for ff(): 306
[t=0.275055s, 30656 KB] g=19, 111 evaluated, 2 expanded
[t=0.30995s, 30656 KB] New best heuristic value for ff(): 304
[t=0.310257s, 30656 KB] g=29, 153 evaluated, 3 expanded
[t=0.310286s, 30656 KB] New best heuristic value for ff(): 300
[t=0.312045s, 30656 KB] g=27, 155 evaluated, 3 expanded
[t=0.319017s, 30656 KB] New best heuristic value for ff(): 298
[t=0.320742s, 30656 KB] g=28, 165 evaluated, 3 expanded
[t=0.320771s, 30656 KB] New best heuristic value for ff(): 297
[t=0.321691s, 30656 KB] g=27, 166 evaluated, 3 expanded
[t=0.36976s, 30656 KB] New best heuristic value for ff(): 295
[t=0.370483s, 30656 KB] g=37, 223 evaluated, 4 expanded
[t=0.370512s, 30656 KB] New best heuristic value for ff(): 291
[t=0.372274s, 30656 KB] g=35, 225 evaluated, 4 expanded
[t=0.901365s, 30656 KB] New best heuristic value for ff(): 290
[t=0.905248s, 30656 KB] g=56, 853 evaluated, 12 expanded
[t=21.7386s, 31056 KB] New best heuristic value for ff(): 284
[t=21.7402s, 31056 KB] g=133, 25418 evaluated, 437 expanded
[t=25.3801s, 31192 KB] New best heuristic value for ff(): 275
[t=25.3828s, 31192 KB] g=210, 29764 evaluated, 505 expanded
Peak memory: 60140 KB
caught signal 24 -- exiting
Time limit has been reached.
Remove intermediate file output.sas
search exit code: 23

Driver aborting after search
INFO     Planner time: 299.63s
