INFO     planner time limit: 600s
INFO     planner memory limit: 3584 MB

INFO     Running translator.
INFO     translator stdin: None
INFO     translator time limit: 599s
INFO     translator memory limit: 3584 MB
INFO     translator command line string: /usr/local/downward-projects/downward/experiments/src/thesis/.venv/bin/python3 /usr/local/downward-projects/downward/experiments/src/thesis/data/thesis-thesis_exp/code-84c08dfff1890fbf6247184940c8166177195ea1_e5e41175/builds/release/bin/translate/translate.py domain.pddl problem.pddl --sas-file output.sas
Parsing...
Parsing: [0.000s CPU, 0.002s wall-clock]
Normalizing task... [0.000s CPU, 0.000s wall-clock]
Instantiating...
Generating Datalog program... [0.000s CPU, 0.001s wall-clock]
Normalizing Datalog program...
Normalizing Datalog program: [0.000s CPU, 0.001s wall-clock]
Preparing model... [0.000s CPU, 0.001s wall-clock]
Generated 32 rules.
Computing model... [0.360s CPU, 0.366s wall-clock]
53177 relevant atoms
5070 auxiliary atoms
58247 final queue length
172334 total queue pushes
Completing instantiation... [2.440s CPU, 2.433s wall-clock]
Instantiating: [2.810s CPU, 2.819s wall-clock]
Computing fact groups...
Finding invariants...
12 initial candidates
Finding invariants: [0.010s CPU, 0.007s wall-clock]
Checking invariant weight... [0.000s CPU, 0.000s wall-clock]
Instantiating groups... [0.010s CPU, 0.004s wall-clock]
Collecting mutex groups... [0.000s CPU, 0.001s wall-clock]
Choosing groups...
71 uncovered facts
Choosing groups: [0.000s CPU, 0.003s wall-clock]
Building translation key... [0.010s CPU, 0.001s wall-clock]
Computing fact groups: [0.030s CPU, 0.022s wall-clock]
Building STRIPS to SAS dictionary... [0.000s CPU, 0.001s wall-clock]
Building dictionary for full mutex groups... [0.000s CPU, 0.001s wall-clock]
Building mutex information...
Building mutex information: [0.000s CPU, 0.001s wall-clock]
Translating task...
Processing axioms...
Simplifying axioms... [0.000s CPU, 0.000s wall-clock]
Translator axioms removed by simplifying: 0
Computing negative axioms... [0.000s CPU, 0.000s wall-clock]
Processing axioms: [0.070s CPU, 0.075s wall-clock]
Translating task: [2.270s CPU, 2.280s wall-clock]
61152 effect conditions simplified
0 implied preconditions added
Detecting unreachable propositions...
0 operators removed
0 axioms removed
28 propositions removed
Detecting unreachable propositions: [1.320s CPU, 1.329s wall-clock]
Reordering and filtering variables...
99 of 99 variables necessary.
43 of 71 mutex groups necessary.
49392 of 49392 operators necessary.
0 of 0 axiom rules necessary.
Reordering and filtering variables: [0.310s CPU, 0.315s wall-clock]
Translator variables: 99
Translator derived variables: 0
Translator facts: 1346
Translator goal facts: 28
Translator mutex groups: 43
Translator total mutex groups size: 1247
Translator operators: 49392
Translator axioms: 0
Translator task size: 402560
Translator peak memory: 270144 KB
Writing output... [0.310s CPU, 0.307s wall-clock]
Done! [7.160s CPU, 7.173s wall-clock]
translate exit code: 0

INFO     Running search (release).
INFO     search stdin: output.sas
INFO     search time limit: 592s
INFO     search memory limit: 3584 MB
INFO     search command line string: /usr/local/downward-projects/downward/experiments/src/thesis/data/thesis-thesis_exp/code-84c08dfff1890fbf6247184940c8166177195ea1_e5e41175/builds/release/bin/downward --evaluator 'h=ff()' --search 'eager(partition(h, plateau_partition(), inter_uniform(), intra_uniform() )) ' --internal-plan-file sas_plan < output.sas
[t=0s, 11732 KB] reading input...
[t=0.193677s, 30488 KB] done reading input!
[t=0.217626s, 41756 KB] Simplifying 171276 unary operators... done! [171276 unary operators]
[t=0.745006s, 56760 KB] time to simplify: 0.52738s
[t=0.748952s, 56760 KB] Initializing additive heuristic...
[t=0.750523s, 56760 KB] Initializing FF heuristic...
[t=0.750551s, 56760 KB] Building successor generator...done!
[t=0.766498s, 56760 KB] peak memory difference for successor generator creation: 0 KB
[t=0.766619s, 56760 KB] time for successor generation creation: 0.0142163s
[t=0.766643s, 56760 KB] Variables: 99
[t=0.767727s, 56760 KB] FactPairs: 1346
[t=0.767751s, 56760 KB] Bytes per state: 32
[t=0.767775s, 56760 KB] Conducting best first search without reopening closed nodes, (real) bound = 2147483647
[t=0.772724s, 56760 KB] New best heuristic value for ff(): 62
[t=0.772965s, 56760 KB] g=0, 1 evaluated, 0 expanded
[t=0.772991s, 56760 KB] Initial heuristic value for ff(): 62
[t=0.773022s, 56760 KB] pruning method: none
[t=0.773045s, 56760 KB] Start Timestep: 1693539057702 millisecond(s).
[t=0.776605s, 56760 KB] New best heuristic value for ff(): 61
[t=0.780039s, 56760 KB] g=1, 4 evaluated, 1 expanded
[t=0.800549s, 56760 KB] New best heuristic value for ff(): 55
[t=0.80235s, 56760 KB] g=1, 14 evaluated, 1 expanded
[t=1.42411s, 56760 KB] New best heuristic value for ff(): 53
[t=1.42678s, 56760 KB] g=4, 291 evaluated, 13 expanded
[t=3.87411s, 56760 KB] New best heuristic value for ff(): 52
[t=3.87424s, 56760 KB] g=7, 1328 evaluated, 59 expanded
[t=5.50017s, 56760 KB] New best heuristic value for ff(): 51
[t=5.50205s, 56760 KB] g=9, 1989 evaluated, 87 expanded
[t=5.79982s, 56760 KB] New best heuristic value for ff(): 50
[t=5.80208s, 56760 KB] g=10, 2108 evaluated, 92 expanded
[t=6.52679s, 56760 KB] New best heuristic value for ff(): 49
[t=6.5273s, 56760 KB] g=12, 2393 evaluated, 104 expanded
[t=6.6746s, 56760 KB] New best heuristic value for ff(): 46
[t=6.6784s, 56760 KB] g=13, 2451 evaluated, 106 expanded
[t=7.81751s, 56760 KB] New best heuristic value for ff(): 45
[t=7.82122s, 56760 KB] g=15, 2887 evaluated, 123 expanded
[t=9.37603s, 56760 KB] New best heuristic value for ff(): 43
[t=9.37719s, 56760 KB] g=16, 3463 evaluated, 146 expanded
[t=9.41158s, 56760 KB] New best heuristic value for ff(): 42
[t=9.41479s, 56760 KB] g=16, 3476 evaluated, 146 expanded
[t=15.9979s, 56760 KB] New best heuristic value for ff(): 41
[t=16.0009s, 56760 KB] g=20, 5733 evaluated, 236 expanded
[t=20.8324s, 56760 KB] New best heuristic value for ff(): 40
[t=20.8349s, 56760 KB] g=22, 7231 evaluated, 296 expanded
[t=20.8563s, 56760 KB] New best heuristic value for ff(): 39
[t=20.8574s, 56760 KB] g=22, 7238 evaluated, 296 expanded
[t=22.8623s, 56760 KB] New best heuristic value for ff(): 37
[t=22.863s, 56760 KB] g=24, 7827 evaluated, 320 expanded
[t=25.2357s, 56760 KB] New best heuristic value for ff(): 36
[t=25.2371s, 56760 KB] g=26, 8503 evaluated, 348 expanded
[t=35.5072s, 56760 KB] New best heuristic value for ff(): 35
[t=35.51s, 56760 KB] g=31, 11209 evaluated, 451 expanded
[t=46.4992s, 56760 KB] New best heuristic value for ff(): 33
[t=46.4996s, 56760 KB] g=34, 14191 evaluated, 569 expanded
[t=54.0787s, 56760 KB] New best heuristic value for ff(): 32
[t=54.0826s, 56760 KB] g=37, 16048 evaluated, 640 expanded
[t=54.2184s, 56760 KB] New best heuristic value for ff(): 31
[t=54.2206s, 56760 KB] g=38, 16081 evaluated, 642 expanded
[t=58.8965s, 56760 KB] New best heuristic value for ff(): 30
[t=58.9002s, 56760 KB] g=40, 17150 evaluated, 683 expanded
[t=64.487s, 56760 KB] New best heuristic value for ff(): 29
[t=64.4883s, 56760 KB] g=41, 18355 evaluated, 729 expanded
[t=69.3205s, 56760 KB] New best heuristic value for ff(): 28
[t=69.3217s, 56760 KB] g=43, 19152 evaluated, 761 expanded
[t=96.4967s, 56760 KB] New best heuristic value for ff(): 27
[t=96.5007s, 56760 KB] g=46, 23445 evaluated, 929 expanded
[t=110.094s, 56760 KB] New best heuristic value for ff(): 26
[t=110.098s, 56760 KB] g=47, 25234 evaluated, 999 expanded
[t=111.46s, 56760 KB] New best heuristic value for ff(): 25
[t=111.464s, 56760 KB] g=48, 25406 evaluated, 1006 expanded
[t=129.58s, 56760 KB] New best heuristic value for ff(): 23
[t=129.581s, 56760 KB] g=49, 27586 evaluated, 1092 expanded
[t=141.665s, 56760 KB] New best heuristic value for ff(): 21
[t=141.668s, 56760 KB] g=52, 29097 evaluated, 1151 expanded
[t=150.147s, 56760 KB] New best heuristic value for ff(): 19
[t=150.15s, 56760 KB] g=53, 30084 evaluated, 1189 expanded
Peak memory: 58816 KB
caught signal 24 -- exiting
Time limit has been reached.
Remove intermediate file output.sas
search exit code: 23

Driver aborting after search
INFO     Planner time: 598.37s
