INFO     planner time limit: 600s
INFO     planner memory limit: 3584 MB

INFO     Running translator.
INFO     translator stdin: None
INFO     translator time limit: 599s
INFO     translator memory limit: 3584 MB
INFO     translator command line string: /usr/local/downward-projects/downward/experiments/src/thesis/.venv/bin/python3 /usr/local/downward-projects/downward/experiments/src/thesis/data/thesis-thesis_exp/code-84c08dfff1890fbf6247184940c8166177195ea1_e5e41175/builds/release/bin/translate/translate.py domain.pddl problem.pddl --sas-file output.sas
Parsing...
Parsing: [0.000s CPU, 0.003s wall-clock]
Normalizing task... [0.000s CPU, 0.000s wall-clock]
Instantiating...
Generating Datalog program... [0.000s CPU, 0.001s wall-clock]
Normalizing Datalog program...
Normalizing Datalog program: [0.000s CPU, 0.004s wall-clock]
Preparing model... [0.010s CPU, 0.002s wall-clock]
Generated 115 rules.
Computing model... [0.040s CPU, 0.049s wall-clock]
4185 relevant atoms
4172 auxiliary atoms
8357 final queue length
14736 total queue pushes
Completing instantiation... [0.100s CPU, 0.108s wall-clock]
Instantiating: [0.160s CPU, 0.165s wall-clock]
Computing fact groups...
Finding invariants...
24 initial candidates
Finding invariants: [0.010s CPU, 0.008s wall-clock]
Checking invariant weight... [0.000s CPU, 0.000s wall-clock]
Instantiating groups... [0.000s CPU, 0.001s wall-clock]
Collecting mutex groups... [0.000s CPU, 0.000s wall-clock]
Choosing groups...
429 uncovered facts
Choosing groups: [0.000s CPU, 0.000s wall-clock]
Building translation key... [0.000s CPU, 0.001s wall-clock]
Computing fact groups: [0.010s CPU, 0.013s wall-clock]
Building STRIPS to SAS dictionary... [0.000s CPU, 0.000s wall-clock]
Building dictionary for full mutex groups... [0.000s CPU, 0.000s wall-clock]
Building mutex information...
Building mutex information: [0.000s CPU, 0.000s wall-clock]
Translating task...
Processing axioms...
Simplifying axioms... [0.000s CPU, 0.000s wall-clock]
Translator axioms removed by simplifying: 0
Computing negative axioms... [0.000s CPU, 0.000s wall-clock]
Processing axioms: [0.010s CPU, 0.006s wall-clock]
Translating task: [0.140s CPU, 0.140s wall-clock]
4994 effect conditions simplified
0 implied preconditions added
Detecting unreachable propositions...
0 operators removed
0 axioms removed
3 propositions removed
Detecting unreachable propositions: [0.060s CPU, 0.056s wall-clock]
Reordering and filtering variables...
432 of 432 variables necessary.
18 of 21 mutex groups necessary.
2984 of 2984 operators necessary.
0 of 0 axiom rules necessary.
Reordering and filtering variables: [0.040s CPU, 0.036s wall-clock]
Translator variables: 432
Translator derived variables: 0
Translator facts: 899
Translator goal facts: 16
Translator mutex groups: 18
Translator total mutex groups size: 54
Translator operators: 2984
Translator axioms: 0
Translator task size: 28627
Translator peak memory: 49460 KB
Writing output... [0.030s CPU, 0.022s wall-clock]
Done! [0.440s CPU, 0.444s wall-clock]
translate exit code: 0

INFO     Running search (release).
INFO     search stdin: output.sas
INFO     search time limit: 599s
INFO     search memory limit: 3584 MB
INFO     search command line string: /usr/local/downward-projects/downward/experiments/src/thesis/data/thesis-thesis_exp/code-84c08dfff1890fbf6247184940c8166177195ea1_e5e41175/builds/release/bin/downward --evaluator 'h=ff()' --search 'eager(partition(h, hi_partition(), inter_uniform(), intra_uniform() )) ' --internal-plan-file sas_plan < output.sas
[t=0s, 11732 KB] reading input...
[t=0.0151494s, 12936 KB] done reading input!
[t=0.0194375s, 14112 KB] Simplifying 11038 unary operators... done! [9382 unary operators]
[t=0.0291206s, 14772 KB] time to simplify: 0.0096831s
[t=0.0296993s, 14772 KB] Initializing additive heuristic...
[t=0.0299927s, 14772 KB] Initializing FF heuristic...
[t=0.0300192s, 14772 KB] Building successor generator...done!
[t=0.0312448s, 14772 KB] peak memory difference for successor generator creation: 0 KB
[t=0.0313104s, 14772 KB] time for successor generation creation: 0.000784954s
[t=0.0313346s, 14772 KB] Variables: 432
[t=0.0313934s, 14772 KB] FactPairs: 899
[t=0.0314151s, 14772 KB] Bytes per state: 56
[t=0.0314371s, 14772 KB] Conducting best first search without reopening closed nodes, (real) bound = 2147483647
[t=0.0314918s, 14772 KB] New best heuristic value for ff(): 40
[t=0.0316664s, 14772 KB] g=0, 1 evaluated, 0 expanded
[t=0.0316926s, 14772 KB] Initial heuristic value for ff(): 40
[t=0.0317207s, 14772 KB] pruning method: none
[t=0.031744s, 14772 KB] Start Timestep: 1693550548503 millisecond(s).
[t=0.0317903s, 14772 KB] New best heuristic value for ff(): 38
[t=0.0333692s, 14772 KB] g=1, 16 evaluated, 1 expanded
[t=0.0387461s, 14772 KB] New best heuristic value for ff(): 37
[t=0.0424011s, 14772 KB] g=4, 101 evaluated, 6 expanded
[t=0.0426866s, 14772 KB] New best heuristic value for ff(): 36
[t=0.0441003s, 14772 KB] g=4, 116 evaluated, 6 expanded
[t=0.534006s, 14772 KB] New best heuristic value for ff(): 35
[t=0.536668s, 14772 KB] g=10, 2428 evaluated, 267 expanded
Peak memory: 32068 KB
caught signal 24 -- exiting
Time limit has been reached.
Remove intermediate file output.sas
search exit code: 23

Driver aborting after search
INFO     Planner time: 598.64s
