INFO     planner time limit: 900s
INFO     planner memory limit: 3584 MB

INFO     Running translator.
INFO     translator stdin: None
INFO     translator time limit: 899s
INFO     translator memory limit: 3584 MB
INFO     translator command line string: /usr/local/downward-projects/downward/experiments/assign3/.venv/bin/python3 /usr/local/downward-projects/downward/experiments/assign3/data/assign3-anytime_exp/code-fe4f0f1bb525c059c1938ac01bab1b7bae200873_e5e41175/builds/release/bin/translate/translate.py domain.pddl problem.pddl --sas-file output.sas
Parsing...
Parsing: [0.000s CPU, 0.006s wall-clock]
Normalizing task... [0.000s CPU, 0.000s wall-clock]
Instantiating...
Generating Datalog program... [0.010s CPU, 0.001s wall-clock]
Normalizing Datalog program...
Normalizing Datalog program: [0.010s CPU, 0.017s wall-clock]
Preparing model... [0.010s CPU, 0.006s wall-clock]
Generated 400 rules.
Computing model... [2.020s CPU, 2.021s wall-clock]
117069 relevant atoms
115451 auxiliary atoms
232520 final queue length
589621 total queue pushes
Completing instantiation... [8.010s CPU, 8.013s wall-clock]
Instantiating: [10.150s CPU, 10.143s wall-clock]
Computing fact groups...
Finding invariants...
41 initial candidates
Finding invariants: [0.150s CPU, 0.152s wall-clock]
Checking invariant weight... [0.000s CPU, 0.000s wall-clock]
Instantiating groups... [0.000s CPU, 0.000s wall-clock]
Collecting mutex groups... [0.000s CPU, 0.000s wall-clock]
Choosing groups...
815 uncovered facts
Choosing groups: [0.000s CPU, 0.000s wall-clock]
Building translation key... [0.010s CPU, 0.002s wall-clock]
Computing fact groups: [0.160s CPU, 0.159s wall-clock]
Building STRIPS to SAS dictionary... [0.000s CPU, 0.001s wall-clock]
Building dictionary for full mutex groups... [0.000s CPU, 0.001s wall-clock]
Building mutex information...
Building mutex information: [0.000s CPU, 0.001s wall-clock]
Translating task...
Processing axioms...
Simplifying axioms... [0.000s CPU, 0.000s wall-clock]
Translator axioms removed by simplifying: 0
Computing negative axioms... [0.000s CPU, 0.000s wall-clock]
Processing axioms: [0.290s CPU, 0.294s wall-clock]
Translating task: [8.170s CPU, 8.177s wall-clock]
279393 effect conditions simplified
0 implied preconditions added
Detecting unreachable propositions...
0 operators removed
0 axioms removed
2 propositions removed
Detecting unreachable propositions: [4.480s CPU, 4.493s wall-clock]
Reordering and filtering variables...
817 of 817 variables necessary.
1 of 3 mutex groups necessary.
115978 of 115978 operators necessary.
0 of 0 axiom rules necessary.
Reordering and filtering variables: [1.950s CPU, 1.943s wall-clock]
Translator variables: 817
Translator derived variables: 0
Translator facts: 1645
Translator goal facts: 12
Translator mutex groups: 1
Translator total mutex groups size: 2
Translator operators: 115978
Translator axioms: 0
Translator task size: 1350616
Translator peak memory: 757332 KB
Writing output... [1.010s CPU, 1.008s wall-clock]
Done! [26.220s CPU, 26.239s wall-clock]
translate exit code: 0

INFO     Running search (release).
INFO     search stdin: output.sas
INFO     search time limit: 873s
INFO     search memory limit: 3584 MB
INFO     search command line string: /usr/local/downward-projects/downward/experiments/assign3/data/assign3-anytime_exp/code-fe4f0f1bb525c059c1938ac01bab1b7bae200873_e5e41175/builds/release/bin/downward --evaluator 'h=lmcut()' --search 'eager_anytime(single(sum([weight(h, 2, verbosity=normal), g()])), 
        reopen_closed=true, f_eval=sum([h, g()]))' --internal-plan-file sas_plan < output.sas
[t=0.00226101s, 10884 KB] reading input...
[t=0.654486s, 61616 KB] done reading input!
[t=0.754333s, 100416 KB] Initializing landmark cut heuristic...
[t=0.757008s, 100416 KB] Building successor generator...done!
[t=0.836791s, 121648 KB] peak memory difference for successor generator creation: 21232 KB
[t=0.836903s, 121648 KB] time for successor generation creation: 0.0767113s
[t=0.837793s, 121648 KB] Variables: 817
[t=0.839159s, 121648 KB] FactPairs: 1645
[t=0.839184s, 121648 KB] Bytes per state: 104
[t=0.839206s, 121648 KB] Conducting best first anytime search with reopening closed nodes, (real) bound = 2147483647
[t=1.06164s, 121648 KB] New best heuristic value for lmcut(): 46
[t=1.06383s, 121648 KB] g=0, 1 evaluated, 0 expanded
[t=1.06386s, 121648 KB] Initial heuristic value for lmcut(): 46
[t=1.06389s, 121648 KB] Start Timestep: 1682426467105 millisecond(s).
[t=1.95275s, 121648 KB] New best heuristic value for lmcut(): 45
[t=1.95319s, 121648 KB] g=1, 5 evaluated, 1 expanded
[t=3.02804s, 121648 KB] New best heuristic value for lmcut(): 43
[t=3.02852s, 121648 KB] g=3, 10 evaluated, 3 expanded
[t=3.6355s, 121648 KB] New best heuristic value for lmcut(): 42
[t=3.63656s, 121648 KB] g=4, 13 evaluated, 4 expanded
[t=4.24293s, 121648 KB] New best heuristic value for lmcut(): 41
[t=4.24612s, 121648 KB] g=5, 16 evaluated, 5 expanded
[t=5.24996s, 121648 KB] New best heuristic value for lmcut(): 40
[t=5.25208s, 121648 KB] g=7, 21 evaluated, 7 expanded
[t=5.45362s, 121648 KB] New best heuristic value for lmcut(): 38
[t=5.45584s, 121648 KB] g=7, 22 evaluated, 7 expanded
[t=195.166s, 121648 KB] New best heuristic value for lmcut(): 37
[t=195.167s, 121648 KB] g=12, 867 evaluated, 363 expanded
[t=223.303s, 121648 KB] New best heuristic value for lmcut(): 35
[t=223.304s, 121648 KB] g=18, 978 evaluated, 409 expanded
Peak memory: 121648 KB
caught signal 24 -- exiting
Time limit has been reached.
Remove intermediate file output.sas
search exit code: 23

Driver aborting after search
INFO     Planner time: 896.48s
