INFO     planner time limit: 300s
INFO     planner memory limit: 3584 MB

INFO     Running translator.
INFO     translator stdin: None
INFO     translator time limit: 299s
INFO     translator memory limit: 3584 MB
INFO     translator command line string: /usr/local/downward-projects/downward/experiments/.venv/bin/python3 /usr/local/downward-projects/downward/experiments/src/thesis/data/thesis-thesis_exp/code-d93485cdd92f65ede2ae3573b3f4adda0b49e4fd_e5e41175/builds/release/bin/translate/translate.py domain.pddl problem.pddl --sas-file output.sas
Parsing...
Parsing: [0.000s CPU, 0.004s wall-clock]
Normalizing task... [0.000s CPU, 0.000s wall-clock]
Instantiating...
Generating Datalog program... [0.000s CPU, 0.001s wall-clock]
Normalizing Datalog program...
Duplicate arguments: Adding equality conditions.
Normalizing Datalog program: [0.000s CPU, 0.003s wall-clock]
Preparing model... [0.010s CPU, 0.002s wall-clock]
Generated 129 rules.
Computing model... [0.080s CPU, 0.082s wall-clock]
7210 relevant atoms
7163 auxiliary atoms
14373 final queue length
31257 total queue pushes
Completing instantiation... [0.200s CPU, 0.212s wall-clock]
Instantiating: [0.300s CPU, 0.304s wall-clock]
Computing fact groups...
Finding invariants...
36 initial candidates
Finding invariants: [0.100s CPU, 0.103s wall-clock]
Checking invariant weight... [0.000s CPU, 0.001s wall-clock]
Instantiating groups... [0.000s CPU, 0.002s wall-clock]
Collecting mutex groups... [0.000s CPU, 0.001s wall-clock]
Choosing groups...
0 uncovered facts
Choosing groups: [0.000s CPU, 0.003s wall-clock]
Building translation key... [0.000s CPU, 0.001s wall-clock]
Computing fact groups: [0.110s CPU, 0.115s wall-clock]
Building STRIPS to SAS dictionary... [0.000s CPU, 0.000s wall-clock]
Building dictionary for full mutex groups... [0.000s CPU, 0.001s wall-clock]
Building mutex information...
Building mutex information: [0.000s CPU, 0.001s wall-clock]
Translating task...
Processing axioms...
Simplifying axioms... [0.000s CPU, 0.000s wall-clock]
Translator axioms removed by simplifying: 0
Computing negative axioms... [0.000s CPU, 0.000s wall-clock]
Processing axioms: [0.010s CPU, 0.010s wall-clock]
Translating task: [0.240s CPU, 0.235s wall-clock]
0 effect conditions simplified
0 implied preconditions added
Detecting unreachable propositions...
0 operators removed
0 axioms removed
39 propositions removed
Detecting unreachable propositions: [0.170s CPU, 0.165s wall-clock]
Reordering and filtering variables...
42 of 42 variables necessary.
46 of 66 mutex groups necessary.
6042 of 6042 operators necessary.
0 of 0 axiom rules necessary.
Reordering and filtering variables: [0.040s CPU, 0.034s wall-clock]
Translator variables: 42
Translator derived variables: 0
Translator facts: 942
Translator goal facts: 38
Translator mutex groups: 46
Translator total mutex groups size: 1836
Translator operators: 6042
Translator axioms: 0
Translator task size: 47793
Translator peak memory: 62420 KB
Writing output... [0.030s CPU, 0.034s wall-clock]
Done! [0.900s CPU, 0.906s wall-clock]
translate exit code: 0

INFO     Running search (release).
INFO     search stdin: output.sas
INFO     search time limit: 299s
INFO     search memory limit: 3584 MB
INFO     search command line string: /usr/local/downward-projects/downward/experiments/src/thesis/data/thesis-thesis_exp/code-d93485cdd92f65ede2ae3573b3f4adda0b49e4fd_e5e41175/builds/release/bin/downward --evaluator 'h=ff()' --search 'eager(alt([type_based([h, g()], random_seed=-1), single(h)]))' --internal-plan-file sas_plan < output.sas
[t=0s, 11364 KB] reading input...
[t=0.0238782s, 14696 KB] done reading input!
[t=0.027843s, 16448 KB] Simplifying 20083 unary operators... done! [19399 unary operators]
[t=0.0517491s, 17936 KB] time to simplify: 0.0239061s
[t=0.052441s, 17936 KB] Initializing additive heuristic...
[t=0.0529132s, 17936 KB] Initializing FF heuristic...
[t=0.0529448s, 17936 KB] Building successor generator...done!
[t=0.0548694s, 17936 KB] peak memory difference for successor generator creation: 0 KB
[t=0.0549272s, 17936 KB] time for successor generation creation: 0s
[t=0.0549531s, 17936 KB] Variables: 42
[t=0.0549809s, 17936 KB] FactPairs: 942
[t=0.0550039s, 17936 KB] Bytes per state: 20
[t=0.0550266s, 17936 KB] Conducting best first search without reopening closed nodes, (real) bound = 2147483647
[t=0.0550855s, 17936 KB] New best heuristic value for ff(): 9
[t=0.0553497s, 17936 KB] g=0, 1 evaluated, 0 expanded
[t=0.0553754s, 17936 KB] Initial heuristic value for ff(): 9
[t=0.0554052s, 17936 KB] pruning method: none
[t=0.0554289s, 17936 KB] Start Timestep: 1687922724280 millisecond(s).
[t=0.0555334s, 17936 KB] New best heuristic value for ff(): 8
[t=0.0558772s, 17936 KB] g=1, 3 evaluated, 1 expanded
[t=0.0594964s, 17936 KB] New best heuristic value for ff(): 7
[t=0.0616271s, 17936 KB] g=2, 41 evaluated, 2 expanded
[t=0.071457s, 17936 KB] New best heuristic value for ff(): 6
[t=0.0726949s, 17936 KB] g=3, 115 evaluated, 4 expanded
[t=0.0794241s, 17936 KB] New best heuristic value for ff(): 5
[t=0.0831388s, 17936 KB] g=4, 185 evaluated, 6 expanded
[t=0.0873748s, 17936 KB] New best heuristic value for ff(): 4
[t=0.0887466s, 17936 KB] g=5, 222 evaluated, 7 expanded
[t=0.0913349s, 17936 KB] New best heuristic value for ff(): 3
[t=0.0943482s, 17936 KB] g=6, 259 evaluated, 8 expanded
[t=0.0992907s, 17936 KB] New best heuristic value for ff(): 2
[t=0.100256s, 17936 KB] g=7, 298 evaluated, 10 expanded
[t=0.103257s, 17936 KB] New best heuristic value for ff(): 1
[t=0.107302s, 17936 KB] g=8, 345 evaluated, 12 expanded
[t=0.111224s, 17936 KB] New best heuristic value for ff(): 0
[t=0.113092s, 17936 KB] g=9, 384 evaluated, 14 expanded
Peak memory: 152604 KB
caught signal 24 -- exiting
Time limit has been reached.
Remove intermediate file output.sas
search exit code: 23

Driver aborting after search
INFO     Planner time: 299.20s
