INFO     planner time limit: 600s
INFO     planner memory limit: 3584 MB

INFO     Running translator.
INFO     translator stdin: None
INFO     translator time limit: 599s
INFO     translator memory limit: 3584 MB
INFO     translator command line string: /usr/local/downward-projects/downward/experiments/assign3/.venv/bin/python3 /usr/local/downward-projects/downward/experiments/assign3/data/assign3-anytime_exp/code-1fb14623350588fb782db39ad332c8a25eda53d6_e5e41175/builds/release/bin/translate/translate.py domain.pddl problem.pddl --sas-file output.sas
Parsing...
Parsing: [0.000s CPU, 0.002s wall-clock]
Normalizing task... [0.000s CPU, 0.000s wall-clock]
Instantiating...
Generating Datalog program... [0.000s CPU, 0.000s wall-clock]
Normalizing Datalog program...
Normalizing Datalog program: [0.000s CPU, 0.001s wall-clock]
Preparing model... [0.000s CPU, 0.001s wall-clock]
Generated 25 rules.
Computing model... [0.010s CPU, 0.007s wall-clock]
461 relevant atoms
611 auxiliary atoms
1072 final queue length
1647 total queue pushes
Completing instantiation... [0.000s CPU, 0.007s wall-clock]
Instantiating: [0.010s CPU, 0.016s wall-clock]
Computing fact groups...
Finding invariants...
7 initial candidates
Finding invariants: [0.000s CPU, 0.002s wall-clock]
Checking invariant weight... [0.000s CPU, 0.000s wall-clock]
Instantiating groups... [0.000s CPU, 0.000s wall-clock]
Collecting mutex groups... [0.000s CPU, 0.000s wall-clock]
Choosing groups...
0 uncovered facts
Choosing groups: [0.000s CPU, 0.000s wall-clock]
Building translation key... [0.000s CPU, 0.000s wall-clock]
Computing fact groups: [0.000s CPU, 0.003s wall-clock]
Building STRIPS to SAS dictionary... [0.000s CPU, 0.000s wall-clock]
Building dictionary for full mutex groups... [0.000s CPU, 0.000s wall-clock]
Building mutex information...
Building mutex information: [0.000s CPU, 0.000s wall-clock]
Translating task...
Processing axioms...
Simplifying axioms... [0.000s CPU, 0.000s wall-clock]
Translator axioms removed by simplifying: 0
Computing negative axioms... [0.000s CPU, 0.000s wall-clock]
Processing axioms: [0.000s CPU, 0.000s wall-clock]
Translating task: [0.000s CPU, 0.006s wall-clock]
0 effect conditions simplified
0 implied preconditions added
Detecting unreachable propositions...
0 operators removed
0 axioms removed
34 propositions removed
Detecting unreachable propositions: [0.010s CPU, 0.003s wall-clock]
Reordering and filtering variables...
34 of 34 variables necessary.
0 of 34 mutex groups necessary.
185 of 185 operators necessary.
0 of 0 axiom rules necessary.
Reordering and filtering variables: [0.000s CPU, 0.002s wall-clock]
Translator variables: 34
Translator derived variables: 0
Translator facts: 100
Translator goal facts: 33
Translator mutex groups: 0
Translator total mutex groups size: 0
Translator operators: 185
Translator axioms: 0
Translator task size: 1634
Translator peak memory: 32880 KB
Writing output... [0.000s CPU, 0.001s wall-clock]
Done! [0.030s CPU, 0.035s wall-clock]
translate exit code: 0

INFO     Running search (release).
INFO     search stdin: output.sas
INFO     search time limit: 599s
INFO     search memory limit: 3584 MB
INFO     search command line string: /usr/local/downward-projects/downward/experiments/assign3/data/assign3-anytime_exp/code-1fb14623350588fb782db39ad332c8a25eda53d6_e5e41175/builds/release/bin/downward --evaluator 'h=lmcut()' --search 'eager_anytime(epsilon_greedy(
        sum([weight(h, 2, verbosity=normal), g()]), epsilon=0.5, random_seed=1234), 
        reopen_closed=true, f_eval=sum([h, g()]))' --internal-plan-file sas_plan < output.sas
[t=0.00166758s, 10884 KB] reading input...
[t=0.00281786s, 10884 KB] done reading input!
[t=0.00361645s, 11272 KB] Initializing landmark cut heuristic...
[t=0.00560142s, 11272 KB] Building successor generator...done!
[t=0.00577648s, 11272 KB] peak memory difference for successor generator creation: 0 KB
[t=0.00582103s, 11272 KB] time for successor generation creation: 0s
[t=0.00584572s, 11272 KB] Variables: 34
[t=0.00587212s, 11272 KB] FactPairs: 100
[t=0.00589588s, 11272 KB] Bytes per state: 8
[t=0.00591996s, 11272 KB] Conducting best first anytime search with reopening closed nodes, (real) bound = 2147483647
[t=0.00596794s, 11272 KB] New best heuristic value for lmcut(): 1
[t=0.00602624s, 11272 KB] g=0, 1 evaluated, 0 expanded
[t=0.00605144s, 11272 KB] Initial heuristic value for lmcut(): 1
[t=0.00608261s, 11272 KB] Start Timestep: 1682026324412 millisecond(s).
[t=3.97356s, 20176 KB] New best heuristic value for lmcut(): 0
[t=3.97447s, 20176 KB] g=7, 189719 evaluated, 84582 expanded, 2153 reopened
[t=10.5396s, 39152 KB] Solution found!
jump-new-move pos-3-0 pos-3-1 pos-3-2 (1)
end-move pos-3-2 (0)
jump-new-move pos-4-0 pos-4-1 pos-4-2 (1)
jump-continue-move pos-4-2 pos-3-2 pos-2-2 (0)
jump-continue-move pos-2-2 pos-2-3 pos-2-4 (0)
end-move pos-2-4 (0)
jump-new-move pos-6-4 pos-5-4 pos-4-4 (1)
jump-continue-move pos-4-4 pos-4-3 pos-4-2 (0)
end-move pos-4-2 (0)
jump-new-move pos-2-6 pos-3-6 pos-4-6 (1)
jump-continue-move pos-4-6 pos-4-5 pos-4-4 (0)
end-move pos-4-4 (0)
jump-new-move pos-2-5 pos-2-4 pos-2-3 (1)
end-move pos-2-3 (0)
jump-new-move pos-2-0 pos-2-1 pos-2-2 (1)
jump-continue-move pos-2-2 pos-2-3 pos-2-4 (0)
end-move pos-2-4 (0)
jump-new-move pos-1-2 pos-1-3 pos-1-4 (1)
jump-continue-move pos-1-4 pos-2-4 pos-3-4 (0)
jump-continue-move pos-3-4 pos-4-4 pos-5-4 (0)
jump-continue-move pos-5-4 pos-5-3 pos-5-2 (0)
jump-continue-move pos-5-2 pos-4-2 pos-3-2 (0)
jump-continue-move pos-3-2 pos-3-3 pos-3-4 (0)
end-move pos-3-4 (0)
jump-new-move pos-3-5 pos-3-4 pos-3-3 (1)
[t=10.5413s, 39152 KB] Plan length: 25 step(s).
[t=10.5414s, 39152 KB] Plan cost: 8
[t=10.5414s, 39152 KB] Solution: Incumbent solution found!
[t=10.5414s, 39152 KB] Solution Timestep: 1682026334958 millisecond(s).
[t=10.5415s, 39152 KB] Timestamp: 1682026334958 millisecond(s).
[t=10.5415s, 39152 KB] Expanded 254729 state(s).
[t=10.5415s, 39152 KB] Reopened 9069 state(s).
[t=10.5415s, 39152 KB] Evaluated 485963 state(s).
[t=10.5416s, 39152 KB] Evaluations: 506296
[t=10.5416s, 39152 KB] Generated 698059 state(s).
[t=10.5416s, 39152 KB] Dead ends: 0 state(s).
[t=10.5416s, 39152 KB] Number of registered states: 506296
[t=10.5417s, 39152 KB] Int hash set load factor: 506296/1048576 = 0.482841
[t=10.5417s, 39152 KB] Int hash set resizes: 20
[t=18.9476s, 63248 KB] Optimal Solution: found
[t=18.95s, 63248 KB] Actual search time: 18.9438s
jump-new-move pos-3-0 pos-3-1 pos-3-2 (1)
end-move pos-3-2 (0)
jump-new-move pos-4-0 pos-4-1 pos-4-2 (1)
jump-continue-move pos-4-2 pos-3-2 pos-2-2 (0)
jump-continue-move pos-2-2 pos-2-3 pos-2-4 (0)
end-move pos-2-4 (0)
jump-new-move pos-6-4 pos-5-4 pos-4-4 (1)
jump-continue-move pos-4-4 pos-4-3 pos-4-2 (0)
end-move pos-4-2 (0)
jump-new-move pos-2-6 pos-3-6 pos-4-6 (1)
jump-continue-move pos-4-6 pos-4-5 pos-4-4 (0)
end-move pos-4-4 (0)
jump-new-move pos-2-5 pos-2-4 pos-2-3 (1)
end-move pos-2-3 (0)
jump-new-move pos-2-0 pos-2-1 pos-2-2 (1)
jump-continue-move pos-2-2 pos-2-3 pos-2-4 (0)
end-move pos-2-4 (0)
jump-new-move pos-1-2 pos-1-3 pos-1-4 (1)
jump-continue-move pos-1-4 pos-2-4 pos-3-4 (0)
jump-continue-move pos-3-4 pos-4-4 pos-5-4 (0)
jump-continue-move pos-5-4 pos-5-3 pos-5-2 (0)
jump-continue-move pos-5-2 pos-4-2 pos-3-2 (0)
jump-continue-move pos-3-2 pos-3-3 pos-3-4 (0)
end-move pos-3-4 (0)
jump-new-move pos-3-5 pos-3-4 pos-3-3 (1)
[t=18.95s, 63248 KB] Plan length: 25 step(s).
[t=18.95s, 63248 KB] Plan cost: 8
[t=18.95s, 63248 KB] Timestamp: 1682026343442 millisecond(s).
[t=18.95s, 63248 KB] Expanded 519785 state(s).
[t=18.95s, 63248 KB] Reopened 16191 state(s).
[t=18.95s, 63248 KB] Evaluated 503594 state(s).
[t=18.95s, 63248 KB] Evaluations: 901688
[t=18.95s, 63248 KB] Generated 1364283 state(s).
[t=18.95s, 63248 KB] Dead ends: 0 state(s).
[t=18.95s, 63248 KB] Number of registered states: 901688
[t=18.95s, 63248 KB] Int hash set load factor: 901688/2097152 = 0.429958
[t=18.95s, 63248 KB] Int hash set resizes: 21
[t=18.95s, 63248 KB] Search time: 18.9441s
[t=18.95s, 63248 KB] Total time: 18.95s
Solution found.
Peak memory: 63248 KB
Remove intermediate file output.sas
search exit code: 0

INFO     Running validate.
INFO     validate stdin: None
INFO     validate time limit: None
INFO     validate memory limit: None
INFO     validate command line string: validate domain.pddl problem.pddl sas_plan sas_plan.1
Checking plan: sas_plan
Plan executed successfully - checking goal
Plan valid
Final value: 8 
Checking plan: sas_plan.1
Plan executed successfully - checking goal
Plan valid
Final value: 8 

Successful plans:
Value: 8
 sas_plan 8 
sas_plan.1 8 

validate exit code: 0

INFO     Planner time: 19.08s
