INFO     planner time limit: 600s
INFO     planner memory limit: 3584 MB

INFO     Running translator.
INFO     translator stdin: None
INFO     translator time limit: 599s
INFO     translator memory limit: 3584 MB
INFO     translator command line string: /usr/local/downward-projects/downward/experiments/assign3/.venv/bin/python3 /usr/local/downward-projects/downward/experiments/assign3/data/assign3-anytime_exp/code-1fb14623350588fb782db39ad332c8a25eda53d6_e5e41175/builds/release/bin/translate/translate.py domain.pddl problem.pddl --sas-file output.sas
Parsing...
Parsing: [0.000s CPU, 0.002s wall-clock]
Normalizing task... [0.000s CPU, 0.000s wall-clock]
Instantiating...
Generating Datalog program... [0.000s CPU, 0.000s wall-clock]
Normalizing Datalog program...
Normalizing Datalog program: [0.000s CPU, 0.001s wall-clock]
Preparing model... [0.000s CPU, 0.001s wall-clock]
Generated 25 rules.
Computing model... [0.010s CPU, 0.007s wall-clock]
461 relevant atoms
611 auxiliary atoms
1072 final queue length
1647 total queue pushes
Completing instantiation... [0.010s CPU, 0.007s wall-clock]
Instantiating: [0.020s CPU, 0.016s wall-clock]
Computing fact groups...
Finding invariants...
7 initial candidates
Finding invariants: [0.000s CPU, 0.003s wall-clock]
Checking invariant weight... [0.000s CPU, 0.000s wall-clock]
Instantiating groups... [0.000s CPU, 0.000s wall-clock]
Collecting mutex groups... [0.000s CPU, 0.000s wall-clock]
Choosing groups...
0 uncovered facts
Choosing groups: [0.000s CPU, 0.000s wall-clock]
Building translation key... [0.000s CPU, 0.000s wall-clock]
Computing fact groups: [0.000s CPU, 0.004s wall-clock]
Building STRIPS to SAS dictionary... [0.000s CPU, 0.000s wall-clock]
Building dictionary for full mutex groups... [0.000s CPU, 0.000s wall-clock]
Building mutex information...
Building mutex information: [0.000s CPU, 0.000s wall-clock]
Translating task...
Processing axioms...
Simplifying axioms... [0.000s CPU, 0.000s wall-clock]
Translator axioms removed by simplifying: 0
Computing negative axioms... [0.000s CPU, 0.000s wall-clock]
Processing axioms: [0.000s CPU, 0.000s wall-clock]
Translating task: [0.010s CPU, 0.006s wall-clock]
0 effect conditions simplified
0 implied preconditions added
Detecting unreachable propositions...
0 operators removed
0 axioms removed
34 propositions removed
Detecting unreachable propositions: [0.000s CPU, 0.003s wall-clock]
Reordering and filtering variables...
34 of 34 variables necessary.
0 of 34 mutex groups necessary.
185 of 185 operators necessary.
0 of 0 axiom rules necessary.
Reordering and filtering variables: [0.000s CPU, 0.002s wall-clock]
Translator variables: 34
Translator derived variables: 0
Translator facts: 100
Translator goal facts: 33
Translator mutex groups: 0
Translator total mutex groups size: 0
Translator operators: 185
Translator axioms: 0
Translator task size: 1634
Translator peak memory: 32880 KB
Writing output... [0.000s CPU, 0.001s wall-clock]
Done! [0.030s CPU, 0.035s wall-clock]
translate exit code: 0

INFO     Running search (release).
INFO     search stdin: output.sas
INFO     search time limit: 599s
INFO     search memory limit: 3584 MB
INFO     search command line string: /usr/local/downward-projects/downward/experiments/assign3/data/assign3-anytime_exp/code-1fb14623350588fb782db39ad332c8a25eda53d6_e5e41175/builds/release/bin/downward --evaluator 'h=lmcut()' --search 'eager_anytime(single(sum([weight(h, 2, verbosity=normal), g()])), 
        reopen_closed=true, f_eval=sum([h, g()]))' --internal-plan-file sas_plan < output.sas
[t=0s, 10884 KB] reading input...
[t=0.00363089s, 10884 KB] done reading input!
[t=0.00370894s, 11272 KB] Initializing landmark cut heuristic...
[t=0.00547726s, 11272 KB] Building successor generator...done!
[t=0.00566713s, 11272 KB] peak memory difference for successor generator creation: 0 KB
[t=0.00571167s, 11272 KB] time for successor generation creation: 0s
[t=0.00573645s, 11272 KB] Variables: 34
[t=0.00576535s, 11272 KB] FactPairs: 100
[t=0.0057882s, 11272 KB] Bytes per state: 8
[t=0.00581293s, 11272 KB] Conducting best first anytime search with reopening closed nodes, (real) bound = 2147483647
[t=0.00585921s, 11272 KB] New best heuristic value for lmcut(): 3
[t=0.00592807s, 11272 KB] g=0, 1 evaluated, 0 expanded
[t=0.00595225s, 11272 KB] Initial heuristic value for lmcut(): 3
[t=0.00598289s, 11272 KB] Start Timestep: 1681971081337 millisecond(s).
[t=0.00602598s, 11272 KB] New best heuristic value for lmcut(): 2
[t=0.00608384s, 11272 KB] g=1, 2 evaluated, 1 expanded
[t=0.00610794s, 11272 KB] New best heuristic value for lmcut(): 1
[t=0.00622291s, 11272 KB] g=1, 6 evaluated, 1 expanded
[t=4.4006s, 23980 KB] New best heuristic value for lmcut(): 0
[t=4.40266s, 23980 KB] g=7, 241235 evaluated, 92546 expanded, 731 reopened
[t=78.0567s, 203812 KB] Solution found!
jump-new-move pos-3-2 pos-3-1 pos-3-0 (1)
end-move pos-3-0 (0)
jump-new-move pos-1-2 pos-2-2 pos-3-2 (1)
end-move pos-3-2 (0)
jump-new-move pos-4-3 pos-5-3 pos-6-3 (1)
end-move pos-6-3 (0)
jump-new-move pos-4-5 pos-4-4 pos-4-3 (1)
end-move pos-4-3 (0)
jump-new-move pos-3-5 pos-3-4 pos-3-3 (1)
jump-continue-move pos-3-3 pos-4-3 pos-5-3 (0)
end-move pos-5-3 (0)
jump-new-move pos-1-4 pos-2-4 pos-3-4 (1)
end-move pos-3-4 (0)
jump-new-move pos-4-2 pos-4-1 pos-4-0 (1)
jump-continue-move pos-4-0 pos-3-0 pos-2-0 (0)
jump-continue-move pos-2-0 pos-2-1 pos-2-2 (0)
jump-continue-move pos-2-2 pos-3-2 pos-4-2 (0)
jump-continue-move pos-4-2 pos-5-2 pos-6-2 (0)
jump-continue-move pos-6-2 pos-6-3 pos-6-4 (0)
jump-continue-move pos-6-4 pos-5-4 pos-4-4 (0)
jump-continue-move pos-4-4 pos-3-4 pos-2-4 (0)
end-move pos-2-4 (0)
jump-new-move pos-1-3 pos-2-3 pos-3-3 (1)
end-move pos-3-3 (0)
jump-new-move pos-2-5 pos-2-4 pos-2-3 (1)
jump-continue-move pos-2-3 pos-3-3 pos-4-3 (0)
end-move pos-4-3 (0)
jump-new-move pos-5-3 pos-4-3 pos-3-3 (1)
[t=78.0577s, 203812 KB] Plan length: 28 step(s).
[t=78.0578s, 203812 KB] Plan cost: 10
[t=78.0578s, 203812 KB] Solution: Incumbent solution found!
[t=78.0578s, 203812 KB] Solution Timestep: 1681971160005 millisecond(s).
[t=78.0579s, 203812 KB] Timestamp: 1681971160005 millisecond(s).
[t=78.0579s, 203812 KB] Expanded 2264787 state(s).
[t=78.0579s, 203812 KB] Reopened 49672 state(s).
[t=78.0579s, 203812 KB] Evaluated 3600639 state(s).
[t=78.0579s, 203812 KB] Evaluations: 4028268
[t=78.058s, 203812 KB] Generated 6232073 state(s).
[t=78.058s, 203812 KB] Dead ends: 0 state(s).
[t=78.058s, 203812 KB] Number of registered states: 4028268
[t=78.058s, 203812 KB] Int hash set load factor: 4028268/8388608 = 0.480207
[t=78.0581s, 203812 KB] Int hash set resizes: 23
[t=90.9297s, 210752 KB] Solution found!
jump-new-move pos-3-2 pos-3-1 pos-3-0 (1)
end-move pos-3-0 (0)
jump-new-move pos-3-4 pos-3-5 pos-3-6 (1)
end-move pos-3-6 (0)
jump-new-move pos-1-2 pos-2-2 pos-3-2 (1)
end-move pos-3-2 (0)
jump-new-move pos-5-4 pos-4-4 pos-3-4 (1)
end-move pos-3-4 (0)
jump-new-move pos-5-3 pos-4-3 pos-3-3 (1)
jump-continue-move pos-3-3 pos-3-2 pos-3-1 (0)
end-move pos-3-1 (0)
jump-new-move pos-5-2 pos-4-2 pos-3-2 (1)
end-move pos-3-2 (0)
jump-new-move pos-2-4 pos-2-5 pos-2-6 (1)
jump-continue-move pos-2-6 pos-3-6 pos-4-6 (0)
jump-continue-move pos-4-6 pos-4-5 pos-4-4 (0)
jump-continue-move pos-4-4 pos-3-4 pos-2-4 (0)
jump-continue-move pos-2-4 pos-2-3 pos-2-2 (0)
jump-continue-move pos-2-2 pos-2-1 pos-2-0 (0)
jump-continue-move pos-2-0 pos-3-0 pos-4-0 (0)
jump-continue-move pos-4-0 pos-4-1 pos-4-2 (0)
jump-continue-move pos-4-2 pos-3-2 pos-2-2 (0)
end-move pos-2-2 (0)
jump-new-move pos-1-4 pos-1-3 pos-1-2 (1)
jump-continue-move pos-1-2 pos-2-2 pos-3-2 (0)
end-move pos-3-2 (0)
jump-new-move pos-3-1 pos-3-2 pos-3-3 (1)
[t=90.9305s, 210752 KB] Plan length: 27 step(s).
[t=90.9306s, 210752 KB] Plan cost: 9
[t=90.9306s, 210752 KB] Solution: Incumbent solution found!
[t=90.9306s, 210752 KB] Solution Timestep: 1681971173012 millisecond(s).
[t=90.9307s, 210752 KB] Timestamp: 1681971173012 millisecond(s).
[t=90.9307s, 210752 KB] Expanded 2584860 state(s).
[t=90.9307s, 210752 KB] Reopened 61557 state(s).
[t=90.9307s, 210752 KB] Evaluated 3713527 state(s).
[t=90.9308s, 210752 KB] Evaluations: 4647046
[t=90.9308s, 210752 KB] Generated 7243495 state(s).
[t=90.9308s, 210752 KB] Dead ends: 0 state(s).
[t=90.9308s, 210752 KB] Number of registered states: 4647046
[t=90.9309s, 210752 KB] Int hash set load factor: 4647046/8388608 = 0.553971
[t=90.9309s, 210752 KB] Int hash set resizes: 23
[t=116.438s, 242124 KB] Optimal Solution: found
[t=116.439s, 242124 KB] Actual search time: 116.433s
jump-new-move pos-3-2 pos-3-1 pos-3-0 (1)
end-move pos-3-0 (0)
jump-new-move pos-3-4 pos-3-5 pos-3-6 (1)
end-move pos-3-6 (0)
jump-new-move pos-1-2 pos-2-2 pos-3-2 (1)
end-move pos-3-2 (0)
jump-new-move pos-5-4 pos-4-4 pos-3-4 (1)
end-move pos-3-4 (0)
jump-new-move pos-5-3 pos-4-3 pos-3-3 (1)
jump-continue-move pos-3-3 pos-3-2 pos-3-1 (0)
end-move pos-3-1 (0)
jump-new-move pos-5-2 pos-4-2 pos-3-2 (1)
end-move pos-3-2 (0)
jump-new-move pos-2-4 pos-2-5 pos-2-6 (1)
jump-continue-move pos-2-6 pos-3-6 pos-4-6 (0)
jump-continue-move pos-4-6 pos-4-5 pos-4-4 (0)
jump-continue-move pos-4-4 pos-3-4 pos-2-4 (0)
jump-continue-move pos-2-4 pos-2-3 pos-2-2 (0)
jump-continue-move pos-2-2 pos-2-1 pos-2-0 (0)
jump-continue-move pos-2-0 pos-3-0 pos-4-0 (0)
jump-continue-move pos-4-0 pos-4-1 pos-4-2 (0)
jump-continue-move pos-4-2 pos-3-2 pos-2-2 (0)
end-move pos-2-2 (0)
jump-new-move pos-1-4 pos-1-3 pos-1-2 (1)
jump-continue-move pos-1-2 pos-2-2 pos-3-2 (0)
end-move pos-3-2 (0)
jump-new-move pos-3-1 pos-3-2 pos-3-3 (1)
[t=116.439s, 242124 KB] Plan length: 27 step(s).
[t=116.439s, 242124 KB] Plan cost: 9
[t=116.439s, 242124 KB] Timestamp: 1681971198790 millisecond(s).
[t=116.439s, 242124 KB] Expanded 3789116 state(s).
[t=116.439s, 242124 KB] Reopened 68068 state(s).
[t=116.439s, 242124 KB] Evaluated 3721048 state(s).
[t=116.439s, 242124 KB] Evaluations: 5803855
[t=116.439s, 242124 KB] Generated 9751892 state(s).
[t=116.439s, 242124 KB] Dead ends: 0 state(s).
[t=116.439s, 242124 KB] Number of registered states: 5803855
[t=116.439s, 242124 KB] Int hash set load factor: 5803855/8388608 = 0.691873
[t=116.439s, 242124 KB] Int hash set resizes: 23
[t=116.439s, 242124 KB] Search time: 116.433s
[t=116.439s, 242124 KB] Total time: 116.439s
Solution found.
Peak memory: 242124 KB
Remove intermediate file output.sas
search exit code: 0

INFO     Running validate.
INFO     validate stdin: None
INFO     validate time limit: None
INFO     validate memory limit: None
INFO     validate command line string: validate domain.pddl problem.pddl sas_plan sas_plan.1 sas_plan.2
Checking plan: sas_plan
Plan executed successfully - checking goal
Plan valid
Final value: 9 
Checking plan: sas_plan.1
Plan executed successfully - checking goal
Plan valid
Final value: 10 
Checking plan: sas_plan.2
Plan executed successfully - checking goal
Plan valid
Final value: 9 

Successful plans:
Value: 9
 sas_plan 9 
sas_plan.2 9 

Value: 10
 sas_plan.1 10 

validate exit code: 0

INFO     Planner time: 116.58s
