INFO     planner time limit: 600s
INFO     planner memory limit: 3584 MB

INFO     Running translator.
INFO     translator stdin: None
INFO     translator time limit: 599s
INFO     translator memory limit: 3584 MB
INFO     translator command line string: /usr/local/downward-projects/downward/experiments/src/thesis/.venv/bin/python3 /usr/local/downward-projects/downward/experiments/src/thesis/data/thesis-thesis_exp/code-84c08dfff1890fbf6247184940c8166177195ea1_e5e41175/builds/release/bin/translate/translate.py domain.pddl problem.pddl --sas-file output.sas
Parsing...
Parsing: [0.000s CPU, 0.004s wall-clock]
Normalizing task... [0.000s CPU, 0.000s wall-clock]
Instantiating...
Generating Datalog program... [0.000s CPU, 0.001s wall-clock]
Normalizing Datalog program...
Duplicate arguments: Adding equality conditions.
Normalizing Datalog program: [0.010s CPU, 0.003s wall-clock]
Preparing model... [0.000s CPU, 0.002s wall-clock]
Generated 129 rules.
Computing model... [0.170s CPU, 0.162s wall-clock]
13321 relevant atoms
13078 auxiliary atoms
26399 final queue length
58060 total queue pushes
Completing instantiation... [0.520s CPU, 0.517s wall-clock]
Instantiating: [0.700s CPU, 0.691s wall-clock]
Computing fact groups...
Finding invariants...
36 initial candidates
Finding invariants: [0.130s CPU, 0.131s wall-clock]
Checking invariant weight... [0.000s CPU, 0.001s wall-clock]
Instantiating groups... [0.010s CPU, 0.004s wall-clock]
Collecting mutex groups... [0.000s CPU, 0.001s wall-clock]
Choosing groups...
0 uncovered facts
Choosing groups: [0.010s CPU, 0.004s wall-clock]
Building translation key... [0.000s CPU, 0.001s wall-clock]
Computing fact groups: [0.150s CPU, 0.153s wall-clock]
Building STRIPS to SAS dictionary... [0.000s CPU, 0.001s wall-clock]
Building dictionary for full mutex groups... [0.010s CPU, 0.002s wall-clock]
Building mutex information...
Building mutex information: [0.000s CPU, 0.001s wall-clock]
Translating task...
Processing axioms...
Simplifying axioms... [0.000s CPU, 0.000s wall-clock]
Translator axioms removed by simplifying: 0
Computing negative axioms... [0.000s CPU, 0.000s wall-clock]
Processing axioms: [0.010s CPU, 0.017s wall-clock]
Translating task: [0.430s CPU, 0.444s wall-clock]
0 effect conditions simplified
0 implied preconditions added
Detecting unreachable propositions...
0 operators removed
0 axioms removed
53 propositions removed
Detecting unreachable propositions: [0.350s CPU, 0.341s wall-clock]
Reordering and filtering variables...
56 of 56 variables necessary.
60 of 87 mutex groups necessary.
11362 of 11362 operators necessary.
0 of 0 axiom rules necessary.
Reordering and filtering variables: [0.060s CPU, 0.060s wall-clock]
Translator variables: 56
Translator derived variables: 0
Translator facts: 1649
Translator goal facts: 52
Translator mutex groups: 60
Translator total mutex groups size: 3229
Translator operators: 11362
Translator axioms: 0
Translator task size: 89590
Translator peak memory: 88900 KB
Writing output... [0.060s CPU, 0.064s wall-clock]
Done! [1.790s CPU, 1.787s wall-clock]
translate exit code: 0

INFO     Running search (release).
INFO     search stdin: output.sas
INFO     search time limit: 598s
INFO     search memory limit: 3584 MB
INFO     search command line string: /usr/local/downward-projects/downward/experiments/src/thesis/data/thesis-thesis_exp/code-84c08dfff1890fbf6247184940c8166177195ea1_e5e41175/builds/release/bin/downward --evaluator 'h=ff()' --search 'eager(partition(h, lwm_partition(), inter_uniform(), intra_uniform() )) ' --internal-plan-file sas_plan < output.sas
[t=0s, 11732 KB] reading input...
[t=0.0471666s, 18740 KB] done reading input!
[t=0.0511232s, 20944 KB] Simplifying 37856 unary operators... done! [36556 unary operators]
[t=0.107386s, 24156 KB] time to simplify: 0.0562629s
[t=0.110898s, 24156 KB] Initializing additive heuristic...
[t=0.111173s, 24156 KB] Initializing FF heuristic...
[t=0.111202s, 24156 KB] Building successor generator...done!
[t=0.114798s, 24156 KB] peak memory difference for successor generator creation: 0 KB
[t=0.114873s, 24156 KB] time for successor generation creation: 0s
[t=0.114898s, 24156 KB] Variables: 56
[t=0.114928s, 24156 KB] FactPairs: 1649
[t=0.114951s, 24156 KB] Bytes per state: 28
[t=0.114974s, 24156 KB] Conducting best first search without reopening closed nodes, (real) bound = 2147483647
[t=0.115035s, 24156 KB] New best heuristic value for ff(): 12
[t=0.115726s, 24156 KB] g=0, 1 evaluated, 0 expanded
[t=0.115754s, 24156 KB] Initial heuristic value for ff(): 12
[t=0.115785s, 24156 KB] pruning method: none
[t=0.11581s, 24156 KB] Start Timestep: 1693581697883 millisecond(s).
[t=0.115857s, 24156 KB] New best heuristic value for ff(): 11
[t=0.116935s, 24156 KB] g=1, 4 evaluated, 1 expanded
[t=0.130622s, 24156 KB] New best heuristic value for ff(): 10
[t=0.132523s, 24156 KB] g=2, 56 evaluated, 2 expanded
[t=0.146514s, 24156 KB] New best heuristic value for ff(): 9
[t=0.147984s, 24156 KB] g=3, 107 evaluated, 3 expanded
[t=0.278292s, 24156 KB] New best heuristic value for ff(): 8
[t=0.279723s, 24156 KB] g=4, 502 evaluated, 12 expanded
[t=0.29518s, 24156 KB] New best heuristic value for ff(): 7
[t=0.298151s, 24156 KB] g=5, 552 evaluated, 13 expanded
[t=0.61779s, 24156 KB] New best heuristic value for ff(): 6
[t=0.618086s, 24156 KB] g=6, 1321 evaluated, 29 expanded
[t=1.09322s, 24156 KB] New best heuristic value for ff(): 5
[t=1.09409s, 24156 KB] g=7, 2239 evaluated, 50 expanded
[t=1.97581s, 24156 KB] New best heuristic value for ff(): 4
[t=1.97781s, 24156 KB] g=8, 3588 evaluated, 79 expanded
[t=2.38731s, 24156 KB] New best heuristic value for ff(): 3
[t=2.39018s, 24156 KB] g=9, 4117 evaluated, 91 expanded
[t=7.69723s, 24352 KB] New best heuristic value for ff(): 2
[t=7.69755s, 24352 KB] g=10, 8831 evaluated, 195 expanded
[t=7.84332s, 24352 KB] New best heuristic value for ff(): 1
[t=7.84479s, 24352 KB] g=11, 8931 evaluated, 197 expanded
[t=10.8281s, 25240 KB] New best heuristic value for ff(): 0
[t=10.8318s, 25240 KB] g=12, 10789 evaluated, 240 expanded
Peak memory: 37988 KB
caught signal 24 -- exiting
Time limit has been reached.
Remove intermediate file output.sas
search exit code: 23

Driver aborting after search
INFO     Planner time: 598.01s
