INFO     planner time limit: 900s
INFO     planner memory limit: 3584 MB

INFO     Running translator.
INFO     translator stdin: None
INFO     translator time limit: 899s
INFO     translator memory limit: 3584 MB
INFO     translator command line string: /usr/local/downward-projects/downward/experiments/assign3/.venv/bin/python3 /usr/local/downward-projects/downward/experiments/assign3/data/assign3-anytime_exp/code-fe4f0f1bb525c059c1938ac01bab1b7bae200873_e5e41175/builds/release/bin/translate/translate.py domain.pddl problem.pddl --sas-file output.sas
Parsing...
Parsing: [0.000s CPU, 0.002s wall-clock]
Normalizing task... [0.000s CPU, 0.000s wall-clock]
Instantiating...
Generating Datalog program... [0.000s CPU, 0.000s wall-clock]
Normalizing Datalog program...
Normalizing Datalog program: [0.010s CPU, 0.001s wall-clock]
Preparing model... [0.000s CPU, 0.001s wall-clock]
Generated 32 rules.
Computing model... [0.220s CPU, 0.225s wall-clock]
33917 relevant atoms
3770 auxiliary atoms
37687 final queue length
109988 total queue pushes
Completing instantiation... [1.550s CPU, 1.555s wall-clock]
Instantiating: [1.790s CPU, 1.792s wall-clock]
Computing fact groups...
Finding invariants...
12 initial candidates
Finding invariants: [0.010s CPU, 0.005s wall-clock]
Checking invariant weight... [0.000s CPU, 0.000s wall-clock]
Instantiating groups... [0.000s CPU, 0.003s wall-clock]
Collecting mutex groups... [0.000s CPU, 0.001s wall-clock]
Choosing groups...
61 uncovered facts
Choosing groups: [0.010s CPU, 0.002s wall-clock]
Building translation key... [0.000s CPU, 0.001s wall-clock]
Computing fact groups: [0.020s CPU, 0.016s wall-clock]
Building STRIPS to SAS dictionary... [0.000s CPU, 0.000s wall-clock]
Building dictionary for full mutex groups... [0.000s CPU, 0.001s wall-clock]
Building mutex information...
Building mutex information: [0.000s CPU, 0.001s wall-clock]
Translating task...
Processing axioms...
Simplifying axioms... [0.000s CPU, 0.000s wall-clock]
Translator axioms removed by simplifying: 0
Computing negative axioms... [0.000s CPU, 0.000s wall-clock]
Processing axioms: [0.050s CPU, 0.047s wall-clock]
Translating task: [1.490s CPU, 1.491s wall-clock]
38592 effect conditions simplified
0 implied preconditions added
Detecting unreachable propositions...
0 operators removed
0 axioms removed
24 propositions removed
Detecting unreachable propositions: [0.870s CPU, 0.868s wall-clock]
Reordering and filtering variables...
85 of 85 variables necessary.
37 of 61 mutex groups necessary.
31104 of 31104 operators necessary.
0 of 0 axiom rules necessary.
Reordering and filtering variables: [0.200s CPU, 0.202s wall-clock]
Translator variables: 85
Translator derived variables: 0
Translator facts: 1010
Translator goal facts: 24
Translator mutex groups: 37
Translator total mutex groups size: 925
Translator operators: 31104
Translator axioms: 0
Translator task size: 253756
Translator peak memory: 183232 KB
Writing output... [0.190s CPU, 0.193s wall-clock]
Done! [4.620s CPU, 4.627s wall-clock]
translate exit code: 0

INFO     Running search (release).
INFO     search stdin: output.sas
INFO     search time limit: 895s
INFO     search memory limit: 3584 MB
INFO     search command line string: /usr/local/downward-projects/downward/experiments/assign3/data/assign3-anytime_exp/code-fe4f0f1bb525c059c1938ac01bab1b7bae200873_e5e41175/builds/release/bin/downward --evaluator 'h=lmcut()' --search 'eager_anytime(single(sum([weight(h, 2, verbosity=normal), g()])), 
        reopen_closed=true, f_eval=sum([h, g()]))' --internal-plan-file sas_plan < output.sas
[t=0s, 10884 KB] reading input...
[t=0.123821s, 22640 KB] done reading input!
[t=0.147722s, 30820 KB] Initializing landmark cut heuristic...
[t=0.149081s, 30820 KB] Building successor generator...done!
[t=0.161403s, 34272 KB] peak memory difference for successor generator creation: 3452 KB
[t=0.161512s, 34272 KB] time for successor generation creation: 0.0104454s
[t=0.161538s, 34272 KB] Variables: 85
[t=0.162168s, 34272 KB] FactPairs: 1010
[t=0.162192s, 34272 KB] Bytes per state: 28
[t=0.162216s, 34272 KB] Conducting best first anytime search with reopening closed nodes, (real) bound = 2147483647
[t=0.179491s, 34272 KB] New best heuristic value for lmcut(): 23
[t=0.181677s, 34272 KB] g=0, 1 evaluated, 0 expanded
[t=0.181705s, 34272 KB] Initial heuristic value for lmcut(): 23
[t=0.181733s, 34272 KB] Start Timestep: 1682428250917 millisecond(s).
[t=0.435058s, 34272 KB] New best heuristic value for lmcut(): 22
[t=0.438707s, 34272 KB] g=1, 16 evaluated, 1 expanded
[t=0.742619s, 34272 KB] New best heuristic value for lmcut(): 21
[t=0.746508s, 34272 KB] g=2, 34 evaluated, 2 expanded
[t=1.07024s, 34272 KB] New best heuristic value for lmcut(): 20
[t=1.07279s, 34272 KB] g=3, 53 evaluated, 3 expanded
[t=1.80025s, 34272 KB] New best heuristic value for lmcut(): 19
[t=1.8009s, 34272 KB] g=5, 99 evaluated, 6 expanded
[t=2.48351s, 34272 KB] New best heuristic value for lmcut(): 18
[t=2.48451s, 34272 KB] g=6, 143 evaluated, 9 expanded
[t=2.72314s, 34272 KB] New best heuristic value for lmcut(): 17
[t=2.72378s, 34272 KB] g=7, 159 evaluated, 10 expanded
[t=3.54802s, 34272 KB] New best heuristic value for lmcut(): 16
[t=3.54891s, 34272 KB] g=9, 219 evaluated, 13 expanded
[t=7.66832s, 34272 KB] New best heuristic value for lmcut(): 15
[t=7.66869s, 34272 KB] g=11, 524 evaluated, 29 expanded
[t=8.39484s, 34272 KB] New best heuristic value for lmcut(): 14
[t=8.39799s, 34272 KB] g=13, 581 evaluated, 32 expanded
[t=9.87626s, 34272 KB] New best heuristic value for lmcut(): 13
[t=9.87953s, 34272 KB] g=15, 709 evaluated, 38 expanded
[t=35.6384s, 34272 KB] New best heuristic value for lmcut(): 12
[t=35.6391s, 34272 KB] g=17, 2667 evaluated, 142 expanded
[t=35.9771s, 34272 KB] New best heuristic value for lmcut(): 11
[t=35.979s, 34272 KB] g=19, 2700 evaluated, 144 expanded
[t=36.5112s, 34272 KB] New best heuristic value for lmcut(): 10
[t=36.5122s, 34272 KB] g=21, 2757 evaluated, 147 expanded
[t=39.3509s, 34272 KB] New best heuristic value for lmcut(): 9
[t=39.3547s, 34272 KB] g=23, 3057 evaluated, 161 expanded
[t=81.4518s, 34272 KB] New best heuristic value for lmcut(): 8
[t=81.4542s, 34272 KB] g=24, 6898 evaluated, 348 expanded
[t=81.5836s, 34272 KB] New best heuristic value for lmcut(): 7
[t=81.587s, 34272 KB] g=25, 6916 evaluated, 349 expanded
[t=205.226s, 34272 KB] New best heuristic value for lmcut(): 6
[t=205.229s, 34272 KB] g=29, 22233 evaluated, 1162 expanded, 2 reopened
Peak memory: 38408 KB
caught signal 24 -- exiting
Time limit has been reached.
Remove intermediate file output.sas
search exit code: 23

Driver aborting after search
INFO     Planner time: 897.73s
