INFO     planner time limit: 600s
INFO     planner memory limit: 3584 MB

INFO     Running translator.
INFO     translator stdin: None
INFO     translator time limit: 599s
INFO     translator memory limit: 3584 MB
INFO     translator command line string: /usr/local/downward-projects/downward/experiments/assign3/.venv/bin/python3 /usr/local/downward-projects/downward/experiments/assign3/data/assign3-anytime_exp/code-1fb14623350588fb782db39ad332c8a25eda53d6_e5e41175/builds/release/bin/translate/translate.py domain.pddl problem.pddl --sas-file output.sas
Parsing...
Parsing: [0.010s CPU, 0.003s wall-clock]
Normalizing task... [0.000s CPU, 0.000s wall-clock]
Instantiating...
Generating Datalog program... [0.000s CPU, 0.001s wall-clock]
Normalizing Datalog program...
Normalizing Datalog program: [0.000s CPU, 0.002s wall-clock]
Preparing model... [0.000s CPU, 0.003s wall-clock]
Generated 38 rules.
Computing model... [0.030s CPU, 0.022s wall-clock]
1396 relevant atoms
2282 auxiliary atoms
3678 final queue length
4615 total queue pushes
Completing instantiation... [0.010s CPU, 0.015s wall-clock]
Instantiating: [0.040s CPU, 0.044s wall-clock]
Computing fact groups...
Finding invariants...
7 initial candidates
Finding invariants: [0.010s CPU, 0.005s wall-clock]
Checking invariant weight... [0.000s CPU, 0.000s wall-clock]
Instantiating groups... [0.000s CPU, 0.007s wall-clock]
Collecting mutex groups... [0.000s CPU, 0.000s wall-clock]
Choosing groups...
71 uncovered facts
Choosing groups: [0.000s CPU, 0.001s wall-clock]
Building translation key... [0.010s CPU, 0.000s wall-clock]
Computing fact groups: [0.020s CPU, 0.015s wall-clock]
Building STRIPS to SAS dictionary... [0.000s CPU, 0.000s wall-clock]
Building dictionary for full mutex groups... [0.000s CPU, 0.000s wall-clock]
Building mutex information...
Building mutex information: [0.000s CPU, 0.000s wall-clock]
Translating task...
Processing axioms...
Simplifying axioms... [0.000s CPU, 0.000s wall-clock]
Translator axioms removed by simplifying: 0
Computing negative axioms... [0.000s CPU, 0.000s wall-clock]
Processing axioms: [0.000s CPU, 0.001s wall-clock]
Translating task: [0.010s CPU, 0.015s wall-clock]
651 effect conditions simplified
0 implied preconditions added
Detecting unreachable propositions...
0 operators removed
0 axioms removed
56 propositions removed
Detecting unreachable propositions: [0.010s CPU, 0.008s wall-clock]
Reordering and filtering variables...
52 of 52 variables necessary.
41 of 47 mutex groups necessary.
406 of 406 operators necessary.
0 of 0 axiom rules necessary.
Reordering and filtering variables: [0.000s CPU, 0.004s wall-clock]
Translator variables: 52
Translator derived variables: 0
Translator facts: 318
Translator goal facts: 5
Translator mutex groups: 41
Translator total mutex groups size: 267
Translator operators: 406
Translator axioms: 0
Translator task size: 3978
Translator peak memory: 34892 KB
Writing output... [0.000s CPU, 0.003s wall-clock]
Done! [0.090s CPU, 0.093s wall-clock]
translate exit code: 0

INFO     Running search (release).
INFO     search stdin: output.sas
INFO     search time limit: 599s
INFO     search memory limit: 3584 MB
INFO     search command line string: /usr/local/downward-projects/downward/experiments/assign3/data/assign3-anytime_exp/code-1fb14623350588fb782db39ad332c8a25eda53d6_e5e41175/builds/release/bin/downward --evaluator 'h=lmcut()' --search 'eager_anytime(single(sum([weight(h, 2, verbosity=normal), g()])), 
        reopen_closed=true, f_eval=sum([h, g()]))' --internal-plan-file sas_plan < output.sas
[t=0s, 10884 KB] reading input...
[t=0.0039823s, 11176 KB] done reading input!
[t=0.00422358s, 11432 KB] Initializing landmark cut heuristic...
[t=0.00602626s, 11432 KB] Building successor generator...done!
[t=0.00630022s, 11432 KB] peak memory difference for successor generator creation: 0 KB
[t=0.00634968s, 11432 KB] time for successor generation creation: 0s
[t=0.00637403s, 11432 KB] Variables: 52
[t=0.00640101s, 11432 KB] FactPairs: 318
[t=0.00642257s, 11432 KB] Bytes per state: 12
[t=0.00644484s, 11432 KB] Conducting best first anytime search with reopening closed nodes, (real) bound = 2147483647
[t=0.0064888s, 11432 KB] New best heuristic value for lmcut(): 21
[t=0.00673451s, 11432 KB] g=0, 1 evaluated, 0 expanded
[t=0.00676005s, 11432 KB] Initial heuristic value for lmcut(): 21
[t=0.00678554s, 11432 KB] Start Timestep: 1681947863310 millisecond(s).
[t=0.00780895s, 11432 KB] New best heuristic value for lmcut(): 20
[t=0.00997316s, 11432 KB] g=0, 18 evaluated, 14 expanded
[t=0.00999946s, 11432 KB] New best heuristic value for lmcut(): 18
[t=0.0114613s, 11432 KB] g=1, 26 evaluated, 20 expanded
[t=0.0117592s, 11432 KB] New best heuristic value for lmcut(): 17
[t=0.0118591s, 11432 KB] g=2, 28 evaluated, 21 expanded
[t=0.0118839s, 11432 KB] New best heuristic value for lmcut(): 16
[t=0.0123981s, 11432 KB] g=3, 31 evaluated, 22 expanded
[t=0.015718s, 11432 KB] New best heuristic value for lmcut(): 15
[t=0.0162369s, 11432 KB] g=5, 55 evaluated, 41 expanded
[t=0.0162634s, 11432 KB] New best heuristic value for lmcut(): 14
[t=0.0167419s, 11432 KB] g=6, 58 evaluated, 42 expanded
[t=0.0211328s, 11432 KB] New best heuristic value for lmcut(): 13
[t=0.0212535s, 11432 KB] g=6, 88 evaluated, 72 expanded
[t=0.0236092s, 11432 KB] New best heuristic value for lmcut(): 12
[t=0.0241587s, 11432 KB] g=8, 108 evaluated, 86 expanded
[t=0.027586s, 11432 KB] New best heuristic value for lmcut(): 11
[t=0.0307077s, 11432 KB] g=10, 155 evaluated, 132 expanded
[t=0.0875483s, 11568 KB] New best heuristic value for lmcut(): 10
[t=0.0880761s, 11568 KB] g=11, 531 evaluated, 505 expanded, 4 reopened
[t=0.099517s, 11568 KB] New best heuristic value for lmcut(): 9
[t=0.102522s, 11568 KB] g=13, 653 evaluated, 622 expanded, 4 reopened
[t=0.10255s, 11568 KB] New best heuristic value for lmcut(): 8
[t=0.102896s, 11568 KB] g=14, 656 evaluated, 623 expanded, 4 reopened
[t=0.281194s, 11568 KB] New best heuristic value for lmcut(): 7
[t=0.281563s, 11568 KB] g=16, 1913 evaluated, 1860 expanded, 4 reopened
[t=0.281593s, 11568 KB] New best heuristic value for lmcut(): 6
[t=0.282079s, 11568 KB] g=17, 1918 evaluated, 1864 expanded, 4 reopened
[t=0.295297s, 11568 KB] New best heuristic value for lmcut(): 5
[t=0.295743s, 11568 KB] g=19, 2052 evaluated, 1992 expanded, 4 reopened
[t=0.327246s, 11568 KB] New best heuristic value for lmcut(): 4
[t=0.330186s, 11568 KB] g=21, 2365 evaluated, 2302 expanded, 4 reopened
[t=1.40588s, 12016 KB] New best heuristic value for lmcut(): 3
[t=1.40839s, 12016 KB] g=27, 11303 evaluated, 11155 expanded, 4 reopened
[t=33.5966s, 24428 KB] New best heuristic value for lmcut(): 2
[t=33.6003s, 24428 KB] g=45, 202584 evaluated, 199330 expanded, 1300 reopened
[t=33.6004s, 24428 KB] New best heuristic value for lmcut(): 1
[t=33.6005s, 24428 KB] g=46, 202586 evaluated, 199331 expanded, 1300 reopened
[t=33.6005s, 24428 KB] New best heuristic value for lmcut(): 0
[t=33.6006s, 24428 KB] g=47, 202589 evaluated, 199332 expanded, 1300 reopened
[t=33.6007s, 24428 KB] Solution found!
move player-01 pos-05-09 pos-04-09 dir-left (0)
move player-01 pos-04-09 pos-03-09 dir-left (0)
move player-01 pos-03-09 pos-03-08 dir-up (0)
move player-01 pos-03-08 pos-03-07 dir-up (0)
push-to-goal player-01 stone-03 pos-03-07 pos-03-06 pos-03-05 dir-up (1)
move player-01 pos-03-06 pos-04-06 dir-right (0)
move player-01 pos-04-06 pos-04-05 dir-up (0)
push-to-goal player-01 stone-02 pos-04-05 pos-04-04 pos-04-03 dir-up (1)
move player-01 pos-04-04 pos-04-05 dir-down (0)
move player-01 pos-04-05 pos-04-06 dir-down (0)
move player-01 pos-04-06 pos-03-06 dir-left (0)
move player-01 pos-03-06 pos-03-07 dir-down (0)
move player-01 pos-03-07 pos-03-08 dir-down (0)
move player-01 pos-03-08 pos-03-09 dir-down (0)
move player-01 pos-03-09 pos-04-09 dir-right (0)
move player-01 pos-04-09 pos-05-09 dir-right (0)
move player-01 pos-05-09 pos-06-09 dir-right (0)
push-to-nongoal player-01 stone-04 pos-06-09 pos-07-09 pos-08-09 dir-right (1)
move player-01 pos-07-09 pos-06-09 dir-left (0)
move player-01 pos-06-09 pos-05-09 dir-left (0)
move player-01 pos-05-09 pos-04-09 dir-left (0)
move player-01 pos-04-09 pos-03-09 dir-left (0)
move player-01 pos-03-09 pos-03-08 dir-up (0)
move player-01 pos-03-08 pos-03-07 dir-up (0)
move player-01 pos-03-07 pos-03-06 dir-up (0)
move player-01 pos-03-06 pos-04-06 dir-right (0)
move player-01 pos-04-06 pos-04-05 dir-up (0)
move player-01 pos-04-05 pos-04-04 dir-up (0)
move player-01 pos-04-04 pos-03-04 dir-left (0)
push-to-nongoal player-01 stone-03 pos-03-04 pos-03-05 pos-03-06 dir-down (1)
move player-01 pos-03-05 pos-04-05 dir-right (0)
move player-01 pos-04-05 pos-04-04 dir-up (0)
move player-01 pos-04-04 pos-05-04 dir-right (0)
move player-01 pos-05-04 pos-06-04 dir-right (0)
move player-01 pos-06-04 pos-06-03 dir-up (0)
move player-01 pos-06-03 pos-06-02 dir-up (0)
move player-01 pos-06-02 pos-05-02 dir-left (0)
move player-01 pos-05-02 pos-04-02 dir-left (0)
move player-01 pos-04-02 pos-03-02 dir-left (0)
push-to-nongoal player-01 stone-01 pos-03-02 pos-03-03 pos-03-04 dir-down (1)
move player-01 pos-03-03 pos-03-02 dir-up (0)
move player-01 pos-03-02 pos-04-02 dir-right (0)
move player-01 pos-04-02 pos-05-02 dir-right (0)
move player-01 pos-05-02 pos-06-02 dir-right (0)
move player-01 pos-06-02 pos-06-03 dir-down (0)
move player-01 pos-06-03 pos-06-04 dir-down (0)
move player-01 pos-06-04 pos-05-04 dir-left (0)
move player-01 pos-05-04 pos-04-04 dir-left (0)
push-to-goal player-01 stone-02 pos-04-04 pos-04-03 pos-04-02 dir-up (1)
move player-01 pos-04-03 pos-04-04 dir-down (0)
move player-01 pos-04-04 pos-04-05 dir-down (0)
move player-01 pos-04-05 pos-03-05 dir-left (0)
move player-01 pos-03-05 pos-02-05 dir-left (0)
move player-01 pos-02-05 pos-02-04 dir-up (0)
push-to-goal player-01 stone-01 pos-02-04 pos-03-04 pos-04-04 dir-right (1)
move player-01 pos-03-04 pos-03-05 dir-down (0)
push-to-nongoal player-01 stone-03 pos-03-05 pos-03-06 pos-03-07 dir-down (1)
push-to-nongoal player-01 stone-03 pos-03-06 pos-03-07 pos-03-08 dir-down (1)
push-to-nongoal player-01 stone-03 pos-03-07 pos-03-08 pos-03-09 dir-down (1)
move player-01 pos-03-08 pos-02-08 dir-left (0)
move player-01 pos-02-08 pos-02-09 dir-down (0)
push-to-nongoal player-01 stone-03 pos-02-09 pos-03-09 pos-04-09 dir-right (1)
push-to-nongoal player-01 stone-03 pos-03-09 pos-04-09 pos-05-09 dir-right (1)
push-to-nongoal player-01 stone-03 pos-04-09 pos-05-09 pos-06-09 dir-right (1)
push-to-nongoal player-01 stone-03 pos-05-09 pos-06-09 pos-07-09 dir-right (1)
move player-01 pos-06-09 pos-06-10 dir-down (0)
move player-01 pos-06-10 pos-07-10 dir-right (0)
move player-01 pos-07-10 pos-08-10 dir-right (0)
push-to-nongoal player-01 stone-04 pos-08-10 pos-08-09 pos-08-08 dir-up (1)
push-to-nongoal player-01 stone-03 pos-08-09 pos-07-09 pos-06-09 dir-left (1)
push-to-nongoal player-01 stone-03 pos-07-09 pos-06-09 pos-05-09 dir-left (1)
move player-01 pos-06-09 pos-06-10 dir-down (0)
move player-01 pos-06-10 pos-07-10 dir-right (0)
move player-01 pos-07-10 pos-08-10 dir-right (0)
move player-01 pos-08-10 pos-09-10 dir-right (0)
move player-01 pos-09-10 pos-10-10 dir-right (0)
move player-01 pos-10-10 pos-10-09 dir-up (0)
push-to-nongoal player-01 stone-05 pos-10-09 pos-09-09 pos-08-09 dir-left (1)
push-to-nongoal player-01 stone-05 pos-09-09 pos-08-09 pos-07-09 dir-left (1)
move player-01 pos-08-09 pos-08-10 dir-down (0)
move player-01 pos-08-10 pos-07-10 dir-left (0)
move player-01 pos-07-10 pos-06-10 dir-left (0)
move player-01 pos-06-10 pos-06-09 dir-up (0)
push-to-nongoal player-01 stone-03 pos-06-09 pos-05-09 pos-04-09 dir-left (1)
push-to-nongoal player-01 stone-03 pos-05-09 pos-04-09 pos-03-09 dir-left (1)
move player-01 pos-04-09 pos-04-10 dir-down (0)
move player-01 pos-04-10 pos-03-10 dir-left (0)
push-to-nongoal player-01 stone-03 pos-03-10 pos-03-09 pos-03-08 dir-up (1)
push-to-nongoal player-01 stone-03 pos-03-09 pos-03-08 pos-03-07 dir-up (1)
push-to-nongoal player-01 stone-03 pos-03-08 pos-03-07 pos-03-06 dir-up (1)
push-to-goal player-01 stone-03 pos-03-07 pos-03-06 pos-03-05 dir-up (1)
move player-01 pos-03-06 pos-04-06 dir-right (0)
move player-01 pos-04-06 pos-04-05 dir-up (0)
push-to-goal player-01 stone-01 pos-04-05 pos-04-04 pos-04-03 dir-up (1)
move player-01 pos-04-04 pos-03-04 dir-left (0)
move player-01 pos-03-04 pos-02-04 dir-left (0)
move player-01 pos-02-04 pos-02-05 dir-down (0)
push-to-goal player-01 stone-03 pos-02-05 pos-03-05 pos-04-05 dir-right (1)
move player-01 pos-03-05 pos-03-06 dir-down (0)
move player-01 pos-03-06 pos-03-07 dir-down (0)
move player-01 pos-03-07 pos-03-08 dir-down (0)
move player-01 pos-03-08 pos-03-09 dir-down (0)
move player-01 pos-03-09 pos-04-09 dir-right (0)
move player-01 pos-04-09 pos-05-09 dir-right (0)
move player-01 pos-05-09 pos-06-09 dir-right (0)
move player-01 pos-06-09 pos-06-10 dir-down (0)
move player-01 pos-06-10 pos-07-10 dir-right (0)
move player-01 pos-07-10 pos-08-10 dir-right (0)
move player-01 pos-08-10 pos-08-09 dir-up (0)
push-to-nongoal player-01 stone-05 pos-08-09 pos-07-09 pos-06-09 dir-left (1)
push-to-nongoal player-01 stone-05 pos-07-09 pos-06-09 pos-05-09 dir-left (1)
move player-01 pos-06-09 pos-07-09 dir-right (0)
move player-01 pos-07-09 pos-08-09 dir-right (0)
move player-01 pos-08-09 pos-09-09 dir-right (0)
move player-01 pos-09-09 pos-10-09 dir-right (0)
move player-01 pos-10-09 pos-10-08 dir-up (0)
move player-01 pos-10-08 pos-10-07 dir-up (0)
move player-01 pos-10-07 pos-09-07 dir-left (0)
move player-01 pos-09-07 pos-08-07 dir-left (0)
push-to-nongoal player-01 stone-04 pos-08-07 pos-08-08 pos-08-09 dir-down (1)
move player-01 pos-08-08 pos-08-07 dir-up (0)
move player-01 pos-08-07 pos-09-07 dir-right (0)
move player-01 pos-09-07 pos-10-07 dir-right (0)
move player-01 pos-10-07 pos-10-08 dir-down (0)
move player-01 pos-10-08 pos-10-09 dir-down (0)
move player-01 pos-10-09 pos-09-09 dir-left (0)
push-to-nongoal player-01 stone-04 pos-09-09 pos-08-09 pos-07-09 dir-left (1)
move player-01 pos-08-09 pos-08-10 dir-down (0)
move player-01 pos-08-10 pos-07-10 dir-left (0)
move player-01 pos-07-10 pos-06-10 dir-left (0)
move player-01 pos-06-10 pos-06-09 dir-up (0)
push-to-nongoal player-01 stone-05 pos-06-09 pos-05-09 pos-04-09 dir-left (1)
push-to-nongoal player-01 stone-05 pos-05-09 pos-04-09 pos-03-09 dir-left (1)
move player-01 pos-04-09 pos-04-10 dir-down (0)
move player-01 pos-04-10 pos-03-10 dir-left (0)
push-to-nongoal player-01 stone-05 pos-03-10 pos-03-09 pos-03-08 dir-up (1)
push-to-nongoal player-01 stone-05 pos-03-09 pos-03-08 pos-03-07 dir-up (1)
push-to-nongoal player-01 stone-05 pos-03-08 pos-03-07 pos-03-06 dir-up (1)
push-to-goal player-01 stone-05 pos-03-07 pos-03-06 pos-03-05 dir-up (1)
push-to-nongoal player-01 stone-05 pos-03-06 pos-03-05 pos-03-04 dir-up (1)
move player-01 pos-03-05 pos-02-05 dir-left (0)
move player-01 pos-02-05 pos-02-04 dir-up (0)
push-to-goal player-01 stone-05 pos-02-04 pos-03-04 pos-04-04 dir-right (1)
move player-01 pos-03-04 pos-03-05 dir-down (0)
move player-01 pos-03-05 pos-03-06 dir-down (0)
move player-01 pos-03-06 pos-03-07 dir-down (0)
move player-01 pos-03-07 pos-03-08 dir-down (0)
move player-01 pos-03-08 pos-03-09 dir-down (0)
move player-01 pos-03-09 pos-04-09 dir-right (0)
move player-01 pos-04-09 pos-05-09 dir-right (0)
move player-01 pos-05-09 pos-06-09 dir-right (0)
move player-01 pos-06-09 pos-06-10 dir-down (0)
move player-01 pos-06-10 pos-07-10 dir-right (0)
move player-01 pos-07-10 pos-08-10 dir-right (0)
move player-01 pos-08-10 pos-08-09 dir-up (0)
push-to-nongoal player-01 stone-04 pos-08-09 pos-07-09 pos-06-09 dir-left (1)
push-to-nongoal player-01 stone-04 pos-07-09 pos-06-09 pos-05-09 dir-left (1)
push-to-nongoal player-01 stone-04 pos-06-09 pos-05-09 pos-04-09 dir-left (1)
push-to-nongoal player-01 stone-04 pos-05-09 pos-04-09 pos-03-09 dir-left (1)
move player-01 pos-04-09 pos-04-10 dir-down (0)
move player-01 pos-04-10 pos-03-10 dir-left (0)
push-to-nongoal player-01 stone-04 pos-03-10 pos-03-09 pos-03-08 dir-up (1)
push-to-nongoal player-01 stone-04 pos-03-09 pos-03-08 pos-03-07 dir-up (1)
push-to-nongoal player-01 stone-04 pos-03-08 pos-03-07 pos-03-06 dir-up (1)
push-to-goal player-01 stone-04 pos-03-07 pos-03-06 pos-03-05 dir-up (1)
[t=33.6018s, 24428 KB] Plan length: 165 step(s).
[t=33.6018s, 24428 KB] Plan cost: 47
[t=33.6019s, 24428 KB] Solution: Incumbent solution found!
[t=33.6019s, 24428 KB] Solution Timestep: 1681947897022 millisecond(s).
[t=33.6019s, 24428 KB] Timestamp: 1681947897022 millisecond(s).
[t=33.6019s, 24428 KB] Expanded 199333 state(s).
[t=33.602s, 24428 KB] Reopened 1300 state(s).
[t=33.602s, 24428 KB] Evaluated 202589 state(s).
[t=33.602s, 24428 KB] Evaluations: 218346
[t=33.602s, 24428 KB] Generated 496928 state(s).
[t=33.602s, 24428 KB] Dead ends: 0 state(s).
[t=33.6021s, 24428 KB] Number of registered states: 218346
[t=33.6021s, 24428 KB] Int hash set load factor: 218346/524288 = 0.416462
[t=33.6021s, 24428 KB] Int hash set resizes: 19
[t=56.0842s, 26860 KB] Optimal Solution: found
[t=56.0845s, 26860 KB] Actual search time: 56.0777s
move player-01 pos-05-09 pos-04-09 dir-left (0)
move player-01 pos-04-09 pos-03-09 dir-left (0)
move player-01 pos-03-09 pos-03-08 dir-up (0)
move player-01 pos-03-08 pos-03-07 dir-up (0)
push-to-goal player-01 stone-03 pos-03-07 pos-03-06 pos-03-05 dir-up (1)
move player-01 pos-03-06 pos-04-06 dir-right (0)
move player-01 pos-04-06 pos-04-05 dir-up (0)
push-to-goal player-01 stone-02 pos-04-05 pos-04-04 pos-04-03 dir-up (1)
move player-01 pos-04-04 pos-04-05 dir-down (0)
move player-01 pos-04-05 pos-04-06 dir-down (0)
move player-01 pos-04-06 pos-03-06 dir-left (0)
move player-01 pos-03-06 pos-03-07 dir-down (0)
move player-01 pos-03-07 pos-03-08 dir-down (0)
move player-01 pos-03-08 pos-03-09 dir-down (0)
move player-01 pos-03-09 pos-04-09 dir-right (0)
move player-01 pos-04-09 pos-05-09 dir-right (0)
move player-01 pos-05-09 pos-06-09 dir-right (0)
push-to-nongoal player-01 stone-04 pos-06-09 pos-07-09 pos-08-09 dir-right (1)
move player-01 pos-07-09 pos-06-09 dir-left (0)
move player-01 pos-06-09 pos-05-09 dir-left (0)
move player-01 pos-05-09 pos-04-09 dir-left (0)
move player-01 pos-04-09 pos-03-09 dir-left (0)
move player-01 pos-03-09 pos-03-08 dir-up (0)
move player-01 pos-03-08 pos-03-07 dir-up (0)
move player-01 pos-03-07 pos-03-06 dir-up (0)
move player-01 pos-03-06 pos-04-06 dir-right (0)
move player-01 pos-04-06 pos-04-05 dir-up (0)
move player-01 pos-04-05 pos-04-04 dir-up (0)
move player-01 pos-04-04 pos-03-04 dir-left (0)
push-to-nongoal player-01 stone-03 pos-03-04 pos-03-05 pos-03-06 dir-down (1)
move player-01 pos-03-05 pos-04-05 dir-right (0)
move player-01 pos-04-05 pos-04-04 dir-up (0)
move player-01 pos-04-04 pos-05-04 dir-right (0)
move player-01 pos-05-04 pos-06-04 dir-right (0)
move player-01 pos-06-04 pos-06-03 dir-up (0)
move player-01 pos-06-03 pos-06-02 dir-up (0)
move player-01 pos-06-02 pos-05-02 dir-left (0)
move player-01 pos-05-02 pos-04-02 dir-left (0)
move player-01 pos-04-02 pos-03-02 dir-left (0)
push-to-nongoal player-01 stone-01 pos-03-02 pos-03-03 pos-03-04 dir-down (1)
move player-01 pos-03-03 pos-03-02 dir-up (0)
move player-01 pos-03-02 pos-04-02 dir-right (0)
move player-01 pos-04-02 pos-05-02 dir-right (0)
move player-01 pos-05-02 pos-06-02 dir-right (0)
move player-01 pos-06-02 pos-06-03 dir-down (0)
move player-01 pos-06-03 pos-06-04 dir-down (0)
move player-01 pos-06-04 pos-05-04 dir-left (0)
move player-01 pos-05-04 pos-04-04 dir-left (0)
push-to-goal player-01 stone-02 pos-04-04 pos-04-03 pos-04-02 dir-up (1)
move player-01 pos-04-03 pos-04-04 dir-down (0)
move player-01 pos-04-04 pos-04-05 dir-down (0)
move player-01 pos-04-05 pos-03-05 dir-left (0)
move player-01 pos-03-05 pos-02-05 dir-left (0)
move player-01 pos-02-05 pos-02-04 dir-up (0)
push-to-goal player-01 stone-01 pos-02-04 pos-03-04 pos-04-04 dir-right (1)
move player-01 pos-03-04 pos-03-05 dir-down (0)
push-to-nongoal player-01 stone-03 pos-03-05 pos-03-06 pos-03-07 dir-down (1)
push-to-nongoal player-01 stone-03 pos-03-06 pos-03-07 pos-03-08 dir-down (1)
push-to-nongoal player-01 stone-03 pos-03-07 pos-03-08 pos-03-09 dir-down (1)
move player-01 pos-03-08 pos-02-08 dir-left (0)
move player-01 pos-02-08 pos-02-09 dir-down (0)
push-to-nongoal player-01 stone-03 pos-02-09 pos-03-09 pos-04-09 dir-right (1)
push-to-nongoal player-01 stone-03 pos-03-09 pos-04-09 pos-05-09 dir-right (1)
push-to-nongoal player-01 stone-03 pos-04-09 pos-05-09 pos-06-09 dir-right (1)
push-to-nongoal player-01 stone-03 pos-05-09 pos-06-09 pos-07-09 dir-right (1)
move player-01 pos-06-09 pos-06-10 dir-down (0)
move player-01 pos-06-10 pos-07-10 dir-right (0)
move player-01 pos-07-10 pos-08-10 dir-right (0)
push-to-nongoal player-01 stone-04 pos-08-10 pos-08-09 pos-08-08 dir-up (1)
push-to-nongoal player-01 stone-03 pos-08-09 pos-07-09 pos-06-09 dir-left (1)
push-to-nongoal player-01 stone-03 pos-07-09 pos-06-09 pos-05-09 dir-left (1)
move player-01 pos-06-09 pos-06-10 dir-down (0)
move player-01 pos-06-10 pos-07-10 dir-right (0)
move player-01 pos-07-10 pos-08-10 dir-right (0)
move player-01 pos-08-10 pos-09-10 dir-right (0)
move player-01 pos-09-10 pos-10-10 dir-right (0)
move player-01 pos-10-10 pos-10-09 dir-up (0)
push-to-nongoal player-01 stone-05 pos-10-09 pos-09-09 pos-08-09 dir-left (1)
push-to-nongoal player-01 stone-05 pos-09-09 pos-08-09 pos-07-09 dir-left (1)
move player-01 pos-08-09 pos-08-10 dir-down (0)
move player-01 pos-08-10 pos-07-10 dir-left (0)
move player-01 pos-07-10 pos-06-10 dir-left (0)
move player-01 pos-06-10 pos-06-09 dir-up (0)
push-to-nongoal player-01 stone-03 pos-06-09 pos-05-09 pos-04-09 dir-left (1)
push-to-nongoal player-01 stone-03 pos-05-09 pos-04-09 pos-03-09 dir-left (1)
move player-01 pos-04-09 pos-04-10 dir-down (0)
move player-01 pos-04-10 pos-03-10 dir-left (0)
push-to-nongoal player-01 stone-03 pos-03-10 pos-03-09 pos-03-08 dir-up (1)
push-to-nongoal player-01 stone-03 pos-03-09 pos-03-08 pos-03-07 dir-up (1)
push-to-nongoal player-01 stone-03 pos-03-08 pos-03-07 pos-03-06 dir-up (1)
push-to-goal player-01 stone-03 pos-03-07 pos-03-06 pos-03-05 dir-up (1)
move player-01 pos-03-06 pos-04-06 dir-right (0)
move player-01 pos-04-06 pos-04-05 dir-up (0)
push-to-goal player-01 stone-01 pos-04-05 pos-04-04 pos-04-03 dir-up (1)
move player-01 pos-04-04 pos-03-04 dir-left (0)
move player-01 pos-03-04 pos-02-04 dir-left (0)
move player-01 pos-02-04 pos-02-05 dir-down (0)
push-to-goal player-01 stone-03 pos-02-05 pos-03-05 pos-04-05 dir-right (1)
move player-01 pos-03-05 pos-03-06 dir-down (0)
move player-01 pos-03-06 pos-03-07 dir-down (0)
move player-01 pos-03-07 pos-03-08 dir-down (0)
move player-01 pos-03-08 pos-03-09 dir-down (0)
move player-01 pos-03-09 pos-04-09 dir-right (0)
move player-01 pos-04-09 pos-05-09 dir-right (0)
move player-01 pos-05-09 pos-06-09 dir-right (0)
move player-01 pos-06-09 pos-06-10 dir-down (0)
move player-01 pos-06-10 pos-07-10 dir-right (0)
move player-01 pos-07-10 pos-08-10 dir-right (0)
move player-01 pos-08-10 pos-08-09 dir-up (0)
push-to-nongoal player-01 stone-05 pos-08-09 pos-07-09 pos-06-09 dir-left (1)
push-to-nongoal player-01 stone-05 pos-07-09 pos-06-09 pos-05-09 dir-left (1)
move player-01 pos-06-09 pos-07-09 dir-right (0)
move player-01 pos-07-09 pos-08-09 dir-right (0)
move player-01 pos-08-09 pos-09-09 dir-right (0)
move player-01 pos-09-09 pos-10-09 dir-right (0)
move player-01 pos-10-09 pos-10-08 dir-up (0)
move player-01 pos-10-08 pos-10-07 dir-up (0)
move player-01 pos-10-07 pos-09-07 dir-left (0)
move player-01 pos-09-07 pos-08-07 dir-left (0)
push-to-nongoal player-01 stone-04 pos-08-07 pos-08-08 pos-08-09 dir-down (1)
move player-01 pos-08-08 pos-08-07 dir-up (0)
move player-01 pos-08-07 pos-09-07 dir-right (0)
move player-01 pos-09-07 pos-10-07 dir-right (0)
move player-01 pos-10-07 pos-10-08 dir-down (0)
move player-01 pos-10-08 pos-10-09 dir-down (0)
move player-01 pos-10-09 pos-09-09 dir-left (0)
push-to-nongoal player-01 stone-04 pos-09-09 pos-08-09 pos-07-09 dir-left (1)
move player-01 pos-08-09 pos-08-10 dir-down (0)
move player-01 pos-08-10 pos-07-10 dir-left (0)
move player-01 pos-07-10 pos-06-10 dir-left (0)
move player-01 pos-06-10 pos-06-09 dir-up (0)
push-to-nongoal player-01 stone-05 pos-06-09 pos-05-09 pos-04-09 dir-left (1)
push-to-nongoal player-01 stone-05 pos-05-09 pos-04-09 pos-03-09 dir-left (1)
move player-01 pos-04-09 pos-04-10 dir-down (0)
move player-01 pos-04-10 pos-03-10 dir-left (0)
push-to-nongoal player-01 stone-05 pos-03-10 pos-03-09 pos-03-08 dir-up (1)
push-to-nongoal player-01 stone-05 pos-03-09 pos-03-08 pos-03-07 dir-up (1)
push-to-nongoal player-01 stone-05 pos-03-08 pos-03-07 pos-03-06 dir-up (1)
push-to-goal player-01 stone-05 pos-03-07 pos-03-06 pos-03-05 dir-up (1)
push-to-nongoal player-01 stone-05 pos-03-06 pos-03-05 pos-03-04 dir-up (1)
move player-01 pos-03-05 pos-02-05 dir-left (0)
move player-01 pos-02-05 pos-02-04 dir-up (0)
push-to-goal player-01 stone-05 pos-02-04 pos-03-04 pos-04-04 dir-right (1)
move player-01 pos-03-04 pos-03-05 dir-down (0)
move player-01 pos-03-05 pos-03-06 dir-down (0)
move player-01 pos-03-06 pos-03-07 dir-down (0)
move player-01 pos-03-07 pos-03-08 dir-down (0)
move player-01 pos-03-08 pos-03-09 dir-down (0)
move player-01 pos-03-09 pos-04-09 dir-right (0)
move player-01 pos-04-09 pos-05-09 dir-right (0)
move player-01 pos-05-09 pos-06-09 dir-right (0)
move player-01 pos-06-09 pos-06-10 dir-down (0)
move player-01 pos-06-10 pos-07-10 dir-right (0)
move player-01 pos-07-10 pos-08-10 dir-right (0)
move player-01 pos-08-10 pos-08-09 dir-up (0)
push-to-nongoal player-01 stone-04 pos-08-09 pos-07-09 pos-06-09 dir-left (1)
push-to-nongoal player-01 stone-04 pos-07-09 pos-06-09 pos-05-09 dir-left (1)
push-to-nongoal player-01 stone-04 pos-06-09 pos-05-09 pos-04-09 dir-left (1)
push-to-nongoal player-01 stone-04 pos-05-09 pos-04-09 pos-03-09 dir-left (1)
move player-01 pos-04-09 pos-04-10 dir-down (0)
move player-01 pos-04-10 pos-03-10 dir-left (0)
push-to-nongoal player-01 stone-04 pos-03-10 pos-03-09 pos-03-08 dir-up (1)
push-to-nongoal player-01 stone-04 pos-03-09 pos-03-08 pos-03-07 dir-up (1)
push-to-nongoal player-01 stone-04 pos-03-08 pos-03-07 pos-03-06 dir-up (1)
push-to-goal player-01 stone-04 pos-03-07 pos-03-06 pos-03-05 dir-up (1)
[t=56.0845s, 26860 KB] Plan length: 165 step(s).
[t=56.0845s, 26860 KB] Plan cost: 47
[t=56.0845s, 26860 KB] Timestamp: 1681947919671 millisecond(s).
[t=56.0845s, 26860 KB] Expanded 333469 state(s).
[t=56.0845s, 26860 KB] Reopened 4288 state(s).
[t=56.0845s, 26860 KB] Evaluated 329181 state(s).
[t=56.0845s, 26860 KB] Evaluations: 359818
[t=56.0845s, 26860 KB] Generated 828601 state(s).
[t=56.0845s, 26860 KB] Dead ends: 0 state(s).
[t=56.0845s, 26860 KB] Number of registered states: 359818
[t=56.0845s, 26860 KB] Int hash set load factor: 359818/524288 = 0.686298
[t=56.0845s, 26860 KB] Int hash set resizes: 19
[t=56.0845s, 26860 KB] Search time: 56.0781s
[t=56.0845s, 26860 KB] Total time: 56.0845s
Solution found.
Peak memory: 26860 KB
Remove intermediate file output.sas
search exit code: 0

INFO     Running validate.
INFO     validate stdin: None
INFO     validate time limit: None
INFO     validate memory limit: None
INFO     validate command line string: validate domain.pddl problem.pddl sas_plan sas_plan.1
Checking plan: sas_plan
Plan executed successfully - checking goal
Plan valid
Final value: 47 
Checking plan: sas_plan.1
Plan executed successfully - checking goal
Plan valid
Final value: 47 

Successful plans:
Value: 47
 sas_plan 47 
sas_plan.1 47 

validate exit code: 0

INFO     Planner time: 56.28s
