INFO     planner time limit: 600s
INFO     planner memory limit: 3584 MB

INFO     Running translator.
INFO     translator stdin: None
INFO     translator time limit: 599s
INFO     translator memory limit: 3584 MB
INFO     translator command line string: /usr/local/downward-projects/downward/experiments/assign3/.venv/bin/python3 /usr/local/downward-projects/downward/experiments/assign3/data/assign3-anytime_exp/code-1fb14623350588fb782db39ad332c8a25eda53d6_e5e41175/builds/release/bin/translate/translate.py domain.pddl problem.pddl --sas-file output.sas
Parsing...
Parsing: [0.000s CPU, 0.002s wall-clock]
Normalizing task... [0.000s CPU, 0.000s wall-clock]
Instantiating...
Generating Datalog program... [0.000s CPU, 0.000s wall-clock]
Normalizing Datalog program...
Normalizing Datalog program: [0.000s CPU, 0.001s wall-clock]
Preparing model... [0.010s CPU, 0.001s wall-clock]
Generated 25 rules.
Computing model... [0.000s CPU, 0.007s wall-clock]
461 relevant atoms
611 auxiliary atoms
1072 final queue length
1647 total queue pushes
Completing instantiation... [0.010s CPU, 0.007s wall-clock]
Instantiating: [0.020s CPU, 0.016s wall-clock]
Computing fact groups...
Finding invariants...
7 initial candidates
Finding invariants: [0.000s CPU, 0.003s wall-clock]
Checking invariant weight... [0.000s CPU, 0.000s wall-clock]
Instantiating groups... [0.000s CPU, 0.000s wall-clock]
Collecting mutex groups... [0.000s CPU, 0.000s wall-clock]
Choosing groups...
0 uncovered facts
Choosing groups: [0.000s CPU, 0.000s wall-clock]
Building translation key... [0.000s CPU, 0.000s wall-clock]
Computing fact groups: [0.000s CPU, 0.004s wall-clock]
Building STRIPS to SAS dictionary... [0.000s CPU, 0.000s wall-clock]
Building dictionary for full mutex groups... [0.000s CPU, 0.000s wall-clock]
Building mutex information...
Building mutex information: [0.000s CPU, 0.000s wall-clock]
Translating task...
Processing axioms...
Simplifying axioms... [0.000s CPU, 0.000s wall-clock]
Translator axioms removed by simplifying: 0
Computing negative axioms... [0.000s CPU, 0.000s wall-clock]
Processing axioms: [0.000s CPU, 0.000s wall-clock]
Translating task: [0.010s CPU, 0.006s wall-clock]
0 effect conditions simplified
0 implied preconditions added
Detecting unreachable propositions...
0 operators removed
0 axioms removed
34 propositions removed
Detecting unreachable propositions: [0.000s CPU, 0.003s wall-clock]
Reordering and filtering variables...
34 of 34 variables necessary.
0 of 34 mutex groups necessary.
185 of 185 operators necessary.
0 of 0 axiom rules necessary.
Reordering and filtering variables: [0.000s CPU, 0.002s wall-clock]
Translator variables: 34
Translator derived variables: 0
Translator facts: 100
Translator goal facts: 33
Translator mutex groups: 0
Translator total mutex groups size: 0
Translator operators: 185
Translator axioms: 0
Translator task size: 1634
Translator peak memory: 32880 KB
Writing output... [0.010s CPU, 0.001s wall-clock]
Done! [0.040s CPU, 0.035s wall-clock]
translate exit code: 0

INFO     Running search (release).
INFO     search stdin: output.sas
INFO     search time limit: 599s
INFO     search memory limit: 3584 MB
INFO     search command line string: /usr/local/downward-projects/downward/experiments/assign3/data/assign3-anytime_exp/code-1fb14623350588fb782db39ad332c8a25eda53d6_e5e41175/builds/release/bin/downward --evaluator 'h=lmcut()' --search 'eager_anytime(single(sum([weight(h, 2, verbosity=normal), g()])), 
        reopen_closed=true, f_eval=sum([h, g()]))' --internal-plan-file sas_plan < output.sas
[t=0s, 10884 KB] reading input...
[t=0.00279088s, 10884 KB] done reading input!
[t=0.0038801s, 11272 KB] Initializing landmark cut heuristic...
[t=0.00530397s, 11272 KB] Building successor generator...done!
[t=0.00549328s, 11272 KB] peak memory difference for successor generator creation: 0 KB
[t=0.00553684s, 11272 KB] time for successor generation creation: 0s
[t=0.00556221s, 11272 KB] Variables: 34
[t=0.00558977s, 11272 KB] FactPairs: 100
[t=0.0056129s, 11272 KB] Bytes per state: 8
[t=0.00563596s, 11272 KB] Conducting best first anytime search with reopening closed nodes, (real) bound = 2147483647
[t=0.00567946s, 11272 KB] New best heuristic value for lmcut(): 3
[t=0.00574745s, 11272 KB] g=0, 1 evaluated, 0 expanded
[t=0.00577142s, 11272 KB] Initial heuristic value for lmcut(): 3
[t=0.00579907s, 11272 KB] Start Timestep: 1681993528081 millisecond(s).
[t=0.00584072s, 11272 KB] New best heuristic value for lmcut(): 2
[t=0.00589721s, 11272 KB] g=1, 2 evaluated, 1 expanded
[t=0.0059209s, 11272 KB] New best heuristic value for lmcut(): 1
[t=0.00637785s, 11272 KB] g=2, 21 evaluated, 9 expanded
[t=0.011695s, 11272 KB] New best heuristic value for lmcut(): 0
[t=0.0136273s, 11272 KB] g=4, 423 evaluated, 184 expanded, 1 reopened
[t=0.0675327s, 11408 KB] Solution found!
jump-new-move pos-6-2 pos-5-2 pos-4-2 (1)
end-move pos-4-2 (0)
jump-new-move pos-3-4 pos-2-4 pos-1-4 (1)
end-move pos-1-4 (0)
jump-new-move pos-3-6 pos-3-5 pos-3-4 (1)
jump-continue-move pos-3-4 pos-4-4 pos-5-4 (0)
jump-continue-move pos-5-4 pos-5-3 pos-5-2 (0)
jump-continue-move pos-5-2 pos-4-2 pos-3-2 (0)
end-move pos-3-2 (0)
jump-new-move pos-0-2 pos-0-3 pos-0-4 (1)
jump-continue-move pos-0-4 pos-1-4 pos-2-4 (0)
jump-continue-move pos-2-4 pos-2-3 pos-2-2 (0)
end-move pos-2-2 (0)
jump-new-move pos-3-3 pos-3-2 pos-3-1 (1)
end-move pos-3-1 (0)
jump-new-move pos-1-2 pos-2-2 pos-3-2 (1)
end-move pos-3-2 (0)
jump-new-move pos-3-1 pos-3-2 pos-3-3 (1)
[t=0.0702795s, 11408 KB] Plan length: 18 step(s).
[t=0.0703211s, 11408 KB] Plan cost: 7
[t=0.0703457s, 11408 KB] Solution: Incumbent solution found!
[t=0.0703699s, 11408 KB] Solution Timestep: 1681993528146 millisecond(s).
[t=0.0703943s, 11408 KB] Timestamp: 1681993528146 millisecond(s).
[t=0.070418s, 11408 KB] Expanded 2275 state(s).
[t=0.0704409s, 11408 KB] Reopened 42 state(s).
[t=0.0704636s, 11408 KB] Evaluated 3371 state(s).
[t=0.0704856s, 11408 KB] Evaluations: 4193
[t=0.0705082s, 11408 KB] Generated 5728 state(s).
[t=0.070531s, 11408 KB] Dead ends: 0 state(s).
[t=0.0705543s, 11408 KB] Number of registered states: 4193
[t=0.0705777s, 11408 KB] Int hash set load factor: 4193/8192 = 0.511841
[t=0.070602s, 11408 KB] Int hash set resizes: 13
[t=0.0911948s, 11544 KB] Optimal Solution: found
[t=0.0933087s, 11544 KB] Actual search time: 0.087468s
jump-new-move pos-6-2 pos-5-2 pos-4-2 (1)
end-move pos-4-2 (0)
jump-new-move pos-3-4 pos-2-4 pos-1-4 (1)
end-move pos-1-4 (0)
jump-new-move pos-3-6 pos-3-5 pos-3-4 (1)
jump-continue-move pos-3-4 pos-4-4 pos-5-4 (0)
jump-continue-move pos-5-4 pos-5-3 pos-5-2 (0)
jump-continue-move pos-5-2 pos-4-2 pos-3-2 (0)
end-move pos-3-2 (0)
jump-new-move pos-0-2 pos-0-3 pos-0-4 (1)
jump-continue-move pos-0-4 pos-1-4 pos-2-4 (0)
jump-continue-move pos-2-4 pos-2-3 pos-2-2 (0)
end-move pos-2-2 (0)
jump-new-move pos-3-3 pos-3-2 pos-3-1 (1)
end-move pos-3-1 (0)
jump-new-move pos-1-2 pos-2-2 pos-3-2 (1)
end-move pos-3-2 (0)
jump-new-move pos-3-1 pos-3-2 pos-3-3 (1)
[t=0.0933411s, 11544 KB] Plan length: 18 step(s).
[t=0.0933411s, 11544 KB] Plan cost: 7
[t=0.0933411s, 11544 KB] Timestamp: 1681993528170 millisecond(s).
[t=0.0933411s, 11544 KB] Expanded 3645 state(s).
[t=0.0933411s, 11544 KB] Reopened 60 state(s).
[t=0.0933411s, 11544 KB] Evaluated 3585 state(s).
[t=0.0933411s, 11544 KB] Evaluations: 5878
[t=0.0933411s, 11544 KB] Generated 8512 state(s).
[t=0.0933411s, 11544 KB] Dead ends: 0 state(s).
[t=0.0933411s, 11544 KB] Number of registered states: 5878
[t=0.0933411s, 11544 KB] Int hash set load factor: 5878/8192 = 0.717529
[t=0.0933411s, 11544 KB] Int hash set resizes: 13
[t=0.0933411s, 11544 KB] Search time: 0.0877051s
[t=0.0933411s, 11544 KB] Total time: 0.0933411s
Solution found.
Peak memory: 11544 KB
Remove intermediate file output.sas
search exit code: 0

INFO     Running validate.
INFO     validate stdin: None
INFO     validate time limit: None
INFO     validate memory limit: None
INFO     validate command line string: validate domain.pddl problem.pddl sas_plan sas_plan.1
Checking plan: sas_plan
Plan executed successfully - checking goal
Plan valid
Final value: 7 
Checking plan: sas_plan.1
Plan executed successfully - checking goal
Plan valid
Final value: 7 

Successful plans:
Value: 7
 sas_plan 7 
sas_plan.1 7 

validate exit code: 0

INFO     Planner time: 0.21s
