INFO     planner time limit: 600s
INFO     planner memory limit: 3584 MB

INFO     Running translator.
INFO     translator stdin: None
INFO     translator time limit: 599s
INFO     translator memory limit: 3584 MB
INFO     translator command line string: /usr/local/downward-projects/downward/experiments/assign3/.venv/bin/python3 /usr/local/downward-projects/downward/experiments/assign3/data/assign3-anytime_exp/code-1fb14623350588fb782db39ad332c8a25eda53d6_e5e41175/builds/release/bin/translate/translate.py domain.pddl problem.pddl --sas-file output.sas
Parsing...
Parsing: [0.000s CPU, 0.002s wall-clock]
Normalizing task... [0.000s CPU, 0.000s wall-clock]
Instantiating...
Generating Datalog program... [0.000s CPU, 0.001s wall-clock]
Normalizing Datalog program...
Normalizing Datalog program: [0.000s CPU, 0.001s wall-clock]
Preparing model... [0.000s CPU, 0.001s wall-clock]
Generated 25 rules.
Computing model... [0.010s CPU, 0.007s wall-clock]
461 relevant atoms
611 auxiliary atoms
1072 final queue length
1647 total queue pushes
Completing instantiation... [0.010s CPU, 0.007s wall-clock]
Instantiating: [0.020s CPU, 0.016s wall-clock]
Computing fact groups...
Finding invariants...
7 initial candidates
Finding invariants: [0.000s CPU, 0.003s wall-clock]
Checking invariant weight... [0.000s CPU, 0.000s wall-clock]
Instantiating groups... [0.000s CPU, 0.000s wall-clock]
Collecting mutex groups... [0.000s CPU, 0.000s wall-clock]
Choosing groups...
0 uncovered facts
Choosing groups: [0.000s CPU, 0.000s wall-clock]
Building translation key... [0.000s CPU, 0.000s wall-clock]
Computing fact groups: [0.000s CPU, 0.004s wall-clock]
Building STRIPS to SAS dictionary... [0.000s CPU, 0.000s wall-clock]
Building dictionary for full mutex groups... [0.000s CPU, 0.000s wall-clock]
Building mutex information...
Building mutex information: [0.000s CPU, 0.000s wall-clock]
Translating task...
Processing axioms...
Simplifying axioms... [0.000s CPU, 0.000s wall-clock]
Translator axioms removed by simplifying: 0
Computing negative axioms... [0.000s CPU, 0.000s wall-clock]
Processing axioms: [0.000s CPU, 0.000s wall-clock]
Translating task: [0.010s CPU, 0.006s wall-clock]
0 effect conditions simplified
0 implied preconditions added
Detecting unreachable propositions...
0 operators removed
0 axioms removed
34 propositions removed
Detecting unreachable propositions: [0.000s CPU, 0.003s wall-clock]
Reordering and filtering variables...
34 of 34 variables necessary.
0 of 34 mutex groups necessary.
185 of 185 operators necessary.
0 of 0 axiom rules necessary.
Reordering and filtering variables: [0.000s CPU, 0.002s wall-clock]
Translator variables: 34
Translator derived variables: 0
Translator facts: 100
Translator goal facts: 33
Translator mutex groups: 0
Translator total mutex groups size: 0
Translator operators: 185
Translator axioms: 0
Translator task size: 1634
Translator peak memory: 32880 KB
Writing output... [0.000s CPU, 0.001s wall-clock]
Done! [0.030s CPU, 0.035s wall-clock]
translate exit code: 0

INFO     Running search (release).
INFO     search stdin: output.sas
INFO     search time limit: 599s
INFO     search memory limit: 3584 MB
INFO     search command line string: /usr/local/downward-projects/downward/experiments/assign3/data/assign3-anytime_exp/code-1fb14623350588fb782db39ad332c8a25eda53d6_e5e41175/builds/release/bin/downward --evaluator 'h=lmcut()' --search 'eager_anytime(epsilon_greedy(
        sum([weight(h, 2, verbosity=normal), g()]), epsilon=0.5, random_seed=1234), 
        reopen_closed=true, f_eval=sum([h, g()]))' --internal-plan-file sas_plan < output.sas
[t=0.00210294s, 10884 KB] reading input...
[t=0.00304088s, 10884 KB] done reading input!
[t=0.00416295s, 11272 KB] Initializing landmark cut heuristic...
[t=0.00504422s, 11272 KB] Building successor generator...done!
[t=0.00526623s, 11272 KB] peak memory difference for successor generator creation: 0 KB
[t=0.00531051s, 11272 KB] time for successor generation creation: 2.7365e-05s
[t=0.00533476s, 11272 KB] Variables: 34
[t=0.00536154s, 11272 KB] FactPairs: 100
[t=0.00538402s, 11272 KB] Bytes per state: 8
[t=0.00540627s, 11272 KB] Conducting best first anytime search with reopening closed nodes, (real) bound = 2147483647
[t=0.00545384s, 11272 KB] New best heuristic value for lmcut(): 2
[t=0.00551875s, 11272 KB] g=0, 1 evaluated, 0 expanded
[t=0.00554476s, 11272 KB] Initial heuristic value for lmcut(): 2
[t=0.00557451s, 11272 KB] Start Timestep: 1682028263690 millisecond(s).
[t=0.00561546s, 11272 KB] New best heuristic value for lmcut(): 1
[t=0.00567027s, 11272 KB] g=1, 2 evaluated, 1 expanded
[t=0.272881s, 12304 KB] New best heuristic value for lmcut(): 0
[t=0.273854s, 12304 KB] g=5, 14670 evaluated, 5513 expanded, 91 reopened
[t=3.18074s, 19648 KB] Solution found!
jump-new-move pos-4-3 pos-4-4 pos-4-5 (1)
end-move pos-4-5 (0)
jump-new-move pos-0-4 pos-1-4 pos-2-4 (1)
jump-continue-move pos-2-4 pos-3-4 pos-4-4 (0)
end-move pos-4-4 (0)
jump-new-move pos-4-5 pos-4-4 pos-4-3 (1)
jump-continue-move pos-4-3 pos-4-2 pos-4-1 (0)
end-move pos-4-1 (0)
jump-new-move pos-3-6 pos-3-5 pos-3-4 (1)
end-move pos-3-4 (0)
jump-new-move pos-2-2 pos-2-3 pos-2-4 (1)
jump-continue-move pos-2-4 pos-3-4 pos-4-4 (0)
jump-continue-move pos-4-4 pos-5-4 pos-6-4 (0)
jump-continue-move pos-6-4 pos-6-3 pos-6-2 (0)
jump-continue-move pos-6-2 pos-5-2 pos-4-2 (0)
jump-continue-move pos-4-2 pos-3-2 pos-2-2 (0)
end-move pos-2-2 (0)
jump-new-move pos-4-1 pos-3-1 pos-2-1 (1)
jump-continue-move pos-2-1 pos-2-2 pos-2-3 (0)
jump-continue-move pos-2-3 pos-3-3 pos-4-3 (0)
end-move pos-4-3 (0)
jump-new-move pos-5-3 pos-4-3 pos-3-3 (1)
[t=3.18168s, 19648 KB] Plan length: 22 step(s).
[t=3.18172s, 19648 KB] Plan cost: 7
[t=3.18174s, 19648 KB] Solution: Incumbent solution found!
[t=3.18177s, 19648 KB] Solution Timestep: 1682028266891 millisecond(s).
[t=3.18179s, 19648 KB] Timestamp: 1682028266891 millisecond(s).
[t=3.18181s, 19648 KB] Expanded 85760 state(s).
[t=3.18183s, 19648 KB] Reopened 3076 state(s).
[t=3.18186s, 19648 KB] Evaluated 160324 state(s).
[t=3.18188s, 19648 KB] Evaluations: 174750
[t=3.1819s, 19648 KB] Generated 238987 state(s).
[t=3.18193s, 19648 KB] Dead ends: 0 state(s).
[t=3.18195s, 19648 KB] Number of registered states: 174750
[t=3.18197s, 19648 KB] Int hash set load factor: 174750/262144 = 0.666618
[t=3.182s, 19648 KB] Int hash set resizes: 18
[t=5.19317s, 24972 KB] Optimal Solution: found
[t=5.19379s, 24972 KB] Actual search time: 5.18818s
jump-new-move pos-4-3 pos-4-4 pos-4-5 (1)
end-move pos-4-5 (0)
jump-new-move pos-0-4 pos-1-4 pos-2-4 (1)
jump-continue-move pos-2-4 pos-3-4 pos-4-4 (0)
end-move pos-4-4 (0)
jump-new-move pos-4-5 pos-4-4 pos-4-3 (1)
jump-continue-move pos-4-3 pos-4-2 pos-4-1 (0)
end-move pos-4-1 (0)
jump-new-move pos-3-6 pos-3-5 pos-3-4 (1)
end-move pos-3-4 (0)
jump-new-move pos-2-2 pos-2-3 pos-2-4 (1)
jump-continue-move pos-2-4 pos-3-4 pos-4-4 (0)
jump-continue-move pos-4-4 pos-5-4 pos-6-4 (0)
jump-continue-move pos-6-4 pos-6-3 pos-6-2 (0)
jump-continue-move pos-6-2 pos-5-2 pos-4-2 (0)
jump-continue-move pos-4-2 pos-3-2 pos-2-2 (0)
end-move pos-2-2 (0)
jump-new-move pos-4-1 pos-3-1 pos-2-1 (1)
jump-continue-move pos-2-1 pos-2-2 pos-2-3 (0)
jump-continue-move pos-2-3 pos-3-3 pos-4-3 (0)
end-move pos-4-3 (0)
jump-new-move pos-5-3 pos-4-3 pos-3-3 (1)
[t=5.19383s, 24972 KB] Plan length: 22 step(s).
[t=5.19383s, 24972 KB] Plan cost: 7
[t=5.19383s, 24972 KB] Timestamp: 1682028268919 millisecond(s).
[t=5.19383s, 24972 KB] Expanded 165943 state(s).
[t=5.19383s, 24972 KB] Reopened 4251 state(s).
[t=5.19383s, 24972 KB] Evaluated 161692 state(s).
[t=5.19383s, 24972 KB] Evaluations: 285221
[t=5.19383s, 24972 KB] Generated 427449 state(s).
[t=5.19383s, 24972 KB] Dead ends: 0 state(s).
[t=5.19383s, 24972 KB] Number of registered states: 285221
[t=5.19383s, 24972 KB] Int hash set load factor: 285221/524288 = 0.544016
[t=5.19383s, 24972 KB] Int hash set resizes: 19
[t=5.19383s, 24972 KB] Search time: 5.18842s
[t=5.19383s, 24972 KB] Total time: 5.19383s
Solution found.
Peak memory: 24972 KB
Remove intermediate file output.sas
search exit code: 0

INFO     Running validate.
INFO     validate stdin: None
INFO     validate time limit: None
INFO     validate memory limit: None
INFO     validate command line string: validate domain.pddl problem.pddl sas_plan sas_plan.1
Checking plan: sas_plan
Plan executed successfully - checking goal
Plan valid
Final value: 7 
Checking plan: sas_plan.1
Plan executed successfully - checking goal
Plan valid
Final value: 7 

Successful plans:
Value: 7
 sas_plan 7 
sas_plan.1 7 

validate exit code: 0

INFO     Planner time: 5.31s
