INFO     planner time limit: 600s
INFO     planner memory limit: 3584 MB

INFO     Running translator.
INFO     translator stdin: None
INFO     translator time limit: 599s
INFO     translator memory limit: 3584 MB
INFO     translator command line string: /usr/local/downward-projects/downward/experiments/src/thesis/.venv/bin/python3 /usr/local/downward-projects/downward/experiments/src/thesis/data/thesis-thesis_exp/code-84c08dfff1890fbf6247184940c8166177195ea1_e5e41175/builds/release/bin/translate/translate.py domain.pddl problem.pddl --sas-file output.sas
Parsing...
Parsing: [0.000s CPU, 0.006s wall-clock]
Normalizing task... [0.010s CPU, 0.000s wall-clock]
Instantiating...
Generating Datalog program... [0.000s CPU, 0.002s wall-clock]
Normalizing Datalog program...
Normalizing Datalog program: [0.010s CPU, 0.017s wall-clock]
Preparing model... [0.020s CPU, 0.005s wall-clock]
Generated 400 rules.
Computing model... [0.690s CPU, 0.693s wall-clock]
43738 relevant atoms
39186 auxiliary atoms
82924 final queue length
230130 total queue pushes
Completing instantiation... [2.990s CPU, 2.995s wall-clock]
Instantiating: [3.730s CPU, 3.743s wall-clock]
Computing fact groups...
Finding invariants...
41 initial candidates
Finding invariants: [0.060s CPU, 0.060s wall-clock]
Checking invariant weight... [0.000s CPU, 0.000s wall-clock]
Instantiating groups... [0.000s CPU, 0.000s wall-clock]
Collecting mutex groups... [0.000s CPU, 0.000s wall-clock]
Choosing groups...
443 uncovered facts
Choosing groups: [0.000s CPU, 0.000s wall-clock]
Building translation key... [0.000s CPU, 0.001s wall-clock]
Computing fact groups: [0.070s CPU, 0.064s wall-clock]
Building STRIPS to SAS dictionary... [0.000s CPU, 0.000s wall-clock]
Building dictionary for full mutex groups... [0.000s CPU, 0.000s wall-clock]
Building mutex information...
Building mutex information: [0.000s CPU, 0.000s wall-clock]
Translating task...
Processing axioms...
Simplifying axioms... [0.000s CPU, 0.000s wall-clock]
Translator axioms removed by simplifying: 0
Computing negative axioms... [0.000s CPU, 0.000s wall-clock]
Processing axioms: [0.110s CPU, 0.116s wall-clock]
Translating task: [3.270s CPU, 3.274s wall-clock]
123029 effect conditions simplified
0 implied preconditions added
Detecting unreachable propositions...
0 operators removed
0 axioms removed
2 propositions removed
Detecting unreachable propositions: [2.520s CPU, 2.521s wall-clock]
Reordering and filtering variables...
445 of 445 variables necessary.
1 of 3 mutex groups necessary.
43098 of 43098 operators necessary.
0 of 0 axiom rules necessary.
Reordering and filtering variables: [0.770s CPU, 0.765s wall-clock]
Translator variables: 445
Translator derived variables: 0
Translator facts: 893
Translator goal facts: 4
Translator mutex groups: 1
Translator total mutex groups size: 2
Translator operators: 43098
Translator axioms: 0
Translator task size: 530940
Translator peak memory: 318388 KB
Writing output... [0.390s CPU, 0.399s wall-clock]
Done! [10.880s CPU, 10.898s wall-clock]
translate exit code: 0

INFO     Running search (release).
INFO     search stdin: output.sas
INFO     search time limit: 588s
INFO     search memory limit: 3584 MB
INFO     search command line string: /usr/local/downward-projects/downward/experiments/src/thesis/data/thesis-thesis_exp/code-84c08dfff1890fbf6247184940c8166177195ea1_e5e41175/builds/release/bin/downward --evaluator 'h=ff()' --search 'eager(partition(h, h_partition(), inter_uniform(), intra_uniform() )) ' --internal-plan-file sas_plan < output.sas
[t=0s, 11732 KB] reading input...
[t=0.24319s, 31620 KB] done reading input!
[t=0.279114s, 49060 KB] Simplifying 269799 unary operators... done! [269223 unary operators]
[t=2.69113s, 72968 KB] time to simplify: 2.41201s
[t=2.70501s, 72968 KB] Initializing additive heuristic...
[t=2.70601s, 72968 KB] Initializing FF heuristic...
[t=2.70604s, 72968 KB] Building successor generator...done!
[t=2.7301s, 72968 KB] peak memory difference for successor generator creation: 0 KB
[t=2.73023s, 72968 KB] time for successor generation creation: 0.0207688s
[t=2.73085s, 72968 KB] Variables: 445
[t=2.73132s, 72968 KB] FactPairs: 893
[t=2.73134s, 72968 KB] Bytes per state: 56
[t=2.73137s, 72968 KB] Conducting best first search without reopening closed nodes, (real) bound = 2147483647
[t=2.73878s, 72968 KB] New best heuristic value for ff(): 23
[t=2.73985s, 72968 KB] g=0, 1 evaluated, 0 expanded
[t=2.73988s, 72968 KB] Initial heuristic value for ff(): 23
[t=2.73991s, 72968 KB] pruning method: none
[t=2.73994s, 72968 KB] Start Timestep: 1693641355039 millisecond(s).
[t=2.75462s, 72968 KB] New best heuristic value for ff(): 22
[t=2.75617s, 72968 KB] g=1, 5 evaluated, 1 expanded
[t=2.78652s, 72968 KB] New best heuristic value for ff(): 21
[t=2.78767s, 72968 KB] g=4, 13 evaluated, 5 expanded
[t=2.89426s, 72968 KB] New best heuristic value for ff(): 20
[t=2.89504s, 72968 KB] g=7, 43 evaluated, 19 expanded
[t=4.27238s, 72968 KB] New best heuristic value for ff(): 19
[t=4.27573s, 72968 KB] g=11, 435 evaluated, 217 expanded
[t=149.033s, 72968 KB] New best heuristic value for ff(): 18
[t=149.034s, 72968 KB] g=23, 18289 evaluated, 9486 expanded
[t=421.109s, 73244 KB] New best heuristic value for ff(): 17
[t=421.11s, 73244 KB] g=22, 33140 evaluated, 17321 expanded
[t=465.527s, 73244 KB] New best heuristic value for ff(): 16
[t=465.528s, 73244 KB] g=23, 35152 evaluated, 18333 expanded
Peak memory: 73244 KB
caught signal 24 -- exiting
Time limit has been reached.
Remove intermediate file output.sas
search exit code: 23

Driver aborting after search
INFO     Planner time: 595.81s
