INFO     planner time limit: 900s
INFO     planner memory limit: 3584 MB

INFO     Running translator.
INFO     translator stdin: None
INFO     translator time limit: 899s
INFO     translator memory limit: 3584 MB
INFO     translator command line string: /usr/local/downward-projects/downward/experiments/.venv/bin/python3 /usr/local/downward-projects/downward/experiments/src/thesis/data/thesis-thesis_exp/code-f7a4f68fd467cf7cff4d3dfcfdfcfa2023e44324_e5e41175/builds/release/bin/translate/translate.py domain.pddl problem.pddl --sas-file output.sas
Parsing...
Parsing: [0.000s CPU, 0.002s wall-clock]
Normalizing task... [0.000s CPU, 0.000s wall-clock]
Instantiating...
Generating Datalog program... [0.000s CPU, 0.000s wall-clock]
Normalizing Datalog program...
Normalizing Datalog program: [0.010s CPU, 0.001s wall-clock]
Preparing model... [0.000s CPU, 0.001s wall-clock]
Generated 25 rules.
Computing model... [0.000s CPU, 0.007s wall-clock]
461 relevant atoms
611 auxiliary atoms
1072 final queue length
1647 total queue pushes
Completing instantiation... [0.010s CPU, 0.007s wall-clock]
Instantiating: [0.020s CPU, 0.017s wall-clock]
Computing fact groups...
Finding invariants...
7 initial candidates
Finding invariants: [0.000s CPU, 0.003s wall-clock]
Checking invariant weight... [0.000s CPU, 0.000s wall-clock]
Instantiating groups... [0.000s CPU, 0.000s wall-clock]
Collecting mutex groups... [0.000s CPU, 0.000s wall-clock]
Choosing groups...
0 uncovered facts
Choosing groups: [0.000s CPU, 0.000s wall-clock]
Building translation key... [0.000s CPU, 0.000s wall-clock]
Computing fact groups: [0.000s CPU, 0.004s wall-clock]
Building STRIPS to SAS dictionary... [0.000s CPU, 0.000s wall-clock]
Building dictionary for full mutex groups... [0.000s CPU, 0.000s wall-clock]
Building mutex information...
Building mutex information: [0.000s CPU, 0.000s wall-clock]
Translating task...
Processing axioms...
Simplifying axioms... [0.000s CPU, 0.000s wall-clock]
Translator axioms removed by simplifying: 0
Computing negative axioms... [0.000s CPU, 0.000s wall-clock]
Processing axioms: [0.010s CPU, 0.001s wall-clock]
Translating task: [0.010s CPU, 0.006s wall-clock]
0 effect conditions simplified
0 implied preconditions added
Detecting unreachable propositions...
0 operators removed
0 axioms removed
34 propositions removed
Detecting unreachable propositions: [0.000s CPU, 0.004s wall-clock]
Reordering and filtering variables...
34 of 34 variables necessary.
0 of 34 mutex groups necessary.
185 of 185 operators necessary.
0 of 0 axiom rules necessary.
Reordering and filtering variables: [0.010s CPU, 0.002s wall-clock]
Translator variables: 34
Translator derived variables: 0
Translator facts: 100
Translator goal facts: 33
Translator mutex groups: 0
Translator total mutex groups size: 0
Translator operators: 185
Translator axioms: 0
Translator task size: 1634
Translator peak memory: 33012 KB
Writing output... [0.000s CPU, 0.001s wall-clock]
Done! [0.040s CPU, 0.038s wall-clock]
translate exit code: 0

INFO     Running search (release).
INFO     search stdin: output.sas
INFO     search time limit: 899s
INFO     search memory limit: 3584 MB
INFO     search command line string: /usr/local/downward-projects/downward/experiments/src/thesis/data/thesis-thesis_exp/code-f7a4f68fd467cf7cff4d3dfcfdfcfa2023e44324_e5e41175/builds/release/bin/downward --evaluator 'h=ff()' --search 'eager(alt([type_based([h, g()], random_seed=-1), single(h)]))' --internal-plan-file sas_plan < output.sas
[t=0.00264321s, 11000 KB] reading input...
[t=0.00308537s, 11000 KB] done reading input!
[t=0.00394171s, 11388 KB] Simplifying 641 unary operators... done! [641 unary operators]
[t=0.00617686s, 11388 KB] time to simplify: 0.00223514s
[t=0.00623965s, 11388 KB] Initializing additive heuristic...
[t=0.00631231s, 11388 KB] Initializing FF heuristic...
[t=0.00633659s, 11388 KB] Building successor generator...done!
[t=0.00655452s, 11388 KB] peak memory difference for successor generator creation: 0 KB
[t=0.00660208s, 11388 KB] time for successor generation creation: 7.4721e-05s
[t=0.00662704s, 11388 KB] Variables: 34
[t=0.00665164s, 11388 KB] FactPairs: 100
[t=0.00667461s, 11388 KB] Bytes per state: 8
[t=0.00669846s, 11388 KB] Conducting best first search without reopening closed nodes, (real) bound = 2147483647
[t=0.00676297s, 11388 KB] New best heuristic value for ff(): 11
[t=0.00682358s, 11388 KB] g=0, 1 evaluated, 0 expanded
[t=0.00684854s, 11388 KB] Initial heuristic value for ff(): 11
[t=0.00688214s, 11388 KB] pruning method: none
[t=0.00690423s, 11388 KB] Start Timestep: 1684270022072 millisecond(s).
[t=0.00694712s, 11388 KB] New best heuristic value for ff(): 10
[t=0.00699451s, 11388 KB] g=1, 2 evaluated, 1 expanded
[t=0.00701807s, 11388 KB] New best heuristic value for ff(): 9
[t=0.0070561s, 11388 KB] g=1, 3 evaluated, 1 expanded
[t=0.00707941s, 11388 KB] New best heuristic value for ff(): 8
[t=0.0071734s, 11388 KB] g=1, 9 evaluated, 1 expanded
[t=0.00719679s, 11388 KB] New best heuristic value for ff(): 7
[t=0.00740522s, 11388 KB] g=2, 25 evaluated, 6 expanded
[t=0.00743186s, 11388 KB] New best heuristic value for ff(): 5
[t=0.00804091s, 11388 KB] g=3, 80 evaluated, 25 expanded
[t=0.0080662s, 11388 KB] New best heuristic value for ff(): 4
[t=0.00919796s, 11388 KB] g=4, 185 evaluated, 59 expanded
[t=0.00922373s, 11388 KB] New best heuristic value for ff(): 3
[t=0.00951652s, 11388 KB] g=6, 211 evaluated, 69 expanded
[t=0.00954142s, 11388 KB] New best heuristic value for ff(): 2
[t=0.00991839s, 11388 KB] g=7, 256 evaluated, 86 expanded
[t=0.0101872s, 11388 KB] New best heuristic value for ff(): 1
[t=0.0120842s, 11388 KB] g=10, 494 evaluated, 186 expanded
[t=0.039143s, 11536 KB] New best heuristic value for ff(): 0
[t=0.039953s, 11536 KB] g=11, 3580 evaluated, 1724 expanded
[t=0.0399827s, 11536 KB] Solution found!
[t=0.040027s, 11536 KB] Actual search time: 0.0330798s
jump-new-move pos-4-1 pos-4-2 pos-4-3 (1)
jump-continue-move pos-4-3 pos-5-3 pos-6-3 (0)
end-move pos-6-3 (0)
jump-new-move pos-2-4 pos-3-4 pos-4-4 (1)
jump-continue-move pos-4-4 pos-5-4 pos-6-4 (0)
end-move pos-6-4 (0)
jump-new-move pos-1-2 pos-2-2 pos-3-2 (1)
end-move pos-3-2 (0)
jump-new-move pos-1-4 pos-1-3 pos-1-2 (1)
end-move pos-1-2 (0)
jump-new-move pos-0-2 pos-1-2 pos-2-2 (1)
end-move pos-2-2 (0)
jump-new-move pos-2-1 pos-2-2 pos-2-3 (1)
jump-continue-move pos-2-3 pos-3-3 pos-4-3 (0)
end-move pos-4-3 (0)
jump-new-move pos-6-4 pos-6-3 pos-6-2 (1)
jump-continue-move pos-6-2 pos-5-2 pos-4-2 (0)
end-move pos-4-2 (0)
jump-new-move pos-3-2 pos-4-2 pos-5-2 (1)
end-move pos-5-2 (0)
jump-new-move pos-4-6 pos-4-5 pos-4-4 (1)
jump-continue-move pos-4-4 pos-4-3 pos-4-2 (0)
end-move pos-4-2 (0)
jump-new-move pos-5-2 pos-4-2 pos-3-2 (1)
end-move pos-3-2 (0)
jump-new-move pos-3-1 pos-3-2 pos-3-3 (1)
[t=0.0400575s, 11536 KB] Plan length: 26 step(s).
[t=0.0400575s, 11536 KB] Plan cost: 11
[t=0.0400575s, 11536 KB] Timestamp: 1684270022106 millisecond(s).
[t=0.0400575s, 11536 KB] Expanded 1726 state(s).
[t=0.0400575s, 11536 KB] Reopened 0 state(s).
[t=0.0400575s, 11536 KB] Evaluated 3581 state(s).
[t=0.0400575s, 11536 KB] Evaluations: 3581
[t=0.0400575s, 11536 KB] Generated 4281 state(s).
[t=0.0400575s, 11536 KB] Dead ends: 645 state(s).
[t=0.0400575s, 11536 KB] Number of registered states: 3581
[t=0.0400575s, 11536 KB] Int hash set load factor: 3581/4096 = 0.874268
[t=0.0400575s, 11536 KB] Int hash set resizes: 12
[t=0.0400575s, 11536 KB] Search time: 0.0333591s
[t=0.0400575s, 11536 KB] Total time: 0.0400575s
Solution found.
Peak memory: 11536 KB
Remove intermediate file output.sas
search exit code: 0

INFO     Running validate.
INFO     validate stdin: None
INFO     validate time limit: None
INFO     validate memory limit: None
INFO     validate command line string: validate domain.pddl problem.pddl sas_plan
Checking plan: sas_plan
Plan executed successfully - checking goal
Plan valid
Final value: 11 

Successful plans:
Value: 11
 sas_plan 11 

validate exit code: 0

INFO     Planner time: 0.18s
