INFO     planner time limit: 900s
INFO     planner memory limit: 3584 MB

INFO     Running translator.
INFO     translator stdin: None
INFO     translator time limit: 899s
INFO     translator memory limit: 3584 MB
INFO     translator command line string: /usr/local/downward-projects/downward/experiments/.venv/bin/python3 /usr/local/downward-projects/downward/experiments/src/thesis/data/thesis-thesis_exp/code-f7a4f68fd467cf7cff4d3dfcfdfcfa2023e44324_e5e41175/builds/release/bin/translate/translate.py domain.pddl problem.pddl --sas-file output.sas
Parsing...
Parsing: [0.020s CPU, 0.007s wall-clock]
Normalizing task... [0.000s CPU, 0.000s wall-clock]
Instantiating...
Generating Datalog program... [0.000s CPU, 0.002s wall-clock]
Normalizing Datalog program...
Normalizing Datalog program: [0.000s CPU, 0.001s wall-clock]
Preparing model... [0.000s CPU, 0.003s wall-clock]
Generated 26 rules.
Computing model... [0.080s CPU, 0.088s wall-clock]
8522 relevant atoms
8334 auxiliary atoms
16856 final queue length
29526 total queue pushes
Completing instantiation... [0.210s CPU, 0.217s wall-clock]
Instantiating: [0.310s CPU, 0.316s wall-clock]
Computing fact groups...
Finding invariants...
9 initial candidates
Finding invariants: [0.010s CPU, 0.004s wall-clock]
Checking invariant weight... [0.000s CPU, 0.000s wall-clock]
Instantiating groups... [0.000s CPU, 0.001s wall-clock]
Collecting mutex groups... [0.000s CPU, 0.000s wall-clock]
Choosing groups...
0 uncovered facts
Choosing groups: [0.000s CPU, 0.001s wall-clock]
Building translation key... [0.000s CPU, 0.001s wall-clock]
Computing fact groups: [0.010s CPU, 0.011s wall-clock]
Building STRIPS to SAS dictionary... [0.000s CPU, 0.000s wall-clock]
Building dictionary for full mutex groups... [0.000s CPU, 0.000s wall-clock]
Building mutex information...
Building mutex information: [0.000s CPU, 0.000s wall-clock]
Translating task...
Processing axioms...
Simplifying axioms... [0.000s CPU, 0.000s wall-clock]
Translator axioms removed by simplifying: 0
Computing negative axioms... [0.000s CPU, 0.000s wall-clock]
Processing axioms: [0.010s CPU, 0.010s wall-clock]
Translating task: [0.200s CPU, 0.199s wall-clock]
0 effect conditions simplified
0 implied preconditions added
Detecting unreachable propositions...
0 operators removed
0 axioms removed
8 propositions removed
Detecting unreachable propositions: [0.150s CPU, 0.149s wall-clock]
Reordering and filtering variables...
8 of 8 variables necessary.
0 of 8 mutex groups necessary.
7112 of 7112 operators necessary.
0 of 0 axiom rules necessary.
Reordering and filtering variables: [0.020s CPU, 0.023s wall-clock]
Translator variables: 8
Translator derived variables: 0
Translator facts: 594
Translator goal facts: 4
Translator mutex groups: 0
Translator total mutex groups size: 0
Translator operators: 7112
Translator axioms: 0
Translator task size: 40374
Translator peak memory: 60104 KB
Writing output... [0.030s CPU, 0.031s wall-clock]
Done! [0.750s CPU, 0.751s wall-clock]
translate exit code: 0

INFO     Running search (release).
INFO     search stdin: output.sas
INFO     search time limit: 899s
INFO     search memory limit: 3584 MB
INFO     search command line string: /usr/local/downward-projects/downward/experiments/src/thesis/data/thesis-thesis_exp/code-f7a4f68fd467cf7cff4d3dfcfdfcfa2023e44324_e5e41175/builds/release/bin/downward --evaluator 'h=ff()' --search 'eager(epsilon_greedy(h, epsilon=0.2))' --internal-plan-file sas_plan < output.sas
[t=0s, 11000 KB] reading input...
[t=0.0238257s, 13244 KB] done reading input!
[t=0.027775s, 14480 KB] Simplifying 13256 unary operators... done! [13256 unary operators]
[t=0.0367441s, 15288 KB] time to simplify: 0.00896911s
[t=0.037449s, 15288 KB] Initializing additive heuristic...
[t=0.0377834s, 15288 KB] Initializing FF heuristic...
[t=0.0378135s, 15288 KB] Building successor generator...done!
[t=0.0404909s, 15552 KB] peak memory difference for successor generator creation: 264 KB
[t=0.040548s, 15552 KB] time for successor generation creation: 0.001675s
[t=0.0405742s, 15552 KB] Variables: 8
[t=0.0406091s, 15552 KB] FactPairs: 594
[t=0.0406324s, 15552 KB] Bytes per state: 8
[t=0.0406551s, 15552 KB] Conducting best first search without reopening closed nodes, (real) bound = 2147483647
[t=0.0407116s, 15552 KB] New best heuristic value for ff(): 800
[t=0.0409959s, 15552 KB] g=0, 1 evaluated, 0 expanded
[t=0.041022s, 15552 KB] Initial heuristic value for ff(): 800
[t=0.0410503s, 15552 KB] pruning method: none
[t=0.0410736s, 15552 KB] Start Timestep: 1684379833849 millisecond(s).
[t=0.0411216s, 15552 KB] New best heuristic value for ff(): 742
[t=0.0413832s, 15552 KB] g=22, 2 evaluated, 1 expanded
[t=0.0414093s, 15552 KB] New best heuristic value for ff(): 581
[t=0.0429565s, 15552 KB] g=25, 9 evaluated, 1 expanded
[t=0.04337s, 15552 KB] New best heuristic value for ff(): 573
[t=0.044976s, 15552 KB] g=60, 18 evaluated, 3 expanded
[t=0.0450316s, 15552 KB] New best heuristic value for ff(): 572
[t=0.0465166s, 15552 KB] g=61, 25 evaluated, 4 expanded
[t=0.183163s, 15552 KB] New best heuristic value for ff(): 488
[t=0.184742s, 15552 KB] g=375, 640 evaluated, 152 expanded
[t=0.184779s, 15552 KB] New best heuristic value for ff(): 461
[t=0.186203s, 15552 KB] g=395, 646 evaluated, 153 expanded
[t=0.186234s, 15552 KB] New best heuristic value for ff(): 437
[t=0.186443s, 15552 KB] g=389, 647 evaluated, 153 expanded
[t=0.187042s, 15552 KB] New best heuristic value for ff(): 411
[t=0.188541s, 15552 KB] g=415, 658 evaluated, 154 expanded
[t=0.188573s, 15552 KB] New best heuristic value for ff(): 408
[t=0.190032s, 15552 KB] g=435, 665 evaluated, 155 expanded
[t=0.190063s, 15552 KB] New best heuristic value for ff(): 390
[t=0.190465s, 15552 KB] g=437, 667 evaluated, 155 expanded
[t=0.190924s, 15552 KB] New best heuristic value for ff(): 389
[t=0.192715s, 15552 KB] g=438, 679 evaluated, 156 expanded
[t=0.192745s, 15552 KB] New best heuristic value for ff(): 388
[t=0.193554s, 15552 KB] g=456, 683 evaluated, 156 expanded
[t=0.19487s, 15552 KB] New best heuristic value for ff(): 387
[t=0.195243s, 15552 KB] g=457, 692 evaluated, 157 expanded
[t=0.195274s, 15552 KB] New best heuristic value for ff(): 386
[t=0.196195s, 15552 KB] g=479, 697 evaluated, 158 expanded
[t=0.196224s, 15552 KB] New best heuristic value for ff(): 374
[t=0.196799s, 15552 KB] g=470, 700 evaluated, 158 expanded
[t=0.196826s, 15552 KB] New best heuristic value for ff(): 373
[t=0.19811s, 15552 KB] g=471, 707 evaluated, 159 expanded
[t=0.430524s, 15552 KB] New best heuristic value for ff(): 372
[t=0.431274s, 15552 KB] g=749, 2068 evaluated, 419 expanded
[t=1.42522s, 15844 KB] New best heuristic value for ff(): 363
[t=1.42609s, 15844 KB] g=942, 8425 evaluated, 1854 expanded
[t=1.66884s, 15844 KB] New best heuristic value for ff(): 362
[t=1.67224s, 15844 KB] g=1169, 9978 evaluated, 2143 expanded
[t=6.15055s, 17296 KB] New best heuristic value for ff(): 341
[t=6.15351s, 17296 KB] g=1268, 38616 evaluated, 10593 expanded
[t=6.15355s, 17296 KB] New best heuristic value for ff(): 339
[t=6.15418s, 17296 KB] g=1287, 38620 evaluated, 10594 expanded
[t=6.16233s, 17296 KB] New best heuristic value for ff(): 338
[t=6.16532s, 17296 KB] g=1420, 38703 evaluated, 10611 expanded
[t=6.49284s, 17432 KB] New best heuristic value for ff(): 337
[t=6.4948s, 17432 KB] g=1753, 41102 evaluated, 11107 expanded
[t=11.2132s, 19140 KB] New best heuristic value for ff(): 331
[t=11.2141s, 19140 KB] g=2108, 71426 evaluated, 20620 expanded
[t=11.2171s, 19140 KB] New best heuristic value for ff(): 312
[t=11.2175s, 19140 KB] g=2127, 71446 evaluated, 20623 expanded
[t=11.2175s, 19140 KB] New best heuristic value for ff(): 283
[t=11.2191s, 19140 KB] g=2150, 71456 evaluated, 20625 expanded
[t=11.4248s, 19140 KB] New best heuristic value for ff(): 261
[t=11.4274s, 19140 KB] g=2580, 72912 evaluated, 20961 expanded
[t=11.4275s, 19140 KB] New best heuristic value for ff(): 257
[t=11.4287s, 19140 KB] g=2593, 72922 evaluated, 20962 expanded
[t=11.4288s, 19140 KB] New best heuristic value for ff(): 245
[t=11.4289s, 19140 KB] g=2596, 72923 evaluated, 20962 expanded
[t=11.429s, 19140 KB] New best heuristic value for ff(): 244
[t=11.4306s, 19140 KB] g=2597, 72935 evaluated, 20963 expanded
[t=11.4326s, 19140 KB] New best heuristic value for ff(): 243
[t=11.4333s, 19140 KB] g=2610, 72955 evaluated, 20964 expanded
[t=11.4333s, 19140 KB] New best heuristic value for ff(): 242
[t=11.435s, 19140 KB] g=2611, 72967 evaluated, 20965 expanded
[t=11.4365s, 19140 KB] New best heuristic value for ff(): 227
[t=11.4366s, 19140 KB] g=2634, 72979 evaluated, 20967 expanded
[t=11.4366s, 19140 KB] New best heuristic value for ff(): 219
[t=11.4372s, 19140 KB] g=2634, 72984 evaluated, 20967 expanded
[t=11.4373s, 19140 KB] New best heuristic value for ff(): 195
[t=11.4383s, 19140 KB] g=2658, 72993 evaluated, 20968 expanded
[t=11.4383s, 19140 KB] New best heuristic value for ff(): 171
[t=11.4398s, 19140 KB] g=2682, 73006 evaluated, 20969 expanded
[t=11.4404s, 19140 KB] New best heuristic value for ff(): 63
[t=11.4405s, 19140 KB] g=2790, 73013 evaluated, 20972 expanded
[t=11.4405s, 19140 KB] New best heuristic value for ff(): 50
[t=11.4412s, 19140 KB] g=2810, 73022 evaluated, 20973 expanded
[t=11.4412s, 19140 KB] New best heuristic value for ff(): 44
[t=11.4413s, 19140 KB] g=2809, 73023 evaluated, 20973 expanded
[t=11.4414s, 19140 KB] New best heuristic value for ff(): 23
[t=11.4418s, 19140 KB] g=2832, 73030 evaluated, 20974 expanded
[t=11.4419s, 19140 KB] New best heuristic value for ff(): 1
[t=11.4423s, 19140 KB] g=2854, 73039 evaluated, 20975 expanded
[t=11.4424s, 19140 KB] New best heuristic value for ff(): 0
[t=11.4427s, 19140 KB] g=2855, 73048 evaluated, 20976 expanded
[t=11.4428s, 19140 KB] Solution found!
[t=11.4433s, 19140 KB] Actual search time: 11.4021s
drive truck-1 city-1-loc-28 city-1-loc-8 (25)
drive truck-2 city-2-loc-23 city-2-loc-16 (16)
drive truck-1 city-1-loc-8 city-1-loc-30 (19)
pick-up truck-1 city-1-loc-30 package-2 capacity-3 capacity-4 (1)
drive truck-1 city-1-loc-30 city-1-loc-8 (19)
drive truck-2 city-2-loc-16 city-2-loc-15 (24)
drive truck-1 city-1-loc-8 city-1-loc-6 (18)
drive truck-2 city-2-loc-15 city-2-loc-20 (23)
drive truck-2 city-2-loc-20 city-2-loc-3 (26)
drive truck-2 city-2-loc-3 city-2-loc-19 (22)
drive truck-2 city-2-loc-19 city-2-loc-28 (16)
drive truck-2 city-2-loc-28 city-3-loc-9 (166)
drive truck-2 city-3-loc-9 city-3-loc-2 (14)
drive truck-2 city-3-loc-2 city-3-loc-20 (26)
drive truck-2 city-3-loc-20 city-3-loc-5 (22)
drive truck-1 city-1-loc-6 city-1-loc-3 (19)
pick-up truck-2 city-3-loc-5 package-3 capacity-2 capacity-3 (1)
drive truck-2 city-3-loc-5 city-3-loc-7 (13)
drop truck-2 city-3-loc-7 package-3 capacity-2 capacity-3 (1)
drive truck-2 city-3-loc-7 city-3-loc-20 (12)
drive truck-2 city-3-loc-20 city-3-loc-2 (26)
drive truck-2 city-3-loc-2 city-3-loc-9 (14)
drive truck-2 city-3-loc-9 city-2-loc-28 (166)
drive truck-2 city-2-loc-28 city-2-loc-19 (16)
drive truck-2 city-2-loc-19 city-2-loc-3 (22)
drive truck-2 city-2-loc-3 city-2-loc-5 (19)
drive truck-2 city-2-loc-5 city-2-loc-8 (27)
drive truck-2 city-2-loc-8 city-2-loc-30 (18)
drive truck-1 city-1-loc-3 city-2-loc-7 (108)
drive truck-1 city-2-loc-7 city-2-loc-1 (24)
pick-up truck-2 city-2-loc-30 package-1 capacity-2 capacity-3 (1)
drive truck-2 city-2-loc-30 city-2-loc-17 (17)
drop truck-2 city-2-loc-17 package-1 capacity-2 capacity-3 (1)
drive truck-2 city-2-loc-17 city-2-loc-24 (25)
drive truck-2 city-2-loc-24 city-2-loc-20 (13)
drive truck-2 city-2-loc-20 city-2-loc-18 (26)
drop truck-1 city-2-loc-1 package-2 capacity-3 capacity-4 (1)
drive truck-2 city-2-loc-18 city-2-loc-1 (11)
drive truck-1 city-2-loc-1 city-2-loc-4 (24)
drive truck-1 city-2-loc-4 city-2-loc-24 (23)
drive truck-1 city-2-loc-24 city-2-loc-17 (25)
drive truck-2 city-2-loc-1 city-2-loc-7 (24)
drive truck-2 city-2-loc-7 city-1-loc-3 (108)
drive truck-2 city-1-loc-3 city-1-loc-6 (19)
pick-up truck-1 city-2-loc-17 package-1 capacity-3 capacity-4 (1)
drive truck-1 city-2-loc-17 city-2-loc-24 (25)
drop truck-1 city-2-loc-24 package-1 capacity-3 capacity-4 (1)
drive truck-2 city-1-loc-6 city-1-loc-3 (19)
drive truck-2 city-1-loc-3 city-2-loc-7 (108)
drive truck-2 city-2-loc-7 city-2-loc-1 (24)
pick-up truck-2 city-2-loc-1 package-2 capacity-2 capacity-3 (1)
drive truck-2 city-2-loc-1 city-2-loc-7 (24)
drive truck-2 city-2-loc-7 city-1-loc-3 (108)
drive truck-1 city-2-loc-24 city-2-loc-4 (23)
drive truck-1 city-2-loc-4 city-2-loc-1 (24)
drive truck-1 city-2-loc-1 city-2-loc-7 (24)
drive truck-1 city-2-loc-7 city-1-loc-3 (108)
drop truck-2 city-1-loc-3 package-2 capacity-2 capacity-3 (1)
pick-up truck-1 city-1-loc-3 package-2 capacity-3 capacity-4 (1)
drive truck-1 city-1-loc-3 city-1-loc-6 (19)
drop truck-1 city-1-loc-6 package-2 capacity-3 capacity-4 (1)
drive truck-1 city-1-loc-6 city-1-loc-8 (18)
drive truck-1 city-1-loc-8 city-1-loc-30 (19)
drive truck-1 city-1-loc-30 city-3-loc-31 (135)
drive truck-1 city-3-loc-31 city-3-loc-15 (23)
drive truck-1 city-3-loc-15 city-3-loc-8 (13)
drive truck-1 city-3-loc-8 city-3-loc-26 (27)
drive truck-1 city-3-loc-26 city-3-loc-17 (18)
drive truck-1 city-3-loc-17 city-3-loc-19 (13)
drive truck-1 city-3-loc-19 city-3-loc-23 (24)
drive truck-2 city-1-loc-3 city-1-loc-13 (23)
drive truck-2 city-1-loc-13 city-1-loc-2 (19)
drive truck-2 city-1-loc-2 city-1-loc-1 (11)
pick-up truck-2 city-1-loc-1 package-4 capacity-2 capacity-3 (1)
drive truck-2 city-1-loc-1 city-1-loc-2 (11)
drive truck-2 city-1-loc-2 city-1-loc-13 (19)
drive truck-2 city-1-loc-13 city-1-loc-3 (23)
drive truck-2 city-1-loc-3 city-2-loc-7 (108)
drive truck-2 city-2-loc-7 city-2-loc-1 (24)
drive truck-1 city-3-loc-23 city-3-loc-6 (23)
drive truck-1 city-3-loc-6 city-3-loc-9 (21)
drive truck-1 city-3-loc-9 city-2-loc-28 (166)
drive truck-1 city-2-loc-28 city-2-loc-19 (16)
drive truck-1 city-2-loc-19 city-2-loc-3 (22)
drive truck-1 city-2-loc-3 city-2-loc-20 (26)
drive truck-2 city-2-loc-1 city-2-loc-11 (24)
drive truck-2 city-2-loc-11 city-2-loc-26 (16)
drop truck-2 city-2-loc-26 package-4 capacity-2 capacity-3 (1)
drive truck-1 city-2-loc-20 city-2-loc-24 (13)
pick-up truck-1 city-2-loc-24 package-1 capacity-3 capacity-4 (1)
drive truck-1 city-2-loc-24 city-2-loc-4 (23)
drive truck-1 city-2-loc-4 city-2-loc-1 (24)
drive truck-1 city-2-loc-1 city-2-loc-7 (24)
drive truck-1 city-2-loc-7 city-1-loc-3 (108)
drive truck-1 city-1-loc-3 city-1-loc-6 (19)
drive truck-1 city-1-loc-6 city-1-loc-10 (23)
drive truck-1 city-1-loc-10 city-1-loc-28 (22)
drop truck-1 city-1-loc-28 package-1 capacity-3 capacity-4 (1)
[t=11.4433s, 19140 KB] Plan length: 98 step(s).
[t=11.4433s, 19140 KB] Plan cost: 2855
[t=11.4433s, 19140 KB] Timestamp: 1684379845272 millisecond(s).
[t=11.4433s, 19140 KB] Expanded 20978 state(s).
[t=11.4433s, 19140 KB] Reopened 0 state(s).
[t=11.4433s, 19140 KB] Evaluated 73051 state(s).
[t=11.4433s, 19140 KB] Evaluations: 73051
[t=11.4433s, 19140 KB] Generated 226369 state(s).
[t=11.4433s, 19140 KB] Dead ends: 0 state(s).
[t=11.4433s, 19140 KB] Number of registered states: 73051
[t=11.4433s, 19140 KB] Int hash set load factor: 73051/131072 = 0.557335
[t=11.4433s, 19140 KB] Int hash set resizes: 17
[t=11.4433s, 19140 KB] Search time: 11.4027s
[t=11.4433s, 19140 KB] Total time: 11.4433s
Solution found.
Peak memory: 19140 KB
Remove intermediate file output.sas
search exit code: 0

INFO     Running validate.
INFO     validate stdin: None
INFO     validate time limit: None
INFO     validate memory limit: None
INFO     validate command line string: validate domain.pddl problem.pddl sas_plan
Checking plan: sas_plan
Plan executed successfully - checking goal
Plan valid
Final value: 2855 

Successful plans:
Value: 2855
 sas_plan 2855 

validate exit code: 0

INFO     Planner time: 12.31s
