INFO     planner time limit: 900s
INFO     planner memory limit: 3584 MB

INFO     Running translator.
INFO     translator stdin: None
INFO     translator time limit: 899s
INFO     translator memory limit: 3584 MB
INFO     translator command line string: /usr/local/downward-projects/downward/experiments/.venv/bin/python3 /usr/local/downward-projects/downward/experiments/src/thesis/data/thesis-thesis_exp/code-beb2e19b3d35a0ced2c328754445ca6967892fa8_e5e41175/builds/release/bin/translate/translate.py domain.pddl problem.pddl --sas-file output.sas
Parsing...
Parsing: [0.010s CPU, 0.002s wall-clock]
Normalizing task... [0.000s CPU, 0.000s wall-clock]
Instantiating...
Generating Datalog program... [0.000s CPU, 0.001s wall-clock]
Normalizing Datalog program...
Normalizing Datalog program: [0.000s CPU, 0.001s wall-clock]
Preparing model... [0.000s CPU, 0.002s wall-clock]
Generated 21 rules.
Computing model... [0.450s CPU, 0.447s wall-clock]
48512 relevant atoms
32382 auxiliary atoms
80894 final queue length
144663 total queue pushes
Completing instantiation... [1.350s CPU, 1.350s wall-clock]
Instantiating: [1.810s CPU, 1.821s wall-clock]
Computing fact groups...
Finding invariants...
10 initial candidates
Finding invariants: [0.000s CPU, 0.003s wall-clock]
Checking invariant weight... [0.000s CPU, 0.001s wall-clock]
Instantiating groups... [0.200s CPU, 0.203s wall-clock]
Collecting mutex groups... [0.010s CPU, 0.014s wall-clock]
Choosing groups...
127 uncovered facts
Choosing groups: [0.070s CPU, 0.062s wall-clock]
Building translation key... [0.010s CPU, 0.012s wall-clock]
Computing fact groups: [0.370s CPU, 0.371s wall-clock]
Building STRIPS to SAS dictionary... [0.010s CPU, 0.008s wall-clock]
Building dictionary for full mutex groups... [0.020s CPU, 0.026s wall-clock]
Building mutex information...
Building mutex information: [0.020s CPU, 0.020s wall-clock]
Translating task...
Processing axioms...
Simplifying axioms... [0.000s CPU, 0.000s wall-clock]
Translator axioms removed by simplifying: 0
Computing negative axioms... [0.000s CPU, 0.000s wall-clock]
Processing axioms: [0.040s CPU, 0.042s wall-clock]
Translating task: [1.610s CPU, 1.605s wall-clock]
47502 effect conditions simplified
0 implied preconditions added
Detecting unreachable propositions...
0 operators removed
0 axioms removed
252 propositions removed
Detecting unreachable propositions: [0.980s CPU, 0.983s wall-clock]
Reordering and filtering variables...
253 of 253 variables necessary.
127 of 253 mutex groups necessary.
31752 of 31752 operators necessary.
0 of 0 axiom rules necessary.
Reordering and filtering variables: [0.310s CPU, 0.312s wall-clock]
Translator variables: 253
Translator derived variables: 0
Translator facts: 16256
Translator goal facts: 116
Translator mutex groups: 127
Translator total mutex groups size: 16129
Translator operators: 31752
Translator axioms: 0
Translator task size: 270516
Translator peak memory: 198132 KB
Writing output... [0.210s CPU, 0.206s wall-clock]
Done! [5.420s CPU, 5.426s wall-clock]
translate exit code: 0

INFO     Running search (release).
INFO     search stdin: output.sas
INFO     search time limit: 894s
INFO     search memory limit: 3584 MB
INFO     search command line string: /usr/local/downward-projects/downward/experiments/src/thesis/data/thesis-thesis_exp/code-beb2e19b3d35a0ced2c328754445ca6967892fa8_e5e41175/builds/release/bin/downward --evaluator 'h=ff()' --search 'eager(alt([bts_type(h), single(h)]))' --internal-plan-file sas_plan < output.sas
[t=0.0014836s, 11252 KB] reading input...
[t=0.277265s, 117452 KB] done reading input!
[t=0.293212s, 123876 KB] Simplifying 126756 unary operators... done! [95256 unary operators]
[t=0.44098s, 135788 KB] time to simplify: 0.159703s
[t=0.453221s, 135788 KB] Initializing additive heuristic...
[t=0.456358s, 135788 KB] Initializing FF heuristic...
[t=0.456387s, 135788 KB] Building successor generator...done!
[t=0.466099s, 135788 KB] peak memory difference for successor generator creation: 0 KB
[t=0.466189s, 135788 KB] time for successor generation creation: 0.0082886s
[t=0.466214s, 135788 KB] Variables: 253
[t=0.466879s, 135788 KB] FactPairs: 16256
[t=0.466903s, 135788 KB] Bytes per state: 128
[t=0.466928s, 135788 KB] Conducting best first search without reopening closed nodes, (real) bound = 2147483647
[t=0.468784s, 135788 KB] New best heuristic value for ff(): 241
[t=0.469707s, 135788 KB] g=0, 1 evaluated, 0 expanded
[t=0.469735s, 135788 KB] Initial heuristic value for ff(): 241
[t=0.469764s, 135788 KB] pruning method: none
[t=0.469787s, 135788 KB] Start Timestep: 1685738634487 millisecond(s).
[t=0.504534s, 135788 KB] New best heuristic value for ff(): 240
[t=0.508505s, 135788 KB] g=2, 28 evaluated, 3 expanded
[t=0.580392s, 135788 KB] New best heuristic value for ff(): 239
[t=0.582669s, 135788 KB] g=4, 80 evaluated, 7 expanded
[t=0.696246s, 135788 KB] New best heuristic value for ff(): 238
[t=0.698485s, 135788 KB] g=6, 161 evaluated, 13 expanded
[t=0.81608s, 135788 KB] New best heuristic value for ff(): 237
[t=0.819509s, 135788 KB] g=8, 246 evaluated, 19 expanded
[t=0.951906s, 135788 KB] New best heuristic value for ff(): 236
[t=0.952432s, 135788 KB] g=10, 339 evaluated, 25 expanded
[t=1.07976s, 135788 KB] New best heuristic value for ff(): 235
[t=1.08255s, 135788 KB] g=12, 430 evaluated, 31 expanded
[t=1.23949s, 135788 KB] New best heuristic value for ff(): 234
[t=1.24309s, 135788 KB] g=14, 542 evaluated, 37 expanded
[t=1.34735s, 135788 KB] New best heuristic value for ff(): 232
[t=1.3494s, 135788 KB] g=16, 616 evaluated, 42 expanded
[t=1.81074s, 135788 KB] New best heuristic value for ff(): 230
[t=1.81309s, 135788 KB] g=18, 935 evaluated, 60 expanded
[t=2.27031s, 135788 KB] New best heuristic value for ff(): 228
[t=2.27337s, 135788 KB] g=20, 1262 evaluated, 80 expanded
[t=2.40609s, 135788 KB] New best heuristic value for ff(): 226
[t=2.40879s, 135788 KB] g=22, 1358 evaluated, 86 expanded
[t=11.3891s, 135788 KB] New best heuristic value for ff(): 225
[t=11.3912s, 135788 KB] g=26, 7510 evaluated, 448 expanded
[t=25.8423s, 135788 KB] New best heuristic value for ff(): 224
[t=25.8452s, 135788 KB] g=30, 17195 evaluated, 1014 expanded
[t=35.0184s, 135788 KB] New best heuristic value for ff(): 223
[t=35.0188s, 135788 KB] g=34, 23744 evaluated, 1401 expanded
[t=35.6305s, 135788 KB] New best heuristic value for ff(): 222
[t=35.6315s, 135788 KB] g=36, 24172 evaluated, 1425 expanded
[t=50.3718s, 137740 KB] New best heuristic value for ff(): 221
[t=50.3719s, 137740 KB] g=40, 34530 evaluated, 2027 expanded
[t=103.468s, 148996 KB] New best heuristic value for ff(): 220
[t=103.47s, 148996 KB] g=44, 71933 evaluated, 4424 expanded
[t=103.56s, 148996 KB] New best heuristic value for ff(): 219
[t=103.562s, 148996 KB] g=46, 71999 evaluated, 4428 expanded
[t=584.286s, 242096 KB] New best heuristic value for ff(): 218
[t=584.289s, 242096 KB] g=52, 412185 evaluated, 24879 expanded
Peak memory: 310192 KB
caught signal 24 -- exiting
Time limit has been reached.
Remove intermediate file output.sas
search exit code: 23

Driver aborting after search
INFO     Planner time: 898.49s
