INFO     planner time limit: 600s
INFO     planner memory limit: 3584 MB

INFO     Running translator.
INFO     translator stdin: None
INFO     translator time limit: 599s
INFO     translator memory limit: 3584 MB
INFO     translator command line string: /usr/local/downward-projects/downward/experiments/src/thesis/.venv/bin/python3 /usr/local/downward-projects/downward/experiments/src/thesis/data/thesis-thesis_exp/code-84c08dfff1890fbf6247184940c8166177195ea1_e5e41175/builds/release/bin/translate/translate.py domain.pddl problem.pddl --sas-file output.sas
Parsing...
Parsing: [0.000s CPU, 0.002s wall-clock]
Normalizing task... [0.000s CPU, 0.000s wall-clock]
Instantiating...
Generating Datalog program... [0.000s CPU, 0.000s wall-clock]
Normalizing Datalog program...
Normalizing Datalog program: [0.000s CPU, 0.003s wall-clock]
Preparing model... [0.000s CPU, 0.001s wall-clock]
Generated 74 rules.
Computing model... [0.100s CPU, 0.103s wall-clock]
11835 relevant atoms
2635 auxiliary atoms
14470 final queue length
54539 total queue pushes
Completing instantiation... [0.490s CPU, 0.486s wall-clock]
Instantiating: [0.600s CPU, 0.598s wall-clock]
Computing fact groups...
Finding invariants...
16 initial candidates
Finding invariants: [0.010s CPU, 0.009s wall-clock]
Checking invariant weight... [0.000s CPU, 0.000s wall-clock]
Instantiating groups... [0.000s CPU, 0.000s wall-clock]
Collecting mutex groups... [0.000s CPU, 0.000s wall-clock]
Choosing groups...
0 uncovered facts
Choosing groups: [0.000s CPU, 0.000s wall-clock]
Building translation key... [0.000s CPU, 0.000s wall-clock]
Computing fact groups: [0.010s CPU, 0.010s wall-clock]
Building STRIPS to SAS dictionary... [0.000s CPU, 0.000s wall-clock]
Building dictionary for full mutex groups... [0.000s CPU, 0.000s wall-clock]
Building mutex information...
Building mutex information: [0.000s CPU, 0.000s wall-clock]
Translating task...
Processing axioms...
Simplifying axioms... [0.010s CPU, 0.000s wall-clock]
Translator axioms removed by simplifying: 0
Computing negative axioms... [0.000s CPU, 0.000s wall-clock]
Processing axioms: [0.020s CPU, 0.017s wall-clock]
Translating task: [0.330s CPU, 0.340s wall-clock]
0 effect conditions simplified
0 implied preconditions added
Detecting unreachable propositions...
0 operators removed
0 axioms removed
13 propositions removed
Detecting unreachable propositions: [0.240s CPU, 0.231s wall-clock]
Reordering and filtering variables...
13 of 13 variables necessary.
0 of 13 mutex groups necessary.
8220 of 8220 operators necessary.
0 of 0 axiom rules necessary.
Reordering and filtering variables: [0.050s CPU, 0.049s wall-clock]
Translator variables: 13
Translator derived variables: 0
Translator facts: 92
Translator goal facts: 2
Translator mutex groups: 0
Translator total mutex groups size: 0
Translator operators: 8220
Translator axioms: 0
Translator task size: 69543
Translator peak memory: 79976 KB
Writing output... [0.040s CPU, 0.047s wall-clock]
Done! [1.290s CPU, 1.299s wall-clock]
translate exit code: 0

INFO     Running search (release).
INFO     search stdin: output.sas
INFO     search time limit: 598s
INFO     search memory limit: 3584 MB
INFO     search command line string: /usr/local/downward-projects/downward/experiments/src/thesis/data/thesis-thesis_exp/code-84c08dfff1890fbf6247184940c8166177195ea1_e5e41175/builds/release/bin/downward --evaluator 'h=ff()' --search 'eager(partition(h, hi_partition(), inter_uniform(), intra_uniform() )) ' --internal-plan-file sas_plan < output.sas
[t=0.00204751s, 11732 KB] reading input...
[t=0.0300073s, 14616 KB] done reading input!
[t=0.0339586s, 16524 KB] Simplifying 27764 unary operators... done! [2900 unary operators]
[t=0.0538767s, 17812 KB] time to simplify: 0.0199181s
[t=0.054855s, 17812 KB] Initializing additive heuristic...
[t=0.0549617s, 17812 KB] Initializing FF heuristic...
[t=0.0549877s, 17812 KB] Building successor generator...done!
[t=0.0569209s, 17812 KB] peak memory difference for successor generator creation: 0 KB
[t=0.0570056s, 17812 KB] time for successor generation creation: 0s
[t=0.0570308s, 17812 KB] Variables: 13
[t=0.0571904s, 17812 KB] FactPairs: 92
[t=0.0572144s, 17812 KB] Bytes per state: 8
[t=0.0572374s, 17812 KB] Conducting best first search without reopening closed nodes, (real) bound = 2147483647
[t=0.0572956s, 17812 KB] New best heuristic value for ff(): 46
[t=0.057389s, 17812 KB] g=0, 1 evaluated, 0 expanded
[t=0.0574135s, 17812 KB] Initial heuristic value for ff(): 46
[t=0.057442s, 17812 KB] pruning method: none
[t=0.0574652s, 17812 KB] Start Timestep: 1693587127854 millisecond(s).
[t=0.0575133s, 17812 KB] New best heuristic value for ff(): 45
[t=0.0575926s, 17812 KB] g=1, 2 evaluated, 1 expanded
[t=9.75292s, 19048 KB] New best heuristic value for ff(): 44
[t=9.7554s, 19048 KB] g=5, 12869 evaluated, 241 expanded
Peak memory: 31148 KB
caught signal 24 -- exiting
Time limit has been reached.
Remove intermediate file output.sas
search exit code: 23

Driver aborting after search
INFO     Planner time: 598.60s
