INFO     planner time limit: 900s
INFO     planner memory limit: 3584 MB

INFO     Running translator.
INFO     translator stdin: None
INFO     translator time limit: 899s
INFO     translator memory limit: 3584 MB
INFO     translator command line string: /usr/local/downward-projects/downward/experiments/assign3/.venv/bin/python3 /usr/local/downward-projects/downward/experiments/assign3/data/assign3-anytime_exp/code-fe4f0f1bb525c059c1938ac01bab1b7bae200873_e5e41175/builds/release/bin/translate/translate.py domain.pddl problem.pddl --sas-file output.sas
Parsing...
Parsing: [0.000s CPU, 0.002s wall-clock]
Normalizing task... [0.000s CPU, 0.000s wall-clock]
Instantiating...
Generating Datalog program... [0.000s CPU, 0.001s wall-clock]
Normalizing Datalog program...
Normalizing Datalog program: [0.000s CPU, 0.002s wall-clock]
Preparing model... [0.000s CPU, 0.002s wall-clock]
Generated 50 rules.
Computing model... [0.020s CPU, 0.014s wall-clock]
1175 relevant atoms
1350 auxiliary atoms
2525 final queue length
3415 total queue pushes
Completing instantiation... [0.020s CPU, 0.016s wall-clock]
Instantiating: [0.040s CPU, 0.036s wall-clock]
Computing fact groups...
Finding invariants...
11 initial candidates
Finding invariants: [0.000s CPU, 0.003s wall-clock]
Checking invariant weight... [0.000s CPU, 0.000s wall-clock]
Instantiating groups... [0.000s CPU, 0.003s wall-clock]
Collecting mutex groups... [0.000s CPU, 0.000s wall-clock]
Choosing groups...
0 uncovered facts
Choosing groups: [0.000s CPU, 0.001s wall-clock]
Building translation key... [0.000s CPU, 0.000s wall-clock]
Computing fact groups: [0.000s CPU, 0.009s wall-clock]
Building STRIPS to SAS dictionary... [0.000s CPU, 0.000s wall-clock]
Building dictionary for full mutex groups... [0.010s CPU, 0.000s wall-clock]
Building mutex information...
Building mutex information: [0.000s CPU, 0.000s wall-clock]
Translating task...
Processing axioms...
Simplifying axioms... [0.000s CPU, 0.000s wall-clock]
Translator axioms removed by simplifying: 0
Computing negative axioms... [0.000s CPU, 0.000s wall-clock]
Processing axioms: [0.000s CPU, 0.001s wall-clock]
Translating task: [0.010s CPU, 0.018s wall-clock]
0 effect conditions simplified
0 implied preconditions added
Detecting unreachable propositions...
0 operators removed
0 axioms removed
6 propositions removed
Detecting unreachable propositions: [0.010s CPU, 0.009s wall-clock]
Reordering and filtering variables...
41 of 41 variables necessary.
70 of 76 mutex groups necessary.
714 of 714 operators necessary.
0 of 0 axiom rules necessary.
Reordering and filtering variables: [0.010s CPU, 0.003s wall-clock]
Translator variables: 41
Translator derived variables: 0
Translator facts: 251
Translator goal facts: 30
Translator mutex groups: 70
Translator total mutex groups size: 350
Translator operators: 714
Translator axioms: 0
Translator task size: 4578
Translator peak memory: 34768 KB
Writing output... [0.000s CPU, 0.004s wall-clock]
Done! [0.080s CPU, 0.084s wall-clock]
translate exit code: 0

INFO     Running search (release).
INFO     search stdin: output.sas
INFO     search time limit: 899s
INFO     search memory limit: 3584 MB
INFO     search command line string: /usr/local/downward-projects/downward/experiments/assign3/data/assign3-anytime_exp/code-fe4f0f1bb525c059c1938ac01bab1b7bae200873_e5e41175/builds/release/bin/downward --evaluator 'h=lmcut()' --search 'eager_anytime(alt(
        [single(weight(h, 2, verbosity=normal)), type_based([h, g()], random_seed=1234)]), 
        reopen_closed=true, f_eval=sum([h, g()]))' --internal-plan-file sas_plan < output.sas
[t=0.0021027s, 10884 KB] reading input...
[t=0.00417442s, 11160 KB] done reading input!
[t=0.00625433s, 11616 KB] Initializing landmark cut heuristic...
[t=0.00705961s, 11616 KB] Building successor generator...done!
[t=0.00740883s, 11616 KB] peak memory difference for successor generator creation: 0 KB
[t=0.00746281s, 11616 KB] time for successor generation creation: 0.000112722s
[t=0.00748715s, 11616 KB] Variables: 41
[t=0.00751332s, 11616 KB] FactPairs: 251
[t=0.00753679s, 11616 KB] Bytes per state: 12
[t=0.00756102s, 11616 KB] Conducting best first anytime search with reopening closed nodes, (real) bound = 2147483647
[t=0.00761605s, 11616 KB] New best heuristic value for lmcut(): 81
[t=0.00817564s, 11616 KB] g=0, 1 evaluated, 0 expanded
[t=0.0082017s, 11616 KB] Initial heuristic value for lmcut(): 81
[t=0.00823785s, 11616 KB] Start Timestep: 1682474730659 millisecond(s).
[t=0.00866139s, 11616 KB] New best heuristic value for lmcut(): 79
[t=0.00882497s, 11616 KB] g=5, 2 evaluated, 1 expanded
[t=0.0155316s, 11616 KB] New best heuristic value for lmcut(): 77
[t=0.0163869s, 11616 KB] g=3, 17 evaluated, 1 expanded
[t=0.0260182s, 11616 KB] New best heuristic value for lmcut(): 75
[t=0.0265254s, 11616 KB] g=5, 38 evaluated, 3 expanded
[t=0.0407085s, 11616 KB] New best heuristic value for lmcut(): 74
[t=0.0417543s, 11616 KB] g=7, 70 evaluated, 5 expanded
[t=0.0585382s, 11616 KB] New best heuristic value for lmcut(): 73
[t=0.0590263s, 11616 KB] g=13, 108 evaluated, 8 expanded
[t=0.0953008s, 11616 KB] New best heuristic value for lmcut(): 72
[t=0.0957659s, 11616 KB] g=17, 188 evaluated, 14 expanded
[t=0.108931s, 11616 KB] New best heuristic value for lmcut(): 71
[t=0.109521s, 11616 KB] g=18, 219 evaluated, 16 expanded
[t=0.162479s, 11616 KB] New best heuristic value for lmcut(): 70
[t=0.163306s, 11616 KB] g=25, 344 evaluated, 27 expanded
[t=0.197118s, 11616 KB] New best heuristic value for lmcut(): 68
[t=0.197733s, 11616 KB] g=37, 422 evaluated, 34 expanded
[t=0.211784s, 11616 KB] New best heuristic value for lmcut(): 67
[t=0.212039s, 11616 KB] g=40, 455 evaluated, 36 expanded
[t=0.220148s, 11616 KB] New best heuristic value for lmcut(): 66
[t=0.220986s, 11616 KB] g=42, 476 evaluated, 38 expanded
[t=0.234837s, 11616 KB] New best heuristic value for lmcut(): 65
[t=0.235693s, 11616 KB] g=45, 510 evaluated, 40 expanded
[t=0.271569s, 11616 KB] New best heuristic value for lmcut(): 64
[t=0.271644s, 11616 KB] g=49, 595 evaluated, 48 expanded
[t=0.287276s, 11616 KB] New best heuristic value for lmcut(): 63
[t=0.287899s, 11616 KB] g=53, 639 evaluated, 52 expanded
[t=0.310209s, 11616 KB] New best heuristic value for lmcut(): 61
[t=0.310945s, 11616 KB] g=57, 697 evaluated, 58 expanded
[t=0.318574s, 11616 KB] New best heuristic value for lmcut(): 60
[t=0.318869s, 11616 KB] g=62, 718 evaluated, 60 expanded
[t=0.334306s, 11616 KB] New best heuristic value for lmcut(): 59
[t=0.33441s, 11616 KB] g=65, 762 evaluated, 64 expanded
[t=0.341601s, 11616 KB] New best heuristic value for lmcut(): 58
[t=0.34191s, 11616 KB] g=70, 782 evaluated, 66 expanded
[t=0.352081s, 11616 KB] New best heuristic value for lmcut(): 56
[t=0.352836s, 11616 KB] g=71, 810 evaluated, 68 expanded
[t=0.357422s, 11616 KB] New best heuristic value for lmcut(): 54
[t=0.357939s, 11616 KB] g=73, 824 evaluated, 70 expanded
[t=0.591794s, 11616 KB] New best heuristic value for lmcut(): 51
[t=0.592243s, 11616 KB] g=85, 1460 evaluated, 152 expanded
[t=1.04185s, 11896 KB] New best heuristic value for lmcut(): 49
[t=1.0425s, 11896 KB] g=107, 2726 evaluated, 344 expanded, 5 reopened
[t=3.35736s, 12552 KB] New best heuristic value for lmcut(): 48
[t=3.35784s, 12552 KB] g=144, 10006 evaluated, 1636 expanded, 74 reopened
[t=7.12352s, 13920 KB] New best heuristic value for lmcut(): 47
[t=7.12392s, 13920 KB] g=149, 21856 evaluated, 3878 expanded, 264 reopened
[t=7.13047s, 13920 KB] New best heuristic value for lmcut(): 46
[t=7.13079s, 13920 KB] g=159, 21882 evaluated, 3882 expanded, 264 reopened
[t=58.3791s, 27564 KB] New best heuristic value for lmcut(): 45
[t=58.3792s, 27564 KB] g=100, 177484 evaluated, 42778 expanded, 13186 reopened
[t=58.8648s, 27564 KB] New best heuristic value for lmcut(): 42
[t=58.8657s, 27564 KB] g=162, 179230 evaluated, 43112 expanded, 13227 reopened
[t=173.384s, 53732 KB] New best heuristic value for lmcut(): 40
[t=173.384s, 53732 KB] g=116, 523517 evaluated, 146996 expanded, 60333 reopened
[t=173.512s, 53864 KB] New best heuristic value for lmcut(): 39
[t=173.512s, 53864 KB] g=152, 524024 evaluated, 147083 expanded, 60341 reopened
[t=173.514s, 53864 KB] New best heuristic value for lmcut(): 38
[t=173.514s, 53864 KB] g=154, 524043 evaluated, 147088 expanded, 60341 reopened
[t=180.734s, 55340 KB] New best heuristic value for lmcut(): 37
[t=180.734s, 55340 KB] g=148, 548302 evaluated, 153875 expanded, 62735 reopened
[t=293.733s, 86092 KB] New best heuristic value for lmcut(): 36
[t=293.733s, 86092 KB] g=116, 905701 evaluated, 267418 expanded, 118210 reopened
[t=293.973s, 86224 KB] New best heuristic value for lmcut(): 34
[t=293.973s, 86224 KB] g=123, 906824 evaluated, 267704 expanded, 118245 reopened
[t=294.31s, 86224 KB] New best heuristic value for lmcut(): 32
[t=294.31s, 86224 KB] g=137, 908201 evaluated, 268085 expanded, 118294 reopened
[t=294.733s, 86356 KB] New best heuristic value for lmcut(): 31
[t=294.733s, 86356 KB] g=145, 909897 evaluated, 268570 expanded, 118358 reopened
[t=294.735s, 86356 KB] New best heuristic value for lmcut(): 30
[t=294.735s, 86356 KB] g=150, 909910 evaluated, 268572 expanded, 118358 reopened
[t=468.083s, 141204 KB] New best heuristic value for lmcut(): 29
[t=468.083s, 141204 KB] g=132, 1501912 evaluated, 487972 expanded, 222859 reopened
[t=478.175s, 143604 KB] New best heuristic value for lmcut(): 28
[t=478.175s, 143604 KB] g=162, 1538435 evaluated, 502193 expanded, 229243 reopened
[t=481.77s, 144672 KB] New best heuristic value for lmcut(): 27
[t=481.77s, 144672 KB] g=181, 1554184 evaluated, 507368 expanded, 231205 reopened
[t=481.77s, 144672 KB] New best heuristic value for lmcut(): 25
[t=481.77s, 144672 KB] g=183, 1554191 evaluated, 507370 expanded, 231205 reopened
[t=481.77s, 144672 KB] New best heuristic value for lmcut(): 24
[t=481.77s, 144672 KB] g=186, 1554203 evaluated, 507372 expanded, 231206 reopened
[t=481.834s, 144672 KB] New best heuristic value for lmcut(): 23
[t=481.834s, 144672 KB] g=193, 1554607 evaluated, 507457 expanded, 231216 reopened
[t=679.885s, 251600 KB] New best heuristic value for lmcut(): 22
[t=679.885s, 251600 KB] g=152, 2244169 evaluated, 805768 expanded, 404544 reopened
[t=681.51s, 251600 KB] New best heuristic value for lmcut(): 20
[t=681.51s, 251600 KB] g=146, 2251921 evaluated, 808446 expanded, 405863 reopened
[t=681.511s, 251600 KB] New best heuristic value for lmcut(): 19
[t=681.511s, 251600 KB] g=147, 2251931 evaluated, 808448 expanded, 405864 reopened
[t=681.511s, 251600 KB] New best heuristic value for lmcut(): 17
[t=681.511s, 251600 KB] g=149, 2251935 evaluated, 808449 expanded, 405864 reopened
Peak memory: 275444 KB
caught signal 24 -- exiting
Time limit has been reached.
Remove intermediate file output.sas
search exit code: 23

Driver aborting after search
INFO     Planner time: 896.82s
