INFO     planner time limit: 900s
INFO     planner memory limit: 3584 MB

INFO     Running translator.
INFO     translator stdin: None
INFO     translator time limit: 899s
INFO     translator memory limit: 3584 MB
INFO     translator command line string: /usr/local/downward-projects/downward/experiments/.venv/bin/python3 /usr/local/downward-projects/downward/experiments/src/thesis/data/thesis-thesis_exp/code-beb2e19b3d35a0ced2c328754445ca6967892fa8_e5e41175/builds/release/bin/translate/translate.py domain.pddl problem.pddl --sas-file output.sas
Parsing...
Parsing: [0.030s CPU, 0.046s wall-clock]
Normalizing task... [0.010s CPU, 0.004s wall-clock]
Instantiating...
Generating Datalog program... [0.010s CPU, 0.010s wall-clock]
Normalizing Datalog program...
Normalizing Datalog program: [0.030s CPU, 0.029s wall-clock]
Preparing model... [0.040s CPU, 0.037s wall-clock]
Generated 1864 rules.
Computing model... [3.120s CPU, 3.126s wall-clock]
116932 relevant atoms
170168 auxiliary atoms
287100 final queue length
511302 total queue pushes
Completing instantiation... [5.630s CPU, 5.637s wall-clock]
Instantiating: [9.120s CPU, 9.122s wall-clock]
Computing fact groups...
Finding invariants...
10 initial candidates
Finding invariants: [0.080s CPU, 0.084s wall-clock]
Checking invariant weight... [0.000s CPU, 0.004s wall-clock]
Instantiating groups... [0.010s CPU, 0.003s wall-clock]
Collecting mutex groups... [0.000s CPU, 0.001s wall-clock]
Choosing groups...
215 uncovered facts
Choosing groups: [0.010s CPU, 0.003s wall-clock]
Building translation key... [0.000s CPU, 0.001s wall-clock]
Computing fact groups: [0.100s CPU, 0.102s wall-clock]
Building STRIPS to SAS dictionary... [0.000s CPU, 0.001s wall-clock]
Building dictionary for full mutex groups... [0.000s CPU, 0.001s wall-clock]
Building mutex information...
Building mutex information: [0.000s CPU, 0.001s wall-clock]
Translating task...
Processing axioms...
Simplifying axioms... [0.000s CPU, 0.000s wall-clock]
Translator axioms removed by simplifying: 0
Computing negative axioms... [0.000s CPU, 0.000s wall-clock]
Processing axioms: [0.160s CPU, 0.161s wall-clock]
Translating task: [3.570s CPU, 3.566s wall-clock]
0 effect conditions simplified
0 implied preconditions added
Detecting unreachable propositions...
0 operators removed
0 axioms removed
238 propositions removed
Detecting unreachable propositions: [2.670s CPU, 2.669s wall-clock]
Reordering and filtering variables...
453 of 453 variables necessary.
0 of 475 mutex groups necessary.
112790 of 112790 operators necessary.
0 of 0 axiom rules necessary.
Reordering and filtering variables: [0.420s CPU, 0.422s wall-clock]
Translator variables: 453
Translator derived variables: 0
Translator facts: 1379
Translator goal facts: 237
Translator mutex groups: 0
Translator total mutex groups size: 0
Translator operators: 112790
Translator axioms: 0
Translator task size: 724575
Translator peak memory: 484848 KB
Writing output... [0.550s CPU, 0.554s wall-clock]
Done! [16.680s CPU, 16.695s wall-clock]
translate exit code: 0

INFO     Running search (release).
INFO     search stdin: output.sas
INFO     search time limit: 883s
INFO     search memory limit: 3584 MB
INFO     search command line string: /usr/local/downward-projects/downward/experiments/src/thesis/data/thesis-thesis_exp/code-beb2e19b3d35a0ced2c328754445ca6967892fa8_e5e41175/builds/release/bin/downward --evaluator 'h=ff()' --search 'eager(alt([bts_type(h), single(h)]))' --internal-plan-file sas_plan < output.sas
[t=0s, 11252 KB] reading input...
[t=0.351864s, 41492 KB] done reading input!
[t=0.384823s, 54704 KB] Simplifying 225128 unary operators... done! [225128 unary operators]
[t=0.767641s, 75436 KB] time to simplify: 0.382818s
[t=0.771594s, 75436 KB] Initializing additive heuristic...
[t=0.774015s, 75436 KB] Initializing FF heuristic...
[t=0.774045s, 75436 KB] Building successor generator...done!
[t=0.815588s, 75436 KB] peak memory difference for successor generator creation: 0 KB
[t=0.815705s, 75436 KB] time for successor generation creation: 0.0413181s
[t=0.81573s, 75436 KB] Variables: 453
[t=0.815763s, 75436 KB] FactPairs: 1379
[t=0.815786s, 75436 KB] Bytes per state: 88
[t=0.815809s, 75436 KB] Conducting best first search without reopening closed nodes, (real) bound = 2147483647
[t=0.819363s, 75436 KB] New best heuristic value for ff(): 1
[t=0.820549s, 75436 KB] g=0, 1 evaluated, 0 expanded
[t=0.820575s, 75436 KB] Initial heuristic value for ff(): 1
[t=0.820607s, 75436 KB] pruning method: none
[t=0.820631s, 75436 KB] Start Timestep: 1685733884227 millisecond(s).
[t=0.823262s, 75436 KB] New best heuristic value for ff(): 0
[t=0.824127s, 75436 KB] g=1, 2 evaluated, 1 expanded
Peak memory: 173636 KB
caught signal 24 -- exiting
Time limit has been reached.
Remove intermediate file output.sas
search exit code: 23

Driver aborting after search
INFO     Planner time: 899.49s
