INFO     planner time limit: 300s
INFO     planner memory limit: 3584 MB

INFO     Running translator.
INFO     translator stdin: None
INFO     translator time limit: 299s
INFO     translator memory limit: 3584 MB
INFO     translator command line string: /usr/local/downward-projects/downward/experiments/.venv/bin/python3 /usr/local/downward-projects/downward/experiments/src/thesis/data/thesis-thesis_exp/code-d93485cdd92f65ede2ae3573b3f4adda0b49e4fd_e5e41175/builds/release/bin/translate/translate.py domain.pddl problem.pddl --sas-file output.sas
Parsing...
Parsing: [0.000s CPU, 0.001s wall-clock]
Normalizing task... [0.000s CPU, 0.000s wall-clock]
Instantiating...
Generating Datalog program... [0.000s CPU, 0.000s wall-clock]
Normalizing Datalog program...
Normalizing Datalog program: [0.010s CPU, 0.002s wall-clock]
Preparing model... [0.000s CPU, 0.001s wall-clock]
Generated 51 rules.
Computing model... [0.260s CPU, 0.268s wall-clock]
24703 relevant atoms
4912 auxiliary atoms
29615 final queue length
136047 total queue pushes
Completing instantiation... [1.640s CPU, 1.648s wall-clock]
Instantiating: [1.920s CPU, 1.927s wall-clock]
Computing fact groups...
Finding invariants...
5 initial candidates
Finding invariants: [0.030s CPU, 0.030s wall-clock]
Checking invariant weight... [0.000s CPU, 0.000s wall-clock]
Instantiating groups... [0.000s CPU, 0.000s wall-clock]
Collecting mutex groups... [0.000s CPU, 0.000s wall-clock]
Choosing groups...
8 uncovered facts
Choosing groups: [0.000s CPU, 0.000s wall-clock]
Building translation key... [0.000s CPU, 0.000s wall-clock]
Computing fact groups: [0.030s CPU, 0.031s wall-clock]
Building STRIPS to SAS dictionary... [0.000s CPU, 0.000s wall-clock]
Building dictionary for full mutex groups... [0.000s CPU, 0.000s wall-clock]
Building mutex information...
Building mutex information: [0.000s CPU, 0.000s wall-clock]
Translating task...
Processing axioms...
Simplifying axioms... [0.000s CPU, 0.000s wall-clock]
Translator axioms removed by simplifying: 0
Computing negative axioms... [0.000s CPU, 0.000s wall-clock]
Processing axioms: [0.050s CPU, 0.046s wall-clock]
Translating task: [1.000s CPU, 0.998s wall-clock]
0 effect conditions simplified
0 implied preconditions added
Detecting unreachable propositions...
0 operators removed
0 axioms removed
8 propositions removed
Detecting unreachable propositions: [0.660s CPU, 0.662s wall-clock]
Reordering and filtering variables...
16 of 16 variables necessary.
0 of 8 mutex groups necessary.
24544 of 24544 operators necessary.
0 of 0 axiom rules necessary.
Reordering and filtering variables: [0.160s CPU, 0.157s wall-clock]
Translator variables: 16
Translator derived variables: 0
Translator facts: 80
Translator goal facts: 16
Translator mutex groups: 0
Translator total mutex groups size: 0
Translator operators: 24544
Translator axioms: 0
Translator task size: 217040
Translator peak memory: 179760 KB
Writing output... [0.150s CPU, 0.149s wall-clock]
Done! [3.980s CPU, 3.987s wall-clock]
translate exit code: 0

INFO     Running search (release).
INFO     search stdin: output.sas
INFO     search time limit: 295s
INFO     search memory limit: 3584 MB
INFO     search command line string: /usr/local/downward-projects/downward/experiments/src/thesis/data/thesis-thesis_exp/code-d93485cdd92f65ede2ae3573b3f4adda0b49e4fd_e5e41175/builds/release/bin/downward --evaluator 'h=ff()' --search 'eager(alt([type_based([h, g()], random_seed=-1), single(h)]))' --internal-plan-file sas_plan < output.sas
[t=0s, 11364 KB] reading input...
[t=0.107323s, 21580 KB] done reading input!
[t=0.123255s, 27608 KB] Simplifying 94208 unary operators... done! [65536 unary operators]
[t=0.203131s, 33168 KB] time to simplify: 0.0798766s
[t=0.204215s, 33168 KB] Initializing additive heuristic...
[t=0.205183s, 33168 KB] Initializing FF heuristic...
[t=0.205209s, 33168 KB] Building successor generator...done!
[t=0.211985s, 33168 KB] peak memory difference for successor generator creation: 0 KB
[t=0.212059s, 33168 KB] time for successor generation creation: 0.00575227s
[t=0.212085s, 33168 KB] Variables: 16
[t=0.212114s, 33168 KB] FactPairs: 80
[t=0.212137s, 33168 KB] Bytes per state: 4
[t=0.212161s, 33168 KB] Conducting best first search without reopening closed nodes, (real) bound = 2147483647
[t=0.212231s, 33168 KB] New best heuristic value for ff(): 34
[t=0.213297s, 33168 KB] g=0, 1 evaluated, 0 expanded
[t=0.213323s, 33168 KB] Initial heuristic value for ff(): 34
[t=0.213351s, 33168 KB] pruning method: none
[t=0.213375s, 33168 KB] Start Timestep: 1687900301458 millisecond(s).
[t=0.214913s, 33168 KB] New best heuristic value for ff(): 33
[t=0.215032s, 33168 KB] g=1, 3 evaluated, 1 expanded
[t=0.215058s, 33168 KB] New best heuristic value for ff(): 29
[t=0.215862s, 33168 KB] g=3, 4 evaluated, 1 expanded
[t=0.218828s, 33168 KB] New best heuristic value for ff(): 28
[t=0.219792s, 33168 KB] g=4, 9 evaluated, 2 expanded
[t=0.234796s, 33168 KB] New best heuristic value for ff(): 24
[t=0.238397s, 33168 KB] g=12, 33 evaluated, 6 expanded
[t=0.242766s, 33168 KB] New best heuristic value for ff(): 21
[t=0.243154s, 33168 KB] g=15, 39 evaluated, 7 expanded
[t=0.25473s, 33168 KB] New best heuristic value for ff(): 19
[t=0.257115s, 33168 KB] g=15, 57 evaluated, 10 expanded
[t=0.258699s, 33168 KB] New best heuristic value for ff(): 16
[t=0.262625s, 33168 KB] g=14, 64 evaluated, 12 expanded
[t=0.302642s, 33168 KB] New best heuristic value for ff(): 14
[t=0.30519s, 33168 KB] g=20, 119 evaluated, 22 expanded
[t=0.310606s, 33168 KB] New best heuristic value for ff(): 10
[t=0.313786s, 33168 KB] g=23, 130 evaluated, 24 expanded
[t=0.318552s, 33168 KB] New best heuristic value for ff(): 9
[t=0.320793s, 33168 KB] g=24, 139 evaluated, 26 expanded
[t=0.44239s, 33168 KB] New best heuristic value for ff(): 8
[t=0.445766s, 33168 KB] g=34, 307 evaluated, 65 expanded
[t=0.450339s, 33168 KB] New best heuristic value for ff(): 5
[t=0.452338s, 33168 KB] g=37, 316 evaluated, 67 expanded
[t=0.909736s, 33168 KB] New best heuristic value for ff(): 4
[t=0.911631s, 33168 KB] g=54, 967 evaluated, 230 expanded
[t=0.981616s, 33168 KB] New best heuristic value for ff(): 3
[t=0.984203s, 33168 KB] g=39, 1076 evaluated, 259 expanded
[t=0.985568s, 33168 KB] New best heuristic value for ff(): 2
[t=0.988569s, 33168 KB] g=42, 1083 evaluated, 260 expanded
[t=2.28042s, 33168 KB] New best heuristic value for ff(): 0
[t=2.28318s, 33168 KB] g=60, 2982 evaluated, 762 expanded
[t=2.28321s, 33168 KB] Solution found!
[t=2.28324s, 33168 KB] Actual search time: 2.06982s
analyze-4 seg-in-1a seg-in-1b seg-out-1a seg-out-1b car-in-1a car-in-1b car-out-1a car-out-1b (3)
analyze-4 seg-in-2a seg-in-2b seg-out-1a seg-out-1b car-in-2a car-in-2b car-out-1b car-in-1a (3)
analyze-4 seg-in-2a seg-in-2b seg-out-1a seg-out-1b car-in-2b car-out-1b car-in-1a car-in-2a (3)
analyze-4 seg-in-2a seg-in-2b seg-out-1a seg-out-1b car-out-1b car-in-1a car-in-2a car-in-2b (3)
rotate-4 seg-in-2a seg-in-2b seg-out-1a seg-out-1b car-in-1a car-in-2a car-in-2b car-out-1b (1)
rotate-4 seg-in-2a seg-in-2b seg-out-2a seg-out-2b car-in-2a car-in-2b car-out-2a car-out-2b (1)
analyze-4 seg-in-1a seg-in-1b seg-out-1a seg-out-1b car-in-1b car-out-1a car-out-1b car-in-1a (3)
analyze-4 seg-in-1a seg-in-1b seg-out-1a seg-out-1b car-out-1a car-out-1b car-in-1a car-in-1b (3)
rotate-4 seg-in-1a seg-in-1b seg-out-1a seg-out-1b car-out-1b car-in-1a car-in-1b car-out-1a (1)
rotate-4 seg-in-1a seg-in-1b seg-out-2a seg-out-2b car-in-1a car-in-1b car-out-2b car-in-2a (1)
rotate-4 seg-in-1a seg-in-1b seg-out-2a seg-out-2b car-in-1b car-out-2b car-in-2a car-in-1a (1)
analyze-4 seg-in-1a seg-in-1b seg-out-1a seg-out-1b car-out-2b car-in-2a car-out-1a car-out-1b (3)
rotate-4 seg-in-1a seg-in-1b seg-out-2a seg-out-2b car-in-2a car-out-1a car-in-1a car-in-1b (1)
rotate-4 seg-in-1a seg-in-1b seg-out-1a seg-out-1b car-out-1a car-in-1a car-out-1b car-out-2b (1)
rotate-4 seg-in-1a seg-in-1b seg-out-1a seg-out-1b car-in-1a car-out-1b car-out-2b car-out-1a (1)
rotate-4 seg-in-1a seg-in-1b seg-out-1a seg-out-1b car-out-1b car-out-2b car-out-1a car-in-1a (1)
rotate-4 seg-in-1a seg-in-1b seg-out-2a seg-out-2b car-out-2b car-out-1a car-in-1b car-in-2a (1)
rotate-4 seg-in-1a seg-in-1b seg-out-1a seg-out-1b car-out-1a car-in-1b car-in-1a car-out-1b (1)
rotate-4 seg-in-1a seg-in-1b seg-out-2a seg-out-2b car-in-1b car-in-1a car-in-2a car-out-2b (1)
rotate-4 seg-in-2a seg-in-2b seg-out-2a seg-out-2b car-in-2b car-out-2a car-out-2b car-in-1b (1)
analyze-4 seg-in-2a seg-in-2b seg-out-1a seg-out-1b car-out-2a car-out-2b car-out-1b car-out-1a (3)
rotate-4 seg-in-1a seg-in-1b seg-out-1a seg-out-1b car-in-1a car-in-2a car-out-1a car-out-2a (1)
rotate-4 seg-in-2a seg-in-2b seg-out-2a seg-out-2b car-out-2b car-out-1b car-in-1b car-in-2b (1)
rotate-4 seg-in-2a seg-in-2b seg-out-1a seg-out-1b car-out-1b car-in-1b car-out-2a car-in-1a (1)
rotate-4 seg-in-2a seg-in-2b seg-out-2a seg-out-2b car-in-1b car-out-2a car-in-2b car-out-2b (1)
rotate-4 seg-in-1a seg-in-1b seg-out-2a seg-out-2b car-in-2a car-out-1a car-out-2b car-in-1b (1)
rotate-4 seg-in-1a seg-in-1b seg-out-1a seg-out-1b car-out-1a car-out-2b car-in-1a car-out-1b (1)
rotate-4 seg-in-1a seg-in-1b seg-out-2a seg-out-2b car-out-2b car-in-1a car-in-1b car-in-2a (1)
rotate-4 seg-in-2a seg-in-2b seg-out-1a seg-out-1b car-out-2a car-in-2b car-out-1b car-out-1a (1)
rotate-4 seg-in-2a seg-in-2b seg-out-2a seg-out-2b car-in-2b car-out-1b car-in-2a car-out-2b (1)
rotate-4 seg-in-2a seg-in-2b seg-out-1a seg-out-1b car-out-1b car-in-2a car-out-1a car-out-2a (1)
rotate-4 seg-in-2a seg-in-2b seg-out-2a seg-out-2b car-in-2a car-out-1a car-out-2b car-in-2b (1)
rotate-4 seg-in-2a seg-in-2b seg-out-2a seg-out-2b car-out-1a car-out-2b car-in-2b car-in-2a (1)
rotate-4 seg-in-2a seg-in-2b seg-out-2a seg-out-2b car-out-2b car-in-2b car-in-2a car-out-1a (1)
rotate-4 seg-in-2a seg-in-2b seg-out-1a seg-out-1b car-in-2b car-in-2a car-out-2a car-out-1b (1)
rotate-4 seg-in-2a seg-in-2b seg-out-2a seg-out-2b car-in-2a car-out-2a car-out-1a car-out-2b (1)
rotate-4 seg-in-2a seg-in-2b seg-out-1a seg-out-1b car-out-2a car-out-1a car-out-1b car-in-2b (1)
rotate-4 seg-in-2a seg-in-2b seg-out-1a seg-out-1b car-out-1a car-out-1b car-in-2b car-out-2a (1)
rotate-4 seg-in-2a seg-in-2b seg-out-1a seg-out-1b car-out-1b car-in-2b car-out-2a car-out-1a (1)
rotate-4 seg-in-1a seg-in-1b seg-out-1a seg-out-1b car-in-1a car-in-1b car-out-1a car-out-1b (1)
[t=2.28328s, 33168 KB] Plan length: 40 step(s).
[t=2.28328s, 33168 KB] Plan cost: 56
[t=2.28328s, 33168 KB] Timestamp: 1687900303532 millisecond(s).
[t=2.28328s, 33168 KB] Expanded 763 state(s).
[t=2.28328s, 33168 KB] Reopened 0 state(s).
[t=2.28328s, 33168 KB] Evaluated 2982 state(s).
[t=2.28328s, 33168 KB] Evaluations: 2982
[t=2.28328s, 33168 KB] Generated 4572 state(s).
[t=2.28328s, 33168 KB] Dead ends: 0 state(s).
[t=2.28328s, 33168 KB] Number of registered states: 2982
[t=2.28328s, 33168 KB] Int hash set load factor: 2982/4096 = 0.728027
[t=2.28328s, 33168 KB] Int hash set resizes: 12
[t=2.28328s, 33168 KB] Search time: 2.07112s
[t=2.28328s, 33168 KB] Total time: 2.28328s
Solution found.
Peak memory: 33168 KB
Remove intermediate file output.sas
search exit code: 0

INFO     Running validate.
INFO     validate stdin: None
INFO     validate time limit: None
INFO     validate memory limit: None
INFO     validate command line string: validate domain.pddl problem.pddl sas_plan
Checking plan: sas_plan
Plan executed successfully - checking goal
Plan valid
Final value: 56 

Successful plans:
Value: 56
 sas_plan 56 

validate exit code: 0

INFO     Planner time: 6.39s
