INFO     planner time limit: 300s
INFO     planner memory limit: 3584 MB

INFO     Running translator.
INFO     translator stdin: None
INFO     translator time limit: 299s
INFO     translator memory limit: 3584 MB
INFO     translator command line string: /usr/local/downward-projects/downward/experiments/.venv/bin/python3 /usr/local/downward-projects/downward/experiments/src/thesis/data/thesis-thesis_exp/code-d93485cdd92f65ede2ae3573b3f4adda0b49e4fd_e5e41175/builds/release/bin/translate/translate.py domain.pddl problem.pddl --sas-file output.sas
Parsing...
Parsing: [0.010s CPU, 0.004s wall-clock]
Normalizing task... [0.000s CPU, 0.000s wall-clock]
Instantiating...
Generating Datalog program... [0.000s CPU, 0.001s wall-clock]
Normalizing Datalog program...
Duplicate arguments: Adding equality conditions.
Normalizing Datalog program: [0.000s CPU, 0.003s wall-clock]
Preparing model... [0.000s CPU, 0.002s wall-clock]
Generated 129 rules.
Computing model... [0.080s CPU, 0.080s wall-clock]
7210 relevant atoms
7163 auxiliary atoms
14373 final queue length
31257 total queue pushes
Completing instantiation... [0.200s CPU, 0.199s wall-clock]
Instantiating: [0.280s CPU, 0.286s wall-clock]
Computing fact groups...
Finding invariants...
36 initial candidates
Finding invariants: [0.120s CPU, 0.119s wall-clock]
Checking invariant weight... [0.000s CPU, 0.001s wall-clock]
Instantiating groups... [0.000s CPU, 0.002s wall-clock]
Collecting mutex groups... [0.000s CPU, 0.001s wall-clock]
Choosing groups...
0 uncovered facts
Choosing groups: [0.010s CPU, 0.002s wall-clock]
Building translation key... [0.000s CPU, 0.001s wall-clock]
Computing fact groups: [0.130s CPU, 0.131s wall-clock]
Building STRIPS to SAS dictionary... [0.000s CPU, 0.000s wall-clock]
Building dictionary for full mutex groups... [0.000s CPU, 0.001s wall-clock]
Building mutex information...
Building mutex information: [0.000s CPU, 0.001s wall-clock]
Translating task...
Processing axioms...
Simplifying axioms... [0.000s CPU, 0.000s wall-clock]
Translator axioms removed by simplifying: 0
Computing negative axioms... [0.000s CPU, 0.000s wall-clock]
Processing axioms: [0.010s CPU, 0.009s wall-clock]
Translating task: [0.220s CPU, 0.217s wall-clock]
0 effect conditions simplified
0 implied preconditions added
Detecting unreachable propositions...
0 operators removed
0 axioms removed
39 propositions removed
Detecting unreachable propositions: [0.150s CPU, 0.149s wall-clock]
Reordering and filtering variables...
42 of 42 variables necessary.
46 of 66 mutex groups necessary.
6042 of 6042 operators necessary.
0 of 0 axiom rules necessary.
Reordering and filtering variables: [0.030s CPU, 0.032s wall-clock]
Translator variables: 42
Translator derived variables: 0
Translator facts: 942
Translator goal facts: 38
Translator mutex groups: 46
Translator total mutex groups size: 1836
Translator operators: 6042
Translator axioms: 0
Translator task size: 47793
Translator peak memory: 62416 KB
Writing output... [0.040s CPU, 0.033s wall-clock]
Done! [0.870s CPU, 0.869s wall-clock]
translate exit code: 0

INFO     Running search (release).
INFO     search stdin: output.sas
INFO     search time limit: 299s
INFO     search memory limit: 3584 MB
INFO     search command line string: /usr/local/downward-projects/downward/experiments/src/thesis/data/thesis-thesis_exp/code-d93485cdd92f65ede2ae3573b3f4adda0b49e4fd_e5e41175/builds/release/bin/downward --evaluator 'h=ff()' --search 'eager(alt([type_based([h, g()], random_seed=-1), single(h)]))' --internal-plan-file sas_plan < output.sas
[t=0s, 11364 KB] reading input...
[t=0.0234715s, 14696 KB] done reading input!
[t=0.027462s, 16440 KB] Simplifying 20083 unary operators... done! [19399 unary operators]
[t=0.0492669s, 17928 KB] time to simplify: 0.0218049s
[t=0.050298s, 17928 KB] Initializing additive heuristic...
[t=0.0507751s, 17928 KB] Initializing FF heuristic...
[t=0.0508099s, 17928 KB] Building successor generator...done!
[t=0.0525311s, 17928 KB] peak memory difference for successor generator creation: 0 KB
[t=0.0525867s, 17928 KB] time for successor generation creation: 0.00043171s
[t=0.0526119s, 17928 KB] Variables: 42
[t=0.0526386s, 17928 KB] FactPairs: 942
[t=0.0526622s, 17928 KB] Bytes per state: 20
[t=0.0526852s, 17928 KB] Conducting best first search without reopening closed nodes, (real) bound = 2147483647
[t=0.052742s, 17928 KB] New best heuristic value for ff(): 4
[t=0.0529599s, 17928 KB] g=0, 1 evaluated, 0 expanded
[t=0.0529867s, 17928 KB] Initial heuristic value for ff(): 4
[t=0.0530158s, 17928 KB] pruning method: none
[t=0.0530381s, 17928 KB] Start Timestep: 1687928069254 millisecond(s).
[t=0.0530793s, 17928 KB] New best heuristic value for ff(): 3
[t=0.0532899s, 17928 KB] g=1, 2 evaluated, 1 expanded
[t=0.0551499s, 17928 KB] New best heuristic value for ff(): 2
[t=0.0589781s, 17928 KB] g=2, 40 evaluated, 2 expanded
[t=0.0631082s, 17928 KB] New best heuristic value for ff(): 1
[t=0.0645414s, 17928 KB] g=3, 77 evaluated, 3 expanded
[t=0.0670762s, 17928 KB] New best heuristic value for ff(): 0
[t=0.0700256s, 17928 KB] g=4, 114 evaluated, 4 expanded
Peak memory: 152408 KB
caught signal 24 -- exiting
Time limit has been reached.
Remove intermediate file output.sas
search exit code: 23

Driver aborting after search
INFO     Planner time: 299.91s
