INFO     planner time limit: 900s
INFO     planner memory limit: 3584 MB

INFO     Running translator.
INFO     translator stdin: None
INFO     translator time limit: 899s
INFO     translator memory limit: 3584 MB
INFO     translator command line string: /usr/local/downward-projects/downward/experiments/assign3/.venv/bin/python3 /usr/local/downward-projects/downward/experiments/assign3/data/assign3-anytime_exp/code-fe4f0f1bb525c059c1938ac01bab1b7bae200873_e5e41175/builds/release/bin/translate/translate.py domain.pddl problem.pddl --sas-file output.sas
Parsing...
Parsing: [0.010s CPU, 0.004s wall-clock]
Normalizing task... [0.000s CPU, 0.000s wall-clock]
Instantiating...
Generating Datalog program... [0.000s CPU, 0.001s wall-clock]
Normalizing Datalog program...
Normalizing Datalog program: [0.000s CPU, 0.001s wall-clock]
Preparing model... [0.000s CPU, 0.002s wall-clock]
Generated 26 rules.
Computing model... [0.370s CPU, 0.362s wall-clock]
34616 relevant atoms
25732 auxiliary atoms
60348 final queue length
123916 total queue pushes
Completing instantiation... [1.410s CPU, 1.419s wall-clock]
Instantiating: [1.790s CPU, 1.800s wall-clock]
Computing fact groups...
Finding invariants...
9 initial candidates
Finding invariants: [0.020s CPU, 0.016s wall-clock]
Checking invariant weight... [0.000s CPU, 0.000s wall-clock]
Instantiating groups... [0.000s CPU, 0.004s wall-clock]
Collecting mutex groups... [0.000s CPU, 0.001s wall-clock]
Choosing groups...
0 uncovered facts
Choosing groups: [0.000s CPU, 0.002s wall-clock]
Building translation key... [0.000s CPU, 0.001s wall-clock]
Computing fact groups: [0.030s CPU, 0.028s wall-clock]
Building STRIPS to SAS dictionary... [0.000s CPU, 0.001s wall-clock]
Building dictionary for full mutex groups... [0.010s CPU, 0.001s wall-clock]
Building mutex information...
Building mutex information: [0.000s CPU, 0.000s wall-clock]
Translating task...
Processing axioms...
Simplifying axioms... [0.000s CPU, 0.000s wall-clock]
Translator axioms removed by simplifying: 0
Computing negative axioms... [0.000s CPU, 0.000s wall-clock]
Processing axioms: [0.040s CPU, 0.043s wall-clock]
Translating task: [0.910s CPU, 0.921s wall-clock]
0 effect conditions simplified
0 implied preconditions added
Detecting unreachable propositions...
0 operators removed
0 axioms removed
28 propositions removed
Detecting unreachable propositions: [1.030s CPU, 1.025s wall-clock]
Reordering and filtering variables...
28 of 28 variables necessary.
0 of 28 mutex groups necessary.
32840 of 32840 operators necessary.
0 of 0 axiom rules necessary.
Reordering and filtering variables: [0.110s CPU, 0.111s wall-clock]
Translator variables: 28
Translator derived variables: 0
Translator facts: 1300
Translator goal facts: 20
Translator mutex groups: 0
Translator total mutex groups size: 0
Translator operators: 32840
Translator axioms: 0
Translator task size: 195868
Translator peak memory: 162536 KB
Writing output... [0.150s CPU, 0.147s wall-clock]
Done! [4.090s CPU, 4.091s wall-clock]
translate exit code: 0

INFO     Running search (release).
INFO     search stdin: output.sas
INFO     search time limit: 895s
INFO     search memory limit: 3584 MB
INFO     search command line string: /usr/local/downward-projects/downward/experiments/assign3/data/assign3-anytime_exp/code-fe4f0f1bb525c059c1938ac01bab1b7bae200873_e5e41175/builds/release/bin/downward --evaluator 'h=lmcut()' --search 'eager_anytime(alt(
        [single(weight(h, 2, verbosity=normal)), type_based([h, g()], random_seed=1234)]), 
        reopen_closed=true, f_eval=sum([h, g()]))' --internal-plan-file sas_plan < output.sas
[t=0s, 10884 KB] reading input...
[t=0.111079s, 20688 KB] done reading input!
[t=0.131032s, 30680 KB] Initializing landmark cut heuristic...
[t=0.133285s, 30680 KB] Building successor generator...done!
[t=0.149753s, 36376 KB] peak memory difference for successor generator creation: 5696 KB
[t=0.149838s, 36376 KB] time for successor generation creation: 0.0135178s
[t=0.149864s, 36376 KB] Variables: 28
[t=0.149894s, 36376 KB] FactPairs: 1300
[t=0.149918s, 36376 KB] Bytes per state: 24
[t=0.149941s, 36376 KB] Conducting best first anytime search with reopening closed nodes, (real) bound = 2147483647
[t=0.238757s, 36376 KB] New best heuristic value for lmcut(): 197
[t=0.241382s, 36376 KB] g=0, 1 evaluated, 0 expanded
[t=0.241412s, 36376 KB] Initial heuristic value for lmcut(): 197
[t=0.241444s, 36376 KB] Start Timestep: 1682457246662 millisecond(s).
[t=0.441655s, 36376 KB] New best heuristic value for lmcut(): 184
[t=0.444307s, 36376 KB] g=18, 3 evaluated, 1 expanded
[t=4.04182s, 36376 KB] New best heuristic value for lmcut(): 180
[t=4.04394s, 36376 KB] g=37, 40 evaluated, 3 expanded
[t=4.629s, 36376 KB] New best heuristic value for lmcut(): 168
[t=4.63192s, 36376 KB] g=37, 46 evaluated, 3 expanded
[t=9.06809s, 36376 KB] New best heuristic value for lmcut(): 164
[t=9.07037s, 36376 KB] g=55, 93 evaluated, 5 expanded
[t=9.52345s, 36376 KB] New best heuristic value for lmcut(): 162
[t=9.52595s, 36376 KB] g=54, 98 evaluated, 5 expanded
[t=13.5629s, 36376 KB] New best heuristic value for lmcut(): 161
[t=13.5659s, 36376 KB] g=55, 141 evaluated, 7 expanded
[t=38.711s, 36376 KB] New best heuristic value for lmcut(): 158
[t=38.7113s, 36376 KB] g=95, 406 evaluated, 20 expanded
[t=43.7241s, 36376 KB] New best heuristic value for lmcut(): 154
[t=43.7248s, 36376 KB] g=81, 459 evaluated, 22 expanded
[t=44.4712s, 36376 KB] New best heuristic value for lmcut(): 153
[t=44.4746s, 36376 KB] g=82, 467 evaluated, 23 expanded
[t=171.743s, 36376 KB] New best heuristic value for lmcut(): 152
[t=171.744s, 36376 KB] g=149, 1769 evaluated, 87 expanded, 1 reopened
Peak memory: 36376 KB
caught signal 24 -- exiting
Time limit has been reached.
Remove intermediate file output.sas
search exit code: 23

Driver aborting after search
INFO     Planner time: 896.83s
