INFO     planner time limit: 600s
INFO     planner memory limit: 3584 MB

INFO     Running translator.
INFO     translator stdin: None
INFO     translator time limit: 599s
INFO     translator memory limit: 3584 MB
INFO     translator command line string: /usr/local/downward-projects/downward/experiments/src/thesis/.venv/bin/python3 /usr/local/downward-projects/downward/experiments/src/thesis/data/thesis-thesis_exp/code-84c08dfff1890fbf6247184940c8166177195ea1_e5e41175/builds/release/bin/translate/translate.py domain.pddl problem.pddl --sas-file output.sas
Parsing...
Parsing: [0.010s CPU, 0.006s wall-clock]
Normalizing task... [0.000s CPU, 0.000s wall-clock]
Instantiating...
Generating Datalog program... [0.000s CPU, 0.001s wall-clock]
Normalizing Datalog program...
Normalizing Datalog program: [0.010s CPU, 0.017s wall-clock]
Preparing model... [0.010s CPU, 0.006s wall-clock]
Generated 400 rules.
Computing model... [1.710s CPU, 1.706s wall-clock]
101775 relevant atoms
85912 auxiliary atoms
187687 final queue length
518762 total queue pushes
Completing instantiation... [7.540s CPU, 7.560s wall-clock]
Instantiating: [9.340s CPU, 9.358s wall-clock]
Computing fact groups...
Finding invariants...
41 initial candidates
Finding invariants: [0.130s CPU, 0.128s wall-clock]
Checking invariant weight... [0.000s CPU, 0.000s wall-clock]
Instantiating groups... [0.000s CPU, 0.000s wall-clock]
Collecting mutex groups... [0.000s CPU, 0.000s wall-clock]
Choosing groups...
723 uncovered facts
Choosing groups: [0.000s CPU, 0.000s wall-clock]
Building translation key... [0.010s CPU, 0.002s wall-clock]
Computing fact groups: [0.140s CPU, 0.135s wall-clock]
Building STRIPS to SAS dictionary... [0.000s CPU, 0.001s wall-clock]
Building dictionary for full mutex groups... [0.000s CPU, 0.001s wall-clock]
Building mutex information...
Building mutex information: [0.000s CPU, 0.000s wall-clock]
Translating task...
Processing axioms...
Simplifying axioms... [0.000s CPU, 0.000s wall-clock]
Translator axioms removed by simplifying: 0
Computing negative axioms... [0.000s CPU, 0.000s wall-clock]
Processing axioms: [0.250s CPU, 0.257s wall-clock]
Translating task: [7.620s CPU, 7.668s wall-clock]
268841 effect conditions simplified
0 implied preconditions added
Detecting unreachable propositions...
0 operators removed
0 axioms removed
2 propositions removed
Detecting unreachable propositions: [4.230s CPU, 4.228s wall-clock]
Reordering and filtering variables...
725 of 725 variables necessary.
1 of 3 mutex groups necessary.
100798 of 100798 operators necessary.
0 of 0 axiom rules necessary.
Reordering and filtering variables: [1.840s CPU, 1.847s wall-clock]
Translator variables: 725
Translator derived variables: 0
Translator facts: 1457
Translator goal facts: 8
Translator mutex groups: 1
Translator total mutex groups size: 2
Translator operators: 100798
Translator axioms: 0
Translator task size: 1215392
Translator peak memory: 685496 KB
Writing output... [0.910s CPU, 0.913s wall-clock]
Done! [24.370s CPU, 24.438s wall-clock]
translate exit code: 0

INFO     Running search (release).
INFO     search stdin: output.sas
INFO     search time limit: 575s
INFO     search memory limit: 3584 MB
INFO     search command line string: /usr/local/downward-projects/downward/experiments/src/thesis/data/thesis-thesis_exp/code-84c08dfff1890fbf6247184940c8166177195ea1_e5e41175/builds/release/bin/downward --evaluator 'h=ff()' --search 'eager(partition(h, plateau_partition(), inter_uniform(), intra_uniform() )) ' --internal-plan-file sas_plan < output.sas
[t=0.00181426s, 11732 KB] reading input...
[t=0.557173s, 57220 KB] done reading input!
[t=0.636977s, 93300 KB] Simplifying 598983 unary operators... done! [596103 unary operators]
[t=6.73884s, 147484 KB] time to simplify: 6.10186s
[t=6.76673s, 147484 KB] Initializing additive heuristic...
[t=6.76895s, 147484 KB] Initializing FF heuristic...
[t=6.76898s, 147484 KB] Building successor generator...done!
[t=6.83193s, 147484 KB] peak memory difference for successor generator creation: 0 KB
[t=6.83206s, 147484 KB] time for successor generation creation: 0.0614325s
[t=6.83209s, 147484 KB] Variables: 725
[t=6.8344s, 147484 KB] FactPairs: 1457
[t=6.83445s, 147484 KB] Bytes per state: 92
[t=6.83447s, 147484 KB] Conducting best first search without reopening closed nodes, (real) bound = 2147483647
[t=6.86233s, 147484 KB] New best heuristic value for ff(): 60
[t=6.86536s, 147484 KB] g=0, 1 evaluated, 0 expanded
[t=6.86538s, 147484 KB] Initial heuristic value for ff(): 60
[t=6.86542s, 147484 KB] pruning method: none
[t=6.86544s, 147484 KB] Start Timestep: 1693704340709 millisecond(s).
[t=6.89409s, 147484 KB] New best heuristic value for ff(): 59
[t=6.89496s, 147484 KB] g=1, 2 evaluated, 1 expanded
[t=7.00981s, 147484 KB] New best heuristic value for ff(): 58
[t=7.01044s, 147484 KB] g=2, 6 evaluated, 2 expanded
[t=7.68866s, 147484 KB] New best heuristic value for ff(): 57
[t=7.68952s, 147484 KB] g=5, 30 evaluated, 14 expanded
[t=8.02641s, 147484 KB] New best heuristic value for ff(): 56
[t=8.02778s, 147484 KB] g=7, 42 evaluated, 19 expanded
[t=8.76708s, 147484 KB] New best heuristic value for ff(): 55
[t=8.76803s, 147484 KB] g=5, 69 evaluated, 30 expanded
[t=9.7372s, 147484 KB] New best heuristic value for ff(): 52
[t=9.73907s, 147484 KB] g=5, 104 evaluated, 47 expanded
[t=9.89688s, 147484 KB] New best heuristic value for ff(): 48
[t=9.89987s, 147484 KB] g=6, 110 evaluated, 50 expanded
[t=11.2848s, 147484 KB] New best heuristic value for ff(): 45
[t=11.2875s, 147484 KB] g=7, 160 evaluated, 70 expanded
[t=11.3806s, 147484 KB] New best heuristic value for ff(): 44
[t=11.3816s, 147484 KB] g=8, 164 evaluated, 71 expanded
[t=11.8438s, 147484 KB] New best heuristic value for ff(): 43
[t=11.8476s, 147484 KB] g=9, 182 evaluated, 79 expanded
[t=14.8672s, 147484 KB] New best heuristic value for ff(): 42
[t=14.8701s, 147484 KB] g=10, 298 evaluated, 128 expanded
[t=19.6667s, 147484 KB] New best heuristic value for ff(): 41
[t=19.6687s, 147484 KB] g=11, 481 evaluated, 217 expanded
[t=76.2769s, 147484 KB] New best heuristic value for ff(): 40
[t=76.2792s, 147484 KB] g=20, 2656 evaluated, 1344 expanded
[t=226.721s, 147484 KB] New best heuristic value for ff(): 39
[t=226.723s, 147484 KB] g=28, 8626 evaluated, 4432 expanded
Peak memory: 147484 KB
caught signal 24 -- exiting
Time limit has been reached.
Remove intermediate file output.sas
search exit code: 23

Driver aborting after search
INFO     Planner time: 599.12s
