INFO     planner time limit: 900s
INFO     planner memory limit: 3584 MB

INFO     Running translator.
INFO     translator stdin: None
INFO     translator time limit: 899s
INFO     translator memory limit: 3584 MB
INFO     translator command line string: /usr/local/downward-projects/downward/experiments/.venv/bin/python3 /usr/local/downward-projects/downward/experiments/src/thesis/data/thesis-thesis_exp/code-f7a4f68fd467cf7cff4d3dfcfdfcfa2023e44324_e5e41175/builds/release/bin/translate/translate.py domain.pddl problem.pddl --sas-file output.sas
Parsing...
Parsing: [0.110s CPU, 0.110s wall-clock]
Normalizing task... [0.020s CPU, 0.021s wall-clock]
Instantiating...
Generating Datalog program... [0.030s CPU, 0.024s wall-clock]
Normalizing Datalog program...
Normalizing Datalog program: [0.060s CPU, 0.062s wall-clock]
Preparing model... [0.100s CPU, 0.105s wall-clock]
Generated 3676 rules.
Computing model... [16.880s CPU, 17.081s wall-clock]
449686 relevant atoms
663168 auxiliary atoms
1112854 final queue length
1991760 total queue pushes
Completing instantiation... [23.880s CPU, 24.133s wall-clock]
Instantiating: [42.220s CPU, 42.696s wall-clock]
Computing fact groups...
Finding invariants...
10 initial candidates
Finding invariants: [0.190s CPU, 0.185s wall-clock]
Checking invariant weight... [0.010s CPU, 0.009s wall-clock]
Instantiating groups... [0.000s CPU, 0.008s wall-clock]
Collecting mutex groups... [0.010s CPU, 0.003s wall-clock]
Choosing groups...
425 uncovered facts
Choosing groups: [0.010s CPU, 0.008s wall-clock]
Building translation key... [0.000s CPU, 0.003s wall-clock]
Computing fact groups: [0.230s CPU, 0.231s wall-clock]
Building STRIPS to SAS dictionary... [0.010s CPU, 0.003s wall-clock]
Building dictionary for full mutex groups... [0.000s CPU, 0.004s wall-clock]
Building mutex information...
Building mutex information: [0.000s CPU, 0.004s wall-clock]
Translating task...
Processing axioms...
Simplifying axioms... [0.000s CPU, 0.000s wall-clock]
Translator axioms removed by simplifying: 0
Computing negative axioms... [0.000s CPU, 0.000s wall-clock]
Processing axioms: [0.720s CPU, 0.719s wall-clock]
Translating task: [19.870s CPU, 20.067s wall-clock]
0 effect conditions simplified
0 implied preconditions added
Detecting unreachable propositions...
0 operators removed
0 axioms removed
470 propositions removed
Detecting unreachable propositions: [12.130s CPU, 12.171s wall-clock]
Reordering and filtering variables...
895 of 895 variables necessary.
0 of 939 mutex groups necessary.
440816 of 440816 operators necessary.
0 of 0 axiom rules necessary.
Reordering and filtering variables: [1.830s CPU, 1.838s wall-clock]
Translator variables: 895
Translator derived variables: 0
Translator facts: 2727
Translator goal facts: 469
Translator mutex groups: 0
Translator total mutex groups size: 0
Translator operators: 440816
Translator axioms: 0
Translator task size: 3149203
Translator peak memory: 1903264 KB
Writing output... [2.330s CPU, 2.329s wall-clock]
Done! [79.630s CPU, 80.354s wall-clock]
translate exit code: 0

INFO     Running search (release).
INFO     search stdin: output.sas
INFO     search time limit: 819s
INFO     search memory limit: 3584 MB
INFO     search command line string: /usr/local/downward-projects/downward/experiments/src/thesis/data/thesis-thesis_exp/code-f7a4f68fd467cf7cff4d3dfcfdfcfa2023e44324_e5e41175/builds/release/bin/downward --evaluator 'h=ff()' --search 'eager(alt([type_based([h, g()], random_seed=-1), single(h)]))' --internal-plan-file sas_plan < output.sas
[t=0.00286037s, 11000 KB] reading input...
[t=1.40359s, 133104 KB] done reading input!
[t=1.5314s, 182624 KB] Simplifying 880738 unary operators... done! [880738 unary operators]
[t=3.68589s, 266756 KB] time to simplify: 2.1545s
[t=3.72184s, 266756 KB] Initializing additive heuristic...
[t=3.72263s, 266756 KB] Initializing FF heuristic...
[t=3.72268s, 266756 KB] Building successor generator...done!
[t=4.01161s, 266756 KB] peak memory difference for successor generator creation: 0 KB
[t=4.01174s, 266756 KB] time for successor generation creation: 0.286887s
[t=4.01176s, 266756 KB] Variables: 895
[t=4.01181s, 266756 KB] FactPairs: 2727
[t=4.01184s, 266756 KB] Bytes per state: 172
[t=4.01187s, 266756 KB] Conducting best first search without reopening closed nodes, (real) bound = 2147483647
[t=4.03759s, 266756 KB] New best heuristic value for ff(): 1
[t=4.03849s, 266756 KB] g=0, 1 evaluated, 0 expanded
[t=4.03852s, 266756 KB] Initial heuristic value for ff(): 1
[t=4.03855s, 266756 KB] pruning method: none
[t=4.03858s, 266756 KB] Start Timestep: 1684279345616 millisecond(s).
[t=4.0735s, 266756 KB] New best heuristic value for ff(): 0
[t=4.07716s, 266756 KB] g=1, 2 evaluated, 1 expanded
Peak memory: 266756 KB
caught signal 24 -- exiting
Time limit has been reached.
Remove intermediate file output.sas
search exit code: 23

Driver aborting after search
INFO     Planner time: 894.83s
