INFO     planner time limit: 900s
INFO     planner memory limit: 3584 MB

INFO     Running translator.
INFO     translator stdin: None
INFO     translator time limit: 899s
INFO     translator memory limit: 3584 MB
INFO     translator command line string: /usr/local/downward-projects/downward/experiments/.venv/bin/python3 /usr/local/downward-projects/downward/experiments/src/thesis/data/thesis-thesis_exp/code-beb2e19b3d35a0ced2c328754445ca6967892fa8_e5e41175/builds/release/bin/translate/translate.py domain.pddl problem.pddl --sas-file output.sas
Parsing...
Parsing: [0.000s CPU, 0.001s wall-clock]
Normalizing task... [0.000s CPU, 0.000s wall-clock]
Instantiating...
Generating Datalog program... [0.000s CPU, 0.000s wall-clock]
Normalizing Datalog program...
Normalizing Datalog program: [0.000s CPU, 0.001s wall-clock]
Preparing model... [0.000s CPU, 0.001s wall-clock]
Generated 21 rules.
Computing model... [0.040s CPU, 0.031s wall-clock]
3500 relevant atoms
2343 auxiliary atoms
5843 final queue length
10269 total queue pushes
Completing instantiation... [0.060s CPU, 0.067s wall-clock]
Instantiating: [0.100s CPU, 0.101s wall-clock]
Computing fact groups...
Finding invariants...
10 initial candidates
Finding invariants: [0.010s CPU, 0.003s wall-clock]
Checking invariant weight... [0.000s CPU, 0.000s wall-clock]
Instantiating groups... [0.000s CPU, 0.003s wall-clock]
Collecting mutex groups... [0.000s CPU, 0.001s wall-clock]
Choosing groups...
34 uncovered facts
Choosing groups: [0.010s CPU, 0.003s wall-clock]
Building translation key... [0.000s CPU, 0.001s wall-clock]
Computing fact groups: [0.020s CPU, 0.017s wall-clock]
Building STRIPS to SAS dictionary... [0.000s CPU, 0.001s wall-clock]
Building dictionary for full mutex groups... [0.000s CPU, 0.002s wall-clock]
Building mutex information...
Building mutex information: [0.000s CPU, 0.001s wall-clock]
Translating task...
Processing axioms...
Simplifying axioms... [0.000s CPU, 0.000s wall-clock]
Translator axioms removed by simplifying: 0
Computing negative axioms... [0.000s CPU, 0.000s wall-clock]
Processing axioms: [0.010s CPU, 0.003s wall-clock]
Translating task: [0.080s CPU, 0.078s wall-clock]
3234 effect conditions simplified
0 implied preconditions added
Detecting unreachable propositions...
0 operators removed
0 axioms removed
66 propositions removed
Detecting unreachable propositions: [0.040s CPU, 0.040s wall-clock]
Reordering and filtering variables...
67 of 67 variables necessary.
34 of 67 mutex groups necessary.
2178 of 2178 operators necessary.
0 of 0 axiom rules necessary.
Reordering and filtering variables: [0.020s CPU, 0.019s wall-clock]
Translator variables: 67
Translator derived variables: 0
Translator facts: 1190
Translator goal facts: 28
Translator mutex groups: 34
Translator total mutex groups size: 1156
Translator operators: 2178
Translator axioms: 0
Translator task size: 18677
Translator peak memory: 43892 KB
Writing output... [0.010s CPU, 0.014s wall-clock]
Done! [0.280s CPU, 0.281s wall-clock]
translate exit code: 0

INFO     Running search (release).
INFO     search stdin: output.sas
INFO     search time limit: 899s
INFO     search memory limit: 3584 MB
INFO     search command line string: /usr/local/downward-projects/downward/experiments/src/thesis/data/thesis-thesis_exp/code-beb2e19b3d35a0ced2c328754445ca6967892fa8_e5e41175/builds/release/bin/downward --evaluator 'h=ff()' --search 'eager(alt([bts_type(h), single(h)]))' --internal-plan-file sas_plan < output.sas
[t=0s, 11252 KB] reading input...
[t=0.0119595s, 13696 KB] done reading input!
[t=0.013366s, 14464 KB] Simplifying 8646 unary operators... done! [6534 unary operators]
[t=0.0198103s, 15124 KB] time to simplify: 0.00644428s
[t=0.0202089s, 15124 KB] Initializing additive heuristic...
[t=0.0204513s, 15124 KB] Initializing FF heuristic...
[t=0.0204778s, 15124 KB] Building successor generator...done!
[t=0.0212216s, 15124 KB] peak memory difference for successor generator creation: 0 KB
[t=0.0212755s, 15124 KB] time for successor generation creation: 0s
[t=0.0212993s, 15124 KB] Variables: 67
[t=0.0213468s, 15124 KB] FactPairs: 1190
[t=0.0213694s, 15124 KB] Bytes per state: 32
[t=0.0213932s, 15124 KB] Conducting best first search without reopening closed nodes, (real) bound = 2147483647
[t=0.0214569s, 15124 KB] New best heuristic value for ff(): 60
[t=0.0215847s, 15124 KB] g=0, 1 evaluated, 0 expanded
[t=0.0216088s, 15124 KB] Initial heuristic value for ff(): 60
[t=0.0216381s, 15124 KB] pruning method: none
[t=0.0216604s, 15124 KB] Start Timestep: 1685748426008 millisecond(s).
[t=0.0217036s, 15124 KB] New best heuristic value for ff(): 59
[t=0.022417s, 15124 KB] g=2, 10 evaluated, 3 expanded
[t=0.063512s, 15124 KB] New best heuristic value for ff(): 58
[t=0.0655941s, 15124 KB] g=8, 604 evaluated, 151 expanded
[t=0.0656251s, 15124 KB] New best heuristic value for ff(): 57
[t=0.0663201s, 15124 KB] g=10, 613 evaluated, 153 expanded
[t=0.0834201s, 15124 KB] New best heuristic value for ff(): 56
[t=0.0864858s, 15124 KB] g=14, 890 evaluated, 214 expanded
[t=0.151325s, 15124 KB] New best heuristic value for ff(): 55
[t=0.152112s, 15124 KB] g=20, 1792 evaluated, 438 expanded
[t=0.152143s, 15124 KB] New best heuristic value for ff(): 54
[t=0.153217s, 15124 KB] g=22, 1806 evaluated, 441 expanded
[t=0.155209s, 15124 KB] New best heuristic value for ff(): 52
[t=0.157366s, 15124 KB] g=24, 1862 evaluated, 450 expanded
[t=0.159177s, 15124 KB] New best heuristic value for ff(): 51
[t=0.161606s, 15124 KB] g=26, 1918 evaluated, 459 expanded
[t=0.191148s, 15124 KB] New best heuristic value for ff(): 49
[t=0.191848s, 15124 KB] g=30, 2337 evaluated, 532 expanded
[t=0.227083s, 15124 KB] New best heuristic value for ff(): 47
[t=0.227513s, 15124 KB] g=34, 2830 evaluated, 615 expanded
[t=0.227543s, 15124 KB] New best heuristic value for ff(): 46
[t=0.230209s, 15124 KB] g=36, 2867 evaluated, 620 expanded
[t=0.234986s, 15124 KB] New best heuristic value for ff(): 45
[t=0.235713s, 15124 KB] g=38, 2943 evaluated, 630 expanded
[t=0.5547s, 15800 KB] New best heuristic value for ff(): 44
[t=0.556233s, 15800 KB] g=42, 7421 evaluated, 1395 expanded
Peak memory: 2174808 KB
caught signal 24 -- exiting
Time limit has been reached.
Remove intermediate file output.sas
search exit code: 23

Driver aborting after search
INFO     Planner time: 897.09s
