INFO     planner time limit: 900s
INFO     planner memory limit: 3584 MB

INFO     Running translator.
INFO     translator stdin: None
INFO     translator time limit: 899s
INFO     translator memory limit: 3584 MB
INFO     translator command line string: /usr/local/downward-projects/downward/experiments/.venv/bin/python3 /usr/local/downward-projects/downward/experiments/src/thesis/data/thesis-thesis_exp/code-beb2e19b3d35a0ced2c328754445ca6967892fa8_e5e41175/builds/release/bin/translate/translate.py domain.pddl problem.pddl --sas-file output.sas
Parsing...
Parsing: [0.090s CPU, 0.081s wall-clock]
Normalizing task... [0.010s CPU, 0.008s wall-clock]
Instantiating...
Generating Datalog program... [0.020s CPU, 0.027s wall-clock]
Normalizing Datalog program...
Normalizing Datalog program: [0.040s CPU, 0.037s wall-clock]
Preparing model... [0.060s CPU, 0.060s wall-clock]
Generated 2152 rules.
Computing model... [5.630s CPU, 5.635s wall-clock]
158189 relevant atoms
228802 auxiliary atoms
386991 final queue length
688941 total queue pushes
Completing instantiation... [10.040s CPU, 10.052s wall-clock]
Instantiating: [16.210s CPU, 16.231s wall-clock]
Computing fact groups...
Finding invariants...
10 initial candidates
Finding invariants: [0.100s CPU, 0.099s wall-clock]
Checking invariant weight... [0.010s CPU, 0.006s wall-clock]
Instantiating groups... [0.000s CPU, 0.004s wall-clock]
Collecting mutex groups... [0.010s CPU, 0.002s wall-clock]
Choosing groups...
245 uncovered facts
Choosing groups: [0.000s CPU, 0.005s wall-clock]
Building translation key... [0.010s CPU, 0.001s wall-clock]
Computing fact groups: [0.130s CPU, 0.125s wall-clock]
Building STRIPS to SAS dictionary... [0.000s CPU, 0.001s wall-clock]
Building dictionary for full mutex groups... [0.000s CPU, 0.002s wall-clock]
Building mutex information...
Building mutex information: [0.000s CPU, 0.002s wall-clock]
Translating task...
Processing axioms...
Simplifying axioms... [0.000s CPU, 0.000s wall-clock]
Translator axioms removed by simplifying: 0
Computing negative axioms... [0.000s CPU, 0.000s wall-clock]
Processing axioms: [0.290s CPU, 0.293s wall-clock]
Translating task: [6.850s CPU, 6.852s wall-clock]
0 effect conditions simplified
0 implied preconditions added
Detecting unreachable propositions...
0 operators removed
0 axioms removed
276 propositions removed
Detecting unreachable propositions: [4.670s CPU, 4.675s wall-clock]
Reordering and filtering variables...
521 of 521 variables necessary.
0 of 551 mutex groups necessary.
151770 of 151770 operators necessary.
0 of 0 axiom rules necessary.
Reordering and filtering variables: [0.850s CPU, 0.852s wall-clock]
Translator variables: 521
Translator derived variables: 0
Translator facts: 1591
Translator goal facts: 275
Translator mutex groups: 0
Translator total mutex groups size: 0
Translator operators: 151770
Translator axioms: 0
Translator task size: 1425081
Translator peak memory: 791176 KB
Writing output... [0.970s CPU, 0.973s wall-clock]
Done! [30.130s CPU, 30.153s wall-clock]
translate exit code: 0

INFO     Running search (release).
INFO     search stdin: output.sas
INFO     search time limit: 869s
INFO     search memory limit: 3584 MB
INFO     search command line string: /usr/local/downward-projects/downward/experiments/src/thesis/data/thesis-thesis_exp/code-beb2e19b3d35a0ced2c328754445ca6967892fa8_e5e41175/builds/release/bin/downward --evaluator 'h=ff()' --search 'eager(alt([lwm_based_type(h), single(h)]))' --internal-plan-file sas_plan < output.sas
[t=0.00237368s, 11252 KB] reading input...
[t=0.606147s, 58608 KB] done reading input!
[t=0.658039s, 79260 KB] Simplifying 303020 unary operators... done! [303020 unary operators]
[t=1.0777s, 109616 KB] time to simplify: 0.419659s
[t=1.09363s, 109616 KB] Initializing additive heuristic...
[t=1.09416s, 109616 KB] Initializing FF heuristic...
[t=1.0942s, 109616 KB] Building successor generator...done!
[t=1.18514s, 109616 KB] peak memory difference for successor generator creation: 0 KB
[t=1.18526s, 109616 KB] time for successor generation creation: 0.0870437s
[t=1.18531s, 109616 KB] Variables: 521
[t=1.18534s, 109616 KB] FactPairs: 1591
[t=1.18537s, 109616 KB] Bytes per state: 104
[t=1.18539s, 109616 KB] Conducting best first search without reopening closed nodes, (real) bound = 2147483647
[t=1.19324s, 109616 KB] New best heuristic value for ff(): 1
[t=1.19725s, 109616 KB] g=0, 1 evaluated, 0 expanded
[t=1.19728s, 109616 KB] Initial heuristic value for ff(): 1
[t=1.19731s, 109616 KB] pruning method: none
[t=1.19734s, 109616 KB] Start Timestep: 1685783407402 millisecond(s).
[t=1.20513s, 109616 KB] New best heuristic value for ff(): 0
[t=1.20781s, 109616 KB] g=1, 2 evaluated, 1 expanded
Peak memory: 123060 KB
caught signal 24 -- exiting
Time limit has been reached.
Remove intermediate file output.sas
search exit code: 23

Driver aborting after search
INFO     Planner time: 898.99s
