INFO     planner time limit: 600s
INFO     planner memory limit: 3584 MB

INFO     Running translator.
INFO     translator stdin: None
INFO     translator time limit: 599s
INFO     translator memory limit: 3584 MB
INFO     translator command line string: /usr/local/downward-projects/downward/experiments/src/thesis/.venv/bin/python3 /usr/local/downward-projects/downward/experiments/src/thesis/data/thesis-thesis_exp/code-84c08dfff1890fbf6247184940c8166177195ea1_e5e41175/builds/release/bin/translate/translate.py domain.pddl problem.pddl --sas-file output.sas
Parsing...
Parsing: [0.000s CPU, 0.002s wall-clock]
Normalizing task... [0.000s CPU, 0.000s wall-clock]
Instantiating...
Generating Datalog program... [0.010s CPU, 0.000s wall-clock]
Normalizing Datalog program...
Normalizing Datalog program: [0.000s CPU, 0.002s wall-clock]
Preparing model... [0.000s CPU, 0.001s wall-clock]
Generated 50 rules.
Computing model... [0.010s CPU, 0.005s wall-clock]
375 relevant atoms
456 auxiliary atoms
831 final queue length
1049 total queue pushes
Completing instantiation... [0.000s CPU, 0.004s wall-clock]
Instantiating: [0.020s CPU, 0.013s wall-clock]
Computing fact groups...
Finding invariants...
11 initial candidates
Finding invariants: [0.000s CPU, 0.003s wall-clock]
Checking invariant weight... [0.000s CPU, 0.000s wall-clock]
Instantiating groups... [0.000s CPU, 0.001s wall-clock]
Collecting mutex groups... [0.000s CPU, 0.000s wall-clock]
Choosing groups...
0 uncovered facts
Choosing groups: [0.000s CPU, 0.000s wall-clock]
Building translation key... [0.000s CPU, 0.000s wall-clock]
Computing fact groups: [0.000s CPU, 0.005s wall-clock]
Building STRIPS to SAS dictionary... [0.000s CPU, 0.000s wall-clock]
Building dictionary for full mutex groups... [0.000s CPU, 0.000s wall-clock]
Building mutex information...
Building mutex information: [0.000s CPU, 0.000s wall-clock]
Translating task...
Processing axioms...
Simplifying axioms... [0.000s CPU, 0.000s wall-clock]
Translator axioms removed by simplifying: 0
Computing negative axioms... [0.000s CPU, 0.000s wall-clock]
Processing axioms: [0.000s CPU, 0.000s wall-clock]
Translating task: [0.010s CPU, 0.005s wall-clock]
0 effect conditions simplified
0 implied preconditions added
Detecting unreachable propositions...
0 operators removed
0 axioms removed
4 propositions removed
Detecting unreachable propositions: [0.000s CPU, 0.002s wall-clock]
Reordering and filtering variables...
19 of 19 variables necessary.
30 of 34 mutex groups necessary.
188 of 188 operators necessary.
0 of 0 axiom rules necessary.
Reordering and filtering variables: [0.000s CPU, 0.001s wall-clock]
Translator variables: 19
Translator derived variables: 0
Translator facts: 94
Translator goal facts: 12
Translator mutex groups: 30
Translator total mutex groups size: 120
Translator operators: 188
Translator axioms: 0
Translator task size: 1265
Translator peak memory: 32620 KB
Writing output... [0.000s CPU, 0.001s wall-clock]
Done! [0.030s CPU, 0.031s wall-clock]
translate exit code: 0

INFO     Running search (release).
INFO     search stdin: output.sas
INFO     search time limit: 599s
INFO     search memory limit: 3584 MB
INFO     search command line string: /usr/local/downward-projects/downward/experiments/src/thesis/data/thesis-thesis_exp/code-84c08dfff1890fbf6247184940c8166177195ea1_e5e41175/builds/release/bin/downward --evaluator 'h=ff()' --search 'eager(partition(h, lwm_partition(), inter_uniform(), intra_uniform() )) ' --internal-plan-file sas_plan < output.sas
[t=0.00147099s, 11732 KB] reading input...
[t=0.002065s, 11732 KB] done reading input!
[t=0.00415475s, 12128 KB] Simplifying 364 unary operators... done! [364 unary operators]
[t=0.00452482s, 12128 KB] time to simplify: 0.000370072s
[t=0.00457601s, 12128 KB] Initializing additive heuristic...
[t=0.00461916s, 12128 KB] Initializing FF heuristic...
[t=0.00464278s, 12128 KB] Building successor generator...done!
[t=0.00481157s, 12128 KB] peak memory difference for successor generator creation: 0 KB
[t=0.00485472s, 12128 KB] time for successor generation creation: 0s
[t=0.00487903s, 12128 KB] Variables: 19
[t=0.00490443s, 12128 KB] FactPairs: 94
[t=0.00492755s, 12128 KB] Bytes per state: 8
[t=0.00495104s, 12128 KB] Conducting best first search without reopening closed nodes, (real) bound = 2147483647
[t=0.00499809s, 12128 KB] New best heuristic value for ff(): 39
[t=0.0050544s, 12128 KB] g=0, 1 evaluated, 0 expanded
[t=0.00507889s, 12128 KB] Initial heuristic value for ff(): 39
[t=0.00511252s, 12128 KB] pruning method: none
[t=0.00513588s, 12128 KB] Start Timestep: 1693593730138 millisecond(s).
[t=0.00517589s, 12128 KB] New best heuristic value for ff(): 38
[t=0.0052331s, 12128 KB] g=2, 3 evaluated, 1 expanded
[t=0.0052569s, 12128 KB] New best heuristic value for ff(): 35
[t=0.00579078s, 12128 KB] g=14, 62 evaluated, 6 expanded
[t=0.00599598s, 12128 KB] New best heuristic value for ff(): 33
[t=0.00605523s, 12128 KB] g=19, 80 evaluated, 9 expanded
[t=0.00608141s, 12128 KB] New best heuristic value for ff(): 31
[t=0.00664115s, 12128 KB] g=22, 128 evaluated, 16 expanded
[t=0.00699958s, 12128 KB] New best heuristic value for ff(): 29
[t=0.00708184s, 12128 KB] g=25, 157 evaluated, 20 expanded
[t=0.00803039s, 12128 KB] New best heuristic value for ff(): 28
[t=0.00866153s, 12128 KB] g=26, 240 evaluated, 31 expanded
[t=0.0129669s, 12128 KB] New best heuristic value for ff(): 26
[t=0.0131048s, 12128 KB] g=28, 403 evaluated, 54 expanded
[t=0.0258533s, 12128 KB] New best heuristic value for ff(): 25
[t=0.0260805s, 12128 KB] g=27, 731 evaluated, 99 expanded
[t=0.0289697s, 12128 KB] New best heuristic value for ff(): 24
[t=0.0295979s, 12128 KB] g=28, 801 evaluated, 110 expanded
[t=0.329558s, 12392 KB] New best heuristic value for ff(): 23
[t=0.330582s, 12392 KB] g=46, 3513 evaluated, 507 expanded
[t=0.463987s, 12676 KB] New best heuristic value for ff(): 22
[t=0.46481s, 12676 KB] g=36, 4229 evaluated, 616 expanded
[t=1.35801s, 13164 KB] New best heuristic value for ff(): 21
[t=1.35844s, 13164 KB] g=46, 7431 evaluated, 1120 expanded
[t=5.03969s, 14008 KB] New best heuristic value for ff(): 20
[t=5.04085s, 14008 KB] g=43, 14260 evaluated, 2252 expanded
[t=5.27421s, 14008 KB] New best heuristic value for ff(): 19
[t=5.27462s, 14008 KB] g=49, 14582 evaluated, 2310 expanded
[t=36.1386s, 17084 KB] New best heuristic value for ff(): 18
[t=36.1389s, 17084 KB] g=61, 36391 evaluated, 6071 expanded
[t=496.676s, 26756 KB] New best heuristic value for ff(): 16
[t=496.677s, 26756 KB] g=56, 113159 evaluated, 21337 expanded
Peak memory: 29204 KB
caught signal 24 -- exiting
Time limit has been reached.
Remove intermediate file output.sas
search exit code: 23

Driver aborting after search
INFO     Planner time: 596.44s
