INFO     planner time limit: 900s
INFO     planner memory limit: 3584 MB

INFO     Running translator.
INFO     translator stdin: None
INFO     translator time limit: 899s
INFO     translator memory limit: 3584 MB
INFO     translator command line string: /usr/local/downward-projects/downward/experiments/assign3/.venv/bin/python3 /usr/local/downward-projects/downward/experiments/assign3/data/assign3-anytime_exp/code-fe4f0f1bb525c059c1938ac01bab1b7bae200873_e5e41175/builds/release/bin/translate/translate.py domain.pddl problem.pddl --sas-file output.sas
Parsing...
Parsing: [0.000s CPU, 0.002s wall-clock]
Normalizing task... [0.000s CPU, 0.000s wall-clock]
Instantiating...
Generating Datalog program... [0.000s CPU, 0.000s wall-clock]
Normalizing Datalog program...
Normalizing Datalog program: [0.000s CPU, 0.002s wall-clock]
Preparing model... [0.010s CPU, 0.001s wall-clock]
Generated 51 rules.
Computing model... [0.080s CPU, 0.093s wall-clock]
11327 relevant atoms
5152 auxiliary atoms
16479 final queue length
39607 total queue pushes
Completing instantiation... [0.360s CPU, 0.365s wall-clock]
Instantiating: [0.460s CPU, 0.466s wall-clock]
Computing fact groups...
Finding invariants...
5 initial candidates
Finding invariants: [0.010s CPU, 0.014s wall-clock]
Checking invariant weight... [0.000s CPU, 0.000s wall-clock]
Instantiating groups... [0.000s CPU, 0.001s wall-clock]
Collecting mutex groups... [0.000s CPU, 0.000s wall-clock]
Choosing groups...
14 uncovered facts
Choosing groups: [0.010s CPU, 0.001s wall-clock]
Building translation key... [0.000s CPU, 0.000s wall-clock]
Computing fact groups: [0.020s CPU, 0.017s wall-clock]
Building STRIPS to SAS dictionary... [0.000s CPU, 0.000s wall-clock]
Building dictionary for full mutex groups... [0.000s CPU, 0.000s wall-clock]
Building mutex information...
Building mutex information: [0.000s CPU, 0.000s wall-clock]
Translating task...
Processing axioms...
Simplifying axioms... [0.000s CPU, 0.000s wall-clock]
Translator axioms removed by simplifying: 0
Computing negative axioms... [0.000s CPU, 0.000s wall-clock]
Processing axioms: [0.010s CPU, 0.014s wall-clock]
Translating task: [0.290s CPU, 0.299s wall-clock]
0 effect conditions simplified
0 implied preconditions added
Detecting unreachable propositions...
0 operators removed
0 axioms removed
14 propositions removed
Detecting unreachable propositions: [0.220s CPU, 0.225s wall-clock]
Reordering and filtering variables...
28 of 28 variables necessary.
14 of 28 mutex groups necessary.
10192 of 10192 operators necessary.
0 of 0 axiom rules necessary.
Reordering and filtering variables: [0.040s CPU, 0.033s wall-clock]
Translator variables: 28
Translator derived variables: 0
Translator facts: 224
Translator goal facts: 28
Translator mutex groups: 14
Translator total mutex groups size: 196
Translator operators: 10192
Translator axioms: 0
Translator task size: 52710
Translator peak memory: 70716 KB
Writing output... [0.040s CPU, 0.043s wall-clock]
Done! [1.080s CPU, 1.104s wall-clock]
translate exit code: 0

INFO     Running search (release).
INFO     search stdin: output.sas
INFO     search time limit: 898s
INFO     search memory limit: 3584 MB
INFO     search command line string: /usr/local/downward-projects/downward/experiments/assign3/data/assign3-anytime_exp/code-fe4f0f1bb525c059c1938ac01bab1b7bae200873_e5e41175/builds/release/bin/downward --evaluator 'h=lmcut()' --search 'eager_anytime(single(sum([weight(h, 2, verbosity=normal), g()])), 
        reopen_closed=true, f_eval=sum([h, g()]))' --internal-plan-file sas_plan < output.sas
[t=0.00105134s, 10884 KB] reading input...
[t=0.0303834s, 13948 KB] done reading input!
[t=0.0376678s, 16468 KB] Initializing landmark cut heuristic...
[t=0.0387518s, 16468 KB] Building successor generator...done!
[t=0.0428049s, 17668 KB] peak memory difference for successor generator creation: 1200 KB
[t=0.042849s, 17668 KB] time for successor generation creation: 0.00294344s
[t=0.0428752s, 17668 KB] Variables: 28
[t=0.0429105s, 17668 KB] FactPairs: 224
[t=0.042934s, 17668 KB] Bytes per state: 12
[t=0.0429574s, 17668 KB] Conducting best first anytime search with reopening closed nodes, (real) bound = 2147483647
[t=0.0448355s, 17668 KB] New best heuristic value for lmcut(): 43
[t=0.0457869s, 17668 KB] g=0, 1 evaluated, 0 expanded
[t=0.0458152s, 17668 KB] Initial heuristic value for lmcut(): 43
[t=0.0458517s, 17668 KB] Start Timestep: 1682460175077 millisecond(s).
[t=0.0479219s, 17668 KB] New best heuristic value for lmcut(): 40
[t=0.0481018s, 17668 KB] g=3, 2 evaluated, 1 expanded
[t=0.17612s, 17668 KB] New best heuristic value for lmcut(): 37
[t=0.177275s, 17668 KB] g=6, 58 evaluated, 2 expanded
[t=0.311676s, 17668 KB] New best heuristic value for lmcut(): 34
[t=0.312309s, 17668 KB] g=9, 121 evaluated, 3 expanded
[t=0.439704s, 17668 KB] New best heuristic value for lmcut(): 31
[t=0.439825s, 17668 KB] g=12, 183 evaluated, 4 expanded
[t=0.559411s, 17668 KB] New best heuristic value for lmcut(): 28
[t=0.559569s, 17668 KB] g=15, 244 evaluated, 5 expanded
[t=0.670511s, 17668 KB] New best heuristic value for lmcut(): 25
[t=0.670632s, 17668 KB] g=18, 304 evaluated, 6 expanded
[t=0.772241s, 17668 KB] New best heuristic value for lmcut(): 22
[t=0.77264s, 17668 KB] g=21, 363 evaluated, 7 expanded
[t=0.864674s, 17668 KB] New best heuristic value for lmcut(): 19
[t=0.865321s, 17668 KB] g=24, 421 evaluated, 8 expanded
[t=1.16835s, 17668 KB] New best heuristic value for lmcut(): 17
[t=1.16898s, 17668 KB] g=28, 618 evaluated, 12 expanded
[t=116.604s, 20872 KB] New best heuristic value for lmcut(): 16
[t=116.608s, 20872 KB] g=30, 76498 evaluated, 1692 expanded, 30 reopened
[t=116.78s, 20872 KB] New best heuristic value for lmcut(): 15
[t=116.784s, 20872 KB] g=32, 76618 evaluated, 1694 expanded, 30 reopened
[t=116.8s, 20872 KB] New best heuristic value for lmcut(): 14
[t=116.8s, 20872 KB] g=33, 76630 evaluated, 1695 expanded, 30 reopened
[t=122.046s, 21008 KB] New best heuristic value for lmcut(): 12
[t=122.049s, 21008 KB] g=37, 80415 evaluated, 1777 expanded, 30 reopened
[t=122.07s, 21008 KB] New best heuristic value for lmcut(): 11
[t=122.072s, 21008 KB] g=38, 80433 evaluated, 1778 expanded, 30 reopened
[t=127.105s, 21144 KB] New best heuristic value for lmcut(): 10
[t=127.107s, 21144 KB] g=40, 84500 evaluated, 1867 expanded, 30 reopened
[t=127.808s, 21144 KB] New best heuristic value for lmcut(): 9
[t=127.809s, 21144 KB] g=42, 85047 evaluated, 1879 expanded, 30 reopened
[t=127.816s, 21144 KB] New best heuristic value for lmcut(): 8
[t=127.82s, 21144 KB] g=43, 85057 evaluated, 1880 expanded, 30 reopened
[t=132.002s, 21276 KB] New best heuristic value for lmcut(): 6
[t=132.003s, 21276 KB] g=47, 88918 evaluated, 1964 expanded, 30 reopened
[t=132.017s, 21276 KB] New best heuristic value for lmcut(): 5
[t=132.018s, 21276 KB] g=48, 88934 evaluated, 1965 expanded, 30 reopened
[t=133.015s, 21276 KB] New best heuristic value for lmcut(): 4
[t=133.016s, 21276 KB] g=52, 89986 evaluated, 1987 expanded, 30 reopened
[t=141.288s, 21684 KB] New best heuristic value for lmcut(): 3
[t=141.289s, 21684 KB] g=53, 98134 evaluated, 2189 expanded, 30 reopened
[t=141.324s, 21684 KB] New best heuristic value for lmcut(): 2
[t=141.328s, 21684 KB] g=54, 98173 evaluated, 2190 expanded, 30 reopened
Peak memory: 52904 KB
caught signal 24 -- exiting
Time limit has been reached.
Remove intermediate file output.sas
search exit code: 23

Driver aborting after search
INFO     Planner time: 895.50s
