INFO     planner time limit: 900s
INFO     planner memory limit: 3584 MB

INFO     Running translator.
INFO     translator stdin: None
INFO     translator time limit: 899s
INFO     translator memory limit: 3584 MB
INFO     translator command line string: /usr/local/downward-projects/downward/experiments/assign3/.venv/bin/python3 /usr/local/downward-projects/downward/experiments/assign3/data/assign3-anytime_exp/code-fe4f0f1bb525c059c1938ac01bab1b7bae200873_e5e41175/builds/release/bin/translate/translate.py domain.pddl problem.pddl --sas-file output.sas
Parsing...
Parsing: [0.000s CPU, 0.005s wall-clock]
Normalizing task... [0.000s CPU, 0.000s wall-clock]
Instantiating...
Generating Datalog program... [0.000s CPU, 0.001s wall-clock]
Normalizing Datalog program...
Normalizing Datalog program: [0.010s CPU, 0.006s wall-clock]
Preparing model... [0.000s CPU, 0.004s wall-clock]
Generated 198 rules.
Computing model... [0.240s CPU, 0.233s wall-clock]
18703 relevant atoms
11829 auxiliary atoms
30532 final queue length
102204 total queue pushes
Completing instantiation... [0.970s CPU, 0.976s wall-clock]
Instantiating: [1.230s CPU, 1.229s wall-clock]
Computing fact groups...
Finding invariants...
24 initial candidates
Finding invariants: [0.020s CPU, 0.021s wall-clock]
Checking invariant weight... [0.000s CPU, 0.001s wall-clock]
Instantiating groups... [0.010s CPU, 0.007s wall-clock]
Collecting mutex groups... [0.000s CPU, 0.000s wall-clock]
Choosing groups...
286 uncovered facts
Choosing groups: [0.000s CPU, 0.001s wall-clock]
Building translation key... [0.000s CPU, 0.001s wall-clock]
Computing fact groups: [0.030s CPU, 0.034s wall-clock]
Building STRIPS to SAS dictionary... [0.010s CPU, 0.001s wall-clock]
Building dictionary for full mutex groups... [0.000s CPU, 0.000s wall-clock]
Building mutex information...
Building mutex information: [0.000s CPU, 0.000s wall-clock]
Translating task...
Processing axioms...
Simplifying axioms... [0.000s CPU, 0.000s wall-clock]
Translator axioms removed by simplifying: 0
Computing negative axioms... [0.000s CPU, 0.000s wall-clock]
Processing axioms: [0.030s CPU, 0.033s wall-clock]
Translating task: [0.900s CPU, 0.910s wall-clock]
9339 effect conditions simplified
0 implied preconditions added
Detecting unreachable propositions...
0 operators removed
0 axioms removed
90 propositions removed
Detecting unreachable propositions: [0.570s CPU, 0.562s wall-clock]
Reordering and filtering variables...
316 of 325 variables necessary.
72 of 100 mutex groups necessary.
17556 of 17556 operators necessary.
0 of 0 axiom rules necessary.
Reordering and filtering variables: [0.140s CPU, 0.138s wall-clock]
Translator variables: 316
Translator derived variables: 0
Translator facts: 871
Translator goal facts: 77
Translator mutex groups: 72
Translator total mutex groups size: 267
Translator operators: 17556
Translator axioms: 0
Translator task size: 151796
Translator peak memory: 132300 KB
Writing output... [0.120s CPU, 0.125s wall-clock]
Done! [3.040s CPU, 3.049s wall-clock]
translate exit code: 0

INFO     Running search (release).
INFO     search stdin: output.sas
INFO     search time limit: 896s
INFO     search memory limit: 3584 MB
INFO     search command line string: /usr/local/downward-projects/downward/experiments/assign3/data/assign3-anytime_exp/code-fe4f0f1bb525c059c1938ac01bab1b7bae200873_e5e41175/builds/release/bin/downward --evaluator 'h=lmcut()' --search 'iterated([
            eager_wastar([h],w=5),
            eager_wastar([h],w=4),
            eager_wastar([h],w=3),
            eager_wastar([h],w=2),
            astar(h)
        ],continue_on_fail=true)' --internal-plan-file sas_plan < output.sas
[t=0.00188285s, 10884 KB] reading input...
[t=0.0816501s, 17540 KB] done reading input!
[t=0.0936068s, 23268 KB] Initializing landmark cut heuristic...
[t=0.0975278s, 23268 KB] Building successor generator...done!
[t=0.103358s, 25100 KB] peak memory difference for successor generator creation: 1832 KB
[t=0.103443s, 25100 KB] time for successor generation creation: 0.00384958s
[t=0.103469s, 25100 KB] Variables: 316
[t=0.1035s, 25100 KB] FactPairs: 871
[t=0.103523s, 25100 KB] Bytes per state: 56
[t=0.103547s, 25100 KB] Start Timestep: 1682531175097 millisecond(s).
[t=0.103648s, 25100 KB] Building successor generator...done!
[t=0.103751s, 25100 KB] peak memory difference for successor generator creation: 0 KB
[t=0.10379s, 25100 KB] time for successor generation creation: 0s
[t=0.103814s, 25100 KB] Variables: 316
[t=0.10384s, 25100 KB] FactPairs: 871
[t=0.103864s, 25100 KB] Bytes per state: 56
[t=0.103887s, 25100 KB] Starting search: eager_wastar([h],w=5)
[t=0.103918s, 25100 KB] Conducting best first search with reopening closed nodes, (real) bound = 2147483647
[t=0.125292s, 25100 KB] New best heuristic value for lmcut(): 940
[t=0.125821s, 25100 KB] g=0, 1 evaluated, 0 expanded
[t=0.125849s, 25100 KB] Initial heuristic value for lmcut(): 940
[t=0.125877s, 25100 KB] pruning method: none
[t=0.125901s, 25100 KB] Start Timestep: 1682531175120 millisecond(s).
[t=0.165041s, 25100 KB] New best heuristic value for lmcut(): 930
[t=0.167678s, 25100 KB] g=10, 3 evaluated, 1 expanded
[t=0.184971s, 25100 KB] New best heuristic value for lmcut(): 920
[t=0.188455s, 25100 KB] g=20, 4 evaluated, 1 expanded
[t=0.208912s, 25100 KB] New best heuristic value for lmcut(): 910
[t=0.209152s, 25100 KB] g=30, 5 evaluated, 1 expanded
[t=0.971495s, 25100 KB] New best heuristic value for lmcut(): 890
[t=0.974018s, 25100 KB] g=30, 69 evaluated, 1 expanded
[t=1.24297s, 25100 KB] New best heuristic value for lmcut(): 840
[t=1.24443s, 25100 KB] g=30, 93 evaluated, 1 expanded
[t=2.58359s, 25100 KB] New best heuristic value for lmcut(): 830
[t=2.5853s, 25100 KB] g=40, 214 evaluated, 2 expanded
[t=2.59952s, 25100 KB] New best heuristic value for lmcut(): 820
[t=2.60313s, 25100 KB] g=50, 215 evaluated, 2 expanded
[t=4.46031s, 25100 KB] New best heuristic value for lmcut(): 810
[t=4.46145s, 25100 KB] g=60, 410 evaluated, 2 expanded
[t=4.49623s, 25100 KB] New best heuristic value for lmcut(): 800
[t=4.49705s, 25100 KB] g=70, 414 evaluated, 3 expanded
[t=4.51216s, 25100 KB] New best heuristic value for lmcut(): 790
[t=4.51405s, 25100 KB] g=80, 415 evaluated, 3 expanded
[t=6.54913s, 25100 KB] New best heuristic value for lmcut(): 780
[t=6.54938s, 25100 KB] g=90, 632 evaluated, 4 expanded
[t=6.72086s, 25100 KB] New best heuristic value for lmcut(): 775
[t=6.7224s, 25100 KB] g=95, 642 evaluated, 4 expanded
[t=6.78866s, 25100 KB] New best heuristic value for lmcut(): 770
[t=6.7905s, 25100 KB] g=110, 646 evaluated, 4 expanded
[t=8.81948s, 25100 KB] New best heuristic value for lmcut(): 760
[t=8.8197s, 25100 KB] g=120, 863 evaluated, 5 expanded
[t=8.98796s, 25100 KB] New best heuristic value for lmcut(): 755
[t=8.98908s, 25100 KB] g=125, 873 evaluated, 5 expanded
[t=10.8841s, 25100 KB] New best heuristic value for lmcut(): 745
[t=10.8851s, 25100 KB] g=135, 1085 evaluated, 6 expanded
[t=12.7631s, 25100 KB] New best heuristic value for lmcut(): 740
[t=12.7643s, 25100 KB] g=145, 1298 evaluated, 7 expanded
[t=12.9706s, 25100 KB] New best heuristic value for lmcut(): 735
[t=12.9726s, 25100 KB] g=165, 1311 evaluated, 7 expanded
[t=14.7026s, 25100 KB] New best heuristic value for lmcut(): 730
[t=14.706s, 25100 KB] g=155, 1520 evaluated, 8 expanded
[t=14.9261s, 25100 KB] New best heuristic value for lmcut(): 725
[t=14.9277s, 25100 KB] g=175, 1534 evaluated, 8 expanded
[t=16.6668s, 25100 KB] New best heuristic value for lmcut(): 715
[t=16.6672s, 25100 KB] g=165, 1755 evaluated, 8 expanded
[t=16.8357s, 25100 KB] New best heuristic value for lmcut(): 710
[t=16.8364s, 25100 KB] g=175, 1766 evaluated, 9 expanded
[t=17.055s, 25100 KB] New best heuristic value for lmcut(): 705
[t=17.0554s, 25100 KB] g=195, 1780 evaluated, 9 expanded
[t=18.7377s, 25100 KB] New best heuristic value for lmcut(): 700
[t=18.738s, 25100 KB] g=185, 1999 evaluated, 10 expanded
[t=18.9519s, 25100 KB] New best heuristic value for lmcut(): 695
[t=18.9522s, 25100 KB] g=205, 2013 evaluated, 10 expanded
[t=20.3791s, 25100 KB] New best heuristic value for lmcut(): 660
[t=20.3793s, 25100 KB] g=220, 2217 evaluated, 10 expanded
[t=20.6638s, 25100 KB] New best heuristic value for lmcut(): 655
[t=20.6646s, 25100 KB] g=230, 2236 evaluated, 11 expanded
[t=20.8749s, 25100 KB] New best heuristic value for lmcut(): 650
[t=20.8756s, 25100 KB] g=250, 2250 evaluated, 11 expanded
[t=22.5474s, 25100 KB] New best heuristic value for lmcut(): 645
[t=22.5481s, 25100 KB] g=240, 2473 evaluated, 12 expanded
[t=22.7525s, 25100 KB] New best heuristic value for lmcut(): 640
[t=22.7533s, 25100 KB] g=260, 2487 evaluated, 12 expanded
[t=23.9591s, 25100 KB] New best heuristic value for lmcut(): 605
[t=23.9595s, 25100 KB] g=275, 2680 evaluated, 12 expanded
[t=24.4276s, 25100 KB] New best heuristic value for lmcut(): 600
[t=24.4287s, 25100 KB] g=285, 2713 evaluated, 13 expanded
[t=24.6269s, 25100 KB] New best heuristic value for lmcut(): 595
[t=24.6274s, 25100 KB] g=305, 2727 evaluated, 13 expanded
[t=26.2559s, 25100 KB] New best heuristic value for lmcut(): 590
[t=26.256s, 25100 KB] g=295, 2953 evaluated, 14 expanded
[t=26.4741s, 25100 KB] New best heuristic value for lmcut(): 585
[t=26.4743s, 25100 KB] g=315, 2973 evaluated, 14 expanded
[t=28.1189s, 25100 KB] New best heuristic value for lmcut(): 580
[t=28.1198s, 25100 KB] g=305, 3211 evaluated, 15 expanded
[t=28.3321s, 25100 KB] New best heuristic value for lmcut(): 575
[t=28.3328s, 25100 KB] g=325, 3230 evaluated, 15 expanded
[t=29.7476s, 25100 KB] New best heuristic value for lmcut(): 555
[t=29.748s, 25100 KB] g=325, 3454 evaluated, 15 expanded
[t=30.1091s, 25100 KB] New best heuristic value for lmcut(): 550
[t=30.1094s, 25100 KB] g=335, 3482 evaluated, 16 expanded
[t=30.3162s, 25100 KB] New best heuristic value for lmcut(): 545
[t=30.317s, 25100 KB] g=355, 3501 evaluated, 16 expanded
[t=32.0459s, 25100 KB] New best heuristic value for lmcut(): 540
[t=32.0462s, 25100 KB] g=345, 3752 evaluated, 17 expanded
[t=32.2438s, 25100 KB] New best heuristic value for lmcut(): 535
[t=32.2445s, 25100 KB] g=365, 3770 evaluated, 17 expanded
[t=34.0194s, 25100 KB] New best heuristic value for lmcut(): 530
[t=34.0199s, 25100 KB] g=355, 4023 evaluated, 18 expanded
[t=34.3401s, 25100 KB] New best heuristic value for lmcut(): 525
[t=34.3412s, 25100 KB] g=375, 4060 evaluated, 18 expanded
[t=36.0025s, 25100 KB] New best heuristic value for lmcut(): 520
[t=36.0036s, 25100 KB] g=365, 4303 evaluated, 19 expanded
[t=36.3188s, 25100 KB] New best heuristic value for lmcut(): 515
[t=36.3194s, 25100 KB] g=385, 4340 evaluated, 19 expanded
[t=37.8139s, 25100 KB] New best heuristic value for lmcut(): 510
[t=37.8143s, 25100 KB] g=375, 4571 evaluated, 20 expanded
[t=38.122s, 25100 KB] New best heuristic value for lmcut(): 505
[t=38.123s, 25100 KB] g=395, 4608 evaluated, 20 expanded
[t=39.4533s, 25100 KB] New best heuristic value for lmcut(): 500
[t=39.454s, 25100 KB] g=385, 4827 evaluated, 21 expanded
[t=39.7557s, 25100 KB] New best heuristic value for lmcut(): 495
[t=39.7566s, 25100 KB] g=405, 4864 evaluated, 21 expanded
[t=41.0031s, 25100 KB] New best heuristic value for lmcut(): 490
[t=41.0034s, 25100 KB] g=395, 5077 evaluated, 22 expanded
[t=41.2919s, 25100 KB] New best heuristic value for lmcut(): 485
[t=41.2923s, 25100 KB] g=415, 5114 evaluated, 22 expanded
[t=42.4257s, 25100 KB] New best heuristic value for lmcut(): 480
[t=42.426s, 25100 KB] g=405, 5322 evaluated, 23 expanded
[t=42.7074s, 25100 KB] New best heuristic value for lmcut(): 475
[t=42.7075s, 25100 KB] g=425, 5359 evaluated, 23 expanded
[t=43.8622s, 25100 KB] New best heuristic value for lmcut(): 470
[t=43.8631s, 25100 KB] g=430, 5581 evaluated, 24 expanded
[t=45.2235s, 25100 KB] New best heuristic value for lmcut(): 460
[t=45.2245s, 25100 KB] g=460, 5877 evaluated, 25 expanded
[t=46.4599s, 25100 KB] New best heuristic value for lmcut(): 450
[t=46.4601s, 25100 KB] g=470, 6109 evaluated, 26 expanded
[t=47.7315s, 25100 KB] New best heuristic value for lmcut(): 440
[t=47.732s, 25100 KB] g=500, 6368 evaluated, 27 expanded
[t=47.8782s, 25100 KB] New best heuristic value for lmcut(): 430
[t=47.8787s, 25100 KB] g=490, 6404 evaluated, 27 expanded
[t=48.8378s, 25100 KB] New best heuristic value for lmcut(): 420
[t=48.8388s, 25100 KB] g=520, 6591 evaluated, 28 expanded
[t=49.9687s, 25100 KB] New best heuristic value for lmcut(): 410
[t=49.9696s, 25100 KB] g=530, 6821 evaluated, 29 expanded
[t=51.1435s, 25100 KB] New best heuristic value for lmcut(): 400
[t=51.1464s, 25100 KB] g=540, 7076 evaluated, 30 expanded
[t=52.3551s, 25100 KB] New best heuristic value for lmcut(): 395
[t=52.3554s, 25100 KB] g=550, 7327 evaluated, 31 expanded
[t=59.013s, 25100 KB] New best heuristic value for lmcut(): 380
[t=59.0166s, 25100 KB] g=570, 8961 evaluated, 39 expanded
[t=88.7315s, 25712 KB] New best heuristic value for lmcut(): 350
[t=88.7316s, 25712 KB] g=610, 17029 evaluated, 82 expanded
[t=89.4887s, 25712 KB] New best heuristic value for lmcut(): 335
[t=89.4894s, 25712 KB] g=625, 17234 evaluated, 83 expanded
[t=93.4851s, 25844 KB] New best heuristic value for lmcut(): 325
[t=93.4859s, 25844 KB] g=665, 18491 evaluated, 91 expanded
[t=93.6847s, 25844 KB] New best heuristic value for lmcut(): 305
[t=93.6852s, 25844 KB] g=665, 18605 evaluated, 91 expanded
[t=94.0021s, 25844 KB] New best heuristic value for lmcut(): 295
[t=94.0023s, 25844 KB] g=695, 18665 evaluated, 92 expanded
[t=94.2658s, 25844 KB] New best heuristic value for lmcut(): 290
[t=94.2664s, 25844 KB] g=680, 18792 evaluated, 92 expanded
[t=94.5376s, 25844 KB] New best heuristic value for lmcut(): 280
[t=94.5385s, 25844 KB] g=710, 18846 evaluated, 93 expanded
[t=95.0791s, 25844 KB] New best heuristic value for lmcut(): 270
[t=95.0802s, 25844 KB] g=720, 19093 evaluated, 94 expanded
[t=95.4731s, 25976 KB] New best heuristic value for lmcut(): 260
[t=95.4742s, 25976 KB] g=730, 19243 evaluated, 95 expanded
[t=95.7095s, 25976 KB] New best heuristic value for lmcut(): 255
[t=95.7098s, 25976 KB] g=735, 19307 evaluated, 95 expanded
[t=95.9022s, 25976 KB] New best heuristic value for lmcut(): 245
[t=95.9023s, 25976 KB] g=745, 19405 evaluated, 96 expanded
[t=96.5152s, 25976 KB] New best heuristic value for lmcut(): 240
[t=96.5154s, 25976 KB] g=755, 19618 evaluated, 97 expanded
[t=98.8758s, 26108 KB] New best heuristic value for lmcut(): 210
[t=98.8763s, 26108 KB] g=790, 20621 evaluated, 105 expanded
[t=103.385s, 26240 KB] New best heuristic value for lmcut(): 190
[t=103.385s, 26240 KB] g=820, 22774 evaluated, 120 expanded
[t=103.687s, 26240 KB] New best heuristic value for lmcut(): 180
[t=103.688s, 26240 KB] g=830, 22918 evaluated, 121 expanded
[t=105.479s, 26372 KB] New best heuristic value for lmcut(): 160
[t=105.479s, 26372 KB] g=860, 23899 evaluated, 129 expanded
[t=105.701s, 26372 KB] New best heuristic value for lmcut(): 150
[t=105.702s, 26372 KB] g=870, 24026 evaluated, 130 expanded
Peak memory: 78696 KB
caught signal 24 -- exiting
Time limit has been reached.
Remove intermediate file output.sas
search exit code: 23

Driver aborting after search
INFO     Planner time: 894.86s
