INFO     planner time limit: 300s
INFO     planner memory limit: 3584 MB

INFO     Running translator.
INFO     translator stdin: None
INFO     translator time limit: 299s
INFO     translator memory limit: 3584 MB
INFO     translator command line string: /usr/local/downward-projects/downward/experiments/.venv/bin/python3 /usr/local/downward-projects/downward/experiments/src/thesis/data/thesis-thesis_exp/code-d93485cdd92f65ede2ae3573b3f4adda0b49e4fd_e5e41175/builds/release/bin/translate/translate.py domain.pddl problem.pddl --sas-file output.sas
Parsing...
Parsing: [0.010s CPU, 0.004s wall-clock]
Normalizing task... [0.000s CPU, 0.000s wall-clock]
Instantiating...
Generating Datalog program... [0.000s CPU, 0.001s wall-clock]
Normalizing Datalog program...
Duplicate arguments: Adding equality conditions.
Normalizing Datalog program: [0.000s CPU, 0.003s wall-clock]
Preparing model... [0.000s CPU, 0.002s wall-clock]
Generated 129 rules.
Computing model... [0.080s CPU, 0.074s wall-clock]
6489 relevant atoms
6462 auxiliary atoms
12951 final queue length
28100 total queue pushes
Completing instantiation... [0.190s CPU, 0.192s wall-clock]
Instantiating: [0.270s CPU, 0.274s wall-clock]
Computing fact groups...
Finding invariants...
36 initial candidates
Finding invariants: [0.130s CPU, 0.130s wall-clock]
Checking invariant weight... [0.000s CPU, 0.001s wall-clock]
Instantiating groups... [0.010s CPU, 0.002s wall-clock]
Collecting mutex groups... [0.000s CPU, 0.001s wall-clock]
Choosing groups...
0 uncovered facts
Choosing groups: [0.000s CPU, 0.002s wall-clock]
Building translation key... [0.000s CPU, 0.001s wall-clock]
Computing fact groups: [0.140s CPU, 0.141s wall-clock]
Building STRIPS to SAS dictionary... [0.000s CPU, 0.000s wall-clock]
Building dictionary for full mutex groups... [0.010s CPU, 0.001s wall-clock]
Building mutex information...
Building mutex information: [0.000s CPU, 0.001s wall-clock]
Translating task...
Processing axioms...
Simplifying axioms... [0.000s CPU, 0.000s wall-clock]
Translator axioms removed by simplifying: 0
Computing negative axioms... [0.000s CPU, 0.000s wall-clock]
Processing axioms: [0.000s CPU, 0.008s wall-clock]
Translating task: [0.200s CPU, 0.210s wall-clock]
0 effect conditions simplified
0 implied preconditions added
Detecting unreachable propositions...
0 operators removed
0 axioms removed
37 propositions removed
Detecting unreachable propositions: [0.160s CPU, 0.155s wall-clock]
Reordering and filtering variables...
40 of 40 variables necessary.
44 of 63 mutex groups necessary.
5418 of 5418 operators necessary.
0 of 0 axiom rules necessary.
Reordering and filtering variables: [0.030s CPU, 0.029s wall-clock]
Translator variables: 40
Translator derived variables: 0
Translator facts: 857
Translator goal facts: 36
Translator mutex groups: 44
Translator total mutex groups size: 1669
Translator operators: 5418
Translator axioms: 0
Translator task size: 42886
Translator peak memory: 59220 KB
Writing output... [0.030s CPU, 0.031s wall-clock]
Done! [0.860s CPU, 0.858s wall-clock]
translate exit code: 0

INFO     Running search (release).
INFO     search stdin: output.sas
INFO     search time limit: 299s
INFO     search memory limit: 3584 MB
INFO     search command line string: /usr/local/downward-projects/downward/experiments/src/thesis/data/thesis-thesis_exp/code-d93485cdd92f65ede2ae3573b3f4adda0b49e4fd_e5e41175/builds/release/bin/downward --evaluator 'h=ff()' --search 'eager(alt([type_based([h, g()], random_seed=-1), single(h)]))' --internal-plan-file sas_plan < output.sas
[t=0s, 11364 KB] reading input...
[t=0.023915s, 14372 KB] done reading input!
[t=0.0241401s, 15724 KB] Simplifying 18000 unary operators... done! [17388 unary operators]
[t=0.0449167s, 16956 KB] time to simplify: 0.0207766s
[t=0.0459259s, 16956 KB] Initializing additive heuristic...
[t=0.0463614s, 16956 KB] Initializing FF heuristic...
[t=0.0463898s, 16956 KB] Building successor generator...done!
[t=0.0481538s, 16956 KB] peak memory difference for successor generator creation: 0 KB
[t=0.0482124s, 16956 KB] time for successor generation creation: 0.00119801s
[t=0.0482382s, 16956 KB] Variables: 40
[t=0.0482671s, 16956 KB] FactPairs: 857
[t=0.0482905s, 16956 KB] Bytes per state: 20
[t=0.0483139s, 16956 KB] Conducting best first search without reopening closed nodes, (real) bound = 2147483647
[t=0.0483754s, 16956 KB] New best heuristic value for ff(): 5
[t=0.0486149s, 16956 KB] g=0, 1 evaluated, 0 expanded
[t=0.0486427s, 16956 KB] Initial heuristic value for ff(): 5
[t=0.0486715s, 16956 KB] pruning method: none
[t=0.0486945s, 16956 KB] Start Timestep: 1687904758913 millisecond(s).
[t=0.0487559s, 16956 KB] New best heuristic value for ff(): 4
[t=0.0489569s, 16956 KB] g=1, 2 evaluated, 1 expanded
[t=0.0516073s, 16956 KB] New best heuristic value for ff(): 3
[t=0.0541433s, 16956 KB] g=2, 40 evaluated, 2 expanded
[t=0.0634056s, 16956 KB] New best heuristic value for ff(): 2
[t=0.0636864s, 16956 KB] g=3, 111 evaluated, 4 expanded
[t=0.0713501s, 16956 KB] New best heuristic value for ff(): 1
[t=0.0736843s, 16956 KB] g=4, 186 evaluated, 6 expanded
[t=0.0753113s, 16956 KB] New best heuristic value for ff(): 0
[t=0.0783361s, 16956 KB] g=5, 221 evaluated, 7 expanded
Peak memory: 154400 KB
caught signal 24 -- exiting
Time limit has been reached.
Remove intermediate file output.sas
search exit code: 23

Driver aborting after search
INFO     Planner time: 299.14s
