INFO     planner time limit: 300s
INFO     planner memory limit: 3584 MB

INFO     Running translator.
INFO     translator stdin: None
INFO     translator time limit: 299s
INFO     translator memory limit: 3584 MB
INFO     translator command line string: /usr/local/downward-projects/downward/experiments/.venv/bin/python3 /usr/local/downward-projects/downward/experiments/src/thesis/data/thesis-thesis_exp/code-d93485cdd92f65ede2ae3573b3f4adda0b49e4fd_e5e41175/builds/release/bin/translate/translate.py domain.pddl problem.pddl --sas-file output.sas
Parsing...
Parsing: [0.010s CPU, 0.004s wall-clock]
Normalizing task... [0.000s CPU, 0.000s wall-clock]
Instantiating...
Generating Datalog program... [0.000s CPU, 0.001s wall-clock]
Normalizing Datalog program...
Normalizing Datalog program: [0.000s CPU, 0.002s wall-clock]
Preparing model... [0.000s CPU, 0.003s wall-clock]
Generated 46 rules.
Computing model... [0.090s CPU, 0.092s wall-clock]
12114 relevant atoms
6216 auxiliary atoms
18330 final queue length
38523 total queue pushes
Completing instantiation... [0.310s CPU, 0.325s wall-clock]
Instantiating: [0.420s CPU, 0.426s wall-clock]
Computing fact groups...
Finding invariants...
12 initial candidates
Finding invariants: [0.000s CPU, 0.005s wall-clock]
Checking invariant weight... [0.000s CPU, 0.000s wall-clock]
Instantiating groups... [0.000s CPU, 0.003s wall-clock]
Collecting mutex groups... [0.000s CPU, 0.000s wall-clock]
Choosing groups...
0 uncovered facts
Choosing groups: [0.000s CPU, 0.001s wall-clock]
Building translation key... [0.000s CPU, 0.001s wall-clock]
Computing fact groups: [0.010s CPU, 0.013s wall-clock]
Building STRIPS to SAS dictionary... [0.000s CPU, 0.000s wall-clock]
Building dictionary for full mutex groups... [0.000s CPU, 0.000s wall-clock]
Building mutex information...
Building mutex information: [0.000s CPU, 0.000s wall-clock]
Translating task...
Processing axioms...
Simplifying axioms... [0.000s CPU, 0.000s wall-clock]
Translator axioms removed by simplifying: 0
Computing negative axioms... [0.000s CPU, 0.000s wall-clock]
Processing axioms: [0.010s CPU, 0.014s wall-clock]
Translating task: [0.340s CPU, 0.341s wall-clock]
0 effect conditions simplified
0 implied preconditions added
Detecting unreachable propositions...
0 operators removed
0 axioms removed
37 propositions removed
Detecting unreachable propositions: [0.200s CPU, 0.199s wall-clock]
Reordering and filtering variables...
37 of 37 variables necessary.
0 of 37 mutex groups necessary.
10668 of 10668 operators necessary.
0 of 0 axiom rules necessary.
Reordering and filtering variables: [0.040s CPU, 0.035s wall-clock]
Translator variables: 37
Translator derived variables: 0
Translator facts: 880
Translator goal facts: 27
Translator mutex groups: 0
Translator total mutex groups size: 0
Translator operators: 10668
Translator axioms: 0
Translator task size: 64052
Translator peak memory: 74676 KB
Writing output... [0.050s CPU, 0.047s wall-clock]
Done! [1.090s CPU, 1.084s wall-clock]
translate exit code: 0

INFO     Running search (release).
INFO     search stdin: output.sas
INFO     search time limit: 298s
INFO     search memory limit: 3584 MB
INFO     search command line string: /usr/local/downward-projects/downward/experiments/src/thesis/data/thesis-thesis_exp/code-d93485cdd92f65ede2ae3573b3f4adda0b49e4fd_e5e41175/builds/release/bin/downward --evaluator 'h=ff()' --search 'eager(epsilon_greedy(h, epsilon=0.2))' --internal-plan-file sas_plan < output.sas
[t=0s, 11364 KB] reading input...
[t=0.0319544s, 14208 KB] done reading input!
[t=0.0359311s, 15808 KB] Simplifying 21036 unary operators... done! [21036 unary operators]
[t=0.0491688s, 17504 KB] time to simplify: 0.0132378s
[t=0.0502559s, 17504 KB] Initializing additive heuristic...
[t=0.0506598s, 17504 KB] Initializing FF heuristic...
[t=0.0506867s, 17504 KB] Building successor generator...done!
[t=0.0543483s, 17900 KB] peak memory difference for successor generator creation: 396 KB
[t=0.0544028s, 17900 KB] time for successor generation creation: 0.00103811s
[t=0.0544274s, 17900 KB] Variables: 37
[t=0.0544539s, 17900 KB] FactPairs: 880
[t=0.0544765s, 17900 KB] Bytes per state: 24
[t=0.0544993s, 17900 KB] Conducting best first search without reopening closed nodes, (real) bound = 2147483647
[t=0.0545462s, 17900 KB] New best heuristic value for ff(): 255
[t=0.0548301s, 17900 KB] g=0, 1 evaluated, 0 expanded
[t=0.054856s, 17900 KB] Initial heuristic value for ff(): 255
[t=0.0548814s, 17900 KB] pruning method: none
[t=0.0549031s, 17900 KB] Start Timestep: 1687929432887 millisecond(s).
[t=0.0549456s, 17900 KB] New best heuristic value for ff(): 194
[t=0.0552028s, 17900 KB] g=6, 2 evaluated, 1 expanded
[t=0.0552274s, 17900 KB] New best heuristic value for ff(): 181
[t=0.0556745s, 17900 KB] g=7, 4 evaluated, 1 expanded
[t=0.0556999s, 17900 KB] New best heuristic value for ff(): 180
[t=0.0559397s, 17900 KB] g=8, 5 evaluated, 1 expanded
[t=0.05958s, 17900 KB] New best heuristic value for ff(): 179
[t=0.0596663s, 17900 KB] g=6, 24 evaluated, 1 expanded
[t=0.0596909s, 17900 KB] New best heuristic value for ff(): 169
[t=0.063424s, 17900 KB] g=12, 43 evaluated, 2 expanded
[t=0.0635247s, 17900 KB] New best heuristic value for ff(): 166
[t=0.0637001s, 17900 KB] g=13, 44 evaluated, 2 expanded
[t=0.0637261s, 17900 KB] New best heuristic value for ff(): 165
[t=0.0639536s, 17900 KB] g=14, 45 evaluated, 2 expanded
[t=0.0674759s, 17900 KB] New best heuristic value for ff(): 160
[t=0.0702085s, 17900 KB] g=20, 78 evaluated, 3 expanded
[t=0.0702362s, 17900 KB] New best heuristic value for ff(): 157
[t=0.0704652s, 17900 KB] g=21, 79 evaluated, 3 expanded
[t=0.0704901s, 17900 KB] New best heuristic value for ff(): 156
[t=0.0707139s, 17900 KB] g=22, 80 evaluated, 3 expanded
[t=0.443355s, 17900 KB] New best heuristic value for ff(): 153
[t=0.445641s, 17900 KB] g=29, 2128 evaluated, 69 expanded
[t=0.445673s, 17900 KB] New best heuristic value for ff(): 151
[t=0.445911s, 17900 KB] g=28, 2129 evaluated, 69 expanded
[t=15.4012s, 23736 KB] New best heuristic value for ff(): 149
[t=15.4044s, 23736 KB] g=37, 81873 evaluated, 3062 expanded
[t=16.8767s, 23912 KB] New best heuristic value for ff(): 144
[t=16.8792s, 23912 KB] g=43, 89847 evaluated, 3334 expanded
[t=16.8792s, 23912 KB] New best heuristic value for ff(): 143
[t=16.8794s, 23912 KB] g=42, 89848 evaluated, 3334 expanded
Peak memory: 126456 KB
caught signal 24 -- exiting
Time limit has been reached.
Remove intermediate file output.sas
search exit code: 23

Driver aborting after search
INFO     Planner time: 298.84s
