INFO     planner time limit: 600s
INFO     planner memory limit: 3584 MB

INFO     Running translator.
INFO     translator stdin: None
INFO     translator time limit: 599s
INFO     translator memory limit: 3584 MB
INFO     translator command line string: /usr/local/downward-projects/downward/experiments/src/thesis/.venv/bin/python3 /usr/local/downward-projects/downward/experiments/src/thesis/data/thesis-thesis_exp/code-84c08dfff1890fbf6247184940c8166177195ea1_e5e41175/builds/release/bin/translate/translate.py domain.pddl problem.pddl --sas-file output.sas
Parsing...
Parsing: [0.010s CPU, 0.002s wall-clock]
Normalizing task... [0.000s CPU, 0.000s wall-clock]
Instantiating...
Generating Datalog program... [0.000s CPU, 0.000s wall-clock]
Normalizing Datalog program...
Normalizing Datalog program: [0.000s CPU, 0.003s wall-clock]
Preparing model... [0.000s CPU, 0.001s wall-clock]
Generated 74 rules.
Computing model... [0.060s CPU, 0.062s wall-clock]
6725 relevant atoms
1977 auxiliary atoms
8702 final queue length
31265 total queue pushes
Completing instantiation... [0.240s CPU, 0.242s wall-clock]
Instantiating: [0.300s CPU, 0.311s wall-clock]
Computing fact groups...
Finding invariants...
16 initial candidates
Finding invariants: [0.010s CPU, 0.007s wall-clock]
Checking invariant weight... [0.000s CPU, 0.000s wall-clock]
Instantiating groups... [0.000s CPU, 0.000s wall-clock]
Collecting mutex groups... [0.000s CPU, 0.000s wall-clock]
Choosing groups...
0 uncovered facts
Choosing groups: [0.000s CPU, 0.000s wall-clock]
Building translation key... [0.000s CPU, 0.000s wall-clock]
Computing fact groups: [0.010s CPU, 0.008s wall-clock]
Building STRIPS to SAS dictionary... [0.000s CPU, 0.000s wall-clock]
Building dictionary for full mutex groups... [0.000s CPU, 0.000s wall-clock]
Building mutex information...
Building mutex information: [0.000s CPU, 0.000s wall-clock]
Translating task...
Processing axioms...
Simplifying axioms... [0.000s CPU, 0.000s wall-clock]
Translator axioms removed by simplifying: 0
Computing negative axioms... [0.000s CPU, 0.000s wall-clock]
Processing axioms: [0.010s CPU, 0.010s wall-clock]
Translating task: [0.200s CPU, 0.196s wall-clock]
0 effect conditions simplified
0 implied preconditions added
Detecting unreachable propositions...
0 operators removed
0 axioms removed
13 propositions removed
Detecting unreachable propositions: [0.070s CPU, 0.075s wall-clock]
Reordering and filtering variables...
13 of 13 variables necessary.
0 of 13 mutex groups necessary.
4436 of 4436 operators necessary.
0 of 0 axiom rules necessary.
Reordering and filtering variables: [0.030s CPU, 0.028s wall-clock]
Translator variables: 13
Translator derived variables: 0
Translator facts: 70
Translator goal facts: 2
Translator mutex groups: 0
Translator total mutex groups size: 0
Translator operators: 4436
Translator axioms: 0
Translator task size: 37465
Translator peak memory: 58368 KB
Writing output... [0.030s CPU, 0.026s wall-clock]
Done! [0.660s CPU, 0.659s wall-clock]
translate exit code: 0

INFO     Running search (release).
INFO     search stdin: output.sas
INFO     search time limit: 599s
INFO     search memory limit: 3584 MB
INFO     search command line string: /usr/local/downward-projects/downward/experiments/src/thesis/data/thesis-thesis_exp/code-84c08dfff1890fbf6247184940c8166177195ea1_e5e41175/builds/release/bin/downward --evaluator 'h=ff()' --search 'eager(partition(h, plateau_partition(), inter_uniform(), intra_uniform() )) ' --internal-plan-file sas_plan < output.sas
[t=0.00170245s, 11732 KB] reading input...
[t=0.0184873s, 13204 KB] done reading input!
[t=0.0226491s, 14440 KB] Simplifying 14916 unary operators... done! [1596 unary operators]
[t=0.0300586s, 14988 KB] time to simplify: 0.00740956s
[t=0.0305466s, 14988 KB] Initializing additive heuristic...
[t=0.0306262s, 14988 KB] Initializing FF heuristic...
[t=0.0306513s, 14988 KB] Building successor generator...done!
[t=0.0319183s, 14988 KB] peak memory difference for successor generator creation: 0 KB
[t=0.0319632s, 14988 KB] time for successor generation creation: 0.000687552s
[t=0.0319886s, 14988 KB] Variables: 13
[t=0.0320953s, 14988 KB] FactPairs: 70
[t=0.0321185s, 14988 KB] Bytes per state: 8
[t=0.0321411s, 14988 KB] Conducting best first search without reopening closed nodes, (real) bound = 2147483647
[t=0.0322143s, 14988 KB] New best heuristic value for ff(): 32
[t=0.0322813s, 14988 KB] g=0, 1 evaluated, 0 expanded
[t=0.0323044s, 14988 KB] Initial heuristic value for ff(): 32
[t=0.0323343s, 14988 KB] pruning method: none
[t=0.032357s, 14988 KB] Start Timestep: 1693557923395 millisecond(s).
[t=0.0324022s, 14988 KB] New best heuristic value for ff(): 31
[t=0.0324701s, 14988 KB] g=1, 2 evaluated, 1 expanded
[t=0.0811499s, 14988 KB] New best heuristic value for ff(): 30
[t=0.082104s, 14988 KB] g=3, 801 evaluated, 6 expanded
[t=13.1423s, 17360 KB] New best heuristic value for ff(): 28
[t=13.1426s, 17360 KB] g=5, 15238 evaluated, 358 expanded
[t=13.8142s, 17360 KB] New best heuristic value for ff(): 26
[t=13.8144s, 17360 KB] g=6, 15551 evaluated, 366 expanded
[t=14.2411s, 17360 KB] New best heuristic value for ff(): 25
[t=14.2416s, 17360 KB] g=7, 15749 evaluated, 374 expanded
[t=19.2947s, 17764 KB] New best heuristic value for ff(): 24
[t=19.2954s, 17764 KB] g=10, 18388 evaluated, 444 expanded
[t=29.0614s, 19024 KB] New best heuristic value for ff(): 21
[t=29.062s, 19024 KB] g=13, 22554 evaluated, 569 expanded
[t=30.4941s, 19024 KB] New best heuristic value for ff(): 19
[t=30.4945s, 19024 KB] g=14, 23092 evaluated, 587 expanded
[t=31.6421s, 19156 KB] New best heuristic value for ff(): 18
[t=31.6427s, 19156 KB] g=15, 23509 evaluated, 604 expanded
[t=34.3974s, 19288 KB] New best heuristic value for ff(): 15
[t=34.3975s, 19288 KB] g=18, 24479 evaluated, 643 expanded
[t=39.3304s, 19552 KB] New best heuristic value for ff(): 14
[t=39.3306s, 19552 KB] g=20, 26103 evaluated, 712 expanded
[t=49.7291s, 20080 KB] New best heuristic value for ff(): 13
[t=49.7302s, 20080 KB] g=23, 29196 evaluated, 834 expanded
[t=59.8285s, 20728 KB] New best heuristic value for ff(): 12
[t=59.8294s, 20728 KB] g=24, 31829 evaluated, 946 expanded
[t=60.0637s, 20728 KB] New best heuristic value for ff(): 11
[t=60.0647s, 20728 KB] g=25, 31887 evaluated, 948 expanded
[t=70.3934s, 21124 KB] New best heuristic value for ff(): 10
[t=70.3938s, 21124 KB] g=27, 34291 evaluated, 1067 expanded
[t=71.0507s, 21124 KB] New best heuristic value for ff(): 9
[t=71.0512s, 21124 KB] g=29, 34437 evaluated, 1076 expanded
[t=74.2023s, 21256 KB] New best heuristic value for ff(): 6
[t=74.2032s, 21256 KB] g=33, 35120 evaluated, 1111 expanded
[t=76.3763s, 21256 KB] New best heuristic value for ff(): 5
[t=76.3767s, 21256 KB] g=34, 35579 evaluated, 1135 expanded
[t=79.6061s, 21388 KB] New best heuristic value for ff(): 4
[t=79.6068s, 21388 KB] g=37, 36235 evaluated, 1164 expanded
[t=90.0249s, 21652 KB] New best heuristic value for ff(): 3
[t=90.026s, 21652 KB] g=40, 38254 evaluated, 1240 expanded
[t=92.8199s, 21784 KB] New best heuristic value for ff(): 2
[t=92.8209s, 21784 KB] g=41, 38761 evaluated, 1272 expanded
[t=95.3857s, 21916 KB] New best heuristic value for ff(): 1
[t=95.386s, 21916 KB] g=43, 39218 evaluated, 1289 expanded
[t=99.0454s, 21916 KB] New best heuristic value for ff(): 0
[t=99.046s, 21916 KB] g=43, 39852 evaluated, 1318 expanded
[t=102.814s, 22048 KB] Solution found!
[t=102.815s, 22048 KB] Actual search time: 102.783s
drive_tent girl0 place0 place1 car2 tent0 (1)
drive_tent_passenger girl1 place0 place1 car0 tent1 guy1 (1)
drive_passenger girl0 place1 place0 car0 guy1 (1)
put_up girl1 place1 tent1 (1)
walk_together tent1 place1 guy0 place0 girl0 couple0 (1)
drive_tent girl1 place1 place2 car2 tent0 (1)
put_up girl1 place2 tent0 (1)
walk_together tent0 place2 guy0 place1 girl0 couple0 (1)
drive guy1 place0 place2 car0 (1)
drive_passenger girl0 place2 place4 car2 guy0 (1)
drive guy0 place4 place5 car2 (1)
drive_passenger girl1 place2 place0 car0 guy1 (1)
walk_together tent1 place1 guy1 place0 girl1 couple1 (1)
put_down girl1 place1 tent1 (1)
drive guy0 place5 place4 car2 (1)
walk_together tent0 place2 guy1 place1 girl1 couple1 (1)
drive girl0 place4 place1 car2 (1)
drive_tent girl0 place1 place3 car2 tent1 (1)
put_up girl0 place3 tent1 (1)
walk_together tent1 place3 guy1 place2 girl1 couple1 (1)
drive girl0 place3 place2 car2 (1)
put_down girl1 place3 tent1 (1)
put_down girl0 place2 tent0 (1)
drive_tent girl0 place2 place4 car2 tent0 (1)
put_up girl1 place3 tent1 (1)
put_up girl0 place4 tent0 (1)
drive_passenger girl0 place4 place2 car2 guy0 (1)
walk_together tent0 place4 guy1 place3 girl1 couple1 (1)
drive girl0 place2 place3 car2 (1)
put_down girl1 place4 tent0 (1)
drive girl0 place3 place4 car2 (1)
drive_passenger girl0 place4 place2 car2 girl1 (1)
walk_together tent1 place3 guy0 place2 girl0 couple0 (1)
drive girl1 place2 place4 car2 (1)
put_down girl0 place3 tent1 (1)
put_up girl1 place4 tent0 (1)
walk_together tent0 place4 guy0 place3 girl0 couple0 (1)
drive guy1 place4 place3 car2 (1)
drive_tent guy1 place3 place5 car2 tent1 (1)
put_up guy1 place5 tent1 (1)
walk_together tent1 place5 guy0 place4 girl0 couple0 (1)
drive_passenger guy0 place5 place4 car2 guy1 (1)
put_down guy0 place4 tent0 (1)
walk_together tent1 place5 guy1 place4 girl1 couple1 (1)
[t=102.815s, 22048 KB] Plan length: 44 step(s).
[t=102.815s, 22048 KB] Plan cost: 44
[t=102.815s, 22048 KB] Timestamp: 1693558027188 millisecond(s).
[t=102.815s, 22048 KB] Expanded 1342 state(s).
[t=102.815s, 22048 KB] Reopened 0 state(s).
[t=102.815s, 22048 KB] Evaluated 40486 state(s).
[t=102.815s, 22048 KB] Evaluations: 40486
[t=102.815s, 22048 KB] Generated 70306 state(s).
[t=102.815s, 22048 KB] Dead ends: 5 state(s).
[t=102.815s, 22048 KB] Number of registered states: 40486
[t=102.815s, 22048 KB] Int hash set load factor: 40486/65536 = 0.617767
[t=102.815s, 22048 KB] Int hash set resizes: 16
[t=102.815s, 22048 KB] Search time: 102.783s
[t=102.815s, 22048 KB] Total time: 102.815s
Solution found.
Peak memory: 22048 KB
Remove intermediate file output.sas
search exit code: 0

INFO     Running validate.
INFO     validate stdin: None
INFO     validate time limit: None
INFO     validate memory limit: None
INFO     validate command line string: validate domain.pddl problem.pddl sas_plan
Checking plan: sas_plan
Plan executed successfully - checking goal
Plan valid
Final value: 44 

Successful plans:
Value: 44
 sas_plan 44 

validate exit code: 0

INFO     Planner time: 103.58s
