INFO     planner time limit: 900s
INFO     planner memory limit: 3584 MB

INFO     Running translator.
INFO     translator stdin: None
INFO     translator time limit: 899s
INFO     translator memory limit: 3584 MB
INFO     translator command line string: /usr/local/downward-projects/downward/experiments/.venv/bin/python3 /usr/local/downward-projects/downward/experiments/src/thesis/data/thesis-thesis_exp/code-beb2e19b3d35a0ced2c328754445ca6967892fa8_e5e41175/builds/release/bin/translate/translate.py domain.pddl problem.pddl --sas-file output.sas
Parsing...
Parsing: [0.000s CPU, 0.001s wall-clock]
Normalizing task... [0.000s CPU, 0.000s wall-clock]
Instantiating...
Generating Datalog program... [0.000s CPU, 0.000s wall-clock]
Normalizing Datalog program...
Normalizing Datalog program: [0.000s CPU, 0.001s wall-clock]
Preparing model... [0.000s CPU, 0.001s wall-clock]
Generated 24 rules.
Computing model... [0.010s CPU, 0.007s wall-clock]
771 relevant atoms
520 auxiliary atoms
1291 final queue length
1744 total queue pushes
Completing instantiation... [0.010s CPU, 0.009s wall-clock]
Instantiating: [0.020s CPU, 0.019s wall-clock]
Computing fact groups...
Finding invariants...
10 initial candidates
Finding invariants: [0.000s CPU, 0.001s wall-clock]
Checking invariant weight... [0.000s CPU, 0.000s wall-clock]
Instantiating groups... [0.000s CPU, 0.004s wall-clock]
Collecting mutex groups... [0.000s CPU, 0.000s wall-clock]
Choosing groups...
0 uncovered facts
Choosing groups: [0.000s CPU, 0.001s wall-clock]
Building translation key... [0.000s CPU, 0.000s wall-clock]
Computing fact groups: [0.000s CPU, 0.008s wall-clock]
Building STRIPS to SAS dictionary... [0.000s CPU, 0.000s wall-clock]
Building dictionary for full mutex groups... [0.000s CPU, 0.000s wall-clock]
Building mutex information...
Building mutex information: [0.000s CPU, 0.000s wall-clock]
Translating task...
Processing axioms...
Simplifying axioms... [0.000s CPU, 0.000s wall-clock]
Translator axioms removed by simplifying: 0
Computing negative axioms... [0.000s CPU, 0.000s wall-clock]
Processing axioms: [0.010s CPU, 0.001s wall-clock]
Translating task: [0.010s CPU, 0.009s wall-clock]
0 effect conditions simplified
0 implied preconditions added
Detecting unreachable propositions...
0 operators removed
0 axioms removed
3 propositions removed
Detecting unreachable propositions: [0.010s CPU, 0.005s wall-clock]
Reordering and filtering variables...
53 of 53 variables necessary.
50 of 53 mutex groups necessary.
402 of 402 operators necessary.
0 of 0 axiom rules necessary.
Reordering and filtering variables: [0.000s CPU, 0.002s wall-clock]
Translator variables: 53
Translator derived variables: 0
Translator facts: 254
Translator goal facts: 50
Translator mutex groups: 50
Translator total mutex groups size: 200
Translator operators: 402
Translator axioms: 0
Translator task size: 2763
Translator peak memory: 33464 KB
Writing output... [0.000s CPU, 0.002s wall-clock]
Done! [0.040s CPU, 0.049s wall-clock]
translate exit code: 0

INFO     Running search (release).
INFO     search stdin: output.sas
INFO     search time limit: 899s
INFO     search memory limit: 3584 MB
INFO     search command line string: /usr/local/downward-projects/downward/experiments/src/thesis/data/thesis-thesis_exp/code-beb2e19b3d35a0ced2c328754445ca6967892fa8_e5e41175/builds/release/bin/downward --evaluator 'h=ff()' --search 'eager(alt([lwm_based_type(h), single(h)]))' --internal-plan-file sas_plan < output.sas
[t=0.00143772s, 11252 KB] reading input...
[t=0.00208327s, 11376 KB] done reading input!
[t=0.00416693s, 11776 KB] Simplifying 802 unary operators... done! [802 unary operators]
[t=0.00490468s, 11776 KB] time to simplify: 0.000737752s
[t=0.00497141s, 11776 KB] Initializing additive heuristic...
[t=0.00503805s, 11776 KB] Initializing FF heuristic...
[t=0.0050616s, 11776 KB] Building successor generator...done!
[t=0.00528071s, 11776 KB] peak memory difference for successor generator creation: 0 KB
[t=0.00532219s, 11776 KB] time for successor generation creation: 0s
[t=0.00534562s, 11776 KB] Variables: 53
[t=0.00537237s, 11776 KB] FactPairs: 254
[t=0.00539485s, 11776 KB] Bytes per state: 16
[t=0.0054172s, 11776 KB] Conducting best first search without reopening closed nodes, (real) bound = 2147483647
[t=0.00546972s, 11776 KB] New best heuristic value for ff(): 101
[t=0.00552243s, 11776 KB] g=0, 1 evaluated, 0 expanded
[t=0.00554506s, 11776 KB] Initial heuristic value for ff(): 101
[t=0.00557914s, 11776 KB] pruning method: none
[t=0.00560177s, 11776 KB] Start Timestep: 1685767256882 millisecond(s).
[t=0.00564103s, 11776 KB] New best heuristic value for ff(): 100
[t=0.00571098s, 11776 KB] g=1, 3 evaluated, 1 expanded
[t=0.00921474s, 11776 KB] New best heuristic value for ff(): 99
[t=0.0102048s, 11776 KB] g=3, 347 evaluated, 7 expanded
[t=0.0102429s, 11776 KB] New best heuristic value for ff(): 98
[t=0.0102758s, 11776 KB] g=4, 348 evaluated, 8 expanded
[t=0.010298s, 11776 KB] New best heuristic value for ff(): 97
[t=0.0103808s, 11776 KB] g=5, 352 evaluated, 10 expanded
[t=0.0104034s, 11776 KB] New best heuristic value for ff(): 96
[t=0.0105152s, 11776 KB] g=7, 358 evaluated, 14 expanded
[t=0.0133401s, 11776 KB] New best heuristic value for ff(): 95
[t=0.0143068s, 11776 KB] g=9, 645 evaluated, 21 expanded
[t=0.0143312s, 11776 KB] New best heuristic value for ff(): 94
[t=0.0143739s, 11776 KB] g=10, 646 evaluated, 22 expanded
[t=0.0143969s, 11776 KB] New best heuristic value for ff(): 93
[t=0.0145044s, 11776 KB] g=11, 652 evaluated, 24 expanded
[t=0.0145274s, 11776 KB] New best heuristic value for ff(): 92
[t=0.0146841s, 11776 KB] g=13, 662 evaluated, 28 expanded
[t=0.0216652s, 11904 KB] New best heuristic value for ff(): 91
[t=0.0218412s, 11904 KB] g=15, 1225 evaluated, 47 expanded
[t=0.0218671s, 11904 KB] New best heuristic value for ff(): 90
[t=0.0219061s, 11904 KB] g=16, 1226 evaluated, 48 expanded
[t=0.0219282s, 11904 KB] New best heuristic value for ff(): 89
[t=0.02206s, 11904 KB] g=17, 1234 evaluated, 50 expanded
[t=0.0226551s, 11904 KB] New best heuristic value for ff(): 88
[t=0.0228269s, 11904 KB] g=19, 1292 evaluated, 54 expanded
[t=0.0299914s, 11904 KB] New best heuristic value for ff(): 87
[t=0.0301109s, 11904 KB] g=21, 1877 evaluated, 73 expanded
[t=0.0301362s, 11904 KB] New best heuristic value for ff(): 86
[t=0.030175s, 11904 KB] g=22, 1878 evaluated, 74 expanded
[t=0.0301977s, 11904 KB] New best heuristic value for ff(): 85
[t=0.030353s, 11904 KB] g=23, 1888 evaluated, 76 expanded
[t=0.0303757s, 11904 KB] New best heuristic value for ff(): 84
[t=0.0306252s, 11904 KB] g=25, 1906 evaluated, 80 expanded
[t=0.0339466s, 12036 KB] New best heuristic value for ff(): 83
[t=0.034195s, 12036 KB] g=27, 2162 evaluated, 89 expanded
[t=0.0342216s, 12036 KB] New best heuristic value for ff(): 82
[t=0.0342608s, 12036 KB] g=28, 2163 evaluated, 90 expanded
[t=0.0342836s, 12036 KB] New best heuristic value for ff(): 81
[t=0.034464s, 12036 KB] g=29, 2175 evaluated, 92 expanded
[t=0.0344872s, 12036 KB] New best heuristic value for ff(): 80
[t=0.0347838s, 12036 KB] g=31, 2197 evaluated, 96 expanded
[t=0.0432835s, 12036 KB] New best heuristic value for ff(): 79
[t=0.0438778s, 12036 KB] g=33, 2928 evaluated, 119 expanded
[t=0.0439037s, 12036 KB] New best heuristic value for ff(): 78
[t=0.0439436s, 12036 KB] g=34, 2929 evaluated, 120 expanded
[t=0.0439666s, 12036 KB] New best heuristic value for ff(): 77
[t=0.0441687s, 12036 KB] g=35, 2943 evaluated, 122 expanded
[t=0.0442343s, 12036 KB] New best heuristic value for ff(): 76
[t=0.0450712s, 12036 KB] g=37, 3013 evaluated, 126 expanded
[t=0.0526225s, 12172 KB] New best heuristic value for ff(): 75
[t=0.0528495s, 12172 KB] g=39, 3637 evaluated, 151 expanded
[t=0.0528771s, 12172 KB] New best heuristic value for ff(): 74
[t=0.0529172s, 12172 KB] g=40, 3638 evaluated, 152 expanded
[t=0.0529401s, 12172 KB] New best heuristic value for ff(): 73
[t=0.0531676s, 12172 KB] g=41, 3654 evaluated, 154 expanded
[t=0.0531906s, 12172 KB] New best heuristic value for ff(): 72
[t=0.0535833s, 12172 KB] g=43, 3684 evaluated, 158 expanded
[t=0.0567361s, 12172 KB] New best heuristic value for ff(): 71
[t=0.0568736s, 12172 KB] g=45, 3941 evaluated, 169 expanded
[t=0.0568992s, 12172 KB] New best heuristic value for ff(): 70
[t=0.0569414s, 12172 KB] g=46, 3942 evaluated, 170 expanded
[t=0.0569642s, 12172 KB] New best heuristic value for ff(): 69
[t=0.0572195s, 12172 KB] g=47, 3960 evaluated, 172 expanded
[t=0.0576815s, 12320 KB] New best heuristic value for ff(): 68
[t=0.0579588s, 12320 KB] g=49, 3994 evaluated, 176 expanded
[t=0.0611377s, 12580 KB] New best heuristic value for ff(): 67
[t=0.0613112s, 12580 KB] g=51, 4247 evaluated, 185 expanded
[t=0.0613417s, 12580 KB] New best heuristic value for ff(): 66
[t=0.0613816s, 12580 KB] g=52, 4248 evaluated, 186 expanded
[t=0.061403s, 12580 KB] New best heuristic value for ff(): 65
[t=0.0616771s, 12580 KB] g=53, 4268 evaluated, 188 expanded
[t=0.0617783s, 12580 KB] New best heuristic value for ff(): 64
[t=0.0626345s, 12580 KB] g=55, 4343 evaluated, 192 expanded
[t=0.0701689s, 12580 KB] New best heuristic value for ff(): 63
[t=0.0705584s, 12580 KB] g=57, 4986 evaluated, 217 expanded
[t=0.0705842s, 12580 KB] New best heuristic value for ff(): 62
[t=0.0706233s, 12580 KB] g=58, 4987 evaluated, 218 expanded
[t=0.0706455s, 12580 KB] New best heuristic value for ff(): 61
[t=0.0709397s, 12580 KB] g=59, 5009 evaluated, 220 expanded
[t=0.0711558s, 12580 KB] New best heuristic value for ff(): 60
[t=0.0714937s, 12580 KB] g=61, 5051 evaluated, 224 expanded
[t=0.0732359s, 12652 KB] New best heuristic value for ff(): 59
[t=0.0741962s, 12652 KB] g=63, 5252 evaluated, 233 expanded
[t=0.0742231s, 12652 KB] New best heuristic value for ff(): 58
[t=0.0742684s, 12652 KB] g=64, 5253 evaluated, 234 expanded
[t=0.0742911s, 12652 KB] New best heuristic value for ff(): 57
[t=0.0746019s, 12652 KB] g=65, 5277 evaluated, 236 expanded
[t=0.0746251s, 12652 KB] New best heuristic value for ff(): 56
[t=0.0752008s, 12652 KB] g=67, 5324 evaluated, 240 expanded
[t=0.0836649s, 12652 KB] New best heuristic value for ff(): 55
[t=0.0846992s, 12652 KB] g=69, 6111 evaluated, 287 expanded
[t=0.0847269s, 12652 KB] New best heuristic value for ff(): 54
[t=0.0847695s, 12652 KB] g=70, 6112 evaluated, 288 expanded
[t=0.0847921s, 12652 KB] New best heuristic value for ff(): 53
[t=0.0851357s, 12652 KB] g=71, 6138 evaluated, 290 expanded
[t=0.0857046s, 12652 KB] New best heuristic value for ff(): 52
[t=0.0857822s, 12652 KB] g=73, 6188 evaluated, 294 expanded
[t=0.0972449s, 12784 KB] New best heuristic value for ff(): 51
[t=0.0975798s, 12784 KB] g=75, 7170 evaluated, 377 expanded
[t=0.0976076s, 12784 KB] New best heuristic value for ff(): 50
[t=0.0976464s, 12784 KB] g=76, 7171 evaluated, 378 expanded
[t=0.0976682s, 12784 KB] New best heuristic value for ff(): 49
[t=0.0980215s, 12784 KB] g=77, 7199 evaluated, 380 expanded
[t=0.0982332s, 12784 KB] New best heuristic value for ff(): 48
[t=0.0989123s, 12784 KB] g=79, 7272 evaluated, 384 expanded
[t=0.108699s, 13012 KB] New best heuristic value for ff(): 47
[t=0.109185s, 13012 KB] g=81, 8089 evaluated, 454 expanded
[t=0.109212s, 13012 KB] New best heuristic value for ff(): 46
[t=0.109251s, 13012 KB] g=82, 8090 evaluated, 455 expanded
[t=0.109273s, 13012 KB] New best heuristic value for ff(): 45
[t=0.109638s, 13012 KB] g=83, 8120 evaluated, 457 expanded
[t=0.109688s, 13012 KB] New best heuristic value for ff(): 44
[t=0.110634s, 13012 KB] g=85, 8203 evaluated, 461 expanded
[t=0.119127s, 13528 KB] New best heuristic value for ff(): 43
[t=0.119682s, 13528 KB] g=87, 8947 evaluated, 515 expanded
[t=0.119709s, 13528 KB] New best heuristic value for ff(): 42
[t=0.119748s, 13528 KB] g=88, 8948 evaluated, 516 expanded
[t=0.120132s, 13528 KB] New best heuristic value for ff(): 41
[t=0.120173s, 13528 KB] g=89, 8980 evaluated, 518 expanded
[t=0.121165s, 13528 KB] New best heuristic value for ff(): 40
[t=0.121214s, 13528 KB] g=91, 9067 evaluated, 522 expanded
[t=0.129554s, 13528 KB] New best heuristic value for ff(): 39
[t=0.129889s, 13528 KB] g=93, 9792 evaluated, 603 expanded
[t=0.130799s, 13528 KB] New best heuristic value for ff(): 38
[t=0.130985s, 13528 KB] g=95, 9886 evaluated, 607 expanded
[t=0.1358s, 13528 KB] New best heuristic value for ff(): 37
[t=0.136652s, 13528 KB] g=97, 10372 evaluated, 648 expanded
[t=0.136678s, 13528 KB] New best heuristic value for ff(): 36
[t=0.136716s, 13528 KB] g=98, 10373 evaluated, 649 expanded
[t=0.136809s, 13528 KB] New best heuristic value for ff(): 35
[t=0.137158s, 13528 KB] g=99, 10408 evaluated, 651 expanded
[t=0.137841s, 13528 KB] New best heuristic value for ff(): 34
[t=0.137951s, 13528 KB] g=101, 10476 evaluated, 655 expanded
[t=0.142608s, 13676 KB] New best heuristic value for ff(): 33
[t=0.142875s, 13676 KB] g=103, 10871 evaluated, 720 expanded
[t=0.14305s, 13676 KB] New best heuristic value for ff(): 32
[t=0.144028s, 13676 KB] g=105, 10974 evaluated, 723 expanded
[t=0.148282s, 13676 KB] New best heuristic value for ff(): 31
[t=0.148872s, 13676 KB] g=107, 11386 evaluated, 775 expanded
[t=0.148897s, 13676 KB] New best heuristic value for ff(): 30
[t=0.148935s, 13676 KB] g=108, 11387 evaluated, 776 expanded
[t=0.149292s, 13676 KB] New best heuristic value for ff(): 29
[t=0.149406s, 13676 KB] g=109, 11425 evaluated, 778 expanded
[t=0.150449s, 13676 KB] New best heuristic value for ff(): 28
[t=0.150618s, 13676 KB] g=111, 11534 evaluated, 782 expanded
[t=0.154506s, 13676 KB] New best heuristic value for ff(): 27
[t=0.155159s, 13676 KB] g=113, 11915 evaluated, 840 expanded
[t=0.155533s, 13676 KB] New best heuristic value for ff(): 26
[t=0.156497s, 13676 KB] g=115, 12036 evaluated, 844 expanded
[t=0.161818s, 13808 KB] New best heuristic value for ff(): 25
[t=0.162152s, 13808 KB] g=117, 12511 evaluated, 896 expanded
[t=0.162841s, 13808 KB] New best heuristic value for ff(): 24
[t=0.163716s, 13808 KB] g=119, 12653 evaluated, 900 expanded
[t=0.167026s, 13808 KB] New best heuristic value for ff(): 23
[t=0.167432s, 13808 KB] g=121, 12968 evaluated, 950 expanded
[t=0.168054s, 13808 KB] New best heuristic value for ff(): 22
[t=0.16871s, 13808 KB] g=123, 13087 evaluated, 954 expanded
[t=0.173289s, 13808 KB] New best heuristic value for ff(): 21
[t=0.173513s, 13808 KB] g=125, 13491 evaluated, 1000 expanded
[t=0.174315s, 13808 KB] New best heuristic value for ff(): 20
[t=0.174809s, 13808 KB] g=127, 13612 evaluated, 1004 expanded
[t=0.178497s, 13944 KB] New best heuristic value for ff(): 19
[t=0.178831s, 13944 KB] g=129, 13952 evaluated, 1046 expanded
[t=0.179476s, 13944 KB] New best heuristic value for ff(): 18
[t=0.180169s, 13944 KB] g=131, 14076 evaluated, 1050 expanded
[t=0.181557s, 13944 KB] New best heuristic value for ff(): 17
[t=0.181666s, 13944 KB] g=133, 14204 evaluated, 1087 expanded
[t=0.18169s, 13944 KB] New best heuristic value for ff(): 16
[t=0.181727s, 13944 KB] g=134, 14205 evaluated, 1088 expanded
[t=0.181935s, 13944 KB] New best heuristic value for ff(): 15
[t=0.182245s, 13944 KB] g=135, 14250 evaluated, 1090 expanded
[t=0.183603s, 13944 KB] New best heuristic value for ff(): 14
[t=0.18408s, 13944 KB] g=137, 14410 evaluated, 1094 expanded
[t=0.18673s, 13944 KB] New best heuristic value for ff(): 13
[t=0.187324s, 13944 KB] g=139, 14698 evaluated, 1123 expanded
[t=0.187758s, 13944 KB] New best heuristic value for ff(): 12
[t=0.1887s, 13944 KB] g=141, 14831 evaluated, 1127 expanded
[t=0.190853s, 14324 KB] New best heuristic value for ff(): 11
[t=0.191169s, 14324 KB] g=143, 14966 evaluated, 1153 expanded
[t=0.191878s, 14324 KB] New best heuristic value for ff(): 10
[t=0.192572s, 14324 KB] g=145, 15102 evaluated, 1157 expanded
[t=0.19291s, 14324 KB] New best heuristic value for ff(): 9
[t=0.193199s, 14324 KB] g=147, 15153 evaluated, 1179 expanded
[t=0.19394s, 14324 KB] New best heuristic value for ff(): 8
[t=0.194959s, 14324 KB] g=149, 15325 evaluated, 1183 expanded
[t=0.194988s, 14324 KB] New best heuristic value for ff(): 7
[t=0.195433s, 14324 KB] g=151, 15362 evaluated, 1201 expanded
[t=0.197054s, 14324 KB] New best heuristic value for ff(): 6
[t=0.197395s, 14324 KB] g=153, 15550 evaluated, 1205 expanded
[t=0.197617s, 14324 KB] New best heuristic value for ff(): 5
[t=0.197955s, 14324 KB] g=155, 15593 evaluated, 1219 expanded
[t=0.199116s, 14324 KB] New best heuristic value for ff(): 4
[t=0.199376s, 14324 KB] g=157, 15738 evaluated, 1223 expanded
[t=0.199402s, 14324 KB] New best heuristic value for ff(): 3
[t=0.199831s, 14324 KB] g=158, 15775 evaluated, 1225 expanded
[t=0.200088s, 14324 KB] New best heuristic value for ff(): 2
[t=0.200176s, 14324 KB] g=159, 15801 evaluated, 1227 expanded
[t=0.200199s, 14324 KB] New best heuristic value for ff(): 1
[t=0.200259s, 14324 KB] g=160, 15804 evaluated, 1229 expanded
[t=0.20028s, 14324 KB] New best heuristic value for ff(): 0
[t=0.200662s, 14324 KB] g=161, 15855 evaluated, 1230 expanded
[t=0.200684s, 14324 KB] Solution found!
[t=0.200725s, 14324 KB] Actual search time: 0.195084s
pick ball46 rooma right (1)
pick ball43 rooma left (1)
move rooma roomb (1)
drop ball43 roomb left (1)
drop ball46 roomb right (1)
move roomb rooma (1)
pick ball11 rooma left (1)
pick ball13 rooma right (1)
move rooma roomb (1)
drop ball11 roomb left (1)
drop ball13 roomb right (1)
move roomb rooma (1)
pick ball17 rooma left (1)
pick ball8 rooma right (1)
move rooma roomb (1)
drop ball17 roomb left (1)
drop ball8 roomb right (1)
move roomb rooma (1)
pick ball33 rooma left (1)
pick ball34 rooma right (1)
move rooma roomb (1)
drop ball33 roomb left (1)
drop ball34 roomb right (1)
move roomb rooma (1)
pick ball12 rooma left (1)
pick ball4 rooma right (1)
move rooma roomb (1)
drop ball12 roomb left (1)
drop ball4 roomb right (1)
move roomb rooma (1)
pick ball2 rooma left (1)
pick ball18 rooma right (1)
move rooma roomb (1)
drop ball2 roomb left (1)
drop ball18 roomb right (1)
move roomb rooma (1)
pick ball10 rooma left (1)
pick ball50 rooma right (1)
move rooma roomb (1)
drop ball10 roomb left (1)
drop ball50 roomb right (1)
move roomb rooma (1)
pick ball14 rooma left (1)
pick ball24 rooma right (1)
move rooma roomb (1)
drop ball14 roomb left (1)
drop ball24 roomb right (1)
move roomb rooma (1)
pick ball19 rooma left (1)
pick ball37 rooma right (1)
move rooma roomb (1)
drop ball19 roomb left (1)
drop ball37 roomb right (1)
move roomb rooma (1)
pick ball25 rooma left (1)
pick ball36 rooma right (1)
move rooma roomb (1)
drop ball25 roomb left (1)
drop ball36 roomb right (1)
move roomb rooma (1)
pick ball16 rooma left (1)
pick ball38 rooma right (1)
move rooma roomb (1)
drop ball16 roomb left (1)
drop ball38 roomb right (1)
move roomb rooma (1)
pick ball45 rooma left (1)
pick ball6 rooma right (1)
move rooma roomb (1)
drop ball45 roomb left (1)
drop ball6 roomb right (1)
move roomb rooma (1)
pick ball20 rooma left (1)
pick ball23 rooma right (1)
move rooma roomb (1)
drop ball20 roomb left (1)
drop ball23 roomb right (1)
move roomb rooma (1)
pick ball1 rooma left (1)
pick ball7 rooma right (1)
move rooma roomb (1)
drop ball1 roomb left (1)
drop ball7 roomb right (1)
move roomb rooma (1)
pick ball42 rooma left (1)
pick ball44 rooma right (1)
move rooma roomb (1)
drop ball42 roomb left (1)
drop ball44 roomb right (1)
move roomb rooma (1)
pick ball15 rooma left (1)
move rooma roomb (1)
drop ball15 roomb left (1)
move roomb rooma (1)
pick ball27 rooma left (1)
pick ball41 rooma right (1)
move rooma roomb (1)
drop ball27 roomb left (1)
drop ball41 roomb right (1)
move roomb rooma (1)
pick ball5 rooma left (1)
move rooma roomb (1)
drop ball5 roomb left (1)
move roomb rooma (1)
pick ball40 rooma left (1)
pick ball21 rooma right (1)
move rooma roomb (1)
drop ball40 roomb left (1)
drop ball21 roomb right (1)
move roomb rooma (1)
pick ball22 rooma left (1)
move rooma roomb (1)
drop ball22 roomb left (1)
move roomb rooma (1)
pick ball26 rooma left (1)
move rooma roomb (1)
drop ball26 roomb left (1)
move roomb rooma (1)
pick ball28 rooma left (1)
move rooma roomb (1)
drop ball28 roomb left (1)
move roomb rooma (1)
pick ball29 rooma left (1)
move rooma roomb (1)
drop ball29 roomb left (1)
move roomb rooma (1)
pick ball3 rooma left (1)
move rooma roomb (1)
drop ball3 roomb left (1)
move roomb rooma (1)
pick ball35 rooma left (1)
pick ball48 rooma right (1)
move rooma roomb (1)
drop ball35 roomb left (1)
drop ball48 roomb right (1)
move roomb rooma (1)
pick ball30 rooma left (1)
move rooma roomb (1)
drop ball30 roomb left (1)
move roomb rooma (1)
pick ball31 rooma left (1)
move rooma roomb (1)
drop ball31 roomb left (1)
move roomb rooma (1)
pick ball32 rooma left (1)
move rooma roomb (1)
drop ball32 roomb left (1)
move roomb rooma (1)
pick ball39 rooma left (1)
move rooma roomb (1)
drop ball39 roomb left (1)
move roomb rooma (1)
pick ball47 rooma left (1)
move rooma roomb (1)
drop ball47 roomb left (1)
move roomb rooma (1)
pick ball49 rooma left (1)
pick ball9 rooma right (1)
move rooma roomb (1)
drop ball49 roomb left (1)
drop ball9 roomb right (1)
[t=0.200756s, 14324 KB] Plan length: 161 step(s).
[t=0.200756s, 14324 KB] Plan cost: 161
[t=0.200756s, 14324 KB] Timestamp: 1685767257083 millisecond(s).
[t=0.200756s, 14324 KB] Expanded 1232 state(s).
[t=0.200756s, 14324 KB] Reopened 0 state(s).
[t=0.200756s, 14324 KB] Evaluated 15856 state(s).
[t=0.200756s, 14324 KB] Evaluations: 15856
[t=0.200756s, 14324 KB] Generated 20352 state(s).
[t=0.200756s, 14324 KB] Dead ends: 0 state(s).
[t=0.200756s, 14324 KB] Number of registered states: 15856
[t=0.200756s, 14324 KB] Int hash set load factor: 15856/32768 = 0.483887
[t=0.200756s, 14324 KB] Int hash set resizes: 15
[t=0.200756s, 14324 KB] Search time: 0.195339s
[t=0.200756s, 14324 KB] Total time: 0.200756s
Solution found.
Peak memory: 14324 KB
Remove intermediate file output.sas
search exit code: 0

INFO     Running validate.
INFO     validate stdin: None
INFO     validate time limit: None
INFO     validate memory limit: None
INFO     validate command line string: validate domain.pddl problem.pddl sas_plan
Checking plan: sas_plan
Plan executed successfully - checking goal
Plan valid
Final value: 161 

Successful plans:
Value: 161
 sas_plan 161 

validate exit code: 0

INFO     Planner time: 0.34s
