INFO     planner time limit: 900s
INFO     planner memory limit: 3584 MB

INFO     Running translator.
INFO     translator stdin: None
INFO     translator time limit: 899s
INFO     translator memory limit: 3584 MB
INFO     translator command line string: /usr/local/downward-projects/downward/experiments/.venv/bin/python3 /usr/local/downward-projects/downward/experiments/src/thesis/data/thesis-thesis_exp/code-f7a4f68fd467cf7cff4d3dfcfdfcfa2023e44324_e5e41175/builds/release/bin/translate/translate.py domain.pddl problem.pddl --sas-file output.sas
Parsing...
Parsing: [0.000s CPU, 0.002s wall-clock]
Normalizing task... [0.000s CPU, 0.000s wall-clock]
Instantiating...
Generating Datalog program... [0.000s CPU, 0.001s wall-clock]
Normalizing Datalog program...
Normalizing Datalog program: [0.020s CPU, 0.003s wall-clock]
Preparing model... [0.000s CPU, 0.001s wall-clock]
Generated 74 rules.
Computing model... [1.720s CPU, 1.720s wall-clock]
169707 relevant atoms
14739 auxiliary atoms
184446 final queue length
770323 total queue pushes
Completing instantiation... [9.000s CPU, 9.015s wall-clock]
Instantiating: [10.800s CPU, 10.805s wall-clock]
Computing fact groups...
Finding invariants...
16 initial candidates
Finding invariants: [0.140s CPU, 0.134s wall-clock]
Checking invariant weight... [0.000s CPU, 0.000s wall-clock]
Instantiating groups... [0.000s CPU, 0.001s wall-clock]
Collecting mutex groups... [0.000s CPU, 0.000s wall-clock]
Choosing groups...
0 uncovered facts
Choosing groups: [0.000s CPU, 0.001s wall-clock]
Building translation key... [0.000s CPU, 0.000s wall-clock]
Computing fact groups: [0.140s CPU, 0.137s wall-clock]
Building STRIPS to SAS dictionary... [0.000s CPU, 0.000s wall-clock]
Building dictionary for full mutex groups... [0.000s CPU, 0.000s wall-clock]
Building mutex information...
Building mutex information: [0.000s CPU, 0.000s wall-clock]
Translating task...
Processing axioms...
Simplifying axioms... [0.000s CPU, 0.000s wall-clock]
Translator axioms removed by simplifying: 0
Computing negative axioms... [0.000s CPU, 0.000s wall-clock]
Processing axioms: [0.240s CPU, 0.246s wall-clock]
Translating task: [6.030s CPU, 6.120s wall-clock]
0 effect conditions simplified
0 implied preconditions added
Detecting unreachable propositions...
0 operators removed
0 axioms removed
21 propositions removed
Detecting unreachable propositions: [3.840s CPU, 3.848s wall-clock]
Reordering and filtering variables...
21 of 21 variables necessary.
0 of 21 mutex groups necessary.
127036 of 127036 operators necessary.
0 of 0 axiom rules necessary.
Reordering and filtering variables: [0.760s CPU, 0.766s wall-clock]
Translator variables: 21
Translator derived variables: 0
Translator facts: 308
Translator goal facts: 2
Translator mutex groups: 0
Translator total mutex groups size: 0
Translator operators: 127036
Translator axioms: 0
Translator task size: 1079271
Translator peak memory: 748916 KB
Writing output... [0.760s CPU, 0.766s wall-clock]
Done! [22.650s CPU, 22.768s wall-clock]
translate exit code: 0

INFO     Running search (release).
INFO     search stdin: output.sas
INFO     search time limit: 877s
INFO     search memory limit: 3584 MB
INFO     search command line string: /usr/local/downward-projects/downward/experiments/src/thesis/data/thesis-thesis_exp/code-f7a4f68fd467cf7cff4d3dfcfdfcfa2023e44324_e5e41175/builds/release/bin/downward --evaluator 'h=ff()' --search 'eager(single(h))' --internal-plan-file sas_plan < output.sas
[t=0.00104542s, 11000 KB] reading input...
[t=0.515353s, 55904 KB] done reading input!
[t=0.579509s, 80428 KB] Simplifying 433396 unary operators... done! [42676 unary operators]
[t=1.28609s, 103828 KB] time to simplify: 0.706576s
[t=1.28813s, 103828 KB] Initializing additive heuristic...
[t=1.28839s, 103828 KB] Initializing FF heuristic...
[t=1.28842s, 103828 KB] Building successor generator...done!
[t=1.33194s, 103828 KB] peak memory difference for successor generator creation: 0 KB
[t=1.33205s, 103828 KB] time for successor generation creation: 0.0427319s
[t=1.33431s, 103828 KB] Variables: 21
[t=1.33485s, 103828 KB] FactPairs: 308
[t=1.33487s, 103828 KB] Bytes per state: 12
[t=1.33489s, 103828 KB] Conducting best first search without reopening closed nodes, (real) bound = 2147483647
[t=1.33528s, 103828 KB] New best heuristic value for ff(): 103
[t=1.33598s, 103828 KB] g=0, 1 evaluated, 0 expanded
[t=1.33601s, 103828 KB] Initial heuristic value for ff(): 103
[t=1.33604s, 103828 KB] pruning method: none
[t=1.33606s, 103828 KB] Start Timestep: 1684284161131 millisecond(s).
[t=1.33627s, 103828 KB] New best heuristic value for ff(): 102
[t=1.33681s, 103828 KB] g=1, 2 evaluated, 1 expanded
[t=2.97426s, 103828 KB] New best heuristic value for ff(): 101
[t=2.97482s, 103828 KB] g=2, 3334 evaluated, 2 expanded
[t=3.22026s, 103828 KB] New best heuristic value for ff(): 98
[t=3.22121s, 103828 KB] g=3, 3831 evaluated, 3 expanded
[t=3.53875s, 103828 KB] New best heuristic value for ff(): 96
[t=3.53893s, 103828 KB] g=5, 4486 evaluated, 5 expanded
[t=3.73117s, 103828 KB] New best heuristic value for ff(): 95
[t=3.7315s, 103828 KB] g=7, 4885 evaluated, 9 expanded
[t=3.82998s, 103828 KB] New best heuristic value for ff(): 93
[t=3.83016s, 103828 KB] g=9, 5090 evaluated, 11 expanded
[t=4.02223s, 103828 KB] New best heuristic value for ff(): 92
[t=4.02286s, 103828 KB] g=11, 5488 evaluated, 15 expanded
[t=4.12166s, 103828 KB] New best heuristic value for ff(): 90
[t=4.12195s, 103828 KB] g=13, 5694 evaluated, 17 expanded
[t=4.31333s, 103828 KB] New best heuristic value for ff(): 89
[t=4.31359s, 103828 KB] g=15, 6091 evaluated, 21 expanded
[t=4.41217s, 103828 KB] New best heuristic value for ff(): 87
[t=4.41328s, 103828 KB] g=17, 6298 evaluated, 23 expanded
[t=4.60466s, 103828 KB] New best heuristic value for ff(): 86
[t=4.60483s, 103828 KB] g=19, 6694 evaluated, 27 expanded
[t=4.70448s, 103828 KB] New best heuristic value for ff(): 84
[t=4.70462s, 103828 KB] g=21, 6902 evaluated, 29 expanded
[t=4.89478s, 103828 KB] New best heuristic value for ff(): 83
[t=4.89507s, 103828 KB] g=23, 7297 evaluated, 33 expanded
[t=4.99461s, 103828 KB] New best heuristic value for ff(): 81
[t=4.99541s, 103828 KB] g=25, 7506 evaluated, 35 expanded
[t=5.18491s, 103828 KB] New best heuristic value for ff(): 80
[t=5.18573s, 103828 KB] g=27, 7900 evaluated, 39 expanded
[t=5.28581s, 103828 KB] New best heuristic value for ff(): 78
[t=5.28623s, 103828 KB] g=29, 8110 evaluated, 41 expanded
[t=5.474s, 103828 KB] New best heuristic value for ff(): 77
[t=5.47489s, 103828 KB] g=31, 8503 evaluated, 45 expanded
[t=5.57492s, 103828 KB] New best heuristic value for ff(): 75
[t=5.57572s, 103828 KB] g=33, 8714 evaluated, 47 expanded
[t=5.76316s, 103828 KB] New best heuristic value for ff(): 74
[t=5.76372s, 103828 KB] g=35, 9106 evaluated, 51 expanded
[t=5.85774s, 103828 KB] New best heuristic value for ff(): 72
[t=5.85864s, 103828 KB] g=37, 9305 evaluated, 53 expanded
[t=6.05256s, 103828 KB] New best heuristic value for ff(): 71
[t=6.05313s, 103828 KB] g=39, 9709 evaluated, 57 expanded
[t=6.14728s, 103828 KB] New best heuristic value for ff(): 69
[t=6.14826s, 103828 KB] g=41, 9908 evaluated, 59 expanded
[t=6.34275s, 103828 KB] New best heuristic value for ff(): 68
[t=6.34317s, 103828 KB] g=43, 10312 evaluated, 63 expanded
[t=6.43733s, 103828 KB] New best heuristic value for ff(): 66
[t=6.43847s, 103828 KB] g=45, 10512 evaluated, 65 expanded
[t=6.63073s, 103828 KB] New best heuristic value for ff(): 65
[t=6.63166s, 103828 KB] g=47, 10915 evaluated, 69 expanded
[t=6.72634s, 103828 KB] New best heuristic value for ff(): 63
[t=6.72733s, 103828 KB] g=49, 11116 evaluated, 71 expanded
[t=6.91972s, 103828 KB] New best heuristic value for ff(): 62
[t=6.92004s, 103828 KB] g=51, 11518 evaluated, 75 expanded
[t=7.02167s, 103828 KB] New best heuristic value for ff(): 60
[t=7.02188s, 103828 KB] g=53, 11720 evaluated, 77 expanded
[t=7.21304s, 103828 KB] New best heuristic value for ff(): 59
[t=7.21369s, 103828 KB] g=55, 12121 evaluated, 81 expanded
[t=8.68956s, 103828 KB] New best heuristic value for ff(): 58
[t=8.68994s, 103828 KB] g=58, 15232 evaluated, 202 expanded
Peak memory: 188916 KB
caught signal 24 -- exiting
Time limit has been reached.
Remove intermediate file output.sas
search exit code: 23

Driver aborting after search
INFO     Planner time: 895.28s
