INFO     planner time limit: 600s
INFO     planner memory limit: 3584 MB

INFO     Running translator.
INFO     translator stdin: None
INFO     translator time limit: 599s
INFO     translator memory limit: 3584 MB
INFO     translator command line string: /usr/local/downward-projects/downward/experiments/src/thesis/.venv/bin/python3 /usr/local/downward-projects/downward/experiments/src/thesis/data/thesis-thesis_exp/code-84c08dfff1890fbf6247184940c8166177195ea1_e5e41175/builds/release/bin/translate/translate.py domain.pddl problem.pddl --sas-file output.sas
Parsing...
Parsing: [0.000s CPU, 0.003s wall-clock]
Normalizing task... [0.000s CPU, 0.000s wall-clock]
Instantiating...
Generating Datalog program... [0.010s CPU, 0.001s wall-clock]
Normalizing Datalog program...
Normalizing Datalog program: [0.000s CPU, 0.004s wall-clock]
Preparing model... [0.000s CPU, 0.002s wall-clock]
Generated 115 rules.
Computing model... [0.050s CPU, 0.043s wall-clock]
3725 relevant atoms
3726 auxiliary atoms
7451 final queue length
13104 total queue pushes
Completing instantiation... [0.090s CPU, 0.096s wall-clock]
Instantiating: [0.160s CPU, 0.148s wall-clock]
Computing fact groups...
Finding invariants...
24 initial candidates
Finding invariants: [0.000s CPU, 0.009s wall-clock]
Checking invariant weight... [0.000s CPU, 0.000s wall-clock]
Instantiating groups... [0.000s CPU, 0.001s wall-clock]
Collecting mutex groups... [0.000s CPU, 0.000s wall-clock]
Choosing groups...
381 uncovered facts
Choosing groups: [0.000s CPU, 0.000s wall-clock]
Building translation key... [0.000s CPU, 0.001s wall-clock]
Computing fact groups: [0.010s CPU, 0.013s wall-clock]
Building STRIPS to SAS dictionary... [0.000s CPU, 0.000s wall-clock]
Building dictionary for full mutex groups... [0.000s CPU, 0.000s wall-clock]
Building mutex information...
Building mutex information: [0.000s CPU, 0.000s wall-clock]
Translating task...
Processing axioms...
Simplifying axioms... [0.000s CPU, 0.000s wall-clock]
Translator axioms removed by simplifying: 0
Computing negative axioms... [0.000s CPU, 0.000s wall-clock]
Processing axioms: [0.000s CPU, 0.005s wall-clock]
Translating task: [0.100s CPU, 0.102s wall-clock]
4430 effect conditions simplified
0 implied preconditions added
Detecting unreachable propositions...
0 operators removed
0 axioms removed
3 propositions removed
Detecting unreachable propositions: [0.070s CPU, 0.073s wall-clock]
Reordering and filtering variables...
384 of 384 variables necessary.
16 of 19 mutex groups necessary.
2644 of 2644 operators necessary.
0 of 0 axiom rules necessary.
Reordering and filtering variables: [0.030s CPU, 0.032s wall-clock]
Translator variables: 384
Translator derived variables: 0
Translator facts: 799
Translator goal facts: 14
Translator mutex groups: 16
Translator total mutex groups size: 48
Translator operators: 2644
Translator axioms: 0
Translator task size: 25367
Translator peak memory: 47616 KB
Writing output... [0.020s CPU, 0.019s wall-clock]
Done! [0.400s CPU, 0.398s wall-clock]
translate exit code: 0

INFO     Running search (release).
INFO     search stdin: output.sas
INFO     search time limit: 599s
INFO     search memory limit: 3584 MB
INFO     search command line string: /usr/local/downward-projects/downward/experiments/src/thesis/data/thesis-thesis_exp/code-84c08dfff1890fbf6247184940c8166177195ea1_e5e41175/builds/release/bin/downward --evaluator 'h=ff()' --search 'eager(partition(h, hi_partition(), inter_uniform(), intra_uniform() )) ' --internal-plan-file sas_plan < output.sas
[t=0s, 11732 KB] reading input...
[t=0.0119537s, 12772 KB] done reading input!
[t=0.0159102s, 13920 KB] Simplifying 9782 unary operators... done! [8318 unary operators]
[t=0.0243798s, 14448 KB] time to simplify: 0.0084696s
[t=0.024882s, 14448 KB] Initializing additive heuristic...
[t=0.0251478s, 14448 KB] Initializing FF heuristic...
[t=0.0251755s, 14448 KB] Building successor generator...done!
[t=0.0262969s, 14448 KB] peak memory difference for successor generator creation: 0 KB
[t=0.0263578s, 14448 KB] time for successor generation creation: 0s
[t=0.0263826s, 14448 KB] Variables: 384
[t=0.0264407s, 14448 KB] FactPairs: 799
[t=0.0264659s, 14448 KB] Bytes per state: 52
[t=0.02649s, 14448 KB] Conducting best first search without reopening closed nodes, (real) bound = 2147483647
[t=0.0265444s, 14448 KB] New best heuristic value for ff(): 40
[t=0.0266932s, 14448 KB] g=0, 1 evaluated, 0 expanded
[t=0.0267193s, 14448 KB] Initial heuristic value for ff(): 40
[t=0.0267494s, 14448 KB] pruning method: none
[t=0.0267726s, 14448 KB] Start Timestep: 1693615950601 millisecond(s).
[t=0.0276095s, 14448 KB] New best heuristic value for ff(): 38
[t=0.0277106s, 14448 KB] g=1, 10 evaluated, 1 expanded
[t=0.0575264s, 14448 KB] New best heuristic value for ff(): 37
[t=0.0595033s, 14448 KB] g=4, 308 evaluated, 31 expanded
[t=0.0595379s, 14448 KB] New best heuristic value for ff(): 36
[t=0.0608161s, 14448 KB] g=4, 318 evaluated, 31 expanded
[t=0.363006s, 14448 KB] New best heuristic value for ff(): 35
[t=0.363428s, 14448 KB] g=9, 1917 evaluated, 254 expanded
[t=0.363458s, 14448 KB] New best heuristic value for ff(): 34
[t=0.366718s, 14448 KB] g=9, 1929 evaluated, 254 expanded
[t=301.673s, 28176 KB] New best heuristic value for ff(): 33
[t=301.675s, 28176 KB] g=11, 55688 evaluated, 6842 expanded
[t=531.435s, 31064 KB] New best heuristic value for ff(): 32
[t=531.437s, 31064 KB] g=12, 66964 evaluated, 8295 expanded
Peak memory: 31724 KB
caught signal 24 -- exiting
Time limit has been reached.
Remove intermediate file output.sas
search exit code: 23

Driver aborting after search
INFO     Planner time: 598.55s
