INFO     planner time limit: 600s
INFO     planner memory limit: 3584 MB

INFO     Running translator.
INFO     translator stdin: None
INFO     translator time limit: 599s
INFO     translator memory limit: 3584 MB
INFO     translator command line string: /usr/local/downward-projects/downward/experiments/src/thesis/.venv/bin/python3 /usr/local/downward-projects/downward/experiments/src/thesis/data/thesis-thesis_exp/code-84c08dfff1890fbf6247184940c8166177195ea1_e5e41175/builds/release/bin/translate/translate.py domain.pddl problem.pddl --sas-file output.sas
Parsing...
Parsing: [0.000s CPU, 0.002s wall-clock]
Normalizing task... [0.000s CPU, 0.000s wall-clock]
Instantiating...
Generating Datalog program... [0.000s CPU, 0.001s wall-clock]
Normalizing Datalog program...
Normalizing Datalog program: [0.000s CPU, 0.001s wall-clock]
Preparing model... [0.000s CPU, 0.001s wall-clock]
Generated 32 rules.
Computing model... [0.280s CPU, 0.285s wall-clock]
42827 relevant atoms
4396 auxiliary atoms
47223 final queue length
138834 total queue pushes
Completing instantiation... [1.970s CPU, 1.986s wall-clock]
Instantiating: [2.260s CPU, 2.288s wall-clock]
Computing fact groups...
Finding invariants...
12 initial candidates
Finding invariants: [0.010s CPU, 0.006s wall-clock]
Checking invariant weight... [0.000s CPU, 0.000s wall-clock]
Instantiating groups... [0.000s CPU, 0.004s wall-clock]
Collecting mutex groups... [0.000s CPU, 0.001s wall-clock]
Choosing groups...
66 uncovered facts
Choosing groups: [0.000s CPU, 0.003s wall-clock]
Building translation key... [0.000s CPU, 0.001s wall-clock]
Computing fact groups: [0.020s CPU, 0.018s wall-clock]
Building STRIPS to SAS dictionary... [0.000s CPU, 0.000s wall-clock]
Building dictionary for full mutex groups... [0.000s CPU, 0.001s wall-clock]
Building mutex information...
Building mutex information: [0.000s CPU, 0.001s wall-clock]
Translating task...
Processing axioms...
Simplifying axioms... [0.000s CPU, 0.000s wall-clock]
Translator axioms removed by simplifying: 0
Computing negative axioms... [0.000s CPU, 0.000s wall-clock]
Processing axioms: [0.060s CPU, 0.060s wall-clock]
Translating task: [1.850s CPU, 1.861s wall-clock]
49010 effect conditions simplified
0 implied preconditions added
Detecting unreachable propositions...
0 operators removed
0 axioms removed
26 propositions removed
Detecting unreachable propositions: [1.070s CPU, 1.068s wall-clock]
Reordering and filtering variables...
92 of 92 variables necessary.
40 of 66 mutex groups necessary.
39546 of 39546 operators necessary.
0 of 0 axiom rules necessary.
Reordering and filtering variables: [0.250s CPU, 0.252s wall-clock]
Translator variables: 92
Translator derived variables: 0
Translator facts: 1172
Translator goal facts: 26
Translator mutex groups: 40
Translator total mutex groups size: 1080
Translator operators: 39546
Translator axioms: 0
Translator task size: 322456
Translator peak memory: 223476 KB
Writing output... [0.240s CPU, 0.246s wall-clock]
Done! [5.770s CPU, 5.815s wall-clock]
translate exit code: 0

INFO     Running search (release).
INFO     search stdin: output.sas
INFO     search time limit: 594s
INFO     search memory limit: 3584 MB
INFO     search command line string: /usr/local/downward-projects/downward/experiments/src/thesis/data/thesis-thesis_exp/code-84c08dfff1890fbf6247184940c8166177195ea1_e5e41175/builds/release/bin/downward --evaluator 'h=ff()' --search 'eager(partition(h, h_partition(), inter_uniform(), intra_uniform() )) ' --internal-plan-file sas_plan < output.sas
[t=0.00201074s, 11732 KB] reading input...
[t=0.157875s, 26792 KB] done reading input!
[t=0.177813s, 34016 KB] Simplifying 137202 unary operators... done! [137202 unary operators]
[t=0.529464s, 46684 KB] time to simplify: 0.371651s
[t=0.553408s, 46684 KB] Initializing additive heuristic...
[t=0.554347s, 46684 KB] Initializing FF heuristic...
[t=0.554376s, 46684 KB] Building successor generator...done!
[t=0.566493s, 46684 KB] peak memory difference for successor generator creation: 0 KB
[t=0.566613s, 46684 KB] time for successor generation creation: 0.0108435s
[t=0.566639s, 46684 KB] Variables: 92
[t=0.567502s, 46684 KB] FactPairs: 1172
[t=0.567527s, 46684 KB] Bytes per state: 28
[t=0.56755s, 46684 KB] Conducting best first search without reopening closed nodes, (real) bound = 2147483647
[t=0.569181s, 46684 KB] New best heuristic value for ff(): 49
[t=0.571286s, 46684 KB] g=0, 1 evaluated, 0 expanded
[t=0.571313s, 46684 KB] Initial heuristic value for ff(): 49
[t=0.571345s, 46684 KB] pruning method: none
[t=0.571369s, 46684 KB] Start Timestep: 1693551755224 millisecond(s).
[t=0.976803s, 46684 KB] New best heuristic value for ff(): 48
[t=0.977106s, 46684 KB] g=6, 253 evaluated, 11 expanded
[t=4.97761s, 46684 KB] New best heuristic value for ff(): 47
[t=4.98007s, 46684 KB] g=8, 2392 evaluated, 102 expanded
[t=8.96055s, 46684 KB] New best heuristic value for ff(): 46
[t=8.96324s, 46684 KB] g=9, 4093 evaluated, 173 expanded
[t=369.042s, 49884 KB] New best heuristic value for ff(): 45
[t=369.044s, 49884 KB] g=15, 37218 evaluated, 1564 expanded
Peak memory: 52528 KB
caught signal 24 -- exiting
Time limit has been reached.
Remove intermediate file output.sas
search exit code: 23

Driver aborting after search
INFO     Planner time: 598.87s
