INFO     planner time limit: 900s
INFO     planner memory limit: 3584 MB

INFO     Running translator.
INFO     translator stdin: None
INFO     translator time limit: 899s
INFO     translator memory limit: 3584 MB
INFO     translator command line string: /usr/local/downward-projects/downward/experiments/.venv/bin/python3 /usr/local/downward-projects/downward/experiments/src/thesis/data/thesis-thesis_exp/code-f7a4f68fd467cf7cff4d3dfcfdfcfa2023e44324_e5e41175/builds/release/bin/translate/translate.py domain.pddl problem.pddl --sas-file output.sas
Parsing...
Parsing: [0.000s CPU, 0.002s wall-clock]
Normalizing task... [0.000s CPU, 0.000s wall-clock]
Instantiating...
Generating Datalog program... [0.000s CPU, 0.001s wall-clock]
Normalizing Datalog program...
Normalizing Datalog program: [0.000s CPU, 0.001s wall-clock]
Preparing model... [0.010s CPU, 0.002s wall-clock]
Generated 21 rules.
Computing model... [0.330s CPU, 0.332s wall-clock]
35098 relevant atoms
23433 auxiliary atoms
58531 final queue length
104550 total queue pushes
Completing instantiation... [1.030s CPU, 1.033s wall-clock]
Instantiating: [1.370s CPU, 1.381s wall-clock]
Computing fact groups...
Finding invariants...
10 initial candidates
Finding invariants: [0.010s CPU, 0.003s wall-clock]
Checking invariant weight... [0.000s CPU, 0.001s wall-clock]
Instantiating groups... [0.030s CPU, 0.035s wall-clock]
Collecting mutex groups... [0.010s CPU, 0.010s wall-clock]
Choosing groups...
108 uncovered facts
Choosing groups: [0.040s CPU, 0.046s wall-clock]
Building translation key... [0.010s CPU, 0.009s wall-clock]
Computing fact groups: [0.170s CPU, 0.173s wall-clock]
Building STRIPS to SAS dictionary... [0.010s CPU, 0.006s wall-clock]
Building dictionary for full mutex groups... [0.020s CPU, 0.018s wall-clock]
Building mutex information...
Building mutex information: [0.010s CPU, 0.014s wall-clock]
Translating task...
Processing axioms...
Simplifying axioms... [0.000s CPU, 0.000s wall-clock]
Translator axioms removed by simplifying: 0
Computing negative axioms... [0.000s CPU, 0.000s wall-clock]
Processing axioms: [0.030s CPU, 0.033s wall-clock]
Translating task: [1.180s CPU, 1.194s wall-clock]
34240 effect conditions simplified
0 implied preconditions added
Detecting unreachable propositions...
0 operators removed
0 axioms removed
214 propositions removed
Detecting unreachable propositions: [0.720s CPU, 0.723s wall-clock]
Reordering and filtering variables...
215 of 215 variables necessary.
108 of 215 mutex groups necessary.
22898 of 22898 operators necessary.
0 of 0 axiom rules necessary.
Reordering and filtering variables: [0.220s CPU, 0.221s wall-clock]
Translator variables: 215
Translator derived variables: 0
Translator facts: 11772
Translator goal facts: 93
Translator mutex groups: 108
Translator total mutex groups size: 11664
Translator operators: 22898
Translator axioms: 0
Translator task size: 195158
Translator peak memory: 153932 KB
Writing output... [0.140s CPU, 0.152s wall-clock]
Done! [3.890s CPU, 3.939s wall-clock]
translate exit code: 0

INFO     Running search (release).
INFO     search stdin: output.sas
INFO     search time limit: 896s
INFO     search memory limit: 3584 MB
INFO     search command line string: /usr/local/downward-projects/downward/experiments/src/thesis/data/thesis-thesis_exp/code-f7a4f68fd467cf7cff4d3dfcfdfcfa2023e44324_e5e41175/builds/release/bin/downward --evaluator 'h=ff()' --search 'eager(alt([type_based([h, g()], random_seed=-1), single(h)]))' --internal-plan-file sas_plan < output.sas
[t=0.00105219s, 11000 KB] reading input...
[t=0.18006s, 77296 KB] done reading input!
[t=0.192621s, 82632 KB] Simplifying 91378 unary operators... done! [68694 unary operators]
[t=0.271354s, 90896 KB] time to simplify: 0.0787327s
[t=0.273401s, 90896 KB] Initializing additive heuristic...
[t=0.273475s, 90896 KB] Initializing FF heuristic...
[t=0.273504s, 90896 KB] Building successor generator...done!
[t=0.28048s, 90896 KB] peak memory difference for successor generator creation: 0 KB
[t=0.280548s, 90896 KB] time for successor generation creation: 0.00605573s
[t=0.280675s, 90896 KB] Variables: 215
[t=0.281109s, 90896 KB] FactPairs: 11772
[t=0.281132s, 90896 KB] Bytes per state: 108
[t=0.281156s, 90896 KB] Conducting best first search without reopening closed nodes, (real) bound = 2147483647
[t=0.282726s, 90896 KB] New best heuristic value for ff(): 199
[t=0.28314s, 90896 KB] g=0, 1 evaluated, 0 expanded
[t=0.283169s, 90896 KB] Initial heuristic value for ff(): 199
[t=0.283201s, 90896 KB] pruning method: none
[t=0.283224s, 90896 KB] Start Timestep: 1684264547540 millisecond(s).
[t=0.301875s, 90896 KB] New best heuristic value for ff(): 198
[t=0.302187s, 90896 KB] g=2, 20 evaluated, 3 expanded
[t=0.962212s, 90896 KB] New best heuristic value for ff(): 197
[t=0.962558s, 90896 KB] g=8, 693 evaluated, 75 expanded
[t=4.43658s, 90896 KB] New best heuristic value for ff(): 196
[t=4.43711s, 90896 KB] g=10, 4258 evaluated, 441 expanded
[t=4.50788s, 90896 KB] New best heuristic value for ff(): 195
[t=4.5089s, 90896 KB] g=12, 4331 evaluated, 448 expanded
[t=26.3729s, 90896 KB] New best heuristic value for ff(): 194
[t=26.3754s, 90896 KB] g=34, 26723 evaluated, 2975 expanded
[t=36.835s, 90896 KB] New best heuristic value for ff(): 193
[t=36.8384s, 90896 KB] g=38, 37472 evaluated, 4067 expanded
[t=146.903s, 107052 KB] New best heuristic value for ff(): 192
[t=146.905s, 107052 KB] g=54, 152458 evaluated, 14928 expanded
[t=146.959s, 107052 KB] New best heuristic value for ff(): 191
[t=146.961s, 107052 KB] g=56, 152517 evaluated, 14933 expanded
[t=451.126s, 156688 KB] New best heuristic value for ff(): 190
[t=451.128s, 156688 KB] g=100, 467915 evaluated, 41952 expanded
[t=563.084s, 171748 KB] New best heuristic value for ff(): 189
[t=563.087s, 171748 KB] g=106, 585962 evaluated, 52577 expanded
Peak memory: 227184 KB
caught signal 24 -- exiting
Time limit has been reached.
Remove intermediate file output.sas
search exit code: 23

Driver aborting after search
INFO     Planner time: 896.67s
