INFO     planner time limit: 900s
INFO     planner memory limit: 3584 MB

INFO     Running translator.
INFO     translator stdin: None
INFO     translator time limit: 899s
INFO     translator memory limit: 3584 MB
INFO     translator command line string: /usr/local/downward-projects/downward/experiments/assign3/.venv/bin/python3 /usr/local/downward-projects/downward/experiments/assign3/data/assign3-anytime_exp/code-fe4f0f1bb525c059c1938ac01bab1b7bae200873_e5e41175/builds/release/bin/translate/translate.py domain.pddl problem.pddl --sas-file output.sas
Parsing...
Parsing: [0.010s CPU, 0.002s wall-clock]
Normalizing task... [0.000s CPU, 0.000s wall-clock]
Instantiating...
Generating Datalog program... [0.000s CPU, 0.000s wall-clock]
Normalizing Datalog program...
Normalizing Datalog program: [0.000s CPU, 0.001s wall-clock]
Preparing model... [0.000s CPU, 0.001s wall-clock]
Generated 25 rules.
Computing model... [0.010s CPU, 0.007s wall-clock]
461 relevant atoms
611 auxiliary atoms
1072 final queue length
1647 total queue pushes
Completing instantiation... [0.000s CPU, 0.007s wall-clock]
Instantiating: [0.010s CPU, 0.016s wall-clock]
Computing fact groups...
Finding invariants...
7 initial candidates
Finding invariants: [0.000s CPU, 0.003s wall-clock]
Checking invariant weight... [0.000s CPU, 0.000s wall-clock]
Instantiating groups... [0.000s CPU, 0.000s wall-clock]
Collecting mutex groups... [0.000s CPU, 0.000s wall-clock]
Choosing groups...
0 uncovered facts
Choosing groups: [0.000s CPU, 0.000s wall-clock]
Building translation key... [0.000s CPU, 0.000s wall-clock]
Computing fact groups: [0.010s CPU, 0.004s wall-clock]
Building STRIPS to SAS dictionary... [0.000s CPU, 0.000s wall-clock]
Building dictionary for full mutex groups... [0.000s CPU, 0.000s wall-clock]
Building mutex information...
Building mutex information: [0.000s CPU, 0.000s wall-clock]
Translating task...
Processing axioms...
Simplifying axioms... [0.000s CPU, 0.000s wall-clock]
Translator axioms removed by simplifying: 0
Computing negative axioms... [0.000s CPU, 0.000s wall-clock]
Processing axioms: [0.000s CPU, 0.000s wall-clock]
Translating task: [0.000s CPU, 0.006s wall-clock]
0 effect conditions simplified
0 implied preconditions added
Detecting unreachable propositions...
0 operators removed
0 axioms removed
34 propositions removed
Detecting unreachable propositions: [0.000s CPU, 0.003s wall-clock]
Reordering and filtering variables...
34 of 34 variables necessary.
0 of 34 mutex groups necessary.
185 of 185 operators necessary.
0 of 0 axiom rules necessary.
Reordering and filtering variables: [0.010s CPU, 0.002s wall-clock]
Translator variables: 34
Translator derived variables: 0
Translator facts: 100
Translator goal facts: 33
Translator mutex groups: 0
Translator total mutex groups size: 0
Translator operators: 185
Translator axioms: 0
Translator task size: 1634
Translator peak memory: 32880 KB
Writing output... [0.000s CPU, 0.001s wall-clock]
Done! [0.040s CPU, 0.035s wall-clock]
translate exit code: 0

INFO     Running search (release).
INFO     search stdin: output.sas
INFO     search time limit: 899s
INFO     search memory limit: 3584 MB
INFO     search command line string: /usr/local/downward-projects/downward/experiments/assign3/data/assign3-anytime_exp/code-fe4f0f1bb525c059c1938ac01bab1b7bae200873_e5e41175/builds/release/bin/downward --evaluator 'h=lmcut()' --search 'eager_anytime(epsilon_greedy(
        sum([weight(h, 2, verbosity=normal), g()]), epsilon=0.2, random_seed=1234), 
        reopen_closed=true, f_eval=sum([h, g()]))' --internal-plan-file sas_plan < output.sas
[t=0s, 10884 KB] reading input...
[t=0.00193681s, 10884 KB] done reading input!
[t=0.00396016s, 11272 KB] Initializing landmark cut heuristic...
[t=0.00471086s, 11272 KB] Building successor generator...done!
[t=0.00491844s, 11272 KB] peak memory difference for successor generator creation: 0 KB
[t=0.00496229s, 11272 KB] time for successor generation creation: 0s
[t=0.00498688s, 11272 KB] Variables: 34
[t=0.00501417s, 11272 KB] FactPairs: 100
[t=0.00503695s, 11272 KB] Bytes per state: 8
[t=0.00505986s, 11272 KB] Conducting best first anytime search with reopening closed nodes, (real) bound = 2147483647
[t=0.00510773s, 11272 KB] New best heuristic value for lmcut(): 2
[t=0.00517298s, 11272 KB] g=0, 1 evaluated, 0 expanded
[t=0.0051973s, 11272 KB] Initial heuristic value for lmcut(): 2
[t=0.00522607s, 11272 KB] Start Timestep: 1682533932572 millisecond(s).
[t=0.00526502s, 11272 KB] New best heuristic value for lmcut(): 1
[t=0.00531903s, 11272 KB] g=1, 2 evaluated, 1 expanded
[t=0.203594s, 11856 KB] New best heuristic value for lmcut(): 0
[t=0.205172s, 11856 KB] g=5, 11422 evaluated, 4009 expanded, 41 reopened
[t=2.44185s, 19208 KB] Solution found!
jump-new-move pos-4-3 pos-4-4 pos-4-5 (1)
end-move pos-4-5 (0)
jump-new-move pos-0-4 pos-1-4 pos-2-4 (1)
jump-continue-move pos-2-4 pos-3-4 pos-4-4 (0)
end-move pos-4-4 (0)
jump-new-move pos-4-5 pos-4-4 pos-4-3 (1)
jump-continue-move pos-4-3 pos-4-2 pos-4-1 (0)
jump-continue-move pos-4-1 pos-3-1 pos-2-1 (0)
end-move pos-2-1 (0)
jump-new-move pos-3-6 pos-3-5 pos-3-4 (1)
end-move pos-3-4 (0)
jump-new-move pos-2-2 pos-2-3 pos-2-4 (1)
jump-continue-move pos-2-4 pos-3-4 pos-4-4 (0)
jump-continue-move pos-4-4 pos-5-4 pos-6-4 (0)
jump-continue-move pos-6-4 pos-6-3 pos-6-2 (0)
jump-continue-move pos-6-2 pos-5-2 pos-4-2 (0)
jump-continue-move pos-4-2 pos-3-2 pos-2-2 (0)
end-move pos-2-2 (0)
jump-new-move pos-2-1 pos-2-2 pos-2-3 (1)
jump-continue-move pos-2-3 pos-3-3 pos-4-3 (0)
end-move pos-4-3 (0)
jump-new-move pos-5-3 pos-4-3 pos-3-3 (1)
[t=2.44263s, 19208 KB] Plan length: 22 step(s).
[t=2.44267s, 19208 KB] Plan cost: 7
[t=2.4427s, 19208 KB] Solution: Incumbent solution found!
[t=2.44272s, 19208 KB] Solution Timestep: 1682533935012 millisecond(s).
[t=2.44275s, 19208 KB] Timestamp: 1682533935012 millisecond(s).
[t=2.44277s, 19208 KB] Expanded 63269 state(s).
[t=2.44279s, 19208 KB] Reopened 1656 state(s).
[t=2.44281s, 19208 KB] Evaluated 127802 state(s).
[t=2.44284s, 19208 KB] Evaluations: 137230
[t=2.44286s, 19208 KB] Generated 185273 state(s).
[t=2.44288s, 19208 KB] Dead ends: 0 state(s).
[t=2.4429s, 19208 KB] Number of registered states: 137230
[t=2.44293s, 19208 KB] Int hash set load factor: 137230/262144 = 0.523491
[t=2.44295s, 19208 KB] Int hash set resizes: 18
[t=4.24879s, 25260 KB] Optimal Solution: found
[t=4.25119s, 25260 KB] Actual search time: 4.24593s
jump-new-move pos-4-3 pos-4-4 pos-4-5 (1)
end-move pos-4-5 (0)
jump-new-move pos-0-4 pos-1-4 pos-2-4 (1)
jump-continue-move pos-2-4 pos-3-4 pos-4-4 (0)
end-move pos-4-4 (0)
jump-new-move pos-4-5 pos-4-4 pos-4-3 (1)
jump-continue-move pos-4-3 pos-4-2 pos-4-1 (0)
jump-continue-move pos-4-1 pos-3-1 pos-2-1 (0)
end-move pos-2-1 (0)
jump-new-move pos-3-6 pos-3-5 pos-3-4 (1)
end-move pos-3-4 (0)
jump-new-move pos-2-2 pos-2-3 pos-2-4 (1)
jump-continue-move pos-2-4 pos-3-4 pos-4-4 (0)
jump-continue-move pos-4-4 pos-5-4 pos-6-4 (0)
jump-continue-move pos-6-4 pos-6-3 pos-6-2 (0)
jump-continue-move pos-6-2 pos-5-2 pos-4-2 (0)
jump-continue-move pos-4-2 pos-3-2 pos-2-2 (0)
end-move pos-2-2 (0)
jump-new-move pos-2-1 pos-2-2 pos-2-3 (1)
jump-continue-move pos-2-3 pos-3-3 pos-4-3 (0)
end-move pos-4-3 (0)
jump-new-move pos-5-3 pos-4-3 pos-3-3 (1)
[t=4.25123s, 25260 KB] Plan length: 22 step(s).
[t=4.25123s, 25260 KB] Plan cost: 7
[t=4.25123s, 25260 KB] Timestamp: 1682533936822 millisecond(s).
[t=4.25123s, 25260 KB] Expanded 132852 state(s).
[t=4.25123s, 25260 KB] Reopened 2826 state(s).
[t=4.25123s, 25260 KB] Evaluated 130026 state(s).
[t=4.25123s, 25260 KB] Evaluations: 236341
[t=4.25123s, 25260 KB] Generated 344632 state(s).
[t=4.25123s, 25260 KB] Dead ends: 0 state(s).
[t=4.25123s, 25260 KB] Number of registered states: 236341
[t=4.25123s, 25260 KB] Int hash set load factor: 236341/524288 = 0.450785
[t=4.25123s, 25260 KB] Int hash set resizes: 19
[t=4.25123s, 25260 KB] Search time: 4.24617s
[t=4.25123s, 25260 KB] Total time: 4.25123s
Solution found.
Peak memory: 25260 KB
Remove intermediate file output.sas
search exit code: 0

INFO     Running validate.
INFO     validate stdin: None
INFO     validate time limit: None
INFO     validate memory limit: None
INFO     validate command line string: validate domain.pddl problem.pddl sas_plan sas_plan.1
Checking plan: sas_plan
Plan executed successfully - checking goal
Plan valid
Final value: 7 
Checking plan: sas_plan.1
Plan executed successfully - checking goal
Plan valid
Final value: 7 

Successful plans:
Value: 7
 sas_plan 7 
sas_plan.1 7 

validate exit code: 0

INFO     Planner time: 4.37s
