INFO     planner time limit: 300s
INFO     planner memory limit: 3584 MB

INFO     Running translator.
INFO     translator stdin: None
INFO     translator time limit: 299s
INFO     translator memory limit: 3584 MB
INFO     translator command line string: /usr/local/downward-projects/downward/experiments/.venv/bin/python3 /usr/local/downward-projects/downward/experiments/src/thesis/data/thesis-thesis_exp/code-d93485cdd92f65ede2ae3573b3f4adda0b49e4fd_e5e41175/builds/release/bin/translate/translate.py domain.pddl problem.pddl --sas-file output.sas
Parsing...
Parsing: [0.010s CPU, 0.006s wall-clock]
Normalizing task... [0.000s CPU, 0.000s wall-clock]
Instantiating...
Generating Datalog program... [0.000s CPU, 0.002s wall-clock]
Normalizing Datalog program...
Normalizing Datalog program: [0.000s CPU, 0.002s wall-clock]
Preparing model... [0.010s CPU, 0.006s wall-clock]
Generated 46 rules.
Computing model... [0.370s CPU, 0.375s wall-clock]
47972 relevant atoms
19679 auxiliary atoms
67651 final queue length
151867 total queue pushes
Completing instantiation... [1.810s CPU, 1.840s wall-clock]
Instantiating: [2.210s CPU, 2.241s wall-clock]
Computing fact groups...
Finding invariants...
12 initial candidates
Finding invariants: [0.010s CPU, 0.018s wall-clock]
Checking invariant weight... [0.000s CPU, 0.001s wall-clock]
Instantiating groups... [0.010s CPU, 0.010s wall-clock]
Collecting mutex groups... [0.000s CPU, 0.001s wall-clock]
Choosing groups...
0 uncovered facts
Choosing groups: [0.000s CPU, 0.003s wall-clock]
Building translation key... [0.000s CPU, 0.002s wall-clock]
Computing fact groups: [0.040s CPU, 0.045s wall-clock]
Building STRIPS to SAS dictionary... [0.000s CPU, 0.001s wall-clock]
Building dictionary for full mutex groups... [0.000s CPU, 0.001s wall-clock]
Building mutex information...
Building mutex information: [0.000s CPU, 0.001s wall-clock]
Translating task...
Processing axioms...
Simplifying axioms... [0.000s CPU, 0.000s wall-clock]
Translator axioms removed by simplifying: 0
Computing negative axioms... [0.000s CPU, 0.000s wall-clock]
Processing axioms: [0.060s CPU, 0.057s wall-clock]
Translating task: [1.450s CPU, 1.436s wall-clock]
0 effect conditions simplified
0 implied preconditions added
Detecting unreachable propositions...
0 operators removed
0 axioms removed
71 propositions removed
Detecting unreachable propositions: [0.880s CPU, 0.888s wall-clock]
Reordering and filtering variables...
71 of 71 variables necessary.
0 of 71 mutex groups necessary.
43848 of 43848 operators necessary.
0 of 0 axiom rules necessary.
Reordering and filtering variables: [0.150s CPU, 0.148s wall-clock]
Translator variables: 71
Translator derived variables: 0
Translator facts: 2823
Translator goal facts: 55
Translator mutex groups: 0
Translator total mutex groups size: 0
Translator operators: 43848
Translator axioms: 0
Translator task size: 263853
Translator peak memory: 207892 KB
Writing output... [0.200s CPU, 0.196s wall-clock]
Done! [5.000s CPU, 5.034s wall-clock]
translate exit code: 0

INFO     Running search (release).
INFO     search stdin: output.sas
INFO     search time limit: 294s
INFO     search memory limit: 3584 MB
INFO     search command line string: /usr/local/downward-projects/downward/experiments/src/thesis/data/thesis-thesis_exp/code-d93485cdd92f65ede2ae3573b3f4adda0b49e4fd_e5e41175/builds/release/bin/downward --evaluator 'h=ff()' --search 'eager( alt( [lwm_intra_explore_type(h), single(h)] ) )' --internal-plan-file sas_plan < output.sas
[t=0s, 11364 KB] reading input...
[t=0.130888s, 23256 KB] done reading input!
[t=0.142839s, 28412 KB] Simplifying 86968 unary operators... done! [86968 unary operators]
[t=0.218724s, 36280 KB] time to simplify: 0.0758847s
[t=0.222697s, 36280 KB] Initializing additive heuristic...
[t=0.223287s, 36280 KB] Initializing FF heuristic...
[t=0.223315s, 36280 KB] Building successor generator...done!
[t=0.23978s, 38128 KB] peak memory difference for successor generator creation: 1848 KB
[t=0.239854s, 38128 KB] time for successor generation creation: 0.0152411s
[t=0.239879s, 38128 KB] Variables: 71
[t=0.23991s, 38128 KB] FactPairs: 2823
[t=0.239933s, 38128 KB] Bytes per state: 52
[t=0.239955s, 38128 KB] Conducting best first search without reopening closed nodes, (real) bound = 2147483647
[t=0.240014s, 38128 KB] New best heuristic value for ff(): 377
[t=0.241791s, 38128 KB] g=0, 1 evaluated, 0 expanded
[t=0.241817s, 38128 KB] Initial heuristic value for ff(): 377
[t=0.241851s, 38128 KB] pruning method: none
[t=0.241875s, 38128 KB] Start Timestep: 1687937735347 millisecond(s).
[t=0.246495s, 38128 KB] New best heuristic value for ff(): 374
[t=0.248096s, 38128 KB] g=8, 6 evaluated, 1 expanded
[t=0.248123s, 38128 KB] New best heuristic value for ff(): 373
[t=0.249367s, 38128 KB] g=7, 7 evaluated, 1 expanded
[t=0.258436s, 38128 KB] New best heuristic value for ff(): 361
[t=0.260451s, 38128 KB] g=13, 16 evaluated, 1 expanded
[t=0.260478s, 38128 KB] New best heuristic value for ff(): 356
[t=0.261722s, 38128 KB] g=12, 17 evaluated, 1 expanded
[t=0.262375s, 38128 KB] New best heuristic value for ff(): 353
[t=0.263026s, 38128 KB] g=11, 18 evaluated, 1 expanded
[t=0.263053s, 38128 KB] New best heuristic value for ff(): 352
[t=0.264297s, 38128 KB] g=10, 19 evaluated, 1 expanded
[t=0.342314s, 38128 KB] New best heuristic value for ff(): 349
[t=0.345905s, 38128 KB] g=18, 86 evaluated, 2 expanded
[t=0.346257s, 38128 KB] New best heuristic value for ff(): 348
[t=0.34721s, 38128 KB] g=17, 87 evaluated, 2 expanded
[t=0.354221s, 38128 KB] New best heuristic value for ff(): 342
[t=0.358107s, 38128 KB] g=24, 96 evaluated, 2 expanded
[t=0.358183s, 38128 KB] New best heuristic value for ff(): 336
[t=0.359391s, 38128 KB] g=23, 97 evaluated, 2 expanded
[t=0.359419s, 38128 KB] New best heuristic value for ff(): 332
[t=0.360634s, 38128 KB] g=22, 98 evaluated, 2 expanded
[t=0.360659s, 38128 KB] New best heuristic value for ff(): 330
[t=0.361876s, 38128 KB] g=21, 99 evaluated, 2 expanded
[t=0.522076s, 38128 KB] New best heuristic value for ff(): 327
[t=0.522487s, 38128 KB] g=29, 233 evaluated, 4 expanded
[t=0.522515s, 38128 KB] New best heuristic value for ff(): 326
[t=0.523759s, 38128 KB] g=28, 234 evaluated, 4 expanded
[t=0.549994s, 38128 KB] New best heuristic value for ff(): 310
[t=0.552529s, 38128 KB] g=31, 258 evaluated, 4 expanded
[t=0.697939s, 38128 KB] New best heuristic value for ff(): 307
[t=0.698532s, 38128 KB] g=39, 379 evaluated, 6 expanded
[t=0.698561s, 38128 KB] New best heuristic value for ff(): 306
[t=0.699812s, 38128 KB] g=38, 380 evaluated, 6 expanded
[t=37.5345s, 38924 KB] New best heuristic value for ff(): 305
[t=37.5347s, 38924 KB] g=45, 31205 evaluated, 471 expanded
[t=37.5347s, 38924 KB] New best heuristic value for ff(): 302
[t=37.536s, 38924 KB] g=44, 31206 evaluated, 471 expanded
[t=37.536s, 38924 KB] New best heuristic value for ff(): 300
[t=37.5372s, 38924 KB] g=44, 31207 evaluated, 471 expanded
[t=249.214s, 56540 KB] New best heuristic value for ff(): 296
[t=249.216s, 56540 KB] g=366, 205470 evaluated, 3235 expanded
[t=249.354s, 56540 KB] New best heuristic value for ff(): 294
[t=249.354s, 56540 KB] g=373, 205583 evaluated, 3236 expanded
[t=284.323s, 61180 KB] New best heuristic value for ff(): 293
[t=284.324s, 61180 KB] g=434, 234192 evaluated, 3661 expanded
[t=284.324s, 61180 KB] New best heuristic value for ff(): 290
[t=284.325s, 61180 KB] g=433, 234193 evaluated, 3661 expanded
[t=284.327s, 61180 KB] New best heuristic value for ff(): 288
[t=284.328s, 61180 KB] g=431, 234195 evaluated, 3661 expanded
[t=288.35s, 61260 KB] New best heuristic value for ff(): 278
[t=288.351s, 61260 KB] g=507, 237495 evaluated, 3702 expanded
Peak memory: 61904 KB
caught signal 24 -- exiting
Time limit has been reached.
Remove intermediate file output.sas
search exit code: 23

Driver aborting after search
INFO     Planner time: 299.04s
