INFO     planner time limit: 900s
INFO     planner memory limit: 3584 MB

INFO     Running translator.
INFO     translator stdin: None
INFO     translator time limit: 899s
INFO     translator memory limit: 3584 MB
INFO     translator command line string: /usr/local/downward-projects/downward/experiments/assign3/.venv/bin/python3 /usr/local/downward-projects/downward/experiments/assign3/data/assign3-anytime_exp/code-fe4f0f1bb525c059c1938ac01bab1b7bae200873_e5e41175/builds/release/bin/translate/translate.py domain.pddl problem.pddl --sas-file output.sas
Parsing...
Parsing: [0.000s CPU, 0.006s wall-clock]
Normalizing task... [0.000s CPU, 0.000s wall-clock]
Instantiating...
Generating Datalog program... [0.000s CPU, 0.001s wall-clock]
Normalizing Datalog program...
Normalizing Datalog program: [0.020s CPU, 0.018s wall-clock]
Preparing model... [0.000s CPU, 0.006s wall-clock]
Generated 400 rules.
Computing model... [0.700s CPU, 0.700s wall-clock]
45496 relevant atoms
39738 auxiliary atoms
85234 final queue length
235974 total queue pushes
Completing instantiation... [3.230s CPU, 3.266s wall-clock]
Instantiating: [3.980s CPU, 4.021s wall-clock]
Computing fact groups...
Finding invariants...
41 initial candidates
Finding invariants: [0.060s CPU, 0.064s wall-clock]
Checking invariant weight... [0.000s CPU, 0.000s wall-clock]
Instantiating groups... [0.000s CPU, 0.000s wall-clock]
Collecting mutex groups... [0.000s CPU, 0.000s wall-clock]
Choosing groups...
467 uncovered facts
Choosing groups: [0.000s CPU, 0.000s wall-clock]
Building translation key... [0.000s CPU, 0.001s wall-clock]
Computing fact groups: [0.070s CPU, 0.068s wall-clock]
Building STRIPS to SAS dictionary... [0.000s CPU, 0.000s wall-clock]
Building dictionary for full mutex groups... [0.000s CPU, 0.001s wall-clock]
Building mutex information...
Building mutex information: [0.000s CPU, 0.000s wall-clock]
Translating task...
Processing axioms...
Simplifying axioms... [0.000s CPU, 0.000s wall-clock]
Translator axioms removed by simplifying: 0
Computing negative axioms... [0.000s CPU, 0.000s wall-clock]
Processing axioms: [0.120s CPU, 0.123s wall-clock]
Translating task: [3.480s CPU, 3.527s wall-clock]
124757 effect conditions simplified
0 implied preconditions added
Detecting unreachable propositions...
0 operators removed
0 axioms removed
2 propositions removed
Detecting unreachable propositions: [1.870s CPU, 1.885s wall-clock]
Reordering and filtering variables...
469 of 469 variables necessary.
1 of 3 mutex groups necessary.
44826 of 44826 operators necessary.
0 of 0 axiom rules necessary.
Reordering and filtering variables: [0.800s CPU, 0.807s wall-clock]
Translator variables: 469
Translator derived variables: 0
Translator facts: 941
Translator goal facts: 4
Translator mutex groups: 1
Translator total mutex groups size: 2
Translator operators: 44826
Translator axioms: 0
Translator task size: 547428
Translator peak memory: 325980 KB
Writing output... [0.410s CPU, 0.421s wall-clock]
Done! [10.740s CPU, 10.866s wall-clock]
translate exit code: 0

INFO     Running search (release).
INFO     search stdin: output.sas
INFO     search time limit: 889s
INFO     search memory limit: 3584 MB
INFO     search command line string: /usr/local/downward-projects/downward/experiments/assign3/data/assign3-anytime_exp/code-fe4f0f1bb525c059c1938ac01bab1b7bae200873_e5e41175/builds/release/bin/downward --evaluator 'h=lmcut()' --search 'eager_anytime(alt(
        [single(weight(h, 2, verbosity=normal)), type_based([h, g()], random_seed=1234)]), 
        reopen_closed=true, f_eval=sum([h, g()]))' --internal-plan-file sas_plan < output.sas
[t=0.00210321s, 10884 KB] reading input...
[t=0.254875s, 31448 KB] done reading input!
[t=0.295638s, 47580 KB] Initializing landmark cut heuristic...
[t=0.296635s, 47580 KB] Building successor generator...done!
[t=0.327066s, 56192 KB] peak memory difference for successor generator creation: 8612 KB
[t=0.327165s, 56192 KB] time for successor generation creation: 0.0302375s
[t=0.327191s, 56192 KB] Variables: 469
[t=0.328002s, 56192 KB] FactPairs: 941
[t=0.328029s, 56192 KB] Bytes per state: 60
[t=0.328054s, 56192 KB] Conducting best first anytime search with reopening closed nodes, (real) bound = 2147483647
[t=0.361923s, 56192 KB] New best heuristic value for lmcut(): 25
[t=0.362407s, 56192 KB] g=0, 1 evaluated, 0 expanded
[t=0.362435s, 56192 KB] Initial heuristic value for lmcut(): 25
[t=0.362468s, 56192 KB] Start Timestep: 1682404723016 millisecond(s).
[t=0.458064s, 56192 KB] New best heuristic value for lmcut(): 24
[t=0.458298s, 56192 KB] g=1, 4 evaluated, 1 expanded
[t=0.548311s, 56192 KB] New best heuristic value for lmcut(): 23
[t=0.548707s, 56192 KB] g=2, 7 evaluated, 2 expanded
[t=0.663862s, 56192 KB] New best heuristic value for lmcut(): 22
[t=0.664075s, 56192 KB] g=3, 11 evaluated, 4 expanded
[t=0.774832s, 56192 KB] New best heuristic value for lmcut(): 21
[t=0.774991s, 56192 KB] g=4, 15 evaluated, 6 expanded
[t=0.827324s, 56192 KB] New best heuristic value for lmcut(): 19
[t=0.827461s, 56192 KB] g=5, 17 evaluated, 7 expanded
[t=0.902813s, 56192 KB] New best heuristic value for lmcut(): 17
[t=0.903087s, 56192 KB] g=6, 20 evaluated, 8 expanded
[t=1.10013s, 56192 KB] New best heuristic value for lmcut(): 16
[t=1.10048s, 56192 KB] g=7, 28 evaluated, 10 expanded
[t=1.24057s, 56192 KB] New best heuristic value for lmcut(): 14
[t=1.24091s, 56192 KB] g=9, 34 evaluated, 13 expanded
[t=1.30356s, 56192 KB] New best heuristic value for lmcut(): 13
[t=1.30404s, 56192 KB] g=10, 37 evaluated, 14 expanded
[t=1.3654s, 56192 KB] New best heuristic value for lmcut(): 12
[t=1.36563s, 56192 KB] g=11, 40 evaluated, 15 expanded
[t=9.37833s, 56192 KB] New best heuristic value for lmcut(): 11
[t=9.38223s, 56192 KB] g=18, 426 evaluated, 177 expanded
[t=47.4408s, 56192 KB] New best heuristic value for lmcut(): 10
[t=47.4448s, 56192 KB] g=24, 2296 evaluated, 1029 expanded, 24 reopened
[t=47.5404s, 56192 KB] New best heuristic value for lmcut(): 9
[t=47.5421s, 56192 KB] g=26, 2302 evaluated, 1033 expanded, 24 reopened
[t=55.8343s, 56192 KB] New best heuristic value for lmcut(): 8
[t=55.8361s, 56192 KB] g=36, 2749 evaluated, 1240 expanded, 24 reopened
[t=55.9384s, 56192 KB] New best heuristic value for lmcut(): 7
[t=55.9402s, 56192 KB] g=38, 2757 evaluated, 1243 expanded, 24 reopened
[t=56.0815s, 56192 KB] New best heuristic value for lmcut(): 6
[t=56.0842s, 56192 KB] g=40, 2767 evaluated, 1248 expanded, 24 reopened
[t=56.1054s, 56192 KB] New best heuristic value for lmcut(): 5
[t=56.108s, 56192 KB] g=41, 2770 evaluated, 1249 expanded, 24 reopened
[t=56.2092s, 56192 KB] New best heuristic value for lmcut(): 4
[t=56.2116s, 56192 KB] g=42, 2776 evaluated, 1251 expanded, 24 reopened
[t=56.2291s, 56192 KB] New best heuristic value for lmcut(): 3
[t=56.2305s, 56192 KB] g=43, 2779 evaluated, 1253 expanded, 24 reopened
[t=56.253s, 56192 KB] New best heuristic value for lmcut(): 2
[t=56.2547s, 56192 KB] g=44, 2784 evaluated, 1254 expanded, 24 reopened
[t=56.3488s, 56192 KB] New best heuristic value for lmcut(): 1
[t=56.3499s, 56192 KB] g=45, 2791 evaluated, 1256 expanded, 24 reopened
[t=56.3527s, 56192 KB] New best heuristic value for lmcut(): 0
[t=56.3555s, 56192 KB] g=46, 2794 evaluated, 1257 expanded, 24 reopened
[t=56.3556s, 56192 KB] Solution found!
unpark pr2 xrel0 yrel0 (1)
base-right pr2 x0 x1 y0 (1)
base-right pr2 x1 x2 y0 (1)
base-right pr2 x2 x3 y0 (1)
base-right pr2 x3 x4 y0 (1)
base-right pr2 x4 x5 y0 (1)
finish-object object0 x2 y2 (1)
base-down pr2 x5 y0 y1 (1)
base-down pr2 x5 y1 y2 (1)
park pr2 (1)
gripper-up pr2 x5 y2 xrel0 x5 yrel0 yrel-1 y2 y1 (1)
get-right pr2 x5 y2 xrel0 x5 yrel-1 y1 object3 x6 (1)
gripper-down pr2 x5 y2 xrel0 x5 yrel-1 yrel0 y1 y2 (1)
unpark pr2 xrel0 yrel0 (1)
base-down pr2 x5 y2 y3 (1)
base-down pr2 x5 y3 y4 (1)
base-down pr2 x5 y4 y5 (1)
park pr2 (1)
gripper-up pr2 x5 y5 xrel0 x5 yrel0 yrel-1 y5 y4 (1)
gripper-right pr2 x5 y5 xrel0 xrel1 x5 x6 yrel-1 y4 (1)
put-right pr2 x5 y5 xrel1 x6 yrel-1 y4 object3 x7 (1)
gripper-left pr2 x5 y5 xrel1 xrel0 x6 x5 yrel-1 y4 (1)
gripper-down pr2 x5 y5 xrel0 x5 yrel-1 yrel0 y4 y5 (1)
finish-object object3 x7 y4 (1)
unpark pr2 xrel0 yrel0 (1)
base-down pr2 x5 y5 y6 (1)
park pr2 (1)
get-down pr2 x5 y6 xrel0 x5 yrel0 y6 object1 y7 (1)
unpark pr2 xrel0 yrel0 (1)
base-up pr2 x5 y6 y5 (1)
base-left pr2 x5 x4 y5 (1)
base-left pr2 x4 x3 y5 (1)
base-left pr2 x3 x2 y5 (1)
base-left pr2 x2 x1 y5 (1)
base-left pr2 x1 x0 y5 (1)
base-up pr2 x0 y5 y4 (1)
base-up pr2 x0 y4 y3 (1)
base-right pr2 x0 x1 y3 (1)
base-right pr2 x1 x2 y3 (1)
park pr2 (1)
gripper-right pr2 x2 y3 xrel0 xrel1 x2 x3 yrel0 y3 (1)
put-left pr2 x2 y3 xrel1 x3 yrel0 y3 object1 x2 (1)
get-left pr2 x2 y3 xrel1 x3 yrel0 y3 object2 x2 (1)
put-up pr2 x2 y3 xrel1 x3 yrel0 y3 object2 y2 (1)
finish-object object1 x2 y3 (1)
finish-object object2 x3 y2 (1)
[t=56.3562s, 56192 KB] Plan length: 46 step(s).
[t=56.3569s, 56192 KB] Plan cost: 46
[t=56.3569s, 56192 KB] Solution: Incumbent solution found!
[t=56.3569s, 56192 KB] Solution Timestep: 1682404779248 millisecond(s).
[t=56.357s, 56192 KB] Timestamp: 1682404779248 millisecond(s).
[t=56.357s, 56192 KB] Expanded 1258 state(s).
[t=56.357s, 56192 KB] Reopened 24 state(s).
[t=56.357s, 56192 KB] Evaluated 2794 state(s).
[t=56.357s, 56192 KB] Evaluations: 2794
[t=56.3571s, 56192 KB] Generated 4645 state(s).
[t=56.3571s, 56192 KB] Dead ends: 0 state(s).
[t=56.3571s, 56192 KB] Number of registered states: 2794
[t=56.3571s, 56192 KB] Int hash set load factor: 2794/4096 = 0.682129
[t=56.3572s, 56192 KB] Int hash set resizes: 12
[t=60.6447s, 56192 KB] Solution found!
unpark pr2 xrel0 yrel0 (1)
base-right pr2 x0 x1 y0 (1)
base-right pr2 x1 x2 y0 (1)
base-right pr2 x2 x3 y0 (1)
base-right pr2 x3 x4 y0 (1)
base-right pr2 x4 x5 y0 (1)
finish-object object0 x2 y2 (1)
base-down pr2 x5 y0 y1 (1)
base-down pr2 x5 y1 y2 (1)
park pr2 (1)
gripper-up pr2 x5 y2 xrel0 x5 yrel0 yrel-1 y2 y1 (1)
get-right pr2 x5 y2 xrel0 x5 yrel-1 y1 object3 x6 (1)
gripper-down pr2 x5 y2 xrel0 x5 yrel-1 yrel0 y1 y2 (1)
unpark pr2 xrel0 yrel0 (1)
base-down pr2 x5 y2 y3 (1)
base-down pr2 x5 y3 y4 (1)
base-down pr2 x5 y4 y5 (1)
park pr2 (1)
gripper-up pr2 x5 y5 xrel0 x5 yrel0 yrel-1 y5 y4 (1)
gripper-right pr2 x5 y5 xrel0 xrel1 x5 x6 yrel-1 y4 (1)
put-right pr2 x5 y5 xrel1 x6 yrel-1 y4 object3 x7 (1)
gripper-left pr2 x5 y5 xrel1 xrel0 x6 x5 yrel-1 y4 (1)
gripper-down pr2 x5 y5 xrel0 x5 yrel-1 yrel0 y4 y5 (1)
finish-object object3 x7 y4 (1)
gripper-down pr2 x5 y5 xrel0 x5 yrel0 yrel1 y5 y6 (1)
get-down pr2 x5 y5 xrel0 x5 yrel1 y6 object1 y7 (1)
gripper-up pr2 x5 y5 xrel0 x5 yrel1 yrel0 y6 y5 (1)
unpark pr2 xrel0 yrel0 (1)
base-left pr2 x5 x4 y5 (1)
base-left pr2 x4 x3 y5 (1)
base-left pr2 x3 x2 y5 (1)
base-left pr2 x2 x1 y5 (1)
base-left pr2 x1 x0 y5 (1)
base-up pr2 x0 y5 y4 (1)
base-up pr2 x0 y4 y3 (1)
base-right pr2 x0 x1 y3 (1)
base-right pr2 x1 x2 y3 (1)
park pr2 (1)
gripper-right pr2 x2 y3 xrel0 xrel1 x2 x3 yrel0 y3 (1)
put-left pr2 x2 y3 xrel1 x3 yrel0 y3 object1 x2 (1)
get-left pr2 x2 y3 xrel1 x3 yrel0 y3 object2 x2 (1)
put-up pr2 x2 y3 xrel1 x3 yrel0 y3 object2 y2 (1)
finish-object object1 x2 y3 (1)
finish-object object2 x3 y2 (1)
[t=60.6453s, 56192 KB] Plan length: 44 step(s).
[t=60.6461s, 56192 KB] Plan cost: 44
[t=60.6461s, 56192 KB] Solution: Incumbent solution found!
[t=60.6461s, 56192 KB] Solution Timestep: 1682404783567 millisecond(s).
[t=60.6462s, 56192 KB] Timestamp: 1682404783567 millisecond(s).
[t=60.6462s, 56192 KB] Expanded 1425 state(s).
[t=60.6462s, 56192 KB] Reopened 88 state(s).
[t=60.6462s, 56192 KB] Evaluated 2865 state(s).
[t=60.6463s, 56192 KB] Evaluations: 3033
[t=60.6463s, 56192 KB] Generated 5243 state(s).
[t=60.6463s, 56192 KB] Dead ends: 0 state(s).
[t=60.6463s, 56192 KB] Number of registered states: 3033
[t=60.6464s, 56192 KB] Int hash set load factor: 3033/4096 = 0.740479
[t=60.6464s, 56192 KB] Int hash set resizes: 12
[t=229.392s, 56192 KB] Solution found!
unpark pr2 xrel0 yrel0 (1)
base-right pr2 x0 x1 y0 (1)
base-right pr2 x1 x2 y0 (1)
base-right pr2 x2 x3 y0 (1)
base-right pr2 x3 x4 y0 (1)
base-right pr2 x4 x5 y0 (1)
finish-object object0 x2 y2 (1)
base-down pr2 x5 y0 y1 (1)
park pr2 (1)
get-right pr2 x5 y1 xrel0 x5 yrel0 y1 object3 x6 (1)
unpark pr2 xrel0 yrel0 (1)
base-down pr2 x5 y1 y2 (1)
base-down pr2 x5 y2 y3 (1)
base-down pr2 x5 y3 y4 (1)
base-right pr2 x5 x6 y4 (1)
park pr2 (1)
put-right pr2 x6 y4 xrel0 x6 yrel0 y4 object3 x7 (1)
unpark pr2 xrel0 yrel0 (1)
finish-object object3 x7 y4 (1)
base-left pr2 x6 x5 y4 (1)
base-down pr2 x5 y4 y5 (1)
base-down pr2 x5 y5 y6 (1)
park pr2 (1)
get-down pr2 x5 y6 xrel0 x5 yrel0 y6 object1 y7 (1)
unpark pr2 xrel0 yrel0 (1)
base-up pr2 x5 y6 y5 (1)
base-left pr2 x5 x4 y5 (1)
base-left pr2 x4 x3 y5 (1)
base-left pr2 x3 x2 y5 (1)
base-left pr2 x2 x1 y5 (1)
base-left pr2 x1 x0 y5 (1)
base-up pr2 x0 y5 y4 (1)
base-up pr2 x0 y4 y3 (1)
base-right pr2 x0 x1 y3 (1)
base-right pr2 x1 x2 y3 (1)
park pr2 (1)
gripper-right pr2 x2 y3 xrel0 xrel1 x2 x3 yrel0 y3 (1)
put-left pr2 x2 y3 xrel1 x3 yrel0 y3 object1 x2 (1)
get-left pr2 x2 y3 xrel1 x3 yrel0 y3 object2 x2 (1)
put-up pr2 x2 y3 xrel1 x3 yrel0 y3 object2 y2 (1)
finish-object object1 x2 y3 (1)
finish-object object2 x3 y2 (1)
[t=229.392s, 56192 KB] Plan length: 42 step(s).
[t=229.392s, 56192 KB] Plan cost: 42
[t=229.392s, 56192 KB] Solution: Incumbent solution found!
[t=229.392s, 56192 KB] Solution Timestep: 1682404952937 millisecond(s).
[t=229.392s, 56192 KB] Timestamp: 1682404952937 millisecond(s).
[t=229.392s, 56192 KB] Expanded 5665 state(s).
[t=229.392s, 56192 KB] Reopened 218 state(s).
[t=229.392s, 56192 KB] Evaluated 8415 state(s).
[t=229.392s, 56192 KB] Evaluations: 11573
[t=229.392s, 56192 KB] Generated 21514 state(s).
[t=229.392s, 56192 KB] Dead ends: 0 state(s).
[t=229.392s, 56192 KB] Number of registered states: 11573
[t=229.392s, 56192 KB] Int hash set load factor: 11573/16384 = 0.70636
[t=229.392s, 56192 KB] Int hash set resizes: 14
Peak memory: 56596 KB
caught signal 24 -- exiting
Time limit has been reached.
Remove intermediate file output.sas
search exit code: 23

Driver aborting after search
INFO     Planner time: 897.44s
