INFO     planner time limit: 600s
INFO     planner memory limit: 3584 MB

INFO     Running translator.
INFO     translator stdin: None
INFO     translator time limit: 599s
INFO     translator memory limit: 3584 MB
INFO     translator command line string: /usr/local/downward-projects/downward/experiments/src/thesis/.venv/bin/python3 /usr/local/downward-projects/downward/experiments/src/thesis/data/thesis-thesis_exp/code-84c08dfff1890fbf6247184940c8166177195ea1_e5e41175/builds/release/bin/translate/translate.py domain.pddl problem.pddl --sas-file output.sas
Parsing...
Parsing: [0.000s CPU, 0.004s wall-clock]
Normalizing task... [0.000s CPU, 0.000s wall-clock]
Instantiating...
Generating Datalog program... [0.000s CPU, 0.001s wall-clock]
Normalizing Datalog program...
Normalizing Datalog program: [0.010s CPU, 0.004s wall-clock]
Preparing model... [0.000s CPU, 0.003s wall-clock]
Generated 212 rules.
Computing model... [0.010s CPU, 0.011s wall-clock]
963 relevant atoms
950 auxiliary atoms
1913 final queue length
2984 total queue pushes
Completing instantiation... [0.010s CPU, 0.015s wall-clock]
Instantiating: [0.040s CPU, 0.034s wall-clock]
Computing fact groups...
Finding invariants...
20 initial candidates
Finding invariants: [0.000s CPU, 0.004s wall-clock]
Checking invariant weight... [0.000s CPU, 0.000s wall-clock]
Instantiating groups... [0.000s CPU, 0.000s wall-clock]
Collecting mutex groups... [0.000s CPU, 0.000s wall-clock]
Choosing groups...
197 uncovered facts
Choosing groups: [0.000s CPU, 0.000s wall-clock]
Building translation key... [0.000s CPU, 0.001s wall-clock]
Computing fact groups: [0.000s CPU, 0.007s wall-clock]
Building STRIPS to SAS dictionary... [0.000s CPU, 0.000s wall-clock]
Building dictionary for full mutex groups... [0.000s CPU, 0.000s wall-clock]
Building mutex information...
Building mutex information: [0.000s CPU, 0.000s wall-clock]
Translating task...
Processing axioms...
Simplifying axioms... [0.000s CPU, 0.000s wall-clock]
Translator axioms removed by simplifying: 0
Computing negative axioms... [0.000s CPU, 0.000s wall-clock]
Processing axioms: [0.000s CPU, 0.001s wall-clock]
Translating task: [0.020s CPU, 0.016s wall-clock]
421 effect conditions simplified
0 implied preconditions added
Detecting unreachable propositions...
0 operators removed
0 axioms removed
9 propositions removed
Detecting unreachable propositions: [0.000s CPU, 0.008s wall-clock]
Reordering and filtering variables...
79 of 203 variables necessary.
0 of 7 mutex groups necessary.
449 of 449 operators necessary.
0 of 0 axiom rules necessary.
Reordering and filtering variables: [0.010s CPU, 0.004s wall-clock]
Translator variables: 79
Translator derived variables: 0
Translator facts: 270
Translator goal facts: 42
Translator mutex groups: 0
Translator total mutex groups size: 0
Translator operators: 449
Translator axioms: 0
Translator task size: 3417
Translator peak memory: 34908 KB
Writing output... [0.000s CPU, 0.003s wall-clock]
Done! [0.070s CPU, 0.080s wall-clock]
translate exit code: 0

INFO     Running search (release).
INFO     search stdin: output.sas
INFO     search time limit: 599s
INFO     search memory limit: 3584 MB
INFO     search command line string: /usr/local/downward-projects/downward/experiments/src/thesis/data/thesis-thesis_exp/code-84c08dfff1890fbf6247184940c8166177195ea1_e5e41175/builds/release/bin/downward --evaluator 'h=ff()' --search 'eager(partition(h, hi_partition(), inter_uniform(), intra_uniform() )) ' --internal-plan-file sas_plan < output.sas
[t=0.00137905s, 11732 KB] reading input...
[t=0.00310537s, 11864 KB] done reading input!
[t=0.00526642s, 12260 KB] Simplifying 1024 unary operators... done! [289 unary operators]
[t=0.00613386s, 12260 KB] time to simplify: 0.000867443s
[t=0.00618981s, 12260 KB] Initializing additive heuristic...
[t=0.00624951s, 12260 KB] Initializing FF heuristic...
[t=0.00627396s, 12260 KB] Building successor generator...done!
[t=0.00651117s, 12260 KB] peak memory difference for successor generator creation: 0 KB
[t=0.00655872s, 12260 KB] time for successor generation creation: 0s
[t=0.00658273s, 12260 KB] Variables: 79
[t=0.00660835s, 12260 KB] FactPairs: 270
[t=0.0066316s, 12260 KB] Bytes per state: 16
[t=0.00665505s, 12260 KB] Conducting best first search without reopening closed nodes, (real) bound = 2147483647
[t=0.00670221s, 12260 KB] New best heuristic value for ff(): 2633245
[t=0.00675762s, 12260 KB] g=0, 1 evaluated, 0 expanded
[t=0.00678181s, 12260 KB] Initial heuristic value for ff(): 2633245
[t=0.00681056s, 12260 KB] pruning method: none
[t=0.00683351s, 12260 KB] Start Timestep: 1693581089548 millisecond(s).
[t=0.00687608s, 12260 KB] New best heuristic value for ff(): 2593245
[t=0.00693349s, 12260 KB] g=0, 2 evaluated, 1 expanded
[t=0.0069581s, 12260 KB] New best heuristic value for ff(): 2442235
[t=0.00709752s, 12260 KB] g=8000, 8 evaluated, 2 expanded
[t=0.00712195s, 12260 KB] New best heuristic value for ff(): 2439236
[t=0.00733344s, 12260 KB] g=10999, 17 evaluated, 3 expanded
[t=0.00735849s, 12260 KB] New best heuristic value for ff(): 2434235
[t=0.0075069s, 12260 KB] g=16000, 24 evaluated, 3 expanded
[t=0.00753097s, 12260 KB] New best heuristic value for ff(): 2433235
[t=0.00765735s, 12260 KB] g=16000, 29 evaluated, 3 expanded
[t=0.00804662s, 12260 KB] New best heuristic value for ff(): 2431236
[t=0.0080947s, 12260 KB] g=18999, 48 evaluated, 5 expanded
[t=0.0081199s, 12260 KB] New best heuristic value for ff(): 2430236
[t=0.00827945s, 12260 KB] g=18999, 54 evaluated, 5 expanded
[t=0.00830411s, 12260 KB] New best heuristic value for ff(): 2425235
[t=0.00843097s, 12260 KB] g=24000, 59 evaluated, 6 expanded
[t=0.0090382s, 12260 KB] New best heuristic value for ff(): 2417235
[t=0.00927218s, 12260 KB] g=32000, 93 evaluated, 9 expanded
[t=0.00929807s, 12260 KB] New best heuristic value for ff(): 2409235
[t=0.00987423s, 12260 KB] g=40000, 114 evaluated, 11 expanded
[t=0.0100481s, 12260 KB] New best heuristic value for ff(): 2407235
[t=0.0110939s, 12260 KB] g=42000, 157 evaluated, 15 expanded
[t=0.0111197s, 12260 KB] New best heuristic value for ff(): 2332219
[t=0.0112027s, 12260 KB] g=147013, 159 evaluated, 15 expanded
[t=0.0142096s, 12260 KB] New best heuristic value for ff(): 2197209
[t=0.0144903s, 12260 KB] g=139013, 243 evaluated, 23 expanded
[t=0.0173407s, 12260 KB] New best heuristic value for ff(): 2189209
[t=0.0181704s, 12260 KB] g=147013, 320 evaluated, 31 expanded
[t=0.039355s, 12260 KB] New best heuristic value for ff(): 2181209
[t=0.0398657s, 12260 KB] g=155013, 648 evaluated, 65 expanded
[t=0.129652s, 12516 KB] New best heuristic value for ff(): 2110193
[t=0.130524s, 12516 KB] g=256026, 1494 evaluated, 145 expanded
[t=0.292454s, 12760 KB] New best heuristic value for ff(): 1969183
[t=0.292865s, 12760 KB] g=384052, 2488 evaluated, 236 expanded
[t=0.559796s, 12960 KB] New best heuristic value for ff(): 1967184
[t=0.560242s, 12960 KB] g=257025, 3598 evaluated, 337 expanded
[t=0.597182s, 13052 KB] New best heuristic value for ff(): 1959183
[t=0.597454s, 13052 KB] g=264026, 3723 evaluated, 351 expanded
[t=0.615142s, 13052 KB] New best heuristic value for ff(): 1951183
[t=0.615857s, 13052 KB] g=272026, 3784 evaluated, 356 expanded
[t=1.16556s, 13504 KB] New best heuristic value for ff(): 1741157
[t=1.1666s, 13504 KB] g=499065, 5281 evaluated, 498 expanded
[t=2.87461s, 14192 KB] New best heuristic value for ff(): 1732157
[t=2.87574s, 14192 KB] g=507065, 8415 evaluated, 798 expanded
[t=3.284s, 14272 KB] New best heuristic value for ff(): 1724157
[t=3.28465s, 14272 KB] g=515065, 8988 evaluated, 852 expanded
[t=7.23691s, 15268 KB] New best heuristic value for ff(): 1673147
[t=7.23715s, 15268 KB] g=521065, 13197 evaluated, 1249 expanded
[t=21.5789s, 17504 KB] New best heuristic value for ff(): 1564147
[t=21.5792s, 17504 KB] g=533065, 22098 evaluated, 2113 expanded
[t=34.901s, 18472 KB] New best heuristic value for ff(): 1451134
[t=34.902s, 18472 KB] g=646078, 27256 evaluated, 2606 expanded
[t=113.909s, 22660 KB] New best heuristic value for ff(): 1443121
[t=113.909s, 22660 KB] g=638078, 44543 evaluated, 4268 expanded
[t=195.397s, 24568 KB] New best heuristic value for ff(): 1365118
[t=195.397s, 24568 KB] g=761091, 54895 evaluated, 5280 expanded
[t=225.174s, 25032 KB] New best heuristic value for ff(): 1223108
[t=225.174s, 25032 KB] g=761091, 57971 evaluated, 5576 expanded
[t=554.843s, 30048 KB] New best heuristic value for ff(): 1221108
[t=554.843s, 30048 KB] g=763091, 83729 evaluated, 8090 expanded
Peak memory: 31212 KB
caught signal 24 -- exiting
Time limit has been reached.
Remove intermediate file output.sas
search exit code: 23

Driver aborting after search
INFO     Planner time: 597.80s
