INFO     planner time limit: 300s
INFO     planner memory limit: 3584 MB

INFO     Running translator.
INFO     translator stdin: None
INFO     translator time limit: 299s
INFO     translator memory limit: 3584 MB
INFO     translator command line string: /usr/local/downward-projects/downward/experiments/.venv/bin/python3 /usr/local/downward-projects/downward/experiments/src/thesis/data/thesis-thesis_exp/code-d93485cdd92f65ede2ae3573b3f4adda0b49e4fd_e5e41175/builds/release/bin/translate/translate.py domain.pddl problem.pddl --sas-file output.sas
Parsing...
Parsing: [0.020s CPU, 0.023s wall-clock]
Normalizing task... [0.000s CPU, 0.001s wall-clock]
Instantiating...
Generating Datalog program... [0.010s CPU, 0.011s wall-clock]
Normalizing Datalog program...
Normalizing Datalog program: [0.010s CPU, 0.001s wall-clock]
Preparing model... [0.030s CPU, 0.034s wall-clock]
Generated 6 rules.
Computing model... [0.080s CPU, 0.075s wall-clock]
13057 relevant atoms
4992 auxiliary atoms
18049 final queue length
23939 total queue pushes
Completing instantiation... [0.080s CPU, 0.081s wall-clock]
Instantiating: [0.210s CPU, 0.205s wall-clock]
Computing fact groups...
Finding invariants...
4 initial candidates
Finding invariants: [0.000s CPU, 0.001s wall-clock]
Checking invariant weight... [0.000s CPU, 0.001s wall-clock]
Instantiating groups... [0.000s CPU, 0.001s wall-clock]
Collecting mutex groups... [0.000s CPU, 0.001s wall-clock]
Choosing groups...
1024 uncovered facts
Choosing groups: [0.000s CPU, 0.002s wall-clock]
Building translation key... [0.000s CPU, 0.003s wall-clock]
Computing fact groups: [0.020s CPU, 0.019s wall-clock]
Building STRIPS to SAS dictionary... [0.000s CPU, 0.001s wall-clock]
Building dictionary for full mutex groups... [0.000s CPU, 0.001s wall-clock]
Building mutex information...
Building mutex information: [0.000s CPU, 0.001s wall-clock]
Translating task...
Processing axioms...
Simplifying axioms... [0.000s CPU, 0.000s wall-clock]
Translator axioms removed by simplifying: 0
Computing negative axioms... [0.000s CPU, 0.000s wall-clock]
Processing axioms: [0.010s CPU, 0.004s wall-clock]
Translating task: [0.070s CPU, 0.069s wall-clock]
0 effect conditions simplified
0 implied preconditions added
Detecting unreachable propositions...
0 operators removed
0 axioms removed
3 propositions removed
Detecting unreachable propositions: [0.070s CPU, 0.064s wall-clock]
Reordering and filtering variables...
1024 of 1024 variables necessary.
0 of 1 mutex groups necessary.
3968 of 3968 operators necessary.
0 of 0 axiom rules necessary.
Reordering and filtering variables: [0.010s CPU, 0.014s wall-clock]
Translator variables: 1024
Translator derived variables: 0
Translator facts: 3070
Translator goal facts: 1023
Translator mutex groups: 0
Translator total mutex groups size: 0
Translator operators: 3968
Translator axioms: 0
Translator task size: 20985
Translator peak memory: 49868 KB
Writing output... [0.020s CPU, 0.019s wall-clock]
Done! [0.420s CPU, 0.422s wall-clock]
translate exit code: 0

INFO     Running search (release).
INFO     search stdin: output.sas
INFO     search time limit: 299s
INFO     search memory limit: 3584 MB
INFO     search command line string: /usr/local/downward-projects/downward/experiments/src/thesis/data/thesis-thesis_exp/code-d93485cdd92f65ede2ae3573b3f4adda0b49e4fd_e5e41175/builds/release/bin/downward --evaluator 'h=ff()' --search 'eager(alt([type_based([h, g()], random_seed=-1), single(h)]))' --internal-plan-file sas_plan < output.sas
[t=0.00400159s, 11364 KB] reading input...
[t=0.0239436s, 12828 KB] done reading input!
[t=0.0279183s, 13444 KB] Simplifying 7932 unary operators... done! [7932 unary operators]
[t=0.0301546s, 14156 KB] time to simplify: 0.00223628s
[t=0.0305092s, 14156 KB] Initializing additive heuristic...
[t=0.0307107s, 14156 KB] Initializing FF heuristic...
[t=0.0307383s, 14156 KB] Building successor generator...done!
[t=0.0313082s, 14156 KB] peak memory difference for successor generator creation: 0 KB
[t=0.031364s, 14156 KB] time for successor generation creation: 0s
[t=0.0313892s, 14156 KB] Variables: 1024
[t=0.0314366s, 14156 KB] FactPairs: 3070
[t=0.0314592s, 14156 KB] Bytes per state: 132
[t=0.031482s, 14156 KB] Conducting best first search without reopening closed nodes, (real) bound = 2147483647
[t=0.0315361s, 14156 KB] New best heuristic value for ff(): 1023
[t=0.031748s, 14156 KB] g=0, 1 evaluated, 0 expanded
[t=0.0317736s, 14156 KB] Initial heuristic value for ff(): 1023
[t=0.0318014s, 14156 KB] pruning method: none
[t=0.0318241s, 14156 KB] Start Timestep: 1687950980628 millisecond(s).
[t=0.0318655s, 14156 KB] New best heuristic value for ff(): 1022
[t=0.0327239s, 14156 KB] g=2, 7 evaluated, 2 expanded
[t=0.0356344s, 14156 KB] New best heuristic value for ff(): 1021
[t=0.0373174s, 14156 KB] g=4, 41 evaluated, 11 expanded
[t=0.0476062s, 14156 KB] New best heuristic value for ff(): 1020
[t=0.0496599s, 14156 KB] g=10, 133 evaluated, 36 expanded
[t=0.0675756s, 14156 KB] New best heuristic value for ff(): 1019
[t=0.0690437s, 14156 KB] g=14, 278 evaluated, 76 expanded
[t=0.0755445s, 14156 KB] New best heuristic value for ff(): 1018
[t=0.0781456s, 14156 KB] g=17, 346 evaluated, 94 expanded
[t=0.0915152s, 14156 KB] New best heuristic value for ff(): 1017
[t=0.0938508s, 14156 KB] g=26, 464 evaluated, 127 expanded
[t=0.107447s, 14156 KB] New best heuristic value for ff(): 1016
[t=0.109385s, 14156 KB] g=30, 579 evaluated, 160 expanded
[t=0.119408s, 14156 KB] New best heuristic value for ff(): 1015
[t=0.122488s, 14156 KB] g=36, 677 evaluated, 190 expanded
[t=0.122518s, 14156 KB] New best heuristic value for ff(): 1014
[t=0.123221s, 14156 KB] g=37, 682 evaluated, 191 expanded
[t=0.127354s, 14156 KB] New best heuristic value for ff(): 1013
[t=0.12805s, 14156 KB] g=40, 718 evaluated, 202 expanded
[t=0.139324s, 14156 KB] New best heuristic value for ff(): 1012
[t=0.141868s, 14156 KB] g=43, 822 evaluated, 235 expanded
[t=0.143291s, 14156 KB] New best heuristic value for ff(): 1011
[t=0.146822s, 14156 KB] g=41, 859 evaluated, 247 expanded
[t=0.147262s, 14156 KB] New best heuristic value for ff(): 1010
[t=0.149287s, 14156 KB] g=43, 877 evaluated, 253 expanded
[t=0.239172s, 14156 KB] New best heuristic value for ff(): 1009
[t=0.242497s, 14156 KB] g=49, 1581 evaluated, 505 expanded
[t=0.391099s, 14156 KB] New best heuristic value for ff(): 1008
[t=0.393797s, 14156 KB] g=58, 2726 evaluated, 933 expanded
[t=0.431021s, 14156 KB] New best heuristic value for ff(): 1007
[t=0.433734s, 14156 KB] g=62, 3027 evaluated, 1046 expanded
[t=0.514948s, 14156 KB] New best heuristic value for ff(): 1006
[t=0.517552s, 14156 KB] g=72, 3659 evaluated, 1290 expanded
[t=0.599172s, 14332 KB] New best heuristic value for ff(): 1005
[t=0.600378s, 14332 KB] g=76, 4281 evaluated, 1545 expanded
[t=0.722798s, 14468 KB] New best heuristic value for ff(): 1004
[t=0.72647s, 14468 KB] g=102, 5231 evaluated, 1906 expanded
[t=0.77874s, 14600 KB] New best heuristic value for ff(): 1003
[t=0.77887s, 14600 KB] g=108, 5624 evaluated, 2040 expanded
[t=0.786702s, 14600 KB] New best heuristic value for ff(): 1002
[t=0.788987s, 14600 KB] g=110, 5699 evaluated, 2065 expanded
[t=1.00658s, 14860 KB] New best heuristic value for ff(): 1001
[t=1.01038s, 14860 KB] g=128, 7358 evaluated, 2702 expanded
[t=1.19847s, 15208 KB] New best heuristic value for ff(): 1000
[t=1.19866s, 15208 KB] g=147, 8767 evaluated, 3244 expanded
[t=1.80613s, 15992 KB] New best heuristic value for ff(): 999
[t=1.80914s, 15992 KB] g=127, 13311 evaluated, 4978 expanded
[t=2.25997s, 16780 KB] New best heuristic value for ff(): 998
[t=2.26134s, 16780 KB] g=172, 16695 evaluated, 6261 expanded
[t=2.42388s, 16912 KB] New best heuristic value for ff(): 997
[t=2.42528s, 16912 KB] g=186, 17923 evaluated, 6706 expanded
[t=2.50778s, 17044 KB] New best heuristic value for ff(): 996
[t=2.51002s, 17044 KB] g=190, 18555 evaluated, 6915 expanded
[t=2.63169s, 17372 KB] New best heuristic value for ff(): 994
[t=2.63202s, 17372 KB] g=183, 19465 evaluated, 7227 expanded
[t=2.81551s, 17504 KB] New best heuristic value for ff(): 993
[t=2.81669s, 17504 KB] g=218, 20841 evaluated, 7700 expanded
[t=2.86343s, 17636 KB] New best heuristic value for ff(): 992
[t=2.86477s, 17636 KB] g=224, 21199 evaluated, 7830 expanded
[t=3.33109s, 18164 KB] New best heuristic value for ff(): 991
[t=3.33355s, 18164 KB] g=224, 24688 evaluated, 9061 expanded
[t=4.11517s, 19480 KB] New best heuristic value for ff(): 990
[t=4.11618s, 19480 KB] g=227, 30508 evaluated, 11148 expanded
[t=6.332s, 22128 KB] New best heuristic value for ff(): 989
[t=6.33333s, 22128 KB] g=231, 46936 evaluated, 17105 expanded
[t=7.35309s, 23644 KB] New best heuristic value for ff(): 988
[t=7.35401s, 23644 KB] g=261, 54531 evaluated, 19925 expanded
[t=7.71879s, 24936 KB] New best heuristic value for ff(): 987
[t=7.72175s, 24936 KB] g=291, 57241 evaluated, 20927 expanded
[t=8.76196s, 25876 KB] New best heuristic value for ff(): 986
[t=8.76515s, 25876 KB] g=291, 64995 evaluated, 23857 expanded
[t=9.24962s, 26552 KB] New best heuristic value for ff(): 985
[t=9.25332s, 26552 KB] g=235, 68616 evaluated, 25260 expanded
[t=9.29351s, 26552 KB] New best heuristic value for ff(): 984
[t=9.29597s, 26552 KB] g=237, 68932 evaluated, 25387 expanded
[t=11.9679s, 29724 KB] New best heuristic value for ff(): 983
[t=11.9683s, 29724 KB] g=275, 88685 evaluated, 33166 expanded
[t=12.5436s, 30384 KB] New best heuristic value for ff(): 982
[t=12.5454s, 30384 KB] g=339, 92975 evaluated, 34844 expanded
[t=13.4269s, 31576 KB] New best heuristic value for ff(): 980
[t=13.4297s, 31576 KB] g=341, 99543 evaluated, 37398 expanded
[t=13.6507s, 31840 KB] New best heuristic value for ff(): 979
[t=13.6518s, 31840 KB] g=352, 101193 evaluated, 38033 expanded
[t=15.5008s, 35744 KB] New best heuristic value for ff(): 978
[t=15.5049s, 35744 KB] g=406, 114902 evaluated, 43335 expanded
[t=17.0082s, 37428 KB] New best heuristic value for ff(): 977
[t=17.0106s, 37428 KB] g=408, 126089 evaluated, 47685 expanded
[t=19.015s, 39812 KB] New best heuristic value for ff(): 973
[t=19.017s, 39812 KB] g=438, 140948 evaluated, 53462 expanded
[t=32.7011s, 58568 KB] New best heuristic value for ff(): 972
[t=32.7011s, 58568 KB] g=446, 241835 evaluated, 92655 expanded
[t=33.3967s, 59024 KB] New best heuristic value for ff(): 968
[t=33.3967s, 59024 KB] g=451, 247000 evaluated, 94693 expanded
[t=33.5766s, 59288 KB] New best heuristic value for ff(): 966
[t=33.5766s, 59288 KB] g=460, 248327 evaluated, 95247 expanded
[t=33.5886s, 59288 KB] New best heuristic value for ff(): 965
[t=33.5886s, 59288 KB] g=462, 248421 evaluated, 95278 expanded
[t=33.6046s, 59288 KB] New best heuristic value for ff(): 964
[t=33.6046s, 59288 KB] g=468, 248526 evaluated, 95317 expanded
[t=34.4243s, 60344 KB] New best heuristic value for ff(): 963
[t=34.4243s, 60344 KB] g=478, 254606 evaluated, 97794 expanded
[t=36.9507s, 63380 KB] New best heuristic value for ff(): 961
[t=36.9547s, 63380 KB] g=544, 273291 evaluated, 105295 expanded
[t=38.238s, 65100 KB] New best heuristic value for ff(): 956
[t=38.238s, 65100 KB] g=604, 282709 evaluated, 108893 expanded
[t=39.6811s, 67632 KB] New best heuristic value for ff(): 955
[t=39.6851s, 67632 KB] g=622, 293335 evaluated, 112985 expanded
[t=40.7883s, 68952 KB] New best heuristic value for ff(): 954
[t=40.7883s, 68952 KB] g=658, 301493 evaluated, 116102 expanded
[t=43.1151s, 71860 KB] New best heuristic value for ff(): 952
[t=43.1151s, 71860 KB] g=624, 318551 evaluated, 122628 expanded
[t=45.9575s, 75164 KB] New best heuristic value for ff(): 951
[t=45.9575s, 75164 KB] g=736, 339272 evaluated, 130521 expanded
[t=55.6038s, 87000 KB] New best heuristic value for ff(): 950
[t=55.6038s, 87000 KB] g=738, 410319 evaluated, 157341 expanded
[t=56.439s, 87924 KB] New best heuristic value for ff(): 949
[t=56.439s, 87924 KB] g=752, 416490 evaluated, 159665 expanded
[t=65.264s, 102588 KB] New best heuristic value for ff(): 948
[t=65.264s, 102588 KB] g=878, 481149 evaluated, 183826 expanded
[t=70.7772s, 109244 KB] New best heuristic value for ff(): 947
[t=70.7772s, 109244 KB] g=958, 521817 evaluated, 199139 expanded
[t=84.7294s, 125892 KB] New best heuristic value for ff(): 946
[t=84.7294s, 125892 KB] g=1064, 624362 evaluated, 237495 expanded
[t=91.6366s, 135628 KB] New best heuristic value for ff(): 945
[t=91.6366s, 135628 KB] g=1095, 674951 evaluated, 256578 expanded
[t=98.4455s, 143692 KB] New best heuristic value for ff(): 944
[t=98.4493s, 143692 KB] g=1125, 724942 evaluated, 275277 expanded
[t=102.327s, 148312 KB] New best heuristic value for ff(): 943
[t=102.33s, 148312 KB] g=1131, 753609 evaluated, 286100 expanded
[t=106.368s, 153068 KB] New best heuristic value for ff(): 941
[t=106.37s, 153068 KB] g=1095, 783384 evaluated, 297533 expanded
[t=125.289s, 188608 KB] New best heuristic value for ff(): 940
[t=125.292s, 188608 KB] g=1149, 922023 evaluated, 352424 expanded
[t=142.569s, 203420 KB] New best heuristic value for ff(): 939
[t=142.569s, 203420 KB] g=1207, 1048397 evaluated, 403276 expanded
[t=163.469s, 228308 KB] New best heuristic value for ff(): 938
[t=163.469s, 228308 KB] g=1249, 1201875 evaluated, 467399 expanded
[t=179.979s, 247736 KB] New best heuristic value for ff(): 937
[t=179.979s, 247736 KB] g=1387, 1322950 evaluated, 519130 expanded
[t=187.205s, 256452 KB] New best heuristic value for ff(): 936
[t=187.205s, 256452 KB] g=1500, 1375725 evaluated, 541714 expanded
[t=190.449s, 260288 KB] New best heuristic value for ff(): 935
[t=190.449s, 260288 KB] g=1527, 1399580 evaluated, 551871 expanded
[t=190.449s, 260288 KB] New best heuristic value for ff(): 934
[t=190.449s, 260288 KB] g=1527, 1399581 evaluated, 551871 expanded
[t=194.224s, 264780 KB] New best heuristic value for ff(): 933
[t=194.224s, 264780 KB] g=1551, 1427273 evaluated, 563925 expanded
[t=196.111s, 267024 KB] New best heuristic value for ff(): 932
[t=196.111s, 267024 KB] g=1531, 1441157 evaluated, 569852 expanded
[t=214.431s, 288552 KB] New best heuristic value for ff(): 931
[t=214.431s, 288552 KB] g=1677, 1575596 evaluated, 627772 expanded
[t=214.435s, 288552 KB] New best heuristic value for ff(): 929
[t=214.435s, 288552 KB] g=1679, 1575634 evaluated, 627789 expanded
[t=214.491s, 288684 KB] New best heuristic value for ff(): 928
[t=214.491s, 288684 KB] g=1667, 1576047 evaluated, 627974 expanded
[t=221.857s, 297280 KB] New best heuristic value for ff(): 927
[t=221.857s, 297280 KB] g=1691, 1630153 evaluated, 651273 expanded
[t=233.455s, 311012 KB] New best heuristic value for ff(): 926
[t=233.455s, 311012 KB] g=1743, 1715447 evaluated, 687925 expanded
[t=244.564s, 350392 KB] New best heuristic value for ff(): 925
[t=244.564s, 350392 KB] g=1779, 1796336 evaluated, 722945 expanded
[t=246.345s, 350392 KB] New best heuristic value for ff(): 924
[t=246.345s, 350392 KB] g=1783, 1809447 evaluated, 728670 expanded
[t=248.957s, 350392 KB] New best heuristic value for ff(): 923
[t=248.957s, 350392 KB] g=1827, 1828652 evaluated, 737061 expanded
[t=252.564s, 353100 KB] New best heuristic value for ff(): 922
[t=252.564s, 353100 KB] g=1857, 1855189 evaluated, 748875 expanded
Peak memory: 407728 KB
caught signal 24 -- exiting
Time limit has been reached.
Remove intermediate file output.sas
search exit code: 23

Driver aborting after search
INFO     Planner time: 299.49s
