INFO     planner time limit: 900s
INFO     planner memory limit: 3584 MB

INFO     Running translator.
INFO     translator stdin: None
INFO     translator time limit: 899s
INFO     translator memory limit: 3584 MB
INFO     translator command line string: /usr/local/downward-projects/downward/experiments/.venv/bin/python3 /usr/local/downward-projects/downward/experiments/src/thesis/data/thesis-thesis_exp/code-492c46a6b9a8d722366a407090da84235e2f79dc_e5e41175/builds/release/bin/translate/translate.py domain.pddl problem.pddl --sas-file output.sas
Parsing...
Parsing: [0.020s CPU, 0.012s wall-clock]
Normalizing task... [0.000s CPU, 0.000s wall-clock]
Instantiating...
Generating Datalog program... [0.000s CPU, 0.008s wall-clock]
Normalizing Datalog program...
Normalizing Datalog program: [0.010s CPU, 0.002s wall-clock]
Preparing model... [0.020s CPU, 0.019s wall-clock]
Generated 51 rules.
Computing model... [5.280s CPU, 5.286s wall-clock]
370428 relevant atoms
275226 auxiliary atoms
645654 final queue length
876067 total queue pushes
Completing instantiation... [11.290s CPU, 11.299s wall-clock]
Instantiating: [16.840s CPU, 16.848s wall-clock]
Computing fact groups...
Finding invariants...
6 initial candidates
Finding invariants: [0.050s CPU, 0.048s wall-clock]
Checking invariant weight... [0.000s CPU, 0.002s wall-clock]
Instantiating groups... [0.280s CPU, 0.281s wall-clock]
Collecting mutex groups... [0.050s CPU, 0.054s wall-clock]
Choosing groups...
0 uncovered facts
Choosing groups: [0.160s CPU, 0.168s wall-clock]
Building translation key... [0.050s CPU, 0.050s wall-clock]
Computing fact groups: [0.980s CPU, 0.986s wall-clock]
Building STRIPS to SAS dictionary... [0.070s CPU, 0.065s wall-clock]
Building dictionary for full mutex groups... [0.030s CPU, 0.039s wall-clock]
Building mutex information...
Building mutex information: [0.040s CPU, 0.033s wall-clock]
Translating task...
Processing axioms...
Simplifying axioms... [0.000s CPU, 0.000s wall-clock]
Translator axioms removed by simplifying: 0
Computing negative axioms... [0.000s CPU, 0.000s wall-clock]
Processing axioms: [0.300s CPU, 0.306s wall-clock]
Translating task: [8.040s CPU, 8.042s wall-clock]
0 effect conditions simplified
0 implied preconditions added
Detecting unreachable propositions...
0 operators removed
0 axioms removed
123 propositions removed
Detecting unreachable propositions: [4.810s CPU, 4.810s wall-clock]
Reordering and filtering variables...
123 of 123 variables necessary.
0 of 123 mutex groups necessary.
296016 of 296016 operators necessary.
0 of 0 axiom rules necessary.
Reordering and filtering variables: [0.550s CPU, 0.554s wall-clock]
Translator variables: 123
Translator derived variables: 0
Translator facts: 67700
Translator goal facts: 59
Translator mutex groups: 0
Translator total mutex groups size: 0
Translator operators: 296016
Translator axioms: 0
Translator task size: 1188862
Translator peak memory: 933788 KB
Writing output... [1.010s CPU, 1.019s wall-clock]
Done! [32.750s CPU, 32.771s wall-clock]
translate exit code: 0

INFO     Running search (release).
INFO     search stdin: output.sas
INFO     search time limit: 867s
INFO     search memory limit: 3584 MB
INFO     search command line string: /usr/local/downward-projects/downward/experiments/src/thesis/data/thesis-thesis_exp/code-492c46a6b9a8d722366a407090da84235e2f79dc_e5e41175/builds/release/bin/downward --evaluator 'h=ff(transform=adapt_costs(one))' --search 'eager(alt([single(h), softmin_type_based([h, g()], ignore_size=true)]), cost_type=one)' --internal-plan-file sas_plan < output.sas
[t=0s, 11200 KB] reading input...
[t=0.738815s, 84908 KB] done reading input!
[t=0.80676s, 100668 KB] Simplifying 296016 unary operators... done! [296016 unary operators]
[t=1.2303s, 128416 KB] time to simplify: 0.475538s
[t=1.29023s, 128416 KB] Initializing additive heuristic...
[t=1.29314s, 128416 KB] Initializing FF heuristic...
[t=1.29317s, 128416 KB] Building successor generator...done!
[t=1.4846s, 157092 KB] peak memory difference for successor generator creation: 28676 KB
[t=1.48471s, 157092 KB] time for successor generation creation: 0.188822s
[t=1.49003s, 157092 KB] Variables: 123
[t=1.49088s, 157092 KB] FactPairs: 67700
[t=1.4909s, 157092 KB] Bytes per state: 136
[t=1.49093s, 157092 KB] Conducting best first search without reopening closed nodes, (real) bound = 2147483647
[t=1.50195s, 157092 KB] New best heuristic value for ff(transform=adapt_costs(one)): 522
[t=1.50289s, 157092 KB] g=0, 1 evaluated, 0 expanded
[t=1.50292s, 157092 KB] Initial heuristic value for ff(transform=adapt_costs(one)): 522
[t=1.50297s, 157092 KB] pruning method: none
[t=1.50299s, 157092 KB] Start Timestep: 1685451169135 millisecond(s).
[t=1.50985s, 157092 KB] New best heuristic value for ff(transform=adapt_costs(one)): 521
[t=1.51391s, 157092 KB] g=1, 2 evaluated, 1 expanded
[t=11.221s, 157092 KB] New best heuristic value for ff(transform=adapt_costs(one)): 520
[t=11.2235s, 157092 KB] g=1, 1017 evaluated, 1 expanded
[t=11.3369s, 157092 KB] New best heuristic value for ff(transform=adapt_costs(one)): 519
[t=11.3409s, 157092 KB] g=1, 1029 evaluated, 1 expanded
[t=15.9862s, 157092 KB] New best heuristic value for ff(transform=adapt_costs(one)): 518
[t=15.9888s, 157092 KB] g=1, 1505 evaluated, 1 expanded
[t=16.0061s, 157092 KB] New best heuristic value for ff(transform=adapt_costs(one)): 517
[t=16.0074s, 157092 KB] g=1, 1507 evaluated, 1 expanded
[t=19.9243s, 157092 KB] New best heuristic value for ff(transform=adapt_costs(one)): 516
[t=19.9252s, 157092 KB] g=2, 1915 evaluated, 2 expanded
[t=29.6081s, 157092 KB] New best heuristic value for ff(transform=adapt_costs(one)): 515
[t=29.6107s, 157092 KB] g=2, 2930 evaluated, 2 expanded
[t=32.4264s, 157092 KB] New best heuristic value for ff(transform=adapt_costs(one)): 514
[t=32.4282s, 157092 KB] g=2, 3223 evaluated, 2 expanded
[t=37.7353s, 157092 KB] New best heuristic value for ff(transform=adapt_costs(one)): 513
[t=37.7381s, 157092 KB] g=3, 3787 evaluated, 3 expanded
[t=47.4264s, 157092 KB] New best heuristic value for ff(transform=adapt_costs(one)): 512
[t=47.4269s, 157092 KB] g=3, 4802 evaluated, 3 expanded
[t=52.7923s, 157092 KB] New best heuristic value for ff(transform=adapt_costs(one)): 511
[t=52.7961s, 157092 KB] g=3, 5359 evaluated, 3 expanded
[t=55.6623s, 157092 KB] New best heuristic value for ff(transform=adapt_costs(one)): 510
[t=55.6636s, 157092 KB] g=4, 5659 evaluated, 4 expanded
[t=70.7683s, 157092 KB] New best heuristic value for ff(transform=adapt_costs(one)): 509
[t=70.7709s, 157092 KB] g=4, 7245 evaluated, 4 expanded
[t=73.5337s, 157092 KB] New best heuristic value for ff(transform=adapt_costs(one)): 508
[t=73.536s, 157092 KB] g=5, 7531 evaluated, 5 expanded
[t=110.01s, 157092 KB] New best heuristic value for ff(transform=adapt_costs(one)): 507
[t=110.011s, 157092 KB] g=6, 11292 evaluated, 7 expanded
[t=128.577s, 157092 KB] New best heuristic value for ff(transform=adapt_costs(one)): 506
[t=128.577s, 157092 KB] g=7, 13203 evaluated, 8 expanded
[t=147.136s, 157092 KB] New best heuristic value for ff(transform=adapt_costs(one)): 505
[t=147.137s, 157092 KB] g=8, 15100 evaluated, 9 expanded
[t=164.159s, 157092 KB] New best heuristic value for ff(transform=adapt_costs(one)): 504
[t=164.16s, 157092 KB] g=9, 17012 evaluated, 10 expanded
[t=182.547s, 157092 KB] New best heuristic value for ff(transform=adapt_costs(one)): 503
[t=182.547s, 157092 KB] g=10, 18950 evaluated, 11 expanded
[t=220.545s, 157092 KB] New best heuristic value for ff(transform=adapt_costs(one)): 502
[t=220.547s, 157092 KB] g=11, 22741 evaluated, 13 expanded
[t=238.577s, 157092 KB] New best heuristic value for ff(transform=adapt_costs(one)): 501
[t=238.579s, 157092 KB] g=12, 24654 evaluated, 14 expanded
[t=255.74s, 157092 KB] New best heuristic value for ff(transform=adapt_costs(one)): 500
[t=255.743s, 157092 KB] g=13, 26528 evaluated, 15 expanded
[t=290.699s, 157092 KB] New best heuristic value for ff(transform=adapt_costs(one)): 499
[t=290.7s, 157092 KB] g=14, 30324 evaluated, 17 expanded
[t=322.727s, 157092 KB] New best heuristic value for ff(transform=adapt_costs(one)): 498
[t=322.727s, 157092 KB] g=15, 34135 evaluated, 19 expanded
[t=348.463s, 157092 KB] New best heuristic value for ff(transform=adapt_costs(one)): 497
[t=348.463s, 157092 KB] g=16, 37939 evaluated, 21 expanded
[t=379.89s, 157092 KB] New best heuristic value for ff(transform=adapt_costs(one)): 496
[t=379.89s, 157092 KB] g=17, 41741 evaluated, 23 expanded
[t=395.534s, 157092 KB] New best heuristic value for ff(transform=adapt_costs(one)): 495
[t=395.535s, 157092 KB] g=18, 43655 evaluated, 24 expanded
[t=411.29s, 157092 KB] New best heuristic value for ff(transform=adapt_costs(one)): 494
[t=411.292s, 157092 KB] g=19, 45571 evaluated, 25 expanded
[t=446.509s, 157092 KB] New best heuristic value for ff(transform=adapt_costs(one)): 493
[t=446.512s, 157092 KB] g=20, 49352 evaluated, 27 expanded
[t=462.197s, 157092 KB] New best heuristic value for ff(transform=adapt_costs(one)): 492
[t=462.198s, 157092 KB] g=21, 51267 evaluated, 28 expanded
[t=477.692s, 157092 KB] New best heuristic value for ff(transform=adapt_costs(one)): 491
[t=477.694s, 157092 KB] g=22, 53158 evaluated, 29 expanded
[t=493.623s, 157092 KB] New best heuristic value for ff(transform=adapt_costs(one)): 490
[t=493.624s, 157092 KB] g=23, 55072 evaluated, 30 expanded
[t=509.541s, 157092 KB] New best heuristic value for ff(transform=adapt_costs(one)): 489
[t=509.544s, 157092 KB] g=24, 57012 evaluated, 31 expanded
[t=525.192s, 157092 KB] New best heuristic value for ff(transform=adapt_costs(one)): 488
[t=525.195s, 157092 KB] g=25, 58926 evaluated, 32 expanded
[t=540.481s, 157092 KB] New best heuristic value for ff(transform=adapt_costs(one)): 487
[t=540.483s, 157092 KB] g=26, 60796 evaluated, 33 expanded
[t=556.088s, 157092 KB] New best heuristic value for ff(transform=adapt_costs(one)): 486
[t=556.089s, 157092 KB] g=27, 62712 evaluated, 34 expanded
[t=571.961s, 157092 KB] New best heuristic value for ff(transform=adapt_costs(one)): 485
[t=571.961s, 157092 KB] g=28, 64606 evaluated, 35 expanded
[t=603.825s, 157092 KB] New best heuristic value for ff(transform=adapt_costs(one)): 484
[t=603.826s, 157092 KB] g=29, 68489 evaluated, 37 expanded
[t=634.69s, 157092 KB] New best heuristic value for ff(transform=adapt_costs(one)): 483
[t=634.691s, 157092 KB] g=30, 72286 evaluated, 39 expanded
[t=667.272s, 157092 KB] New best heuristic value for ff(transform=adapt_costs(one)): 482
[t=667.273s, 157092 KB] g=31, 76170 evaluated, 41 expanded
[t=686.384s, 157092 KB] New best heuristic value for ff(transform=adapt_costs(one)): 481
[t=686.386s, 157092 KB] g=32, 78089 evaluated, 42 expanded
[t=701.759s, 157092 KB] New best heuristic value for ff(transform=adapt_costs(one)): 480
[t=701.761s, 157092 KB] g=33, 79985 evaluated, 43 expanded
[t=717.512s, 157092 KB] New best heuristic value for ff(transform=adapt_costs(one)): 479
[t=717.516s, 157092 KB] g=34, 81903 evaluated, 44 expanded
[t=733.238s, 157092 KB] New best heuristic value for ff(transform=adapt_costs(one)): 478
[t=733.24s, 157092 KB] g=35, 83799 evaluated, 45 expanded
[t=749.082s, 157092 KB] New best heuristic value for ff(transform=adapt_costs(one)): 477
[t=749.084s, 157092 KB] g=36, 85717 evaluated, 46 expanded
[t=764.888s, 157092 KB] New best heuristic value for ff(transform=adapt_costs(one)): 476
[t=764.891s, 157092 KB] g=37, 87662 evaluated, 47 expanded
[t=780.726s, 157092 KB] New best heuristic value for ff(transform=adapt_costs(one)): 475
[t=780.729s, 157092 KB] g=38, 89581 evaluated, 48 expanded
[t=796.262s, 157092 KB] New best heuristic value for ff(transform=adapt_costs(one)): 474
[t=796.266s, 157092 KB] g=39, 91479 evaluated, 49 expanded
[t=810.205s, 157092 KB] New best heuristic value for ff(transform=adapt_costs(one)): 473
[t=810.205s, 157092 KB] g=40, 93399 evaluated, 50 expanded
[t=821.965s, 157092 KB] New best heuristic value for ff(transform=adapt_costs(one)): 472
[t=821.965s, 157092 KB] g=41, 95273 evaluated, 51 expanded
[t=833.919s, 157092 KB] New best heuristic value for ff(transform=adapt_costs(one)): 471
[t=833.919s, 157092 KB] g=42, 97194 evaluated, 52 expanded
[t=846.181s, 157092 KB] New best heuristic value for ff(transform=adapt_costs(one)): 470
[t=846.181s, 157092 KB] g=43, 99092 evaluated, 53 expanded
[t=858.504s, 157092 KB] New best heuristic value for ff(transform=adapt_costs(one)): 469
[t=858.504s, 157092 KB] g=44, 101013 evaluated, 54 expanded
Peak memory: 157092 KB
caught signal 24 -- exiting
Time limit has been reached.
Remove intermediate file output.sas
search exit code: 23

Driver aborting after search
INFO     Planner time: 899.01s
