INFO     planner time limit: 900s
INFO     planner memory limit: 3584 MB

INFO     Running translator.
INFO     translator stdin: None
INFO     translator time limit: 899s
INFO     translator memory limit: 3584 MB
INFO     translator command line string: /usr/local/downward-projects/downward/experiments/.venv/bin/python3 /usr/local/downward-projects/downward/experiments/src/thesis/data/thesis-thesis_exp/code-f7a4f68fd467cf7cff4d3dfcfdfcfa2023e44324_e5e41175/builds/release/bin/translate/translate.py domain.pddl problem.pddl --sas-file output.sas
Parsing...
Parsing: [0.000s CPU, 0.002s wall-clock]
Normalizing task... [0.000s CPU, 0.000s wall-clock]
Instantiating...
Generating Datalog program... [0.000s CPU, 0.001s wall-clock]
Normalizing Datalog program...
Normalizing Datalog program: [0.000s CPU, 0.001s wall-clock]
Preparing model... [0.000s CPU, 0.001s wall-clock]
Generated 25 rules.
Computing model... [0.010s CPU, 0.007s wall-clock]
461 relevant atoms
611 auxiliary atoms
1072 final queue length
1647 total queue pushes
Completing instantiation... [0.010s CPU, 0.007s wall-clock]
Instantiating: [0.020s CPU, 0.017s wall-clock]
Computing fact groups...
Finding invariants...
7 initial candidates
Finding invariants: [0.010s CPU, 0.003s wall-clock]
Checking invariant weight... [0.000s CPU, 0.000s wall-clock]
Instantiating groups... [0.000s CPU, 0.000s wall-clock]
Collecting mutex groups... [0.000s CPU, 0.000s wall-clock]
Choosing groups...
0 uncovered facts
Choosing groups: [0.000s CPU, 0.000s wall-clock]
Building translation key... [0.000s CPU, 0.000s wall-clock]
Computing fact groups: [0.010s CPU, 0.004s wall-clock]
Building STRIPS to SAS dictionary... [0.000s CPU, 0.000s wall-clock]
Building dictionary for full mutex groups... [0.000s CPU, 0.000s wall-clock]
Building mutex information...
Building mutex information: [0.000s CPU, 0.000s wall-clock]
Translating task...
Processing axioms...
Simplifying axioms... [0.000s CPU, 0.000s wall-clock]
Translator axioms removed by simplifying: 0
Computing negative axioms... [0.000s CPU, 0.000s wall-clock]
Processing axioms: [0.000s CPU, 0.000s wall-clock]
Translating task: [0.000s CPU, 0.006s wall-clock]
0 effect conditions simplified
0 implied preconditions added
Detecting unreachable propositions...
0 operators removed
0 axioms removed
34 propositions removed
Detecting unreachable propositions: [0.010s CPU, 0.003s wall-clock]
Reordering and filtering variables...
34 of 34 variables necessary.
0 of 34 mutex groups necessary.
185 of 185 operators necessary.
0 of 0 axiom rules necessary.
Reordering and filtering variables: [0.000s CPU, 0.002s wall-clock]
Translator variables: 34
Translator derived variables: 0
Translator facts: 100
Translator goal facts: 33
Translator mutex groups: 0
Translator total mutex groups size: 0
Translator operators: 185
Translator axioms: 0
Translator task size: 1634
Translator peak memory: 33012 KB
Writing output... [0.000s CPU, 0.001s wall-clock]
Done! [0.040s CPU, 0.036s wall-clock]
translate exit code: 0

INFO     Running search (release).
INFO     search stdin: output.sas
INFO     search time limit: 899s
INFO     search memory limit: 3584 MB
INFO     search command line string: /usr/local/downward-projects/downward/experiments/src/thesis/data/thesis-thesis_exp/code-f7a4f68fd467cf7cff4d3dfcfdfcfa2023e44324_e5e41175/builds/release/bin/downward --evaluator 'h=ff()' --search 'eager(alt([type_based([h, g()], random_seed=-1), single(h)]))' --internal-plan-file sas_plan < output.sas
[t=0.00173186s, 11000 KB] reading input...
[t=0.00276051s, 11000 KB] done reading input!
[t=0.00392472s, 11388 KB] Simplifying 641 unary operators... done! [641 unary operators]
[t=0.00492001s, 11388 KB] time to simplify: 0.000995291s
[t=0.00498238s, 11388 KB] Initializing additive heuristic...
[t=0.00505172s, 11388 KB] Initializing FF heuristic...
[t=0.00507701s, 11388 KB] Building successor generator...done!
[t=0.00526035s, 11388 KB] peak memory difference for successor generator creation: 0 KB
[t=0.00530511s, 11388 KB] time for successor generation creation: 0s
[t=0.00533s, 11388 KB] Variables: 34
[t=0.00535579s, 11388 KB] FactPairs: 100
[t=0.0053787s, 11388 KB] Bytes per state: 8
[t=0.00540151s, 11388 KB] Conducting best first search without reopening closed nodes, (real) bound = 2147483647
[t=0.00545332s, 11388 KB] New best heuristic value for ff(): 5
[t=0.00550331s, 11388 KB] g=0, 1 evaluated, 0 expanded
[t=0.00552836s, 11388 KB] Initial heuristic value for ff(): 5
[t=0.0055615s, 11388 KB] pruning method: none
[t=0.00558542s, 11388 KB] Start Timestep: 1684314445721 millisecond(s).
[t=0.00562685s, 11388 KB] New best heuristic value for ff(): 4
[t=0.0056717s, 11388 KB] g=1, 2 evaluated, 1 expanded
[t=0.00569508s, 11388 KB] New best heuristic value for ff(): 3
[t=0.00573164s, 11388 KB] g=1, 3 evaluated, 1 expanded
[t=0.00575545s, 11388 KB] New best heuristic value for ff(): 1
[t=0.00580195s, 11388 KB] g=1, 5 evaluated, 1 expanded
[t=0.00582556s, 11388 KB] New best heuristic value for ff(): 0
[t=0.00629707s, 11388 KB] g=5, 75 evaluated, 36 expanded
[t=0.00632246s, 11388 KB] Solution found!
[t=0.00634752s, 11388 KB] Actual search time: 0.000720669s
jump-new-move pos-4-1 pos-4-2 pos-4-3 (1)
jump-continue-move pos-4-3 pos-3-3 pos-2-3 (0)
end-move pos-2-3 (0)
jump-new-move pos-3-2 pos-2-2 pos-1-2 (1)
end-move pos-1-2 (0)
jump-new-move pos-2-4 pos-2-3 pos-2-2 (1)
end-move pos-2-2 (0)
jump-new-move pos-1-2 pos-2-2 pos-3-2 (1)
end-move pos-3-2 (0)
jump-new-move pos-3-1 pos-3-2 pos-3-3 (1)
[t=0.00637563s, 11388 KB] Plan length: 10 step(s).
[t=0.00637563s, 11388 KB] Plan cost: 5
[t=0.00637563s, 11388 KB] Timestamp: 1684314445722 millisecond(s).
[t=0.00637563s, 11388 KB] Expanded 37 state(s).
[t=0.00637563s, 11388 KB] Reopened 0 state(s).
[t=0.00637563s, 11388 KB] Evaluated 75 state(s).
[t=0.00637563s, 11388 KB] Evaluations: 75
[t=0.00637563s, 11388 KB] Generated 89 state(s).
[t=0.00637563s, 11388 KB] Dead ends: 30 state(s).
[t=0.00637563s, 11388 KB] Number of registered states: 75
[t=0.00637563s, 11388 KB] Int hash set load factor: 75/128 = 0.585938
[t=0.00637563s, 11388 KB] Int hash set resizes: 7
[t=0.00637563s, 11388 KB] Search time: 0.000974118s
[t=0.00637563s, 11388 KB] Total time: 0.00637563s
Solution found.
Peak memory: 11388 KB
Remove intermediate file output.sas
search exit code: 0

INFO     Running validate.
INFO     validate stdin: None
INFO     validate time limit: None
INFO     validate memory limit: None
INFO     validate command line string: validate domain.pddl problem.pddl sas_plan
Checking plan: sas_plan
Plan executed successfully - checking goal
Plan valid
Final value: 5 

Successful plans:
Value: 5
 sas_plan 5 

validate exit code: 0

INFO     Planner time: 0.13s
