INFO     planner time limit: 300s
INFO     planner memory limit: 3584 MB

INFO     Running translator.
INFO     translator stdin: None
INFO     translator time limit: 299s
INFO     translator memory limit: 3584 MB
INFO     translator command line string: /usr/local/downward-projects/downward/experiments/.venv/bin/python3 /usr/local/downward-projects/downward/experiments/src/thesis/data/thesis-thesis_exp/code-d93485cdd92f65ede2ae3573b3f4adda0b49e4fd_e5e41175/builds/release/bin/translate/translate.py domain.pddl problem.pddl --sas-file output.sas
Parsing...
Parsing: [0.000s CPU, 0.005s wall-clock]
Normalizing task... [0.000s CPU, 0.000s wall-clock]
Instantiating...
Generating Datalog program... [0.000s CPU, 0.001s wall-clock]
Normalizing Datalog program...
Normalizing Datalog program: [0.000s CPU, 0.006s wall-clock]
Preparing model... [0.010s CPU, 0.004s wall-clock]
Generated 198 rules.
Computing model... [0.150s CPU, 0.155s wall-clock]
11848 relevant atoms
8161 auxiliary atoms
20009 final queue length
61431 total queue pushes
Completing instantiation... [0.570s CPU, 0.576s wall-clock]
Instantiating: [0.740s CPU, 0.747s wall-clock]
Computing fact groups...
Finding invariants...
24 initial candidates
Finding invariants: [0.020s CPU, 0.017s wall-clock]
Checking invariant weight... [0.000s CPU, 0.001s wall-clock]
Instantiating groups... [0.010s CPU, 0.005s wall-clock]
Collecting mutex groups... [0.000s CPU, 0.000s wall-clock]
Choosing groups...
210 uncovered facts
Choosing groups: [0.000s CPU, 0.001s wall-clock]
Building translation key... [0.000s CPU, 0.001s wall-clock]
Computing fact groups: [0.030s CPU, 0.026s wall-clock]
Building STRIPS to SAS dictionary... [0.000s CPU, 0.000s wall-clock]
Building dictionary for full mutex groups... [0.000s CPU, 0.000s wall-clock]
Building mutex information...
Building mutex information: [0.000s CPU, 0.000s wall-clock]
Translating task...
Processing axioms...
Simplifying axioms... [0.000s CPU, 0.000s wall-clock]
Translator axioms removed by simplifying: 0
Computing negative axioms... [0.000s CPU, 0.000s wall-clock]
Processing axioms: [0.020s CPU, 0.020s wall-clock]
Translating task: [0.480s CPU, 0.476s wall-clock]
6466 effect conditions simplified
0 implied preconditions added
Detecting unreachable propositions...
0 operators removed
0 axioms removed
84 propositions removed
Detecting unreachable propositions: [0.320s CPU, 0.325s wall-clock]
Reordering and filtering variables...
234 of 240 variables necessary.
51 of 79 mutex groups necessary.
10936 of 10936 operators necessary.
0 of 0 axiom rules necessary.
Reordering and filtering variables: [0.070s CPU, 0.078s wall-clock]
Translator variables: 234
Translator derived variables: 0
Translator facts: 615
Translator goal facts: 65
Translator mutex groups: 51
Translator total mutex groups size: 189
Translator operators: 10936
Translator axioms: 0
Translator task size: 91076
Translator peak memory: 92232 KB
Writing output... [0.070s CPU, 0.073s wall-clock]
Done! [1.750s CPU, 1.758s wall-clock]
translate exit code: 0

INFO     Running search (release).
INFO     search stdin: output.sas
INFO     search time limit: 298s
INFO     search memory limit: 3584 MB
INFO     search command line string: /usr/local/downward-projects/downward/experiments/src/thesis/data/thesis-thesis_exp/code-d93485cdd92f65ede2ae3573b3f4adda0b49e4fd_e5e41175/builds/release/bin/downward --evaluator 'h=ff()' --search 'eager(epsilon_greedy(h, epsilon=0.2))' --internal-plan-file sas_plan < output.sas
[t=0s, 11364 KB] reading input...
[t=0.0467374s, 15424 KB] done reading input!
[t=0.0546899s, 18056 KB] Simplifying 41898 unary operators... done! [8723 unary operators]
[t=0.0705864s, 19448 KB] time to simplify: 0.0158965s
[t=0.0712028s, 19448 KB] Initializing additive heuristic...
[t=0.0714934s, 19448 KB] Initializing FF heuristic...
[t=0.071521s, 19448 KB] Building successor generator...done!
[t=0.0742945s, 19448 KB] peak memory difference for successor generator creation: 0 KB
[t=0.0743642s, 19448 KB] time for successor generation creation: 0s
[t=0.0743892s, 19448 KB] Variables: 234
[t=0.0744183s, 19448 KB] FactPairs: 615
[t=0.074441s, 19448 KB] Bytes per state: 44
[t=0.074465s, 19448 KB] Conducting best first search without reopening closed nodes, (real) bound = 2147483647
[t=0.0745207s, 19448 KB] New best heuristic value for ff(): 1610
[t=0.0747138s, 19448 KB] g=0, 1 evaluated, 0 expanded
[t=0.0747389s, 19448 KB] Initial heuristic value for ff(): 1610
[t=0.0747645s, 19448 KB] pruning method: none
[t=0.0747875s, 19448 KB] Start Timestep: 1687929965572 millisecond(s).
[t=0.0748317s, 19448 KB] New best heuristic value for ff(): 1595
[t=0.0749924s, 19448 KB] g=15, 2 evaluated, 1 expanded
[t=0.0750159s, 19448 KB] New best heuristic value for ff(): 1590
[t=0.0753616s, 19448 KB] g=30, 5 evaluated, 1 expanded
[t=0.0753873s, 19448 KB] New best heuristic value for ff(): 1580
[t=0.0756244s, 19448 KB] g=30, 7 evaluated, 1 expanded
[t=0.0756479s, 19448 KB] New best heuristic value for ff(): 1280
[t=0.0759953s, 19448 KB] g=30, 10 evaluated, 1 expanded
[t=0.076019s, 19448 KB] New best heuristic value for ff(): 1190
[t=0.0777116s, 19448 KB] g=30, 28 evaluated, 1 expanded
[t=0.0822428s, 19448 KB] New best heuristic value for ff(): 1175
[t=0.0862812s, 19448 KB] g=45, 118 evaluated, 2 expanded
[t=0.0863109s, 19448 KB] New best heuristic value for ff(): 1170
[t=0.0866637s, 19448 KB] g=60, 121 evaluated, 2 expanded
[t=0.0866878s, 19448 KB] New best heuristic value for ff(): 1160
[t=0.0869246s, 19448 KB] g=60, 123 evaluated, 2 expanded
[t=0.0869486s, 19448 KB] New best heuristic value for ff(): 1150
[t=0.0882506s, 19448 KB] g=60, 136 evaluated, 2 expanded
[t=0.0941443s, 19448 KB] New best heuristic value for ff(): 1135
[t=0.0967843s, 19448 KB] g=75, 226 evaluated, 3 expanded
[t=0.0968139s, 19448 KB] New best heuristic value for ff(): 1130
[t=0.0971621s, 19448 KB] g=90, 229 evaluated, 3 expanded
[t=0.0971867s, 19448 KB] New best heuristic value for ff(): 1120
[t=0.0974264s, 19448 KB] g=90, 231 evaluated, 3 expanded
[t=0.0980654s, 19448 KB] New best heuristic value for ff(): 1110
[t=0.0989325s, 19448 KB] g=90, 246 evaluated, 3 expanded
[t=0.106033s, 19448 KB] New best heuristic value for ff(): 1095
[t=0.108831s, 19448 KB] g=105, 349 evaluated, 4 expanded
[t=0.108858s, 19448 KB] New best heuristic value for ff(): 1090
[t=0.109207s, 19448 KB] g=120, 352 evaluated, 4 expanded
[t=0.109231s, 19448 KB] New best heuristic value for ff(): 1080
[t=0.10948s, 19448 KB] g=120, 354 evaluated, 4 expanded
[t=0.11396s, 19448 KB] New best heuristic value for ff(): 1070
[t=0.115448s, 19448 KB] g=120, 416 evaluated, 4 expanded
[t=0.117901s, 19448 KB] New best heuristic value for ff(): 1055
[t=0.121293s, 19448 KB] g=135, 475 evaluated, 5 expanded
[t=0.12132s, 19448 KB] New best heuristic value for ff(): 1050
[t=0.121671s, 19448 KB] g=150, 478 evaluated, 5 expanded
[t=0.121852s, 19448 KB] New best heuristic value for ff(): 1040
[t=0.121951s, 19448 KB] g=150, 480 evaluated, 5 expanded
[t=0.12983s, 19448 KB] New best heuristic value for ff(): 1030
[t=0.131165s, 19448 KB] g=150, 576 evaluated, 5 expanded
[t=0.131193s, 19448 KB] New best heuristic value for ff(): 1015
[t=0.133128s, 19448 KB] g=165, 595 evaluated, 6 expanded
[t=0.133153s, 19448 KB] New best heuristic value for ff(): 1010
[t=0.1335s, 19448 KB] g=180, 598 evaluated, 6 expanded
[t=0.133746s, 19448 KB] New best heuristic value for ff(): 1000
[t=0.133776s, 19448 KB] g=180, 600 evaluated, 6 expanded
[t=0.145672s, 19448 KB] New best heuristic value for ff(): 985
[t=0.145849s, 19448 KB] g=195, 726 evaluated, 7 expanded
[t=0.145875s, 19448 KB] New best heuristic value for ff(): 980
[t=0.146227s, 19448 KB] g=210, 729 evaluated, 7 expanded
[t=0.146251s, 19448 KB] New best heuristic value for ff(): 970
[t=0.147505s, 19448 KB] g=225, 741 evaluated, 7 expanded
[t=0.157592s, 19448 KB] New best heuristic value for ff(): 955
[t=0.159523s, 19448 KB] g=240, 867 evaluated, 8 expanded
[t=0.159549s, 19448 KB] New best heuristic value for ff(): 950
[t=0.159893s, 19448 KB] g=255, 870 evaluated, 8 expanded
[t=0.173538s, 19448 KB] New best heuristic value for ff(): 935
[t=0.174227s, 19448 KB] g=270, 1018 evaluated, 9 expanded
[t=0.174255s, 19448 KB] New best heuristic value for ff(): 905
[t=0.174614s, 19448 KB] g=300, 1021 evaluated, 9 expanded
[t=0.189416s, 19448 KB] New best heuristic value for ff(): 890
[t=0.190086s, 19448 KB] g=315, 1181 evaluated, 10 expanded
[t=0.193378s, 19448 KB] New best heuristic value for ff(): 885
[t=0.19691s, 19448 KB] g=310, 1251 evaluated, 10 expanded
[t=0.205347s, 19448 KB] New best heuristic value for ff(): 870
[t=0.205816s, 19448 KB] g=325, 1343 evaluated, 11 expanded
[t=0.209319s, 19448 KB] New best heuristic value for ff(): 865
[t=0.212789s, 19448 KB] g=320, 1414 evaluated, 11 expanded
[t=0.21729s, 19448 KB] New best heuristic value for ff(): 855
[t=0.221307s, 19448 KB] g=340, 1502 evaluated, 11 expanded
[t=0.233262s, 19448 KB] New best heuristic value for ff(): 840
[t=0.235649s, 19448 KB] g=355, 1650 evaluated, 13 expanded
[t=0.241226s, 19448 KB] New best heuristic value for ff(): 835
[t=0.242756s, 19448 KB] g=350, 1722 evaluated, 13 expanded
[t=0.253155s, 19448 KB] New best heuristic value for ff(): 820
[t=0.25326s, 19448 KB] g=365, 1829 evaluated, 14 expanded
[t=0.257122s, 19448 KB] New best heuristic value for ff(): 815
[t=0.260368s, 19448 KB] g=360, 1901 evaluated, 14 expanded
[t=0.26909s, 19448 KB] New best heuristic value for ff(): 800
[t=0.271778s, 19448 KB] g=375, 2016 evaluated, 15 expanded
[t=0.277058s, 19448 KB] New best heuristic value for ff(): 795
[t=0.27881s, 19448 KB] g=370, 2088 evaluated, 15 expanded
[t=0.285032s, 19448 KB] New best heuristic value for ff(): 790
[t=0.286323s, 19448 KB] g=380, 2166 evaluated, 15 expanded
[t=0.289006s, 19448 KB] New best heuristic value for ff(): 775
[t=0.289836s, 19448 KB] g=395, 2200 evaluated, 16 expanded
[t=0.29298s, 19448 KB] New best heuristic value for ff(): 770
[t=0.296851s, 19448 KB] g=390, 2272 evaluated, 16 expanded
[t=0.300951s, 19448 KB] New best heuristic value for ff(): 760
[t=0.30437s, 19448 KB] g=410, 2350 evaluated, 16 expanded
[t=0.304926s, 19448 KB] New best heuristic value for ff(): 745
[t=0.308388s, 19448 KB] g=425, 2389 evaluated, 17 expanded
[t=0.312899s, 19448 KB] New best heuristic value for ff(): 740
[t=0.315412s, 19448 KB] g=420, 2461 evaluated, 17 expanded
[t=0.324872s, 19448 KB] New best heuristic value for ff(): 725
[t=0.326757s, 19448 KB] g=435, 2577 evaluated, 18 expanded
[t=0.33284s, 19448 KB] New best heuristic value for ff(): 720
[t=0.3337s, 19448 KB] g=430, 2648 evaluated, 18 expanded
[t=0.344773s, 19448 KB] New best heuristic value for ff(): 705
[t=0.345125s, 19448 KB] g=445, 2765 evaluated, 19 expanded
[t=0.356743s, 19448 KB] New best heuristic value for ff(): 700
[t=0.357094s, 19448 KB] g=450, 2890 evaluated, 19 expanded
[t=0.360661s, 19448 KB] New best heuristic value for ff(): 685
[t=0.363141s, 19448 KB] g=465, 2950 evaluated, 20 expanded
[t=0.376628s, 19448 KB] New best heuristic value for ff(): 680
[t=0.380326s, 19448 KB] g=460, 3128 evaluated, 20 expanded
[t=0.380591s, 19448 KB] New best heuristic value for ff(): 665
[t=0.381619s, 19448 KB] g=475, 3140 evaluated, 21 expanded
[t=0.396561s, 19448 KB] New best heuristic value for ff(): 660
[t=0.399199s, 19448 KB] g=480, 3322 evaluated, 21 expanded
[t=0.399227s, 19448 KB] New best heuristic value for ff(): 645
[t=0.399383s, 19448 KB] g=495, 3323 evaluated, 22 expanded
[t=0.416505s, 19448 KB] New best heuristic value for ff(): 630
[t=0.416937s, 19448 KB] g=510, 3506 evaluated, 22 expanded
[t=0.43247s, 19448 KB] New best heuristic value for ff(): 615
[t=0.43489s, 19448 KB] g=525, 3694 evaluated, 24 expanded
[t=0.452391s, 19448 KB] New best heuristic value for ff(): 605
[t=0.452997s, 19448 KB] g=540, 3882 evaluated, 25 expanded
[t=0.453026s, 19448 KB] New best heuristic value for ff(): 600
[t=0.453158s, 19448 KB] g=535, 3883 evaluated, 25 expanded
[t=0.468334s, 19448 KB] New best heuristic value for ff(): 590
[t=0.471342s, 19448 KB] g=550, 4069 evaluated, 26 expanded
[t=0.504296s, 19448 KB] New best heuristic value for ff(): 580
[t=0.507765s, 19448 KB] g=560, 4452 evaluated, 28 expanded
[t=0.524249s, 19448 KB] New best heuristic value for ff(): 570
[t=0.527672s, 19448 KB] g=570, 4659 evaluated, 29 expanded
[t=0.544173s, 19448 KB] New best heuristic value for ff(): 560
[t=0.546743s, 19448 KB] g=575, 4857 evaluated, 30 expanded
[t=0.564133s, 19448 KB] New best heuristic value for ff(): 550
[t=0.565266s, 19448 KB] g=595, 5050 evaluated, 31 expanded
[t=0.580097s, 19448 KB] New best heuristic value for ff(): 540
[t=0.583496s, 19448 KB] g=625, 5239 evaluated, 32 expanded
[t=0.596053s, 19448 KB] New best heuristic value for ff(): 530
[t=0.599768s, 19448 KB] g=655, 5408 evaluated, 33 expanded
[t=0.608004s, 19448 KB] New best heuristic value for ff(): 510
[t=0.611614s, 19448 KB] g=655, 5534 evaluated, 33 expanded
[t=0.611969s, 19448 KB] New best heuristic value for ff(): 500
[t=0.615707s, 19448 KB] g=685, 5575 evaluated, 34 expanded
[t=0.623937s, 19448 KB] New best heuristic value for ff(): 465
[t=0.627524s, 19448 KB] g=700, 5701 evaluated, 34 expanded
[t=0.6319s, 19448 KB] New best heuristic value for ff(): 455
[t=0.632096s, 19448 KB] g=730, 5747 evaluated, 35 expanded
[t=0.643818s, 19448 KB] New best heuristic value for ff(): 445
[t=0.644377s, 19448 KB] g=720, 5878 evaluated, 35 expanded
[t=0.647789s, 19448 KB] New best heuristic value for ff(): 435
[t=0.648362s, 19448 KB] g=750, 5918 evaluated, 36 expanded
[t=0.659762s, 19448 KB] New best heuristic value for ff(): 425
[t=0.663451s, 19448 KB] g=780, 6078 evaluated, 37 expanded
[t=0.671708s, 19448 KB] New best heuristic value for ff(): 405
[t=0.67232s, 19448 KB] g=780, 6175 evaluated, 37 expanded
[t=0.67568s, 19448 KB] New best heuristic value for ff(): 395
[t=0.678144s, 19448 KB] g=810, 6235 evaluated, 38 expanded
[t=0.68365s, 19448 KB] New best heuristic value for ff(): 360
[t=0.687433s, 19448 KB] g=825, 6337 evaluated, 38 expanded
[t=0.691609s, 19448 KB] New best heuristic value for ff(): 350
[t=0.693442s, 19448 KB] g=855, 6399 evaluated, 39 expanded
[t=0.69958s, 19448 KB] New best heuristic value for ff(): 340
[t=0.702912s, 19448 KB] g=845, 6503 evaluated, 39 expanded
[t=0.707551s, 19448 KB] New best heuristic value for ff(): 330
[t=0.708631s, 19448 KB] g=875, 6562 evaluated, 40 expanded
[t=0.735521s, 19448 KB] New best heuristic value for ff(): 320
[t=0.73611s, 19448 KB] g=905, 6855 evaluated, 42 expanded
[t=0.743434s, 19448 KB] New best heuristic value for ff(): 315
[t=0.745648s, 19448 KB] g=890, 6960 evaluated, 42 expanded
[t=0.745677s, 19448 KB] New best heuristic value for ff(): 305
[t=0.74618s, 19448 KB] g=895, 6965 evaluated, 42 expanded
[t=0.747381s, 19448 KB] New best heuristic value for ff(): 295
[t=0.749575s, 19448 KB] g=925, 7000 evaluated, 43 expanded
[t=0.763353s, 19448 KB] New best heuristic value for ff(): 285
[t=0.765066s, 19448 KB] g=935, 7173 evaluated, 44 expanded
[t=0.77531s, 19448 KB] New best heuristic value for ff(): 275
[t=0.777924s, 19448 KB] g=945, 7316 evaluated, 45 expanded
[t=0.783272s, 19448 KB] New best heuristic value for ff(): 255
[t=0.786762s, 19448 KB] g=965, 7415 evaluated, 45 expanded
[t=0.787244s, 19448 KB] New best heuristic value for ff(): 245
[t=0.790991s, 19448 KB] g=975, 7464 evaluated, 46 expanded
[t=0.799215s, 19448 KB] New best heuristic value for ff(): 210
[t=0.800228s, 19448 KB] g=1010, 7563 evaluated, 46 expanded
[t=0.803187s, 19448 KB] New best heuristic value for ff(): 200
[t=0.80491s, 19448 KB] g=1020, 7617 evaluated, 47 expanded
[t=0.815161s, 19448 KB] New best heuristic value for ff(): 190
[t=0.817687s, 19448 KB] g=1030, 7763 evaluated, 48 expanded
[t=0.823116s, 19448 KB] New best heuristic value for ff(): 185
[t=0.823566s, 19448 KB] g=1030, 7831 evaluated, 48 expanded
[t=0.827094s, 19448 KB] New best heuristic value for ff(): 175
[t=0.830545s, 19448 KB] g=1040, 7912 evaluated, 49 expanded
[t=0.835064s, 19448 KB] New best heuristic value for ff(): 170
[t=0.836451s, 19448 KB] g=1045, 7980 evaluated, 49 expanded
[t=0.842996s, 19448 KB] New best heuristic value for ff(): 160
[t=0.844012s, 19448 KB] g=1055, 8067 evaluated, 50 expanded
[t=0.854945s, 19448 KB] New best heuristic value for ff(): 150
[t=0.85661s, 19448 KB] g=1065, 8217 evaluated, 51 expanded
[t=0.87883s, 19448 KB] New best heuristic value for ff(): 140
[t=0.882154s, 19448 KB] g=1075, 8530 evaluated, 53 expanded
[t=0.890778s, 19448 KB] New best heuristic value for ff(): 130
[t=0.893198s, 19448 KB] g=1085, 8691 evaluated, 54 expanded
[t=0.902742s, 19448 KB] New best heuristic value for ff(): 125
[t=0.903152s, 19448 KB] g=1095, 8836 evaluated, 55 expanded
[t=0.903179s, 19448 KB] New best heuristic value for ff(): 115
[t=0.903483s, 19448 KB] g=1100, 8840 evaluated, 55 expanded
[t=0.970519s, 19448 KB] New best heuristic value for ff(): 110
[t=0.972562s, 19448 KB] g=1110, 9646 evaluated, 60 expanded
[t=0.972593s, 19448 KB] New best heuristic value for ff(): 105
[t=0.973579s, 19448 KB] g=1110, 9660 evaluated, 60 expanded
[t=0.998443s, 19448 KB] New best heuristic value for ff(): 100
[t=0.999936s, 19448 KB] g=1120, 9970 evaluated, 62 expanded
[t=0.999966s, 19448 KB] New best heuristic value for ff(): 95
[t=1.00094s, 19448 KB] g=1125, 9984 evaluated, 62 expanded
[t=1.00638s, 19448 KB] New best heuristic value for ff(): 90
[t=1.00975s, 19448 KB] g=1135, 10112 evaluated, 63 expanded
[t=1.01034s, 19448 KB] New best heuristic value for ff(): 85
[t=1.01077s, 19448 KB] g=1135, 10126 evaluated, 63 expanded
[t=1.01831s, 19448 KB] New best heuristic value for ff(): 80
[t=1.01877s, 19448 KB] g=1145, 10244 evaluated, 64 expanded
[t=1.0188s, 19448 KB] New best heuristic value for ff(): 70
[t=1.02018s, 19448 KB] g=1150, 10264 evaluated, 64 expanded
[t=1.02626s, 19448 KB] New best heuristic value for ff(): 65
[t=1.02814s, 19448 KB] g=1160, 10382 evaluated, 65 expanded
[t=1.0293s, 19448 KB] New best heuristic value for ff(): 60
[t=1.03009s, 19448 KB] g=1160, 10410 evaluated, 65 expanded
[t=1.03608s, 19448 KB] New best heuristic value for ff(): 55
[t=1.03749s, 19448 KB] g=1170, 10520 evaluated, 66 expanded
[t=1.03812s, 19448 KB] New best heuristic value for ff(): 50
[t=1.0402s, 19448 KB] g=1170, 10560 evaluated, 66 expanded
[t=1.0461s, 19448 KB] New best heuristic value for ff(): 45
[t=1.0463s, 19448 KB] g=1180, 10651 evaluated, 67 expanded
[t=1.04633s, 19448 KB] New best heuristic value for ff(): 40
[t=1.04931s, 19448 KB] g=1185, 10696 evaluated, 67 expanded
[t=1.06205s, 19448 KB] New best heuristic value for ff(): 35
[t=1.06365s, 19448 KB] g=1195, 10910 evaluated, 69 expanded
[t=1.09401s, 19448 KB] New best heuristic value for ff(): 30
[t=1.0947s, 19448 KB] g=1200, 11308 evaluated, 72 expanded
[t=1.09796s, 19448 KB] New best heuristic value for ff(): 25
[t=1.10183s, 19448 KB] g=1205, 11416 evaluated, 73 expanded
[t=2.46856s, 21256 KB] New best heuristic value for ff(): 15
[t=2.4709s, 21256 KB] g=1255, 30897 evaluated, 381 expanded
[t=2.4725s, 21256 KB] New best heuristic value for ff(): 0
[t=2.47574s, 21256 KB] g=1265, 30977 evaluated, 382 expanded
[t=2.47646s, 21256 KB] Solution found!
[t=2.47734s, 21256 KB] Actual search time: 2.40251s
load-highspeed-saw b1 highspeed-saw0 (30)
do-saw-medium b0 p7 saw0 beech rough s5 s4 s3 (30)
do-saw-small b0 p17 saw0 beech rough s3 s2 (30)
load-highspeed-saw b3 highspeed-saw1 (30)
do-saw-small b5 p12 saw0 pine rough s9 s8 (30)
do-plane p10 planer0 smooth green colourfragments (30)
do-grind p0 grinder0 verysmooth white colourfragments untreated (45)
do-plane p19 planer0 rough red varnished (30)
do-grind p19 grinder0 smooth natural untreated untreated (45)
cut-board-large b1 p15 highspeed-saw0 teak rough s10 s8 s9 s7 (10)
do-plane p15 planer0 rough natural untreated (30)
cut-board-medium b1 p1 highspeed-saw0 teak rough s7 s6 s5 (10)
cut-board-medium b1 p3 highspeed-saw0 teak rough s7 s6 s5 (10)
do-plane p3 planer0 rough natural untreated (20)
do-grind p3 grinder0 smooth natural untreated untreated (30)
cut-board-small b1 p4 highspeed-saw0 teak rough s7 s6 (10)
cut-board-small b1 p5 highspeed-saw0 teak rough s7 s6 (10)
do-plane p7 planer0 rough natural untreated (20)
do-glaze p12 glazer0 blue (10)
do-plane p1 planer0 rough natural untreated (20)
do-grind p1 grinder0 smooth natural untreated untreated (30)
do-grind p8 grinder0 smooth red varnished colourfragments (15)
do-plane p6 planer0 rough mauve glazed (10)
do-grind p8 grinder0 verysmooth natural colourfragments untreated (15)
do-glaze p8 glazer0 black (10)
do-spray-varnish p6 spray-varnisher0 red smooth (5)
do-immersion-varnish p19 immersion-varnisher0 blue verysmooth (10)
do-glaze p10 glazer2 mauve (20)
do-saw-large b0 p14 saw0 beech rough s3 s1 s2 s0 (30)
do-plane p14 planer0 rough natural untreated (30)
do-grind p14 grinder0 smooth natural untreated untreated (45)
do-glaze p14 glazer0 black (20)
do-saw-large b0 p2 saw0 beech rough s3 s1 s2 s0 (30)
do-plane p2 planer0 rough natural untreated (30)
do-grind p2 grinder0 smooth natural untreated untreated (45)
do-glaze p2 glazer0 natural (20)
do-saw-medium b0 p13 saw0 beech rough s3 s2 s1 (30)
do-plane p13 planer0 rough natural untreated (20)
do-saw-small b0 p9 saw0 beech rough s3 s2 (30)
cut-board-large b3 p11 highspeed-saw1 oak rough s6 s4 s5 s3 (10)
do-plane p11 planer0 rough natural untreated (30)
do-grind p11 grinder0 smooth natural untreated untreated (45)
cut-board-small b3 p16 highspeed-saw1 oak rough s3 s2 (10)
do-plane p16 planer0 rough natural untreated (10)
do-grind p16 grinder0 smooth natural untreated untreated (15)
cut-board-small b3 p18 highspeed-saw1 oak rough s3 s2 (10)
do-plane p9 planer0 rough natural untreated (10)
do-glaze p9 glazer0 black (10)
do-plane p5 planer0 rough natural untreated (10)
do-grind p5 grinder0 smooth natural untreated untreated (15)
do-glaze p4 glazer1 green (10)
do-glaze p3 glazer2 mauve (15)
do-plane p18 planer0 rough natural untreated (10)
do-grind p18 grinder0 smooth natural untreated untreated (15)
do-glaze p17 glazer0 black (10)
do-immersion-varnish p15 immersion-varnisher0 blue smooth (10)
do-glaze p13 glazer0 blue (15)
do-spray-varnish p5 spray-varnisher0 natural verysmooth (5)
do-spray-varnish p18 spray-varnisher0 natural verysmooth (5)
do-glaze p16 glazer2 red (10)
do-immersion-varnish p0 immersion-varnisher0 natural verysmooth (10)
do-glaze p7 glazer0 blue (15)
do-plane p12 planer0 rough blue glazed (10)
do-grind p12 grinder0 smooth natural untreated untreated (15)
do-glaze p12 glazer0 blue (10)
[t=2.47737s, 21256 KB] Plan length: 65 step(s).
[t=2.47737s, 21256 KB] Plan cost: 1265
[t=2.47737s, 21256 KB] Timestamp: 1687929967982 millisecond(s).
[t=2.47737s, 21256 KB] Expanded 383 state(s).
[t=2.47737s, 21256 KB] Reopened 0 state(s).
[t=2.47737s, 21256 KB] Evaluated 31005 state(s).
[t=2.47737s, 21256 KB] Evaluations: 31005
[t=2.47737s, 21256 KB] Generated 86696 state(s).
[t=2.47737s, 21256 KB] Dead ends: 2359 state(s).
[t=2.47737s, 21256 KB] Number of registered states: 31005
[t=2.47737s, 21256 KB] Int hash set load factor: 31005/65536 = 0.473099
[t=2.47737s, 21256 KB] Int hash set resizes: 16
[t=2.47737s, 21256 KB] Search time: 2.40291s
[t=2.47737s, 21256 KB] Total time: 2.47737s
Solution found.
Peak memory: 21256 KB
Remove intermediate file output.sas
search exit code: 0

INFO     Running validate.
INFO     validate stdin: None
INFO     validate time limit: None
INFO     validate memory limit: None
INFO     validate command line string: validate domain.pddl problem.pddl sas_plan
Checking plan: sas_plan
Plan executed successfully - checking goal
Plan valid
Final value: 1265 

Successful plans:
Value: 1265
 sas_plan 1265 

validate exit code: 0

INFO     Planner time: 4.34s
