INFO     planner time limit: 900s
INFO     planner memory limit: 3584 MB

INFO     Running translator.
INFO     translator stdin: None
INFO     translator time limit: 899s
INFO     translator memory limit: 3584 MB
INFO     translator command line string: /usr/local/downward-projects/downward/experiments/assign3/.venv/bin/python3 /usr/local/downward-projects/downward/experiments/assign3/data/assign3-anytime_exp/code-fe4f0f1bb525c059c1938ac01bab1b7bae200873_e5e41175/builds/release/bin/translate/translate.py domain.pddl problem.pddl --sas-file output.sas
Parsing...
Parsing: [0.000s CPU, 0.012s wall-clock]
Normalizing task... [0.000s CPU, 0.000s wall-clock]
Instantiating...
Generating Datalog program... [0.010s CPU, 0.004s wall-clock]
Normalizing Datalog program...
Normalizing Datalog program: [0.000s CPU, 0.001s wall-clock]
Preparing model... [0.010s CPU, 0.016s wall-clock]
Generated 23 rules.
Computing model... [0.060s CPU, 0.052s wall-clock]
4336 relevant atoms
7399 auxiliary atoms
11735 final queue length
13900 total queue pushes
Completing instantiation... [0.040s CPU, 0.043s wall-clock]
Instantiating: [0.120s CPU, 0.118s wall-clock]
Computing fact groups...
Finding invariants...
9 initial candidates
Finding invariants: [0.000s CPU, 0.002s wall-clock]
Checking invariant weight... [0.000s CPU, 0.001s wall-clock]
Instantiating groups... [0.000s CPU, 0.001s wall-clock]
Collecting mutex groups... [0.000s CPU, 0.000s wall-clock]
Choosing groups...
0 uncovered facts
Choosing groups: [0.010s CPU, 0.000s wall-clock]
Building translation key... [0.000s CPU, 0.000s wall-clock]
Computing fact groups: [0.010s CPU, 0.005s wall-clock]
Building STRIPS to SAS dictionary... [0.000s CPU, 0.000s wall-clock]
Building dictionary for full mutex groups... [0.000s CPU, 0.000s wall-clock]
Building mutex information...
Building mutex information: [0.000s CPU, 0.000s wall-clock]
Translating task...
Processing axioms...
Simplifying axioms... [0.000s CPU, 0.000s wall-clock]
Translator axioms removed by simplifying: 0
Computing negative axioms... [0.000s CPU, 0.000s wall-clock]
Processing axioms: [0.000s CPU, 0.002s wall-clock]
Translating task: [0.020s CPU, 0.024s wall-clock]
0 effect conditions simplified
0 implied preconditions added
Detecting unreachable propositions...
0 operators removed
0 axioms removed
9 propositions removed
Detecting unreachable propositions: [0.010s CPU, 0.012s wall-clock]
Reordering and filtering variables...
9 of 9 variables necessary.
0 of 9 mutex groups necessary.
1192 of 1192 operators necessary.
0 of 0 axiom rules necessary.
Reordering and filtering variables: [0.000s CPU, 0.003s wall-clock]
Translator variables: 9
Translator derived variables: 0
Translator facts: 130
Translator goal facts: 7
Translator mutex groups: 0
Translator total mutex groups size: 0
Translator operators: 1192
Translator axioms: 0
Translator task size: 6008
Translator peak memory: 38296 KB
Writing output... [0.000s CPU, 0.005s wall-clock]
Done! [0.170s CPU, 0.182s wall-clock]
translate exit code: 0

INFO     Running search (release).
INFO     search stdin: output.sas
INFO     search time limit: 899s
INFO     search memory limit: 3584 MB
INFO     search command line string: /usr/local/downward-projects/downward/experiments/assign3/data/assign3-anytime_exp/code-fe4f0f1bb525c059c1938ac01bab1b7bae200873_e5e41175/builds/release/bin/downward --evaluator 'h=lmcut()' --search 'eager_anytime(alt(
        [single(weight(h, 2, verbosity=normal)), type_based([h, g()], random_seed=1234)]), 
        reopen_closed=true, f_eval=sum([h, g()]))' --internal-plan-file sas_plan < output.sas
[t=0.00210339s, 10884 KB] reading input...
[t=0.00527205s, 11140 KB] done reading input!
[t=0.00732274s, 11860 KB] Initializing landmark cut heuristic...
[t=0.00793398s, 11860 KB] Building successor generator...done!
[t=0.00824686s, 11860 KB] peak memory difference for successor generator creation: 0 KB
[t=0.00830386s, 11860 KB] time for successor generation creation: 0s
[t=0.00833634s, 11860 KB] Variables: 9
[t=0.00836781s, 11860 KB] FactPairs: 130
[t=0.00839138s, 11860 KB] Bytes per state: 4
[t=0.00841557s, 11860 KB] Conducting best first anytime search with reopening closed nodes, (real) bound = 2147483647
[t=0.00847045s, 11860 KB] New best heuristic value for lmcut(): 18
[t=0.00877362s, 11860 KB] g=0, 1 evaluated, 0 expanded
[t=0.00879925s, 11860 KB] Initial heuristic value for lmcut(): 18
[t=0.00882806s, 11860 KB] Start Timestep: 1682532116691 millisecond(s).
[t=0.00927475s, 11860 KB] New best heuristic value for lmcut(): 17
[t=0.00983699s, 11860 KB] g=1, 5 evaluated, 1 expanded
[t=0.011351s, 11860 KB] New best heuristic value for lmcut(): 16
[t=0.0122479s, 11860 KB] g=3, 17 evaluated, 4 expanded
[t=0.0134296s, 11860 KB] New best heuristic value for lmcut(): 15
[t=0.0135967s, 11860 KB] g=4, 25 evaluated, 6 expanded
[t=0.0144551s, 11860 KB] New best heuristic value for lmcut(): 14
[t=0.0149356s, 11860 KB] g=6, 34 evaluated, 9 expanded
[t=0.0154757s, 11860 KB] New best heuristic value for lmcut(): 13
[t=0.0157607s, 11860 KB] g=7, 40 evaluated, 10 expanded
[t=0.016504s, 11860 KB] New best heuristic value for lmcut(): 12
[t=0.0165666s, 11860 KB] g=8, 45 evaluated, 12 expanded
[t=0.0175324s, 11860 KB] New best heuristic value for lmcut(): 11
[t=0.0175879s, 11860 KB] g=9, 55 evaluated, 14 expanded
[t=0.0196098s, 11860 KB] New best heuristic value for lmcut(): 10
[t=0.019712s, 11860 KB] g=10, 86 evaluated, 21 expanded
[t=0.0207717s, 11860 KB] New best heuristic value for lmcut(): 9
[t=0.02101s, 11860 KB] g=11, 104 evaluated, 25 expanded
[t=0.021665s, 11860 KB] New best heuristic value for lmcut(): 8
[t=0.0224152s, 11860 KB] g=13, 127 evaluated, 31 expanded
[t=0.0226922s, 11860 KB] New best heuristic value for lmcut(): 7
[t=0.0230759s, 11860 KB] g=14, 138 evaluated, 33 expanded
[t=0.0231026s, 11860 KB] New best heuristic value for lmcut(): 6
[t=0.0235369s, 11860 KB] g=15, 149 evaluated, 35 expanded
[t=0.0258009s, 11860 KB] New best heuristic value for lmcut(): 5
[t=0.0259287s, 11860 KB] g=17, 196 evaluated, 49 expanded
[t=1.65548s, 13564 KB] New best heuristic value for lmcut(): 4
[t=1.65579s, 13564 KB] g=18, 25883 evaluated, 13730 expanded, 892 reopened
[t=1.65583s, 13564 KB] New best heuristic value for lmcut(): 3
[t=1.65607s, 13564 KB] g=19, 25888 evaluated, 13732 expanded, 892 reopened
[t=1.65643s, 13564 KB] New best heuristic value for lmcut(): 2
[t=1.65659s, 13564 KB] g=20, 25896 evaluated, 13734 expanded, 892 reopened
[t=1.65662s, 13564 KB] New best heuristic value for lmcut(): 1
[t=1.6568s, 13564 KB] g=21, 25902 evaluated, 13736 expanded, 892 reopened
[t=1.65682s, 13564 KB] New best heuristic value for lmcut(): 0
[t=1.65688s, 13564 KB] g=22, 25905 evaluated, 13737 expanded, 892 reopened
[t=1.6569s, 13564 KB] Solution found!
load p5 t0 l5 (1)
drive t0 l5 l0 level66 level6 level72 (1)
unload p5 t0 l0 (1)
load p4 t0 l0 (1)
drive t0 l0 l5 level60 level6 level66 (1)
drive t0 l5 l4 level48 level12 level60 (1)
load p2 t0 l4 (1)
load p6 t0 l4 (1)
drive t0 l4 l3 level40 level8 level48 (1)
unload p4 t0 l3 (1)
load p1 t0 l3 (1)
load p0 t0 l3 (1)
drive t0 l3 l1 level28 level12 level40 (1)
drive t0 l1 l2 level25 level3 level28 (1)
load p3 t0 l2 (1)
unload p1 t0 l2 (1)
unload p0 t0 l2 (1)
drive t0 l2 l5 level12 level13 level25 (1)
drive t0 l5 l0 level6 level6 level12 (1)
unload p6 t0 l0 (1)
unload p3 t0 l0 (1)
unload p2 t0 l0 (1)
[t=1.65715s, 13564 KB] Plan length: 22 step(s).
[t=1.65721s, 13564 KB] Plan cost: 22
[t=1.65724s, 13564 KB] Solution: Incumbent solution found!
[t=1.65726s, 13564 KB] Solution Timestep: 1682532118353 millisecond(s).
[t=1.65729s, 13564 KB] Timestamp: 1682532118353 millisecond(s).
[t=1.65731s, 13564 KB] Expanded 13738 state(s).
[t=1.65733s, 13564 KB] Reopened 892 state(s).
[t=1.65736s, 13564 KB] Evaluated 25905 state(s).
[t=1.65738s, 13564 KB] Evaluations: 46208
[t=1.6574s, 13564 KB] Generated 76361 state(s).
[t=1.65742s, 13564 KB] Dead ends: 0 state(s).
[t=1.65745s, 13564 KB] Number of registered states: 46208
[t=1.65747s, 13564 KB] Int hash set load factor: 46208/65536 = 0.705078
[t=1.65749s, 13564 KB] Int hash set resizes: 16
[t=1.77165s, 13564 KB] Solution found!
load p5 t0 l5 (1)
drive t0 l5 l4 level60 level12 level72 (1)
load p2 t0 l4 (1)
load p6 t0 l4 (1)
drive t0 l4 l3 level52 level8 level60 (1)
load p1 t0 l3 (1)
load p0 t0 l3 (1)
drive t0 l3 l1 level40 level12 level52 (1)
drive t0 l1 l2 level37 level3 level40 (1)
load p3 t0 l2 (1)
unload p1 t0 l2 (1)
unload p0 t0 l2 (1)
drive t0 l2 l5 level24 level13 level37 (1)
drive t0 l5 l0 level18 level6 level24 (1)
unload p6 t0 l0 (1)
unload p5 t0 l0 (1)
load p4 t0 l0 (1)
unload p3 t0 l0 (1)
unload p2 t0 l0 (1)
drive t0 l0 l3 level0 level18 level18 (1)
unload p4 t0 l3 (1)
[t=1.77204s, 13564 KB] Plan length: 21 step(s).
[t=1.7721s, 13564 KB] Plan cost: 21
[t=1.77213s, 13564 KB] Solution: Incumbent solution found!
[t=1.77215s, 13564 KB] Solution Timestep: 1682532118469 millisecond(s).
[t=1.77218s, 13564 KB] Timestamp: 1682532118469 millisecond(s).
[t=1.7722s, 13564 KB] Expanded 14744 state(s).
[t=1.77223s, 13564 KB] Reopened 896 state(s).
[t=1.77225s, 13564 KB] Evaluated 25970 state(s).
[t=1.77227s, 13564 KB] Evaluations: 49483
[t=1.77229s, 13564 KB] Generated 81844 state(s).
[t=1.77232s, 13564 KB] Dead ends: 0 state(s).
[t=1.77234s, 13564 KB] Number of registered states: 49483
[t=1.77236s, 13564 KB] Int hash set load factor: 49483/65536 = 0.755051
[t=1.77239s, 13564 KB] Int hash set resizes: 16
[t=3.26648s, 15020 KB] Optimal Solution: found
[t=3.26733s, 15020 KB] Actual search time: 3.25846s
load p5 t0 l5 (1)
drive t0 l5 l4 level60 level12 level72 (1)
load p2 t0 l4 (1)
load p6 t0 l4 (1)
drive t0 l4 l3 level52 level8 level60 (1)
load p1 t0 l3 (1)
load p0 t0 l3 (1)
drive t0 l3 l1 level40 level12 level52 (1)
drive t0 l1 l2 level37 level3 level40 (1)
load p3 t0 l2 (1)
unload p1 t0 l2 (1)
unload p0 t0 l2 (1)
drive t0 l2 l5 level24 level13 level37 (1)
drive t0 l5 l0 level18 level6 level24 (1)
unload p6 t0 l0 (1)
unload p5 t0 l0 (1)
load p4 t0 l0 (1)
unload p3 t0 l0 (1)
unload p2 t0 l0 (1)
drive t0 l0 l3 level0 level18 level18 (1)
unload p4 t0 l3 (1)
[t=3.26737s, 15020 KB] Plan length: 21 step(s).
[t=3.26737s, 15020 KB] Plan cost: 21
[t=3.26737s, 15020 KB] Timestamp: 1682532119977 millisecond(s).
[t=3.26737s, 15020 KB] Expanded 26867 state(s).
[t=3.26737s, 15020 KB] Reopened 897 state(s).
[t=3.26737s, 15020 KB] Evaluated 25970 state(s).
[t=3.26737s, 15020 KB] Evaluations: 88177
[t=3.26737s, 15020 KB] Generated 149006 state(s).
[t=3.26737s, 15020 KB] Dead ends: 0 state(s).
[t=3.26737s, 15020 KB] Number of registered states: 88177
[t=3.26737s, 15020 KB] Int hash set load factor: 88177/131072 = 0.672737
[t=3.26737s, 15020 KB] Int hash set resizes: 17
[t=3.26737s, 15020 KB] Search time: 3.25895s
[t=3.26737s, 15020 KB] Total time: 3.26737s
Solution found.
Peak memory: 15020 KB
Remove intermediate file output.sas
search exit code: 0

INFO     Running validate.
INFO     validate stdin: None
INFO     validate time limit: None
INFO     validate memory limit: None
INFO     validate command line string: validate domain.pddl problem.pddl sas_plan sas_plan.1 sas_plan.2
Checking plan: sas_plan
Plan executed successfully - checking goal
Plan valid
Final value: 21 
Checking plan: sas_plan.1
Plan executed successfully - checking goal
Plan valid
Final value: 22 
Checking plan: sas_plan.2
Plan executed successfully - checking goal
Plan valid
Final value: 21 

Successful plans:
Value: 21
 sas_plan 21 
sas_plan.2 21 

Value: 22
 sas_plan.1 22 

validate exit code: 0

INFO     Planner time: 3.57s
