INFO     planner time limit: 300s
INFO     planner memory limit: 3584 MB

INFO     Running translator.
INFO     translator stdin: None
INFO     translator time limit: 299s
INFO     translator memory limit: 3584 MB
INFO     translator command line string: /usr/local/downward-projects/downward/experiments/.venv/bin/python3 /usr/local/downward-projects/downward/experiments/src/thesis/data/thesis-thesis_exp/code-d93485cdd92f65ede2ae3573b3f4adda0b49e4fd_e5e41175/builds/release/bin/translate/translate.py domain.pddl problem.pddl --sas-file output.sas
Parsing...
Parsing: [0.000s CPU, 0.004s wall-clock]
Normalizing task... [0.000s CPU, 0.000s wall-clock]
Instantiating...
Generating Datalog program... [0.010s CPU, 0.001s wall-clock]
Normalizing Datalog program...
Normalizing Datalog program: [0.000s CPU, 0.001s wall-clock]
Preparing model... [0.010s CPU, 0.002s wall-clock]
Generated 26 rules.
Computing model... [0.350s CPU, 0.356s wall-clock]
34616 relevant atoms
25732 auxiliary atoms
60348 final queue length
123916 total queue pushes
Completing instantiation... [1.450s CPU, 1.460s wall-clock]
Instantiating: [1.840s CPU, 1.836s wall-clock]
Computing fact groups...
Finding invariants...
9 initial candidates
Finding invariants: [0.010s CPU, 0.016s wall-clock]
Checking invariant weight... [0.000s CPU, 0.000s wall-clock]
Instantiating groups... [0.000s CPU, 0.004s wall-clock]
Collecting mutex groups... [0.000s CPU, 0.001s wall-clock]
Choosing groups...
0 uncovered facts
Choosing groups: [0.000s CPU, 0.002s wall-clock]
Building translation key... [0.000s CPU, 0.001s wall-clock]
Computing fact groups: [0.040s CPU, 0.028s wall-clock]
Building STRIPS to SAS dictionary... [0.000s CPU, 0.001s wall-clock]
Building dictionary for full mutex groups... [0.000s CPU, 0.001s wall-clock]
Building mutex information...
Building mutex information: [0.000s CPU, 0.000s wall-clock]
Translating task...
Processing axioms...
Simplifying axioms... [0.000s CPU, 0.000s wall-clock]
Translator axioms removed by simplifying: 0
Computing negative axioms... [0.000s CPU, 0.000s wall-clock]
Processing axioms: [0.040s CPU, 0.044s wall-clock]
Translating task: [0.900s CPU, 0.914s wall-clock]
0 effect conditions simplified
0 implied preconditions added
Detecting unreachable propositions...
0 operators removed
0 axioms removed
28 propositions removed
Detecting unreachable propositions: [1.040s CPU, 1.034s wall-clock]
Reordering and filtering variables...
28 of 28 variables necessary.
0 of 28 mutex groups necessary.
32840 of 32840 operators necessary.
0 of 0 axiom rules necessary.
Reordering and filtering variables: [0.110s CPU, 0.110s wall-clock]
Translator variables: 28
Translator derived variables: 0
Translator facts: 1300
Translator goal facts: 20
Translator mutex groups: 0
Translator total mutex groups size: 0
Translator operators: 32840
Translator axioms: 0
Translator task size: 195868
Translator peak memory: 162592 KB
Writing output... [0.140s CPU, 0.148s wall-clock]
Done! [4.130s CPU, 4.130s wall-clock]
translate exit code: 0

INFO     Running search (release).
INFO     search stdin: output.sas
INFO     search time limit: 295s
INFO     search memory limit: 3584 MB
INFO     search command line string: /usr/local/downward-projects/downward/experiments/src/thesis/data/thesis-thesis_exp/code-d93485cdd92f65ede2ae3573b3f4adda0b49e4fd_e5e41175/builds/release/bin/downward --evaluator 'h=ff()' --search 'eager(epsilon_greedy(h, epsilon=0.2))' --internal-plan-file sas_plan < output.sas
[t=0.00291649s, 11364 KB] reading input...
[t=0.110838s, 21168 KB] done reading input!
[t=0.118732s, 24936 KB] Simplifying 64840 unary operators... done! [64840 unary operators]
[t=0.179464s, 30760 KB] time to simplify: 0.0637825s
[t=0.184592s, 30760 KB] Initializing additive heuristic...
[t=0.185875s, 30760 KB] Initializing FF heuristic...
[t=0.185904s, 30760 KB] Building successor generator...done!
[t=0.198824s, 31948 KB] peak memory difference for successor generator creation: 1188 KB
[t=0.198915s, 31948 KB] time for successor generation creation: 0.0124029s
[t=0.198941s, 31948 KB] Variables: 28
[t=0.198971s, 31948 KB] FactPairs: 1300
[t=0.198995s, 31948 KB] Bytes per state: 24
[t=0.199019s, 31948 KB] Conducting best first search without reopening closed nodes, (real) bound = 2147483647
[t=0.199078s, 31948 KB] New best heuristic value for ff(): 774
[t=0.200498s, 31948 KB] g=0, 1 evaluated, 0 expanded
[t=0.200527s, 31948 KB] Initial heuristic value for ff(): 774
[t=0.200556s, 31948 KB] pruning method: none
[t=0.200581s, 31948 KB] Start Timestep: 1687907621534 millisecond(s).
[t=0.202222s, 31948 KB] New best heuristic value for ff(): 700
[t=0.203212s, 31948 KB] g=11, 4 evaluated, 1 expanded
[t=0.226111s, 31948 KB] New best heuristic value for ff(): 668
[t=0.226438s, 31948 KB] g=12, 32 evaluated, 2 expanded
[t=0.226467s, 31948 KB] New best heuristic value for ff(): 654
[t=0.228986s, 31948 KB] g=24, 35 evaluated, 2 expanded
[t=0.242032s, 31948 KB] New best heuristic value for ff(): 653
[t=0.243889s, 31948 KB] g=25, 53 evaluated, 3 expanded
[t=0.333944s, 31948 KB] New best heuristic value for ff(): 613
[t=0.335569s, 31948 KB] g=52, 165 evaluated, 12 expanded
[t=0.357891s, 31948 KB] New best heuristic value for ff(): 612
[t=0.361201s, 31948 KB] g=53, 196 evaluated, 13 expanded
[t=2.14464s, 31948 KB] New best heuristic value for ff(): 611
[t=2.14594s, 31948 KB] g=197, 2383 evaluated, 207 expanded
[t=11.4371s, 31948 KB] New best heuristic value for ff(): 581
[t=11.4411s, 31948 KB] g=358, 13670 evaluated, 1290 expanded
[t=41.7119s, 33692 KB] New best heuristic value for ff(): 579
[t=41.7152s, 33692 KB] g=412, 50589 evaluated, 4797 expanded
[t=63.8545s, 36668 KB] New best heuristic value for ff(): 565
[t=63.8583s, 36668 KB] g=446, 77720 evaluated, 7441 expanded
[t=65.0663s, 36668 KB] New best heuristic value for ff(): 564
[t=65.0702s, 36668 KB] g=487, 79217 evaluated, 7629 expanded
[t=188.55s, 48944 KB] New best heuristic value for ff(): 563
[t=188.554s, 48944 KB] g=1258, 230910 evaluated, 24060 expanded
[t=188.562s, 48944 KB] New best heuristic value for ff(): 562
[t=188.564s, 48944 KB] g=1259, 230922 evaluated, 24061 expanded
Peak memory: 56164 KB
caught signal 24 -- exiting
Time limit has been reached.
Remove intermediate file output.sas
search exit code: 23

Driver aborting after search
INFO     Planner time: 299.15s
