INFO     planner time limit: 600s
INFO     planner memory limit: 3584 MB

INFO     Running translator.
INFO     translator stdin: None
INFO     translator time limit: 599s
INFO     translator memory limit: 3584 MB
INFO     translator command line string: /usr/local/downward-projects/downward/experiments/assign3/.venv/bin/python3 /usr/local/downward-projects/downward/experiments/assign3/data/assign3-anytime_exp/code-1fb14623350588fb782db39ad332c8a25eda53d6_e5e41175/builds/release/bin/translate/translate.py domain.pddl problem.pddl --sas-file output.sas
Parsing...
Parsing: [0.000s CPU, 0.006s wall-clock]
Normalizing task... [0.000s CPU, 0.000s wall-clock]
Instantiating...
Generating Datalog program... [0.010s CPU, 0.001s wall-clock]
Normalizing Datalog program...
Normalizing Datalog program: [0.000s CPU, 0.006s wall-clock]
Preparing model... [0.010s CPU, 0.004s wall-clock]
Generated 350 rules.
Computing model... [0.010s CPU, 0.015s wall-clock]
1082 relevant atoms
1646 auxiliary atoms
2728 final queue length
4044 total queue pushes
Completing instantiation... [0.020s CPU, 0.016s wall-clock]
Instantiating: [0.050s CPU, 0.043s wall-clock]
Computing fact groups...
Finding invariants...
20 initial candidates
Finding invariants: [0.000s CPU, 0.005s wall-clock]
Checking invariant weight... [0.000s CPU, 0.000s wall-clock]
Instantiating groups... [0.000s CPU, 0.000s wall-clock]
Collecting mutex groups... [0.000s CPU, 0.000s wall-clock]
Choosing groups...
163 uncovered facts
Choosing groups: [0.000s CPU, 0.000s wall-clock]
Building translation key... [0.010s CPU, 0.001s wall-clock]
Computing fact groups: [0.010s CPU, 0.008s wall-clock]
Building STRIPS to SAS dictionary... [0.000s CPU, 0.000s wall-clock]
Building dictionary for full mutex groups... [0.000s CPU, 0.000s wall-clock]
Building mutex information...
Building mutex information: [0.000s CPU, 0.000s wall-clock]
Translating task...
Processing axioms...
Simplifying axioms... [0.000s CPU, 0.000s wall-clock]
Translator axioms removed by simplifying: 0
Computing negative axioms... [0.000s CPU, 0.000s wall-clock]
Processing axioms: [0.000s CPU, 0.001s wall-clock]
Translating task: [0.020s CPU, 0.017s wall-clock]
421 effect conditions simplified
0 implied preconditions added
Detecting unreachable propositions...
0 operators removed
0 axioms removed
9 propositions removed
Detecting unreachable propositions: [0.000s CPU, 0.009s wall-clock]
Reordering and filtering variables...
78 of 169 variables necessary.
0 of 7 mutex groups necessary.
568 of 568 operators necessary.
0 of 0 axiom rules necessary.
Reordering and filtering variables: [0.010s CPU, 0.004s wall-clock]
Translator variables: 78
Translator derived variables: 0
Translator facts: 289
Translator goal facts: 42
Translator mutex groups: 0
Translator total mutex groups size: 0
Translator operators: 568
Translator axioms: 0
Translator task size: 4003
Translator peak memory: 35172 KB
Writing output... [0.000s CPU, 0.003s wall-clock]
Done! [0.090s CPU, 0.093s wall-clock]
translate exit code: 0

INFO     Running search (release).
INFO     search stdin: output.sas
INFO     search time limit: 599s
INFO     search memory limit: 3584 MB
INFO     search command line string: /usr/local/downward-projects/downward/experiments/assign3/data/assign3-anytime_exp/code-1fb14623350588fb782db39ad332c8a25eda53d6_e5e41175/builds/release/bin/downward --evaluator 'h=lmcut()' --search 'eager_anytime(alt(
        [single(weight(h, 2, verbosity=normal)), type_based([h, g()], random_seed=1234)]), 
        reopen_closed=true, f_eval=sum([h, g()]))' --internal-plan-file sas_plan < output.sas
[t=0.000670657s, 10884 KB] reading input...
[t=0.0027523s, 11008 KB] done reading input!
[t=0.0048397s, 11564 KB] Initializing landmark cut heuristic...
[t=0.00586559s, 11564 KB] Building successor generator...done!
[t=0.00614013s, 11564 KB] peak memory difference for successor generator creation: 0 KB
[t=0.00619001s, 11564 KB] time for successor generation creation: 0s
[t=0.00621483s, 11564 KB] Variables: 78
[t=0.00624018s, 11564 KB] FactPairs: 289
[t=0.00626339s, 11564 KB] Bytes per state: 16
[t=0.00628646s, 11564 KB] Conducting best first anytime search with reopening closed nodes, (real) bound = 2147483647
[t=0.00682689s, 11564 KB] New best heuristic value for lmcut(): 1443164
[t=0.00687576s, 11564 KB] g=0, 1 evaluated, 0 expanded
[t=0.00690221s, 11564 KB] Initial heuristic value for lmcut(): 1443164
[t=0.0069297s, 11564 KB] Start Timestep: 1681962845170 millisecond(s).
[t=0.0078305s, 11564 KB] New best heuristic value for lmcut(): 1442664
[t=0.0079601s, 11564 KB] g=899, 3 evaluated, 2 expanded
[t=0.0109548s, 11564 KB] New best heuristic value for lmcut(): 1439576
[t=0.0112741s, 11564 KB] g=3588, 10 evaluated, 3 expanded
[t=0.0156187s, 11564 KB] New best heuristic value for lmcut(): 1439076
[t=0.0159607s, 11564 KB] g=4487, 20 evaluated, 4 expanded
[t=0.0224628s, 11564 KB] New best heuristic value for lmcut(): 1435988
[t=0.0232054s, 11564 KB] g=7176, 36 evaluated, 6 expanded
[t=0.0314521s, 11564 KB] New best heuristic value for lmcut(): 1435488
[t=0.0317414s, 11564 KB] g=8075, 55 evaluated, 8 expanded
[t=0.0381617s, 11564 KB] New best heuristic value for lmcut(): 1432400
[t=0.0391801s, 11564 KB] g=10764, 72 evaluated, 10 expanded
[t=0.0475717s, 11564 KB] New best heuristic value for lmcut(): 1431900
[t=0.0479586s, 11564 KB] g=11663, 92 evaluated, 12 expanded
[t=0.055184s, 11564 KB] New best heuristic value for lmcut(): 1428812
[t=0.0556238s, 11564 KB] g=14352, 110 evaluated, 14 expanded
[t=0.0632789s, 11564 KB] New best heuristic value for lmcut(): 1417922
[t=0.0636753s, 11564 KB] g=25242, 130 evaluated, 16 expanded
[t=0.0727108s, 11564 KB] New best heuristic value for lmcut(): 1417422
[t=0.0729077s, 11564 KB] g=26141, 153 evaluated, 18 expanded
[t=0.0810898s, 11564 KB] New best heuristic value for lmcut(): 1414334
[t=0.0811723s, 11564 KB] g=28830, 173 evaluated, 20 expanded
[t=0.0894695s, 11564 KB] New best heuristic value for lmcut(): 1403444
[t=0.0896055s, 11564 KB] g=39720, 193 evaluated, 22 expanded
[t=0.0999392s, 11564 KB] New best heuristic value for lmcut(): 1402944
[t=0.0999762s, 11564 KB] g=40619, 218 evaluated, 24 expanded
[t=0.108318s, 11564 KB] New best heuristic value for lmcut(): 1399856
[t=0.108545s, 11564 KB] g=43308, 239 evaluated, 26 expanded
[t=0.109344s, 11564 KB] New best heuristic value for lmcut(): 1252745
[t=0.109695s, 11564 KB] g=258131, 242 evaluated, 27 expanded
[t=0.112471s, 11564 KB] New best heuristic value for lmcut(): 1173826
[t=0.113452s, 11564 KB] g=337050, 252 evaluated, 28 expanded
[t=0.121872s, 11564 KB] New best heuristic value for lmcut(): 1170575
[t=0.122026s, 11564 KB] g=340301, 274 evaluated, 30 expanded
[t=0.123948s, 11564 KB] New best heuristic value for lmcut(): 1162936
[t=0.124555s, 11564 KB] g=347940, 281 evaluated, 30 expanded
[t=0.130347s, 11564 KB] New best heuristic value for lmcut(): 1159685
[t=0.130857s, 11564 KB] g=351191, 296 evaluated, 32 expanded
[t=0.140707s, 11564 KB] New best heuristic value for lmcut(): 1159185
[t=0.140785s, 11564 KB] g=352090, 323 evaluated, 34 expanded
[t=0.146972s, 11564 KB] New best heuristic value for lmcut(): 1156097
[t=0.147219s, 11564 KB] g=354779, 340 evaluated, 36 expanded
[t=0.154301s, 11564 KB] New best heuristic value for lmcut(): 1155597
[t=0.155019s, 11564 KB] g=355678, 363 evaluated, 38 expanded
[t=0.160582s, 11564 KB] New best heuristic value for lmcut(): 1152509
[t=0.161199s, 11564 KB] g=358367, 383 evaluated, 40 expanded
[t=0.167911s, 11564 KB] New best heuristic value for lmcut(): 1141619
[t=0.168638s, 11564 KB] g=369257, 406 evaluated, 42 expanded
[t=0.182583s, 11564 KB] New best heuristic value for lmcut(): 1022884
[t=0.183392s, 11564 KB] g=504811, 449 evaluated, 46 expanded
[t=0.184656s, 11564 KB] New best heuristic value for lmcut(): 995175
[t=0.184726s, 11564 KB] g=532520, 454 evaluated, 47 expanded
[t=0.188836s, 11564 KB] New best heuristic value for lmcut(): 983968
[t=0.189718s, 11564 KB] g=543727, 472 evaluated, 49 expanded
[t=0.192362s, 11564 KB] New best heuristic value for lmcut(): 980717
[t=0.192698s, 11564 KB] g=546978, 484 evaluated, 50 expanded
[t=0.198233s, 11696 KB] New best heuristic value for lmcut(): 979218
[t=0.199147s, 11696 KB] g=548477, 504 evaluated, 52 expanded
[t=0.211814s, 11696 KB] New best heuristic value for lmcut(): 860483
[t=0.212447s, 11696 KB] g=684031, 553 evaluated, 56 expanded
[t=0.215986s, 11696 KB] New best heuristic value for lmcut(): 832774
[t=0.216302s, 11696 KB] g=711740, 567 evaluated, 58 expanded
[t=0.220167s, 11696 KB] New best heuristic value for lmcut(): 821567
[t=0.220419s, 11696 KB] g=722947, 580 evaluated, 60 expanded
[t=0.225298s, 11696 KB] New best heuristic value for lmcut(): 818316
[t=0.225632s, 11696 KB] g=726198, 601 evaluated, 62 expanded
[t=0.229475s, 11696 KB] New best heuristic value for lmcut(): 816817
[t=0.230211s, 11696 KB] g=727697, 617 evaluated, 64 expanded
[t=0.235752s, 11696 KB] New best heuristic value for lmcut(): 815318
[t=0.236045s, 11696 KB] g=729196, 637 evaluated, 66 expanded
[t=0.24514s, 11696 KB] New best heuristic value for lmcut(): 696583
[t=0.245298s, 11696 KB] g=864750, 681 evaluated, 70 expanded
[t=0.249316s, 11696 KB] New best heuristic value for lmcut(): 668874
[t=0.24979s, 11696 KB] g=892459, 694 evaluated, 72 expanded
[t=0.252794s, 11696 KB] New best heuristic value for lmcut(): 657667
[t=0.253393s, 11696 KB] g=903666, 711 evaluated, 74 expanded
[t=0.256732s, 11696 KB] New best heuristic value for lmcut(): 654416
[t=0.257544s, 11696 KB] g=906917, 727 evaluated, 76 expanded
[t=0.261853s, 11828 KB] New best heuristic value for lmcut(): 535681
[t=0.262696s, 11828 KB] g=1042471, 752 evaluated, 79 expanded
[t=0.262878s, 11828 KB] New best heuristic value for lmcut(): 507972
[t=0.263247s, 11828 KB] g=1070180, 757 evaluated, 80 expanded
[t=0.267061s, 11828 KB] New best heuristic value for lmcut(): 496765
[t=0.267375s, 11828 KB] g=1081387, 769 evaluated, 82 expanded
[t=0.269133s, 11828 KB] New best heuristic value for lmcut(): 493514
[t=0.269201s, 11828 KB] g=1084638, 780 evaluated, 84 expanded
[t=0.406699s, 12084 KB] New best heuristic value for lmcut(): 428366
[t=0.406842s, 12084 KB] g=1200679, 1343 evaluated, 178 expanded
[t=0.411919s, 12084 KB] New best heuristic value for lmcut(): 425115
[t=0.412768s, 12084 KB] g=1203930, 1361 evaluated, 180 expanded
[t=0.412944s, 12084 KB] New best heuristic value for lmcut(): 417159
[t=0.413294s, 12084 KB] g=1211886, 1365 evaluated, 180 expanded
[t=0.413973s, 12084 KB] New best heuristic value for lmcut(): 413908
[t=0.415025s, 12084 KB] g=1215137, 1377 evaluated, 182 expanded
[t=0.41815s, 12084 KB] New best heuristic value for lmcut(): 410657
[t=0.419153s, 12084 KB] g=1218388, 1393 evaluated, 184 expanded
[t=0.431781s, 12084 KB] New best heuristic value for lmcut(): 291922
[t=0.432547s, 12084 KB] g=1353942, 1439 evaluated, 190 expanded
[t=0.4352s, 12220 KB] New best heuristic value for lmcut(): 264213
[t=0.435467s, 12220 KB] g=1381651, 1452 evaluated, 192 expanded
[t=0.438021s, 12220 KB] New best heuristic value for lmcut(): 253006
[t=0.438395s, 12220 KB] g=1392858, 1466 evaluated, 194 expanded
[t=0.442203s, 12220 KB] New best heuristic value for lmcut(): 249755
[t=0.442576s, 12220 KB] g=1396109, 1478 evaluated, 196 expanded
[t=0.562974s, 12568 KB] New best heuristic value for lmcut(): 88166
[t=0.563251s, 12568 KB] g=1625410, 1919 evaluated, 281 expanded
[t=0.567138s, 12568 KB] New best heuristic value for lmcut(): 9247
[t=0.568056s, 12568 KB] g=1704329, 1931 evaluated, 283 expanded
[t=0.570267s, 12568 KB] New best heuristic value for lmcut(): 5996
[t=0.570812s, 12568 KB] g=1707580, 1939 evaluated, 285 expanded
[t=0.574054s, 12568 KB] New best heuristic value for lmcut(): 4497
[t=0.574314s, 12568 KB] g=1709079, 1952 evaluated, 287 expanded
[t=0.574341s, 12568 KB] New best heuristic value for lmcut(): 2998
[t=0.574386s, 12568 KB] g=1710578, 1953 evaluated, 288 expanded
[t=0.575449s, 12568 KB] New best heuristic value for lmcut(): 1499
[t=0.575951s, 12568 KB] g=1712077, 1962 evaluated, 290 expanded
[t=0.579631s, 12568 KB] New best heuristic value for lmcut(): 0
[t=0.58019s, 12568 KB] g=1713576, 1973 evaluated, 292 expanded
[t=0.582754s, 12568 KB] Solution found!
initialize  (0)
fe1-feedmsi-letter sheet6 (500)
im1-movelower-letter sheet6 (3088)
fe1-feedmsi-letter sheet1 (500)
im1-movelower-letter sheet1 (3088)
fe1-feedmsi-letter sheet2 (500)
im1-movelower-letter sheet2 (3088)
fe1-feedmsi-letter sheet3 (500)
im1-movelower-letter sheet3 (3088)
lc1-fmove-letter sheet3 (10890)
fe1-feedmsi-letter sheet4 (500)
im1-movelower-letter sheet4 (3088)
lc2-divert-letter sheet3 back front (17452)
lre-simplex-letter sheet3 front image-3 (211849)
lc2-mergeinvert-letter sheet3 (78919)
lc1-fmove-letter sheet4 (10890)
om-lowerout-letter sheet3 (3251)
fe1-feedmsi-letter sheet5 (500)
im1-movelower-letter sheet5 (3088)
fe1-feedmsi-letter sheet7 (500)
im1-movelower-letter sheet7 (3088)
lc1-fmove-letter sheet7 (10890)
lc1-divert-letter sheet1 back front (11805)
lbe-simplex-letter sheet1 front image-1 (123749)
lc1-merge-letter sheet1 (27709)
lc2-fmove-letter sheet1 (11207)
om-lowerout-letter sheet1 (3251)
sys-stack-letter sheet1 dummy-sheet (1499)
lc1-divert-letter sheet2 back front (11805)
lbe-simplex-letter sheet2 front image-2 (123749)
lc1-merge-letter sheet2 (27709)
lc2-fmove-letter sheet2 (11207)
om-lowerout-letter sheet2 (3251)
sys-stack-letter sheet2 sheet1 (1499)
sys-stack-letter sheet3 sheet2 (1499)
lc1-divert-letter sheet5 back front (11805)
lbe-simplex-letter sheet5 front image-5 (123749)
lc1-merge-letter sheet5 (27709)
lc2-divert-letter sheet7 back front (17452)
lre-simplex-letter sheet7 front image-7 (211849)
lc2-mergeinvert-letter sheet7 (78919)
lc2-fmove-letter sheet5 (11207)
om-lowerout-letter sheet5 (3251)
om-lowerout-letter sheet7 (3251)
lc1-divert-letter sheet6 back front (11805)
lbe-simplex-letter sheet6 front image-6 (123749)
lc1-merge-letter sheet6 (27709)
lc2-fmove-letter sheet6 (11207)
om-lowerout-letter sheet6 (3251)
lc2-divert-letter sheet4 back front (17452)
lre-simplex-letter sheet4 front image-4 (211849)
lc2-mergeinvert-letter sheet4 (78919)
om-lowerout-letter sheet4 (3251)
sys-stack-letter sheet4 sheet3 (1499)
sys-stack-letter sheet5 sheet4 (1499)
sys-stack-letter sheet6 sheet5 (1499)
sys-stack-letter sheet7 sheet6 (1499)
[t=0.584103s, 12568 KB] Plan length: 57 step(s).
[t=0.584144s, 12568 KB] Plan cost: 1713576
[t=0.584169s, 12568 KB] Solution: Incumbent solution found!
[t=0.584193s, 12568 KB] Solution Timestep: 1681962845754 millisecond(s).
[t=0.584217s, 12568 KB] Timestamp: 1681962845754 millisecond(s).
[t=0.584239s, 12568 KB] Expanded 294 state(s).
[t=0.584263s, 12568 KB] Reopened 0 state(s).
[t=0.584286s, 12568 KB] Evaluated 1982 state(s).
[t=0.58431s, 12568 KB] Evaluations: 2156
[t=0.584339s, 12568 KB] Generated 2931 state(s).
[t=0.584362s, 12568 KB] Dead ends: 0 state(s).
[t=0.584385s, 12568 KB] Number of registered states: 2156
[t=0.58441s, 12568 KB] Int hash set load factor: 2156/4096 = 0.526367
[t=0.584434s, 12568 KB] Int hash set resizes: 12
Peak memory: 518112 KB
caught signal 24 -- exiting
Time limit has been reached.
Remove intermediate file output.sas
search exit code: 23

Driver aborting after search
INFO     Planner time: 597.23s
