INFO     planner time limit: 600s
INFO     planner memory limit: 3584 MB

INFO     Running translator.
INFO     translator stdin: None
INFO     translator time limit: 599s
INFO     translator memory limit: 3584 MB
INFO     translator command line string: /usr/local/downward-projects/downward/experiments/src/thesis/.venv/bin/python3 /usr/local/downward-projects/downward/experiments/src/thesis/data/thesis-thesis_exp/code-84c08dfff1890fbf6247184940c8166177195ea1_e5e41175/builds/release/bin/translate/translate.py domain.pddl problem.pddl --sas-file output.sas
Parsing...
Parsing: [0.050s CPU, 0.050s wall-clock]
Normalizing task... [0.010s CPU, 0.004s wall-clock]
Instantiating...
Generating Datalog program... [0.010s CPU, 0.010s wall-clock]
Normalizing Datalog program...
Normalizing Datalog program: [0.020s CPU, 0.023s wall-clock]
Preparing model... [0.040s CPU, 0.044s wall-clock]
Generated 1372 rules.
Computing model... [1.850s CPU, 1.839s wall-clock]
62126 relevant atoms
87892 auxiliary atoms
150018 final queue length
265278 total queue pushes
Completing instantiation... [3.400s CPU, 3.409s wall-clock]
Instantiating: [5.440s CPU, 5.441s wall-clock]
Computing fact groups...
Finding invariants...
10 initial candidates
Finding invariants: [0.040s CPU, 0.046s wall-clock]
Checking invariant weight... [0.010s CPU, 0.003s wall-clock]
Instantiating groups... [0.000s CPU, 0.002s wall-clock]
Collecting mutex groups... [0.000s CPU, 0.001s wall-clock]
Choosing groups...
170 uncovered facts
Choosing groups: [0.000s CPU, 0.002s wall-clock]
Building translation key... [0.000s CPU, 0.001s wall-clock]
Computing fact groups: [0.060s CPU, 0.060s wall-clock]
Building STRIPS to SAS dictionary... [0.000s CPU, 0.001s wall-clock]
Building dictionary for full mutex groups... [0.000s CPU, 0.002s wall-clock]
Building mutex information...
Building mutex information: [0.000s CPU, 0.001s wall-clock]
Translating task...
Processing axioms...
Simplifying axioms... [0.000s CPU, 0.000s wall-clock]
Translator axioms removed by simplifying: 0
Computing negative axioms... [0.000s CPU, 0.000s wall-clock]
Processing axioms: [0.110s CPU, 0.110s wall-clock]
Translating task: [2.810s CPU, 2.818s wall-clock]
0 effect conditions simplified
0 implied preconditions added
Detecting unreachable propositions...
0 operators removed
0 axioms removed
171 propositions removed
Detecting unreachable propositions: [1.710s CPU, 1.707s wall-clock]
Reordering and filtering variables...
341 of 341 variables necessary.
0 of 341 mutex groups necessary.
58140 of 58140 operators necessary.
0 of 0 axiom rules necessary.
Reordering and filtering variables: [0.310s CPU, 0.316s wall-clock]
Translator variables: 341
Translator derived variables: 0
Translator facts: 1021
Translator goal facts: 170
Translator mutex groups: 0
Translator total mutex groups size: 0
Translator operators: 58140
Translator axioms: 0
Translator task size: 536253
Translator peak memory: 322492 KB
Writing output... [0.350s CPU, 0.352s wall-clock]
Done! [10.870s CPU, 10.877s wall-clock]
translate exit code: 0

INFO     Running search (release).
INFO     search stdin: output.sas
INFO     search time limit: 588s
INFO     search memory limit: 3584 MB
INFO     search command line string: /usr/local/downward-projects/downward/experiments/src/thesis/data/thesis-thesis_exp/code-84c08dfff1890fbf6247184940c8166177195ea1_e5e41175/builds/release/bin/downward --evaluator 'h=ff()' --search 'eager(partition(h, lwm_partition(), inter_uniform(), intra_uniform() )) ' --internal-plan-file sas_plan < output.sas
[t=0s, 11732 KB] reading input...
[t=0.227838s, 29724 KB] done reading input!
[t=0.247769s, 39116 KB] Simplifying 115940 unary operators... done! [115940 unary operators]
[t=0.371586s, 49984 KB] time to simplify: 0.123817s
[t=0.375539s, 54288 KB] Initializing additive heuristic...
[t=0.378904s, 54288 KB] Initializing FF heuristic...
[t=0.378934s, 54288 KB] Building successor generator...done!
[t=0.40672s, 54288 KB] peak memory difference for successor generator creation: 0 KB
[t=0.406842s, 54288 KB] time for successor generation creation: 0.0243899s
[t=0.406866s, 54288 KB] Variables: 341
[t=0.406899s, 54288 KB] FactPairs: 1021
[t=0.406922s, 54288 KB] Bytes per state: 68
[t=0.406945s, 54288 KB] Conducting best first search without reopening closed nodes, (real) bound = 2147483647
[t=0.407307s, 54288 KB] New best heuristic value for ff(): 1
[t=0.410716s, 54288 KB] g=0, 1 evaluated, 0 expanded
[t=0.410744s, 54288 KB] Initial heuristic value for ff(): 1
[t=0.410775s, 54288 KB] pruning method: none
[t=0.410798s, 54288 KB] Start Timestep: 1693686088713 millisecond(s).
[t=0.41121s, 54288 KB] New best heuristic value for ff(): 0
[t=0.413333s, 54288 KB] g=1, 2 evaluated, 1 expanded
Peak memory: 62516 KB
caught signal 24 -- exiting
Time limit has been reached.
Remove intermediate file output.sas
search exit code: 23

Driver aborting after search
INFO     Planner time: 598.11s
