INFO     planner time limit: 600s
INFO     planner memory limit: 3584 MB

INFO     Running translator.
INFO     translator stdin: None
INFO     translator time limit: 599s
INFO     translator memory limit: 3584 MB
INFO     translator command line string: /usr/local/downward-projects/downward/experiments/src/thesis/.venv/bin/python3 /usr/local/downward-projects/downward/experiments/src/thesis/data/thesis-thesis_exp/code-84c08dfff1890fbf6247184940c8166177195ea1_e5e41175/builds/release/bin/translate/translate.py domain.pddl problem.pddl --sas-file output.sas
Parsing...
Parsing: [0.000s CPU, 0.005s wall-clock]
Normalizing task... [0.000s CPU, 0.000s wall-clock]
Instantiating...
Generating Datalog program... [0.010s CPU, 0.002s wall-clock]
Normalizing Datalog program...
Normalizing Datalog program: [0.000s CPU, 0.009s wall-clock]
Preparing model... [0.010s CPU, 0.005s wall-clock]
Generated 284 rules.
Computing model... [0.220s CPU, 0.220s wall-clock]
10375 relevant atoms
20131 auxiliary atoms
30506 final queue length
66893 total queue pushes
Completing instantiation... [0.560s CPU, 0.560s wall-clock]
Instantiating: [0.800s CPU, 0.807s wall-clock]
Computing fact groups...
Finding invariants...
22 initial candidates
Finding invariants: [0.020s CPU, 0.021s wall-clock]
Checking invariant weight... [0.000s CPU, 0.000s wall-clock]
Instantiating groups... [0.010s CPU, 0.006s wall-clock]
Collecting mutex groups... [0.000s CPU, 0.000s wall-clock]
Choosing groups...
325 uncovered facts
Choosing groups: [0.000s CPU, 0.002s wall-clock]
Building translation key... [0.000s CPU, 0.001s wall-clock]
Computing fact groups: [0.040s CPU, 0.035s wall-clock]
Building STRIPS to SAS dictionary... [0.000s CPU, 0.000s wall-clock]
Building dictionary for full mutex groups... [0.000s CPU, 0.001s wall-clock]
Building mutex information...
Building mutex information: [0.000s CPU, 0.001s wall-clock]
Translating task...
Processing axioms...
Simplifying axioms... [0.000s CPU, 0.000s wall-clock]
Translator axioms removed by simplifying: 0
Computing negative axioms... [0.000s CPU, 0.000s wall-clock]
Processing axioms: [0.020s CPU, 0.019s wall-clock]
Translating task: [0.610s CPU, 0.607s wall-clock]
8368 effect conditions simplified
0 implied preconditions added
Detecting unreachable propositions...
0 operators removed
0 axioms removed
1 propositions removed
Detecting unreachable propositions: [0.350s CPU, 0.350s wall-clock]
Reordering and filtering variables...
341 of 351 variables necessary.
68 of 94 mutex groups necessary.
9196 of 9200 operators necessary.
0 of 0 axiom rules necessary.
Reordering and filtering variables: [0.110s CPU, 0.116s wall-clock]
Translator variables: 341
Translator derived variables: 0
Translator facts: 1010
Translator goal facts: 4
Translator mutex groups: 68
Translator total mutex groups size: 873
Translator operators: 9196
Translator axioms: 0
Translator task size: 98223
Translator peak memory: 92160 KB
Writing output... [0.070s CPU, 0.072s wall-clock]
Done! [2.010s CPU, 2.024s wall-clock]
translate exit code: 0

INFO     Running search (release).
INFO     search stdin: output.sas
INFO     search time limit: 597s
INFO     search memory limit: 3584 MB
INFO     search command line string: /usr/local/downward-projects/downward/experiments/src/thesis/data/thesis-thesis_exp/code-84c08dfff1890fbf6247184940c8166177195ea1_e5e41175/builds/release/bin/downward --evaluator 'h=ff()' --search 'eager(partition(h, h_partition(), inter_uniform(), intra_uniform() )) ' --internal-plan-file sas_plan < output.sas
[t=0s, 11732 KB] reading input...
[t=0.0439523s, 15632 KB] done reading input!
[t=0.0518826s, 19800 KB] Simplifying 51829 unary operators... done! [51070 unary operators]
[t=0.155725s, 24068 KB] time to simplify: 0.103842s
[t=0.156981s, 24068 KB] Initializing additive heuristic...
[t=0.158053s, 24068 KB] Initializing FF heuristic...
[t=0.15808s, 24068 KB] Building successor generator...done!
[t=0.162352s, 24068 KB] peak memory difference for successor generator creation: 0 KB
[t=0.162429s, 24068 KB] time for successor generation creation: 0.00144323s
[t=0.162454s, 24068 KB] Variables: 341
[t=0.16268s, 24068 KB] FactPairs: 1010
[t=0.162702s, 24068 KB] Bytes per state: 56
[t=0.162724s, 24068 KB] Conducting best first search without reopening closed nodes, (real) bound = 2147483647
[t=0.163522s, 24068 KB] New best heuristic value for ff(): 99
[t=0.16391s, 24068 KB] g=0, 1 evaluated, 0 expanded
[t=0.163935s, 24068 KB] Initial heuristic value for ff(): 99
[t=0.163965s, 24068 KB] pruning method: none
[t=0.16399s, 24068 KB] Start Timestep: 1693692683334 millisecond(s).
[t=0.164038s, 24068 KB] New best heuristic value for ff(): 98
[t=0.16635s, 24068 KB] g=1, 5 evaluated, 1 expanded
[t=0.171413s, 24068 KB] New best heuristic value for ff(): 97
[t=0.172421s, 24068 KB] g=3, 16 evaluated, 4 expanded
[t=0.175361s, 24068 KB] New best heuristic value for ff(): 96
[t=0.178052s, 24068 KB] g=4, 26 evaluated, 9 expanded
[t=0.74784s, 24068 KB] New best heuristic value for ff(): 95
[t=0.750688s, 24068 KB] g=16, 978 evaluated, 543 expanded
[t=0.903058s, 24068 KB] New best heuristic value for ff(): 94
[t=0.906868s, 24068 KB] g=16, 1216 evaluated, 684 expanded
[t=1.05854s, 24068 KB] New best heuristic value for ff(): 93
[t=1.05902s, 24068 KB] g=19, 1443 evaluated, 786 expanded
[t=1.89417s, 24068 KB] New best heuristic value for ff(): 92
[t=1.89656s, 24068 KB] g=17, 2578 evaluated, 1328 expanded
[t=2.01008s, 24068 KB] New best heuristic value for ff(): 91
[t=2.01064s, 24068 KB] g=20, 2722 evaluated, 1394 expanded
[t=2.21797s, 24068 KB] New best heuristic value for ff(): 89
[t=2.21834s, 24068 KB] g=21, 2975 evaluated, 1529 expanded
[t=2.65387s, 24068 KB] New best heuristic value for ff(): 88
[t=2.65762s, 24068 KB] g=22, 3484 evaluated, 1801 expanded
[t=5.976s, 24068 KB] New best heuristic value for ff(): 87
[t=5.97935s, 24068 KB] g=24, 6609 evaluated, 3519 expanded
[t=140.605s, 30272 KB] New best heuristic value for ff(): 86
[t=140.606s, 30272 KB] g=33, 37731 evaluated, 21495 expanded
[t=223.989s, 32384 KB] New best heuristic value for ff(): 85
[t=223.991s, 32384 KB] g=36, 45607 evaluated, 25958 expanded
[t=315.084s, 33704 KB] New best heuristic value for ff(): 84
[t=315.086s, 33704 KB] g=34, 52064 evaluated, 29624 expanded
[t=339.135s, 34612 KB] New best heuristic value for ff(): 83
[t=339.139s, 34612 KB] g=35, 53701 evaluated, 30541 expanded
Peak memory: 37712 KB
caught signal 24 -- exiting
Time limit has been reached.
Remove intermediate file output.sas
search exit code: 23

Driver aborting after search
INFO     Planner time: 598.72s
