INFO     planner time limit: 900s
INFO     planner memory limit: 3584 MB

INFO     Running translator.
INFO     translator stdin: None
INFO     translator time limit: 899s
INFO     translator memory limit: 3584 MB
INFO     translator command line string: /usr/local/downward-projects/downward/experiments/.venv/bin/python3 /usr/local/downward-projects/downward/experiments/src/thesis/data/thesis-thesis_exp/code-f7a4f68fd467cf7cff4d3dfcfdfcfa2023e44324_e5e41175/builds/release/bin/translate/translate.py domain.pddl problem.pddl --sas-file output.sas
Parsing...
Parsing: [0.000s CPU, 0.002s wall-clock]
Normalizing task... [0.000s CPU, 0.000s wall-clock]
Instantiating...
Generating Datalog program... [0.010s CPU, 0.001s wall-clock]
Normalizing Datalog program...
Normalizing Datalog program: [0.000s CPU, 0.001s wall-clock]
Preparing model... [0.000s CPU, 0.002s wall-clock]
Generated 21 rules.
Computing model... [0.380s CPU, 0.387s wall-clock]
37742 relevant atoms
25197 auxiliary atoms
62939 final queue length
112454 total queue pushes
Completing instantiation... [1.150s CPU, 1.166s wall-clock]
Instantiating: [1.550s CPU, 1.575s wall-clock]
Computing fact groups...
Finding invariants...
10 initial candidates
Finding invariants: [0.010s CPU, 0.003s wall-clock]
Checking invariant weight... [0.000s CPU, 0.001s wall-clock]
Instantiating groups... [0.040s CPU, 0.040s wall-clock]
Collecting mutex groups... [0.010s CPU, 0.014s wall-clock]
Choosing groups...
112 uncovered facts
Choosing groups: [0.070s CPU, 0.058s wall-clock]
Building translation key... [0.010s CPU, 0.010s wall-clock]
Computing fact groups: [0.210s CPU, 0.200s wall-clock]
Building STRIPS to SAS dictionary... [0.010s CPU, 0.008s wall-clock]
Building dictionary for full mutex groups... [0.160s CPU, 0.171s wall-clock]
Building mutex information...
Building mutex information: [0.020s CPU, 0.019s wall-clock]
Translating task...
Processing axioms...
Simplifying axioms... [0.000s CPU, 0.000s wall-clock]
Translator axioms removed by simplifying: 0
Computing negative axioms... [0.000s CPU, 0.000s wall-clock]
Processing axioms: [0.040s CPU, 0.035s wall-clock]
Translating task: [1.130s CPU, 1.143s wall-clock]
36852 effect conditions simplified
0 implied preconditions added
Detecting unreachable propositions...
0 operators removed
0 axioms removed
222 propositions removed
Detecting unreachable propositions: [1.180s CPU, 1.185s wall-clock]
Reordering and filtering variables...
223 of 223 variables necessary.
112 of 223 mutex groups necessary.
24642 of 24642 operators necessary.
0 of 0 axiom rules necessary.
Reordering and filtering variables: [0.240s CPU, 0.244s wall-clock]
Translator variables: 223
Translator derived variables: 0
Translator facts: 12656
Translator goal facts: 100
Translator mutex groups: 112
Translator total mutex groups size: 12544
Translator operators: 24642
Translator axioms: 0
Translator task size: 210005
Translator peak memory: 161692 KB
Writing output... [0.160s CPU, 0.164s wall-clock]
Done! [4.720s CPU, 4.770s wall-clock]
translate exit code: 0

INFO     Running search (release).
INFO     search stdin: output.sas
INFO     search time limit: 895s
INFO     search memory limit: 3584 MB
INFO     search command line string: /usr/local/downward-projects/downward/experiments/src/thesis/data/thesis-thesis_exp/code-f7a4f68fd467cf7cff4d3dfcfdfcfa2023e44324_e5e41175/builds/release/bin/downward --evaluator 'h=ff()' --search 'eager(alt([lwm_based_type(h), single(h)]))' --internal-plan-file sas_plan < output.sas
[t=0.00105257s, 11000 KB] reading input...
[t=0.20682s, 84592 KB] done reading input!
[t=0.220449s, 90232 KB] Simplifying 98346 unary operators... done! [73926 unary operators]
[t=0.372098s, 99216 KB] time to simplify: 0.164769s
[t=0.388321s, 99216 KB] Initializing additive heuristic...
[t=0.389166s, 99216 KB] Initializing FF heuristic...
[t=0.389198s, 99216 KB] Building successor generator...done!
[t=0.397083s, 99216 KB] peak memory difference for successor generator creation: 0 KB
[t=0.397202s, 99216 KB] time for successor generation creation: 0.00732865s
[t=0.397596s, 99216 KB] Variables: 223
[t=0.39781s, 99216 KB] FactPairs: 12656
[t=0.397834s, 99216 KB] Bytes per state: 112
[t=0.397858s, 99216 KB] Conducting best first search without reopening closed nodes, (real) bound = 2147483647
[t=0.399645s, 99216 KB] New best heuristic value for ff(): 208
[t=0.400299s, 99216 KB] g=0, 1 evaluated, 0 expanded
[t=0.400327s, 99216 KB] Initial heuristic value for ff(): 208
[t=0.400359s, 99216 KB] pruning method: none
[t=0.400383s, 99216 KB] Start Timestep: 1684298503400 millisecond(s).
[t=0.419562s, 99216 KB] New best heuristic value for ff(): 207
[t=0.41974s, 99216 KB] g=2, 18 evaluated, 2 expanded
[t=0.43948s, 99216 KB] New best heuristic value for ff(): 206
[t=0.439897s, 99216 KB] g=4, 36 evaluated, 5 expanded
[t=0.514065s, 99216 KB] New best heuristic value for ff(): 205
[t=0.514437s, 99216 KB] g=6, 103 evaluated, 12 expanded
[t=0.706334s, 99216 KB] New best heuristic value for ff(): 204
[t=0.707194s, 99216 KB] g=10, 277 evaluated, 31 expanded
[t=3.81068s, 99216 KB] New best heuristic value for ff(): 203
[t=3.81146s, 99216 KB] g=14, 3084 evaluated, 317 expanded
[t=3.90216s, 99216 KB] New best heuristic value for ff(): 202
[t=3.90247s, 99216 KB] g=16, 3166 evaluated, 325 expanded
[t=21.8955s, 99216 KB] New best heuristic value for ff(): 201
[t=21.896s, 99216 KB] g=22, 19378 evaluated, 2250 expanded
[t=22.0753s, 99216 KB] New best heuristic value for ff(): 200
[t=22.0763s, 99216 KB] g=24, 19542 evaluated, 2267 expanded
Peak memory: 308804 KB
caught signal 24 -- exiting
Time limit has been reached.
Remove intermediate file output.sas
search exit code: 23

Driver aborting after search
INFO     Planner time: 896.83s
