INFO     planner time limit: 600s
INFO     planner memory limit: 3584 MB

INFO     Running translator.
INFO     translator stdin: None
INFO     translator time limit: 599s
INFO     translator memory limit: 3584 MB
INFO     translator command line string: /usr/local/downward-projects/downward/experiments/src/thesis/.venv/bin/python3 /usr/local/downward-projects/downward/experiments/src/thesis/data/thesis-thesis_exp/code-84c08dfff1890fbf6247184940c8166177195ea1_e5e41175/builds/release/bin/translate/translate.py domain.pddl problem.pddl --sas-file output.sas
Parsing...
Parsing: [0.000s CPU, 0.002s wall-clock]
Normalizing task... [0.000s CPU, 0.000s wall-clock]
Instantiating...
Generating Datalog program... [0.000s CPU, 0.000s wall-clock]
Normalizing Datalog program...
Normalizing Datalog program: [0.000s CPU, 0.003s wall-clock]
Preparing model... [0.000s CPU, 0.001s wall-clock]
Generated 74 rules.
Computing model... [0.170s CPU, 0.174s wall-clock]
18573 relevant atoms
4445 auxiliary atoms
23018 final queue length
88739 total queue pushes
Completing instantiation... [1.030s CPU, 1.041s wall-clock]
Instantiating: [1.210s CPU, 1.227s wall-clock]
Computing fact groups...
Finding invariants...
16 initial candidates
Finding invariants: [0.010s CPU, 0.014s wall-clock]
Checking invariant weight... [0.000s CPU, 0.000s wall-clock]
Instantiating groups... [0.010s CPU, 0.000s wall-clock]
Collecting mutex groups... [0.000s CPU, 0.000s wall-clock]
Choosing groups...
0 uncovered facts
Choosing groups: [0.000s CPU, 0.000s wall-clock]
Building translation key... [0.000s CPU, 0.000s wall-clock]
Computing fact groups: [0.020s CPU, 0.015s wall-clock]
Building STRIPS to SAS dictionary... [0.000s CPU, 0.000s wall-clock]
Building dictionary for full mutex groups... [0.000s CPU, 0.000s wall-clock]
Building mutex information...
Building mutex information: [0.000s CPU, 0.000s wall-clock]
Translating task...
Processing axioms...
Simplifying axioms... [0.000s CPU, 0.000s wall-clock]
Translator axioms removed by simplifying: 0
Computing negative axioms... [0.000s CPU, 0.000s wall-clock]
Processing axioms: [0.030s CPU, 0.031s wall-clock]
Translating task: [0.610s CPU, 0.619s wall-clock]
0 effect conditions simplified
0 implied preconditions added
Detecting unreachable propositions...
0 operators removed
0 axioms removed
18 propositions removed
Detecting unreachable propositions: [0.420s CPU, 0.433s wall-clock]
Reordering and filtering variables...
18 of 18 variables necessary.
0 of 18 mutex groups necessary.
13221 of 13221 operators necessary.
0 of 0 axiom rules necessary.
Reordering and filtering variables: [0.080s CPU, 0.087s wall-clock]
Translator variables: 18
Translator derived variables: 0
Translator facts: 96
Translator goal facts: 3
Translator mutex groups: 0
Translator total mutex groups size: 0
Translator operators: 13221
Translator axioms: 0
Translator task size: 117162
Translator peak memory: 114072 KB
Writing output... [0.080s CPU, 0.080s wall-clock]
Done! [2.460s CPU, 2.501s wall-clock]
translate exit code: 0

INFO     Running search (release).
INFO     search stdin: output.sas
INFO     search time limit: 597s
INFO     search memory limit: 3584 MB
INFO     search command line string: /usr/local/downward-projects/downward/experiments/src/thesis/data/thesis-thesis_exp/code-84c08dfff1890fbf6247184940c8166177195ea1_e5e41175/builds/release/bin/downward --evaluator 'h=ff()' --search 'eager(partition(h, hi_partition(), inter_uniform(), intra_uniform() )) ' --internal-plan-file sas_plan < output.sas
[t=0.0010505s, 11732 KB] reading input...
[t=0.0514141s, 16540 KB] done reading input!
[t=0.0597726s, 19712 KB] Simplifying 46791 unary operators... done! [3051 unary operators]
[t=0.0985282s, 21828 KB] time to simplify: 0.0387556s
[t=0.0992189s, 21828 KB] Initializing additive heuristic...
[t=0.0993337s, 21828 KB] Initializing FF heuristic...
[t=0.0993596s, 21828 KB] Building successor generator...done!
[t=0.102842s, 21828 KB] peak memory difference for successor generator creation: 0 KB
[t=0.102957s, 21828 KB] time for successor generation creation: 0.00319019s
[t=0.102983s, 21828 KB] Variables: 18
[t=0.103308s, 21828 KB] FactPairs: 96
[t=0.103333s, 21828 KB] Bytes per state: 8
[t=0.103356s, 21828 KB] Conducting best first search without reopening closed nodes, (real) bound = 2147483647
[t=0.103416s, 21828 KB] New best heuristic value for ff(): 46
[t=0.103532s, 21828 KB] g=0, 1 evaluated, 0 expanded
[t=0.103558s, 21828 KB] Initial heuristic value for ff(): 46
[t=0.103598s, 21828 KB] pruning method: none
[t=0.103623s, 21828 KB] Start Timestep: 1693661918241 millisecond(s).
[t=0.10367s, 21828 KB] New best heuristic value for ff(): 45
[t=0.103765s, 21828 KB] g=1, 2 evaluated, 1 expanded
[t=0.130794s, 21828 KB] New best heuristic value for ff(): 44
[t=0.131282s, 21828 KB] g=2, 433 evaluated, 3 expanded
[t=10.3501s, 22092 KB] New best heuristic value for ff(): 42
[t=10.3529s, 22092 KB] g=6, 13018 evaluated, 116 expanded
Peak memory: 34600 KB
caught signal 24 -- exiting
Time limit has been reached.
Remove intermediate file output.sas
search exit code: 23

Driver aborting after search
INFO     Planner time: 598.71s
