INFO     planner time limit: 600s
INFO     planner memory limit: 3584 MB

INFO     Running translator.
INFO     translator stdin: None
INFO     translator time limit: 599s
INFO     translator memory limit: 3584 MB
INFO     translator command line string: /usr/local/downward-projects/downward/experiments/src/thesis/.venv/bin/python3 /usr/local/downward-projects/downward/experiments/src/thesis/data/thesis-thesis_exp/code-84c08dfff1890fbf6247184940c8166177195ea1_e5e41175/builds/release/bin/translate/translate.py domain.pddl problem.pddl --sas-file output.sas
Parsing...
Parsing: [0.060s CPU, 0.060s wall-clock]
Normalizing task... [0.000s CPU, 0.003s wall-clock]
Instantiating...
Generating Datalog program... [0.030s CPU, 0.026s wall-clock]
Normalizing Datalog program...
Normalizing Datalog program: [0.000s CPU, 0.001s wall-clock]
Preparing model... [0.120s CPU, 0.122s wall-clock]
Generated 23 rules.
Computing model... [0.290s CPU, 0.292s wall-clock]
19976 relevant atoms
35172 auxiliary atoms
55148 final queue length
64934 total queue pushes
Completing instantiation... [0.210s CPU, 0.222s wall-clock]
Instantiating: [0.680s CPU, 0.689s wall-clock]
Computing fact groups...
Finding invariants...
9 initial candidates
Finding invariants: [0.000s CPU, 0.005s wall-clock]
Checking invariant weight... [0.010s CPU, 0.006s wall-clock]
Instantiating groups... [0.000s CPU, 0.003s wall-clock]
Collecting mutex groups... [0.000s CPU, 0.000s wall-clock]
Choosing groups...
0 uncovered facts
Choosing groups: [0.000s CPU, 0.001s wall-clock]
Building translation key... [0.000s CPU, 0.000s wall-clock]
Computing fact groups: [0.010s CPU, 0.017s wall-clock]
Building STRIPS to SAS dictionary... [0.000s CPU, 0.000s wall-clock]
Building dictionary for full mutex groups... [0.000s CPU, 0.000s wall-clock]
Building mutex information...
Building mutex information: [0.000s CPU, 0.000s wall-clock]
Translating task...
Processing axioms...
Simplifying axioms... [0.000s CPU, 0.000s wall-clock]
Translator axioms removed by simplifying: 0
Computing negative axioms... [0.000s CPU, 0.000s wall-clock]
Processing axioms: [0.010s CPU, 0.009s wall-clock]
Translating task: [0.170s CPU, 0.166s wall-clock]
0 effect conditions simplified
0 implied preconditions added
Detecting unreachable propositions...
0 operators removed
0 axioms removed
13 propositions removed
Detecting unreachable propositions: [0.060s CPU, 0.063s wall-clock]
Reordering and filtering variables...
13 of 13 variables necessary.
0 of 13 mutex groups necessary.
5162 of 5162 operators necessary.
0 of 0 axiom rules necessary.
Reordering and filtering variables: [0.020s CPU, 0.016s wall-clock]
Translator variables: 13
Translator derived variables: 0
Translator facts: 309
Translator goal facts: 11
Translator mutex groups: 0
Translator total mutex groups size: 0
Translator operators: 5162
Translator axioms: 0
Translator task size: 25901
Translator peak memory: 61296 KB
Writing output... [0.020s CPU, 0.023s wall-clock]
Done! [1.030s CPU, 1.050s wall-clock]
translate exit code: 0

INFO     Running search (release).
INFO     search stdin: output.sas
INFO     search time limit: 598s
INFO     search memory limit: 3584 MB
INFO     search command line string: /usr/local/downward-projects/downward/experiments/src/thesis/data/thesis-thesis_exp/code-84c08dfff1890fbf6247184940c8166177195ea1_e5e41175/builds/release/bin/downward --evaluator 'h=ff()' --search 'eager(partition(h, plateau_partition(), inter_uniform(), intra_uniform() )) ' --internal-plan-file sas_plan < output.sas
[t=0.00105196s, 11732 KB] reading input...
[t=0.0157353s, 13140 KB] done reading input!
[t=0.0188375s, 13948 KB] Simplifying 10082 unary operators... done! [10082 unary operators]
[t=0.0234213s, 14740 KB] time to simplify: 0.00458384s
[t=0.0239696s, 14740 KB] Initializing additive heuristic...
[t=0.0240218s, 14740 KB] Initializing FF heuristic...
[t=0.0240491s, 14740 KB] Building successor generator...done!
[t=0.0254605s, 14740 KB] peak memory difference for successor generator creation: 0 KB
[t=0.0255211s, 14740 KB] time for successor generation creation: 0.000831134s
[t=0.025547s, 14740 KB] Variables: 13
[t=0.0256441s, 14740 KB] FactPairs: 309
[t=0.0256682s, 14740 KB] Bytes per state: 8
[t=0.0256915s, 14740 KB] Conducting best first search without reopening closed nodes, (real) bound = 2147483647
[t=0.0257518s, 14740 KB] New best heuristic value for ff(): 31
[t=0.0258684s, 14740 KB] g=0, 1 evaluated, 0 expanded
[t=0.0258927s, 14740 KB] Initial heuristic value for ff(): 31
[t=0.0259218s, 14740 KB] pruning method: none
[t=0.0259461s, 14740 KB] Start Timestep: 1693697577617 millisecond(s).
[t=0.0259921s, 14740 KB] New best heuristic value for ff(): 30
[t=0.0263738s, 14740 KB] g=2, 6 evaluated, 2 expanded
[t=0.0264018s, 14740 KB] New best heuristic value for ff(): 29
[t=0.0268767s, 14740 KB] g=3, 13 evaluated, 3 expanded
[t=0.0279417s, 14740 KB] New best heuristic value for ff(): 28
[t=0.0284254s, 14740 KB] g=6, 38 evaluated, 9 expanded
[t=0.030011s, 14740 KB] New best heuristic value for ff(): 27
[t=0.0303426s, 14740 KB] g=7, 69 evaluated, 15 expanded
[t=0.0310301s, 14740 KB] New best heuristic value for ff(): 26
[t=0.0319941s, 14740 KB] g=9, 96 evaluated, 20 expanded
[t=0.0320538s, 14740 KB] New best heuristic value for ff(): 25
[t=0.0327263s, 14740 KB] g=10, 107 evaluated, 22 expanded
[t=0.0351633s, 14740 KB] New best heuristic value for ff(): 24
[t=0.0352516s, 14740 KB] g=11, 148 evaluated, 29 expanded
[t=0.0361872s, 14740 KB] New best heuristic value for ff(): 23
[t=0.0366381s, 14740 KB] g=12, 168 evaluated, 33 expanded
[t=0.0508881s, 14740 KB] New best heuristic value for ff(): 22
[t=0.0512459s, 14740 KB] g=15, 365 evaluated, 65 expanded
[t=0.0585665s, 14740 KB] New best heuristic value for ff(): 21
[t=0.0588554s, 14740 KB] g=16, 454 evaluated, 80 expanded
[t=0.0833654s, 14740 KB] New best heuristic value for ff(): 20
[t=0.0844759s, 14740 KB] g=20, 724 evaluated, 124 expanded
[t=0.187461s, 14740 KB] New best heuristic value for ff(): 19
[t=0.187747s, 14740 KB] g=21, 1537 evaluated, 248 expanded
[t=0.216995s, 14740 KB] New best heuristic value for ff(): 18
[t=0.217601s, 14740 KB] g=22, 1727 evaluated, 280 expanded
[t=1.23918s, 14872 KB] New best heuristic value for ff(): 17
[t=1.23949s, 14872 KB] g=26, 5521 evaluated, 894 expanded
Peak memory: 30012 KB
caught signal 24 -- exiting
Time limit has been reached.
Remove intermediate file output.sas
search exit code: 23

Driver aborting after search
INFO     Planner time: 596.39s
