INFO     planner time limit: 900s
INFO     planner memory limit: 3584 MB

INFO     Running translator.
INFO     translator stdin: None
INFO     translator time limit: 899s
INFO     translator memory limit: 3584 MB
INFO     translator command line string: /usr/local/downward-projects/downward/experiments/.venv/bin/python3 /usr/local/downward-projects/downward/experiments/src/thesis/data/thesis-thesis_exp/code-f7a4f68fd467cf7cff4d3dfcfdfcfa2023e44324_e5e41175/builds/release/bin/translate/translate.py domain.pddl problem.pddl --sas-file output.sas
Parsing...
Parsing: [0.000s CPU, 0.002s wall-clock]
Normalizing task... [0.000s CPU, 0.000s wall-clock]
Instantiating...
Generating Datalog program... [0.000s CPU, 0.001s wall-clock]
Normalizing Datalog program...
Normalizing Datalog program: [0.000s CPU, 0.003s wall-clock]
Preparing model... [0.000s CPU, 0.001s wall-clock]
Generated 74 rules.
Computing model... [0.300s CPU, 0.291s wall-clock]
35021 relevant atoms
3793 auxiliary atoms
38814 final queue length
148211 total queue pushes
Completing instantiation... [1.370s CPU, 1.372s wall-clock]
Instantiating: [1.670s CPU, 1.680s wall-clock]
Computing fact groups...
Finding invariants...
16 initial candidates
Finding invariants: [0.020s CPU, 0.019s wall-clock]
Checking invariant weight... [0.000s CPU, 0.000s wall-clock]
Instantiating groups... [0.000s CPU, 0.000s wall-clock]
Collecting mutex groups... [0.000s CPU, 0.000s wall-clock]
Choosing groups...
0 uncovered facts
Choosing groups: [0.000s CPU, 0.000s wall-clock]
Building translation key... [0.000s CPU, 0.000s wall-clock]
Computing fact groups: [0.020s CPU, 0.021s wall-clock]
Building STRIPS to SAS dictionary... [0.010s CPU, 0.000s wall-clock]
Building dictionary for full mutex groups... [0.000s CPU, 0.000s wall-clock]
Building mutex information...
Building mutex information: [0.000s CPU, 0.000s wall-clock]
Translating task...
Processing axioms...
Simplifying axioms... [0.000s CPU, 0.000s wall-clock]
Translator axioms removed by simplifying: 0
Computing negative axioms... [0.000s CPU, 0.000s wall-clock]
Processing axioms: [0.030s CPU, 0.039s wall-clock]
Translating task: [0.800s CPU, 0.795s wall-clock]
0 effect conditions simplified
0 implied preconditions added
Detecting unreachable propositions...
0 operators removed
0 axioms removed
10 propositions removed
Detecting unreachable propositions: [0.520s CPU, 0.587s wall-clock]
Reordering and filtering variables...
10 of 10 variables necessary.
0 of 11 mutex groups necessary.
22199 of 22199 operators necessary.
0 of 0 axiom rules necessary.
Reordering and filtering variables: [0.110s CPU, 0.111s wall-clock]
Translator variables: 10
Translator derived variables: 0
Translator facts: 218
Translator goal facts: 1
Translator mutex groups: 0
Translator total mutex groups size: 0
Translator operators: 22199
Translator axioms: 0
Translator task size: 166516
Translator peak memory: 143808 KB
Writing output... [0.130s CPU, 0.117s wall-clock]
Done! [3.310s CPU, 3.365s wall-clock]
translate exit code: 0

INFO     Running search (release).
INFO     search stdin: output.sas
INFO     search time limit: 896s
INFO     search memory limit: 3584 MB
INFO     search command line string: /usr/local/downward-projects/downward/experiments/src/thesis/data/thesis-thesis_exp/code-f7a4f68fd467cf7cff4d3dfcfdfcfa2023e44324_e5e41175/builds/release/bin/downward --evaluator 'h=ff()' --search 'eager(epsilon_greedy(h, epsilon=0.2))' --internal-plan-file sas_plan < output.sas
[t=0s, 11000 KB] reading input...
[t=0.0798104s, 18224 KB] done reading input!
[t=0.0917062s, 21972 KB] Simplifying 66405 unary operators... done! [16725 unary operators]
[t=0.171513s, 26212 KB] time to simplify: 0.0798065s
[t=0.175465s, 26212 KB] Initializing additive heuristic...
[t=0.175671s, 26212 KB] Initializing FF heuristic...
[t=0.175703s, 26212 KB] Building successor generator...done!
[t=0.180508s, 26212 KB] peak memory difference for successor generator creation: 0 KB
[t=0.180584s, 26212 KB] time for successor generation creation: 0.00359164s
[t=0.18061s, 26212 KB] Variables: 10
[t=0.181103s, 26212 KB] FactPairs: 218
[t=0.181128s, 26212 KB] Bytes per state: 8
[t=0.181153s, 26212 KB] Conducting best first search without reopening closed nodes, (real) bound = 2147483647
[t=0.181215s, 26212 KB] New best heuristic value for ff(): 91
[t=0.181528s, 26212 KB] g=0, 1 evaluated, 0 expanded
[t=0.181555s, 26212 KB] Initial heuristic value for ff(): 91
[t=0.181582s, 26212 KB] pruning method: none
[t=0.181607s, 26212 KB] Start Timestep: 1684287821197 millisecond(s).
[t=0.223215s, 26212 KB] New best heuristic value for ff(): 90
[t=0.224369s, 26212 KB] g=2, 348 evaluated, 2 expanded
[t=509.486s, 263036 KB] New best heuristic value for ff(): 87
[t=509.49s, 263036 KB] g=6, 4045564 evaluated, 511710 expanded
[t=509.518s, 263036 KB] New best heuristic value for ff(): 86
[t=509.521s, 263036 KB] g=8, 4045820 evaluated, 511712 expanded
[t=509.57s, 263036 KB] New best heuristic value for ff(): 85
[t=509.573s, 263036 KB] g=9, 4046241 evaluated, 511726 expanded
[t=837.889s, 371768 KB] New best heuristic value for ff(): 83
[t=837.89s, 371768 KB] g=18, 6674072 evaluated, 980098 expanded
[t=837.904s, 371768 KB] New best heuristic value for ff(): 82
[t=837.905s, 371768 KB] g=20, 6674191 evaluated, 980100 expanded
[t=837.962s, 371768 KB] New best heuristic value for ff(): 81
[t=837.963s, 371768 KB] g=21, 6674661 evaluated, 980116 expanded
Peak memory: 507328 KB
caught signal 24 -- exiting
Time limit has been reached.
Remove intermediate file output.sas
search exit code: 23

Driver aborting after search
INFO     Planner time: 896.20s
