INFO     planner time limit: 600s
INFO     planner memory limit: 3584 MB

INFO     Running translator.
INFO     translator stdin: None
INFO     translator time limit: 599s
INFO     translator memory limit: 3584 MB
INFO     translator command line string: /usr/local/downward-projects/downward/experiments/assign3/.venv/bin/python3 /usr/local/downward-projects/downward/experiments/assign3/data/assign3-anytime_exp/code-1fb14623350588fb782db39ad332c8a25eda53d6_e5e41175/builds/release/bin/translate/translate.py domain.pddl problem.pddl --sas-file output.sas
Parsing...
Parsing: [0.000s CPU, 0.003s wall-clock]
Normalizing task... [0.000s CPU, 0.000s wall-clock]
Instantiating...
Generating Datalog program... [0.000s CPU, 0.001s wall-clock]
Normalizing Datalog program...
Normalizing Datalog program: [0.000s CPU, 0.002s wall-clock]
Preparing model... [0.010s CPU, 0.002s wall-clock]
Generated 38 rules.
Computing model... [0.010s CPU, 0.018s wall-clock]
1174 relevant atoms
1910 auxiliary atoms
3084 final queue length
3806 total queue pushes
Completing instantiation... [0.020s CPU, 0.012s wall-clock]
Instantiating: [0.040s CPU, 0.036s wall-clock]
Computing fact groups...
Finding invariants...
7 initial candidates
Finding invariants: [0.010s CPU, 0.004s wall-clock]
Checking invariant weight... [0.000s CPU, 0.000s wall-clock]
Instantiating groups... [0.000s CPU, 0.005s wall-clock]
Collecting mutex groups... [0.000s CPU, 0.000s wall-clock]
Choosing groups...
61 uncovered facts
Choosing groups: [0.000s CPU, 0.001s wall-clock]
Building translation key... [0.000s CPU, 0.000s wall-clock]
Computing fact groups: [0.010s CPU, 0.012s wall-clock]
Building STRIPS to SAS dictionary... [0.000s CPU, 0.000s wall-clock]
Building dictionary for full mutex groups... [0.000s CPU, 0.000s wall-clock]
Building mutex information...
Building mutex information: [0.000s CPU, 0.000s wall-clock]
Translating task...
Processing axioms...
Simplifying axioms... [0.000s CPU, 0.000s wall-clock]
Translator axioms removed by simplifying: 0
Computing negative axioms... [0.000s CPU, 0.000s wall-clock]
Processing axioms: [0.010s CPU, 0.001s wall-clock]
Translating task: [0.020s CPU, 0.012s wall-clock]
536 effect conditions simplified
0 implied preconditions added
Detecting unreachable propositions...
0 operators removed
0 axioms removed
35 propositions removed
Detecting unreachable propositions: [0.000s CPU, 0.007s wall-clock]
Reordering and filtering variables...
51 of 51 variables necessary.
42 of 47 mutex groups necessary.
332 of 332 operators necessary.
0 of 0 axiom rules necessary.
Reordering and filtering variables: [0.010s CPU, 0.003s wall-clock]
Translator variables: 51
Translator derived variables: 0
Translator facts: 274
Translator goal facts: 4
Translator mutex groups: 42
Translator total mutex groups size: 224
Translator operators: 332
Translator axioms: 0
Translator task size: 3217
Translator peak memory: 34244 KB
Writing output... [0.000s CPU, 0.003s wall-clock]
Done! [0.080s CPU, 0.077s wall-clock]
translate exit code: 0

INFO     Running search (release).
INFO     search stdin: output.sas
INFO     search time limit: 599s
INFO     search memory limit: 3584 MB
INFO     search command line string: /usr/local/downward-projects/downward/experiments/assign3/data/assign3-anytime_exp/code-1fb14623350588fb782db39ad332c8a25eda53d6_e5e41175/builds/release/bin/downward --evaluator 'h=lmcut()' --search 'iterated([
            lazy_wastar([h],w=5),
            lazy_wastar([h],w=4),
            lazy_wastar([h],w=3),
            lazy_wastar([h],w=2),
            astar(h)
        ],continue_on_fail=true)' --internal-plan-file sas_plan < output.sas
[t=0s, 10884 KB] reading input...
[t=0.00134932s, 11008 KB] done reading input!
[t=0.0039624s, 11404 KB] Initializing landmark cut heuristic...
[t=0.00577667s, 11404 KB] Building successor generator...done!
[t=0.00606668s, 11404 KB] peak memory difference for successor generator creation: 0 KB
[t=0.00611294s, 11404 KB] time for successor generation creation: 0s
[t=0.00613776s, 11404 KB] Variables: 51
[t=0.00616447s, 11404 KB] FactPairs: 274
[t=0.00618673s, 11404 KB] Bytes per state: 12
[t=0.00620916s, 11404 KB] Start Timestep: 1681965253117 millisecond(s).
[t=0.00629048s, 11404 KB] Building successor generator...done!
[t=0.00637365s, 11404 KB] peak memory difference for successor generator creation: 0 KB
[t=0.00641077s, 11404 KB] time for successor generation creation: 0s
[t=0.00643561s, 11404 KB] Variables: 51
[t=0.00646065s, 11404 KB] FactPairs: 274
[t=0.00648353s, 11404 KB] Bytes per state: 12
[t=0.0065069s, 11404 KB] Starting search: lazy_wastar([h],w=5)
[t=0.00654061s, 11404 KB] Conducting lazy best first search, (real) bound = 2147483647
[t=0.00656305s, 11404 KB] Start Timestep: 1681965253118 millisecond(s).
[t=0.00658624s, 11404 KB] New best heuristic value for lmcut(): 28
[t=0.00682866s, 11404 KB] g=0, 1 evaluated, 0 expanded
[t=0.00685242s, 11404 KB] Initial heuristic value for lmcut(): 28
[t=0.0117322s, 11404 KB] New best heuristic value for lmcut(): 27
[t=0.0119746s, 11404 KB] g=1, 31 evaluated, 29 expanded
[t=0.0120004s, 11404 KB] New best heuristic value for lmcut(): 26
[t=0.0125423s, 11404 KB] g=2, 35 evaluated, 32 expanded
[t=0.012566s, 11404 KB] New best heuristic value for lmcut(): 25
[t=0.0143985s, 11404 KB] g=2, 48 evaluated, 43 expanded
[t=0.0196627s, 11404 KB] New best heuristic value for lmcut(): 23
[t=0.0197964s, 11404 KB] g=4, 86 evaluated, 77 expanded
[t=0.0198217s, 11404 KB] New best heuristic value for lmcut(): 22
[t=0.021983s, 11404 KB] g=5, 102 evaluated, 91 expanded
[t=0.035615s, 11404 KB] New best heuristic value for lmcut(): 21
[t=0.0371063s, 11404 KB] g=8, 210 evaluated, 191 expanded
[t=0.0371336s, 11404 KB] New best heuristic value for lmcut(): 20
[t=0.0375787s, 11404 KB] g=9, 213 evaluated, 194 expanded
[t=0.037604s, 11404 KB] New best heuristic value for lmcut(): 19
[t=0.0380326s, 11404 KB] g=10, 216 evaluated, 197 expanded
[t=0.0475481s, 11404 KB] New best heuristic value for lmcut(): 18
[t=0.0511773s, 11404 KB] g=15, 325 evaluated, 298 expanded, 1 reopened
[t=0.0512083s, 11404 KB] New best heuristic value for lmcut(): 17
[t=0.0513407s, 11404 KB] g=16, 326 evaluated, 299 expanded, 1 reopened
[t=0.0794881s, 11540 KB] New best heuristic value for lmcut(): 16
[t=0.0823786s, 11540 KB] g=19, 638 evaluated, 589 expanded, 1 reopened
[t=0.0834591s, 11540 KB] New best heuristic value for lmcut(): 15
[t=0.0846365s, 11540 KB] g=20, 662 evaluated, 613 expanded, 1 reopened
[t=0.0846635s, 11540 KB] New best heuristic value for lmcut(): 14
[t=0.0862366s, 11540 KB] g=21, 680 evaluated, 630 expanded, 1 reopened
[t=0.0914104s, 11540 KB] New best heuristic value for lmcut(): 13
[t=0.0939697s, 11540 KB] g=24, 771 evaluated, 720 expanded, 1 reopened
[t=0.0993805s, 11540 KB] New best heuristic value for lmcut(): 12
[t=0.102154s, 11540 KB] g=24, 872 evaluated, 817 expanded, 1 reopened
[t=0.103351s, 11540 KB] New best heuristic value for lmcut(): 11
[t=0.106692s, 11540 KB] g=28, 932 evaluated, 874 expanded, 1 reopened
[t=0.107325s, 11540 KB] New best heuristic value for lmcut(): 10
[t=0.10744s, 11540 KB] g=29, 943 evaluated, 885 expanded, 1 reopened
[t=0.107466s, 11540 KB] New best heuristic value for lmcut(): 9
[t=0.108937s, 11540 KB] g=30, 973 evaluated, 915 expanded, 1 reopened
[t=0.108962s, 11540 KB] New best heuristic value for lmcut(): 8
[t=0.109709s, 11540 KB] g=31, 989 evaluated, 930 expanded, 1 reopened
[t=0.111262s, 11540 KB] New best heuristic value for lmcut(): 7
[t=0.112587s, 11540 KB] g=34, 1056 evaluated, 995 expanded, 1 reopened
[t=0.112614s, 11540 KB] New best heuristic value for lmcut(): 6
[t=0.112772s, 11540 KB] g=35, 1059 evaluated, 998 expanded, 1 reopened
[t=0.123218s, 11540 KB] New best heuristic value for lmcut(): 5
[t=0.123723s, 11540 KB] g=36, 1370 evaluated, 1298 expanded, 61 reopened
[t=0.123751s, 11540 KB] New best heuristic value for lmcut(): 4
[t=0.124444s, 11540 KB] g=36, 1390 evaluated, 1318 expanded, 61 reopened
[t=0.187169s, 11540 KB] New best heuristic value for lmcut(): 3
[t=0.187514s, 11540 KB] g=41, 3056 evaluated, 2928 expanded, 353 reopened
[t=3.53306s, 13592 KB] New best heuristic value for lmcut(): 2
[t=3.53579s, 13592 KB] g=51, 71873 evaluated, 70038 expanded, 22205 reopened
[t=3.53583s, 13592 KB] New best heuristic value for lmcut(): 1
[t=3.53589s, 13592 KB] g=52, 71874 evaluated, 70039 expanded, 22205 reopened
[t=3.53591s, 13592 KB] Solution found!
[t=3.53595s, 13592 KB] Actual search time: 3.52936s
move player-01 pos-07-03 pos-06-03 dir-left (0)
move player-01 pos-06-03 pos-05-03 dir-left (0)
move player-01 pos-05-03 pos-04-03 dir-left (0)
move player-01 pos-04-03 pos-04-02 dir-up (0)
move player-01 pos-04-02 pos-03-02 dir-left (0)
move player-01 pos-03-02 pos-02-02 dir-left (0)
move player-01 pos-02-02 pos-02-03 dir-down (0)
move player-01 pos-02-03 pos-02-04 dir-down (0)
move player-01 pos-02-04 pos-03-04 dir-right (0)
move player-01 pos-03-04 pos-03-05 dir-down (0)
move player-01 pos-03-05 pos-04-05 dir-right (0)
move player-01 pos-04-05 pos-04-06 dir-down (0)
move player-01 pos-04-06 pos-05-06 dir-right (0)
move player-01 pos-05-06 pos-06-06 dir-right (0)
move player-01 pos-06-06 pos-07-06 dir-right (0)
move player-01 pos-07-06 pos-08-06 dir-right (0)
push-to-nongoal player-01 stone-01 pos-08-06 pos-08-05 pos-08-04 dir-up (1)
push-to-nongoal player-01 stone-01 pos-08-05 pos-08-04 pos-08-03 dir-up (1)
move player-01 pos-08-04 pos-08-05 dir-down (0)
move player-01 pos-08-05 pos-08-06 dir-down (0)
move player-01 pos-08-06 pos-09-06 dir-right (0)
move player-01 pos-09-06 pos-10-06 dir-right (0)
move player-01 pos-10-06 pos-10-05 dir-up (0)
push-to-nongoal player-01 stone-02 pos-10-05 pos-09-05 pos-08-05 dir-left (1)
move player-01 pos-09-05 pos-09-06 dir-down (0)
move player-01 pos-09-06 pos-10-06 dir-right (0)
move player-01 pos-10-06 pos-11-06 dir-right (0)
move player-01 pos-11-06 pos-12-06 dir-right (0)
move player-01 pos-12-06 pos-12-05 dir-up (0)
push-to-nongoal player-01 stone-03 pos-12-05 pos-11-05 pos-10-05 dir-left (1)
move player-01 pos-11-05 pos-11-06 dir-down (0)
move player-01 pos-11-06 pos-10-06 dir-left (0)
move player-01 pos-10-06 pos-09-06 dir-left (0)
move player-01 pos-09-06 pos-08-06 dir-left (0)
push-to-nongoal player-01 stone-02 pos-08-06 pos-08-05 pos-08-04 dir-up (1)
move player-01 pos-08-05 pos-09-05 dir-right (0)
move player-01 pos-09-05 pos-09-06 dir-down (0)
move player-01 pos-09-06 pos-10-06 dir-right (0)
move player-01 pos-10-06 pos-11-06 dir-right (0)
move player-01 pos-11-06 pos-11-05 dir-up (0)
push-to-nongoal player-01 stone-03 pos-11-05 pos-10-05 pos-09-05 dir-left (1)
push-to-nongoal player-01 stone-03 pos-10-05 pos-09-05 pos-08-05 dir-left (1)
move player-01 pos-09-05 pos-09-06 dir-down (0)
move player-01 pos-09-06 pos-10-06 dir-right (0)
move player-01 pos-10-06 pos-11-06 dir-right (0)
move player-01 pos-11-06 pos-12-06 dir-right (0)
move player-01 pos-12-06 pos-13-06 dir-right (0)
move player-01 pos-13-06 pos-14-06 dir-right (0)
move player-01 pos-14-06 pos-14-05 dir-up (0)
push-to-nongoal player-01 stone-04 pos-14-05 pos-13-05 pos-12-05 dir-left (1)
push-to-nongoal player-01 stone-04 pos-13-05 pos-12-05 pos-11-05 dir-left (1)
push-to-nongoal player-01 stone-04 pos-12-05 pos-11-05 pos-10-05 dir-left (1)
move player-01 pos-11-05 pos-11-06 dir-down (0)
move player-01 pos-11-06 pos-10-06 dir-left (0)
move player-01 pos-10-06 pos-09-06 dir-left (0)
move player-01 pos-09-06 pos-08-06 dir-left (0)
move player-01 pos-08-06 pos-07-06 dir-left (0)
move player-01 pos-07-06 pos-06-06 dir-left (0)
move player-01 pos-06-06 pos-05-06 dir-left (0)
move player-01 pos-05-06 pos-04-06 dir-left (0)
move player-01 pos-04-06 pos-04-05 dir-up (0)
move player-01 pos-04-05 pos-03-05 dir-left (0)
move player-01 pos-03-05 pos-03-04 dir-up (0)
move player-01 pos-03-04 pos-02-04 dir-left (0)
move player-01 pos-02-04 pos-02-03 dir-up (0)
move player-01 pos-02-03 pos-02-02 dir-up (0)
move player-01 pos-02-02 pos-03-02 dir-right (0)
move player-01 pos-03-02 pos-04-02 dir-right (0)
move player-01 pos-04-02 pos-04-03 dir-down (0)
move player-01 pos-04-03 pos-05-03 dir-right (0)
move player-01 pos-05-03 pos-06-03 dir-right (0)
move player-01 pos-06-03 pos-07-03 dir-right (0)
push-to-nongoal player-01 stone-01 pos-07-03 pos-08-03 pos-09-03 dir-right (1)
move player-01 pos-08-03 pos-08-02 dir-up (0)
move player-01 pos-08-02 pos-09-02 dir-right (0)
move player-01 pos-09-02 pos-10-02 dir-right (0)
move player-01 pos-10-02 pos-10-03 dir-down (0)
push-to-nongoal player-01 stone-01 pos-10-03 pos-09-03 pos-08-03 dir-left (1)
push-to-nongoal player-01 stone-01 pos-09-03 pos-08-03 pos-07-03 dir-left (1)
push-to-nongoal player-01 stone-01 pos-08-03 pos-07-03 pos-06-03 dir-left (1)
push-to-nongoal player-01 stone-01 pos-07-03 pos-06-03 pos-05-03 dir-left (1)
move player-01 pos-06-03 pos-06-02 dir-up (0)
move player-01 pos-06-02 pos-05-02 dir-left (0)
move player-01 pos-05-02 pos-04-02 dir-left (0)
move player-01 pos-04-02 pos-03-02 dir-left (0)
move player-01 pos-03-02 pos-02-02 dir-left (0)
move player-01 pos-02-02 pos-02-03 dir-down (0)
move player-01 pos-02-03 pos-02-04 dir-down (0)
move player-01 pos-02-04 pos-03-04 dir-right (0)
move player-01 pos-03-04 pos-03-05 dir-down (0)
move player-01 pos-03-05 pos-04-05 dir-right (0)
move player-01 pos-04-05 pos-04-06 dir-down (0)
move player-01 pos-04-06 pos-05-06 dir-right (0)
move player-01 pos-05-06 pos-06-06 dir-right (0)
move player-01 pos-06-06 pos-07-06 dir-right (0)
move player-01 pos-07-06 pos-08-06 dir-right (0)
move player-01 pos-08-06 pos-09-06 dir-right (0)
move player-01 pos-09-06 pos-09-05 dir-up (0)
push-to-nongoal player-01 stone-04 pos-09-05 pos-10-05 pos-11-05 dir-right (1)
move player-01 pos-10-05 pos-09-05 dir-left (0)
move player-01 pos-09-05 pos-09-06 dir-down (0)
move player-01 pos-09-06 pos-08-06 dir-left (0)
move player-01 pos-08-06 pos-07-06 dir-left (0)
move player-01 pos-07-06 pos-07-05 dir-up (0)
push-to-nongoal player-01 stone-03 pos-07-05 pos-08-05 pos-09-05 dir-right (1)
push-to-nongoal player-01 stone-02 pos-08-05 pos-08-04 pos-08-03 dir-up (1)
move player-01 pos-08-04 pos-08-05 dir-down (0)
move player-01 pos-08-05 pos-07-05 dir-left (0)
move player-01 pos-07-05 pos-07-06 dir-down (0)
move player-01 pos-07-06 pos-06-06 dir-left (0)
move player-01 pos-06-06 pos-05-06 dir-left (0)
move player-01 pos-05-06 pos-04-06 dir-left (0)
move player-01 pos-04-06 pos-04-05 dir-up (0)
move player-01 pos-04-05 pos-03-05 dir-left (0)
move player-01 pos-03-05 pos-03-04 dir-up (0)
move player-01 pos-03-04 pos-02-04 dir-left (0)
move player-01 pos-02-04 pos-02-03 dir-up (0)
move player-01 pos-02-03 pos-02-02 dir-up (0)
move player-01 pos-02-02 pos-03-02 dir-right (0)
move player-01 pos-03-02 pos-04-02 dir-right (0)
move player-01 pos-04-02 pos-05-02 dir-right (0)
move player-01 pos-05-02 pos-06-02 dir-right (0)
move player-01 pos-06-02 pos-06-03 dir-down (0)
move player-01 pos-06-03 pos-07-03 dir-right (0)
push-to-nongoal player-01 stone-02 pos-07-03 pos-08-03 pos-09-03 dir-right (1)
move player-01 pos-08-03 pos-08-02 dir-up (0)
move player-01 pos-08-02 pos-09-02 dir-right (0)
move player-01 pos-09-02 pos-10-02 dir-right (0)
move player-01 pos-10-02 pos-10-03 dir-down (0)
push-to-nongoal player-01 stone-02 pos-10-03 pos-09-03 pos-08-03 dir-left (1)
push-to-nongoal player-01 stone-02 pos-09-03 pos-08-03 pos-07-03 dir-left (1)
move player-01 pos-08-03 pos-08-04 dir-down (0)
move player-01 pos-08-04 pos-08-05 dir-down (0)
move player-01 pos-08-05 pos-07-05 dir-left (0)
move player-01 pos-07-05 pos-07-06 dir-down (0)
move player-01 pos-07-06 pos-06-06 dir-left (0)
move player-01 pos-06-06 pos-05-06 dir-left (0)
move player-01 pos-05-06 pos-04-06 dir-left (0)
move player-01 pos-04-06 pos-04-05 dir-up (0)
move player-01 pos-04-05 pos-03-05 dir-left (0)
move player-01 pos-03-05 pos-03-04 dir-up (0)
move player-01 pos-03-04 pos-02-04 dir-left (0)
move player-01 pos-02-04 pos-02-03 dir-up (0)
move player-01 pos-02-03 pos-02-02 dir-up (0)
move player-01 pos-02-02 pos-03-02 dir-right (0)
move player-01 pos-03-02 pos-04-02 dir-right (0)
move player-01 pos-04-02 pos-05-02 dir-right (0)
move player-01 pos-05-02 pos-06-02 dir-right (0)
move player-01 pos-06-02 pos-06-03 dir-down (0)
move player-01 pos-06-03 pos-06-04 dir-down (0)
move player-01 pos-06-04 pos-05-04 dir-left (0)
push-to-nongoal player-01 stone-01 pos-05-04 pos-05-03 pos-05-02 dir-up (1)
move player-01 pos-05-03 pos-04-03 dir-left (0)
move player-01 pos-04-03 pos-04-02 dir-up (0)
move player-01 pos-04-02 pos-03-02 dir-left (0)
move player-01 pos-03-02 pos-02-02 dir-left (0)
move player-01 pos-02-02 pos-02-03 dir-down (0)
move player-01 pos-02-03 pos-02-04 dir-down (0)
move player-01 pos-02-04 pos-03-04 dir-right (0)
move player-01 pos-03-04 pos-03-05 dir-down (0)
move player-01 pos-03-05 pos-04-05 dir-right (0)
move player-01 pos-04-05 pos-04-06 dir-down (0)
move player-01 pos-04-06 pos-05-06 dir-right (0)
move player-01 pos-05-06 pos-06-06 dir-right (0)
move player-01 pos-06-06 pos-07-06 dir-right (0)
move player-01 pos-07-06 pos-07-05 dir-up (0)
move player-01 pos-07-05 pos-08-05 dir-right (0)
move player-01 pos-08-05 pos-08-04 dir-up (0)
move player-01 pos-08-04 pos-08-03 dir-up (0)
push-to-nongoal player-01 stone-02 pos-08-03 pos-07-03 pos-06-03 dir-left (1)
push-to-nongoal player-01 stone-02 pos-07-03 pos-06-03 pos-05-03 dir-left (1)
move player-01 pos-06-03 pos-06-02 dir-up (0)
push-to-goal player-01 stone-01 pos-06-02 pos-05-02 pos-04-02 dir-left (1)
push-to-goal player-01 stone-02 pos-05-02 pos-05-03 pos-05-04 dir-down (1)
move player-01 pos-05-03 pos-06-03 dir-right (0)
move player-01 pos-06-03 pos-07-03 dir-right (0)
move player-01 pos-07-03 pos-08-03 dir-right (0)
move player-01 pos-08-03 pos-08-04 dir-down (0)
move player-01 pos-08-04 pos-08-05 dir-down (0)
move player-01 pos-08-05 pos-08-06 dir-down (0)
move player-01 pos-08-06 pos-09-06 dir-right (0)
move player-01 pos-09-06 pos-10-06 dir-right (0)
move player-01 pos-10-06 pos-10-05 dir-up (0)
push-to-nongoal player-01 stone-03 pos-10-05 pos-09-05 pos-08-05 dir-left (1)
move player-01 pos-09-05 pos-09-06 dir-down (0)
move player-01 pos-09-06 pos-08-06 dir-left (0)
push-to-nongoal player-01 stone-03 pos-08-06 pos-08-05 pos-08-04 dir-up (1)
push-to-nongoal player-01 stone-03 pos-08-05 pos-08-04 pos-08-03 dir-up (1)
move player-01 pos-08-04 pos-08-05 dir-down (0)
move player-01 pos-08-05 pos-09-05 dir-right (0)
move player-01 pos-09-05 pos-09-06 dir-down (0)
move player-01 pos-09-06 pos-10-06 dir-right (0)
move player-01 pos-10-06 pos-11-06 dir-right (0)
move player-01 pos-11-06 pos-12-06 dir-right (0)
move player-01 pos-12-06 pos-12-05 dir-up (0)
push-to-nongoal player-01 stone-04 pos-12-05 pos-11-05 pos-10-05 dir-left (1)
push-to-nongoal player-01 stone-04 pos-11-05 pos-10-05 pos-09-05 dir-left (1)
move player-01 pos-10-05 pos-10-06 dir-down (0)
move player-01 pos-10-06 pos-09-06 dir-left (0)
move player-01 pos-09-06 pos-08-06 dir-left (0)
move player-01 pos-08-06 pos-07-06 dir-left (0)
move player-01 pos-07-06 pos-06-06 dir-left (0)
move player-01 pos-06-06 pos-05-06 dir-left (0)
move player-01 pos-05-06 pos-04-06 dir-left (0)
move player-01 pos-04-06 pos-04-05 dir-up (0)
move player-01 pos-04-05 pos-03-05 dir-left (0)
move player-01 pos-03-05 pos-03-04 dir-up (0)
move player-01 pos-03-04 pos-02-04 dir-left (0)
move player-01 pos-02-04 pos-02-03 dir-up (0)
move player-01 pos-02-03 pos-02-02 dir-up (0)
move player-01 pos-02-02 pos-03-02 dir-right (0)
push-to-nongoal player-01 stone-01 pos-03-02 pos-04-02 pos-05-02 dir-right (1)
move player-01 pos-04-02 pos-04-03 dir-down (0)
move player-01 pos-04-03 pos-05-03 dir-right (0)
move player-01 pos-05-03 pos-06-03 dir-right (0)
move player-01 pos-06-03 pos-07-03 dir-right (0)
push-to-nongoal player-01 stone-03 pos-07-03 pos-08-03 pos-09-03 dir-right (1)
move player-01 pos-08-03 pos-07-03 dir-left (0)
move player-01 pos-07-03 pos-06-03 dir-left (0)
move player-01 pos-06-03 pos-06-02 dir-up (0)
push-to-goal player-01 stone-01 pos-06-02 pos-05-02 pos-04-02 dir-left (1)
move player-01 pos-05-02 pos-05-03 dir-down (0)
move player-01 pos-05-03 pos-06-03 dir-right (0)
move player-01 pos-06-03 pos-07-03 dir-right (0)
move player-01 pos-07-03 pos-08-03 dir-right (0)
move player-01 pos-08-03 pos-08-02 dir-up (0)
move player-01 pos-08-02 pos-09-02 dir-right (0)
move player-01 pos-09-02 pos-10-02 dir-right (0)
move player-01 pos-10-02 pos-10-03 dir-down (0)
push-to-nongoal player-01 stone-03 pos-10-03 pos-09-03 pos-08-03 dir-left (1)
push-to-nongoal player-01 stone-03 pos-09-03 pos-08-03 pos-07-03 dir-left (1)
push-to-nongoal player-01 stone-03 pos-08-03 pos-07-03 pos-06-03 dir-left (1)
push-to-nongoal player-01 stone-03 pos-07-03 pos-06-03 pos-05-03 dir-left (1)
move player-01 pos-06-03 pos-06-02 dir-up (0)
move player-01 pos-06-02 pos-05-02 dir-left (0)
push-to-nongoal player-01 stone-01 pos-05-02 pos-04-02 pos-03-02 dir-left (1)
move player-01 pos-04-02 pos-04-03 dir-down (0)
push-to-nongoal player-01 stone-03 pos-04-03 pos-05-03 pos-06-03 dir-right (1)
move player-01 pos-05-03 pos-05-02 dir-up (0)
move player-01 pos-05-02 pos-06-02 dir-right (0)
push-to-goal player-01 stone-03 pos-06-02 pos-06-03 pos-06-04 dir-down (1)
move player-01 pos-06-03 pos-07-03 dir-right (0)
move player-01 pos-07-03 pos-08-03 dir-right (0)
move player-01 pos-08-03 pos-08-04 dir-down (0)
move player-01 pos-08-04 pos-08-05 dir-down (0)
move player-01 pos-08-05 pos-08-06 dir-down (0)
move player-01 pos-08-06 pos-09-06 dir-right (0)
move player-01 pos-09-06 pos-10-06 dir-right (0)
move player-01 pos-10-06 pos-10-05 dir-up (0)
push-to-nongoal player-01 stone-04 pos-10-05 pos-09-05 pos-08-05 dir-left (1)
move player-01 pos-09-05 pos-09-06 dir-down (0)
move player-01 pos-09-06 pos-08-06 dir-left (0)
push-to-nongoal player-01 stone-04 pos-08-06 pos-08-05 pos-08-04 dir-up (1)
move player-01 pos-08-05 pos-07-05 dir-left (0)
move player-01 pos-07-05 pos-07-06 dir-down (0)
move player-01 pos-07-06 pos-06-06 dir-left (0)
move player-01 pos-06-06 pos-05-06 dir-left (0)
move player-01 pos-05-06 pos-04-06 dir-left (0)
move player-01 pos-04-06 pos-04-05 dir-up (0)
move player-01 pos-04-05 pos-03-05 dir-left (0)
move player-01 pos-03-05 pos-03-04 dir-up (0)
move player-01 pos-03-04 pos-02-04 dir-left (0)
move player-01 pos-02-04 pos-02-03 dir-up (0)
move player-01 pos-02-03 pos-02-02 dir-up (0)
push-to-goal player-01 stone-01 pos-02-02 pos-03-02 pos-04-02 dir-right (1)
move player-01 pos-03-02 pos-02-02 dir-left (0)
move player-01 pos-02-02 pos-02-03 dir-down (0)
move player-01 pos-02-03 pos-02-04 dir-down (0)
move player-01 pos-02-04 pos-03-04 dir-right (0)
move player-01 pos-03-04 pos-03-05 dir-down (0)
move player-01 pos-03-05 pos-04-05 dir-right (0)
move player-01 pos-04-05 pos-04-06 dir-down (0)
move player-01 pos-04-06 pos-05-06 dir-right (0)
move player-01 pos-05-06 pos-06-06 dir-right (0)
move player-01 pos-06-06 pos-07-06 dir-right (0)
move player-01 pos-07-06 pos-07-05 dir-up (0)
move player-01 pos-07-05 pos-08-05 dir-right (0)
push-to-nongoal player-01 stone-04 pos-08-05 pos-08-04 pos-08-03 dir-up (1)
move player-01 pos-08-04 pos-08-05 dir-down (0)
move player-01 pos-08-05 pos-07-05 dir-left (0)
move player-01 pos-07-05 pos-07-06 dir-down (0)
move player-01 pos-07-06 pos-06-06 dir-left (0)
move player-01 pos-06-06 pos-05-06 dir-left (0)
move player-01 pos-05-06 pos-04-06 dir-left (0)
move player-01 pos-04-06 pos-04-05 dir-up (0)
move player-01 pos-04-05 pos-03-05 dir-left (0)
move player-01 pos-03-05 pos-03-04 dir-up (0)
move player-01 pos-03-04 pos-02-04 dir-left (0)
move player-01 pos-02-04 pos-02-03 dir-up (0)
move player-01 pos-02-03 pos-02-02 dir-up (0)
move player-01 pos-02-02 pos-03-02 dir-right (0)
push-to-nongoal player-01 stone-01 pos-03-02 pos-04-02 pos-05-02 dir-right (1)
move player-01 pos-04-02 pos-04-03 dir-down (0)
move player-01 pos-04-03 pos-05-03 dir-right (0)
move player-01 pos-05-03 pos-06-03 dir-right (0)
move player-01 pos-06-03 pos-06-02 dir-up (0)
push-to-goal player-01 stone-01 pos-06-02 pos-05-02 pos-04-02 dir-left (1)
move player-01 pos-05-02 pos-05-03 dir-down (0)
move player-01 pos-05-03 pos-06-03 dir-right (0)
move player-01 pos-06-03 pos-07-03 dir-right (0)
push-to-nongoal player-01 stone-04 pos-07-03 pos-08-03 pos-09-03 dir-right (1)
move player-01 pos-08-03 pos-08-02 dir-up (0)
move player-01 pos-08-02 pos-09-02 dir-right (0)
move player-01 pos-09-02 pos-10-02 dir-right (0)
move player-01 pos-10-02 pos-10-03 dir-down (0)
push-to-nongoal player-01 stone-04 pos-10-03 pos-09-03 pos-08-03 dir-left (1)
push-to-nongoal player-01 stone-04 pos-09-03 pos-08-03 pos-07-03 dir-left (1)
push-to-nongoal player-01 stone-04 pos-08-03 pos-07-03 pos-06-03 dir-left (1)
push-to-nongoal player-01 stone-04 pos-07-03 pos-06-03 pos-05-03 dir-left (1)
push-to-goal player-01 stone-04 pos-06-03 pos-05-03 pos-04-03 dir-left (1)
[t=3.53797s, 13592 KB] Plan length: 310 step(s).
[t=3.53801s, 13592 KB] Plan cost: 53
[t=3.53804s, 13592 KB] Solution Timestep: 1681965256655 millisecond(s).
[t=3.53806s, 13592 KB] Timestamp: 1681965256655 millisecond(s).
[t=3.53808s, 13592 KB] Expanded 70040 state(s).
[t=3.53811s, 13592 KB] Reopened 22205 state(s).
[t=3.53813s, 13592 KB] Evaluated 71875 state(s).
[t=3.53815s, 13592 KB] Evaluations: 49670
[t=3.53817s, 13592 KB] Generated 173321 state(s).
[t=3.5382s, 13592 KB] Dead ends: 1834 state(s).
[t=3.53822s, 13592 KB] Number of registered states: 49670
[t=3.53824s, 13592 KB] Int hash set load factor: 49670/65536 = 0.757904
[t=3.53827s, 13592 KB] Int hash set resizes: 16
[t=3.53829s, 13592 KB] Best solution cost so far: 53
[t=3.53831s, 13592 KB] Solution found - keep searching
[t=3.53834s, 13592 KB] Building successor generator...done!
[t=3.53862s, 13592 KB] peak memory difference for successor generator creation: 0 KB
[t=3.53866s, 13592 KB] time for successor generation creation: 0s
[t=3.53868s, 13592 KB] Variables: 51
[t=3.53871s, 13592 KB] FactPairs: 274
[t=3.53874s, 13592 KB] Bytes per state: 12
[t=3.53876s, 13592 KB] Starting search: lazy_wastar([h],w=4)
[t=3.53879s, 13592 KB] Conducting lazy best first search, (real) bound = 53
[t=3.53881s, 13592 KB] Start Timestep: 1681965256656 millisecond(s).
[t=3.53884s, 13592 KB] New best heuristic value for lmcut(): 28
[t=3.53907s, 13592 KB] g=0, 1 evaluated, 0 expanded
[t=3.53909s, 13592 KB] Initial heuristic value for lmcut(): 28
[t=3.5422s, 13592 KB] New best heuristic value for lmcut(): 27
[t=3.54418s, 13592 KB] g=1, 31 evaluated, 29 expanded
[t=3.54421s, 13592 KB] New best heuristic value for lmcut(): 26
[t=3.54475s, 13592 KB] g=2, 35 evaluated, 32 expanded
[t=3.54616s, 13592 KB] New best heuristic value for lmcut(): 25
[t=3.54662s, 13592 KB] g=2, 48 evaluated, 43 expanded
[t=3.55013s, 13592 KB] New best heuristic value for lmcut(): 23
[t=3.55199s, 13592 KB] g=4, 86 evaluated, 77 expanded
[t=3.55411s, 13592 KB] New best heuristic value for lmcut(): 22
[t=3.55419s, 13592 KB] g=5, 102 evaluated, 91 expanded
[t=3.56606s, 13592 KB] New best heuristic value for lmcut(): 21
[t=3.5694s, 13592 KB] g=8, 210 evaluated, 191 expanded
[t=3.56943s, 13592 KB] New best heuristic value for lmcut(): 20
[t=3.56988s, 13592 KB] g=9, 213 evaluated, 194 expanded
[t=3.56999s, 13592 KB] New best heuristic value for lmcut(): 19
[t=3.57035s, 13592 KB] g=10, 216 evaluated, 197 expanded
[t=3.58197s, 13592 KB] New best heuristic value for lmcut(): 18
[t=3.58377s, 13592 KB] g=15, 327 evaluated, 300 expanded, 1 reopened
[t=3.5838s, 13592 KB] New best heuristic value for lmcut(): 17
[t=3.58393s, 13592 KB] g=16, 328 evaluated, 301 expanded, 1 reopened
[t=3.61392s, 13592 KB] New best heuristic value for lmcut(): 16
[t=3.61506s, 13592 KB] g=19, 641 evaluated, 592 expanded, 1 reopened
[t=3.61509s, 13592 KB] New best heuristic value for lmcut(): 15
[t=3.61731s, 13592 KB] g=20, 665 evaluated, 616 expanded, 1 reopened
[t=3.61787s, 13592 KB] New best heuristic value for lmcut(): 14
[t=3.6189s, 13592 KB] g=21, 683 evaluated, 633 expanded, 1 reopened
[t=3.62585s, 13592 KB] New best heuristic value for lmcut(): 13
[t=3.6266s, 13592 KB] g=24, 774 evaluated, 723 expanded, 1 reopened
[t=3.63382s, 13592 KB] New best heuristic value for lmcut(): 12
[t=3.63476s, 13592 KB] g=24, 875 evaluated, 820 expanded, 1 reopened
[t=3.63779s, 13592 KB] New best heuristic value for lmcut(): 11
[t=3.63929s, 13592 KB] g=28, 935 evaluated, 877 expanded, 1 reopened
[t=3.63932s, 13592 KB] New best heuristic value for lmcut(): 10
[t=3.64003s, 13592 KB] g=29, 946 evaluated, 888 expanded, 1 reopened
[t=3.64006s, 13592 KB] New best heuristic value for lmcut(): 9
[t=3.64153s, 13592 KB] g=30, 976 evaluated, 918 expanded, 1 reopened
[t=3.64173s, 13592 KB] New best heuristic value for lmcut(): 8
[t=3.6423s, 13592 KB] g=31, 992 evaluated, 933 expanded, 1 reopened
[t=3.64233s, 13592 KB] New best heuristic value for lmcut(): 7
[t=3.64515s, 13592 KB] g=34, 1059 evaluated, 998 expanded, 1 reopened
[t=3.64518s, 13592 KB] New best heuristic value for lmcut(): 6
[t=3.64534s, 13592 KB] g=35, 1062 evaluated, 1001 expanded, 1 reopened
[t=3.65366s, 13592 KB] New best heuristic value for lmcut(): 5
[t=3.65644s, 13592 KB] g=36, 1373 evaluated, 1301 expanded, 61 reopened
[t=3.65647s, 13592 KB] New best heuristic value for lmcut(): 4
[t=3.65716s, 13592 KB] g=36, 1393 evaluated, 1321 expanded, 61 reopened
[t=3.71761s, 13592 KB] New best heuristic value for lmcut(): 3
[t=3.71964s, 13592 KB] g=41, 3005 evaluated, 2880 expanded, 321 reopened
[t=6.89932s, 13592 KB] New best heuristic value for lmcut(): 2
[t=6.90298s, 13592 KB] g=51, 66795 evaluated, 65036 expanded, 19063 reopened
[t=6.90301s, 13592 KB] New best heuristic value for lmcut(): 1
[t=6.90306s, 13592 KB] g=52, 66796 evaluated, 65037 expanded, 19063 reopened
[t=8.24652s, 14788 KB] Solution found!
[t=8.24884s, 14788 KB] Actual search time: 4.71s
move player-01 pos-07-03 pos-06-03 dir-left (0)
move player-01 pos-06-03 pos-05-03 dir-left (0)
move player-01 pos-05-03 pos-04-03 dir-left (0)
move player-01 pos-04-03 pos-04-02 dir-up (0)
move player-01 pos-04-02 pos-03-02 dir-left (0)
move player-01 pos-03-02 pos-02-02 dir-left (0)
move player-01 pos-02-02 pos-02-03 dir-down (0)
move player-01 pos-02-03 pos-02-04 dir-down (0)
move player-01 pos-02-04 pos-03-04 dir-right (0)
move player-01 pos-03-04 pos-03-05 dir-down (0)
move player-01 pos-03-05 pos-04-05 dir-right (0)
move player-01 pos-04-05 pos-04-06 dir-down (0)
move player-01 pos-04-06 pos-05-06 dir-right (0)
move player-01 pos-05-06 pos-06-06 dir-right (0)
move player-01 pos-06-06 pos-07-06 dir-right (0)
move player-01 pos-07-06 pos-08-06 dir-right (0)
push-to-nongoal player-01 stone-01 pos-08-06 pos-08-05 pos-08-04 dir-up (1)
push-to-nongoal player-01 stone-01 pos-08-05 pos-08-04 pos-08-03 dir-up (1)
move player-01 pos-08-04 pos-08-05 dir-down (0)
move player-01 pos-08-05 pos-08-06 dir-down (0)
move player-01 pos-08-06 pos-09-06 dir-right (0)
move player-01 pos-09-06 pos-10-06 dir-right (0)
move player-01 pos-10-06 pos-10-05 dir-up (0)
push-to-nongoal player-01 stone-02 pos-10-05 pos-09-05 pos-08-05 dir-left (1)
move player-01 pos-09-05 pos-09-06 dir-down (0)
move player-01 pos-09-06 pos-10-06 dir-right (0)
move player-01 pos-10-06 pos-11-06 dir-right (0)
move player-01 pos-11-06 pos-12-06 dir-right (0)
move player-01 pos-12-06 pos-12-05 dir-up (0)
push-to-nongoal player-01 stone-03 pos-12-05 pos-11-05 pos-10-05 dir-left (1)
move player-01 pos-11-05 pos-11-06 dir-down (0)
move player-01 pos-11-06 pos-10-06 dir-left (0)
move player-01 pos-10-06 pos-09-06 dir-left (0)
move player-01 pos-09-06 pos-08-06 dir-left (0)
push-to-nongoal player-01 stone-02 pos-08-06 pos-08-05 pos-08-04 dir-up (1)
move player-01 pos-08-05 pos-09-05 dir-right (0)
move player-01 pos-09-05 pos-09-06 dir-down (0)
move player-01 pos-09-06 pos-10-06 dir-right (0)
move player-01 pos-10-06 pos-11-06 dir-right (0)
move player-01 pos-11-06 pos-11-05 dir-up (0)
push-to-nongoal player-01 stone-03 pos-11-05 pos-10-05 pos-09-05 dir-left (1)
push-to-nongoal player-01 stone-03 pos-10-05 pos-09-05 pos-08-05 dir-left (1)
move player-01 pos-09-05 pos-09-06 dir-down (0)
move player-01 pos-09-06 pos-10-06 dir-right (0)
move player-01 pos-10-06 pos-11-06 dir-right (0)
move player-01 pos-11-06 pos-12-06 dir-right (0)
move player-01 pos-12-06 pos-13-06 dir-right (0)
move player-01 pos-13-06 pos-14-06 dir-right (0)
move player-01 pos-14-06 pos-14-05 dir-up (0)
push-to-nongoal player-01 stone-04 pos-14-05 pos-13-05 pos-12-05 dir-left (1)
push-to-nongoal player-01 stone-04 pos-13-05 pos-12-05 pos-11-05 dir-left (1)
move player-01 pos-12-05 pos-12-06 dir-down (0)
move player-01 pos-12-06 pos-11-06 dir-left (0)
move player-01 pos-11-06 pos-10-06 dir-left (0)
move player-01 pos-10-06 pos-09-06 dir-left (0)
move player-01 pos-09-06 pos-08-06 dir-left (0)
move player-01 pos-08-06 pos-07-06 dir-left (0)
move player-01 pos-07-06 pos-06-06 dir-left (0)
move player-01 pos-06-06 pos-05-06 dir-left (0)
move player-01 pos-05-06 pos-04-06 dir-left (0)
move player-01 pos-04-06 pos-04-05 dir-up (0)
move player-01 pos-04-05 pos-03-05 dir-left (0)
move player-01 pos-03-05 pos-03-04 dir-up (0)
move player-01 pos-03-04 pos-02-04 dir-left (0)
move player-01 pos-02-04 pos-02-03 dir-up (0)
move player-01 pos-02-03 pos-02-02 dir-up (0)
move player-01 pos-02-02 pos-03-02 dir-right (0)
move player-01 pos-03-02 pos-04-02 dir-right (0)
move player-01 pos-04-02 pos-04-03 dir-down (0)
move player-01 pos-04-03 pos-05-03 dir-right (0)
move player-01 pos-05-03 pos-06-03 dir-right (0)
move player-01 pos-06-03 pos-07-03 dir-right (0)
push-to-nongoal player-01 stone-01 pos-07-03 pos-08-03 pos-09-03 dir-right (1)
move player-01 pos-08-03 pos-08-02 dir-up (0)
move player-01 pos-08-02 pos-09-02 dir-right (0)
move player-01 pos-09-02 pos-10-02 dir-right (0)
move player-01 pos-10-02 pos-10-03 dir-down (0)
push-to-nongoal player-01 stone-01 pos-10-03 pos-09-03 pos-08-03 dir-left (1)
push-to-nongoal player-01 stone-01 pos-09-03 pos-08-03 pos-07-03 dir-left (1)
push-to-nongoal player-01 stone-01 pos-08-03 pos-07-03 pos-06-03 dir-left (1)
push-to-nongoal player-01 stone-01 pos-07-03 pos-06-03 pos-05-03 dir-left (1)
move player-01 pos-06-03 pos-06-02 dir-up (0)
move player-01 pos-06-02 pos-05-02 dir-left (0)
move player-01 pos-05-02 pos-04-02 dir-left (0)
move player-01 pos-04-02 pos-03-02 dir-left (0)
move player-01 pos-03-02 pos-02-02 dir-left (0)
move player-01 pos-02-02 pos-02-03 dir-down (0)
move player-01 pos-02-03 pos-02-04 dir-down (0)
move player-01 pos-02-04 pos-03-04 dir-right (0)
move player-01 pos-03-04 pos-03-05 dir-down (0)
move player-01 pos-03-05 pos-04-05 dir-right (0)
move player-01 pos-04-05 pos-04-06 dir-down (0)
move player-01 pos-04-06 pos-05-06 dir-right (0)
move player-01 pos-05-06 pos-06-06 dir-right (0)
move player-01 pos-06-06 pos-07-06 dir-right (0)
move player-01 pos-07-06 pos-07-05 dir-up (0)
push-to-nongoal player-01 stone-03 pos-07-05 pos-08-05 pos-09-05 dir-right (1)
push-to-nongoal player-01 stone-02 pos-08-05 pos-08-04 pos-08-03 dir-up (1)
move player-01 pos-08-04 pos-08-05 dir-down (0)
move player-01 pos-08-05 pos-07-05 dir-left (0)
move player-01 pos-07-05 pos-07-06 dir-down (0)
move player-01 pos-07-06 pos-06-06 dir-left (0)
move player-01 pos-06-06 pos-05-06 dir-left (0)
move player-01 pos-05-06 pos-04-06 dir-left (0)
move player-01 pos-04-06 pos-04-05 dir-up (0)
move player-01 pos-04-05 pos-03-05 dir-left (0)
move player-01 pos-03-05 pos-03-04 dir-up (0)
move player-01 pos-03-04 pos-02-04 dir-left (0)
move player-01 pos-02-04 pos-02-03 dir-up (0)
move player-01 pos-02-03 pos-02-02 dir-up (0)
move player-01 pos-02-02 pos-03-02 dir-right (0)
move player-01 pos-03-02 pos-04-02 dir-right (0)
move player-01 pos-04-02 pos-05-02 dir-right (0)
move player-01 pos-05-02 pos-06-02 dir-right (0)
move player-01 pos-06-02 pos-06-03 dir-down (0)
move player-01 pos-06-03 pos-07-03 dir-right (0)
push-to-nongoal player-01 stone-02 pos-07-03 pos-08-03 pos-09-03 dir-right (1)
move player-01 pos-08-03 pos-08-02 dir-up (0)
move player-01 pos-08-02 pos-09-02 dir-right (0)
move player-01 pos-09-02 pos-10-02 dir-right (0)
move player-01 pos-10-02 pos-10-03 dir-down (0)
push-to-nongoal player-01 stone-02 pos-10-03 pos-09-03 pos-08-03 dir-left (1)
push-to-nongoal player-01 stone-02 pos-09-03 pos-08-03 pos-07-03 dir-left (1)
move player-01 pos-08-03 pos-08-04 dir-down (0)
move player-01 pos-08-04 pos-08-05 dir-down (0)
move player-01 pos-08-05 pos-07-05 dir-left (0)
move player-01 pos-07-05 pos-07-06 dir-down (0)
move player-01 pos-07-06 pos-06-06 dir-left (0)
move player-01 pos-06-06 pos-05-06 dir-left (0)
move player-01 pos-05-06 pos-04-06 dir-left (0)
move player-01 pos-04-06 pos-04-05 dir-up (0)
move player-01 pos-04-05 pos-03-05 dir-left (0)
move player-01 pos-03-05 pos-03-04 dir-up (0)
move player-01 pos-03-04 pos-02-04 dir-left (0)
move player-01 pos-02-04 pos-02-03 dir-up (0)
move player-01 pos-02-03 pos-02-02 dir-up (0)
move player-01 pos-02-02 pos-03-02 dir-right (0)
move player-01 pos-03-02 pos-04-02 dir-right (0)
move player-01 pos-04-02 pos-05-02 dir-right (0)
move player-01 pos-05-02 pos-06-02 dir-right (0)
move player-01 pos-06-02 pos-06-03 dir-down (0)
move player-01 pos-06-03 pos-06-04 dir-down (0)
move player-01 pos-06-04 pos-05-04 dir-left (0)
push-to-nongoal player-01 stone-01 pos-05-04 pos-05-03 pos-05-02 dir-up (1)
move player-01 pos-05-03 pos-04-03 dir-left (0)
move player-01 pos-04-03 pos-04-02 dir-up (0)
move player-01 pos-04-02 pos-03-02 dir-left (0)
move player-01 pos-03-02 pos-02-02 dir-left (0)
move player-01 pos-02-02 pos-02-03 dir-down (0)
move player-01 pos-02-03 pos-02-04 dir-down (0)
move player-01 pos-02-04 pos-03-04 dir-right (0)
move player-01 pos-03-04 pos-03-05 dir-down (0)
move player-01 pos-03-05 pos-04-05 dir-right (0)
move player-01 pos-04-05 pos-04-06 dir-down (0)
move player-01 pos-04-06 pos-05-06 dir-right (0)
move player-01 pos-05-06 pos-06-06 dir-right (0)
move player-01 pos-06-06 pos-07-06 dir-right (0)
move player-01 pos-07-06 pos-07-05 dir-up (0)
move player-01 pos-07-05 pos-08-05 dir-right (0)
move player-01 pos-08-05 pos-08-04 dir-up (0)
move player-01 pos-08-04 pos-08-03 dir-up (0)
push-to-nongoal player-01 stone-02 pos-08-03 pos-07-03 pos-06-03 dir-left (1)
push-to-nongoal player-01 stone-02 pos-07-03 pos-06-03 pos-05-03 dir-left (1)
move player-01 pos-06-03 pos-06-02 dir-up (0)
push-to-goal player-01 stone-01 pos-06-02 pos-05-02 pos-04-02 dir-left (1)
push-to-goal player-01 stone-02 pos-05-02 pos-05-03 pos-05-04 dir-down (1)
move player-01 pos-05-03 pos-06-03 dir-right (0)
move player-01 pos-06-03 pos-07-03 dir-right (0)
move player-01 pos-07-03 pos-08-03 dir-right (0)
move player-01 pos-08-03 pos-08-04 dir-down (0)
move player-01 pos-08-04 pos-08-05 dir-down (0)
move player-01 pos-08-05 pos-08-06 dir-down (0)
move player-01 pos-08-06 pos-09-06 dir-right (0)
move player-01 pos-09-06 pos-10-06 dir-right (0)
move player-01 pos-10-06 pos-10-05 dir-up (0)
push-to-nongoal player-01 stone-03 pos-10-05 pos-09-05 pos-08-05 dir-left (1)
move player-01 pos-09-05 pos-09-06 dir-down (0)
move player-01 pos-09-06 pos-08-06 dir-left (0)
push-to-nongoal player-01 stone-03 pos-08-06 pos-08-05 pos-08-04 dir-up (1)
push-to-nongoal player-01 stone-03 pos-08-05 pos-08-04 pos-08-03 dir-up (1)
move player-01 pos-08-04 pos-08-05 dir-down (0)
move player-01 pos-08-05 pos-09-05 dir-right (0)
move player-01 pos-09-05 pos-09-06 dir-down (0)
move player-01 pos-09-06 pos-10-06 dir-right (0)
move player-01 pos-10-06 pos-11-06 dir-right (0)
move player-01 pos-11-06 pos-12-06 dir-right (0)
move player-01 pos-12-06 pos-12-05 dir-up (0)
push-to-nongoal player-01 stone-04 pos-12-05 pos-11-05 pos-10-05 dir-left (1)
push-to-nongoal player-01 stone-04 pos-11-05 pos-10-05 pos-09-05 dir-left (1)
move player-01 pos-10-05 pos-10-06 dir-down (0)
move player-01 pos-10-06 pos-09-06 dir-left (0)
move player-01 pos-09-06 pos-08-06 dir-left (0)
move player-01 pos-08-06 pos-07-06 dir-left (0)
move player-01 pos-07-06 pos-06-06 dir-left (0)
move player-01 pos-06-06 pos-05-06 dir-left (0)
move player-01 pos-05-06 pos-04-06 dir-left (0)
move player-01 pos-04-06 pos-04-05 dir-up (0)
move player-01 pos-04-05 pos-03-05 dir-left (0)
move player-01 pos-03-05 pos-03-04 dir-up (0)
move player-01 pos-03-04 pos-02-04 dir-left (0)
move player-01 pos-02-04 pos-02-03 dir-up (0)
move player-01 pos-02-03 pos-02-02 dir-up (0)
move player-01 pos-02-02 pos-03-02 dir-right (0)
push-to-nongoal player-01 stone-01 pos-03-02 pos-04-02 pos-05-02 dir-right (1)
move player-01 pos-04-02 pos-04-03 dir-down (0)
move player-01 pos-04-03 pos-05-03 dir-right (0)
move player-01 pos-05-03 pos-06-03 dir-right (0)
move player-01 pos-06-03 pos-07-03 dir-right (0)
push-to-nongoal player-01 stone-03 pos-07-03 pos-08-03 pos-09-03 dir-right (1)
move player-01 pos-08-03 pos-07-03 dir-left (0)
move player-01 pos-07-03 pos-06-03 dir-left (0)
move player-01 pos-06-03 pos-06-02 dir-up (0)
push-to-goal player-01 stone-01 pos-06-02 pos-05-02 pos-04-02 dir-left (1)
move player-01 pos-05-02 pos-05-03 dir-down (0)
move player-01 pos-05-03 pos-06-03 dir-right (0)
move player-01 pos-06-03 pos-07-03 dir-right (0)
move player-01 pos-07-03 pos-08-03 dir-right (0)
move player-01 pos-08-03 pos-08-02 dir-up (0)
move player-01 pos-08-02 pos-09-02 dir-right (0)
move player-01 pos-09-02 pos-10-02 dir-right (0)
move player-01 pos-10-02 pos-10-03 dir-down (0)
push-to-nongoal player-01 stone-03 pos-10-03 pos-09-03 pos-08-03 dir-left (1)
push-to-nongoal player-01 stone-03 pos-09-03 pos-08-03 pos-07-03 dir-left (1)
push-to-nongoal player-01 stone-03 pos-08-03 pos-07-03 pos-06-03 dir-left (1)
push-to-nongoal player-01 stone-03 pos-07-03 pos-06-03 pos-05-03 dir-left (1)
move player-01 pos-06-03 pos-06-02 dir-up (0)
move player-01 pos-06-02 pos-05-02 dir-left (0)
push-to-nongoal player-01 stone-01 pos-05-02 pos-04-02 pos-03-02 dir-left (1)
move player-01 pos-04-02 pos-04-03 dir-down (0)
push-to-nongoal player-01 stone-03 pos-04-03 pos-05-03 pos-06-03 dir-right (1)
move player-01 pos-05-03 pos-05-02 dir-up (0)
move player-01 pos-05-02 pos-06-02 dir-right (0)
push-to-goal player-01 stone-03 pos-06-02 pos-06-03 pos-06-04 dir-down (1)
move player-01 pos-06-03 pos-07-03 dir-right (0)
move player-01 pos-07-03 pos-08-03 dir-right (0)
move player-01 pos-08-03 pos-08-04 dir-down (0)
move player-01 pos-08-04 pos-08-05 dir-down (0)
move player-01 pos-08-05 pos-08-06 dir-down (0)
move player-01 pos-08-06 pos-09-06 dir-right (0)
move player-01 pos-09-06 pos-10-06 dir-right (0)
move player-01 pos-10-06 pos-10-05 dir-up (0)
push-to-nongoal player-01 stone-04 pos-10-05 pos-09-05 pos-08-05 dir-left (1)
move player-01 pos-09-05 pos-09-06 dir-down (0)
move player-01 pos-09-06 pos-08-06 dir-left (0)
push-to-nongoal player-01 stone-04 pos-08-06 pos-08-05 pos-08-04 dir-up (1)
move player-01 pos-08-05 pos-07-05 dir-left (0)
move player-01 pos-07-05 pos-07-06 dir-down (0)
move player-01 pos-07-06 pos-06-06 dir-left (0)
move player-01 pos-06-06 pos-05-06 dir-left (0)
move player-01 pos-05-06 pos-04-06 dir-left (0)
move player-01 pos-04-06 pos-04-05 dir-up (0)
move player-01 pos-04-05 pos-03-05 dir-left (0)
move player-01 pos-03-05 pos-03-04 dir-up (0)
move player-01 pos-03-04 pos-02-04 dir-left (0)
move player-01 pos-02-04 pos-02-03 dir-up (0)
move player-01 pos-02-03 pos-02-02 dir-up (0)
push-to-goal player-01 stone-01 pos-02-02 pos-03-02 pos-04-02 dir-right (1)
move player-01 pos-03-02 pos-02-02 dir-left (0)
move player-01 pos-02-02 pos-02-03 dir-down (0)
move player-01 pos-02-03 pos-02-04 dir-down (0)
move player-01 pos-02-04 pos-03-04 dir-right (0)
move player-01 pos-03-04 pos-03-05 dir-down (0)
move player-01 pos-03-05 pos-04-05 dir-right (0)
move player-01 pos-04-05 pos-04-06 dir-down (0)
move player-01 pos-04-06 pos-05-06 dir-right (0)
move player-01 pos-05-06 pos-06-06 dir-right (0)
move player-01 pos-06-06 pos-07-06 dir-right (0)
move player-01 pos-07-06 pos-07-05 dir-up (0)
move player-01 pos-07-05 pos-08-05 dir-right (0)
push-to-nongoal player-01 stone-04 pos-08-05 pos-08-04 pos-08-03 dir-up (1)
move player-01 pos-08-04 pos-08-05 dir-down (0)
move player-01 pos-08-05 pos-07-05 dir-left (0)
move player-01 pos-07-05 pos-07-06 dir-down (0)
move player-01 pos-07-06 pos-06-06 dir-left (0)
move player-01 pos-06-06 pos-05-06 dir-left (0)
move player-01 pos-05-06 pos-04-06 dir-left (0)
move player-01 pos-04-06 pos-04-05 dir-up (0)
move player-01 pos-04-05 pos-03-05 dir-left (0)
move player-01 pos-03-05 pos-03-04 dir-up (0)
move player-01 pos-03-04 pos-02-04 dir-left (0)
move player-01 pos-02-04 pos-02-03 dir-up (0)
move player-01 pos-02-03 pos-02-02 dir-up (0)
move player-01 pos-02-02 pos-03-02 dir-right (0)
push-to-nongoal player-01 stone-01 pos-03-02 pos-04-02 pos-05-02 dir-right (1)
move player-01 pos-04-02 pos-04-03 dir-down (0)
move player-01 pos-04-03 pos-05-03 dir-right (0)
move player-01 pos-05-03 pos-06-03 dir-right (0)
move player-01 pos-06-03 pos-06-02 dir-up (0)
push-to-goal player-01 stone-01 pos-06-02 pos-05-02 pos-04-02 dir-left (1)
move player-01 pos-05-02 pos-05-03 dir-down (0)
move player-01 pos-05-03 pos-06-03 dir-right (0)
move player-01 pos-06-03 pos-07-03 dir-right (0)
push-to-nongoal player-01 stone-04 pos-07-03 pos-08-03 pos-09-03 dir-right (1)
move player-01 pos-08-03 pos-08-02 dir-up (0)
move player-01 pos-08-02 pos-09-02 dir-right (0)
move player-01 pos-09-02 pos-10-02 dir-right (0)
move player-01 pos-10-02 pos-10-03 dir-down (0)
push-to-nongoal player-01 stone-04 pos-10-03 pos-09-03 pos-08-03 dir-left (1)
push-to-nongoal player-01 stone-04 pos-09-03 pos-08-03 pos-07-03 dir-left (1)
push-to-nongoal player-01 stone-04 pos-08-03 pos-07-03 pos-06-03 dir-left (1)
push-to-nongoal player-01 stone-04 pos-07-03 pos-06-03 pos-05-03 dir-left (1)
push-to-goal player-01 stone-04 pos-06-03 pos-05-03 pos-04-03 dir-left (1)
[t=8.25084s, 14788 KB] Plan length: 302 step(s).
[t=8.25088s, 14788 KB] Plan cost: 51
[t=8.25091s, 14788 KB] Solution Timestep: 1681965261374 millisecond(s).
[t=8.25093s, 14788 KB] Timestamp: 1681965261374 millisecond(s).
[t=8.25096s, 14788 KB] Expanded 126887 state(s).
[t=8.25098s, 14788 KB] Reopened 66607 state(s).
[t=8.251s, 14788 KB] Evaluated 129272 state(s).
[t=8.25103s, 14788 KB] Evaluations: 62665
[t=8.25105s, 14788 KB] Generated 313792 state(s).
[t=8.25107s, 14788 KB] Dead ends: 2384 state(s).
[t=8.25109s, 14788 KB] Number of registered states: 62665
[t=8.25111s, 14788 KB] Int hash set load factor: 62665/131072 = 0.478096
[t=8.25114s, 14788 KB] Int hash set resizes: 17
[t=8.25116s, 14788 KB] Best solution cost so far: 51
[t=8.25118s, 14788 KB] Solution found - keep searching
[t=8.25121s, 14788 KB] Building successor generator...done!
[t=8.25155s, 14788 KB] peak memory difference for successor generator creation: 0 KB
[t=8.25159s, 14788 KB] time for successor generation creation: 0s
[t=8.25161s, 14788 KB] Variables: 51
[t=8.25164s, 14788 KB] FactPairs: 274
[t=8.25166s, 14788 KB] Bytes per state: 12
[t=8.25168s, 14788 KB] Starting search: lazy_wastar([h],w=3)
[t=8.25172s, 14788 KB] Conducting lazy best first search, (real) bound = 51
[t=8.25174s, 14788 KB] Start Timestep: 1681965261375 millisecond(s).
[t=8.25188s, 14788 KB] New best heuristic value for lmcut(): 28
[t=8.25201s, 14788 KB] g=0, 1 evaluated, 0 expanded
[t=8.25203s, 14788 KB] Initial heuristic value for lmcut(): 28
[t=8.25585s, 14788 KB] New best heuristic value for lmcut(): 27
[t=8.25708s, 14788 KB] g=1, 31 evaluated, 29 expanded
[t=8.25711s, 14788 KB] New best heuristic value for lmcut(): 26
[t=8.25765s, 14788 KB] g=2, 35 evaluated, 32 expanded
[t=8.25767s, 14788 KB] New best heuristic value for lmcut(): 25
[t=8.25949s, 14788 KB] g=2, 48 evaluated, 43 expanded
[t=8.26378s, 14788 KB] New best heuristic value for lmcut(): 23
[t=8.26488s, 14788 KB] g=4, 86 evaluated, 77 expanded
[t=8.26491s, 14788 KB] New best heuristic value for lmcut(): 22
[t=8.26706s, 14788 KB] g=5, 102 evaluated, 91 expanded
[t=8.27973s, 14788 KB] New best heuristic value for lmcut(): 21
[t=8.28217s, 14788 KB] g=8, 210 evaluated, 191 expanded
[t=8.2822s, 14788 KB] New best heuristic value for lmcut(): 20
[t=8.28265s, 14788 KB] g=9, 213 evaluated, 194 expanded
[t=8.28267s, 14788 KB] New best heuristic value for lmcut(): 19
[t=8.2831s, 14788 KB] g=10, 216 evaluated, 197 expanded
[t=8.29565s, 14788 KB] New best heuristic value for lmcut(): 18
[t=8.29859s, 14788 KB] g=15, 344 evaluated, 316 expanded, 2 reopened
[t=8.29862s, 14788 KB] New best heuristic value for lmcut(): 17
[t=8.29875s, 14788 KB] g=16, 345 evaluated, 317 expanded, 2 reopened
[t=8.32751s, 14788 KB] New best heuristic value for lmcut(): 16
[t=8.33138s, 14788 KB] g=19, 669 evaluated, 619 expanded, 2 reopened
[t=8.33285s, 14788 KB] New best heuristic value for lmcut(): 15
[t=8.33365s, 14788 KB] g=20, 693 evaluated, 643 expanded, 2 reopened
[t=8.33367s, 14788 KB] New best heuristic value for lmcut(): 14
[t=8.33523s, 14788 KB] g=21, 711 evaluated, 660 expanded, 2 reopened
[t=8.3394s, 14788 KB] New best heuristic value for lmcut(): 13
[t=8.34314s, 14788 KB] g=24, 804 evaluated, 752 expanded, 2 reopened
[t=8.35137s, 14788 KB] New best heuristic value for lmcut(): 12
[t=8.3515s, 14788 KB] g=24, 907 evaluated, 851 expanded, 2 reopened
[t=8.35535s, 14788 KB] New best heuristic value for lmcut(): 11
[t=8.35602s, 14788 KB] g=28, 967 evaluated, 908 expanded, 2 reopened
[t=8.35604s, 14788 KB] New best heuristic value for lmcut(): 10
[t=8.35675s, 14788 KB] g=29, 978 evaluated, 919 expanded, 2 reopened
[t=8.35677s, 14788 KB] New best heuristic value for lmcut(): 9
[t=8.35825s, 14788 KB] g=30, 1008 evaluated, 949 expanded, 2 reopened
[t=8.35827s, 14788 KB] New best heuristic value for lmcut(): 8
[t=8.35909s, 14788 KB] g=31, 1024 evaluated, 964 expanded, 2 reopened
[t=8.35926s, 14788 KB] New best heuristic value for lmcut(): 7
[t=8.36241s, 14788 KB] g=34, 1101 evaluated, 1039 expanded, 2 reopened
[t=8.36244s, 14788 KB] New best heuristic value for lmcut(): 6
[t=8.3626s, 14788 KB] g=35, 1104 evaluated, 1042 expanded, 2 reopened
[t=8.37122s, 14788 KB] New best heuristic value for lmcut(): 5
[t=8.37322s, 14788 KB] g=36, 1376 evaluated, 1303 expanded, 32 reopened
[t=8.37325s, 14788 KB] New best heuristic value for lmcut(): 4
[t=8.37394s, 14788 KB] g=36, 1396 evaluated, 1323 expanded, 32 reopened
[t=8.42711s, 14788 KB] New best heuristic value for lmcut(): 3
[t=8.43012s, 14788 KB] g=41, 2788 evaluated, 2665 expanded, 191 reopened
[t=11.1443s, 14788 KB] New best heuristic value for lmcut(): 2
[t=11.1445s, 14788 KB] g=49, 76465 evaluated, 74953 expanded, 36514 reopened
[t=11.1445s, 14788 KB] New best heuristic value for lmcut(): 1
[t=11.1445s, 14788 KB] g=50, 76466 evaluated, 74954 expanded, 36514 reopened
[t=13.0149s, 14920 KB] Solution found!
[t=13.0163s, 14920 KB] Actual search time: 4.76458s
move player-01 pos-07-03 pos-06-03 dir-left (0)
move player-01 pos-06-03 pos-05-03 dir-left (0)
move player-01 pos-05-03 pos-04-03 dir-left (0)
move player-01 pos-04-03 pos-04-02 dir-up (0)
move player-01 pos-04-02 pos-03-02 dir-left (0)
move player-01 pos-03-02 pos-02-02 dir-left (0)
move player-01 pos-02-02 pos-02-03 dir-down (0)
move player-01 pos-02-03 pos-02-04 dir-down (0)
move player-01 pos-02-04 pos-03-04 dir-right (0)
move player-01 pos-03-04 pos-03-05 dir-down (0)
move player-01 pos-03-05 pos-04-05 dir-right (0)
move player-01 pos-04-05 pos-04-06 dir-down (0)
move player-01 pos-04-06 pos-05-06 dir-right (0)
move player-01 pos-05-06 pos-06-06 dir-right (0)
move player-01 pos-06-06 pos-07-06 dir-right (0)
move player-01 pos-07-06 pos-08-06 dir-right (0)
push-to-nongoal player-01 stone-01 pos-08-06 pos-08-05 pos-08-04 dir-up (1)
push-to-nongoal player-01 stone-01 pos-08-05 pos-08-04 pos-08-03 dir-up (1)
move player-01 pos-08-04 pos-08-05 dir-down (0)
move player-01 pos-08-05 pos-08-06 dir-down (0)
move player-01 pos-08-06 pos-09-06 dir-right (0)
move player-01 pos-09-06 pos-10-06 dir-right (0)
move player-01 pos-10-06 pos-10-05 dir-up (0)
push-to-nongoal player-01 stone-02 pos-10-05 pos-09-05 pos-08-05 dir-left (1)
move player-01 pos-09-05 pos-09-06 dir-down (0)
move player-01 pos-09-06 pos-10-06 dir-right (0)
move player-01 pos-10-06 pos-11-06 dir-right (0)
move player-01 pos-11-06 pos-12-06 dir-right (0)
move player-01 pos-12-06 pos-12-05 dir-up (0)
push-to-nongoal player-01 stone-03 pos-12-05 pos-11-05 pos-10-05 dir-left (1)
move player-01 pos-11-05 pos-12-05 dir-right (0)
move player-01 pos-12-05 pos-12-06 dir-down (0)
move player-01 pos-12-06 pos-13-06 dir-right (0)
move player-01 pos-13-06 pos-14-06 dir-right (0)
move player-01 pos-14-06 pos-14-05 dir-up (0)
push-to-nongoal player-01 stone-04 pos-14-05 pos-13-05 pos-12-05 dir-left (1)
move player-01 pos-13-05 pos-13-06 dir-down (0)
move player-01 pos-13-06 pos-12-06 dir-left (0)
move player-01 pos-12-06 pos-11-06 dir-left (0)
move player-01 pos-11-06 pos-11-05 dir-up (0)
push-to-nongoal player-01 stone-03 pos-11-05 pos-10-05 pos-09-05 dir-left (1)
move player-01 pos-10-05 pos-10-06 dir-down (0)
move player-01 pos-10-06 pos-09-06 dir-left (0)
move player-01 pos-09-06 pos-08-06 dir-left (0)
push-to-nongoal player-01 stone-02 pos-08-06 pos-08-05 pos-08-04 dir-up (1)
move player-01 pos-08-05 pos-08-06 dir-down (0)
move player-01 pos-08-06 pos-09-06 dir-right (0)
move player-01 pos-09-06 pos-10-06 dir-right (0)
move player-01 pos-10-06 pos-11-06 dir-right (0)
move player-01 pos-11-06 pos-12-06 dir-right (0)
move player-01 pos-12-06 pos-13-06 dir-right (0)
move player-01 pos-13-06 pos-13-05 dir-up (0)
push-to-nongoal player-01 stone-04 pos-13-05 pos-12-05 pos-11-05 dir-left (1)
move player-01 pos-12-05 pos-12-06 dir-down (0)
move player-01 pos-12-06 pos-11-06 dir-left (0)
move player-01 pos-11-06 pos-10-06 dir-left (0)
move player-01 pos-10-06 pos-09-06 dir-left (0)
move player-01 pos-09-06 pos-08-06 dir-left (0)
move player-01 pos-08-06 pos-07-06 dir-left (0)
move player-01 pos-07-06 pos-06-06 dir-left (0)
move player-01 pos-06-06 pos-05-06 dir-left (0)
move player-01 pos-05-06 pos-04-06 dir-left (0)
move player-01 pos-04-06 pos-04-05 dir-up (0)
move player-01 pos-04-05 pos-03-05 dir-left (0)
move player-01 pos-03-05 pos-03-04 dir-up (0)
move player-01 pos-03-04 pos-02-04 dir-left (0)
move player-01 pos-02-04 pos-02-03 dir-up (0)
move player-01 pos-02-03 pos-02-02 dir-up (0)
move player-01 pos-02-02 pos-03-02 dir-right (0)
move player-01 pos-03-02 pos-04-02 dir-right (0)
move player-01 pos-04-02 pos-04-03 dir-down (0)
move player-01 pos-04-03 pos-05-03 dir-right (0)
move player-01 pos-05-03 pos-06-03 dir-right (0)
move player-01 pos-06-03 pos-07-03 dir-right (0)
push-to-nongoal player-01 stone-01 pos-07-03 pos-08-03 pos-09-03 dir-right (1)
move player-01 pos-08-03 pos-08-02 dir-up (0)
move player-01 pos-08-02 pos-09-02 dir-right (0)
move player-01 pos-09-02 pos-10-02 dir-right (0)
move player-01 pos-10-02 pos-10-03 dir-down (0)
push-to-nongoal player-01 stone-01 pos-10-03 pos-09-03 pos-08-03 dir-left (1)
push-to-nongoal player-01 stone-01 pos-09-03 pos-08-03 pos-07-03 dir-left (1)
push-to-nongoal player-01 stone-01 pos-08-03 pos-07-03 pos-06-03 dir-left (1)
push-to-nongoal player-01 stone-01 pos-07-03 pos-06-03 pos-05-03 dir-left (1)
move player-01 pos-06-03 pos-06-02 dir-up (0)
move player-01 pos-06-02 pos-05-02 dir-left (0)
move player-01 pos-05-02 pos-04-02 dir-left (0)
move player-01 pos-04-02 pos-03-02 dir-left (0)
move player-01 pos-03-02 pos-02-02 dir-left (0)
move player-01 pos-02-02 pos-02-03 dir-down (0)
move player-01 pos-02-03 pos-02-04 dir-down (0)
move player-01 pos-02-04 pos-03-04 dir-right (0)
move player-01 pos-03-04 pos-03-05 dir-down (0)
move player-01 pos-03-05 pos-04-05 dir-right (0)
move player-01 pos-04-05 pos-04-06 dir-down (0)
move player-01 pos-04-06 pos-05-06 dir-right (0)
move player-01 pos-05-06 pos-06-06 dir-right (0)
move player-01 pos-06-06 pos-07-06 dir-right (0)
move player-01 pos-07-06 pos-07-05 dir-up (0)
move player-01 pos-07-05 pos-08-05 dir-right (0)
push-to-nongoal player-01 stone-02 pos-08-05 pos-08-04 pos-08-03 dir-up (1)
move player-01 pos-08-04 pos-08-05 dir-down (0)
move player-01 pos-08-05 pos-07-05 dir-left (0)
move player-01 pos-07-05 pos-07-06 dir-down (0)
move player-01 pos-07-06 pos-06-06 dir-left (0)
move player-01 pos-06-06 pos-05-06 dir-left (0)
move player-01 pos-05-06 pos-04-06 dir-left (0)
move player-01 pos-04-06 pos-04-05 dir-up (0)
move player-01 pos-04-05 pos-03-05 dir-left (0)
move player-01 pos-03-05 pos-03-04 dir-up (0)
move player-01 pos-03-04 pos-02-04 dir-left (0)
move player-01 pos-02-04 pos-02-03 dir-up (0)
move player-01 pos-02-03 pos-02-02 dir-up (0)
move player-01 pos-02-02 pos-03-02 dir-right (0)
move player-01 pos-03-02 pos-04-02 dir-right (0)
move player-01 pos-04-02 pos-05-02 dir-right (0)
move player-01 pos-05-02 pos-06-02 dir-right (0)
move player-01 pos-06-02 pos-06-03 dir-down (0)
move player-01 pos-06-03 pos-07-03 dir-right (0)
push-to-nongoal player-01 stone-02 pos-07-03 pos-08-03 pos-09-03 dir-right (1)
move player-01 pos-08-03 pos-08-02 dir-up (0)
move player-01 pos-08-02 pos-09-02 dir-right (0)
move player-01 pos-09-02 pos-10-02 dir-right (0)
move player-01 pos-10-02 pos-10-03 dir-down (0)
push-to-nongoal player-01 stone-02 pos-10-03 pos-09-03 pos-08-03 dir-left (1)
push-to-nongoal player-01 stone-02 pos-09-03 pos-08-03 pos-07-03 dir-left (1)
move player-01 pos-08-03 pos-08-04 dir-down (0)
move player-01 pos-08-04 pos-08-05 dir-down (0)
move player-01 pos-08-05 pos-07-05 dir-left (0)
move player-01 pos-07-05 pos-07-06 dir-down (0)
move player-01 pos-07-06 pos-06-06 dir-left (0)
move player-01 pos-06-06 pos-05-06 dir-left (0)
move player-01 pos-05-06 pos-04-06 dir-left (0)
move player-01 pos-04-06 pos-04-05 dir-up (0)
move player-01 pos-04-05 pos-03-05 dir-left (0)
move player-01 pos-03-05 pos-03-04 dir-up (0)
move player-01 pos-03-04 pos-02-04 dir-left (0)
move player-01 pos-02-04 pos-02-03 dir-up (0)
move player-01 pos-02-03 pos-02-02 dir-up (0)
move player-01 pos-02-02 pos-03-02 dir-right (0)
move player-01 pos-03-02 pos-04-02 dir-right (0)
move player-01 pos-04-02 pos-05-02 dir-right (0)
move player-01 pos-05-02 pos-06-02 dir-right (0)
move player-01 pos-06-02 pos-06-03 dir-down (0)
move player-01 pos-06-03 pos-06-04 dir-down (0)
move player-01 pos-06-04 pos-05-04 dir-left (0)
push-to-nongoal player-01 stone-01 pos-05-04 pos-05-03 pos-05-02 dir-up (1)
move player-01 pos-05-03 pos-04-03 dir-left (0)
move player-01 pos-04-03 pos-04-02 dir-up (0)
move player-01 pos-04-02 pos-03-02 dir-left (0)
move player-01 pos-03-02 pos-02-02 dir-left (0)
move player-01 pos-02-02 pos-02-03 dir-down (0)
move player-01 pos-02-03 pos-02-04 dir-down (0)
move player-01 pos-02-04 pos-03-04 dir-right (0)
move player-01 pos-03-04 pos-03-05 dir-down (0)
move player-01 pos-03-05 pos-04-05 dir-right (0)
move player-01 pos-04-05 pos-04-06 dir-down (0)
move player-01 pos-04-06 pos-05-06 dir-right (0)
move player-01 pos-05-06 pos-06-06 dir-right (0)
move player-01 pos-06-06 pos-07-06 dir-right (0)
move player-01 pos-07-06 pos-07-05 dir-up (0)
move player-01 pos-07-05 pos-08-05 dir-right (0)
move player-01 pos-08-05 pos-08-04 dir-up (0)
move player-01 pos-08-04 pos-08-03 dir-up (0)
push-to-nongoal player-01 stone-02 pos-08-03 pos-07-03 pos-06-03 dir-left (1)
push-to-nongoal player-01 stone-02 pos-07-03 pos-06-03 pos-05-03 dir-left (1)
move player-01 pos-06-03 pos-06-02 dir-up (0)
push-to-goal player-01 stone-01 pos-06-02 pos-05-02 pos-04-02 dir-left (1)
push-to-goal player-01 stone-02 pos-05-02 pos-05-03 pos-05-04 dir-down (1)
move player-01 pos-05-03 pos-06-03 dir-right (0)
move player-01 pos-06-03 pos-07-03 dir-right (0)
move player-01 pos-07-03 pos-08-03 dir-right (0)
move player-01 pos-08-03 pos-08-04 dir-down (0)
move player-01 pos-08-04 pos-08-05 dir-down (0)
move player-01 pos-08-05 pos-08-06 dir-down (0)
move player-01 pos-08-06 pos-09-06 dir-right (0)
move player-01 pos-09-06 pos-10-06 dir-right (0)
move player-01 pos-10-06 pos-10-05 dir-up (0)
push-to-nongoal player-01 stone-03 pos-10-05 pos-09-05 pos-08-05 dir-left (1)
move player-01 pos-09-05 pos-09-06 dir-down (0)
move player-01 pos-09-06 pos-08-06 dir-left (0)
push-to-nongoal player-01 stone-03 pos-08-06 pos-08-05 pos-08-04 dir-up (1)
push-to-nongoal player-01 stone-03 pos-08-05 pos-08-04 pos-08-03 dir-up (1)
move player-01 pos-08-04 pos-08-05 dir-down (0)
move player-01 pos-08-05 pos-09-05 dir-right (0)
move player-01 pos-09-05 pos-09-06 dir-down (0)
move player-01 pos-09-06 pos-10-06 dir-right (0)
move player-01 pos-10-06 pos-11-06 dir-right (0)
move player-01 pos-11-06 pos-12-06 dir-right (0)
move player-01 pos-12-06 pos-12-05 dir-up (0)
push-to-nongoal player-01 stone-04 pos-12-05 pos-11-05 pos-10-05 dir-left (1)
push-to-nongoal player-01 stone-04 pos-11-05 pos-10-05 pos-09-05 dir-left (1)
move player-01 pos-10-05 pos-10-06 dir-down (0)
move player-01 pos-10-06 pos-09-06 dir-left (0)
move player-01 pos-09-06 pos-08-06 dir-left (0)
move player-01 pos-08-06 pos-07-06 dir-left (0)
move player-01 pos-07-06 pos-06-06 dir-left (0)
move player-01 pos-06-06 pos-05-06 dir-left (0)
move player-01 pos-05-06 pos-04-06 dir-left (0)
move player-01 pos-04-06 pos-04-05 dir-up (0)
move player-01 pos-04-05 pos-03-05 dir-left (0)
move player-01 pos-03-05 pos-03-04 dir-up (0)
move player-01 pos-03-04 pos-02-04 dir-left (0)
move player-01 pos-02-04 pos-02-03 dir-up (0)
move player-01 pos-02-03 pos-02-02 dir-up (0)
move player-01 pos-02-02 pos-03-02 dir-right (0)
push-to-nongoal player-01 stone-01 pos-03-02 pos-04-02 pos-05-02 dir-right (1)
move player-01 pos-04-02 pos-04-03 dir-down (0)
move player-01 pos-04-03 pos-05-03 dir-right (0)
move player-01 pos-05-03 pos-06-03 dir-right (0)
move player-01 pos-06-03 pos-07-03 dir-right (0)
push-to-nongoal player-01 stone-03 pos-07-03 pos-08-03 pos-09-03 dir-right (1)
move player-01 pos-08-03 pos-07-03 dir-left (0)
move player-01 pos-07-03 pos-06-03 dir-left (0)
move player-01 pos-06-03 pos-06-02 dir-up (0)
push-to-goal player-01 stone-01 pos-06-02 pos-05-02 pos-04-02 dir-left (1)
move player-01 pos-05-02 pos-05-03 dir-down (0)
move player-01 pos-05-03 pos-06-03 dir-right (0)
move player-01 pos-06-03 pos-07-03 dir-right (0)
move player-01 pos-07-03 pos-08-03 dir-right (0)
move player-01 pos-08-03 pos-08-02 dir-up (0)
move player-01 pos-08-02 pos-09-02 dir-right (0)
move player-01 pos-09-02 pos-10-02 dir-right (0)
move player-01 pos-10-02 pos-10-03 dir-down (0)
push-to-nongoal player-01 stone-03 pos-10-03 pos-09-03 pos-08-03 dir-left (1)
push-to-nongoal player-01 stone-03 pos-09-03 pos-08-03 pos-07-03 dir-left (1)
push-to-nongoal player-01 stone-03 pos-08-03 pos-07-03 pos-06-03 dir-left (1)
push-to-nongoal player-01 stone-03 pos-07-03 pos-06-03 pos-05-03 dir-left (1)
move player-01 pos-06-03 pos-06-02 dir-up (0)
move player-01 pos-06-02 pos-05-02 dir-left (0)
push-to-nongoal player-01 stone-01 pos-05-02 pos-04-02 pos-03-02 dir-left (1)
move player-01 pos-04-02 pos-04-03 dir-down (0)
push-to-nongoal player-01 stone-03 pos-04-03 pos-05-03 pos-06-03 dir-right (1)
move player-01 pos-05-03 pos-05-02 dir-up (0)
move player-01 pos-05-02 pos-06-02 dir-right (0)
push-to-goal player-01 stone-03 pos-06-02 pos-06-03 pos-06-04 dir-down (1)
move player-01 pos-06-03 pos-07-03 dir-right (0)
move player-01 pos-07-03 pos-08-03 dir-right (0)
move player-01 pos-08-03 pos-08-04 dir-down (0)
move player-01 pos-08-04 pos-08-05 dir-down (0)
move player-01 pos-08-05 pos-08-06 dir-down (0)
move player-01 pos-08-06 pos-09-06 dir-right (0)
move player-01 pos-09-06 pos-10-06 dir-right (0)
move player-01 pos-10-06 pos-10-05 dir-up (0)
push-to-nongoal player-01 stone-04 pos-10-05 pos-09-05 pos-08-05 dir-left (1)
move player-01 pos-09-05 pos-09-06 dir-down (0)
move player-01 pos-09-06 pos-08-06 dir-left (0)
push-to-nongoal player-01 stone-04 pos-08-06 pos-08-05 pos-08-04 dir-up (1)
move player-01 pos-08-05 pos-07-05 dir-left (0)
move player-01 pos-07-05 pos-07-06 dir-down (0)
move player-01 pos-07-06 pos-06-06 dir-left (0)
move player-01 pos-06-06 pos-05-06 dir-left (0)
move player-01 pos-05-06 pos-04-06 dir-left (0)
move player-01 pos-04-06 pos-04-05 dir-up (0)
move player-01 pos-04-05 pos-03-05 dir-left (0)
move player-01 pos-03-05 pos-03-04 dir-up (0)
move player-01 pos-03-04 pos-02-04 dir-left (0)
move player-01 pos-02-04 pos-02-03 dir-up (0)
move player-01 pos-02-03 pos-02-02 dir-up (0)
push-to-goal player-01 stone-01 pos-02-02 pos-03-02 pos-04-02 dir-right (1)
move player-01 pos-03-02 pos-02-02 dir-left (0)
move player-01 pos-02-02 pos-02-03 dir-down (0)
move player-01 pos-02-03 pos-02-04 dir-down (0)
move player-01 pos-02-04 pos-03-04 dir-right (0)
move player-01 pos-03-04 pos-03-05 dir-down (0)
move player-01 pos-03-05 pos-04-05 dir-right (0)
move player-01 pos-04-05 pos-04-06 dir-down (0)
move player-01 pos-04-06 pos-05-06 dir-right (0)
move player-01 pos-05-06 pos-06-06 dir-right (0)
move player-01 pos-06-06 pos-07-06 dir-right (0)
move player-01 pos-07-06 pos-07-05 dir-up (0)
move player-01 pos-07-05 pos-08-05 dir-right (0)
push-to-nongoal player-01 stone-04 pos-08-05 pos-08-04 pos-08-03 dir-up (1)
move player-01 pos-08-04 pos-08-05 dir-down (0)
move player-01 pos-08-05 pos-07-05 dir-left (0)
move player-01 pos-07-05 pos-07-06 dir-down (0)
move player-01 pos-07-06 pos-06-06 dir-left (0)
move player-01 pos-06-06 pos-05-06 dir-left (0)
move player-01 pos-05-06 pos-04-06 dir-left (0)
move player-01 pos-04-06 pos-04-05 dir-up (0)
move player-01 pos-04-05 pos-03-05 dir-left (0)
move player-01 pos-03-05 pos-03-04 dir-up (0)
move player-01 pos-03-04 pos-02-04 dir-left (0)
move player-01 pos-02-04 pos-02-03 dir-up (0)
move player-01 pos-02-03 pos-02-02 dir-up (0)
move player-01 pos-02-02 pos-03-02 dir-right (0)
push-to-nongoal player-01 stone-01 pos-03-02 pos-04-02 pos-05-02 dir-right (1)
move player-01 pos-04-02 pos-04-03 dir-down (0)
move player-01 pos-04-03 pos-05-03 dir-right (0)
move player-01 pos-05-03 pos-06-03 dir-right (0)
move player-01 pos-06-03 pos-06-02 dir-up (0)
push-to-goal player-01 stone-01 pos-06-02 pos-05-02 pos-04-02 dir-left (1)
move player-01 pos-05-02 pos-05-03 dir-down (0)
move player-01 pos-05-03 pos-06-03 dir-right (0)
move player-01 pos-06-03 pos-07-03 dir-right (0)
push-to-nongoal player-01 stone-04 pos-07-03 pos-08-03 pos-09-03 dir-right (1)
move player-01 pos-08-03 pos-08-02 dir-up (0)
move player-01 pos-08-02 pos-09-02 dir-right (0)
move player-01 pos-09-02 pos-10-02 dir-right (0)
move player-01 pos-10-02 pos-10-03 dir-down (0)
push-to-nongoal player-01 stone-04 pos-10-03 pos-09-03 pos-08-03 dir-left (1)
push-to-nongoal player-01 stone-04 pos-09-03 pos-08-03 pos-07-03 dir-left (1)
push-to-nongoal player-01 stone-04 pos-08-03 pos-07-03 pos-06-03 dir-left (1)
push-to-nongoal player-01 stone-04 pos-07-03 pos-06-03 pos-05-03 dir-left (1)
push-to-goal player-01 stone-04 pos-06-03 pos-05-03 pos-04-03 dir-left (1)
[t=13.0184s, 14920 KB] Plan length: 304 step(s).
[t=13.0184s, 14920 KB] Plan cost: 49
[t=13.0184s, 14920 KB] Solution Timestep: 1681965266149 millisecond(s).
[t=13.0184s, 14920 KB] Timestamp: 1681965266149 millisecond(s).
[t=13.0185s, 14920 KB] Expanded 138699 state(s).
[t=13.0185s, 14920 KB] Reopened 78672 state(s).
[t=13.0185s, 14920 KB] Evaluated 141060 state(s).
[t=13.0185s, 14920 KB] Evaluations: 62388
[t=13.0186s, 14920 KB] Generated 342907 state(s).
[t=13.0186s, 14920 KB] Dead ends: 2360 state(s).
[t=13.0186s, 14920 KB] Number of registered states: 62388
[t=13.0186s, 14920 KB] Int hash set load factor: 62388/131072 = 0.475983
[t=13.0187s, 14920 KB] Int hash set resizes: 17
[t=13.0187s, 14920 KB] Best solution cost so far: 49
[t=13.0187s, 14920 KB] Solution found - keep searching
[t=13.0187s, 14920 KB] Building successor generator...done!
[t=13.019s, 14920 KB] peak memory difference for successor generator creation: 0 KB
[t=13.019s, 14920 KB] time for successor generation creation: 0s
[t=13.019s, 14920 KB] Variables: 51
[t=13.0191s, 14920 KB] FactPairs: 274
[t=13.0191s, 14920 KB] Bytes per state: 12
[t=13.0191s, 14920 KB] Starting search: lazy_wastar([h],w=2)
[t=13.0192s, 14920 KB] Conducting lazy best first search, (real) bound = 49
[t=13.0192s, 14920 KB] Start Timestep: 1681965266150 millisecond(s).
[t=13.0192s, 14920 KB] New best heuristic value for lmcut(): 28
[t=13.0194s, 14920 KB] g=0, 1 evaluated, 0 expanded
[t=13.0195s, 14920 KB] Initial heuristic value for lmcut(): 28
[t=13.0243s, 14920 KB] New best heuristic value for lmcut(): 27
[t=13.0246s, 14920 KB] g=1, 31 evaluated, 29 expanded
[t=13.0246s, 14920 KB] New best heuristic value for lmcut(): 26
[t=13.0251s, 14920 KB] g=2, 35 evaluated, 32 expanded
[t=13.0251s, 14920 KB] New best heuristic value for lmcut(): 25
[t=13.027s, 14920 KB] g=2, 48 evaluated, 43 expanded
[t=13.0322s, 14920 KB] New best heuristic value for lmcut(): 23
[t=13.0324s, 14920 KB] g=4, 86 evaluated, 77 expanded
[t=13.0324s, 14920 KB] New best heuristic value for lmcut(): 22
[t=13.0345s, 14920 KB] g=5, 102 evaluated, 91 expanded
[t=13.0482s, 14920 KB] New best heuristic value for lmcut(): 21
[t=13.0498s, 14920 KB] g=8, 212 evaluated, 192 expanded
[t=13.0498s, 14920 KB] New best heuristic value for lmcut(): 20
[t=13.0503s, 14920 KB] g=9, 215 evaluated, 195 expanded
[t=13.0503s, 14920 KB] New best heuristic value for lmcut(): 19
[t=13.0507s, 14920 KB] g=10, 218 evaluated, 198 expanded
[t=13.0841s, 14920 KB] New best heuristic value for lmcut(): 18
[t=13.0862s, 14920 KB] g=14, 505 evaluated, 464 expanded, 3 reopened
[t=13.0863s, 14920 KB] New best heuristic value for lmcut(): 17
[t=13.0865s, 14920 KB] g=15, 507 evaluated, 466 expanded, 3 reopened
[t=13.172s, 14920 KB] New best heuristic value for lmcut(): 16
[t=13.1728s, 14920 KB] g=15, 1408 evaluated, 1333 expanded, 207 reopened
[t=13.1729s, 14920 KB] New best heuristic value for lmcut(): 15
[t=13.1751s, 14920 KB] g=16, 1432 evaluated, 1357 expanded, 207 reopened
[t=13.176s, 14920 KB] New best heuristic value for lmcut(): 14
[t=13.1767s, 14920 KB] g=17, 1450 evaluated, 1374 expanded, 207 reopened
[t=13.1839s, 14920 KB] New best heuristic value for lmcut(): 13
[t=13.1852s, 14920 KB] g=20, 1550 evaluated, 1472 expanded, 207 reopened
[t=13.1959s, 14920 KB] New best heuristic value for lmcut(): 12
[t=13.1965s, 14920 KB] g=20, 1686 evaluated, 1604 expanded, 208 reopened
[t=13.1999s, 14920 KB] New best heuristic value for lmcut(): 11
[t=13.2025s, 14920 KB] g=24, 1763 evaluated, 1678 expanded, 208 reopened
[t=13.2026s, 14920 KB] New best heuristic value for lmcut(): 10
[t=13.2033s, 14920 KB] g=25, 1774 evaluated, 1689 expanded, 208 reopened
[t=13.2038s, 14920 KB] New best heuristic value for lmcut(): 9
[t=13.2048s, 14920 KB] g=26, 1804 evaluated, 1719 expanded, 208 reopened
[t=13.2048s, 14920 KB] New best heuristic value for lmcut(): 8
[t=13.2056s, 14920 KB] g=27, 1820 evaluated, 1734 expanded, 208 reopened
[t=13.2078s, 14920 KB] New best heuristic value for lmcut(): 7
[t=13.2113s, 14920 KB] g=30, 1944 evaluated, 1855 expanded, 208 reopened
[t=13.2113s, 14920 KB] New best heuristic value for lmcut(): 6
[t=13.2114s, 14920 KB] g=31, 1947 evaluated, 1858 expanded, 208 reopened
[t=13.2157s, 14920 KB] New best heuristic value for lmcut(): 5
[t=13.219s, 14920 KB] g=32, 2127 evaluated, 2028 expanded, 211 reopened
[t=13.2197s, 14920 KB] New best heuristic value for lmcut(): 4
[t=13.2199s, 14920 KB] g=32, 2147 evaluated, 2048 expanded, 211 reopened
[t=13.2677s, 14920 KB] New best heuristic value for lmcut(): 3
[t=13.2689s, 14920 KB] g=37, 3234 evaluated, 3101 expanded, 233 reopened
[t=17.7958s, 14968 KB] New best heuristic value for lmcut(): 2
[t=17.7969s, 14968 KB] g=47, 80117 evaluated, 77672 expanded, 18656 reopened
[t=17.7969s, 14968 KB] New best heuristic value for lmcut(): 1
[t=17.7969s, 14968 KB] g=48, 80118 evaluated, 77673 expanded, 18656 reopened
[t=20.9935s, 15512 KB] Completely explored state space -- no solution!
[t=20.9955s, 15512 KB] Actual search time: 7.97632s
[t=20.9956s, 15512 KB] Best solution cost so far: 49
[t=20.9956s, 15512 KB] No solution found - keep searching
[t=20.9956s, 15512 KB] Building successor generator...done!
[t=20.996s, 15512 KB] peak memory difference for successor generator creation: 0 KB
[t=20.996s, 15512 KB] time for successor generation creation: 0s
[t=20.996s, 15512 KB] Variables: 51
[t=20.996s, 15512 KB] FactPairs: 274
[t=20.9961s, 15512 KB] Bytes per state: 12
[t=20.9961s, 15512 KB] Starting search: astar(h)
[t=20.9961s, 15512 KB] Conducting best first search with reopening closed nodes, (real) bound = 49
[t=20.9961s, 15512 KB] New best heuristic value for lmcut(): 28
[t=20.9964s, 15512 KB] g=0, 1 evaluated, 0 expanded
[t=20.9964s, 15512 KB] f = 28, 1 evaluated, 0 expanded
[t=20.9964s, 15512 KB] Initial heuristic value for lmcut(): 28
[t=20.9964s, 15512 KB] pruning method: none
[t=20.9965s, 15512 KB] Start Timestep: 1681965274134 millisecond(s).
[t=20.9972s, 15512 KB] f = 29, 26 evaluated, 24 expanded
[t=21.0012s, 15512 KB] New best heuristic value for lmcut(): 27
[t=21.0016s, 15512 KB] g=1, 31 evaluated, 29 expanded
[t=21.0016s, 15512 KB] New best heuristic value for lmcut(): 26
[t=21.0024s, 15512 KB] g=2, 36 evaluated, 30 expanded
[t=21.0024s, 15512 KB] New best heuristic value for lmcut(): 25
[t=21.0042s, 15512 KB] g=2, 49 evaluated, 39 expanded
[t=21.0092s, 15512 KB] New best heuristic value for lmcut(): 23
[t=21.0096s, 15512 KB] g=4, 87 evaluated, 70 expanded
[t=21.0096s, 15512 KB] New best heuristic value for lmcut(): 22
[t=21.0118s, 15512 KB] g=5, 103 evaluated, 81 expanded
[t=21.0371s, 15512 KB] New best heuristic value for lmcut(): 21
[t=21.0389s, 15512 KB] g=8, 295 evaluated, 245 expanded
[t=21.0389s, 15512 KB] New best heuristic value for lmcut(): 20
[t=21.0394s, 15512 KB] g=9, 298 evaluated, 246 expanded
[t=21.0394s, 15512 KB] New best heuristic value for lmcut(): 19
[t=21.0398s, 15512 KB] g=10, 301 evaluated, 247 expanded
[t=21.173s, 15512 KB] f = 30, 1279 evaluated, 1130 expanded
[t=21.1769s, 15512 KB] New best heuristic value for lmcut(): 18
[t=21.1786s, 15512 KB] g=12, 1308 evaluated, 1150 expanded
[t=21.1787s, 15512 KB] New best heuristic value for lmcut(): 17
[t=21.179s, 15512 KB] g=13, 1310 evaluated, 1151 expanded
[t=21.2769s, 15512 KB] New best heuristic value for lmcut(): 16
[t=21.2796s, 15512 KB] g=14, 2063 evaluated, 1867 expanded
[t=21.2796s, 15512 KB] New best heuristic value for lmcut(): 15
[t=21.28s, 15512 KB] g=15, 2066 evaluated, 1868 expanded
[t=21.2801s, 15512 KB] New best heuristic value for lmcut(): 14
[t=21.2803s, 15512 KB] g=16, 2068 evaluated, 1869 expanded
[t=21.3687s, 15512 KB] f = 31, 2848 evaluated, 2552 expanded
[t=21.5525s, 15512 KB] f = 32, 4288 evaluated, 3974 expanded, 84 reopened
[t=21.5925s, 15512 KB] New best heuristic value for lmcut(): 13
[t=21.5964s, 15512 KB] g=19, 4735 evaluated, 4370 expanded, 84 reopened
[t=21.5965s, 15512 KB] New best heuristic value for lmcut(): 12
[t=21.5966s, 15512 KB] g=20, 4737 evaluated, 4371 expanded, 84 reopened
[t=22.0643s, 15512 KB] f = 33, 9082 evaluated, 8361 expanded, 84 reopened
[t=22.568s, 15512 KB] f = 34, 13767 evaluated, 12698 expanded, 84 reopened
[t=22.588s, 15512 KB] New best heuristic value for lmcut(): 11
[t=22.5891s, 15512 KB] g=22, 14031 evaluated, 12929 expanded, 84 reopened
[t=22.6959s, 15512 KB] New best heuristic value for lmcut(): 10
[t=22.6987s, 15512 KB] g=23, 15187 evaluated, 14044 expanded, 84 reopened
[t=22.6999s, 15512 KB] New best heuristic value for lmcut(): 9
[t=22.7004s, 15512 KB] g=23, 15210 evaluated, 14063 expanded, 84 reopened
[t=23.3076s, 15512 KB] f = 35, 21462 evaluated, 20148 expanded, 246 reopened
[t=23.3196s, 15512 KB] New best heuristic value for lmcut(): 8
[t=23.3223s, 15512 KB] g=27, 21659 evaluated, 20323 expanded, 246 reopened
[t=24.3066s, 15512 KB] f = 36, 32755 evaluated, 30858 expanded, 246 reopened
[t=25.3378s, 15512 KB] f = 37, 45400 evaluated, 43054 expanded, 246 reopened
[t=25.3417s, 15512 KB] New best heuristic value for lmcut(): 7
[t=25.3423s, 15512 KB] g=30, 45413 evaluated, 43058 expanded, 246 reopened
[t=25.3457s, 15512 KB] New best heuristic value for lmcut(): 6
[t=25.3459s, 15512 KB] g=31, 45491 evaluated, 43127 expanded, 246 reopened
[t=25.3459s, 15512 KB] New best heuristic value for lmcut(): 5
[t=25.3495s, 15512 KB] g=32, 45578 evaluated, 43212 expanded, 246 reopened
[t=25.3496s, 15512 KB] New best heuristic value for lmcut(): 4
[t=25.3502s, 15512 KB] g=32, 45599 evaluated, 43229 expanded, 246 reopened
[t=25.9213s, 15512 KB] f = 38, 53392 evaluated, 50915 expanded, 389 reopened
[t=26.9168s, 15512 KB] f = 39, 67728 evaluated, 64953 expanded, 483 reopened
[t=27.2527s, 15512 KB] f = 40, 72899 evaluated, 69983 expanded, 577 reopened
[t=27.261s, 15512 KB] New best heuristic value for lmcut(): 3
[t=27.2619s, 15512 KB] g=37, 73105 evaluated, 70141 expanded, 577 reopened
[t=27.4516s, 15512 KB] f = 41, 76436 evaluated, 73384 expanded, 577 reopened
[t=27.7035s, 15512 KB] f = 42, 80638 evaluated, 77443 expanded, 577 reopened
[t=27.8994s, 15512 KB] f = 43, 83432 evaluated, 80143 expanded, 577 reopened
[t=28.0673s, 15512 KB] f = 44, 85601 evaluated, 82251 expanded, 577 reopened
[t=28.1912s, 15512 KB] f = 45, 87068 evaluated, 83688 expanded, 577 reopened
[t=28.431s, 15512 KB] f = 46, 91103 evaluated, 87578 expanded, 577 reopened
[t=28.4989s, 15512 KB] f = 47, 92226 evaluated, 88666 expanded, 577 reopened
[t=28.6349s, 15512 KB] f = 48, 94600 evaluated, 90993 expanded, 577 reopened
[t=28.6708s, 15544 KB] f = 49, 95243 evaluated, 91621 expanded, 577 reopened
[t=28.6734s, 15544 KB] New best heuristic value for lmcut(): 2
[t=28.6746s, 15544 KB] g=47, 95289 evaluated, 91650 expanded, 577 reopened
[t=28.6746s, 15544 KB] New best heuristic value for lmcut(): 1
[t=28.6746s, 15544 KB] g=48, 95290 evaluated, 91651 expanded, 577 reopened
[t=28.7027s, 15544 KB] f = 50, 96170 evaluated, 92522 expanded, 577 reopened
[t=28.7107s, 15544 KB] f = 51, 96298 evaluated, 92650 expanded, 577 reopened
[t=28.7163s, 15544 KB] f = 52, 96514 evaluated, 92866 expanded, 577 reopened
[t=28.7254s, 15544 KB] f = 53, 96642 evaluated, 92992 expanded, 577 reopened
[t=28.7263s, 15544 KB] f = 54, 96686 evaluated, 93032 expanded, 577 reopened
[t=28.7302s, 15544 KB] f = 56, 96720 evaluated, 93068 expanded, 577 reopened
[t=28.7342s, 15544 KB] Completely explored state space -- no solution!
[t=28.7354s, 15544 KB] Actual search time: 7.73888s
[t=28.7354s, 15544 KB] Best solution cost so far: 49
[t=28.7354s, 15544 KB] No solution found - keep searching
[t=28.7354s, 15544 KB] Optimal Solution: found
[t=28.7357s, 15544 KB] Actual search time: 28.7294s
[t=28.7358s, 15544 KB] Cumulative statistics:
[t=28.7358s, 15544 KB] Timestamp: 1681965281881 millisecond(s).
[t=28.7358s, 15544 KB] Expanded 560073 state(s).
[t=28.7358s, 15544 KB] Reopened 206873 state(s).
[t=28.7358s, 15544 KB] Evaluated 574539 state(s).
[t=28.7358s, 15544 KB] Evaluations: 368243
[t=28.7358s, 15544 KB] Generated 1384249 state(s).
[t=28.7358s, 15544 KB] Dead ends: 0 state(s).
[t=28.7358s, 15544 KB] Search time: 28.7296s
[t=28.7358s, 15544 KB] Total time: 28.7358s
Solution found.
Peak memory: 15544 KB
Remove intermediate file output.sas
search exit code: 0

INFO     Running validate.
INFO     validate stdin: None
INFO     validate time limit: None
INFO     validate memory limit: None
INFO     validate command line string: validate domain.pddl problem.pddl sas_plan.1 sas_plan.2 sas_plan.3
Checking plan: sas_plan.1
Plan executed successfully - checking goal
Plan valid
Final value: 53 
Checking plan: sas_plan.2
Plan executed successfully - checking goal
Plan valid
Final value: 51 
Checking plan: sas_plan.3
Plan executed successfully - checking goal
Plan valid
Final value: 49 

Successful plans:
Value: 49
 sas_plan.3 49 

Value: 51
 sas_plan.2 51 

Value: 53
 sas_plan.1 53 

validate exit code: 0

INFO     Planner time: 28.94s
