INFO     planner time limit: 600s
INFO     planner memory limit: 3584 MB

INFO     Running translator.
INFO     translator stdin: None
INFO     translator time limit: 599s
INFO     translator memory limit: 3584 MB
INFO     translator command line string: /usr/local/downward-projects/downward/experiments/src/thesis/.venv/bin/python3 /usr/local/downward-projects/downward/experiments/src/thesis/data/thesis-thesis_exp/code-84c08dfff1890fbf6247184940c8166177195ea1_e5e41175/builds/release/bin/translate/translate.py domain.pddl problem.pddl --sas-file output.sas
Parsing...
Parsing: [0.040s CPU, 0.037s wall-clock]
Normalizing task... [0.010s CPU, 0.001s wall-clock]
Instantiating...
Generating Datalog program... [0.010s CPU, 0.015s wall-clock]
Normalizing Datalog program...
Normalizing Datalog program: [0.000s CPU, 0.001s wall-clock]
Preparing model... [0.060s CPU, 0.062s wall-clock]
Generated 23 rules.
Computing model... [0.190s CPU, 0.193s wall-clock]
14411 relevant atoms
24285 auxiliary atoms
38696 final queue length
47795 total queue pushes
Completing instantiation... [0.220s CPU, 0.217s wall-clock]
Instantiating: [0.490s CPU, 0.503s wall-clock]
Computing fact groups...
Finding invariants...
9 initial candidates
Finding invariants: [0.010s CPU, 0.005s wall-clock]
Checking invariant weight... [0.000s CPU, 0.003s wall-clock]
Instantiating groups... [0.010s CPU, 0.003s wall-clock]
Collecting mutex groups... [0.000s CPU, 0.000s wall-clock]
Choosing groups...
0 uncovered facts
Choosing groups: [0.000s CPU, 0.001s wall-clock]
Building translation key... [0.000s CPU, 0.000s wall-clock]
Computing fact groups: [0.020s CPU, 0.014s wall-clock]
Building STRIPS to SAS dictionary... [0.000s CPU, 0.000s wall-clock]
Building dictionary for full mutex groups... [0.000s CPU, 0.000s wall-clock]
Building mutex information...
Building mutex information: [0.000s CPU, 0.000s wall-clock]
Translating task...
Processing axioms...
Simplifying axioms... [0.000s CPU, 0.000s wall-clock]
Translator axioms removed by simplifying: 0
Computing negative axioms... [0.000s CPU, 0.000s wall-clock]
Processing axioms: [0.010s CPU, 0.009s wall-clock]
Translating task: [0.100s CPU, 0.104s wall-clock]
0 effect conditions simplified
0 implied preconditions added
Detecting unreachable propositions...
0 operators removed
0 axioms removed
15 propositions removed
Detecting unreachable propositions: [0.120s CPU, 0.117s wall-clock]
Reordering and filtering variables...
15 of 15 variables necessary.
0 of 15 mutex groups necessary.
4874 of 4874 operators necessary.
0 of 0 axiom rules necessary.
Reordering and filtering variables: [0.010s CPU, 0.014s wall-clock]
Translator variables: 15
Translator derived variables: 0
Translator facts: 326
Translator goal facts: 13
Translator mutex groups: 0
Translator total mutex groups size: 0
Translator operators: 4874
Translator axioms: 0
Translator task size: 24386
Translator peak memory: 55440 KB
Writing output... [0.020s CPU, 0.020s wall-clock]
Done! [0.820s CPU, 0.821s wall-clock]
translate exit code: 0

INFO     Running search (release).
INFO     search stdin: output.sas
INFO     search time limit: 599s
INFO     search memory limit: 3584 MB
INFO     search command line string: /usr/local/downward-projects/downward/experiments/src/thesis/data/thesis-thesis_exp/code-84c08dfff1890fbf6247184940c8166177195ea1_e5e41175/builds/release/bin/downward --evaluator 'h=ff()' --search 'eager(partition(h, hi_partition(), inter_uniform(), intra_uniform() )) ' --internal-plan-file sas_plan < output.sas
[t=0.00194912s, 11732 KB] reading input...
[t=0.0139012s, 13120 KB] done reading input!
[t=0.0178517s, 13916 KB] Simplifying 9410 unary operators... done! [9293 unary operators]
[t=0.0225689s, 14528 KB] time to simplify: 0.00471721s
[t=0.0230373s, 14528 KB] Initializing additive heuristic...
[t=0.0232249s, 14528 KB] Initializing FF heuristic...
[t=0.0232514s, 14528 KB] Building successor generator...done!
[t=0.0244503s, 14528 KB] peak memory difference for successor generator creation: 0 KB
[t=0.0245111s, 14528 KB] time for successor generation creation: 0s
[t=0.0245365s, 14528 KB] Variables: 15
[t=0.0246056s, 14528 KB] FactPairs: 326
[t=0.0246282s, 14528 KB] Bytes per state: 8
[t=0.0246515s, 14528 KB] Conducting best first search without reopening closed nodes, (real) bound = 2147483647
[t=0.0247063s, 14528 KB] New best heuristic value for ff(): 35
[t=0.024824s, 14528 KB] g=0, 1 evaluated, 0 expanded
[t=0.0248499s, 14528 KB] Initial heuristic value for ff(): 35
[t=0.0248799s, 14528 KB] pruning method: none
[t=0.024903s, 14528 KB] Start Timestep: 1693548145269 millisecond(s).
[t=0.025582s, 14528 KB] New best heuristic value for ff(): 34
[t=0.0257398s, 14528 KB] g=3, 13 evaluated, 3 expanded
[t=0.0257661s, 14528 KB] New best heuristic value for ff(): 33
[t=0.0263007s, 14528 KB] g=4, 21 evaluated, 4 expanded
[t=0.0263265s, 14528 KB] New best heuristic value for ff(): 32
[t=0.0272945s, 14528 KB] g=5, 36 evaluated, 7 expanded
[t=0.0335052s, 14528 KB] New best heuristic value for ff(): 31
[t=0.034589s, 14528 KB] g=6, 145 evaluated, 29 expanded
[t=0.0346191s, 14528 KB] New best heuristic value for ff(): 30
[t=0.0367487s, 14528 KB] g=7, 172 evaluated, 33 expanded
[t=0.0493919s, 14528 KB] New best heuristic value for ff(): 29
[t=0.0529968s, 14528 KB] g=8, 347 evaluated, 69 expanded
[t=0.0533253s, 14528 KB] New best heuristic value for ff(): 28
[t=0.056143s, 14528 KB] g=9, 377 evaluated, 74 expanded
[t=0.164994s, 14528 KB] New best heuristic value for ff(): 27
[t=0.165438s, 14528 KB] g=12, 1139 evaluated, 214 expanded
[t=0.276777s, 14528 KB] New best heuristic value for ff(): 26
[t=0.278751s, 14528 KB] g=13, 1688 evaluated, 316 expanded
[t=1.91055s, 15064 KB] New best heuristic value for ff(): 25
[t=1.91451s, 15064 KB] g=14, 5465 evaluated, 1014 expanded
[t=389.264s, 26076 KB] New best heuristic value for ff(): 24
[t=389.269s, 26076 KB] g=19, 55204 evaluated, 9769 expanded
Peak memory: 28172 KB
caught signal 24 -- exiting
Time limit has been reached.
Remove intermediate file output.sas
search exit code: 23

Driver aborting after search
INFO     Planner time: 596.39s
