INFO     planner time limit: 600s
INFO     planner memory limit: 3584 MB

INFO     Running translator.
INFO     translator stdin: None
INFO     translator time limit: 599s
INFO     translator memory limit: 3584 MB
INFO     translator command line string: /usr/local/downward-projects/downward/experiments/src/thesis/.venv/bin/python3 /usr/local/downward-projects/downward/experiments/src/thesis/data/thesis-thesis_exp/code-84c08dfff1890fbf6247184940c8166177195ea1_e5e41175/builds/release/bin/translate/translate.py domain.pddl problem.pddl --sas-file output.sas
Parsing...
Parsing: [0.000s CPU, 0.003s wall-clock]
Normalizing task... [0.000s CPU, 0.000s wall-clock]
Instantiating...
Generating Datalog program... [0.010s CPU, 0.001s wall-clock]
Normalizing Datalog program...
Normalizing Datalog program: [0.000s CPU, 0.003s wall-clock]
Preparing model... [0.000s CPU, 0.002s wall-clock]
Generated 79 rules.
Computing model... [1.020s CPU, 1.019s wall-clock]
86377 relevant atoms
37760 auxiliary atoms
124137 final queue length
372154 total queue pushes
Completing instantiation... [2.740s CPU, 2.748s wall-clock]
Instantiating: [3.820s CPU, 3.816s wall-clock]
Computing fact groups...
Finding invariants...
14 initial candidates
Finding invariants: [0.060s CPU, 0.063s wall-clock]
Checking invariant weight... [0.000s CPU, 0.000s wall-clock]
Instantiating groups... [0.000s CPU, 0.000s wall-clock]
Collecting mutex groups... [0.010s CPU, 0.001s wall-clock]
Choosing groups...
1864 uncovered facts
Choosing groups: [0.000s CPU, 0.001s wall-clock]
Building translation key... [0.000s CPU, 0.006s wall-clock]
Computing fact groups: [0.080s CPU, 0.083s wall-clock]
Building STRIPS to SAS dictionary... [0.010s CPU, 0.002s wall-clock]
Building dictionary for full mutex groups... [0.000s CPU, 0.001s wall-clock]
Building mutex information...
Building mutex information: [0.000s CPU, 0.002s wall-clock]
Translating task...
Processing axioms...
Simplifying axioms... [0.000s CPU, 0.000s wall-clock]
Translator axioms removed by simplifying: 0
Computing negative axioms... [0.000s CPU, 0.000s wall-clock]
Processing axioms: [0.040s CPU, 0.045s wall-clock]
Translating task: [1.610s CPU, 1.616s wall-clock]
76112 effect conditions simplified
0 implied preconditions added
Detecting unreachable propositions...
0 operators removed
0 axioms removed
6 propositions removed
Detecting unreachable propositions: [1.030s CPU, 1.018s wall-clock]
Reordering and filtering variables...
1870 of 1870 variables necessary.
0 of 6 mutex groups necessary.
30936 of 30936 operators necessary.
0 of 0 axiom rules necessary.
Reordering and filtering variables: [0.830s CPU, 0.842s wall-clock]
Translator variables: 1870
Translator derived variables: 0
Translator facts: 4016
Translator goal facts: 24
Translator mutex groups: 0
Translator total mutex groups size: 0
Translator operators: 30936
Translator axioms: 0
Translator task size: 266206
Translator peak memory: 207908 KB
Writing output... [0.210s CPU, 0.218s wall-clock]
Done! [7.670s CPU, 7.673s wall-clock]
translate exit code: 0

INFO     Running search (release).
INFO     search stdin: output.sas
INFO     search time limit: 592s
INFO     search memory limit: 3584 MB
INFO     search command line string: /usr/local/downward-projects/downward/experiments/src/thesis/data/thesis-thesis_exp/code-84c08dfff1890fbf6247184940c8166177195ea1_e5e41175/builds/release/bin/downward --evaluator 'h=ff()' --search 'eager(partition(h, hi_partition(), inter_uniform(), intra_uniform() )) ' --internal-plan-file sas_plan < output.sas
[t=0s, 11732 KB] reading input...
[t=0.143951s, 24140 KB] done reading input!
[t=0.163896s, 32964 KB] Simplifying 138064 unary operators... done! [99832 unary operators]
[t=0.331756s, 41684 KB] time to simplify: 0.16786s
[t=0.332744s, 41684 KB] Initializing additive heuristic...
[t=0.335543s, 41684 KB] Initializing FF heuristic...
[t=0.335633s, 41684 KB] Building successor generator...done!
[t=0.347332s, 41684 KB] peak memory difference for successor generator creation: 0 KB
[t=0.347453s, 41684 KB] time for successor generation creation: 0.00784905s
[t=0.347478s, 41684 KB] Variables: 1870
[t=0.347554s, 41684 KB] FactPairs: 4016
[t=0.347577s, 41684 KB] Bytes per state: 240
[t=0.347599s, 41684 KB] Conducting best first search without reopening closed nodes, (real) bound = 2147483647
[t=0.347665s, 41684 KB] New best heuristic value for ff(): 28
[t=0.349399s, 41684 KB] g=0, 1 evaluated, 0 expanded
[t=0.349427s, 41684 KB] Initial heuristic value for ff(): 28
[t=0.349457s, 41684 KB] pruning method: none
[t=0.349479s, 41684 KB] Start Timestep: 1693555836960 millisecond(s).
[t=0.351411s, 41684 KB] New best heuristic value for ff(): 27
[t=0.353518s, 41684 KB] g=1, 7 evaluated, 1 expanded
[t=0.36336s, 41684 KB] New best heuristic value for ff(): 26
[t=0.363672s, 41684 KB] g=4, 23 evaluated, 3 expanded
[t=0.487256s, 41684 KB] New best heuristic value for ff(): 24
[t=0.489925s, 41684 KB] g=10, 221 evaluated, 28 expanded
[t=0.491176s, 41684 KB] New best heuristic value for ff(): 23
[t=0.491383s, 41684 KB] g=11, 223 evaluated, 28 expanded
[t=0.527117s, 41684 KB] New best heuristic value for ff(): 22
[t=0.52817s, 41684 KB] g=12, 279 evaluated, 32 expanded
[t=0.846999s, 41684 KB] New best heuristic value for ff(): 21
[t=0.849382s, 41684 KB] g=15, 749 evaluated, 77 expanded
[t=0.870906s, 41684 KB] New best heuristic value for ff(): 20
[t=0.873892s, 41684 KB] g=15, 783 evaluated, 79 expanded
[t=0.966832s, 41684 KB] New best heuristic value for ff(): 19
[t=0.967809s, 41684 KB] g=16, 912 evaluated, 93 expanded
[t=1.67456s, 41684 KB] New best heuristic value for ff(): 16
[t=1.67808s, 41684 KB] g=24, 1822 evaluated, 183 expanded
[t=18.2632s, 41684 KB] New best heuristic value for ff(): 15
[t=18.2655s, 41684 KB] g=29, 12682 evaluated, 1216 expanded
Peak memory: 62600 KB
caught signal 24 -- exiting
Time limit has been reached.
Remove intermediate file output.sas
search exit code: 23

Driver aborting after search
INFO     Planner time: 599.62s
