INFO     planner time limit: 900s
INFO     planner memory limit: 3584 MB

INFO     Running translator.
INFO     translator stdin: None
INFO     translator time limit: 899s
INFO     translator memory limit: 3584 MB
INFO     translator command line string: /usr/local/downward-projects/downward/experiments/assign3/.venv/bin/python3 /usr/local/downward-projects/downward/experiments/assign3/data/assign3-anytime_exp/code-fe4f0f1bb525c059c1938ac01bab1b7bae200873_e5e41175/builds/release/bin/translate/translate.py domain.pddl problem.pddl --sas-file output.sas
Parsing...
Parsing: [0.000s CPU, 0.006s wall-clock]
Normalizing task... [0.010s CPU, 0.000s wall-clock]
Instantiating...
Generating Datalog program... [0.000s CPU, 0.001s wall-clock]
Normalizing Datalog program...
Normalizing Datalog program: [0.010s CPU, 0.017s wall-clock]
Preparing model... [0.010s CPU, 0.006s wall-clock]
Generated 400 rules.
Computing model... [0.500s CPU, 0.509s wall-clock]
30397 relevant atoms
31998 auxiliary atoms
62395 final queue length
160558 total queue pushes
Completing instantiation... [2.040s CPU, 2.068s wall-clock]
Instantiating: [2.580s CPU, 2.625s wall-clock]
Computing fact groups...
Finding invariants...
41 initial candidates
Finding invariants: [0.050s CPU, 0.047s wall-clock]
Checking invariant weight... [0.000s CPU, 0.000s wall-clock]
Instantiating groups... [0.000s CPU, 0.000s wall-clock]
Collecting mutex groups... [0.000s CPU, 0.000s wall-clock]
Choosing groups...
371 uncovered facts
Choosing groups: [0.000s CPU, 0.000s wall-clock]
Building translation key... [0.000s CPU, 0.001s wall-clock]
Computing fact groups: [0.050s CPU, 0.050s wall-clock]
Building STRIPS to SAS dictionary... [0.000s CPU, 0.000s wall-clock]
Building dictionary for full mutex groups... [0.000s CPU, 0.000s wall-clock]
Building mutex information...
Building mutex information: [0.000s CPU, 0.000s wall-clock]
Translating task...
Processing axioms...
Simplifying axioms... [0.000s CPU, 0.000s wall-clock]
Translator axioms removed by simplifying: 0
Computing negative axioms... [0.000s CPU, 0.000s wall-clock]
Processing axioms: [0.080s CPU, 0.079s wall-clock]
Translating task: [2.220s CPU, 2.246s wall-clock]
80827 effect conditions simplified
0 implied preconditions added
Detecting unreachable propositions...
0 operators removed
0 axioms removed
2 propositions removed
Detecting unreachable propositions: [1.700s CPU, 1.724s wall-clock]
Reordering and filtering variables...
373 of 373 variables necessary.
1 of 3 mutex groups necessary.
29842 of 29842 operators necessary.
0 of 0 axiom rules necessary.
Reordering and filtering variables: [0.510s CPU, 0.514s wall-clock]
Translator variables: 373
Translator derived variables: 0
Translator facts: 749
Translator goal facts: 4
Translator mutex groups: 1
Translator total mutex groups size: 2
Translator operators: 29842
Translator axioms: 0
Translator task size: 360042
Translator peak memory: 225892 KB
Writing output... [0.270s CPU, 0.277s wall-clock]
Done! [7.420s CPU, 7.530s wall-clock]
translate exit code: 0

INFO     Running search (release).
INFO     search stdin: output.sas
INFO     search time limit: 892s
INFO     search memory limit: 3584 MB
INFO     search command line string: /usr/local/downward-projects/downward/experiments/assign3/data/assign3-anytime_exp/code-fe4f0f1bb525c059c1938ac01bab1b7bae200873_e5e41175/builds/release/bin/downward --evaluator 'h=lmcut()' --search 'eager_anytime(alt(
        [single(weight(h, 2, verbosity=normal)), type_based([h, g()], random_seed=1234)]), 
        reopen_closed=true, f_eval=sum([h, g()]))' --internal-plan-file sas_plan < output.sas
[t=0.00169943s, 10884 KB] reading input...
[t=0.176723s, 24368 KB] done reading input!
[t=0.205032s, 34548 KB] Initializing landmark cut heuristic...
[t=0.205149s, 34548 KB] Building successor generator...done!
[t=0.226583s, 40060 KB] peak memory difference for successor generator creation: 5512 KB
[t=0.226704s, 40060 KB] time for successor generation creation: 0.0207101s
[t=0.226962s, 40060 KB] Variables: 373
[t=0.227353s, 40060 KB] FactPairs: 749
[t=0.227376s, 40060 KB] Bytes per state: 48
[t=0.227398s, 40060 KB] Conducting best first anytime search with reopening closed nodes, (real) bound = 2147483647
[t=0.245597s, 40060 KB] New best heuristic value for lmcut(): 19
[t=0.246248s, 40060 KB] g=0, 1 evaluated, 0 expanded
[t=0.246277s, 40060 KB] Initial heuristic value for lmcut(): 19
[t=0.246311s, 40060 KB] Start Timestep: 1682548680189 millisecond(s).
[t=0.329678s, 40060 KB] New best heuristic value for lmcut(): 18
[t=0.330806s, 40060 KB] g=2, 6 evaluated, 2 expanded
[t=0.361097s, 40060 KB] New best heuristic value for lmcut(): 16
[t=0.361981s, 40060 KB] g=3, 8 evaluated, 4 expanded
[t=0.408286s, 40060 KB] New best heuristic value for lmcut(): 15
[t=0.408892s, 40060 KB] g=4, 11 evaluated, 5 expanded
[t=0.520655s, 40060 KB] New best heuristic value for lmcut(): 14
[t=0.521743s, 40060 KB] g=6, 18 evaluated, 9 expanded
[t=0.549952s, 40060 KB] New best heuristic value for lmcut(): 13
[t=0.550094s, 40060 KB] g=6, 20 evaluated, 9 expanded
[t=1.00272s, 40060 KB] New best heuristic value for lmcut(): 12
[t=1.00359s, 40060 KB] g=11, 50 evaluated, 20 expanded
[t=1.08556s, 40060 KB] New best heuristic value for lmcut(): 11
[t=1.08626s, 40060 KB] g=12, 56 evaluated, 22 expanded
[t=1.5538s, 40060 KB] New best heuristic value for lmcut(): 10
[t=1.55408s, 40060 KB] g=15, 92 evaluated, 42 expanded
[t=1.82383s, 40060 KB] New best heuristic value for lmcut(): 9
[t=1.8246s, 40060 KB] g=18, 115 evaluated, 52 expanded
[t=5.37796s, 40060 KB] New best heuristic value for lmcut(): 8
[t=5.37865s, 40060 KB] g=31, 423 evaluated, 196 expanded, 3 reopened
[t=5.44201s, 40060 KB] New best heuristic value for lmcut(): 7
[t=5.44244s, 40060 KB] g=32, 430 evaluated, 198 expanded, 3 reopened
[t=6.16258s, 40060 KB] New best heuristic value for lmcut(): 6
[t=6.16335s, 40060 KB] g=40, 502 evaluated, 229 expanded, 4 reopened
[t=6.22734s, 40060 KB] New best heuristic value for lmcut(): 5
[t=6.22785s, 40060 KB] g=41, 508 evaluated, 231 expanded, 4 reopened
[t=6.32804s, 40060 KB] New best heuristic value for lmcut(): 4
[t=6.3288s, 40060 KB] g=42, 516 evaluated, 233 expanded, 4 reopened
[t=6.3793s, 40060 KB] New best heuristic value for lmcut(): 3
[t=6.37973s, 40060 KB] g=43, 522 evaluated, 235 expanded, 4 reopened
[t=6.40343s, 40060 KB] New best heuristic value for lmcut(): 2
[t=6.40398s, 40060 KB] g=44, 528 evaluated, 237 expanded, 4 reopened
[t=6.41414s, 40060 KB] New best heuristic value for lmcut(): 1
[t=6.41457s, 40060 KB] g=45, 532 evaluated, 238 expanded, 4 reopened
[t=6.44161s, 40060 KB] New best heuristic value for lmcut(): 0
[t=6.44174s, 40060 KB] g=46, 537 evaluated, 240 expanded, 5 reopened
[t=6.45886s, 40060 KB] Solution found!
unpark pr2 xrel0 yrel0 (1)
base-right pr2 x0 x1 y0 (1)
base-right pr2 x1 x2 y0 (1)
base-down pr2 x2 y0 y1 (1)
base-down pr2 x2 y1 y2 (1)
base-right pr2 x2 x3 y2 (1)
park pr2 (1)
gripper-down pr2 x3 y2 xrel0 x3 yrel0 yrel1 y2 y3 (1)
get-down pr2 x3 y2 xrel0 x3 yrel1 y3 object1 y4 (1)
gripper-up pr2 x3 y2 xrel0 x3 yrel1 yrel0 y3 y2 (1)
unpark pr2 xrel0 yrel0 (1)
base-right pr2 x3 x4 y2 (1)
park pr2 (1)
put-up pr2 x4 y2 xrel0 x4 yrel0 y2 object1 y1 (1)
finish-object object1 x4 y1 (1)
unpark pr2 xrel0 yrel0 (1)
base-down pr2 x4 y2 y3 (1)
base-down pr2 x4 y3 y4 (1)
base-left pr2 x4 x3 y4 (1)
park pr2 (1)
get-right pr2 x3 y4 xrel0 x3 yrel0 y4 object3 x4 (1)
unpark pr2 xrel0 yrel0 (1)
base-right pr2 x3 x4 y4 (1)
park pr2 (1)
put-left pr2 x4 y4 xrel0 x4 yrel0 y4 object3 x3 (1)
get-down pr2 x4 y4 xrel0 x4 yrel0 y4 object2 y5 (1)
unpark pr2 xrel0 yrel0 (1)
base-left pr2 x4 x3 y4 (1)
park pr2 (1)
put-right pr2 x3 y4 xrel0 x3 yrel0 y4 object2 x4 (1)
unpark pr2 xrel0 yrel0 (1)
finish-object object2 x4 y4 (1)
base-up pr2 x3 y4 y3 (1)
base-up pr2 x3 y3 y2 (1)
park pr2 (1)
get-up pr2 x3 y2 xrel0 x3 yrel0 y2 object0 y1 (1)
unpark pr2 xrel0 yrel0 (1)
base-down pr2 x3 y2 y3 (1)
base-down pr2 x3 y3 y4 (1)
park pr2 (1)
gripper-down pr2 x3 y4 xrel0 x3 yrel0 yrel1 y4 y5 (1)
put-up pr2 x3 y4 xrel0 x3 yrel1 y5 object0 y4 (1)
get-up pr2 x3 y4 xrel0 x3 yrel1 y5 object3 y4 (1)
put-right pr2 x3 y4 xrel0 x3 yrel1 y5 object3 x4 (1)
finish-object object0 x3 y4 (1)
finish-object object3 x4 y5 (1)
[t=6.45942s, 40060 KB] Plan length: 46 step(s).
[t=6.46004s, 40060 KB] Plan cost: 46
[t=6.46007s, 40060 KB] Solution: Incumbent solution found!
[t=6.46009s, 40060 KB] Solution Timestep: 1682548686514 millisecond(s).
[t=6.46011s, 40060 KB] Timestamp: 1682548686514 millisecond(s).
[t=6.46014s, 40060 KB] Expanded 242 state(s).
[t=6.46016s, 40060 KB] Reopened 5 state(s).
[t=6.46018s, 40060 KB] Evaluated 539 state(s).
[t=6.46021s, 40060 KB] Evaluations: 539
[t=6.46023s, 40060 KB] Generated 874 state(s).
[t=6.46025s, 40060 KB] Dead ends: 0 state(s).
[t=6.46027s, 40060 KB] Number of registered states: 539
[t=6.4603s, 40060 KB] Int hash set load factor: 539/1024 = 0.526367
[t=6.46032s, 40060 KB] Int hash set resizes: 10
[t=34.2012s, 40060 KB] Solution found!
unpark pr2 xrel0 yrel0 (1)
base-right pr2 x0 x1 y0 (1)
base-right pr2 x1 x2 y0 (1)
base-down pr2 x2 y0 y1 (1)
base-down pr2 x2 y1 y2 (1)
base-right pr2 x2 x3 y2 (1)
park pr2 (1)
gripper-down pr2 x3 y2 xrel0 x3 yrel0 yrel1 y2 y3 (1)
get-down pr2 x3 y2 xrel0 x3 yrel1 y3 object1 y4 (1)
gripper-up pr2 x3 y2 xrel0 x3 yrel1 yrel0 y3 y2 (1)
unpark pr2 xrel0 yrel0 (1)
base-right pr2 x3 x4 y2 (1)
park pr2 (1)
put-up pr2 x4 y2 xrel0 x4 yrel0 y2 object1 y1 (1)
finish-object object1 x4 y1 (1)
unpark pr2 xrel0 yrel0 (1)
base-down pr2 x4 y2 y3 (1)
base-down pr2 x4 y3 y4 (1)
base-down pr2 x4 y4 y5 (1)
park pr2 (1)
get-up pr2 x4 y5 xrel0 x4 yrel0 y5 object3 y4 (1)
gripper-up pr2 x4 y5 xrel0 x4 yrel0 yrel-1 y5 y4 (1)
put-down pr2 x4 y5 xrel0 x4 yrel-1 y4 object3 y5 (1)
finish-object object3 x4 y5 (1)
get-down pr2 x4 y5 xrel0 x4 yrel-1 y4 object2 y5 (1)
gripper-down pr2 x4 y5 xrel0 x4 yrel-1 yrel0 y4 y5 (1)
unpark pr2 xrel0 yrel0 (1)
base-left pr2 x4 x3 y5 (1)
base-up pr2 x3 y5 y4 (1)
base-up pr2 x3 y4 y3 (1)
base-up pr2 x3 y3 y2 (1)
park pr2 (1)
gripper-right pr2 x3 y2 xrel0 xrel1 x3 x4 yrel0 y2 (1)
gripper-down pr2 x3 y2 xrel1 x4 yrel0 yrel1 y2 y3 (1)
put-down pr2 x3 y2 xrel1 x4 yrel1 y3 object2 y4 (1)
gripper-left pr2 x3 y2 xrel1 xrel0 x4 x3 yrel1 y3 (1)
finish-object object2 x4 y4 (1)
gripper-up pr2 x3 y2 xrel0 x3 yrel1 yrel0 y3 y2 (1)
get-up pr2 x3 y2 xrel0 x3 yrel0 y2 object0 y1 (1)
gripper-down pr2 x3 y2 xrel0 x3 yrel0 yrel1 y2 y3 (1)
put-down pr2 x3 y2 xrel0 x3 yrel1 y3 object0 y4 (1)
finish-object object0 x3 y4 (1)
[t=34.2021s, 40060 KB] Plan length: 42 step(s).
[t=34.2027s, 40060 KB] Plan cost: 42
[t=34.2028s, 40060 KB] Solution: Incumbent solution found!
[t=34.2028s, 40060 KB] Solution Timestep: 1682548714670 millisecond(s).
[t=34.2028s, 40060 KB] Timestamp: 1682548714670 millisecond(s).
[t=34.2029s, 40060 KB] Expanded 1636 state(s).
[t=34.2029s, 40060 KB] Reopened 169 state(s).
[t=34.2029s, 40060 KB] Evaluated 2460 state(s).
[t=34.2029s, 40060 KB] Evaluations: 2990
[t=34.203s, 40060 KB] Generated 5902 state(s).
[t=34.203s, 40060 KB] Dead ends: 0 state(s).
[t=34.203s, 40060 KB] Number of registered states: 2990
[t=34.203s, 40060 KB] Int hash set load factor: 2990/4096 = 0.72998
[t=34.203s, 40060 KB] Int hash set resizes: 12
[t=34.8457s, 40060 KB] Solution found!
unpark pr2 xrel0 yrel0 (1)
base-right pr2 x0 x1 y0 (1)
base-right pr2 x1 x2 y0 (1)
base-down pr2 x2 y0 y1 (1)
base-down pr2 x2 y1 y2 (1)
base-right pr2 x2 x3 y2 (1)
park pr2 (1)
gripper-down pr2 x3 y2 xrel0 x3 yrel0 yrel1 y2 y3 (1)
get-down pr2 x3 y2 xrel0 x3 yrel1 y3 object1 y4 (1)
gripper-up pr2 x3 y2 xrel0 x3 yrel1 yrel0 y3 y2 (1)
unpark pr2 xrel0 yrel0 (1)
base-right pr2 x3 x4 y2 (1)
park pr2 (1)
put-up pr2 x4 y2 xrel0 x4 yrel0 y2 object1 y1 (1)
finish-object object1 x4 y1 (1)
unpark pr2 xrel0 yrel0 (1)
base-down pr2 x4 y2 y3 (1)
base-down pr2 x4 y3 y4 (1)
base-down pr2 x4 y4 y5 (1)
park pr2 (1)
get-up pr2 x4 y5 xrel0 x4 yrel0 y5 object3 y4 (1)
gripper-up pr2 x4 y5 xrel0 x4 yrel0 yrel-1 y5 y4 (1)
put-down pr2 x4 y5 xrel0 x4 yrel-1 y4 object3 y5 (1)
finish-object object3 x4 y5 (1)
get-down pr2 x4 y5 xrel0 x4 yrel-1 y4 object2 y5 (1)
gripper-down pr2 x4 y5 xrel0 x4 yrel-1 yrel0 y4 y5 (1)
put-up pr2 x4 y5 xrel0 x4 yrel0 y5 object2 y4 (1)
finish-object object2 x4 y4 (1)
unpark pr2 xrel0 yrel0 (1)
base-left pr2 x4 x3 y5 (1)
base-up pr2 x3 y5 y4 (1)
base-up pr2 x3 y4 y3 (1)
base-up pr2 x3 y3 y2 (1)
park pr2 (1)
get-up pr2 x3 y2 xrel0 x3 yrel0 y2 object0 y1 (1)
gripper-down pr2 x3 y2 xrel0 x3 yrel0 yrel1 y2 y3 (1)
put-down pr2 x3 y2 xrel0 x3 yrel1 y3 object0 y4 (1)
finish-object object0 x3 y4 (1)
[t=34.8466s, 40060 KB] Plan length: 38 step(s).
[t=34.8472s, 40060 KB] Plan cost: 38
[t=34.8472s, 40060 KB] Solution: Incumbent solution found!
[t=34.8472s, 40060 KB] Solution Timestep: 1682548715325 millisecond(s).
[t=34.8472s, 40060 KB] Timestamp: 1682548715325 millisecond(s).
[t=34.8473s, 40060 KB] Expanded 1685 state(s).
[t=34.8473s, 40060 KB] Reopened 195 state(s).
[t=34.8473s, 40060 KB] Evaluated 2505 state(s).
[t=34.8473s, 40060 KB] Evaluations: 3051
[t=34.8474s, 40060 KB] Generated 6067 state(s).
[t=34.8474s, 40060 KB] Dead ends: 0 state(s).
[t=34.8474s, 40060 KB] Number of registered states: 3051
[t=34.8474s, 40060 KB] Int hash set load factor: 3051/4096 = 0.744873
[t=34.8475s, 40060 KB] Int hash set resizes: 12
[t=49.8521s, 40060 KB] Solution found!
unpark pr2 xrel0 yrel0 (1)
base-right pr2 x0 x1 y0 (1)
base-right pr2 x1 x2 y0 (1)
base-down pr2 x2 y0 y1 (1)
base-down pr2 x2 y1 y2 (1)
base-right pr2 x2 x3 y2 (1)
park pr2 (1)
gripper-down pr2 x3 y2 xrel0 x3 yrel0 yrel1 y2 y3 (1)
get-down pr2 x3 y2 xrel0 x3 yrel1 y3 object1 y4 (1)
gripper-up pr2 x3 y2 xrel0 x3 yrel1 yrel0 y3 y2 (1)
gripper-right pr2 x3 y2 xrel0 xrel1 x3 x4 yrel0 y2 (1)
put-up pr2 x3 y2 xrel1 x4 yrel0 y2 object1 y1 (1)
gripper-left pr2 x3 y2 xrel1 xrel0 x4 x3 yrel0 y2 (1)
finish-object object1 x4 y1 (1)
get-up pr2 x3 y2 xrel0 x3 yrel0 y2 object0 y1 (1)
unpark pr2 xrel0 yrel0 (1)
base-right pr2 x3 x4 y2 (1)
base-down pr2 x4 y2 y3 (1)
base-down pr2 x4 y3 y4 (1)
park pr2 (1)
put-left pr2 x4 y4 xrel0 x4 yrel0 y4 object0 x3 (1)
get-down pr2 x4 y4 xrel0 x4 yrel0 y4 object2 y5 (1)
finish-object object0 x3 y4 (1)
gripper-up pr2 x4 y4 xrel0 x4 yrel0 yrel-1 y4 y3 (1)
put-down pr2 x4 y4 xrel0 x4 yrel-1 y3 object2 y4 (1)
get-down pr2 x4 y4 xrel0 x4 yrel-1 y3 object3 y4 (1)
gripper-down pr2 x4 y4 xrel0 x4 yrel-1 yrel0 y3 y4 (1)
put-down pr2 x4 y4 xrel0 x4 yrel0 y4 object3 y5 (1)
finish-object object2 x4 y4 (1)
finish-object object3 x4 y5 (1)
[t=49.8535s, 40060 KB] Plan length: 30 step(s).
[t=49.8542s, 40060 KB] Plan cost: 30
[t=49.8542s, 40060 KB] Solution: Incumbent solution found!
[t=49.8542s, 40060 KB] Solution Timestep: 1682548730578 millisecond(s).
[t=49.8542s, 40060 KB] Timestamp: 1682548730578 millisecond(s).
[t=49.8543s, 40060 KB] Expanded 2528 state(s).
[t=49.8543s, 40060 KB] Reopened 385 state(s).
[t=49.8543s, 40060 KB] Evaluated 3329 state(s).
[t=49.8543s, 40060 KB] Evaluations: 4322
[t=49.8544s, 40060 KB] Generated 9046 state(s).
[t=49.8544s, 40060 KB] Dead ends: 0 state(s).
[t=49.8544s, 40060 KB] Number of registered states: 4322
[t=49.8544s, 40060 KB] Int hash set load factor: 4322/8192 = 0.527588
[t=49.8545s, 40060 KB] Int hash set resizes: 13
[t=283.746s, 40060 KB] Optimal Solution: found
[t=283.748s, 40060 KB] Actual search time: 283.502s
unpark pr2 xrel0 yrel0 (1)
base-right pr2 x0 x1 y0 (1)
base-right pr2 x1 x2 y0 (1)
base-down pr2 x2 y0 y1 (1)
base-down pr2 x2 y1 y2 (1)
base-right pr2 x2 x3 y2 (1)
park pr2 (1)
gripper-down pr2 x3 y2 xrel0 x3 yrel0 yrel1 y2 y3 (1)
get-down pr2 x3 y2 xrel0 x3 yrel1 y3 object1 y4 (1)
gripper-up pr2 x3 y2 xrel0 x3 yrel1 yrel0 y3 y2 (1)
gripper-right pr2 x3 y2 xrel0 xrel1 x3 x4 yrel0 y2 (1)
put-up pr2 x3 y2 xrel1 x4 yrel0 y2 object1 y1 (1)
gripper-left pr2 x3 y2 xrel1 xrel0 x4 x3 yrel0 y2 (1)
finish-object object1 x4 y1 (1)
get-up pr2 x3 y2 xrel0 x3 yrel0 y2 object0 y1 (1)
unpark pr2 xrel0 yrel0 (1)
base-right pr2 x3 x4 y2 (1)
base-down pr2 x4 y2 y3 (1)
base-down pr2 x4 y3 y4 (1)
park pr2 (1)
put-left pr2 x4 y4 xrel0 x4 yrel0 y4 object0 x3 (1)
get-down pr2 x4 y4 xrel0 x4 yrel0 y4 object2 y5 (1)
finish-object object0 x3 y4 (1)
gripper-up pr2 x4 y4 xrel0 x4 yrel0 yrel-1 y4 y3 (1)
put-down pr2 x4 y4 xrel0 x4 yrel-1 y3 object2 y4 (1)
get-down pr2 x4 y4 xrel0 x4 yrel-1 y3 object3 y4 (1)
gripper-down pr2 x4 y4 xrel0 x4 yrel-1 yrel0 y3 y4 (1)
put-down pr2 x4 y4 xrel0 x4 yrel0 y4 object3 y5 (1)
finish-object object2 x4 y4 (1)
finish-object object3 x4 y5 (1)
[t=283.748s, 40060 KB] Plan length: 30 step(s).
[t=283.748s, 40060 KB] Plan cost: 30
[t=283.748s, 40060 KB] Timestamp: 1682548967963 millisecond(s).
[t=283.748s, 40060 KB] Expanded 12053 state(s).
[t=283.748s, 40060 KB] Reopened 624 state(s).
[t=283.748s, 40060 KB] Evaluated 11429 state(s).
[t=283.748s, 40060 KB] Evaluations: 23151
[t=283.748s, 40060 KB] Generated 44539 state(s).
[t=283.748s, 40060 KB] Dead ends: 0 state(s).
[t=283.748s, 40060 KB] Number of registered states: 23151
[t=283.748s, 40060 KB] Int hash set load factor: 23151/32768 = 0.706512
[t=283.748s, 40060 KB] Int hash set resizes: 15
[t=283.748s, 40060 KB] Search time: 283.521s
[t=283.748s, 40060 KB] Total time: 283.748s
Solution found.
Peak memory: 40060 KB
Remove intermediate file output.sas
search exit code: 0

INFO     Running validate.
INFO     validate stdin: None
INFO     validate time limit: None
INFO     validate memory limit: None
INFO     validate command line string: validate domain.pddl problem.pddl sas_plan sas_plan.1 sas_plan.2 sas_plan.3 sas_plan.4
Checking plan: sas_plan
Plan executed successfully - checking goal
Plan valid
Final value: 30 
Checking plan: sas_plan.1
Plan executed successfully - checking goal
Plan valid
Final value: 46 
Checking plan: sas_plan.2
Plan executed successfully - checking goal
Plan valid
Final value: 42 
Checking plan: sas_plan.3
Plan executed successfully - checking goal
Plan valid
Final value: 38 
Checking plan: sas_plan.4
Plan executed successfully - checking goal
Plan valid
Final value: 30 

Successful plans:
Value: 46
 sas_plan.1 46 

Value: 42
 sas_plan.2 42 

Value: 38
 sas_plan.3 38 

Value: 30
 sas_plan 30 
sas_plan.4 30 

validate exit code: 0

INFO     Planner time: 291.35s
