INFO     planner time limit: 600s
INFO     planner memory limit: 3584 MB

INFO     Running translator.
INFO     translator stdin: None
INFO     translator time limit: 599s
INFO     translator memory limit: 3584 MB
INFO     translator command line string: /usr/local/downward-projects/downward/experiments/src/thesis/.venv/bin/python3 /usr/local/downward-projects/downward/experiments/src/thesis/data/thesis-thesis_exp/code-84c08dfff1890fbf6247184940c8166177195ea1_e5e41175/builds/release/bin/translate/translate.py domain.pddl problem.pddl --sas-file output.sas
Parsing...
Parsing: [0.000s CPU, 0.002s wall-clock]
Normalizing task... [0.000s CPU, 0.000s wall-clock]
Instantiating...
Generating Datalog program... [0.000s CPU, 0.000s wall-clock]
Normalizing Datalog program...
Normalizing Datalog program: [0.010s CPU, 0.002s wall-clock]
Preparing model... [0.000s CPU, 0.001s wall-clock]
Generated 51 rules.
Computing model... [0.150s CPU, 0.152s wall-clock]
18873 relevant atoms
6856 auxiliary atoms
25729 final queue length
64385 total queue pushes
Completing instantiation... [0.650s CPU, 0.655s wall-clock]
Instantiating: [0.830s CPU, 0.817s wall-clock]
Computing fact groups...
Finding invariants...
5 initial candidates
Finding invariants: [0.010s CPU, 0.016s wall-clock]
Checking invariant weight... [0.000s CPU, 0.000s wall-clock]
Instantiating groups... [0.000s CPU, 0.001s wall-clock]
Collecting mutex groups... [0.000s CPU, 0.000s wall-clock]
Choosing groups...
16 uncovered facts
Choosing groups: [0.000s CPU, 0.001s wall-clock]
Building translation key... [0.000s CPU, 0.000s wall-clock]
Computing fact groups: [0.010s CPU, 0.019s wall-clock]
Building STRIPS to SAS dictionary... [0.010s CPU, 0.000s wall-clock]
Building dictionary for full mutex groups... [0.000s CPU, 0.000s wall-clock]
Building mutex information...
Building mutex information: [0.000s CPU, 0.000s wall-clock]
Translating task...
Processing axioms...
Simplifying axioms... [0.000s CPU, 0.000s wall-clock]
Translator axioms removed by simplifying: 0
Computing negative axioms... [0.000s CPU, 0.000s wall-clock]
Processing axioms: [0.020s CPU, 0.023s wall-clock]
Translating task: [0.570s CPU, 0.577s wall-clock]
0 effect conditions simplified
0 implied preconditions added
Detecting unreachable propositions...
0 operators removed
0 axioms removed
16 propositions removed
Detecting unreachable propositions: [0.370s CPU, 0.367s wall-clock]
Reordering and filtering variables...
32 of 32 variables necessary.
16 of 32 mutex groups necessary.
17280 of 17280 operators necessary.
0 of 0 axiom rules necessary.
Reordering and filtering variables: [0.050s CPU, 0.052s wall-clock]
Translator variables: 32
Translator derived variables: 0
Translator facts: 288
Translator goal facts: 32
Translator mutex groups: 16
Translator total mutex groups size: 256
Translator operators: 17280
Translator axioms: 0
Translator task size: 88928
Translator peak memory: 97248 KB
Writing output... [0.070s CPU, 0.071s wall-clock]
Done! [1.940s CPU, 1.933s wall-clock]
translate exit code: 0

INFO     Running search (release).
INFO     search stdin: output.sas
INFO     search time limit: 597s
INFO     search memory limit: 3584 MB
INFO     search command line string: /usr/local/downward-projects/downward/experiments/src/thesis/data/thesis-thesis_exp/code-84c08dfff1890fbf6247184940c8166177195ea1_e5e41175/builds/release/bin/downward --evaluator 'h=ff()' --search 'eager(partition(h, lwm_partition(), inter_uniform(), intra_uniform() )) ' --internal-plan-file sas_plan < output.sas
[t=0s, 11732 KB] reading input...
[t=0.051929s, 16788 KB] done reading input!
[t=0.0598745s, 19020 KB] Simplifying 36480 unary operators... done! [32640 unary operators]
[t=0.0766979s, 21836 KB] time to simplify: 0.0168234s
[t=0.079099s, 21836 KB] Initializing additive heuristic...
[t=0.0795461s, 21836 KB] Initializing FF heuristic...
[t=0.0795765s, 21836 KB] Building successor generator...done!
[t=0.0850776s, 21836 KB] peak memory difference for successor generator creation: 0 KB
[t=0.0851702s, 21836 KB] time for successor generation creation: 0.00374123s
[t=0.0851957s, 21836 KB] Variables: 32
[t=0.0852233s, 21836 KB] FactPairs: 288
[t=0.0852462s, 21836 KB] Bytes per state: 12
[t=0.0852694s, 21836 KB] Conducting best first search without reopening closed nodes, (real) bound = 2147483647
[t=0.0853257s, 21836 KB] New best heuristic value for ff(): 56
[t=0.08584s, 21836 KB] g=0, 1 evaluated, 0 expanded
[t=0.0858676s, 21836 KB] Initial heuristic value for ff(): 56
[t=0.0858974s, 21836 KB] pruning method: none
[t=0.0859205s, 21836 KB] Start Timestep: 1693532532852 millisecond(s).
[t=0.0859673s, 21836 KB] New best heuristic value for ff(): 53
[t=0.0863025s, 21836 KB] g=3, 2 evaluated, 1 expanded
[t=0.103168s, 21836 KB] New best heuristic value for ff(): 52
[t=0.104264s, 21836 KB] g=6, 74 evaluated, 2 expanded
[t=0.107108s, 21836 KB] New best heuristic value for ff(): 49
[t=0.109607s, 21836 KB] g=6, 95 evaluated, 2 expanded
[t=0.228689s, 21836 KB] New best heuristic value for ff(): 48
[t=0.231884s, 21836 KB] g=12, 522 evaluated, 8 expanded
[t=0.300587s, 21836 KB] New best heuristic value for ff(): 47
[t=0.302075s, 21836 KB] g=15, 740 evaluated, 11 expanded
[t=0.348459s, 21836 KB] New best heuristic value for ff(): 46
[t=0.350847s, 21836 KB] g=16, 879 evaluated, 13 expanded
[t=0.404358s, 21836 KB] New best heuristic value for ff(): 44
[t=0.40802s, 21836 KB] g=17, 1028 evaluated, 15 expanded
[t=0.803821s, 21836 KB] New best heuristic value for ff(): 43
[t=0.804646s, 21836 KB] g=18, 1917 evaluated, 28 expanded
[t=1.1955s, 21836 KB] New best heuristic value for ff(): 42
[t=1.19743s, 21836 KB] g=22, 2632 evaluated, 38 expanded
[t=1.77096s, 21836 KB] New best heuristic value for ff(): 41
[t=1.77209s, 21836 KB] g=23, 3502 evaluated, 51 expanded
[t=2.02371s, 21836 KB] New best heuristic value for ff(): 40
[t=2.02406s, 21836 KB] g=24, 3836 evaluated, 56 expanded
[t=2.53417s, 21836 KB] New best heuristic value for ff(): 38
[t=2.5348s, 21836 KB] g=26, 4460 evaluated, 65 expanded
[t=5.77166s, 21836 KB] New best heuristic value for ff(): 37
[t=5.77546s, 21836 KB] g=30, 7490 evaluated, 110 expanded
[t=5.80358s, 21836 KB] New best heuristic value for ff(): 35
[t=5.80418s, 21836 KB] g=30, 7512 evaluated, 110 expanded
[t=13.3948s, 23040 KB] New best heuristic value for ff(): 34
[t=13.3954s, 23040 KB] g=31, 12076 evaluated, 178 expanded
[t=24.9763s, 23992 KB] New best heuristic value for ff(): 33
[t=24.9765s, 23992 KB] g=29, 16758 evaluated, 248 expanded
[t=61.6594s, 26552 KB] New best heuristic value for ff(): 32
[t=61.6616s, 26552 KB] g=33, 25925 evaluated, 384 expanded
[t=92.8875s, 27664 KB] New best heuristic value for ff(): 30
[t=92.89s, 27664 KB] g=38, 31091 evaluated, 461 expanded
[t=361.851s, 33196 KB] New best heuristic value for ff(): 29
[t=361.855s, 33196 KB] g=39, 52792 evaluated, 786 expanded
Peak memory: 36312 KB
caught signal 24 -- exiting
Time limit has been reached.
Remove intermediate file output.sas
search exit code: 23

Driver aborting after search
INFO     Planner time: 599.42s
