INFO     planner time limit: 900s
INFO     planner memory limit: 3584 MB

INFO     Running translator.
INFO     translator stdin: None
INFO     translator time limit: 899s
INFO     translator memory limit: 3584 MB
INFO     translator command line string: /usr/local/downward-projects/downward/experiments/.venv/bin/python3 /usr/local/downward-projects/downward/experiments/src/thesis/data/thesis-thesis_exp/code-beb2e19b3d35a0ced2c328754445ca6967892fa8_e5e41175/builds/release/bin/translate/translate.py domain.pddl problem.pddl --sas-file output.sas
Parsing...
Parsing: [0.000s CPU, 0.003s wall-clock]
Normalizing task... [0.000s CPU, 0.000s wall-clock]
Instantiating...
Generating Datalog program... [0.000s CPU, 0.001s wall-clock]
Normalizing Datalog program...
Normalizing Datalog program: [0.000s CPU, 0.001s wall-clock]
Preparing model... [0.000s CPU, 0.003s wall-clock]
Generated 24 rules.
Computing model... [0.020s CPU, 0.018s wall-clock]
2046 relevant atoms
1370 auxiliary atoms
3416 final queue length
4634 total queue pushes
Completing instantiation... [0.030s CPU, 0.025s wall-clock]
Instantiating: [0.050s CPU, 0.050s wall-clock]
Computing fact groups...
Finding invariants...
10 initial candidates
Finding invariants: [0.000s CPU, 0.001s wall-clock]
Checking invariant weight... [0.000s CPU, 0.001s wall-clock]
Instantiating groups... [0.030s CPU, 0.026s wall-clock]
Collecting mutex groups... [0.000s CPU, 0.000s wall-clock]
Choosing groups...
0 uncovered facts
Choosing groups: [0.000s CPU, 0.001s wall-clock]
Building translation key... [0.000s CPU, 0.000s wall-clock]
Computing fact groups: [0.030s CPU, 0.032s wall-clock]
Building STRIPS to SAS dictionary... [0.000s CPU, 0.000s wall-clock]
Building dictionary for full mutex groups... [0.000s CPU, 0.000s wall-clock]
Building mutex information...
Building mutex information: [0.000s CPU, 0.000s wall-clock]
Translating task...
Processing axioms...
Simplifying axioms... [0.000s CPU, 0.000s wall-clock]
Translator axioms removed by simplifying: 0
Computing negative axioms... [0.000s CPU, 0.000s wall-clock]
Processing axioms: [0.000s CPU, 0.002s wall-clock]
Translating task: [0.030s CPU, 0.026s wall-clock]
0 effect conditions simplified
0 implied preconditions added
Detecting unreachable propositions...
0 operators removed
0 axioms removed
3 propositions removed
Detecting unreachable propositions: [0.010s CPU, 0.015s wall-clock]
Reordering and filtering variables...
138 of 138 variables necessary.
135 of 138 mutex groups necessary.
1082 of 1082 operators necessary.
0 of 0 axiom rules necessary.
Reordering and filtering variables: [0.010s CPU, 0.006s wall-clock]
Translator variables: 138
Translator derived variables: 0
Translator facts: 679
Translator goal facts: 135
Translator mutex groups: 135
Translator total mutex groups size: 540
Translator operators: 1082
Translator axioms: 0
Translator task size: 7438
Translator peak memory: 36772 KB
Writing output... [0.010s CPU, 0.006s wall-clock]
Done! [0.140s CPU, 0.142s wall-clock]
translate exit code: 0

INFO     Running search (release).
INFO     search stdin: output.sas
INFO     search time limit: 899s
INFO     search memory limit: 3584 MB
INFO     search command line string: /usr/local/downward-projects/downward/experiments/src/thesis/data/thesis-thesis_exp/code-beb2e19b3d35a0ced2c328754445ca6967892fa8_e5e41175/builds/release/bin/downward --evaluator 'h=ff()' --search 'eager(alt([bts_type(h), single(h)]))' --internal-plan-file sas_plan < output.sas
[t=0.00105276s, 11252 KB] reading input...
[t=0.0052282s, 11644 KB] done reading input!
[t=0.0072928s, 12084 KB] Simplifying 2162 unary operators... done! [2162 unary operators]
[t=0.00838348s, 12084 KB] time to simplify: 0.00109068s
[t=0.00850568s, 12084 KB] Initializing additive heuristic...
[t=0.00868021s, 12084 KB] Initializing FF heuristic...
[t=0.00870565s, 12084 KB] Building successor generator...done!
[t=0.00914384s, 12240 KB] peak memory difference for successor generator creation: 156 KB
[t=0.0091931s, 12240 KB] time for successor generation creation: 0s
[t=0.00921911s, 12240 KB] Variables: 138
[t=0.00925038s, 12240 KB] FactPairs: 679
[t=0.00928169s, 12240 KB] Bytes per state: 36
[t=0.0093052s, 12240 KB] Conducting best first search without reopening closed nodes, (real) bound = 2147483647
[t=0.00936224s, 12240 KB] New best heuristic value for ff(): 271
[t=0.00946041s, 12240 KB] g=0, 1 evaluated, 0 expanded
[t=0.00949136s, 12240 KB] Initial heuristic value for ff(): 271
[t=0.00951874s, 12240 KB] pruning method: none
[t=0.00954264s, 12240 KB] Start Timestep: 1685742732078 millisecond(s).
[t=0.0095968s, 12240 KB] New best heuristic value for ff(): 270
[t=0.00971729s, 12240 KB] g=1, 3 evaluated, 1 expanded
[t=0.0417971s, 12240 KB] New best heuristic value for ff(): 269
[t=0.0420587s, 12240 KB] g=3, 942 evaluated, 7 expanded
[t=0.0420898s, 12240 KB] New best heuristic value for ff(): 268
[t=0.042153s, 12240 KB] g=4, 943 evaluated, 8 expanded
[t=0.0421766s, 12240 KB] New best heuristic value for ff(): 267
[t=0.0423513s, 12240 KB] g=5, 947 evaluated, 10 expanded
[t=0.0423751s, 12240 KB] New best heuristic value for ff(): 266
[t=0.0426335s, 12240 KB] g=7, 953 evaluated, 14 expanded
[t=0.0700598s, 12368 KB] New best heuristic value for ff(): 265
[t=0.0704897s, 12368 KB] g=9, 1750 evaluated, 21 expanded
[t=0.070522s, 12368 KB] New best heuristic value for ff(): 264
[t=0.0705873s, 12368 KB] g=10, 1751 evaluated, 22 expanded
[t=0.0706117s, 12368 KB] New best heuristic value for ff(): 263
[t=0.0708553s, 12368 KB] g=11, 1757 evaluated, 24 expanded
[t=0.0710234s, 12368 KB] New best heuristic value for ff(): 262
[t=0.0712695s, 12368 KB] g=13, 1767 evaluated, 28 expanded
[t=0.145745s, 12796 KB] New best heuristic value for ff(): 261
[t=0.146517s, 12796 KB] g=15, 4008 evaluated, 55 expanded
[t=0.146547s, 12796 KB] New best heuristic value for ff(): 260
[t=0.146613s, 12796 KB] g=16, 4009 evaluated, 56 expanded
[t=0.146707s, 12796 KB] New best heuristic value for ff(): 259
[t=0.146958s, 12796 KB] g=17, 4017 evaluated, 58 expanded
[t=0.146983s, 12796 KB] New best heuristic value for ff(): 258
[t=0.147488s, 12796 KB] g=19, 4031 evaluated, 62 expanded
[t=0.21299s, 13188 KB] New best heuristic value for ff(): 257
[t=0.213562s, 13188 KB] g=21, 5980 evaluated, 85 expanded
[t=0.213595s, 13188 KB] New best heuristic value for ff(): 256
[t=0.213668s, 13188 KB] g=22, 5981 evaluated, 86 expanded
[t=0.213955s, 13188 KB] New best heuristic value for ff(): 255
[t=0.214088s, 13188 KB] g=23, 5991 evaluated, 88 expanded
[t=0.214112s, 13188 KB] New best heuristic value for ff(): 254
[t=0.214732s, 13188 KB] g=25, 6009 evaluated, 92 expanded
[t=0.287581s, 13576 KB] New best heuristic value for ff(): 253
[t=0.287973s, 13576 KB] g=27, 8166 evaluated, 115 expanded
[t=0.288004s, 13576 KB] New best heuristic value for ff(): 252
[t=0.28807s, 13576 KB] g=28, 8167 evaluated, 116 expanded
[t=0.288094s, 13576 KB] New best heuristic value for ff(): 251
[t=0.288535s, 13576 KB] g=29, 8179 evaluated, 118 expanded
[t=0.288558s, 13576 KB] New best heuristic value for ff(): 250
[t=0.289338s, 13576 KB] g=31, 8201 evaluated, 122 expanded
[t=0.340062s, 14092 KB] New best heuristic value for ff(): 249
[t=0.340433s, 14092 KB] g=33, 9700 evaluated, 141 expanded
[t=0.340464s, 14092 KB] New best heuristic value for ff(): 248
[t=0.340528s, 14092 KB] g=34, 9701 evaluated, 142 expanded
[t=0.341025s, 14092 KB] New best heuristic value for ff(): 247
[t=0.34107s, 14092 KB] g=35, 9715 evaluated, 144 expanded
[t=0.341095s, 14092 KB] New best heuristic value for ff(): 246
[t=0.341972s, 14092 KB] g=37, 9741 evaluated, 148 expanded
[t=0.403852s, 14276 KB] New best heuristic value for ff(): 245
[t=0.404794s, 14276 KB] g=39, 11589 evaluated, 169 expanded
[t=0.404841s, 14276 KB] New best heuristic value for ff(): 244
[t=0.404901s, 14276 KB] g=40, 11590 evaluated, 170 expanded
[t=0.405072s, 14276 KB] New best heuristic value for ff(): 243
[t=0.40552s, 14276 KB] g=41, 11606 evaluated, 172 expanded
[t=0.405831s, 14276 KB] New best heuristic value for ff(): 242
[t=0.406549s, 14276 KB] g=43, 11636 evaluated, 176 expanded
[t=0.435285s, 14408 KB] New best heuristic value for ff(): 241
[t=0.436092s, 14408 KB] g=45, 12487 evaluated, 185 expanded
[t=0.436126s, 14408 KB] New best heuristic value for ff(): 240
[t=0.436196s, 14408 KB] g=46, 12488 evaluated, 186 expanded
[t=0.436603s, 14408 KB] New best heuristic value for ff(): 239
[t=0.436913s, 14408 KB] g=47, 12506 evaluated, 188 expanded
[t=0.437198s, 14408 KB] New best heuristic value for ff(): 238
[t=0.438098s, 14408 KB] g=49, 12540 evaluated, 192 expanded
[t=0.498226s, 14672 KB] New best heuristic value for ff(): 237
[t=0.498535s, 14672 KB] g=51, 14332 evaluated, 217 expanded
[t=0.498569s, 14672 KB] New best heuristic value for ff(): 236
[t=0.498634s, 14672 KB] g=52, 14333 evaluated, 218 expanded
[t=0.499195s, 14672 KB] New best heuristic value for ff(): 235
[t=0.499392s, 14672 KB] g=53, 14353 evaluated, 220 expanded
[t=0.504438s, 14672 KB] New best heuristic value for ff(): 234
[t=0.504833s, 14672 KB] g=55, 14517 evaluated, 224 expanded
[t=0.529671s, 15032 KB] New best heuristic value for ff(): 233
[t=0.530423s, 15032 KB] g=57, 15223 evaluated, 233 expanded
[t=0.530453s, 15032 KB] New best heuristic value for ff(): 232
[t=0.530518s, 15032 KB] g=58, 15224 evaluated, 234 expanded
[t=0.534856s, 15032 KB] New best heuristic value for ff(): 231
[t=0.535469s, 15032 KB] g=59, 15372 evaluated, 236 expanded
[t=0.53588s, 15032 KB] New best heuristic value for ff(): 230
[t=0.536877s, 15032 KB] g=61, 15414 evaluated, 240 expanded
[t=0.637735s, 16060 KB] New best heuristic value for ff(): 229
[t=0.638192s, 16060 KB] g=63, 18426 evaluated, 287 expanded
[t=0.638222s, 16060 KB] New best heuristic value for ff(): 228
[t=0.638289s, 16060 KB] g=64, 18427 evaluated, 288 expanded
[t=0.638699s, 16060 KB] New best heuristic value for ff(): 227
[t=0.639217s, 16060 KB] g=65, 18451 evaluated, 290 expanded
[t=0.639727s, 16060 KB] New best heuristic value for ff(): 226
[t=0.640752s, 16060 KB] g=67, 18497 evaluated, 294 expanded
[t=0.770187s, 16524 KB] New best heuristic value for ff(): 225
[t=0.771086s, 16524 KB] g=69, 22369 evaluated, 357 expanded
[t=0.771118s, 16524 KB] New best heuristic value for ff(): 224
[t=0.771188s, 16524 KB] g=70, 22370 evaluated, 358 expanded
[t=0.771211s, 16524 KB] New best heuristic value for ff(): 223
[t=0.772118s, 16524 KB] g=71, 22396 evaluated, 360 expanded
[t=0.773236s, 16524 KB] New best heuristic value for ff(): 222
[t=0.7738s, 16524 KB] g=73, 22446 evaluated, 364 expanded
[t=0.876364s, 16920 KB] New best heuristic value for ff(): 221
[t=0.876581s, 16920 KB] g=75, 25502 evaluated, 409 expanded
[t=0.876617s, 16920 KB] New best heuristic value for ff(): 220
[t=0.876685s, 16920 KB] g=76, 25503 evaluated, 410 expanded
[t=0.877334s, 16920 KB] New best heuristic value for ff(): 219
[t=0.877684s, 16920 KB] g=77, 25531 evaluated, 412 expanded
[t=0.879414s, 16920 KB] New best heuristic value for ff(): 218
[t=0.879466s, 16920 KB] g=79, 25585 evaluated, 416 expanded
[t=0.968813s, 17792 KB] New best heuristic value for ff(): 217
[t=0.969925s, 17792 KB] g=81, 28245 evaluated, 459 expanded
[t=0.969957s, 17792 KB] New best heuristic value for ff(): 216
[t=0.970023s, 17792 KB] g=82, 28246 evaluated, 460 expanded
[t=0.970836s, 17792 KB] New best heuristic value for ff(): 215
[t=0.971087s, 17792 KB] g=83, 28276 evaluated, 462 expanded
[t=0.972918s, 17792 KB] New best heuristic value for ff(): 214
[t=0.973016s, 17792 KB] g=85, 28334 evaluated, 466 expanded
[t=1.07496s, 17924 KB] New best heuristic value for ff(): 213
[t=1.07526s, 17924 KB] g=87, 31403 evaluated, 517 expanded
[t=1.07529s, 17924 KB] New best heuristic value for ff(): 212
[t=1.07536s, 17924 KB] g=88, 31404 evaluated, 518 expanded
[t=1.07592s, 17924 KB] New best heuristic value for ff(): 211
[t=1.0765s, 17924 KB] g=89, 31436 evaluated, 520 expanded
[t=1.0784s, 17924 KB] New best heuristic value for ff(): 210
[t=1.07857s, 17924 KB] g=91, 31498 evaluated, 524 expanded
[t=1.2716s, 20240 KB] New best heuristic value for ff(): 209
[t=1.27263s, 20240 KB] g=93, 37306 evaluated, 621 expanded
[t=1.27266s, 20240 KB] New best heuristic value for ff(): 208
[t=1.27273s, 20240 KB] g=94, 37307 evaluated, 622 expanded
[t=1.27361s, 20240 KB] New best heuristic value for ff(): 207
[t=1.2739s, 20240 KB] g=95, 37340 evaluated, 623 expanded
[t=1.27569s, 20240 KB] New best heuristic value for ff(): 206
[t=1.27609s, 20240 KB] g=97, 37406 evaluated, 627 expanded
[t=1.33775s, 20240 KB] New best heuristic value for ff(): 205
[t=1.33802s, 20240 KB] g=99, 39244 evaluated, 656 expanded
[t=1.33805s, 20240 KB] New best heuristic value for ff(): 204
[t=1.33811s, 20240 KB] g=100, 39245 evaluated, 657 expanded
[t=1.33871s, 20240 KB] New best heuristic value for ff(): 203
[t=1.3394s, 20240 KB] g=101, 39281 evaluated, 659 expanded
[t=1.3408s, 20240 KB] New best heuristic value for ff(): 202
[t=1.34172s, 20240 KB] g=103, 39351 evaluated, 663 expanded
[t=1.37445s, 20240 KB] New best heuristic value for ff(): 201
[t=1.37504s, 20240 KB] g=105, 40322 evaluated, 676 expanded
[t=1.37507s, 20240 KB] New best heuristic value for ff(): 200
[t=1.37514s, 20240 KB] g=106, 40323 evaluated, 677 expanded
[t=1.37577s, 20240 KB] New best heuristic value for ff(): 199
[t=1.37647s, 20240 KB] g=107, 40361 evaluated, 679 expanded
[t=1.37856s, 20240 KB] New best heuristic value for ff(): 198
[t=1.3789s, 20240 KB] g=109, 40435 evaluated, 683 expanded
[t=1.56622s, 21208 KB] New best heuristic value for ff(): 197
[t=1.5665s, 21208 KB] g=111, 45984 evaluated, 778 expanded
[t=1.56653s, 21208 KB] New best heuristic value for ff(): 196
[t=1.56659s, 21208 KB] g=112, 45985 evaluated, 779 expanded
[t=1.56784s, 21208 KB] New best heuristic value for ff(): 195
[t=1.56799s, 21208 KB] g=113, 46025 evaluated, 781 expanded
[t=1.57097s, 21208 KB] New best heuristic value for ff(): 194
[t=1.57175s, 21208 KB] g=115, 46139 evaluated, 785 expanded
[t=1.67415s, 21472 KB] New best heuristic value for ff(): 193
[t=1.67433s, 21472 KB] g=117, 48974 evaluated, 834 expanded
[t=1.67436s, 21472 KB] New best heuristic value for ff(): 192
[t=1.67443s, 21472 KB] g=118, 48975 evaluated, 835 expanded
[t=1.67511s, 21604 KB] New best heuristic value for ff(): 191
[t=1.67602s, 21604 KB] g=119, 49017 evaluated, 837 expanded
[t=1.67928s, 21604 KB] New best heuristic value for ff(): 190
[t=1.67956s, 21604 KB] g=121, 49099 evaluated, 841 expanded
[t=1.83926s, 22132 KB] New best heuristic value for ff(): 189
[t=1.84017s, 22132 KB] g=123, 53508 evaluated, 921 expanded
[t=1.84025s, 22132 KB] New best heuristic value for ff(): 188
[t=1.84028s, 22132 KB] g=124, 53509 evaluated, 922 expanded
[t=1.84128s, 22132 KB] New best heuristic value for ff(): 187
[t=1.8418s, 22132 KB] g=125, 53553 evaluated, 924 expanded
[t=1.84442s, 22132 KB] New best heuristic value for ff(): 186
[t=1.84467s, 22132 KB] g=127, 53639 evaluated, 928 expanded
[t=1.91491s, 22396 KB] New best heuristic value for ff(): 185
[t=1.9157s, 22396 KB] g=129, 55760 evaluated, 965 expanded
[t=1.91573s, 22396 KB] New best heuristic value for ff(): 184
[t=1.91579s, 22396 KB] g=130, 55761 evaluated, 966 expanded
[t=1.91693s, 22396 KB] New best heuristic value for ff(): 183
[t=1.91737s, 22396 KB] g=131, 55807 evaluated, 968 expanded
[t=1.92005s, 22396 KB] New best heuristic value for ff(): 182
[t=1.92032s, 22396 KB] g=133, 55897 evaluated, 972 expanded
[t=2.00731s, 23592 KB] New best heuristic value for ff(): 181
[t=2.0082s, 23592 KB] g=135, 58448 evaluated, 1015 expanded
[t=2.00823s, 23592 KB] New best heuristic value for ff(): 180
[t=2.00829s, 23592 KB] g=136, 58449 evaluated, 1016 expanded
[t=2.00949s, 23592 KB] New best heuristic value for ff(): 179
[t=2.00994s, 23592 KB] g=137, 58497 evaluated, 1018 expanded
[t=2.01246s, 23592 KB] New best heuristic value for ff(): 178
[t=2.01295s, 23592 KB] g=139, 58591 evaluated, 1022 expanded
[t=2.10086s, 23592 KB] New best heuristic value for ff(): 177
[t=2.10111s, 23592 KB] g=141, 61264 evaluated, 1075 expanded
[t=2.10114s, 23592 KB] New best heuristic value for ff(): 176
[t=2.10121s, 23592 KB] g=142, 61265 evaluated, 1076 expanded
[t=2.10273s, 23592 KB] New best heuristic value for ff(): 175
[t=2.1029s, 23592 KB] g=143, 61315 evaluated, 1078 expanded
[t=2.10902s, 23724 KB] New best heuristic value for ff(): 174
[t=2.10939s, 23724 KB] g=145, 61513 evaluated, 1082 expanded
[t=2.35172s, 28360 KB] New best heuristic value for ff(): 173
[t=2.35225s, 28360 KB] g=147, 68849 evaluated, 1228 expanded
[t=2.35228s, 28360 KB] New best heuristic value for ff(): 172
[t=2.35234s, 28360 KB] g=148, 68850 evaluated, 1229 expanded
[t=2.35373s, 28360 KB] New best heuristic value for ff(): 171
[t=2.35409s, 28360 KB] g=149, 68902 evaluated, 1231 expanded
[t=2.35686s, 28360 KB] New best heuristic value for ff(): 170
[t=2.35736s, 28360 KB] g=151, 69004 evaluated, 1235 expanded
[t=2.47456s, 28360 KB] New best heuristic value for ff(): 169
[t=2.47493s, 28360 KB] g=153, 72575 evaluated, 1311 expanded
[t=2.47496s, 28360 KB] New best heuristic value for ff(): 168
[t=2.47503s, 28360 KB] g=154, 72576 evaluated, 1312 expanded
[t=2.47658s, 28360 KB] New best heuristic value for ff(): 167
[t=2.47684s, 28360 KB] g=155, 72630 evaluated, 1314 expanded
[t=2.47971s, 28360 KB] New best heuristic value for ff(): 166
[t=2.48028s, 28360 KB] g=157, 72736 evaluated, 1318 expanded
[t=2.53854s, 28360 KB] New best heuristic value for ff(): 165
[t=2.53905s, 28360 KB] g=159, 74512 evaluated, 1353 expanded
[t=2.53908s, 28360 KB] New best heuristic value for ff(): 164
[t=2.53914s, 28360 KB] g=160, 74513 evaluated, 1354 expanded
[t=2.54056s, 28360 KB] New best heuristic value for ff(): 163
[t=2.54102s, 28360 KB] g=161, 74569 evaluated, 1356 expanded
[t=2.5437s, 28360 KB] New best heuristic value for ff(): 162
[t=2.54454s, 28360 KB] g=163, 74679 evaluated, 1360 expanded
[t=2.65092s, 28360 KB] New best heuristic value for ff(): 161
[t=2.65169s, 28360 KB] g=165, 77932 evaluated, 1433 expanded
[t=2.65172s, 28360 KB] New best heuristic value for ff(): 160
[t=2.65179s, 28360 KB] g=166, 77933 evaluated, 1434 expanded
[t=2.65294s, 28360 KB] New best heuristic value for ff(): 159
[t=2.65372s, 28360 KB] g=167, 77991 evaluated, 1436 expanded
[t=2.65712s, 28360 KB] New best heuristic value for ff(): 158
[t=2.65736s, 28360 KB] g=169, 78104 evaluated, 1439 expanded
[t=2.7528s, 28360 KB] New best heuristic value for ff(): 157
[t=2.75296s, 28360 KB] g=171, 80984 evaluated, 1504 expanded
[t=2.75299s, 28360 KB] New best heuristic value for ff(): 156
[t=2.75306s, 28360 KB] g=172, 80985 evaluated, 1505 expanded
[t=2.75481s, 28360 KB] New best heuristic value for ff(): 155
[t=2.75509s, 28360 KB] g=173, 81045 evaluated, 1507 expanded
[t=2.75794s, 28360 KB] New best heuristic value for ff(): 154
[t=2.7589s, 28360 KB] g=175, 81163 evaluated, 1511 expanded
[t=2.85783s, 28692 KB] New best heuristic value for ff(): 153
[t=2.85812s, 28692 KB] g=177, 84175 evaluated, 1576 expanded
[t=2.85815s, 28692 KB] New best heuristic value for ff(): 152
[t=2.85821s, 28692 KB] g=178, 84176 evaluated, 1577 expanded
[t=2.85985s, 28692 KB] New best heuristic value for ff(): 151
[t=2.86028s, 28692 KB] g=179, 84238 evaluated, 1579 expanded
[t=2.86403s, 28692 KB] New best heuristic value for ff(): 150
[t=2.86418s, 28692 KB] g=181, 84360 evaluated, 1583 expanded
[t=2.9859s, 30316 KB] New best heuristic value for ff(): 149
[t=2.98601s, 30316 KB] g=183, 87792 evaluated, 1664 expanded
[t=2.98604s, 30316 KB] New best heuristic value for ff(): 148
[t=2.98611s, 30316 KB] g=184, 87793 evaluated, 1665 expanded
[t=2.988s, 30316 KB] New best heuristic value for ff(): 147
[t=2.98824s, 30316 KB] g=185, 87857 evaluated, 1667 expanded
[t=2.99218s, 30316 KB] New best heuristic value for ff(): 146
[t=2.99231s, 30316 KB] g=187, 87983 evaluated, 1671 expanded
[t=3.09414s, 30316 KB] New best heuristic value for ff(): 145
[t=3.09467s, 30316 KB] g=189, 91095 evaluated, 1743 expanded
[t=3.09471s, 30316 KB] New best heuristic value for ff(): 144
[t=3.09477s, 30316 KB] g=190, 91096 evaluated, 1744 expanded
[t=3.09688s, 30316 KB] New best heuristic value for ff(): 143
[t=3.09693s, 30316 KB] g=191, 91162 evaluated, 1746 expanded
[t=3.10243s, 30316 KB] New best heuristic value for ff(): 142
[t=3.10256s, 30316 KB] g=193, 91339 evaluated, 1750 expanded
[t=3.28215s, 30976 KB] New best heuristic value for ff(): 141
[t=3.28296s, 30976 KB] g=195, 96881 evaluated, 1873 expanded
[t=3.28299s, 30976 KB] New best heuristic value for ff(): 140
[t=3.28305s, 30976 KB] g=196, 96882 evaluated, 1874 expanded
[t=3.28521s, 30976 KB] New best heuristic value for ff(): 139
[t=3.2853s, 30976 KB] g=197, 96950 evaluated, 1876 expanded
[t=3.2915s, 30976 KB] New best heuristic value for ff(): 138
[t=3.29247s, 30976 KB] g=199, 97172 evaluated, 1880 expanded
[t=3.38087s, 31372 KB] New best heuristic value for ff(): 137
[t=3.38153s, 31372 KB] g=201, 99866 evaluated, 1949 expanded
[t=3.38156s, 31372 KB] New best heuristic value for ff(): 136
[t=3.38163s, 31372 KB] g=202, 99867 evaluated, 1950 expanded
[t=3.38288s, 31372 KB] New best heuristic value for ff(): 135
[t=3.38396s, 31372 KB] g=203, 99937 evaluated, 1952 expanded
[t=3.38811s, 31372 KB] New best heuristic value for ff(): 134
[t=3.38836s, 31372 KB] g=205, 100075 evaluated, 1956 expanded
[t=3.45007s, 31636 KB] New best heuristic value for ff(): 133
[t=3.45021s, 31636 KB] g=207, 101958 evaluated, 2003 expanded
[t=3.45025s, 31636 KB] New best heuristic value for ff(): 132
[t=3.45031s, 31636 KB] g=208, 101959 evaluated, 2004 expanded
[t=3.45209s, 31636 KB] New best heuristic value for ff(): 131
[t=3.45265s, 31636 KB] g=209, 102031 evaluated, 2006 expanded
[t=3.45805s, 31636 KB] New best heuristic value for ff(): 130
[t=3.45829s, 31636 KB] g=211, 102207 evaluated, 2010 expanded
[t=3.62017s, 32296 KB] New best heuristic value for ff(): 129
[t=3.62031s, 32296 KB] g=213, 107212 evaluated, 2163 expanded
[t=3.62034s, 32296 KB] New best heuristic value for ff(): 128
[t=3.62041s, 32296 KB] g=214, 107213 evaluated, 2164 expanded
[t=3.62218s, 32296 KB] New best heuristic value for ff(): 127
[t=3.62279s, 32296 KB] g=215, 107287 evaluated, 2166 expanded
[t=3.62636s, 32296 KB] New best heuristic value for ff(): 126
[t=3.62737s, 32296 KB] g=217, 107433 evaluated, 2170 expanded
[t=3.66943s, 32560 KB] New best heuristic value for ff(): 125
[t=3.66961s, 32560 KB] g=219, 108738 evaluated, 2205 expanded
[t=3.66964s, 32560 KB] New best heuristic value for ff(): 124
[t=3.6697s, 32560 KB] g=220, 108739 evaluated, 2206 expanded
[t=3.67566s, 32560 KB] New best heuristic value for ff(): 123
[t=3.6762s, 32560 KB] g=221, 108939 evaluated, 2208 expanded
[t=3.68089s, 32560 KB] New best heuristic value for ff(): 122
[t=3.68094s, 32560 KB] g=223, 109089 evaluated, 2212 expanded
[t=3.81856s, 34744 KB] New best heuristic value for ff(): 121
[t=3.81902s, 34744 KB] g=225, 113207 evaluated, 2332 expanded
[t=3.81905s, 34744 KB] New best heuristic value for ff(): 120
[t=3.81912s, 34744 KB] g=226, 113208 evaluated, 2333 expanded
[t=3.82263s, 34744 KB] New best heuristic value for ff(): 119
[t=3.82308s, 34744 KB] g=227, 113331 evaluated, 2335 expanded
[t=3.82739s, 34744 KB] New best heuristic value for ff(): 118
[t=3.82786s, 34744 KB] g=229, 113485 evaluated, 2339 expanded
[t=3.87825s, 34744 KB] New best heuristic value for ff(): 117
[t=3.87887s, 34744 KB] g=231, 115086 evaluated, 2384 expanded
[t=3.8789s, 34744 KB] New best heuristic value for ff(): 116
[t=3.87896s, 34744 KB] g=232, 115087 evaluated, 2385 expanded
[t=3.88134s, 34744 KB] New best heuristic value for ff(): 115
[t=3.88147s, 34744 KB] g=233, 115167 evaluated, 2387 expanded
[t=3.88657s, 34744 KB] New best heuristic value for ff(): 114
[t=3.8868s, 34744 KB] g=235, 115339 evaluated, 2391 expanded
[t=4.02102s, 34876 KB] New best heuristic value for ff(): 113
[t=4.02204s, 34876 KB] g=237, 119574 evaluated, 2621 expanded
[t=4.0283s, 35012 KB] New best heuristic value for ff(): 112
[t=4.02933s, 35012 KB] g=239, 119812 evaluated, 2625 expanded
[t=4.16279s, 35540 KB] New best heuristic value for ff(): 111
[t=4.16349s, 35540 KB] g=241, 124007 evaluated, 2850 expanded
[t=4.17008s, 35540 KB] New best heuristic value for ff(): 110
[t=4.1708s, 35540 KB] g=243, 124248 evaluated, 2854 expanded
[t=4.20574s, 35676 KB] New best heuristic value for ff(): 109
[t=4.20605s, 35676 KB] g=245, 125365 evaluated, 2889 expanded
[t=4.20608s, 35676 KB] New best heuristic value for ff(): 108
[t=4.20615s, 35676 KB] g=246, 125366 evaluated, 2890 expanded
[t=4.20867s, 35676 KB] New best heuristic value for ff(): 107
[t=4.20874s, 35676 KB] g=247, 125450 evaluated, 2892 expanded
[t=4.21294s, 35676 KB] New best heuristic value for ff(): 106
[t=4.21377s, 35676 KB] g=249, 125616 evaluated, 2896 expanded
[t=4.2434s, 35812 KB] New best heuristic value for ff(): 105
[t=4.24395s, 35812 KB] g=251, 126567 evaluated, 2925 expanded
[t=4.24398s, 35812 KB] New best heuristic value for ff(): 104
[t=4.24405s, 35812 KB] g=252, 126568 evaluated, 2926 expanded
[t=4.24645s, 35812 KB] New best heuristic value for ff(): 103
[t=4.24671s, 35812 KB] g=253, 126654 evaluated, 2928 expanded
[t=4.25168s, 35812 KB] New best heuristic value for ff(): 102
[t=4.25187s, 35812 KB] g=255, 126824 evaluated, 2932 expanded
[t=4.31186s, 36076 KB] New best heuristic value for ff(): 101
[t=4.31236s, 36076 KB] g=257, 128743 evaluated, 2995 expanded
[t=4.31239s, 36076 KB] New best heuristic value for ff(): 100
[t=4.31246s, 36076 KB] g=258, 128744 evaluated, 2996 expanded
[t=4.31781s, 36076 KB] New best heuristic value for ff(): 99
[t=4.3182s, 36076 KB] g=259, 128924 evaluated, 2998 expanded
[t=4.32304s, 36208 KB] New best heuristic value for ff(): 98
[t=4.32345s, 36208 KB] g=261, 129098 evaluated, 3002 expanded
[t=4.38604s, 36472 KB] New best heuristic value for ff(): 97
[t=4.38698s, 36472 KB] g=263, 131129 evaluated, 3079 expanded
[t=4.38704s, 36472 KB] New best heuristic value for ff(): 96
[t=4.38708s, 36472 KB] g=264, 131130 evaluated, 3080 expanded
[t=4.38912s, 36472 KB] New best heuristic value for ff(): 95
[t=4.38985s, 36472 KB] g=265, 131220 evaluated, 3082 expanded
[t=4.39746s, 36472 KB] New best heuristic value for ff(): 94
[t=4.39751s, 36472 KB] g=267, 131469 evaluated, 3086 expanded
[t=4.49097s, 44804 KB] New best heuristic value for ff(): 93
[t=4.49112s, 44804 KB] g=269, 134300 evaluated, 3197 expanded
[t=4.49115s, 44804 KB] New best heuristic value for ff(): 92
[t=4.49121s, 44804 KB] g=270, 134301 evaluated, 3198 expanded
[t=4.49299s, 44804 KB] New best heuristic value for ff(): 91
[t=4.49403s, 44804 KB] g=271, 134393 evaluated, 3200 expanded
[t=4.49927s, 44804 KB] New best heuristic value for ff(): 90
[t=4.4995s, 44804 KB] g=273, 134575 evaluated, 3204 expanded
[t=4.57273s, 44804 KB] New best heuristic value for ff(): 89
[t=4.57334s, 44804 KB] g=275, 136925 evaluated, 3311 expanded
[t=4.57336s, 44804 KB] New best heuristic value for ff(): 88
[t=4.57343s, 44804 KB] g=276, 136926 evaluated, 3312 expanded
[t=4.57577s, 44804 KB] New best heuristic value for ff(): 87
[t=4.57627s, 44804 KB] g=277, 137020 evaluated, 3314 expanded
[t=4.58158s, 44804 KB] New best heuristic value for ff(): 86
[t=4.58184s, 44804 KB] g=279, 137206 evaluated, 3318 expanded
[t=4.65457s, 44804 KB] New best heuristic value for ff(): 85
[t=4.65534s, 44804 KB] g=281, 139548 evaluated, 3491 expanded
[t=4.66291s, 44804 KB] New best heuristic value for ff(): 84
[t=4.66364s, 44804 KB] g=283, 139828 evaluated, 3495 expanded
[t=4.73102s, 44804 KB] New best heuristic value for ff(): 83
[t=4.7313s, 44804 KB] g=285, 141995 evaluated, 3665 expanded
[t=4.73937s, 44804 KB] New best heuristic value for ff(): 82
[t=4.73962s, 44804 KB] g=287, 142278 evaluated, 3669 expanded
[t=4.81187s, 44804 KB] New best heuristic value for ff(): 81
[t=4.81212s, 44804 KB] g=289, 144602 evaluated, 3835 expanded
[t=4.82022s, 44804 KB] New best heuristic value for ff(): 80
[t=4.82047s, 44804 KB] g=291, 144888 evaluated, 3839 expanded
[t=4.8864s, 44804 KB] New best heuristic value for ff(): 79
[t=4.88666s, 44804 KB] g=293, 147024 evaluated, 3967 expanded
[t=4.88669s, 44804 KB] New best heuristic value for ff(): 78
[t=4.88675s, 44804 KB] g=294, 147025 evaluated, 3968 expanded
[t=4.88947s, 44804 KB] New best heuristic value for ff(): 77
[t=4.8897s, 44804 KB] g=295, 147124 evaluated, 3970 expanded
[t=4.89509s, 44804 KB] New best heuristic value for ff(): 76
[t=4.89539s, 44804 KB] g=297, 147320 evaluated, 3974 expanded
[t=4.96089s, 44804 KB] New best heuristic value for ff(): 75
[t=4.96155s, 44804 KB] g=299, 149450 evaluated, 4127 expanded
[t=4.96924s, 44804 KB] New best heuristic value for ff(): 74
[t=4.97011s, 44804 KB] g=301, 149745 evaluated, 4131 expanded
[t=5.04698s, 44804 KB] New best heuristic value for ff(): 73
[t=5.04765s, 44804 KB] g=303, 152226 evaluated, 4281 expanded
[t=5.05532s, 44804 KB] New best heuristic value for ff(): 72
[t=5.0563s, 44804 KB] g=305, 152524 evaluated, 4285 expanded
[t=5.11627s, 44804 KB] New best heuristic value for ff(): 71
[t=5.11688s, 44804 KB] g=307, 154481 evaluated, 4431 expanded
[t=5.12543s, 44804 KB] New best heuristic value for ff(): 70
[t=5.12555s, 44804 KB] g=309, 154783 evaluated, 4435 expanded
[t=5.18552s, 44804 KB] New best heuristic value for ff(): 69
[t=5.1858s, 44804 KB] g=311, 156750 evaluated, 4574 expanded
[t=5.19388s, 44804 KB] New best heuristic value for ff(): 68
[t=5.19445s, 44804 KB] g=313, 157054 evaluated, 4578 expanded
[t=5.24326s, 44804 KB] New best heuristic value for ff(): 67
[t=5.24398s, 44804 KB] g=315, 158675 evaluated, 4663 expanded
[t=5.24401s, 44804 KB] New best heuristic value for ff(): 66
[t=5.24407s, 44804 KB] g=316, 158676 evaluated, 4664 expanded
[t=5.24634s, 44804 KB] New best heuristic value for ff(): 65
[t=5.24712s, 44804 KB] g=317, 158781 evaluated, 4666 expanded
[t=5.25263s, 44804 KB] New best heuristic value for ff(): 64
[t=5.25303s, 44804 KB] g=319, 158989 evaluated, 4670 expanded
[t=5.29778s, 44804 KB] New best heuristic value for ff(): 63
[t=5.29879s, 44804 KB] g=321, 160488 evaluated, 4798 expanded
[t=5.31035s, 44804 KB] New best heuristic value for ff(): 62
[t=5.31118s, 44804 KB] g=323, 160909 evaluated, 4802 expanded
[t=5.36154s, 44804 KB] New best heuristic value for ff(): 61
[t=5.36239s, 44804 KB] g=325, 162571 evaluated, 4928 expanded
[t=5.37096s, 44804 KB] New best heuristic value for ff(): 60
[t=5.37125s, 44804 KB] g=327, 162887 evaluated, 4932 expanded
[t=5.41611s, 44820 KB] New best heuristic value for ff(): 59
[t=5.41694s, 44820 KB] g=329, 164378 evaluated, 5054 expanded
[t=5.42553s, 44820 KB] New best heuristic value for ff(): 58
[t=5.42577s, 44820 KB] g=331, 164697 evaluated, 5058 expanded
[t=5.46756s, 44952 KB] New best heuristic value for ff(): 57
[t=5.46769s, 44952 KB] g=333, 166074 evaluated, 5175 expanded
[t=5.47592s, 45084 KB] New best heuristic value for ff(): 56
[t=5.47658s, 45084 KB] g=335, 166396 evaluated, 5179 expanded
[t=5.51265s, 45216 KB] New best heuristic value for ff(): 55
[t=5.51354s, 45216 KB] g=337, 167626 evaluated, 5293 expanded
[t=5.5222s, 45216 KB] New best heuristic value for ff(): 54
[t=5.52249s, 45216 KB] g=339, 167951 evaluated, 5297 expanded
[t=5.55796s, 45348 KB] New best heuristic value for ff(): 53
[t=5.55828s, 45348 KB] g=341, 169149 evaluated, 5406 expanded
[t=5.57031s, 45480 KB] New best heuristic value for ff(): 52
[t=5.57091s, 45480 KB] g=343, 169588 evaluated, 5410 expanded
[t=5.60559s, 45612 KB] New best heuristic value for ff(): 51
[t=5.60607s, 45612 KB] g=345, 170776 evaluated, 5515 expanded
[t=5.61439s, 45612 KB] New best heuristic value for ff(): 50
[t=5.61508s, 45612 KB] g=347, 171107 evaluated, 5519 expanded
[t=5.65324s, 45748 KB] New best heuristic value for ff(): 49
[t=5.65334s, 45748 KB] g=349, 172382 evaluated, 5620 expanded
[t=5.66371s, 45880 KB] New best heuristic value for ff(): 48
[t=5.66385s, 45880 KB] g=351, 172759 evaluated, 5624 expanded
[t=5.69943s, 46012 KB] New best heuristic value for ff(): 47
[t=5.69965s, 46012 KB] g=353, 173953 evaluated, 5722 expanded
[t=5.70779s, 46012 KB] New best heuristic value for ff(): 46
[t=5.70879s, 46012 KB] g=355, 174290 evaluated, 5726 expanded
[t=5.73658s, 46144 KB] New best heuristic value for ff(): 45
[t=5.73675s, 46144 KB] g=357, 175206 evaluated, 5819 expanded
[t=5.74555s, 46144 KB] New best heuristic value for ff(): 44
[t=5.74596s, 46144 KB] g=359, 175546 evaluated, 5823 expanded
[t=5.79074s, 49020 KB] New best heuristic value for ff(): 43
[t=5.79177s, 49020 KB] g=361, 176411 evaluated, 5911 expanded
[t=5.80013s, 49020 KB] New best heuristic value for ff(): 42
[t=5.80088s, 49020 KB] g=363, 176754 evaluated, 5915 expanded
[t=5.81481s, 49020 KB] New best heuristic value for ff(): 41
[t=5.81571s, 49020 KB] g=365, 177268 evaluated, 5968 expanded
[t=5.81575s, 49020 KB] New best heuristic value for ff(): 40
[t=5.81582s, 49020 KB] g=366, 177269 evaluated, 5969 expanded
[t=5.81888s, 49020 KB] New best heuristic value for ff(): 39
[t=5.81901s, 49020 KB] g=367, 177387 evaluated, 5971 expanded
[t=5.82517s, 49020 KB] New best heuristic value for ff(): 38
[t=5.82523s, 49020 KB] g=369, 177621 evaluated, 5975 expanded
[t=5.85351s, 49020 KB] New best heuristic value for ff(): 37
[t=5.85384s, 49020 KB] g=371, 178593 evaluated, 6052 expanded
[t=5.86293s, 49020 KB] New best heuristic value for ff(): 36
[t=5.8631s, 49020 KB] g=373, 178945 evaluated, 6056 expanded
[t=5.89549s, 49020 KB] New best heuristic value for ff(): 35
[t=5.89636s, 49020 KB] g=375, 180089 evaluated, 6130 expanded
[t=5.90492s, 49020 KB] New best heuristic value for ff(): 34
[t=5.90566s, 49020 KB] g=377, 180444 evaluated, 6134 expanded
[t=5.92066s, 49020 KB] New best heuristic value for ff(): 33
[t=5.92099s, 49020 KB] g=379, 180963 evaluated, 6204 expanded
[t=5.93009s, 49020 KB] New best heuristic value for ff(): 32
[t=5.93032s, 49020 KB] g=381, 181321 evaluated, 6208 expanded
[t=5.94162s, 49020 KB] New best heuristic value for ff(): 31
[t=5.94189s, 49020 KB] g=383, 181717 evaluated, 6255 expanded
[t=5.94192s, 49020 KB] New best heuristic value for ff(): 30
[t=5.94197s, 49020 KB] g=384, 181718 evaluated, 6256 expanded
[t=5.94473s, 49020 KB] New best heuristic value for ff(): 29
[t=5.94523s, 49020 KB] g=385, 181841 evaluated, 6258 expanded
[t=5.95101s, 49020 KB] New best heuristic value for ff(): 28
[t=5.95156s, 49020 KB] g=387, 182085 evaluated, 6262 expanded
[t=5.96886s, 49020 KB] New best heuristic value for ff(): 27
[t=5.96952s, 49020 KB] g=389, 182676 evaluated, 6320 expanded
[t=5.97837s, 49020 KB] New best heuristic value for ff(): 26
[t=5.97896s, 49020 KB] g=391, 183043 evaluated, 6324 expanded
[t=5.99027s, 49020 KB] New best heuristic value for ff(): 25
[t=5.99045s, 49020 KB] g=393, 183436 evaluated, 6378 expanded
[t=5.9996s, 49020 KB] New best heuristic value for ff(): 24
[t=5.9999s, 49020 KB] g=395, 183806 evaluated, 6382 expanded
[t=6.01406s, 49020 KB] New best heuristic value for ff(): 23
[t=6.01461s, 49020 KB] g=397, 184278 evaluated, 6431 expanded
[t=6.02336s, 49020 KB] New best heuristic value for ff(): 22
[t=6.02411s, 49020 KB] g=399, 184651 evaluated, 6435 expanded
[t=6.03174s, 49020 KB] New best heuristic value for ff(): 21
[t=6.03205s, 49020 KB] g=401, 184923 evaluated, 6481 expanded
[t=6.04117s, 49020 KB] New best heuristic value for ff(): 20
[t=6.04162s, 49020 KB] g=403, 185299 evaluated, 6485 expanded
[t=6.05687s, 49020 KB] New best heuristic value for ff(): 19
[t=6.05747s, 49020 KB] g=405, 185823 evaluated, 6527 expanded
[t=6.0663s, 49020 KB] New best heuristic value for ff(): 18
[t=6.06705s, 49020 KB] g=407, 186202 evaluated, 6531 expanded
[t=6.08415s, 49020 KB] New best heuristic value for ff(): 17
[t=6.08446s, 49020 KB] g=409, 186778 evaluated, 6569 expanded
[t=6.09358s, 49020 KB] New best heuristic value for ff(): 16
[t=6.09411s, 49020 KB] g=411, 187160 evaluated, 6573 expanded
[t=6.09881s, 49152 KB] New best heuristic value for ff(): 15
[t=6.09933s, 49152 KB] g=413, 187331 evaluated, 6607 expanded
[t=6.10825s, 49152 KB] New best heuristic value for ff(): 14
[t=6.10901s, 49152 KB] g=415, 187716 evaluated, 6611 expanded
[t=6.11453s, 49152 KB] New best heuristic value for ff(): 13
[t=6.11462s, 49152 KB] g=417, 187921 evaluated, 6640 expanded
[t=6.12396s, 49152 KB] New best heuristic value for ff(): 12
[t=6.12434s, 49152 KB] g=419, 188309 evaluated, 6644 expanded
[t=6.12919s, 49288 KB] New best heuristic value for ff(): 11
[t=6.12931s, 49288 KB] g=421, 188465 evaluated, 6670 expanded
[t=6.13862s, 49288 KB] New best heuristic value for ff(): 10
[t=6.13944s, 49288 KB] g=423, 188867 evaluated, 6674 expanded
[t=6.1428s, 49288 KB] New best heuristic value for ff(): 9
[t=6.14348s, 49288 KB] g=425, 188994 evaluated, 6696 expanded
[t=6.15328s, 49420 KB] New best heuristic value for ff(): 8
[t=6.15336s, 49420 KB] g=427, 189388 evaluated, 6700 expanded
[t=6.15431s, 49420 KB] New best heuristic value for ff(): 7
[t=6.15454s, 49420 KB] g=429, 189426 evaluated, 6718 expanded
[t=6.16374s, 49420 KB] New best heuristic value for ff(): 6
[t=6.1646s, 49420 KB] g=431, 189823 evaluated, 6722 expanded
[t=6.16477s, 49420 KB] New best heuristic value for ff(): 5
[t=6.16542s, 49420 KB] g=433, 189848 evaluated, 6736 expanded
[t=6.17526s, 49420 KB] New best heuristic value for ff(): 4
[t=6.17549s, 49420 KB] g=435, 190249 evaluated, 6740 expanded
[t=6.17552s, 49420 KB] New best heuristic value for ff(): 3
[t=6.17571s, 49420 KB] g=436, 190255 evaluated, 6742 expanded
[t=6.17574s, 49420 KB] New best heuristic value for ff(): 2
[t=6.17582s, 49420 KB] g=437, 190257 evaluated, 6744 expanded
[t=6.17585s, 49420 KB] New best heuristic value for ff(): 1
[t=6.17594s, 49420 KB] g=438, 190259 evaluated, 6746 expanded
[t=6.17832s, 49420 KB] New best heuristic value for ff(): 0
[t=6.17849s, 49420 KB] g=439, 190396 evaluated, 6748 expanded
[t=6.17852s, 49420 KB] Solution found!
[t=6.17859s, 49420 KB] Actual search time: 6.16899s
pick ball8 rooma right (1)
pick ball71 rooma left (1)
move rooma roomb (1)
drop ball71 roomb left (1)
drop ball8 roomb right (1)
move roomb rooma (1)
pick ball100 rooma left (1)
pick ball112 rooma right (1)
move rooma roomb (1)
drop ball100 roomb left (1)
drop ball112 roomb right (1)
move roomb rooma (1)
pick ball104 rooma left (1)
pick ball124 rooma right (1)
move rooma roomb (1)
drop ball104 roomb left (1)
drop ball124 roomb right (1)
move roomb rooma (1)
pick ball105 rooma left (1)
pick ball17 rooma right (1)
move rooma roomb (1)
drop ball105 roomb left (1)
drop ball17 roomb right (1)
move roomb rooma (1)
pick ball1 rooma left (1)
pick ball14 rooma right (1)
move rooma roomb (1)
drop ball1 roomb left (1)
drop ball14 roomb right (1)
move roomb rooma (1)
pick ball106 rooma left (1)
pick ball62 rooma right (1)
move rooma roomb (1)
drop ball106 roomb left (1)
drop ball62 roomb right (1)
move roomb rooma (1)
pick ball96 rooma right (1)
pick ball66 rooma left (1)
move rooma roomb (1)
drop ball66 roomb left (1)
drop ball96 roomb right (1)
move roomb rooma (1)
pick ball103 rooma left (1)
pick ball56 rooma right (1)
move rooma roomb (1)
drop ball103 roomb left (1)
drop ball56 roomb right (1)
move roomb rooma (1)
pick ball11 rooma left (1)
pick ball7 rooma right (1)
move rooma roomb (1)
drop ball11 roomb left (1)
drop ball7 roomb right (1)
move roomb rooma (1)
pick ball102 rooma left (1)
pick ball89 rooma right (1)
move rooma roomb (1)
drop ball102 roomb left (1)
drop ball89 roomb right (1)
move roomb rooma (1)
pick ball127 rooma left (1)
pick ball33 rooma right (1)
move rooma roomb (1)
drop ball127 roomb left (1)
drop ball33 roomb right (1)
move roomb rooma (1)
pick ball109 rooma left (1)
pick ball123 rooma right (1)
move rooma roomb (1)
drop ball109 roomb left (1)
drop ball123 roomb right (1)
move roomb rooma (1)
pick ball107 rooma left (1)
pick ball19 rooma right (1)
move rooma roomb (1)
drop ball107 roomb left (1)
drop ball19 roomb right (1)
move roomb rooma (1)
pick ball113 rooma left (1)
pick ball125 rooma right (1)
move rooma roomb (1)
drop ball113 roomb left (1)
drop ball125 roomb right (1)
move roomb rooma (1)
pick ball122 rooma left (1)
pick ball70 rooma right (1)
move rooma roomb (1)
drop ball122 roomb left (1)
drop ball70 roomb right (1)
move roomb rooma (1)
pick ball134 rooma left (1)
pick ball85 rooma right (1)
move rooma roomb (1)
drop ball134 roomb left (1)
drop ball85 roomb right (1)
move roomb rooma (1)
pick ball115 rooma left (1)
pick ball59 rooma right (1)
move rooma roomb (1)
drop ball115 roomb left (1)
drop ball59 roomb right (1)
move roomb rooma (1)
pick ball114 rooma left (1)
pick ball26 rooma right (1)
move rooma roomb (1)
drop ball114 roomb left (1)
drop ball26 roomb right (1)
move roomb rooma (1)
pick ball37 rooma left (1)
pick ball39 rooma right (1)
move rooma roomb (1)
drop ball37 roomb left (1)
drop ball39 roomb right (1)
move roomb rooma (1)
pick ball116 rooma left (1)
pick ball69 rooma right (1)
move rooma roomb (1)
drop ball116 roomb left (1)
drop ball69 roomb right (1)
move roomb rooma (1)
pick ball13 rooma left (1)
pick ball34 rooma right (1)
move rooma roomb (1)
drop ball13 roomb left (1)
drop ball34 roomb right (1)
move roomb rooma (1)
pick ball119 rooma left (1)
pick ball35 rooma right (1)
move rooma roomb (1)
drop ball119 roomb left (1)
drop ball35 roomb right (1)
move roomb rooma (1)
pick ball118 rooma left (1)
pick ball32 rooma right (1)
move rooma roomb (1)
drop ball118 roomb left (1)
drop ball32 roomb right (1)
move roomb rooma (1)
pick ball108 rooma left (1)
pick ball61 rooma right (1)
move rooma roomb (1)
drop ball108 roomb left (1)
drop ball61 roomb right (1)
move roomb rooma (1)
pick ball117 rooma left (1)
pick ball76 rooma right (1)
move rooma roomb (1)
drop ball117 roomb left (1)
drop ball76 roomb right (1)
move roomb rooma (1)
pick ball128 rooma left (1)
pick ball21 rooma right (1)
move rooma roomb (1)
drop ball128 roomb left (1)
drop ball21 roomb right (1)
move roomb rooma (1)
pick ball18 rooma left (1)
pick ball40 rooma right (1)
move rooma roomb (1)
drop ball18 roomb left (1)
drop ball40 roomb right (1)
move roomb rooma (1)
pick ball27 rooma left (1)
pick ball97 rooma right (1)
move rooma roomb (1)
drop ball27 roomb left (1)
drop ball97 roomb right (1)
move roomb rooma (1)
pick ball129 rooma left (1)
pick ball42 rooma right (1)
move rooma roomb (1)
drop ball129 roomb left (1)
drop ball42 roomb right (1)
move roomb rooma (1)
pick ball12 rooma left (1)
pick ball74 rooma right (1)
move rooma roomb (1)
drop ball12 roomb left (1)
drop ball74 roomb right (1)
move roomb rooma (1)
pick ball10 rooma left (1)
pick ball94 rooma right (1)
move rooma roomb (1)
drop ball10 roomb left (1)
drop ball94 roomb right (1)
move roomb rooma (1)
pick ball3 rooma left (1)
pick ball83 rooma right (1)
move rooma roomb (1)
drop ball3 roomb left (1)
drop ball83 roomb right (1)
move roomb rooma (1)
pick ball6 rooma left (1)
pick ball78 rooma right (1)
move rooma roomb (1)
drop ball6 roomb left (1)
drop ball78 roomb right (1)
move roomb rooma (1)
pick ball41 rooma left (1)
pick ball121 rooma right (1)
move rooma roomb (1)
drop ball41 roomb left (1)
drop ball121 roomb right (1)
move roomb rooma (1)
pick ball30 rooma left (1)
pick ball15 rooma right (1)
move rooma roomb (1)
drop ball30 roomb left (1)
drop ball15 roomb right (1)
move roomb rooma (1)
pick ball101 rooma left (1)
pick ball90 rooma right (1)
move rooma roomb (1)
drop ball101 roomb left (1)
drop ball90 roomb right (1)
move roomb rooma (1)
pick ball28 rooma left (1)
pick ball22 rooma right (1)
move rooma roomb (1)
drop ball28 roomb left (1)
drop ball22 roomb right (1)
move roomb rooma (1)
pick ball73 rooma left (1)
pick ball65 rooma right (1)
move rooma roomb (1)
drop ball73 roomb left (1)
drop ball65 roomb right (1)
move roomb rooma (1)
pick ball110 rooma left (1)
pick ball130 rooma right (1)
move rooma roomb (1)
drop ball110 roomb left (1)
drop ball130 roomb right (1)
move roomb rooma (1)
pick ball111 rooma left (1)
move rooma roomb (1)
drop ball111 roomb left (1)
move roomb rooma (1)
pick ball120 rooma left (1)
move rooma roomb (1)
drop ball120 roomb left (1)
move roomb rooma (1)
pick ball38 rooma left (1)
pick ball57 rooma right (1)
move rooma roomb (1)
drop ball38 roomb left (1)
drop ball57 roomb right (1)
move roomb rooma (1)
pick ball133 rooma left (1)
pick ball50 rooma right (1)
move rooma roomb (1)
drop ball133 roomb left (1)
drop ball50 roomb right (1)
move roomb rooma (1)
pick ball53 rooma left (1)
pick ball51 rooma right (1)
move rooma roomb (1)
drop ball53 roomb left (1)
drop ball51 roomb right (1)
move roomb rooma (1)
pick ball48 rooma left (1)
pick ball81 rooma right (1)
move rooma roomb (1)
drop ball48 roomb left (1)
drop ball81 roomb right (1)
move roomb rooma (1)
pick ball9 rooma left (1)
pick ball5 rooma right (1)
move rooma roomb (1)
drop ball9 roomb left (1)
drop ball5 roomb right (1)
move roomb rooma (1)
pick ball31 rooma left (1)
pick ball135 rooma right (1)
move rooma roomb (1)
drop ball31 roomb left (1)
drop ball135 roomb right (1)
move roomb rooma (1)
pick ball126 rooma left (1)
move rooma roomb (1)
drop ball126 roomb left (1)
move roomb rooma (1)
pick ball131 rooma left (1)
move rooma roomb (1)
drop ball131 roomb left (1)
move roomb rooma (1)
pick ball132 rooma left (1)
move rooma roomb (1)
drop ball132 roomb left (1)
move roomb rooma (1)
pick ball47 rooma left (1)
pick ball23 rooma right (1)
move rooma roomb (1)
drop ball47 roomb left (1)
drop ball23 roomb right (1)
move roomb rooma (1)
pick ball16 rooma left (1)
move rooma roomb (1)
drop ball16 roomb left (1)
move roomb rooma (1)
pick ball2 rooma left (1)
move rooma roomb (1)
drop ball2 roomb left (1)
move roomb rooma (1)
pick ball20 rooma left (1)
move rooma roomb (1)
drop ball20 roomb left (1)
move roomb rooma (1)
pick ball24 rooma left (1)
move rooma roomb (1)
drop ball24 roomb left (1)
move roomb rooma (1)
pick ball91 rooma left (1)
pick ball95 rooma right (1)
move rooma roomb (1)
drop ball91 roomb left (1)
drop ball95 roomb right (1)
move roomb rooma (1)
pick ball25 rooma left (1)
move rooma roomb (1)
drop ball25 roomb left (1)
move roomb rooma (1)
pick ball29 rooma left (1)
move rooma roomb (1)
drop ball29 roomb left (1)
move roomb rooma (1)
pick ball36 rooma left (1)
move rooma roomb (1)
drop ball36 roomb left (1)
move roomb rooma (1)
pick ball4 rooma left (1)
move rooma roomb (1)
drop ball4 roomb left (1)
move roomb rooma (1)
pick ball43 rooma left (1)
move rooma roomb (1)
drop ball43 roomb left (1)
move roomb rooma (1)
pick ball44 rooma left (1)
move rooma roomb (1)
drop ball44 roomb left (1)
move roomb rooma (1)
pick ball45 rooma left (1)
move rooma roomb (1)
drop ball45 roomb left (1)
move roomb rooma (1)
pick ball46 rooma left (1)
move rooma roomb (1)
drop ball46 roomb left (1)
move roomb rooma (1)
pick ball49 rooma left (1)
move rooma roomb (1)
drop ball49 roomb left (1)
move roomb rooma (1)
pick ball52 rooma left (1)
move rooma roomb (1)
drop ball52 roomb left (1)
move roomb rooma (1)
pick ball54 rooma left (1)
move rooma roomb (1)
drop ball54 roomb left (1)
move roomb rooma (1)
pick ball93 rooma left (1)
pick ball88 rooma right (1)
move rooma roomb (1)
drop ball93 roomb left (1)
drop ball88 roomb right (1)
move roomb rooma (1)
pick ball55 rooma left (1)
move rooma roomb (1)
drop ball55 roomb left (1)
move roomb rooma (1)
pick ball58 rooma left (1)
move rooma roomb (1)
drop ball58 roomb left (1)
move roomb rooma (1)
pick ball60 rooma left (1)
move rooma roomb (1)
drop ball60 roomb left (1)
move roomb rooma (1)
pick ball92 rooma left (1)
pick ball84 rooma right (1)
move rooma roomb (1)
drop ball92 roomb left (1)
drop ball84 roomb right (1)
move roomb rooma (1)
pick ball63 rooma left (1)
move rooma roomb (1)
drop ball63 roomb left (1)
move roomb rooma (1)
pick ball64 rooma left (1)
move rooma roomb (1)
drop ball64 roomb left (1)
move roomb rooma (1)
pick ball67 rooma left (1)
move rooma roomb (1)
drop ball67 roomb left (1)
move roomb rooma (1)
pick ball68 rooma left (1)
move rooma roomb (1)
drop ball68 roomb left (1)
move roomb rooma (1)
pick ball72 rooma left (1)
move rooma roomb (1)
drop ball72 roomb left (1)
move roomb rooma (1)
pick ball75 rooma left (1)
move rooma roomb (1)
drop ball75 roomb left (1)
move roomb rooma (1)
pick ball77 rooma left (1)
move rooma roomb (1)
drop ball77 roomb left (1)
move roomb rooma (1)
pick ball79 rooma left (1)
move rooma roomb (1)
drop ball79 roomb left (1)
move roomb rooma (1)
pick ball80 rooma left (1)
move rooma roomb (1)
drop ball80 roomb left (1)
move roomb rooma (1)
pick ball82 rooma left (1)
move rooma roomb (1)
drop ball82 roomb left (1)
move roomb rooma (1)
pick ball86 rooma left (1)
move rooma roomb (1)
drop ball86 roomb left (1)
move roomb rooma (1)
pick ball87 rooma left (1)
move rooma roomb (1)
drop ball87 roomb left (1)
move roomb rooma (1)
pick ball98 rooma left (1)
pick ball99 rooma right (1)
move rooma roomb (1)
drop ball98 roomb left (1)
drop ball99 roomb right (1)
[t=6.17866s, 49420 KB] Plan length: 439 step(s).
[t=6.17866s, 49420 KB] Plan cost: 439
[t=6.17866s, 49420 KB] Timestamp: 1685742738307 millisecond(s).
[t=6.17866s, 49420 KB] Expanded 6750 state(s).
[t=6.17866s, 49420 KB] Reopened 0 state(s).
[t=6.17866s, 49420 KB] Evaluated 190397 state(s).
[t=6.17866s, 49420 KB] Evaluations: 190397
[t=6.17866s, 49420 KB] Generated 232084 state(s).
[t=6.17866s, 49420 KB] Dead ends: 0 state(s).
[t=6.17866s, 49420 KB] Number of registered states: 190397
[t=6.17866s, 49420 KB] Int hash set load factor: 190397/262144 = 0.726307
[t=6.17866s, 49420 KB] Int hash set resizes: 18
[t=6.17866s, 49420 KB] Search time: 6.16936s
[t=6.17866s, 49420 KB] Total time: 6.17866s
Solution found.
Peak memory: 49420 KB
Remove intermediate file output.sas
search exit code: 0

INFO     Running validate.
INFO     validate stdin: None
INFO     validate time limit: None
INFO     validate memory limit: None
INFO     validate command line string: validate domain.pddl problem.pddl sas_plan
Checking plan: sas_plan
Plan executed successfully - checking goal
Plan valid
Final value: 439 

Successful plans:
Value: 439
 sas_plan 439 

validate exit code: 0

INFO     Planner time: 6.47s
