INFO     planner time limit: 900s
INFO     planner memory limit: 3584 MB

INFO     Running translator.
INFO     translator stdin: None
INFO     translator time limit: 899s
INFO     translator memory limit: 3584 MB
INFO     translator command line string: /usr/local/downward-projects/downward/experiments/assign3/.venv/bin/python3 /usr/local/downward-projects/downward/experiments/assign3/data/assign3-anytime_exp/code-fe4f0f1bb525c059c1938ac01bab1b7bae200873_e5e41175/builds/release/bin/translate/translate.py domain.pddl problem.pddl --sas-file output.sas
Parsing...
Parsing: [0.000s CPU, 0.002s wall-clock]
Normalizing task... [0.000s CPU, 0.000s wall-clock]
Instantiating...
Generating Datalog program... [0.000s CPU, 0.001s wall-clock]
Normalizing Datalog program...
Normalizing Datalog program: [0.000s CPU, 0.001s wall-clock]
Preparing model... [0.010s CPU, 0.001s wall-clock]
Generated 32 rules.
Computing model... [0.370s CPU, 0.376s wall-clock]
53177 relevant atoms
5070 auxiliary atoms
58247 final queue length
172334 total queue pushes
Completing instantiation... [2.520s CPU, 2.545s wall-clock]
Instantiating: [2.920s CPU, 2.942s wall-clock]
Computing fact groups...
Finding invariants...
12 initial candidates
Finding invariants: [0.010s CPU, 0.007s wall-clock]
Checking invariant weight... [0.000s CPU, 0.000s wall-clock]
Instantiating groups... [0.010s CPU, 0.005s wall-clock]
Collecting mutex groups... [0.000s CPU, 0.001s wall-clock]
Choosing groups...
71 uncovered facts
Choosing groups: [0.000s CPU, 0.004s wall-clock]
Building translation key... [0.000s CPU, 0.001s wall-clock]
Computing fact groups: [0.020s CPU, 0.022s wall-clock]
Building STRIPS to SAS dictionary... [0.000s CPU, 0.001s wall-clock]
Building dictionary for full mutex groups... [0.000s CPU, 0.001s wall-clock]
Building mutex information...
Building mutex information: [0.010s CPU, 0.001s wall-clock]
Translating task...
Processing axioms...
Simplifying axioms... [0.000s CPU, 0.000s wall-clock]
Translator axioms removed by simplifying: 0
Computing negative axioms... [0.000s CPU, 0.000s wall-clock]
Processing axioms: [0.070s CPU, 0.079s wall-clock]
Translating task: [2.370s CPU, 2.401s wall-clock]
61152 effect conditions simplified
0 implied preconditions added
Detecting unreachable propositions...
0 operators removed
0 axioms removed
28 propositions removed
Detecting unreachable propositions: [1.370s CPU, 1.384s wall-clock]
Reordering and filtering variables...
99 of 99 variables necessary.
43 of 71 mutex groups necessary.
49392 of 49392 operators necessary.
0 of 0 axiom rules necessary.
Reordering and filtering variables: [0.320s CPU, 0.325s wall-clock]
Translator variables: 99
Translator derived variables: 0
Translator facts: 1346
Translator goal facts: 28
Translator mutex groups: 43
Translator total mutex groups size: 1247
Translator operators: 49392
Translator axioms: 0
Translator task size: 402560
Translator peak memory: 270400 KB
Writing output... [0.310s CPU, 0.315s wall-clock]
Done! [7.420s CPU, 7.494s wall-clock]
translate exit code: 0

INFO     Running search (release).
INFO     search stdin: output.sas
INFO     search time limit: 892s
INFO     search memory limit: 3584 MB
INFO     search command line string: /usr/local/downward-projects/downward/experiments/assign3/data/assign3-anytime_exp/code-fe4f0f1bb525c059c1938ac01bab1b7bae200873_e5e41175/builds/release/bin/downward --evaluator 'h=lmcut()' --search 'eager_anytime(single(sum([weight(h, 2, verbosity=normal), g()])), 
        reopen_closed=true, f_eval=sum([h, g()]))' --internal-plan-file sas_plan < output.sas
[t=0.00211389s, 10884 KB] reading input...
[t=0.200316s, 29632 KB] done reading input!
[t=0.237025s, 43392 KB] Initializing landmark cut heuristic...
[t=0.237802s, 43392 KB] Building successor generator...done!
[t=0.258664s, 49040 KB] peak memory difference for successor generator creation: 5648 KB
[t=0.258719s, 49040 KB] time for successor generation creation: 0.0200737s
[t=0.25898s, 49040 KB] Variables: 99
[t=0.259737s, 49040 KB] FactPairs: 1346
[t=0.259762s, 49040 KB] Bytes per state: 32
[t=0.259786s, 49040 KB] Conducting best first anytime search with reopening closed nodes, (real) bound = 2147483647
[t=0.309383s, 49040 KB] New best heuristic value for lmcut(): 31
[t=0.309535s, 49040 KB] g=0, 1 evaluated, 0 expanded
[t=0.309568s, 49040 KB] Initial heuristic value for lmcut(): 31
[t=0.309598s, 49040 KB] Start Timestep: 1682549427491 millisecond(s).
[t=0.352444s, 49040 KB] New best heuristic value for lmcut(): 29
[t=0.353262s, 49040 KB] g=1, 2 evaluated, 1 expanded
[t=0.875229s, 49040 KB] New best heuristic value for lmcut(): 28
[t=0.876222s, 49040 KB] g=1, 14 evaluated, 1 expanded
[t=2.51919s, 49040 KB] New best heuristic value for lmcut(): 27
[t=2.51943s, 49040 KB] g=3, 52 evaluated, 3 expanded
[t=5.74945s, 49040 KB] New best heuristic value for lmcut(): 25
[t=5.7503s, 49040 KB] g=5, 129 evaluated, 6 expanded
[t=10.0893s, 49040 KB] New best heuristic value for lmcut(): 24
[t=10.0904s, 49040 KB] g=8, 240 evaluated, 11 expanded
[t=69.7975s, 49040 KB] New best heuristic value for lmcut(): 23
[t=69.7986s, 49040 KB] g=9, 1885 evaluated, 85 expanded
[t=79.5646s, 49040 KB] New best heuristic value for lmcut(): 22
[t=79.565s, 49040 KB] g=12, 2222 evaluated, 99 expanded
[t=91.8337s, 49040 KB] New best heuristic value for lmcut(): 21
[t=91.8349s, 49040 KB] g=13, 2660 evaluated, 118 expanded
[t=114.618s, 49040 KB] New best heuristic value for lmcut(): 20
[t=114.619s, 49040 KB] g=15, 3474 evaluated, 154 expanded
[t=133.489s, 49040 KB] New best heuristic value for lmcut(): 19
[t=133.492s, 49040 KB] g=16, 4164 evaluated, 181 expanded
[t=156.043s, 49040 KB] New best heuristic value for lmcut(): 18
[t=156.047s, 49040 KB] g=19, 5080 evaluated, 219 expanded
[t=165.076s, 49040 KB] New best heuristic value for lmcut(): 17
[t=165.078s, 49040 KB] g=20, 5452 evaluated, 235 expanded
[t=193.658s, 49040 KB] New best heuristic value for lmcut(): 16
[t=193.659s, 49040 KB] g=23, 6685 evaluated, 287 expanded
[t=225.12s, 49040 KB] New best heuristic value for lmcut(): 15
[t=225.124s, 49040 KB] g=25, 8123 evaluated, 350 expanded, 2 reopened
Peak memory: 49040 KB
caught signal 24 -- exiting
Time limit has been reached.
Remove intermediate file output.sas
search exit code: 23

Driver aborting after search
INFO     Planner time: 898.38s
