INFO     planner time limit: 900s
INFO     planner memory limit: 3584 MB

INFO     Running translator.
INFO     translator stdin: None
INFO     translator time limit: 899s
INFO     translator memory limit: 3584 MB
INFO     translator command line string: /usr/local/downward-projects/downward/experiments/.venv/bin/python3 /usr/local/downward-projects/downward/experiments/src/thesis/data/thesis-thesis_exp/code-beb2e19b3d35a0ced2c328754445ca6967892fa8_e5e41175/builds/release/bin/translate/translate.py domain.pddl problem.pddl --sas-file output.sas
Parsing...
Parsing: [0.000s CPU, 0.003s wall-clock]
Normalizing task... [0.000s CPU, 0.000s wall-clock]
Instantiating...
Generating Datalog program... [0.000s CPU, 0.001s wall-clock]
Normalizing Datalog program...
Normalizing Datalog program: [0.000s CPU, 0.001s wall-clock]
Preparing model... [0.010s CPU, 0.002s wall-clock]
Generated 21 rules.
Computing model... [0.770s CPU, 0.772s wall-clock]
69462 relevant atoms
46357 auxiliary atoms
115819 final queue length
207336 total queue pushes
Completing instantiation... [2.340s CPU, 2.350s wall-clock]
Instantiating: [3.150s CPU, 3.160s wall-clock]
Computing fact groups...
Finding invariants...
10 initial candidates
Finding invariants: [0.000s CPU, 0.003s wall-clock]
Checking invariant weight... [0.010s CPU, 0.002s wall-clock]
Instantiating groups... [0.070s CPU, 0.075s wall-clock]
Collecting mutex groups... [0.030s CPU, 0.027s wall-clock]
Choosing groups...
152 uncovered facts
Choosing groups: [0.120s CPU, 0.117s wall-clock]
Building translation key... [0.020s CPU, 0.017s wall-clock]
Computing fact groups: [0.360s CPU, 0.356s wall-clock]
Building STRIPS to SAS dictionary... [0.010s CPU, 0.014s wall-clock]
Building dictionary for full mutex groups... [0.050s CPU, 0.045s wall-clock]
Building mutex information...
Building mutex information: [0.030s CPU, 0.038s wall-clock]
Translating task...
Processing axioms...
Simplifying axioms... [0.000s CPU, 0.000s wall-clock]
Translator axioms removed by simplifying: 0
Computing negative axioms... [0.000s CPU, 0.000s wall-clock]
Processing axioms: [0.070s CPU, 0.065s wall-clock]
Translating task: [2.460s CPU, 2.454s wall-clock]
68252 effect conditions simplified
0 implied preconditions added
Detecting unreachable propositions...
0 operators removed
0 axioms removed
302 propositions removed
Detecting unreachable propositions: [1.500s CPU, 1.509s wall-clock]
Reordering and filtering variables...
303 of 303 variables necessary.
152 of 303 mutex groups necessary.
45602 of 45602 operators necessary.
0 of 0 axiom rules necessary.
Reordering and filtering variables: [0.460s CPU, 0.465s wall-clock]
Translator variables: 303
Translator derived variables: 0
Translator facts: 23256
Translator goal facts: 137
Translator mutex groups: 152
Translator total mutex groups size: 23104
Translator operators: 45602
Translator axioms: 0
Translator task size: 388362
Translator peak memory: 272140 KB
Writing output... [0.300s CPU, 0.295s wall-clock]
Done! [8.430s CPU, 8.445s wall-clock]
translate exit code: 0

INFO     Running search (release).
INFO     search stdin: output.sas
INFO     search time limit: 891s
INFO     search memory limit: 3584 MB
INFO     search command line string: /usr/local/downward-projects/downward/experiments/src/thesis/data/thesis-thesis_exp/code-beb2e19b3d35a0ced2c328754445ca6967892fa8_e5e41175/builds/release/bin/downward --evaluator 'h=ff()' --search 'eager(alt([bts_type(h), single(h)]))' --internal-plan-file sas_plan < output.sas
[t=0s, 11252 KB] reading input...
[t=0.462995s, 190724 KB] done reading input!
[t=0.486905s, 201040 KB] Simplifying 182106 unary operators... done! [136806 unary operators]
[t=0.838298s, 217724 KB] time to simplify: 0.351392s
[t=0.842227s, 217724 KB] Initializing additive heuristic...
[t=0.84589s, 217724 KB] Initializing FF heuristic...
[t=0.84592s, 217724 KB] Building successor generator...done!
[t=0.862223s, 217724 KB] peak memory difference for successor generator creation: 0 KB
[t=0.862344s, 217724 KB] time for successor generation creation: 0.0160174s
[t=0.862369s, 217724 KB] Variables: 303
[t=0.863408s, 217724 KB] FactPairs: 23256
[t=0.863435s, 217724 KB] Bytes per state: 172
[t=0.863459s, 217724 KB] Conducting best first search without reopening closed nodes, (real) bound = 2147483647
[t=0.865873s, 217724 KB] New best heuristic value for ff(): 285
[t=0.868622s, 217724 KB] g=0, 1 evaluated, 0 expanded
[t=0.868652s, 217724 KB] Initial heuristic value for ff(): 285
[t=0.868684s, 217724 KB] pruning method: none
[t=0.868708s, 217724 KB] Start Timestep: 1685736834209 millisecond(s).
[t=0.925715s, 217724 KB] New best heuristic value for ff(): 284
[t=0.926936s, 217724 KB] g=2, 24 evaluated, 3 expanded
[t=1.03748s, 217724 KB] New best heuristic value for ff(): 283
[t=1.03795s, 217724 KB] g=4, 68 evaluated, 7 expanded
[t=15.9607s, 217724 KB] New best heuristic value for ff(): 282
[t=15.961s, 217724 KB] g=8, 6054 evaluated, 497 expanded
[t=39.9342s, 217724 KB] New best heuristic value for ff(): 281
[t=39.9372s, 217724 KB] g=12, 15684 evaluated, 1268 expanded
[t=63.1842s, 217724 KB] New best heuristic value for ff(): 280
[t=63.1873s, 217724 KB] g=18, 25061 evaluated, 2042 expanded
[t=484.509s, 271708 KB] New best heuristic value for ff(): 279
[t=484.51s, 271708 KB] g=26, 207833 evaluated, 17775 expanded
[t=555.767s, 282024 KB] New best heuristic value for ff(): 278
[t=555.768s, 282024 KB] g=30, 240048 evaluated, 20776 expanded
Peak memory: 329112 KB
caught signal 24 -- exiting
Time limit has been reached.
Remove intermediate file output.sas
search exit code: 23

Driver aborting after search
INFO     Planner time: 898.15s
