INFO     planner time limit: 300s
INFO     planner memory limit: 3584 MB

INFO     Running translator.
INFO     translator stdin: None
INFO     translator time limit: 299s
INFO     translator memory limit: 3584 MB
INFO     translator command line string: /usr/local/downward-projects/downward/experiments/.venv/bin/python3 /usr/local/downward-projects/downward/experiments/src/thesis/data/thesis-thesis_exp/code-d93485cdd92f65ede2ae3573b3f4adda0b49e4fd_e5e41175/builds/release/bin/translate/translate.py domain.pddl problem.pddl --sas-file output.sas
Parsing...
Parsing: [0.000s CPU, 0.003s wall-clock]
Normalizing task... [0.000s CPU, 0.000s wall-clock]
Instantiating...
Generating Datalog program... [0.000s CPU, 0.001s wall-clock]
Normalizing Datalog program...
Normalizing Datalog program: [0.000s CPU, 0.001s wall-clock]
Preparing model... [0.010s CPU, 0.002s wall-clock]
Generated 26 rules.
Computing model... [0.250s CPU, 0.254s wall-clock]
26824 relevant atoms
20384 auxiliary atoms
47208 final queue length
96108 total queue pushes
Completing instantiation... [1.010s CPU, 1.014s wall-clock]
Instantiating: [1.290s CPU, 1.283s wall-clock]
Computing fact groups...
Finding invariants...
9 initial candidates
Finding invariants: [0.010s CPU, 0.012s wall-clock]
Checking invariant weight... [0.000s CPU, 0.000s wall-clock]
Instantiating groups... [0.000s CPU, 0.003s wall-clock]
Collecting mutex groups... [0.000s CPU, 0.000s wall-clock]
Choosing groups...
0 uncovered facts
Choosing groups: [0.000s CPU, 0.001s wall-clock]
Building translation key... [0.000s CPU, 0.001s wall-clock]
Computing fact groups: [0.020s CPU, 0.022s wall-clock]
Building STRIPS to SAS dictionary... [0.000s CPU, 0.000s wall-clock]
Building dictionary for full mutex groups... [0.000s CPU, 0.001s wall-clock]
Building mutex information...
Building mutex information: [0.000s CPU, 0.000s wall-clock]
Translating task...
Processing axioms...
Simplifying axioms... [0.000s CPU, 0.000s wall-clock]
Translator axioms removed by simplifying: 0
Computing negative axioms... [0.000s CPU, 0.000s wall-clock]
Processing axioms: [0.030s CPU, 0.035s wall-clock]
Translating task: [0.800s CPU, 0.800s wall-clock]
0 effect conditions simplified
0 implied preconditions added
Detecting unreachable propositions...
0 operators removed
0 axioms removed
24 propositions removed
Detecting unreachable propositions: [0.520s CPU, 0.516s wall-clock]
Reordering and filtering variables...
24 of 24 variables necessary.
0 of 24 mutex groups necessary.
25344 of 25344 operators necessary.
0 of 0 axiom rules necessary.
Reordering and filtering variables: [0.080s CPU, 0.085s wall-clock]
Translator variables: 24
Translator derived variables: 0
Translator facts: 1044
Translator goal facts: 16
Translator mutex groups: 0
Translator total mutex groups size: 0
Translator operators: 25344
Translator axioms: 0
Translator task size: 150844
Translator peak memory: 132708 KB
Writing output... [0.110s CPU, 0.115s wall-clock]
Done! [2.870s CPU, 2.868s wall-clock]
translate exit code: 0

INFO     Running search (release).
INFO     search stdin: output.sas
INFO     search time limit: 297s
INFO     search memory limit: 3584 MB
INFO     search command line string: /usr/local/downward-projects/downward/experiments/src/thesis/data/thesis-thesis_exp/code-d93485cdd92f65ede2ae3573b3f4adda0b49e4fd_e5e41175/builds/release/bin/downward --evaluator 'h=ff()' --search 'eager( alt( [lwm_intra_explore_type(h), single(h)] ) )' --internal-plan-file sas_plan < output.sas
[t=0s, 11364 KB] reading input...
[t=0.0799146s, 19544 KB] done reading input!
[t=0.0878634s, 22880 KB] Simplifying 49920 unary operators... done! [49920 unary operators]
[t=0.128244s, 27140 KB] time to simplify: 0.0403805s
[t=0.131731s, 27140 KB] Initializing additive heuristic...
[t=0.131962s, 27140 KB] Initializing FF heuristic...
[t=0.131989s, 27140 KB] Building successor generator...done!
[t=0.141363s, 28196 KB] peak memory difference for successor generator creation: 1056 KB
[t=0.141423s, 28196 KB] time for successor generation creation: 0.00760648s
[t=0.141447s, 28196 KB] Variables: 24
[t=0.141473s, 28196 KB] FactPairs: 1044
[t=0.141496s, 28196 KB] Bytes per state: 20
[t=0.14152s, 28196 KB] Conducting best first search without reopening closed nodes, (real) bound = 2147483647
[t=0.141578s, 28196 KB] New best heuristic value for ff(): 1100
[t=0.142284s, 28196 KB] g=0, 1 evaluated, 0 expanded
[t=0.142317s, 28196 KB] Initial heuristic value for ff(): 1100
[t=0.14235s, 28196 KB] pruning method: none
[t=0.142373s, 28196 KB] Start Timestep: 1687913357559 millisecond(s).
[t=0.143538s, 28196 KB] New best heuristic value for ff(): 1093
[t=0.144093s, 28196 KB] g=27, 4 evaluated, 1 expanded
[t=0.14412s, 28196 KB] New best heuristic value for ff(): 850
[t=0.144709s, 28196 KB] g=18, 5 evaluated, 1 expanded
[t=0.144734s, 28196 KB] New best heuristic value for ff(): 787
[t=0.14583s, 28196 KB] g=25, 7 evaluated, 1 expanded
[t=80.0077s, 39240 KB] New best heuristic value for ff(): 786
[t=80.0092s, 39240 KB] g=979, 140812 evaluated, 14208 expanded
[t=80.2355s, 39240 KB] New best heuristic value for ff(): 763
[t=80.2367s, 39240 KB] g=1068, 141172 evaluated, 14229 expanded
[t=80.2434s, 39240 KB] New best heuristic value for ff(): 752
[t=80.246s, 39240 KB] g=1090, 141186 evaluated, 14230 expanded
[t=80.2673s, 39240 KB] New best heuristic value for ff(): 751
[t=80.2708s, 39240 KB] g=1091, 141225 evaluated, 14232 expanded
Peak memory: 65088 KB
caught signal 24 -- exiting
Time limit has been reached.
Remove intermediate file output.sas
search exit code: 23

Driver aborting after search
INFO     Planner time: 299.73s
