INFO     planner time limit: 300s
INFO     planner memory limit: 3584 MB

INFO     Running translator.
INFO     translator stdin: None
INFO     translator time limit: 299s
INFO     translator memory limit: 3584 MB
INFO     translator command line string: /usr/local/downward-projects/downward/experiments/.venv/bin/python3 /usr/local/downward-projects/downward/experiments/src/thesis/data/thesis-thesis_exp/code-d93485cdd92f65ede2ae3573b3f4adda0b49e4fd_e5e41175/builds/release/bin/translate/translate.py domain.pddl problem.pddl --sas-file output.sas
Parsing...
Parsing: [0.110s CPU, 0.101s wall-clock]
Normalizing task... [0.000s CPU, 0.004s wall-clock]
Instantiating...
Generating Datalog program... [0.050s CPU, 0.050s wall-clock]
Normalizing Datalog program...
Normalizing Datalog program: [0.000s CPU, 0.004s wall-clock]
Preparing model... [0.170s CPU, 0.175s wall-clock]
Generated 6 rules.
Computing model... [0.380s CPU, 0.376s wall-clock]
54406 relevant atoms
20865 auxiliary atoms
75271 final queue length
100103 total queue pushes
Completing instantiation... [0.580s CPU, 0.570s wall-clock]
Instantiating: [1.200s CPU, 1.201s wall-clock]
Computing fact groups...
Finding invariants...
4 initial candidates
Finding invariants: [0.000s CPU, 0.003s wall-clock]
Checking invariant weight... [0.010s CPU, 0.005s wall-clock]
Instantiating groups... [0.010s CPU, 0.007s wall-clock]
Collecting mutex groups... [0.000s CPU, 0.004s wall-clock]
Choosing groups...
4225 uncovered facts
Choosing groups: [0.010s CPU, 0.010s wall-clock]
Building translation key... [0.010s CPU, 0.012s wall-clock]
Computing fact groups: [0.090s CPU, 0.093s wall-clock]
Building STRIPS to SAS dictionary... [0.010s CPU, 0.006s wall-clock]
Building dictionary for full mutex groups... [0.010s CPU, 0.006s wall-clock]
Building mutex information...
Building mutex information: [0.000s CPU, 0.004s wall-clock]
Translating task...
Processing axioms...
Simplifying axioms... [0.000s CPU, 0.000s wall-clock]
Translator axioms removed by simplifying: 0
Computing negative axioms... [0.000s CPU, 0.000s wall-clock]
Processing axioms: [0.020s CPU, 0.017s wall-clock]
Translating task: [0.500s CPU, 0.506s wall-clock]
0 effect conditions simplified
0 implied preconditions added
Detecting unreachable propositions...
0 operators removed
0 axioms removed
3 propositions removed
Detecting unreachable propositions: [0.360s CPU, 0.357s wall-clock]
Reordering and filtering variables...
4225 of 4225 variables necessary.
0 of 1 mutex groups necessary.
16640 of 16640 operators necessary.
0 of 0 axiom rules necessary.
Reordering and filtering variables: [0.060s CPU, 0.062s wall-clock]
Translator variables: 4225
Translator derived variables: 0
Translator facts: 12673
Translator goal facts: 4224
Translator mutex groups: 0
Translator total mutex groups size: 0
Translator operators: 16640
Translator axioms: 0
Translator task size: 87678
Translator peak memory: 106928 KB
Writing output... [0.080s CPU, 0.080s wall-clock]
Done! [2.450s CPU, 2.452s wall-clock]
translate exit code: 0

INFO     Running search (release).
INFO     search stdin: output.sas
INFO     search time limit: 297s
INFO     search memory limit: 3584 MB
INFO     search command line string: /usr/local/downward-projects/downward/experiments/src/thesis/data/thesis-thesis_exp/code-d93485cdd92f65ede2ae3573b3f4adda0b49e4fd_e5e41175/builds/release/bin/downward --evaluator 'h=ff()' --search 'eager( alt( [lwm_intra_explore_type(h), single(h)] ) )' --internal-plan-file sas_plan < output.sas
[t=0.00193589s, 11364 KB] reading input...
[t=0.0605701s, 17780 KB] done reading input!
[t=0.0658165s, 19684 KB] Simplifying 33276 unary operators... done! [33276 unary operators]
[t=0.0781457s, 22740 KB] time to simplify: 0.0123292s
[t=0.0800469s, 22740 KB] Initializing additive heuristic...
[t=0.0807163s, 22740 KB] Initializing FF heuristic...
[t=0.0807445s, 22740 KB] Building successor generator...done!
[t=0.0831928s, 22740 KB] peak memory difference for successor generator creation: 0 KB
[t=0.0832495s, 22740 KB] time for successor generation creation: 0.000716828s
[t=0.0832753s, 22740 KB] Variables: 4225
[t=0.0834224s, 22740 KB] FactPairs: 12673
[t=0.083447s, 22740 KB] Bytes per state: 532
[t=0.0834708s, 22740 KB] Conducting best first search without reopening closed nodes, (real) bound = 2147483647
[t=0.0835259s, 22740 KB] New best heuristic value for ff(): 4224
[t=0.0843865s, 22740 KB] g=0, 1 evaluated, 0 expanded
[t=0.0844136s, 22740 KB] Initial heuristic value for ff(): 4224
[t=0.0844469s, 22740 KB] pruning method: none
[t=0.0844718s, 22740 KB] Start Timestep: 1687945378619 millisecond(s).
[t=0.0854987s, 22740 KB] New best heuristic value for ff(): 4223
[t=0.0888821s, 22740 KB] g=2, 7 evaluated, 2 expanded
[t=0.117456s, 22740 KB] New best heuristic value for ff(): 4222
[t=0.121062s, 22740 KB] g=6, 52 evaluated, 14 expanded
[t=0.153405s, 22740 KB] New best heuristic value for ff(): 4221
[t=0.157422s, 22740 KB] g=9, 103 evaluated, 28 expanded
[t=0.201324s, 22740 KB] New best heuristic value for ff(): 4220
[t=0.202142s, 22740 KB] g=11, 166 evaluated, 45 expanded
[t=0.329199s, 22740 KB] New best heuristic value for ff(): 4219
[t=0.332526s, 22740 KB] g=15, 350 evaluated, 100 expanded
[t=0.660916s, 22740 KB] New best heuristic value for ff(): 4218
[t=0.663661s, 22740 KB] g=21, 822 evaluated, 250 expanded
[t=0.828728s, 22740 KB] New best heuristic value for ff(): 4217
[t=0.830535s, 22740 KB] g=31, 1064 evaluated, 326 expanded
[t=1.09248s, 22740 KB] New best heuristic value for ff(): 4216
[t=1.09264s, 22740 KB] g=41, 1445 evaluated, 445 expanded
[t=1.46391s, 22740 KB] New best heuristic value for ff(): 4215
[t=1.4663s, 22740 KB] g=49, 1988 evaluated, 615 expanded
[t=1.54236s, 22740 KB] New best heuristic value for ff(): 4214
[t=1.54573s, 22740 KB] g=55, 2103 evaluated, 652 expanded
[t=1.68215s, 22740 KB] New best heuristic value for ff(): 4213
[t=1.68348s, 22740 KB] g=67, 2303 evaluated, 719 expanded
[t=2.27357s, 22740 KB] New best heuristic value for ff(): 4212
[t=2.27606s, 22740 KB] g=70, 3169 evaluated, 1026 expanded
[t=3.52049s, 23264 KB] New best heuristic value for ff(): 4211
[t=3.52325s, 23264 KB] g=65, 4977 evaluated, 1660 expanded
[t=5.42719s, 25188 KB] New best heuristic value for ff(): 4210
[t=5.43104s, 25188 KB] g=95, 7761 evaluated, 2634 expanded
[t=5.86279s, 25600 KB] New best heuristic value for ff(): 4209
[t=5.86332s, 25600 KB] g=98, 8386 evaluated, 2865 expanded
[t=7.37347s, 27208 KB] New best heuristic value for ff(): 4208
[t=7.3773s, 27208 KB] g=114, 10596 evaluated, 3651 expanded
[t=10.2352s, 29920 KB] New best heuristic value for ff(): 4207
[t=10.2379s, 29920 KB] g=158, 14762 evaluated, 5114 expanded
[t=10.6869s, 30332 KB] New best heuristic value for ff(): 4206
[t=10.6888s, 30332 KB] g=167, 15412 evaluated, 5318 expanded
[t=10.8827s, 30464 KB] New best heuristic value for ff(): 4205
[t=10.8831s, 30464 KB] g=171, 15690 evaluated, 5409 expanded
[t=11.1904s, 30744 KB] New best heuristic value for ff(): 4204
[t=11.1941s, 30744 KB] g=186, 16132 evaluated, 5558 expanded
[t=12.2343s, 31696 KB] New best heuristic value for ff(): 4203
[t=12.2361s, 31696 KB] g=203, 17602 evaluated, 6027 expanded
[t=13.8997s, 33080 KB] New best heuristic value for ff(): 4202
[t=13.9011s, 33080 KB] g=225, 19966 evaluated, 6782 expanded
[t=14.6911s, 34268 KB] New best heuristic value for ff(): 4201
[t=14.6921s, 34268 KB] g=239, 21093 evaluated, 7156 expanded
[t=15.0188s, 34540 KB] New best heuristic value for ff(): 4200
[t=15.0215s, 34540 KB] g=243, 21564 evaluated, 7306 expanded
[t=15.1307s, 34676 KB] New best heuristic value for ff(): 4199
[t=15.1346s, 34676 KB] g=249, 21728 evaluated, 7361 expanded
[t=18.2755s, 37568 KB] New best heuristic value for ff(): 4198
[t=18.2783s, 37568 KB] g=301, 26285 evaluated, 8795 expanded
[t=20.6344s, 39636 KB] New best heuristic value for ff(): 4197
[t=20.6362s, 39636 KB] g=299, 29698 evaluated, 9887 expanded
[t=23.8294s, 42668 KB] New best heuristic value for ff(): 4196
[t=23.8327s, 42668 KB] g=307, 34259 evaluated, 11329 expanded
[t=29.9199s, 48932 KB] New best heuristic value for ff(): 4195
[t=29.9206s, 48932 KB] g=315, 42976 evaluated, 14125 expanded
[t=31.9546s, 50708 KB] New best heuristic value for ff(): 4194
[t=31.9567s, 50708 KB] g=359, 45892 evaluated, 15074 expanded
[t=32.5378s, 51256 KB] New best heuristic value for ff(): 4193
[t=32.5397s, 51256 KB] g=380, 46718 evaluated, 15338 expanded
[t=32.8256s, 51532 KB] New best heuristic value for ff(): 4192
[t=32.8288s, 51532 KB] g=384, 47127 evaluated, 15466 expanded
[t=33.537s, 52072 KB] New best heuristic value for ff(): 4191
[t=33.5395s, 52072 KB] g=388, 48133 evaluated, 15793 expanded
[t=40.6687s, 58512 KB] New best heuristic value for ff(): 4190
[t=40.6689s, 58512 KB] g=439, 58225 evaluated, 19056 expanded
[t=40.8467s, 58656 KB] New best heuristic value for ff(): 4189
[t=40.8485s, 58656 KB] g=443, 58482 evaluated, 19142 expanded
[t=46.2184s, 63804 KB] New best heuristic value for ff(): 4188
[t=46.219s, 63804 KB] g=491, 66104 evaluated, 21608 expanded
[t=57.3897s, 76292 KB] New best heuristic value for ff(): 4187
[t=57.3922s, 76292 KB] g=511, 82119 evaluated, 26865 expanded
[t=66.185s, 83024 KB] New best heuristic value for ff(): 4186
[t=66.1864s, 83024 KB] g=521, 94667 evaluated, 31019 expanded
[t=68.675s, 85208 KB] New best heuristic value for ff(): 4185
[t=68.676s, 85208 KB] g=537, 98170 evaluated, 32372 expanded
[t=76.8744s, 92736 KB] New best heuristic value for ff(): 4183
[t=76.8757s, 92736 KB] g=523, 109586 evaluated, 36845 expanded
[t=94.7442s, 108708 KB] New best heuristic value for ff(): 4182
[t=94.7453s, 108708 KB] g=559, 134470 evaluated, 46640 expanded
[t=108.928s, 120580 KB] New best heuristic value for ff(): 4181
[t=108.929s, 120580 KB] g=629, 154270 evaluated, 54619 expanded
[t=196.195s, 202380 KB] New best heuristic value for ff(): 4180
[t=196.196s, 202380 KB] g=769, 277632 evaluated, 103531 expanded
[t=217.709s, 220632 KB] New best heuristic value for ff(): 4179
[t=217.712s, 220632 KB] g=775, 308171 evaluated, 115881 expanded
Peak memory: 296092 KB
caught signal 24 -- exiting
Time limit has been reached.
Remove intermediate file output.sas
search exit code: 23

Driver aborting after search
INFO     Planner time: 299.48s
