INFO     planner time limit: 600s
INFO     planner memory limit: 3584 MB

INFO     Running translator.
INFO     translator stdin: None
INFO     translator time limit: 599s
INFO     translator memory limit: 3584 MB
INFO     translator command line string: /usr/local/downward-projects/downward/experiments/src/thesis/.venv/bin/python3 /usr/local/downward-projects/downward/experiments/src/thesis/data/thesis-thesis_exp/code-84c08dfff1890fbf6247184940c8166177195ea1_e5e41175/builds/release/bin/translate/translate.py domain.pddl problem.pddl --sas-file output.sas
Parsing...
Parsing: [0.000s CPU, 0.002s wall-clock]
Normalizing task... [0.000s CPU, 0.000s wall-clock]
Instantiating...
Generating Datalog program... [0.000s CPU, 0.000s wall-clock]
Normalizing Datalog program...
Normalizing Datalog program: [0.010s CPU, 0.002s wall-clock]
Preparing model... [0.000s CPU, 0.001s wall-clock]
Generated 51 rules.
Computing model... [0.050s CPU, 0.051s wall-clock]
5594 relevant atoms
3649 auxiliary atoms
9243 final queue length
19899 total queue pushes
Completing instantiation... [0.140s CPU, 0.141s wall-clock]
Instantiating: [0.200s CPU, 0.199s wall-clock]
Computing fact groups...
Finding invariants...
5 initial candidates
Finding invariants: [0.010s CPU, 0.011s wall-clock]
Checking invariant weight... [0.000s CPU, 0.000s wall-clock]
Instantiating groups... [0.000s CPU, 0.001s wall-clock]
Collecting mutex groups... [0.000s CPU, 0.000s wall-clock]
Choosing groups...
12 uncovered facts
Choosing groups: [0.000s CPU, 0.000s wall-clock]
Building translation key... [0.000s CPU, 0.000s wall-clock]
Computing fact groups: [0.010s CPU, 0.013s wall-clock]
Building STRIPS to SAS dictionary... [0.000s CPU, 0.000s wall-clock]
Building dictionary for full mutex groups... [0.000s CPU, 0.000s wall-clock]
Building mutex information...
Building mutex information: [0.000s CPU, 0.000s wall-clock]
Translating task...
Processing axioms...
Simplifying axioms... [0.000s CPU, 0.000s wall-clock]
Translator axioms removed by simplifying: 0
Computing negative axioms... [0.000s CPU, 0.000s wall-clock]
Processing axioms: [0.010s CPU, 0.007s wall-clock]
Translating task: [0.140s CPU, 0.136s wall-clock]
0 effect conditions simplified
0 implied preconditions added
Detecting unreachable propositions...
0 operators removed
0 axioms removed
12 propositions removed
Detecting unreachable propositions: [0.060s CPU, 0.058s wall-clock]
Reordering and filtering variables...
24 of 24 variables necessary.
12 of 24 mutex groups necessary.
4884 of 4884 operators necessary.
0 of 0 axiom rules necessary.
Reordering and filtering variables: [0.010s CPU, 0.015s wall-clock]
Translator variables: 24
Translator derived variables: 0
Translator facts: 168
Translator goal facts: 24
Translator mutex groups: 12
Translator total mutex groups size: 144
Translator operators: 4884
Translator axioms: 0
Translator task size: 24912
Translator peak memory: 50696 KB
Writing output... [0.020s CPU, 0.021s wall-clock]
Done! [0.450s CPU, 0.453s wall-clock]
translate exit code: 0

INFO     Running search (release).
INFO     search stdin: output.sas
INFO     search time limit: 599s
INFO     search memory limit: 3584 MB
INFO     search command line string: /usr/local/downward-projects/downward/experiments/src/thesis/data/thesis-thesis_exp/code-84c08dfff1890fbf6247184940c8166177195ea1_e5e41175/builds/release/bin/downward --evaluator 'h=ff()' --search 'eager(partition(h, h_partition(), inter_uniform(), intra_uniform() )) ' --internal-plan-file sas_plan < output.sas
[t=0.00105168s, 11732 KB] reading input...
[t=0.015713s, 13116 KB] done reading input!
[t=0.0188249s, 13960 KB] Simplifying 9900 unary operators... done! [9636 unary operators]
[t=0.0225107s, 14620 KB] time to simplify: 0.00414177s
[t=0.0229772s, 14620 KB] Initializing additive heuristic...
[t=0.0231567s, 14620 KB] Initializing FF heuristic...
[t=0.0231845s, 14620 KB] Building successor generator...done!
[t=0.0247289s, 14620 KB] peak memory difference for successor generator creation: 0 KB
[t=0.0247886s, 14620 KB] time for successor generation creation: 0.00127044s
[t=0.0248141s, 14620 KB] Variables: 24
[t=0.0248404s, 14620 KB] FactPairs: 168
[t=0.0248635s, 14620 KB] Bytes per state: 8
[t=0.0248875s, 14620 KB] Conducting best first search without reopening closed nodes, (real) bound = 2147483647
[t=0.0249411s, 14620 KB] New best heuristic value for ff(): 52
[t=0.0250569s, 14620 KB] g=0, 1 evaluated, 0 expanded
[t=0.0250814s, 14620 KB] Initial heuristic value for ff(): 52
[t=0.0251106s, 14620 KB] pruning method: none
[t=0.0251339s, 14620 KB] Start Timestep: 1693658912075 millisecond(s).
[t=0.0251765s, 14620 KB] New best heuristic value for ff(): 49
[t=0.0252908s, 14620 KB] g=3, 2 evaluated, 1 expanded
[t=0.0563885s, 14620 KB] New best heuristic value for ff(): 48
[t=0.0569369s, 14620 KB] g=5, 318 evaluated, 9 expanded
[t=0.0604817s, 14620 KB] New best heuristic value for ff(): 45
[t=0.0613776s, 14620 KB] g=7, 352 evaluated, 10 expanded
[t=5.54568s, 16668 KB] New best heuristic value for ff(): 44
[t=5.54646s, 16668 KB] g=11, 6998 evaluated, 204 expanded
Peak memory: 31652 KB
caught signal 24 -- exiting
Time limit has been reached.
Remove intermediate file output.sas
search exit code: 23

Driver aborting after search
INFO     Planner time: 598.30s
