INFO     planner time limit: 900s
INFO     planner memory limit: 3584 MB

INFO     Running translator.
INFO     translator stdin: None
INFO     translator time limit: 899s
INFO     translator memory limit: 3584 MB
INFO     translator command line string: /usr/local/downward-projects/downward/experiments/assign3/.venv/bin/python3 /usr/local/downward-projects/downward/experiments/assign3/data/assign3-anytime_exp/code-fe4f0f1bb525c059c1938ac01bab1b7bae200873_e5e41175/builds/release/bin/translate/translate.py domain.pddl problem.pddl --sas-file output.sas
Parsing...
Parsing: [0.000s CPU, 0.002s wall-clock]
Normalizing task... [0.000s CPU, 0.000s wall-clock]
Instantiating...
Generating Datalog program... [0.000s CPU, 0.000s wall-clock]
Normalizing Datalog program...
Normalizing Datalog program: [0.010s CPU, 0.002s wall-clock]
Preparing model... [0.000s CPU, 0.001s wall-clock]
Generated 51 rules.
Computing model... [0.030s CPU, 0.030s wall-clock]
2797 relevant atoms
2486 auxiliary atoms
5283 final queue length
10483 total queue pushes
Completing instantiation... [0.080s CPU, 0.076s wall-clock]
Instantiating: [0.120s CPU, 0.111s wall-clock]
Computing fact groups...
Finding invariants...
5 initial candidates
Finding invariants: [0.010s CPU, 0.011s wall-clock]
Checking invariant weight... [0.000s CPU, 0.000s wall-clock]
Instantiating groups... [0.000s CPU, 0.000s wall-clock]
Collecting mutex groups... [0.000s CPU, 0.000s wall-clock]
Choosing groups...
10 uncovered facts
Choosing groups: [0.000s CPU, 0.000s wall-clock]
Building translation key... [0.000s CPU, 0.000s wall-clock]
Computing fact groups: [0.010s CPU, 0.012s wall-clock]
Building STRIPS to SAS dictionary... [0.000s CPU, 0.000s wall-clock]
Building dictionary for full mutex groups... [0.000s CPU, 0.000s wall-clock]
Building mutex information...
Building mutex information: [0.000s CPU, 0.000s wall-clock]
Translating task...
Processing axioms...
Simplifying axioms... [0.000s CPU, 0.000s wall-clock]
Translator axioms removed by simplifying: 0
Computing negative axioms... [0.000s CPU, 0.000s wall-clock]
Processing axioms: [0.010s CPU, 0.004s wall-clock]
Translating task: [0.060s CPU, 0.053s wall-clock]
0 effect conditions simplified
0 implied preconditions added
Detecting unreachable propositions...
0 operators removed
0 axioms removed
10 propositions removed
Detecting unreachable propositions: [0.020s CPU, 0.027s wall-clock]
Reordering and filtering variables...
20 of 20 variables necessary.
10 of 20 mutex groups necessary.
2340 of 2340 operators necessary.
0 of 0 axiom rules necessary.
Reordering and filtering variables: [0.010s CPU, 0.007s wall-clock]
Translator variables: 20
Translator derived variables: 0
Translator facts: 120
Translator goal facts: 20
Translator mutex groups: 10
Translator total mutex groups size: 100
Translator operators: 2340
Translator axioms: 0
Translator task size: 12050
Translator peak memory: 41028 KB
Writing output... [0.010s CPU, 0.010s wall-clock]
Done! [0.230s CPU, 0.227s wall-clock]
translate exit code: 0

INFO     Running search (release).
INFO     search stdin: output.sas
INFO     search time limit: 899s
INFO     search memory limit: 3584 MB
INFO     search command line string: /usr/local/downward-projects/downward/experiments/assign3/data/assign3-anytime_exp/code-fe4f0f1bb525c059c1938ac01bab1b7bae200873_e5e41175/builds/release/bin/downward --evaluator 'h=lmcut()' --search 'eager_anytime(alt(
        [single(weight(h, 2, verbosity=normal)), type_based([h, g()], random_seed=1234)]), 
        reopen_closed=true, f_eval=sum([h, g()]))' --internal-plan-file sas_plan < output.sas
[t=0.00254267s, 10884 KB] reading input...
[t=0.00649728s, 11492 KB] done reading input!
[t=0.0104504s, 12416 KB] Initializing landmark cut heuristic...
[t=0.0135111s, 12416 KB] Building successor generator...done!
[t=0.0144514s, 12540 KB] peak memory difference for successor generator creation: 124 KB
[t=0.0145082s, 12540 KB] time for successor generation creation: 0.000784648s
[t=0.0145347s, 12540 KB] Variables: 20
[t=0.014564s, 12540 KB] FactPairs: 120
[t=0.0145882s, 12540 KB] Bytes per state: 8
[t=0.014612s, 12540 KB] Conducting best first anytime search with reopening closed nodes, (real) bound = 2147483647
[t=0.0146747s, 12540 KB] New best heuristic value for lmcut(): 31
[t=0.0150678s, 12540 KB] g=0, 1 evaluated, 0 expanded
[t=0.0150948s, 12540 KB] Initial heuristic value for lmcut(): 31
[t=0.0151235s, 12540 KB] Start Timestep: 1682562885836 millisecond(s).
[t=0.0151677s, 12540 KB] New best heuristic value for lmcut(): 28
[t=0.0155s, 12540 KB] g=3, 2 evaluated, 1 expanded
[t=0.022194s, 12540 KB] New best heuristic value for lmcut(): 25
[t=0.0257265s, 12540 KB] g=6, 32 evaluated, 2 expanded
[t=0.0549737s, 12540 KB] New best heuristic value for lmcut(): 22
[t=0.0568128s, 12540 KB] g=11, 128 evaluated, 6 expanded
[t=0.125877s, 12540 KB] New best heuristic value for lmcut(): 19
[t=0.127311s, 12540 KB] g=17, 346 evaluated, 15 expanded
[t=0.432978s, 12540 KB] New best heuristic value for lmcut(): 17
[t=0.436116s, 12540 KB] g=22, 1300 evaluated, 58 expanded
[t=0.516908s, 12540 KB] New best heuristic value for lmcut(): 14
[t=0.518693s, 12540 KB] g=27, 1560 evaluated, 69 expanded
[t=0.540842s, 12540 KB] New best heuristic value for lmcut(): 13
[t=0.541117s, 12540 KB] g=29, 1641 evaluated, 73 expanded
[t=0.65276s, 12540 KB] New best heuristic value for lmcut(): 12
[t=0.6552s, 12540 KB] g=32, 2031 evaluated, 89 expanded
[t=0.66869s, 12540 KB] New best heuristic value for lmcut(): 11
[t=0.671434s, 12540 KB] g=33, 2082 evaluated, 91 expanded
[t=0.70063s, 12540 KB] New best heuristic value for lmcut(): 10
[t=0.701271s, 12540 KB] g=37, 2186 evaluated, 96 expanded
[t=0.848519s, 12540 KB] New best heuristic value for lmcut(): 8
[t=0.849592s, 12540 KB] g=37, 2738 evaluated, 120 expanded
[t=0.996427s, 12672 KB] New best heuristic value for lmcut(): 7
[t=0.999132s, 12672 KB] g=40, 3309 evaluated, 146 expanded
[t=2.17729s, 12804 KB] New best heuristic value for lmcut(): 5
[t=2.17868s, 12804 KB] g=43, 7568 evaluated, 347 expanded
[t=2.19721s, 12804 KB] New best heuristic value for lmcut(): 4
[t=2.19899s, 12804 KB] g=45, 7662 evaluated, 351 expanded
[t=2.23315s, 12804 KB] New best heuristic value for lmcut(): 2
[t=2.23644s, 12804 KB] g=50, 7821 evaluated, 358 expanded
[t=2.24507s, 12804 KB] New best heuristic value for lmcut(): 1
[t=2.24819s, 12804 KB] g=53, 7870 evaluated, 360 expanded
[t=2.25701s, 12804 KB] New best heuristic value for lmcut(): 0
[t=2.25783s, 12804 KB] g=52, 7899 evaluated, 362 expanded
[t=2.26094s, 13040 KB] Solution found!
analyze-2 seg-in-1 seg-out-1 car-in-1 car-out-1 (3)
analyze-2 seg-in-1 seg-out-1 car-out-1 car-in-1 (3)
rotate-2 seg-in-2 seg-out-1 car-in-2 car-out-1 (1)
rotate-2 seg-in-1 seg-out-1 car-in-1 car-in-2 (1)
analyze-2 seg-in-1 seg-out-1 car-in-2 car-in-1 (3)
rotate-2 seg-in-2 seg-out-1 car-out-1 car-in-2 (1)
rotate-2 seg-in-3 seg-out-1 car-in-3 car-out-1 (1)
rotate-2 seg-in-1 seg-out-1 car-in-1 car-in-3 (1)
analyze-2 seg-in-1 seg-out-1 car-in-3 car-in-1 (3)
rotate-2 seg-in-3 seg-out-1 car-out-1 car-in-3 (1)
rotate-2 seg-in-1 seg-out-2 car-in-1 car-out-2 (1)
analyze-2 seg-in-1 seg-out-1 car-out-2 car-out-1 (3)
rotate-2 seg-in-5 seg-out-2 car-in-5 car-in-1 (1)
rotate-2 seg-in-1 seg-out-2 car-out-1 car-in-5 (1)
analyze-2 seg-in-1 seg-out-1 car-in-5 car-out-2 (3)
rotate-2 seg-in-4 seg-out-2 car-in-4 car-out-1 (1)
rotate-2 seg-in-1 seg-out-2 car-out-2 car-in-4 (1)
analyze-2 seg-in-1 seg-out-1 car-in-4 car-in-5 (3)
rotate-2 seg-in-4 seg-out-1 car-out-1 car-in-4 (1)
rotate-2 seg-in-1 seg-out-3 car-in-5 car-out-3 (1)
analyze-2 seg-in-1 seg-out-1 car-out-3 car-out-1 (3)
rotate-2 seg-in-1 seg-out-1 car-out-1 car-out-3 (1)
rotate-2 seg-in-1 seg-out-3 car-out-3 car-in-5 (1)
rotate-2 seg-in-1 seg-out-4 car-in-5 car-out-4 (1)
analyze-2 seg-in-1 seg-out-1 car-out-4 car-out-1 (3)
rotate-2 seg-in-5 seg-out-1 car-in-1 car-out-4 (1)
rotate-2 seg-in-5 seg-out-4 car-out-4 car-in-5 (1)
rotate-2 seg-in-1 seg-out-1 car-out-1 car-in-1 (1)
rotate-2 seg-in-1 seg-out-5 car-in-1 car-out-5 (1)
analyze-2 seg-in-1 seg-out-1 car-out-5 car-out-1 (3)
rotate-2 seg-in-1 seg-out-1 car-out-1 car-out-5 (1)
rotate-2 seg-in-1 seg-out-5 car-out-5 car-in-1 (1)
[t=2.26465s, 13040 KB] Plan length: 32 step(s).
[t=2.2647s, 13040 KB] Plan cost: 52
[t=2.26473s, 13040 KB] Solution: Incumbent solution found!
[t=2.26475s, 13040 KB] Solution Timestep: 1682562888091 millisecond(s).
[t=2.26478s, 13040 KB] Timestamp: 1682562888091 millisecond(s).
[t=2.2648s, 13040 KB] Expanded 364 state(s).
[t=2.26483s, 13040 KB] Reopened 0 state(s).
[t=2.26485s, 13040 KB] Evaluated 7941 state(s).
[t=2.26487s, 13040 KB] Evaluations: 7941
[t=2.2649s, 13040 KB] Generated 9438 state(s).
[t=2.26492s, 13040 KB] Dead ends: 0 state(s).
[t=2.26495s, 13040 KB] Number of registered states: 7941
[t=2.26497s, 13040 KB] Int hash set load factor: 7941/16384 = 0.48468
[t=2.26499s, 13040 KB] Int hash set resizes: 14
[t=193.361s, 44040 KB] Solution found!
analyze-2 seg-in-1 seg-out-1 car-in-1 car-out-1 (3)
analyze-2 seg-in-1 seg-out-1 car-out-1 car-in-1 (3)
rotate-2 seg-in-1 seg-out-5 car-in-1 car-out-5 (1)
analyze-2 seg-in-1 seg-out-1 car-out-5 car-out-1 (3)
rotate-2 seg-in-3 seg-out-1 car-in-3 car-out-5 (1)
rotate-2 seg-in-1 seg-out-4 car-out-1 car-out-4 (1)
analyze-2 seg-in-1 seg-out-1 car-out-4 car-in-3 (3)
rotate-2 seg-in-4 seg-out-1 car-in-4 car-out-4 (1)
analyze-2 seg-in-1 seg-out-1 car-in-3 car-in-4 (3)
analyze-2 seg-in-1 seg-out-1 car-in-4 car-in-3 (3)
rotate-2 seg-in-2 seg-out-5 car-in-2 car-in-1 (1)
rotate-2 seg-in-1 seg-out-3 car-in-3 car-out-3 (1)
analyze-2 seg-in-1 seg-out-1 car-out-3 car-in-4 (3)
rotate-2 seg-in-1 seg-out-5 car-in-4 car-in-2 (1)
analyze-2 seg-in-1 seg-out-1 car-in-2 car-out-3 (3)
rotate-2 seg-in-1 seg-out-2 car-out-3 car-out-2 (1)
analyze-2 seg-in-1 seg-out-1 car-out-2 car-in-2 (3)
rotate-2 seg-in-4 seg-out-5 car-out-4 car-in-4 (1)
rotate-2 seg-in-2 seg-out-3 car-in-1 car-in-3 (1)
rotate-2 seg-in-1 seg-out-5 car-in-2 car-out-4 (1)
rotate-2 seg-in-5 seg-out-4 car-in-5 car-out-1 (1)
rotate-2 seg-in-1 seg-out-4 car-out-4 car-in-5 (1)
analyze-2 seg-in-1 seg-out-1 car-in-5 car-out-2 (3)
rotate-2 seg-in-5 seg-out-1 car-out-1 car-in-5 (1)
rotate-2 seg-in-2 seg-out-3 car-in-3 car-in-1 (1)
rotate-2 seg-in-3 seg-out-3 car-out-5 car-in-3 (1)
rotate-2 seg-in-1 seg-out-2 car-out-2 car-out-3 (1)
rotate-2 seg-in-2 seg-out-5 car-in-1 car-in-2 (1)
rotate-2 seg-in-1 seg-out-3 car-out-3 car-out-5 (1)
rotate-2 seg-in-1 seg-out-5 car-out-5 car-in-1 (1)
[t=193.362s, 44040 KB] Plan length: 30 step(s).
[t=193.362s, 44040 KB] Plan cost: 50
[t=193.362s, 44040 KB] Solution: Incumbent solution found!
[t=193.362s, 44040 KB] Solution Timestep: 1682563079785 millisecond(s).
[t=193.362s, 44040 KB] Timestamp: 1682563079785 millisecond(s).
[t=193.362s, 44040 KB] Expanded 40749 state(s).
[t=193.362s, 44040 KB] Reopened 370 state(s).
[t=193.362s, 44040 KB] Evaluated 472046 state(s).
[t=193.362s, 44040 KB] Evaluations: 673685
[t=193.362s, 44040 KB] Generated 1059448 state(s).
[t=193.362s, 44040 KB] Dead ends: 0 state(s).
[t=193.362s, 44040 KB] Number of registered states: 673685
[t=193.362s, 44040 KB] Int hash set load factor: 673685/1048576 = 0.642476
[t=193.363s, 44040 KB] Int hash set resizes: 20
[t=193.632s, 44176 KB] Solution found!
analyze-2 seg-in-1 seg-out-1 car-in-1 car-out-1 (3)
analyze-2 seg-in-1 seg-out-1 car-out-1 car-in-1 (3)
rotate-2 seg-in-1 seg-out-5 car-in-1 car-out-5 (1)
analyze-2 seg-in-1 seg-out-1 car-out-5 car-out-1 (3)
rotate-2 seg-in-3 seg-out-1 car-in-3 car-out-5 (1)
rotate-2 seg-in-1 seg-out-4 car-out-1 car-out-4 (1)
analyze-2 seg-in-1 seg-out-1 car-out-4 car-in-3 (3)
rotate-2 seg-in-4 seg-out-1 car-in-4 car-out-4 (1)
analyze-2 seg-in-1 seg-out-1 car-in-3 car-in-4 (3)
analyze-2 seg-in-1 seg-out-1 car-in-4 car-in-3 (3)
rotate-2 seg-in-2 seg-out-5 car-in-2 car-in-1 (1)
rotate-2 seg-in-1 seg-out-3 car-in-3 car-out-3 (1)
analyze-2 seg-in-1 seg-out-1 car-out-3 car-in-4 (3)
rotate-2 seg-in-1 seg-out-5 car-in-4 car-in-2 (1)
analyze-2 seg-in-1 seg-out-1 car-in-2 car-out-3 (3)
rotate-2 seg-in-1 seg-out-2 car-out-3 car-out-2 (1)
analyze-2 seg-in-1 seg-out-1 car-out-2 car-in-2 (3)
rotate-2 seg-in-4 seg-out-5 car-out-4 car-in-4 (1)
rotate-2 seg-in-2 seg-out-3 car-in-1 car-in-3 (1)
rotate-2 seg-in-1 seg-out-5 car-in-2 car-out-4 (1)
rotate-2 seg-in-5 seg-out-4 car-in-5 car-out-1 (1)
rotate-2 seg-in-1 seg-out-4 car-out-4 car-in-5 (1)
analyze-2 seg-in-1 seg-out-1 car-in-5 car-out-2 (3)
rotate-2 seg-in-5 seg-out-1 car-out-1 car-in-5 (1)
rotate-2 seg-in-2 seg-out-5 car-in-3 car-in-2 (1)
rotate-2 seg-in-3 seg-out-5 car-out-5 car-in-3 (1)
rotate-2 seg-in-1 seg-out-2 car-out-2 car-out-3 (1)
rotate-2 seg-in-1 seg-out-3 car-out-3 car-in-1 (1)
[t=193.633s, 44176 KB] Plan length: 28 step(s).
[t=193.633s, 44176 KB] Plan cost: 48
[t=193.633s, 44176 KB] Solution: Incumbent solution found!
[t=193.633s, 44176 KB] Solution Timestep: 1682563080060 millisecond(s).
[t=193.633s, 44176 KB] Timestamp: 1682563080060 millisecond(s).
[t=193.633s, 44176 KB] Expanded 40803 state(s).
[t=193.633s, 44176 KB] Reopened 373 state(s).
[t=193.633s, 44176 KB] Evaluated 472459 state(s).
[t=193.633s, 44176 KB] Evaluations: 674783
[t=193.633s, 44176 KB] Generated 1060852 state(s).
[t=193.633s, 44176 KB] Dead ends: 0 state(s).
[t=193.633s, 44176 KB] Number of registered states: 674783
[t=193.633s, 44176 KB] Int hash set load factor: 674783/1048576 = 0.643523
[t=193.633s, 44176 KB] Int hash set resizes: 20
Peak memory: 148688 KB
caught signal 24 -- exiting
Time limit has been reached.
Remove intermediate file output.sas
search exit code: 23

Driver aborting after search
INFO     Planner time: 895.89s
