INFO     planner time limit: 600s
INFO     planner memory limit: 3584 MB

INFO     Running translator.
INFO     translator stdin: None
INFO     translator time limit: 599s
INFO     translator memory limit: 3584 MB
INFO     translator command line string: /usr/local/downward-projects/downward/experiments/src/thesis/.venv/bin/python3 /usr/local/downward-projects/downward/experiments/src/thesis/data/thesis-thesis_exp/code-84c08dfff1890fbf6247184940c8166177195ea1_e5e41175/builds/release/bin/translate/translate.py domain.pddl problem.pddl --sas-file output.sas
Parsing...
Parsing: [0.010s CPU, 0.004s wall-clock]
Normalizing task... [0.000s CPU, 0.000s wall-clock]
Instantiating...
Generating Datalog program... [0.000s CPU, 0.001s wall-clock]
Normalizing Datalog program...
Duplicate arguments: Adding equality conditions.
Normalizing Datalog program: [0.000s CPU, 0.003s wall-clock]
Preparing model... [0.000s CPU, 0.002s wall-clock]
Generated 129 rules.
Computing model... [0.080s CPU, 0.076s wall-clock]
6489 relevant atoms
6462 auxiliary atoms
12951 final queue length
28100 total queue pushes
Completing instantiation... [0.200s CPU, 0.197s wall-clock]
Instantiating: [0.280s CPU, 0.281s wall-clock]
Computing fact groups...
Finding invariants...
36 initial candidates
Finding invariants: [0.130s CPU, 0.127s wall-clock]
Checking invariant weight... [0.000s CPU, 0.001s wall-clock]
Instantiating groups... [0.000s CPU, 0.002s wall-clock]
Collecting mutex groups... [0.000s CPU, 0.001s wall-clock]
Choosing groups...
0 uncovered facts
Choosing groups: [0.000s CPU, 0.002s wall-clock]
Building translation key... [0.000s CPU, 0.001s wall-clock]
Computing fact groups: [0.140s CPU, 0.138s wall-clock]
Building STRIPS to SAS dictionary... [0.000s CPU, 0.000s wall-clock]
Building dictionary for full mutex groups... [0.000s CPU, 0.001s wall-clock]
Building mutex information...
Building mutex information: [0.000s CPU, 0.001s wall-clock]
Translating task...
Processing axioms...
Simplifying axioms... [0.000s CPU, 0.000s wall-clock]
Translator axioms removed by simplifying: 0
Computing negative axioms... [0.000s CPU, 0.000s wall-clock]
Processing axioms: [0.010s CPU, 0.009s wall-clock]
Translating task: [0.220s CPU, 0.213s wall-clock]
0 effect conditions simplified
0 implied preconditions added
Detecting unreachable propositions...
0 operators removed
0 axioms removed
37 propositions removed
Detecting unreachable propositions: [0.160s CPU, 0.160s wall-clock]
Reordering and filtering variables...
40 of 40 variables necessary.
44 of 63 mutex groups necessary.
5418 of 5418 operators necessary.
0 of 0 axiom rules necessary.
Reordering and filtering variables: [0.030s CPU, 0.030s wall-clock]
Translator variables: 40
Translator derived variables: 0
Translator facts: 857
Translator goal facts: 36
Translator mutex groups: 44
Translator total mutex groups size: 1669
Translator operators: 5418
Translator axioms: 0
Translator task size: 42886
Translator peak memory: 59220 KB
Writing output... [0.030s CPU, 0.031s wall-clock]
Done! [0.880s CPU, 0.872s wall-clock]
translate exit code: 0

INFO     Running search (release).
INFO     search stdin: output.sas
INFO     search time limit: 599s
INFO     search memory limit: 3584 MB
INFO     search command line string: /usr/local/downward-projects/downward/experiments/src/thesis/data/thesis-thesis_exp/code-84c08dfff1890fbf6247184940c8166177195ea1_e5e41175/builds/release/bin/downward --evaluator 'h=ff()' --search 'eager(partition(h, lwm_partition(), inter_uniform(), intra_uniform() )) ' --internal-plan-file sas_plan < output.sas
[t=0s, 11732 KB] reading input...
[t=0.0199313s, 14752 KB] done reading input!
[t=0.0238742s, 16112 KB] Simplifying 18000 unary operators... done! [17388 unary operators]
[t=0.045796s, 17344 KB] time to simplify: 0.0219218s
[t=0.0469734s, 17344 KB] Initializing additive heuristic...
[t=0.0474305s, 17344 KB] Initializing FF heuristic...
[t=0.0474593s, 17344 KB] Building successor generator...done!
[t=0.049301s, 17344 KB] peak memory difference for successor generator creation: 0 KB
[t=0.0493685s, 17344 KB] time for successor generation creation: 9.3666e-05s
[t=0.049395s, 17344 KB] Variables: 40
[t=0.0494214s, 17344 KB] FactPairs: 857
[t=0.0494442s, 17344 KB] Bytes per state: 20
[t=0.0494684s, 17344 KB] Conducting best first search without reopening closed nodes, (real) bound = 2147483647
[t=0.0495258s, 17344 KB] New best heuristic value for ff(): 5
[t=0.0498304s, 17344 KB] g=0, 1 evaluated, 0 expanded
[t=0.0498575s, 17344 KB] Initial heuristic value for ff(): 5
[t=0.0498866s, 17344 KB] pruning method: none
[t=0.0499094s, 17344 KB] Start Timestep: 1693554320448 millisecond(s).
[t=0.0499561s, 17344 KB] New best heuristic value for ff(): 4
[t=0.0501541s, 17344 KB] g=1, 2 evaluated, 1 expanded
[t=0.0514792s, 17344 KB] New best heuristic value for ff(): 3
[t=0.054774s, 17344 KB] g=2, 38 evaluated, 2 expanded
[t=0.0674298s, 17344 KB] New best heuristic value for ff(): 2
[t=0.0685558s, 17344 KB] g=3, 142 evaluated, 6 expanded
[t=0.0753456s, 17344 KB] New best heuristic value for ff(): 1
[t=0.0784739s, 17344 KB] g=4, 210 evaluated, 8 expanded
[t=0.111272s, 17344 KB] New best heuristic value for ff(): 0
[t=0.114253s, 17344 KB] g=5, 436 evaluated, 15 expanded
Peak memory: 31532 KB
caught signal 24 -- exiting
Time limit has been reached.
Remove intermediate file output.sas
search exit code: 23

Driver aborting after search
INFO     Planner time: 599.53s
