INFO     planner time limit: 600s
INFO     planner memory limit: 3584 MB

INFO     Running translator.
INFO     translator stdin: None
INFO     translator time limit: 599s
INFO     translator memory limit: 3584 MB
INFO     translator command line string: /usr/local/downward-projects/downward/experiments/assign3/.venv/bin/python3 /usr/local/downward-projects/downward/experiments/assign3/data/assign3-anytime_exp/code-1fb14623350588fb782db39ad332c8a25eda53d6_e5e41175/builds/release/bin/translate/translate.py domain.pddl problem.pddl --sas-file output.sas
Parsing...
Parsing: [0.000s CPU, 0.002s wall-clock]
Normalizing task... [0.000s CPU, 0.000s wall-clock]
Instantiating...
Generating Datalog program... [0.000s CPU, 0.001s wall-clock]
Normalizing Datalog program...
Normalizing Datalog program: [0.000s CPU, 0.001s wall-clock]
Preparing model... [0.000s CPU, 0.001s wall-clock]
Generated 26 rules.
Computing model... [0.040s CPU, 0.044s wall-clock]
4503 relevant atoms
3871 auxiliary atoms
8374 final queue length
16019 total queue pushes
Completing instantiation... [0.120s CPU, 0.115s wall-clock]
Instantiating: [0.160s CPU, 0.164s wall-clock]
Computing fact groups...
Finding invariants...
9 initial candidates
Finding invariants: [0.000s CPU, 0.003s wall-clock]
Checking invariant weight... [0.000s CPU, 0.000s wall-clock]
Instantiating groups... [0.000s CPU, 0.001s wall-clock]
Collecting mutex groups... [0.000s CPU, 0.000s wall-clock]
Choosing groups...
0 uncovered facts
Choosing groups: [0.000s CPU, 0.000s wall-clock]
Building translation key... [0.000s CPU, 0.000s wall-clock]
Computing fact groups: [0.000s CPU, 0.006s wall-clock]
Building STRIPS to SAS dictionary... [0.000s CPU, 0.000s wall-clock]
Building dictionary for full mutex groups... [0.000s CPU, 0.000s wall-clock]
Building mutex information...
Building mutex information: [0.000s CPU, 0.000s wall-clock]
Translating task...
Processing axioms...
Simplifying axioms... [0.000s CPU, 0.000s wall-clock]
Translator axioms removed by simplifying: 0
Computing negative axioms... [0.000s CPU, 0.000s wall-clock]
Processing axioms: [0.010s CPU, 0.005s wall-clock]
Translating task: [0.110s CPU, 0.109s wall-clock]
0 effect conditions simplified
0 implied preconditions added
Detecting unreachable propositions...
0 operators removed
0 axioms removed
14 propositions removed
Detecting unreachable propositions: [0.050s CPU, 0.046s wall-clock]
Reordering and filtering variables...
14 of 14 variables necessary.
0 of 14 mutex groups necessary.
4050 of 4050 operators necessary.
0 of 0 axiom rules necessary.
Reordering and filtering variables: [0.010s CPU, 0.013s wall-clock]
Translator variables: 14
Translator derived variables: 0
Translator facts: 259
Translator goal facts: 8
Translator mutex groups: 0
Translator total mutex groups size: 0
Translator operators: 4050
Translator axioms: 0
Translator task size: 23951
Translator peak memory: 48240 KB
Writing output... [0.010s CPU, 0.018s wall-clock]
Done! [0.350s CPU, 0.366s wall-clock]
translate exit code: 0

INFO     Running search (release).
INFO     search stdin: output.sas
INFO     search time limit: 599s
INFO     search memory limit: 3584 MB
INFO     search command line string: /usr/local/downward-projects/downward/experiments/assign3/data/assign3-anytime_exp/code-1fb14623350588fb782db39ad332c8a25eda53d6_e5e41175/builds/release/bin/downward --evaluator 'h=lmcut()' --search 'iterated([
            lazy_wastar([h],w=5),
            lazy_wastar([h],w=4),
            lazy_wastar([h],w=3),
            lazy_wastar([h],w=2),
            astar(h)
        ],continue_on_fail=true)' --internal-plan-file sas_plan < output.sas
[t=0.00105157s, 10884 KB] reading input...
[t=0.0136373s, 12048 KB] done reading input!
[t=0.0178281s, 13048 KB] Initializing landmark cut heuristic...
[t=0.0185878s, 13048 KB] Building successor generator...done!
[t=0.0206179s, 13928 KB] peak memory difference for successor generator creation: 880 KB
[t=0.0206769s, 13928 KB] time for successor generation creation: 0.00114298s
[t=0.0207023s, 13928 KB] Variables: 14
[t=0.0207288s, 13928 KB] FactPairs: 259
[t=0.0207517s, 13928 KB] Bytes per state: 12
[t=0.0207751s, 13928 KB] Start Timestep: 1682009399865 millisecond(s).
[t=0.0208614s, 13928 KB] Building successor generator...done!
[t=0.020949s, 13928 KB] peak memory difference for successor generator creation: 0 KB
[t=0.0209872s, 13928 KB] time for successor generation creation: 0s
[t=0.021012s, 13928 KB] Variables: 14
[t=0.0210377s, 13928 KB] FactPairs: 259
[t=0.0210618s, 13928 KB] Bytes per state: 12
[t=0.0210854s, 13928 KB] Starting search: lazy_wastar([h],w=5)
[t=0.0211194s, 13928 KB] Conducting lazy best first search, (real) bound = 2147483647
[t=0.021143s, 13928 KB] Start Timestep: 1682009399865 millisecond(s).
[t=0.0239062s, 13928 KB] New best heuristic value for lmcut(): 144
[t=0.0242814s, 13928 KB] g=0, 1 evaluated, 0 expanded
[t=0.0243118s, 13928 KB] Initial heuristic value for lmcut(): 144
[t=0.0417345s, 13928 KB] New best heuristic value for lmcut(): 143
[t=0.0427658s, 13928 KB] g=1, 7 evaluated, 6 expanded
[t=0.0458442s, 13928 KB] New best heuristic value for lmcut(): 142
[t=0.0461406s, 13928 KB] g=14, 8 evaluated, 7 expanded
[t=0.0615815s, 13928 KB] New best heuristic value for lmcut(): 139
[t=0.0619399s, 13928 KB] g=18, 13 evaluated, 12 expanded
[t=0.0657182s, 13928 KB] New best heuristic value for lmcut(): 137
[t=0.0658101s, 13928 KB] g=31, 14 evaluated, 13 expanded
[t=0.0856641s, 13928 KB] New best heuristic value for lmcut(): 124
[t=0.0862183s, 13928 KB] g=35, 20 evaluated, 19 expanded
[t=0.0919378s, 13928 KB] New best heuristic value for lmcut(): 122
[t=0.0925605s, 13928 KB] g=55, 22 evaluated, 21 expanded
[t=0.0992678s, 13928 KB] New best heuristic value for lmcut(): 118
[t=0.0993801s, 13928 KB] g=56, 24 evaluated, 23 expanded
[t=0.102383s, 13928 KB] New best heuristic value for lmcut(): 117
[t=0.102999s, 13928 KB] g=77, 25 evaluated, 24 expanded
[t=0.292204s, 13928 KB] New best heuristic value for lmcut(): 113
[t=0.293029s, 13928 KB] g=84, 81 evaluated, 80 expanded, 2 reopened
[t=0.411934s, 13928 KB] New best heuristic value for lmcut(): 111
[t=0.412209s, 13928 KB] g=92, 116 evaluated, 115 expanded, 2 reopened
[t=0.484294s, 13928 KB] New best heuristic value for lmcut(): 109
[t=0.485229s, 13928 KB] g=81, 139 evaluated, 138 expanded, 4 reopened
[t=0.96941s, 13928 KB] New best heuristic value for lmcut(): 108
[t=0.969683s, 13928 KB] g=101, 286 evaluated, 285 expanded, 10 reopened
[t=1.0145s, 13928 KB] New best heuristic value for lmcut(): 103
[t=1.01504s, 13928 KB] g=128, 300 evaluated, 299 expanded, 10 reopened
[t=21.6108s, 14860 KB] New best heuristic value for lmcut(): 101
[t=21.6118s, 14860 KB] g=160, 8068 evaluated, 8067 expanded, 1976 reopened
[t=21.6415s, 14860 KB] New best heuristic value for lmcut(): 100
[t=21.6423s, 14860 KB] g=161, 8076 evaluated, 8075 expanded, 1976 reopened
[t=154.734s, 21376 KB] New best heuristic value for lmcut(): 99
[t=154.734s, 21376 KB] g=138, 57482 evaluated, 57481 expanded, 14174 reopened
[t=263.897s, 26904 KB] New best heuristic value for lmcut(): 98
[t=263.897s, 26904 KB] g=193, 98152 evaluated, 98151 expanded, 24259 reopened
[t=268.391s, 27168 KB] New best heuristic value for lmcut(): 94
[t=268.392s, 27168 KB] g=200, 100199 evaluated, 100198 expanded, 25066 reopened
Peak memory: 50524 KB
caught signal 24 -- exiting
Time limit has been reached.
Remove intermediate file output.sas
search exit code: 23

Driver aborting after search
INFO     Planner time: 596.34s
