INFO     planner time limit: 900s
INFO     planner memory limit: 3584 MB

INFO     Running translator.
INFO     translator stdin: None
INFO     translator time limit: 899s
INFO     translator memory limit: 3584 MB
INFO     translator command line string: /usr/local/downward-projects/downward/experiments/assign3/.venv/bin/python3 /usr/local/downward-projects/downward/experiments/assign3/data/assign3-anytime_exp/code-fe4f0f1bb525c059c1938ac01bab1b7bae200873_e5e41175/builds/release/bin/translate/translate.py domain.pddl problem.pddl --sas-file output.sas
Parsing...
Parsing: [0.000s CPU, 0.002s wall-clock]
Normalizing task... [0.000s CPU, 0.000s wall-clock]
Instantiating...
Generating Datalog program... [0.000s CPU, 0.000s wall-clock]
Normalizing Datalog program...
Normalizing Datalog program: [0.000s CPU, 0.001s wall-clock]
Preparing model... [0.000s CPU, 0.001s wall-clock]
Generated 25 rules.
Computing model... [0.010s CPU, 0.007s wall-clock]
461 relevant atoms
611 auxiliary atoms
1072 final queue length
1647 total queue pushes
Completing instantiation... [0.010s CPU, 0.007s wall-clock]
Instantiating: [0.020s CPU, 0.016s wall-clock]
Computing fact groups...
Finding invariants...
7 initial candidates
Finding invariants: [0.000s CPU, 0.003s wall-clock]
Checking invariant weight... [0.000s CPU, 0.000s wall-clock]
Instantiating groups... [0.000s CPU, 0.000s wall-clock]
Collecting mutex groups... [0.000s CPU, 0.000s wall-clock]
Choosing groups...
0 uncovered facts
Choosing groups: [0.000s CPU, 0.000s wall-clock]
Building translation key... [0.000s CPU, 0.000s wall-clock]
Computing fact groups: [0.000s CPU, 0.004s wall-clock]
Building STRIPS to SAS dictionary... [0.000s CPU, 0.000s wall-clock]
Building dictionary for full mutex groups... [0.000s CPU, 0.000s wall-clock]
Building mutex information...
Building mutex information: [0.000s CPU, 0.000s wall-clock]
Translating task...
Processing axioms...
Simplifying axioms... [0.000s CPU, 0.000s wall-clock]
Translator axioms removed by simplifying: 0
Computing negative axioms... [0.000s CPU, 0.000s wall-clock]
Processing axioms: [0.000s CPU, 0.000s wall-clock]
Translating task: [0.010s CPU, 0.006s wall-clock]
0 effect conditions simplified
0 implied preconditions added
Detecting unreachable propositions...
0 operators removed
0 axioms removed
34 propositions removed
Detecting unreachable propositions: [0.000s CPU, 0.004s wall-clock]
Reordering and filtering variables...
34 of 34 variables necessary.
0 of 34 mutex groups necessary.
185 of 185 operators necessary.
0 of 0 axiom rules necessary.
Reordering and filtering variables: [0.000s CPU, 0.002s wall-clock]
Translator variables: 34
Translator derived variables: 0
Translator facts: 100
Translator goal facts: 33
Translator mutex groups: 0
Translator total mutex groups size: 0
Translator operators: 185
Translator axioms: 0
Translator task size: 1634
Translator peak memory: 32880 KB
Writing output... [0.000s CPU, 0.001s wall-clock]
Done! [0.030s CPU, 0.035s wall-clock]
translate exit code: 0

INFO     Running search (release).
INFO     search stdin: output.sas
INFO     search time limit: 899s
INFO     search memory limit: 3584 MB
INFO     search command line string: /usr/local/downward-projects/downward/experiments/assign3/data/assign3-anytime_exp/code-fe4f0f1bb525c059c1938ac01bab1b7bae200873_e5e41175/builds/release/bin/downward --evaluator 'h=lmcut()' --search 'eager_anytime(epsilon_greedy(
        sum([weight(h, 2, verbosity=normal), g()]), epsilon=0.2, random_seed=1234), 
        reopen_closed=true, f_eval=sum([h, g()]))' --internal-plan-file sas_plan < output.sas
[t=0.00195757s, 10884 KB] reading input...
[t=0.002082s, 10884 KB] done reading input!
[t=0.00416384s, 11272 KB] Initializing landmark cut heuristic...
[t=0.00485622s, 11272 KB] Building successor generator...done!
[t=0.00507198s, 11272 KB] peak memory difference for successor generator creation: 0 KB
[t=0.00511636s, 11272 KB] time for successor generation creation: 0s
[t=0.00514107s, 11272 KB] Variables: 34
[t=0.00517449s, 11272 KB] FactPairs: 100
[t=0.00519674s, 11272 KB] Bytes per state: 8
[t=0.00521944s, 11272 KB] Conducting best first anytime search with reopening closed nodes, (real) bound = 2147483647
[t=0.00527309s, 11272 KB] New best heuristic value for lmcut(): 3
[t=0.00534338s, 11272 KB] g=0, 1 evaluated, 0 expanded
[t=0.00536682s, 11272 KB] Initial heuristic value for lmcut(): 3
[t=0.00539609s, 11272 KB] Start Timestep: 1682386386327 millisecond(s).
[t=0.00543432s, 11272 KB] New best heuristic value for lmcut(): 2
[t=0.00549283s, 11272 KB] g=1, 2 evaluated, 1 expanded
[t=0.00551495s, 11272 KB] New best heuristic value for lmcut(): 1
[t=0.00562753s, 11272 KB] g=1, 6 evaluated, 1 expanded
[t=5.46479s, 26644 KB] New best heuristic value for lmcut(): 0
[t=5.46573s, 26644 KB] g=7, 284750 evaluated, 107906 expanded, 1041 reopened
[t=88.298s, 225308 KB] Solution found!
jump-new-move pos-3-5 pos-3-4 pos-3-3 (1)
end-move pos-3-3 (0)
jump-new-move pos-5-4 pos-4-4 pos-3-4 (1)
end-move pos-3-4 (0)
jump-new-move pos-3-2 pos-3-1 pos-3-0 (1)
end-move pos-3-0 (0)
jump-new-move pos-5-2 pos-4-2 pos-3-2 (1)
end-move pos-3-2 (0)
jump-new-move pos-2-2 pos-2-1 pos-2-0 (1)
jump-continue-move pos-2-0 pos-3-0 pos-4-0 (0)
jump-continue-move pos-4-0 pos-4-1 pos-4-2 (0)
jump-continue-move pos-4-2 pos-4-3 pos-4-4 (0)
end-move pos-4-4 (0)
jump-new-move pos-2-3 pos-1-3 pos-0-3 (1)
end-move pos-0-3 (0)
jump-new-move pos-4-5 pos-4-4 pos-4-3 (1)
end-move pos-4-3 (0)
jump-new-move pos-2-4 pos-3-4 pos-4-4 (1)
jump-continue-move pos-4-4 pos-4-3 pos-4-2 (0)
jump-continue-move pos-4-2 pos-3-2 pos-2-2 (0)
jump-continue-move pos-2-2 pos-1-2 pos-0-2 (0)
jump-continue-move pos-0-2 pos-0-3 pos-0-4 (0)
jump-continue-move pos-0-4 pos-1-4 pos-2-4 (0)
end-move pos-2-4 (0)
jump-new-move pos-2-5 pos-2-4 pos-2-3 (1)
jump-continue-move pos-2-3 pos-3-3 pos-4-3 (0)
end-move pos-4-3 (0)
jump-new-move pos-5-3 pos-4-3 pos-3-3 (1)
[t=88.3005s, 225308 KB] Plan length: 28 step(s).
[t=88.3005s, 225308 KB] Plan cost: 10
[t=88.3005s, 225308 KB] Solution: Incumbent solution found!
[t=88.3006s, 225308 KB] Solution Timestep: 1682386475118 millisecond(s).
[t=88.3006s, 225308 KB] Timestamp: 1682386475118 millisecond(s).
[t=88.3006s, 225308 KB] Expanded 2537994 state(s).
[t=88.3006s, 225308 KB] Reopened 75288 state(s).
[t=88.3006s, 225308 KB] Evaluated 3910179 state(s).
[t=88.3007s, 225308 KB] Evaluations: 4397007
[t=88.3007s, 225308 KB] Generated 6858589 state(s).
[t=88.3007s, 225308 KB] Dead ends: 0 state(s).
[t=88.3007s, 225308 KB] Number of registered states: 4397007
[t=88.3008s, 225308 KB] Int hash set load factor: 4397007/8388608 = 0.524164
[t=88.3008s, 225308 KB] Int hash set resizes: 23
[t=99.6838s, 236500 KB] Solution found!
jump-new-move pos-3-2 pos-3-1 pos-3-0 (1)
end-move pos-3-0 (0)
jump-new-move pos-3-4 pos-3-5 pos-3-6 (1)
end-move pos-3-6 (0)
jump-new-move pos-1-2 pos-2-2 pos-3-2 (1)
end-move pos-3-2 (0)
jump-new-move pos-1-3 pos-2-3 pos-3-3 (1)
jump-continue-move pos-3-3 pos-3-2 pos-3-1 (0)
end-move pos-3-1 (0)
jump-new-move pos-1-4 pos-2-4 pos-3-4 (1)
end-move pos-3-4 (0)
jump-new-move pos-5-2 pos-4-2 pos-3-2 (1)
end-move pos-3-2 (0)
jump-new-move pos-4-4 pos-4-5 pos-4-6 (1)
jump-continue-move pos-4-6 pos-3-6 pos-2-6 (0)
jump-continue-move pos-2-6 pos-2-5 pos-2-4 (0)
jump-continue-move pos-2-4 pos-3-4 pos-4-4 (0)
jump-continue-move pos-4-4 pos-4-3 pos-4-2 (0)
jump-continue-move pos-4-2 pos-4-1 pos-4-0 (0)
jump-continue-move pos-4-0 pos-3-0 pos-2-0 (0)
jump-continue-move pos-2-0 pos-2-1 pos-2-2 (0)
jump-continue-move pos-2-2 pos-3-2 pos-4-2 (0)
end-move pos-4-2 (0)
jump-new-move pos-5-4 pos-5-3 pos-5-2 (1)
jump-continue-move pos-5-2 pos-4-2 pos-3-2 (0)
end-move pos-3-2 (0)
jump-new-move pos-3-1 pos-3-2 pos-3-3 (1)
[t=99.6859s, 236500 KB] Plan length: 27 step(s).
[t=99.686s, 236500 KB] Plan cost: 9
[t=99.686s, 236500 KB] Solution: Incumbent solution found!
[t=99.686s, 236500 KB] Solution Timestep: 1682386486533 millisecond(s).
[t=99.686s, 236500 KB] Timestamp: 1682386486534 millisecond(s).
[t=99.6861s, 236500 KB] Expanded 2902864 state(s).
[t=99.6861s, 236500 KB] Reopened 89736 state(s).
[t=99.6861s, 236500 KB] Evaluated 3995225 state(s).
[t=99.6861s, 236500 KB] Evaluations: 4919722
[t=99.6862s, 236500 KB] Generated 7838689 state(s).
[t=99.6862s, 236500 KB] Dead ends: 0 state(s).
[t=99.6862s, 236500 KB] Number of registered states: 4919722
[t=99.6862s, 236500 KB] Int hash set load factor: 4919722/8388608 = 0.586477
[t=99.6863s, 236500 KB] Int hash set resizes: 23
[t=126.29s, 268548 KB] Optimal Solution: found
[t=126.29s, 268548 KB] Actual search time: 126.284s
jump-new-move pos-3-2 pos-3-1 pos-3-0 (1)
end-move pos-3-0 (0)
jump-new-move pos-3-4 pos-3-5 pos-3-6 (1)
end-move pos-3-6 (0)
jump-new-move pos-1-2 pos-2-2 pos-3-2 (1)
end-move pos-3-2 (0)
jump-new-move pos-1-3 pos-2-3 pos-3-3 (1)
jump-continue-move pos-3-3 pos-3-2 pos-3-1 (0)
end-move pos-3-1 (0)
jump-new-move pos-1-4 pos-2-4 pos-3-4 (1)
end-move pos-3-4 (0)
jump-new-move pos-5-2 pos-4-2 pos-3-2 (1)
end-move pos-3-2 (0)
jump-new-move pos-4-4 pos-4-5 pos-4-6 (1)
jump-continue-move pos-4-6 pos-3-6 pos-2-6 (0)
jump-continue-move pos-2-6 pos-2-5 pos-2-4 (0)
jump-continue-move pos-2-4 pos-3-4 pos-4-4 (0)
jump-continue-move pos-4-4 pos-4-3 pos-4-2 (0)
jump-continue-move pos-4-2 pos-4-1 pos-4-0 (0)
jump-continue-move pos-4-0 pos-3-0 pos-2-0 (0)
jump-continue-move pos-2-0 pos-2-1 pos-2-2 (0)
jump-continue-move pos-2-2 pos-3-2 pos-4-2 (0)
end-move pos-4-2 (0)
jump-new-move pos-5-4 pos-5-3 pos-5-2 (1)
jump-continue-move pos-5-2 pos-4-2 pos-3-2 (0)
end-move pos-3-2 (0)
jump-new-move pos-3-1 pos-3-2 pos-3-3 (1)
[t=126.29s, 268548 KB] Plan length: 27 step(s).
[t=126.29s, 268548 KB] Plan cost: 9
[t=126.29s, 268548 KB] Timestamp: 1682386513250 millisecond(s).
[t=126.29s, 268548 KB] Expanded 4098542 state(s).
[t=126.29s, 268548 KB] Reopened 97389 state(s).
[t=126.29s, 268548 KB] Evaluated 4001153 state(s).
[t=126.29s, 268548 KB] Evaluations: 6091839
[t=126.29s, 268548 KB] Generated 10443636 state(s).
[t=126.29s, 268548 KB] Dead ends: 0 state(s).
[t=126.29s, 268548 KB] Number of registered states: 6091839
[t=126.29s, 268548 KB] Int hash set load factor: 6091839/8388608 = 0.726204
[t=126.29s, 268548 KB] Int hash set resizes: 23
[t=126.29s, 268548 KB] Search time: 126.285s
[t=126.29s, 268548 KB] Total time: 126.29s
Solution found.
Peak memory: 268548 KB
Remove intermediate file output.sas
search exit code: 0

INFO     Running validate.
INFO     validate stdin: None
INFO     validate time limit: None
INFO     validate memory limit: None
INFO     validate command line string: validate domain.pddl problem.pddl sas_plan sas_plan.1 sas_plan.2
Checking plan: sas_plan
Plan executed successfully - checking goal
Plan valid
Final value: 9 
Checking plan: sas_plan.1
Plan executed successfully - checking goal
Plan valid
Final value: 10 
Checking plan: sas_plan.2
Plan executed successfully - checking goal
Plan valid
Final value: 9 

Successful plans:
Value: 9
 sas_plan 9 
sas_plan.2 9 

Value: 10
 sas_plan.1 10 

validate exit code: 0

INFO     Planner time: 126.44s
