INFO     planner time limit: 900s
INFO     planner memory limit: 3584 MB

INFO     Running translator.
INFO     translator stdin: None
INFO     translator time limit: 899s
INFO     translator memory limit: 3584 MB
INFO     translator command line string: /usr/local/downward-projects/downward/experiments/.venv/bin/python3 /usr/local/downward-projects/downward/experiments/src/thesis/data/thesis-thesis_exp/code-beb2e19b3d35a0ced2c328754445ca6967892fa8_e5e41175/builds/release/bin/translate/translate.py domain.pddl problem.pddl --sas-file output.sas
Parsing...
Parsing: [0.000s CPU, 0.003s wall-clock]
Normalizing task... [0.000s CPU, 0.000s wall-clock]
Instantiating...
Generating Datalog program... [0.000s CPU, 0.001s wall-clock]
Normalizing Datalog program...
Normalizing Datalog program: [0.000s CPU, 0.001s wall-clock]
Preparing model... [0.000s CPU, 0.002s wall-clock]
Generated 21 rules.
Computing model... [0.720s CPU, 0.712s wall-clock]
69462 relevant atoms
46357 auxiliary atoms
115819 final queue length
207336 total queue pushes
Completing instantiation... [2.230s CPU, 2.248s wall-clock]
Instantiating: [2.980s CPU, 2.994s wall-clock]
Computing fact groups...
Finding invariants...
10 initial candidates
Finding invariants: [0.000s CPU, 0.003s wall-clock]
Checking invariant weight... [0.000s CPU, 0.002s wall-clock]
Instantiating groups... [0.070s CPU, 0.068s wall-clock]
Collecting mutex groups... [0.020s CPU, 0.023s wall-clock]
Choosing groups...
152 uncovered facts
Choosing groups: [0.090s CPU, 0.095s wall-clock]
Building translation key... [0.010s CPU, 0.017s wall-clock]
Computing fact groups: [0.310s CPU, 0.322s wall-clock]
Building STRIPS to SAS dictionary... [0.010s CPU, 0.012s wall-clock]
Building dictionary for full mutex groups... [0.040s CPU, 0.040s wall-clock]
Building mutex information...
Building mutex information: [0.040s CPU, 0.033s wall-clock]
Translating task...
Processing axioms...
Simplifying axioms... [0.000s CPU, 0.000s wall-clock]
Translator axioms removed by simplifying: 0
Computing negative axioms... [0.000s CPU, 0.000s wall-clock]
Processing axioms: [0.060s CPU, 0.064s wall-clock]
Translating task: [2.330s CPU, 2.354s wall-clock]
68252 effect conditions simplified
0 implied preconditions added
Detecting unreachable propositions...
0 operators removed
0 axioms removed
302 propositions removed
Detecting unreachable propositions: [1.440s CPU, 1.450s wall-clock]
Reordering and filtering variables...
303 of 303 variables necessary.
152 of 303 mutex groups necessary.
45602 of 45602 operators necessary.
0 of 0 axiom rules necessary.
Reordering and filtering variables: [0.460s CPU, 0.460s wall-clock]
Translator variables: 303
Translator derived variables: 0
Translator facts: 23256
Translator goal facts: 137
Translator mutex groups: 152
Translator total mutex groups size: 23104
Translator operators: 45602
Translator axioms: 0
Translator task size: 388362
Translator peak memory: 272140 KB
Writing output... [0.290s CPU, 0.296s wall-clock]
Done! [8.000s CPU, 8.069s wall-clock]
translate exit code: 0

INFO     Running search (release).
INFO     search stdin: output.sas
INFO     search time limit: 891s
INFO     search memory limit: 3584 MB
INFO     search command line string: /usr/local/downward-projects/downward/experiments/src/thesis/data/thesis-thesis_exp/code-beb2e19b3d35a0ced2c328754445ca6967892fa8_e5e41175/builds/release/bin/downward --evaluator 'h=ff()' --search 'eager(alt([lwm_based_type(h), single(h)]))' --internal-plan-file sas_plan < output.sas
[t=0.00105205s, 11252 KB] reading input...
[t=0.452707s, 190724 KB] done reading input!
[t=0.474771s, 201040 KB] Simplifying 182106 unary operators... done! [136806 unary operators]
[t=0.696537s, 217724 KB] time to simplify: 0.221766s
[t=0.701752s, 217724 KB] Initializing additive heuristic...
[t=0.702358s, 217724 KB] Initializing FF heuristic...
[t=0.702388s, 217724 KB] Building successor generator...done!
[t=0.716613s, 217724 KB] peak memory difference for successor generator creation: 0 KB
[t=0.716709s, 217724 KB] time for successor generation creation: 0.0136648s
[t=0.717133s, 217724 KB] Variables: 303
[t=0.717729s, 217724 KB] FactPairs: 23256
[t=0.717753s, 217724 KB] Bytes per state: 172
[t=0.717776s, 217724 KB] Conducting best first search without reopening closed nodes, (real) bound = 2147483647
[t=0.721281s, 217724 KB] New best heuristic value for ff(): 285
[t=0.722198s, 217724 KB] g=0, 1 evaluated, 0 expanded
[t=0.722227s, 217724 KB] Initial heuristic value for ff(): 285
[t=0.722258s, 217724 KB] pruning method: none
[t=0.722288s, 217724 KB] Start Timestep: 1685729576148 millisecond(s).
[t=0.77279s, 217724 KB] New best heuristic value for ff(): 284
[t=0.773924s, 217724 KB] g=2, 24 evaluated, 3 expanded
[t=0.871528s, 217724 KB] New best heuristic value for ff(): 283
[t=0.872199s, 217724 KB] g=4, 68 evaluated, 7 expanded
[t=14.4667s, 217724 KB] New best heuristic value for ff(): 282
[t=14.4674s, 217724 KB] g=8, 6054 evaluated, 497 expanded
[t=35.6771s, 217724 KB] New best heuristic value for ff(): 281
[t=35.6776s, 217724 KB] g=12, 15684 evaluated, 1268 expanded
[t=56.3521s, 217724 KB] New best heuristic value for ff(): 280
[t=56.355s, 217724 KB] g=18, 25061 evaluated, 2042 expanded
[t=472.48s, 271708 KB] New best heuristic value for ff(): 279
[t=472.483s, 271708 KB] g=26, 207833 evaluated, 17775 expanded
[t=544.31s, 282028 KB] New best heuristic value for ff(): 278
[t=544.312s, 282028 KB] g=30, 240048 evaluated, 20776 expanded
Peak memory: 333108 KB
caught signal 24 -- exiting
Time limit has been reached.
Remove intermediate file output.sas
search exit code: 23

Driver aborting after search
INFO     Planner time: 897.60s
