INFO     planner time limit: 900s
INFO     planner memory limit: 3584 MB

INFO     Running translator.
INFO     translator stdin: None
INFO     translator time limit: 899s
INFO     translator memory limit: 3584 MB
INFO     translator command line string: /usr/local/downward-projects/downward/experiments/.venv/bin/python3 /usr/local/downward-projects/downward/experiments/src/thesis/data/thesis-thesis_exp/code-f7a4f68fd467cf7cff4d3dfcfdfcfa2023e44324_e5e41175/builds/release/bin/translate/translate.py domain.pddl problem.pddl --sas-file output.sas
Parsing...
Parsing: [0.000s CPU, 0.005s wall-clock]
Normalizing task... [0.000s CPU, 0.000s wall-clock]
Instantiating...
Generating Datalog program... [0.010s CPU, 0.002s wall-clock]
Normalizing Datalog program...
Normalizing Datalog program: [0.000s CPU, 0.004s wall-clock]
Preparing model... [0.010s CPU, 0.005s wall-clock]
Generated 79 rules.
Computing model... [6.170s CPU, 6.239s wall-clock]
482060 relevant atoms
154116 auxiliary atoms
636176 final queue length
2041826 total queue pushes
Completing instantiation... [15.140s CPU, 15.305s wall-clock]
Instantiating: [21.580s CPU, 21.806s wall-clock]
Computing fact groups...
Finding invariants...
14 initial candidates
Finding invariants: [0.630s CPU, 0.637s wall-clock]
Checking invariant weight... [0.000s CPU, 0.000s wall-clock]
Instantiating groups... [0.000s CPU, 0.000s wall-clock]
Collecting mutex groups... [0.000s CPU, 0.004s wall-clock]
Choosing groups...
9412 uncovered facts
Choosing groups: [0.010s CPU, 0.003s wall-clock]
Building translation key... [0.030s CPU, 0.029s wall-clock]
Computing fact groups: [0.740s CPU, 0.753s wall-clock]
Building STRIPS to SAS dictionary... [0.010s CPU, 0.011s wall-clock]
Building dictionary for full mutex groups... [0.010s CPU, 0.009s wall-clock]
Building mutex information...
Building mutex information: [0.010s CPU, 0.009s wall-clock]
Translating task...
Processing axioms...
Simplifying axioms... [0.000s CPU, 0.000s wall-clock]
Translator axioms removed by simplifying: 0
Computing negative axioms... [0.000s CPU, 0.000s wall-clock]
Processing axioms: [0.250s CPU, 0.248s wall-clock]
Translating task: [8.900s CPU, 9.006s wall-clock]
425280 effect conditions simplified
0 implied preconditions added
Detecting unreachable propositions...
0 operators removed
0 axioms removed
0 propositions removed
Detecting unreachable propositions: [8.110s CPU, 8.210s wall-clock]
Reordering and filtering variables...
9412 of 9412 variables necessary.
0 of 0 mutex groups necessary.
168640 of 168640 operators necessary.
0 of 0 axiom rules necessary.
Reordering and filtering variables: [16.520s CPU, 16.676s wall-clock]
Translator variables: 9412
Translator derived variables: 0
Translator facts: 18824
Translator goal facts: 76
Translator mutex groups: 0
Translator total mutex groups size: 0
Translator operators: 168640
Translator axioms: 0
Translator task size: 1468432
Translator peak memory: 947368 KB
Writing output... [1.220s CPU, 1.253s wall-clock]
Done! [57.510s CPU, 58.155s wall-clock]
translate exit code: 0

INFO     Running search (release).
INFO     search stdin: output.sas
INFO     search time limit: 842s
INFO     search memory limit: 3584 MB
INFO     search command line string: /usr/local/downward-projects/downward/experiments/src/thesis/data/thesis-thesis_exp/code-f7a4f68fd467cf7cff4d3dfcfdfcfa2023e44324_e5e41175/builds/release/bin/downward --evaluator 'h=ff()' --search 'eager(alt([type_based([h, g()], random_seed=-1), single(h)]))' --internal-plan-file sas_plan < output.sas
[t=0.00105129s, 11000 KB] reading input...
[t=0.821897s, 79040 KB] done reading input!
[t=0.917521s, 119128 KB] Simplifying 765560 unary operators... done! [548180 unary operators]
[t=2.15356s, 170088 KB] time to simplify: 1.23604s
[t=2.17238s, 170088 KB] Initializing additive heuristic...
[t=2.17289s, 170088 KB] Initializing FF heuristic...
[t=2.17337s, 170088 KB] Building successor generator...done!
[t=2.24693s, 170088 KB] peak memory difference for successor generator creation: 0 KB
[t=2.24704s, 170088 KB] time for successor generation creation: 0.0734347s
[t=2.24991s, 170088 KB] Variables: 9412
[t=2.25079s, 170088 KB] FactPairs: 18824
[t=2.25082s, 170088 KB] Bytes per state: 1180
[t=2.2509s, 170088 KB] Conducting best first search without reopening closed nodes, (real) bound = 2147483647
[t=2.26134s, 170088 KB] New best heuristic value for ff(): 9
[t=2.26227s, 170088 KB] g=0, 1 evaluated, 0 expanded
[t=2.2623s, 170088 KB] Initial heuristic value for ff(): 9
[t=2.26234s, 170088 KB] pruning method: none
[t=2.26236s, 170088 KB] Start Timestep: 1684269853018 millisecond(s).
[t=2.31367s, 170088 KB] New best heuristic value for ff(): 8
[t=2.31458s, 170088 KB] g=1, 8 evaluated, 1 expanded
[t=26.5472s, 170088 KB] New best heuristic value for ff(): 7
[t=26.5482s, 170088 KB] g=5, 3345 evaluated, 387 expanded
[t=27.5615s, 170088 KB] New best heuristic value for ff(): 6
[t=27.5648s, 170088 KB] g=7, 3488 evaluated, 403 expanded
[t=324.207s, 198700 KB] New best heuristic value for ff(): 5
[t=324.207s, 198700 KB] g=28, 49139 evaluated, 6922 expanded
[t=324.283s, 198888 KB] New best heuristic value for ff(): 4
[t=324.284s, 198888 KB] g=29, 49154 evaluated, 6923 expanded
Peak memory: 254640 KB
caught signal 24 -- exiting
Time limit has been reached.
Remove intermediate file output.sas
search exit code: 23

Driver aborting after search
INFO     Planner time: 896.37s
