INFO     planner time limit: 300s
INFO     planner memory limit: 3584 MB

INFO     Running translator.
INFO     translator stdin: None
INFO     translator time limit: 299s
INFO     translator memory limit: 3584 MB
INFO     translator command line string: /usr/local/downward-projects/downward/experiments/.venv/bin/python3 /usr/local/downward-projects/downward/experiments/src/thesis/data/thesis-thesis_exp/code-d93485cdd92f65ede2ae3573b3f4adda0b49e4fd_e5e41175/builds/release/bin/translate/translate.py domain.pddl problem.pddl --sas-file output.sas
Parsing...
Parsing: [0.000s CPU, 0.007s wall-clock]
Normalizing task... [0.000s CPU, 0.000s wall-clock]
Instantiating...
Generating Datalog program... [0.010s CPU, 0.002s wall-clock]
Normalizing Datalog program...
Normalizing Datalog program: [0.000s CPU, 0.001s wall-clock]
Preparing model... [0.000s CPU, 0.004s wall-clock]
Generated 26 rules.
Computing model... [1.050s CPU, 1.041s wall-clock]
90482 relevant atoms
66276 auxiliary atoms
156758 final queue length
324352 total queue pushes
Completing instantiation... [4.190s CPU, 4.191s wall-clock]
Instantiating: [5.290s CPU, 5.283s wall-clock]
Computing fact groups...
Finding invariants...
9 initial candidates
Finding invariants: [0.040s CPU, 0.041s wall-clock]
Checking invariant weight... [0.000s CPU, 0.000s wall-clock]
Instantiating groups... [0.010s CPU, 0.008s wall-clock]
Collecting mutex groups... [0.000s CPU, 0.002s wall-clock]
Choosing groups...
0 uncovered facts
Choosing groups: [0.000s CPU, 0.005s wall-clock]
Building translation key... [0.000s CPU, 0.002s wall-clock]
Computing fact groups: [0.080s CPU, 0.073s wall-clock]
Building STRIPS to SAS dictionary... [0.000s CPU, 0.002s wall-clock]
Building dictionary for full mutex groups... [0.000s CPU, 0.001s wall-clock]
Building mutex information...
Building mutex information: [0.000s CPU, 0.001s wall-clock]
Translating task...
Processing axioms...
Simplifying axioms... [0.000s CPU, 0.000s wall-clock]
Translator axioms removed by simplifying: 0
Computing negative axioms... [0.000s CPU, 0.000s wall-clock]
Processing axioms: [0.120s CPU, 0.119s wall-clock]
Translating task: [2.420s CPU, 2.421s wall-clock]
0 effect conditions simplified
0 implied preconditions added
Detecting unreachable propositions...
0 operators removed
0 axioms removed
30 propositions removed
Detecting unreachable propositions: [1.830s CPU, 1.843s wall-clock]
Reordering and filtering variables...
30 of 30 variables necessary.
0 of 30 mutex groups necessary.
86312 of 86312 operators necessary.
0 of 0 axiom rules necessary.
Reordering and filtering variables: [0.300s CPU, 0.293s wall-clock]
Translator variables: 30
Translator derived variables: 0
Translator facts: 3228
Translator goal facts: 22
Translator mutex groups: 0
Translator total mutex groups size: 0
Translator operators: 86312
Translator axioms: 0
Translator task size: 515656
Translator peak memory: 374560 KB
Writing output... [0.390s CPU, 0.385s wall-clock]
Done! [10.440s CPU, 10.445s wall-clock]
translate exit code: 0

INFO     Running search (release).
INFO     search stdin: output.sas
INFO     search time limit: 289s
INFO     search memory limit: 3584 MB
INFO     search command line string: /usr/local/downward-projects/downward/experiments/src/thesis/data/thesis-thesis_exp/code-d93485cdd92f65ede2ae3573b3f4adda0b49e4fd_e5e41175/builds/release/bin/downward --evaluator 'h=ff()' --search 'eager(epsilon_greedy(h, epsilon=0.2))' --internal-plan-file sas_plan < output.sas
[t=0.00213822s, 11364 KB] reading input...
[t=0.28581s, 39776 KB] done reading input!
[t=0.305759s, 48012 KB] Simplifying 170792 unary operators... done! [170792 unary operators]
[t=0.505574s, 64048 KB] time to simplify: 0.211815s
[t=0.521518s, 64048 KB] Initializing additive heuristic...
[t=0.52536s, 64048 KB] Initializing FF heuristic...
[t=0.52546s, 64048 KB] Building successor generator...done!
[t=0.561255s, 67580 KB] peak memory difference for successor generator creation: 3532 KB
[t=0.56136s, 67580 KB] time for successor generation creation: 0.0319359s
[t=0.5614s, 67580 KB] Variables: 30
[t=0.56143s, 67580 KB] FactPairs: 3228
[t=0.561454s, 67580 KB] Bytes per state: 28
[t=0.561479s, 67580 KB] Conducting best first search without reopening closed nodes, (real) bound = 2147483647
[t=0.561537s, 67580 KB] New best heuristic value for ff(): 1415
[t=0.565348s, 67580 KB] g=0, 1 evaluated, 0 expanded
[t=0.565378s, 67580 KB] Initial heuristic value for ff(): 1415
[t=0.565406s, 67580 KB] pruning method: none
[t=0.56543s, 67580 KB] Start Timestep: 1687903764796 millisecond(s).
[t=0.58524s, 67580 KB] New best heuristic value for ff(): 1181
[t=0.588033s, 67580 KB] g=14, 12 evaluated, 1 expanded
[t=0.593192s, 67580 KB] New best heuristic value for ff(): 1169
[t=0.59409s, 67580 KB] g=10, 15 evaluated, 1 expanded
[t=27.4466s, 67580 KB] New best heuristic value for ff(): 1165
[t=27.4487s, 67580 KB] g=126, 13151 evaluated, 1669 expanded
[t=27.5345s, 67580 KB] New best heuristic value for ff(): 1132
[t=27.5362s, 67580 KB] g=154, 13194 evaluated, 1674 expanded
Peak memory: 72532 KB
caught signal 24 -- exiting
Time limit has been reached.
Remove intermediate file output.sas
search exit code: 23

Driver aborting after search
INFO     Planner time: 299.49s
