INFO     planner time limit: 900s
INFO     planner memory limit: 3584 MB

INFO     Running translator.
INFO     translator stdin: None
INFO     translator time limit: 899s
INFO     translator memory limit: 3584 MB
INFO     translator command line string: /usr/local/downward-projects/downward/experiments/.venv/bin/python3 /usr/local/downward-projects/downward/experiments/src/thesis/data/thesis-thesis_exp/code-492c46a6b9a8d722366a407090da84235e2f79dc_e5e41175/builds/release/bin/translate/translate.py domain.pddl problem.pddl --sas-file output.sas
Parsing...
Parsing: [0.010s CPU, 0.007s wall-clock]
Normalizing task... [0.000s CPU, 0.000s wall-clock]
Instantiating...
Generating Datalog program... [0.000s CPU, 0.002s wall-clock]
Normalizing Datalog program...
Normalizing Datalog program: [0.000s CPU, 0.001s wall-clock]
Preparing model... [0.010s CPU, 0.003s wall-clock]
Generated 26 rules.
Computing model... [0.200s CPU, 0.209s wall-clock]
19982 relevant atoms
16478 auxiliary atoms
36460 final queue length
69951 total queue pushes
Completing instantiation... [0.760s CPU, 0.752s wall-clock]
Instantiating: [0.980s CPU, 0.978s wall-clock]
Computing fact groups...
Finding invariants...
9 initial candidates
Finding invariants: [0.010s CPU, 0.009s wall-clock]
Checking invariant weight... [0.000s CPU, 0.000s wall-clock]
Instantiating groups... [0.000s CPU, 0.004s wall-clock]
Collecting mutex groups... [0.000s CPU, 0.001s wall-clock]
Choosing groups...
0 uncovered facts
Choosing groups: [0.000s CPU, 0.002s wall-clock]
Building translation key... [0.000s CPU, 0.001s wall-clock]
Computing fact groups: [0.020s CPU, 0.023s wall-clock]
Building STRIPS to SAS dictionary... [0.000s CPU, 0.001s wall-clock]
Building dictionary for full mutex groups... [0.000s CPU, 0.000s wall-clock]
Building mutex information...
Building mutex information: [0.000s CPU, 0.000s wall-clock]
Translating task...
Processing axioms...
Simplifying axioms... [0.000s CPU, 0.000s wall-clock]
Translator axioms removed by simplifying: 0
Computing negative axioms... [0.000s CPU, 0.000s wall-clock]
Processing axioms: [0.030s CPU, 0.024s wall-clock]
Translating task: [0.520s CPU, 0.521s wall-clock]
0 effect conditions simplified
0 implied preconditions added
Detecting unreachable propositions...
0 operators removed
0 axioms removed
15 propositions removed
Detecting unreachable propositions: [0.390s CPU, 0.381s wall-clock]
Reordering and filtering variables...
15 of 15 variables necessary.
0 of 15 mutex groups necessary.
17860 of 17860 operators necessary.
0 of 0 axiom rules necessary.
Reordering and filtering variables: [0.060s CPU, 0.059s wall-clock]
Translator variables: 15
Translator derived variables: 0
Translator facts: 1280
Translator goal facts: 11
Translator mutex groups: 0
Translator total mutex groups size: 0
Translator operators: 17860
Translator axioms: 0
Translator task size: 105574
Translator peak memory: 103464 KB
Writing output... [0.070s CPU, 0.078s wall-clock]
Done! [2.080s CPU, 2.080s wall-clock]
translate exit code: 0

INFO     Running search (release).
INFO     search stdin: output.sas
INFO     search time limit: 897s
INFO     search memory limit: 3584 MB
INFO     search command line string: /usr/local/downward-projects/downward/experiments/src/thesis/data/thesis-thesis_exp/code-492c46a6b9a8d722366a407090da84235e2f79dc_e5e41175/builds/release/bin/downward --evaluator 'h=ff()' --search 'eager(lwm_based_type(h))' --internal-plan-file sas_plan < output.sas
[t=0s, 11200 KB] reading input...
[t=0.0593106s, 16960 KB] done reading input!
[t=0.0632524s, 19132 KB] Simplifying 34756 unary operators... done! [34756 unary operators]
[t=0.0970839s, 22196 KB] time to simplify: 0.0358793s
[t=0.0995707s, 22196 KB] Initializing additive heuristic...
[t=0.100304s, 22196 KB] Initializing FF heuristic...
[t=0.100339s, 22196 KB] Building successor generator...done!
[t=0.107324s, 22836 KB] peak memory difference for successor generator creation: 640 KB
[t=0.10742s, 22836 KB] time for successor generation creation: 0.00661199s
[t=0.107445s, 22836 KB] Variables: 15
[t=0.107474s, 22836 KB] FactPairs: 1280
[t=0.107497s, 22836 KB] Bytes per state: 16
[t=0.10752s, 22836 KB] Conducting best first search without reopening closed nodes, (real) bound = 2147483647
[t=0.107577s, 22836 KB] New best heuristic value for ff(): 1585
[t=0.108603s, 22836 KB] g=0, 1 evaluated, 0 expanded
[t=0.108631s, 22836 KB] Initial heuristic value for ff(): 1585
[t=0.108661s, 22836 KB] pruning method: none
[t=0.108684s, 22836 KB] Start Timestep: 1685481359964 millisecond(s).
[t=0.108732s, 22836 KB] New best heuristic value for ff(): 1449
[t=0.109417s, 22836 KB] g=25, 2 evaluated, 1 expanded
[t=0.110823s, 22836 KB] New best heuristic value for ff(): 1439
[t=0.111393s, 22836 KB] g=12, 5 evaluated, 1 expanded
[t=0.111421s, 22836 KB] New best heuristic value for ff(): 1428
[t=0.114483s, 22836 KB] g=27, 10 evaluated, 1 expanded
[t=0.114764s, 22836 KB] New best heuristic value for ff(): 1419
[t=0.115204s, 22836 KB] g=26, 11 evaluated, 1 expanded
[t=0.118733s, 22836 KB] New best heuristic value for ff(): 1392
[t=0.122583s, 22836 KB] g=50, 23 evaluated, 3 expanded
[t=0.142685s, 22836 KB] New best heuristic value for ff(): 1357
[t=0.143779s, 22836 KB] g=52, 58 evaluated, 11 expanded
[t=0.195809s, 22836 KB] New best heuristic value for ff(): 1327
[t=0.196927s, 22836 KB] g=128, 143 evaluated, 30 expanded
[t=0.599598s, 22836 KB] New best heuristic value for ff(): 1316
[t=0.600182s, 22836 KB] g=219, 796 evaluated, 205 expanded
[t=0.600213s, 22836 KB] New best heuristic value for ff(): 1305
[t=0.600956s, 22836 KB] g=218, 797 evaluated, 205 expanded
[t=0.655486s, 22836 KB] New best heuristic value for ff(): 1303
[t=0.657708s, 22836 KB] g=244, 890 evaluated, 228 expanded
[t=0.657741s, 22836 KB] New best heuristic value for ff(): 1292
[t=0.658492s, 22836 KB] g=244, 891 evaluated, 228 expanded
[t=0.723342s, 22836 KB] New best heuristic value for ff(): 1288
[t=0.723553s, 22836 KB] g=235, 991 evaluated, 247 expanded
[t=0.811238s, 22836 KB] New best heuristic value for ff(): 1285
[t=0.813307s, 22836 KB] g=290, 1134 evaluated, 279 expanded
[t=0.815161s, 22836 KB] New best heuristic value for ff(): 1281
[t=0.815489s, 22836 KB] g=229, 1137 evaluated, 280 expanded
[t=0.843103s, 22836 KB] New best heuristic value for ff(): 1265
[t=0.846207s, 22836 KB] g=316, 1185 evaluated, 290 expanded
[t=1.61486s, 22836 KB] New best heuristic value for ff(): 1236
[t=1.61671s, 22836 KB] g=272, 2406 evaluated, 537 expanded
[t=1.87475s, 22836 KB] New best heuristic value for ff(): 1212
[t=1.87638s, 22836 KB] g=296, 2825 evaluated, 617 expanded
[t=1.88268s, 22836 KB] New best heuristic value for ff(): 1203
[t=1.88281s, 22836 KB] g=425, 2835 evaluated, 618 expanded
[t=2.58065s, 22836 KB] New best heuristic value for ff(): 1202
[t=2.58267s, 22836 KB] g=456, 3940 evaluated, 798 expanded
[t=2.73626s, 22836 KB] New best heuristic value for ff(): 1199
[t=2.73652s, 22836 KB] g=463, 4185 evaluated, 843 expanded
[t=2.73656s, 22836 KB] New best heuristic value for ff(): 1198
[t=2.7392s, 22836 KB] g=451, 4190 evaluated, 843 expanded
[t=2.82812s, 22836 KB] New best heuristic value for ff(): 1187
[t=2.83118s, 22836 KB] g=482, 4334 evaluated, 871 expanded
[t=2.83204s, 22836 KB] New best heuristic value for ff(): 1186
[t=2.83335s, 22836 KB] g=470, 4338 evaluated, 871 expanded
[t=3.25162s, 22836 KB] New best heuristic value for ff(): 1181
[t=3.25287s, 22836 KB] g=493, 5010 evaluated, 987 expanded
[t=3.31554s, 22836 KB] New best heuristic value for ff(): 1157
[t=3.31626s, 22836 KB] g=452, 5113 evaluated, 1007 expanded
[t=3.31629s, 22836 KB] New best heuristic value for ff(): 1137
[t=3.31684s, 22836 KB] g=442, 5114 evaluated, 1007 expanded
[t=3.32743s, 22836 KB] New best heuristic value for ff(): 1084
[t=3.33025s, 22836 KB] g=419, 5137 evaluated, 1012 expanded
[t=3.33028s, 22836 KB] New best heuristic value for ff(): 1063
[t=3.33117s, 22836 KB] g=415, 5139 evaluated, 1012 expanded
[t=4.14298s, 22836 KB] New best heuristic value for ff(): 1017
[t=4.14398s, 22836 KB] g=484, 6467 evaluated, 1241 expanded
[t=4.40656s, 22836 KB] New best heuristic value for ff(): 1000
[t=4.40915s, 22836 KB] g=480, 6890 evaluated, 1313 expanded
[t=5.21424s, 22836 KB] New best heuristic value for ff(): 996
[t=5.21712s, 22836 KB] g=538, 8201 evaluated, 1532 expanded
[t=6.02603s, 22836 KB] New best heuristic value for ff(): 985
[t=6.02762s, 22836 KB] g=663, 9538 evaluated, 1760 expanded
[t=6.02766s, 22836 KB] New best heuristic value for ff(): 978
[t=6.02941s, 22836 KB] g=556, 9541 evaluated, 1760 expanded
[t=6.0299s, 22836 KB] New best heuristic value for ff(): 973
[t=6.03067s, 22836 KB] g=564, 9543 evaluated, 1760 expanded
[t=6.90552s, 22836 KB] New best heuristic value for ff(): 960
[t=6.90864s, 22836 KB] g=540, 10963 evaluated, 1997 expanded
[t=7.09336s, 22836 KB] New best heuristic value for ff(): 901
[t=7.09692s, 22836 KB] g=664, 11269 evaluated, 2050 expanded
[t=8.51701s, 22836 KB] New best heuristic value for ff(): 878
[t=8.51864s, 22836 KB] g=622, 13568 evaluated, 2435 expanded
[t=22.3811s, 24620 KB] New best heuristic value for ff(): 875
[t=22.3821s, 24620 KB] g=766, 36186 evaluated, 6103 expanded
[t=22.3821s, 24620 KB] New best heuristic value for ff(): 871
[t=22.3827s, 24620 KB] g=763, 36187 evaluated, 6103 expanded
[t=22.6489s, 24620 KB] New best heuristic value for ff(): 867
[t=22.6508s, 24620 KB] g=760, 36620 evaluated, 6171 expanded
[t=23.8564s, 24756 KB] New best heuristic value for ff(): 848
[t=23.8574s, 24756 KB] g=793, 38598 evaluated, 6491 expanded
[t=28.1984s, 25156 KB] New best heuristic value for ff(): 837
[t=28.2002s, 25156 KB] g=804, 45580 evaluated, 7592 expanded
[t=28.2023s, 25156 KB] New best heuristic value for ff(): 828
[t=28.2038s, 25156 KB] g=804, 45587 evaluated, 7592 expanded
[t=33.3419s, 26076 KB] New best heuristic value for ff(): 817
[t=33.3442s, 26076 KB] g=815, 53956 evaluated, 8902 expanded
[t=37.7128s, 27104 KB] New best heuristic value for ff(): 816
[t=37.7134s, 27104 KB] g=816, 61080 evaluated, 9995 expanded
[t=42.9466s, 27424 KB] New best heuristic value for ff(): 736
[t=42.9492s, 27424 KB] g=903, 69620 evaluated, 11297 expanded
[t=125.859s, 38144 KB] New best heuristic value for ff(): 713
[t=125.861s, 38144 KB] g=952, 205228 evaluated, 31904 expanded
[t=269.694s, 55624 KB] New best heuristic value for ff(): 712
[t=269.696s, 55624 KB] g=953, 439649 evaluated, 66901 expanded
[t=486.469s, 86428 KB] New best heuristic value for ff(): 702
[t=486.472s, 86428 KB] g=964, 795310 evaluated, 119198 expanded
Peak memory: 132292 KB
caught signal 24 -- exiting
Time limit has been reached.
Remove intermediate file output.sas
search exit code: 23

Driver aborting after search
INFO     Planner time: 898.66s
