INFO     planner time limit: 900s
INFO     planner memory limit: 3584 MB

INFO     Running translator.
INFO     translator stdin: None
INFO     translator time limit: 899s
INFO     translator memory limit: 3584 MB
INFO     translator command line string: /usr/local/downward-projects/downward/experiments/.venv/bin/python3 /usr/local/downward-projects/downward/experiments/src/thesis/data/thesis-thesis_exp/code-f7a4f68fd467cf7cff4d3dfcfdfcfa2023e44324_e5e41175/builds/release/bin/translate/translate.py domain.pddl problem.pddl --sas-file output.sas
Parsing...
Parsing: [0.000s CPU, 0.002s wall-clock]
Normalizing task... [0.000s CPU, 0.000s wall-clock]
Instantiating...
Generating Datalog program... [0.000s CPU, 0.001s wall-clock]
Normalizing Datalog program...
Normalizing Datalog program: [0.000s CPU, 0.001s wall-clock]
Preparing model... [0.000s CPU, 0.001s wall-clock]
Generated 21 rules.
Computing model... [0.340s CPU, 0.332s wall-clock]
35098 relevant atoms
23433 auxiliary atoms
58531 final queue length
104550 total queue pushes
Completing instantiation... [1.050s CPU, 1.052s wall-clock]
Instantiating: [1.400s CPU, 1.401s wall-clock]
Computing fact groups...
Finding invariants...
10 initial candidates
Finding invariants: [0.010s CPU, 0.003s wall-clock]
Checking invariant weight... [0.000s CPU, 0.001s wall-clock]
Instantiating groups... [0.030s CPU, 0.033s wall-clock]
Collecting mutex groups... [0.010s CPU, 0.010s wall-clock]
Choosing groups...
108 uncovered facts
Choosing groups: [0.040s CPU, 0.046s wall-clock]
Building translation key... [0.010s CPU, 0.009s wall-clock]
Computing fact groups: [0.170s CPU, 0.170s wall-clock]
Building STRIPS to SAS dictionary... [0.000s CPU, 0.006s wall-clock]
Building dictionary for full mutex groups... [0.020s CPU, 0.019s wall-clock]
Building mutex information...
Building mutex information: [0.020s CPU, 0.016s wall-clock]
Translating task...
Processing axioms...
Simplifying axioms... [0.000s CPU, 0.000s wall-clock]
Translator axioms removed by simplifying: 0
Computing negative axioms... [0.000s CPU, 0.000s wall-clock]
Processing axioms: [0.030s CPU, 0.031s wall-clock]
Translating task: [1.170s CPU, 1.177s wall-clock]
34240 effect conditions simplified
0 implied preconditions added
Detecting unreachable propositions...
0 operators removed
0 axioms removed
214 propositions removed
Detecting unreachable propositions: [0.720s CPU, 0.724s wall-clock]
Reordering and filtering variables...
215 of 215 variables necessary.
108 of 215 mutex groups necessary.
22898 of 22898 operators necessary.
0 of 0 axiom rules necessary.
Reordering and filtering variables: [0.220s CPU, 0.221s wall-clock]
Translator variables: 215
Translator derived variables: 0
Translator facts: 11772
Translator goal facts: 93
Translator mutex groups: 108
Translator total mutex groups size: 11664
Translator operators: 22898
Translator axioms: 0
Translator task size: 195158
Translator peak memory: 153932 KB
Writing output... [0.150s CPU, 0.149s wall-clock]
Done! [3.920s CPU, 3.938s wall-clock]
translate exit code: 0

INFO     Running search (release).
INFO     search stdin: output.sas
INFO     search time limit: 895s
INFO     search memory limit: 3584 MB
INFO     search command line string: /usr/local/downward-projects/downward/experiments/src/thesis/data/thesis-thesis_exp/code-f7a4f68fd467cf7cff4d3dfcfdfcfa2023e44324_e5e41175/builds/release/bin/downward --evaluator 'h=ff()' --search 'eager(single(h))' --internal-plan-file sas_plan < output.sas
[t=0s, 11000 KB] reading input...
[t=0.187666s, 77296 KB] done reading input!
[t=0.19868s, 82624 KB] Simplifying 91378 unary operators... done! [68694 unary operators]
[t=0.302269s, 90888 KB] time to simplify: 0.103589s
[t=0.304231s, 90888 KB] Initializing additive heuristic...
[t=0.30587s, 90888 KB] Initializing FF heuristic...
[t=0.305902s, 90888 KB] Building successor generator...done!
[t=0.312979s, 90888 KB] peak memory difference for successor generator creation: 0 KB
[t=0.313068s, 90888 KB] time for successor generation creation: 0.00414476s
[t=0.313094s, 90888 KB] Variables: 215
[t=0.313553s, 90888 KB] FactPairs: 11772
[t=0.313577s, 90888 KB] Bytes per state: 108
[t=0.313601s, 90888 KB] Conducting best first search without reopening closed nodes, (real) bound = 2147483647
[t=0.314017s, 90888 KB] New best heuristic value for ff(): 199
[t=0.31558s, 90888 KB] g=0, 1 evaluated, 0 expanded
[t=0.315613s, 90888 KB] Initial heuristic value for ff(): 199
[t=0.315641s, 90888 KB] pruning method: none
[t=0.315665s, 90888 KB] Start Timestep: 1684277421133 millisecond(s).
[t=0.321952s, 90888 KB] New best heuristic value for ff(): 198
[t=0.325297s, 90888 KB] g=2, 11 evaluated, 2 expanded
[t=1.25075s, 90888 KB] New best heuristic value for ff(): 197
[t=1.25159s, 90888 KB] g=6, 993 evaluated, 109 expanded
[t=5.82242s, 90888 KB] New best heuristic value for ff(): 196
[t=5.82361s, 90888 KB] g=10, 5803 evaluated, 755 expanded
[t=5.85434s, 90888 KB] New best heuristic value for ff(): 195
[t=5.85587s, 90888 KB] g=12, 5837 evaluated, 758 expanded
[t=184.002s, 110828 KB] New best heuristic value for ff(): 194
[t=184.006s, 110828 KB] g=18, 189117 evaluated, 27862 expanded
[t=184.927s, 110964 KB] New best heuristic value for ff(): 193
[t=184.93s, 110964 KB] g=22, 190091 evaluated, 27959 expanded
[t=184.939s, 110964 KB] New best heuristic value for ff(): 192
[t=184.942s, 110964 KB] g=24, 190103 evaluated, 27961 expanded
[t=184.961s, 110964 KB] New best heuristic value for ff(): 191
[t=184.963s, 110964 KB] g=26, 190125 evaluated, 27963 expanded
[t=185.003s, 110964 KB] New best heuristic value for ff(): 190
[t=185.006s, 110964 KB] g=28, 190170 evaluated, 27966 expanded
[t=189.482s, 111636 KB] New best heuristic value for ff(): 189
[t=189.484s, 111636 KB] g=32, 194868 evaluated, 28394 expanded
[t=189.545s, 111636 KB] New best heuristic value for ff(): 188
[t=189.546s, 111636 KB] g=34, 194933 evaluated, 28399 expanded
[t=259.979s, 123152 KB] New best heuristic value for ff(): 187
[t=259.981s, 123152 KB] g=40, 268258 evaluated, 35818 expanded
[t=262.477s, 123420 KB] New best heuristic value for ff(): 186
[t=262.478s, 123420 KB] g=44, 270877 evaluated, 36037 expanded
[t=263.794s, 123684 KB] New best heuristic value for ff(): 185
[t=263.796s, 123684 KB] g=48, 272270 evaluated, 36144 expanded
[t=267.88s, 124216 KB] New best heuristic value for ff(): 183
[t=267.881s, 124216 KB] g=52, 276633 evaluated, 36463 expanded
Peak memory: 221352 KB
caught signal 24 -- exiting
Time limit has been reached.
Remove intermediate file output.sas
search exit code: 23

Driver aborting after search
INFO     Planner time: 894.61s
