INFO     planner time limit: 900s
INFO     planner memory limit: 3584 MB

INFO     Running translator.
INFO     translator stdin: None
INFO     translator time limit: 899s
INFO     translator memory limit: 3584 MB
INFO     translator command line string: /usr/local/downward-projects/downward/experiments/.venv/bin/python3 /usr/local/downward-projects/downward/experiments/src/thesis/data/thesis-thesis_exp/code-f7a4f68fd467cf7cff4d3dfcfdfcfa2023e44324_e5e41175/builds/release/bin/translate/translate.py domain.pddl problem.pddl --sas-file output.sas
Parsing...
Parsing: [0.000s CPU, 0.003s wall-clock]
Normalizing task... [0.000s CPU, 0.000s wall-clock]
Instantiating...
Generating Datalog program... [0.000s CPU, 0.001s wall-clock]
Normalizing Datalog program...
Normalizing Datalog program: [0.000s CPU, 0.003s wall-clock]
Preparing model... [0.010s CPU, 0.002s wall-clock]
Generated 79 rules.
Computing model... [0.180s CPU, 0.185s wall-clock]
5368 relevant atoms
25856 auxiliary atoms
31224 final queue length
37825 total queue pushes
Completing instantiation... [0.140s CPU, 0.129s wall-clock]
Instantiating: [0.330s CPU, 0.331s wall-clock]
Computing fact groups...
Finding invariants...
14 initial candidates
Finding invariants: [0.010s CPU, 0.004s wall-clock]
Checking invariant weight... [0.000s CPU, 0.000s wall-clock]
Instantiating groups... [0.000s CPU, 0.000s wall-clock]
Collecting mutex groups... [0.000s CPU, 0.000s wall-clock]
Choosing groups...
1168 uncovered facts
Choosing groups: [0.000s CPU, 0.001s wall-clock]
Building translation key... [0.010s CPU, 0.003s wall-clock]
Computing fact groups: [0.020s CPU, 0.015s wall-clock]
Building STRIPS to SAS dictionary... [0.000s CPU, 0.001s wall-clock]
Building dictionary for full mutex groups... [0.000s CPU, 0.001s wall-clock]
Building mutex information...
Building mutex information: [0.000s CPU, 0.001s wall-clock]
Translating task...
Processing axioms...
Simplifying axioms... [0.010s CPU, 0.000s wall-clock]
Translator axioms removed by simplifying: 0
Computing negative axioms... [0.000s CPU, 0.000s wall-clock]
Processing axioms: [0.010s CPU, 0.007s wall-clock]
Translating task: [0.120s CPU, 0.127s wall-clock]
6608 effect conditions simplified
0 implied preconditions added
Detecting unreachable propositions...
0 operators removed
0 axioms removed
0 propositions removed
Detecting unreachable propositions: [0.120s CPU, 0.121s wall-clock]
Reordering and filtering variables...
1168 of 1168 variables necessary.
0 of 0 mutex groups necessary.
3864 of 3864 operators necessary.
0 of 0 axiom rules necessary.
Reordering and filtering variables: [0.110s CPU, 0.111s wall-clock]
Translator variables: 1168
Translator derived variables: 0
Translator facts: 2336
Translator goal facts: 24
Translator mutex groups: 0
Translator total mutex groups size: 0
Translator operators: 3864
Translator axioms: 0
Translator task size: 28336
Translator peak memory: 51620 KB
Writing output... [0.030s CPU, 0.026s wall-clock]
Done! [0.740s CPU, 0.747s wall-clock]
translate exit code: 0

INFO     Running search (release).
INFO     search stdin: output.sas
INFO     search time limit: 899s
INFO     search memory limit: 3584 MB
INFO     search command line string: /usr/local/downward-projects/downward/experiments/src/thesis/data/thesis-thesis_exp/code-f7a4f68fd467cf7cff4d3dfcfdfcfa2023e44324_e5e41175/builds/release/bin/downward --evaluator 'h=ff()' --search 'eager(epsilon_greedy(h, epsilon=0.2))' --internal-plan-file sas_plan < output.sas
[t=0.00210301s, 11000 KB] reading input...
[t=0.0191136s, 12676 KB] done reading input!
[t=0.0219607s, 13600 KB] Simplifying 13216 unary operators... done! [13216 unary operators]
[t=0.0292078s, 14656 KB] time to simplify: 0.00724716s
[t=0.0297057s, 14656 KB] Initializing additive heuristic...
[t=0.0300613s, 14656 KB] Initializing FF heuristic...
[t=0.0301915s, 14656 KB] Building successor generator...done!
[t=0.0317692s, 14656 KB] peak memory difference for successor generator creation: 0 KB
[t=0.0318373s, 14656 KB] time for successor generation creation: 0.000968242s
[t=0.0318632s, 14656 KB] Variables: 1168
[t=0.0319588s, 14656 KB] FactPairs: 2336
[t=0.0319824s, 14656 KB] Bytes per state: 148
[t=0.032006s, 14656 KB] Conducting best first search without reopening closed nodes, (real) bound = 2147483647
[t=0.0321915s, 14656 KB] New best heuristic value for ff(): 15
[t=0.0322612s, 14656 KB] g=0, 1 evaluated, 0 expanded
[t=0.0322896s, 14656 KB] Initial heuristic value for ff(): 15
[t=0.0323154s, 14656 KB] pruning method: none
[t=0.0323391s, 14656 KB] Start Timestep: 1684357455025 millisecond(s).
[t=0.0323856s, 14656 KB] New best heuristic value for ff(): 14
[t=0.0327184s, 14656 KB] g=1, 5 evaluated, 1 expanded
[t=0.0345036s, 14656 KB] New best heuristic value for ff(): 12
[t=0.0347848s, 14656 KB] g=3, 36 evaluated, 4 expanded
[t=0.0352233s, 14656 KB] New best heuristic value for ff(): 11
[t=0.035622s, 14656 KB] g=4, 48 evaluated, 5 expanded
[t=0.0393958s, 14656 KB] New best heuristic value for ff(): 10
[t=0.0403451s, 14656 KB] g=7, 121 evaluated, 15 expanded
[t=0.0971153s, 14656 KB] New best heuristic value for ff(): 9
[t=0.0975398s, 14656 KB] g=13, 1024 evaluated, 127 expanded
[t=0.0977714s, 14656 KB] New best heuristic value for ff(): 8
[t=0.0981038s, 14656 KB] g=14, 1031 evaluated, 128 expanded
[t=0.0981331s, 14656 KB] New best heuristic value for ff(): 7
[t=0.0988661s, 14656 KB] g=15, 1042 evaluated, 129 expanded
[t=0.0990645s, 14656 KB] New best heuristic value for ff(): 6
[t=0.100133s, 14656 KB] g=16, 1061 evaluated, 130 expanded
[t=271.784s, 809756 KB] New best heuristic value for ff(): 5
[t=271.784s, 809756 KB] g=30, 4133954 evaluated, 741887 expanded
[t=271.784s, 809756 KB] New best heuristic value for ff(): 4
[t=271.784s, 809756 KB] g=31, 4133975 evaluated, 741889 expanded
Peak memory: 2847680 KB
caught signal 24 -- exiting
Time limit has been reached.
Remove intermediate file output.sas
search exit code: 23

Driver aborting after search
INFO     Planner time: 897.96s
