INFO     planner time limit: 300s
INFO     planner memory limit: 3584 MB

INFO     Running translator.
INFO     translator stdin: None
INFO     translator time limit: 299s
INFO     translator memory limit: 3584 MB
INFO     translator command line string: /usr/local/downward-projects/downward/experiments/.venv/bin/python3 /usr/local/downward-projects/downward/experiments/src/thesis/data/thesis-thesis_exp/code-d93485cdd92f65ede2ae3573b3f4adda0b49e4fd_e5e41175/builds/release/bin/translate/translate.py domain.pddl problem.pddl --sas-file output.sas
Parsing...
Parsing: [0.010s CPU, 0.001s wall-clock]
Normalizing task... [0.000s CPU, 0.000s wall-clock]
Instantiating...
Generating Datalog program... [0.000s CPU, 0.000s wall-clock]
Normalizing Datalog program...
Normalizing Datalog program: [0.000s CPU, 0.002s wall-clock]
Preparing model... [0.000s CPU, 0.001s wall-clock]
Generated 51 rules.
Computing model... [2.870s CPU, 2.875s wall-clock]
249073 relevant atoms
25776 auxiliary atoms
274849 final queue length
1332241 total queue pushes
Completing instantiation... [18.260s CPU, 18.286s wall-clock]
Instantiating: [21.230s CPU, 21.267s wall-clock]
Computing fact groups...
Finding invariants...
5 initial candidates
Finding invariants: [0.450s CPU, 0.444s wall-clock]
Checking invariant weight... [0.000s CPU, 0.000s wall-clock]
Instantiating groups... [0.000s CPU, 0.000s wall-clock]
Collecting mutex groups... [0.000s CPU, 0.000s wall-clock]
Choosing groups...
12 uncovered facts
Choosing groups: [0.000s CPU, 0.000s wall-clock]
Building translation key... [0.000s CPU, 0.000s wall-clock]
Computing fact groups: [0.450s CPU, 0.446s wall-clock]
Building STRIPS to SAS dictionary... [0.000s CPU, 0.000s wall-clock]
Building dictionary for full mutex groups... [0.000s CPU, 0.000s wall-clock]
Building mutex information...
Building mutex information: [0.000s CPU, 0.000s wall-clock]
Translating task...
Processing axioms...
Simplifying axioms... [0.000s CPU, 0.000s wall-clock]
Translator axioms removed by simplifying: 0
Computing negative axioms... [0.000s CPU, 0.000s wall-clock]
Processing axioms: [0.480s CPU, 0.480s wall-clock]
Translating task: [10.180s CPU, 10.201s wall-clock]
0 effect conditions simplified
0 implied preconditions added
Detecting unreachable propositions...
0 operators removed
0 axioms removed
12 propositions removed
Detecting unreachable propositions: [6.920s CPU, 7.022s wall-clock]
Reordering and filtering variables...
24 of 24 variables necessary.
0 of 12 mutex groups necessary.
248724 of 248724 operators necessary.
0 of 0 axiom rules necessary.
Reordering and filtering variables: [1.630s CPU, 1.639s wall-clock]
Translator variables: 24
Translator derived variables: 0
Translator facts: 168
Translator goal facts: 24
Translator mutex groups: 0
Translator total mutex groups size: 0
Translator operators: 248724
Translator axioms: 0
Translator task size: 2218428
Translator peak memory: 1533120 KB
Writing output... [1.550s CPU, 1.551s wall-clock]
Done! [42.570s CPU, 42.742s wall-clock]
translate exit code: 0

INFO     Running search (release).
INFO     search stdin: output.sas
INFO     search time limit: 257s
INFO     search memory limit: 3584 MB
INFO     search command line string: /usr/local/downward-projects/downward/experiments/src/thesis/data/thesis-thesis_exp/code-d93485cdd92f65ede2ae3573b3f4adda0b49e4fd_e5e41175/builds/release/bin/downward --evaluator 'h=ff()' --search 'eager(alt([type_based([h, g()], random_seed=-1), single(h)]))' --internal-plan-file sas_plan < output.sas
[t=0.00105147s, 11364 KB] reading input...
[t=1.107s, 115592 KB] done reading input!
[t=1.22766s, 167260 KB] Simplifying 974592 unary operators... done! [746496 unary operators]
[t=2.96275s, 236388 KB] time to simplify: 1.73509s
[t=2.98519s, 236388 KB] Initializing additive heuristic...
[t=2.98544s, 236388 KB] Initializing FF heuristic...
[t=2.98547s, 236388 KB] Building successor generator...done!
[t=3.0933s, 236388 KB] peak memory difference for successor generator creation: 0 KB
[t=3.09342s, 236388 KB] time for successor generation creation: 0.106868s
[t=3.09345s, 236388 KB] Variables: 24
[t=3.09348s, 236388 KB] FactPairs: 168
[t=3.0935s, 236388 KB] Bytes per state: 8
[t=3.09353s, 236388 KB] Conducting best first search without reopening closed nodes, (real) bound = 2147483647
[t=3.11864s, 236388 KB] New best heuristic value for ff(): 52
[t=3.1194s, 236388 KB] g=0, 1 evaluated, 0 expanded
[t=3.11943s, 236388 KB] Initial heuristic value for ff(): 52
[t=3.11946s, 236388 KB] pruning method: none
[t=3.11949s, 236388 KB] Start Timestep: 1687924825887 millisecond(s).
[t=3.18276s, 236388 KB] New best heuristic value for ff(): 51
[t=3.18343s, 236388 KB] g=1, 4 evaluated, 1 expanded
[t=3.27126s, 236388 KB] New best heuristic value for ff(): 47
[t=3.27209s, 236388 KB] g=3, 8 evaluated, 1 expanded
[t=3.44265s, 236388 KB] New best heuristic value for ff(): 46
[t=3.44363s, 236388 KB] g=4, 16 evaluated, 2 expanded
[t=4.01005s, 236388 KB] New best heuristic value for ff(): 45
[t=4.01052s, 236388 KB] g=5, 42 evaluated, 4 expanded
[t=4.86479s, 236388 KB] New best heuristic value for ff(): 42
[t=4.86494s, 236388 KB] g=12, 80 evaluated, 7 expanded
[t=5.08793s, 236388 KB] New best heuristic value for ff(): 41
[t=5.08852s, 236388 KB] g=13, 90 evaluated, 8 expanded
[t=5.1312s, 236388 KB] New best heuristic value for ff(): 39
[t=5.13167s, 236388 KB] g=15, 92 evaluated, 8 expanded
[t=5.59927s, 236388 KB] New best heuristic value for ff(): 38
[t=5.60021s, 236388 KB] g=14, 113 evaluated, 10 expanded
[t=7.6141s, 236388 KB] New best heuristic value for ff(): 37
[t=7.61441s, 236388 KB] g=16, 204 evaluated, 18 expanded
[t=7.72983s, 236388 KB] New best heuristic value for ff(): 31
[t=7.73021s, 236388 KB] g=18, 209 evaluated, 18 expanded
[t=8.04442s, 236388 KB] New best heuristic value for ff(): 28
[t=8.04528s, 236388 KB] g=19, 224 evaluated, 20 expanded
[t=8.49881s, 236388 KB] New best heuristic value for ff(): 27
[t=8.4996s, 236388 KB] g=20, 246 evaluated, 22 expanded
[t=8.74503s, 236388 KB] New best heuristic value for ff(): 26
[t=8.7452s, 236388 KB] g=23, 258 evaluated, 23 expanded
[t=11.425s, 236388 KB] New best heuristic value for ff(): 25
[t=11.4254s, 236388 KB] g=26, 385 evaluated, 36 expanded
[t=11.6478s, 236388 KB] New best heuristic value for ff(): 23
[t=11.6488s, 236388 KB] g=29, 396 evaluated, 37 expanded
[t=12.2698s, 236388 KB] New best heuristic value for ff(): 19
[t=12.2702s, 236388 KB] g=30, 423 evaluated, 40 expanded
[t=12.616s, 236388 KB] New best heuristic value for ff(): 18
[t=12.6169s, 236388 KB] g=31, 439 evaluated, 42 expanded
[t=14.4477s, 236388 KB] New best heuristic value for ff(): 17
[t=14.4486s, 236388 KB] g=38, 528 evaluated, 51 expanded
[t=14.8035s, 236388 KB] New best heuristic value for ff(): 16
[t=14.8043s, 236388 KB] g=39, 546 evaluated, 53 expanded
[t=14.8234s, 236388 KB] New best heuristic value for ff(): 15
[t=14.8242s, 236388 KB] g=39, 547 evaluated, 53 expanded
[t=20.1883s, 236388 KB] New best heuristic value for ff(): 14
[t=20.1888s, 236388 KB] g=43, 814 evaluated, 82 expanded
[t=21.1097s, 236388 KB] New best heuristic value for ff(): 13
[t=21.1121s, 236388 KB] g=45, 856 evaluated, 86 expanded
[t=25.6825s, 236388 KB] New best heuristic value for ff(): 12
[t=25.6847s, 236388 KB] g=50, 1089 evaluated, 110 expanded
[t=29.0418s, 236388 KB] New best heuristic value for ff(): 11
[t=29.0444s, 236388 KB] g=55, 1262 evaluated, 128 expanded
[t=29.3337s, 236388 KB] New best heuristic value for ff(): 10
[t=29.3373s, 236388 KB] g=54, 1277 evaluated, 130 expanded
[t=31.3729s, 236388 KB] New best heuristic value for ff(): 8
[t=31.376s, 236388 KB] g=59, 1382 evaluated, 141 expanded
[t=31.6968s, 236388 KB] New best heuristic value for ff(): 7
[t=31.7002s, 236388 KB] g=60, 1399 evaluated, 143 expanded
[t=34.2679s, 236388 KB] New best heuristic value for ff(): 5
[t=34.2693s, 236388 KB] g=66, 1524 evaluated, 155 expanded
[t=34.5878s, 236388 KB] New best heuristic value for ff(): 4
[t=34.5918s, 236388 KB] g=65, 1539 evaluated, 157 expanded
[t=35.0675s, 236388 KB] New best heuristic value for ff(): 3
[t=35.0684s, 236388 KB] g=68, 1564 evaluated, 159 expanded
[t=50.9168s, 236388 KB] New best heuristic value for ff(): 2
[t=50.92s, 236388 KB] g=85, 2299 evaluated, 242 expanded
Peak memory: 236388 KB
caught signal 24 -- exiting
Time limit has been reached.
Remove intermediate file output.sas
search exit code: 23

Driver aborting after search
INFO     Planner time: 299.63s
