INFO     planner time limit: 900s
INFO     planner memory limit: 3584 MB

INFO     Running translator.
INFO     translator stdin: None
INFO     translator time limit: 899s
INFO     translator memory limit: 3584 MB
INFO     translator command line string: /usr/local/downward-projects/downward/experiments/.venv/bin/python3 /usr/local/downward-projects/downward/experiments/src/thesis/data/thesis-thesis_exp/code-492c46a6b9a8d722366a407090da84235e2f79dc_e5e41175/builds/release/bin/translate/translate.py domain.pddl problem.pddl --sas-file output.sas
Parsing...
Parsing: [0.010s CPU, 0.002s wall-clock]
Normalizing task... [0.000s CPU, 0.000s wall-clock]
Instantiating...
Generating Datalog program... [0.000s CPU, 0.001s wall-clock]
Normalizing Datalog program...
Normalizing Datalog program: [0.000s CPU, 0.001s wall-clock]
Preparing model... [0.000s CPU, 0.001s wall-clock]
Generated 25 rules.
Computing model... [0.010s CPU, 0.007s wall-clock]
461 relevant atoms
611 auxiliary atoms
1072 final queue length
1647 total queue pushes
Completing instantiation... [0.000s CPU, 0.007s wall-clock]
Instantiating: [0.010s CPU, 0.017s wall-clock]
Computing fact groups...
Finding invariants...
7 initial candidates
Finding invariants: [0.000s CPU, 0.003s wall-clock]
Checking invariant weight... [0.010s CPU, 0.000s wall-clock]
Instantiating groups... [0.000s CPU, 0.000s wall-clock]
Collecting mutex groups... [0.000s CPU, 0.000s wall-clock]
Choosing groups...
0 uncovered facts
Choosing groups: [0.000s CPU, 0.000s wall-clock]
Building translation key... [0.000s CPU, 0.000s wall-clock]
Computing fact groups: [0.010s CPU, 0.004s wall-clock]
Building STRIPS to SAS dictionary... [0.000s CPU, 0.000s wall-clock]
Building dictionary for full mutex groups... [0.000s CPU, 0.000s wall-clock]
Building mutex information...
Building mutex information: [0.000s CPU, 0.000s wall-clock]
Translating task...
Processing axioms...
Simplifying axioms... [0.000s CPU, 0.000s wall-clock]
Translator axioms removed by simplifying: 0
Computing negative axioms... [0.000s CPU, 0.000s wall-clock]
Processing axioms: [0.000s CPU, 0.001s wall-clock]
Translating task: [0.000s CPU, 0.006s wall-clock]
0 effect conditions simplified
0 implied preconditions added
Detecting unreachable propositions...
0 operators removed
0 axioms removed
34 propositions removed
Detecting unreachable propositions: [0.010s CPU, 0.003s wall-clock]
Reordering and filtering variables...
34 of 34 variables necessary.
0 of 34 mutex groups necessary.
185 of 185 operators necessary.
0 of 0 axiom rules necessary.
Reordering and filtering variables: [0.000s CPU, 0.002s wall-clock]
Translator variables: 34
Translator derived variables: 0
Translator facts: 100
Translator goal facts: 33
Translator mutex groups: 0
Translator total mutex groups size: 0
Translator operators: 185
Translator axioms: 0
Translator task size: 1634
Translator peak memory: 33008 KB
Writing output... [0.000s CPU, 0.001s wall-clock]
Done! [0.040s CPU, 0.036s wall-clock]
translate exit code: 0

INFO     Running search (release).
INFO     search stdin: output.sas
INFO     search time limit: 899s
INFO     search memory limit: 3584 MB
INFO     search command line string: /usr/local/downward-projects/downward/experiments/src/thesis/data/thesis-thesis_exp/code-492c46a6b9a8d722366a407090da84235e2f79dc_e5e41175/builds/release/bin/downward --evaluator 'h=ff()' --search 'eager(lwm_based_type(h))' --internal-plan-file sas_plan < output.sas
[t=0.00201974s, 11200 KB] reading input...
[t=0.00293982s, 11200 KB] done reading input!
[t=0.00379093s, 11584 KB] Simplifying 641 unary operators... done! [641 unary operators]
[t=0.0057734s, 11584 KB] time to simplify: 0.00198246s
[t=0.0058361s, 11584 KB] Initializing additive heuristic...
[t=0.00591739s, 11584 KB] Initializing FF heuristic...
[t=0.00594234s, 11584 KB] Building successor generator...done!
[t=0.00611713s, 11584 KB] peak memory difference for successor generator creation: 0 KB
[t=0.00616049s, 11584 KB] time for successor generation creation: 0s
[t=0.00618448s, 11584 KB] Variables: 34
[t=0.0062109s, 11584 KB] FactPairs: 100
[t=0.00623507s, 11584 KB] Bytes per state: 8
[t=0.00625831s, 11584 KB] Conducting best first search without reopening closed nodes, (real) bound = 2147483647
[t=0.00630288s, 11584 KB] New best heuristic value for ff(): 15
[t=0.00635859s, 11584 KB] g=0, 1 evaluated, 0 expanded
[t=0.00638275s, 11584 KB] Initial heuristic value for ff(): 15
[t=0.00641795s, 11584 KB] pruning method: none
[t=0.00644142s, 11584 KB] Start Timestep: 1685461212782 millisecond(s).
[t=0.00648294s, 11584 KB] New best heuristic value for ff(): 13
[t=0.00652935s, 11584 KB] g=1, 2 evaluated, 1 expanded
[t=0.00655296s, 11584 KB] New best heuristic value for ff(): 9
[t=0.00664756s, 11584 KB] g=1, 8 evaluated, 1 expanded
[t=0.00667138s, 11584 KB] New best heuristic value for ff(): 8
[t=0.00707507s, 11584 KB] g=2, 42 evaluated, 10 expanded
[t=0.00710013s, 11584 KB] New best heuristic value for ff(): 7
[t=0.0073854s, 11584 KB] g=3, 66 evaluated, 16 expanded
[t=0.00966621s, 11584 KB] New best heuristic value for ff(): 6
[t=0.0115168s, 11584 KB] g=4, 447 evaluated, 129 expanded
[t=0.0296216s, 11720 KB] New best heuristic value for ff(): 5
[t=0.0333388s, 11720 KB] g=6, 2491 evaluated, 749 expanded
[t=0.0710203s, 12008 KB] New best heuristic value for ff(): 4
[t=0.0721176s, 12008 KB] g=7, 6158 evaluated, 1864 expanded
[t=0.0721491s, 12008 KB] New best heuristic value for ff(): 3
[t=0.0722043s, 12008 KB] g=7, 6160 evaluated, 1864 expanded
[t=0.453225s, 14312 KB] New best heuristic value for ff(): 2
[t=0.453898s, 14312 KB] g=9, 42143 evaluated, 13529 expanded
[t=2.5251s, 29636 KB] New best heuristic value for ff(): 1
[t=2.52622s, 29636 KB] g=11, 235452 evaluated, 82680 expanded
[t=4.76989s, 45552 KB] New best heuristic value for ff(): 0
[t=4.77094s, 45552 KB] g=14, 445504 evaluated, 162459 expanded
[t=37.7149s, 183952 KB] Solution found!
[t=37.7179s, 183952 KB] Actual search time: 37.7114s
jump-new-move pos-4-2 pos-3-2 pos-2-2 (1)
jump-continue-move pos-2-2 pos-2-3 pos-2-4 (0)
jump-continue-move pos-2-4 pos-1-4 pos-0-4 (0)
end-move pos-0-4 (0)
jump-new-move pos-3-6 pos-3-5 pos-3-4 (1)
end-move pos-3-4 (0)
jump-new-move pos-2-6 pos-2-5 pos-2-4 (1)
jump-continue-move pos-2-4 pos-3-4 pos-4-4 (0)
jump-continue-move pos-4-4 pos-4-3 pos-4-2 (0)
end-move pos-4-2 (0)
jump-new-move pos-6-3 pos-5-3 pos-4-3 (1)
jump-continue-move pos-4-3 pos-3-3 pos-2-3 (0)
end-move pos-2-3 (0)
jump-new-move pos-0-4 pos-0-3 pos-0-2 (1)
jump-continue-move pos-0-2 pos-1-2 pos-2-2 (0)
jump-continue-move pos-2-2 pos-2-3 pos-2-4 (0)
end-move pos-2-4 (0)
jump-new-move pos-2-0 pos-2-1 pos-2-2 (1)
end-move pos-2-2 (0)
jump-new-move pos-4-6 pos-4-5 pos-4-4 (1)
end-move pos-4-4 (0)
jump-new-move pos-5-4 pos-4-4 pos-3-4 (1)
jump-continue-move pos-3-4 pos-2-4 pos-1-4 (0)
jump-continue-move pos-1-4 pos-1-3 pos-1-2 (0)
jump-continue-move pos-1-2 pos-2-2 pos-3-2 (0)
jump-continue-move pos-3-2 pos-4-2 pos-5-2 (0)
end-move pos-5-2 (0)
jump-new-move pos-4-0 pos-4-1 pos-4-2 (1)
end-move pos-4-2 (0)
jump-new-move pos-5-2 pos-4-2 pos-3-2 (1)
end-move pos-3-2 (0)
jump-new-move pos-3-1 pos-3-2 pos-3-3 (1)
[t=37.718s, 183952 KB] Plan length: 32 step(s).
[t=37.718s, 183952 KB] Plan cost: 11
[t=37.718s, 183952 KB] Timestamp: 1685461250573 millisecond(s).
[t=37.718s, 183952 KB] Expanded 1349427 state(s).
[t=37.718s, 183952 KB] Reopened 0 state(s).
[t=37.718s, 183952 KB] Evaluated 3079240 state(s).
[t=37.718s, 183952 KB] Evaluations: 3079240
[t=37.718s, 183952 KB] Generated 3841288 state(s).
[t=37.718s, 183952 KB] Dead ends: 236533 state(s).
[t=37.718s, 183952 KB] Number of registered states: 3079240
[t=37.718s, 183952 KB] Int hash set load factor: 3079240/4194304 = 0.734148
[t=37.718s, 183952 KB] Int hash set resizes: 22
[t=37.718s, 183952 KB] Search time: 37.7117s
[t=37.718s, 183952 KB] Total time: 37.718s
Solution found.
Peak memory: 183952 KB
Remove intermediate file output.sas
search exit code: 0

INFO     Running validate.
INFO     validate stdin: None
INFO     validate time limit: None
INFO     validate memory limit: None
INFO     validate command line string: validate domain.pddl problem.pddl sas_plan
Checking plan: sas_plan
Plan executed successfully - checking goal
Plan valid
Final value: 11 

Successful plans:
Value: 11
 sas_plan 11 

validate exit code: 0

INFO     Planner time: 38.02s
