INFO     planner time limit: 600s
INFO     planner memory limit: 3584 MB

INFO     Running translator.
INFO     translator stdin: None
INFO     translator time limit: 599s
INFO     translator memory limit: 3584 MB
INFO     translator command line string: /usr/local/downward-projects/downward/experiments/assign3/.venv/bin/python3 /usr/local/downward-projects/downward/experiments/assign3/data/assign3-anytime_exp/code-1fb14623350588fb782db39ad332c8a25eda53d6_e5e41175/builds/release/bin/translate/translate.py domain.pddl problem.pddl --sas-file output.sas
Parsing...
Parsing: [0.000s CPU, 0.005s wall-clock]
Normalizing task... [0.000s CPU, 0.000s wall-clock]
Instantiating...
Generating Datalog program... [0.000s CPU, 0.001s wall-clock]
Normalizing Datalog program...
Normalizing Datalog program: [0.010s CPU, 0.003s wall-clock]
Preparing model... [0.000s CPU, 0.003s wall-clock]
Generated 172 rules.
Computing model... [0.020s CPU, 0.016s wall-clock]
1203 relevant atoms
1342 auxiliary atoms
2545 final queue length
4105 total queue pushes
Completing instantiation... [0.020s CPU, 0.020s wall-clock]
Instantiating: [0.050s CPU, 0.044s wall-clock]
Computing fact groups...
Finding invariants...
12 initial candidates
Finding invariants: [0.010s CPU, 0.007s wall-clock]
Checking invariant weight... [0.000s CPU, 0.001s wall-clock]
Instantiating groups... [0.000s CPU, 0.000s wall-clock]
Collecting mutex groups... [0.000s CPU, 0.000s wall-clock]
Choosing groups...
0 uncovered facts
Choosing groups: [0.000s CPU, 0.000s wall-clock]
Building translation key... [0.000s CPU, 0.000s wall-clock]
Computing fact groups: [0.010s CPU, 0.009s wall-clock]
Building STRIPS to SAS dictionary... [0.000s CPU, 0.000s wall-clock]
Building dictionary for full mutex groups... [0.000s CPU, 0.000s wall-clock]
Building mutex information...
Building mutex information: [0.000s CPU, 0.000s wall-clock]
Translating task...
Processing axioms...
Simplifying axioms... [0.000s CPU, 0.000s wall-clock]
Translator axioms removed by simplifying: 0
Computing negative axioms... [0.000s CPU, 0.000s wall-clock]
Processing axioms: [0.000s CPU, 0.001s wall-clock]
Translating task: [0.020s CPU, 0.020s wall-clock]
0 effect conditions simplified
0 implied preconditions added
Detecting unreachable propositions...
0 operators removed
0 axioms removed
41 propositions removed
Detecting unreachable propositions: [0.010s CPU, 0.010s wall-clock]
Reordering and filtering variables...
41 of 41 variables necessary.
0 of 61 mutex groups necessary.
840 of 840 operators necessary.
0 of 0 axiom rules necessary.
Reordering and filtering variables: [0.000s CPU, 0.003s wall-clock]
Translator variables: 41
Translator derived variables: 0
Translator facts: 121
Translator goal facts: 20
Translator mutex groups: 0
Translator total mutex groups size: 0
Translator operators: 840
Translator axioms: 0
Translator task size: 5100
Translator peak memory: 35472 KB
Writing output... [0.000s CPU, 0.004s wall-clock]
Done! [0.100s CPU, 0.096s wall-clock]
translate exit code: 0

INFO     Running search (release).
INFO     search stdin: output.sas
INFO     search time limit: 599s
INFO     search memory limit: 3584 MB
INFO     search command line string: /usr/local/downward-projects/downward/experiments/assign3/data/assign3-anytime_exp/code-1fb14623350588fb782db39ad332c8a25eda53d6_e5e41175/builds/release/bin/downward --evaluator 'h=lmcut()' --search 'eager_anytime(epsilon_greedy(
        sum([weight(h, 2, verbosity=normal), g()]), epsilon=0.5, random_seed=1234), 
        reopen_closed=true, f_eval=sum([h, g()]))' --internal-plan-file sas_plan < output.sas
[t=0.00210297s, 10884 KB] reading input...
[t=0.00418638s, 11008 KB] done reading input!
[t=0.00627433s, 11580 KB] Initializing landmark cut heuristic...
[t=0.00691968s, 11580 KB] Building successor generator...done!
[t=0.00729088s, 11580 KB] peak memory difference for successor generator creation: 0 KB
[t=0.00735041s, 11580 KB] time for successor generation creation: 0s
[t=0.00737505s, 11580 KB] Variables: 41
[t=0.00740023s, 11580 KB] FactPairs: 121
[t=0.00742284s, 11580 KB] Bytes per state: 12
[t=0.00744602s, 11580 KB] Conducting best first anytime search with reopening closed nodes, (real) bound = 2147483647
[t=0.00749439s, 11580 KB] New best heuristic value for lmcut(): 1
[t=0.00756128s, 11580 KB] g=0, 1 evaluated, 0 expanded
[t=0.00758545s, 11580 KB] Initial heuristic value for lmcut(): 1
[t=0.00761163s, 11580 KB] Start Timestep: 1681968865107 millisecond(s).
[t=0.00765234s, 11580 KB] New best heuristic value for lmcut(): 0
[t=0.00769982s, 11580 KB] g=1, 2 evaluated, 1 expanded
[t=279.148s, 1145104 KB] Solution found!
open-new-stack n0 n1 (1)
open-new-stack n1 n2 (1)
start-order o12 n2 n1 (0)
make-product-p1  (0)
make-product-p3  (0)
start-order o17 n1 n0 (0)
make-product-p2  (0)
ship-order-o12 n0 n1 (0)
ship-order-o17 n1 n2 (0)
start-order o3 n2 n1 (0)
start-order o5 n1 n0 (0)
make-product-p8  (0)
ship-order-o3 n0 n1 (0)
start-order o6 n1 n0 (0)
make-product-p16  (0)
make-product-p4  (0)
ship-order-o5 n0 n1 (0)
start-order o10 n1 n0 (0)
make-product-p5  (0)
ship-order-o6 n0 n1 (0)
ship-order-o10 n1 n2 (0)
start-order o1 n2 n1 (0)
open-new-stack n1 n2 (1)
open-new-stack n2 n3 (1)
start-order o20 n3 n2 (0)
start-order o13 n2 n1 (0)
make-product-p15  (0)
start-order o4 n1 n0 (0)
make-product-p9  (0)
ship-order-o20 n0 n1 (0)
ship-order-o4 n1 n2 (0)
start-order o14 n2 n1 (0)
start-order o15 n1 n0 (0)
make-product-p14  (0)
ship-order-o13 n0 n1 (0)
ship-order-o14 n1 n2 (0)
start-order o7 n2 n1 (0)
make-product-p6  (0)
ship-order-o1 n1 n2 (0)
start-order o11 n2 n1 (0)
make-product-p18  (0)
start-order o9 n1 n0 (0)
make-product-p12  (0)
ship-order-o11 n0 n1 (0)
start-order o19 n1 n0 (0)
make-product-p19  (0)
open-new-stack n0 n1 (1)
start-order o8 n1 n0 (0)
make-product-p10  (0)
ship-order-o15 n0 n1 (0)
start-order o18 n1 n0 (0)
make-product-p17  (0)
ship-order-o8 n0 n1 (0)
start-order o2 n1 n0 (0)
make-product-p13  (0)
ship-order-o19 n0 n1 (0)
start-order o16 n1 n0 (0)
make-product-p7  (0)
make-product-p20  (0)
make-product-p11  (0)
ship-order-o2 n0 n1 (0)
ship-order-o7 n1 n2 (0)
ship-order-o18 n2 n3 (0)
ship-order-o16 n3 n4 (0)
ship-order-o9 n4 n5 (0)
[t=279.148s, 1145104 KB] Plan length: 65 step(s).
[t=279.148s, 1145104 KB] Plan cost: 5
[t=279.148s, 1145104 KB] Solution: Incumbent solution found!
[t=279.148s, 1145104 KB] Solution Timestep: 1681969145707 millisecond(s).
[t=279.148s, 1145104 KB] Timestamp: 1681969145707 millisecond(s).
[t=279.148s, 1145104 KB] Expanded 5150127 state(s).
[t=279.148s, 1145104 KB] Reopened 0 state(s).
[t=279.148s, 1145104 KB] Evaluated 21528216 state(s).
[t=279.148s, 1145104 KB] Evaluations: 21528216
[t=279.148s, 1145104 KB] Generated 39253513 state(s).
[t=279.148s, 1145104 KB] Dead ends: 0 state(s).
[t=279.148s, 1145104 KB] Number of registered states: 21528216
[t=279.148s, 1145104 KB] Int hash set load factor: 21528216/33554432 = 0.641591
[t=279.148s, 1145104 KB] Int hash set resizes: 25
Peak memory: 2170628 KB
caught signal 24 -- exiting
Time limit has been reached.
Remove intermediate file output.sas
search exit code: 23

Driver aborting after search
INFO     Planner time: 597.51s
