INFO     planner time limit: 600s
INFO     planner memory limit: 3584 MB

INFO     Running translator.
INFO     translator stdin: None
INFO     translator time limit: 599s
INFO     translator memory limit: 3584 MB
INFO     translator command line string: /usr/local/downward-projects/downward/experiments/src/thesis/.venv/bin/python3 /usr/local/downward-projects/downward/experiments/src/thesis/data/thesis-thesis_exp/code-84c08dfff1890fbf6247184940c8166177195ea1_e5e41175/builds/release/bin/translate/translate.py domain.pddl problem.pddl --sas-file output.sas
Parsing...
Parsing: [0.030s CPU, 0.025s wall-clock]
Normalizing task... [0.000s CPU, 0.001s wall-clock]
Instantiating...
Generating Datalog program... [0.020s CPU, 0.013s wall-clock]
Normalizing Datalog program...
Normalizing Datalog program: [0.000s CPU, 0.001s wall-clock]
Preparing model... [0.030s CPU, 0.039s wall-clock]
Generated 6 rules.
Computing model... [0.090s CPU, 0.088s wall-clock]
13894 relevant atoms
5313 auxiliary atoms
19207 final queue length
25479 total queue pushes
Completing instantiation... [0.100s CPU, 0.098s wall-clock]
Instantiating: [0.240s CPU, 0.246s wall-clock]
Computing fact groups...
Finding invariants...
4 initial candidates
Finding invariants: [0.000s CPU, 0.001s wall-clock]
Checking invariant weight... [0.000s CPU, 0.001s wall-clock]
Instantiating groups... [0.010s CPU, 0.002s wall-clock]
Collecting mutex groups... [0.000s CPU, 0.001s wall-clock]
Choosing groups...
1089 uncovered facts
Choosing groups: [0.000s CPU, 0.002s wall-clock]
Building translation key... [0.000s CPU, 0.003s wall-clock]
Computing fact groups: [0.020s CPU, 0.022s wall-clock]
Building STRIPS to SAS dictionary... [0.010s CPU, 0.002s wall-clock]
Building dictionary for full mutex groups... [0.000s CPU, 0.001s wall-clock]
Building mutex information...
Building mutex information: [0.000s CPU, 0.001s wall-clock]
Translating task...
Processing axioms...
Simplifying axioms... [0.000s CPU, 0.000s wall-clock]
Translator axioms removed by simplifying: 0
Computing negative axioms... [0.000s CPU, 0.000s wall-clock]
Processing axioms: [0.000s CPU, 0.005s wall-clock]
Translating task: [0.080s CPU, 0.081s wall-clock]
0 effect conditions simplified
0 implied preconditions added
Detecting unreachable propositions...
0 operators removed
0 axioms removed
3 propositions removed
Detecting unreachable propositions: [0.090s CPU, 0.088s wall-clock]
Reordering and filtering variables...
1089 of 1089 variables necessary.
0 of 1 mutex groups necessary.
4224 of 4224 operators necessary.
0 of 0 axiom rules necessary.
Reordering and filtering variables: [0.020s CPU, 0.015s wall-clock]
Translator variables: 1089
Translator derived variables: 0
Translator facts: 3265
Translator goal facts: 1088
Translator mutex groups: 0
Translator total mutex groups size: 0
Translator operators: 4224
Translator axioms: 0
Translator task size: 22334
Translator peak memory: 51040 KB
Writing output... [0.020s CPU, 0.021s wall-clock]
Done! [0.520s CPU, 0.511s wall-clock]
translate exit code: 0

INFO     Running search (release).
INFO     search stdin: output.sas
INFO     search time limit: 599s
INFO     search memory limit: 3584 MB
INFO     search command line string: /usr/local/downward-projects/downward/experiments/src/thesis/data/thesis-thesis_exp/code-84c08dfff1890fbf6247184940c8166177195ea1_e5e41175/builds/release/bin/downward --evaluator 'h=ff()' --search 'eager(partition(h, lwm_partition(), inter_uniform(), intra_uniform() )) ' --internal-plan-file sas_plan < output.sas
[t=0.00204647s, 11732 KB] reading input...
[t=0.0140047s, 13332 KB] done reading input!
[t=0.0180369s, 14140 KB] Simplifying 8444 unary operators... done! [8444 unary operators]
[t=0.023193s, 14668 KB] time to simplify: 0.00515611s
[t=0.0235955s, 14668 KB] Initializing additive heuristic...
[t=0.0238052s, 14668 KB] Initializing FF heuristic...
[t=0.0238319s, 14668 KB] Building successor generator...done!
[t=0.0245865s, 14668 KB] peak memory difference for successor generator creation: 0 KB
[t=0.0246435s, 14668 KB] time for successor generation creation: 0s
[t=0.0246687s, 14668 KB] Variables: 1089
[t=0.0247291s, 14668 KB] FactPairs: 3265
[t=0.0247523s, 14668 KB] Bytes per state: 140
[t=0.0247757s, 14668 KB] Conducting best first search without reopening closed nodes, (real) bound = 2147483647
[t=0.0248288s, 14668 KB] New best heuristic value for ff(): 1088
[t=0.0250593s, 14668 KB] g=0, 1 evaluated, 0 expanded
[t=0.0250853s, 14668 KB] Initial heuristic value for ff(): 1088
[t=0.025115s, 14668 KB] pruning method: none
[t=0.0251377s, 14668 KB] Start Timestep: 1693620754661 millisecond(s).
[t=0.0256788s, 14668 KB] New best heuristic value for ff(): 1087
[t=0.0260945s, 14668 KB] g=2, 7 evaluated, 2 expanded
[t=0.0416002s, 14668 KB] New best heuristic value for ff(): 1086
[t=0.0426999s, 14668 KB] g=6, 122 evaluated, 34 expanded
[t=0.0575414s, 14668 KB] New best heuristic value for ff(): 1085
[t=0.0588117s, 14668 KB] g=6, 227 evaluated, 64 expanded
[t=0.081484s, 14668 KB] New best heuristic value for ff(): 1084
[t=0.0849315s, 14668 KB] g=8, 386 evaluated, 110 expanded
[t=0.10142s, 14668 KB] New best heuristic value for ff(): 1083
[t=0.10356s, 14668 KB] g=10, 492 evaluated, 139 expanded
[t=0.716624s, 14800 KB] New best heuristic value for ff(): 1082
[t=0.717735s, 14800 KB] g=14, 2783 evaluated, 806 expanded
[t=1.24391s, 15308 KB] New best heuristic value for ff(): 1081
[t=1.24639s, 15308 KB] g=16, 4071 evaluated, 1187 expanded
[t=132.169s, 28192 KB] New best heuristic value for ff(): 1080
[t=132.17s, 28192 KB] g=26, 47787 evaluated, 14314 expanded
[t=192.215s, 31068 KB] New best heuristic value for ff(): 1079
[t=192.216s, 31068 KB] g=26, 55815 evaluated, 16733 expanded
[t=522.024s, 38084 KB] New best heuristic value for ff(): 1078
[t=522.028s, 38084 KB] g=30, 79969 evaluated, 24021 expanded
Peak memory: 39140 KB
caught signal 24 -- exiting
Time limit has been reached.
Remove intermediate file output.sas
search exit code: 23

Driver aborting after search
INFO     Planner time: 596.89s
