INFO     planner time limit: 600s
INFO     planner memory limit: 3584 MB

INFO     Running translator.
INFO     translator stdin: None
INFO     translator time limit: 599s
INFO     translator memory limit: 3584 MB
INFO     translator command line string: /usr/local/downward-projects/downward/experiments/assign3/.venv/bin/python3 /usr/local/downward-projects/downward/experiments/assign3/data/assign3-anytime_exp/code-1fb14623350588fb782db39ad332c8a25eda53d6_e5e41175/builds/release/bin/translate/translate.py domain.pddl problem.pddl --sas-file output.sas
Parsing...
Parsing: [0.000s CPU, 0.004s wall-clock]
Normalizing task... [0.000s CPU, 0.000s wall-clock]
Instantiating...
Generating Datalog program... [0.010s CPU, 0.001s wall-clock]
Normalizing Datalog program...
Normalizing Datalog program: [0.010s CPU, 0.006s wall-clock]
Preparing model... [0.000s CPU, 0.003s wall-clock]
Generated 198 rules.
Computing model... [0.040s CPU, 0.048s wall-clock]
2763 relevant atoms
4725 auxiliary atoms
7488 final queue length
15194 total queue pushes
Completing instantiation... [0.090s CPU, 0.091s wall-clock]
Instantiating: [0.150s CPU, 0.151s wall-clock]
Computing fact groups...
Finding invariants...
24 initial candidates
Finding invariants: [0.010s CPU, 0.009s wall-clock]
Checking invariant weight... [0.000s CPU, 0.000s wall-clock]
Instantiating groups... [0.000s CPU, 0.003s wall-clock]
Collecting mutex groups... [0.000s CPU, 0.000s wall-clock]
Choosing groups...
133 uncovered facts
Choosing groups: [0.000s CPU, 0.000s wall-clock]
Building translation key... [0.010s CPU, 0.000s wall-clock]
Computing fact groups: [0.020s CPU, 0.014s wall-clock]
Building STRIPS to SAS dictionary... [0.000s CPU, 0.000s wall-clock]
Building dictionary for full mutex groups... [0.000s CPU, 0.000s wall-clock]
Building mutex information...
Building mutex information: [0.000s CPU, 0.000s wall-clock]
Translating task...
Processing axioms...
Simplifying axioms... [0.000s CPU, 0.000s wall-clock]
Translator axioms removed by simplifying: 0
Computing negative axioms... [0.000s CPU, 0.000s wall-clock]
Processing axioms: [0.000s CPU, 0.004s wall-clock]
Translating task: [0.080s CPU, 0.081s wall-clock]
1473 effect conditions simplified
0 implied preconditions added
Detecting unreachable propositions...
0 operators removed
0 axioms removed
48 propositions removed
Detecting unreachable propositions: [0.050s CPU, 0.056s wall-clock]
Reordering and filtering variables...
143 of 152 variables necessary.
34 of 52 mutex groups necessary.
2246 of 2246 operators necessary.
0 of 0 axiom rules necessary.
Reordering and filtering variables: [0.020s CPU, 0.019s wall-clock]
Translator variables: 143
Translator derived variables: 0
Translator facts: 361
Translator goal facts: 40
Translator mutex groups: 34
Translator total mutex groups size: 104
Translator operators: 2246
Translator axioms: 0
Translator task size: 18674
Translator peak memory: 44784 KB
Writing output... [0.010s CPU, 0.015s wall-clock]
Done! [0.340s CPU, 0.347s wall-clock]
translate exit code: 0

INFO     Running search (release).
INFO     search stdin: output.sas
INFO     search time limit: 599s
INFO     search memory limit: 3584 MB
INFO     search command line string: /usr/local/downward-projects/downward/experiments/assign3/data/assign3-anytime_exp/code-1fb14623350588fb782db39ad332c8a25eda53d6_e5e41175/builds/release/bin/downward --evaluator 'h=lmcut()' --search 'eager_anytime(epsilon_greedy(
        sum([weight(h, 2, verbosity=normal), g()]), epsilon=0.5, random_seed=1234), 
        reopen_closed=true, f_eval=sum([h, g()]))' --internal-plan-file sas_plan < output.sas
[t=0.00105083s, 10884 KB] reading input...
[t=0.0105762s, 11752 KB] done reading input!
[t=0.014224s, 12556 KB] Initializing landmark cut heuristic...
[t=0.0143294s, 12556 KB] Building successor generator...done!
[t=0.015268s, 12820 KB] peak memory difference for successor generator creation: 264 KB
[t=0.015325s, 12820 KB] time for successor generation creation: 0.000117381s
[t=0.015351s, 12820 KB] Variables: 143
[t=0.0153778s, 12820 KB] FactPairs: 361
[t=0.0154009s, 12820 KB] Bytes per state: 24
[t=0.0154242s, 12820 KB] Conducting best first anytime search with reopening closed nodes, (real) bound = 2147483647
[t=0.015535s, 12820 KB] New best heuristic value for lmcut(): 385
[t=0.0164256s, 12820 KB] g=0, 1 evaluated, 0 expanded
[t=0.0164543s, 12820 KB] Initial heuristic value for lmcut(): 385
[t=0.0164797s, 12820 KB] Start Timestep: 1681992841517 millisecond(s).
[t=0.0165416s, 12820 KB] New best heuristic value for lmcut(): 370
[t=0.0174225s, 12820 KB] g=15, 2 evaluated, 1 expanded
[t=0.100534s, 12820 KB] New best heuristic value for lmcut(): 365
[t=0.101305s, 12820 KB] g=25, 92 evaluated, 3 expanded
[t=0.110975s, 12820 KB] New best heuristic value for lmcut(): 360
[t=0.111898s, 12820 KB] g=45, 104 evaluated, 3 expanded
[t=0.145555s, 12820 KB] New best heuristic value for lmcut(): 355
[t=0.145841s, 12820 KB] g=55, 141 evaluated, 4 expanded
[t=0.260365s, 12820 KB] New best heuristic value for lmcut(): 350
[t=0.260591s, 12820 KB] g=80, 269 evaluated, 7 expanded
[t=0.272236s, 12820 KB] New best heuristic value for lmcut(): 345
[t=0.272512s, 12820 KB] g=80, 283 evaluated, 7 expanded
[t=0.280937s, 12820 KB] New best heuristic value for lmcut(): 340
[t=0.281205s, 12820 KB] g=65, 293 evaluated, 7 expanded
[t=0.392221s, 12820 KB] New best heuristic value for lmcut(): 335
[t=0.39251s, 12820 KB] g=95, 420 evaluated, 10 expanded
[t=0.403717s, 12820 KB] New best heuristic value for lmcut(): 330
[t=0.404121s, 12820 KB] g=95, 434 evaluated, 10 expanded
[t=0.634788s, 12820 KB] New best heuristic value for lmcut(): 325
[t=0.635349s, 12820 KB] g=105, 699 evaluated, 15 expanded
[t=0.782772s, 12820 KB] New best heuristic value for lmcut(): 320
[t=0.783737s, 12820 KB] g=130, 868 evaluated, 19 expanded
[t=0.794272s, 12820 KB] New best heuristic value for lmcut(): 315
[t=0.794385s, 12820 KB] g=130, 882 evaluated, 19 expanded
[t=0.862277s, 12820 KB] New best heuristic value for lmcut(): 310
[t=0.862782s, 12820 KB] g=140, 961 evaluated, 21 expanded
[t=0.872738s, 12820 KB] New best heuristic value for lmcut(): 305
[t=0.873037s, 12820 KB] g=140, 975 evaluated, 21 expanded
[t=1.03655s, 12820 KB] New best heuristic value for lmcut(): 280
[t=1.03705s, 12820 KB] g=145, 1176 evaluated, 25 expanded
[t=1.10578s, 12820 KB] New best heuristic value for lmcut(): 275
[t=1.10601s, 12820 KB] g=175, 1254 evaluated, 27 expanded
[t=1.11411s, 12820 KB] New best heuristic value for lmcut(): 270
[t=1.11501s, 12820 KB] g=175, 1266 evaluated, 27 expanded
[t=1.14036s, 12820 KB] New best heuristic value for lmcut(): 265
[t=1.14082s, 12820 KB] g=205, 1303 evaluated, 28 expanded
[t=1.14978s, 12820 KB] New best heuristic value for lmcut(): 260
[t=1.15005s, 12820 KB] g=205, 1316 evaluated, 28 expanded
[t=1.27885s, 12952 KB] New best heuristic value for lmcut(): 255
[t=1.27933s, 12952 KB] g=215, 1488 evaluated, 31 expanded
[t=1.28798s, 12952 KB] New best heuristic value for lmcut(): 250
[t=1.28822s, 12952 KB] g=215, 1501 evaluated, 31 expanded
[t=1.54734s, 12952 KB] New best heuristic value for lmcut(): 245
[t=1.54807s, 12952 KB] g=245, 1852 evaluated, 39 expanded
[t=1.56751s, 12952 KB] New best heuristic value for lmcut(): 240
[t=1.56803s, 12952 KB] g=235, 1884 evaluated, 39 expanded
[t=1.6587s, 12952 KB] New best heuristic value for lmcut(): 235
[t=1.6597s, 12952 KB] g=255, 2004 evaluated, 42 expanded
[t=2.61848s, 13104 KB] New best heuristic value for lmcut(): 200
[t=2.61951s, 13104 KB] g=305, 3312 evaluated, 69 expanded
[t=2.67504s, 13104 KB] New best heuristic value for lmcut(): 195
[t=2.67562s, 13104 KB] g=335, 3383 evaluated, 71 expanded
[t=2.68579s, 13104 KB] New best heuristic value for lmcut(): 185
[t=2.68655s, 13104 KB] g=320, 3402 evaluated, 71 expanded
[t=2.69695s, 13104 KB] New best heuristic value for lmcut(): 180
[t=2.69772s, 13104 KB] g=350, 3425 evaluated, 72 expanded
[t=3.10022s, 13104 KB] New best heuristic value for lmcut(): 175
[t=3.10116s, 13104 KB] g=370, 4025 evaluated, 85 expanded
[t=3.10119s, 13104 KB] New best heuristic value for lmcut(): 165
[t=3.10162s, 13104 KB] g=365, 4026 evaluated, 85 expanded
[t=4.0631s, 13424 KB] New best heuristic value for lmcut(): 140
[t=4.06408s, 13424 KB] g=395, 5470 evaluated, 117 expanded
[t=4.07039s, 13424 KB] New best heuristic value for lmcut(): 130
[t=4.07095s, 13424 KB] g=425, 5485 evaluated, 118 expanded
[t=4.08856s, 13424 KB] New best heuristic value for lmcut(): 120
[t=4.08928s, 13424 KB] g=415, 5524 evaluated, 118 expanded
[t=4.15435s, 13424 KB] New best heuristic value for lmcut(): 110
[t=4.15468s, 13424 KB] g=445, 5623 evaluated, 121 expanded
[t=4.21201s, 13424 KB] New best heuristic value for lmcut(): 100
[t=4.21271s, 13424 KB] g=475, 5701 evaluated, 123 expanded
[t=4.2277s, 13424 KB] New best heuristic value for lmcut(): 90
[t=4.22793s, 13424 KB] g=485, 5740 evaluated, 124 expanded
[t=4.57726s, 13424 KB] New best heuristic value for lmcut(): 80
[t=4.57778s, 13424 KB] g=515, 6405 evaluated, 141 expanded
[t=5.36241s, 13424 KB] New best heuristic value for lmcut(): 75
[t=5.36327s, 13424 KB] g=520, 7913 evaluated, 175 expanded
[t=5.37818s, 13560 KB] New best heuristic value for lmcut(): 55
[t=5.37848s, 13560 KB] g=550, 7964 evaluated, 176 expanded
[t=5.39352s, 13560 KB] New best heuristic value for lmcut(): 45
[t=5.39379s, 13560 KB] g=580, 8027 evaluated, 177 expanded
[t=5.45965s, 13756 KB] New best heuristic value for lmcut(): 35
[t=5.45985s, 13756 KB] g=590, 8181 evaluated, 180 expanded
[t=5.54472s, 13756 KB] New best heuristic value for lmcut(): 30
[t=5.5448s, 13756 KB] g=595, 8340 evaluated, 183 expanded
[t=5.63619s, 13756 KB] New best heuristic value for lmcut(): 10
[t=5.63682s, 13756 KB] g=615, 8577 evaluated, 188 expanded
[t=5.64033s, 13756 KB] New best heuristic value for lmcut(): 0
[t=5.6414s, 13756 KB] g=625, 8630 evaluated, 189 expanded
[t=5.69387s, 13756 KB] Solution found!
do-grind p1 grinder0 smooth blue glazed untreated (15)
do-spray-varnish p1 spray-varnisher0 white verysmooth (5)
do-saw-small b0 p9 saw0 beech smooth s6 s5 (30)
do-grind p9 grinder0 smooth natural untreated untreated (15)
do-spray-varnish p9 spray-varnisher0 red verysmooth (5)
do-saw-large b3 p6 saw0 cherry smooth s3 s1 s2 s0 (30)
do-grind p6 grinder0 smooth natural untreated untreated (45)
do-saw-medium b3 p10 saw0 cherry smooth s3 s2 s1 (30)
do-immersion-varnish p10 immersion-varnisher0 green smooth (10)
do-saw-large b3 p8 saw0 cherry smooth s3 s1 s2 s0 (30)
do-immersion-varnish p8 immersion-varnisher0 red smooth (10)
do-glaze p6 glazer0 natural (20)
do-saw-medium b3 p11 saw0 cherry smooth s3 s2 s1 (30)
do-grind p11 grinder0 smooth natural untreated untreated (30)
do-glaze p11 glazer0 blue (15)
do-saw-large b0 p7 saw0 beech smooth s5 s3 s4 s2 (30)
do-grind p7 grinder0 smooth natural untreated untreated (45)
do-glaze p7 glazer0 white (20)
do-saw-large b0 p2 saw0 beech smooth s5 s3 s4 s2 (30)
do-saw-small b3 p0 saw0 cherry smooth s1 s0 (30)
do-grind p0 grinder0 smooth natural untreated untreated (15)
do-saw-medium b0 p5 saw0 beech smooth s5 s4 s3 (30)
do-saw-small b0 p3 saw0 beech smooth s5 s4 (30)
do-immersion-varnish p5 immersion-varnisher0 blue smooth (10)
do-spray-varnish p3 spray-varnisher0 blue smooth (5)
do-saw-medium b4 p4 saw0 teak rough s5 s4 s3 (30)
do-plane p4 planer0 rough natural untreated (20)
do-immersion-varnish p4 immersion-varnisher0 black smooth (10)
[t=5.69433s, 13756 KB] Plan length: 28 step(s).
[t=5.69438s, 13756 KB] Plan cost: 625
[t=5.69441s, 13756 KB] Solution: Incumbent solution found!
[t=5.69444s, 13756 KB] Solution Timestep: 1681992847243 millisecond(s).
[t=5.69447s, 13756 KB] Timestamp: 1681992847243 millisecond(s).
[t=5.6945s, 13756 KB] Expanded 193 state(s).
[t=5.69453s, 13756 KB] Reopened 0 state(s).
[t=5.69455s, 13756 KB] Evaluated 8780 state(s).
[t=5.69458s, 13756 KB] Evaluations: 12854
[t=5.6946s, 13756 KB] Generated 14597 state(s).
[t=5.69462s, 13756 KB] Dead ends: 0 state(s).
[t=5.69465s, 13756 KB] Number of registered states: 12854
[t=5.69467s, 13756 KB] Int hash set load factor: 12854/16384 = 0.784546
[t=5.6947s, 13756 KB] Int hash set resizes: 14
Peak memory: 104240 KB
caught signal 24 -- exiting
Time limit has been reached.
Remove intermediate file output.sas
search exit code: 23

Driver aborting after search
INFO     Planner time: 596.59s
