INFO     planner time limit: 900s
INFO     planner memory limit: 3584 MB

INFO     Running translator.
INFO     translator stdin: None
INFO     translator time limit: 899s
INFO     translator memory limit: 3584 MB
INFO     translator command line string: /usr/local/downward-projects/downward/experiments/.venv/bin/python3 /usr/local/downward-projects/downward/experiments/src/thesis/data/thesis-thesis_exp/code-f7a4f68fd467cf7cff4d3dfcfdfcfa2023e44324_e5e41175/builds/release/bin/translate/translate.py domain.pddl problem.pddl --sas-file output.sas
Parsing...
Parsing: [0.150s CPU, 0.141s wall-clock]
Normalizing task... [0.010s CPU, 0.011s wall-clock]
Instantiating...
Generating Datalog program... [0.020s CPU, 0.023s wall-clock]
Normalizing Datalog program...
Normalizing Datalog program: [0.050s CPU, 0.053s wall-clock]
Preparing model... [0.120s CPU, 0.116s wall-clock]
Generated 3054 rules.
Computing model... [11.880s CPU, 12.005s wall-clock]
316307 relevant atoms
461382 auxiliary atoms
777689 final queue length
1388431 total queue pushes
Completing instantiation... [21.100s CPU, 21.159s wall-clock]
Instantiating: [34.010s CPU, 34.216s wall-clock]
Computing fact groups...
Finding invariants...
10 initial candidates
Finding invariants: [0.150s CPU, 0.144s wall-clock]
Checking invariant weight... [0.000s CPU, 0.009s wall-clock]
Instantiating groups... [0.010s CPU, 0.005s wall-clock]
Collecting mutex groups... [0.000s CPU, 0.002s wall-clock]
Choosing groups...
348 uncovered facts
Choosing groups: [0.000s CPU, 0.005s wall-clock]
Building translation key... [0.000s CPU, 0.002s wall-clock]
Computing fact groups: [0.180s CPU, 0.179s wall-clock]
Building STRIPS to SAS dictionary... [0.000s CPU, 0.002s wall-clock]
Building dictionary for full mutex groups... [0.000s CPU, 0.003s wall-clock]
Building mutex information...
Building mutex information: [0.010s CPU, 0.002s wall-clock]
Translating task...
Processing axioms...
Simplifying axioms... [0.000s CPU, 0.000s wall-clock]
Translator axioms removed by simplifying: 0
Computing negative axioms... [0.000s CPU, 0.000s wall-clock]
Processing axioms: [0.610s CPU, 0.619s wall-clock]
Translating task: [14.470s CPU, 14.474s wall-clock]
0 effect conditions simplified
0 implied preconditions added
Detecting unreachable propositions...
0 operators removed
0 axioms removed
392 propositions removed
Detecting unreachable propositions: [9.780s CPU, 9.798s wall-clock]
Reordering and filtering variables...
740 of 740 variables necessary.
0 of 783 mutex groups necessary.
306501 of 306501 operators necessary.
0 of 0 axiom rules necessary.
Reordering and filtering variables: [1.850s CPU, 1.857s wall-clock]
Translator variables: 740
Translator derived variables: 0
Translator facts: 2261
Translator goal facts: 391
Translator mutex groups: 0
Translator total mutex groups size: 0
Translator operators: 306501
Translator axioms: 0
Translator task size: 3144755
Translator peak memory: 1662072 KB
Writing output... [2.140s CPU, 2.134s wall-clock]
Done! [63.320s CPU, 63.543s wall-clock]
translate exit code: 0

INFO     Running search (release).
INFO     search stdin: output.sas
INFO     search time limit: 836s
INFO     search memory limit: 3584 MB
INFO     search command line string: /usr/local/downward-projects/downward/experiments/src/thesis/data/thesis-thesis_exp/code-f7a4f68fd467cf7cff4d3dfcfdfcfa2023e44324_e5e41175/builds/release/bin/downward --evaluator 'h=ff()' --search 'eager(alt([type_based([h, g()], random_seed=-1), single(h)]))' --internal-plan-file sas_plan < output.sas
[t=0s, 11000 KB] reading input...
[t=1.21527s, 110612 KB] done reading input!
[t=1.33113s, 154856 KB] Simplifying 612263 unary operators... done! [612263 unary operators]
[t=2.15034s, 217784 KB] time to simplify: 0.81921s
[t=2.19817s, 240748 KB] Initializing additive heuristic...
[t=2.19976s, 240748 KB] Initializing FF heuristic...
[t=2.1998s, 240748 KB] Building successor generator...done!
[t=2.40972s, 240748 KB] peak memory difference for successor generator creation: 0 KB
[t=2.40985s, 240748 KB] time for successor generation creation: 0.206086s
[t=2.40987s, 240748 KB] Variables: 740
[t=2.40992s, 240748 KB] FactPairs: 2261
[t=2.40994s, 240748 KB] Bytes per state: 144
[t=2.40997s, 240748 KB] Conducting best first search without reopening closed nodes, (real) bound = 2147483647
[t=2.43388s, 240748 KB] New best heuristic value for ff(): 1
[t=2.43554s, 240748 KB] g=0, 1 evaluated, 0 expanded
[t=2.43557s, 240748 KB] Initial heuristic value for ff(): 1
[t=2.4356s, 240748 KB] pruning method: none
[t=2.43563s, 240748 KB] Start Timestep: 1684275677209 millisecond(s).
[t=2.45778s, 240748 KB] New best heuristic value for ff(): 0
[t=2.46063s, 240748 KB] g=1, 2 evaluated, 1 expanded
Peak memory: 240748 KB
caught signal 24 -- exiting
Time limit has been reached.
Remove intermediate file output.sas
search exit code: 23

Driver aborting after search
INFO     Planner time: 894.19s
