INFO     planner time limit: 600s
INFO     planner memory limit: 3584 MB

INFO     Running translator.
INFO     translator stdin: None
INFO     translator time limit: 599s
INFO     translator memory limit: 3584 MB
INFO     translator command line string: /usr/local/downward-projects/downward/experiments/src/thesis/.venv/bin/python3 /usr/local/downward-projects/downward/experiments/src/thesis/data/thesis-thesis_exp/code-84c08dfff1890fbf6247184940c8166177195ea1_e5e41175/builds/release/bin/translate/translate.py domain.pddl problem.pddl --sas-file output.sas
Parsing...
Parsing: [0.010s CPU, 0.002s wall-clock]
Normalizing task... [0.000s CPU, 0.000s wall-clock]
Instantiating...
Generating Datalog program... [0.000s CPU, 0.001s wall-clock]
Normalizing Datalog program...
Normalizing Datalog program: [0.000s CPU, 0.002s wall-clock]
Preparing model... [0.000s CPU, 0.002s wall-clock]
Generated 41 rules.
Computing model... [0.060s CPU, 0.052s wall-clock]
11387 relevant atoms
1348 auxiliary atoms
12735 final queue length
24577 total queue pushes
Completing instantiation... [0.310s CPU, 0.321s wall-clock]
Instantiating: [0.370s CPU, 0.381s wall-clock]
Computing fact groups...
Finding invariants...
18 initial candidates
Finding invariants: [0.000s CPU, 0.004s wall-clock]
Checking invariant weight... [0.010s CPU, 0.001s wall-clock]
Instantiating groups... [0.000s CPU, 0.002s wall-clock]
Collecting mutex groups... [0.000s CPU, 0.000s wall-clock]
Choosing groups...
78 uncovered facts
Choosing groups: [0.000s CPU, 0.000s wall-clock]
Building translation key... [0.000s CPU, 0.000s wall-clock]
Computing fact groups: [0.010s CPU, 0.009s wall-clock]
Building STRIPS to SAS dictionary... [0.000s CPU, 0.000s wall-clock]
Building dictionary for full mutex groups... [0.000s CPU, 0.000s wall-clock]
Building mutex information...
Building mutex information: [0.000s CPU, 0.000s wall-clock]
Translating task...
Processing axioms...
Simplifying axioms... [0.000s CPU, 0.000s wall-clock]
Translator axioms removed by simplifying: 0
Computing negative axioms... [0.000s CPU, 0.000s wall-clock]
Processing axioms: [0.010s CPU, 0.014s wall-clock]
Translating task: [0.400s CPU, 0.396s wall-clock]
17904 effect conditions simplified
0 implied preconditions added
Detecting unreachable propositions...
0 operators removed
0 axioms removed
4 propositions removed
Detecting unreachable propositions: [0.300s CPU, 0.310s wall-clock]
Reordering and filtering variables...
106 of 106 variables necessary.
24 of 76 mutex groups necessary.
10824 of 10824 operators necessary.
0 of 0 axiom rules necessary.
Reordering and filtering variables: [0.060s CPU, 0.055s wall-clock]
Translator variables: 106
Translator derived variables: 0
Translator facts: 340
Translator goal facts: 18
Translator mutex groups: 24
Translator total mutex groups size: 48
Translator operators: 10824
Translator axioms: 0
Translator task size: 74192
Translator peak memory: 73916 KB
Writing output... [0.050s CPU, 0.054s wall-clock]
Done! [1.210s CPU, 1.227s wall-clock]
translate exit code: 0

INFO     Running search (release).
INFO     search stdin: output.sas
INFO     search time limit: 598s
INFO     search memory limit: 3584 MB
INFO     search command line string: /usr/local/downward-projects/downward/experiments/src/thesis/data/thesis-thesis_exp/code-84c08dfff1890fbf6247184940c8166177195ea1_e5e41175/builds/release/bin/downward --evaluator 'h=ff()' --search 'eager(partition(h, h_partition(), inter_uniform(), intra_uniform() )) ' --internal-plan-file sas_plan < output.sas
[t=0.00210352s, 11732 KB] reading input...
[t=0.0376904s, 15256 KB] done reading input!
[t=0.0439474s, 17116 KB] Simplifying 31632 unary operators... done! [26664 unary operators]
[t=0.0648601s, 19424 KB] time to simplify: 0.022134s
[t=0.0669568s, 19424 KB] Initializing additive heuristic...
[t=0.0674171s, 19424 KB] Initializing FF heuristic...
[t=0.0674443s, 19424 KB] Building successor generator...done!
[t=0.0709185s, 19424 KB] peak memory difference for successor generator creation: 0 KB
[t=0.0709864s, 19424 KB] time for successor generation creation: 0.0024643s
[t=0.0710206s, 19424 KB] Variables: 106
[t=0.0712609s, 19424 KB] FactPairs: 340
[t=0.0712852s, 19424 KB] Bytes per state: 20
[t=0.0713075s, 19424 KB] Conducting best first search without reopening closed nodes, (real) bound = 2147483647
[t=0.0713672s, 19424 KB] New best heuristic value for ff(): 24
[t=0.0717947s, 19424 KB] g=0, 1 evaluated, 0 expanded
[t=0.0718258s, 19424 KB] Initial heuristic value for ff(): 24
[t=0.0718559s, 19424 KB] pruning method: none
[t=0.0718798s, 19424 KB] Start Timestep: 1693635300944 millisecond(s).
[t=0.134004s, 19424 KB] New best heuristic value for ff(): 22
[t=0.134552s, 19424 KB] g=1, 290 evaluated, 1 expanded
[t=280.133s, 28956 KB] New best heuristic value for ff(): 21
[t=280.134s, 28956 KB] g=2, 39325 evaluated, 6 expanded
Peak memory: 33364 KB
caught signal 24 -- exiting
Time limit has been reached.
Remove intermediate file output.sas
search exit code: 23

Driver aborting after search
INFO     Planner time: 598.04s
