INFO     planner time limit: 600s
INFO     planner memory limit: 3584 MB

INFO     Running translator.
INFO     translator stdin: None
INFO     translator time limit: 599s
INFO     translator memory limit: 3584 MB
INFO     translator command line string: /usr/local/downward-projects/downward/experiments/src/thesis/.venv/bin/python3 /usr/local/downward-projects/downward/experiments/src/thesis/data/thesis-thesis_exp/code-84c08dfff1890fbf6247184940c8166177195ea1_e5e41175/builds/release/bin/translate/translate.py domain.pddl problem.pddl --sas-file output.sas
Parsing...
Parsing: [0.010s CPU, 0.002s wall-clock]
Normalizing task... [0.000s CPU, 0.000s wall-clock]
Instantiating...
Generating Datalog program... [0.000s CPU, 0.000s wall-clock]
Normalizing Datalog program...
Normalizing Datalog program: [0.000s CPU, 0.003s wall-clock]
Preparing model... [0.000s CPU, 0.001s wall-clock]
Generated 74 rules.
Computing model... [0.050s CPU, 0.057s wall-clock]
6150 relevant atoms
1788 auxiliary atoms
7938 final queue length
28444 total queue pushes
Completing instantiation... [0.230s CPU, 0.224s wall-clock]
Instantiating: [0.290s CPU, 0.288s wall-clock]
Computing fact groups...
Finding invariants...
16 initial candidates
Finding invariants: [0.010s CPU, 0.007s wall-clock]
Checking invariant weight... [0.000s CPU, 0.000s wall-clock]
Instantiating groups... [0.000s CPU, 0.000s wall-clock]
Collecting mutex groups... [0.000s CPU, 0.000s wall-clock]
Choosing groups...
0 uncovered facts
Choosing groups: [0.000s CPU, 0.000s wall-clock]
Building translation key... [0.000s CPU, 0.000s wall-clock]
Computing fact groups: [0.010s CPU, 0.008s wall-clock]
Building STRIPS to SAS dictionary... [0.000s CPU, 0.000s wall-clock]
Building dictionary for full mutex groups... [0.000s CPU, 0.000s wall-clock]
Building mutex information...
Building mutex information: [0.000s CPU, 0.000s wall-clock]
Translating task...
Processing axioms...
Simplifying axioms... [0.000s CPU, 0.000s wall-clock]
Translator axioms removed by simplifying: 0
Computing negative axioms... [0.000s CPU, 0.000s wall-clock]
Processing axioms: [0.010s CPU, 0.009s wall-clock]
Translating task: [0.180s CPU, 0.182s wall-clock]
0 effect conditions simplified
0 implied preconditions added
Detecting unreachable propositions...
0 operators removed
0 axioms removed
12 propositions removed
Detecting unreachable propositions: [0.070s CPU, 0.070s wall-clock]
Reordering and filtering variables...
12 of 12 variables necessary.
0 of 12 mutex groups necessary.
4168 of 4168 operators necessary.
0 of 0 axiom rules necessary.
Reordering and filtering variables: [0.030s CPU, 0.026s wall-clock]
Translator variables: 12
Translator derived variables: 0
Translator facts: 74
Translator goal facts: 2
Translator mutex groups: 0
Translator total mutex groups size: 0
Translator operators: 4168
Translator axioms: 0
Translator task size: 35136
Translator peak memory: 56828 KB
Writing output... [0.020s CPU, 0.024s wall-clock]
Done! [0.620s CPU, 0.612s wall-clock]
translate exit code: 0

INFO     Running search (release).
INFO     search stdin: output.sas
INFO     search time limit: 599s
INFO     search memory limit: 3584 MB
INFO     search command line string: /usr/local/downward-projects/downward/experiments/src/thesis/data/thesis-thesis_exp/code-84c08dfff1890fbf6247184940c8166177195ea1_e5e41175/builds/release/bin/downward --evaluator 'h=ff()' --search 'eager(partition(h, h_partition(), inter_uniform(), intra_uniform() )) ' --internal-plan-file sas_plan < output.sas
[t=0.00278557s, 11732 KB] reading input...
[t=0.0187279s, 13180 KB] done reading input!
[t=0.0226781s, 14448 KB] Simplifying 13960 unary operators... done! [1528 unary operators]
[t=0.0307107s, 14868 KB] time to simplify: 0.00803256s
[t=0.0311617s, 14868 KB] Initializing additive heuristic...
[t=0.0312386s, 14868 KB] Initializing FF heuristic...
[t=0.0312644s, 14868 KB] Building successor generator...done!
[t=0.0323511s, 14868 KB] peak memory difference for successor generator creation: 0 KB
[t=0.032426s, 14868 KB] time for successor generation creation: 0s
[t=0.0324529s, 14868 KB] Variables: 12
[t=0.0325293s, 14868 KB] FactPairs: 74
[t=0.0325544s, 14868 KB] Bytes per state: 4
[t=0.032579s, 14868 KB] Conducting best first search without reopening closed nodes, (real) bound = 2147483647
[t=0.0326388s, 14868 KB] New best heuristic value for ff(): 39
[t=0.0327069s, 14868 KB] g=0, 1 evaluated, 0 expanded
[t=0.0327408s, 14868 KB] Initial heuristic value for ff(): 39
[t=0.0327716s, 14868 KB] pruning method: none
[t=0.0328024s, 14868 KB] Start Timestep: 1693611790832 millisecond(s).
[t=0.0328503s, 14868 KB] New best heuristic value for ff(): 38
[t=0.0329426s, 14868 KB] g=1, 3 evaluated, 1 expanded
[t=0.0505507s, 14868 KB] New best heuristic value for ff(): 37
[t=0.052243s, 14868 KB] g=2, 396 evaluated, 2 expanded
[t=0.0522751s, 14868 KB] New best heuristic value for ff(): 36
[t=0.0523841s, 14868 KB] g=2, 397 evaluated, 2 expanded
[t=0.158228s, 14868 KB] New best heuristic value for ff(): 35
[t=0.159302s, 14868 KB] g=3, 1178 evaluated, 13 expanded
[t=547.544s, 29756 KB] New best heuristic value for ff(): 32
[t=547.544s, 29756 KB] g=6, 47966 evaluated, 1540 expanded
Peak memory: 30288 KB
caught signal 24 -- exiting
Time limit has been reached.
Remove intermediate file output.sas
search exit code: 23

Driver aborting after search
INFO     Planner time: 599.57s
