INFO     planner time limit: 600s
INFO     planner memory limit: 3584 MB

INFO     Running translator.
INFO     translator stdin: None
INFO     translator time limit: 599s
INFO     translator memory limit: 3584 MB
INFO     translator command line string: /usr/local/downward-projects/downward/experiments/src/thesis/.venv/bin/python3 /usr/local/downward-projects/downward/experiments/src/thesis/data/thesis-thesis_exp/code-84c08dfff1890fbf6247184940c8166177195ea1_e5e41175/builds/release/bin/translate/translate.py domain.pddl problem.pddl --sas-file output.sas
Parsing...
Parsing: [0.000s CPU, 0.002s wall-clock]
Normalizing task... [0.000s CPU, 0.000s wall-clock]
Instantiating...
Generating Datalog program... [0.000s CPU, 0.001s wall-clock]
Normalizing Datalog program...
Normalizing Datalog program: [0.000s CPU, 0.002s wall-clock]
Preparing model... [0.000s CPU, 0.001s wall-clock]
Generated 41 rules.
Computing model... [0.020s CPU, 0.022s wall-clock]
4439 relevant atoms
773 auxiliary atoms
5212 final queue length
9590 total queue pushes
Completing instantiation... [0.100s CPU, 0.101s wall-clock]
Instantiating: [0.120s CPU, 0.128s wall-clock]
Computing fact groups...
Finding invariants...
18 initial candidates
Finding invariants: [0.010s CPU, 0.003s wall-clock]
Checking invariant weight... [0.000s CPU, 0.001s wall-clock]
Instantiating groups... [0.000s CPU, 0.001s wall-clock]
Collecting mutex groups... [0.000s CPU, 0.000s wall-clock]
Choosing groups...
56 uncovered facts
Choosing groups: [0.000s CPU, 0.000s wall-clock]
Building translation key... [0.000s CPU, 0.000s wall-clock]
Computing fact groups: [0.010s CPU, 0.006s wall-clock]
Building STRIPS to SAS dictionary... [0.000s CPU, 0.000s wall-clock]
Building dictionary for full mutex groups... [0.000s CPU, 0.000s wall-clock]
Building mutex information...
Building mutex information: [0.000s CPU, 0.000s wall-clock]
Translating task...
Processing axioms...
Simplifying axioms... [0.000s CPU, 0.000s wall-clock]
Translator axioms removed by simplifying: 0
Computing negative axioms... [0.000s CPU, 0.000s wall-clock]
Processing axioms: [0.000s CPU, 0.005s wall-clock]
Translating task: [0.150s CPU, 0.148s wall-clock]
6596 effect conditions simplified
0 implied preconditions added
Detecting unreachable propositions...
0 operators removed
0 axioms removed
3 propositions removed
Detecting unreachable propositions: [0.050s CPU, 0.053s wall-clock]
Reordering and filtering variables...
76 of 76 variables necessary.
17 of 54 mutex groups necessary.
4048 of 4048 operators necessary.
0 of 0 axiom rules necessary.
Reordering and filtering variables: [0.020s CPU, 0.021s wall-clock]
Translator variables: 76
Translator derived variables: 0
Translator facts: 226
Translator goal facts: 13
Translator mutex groups: 17
Translator total mutex groups size: 34
Translator operators: 4048
Translator axioms: 0
Translator task size: 27742
Translator peak memory: 47700 KB
Writing output... [0.020s CPU, 0.020s wall-clock]
Done! [0.380s CPU, 0.386s wall-clock]
translate exit code: 0

INFO     Running search (release).
INFO     search stdin: output.sas
INFO     search time limit: 599s
INFO     search memory limit: 3584 MB
INFO     search command line string: /usr/local/downward-projects/downward/experiments/src/thesis/data/thesis-thesis_exp/code-84c08dfff1890fbf6247184940c8166177195ea1_e5e41175/builds/release/bin/downward --evaluator 'h=ff()' --search 'eager(partition(h, hi_partition(), inter_uniform(), intra_uniform() )) ' --internal-plan-file sas_plan < output.sas
[t=0s, 11732 KB] reading input...
[t=0.011966s, 13036 KB] done reading input!
[t=0.0159008s, 14144 KB] Simplifying 11732 unary operators... done! [9947 unary operators]
[t=0.0248222s, 14756 KB] time to simplify: 0.00892143s
[t=0.0253445s, 14756 KB] Initializing additive heuristic...
[t=0.025523s, 14756 KB] Initializing FF heuristic...
[t=0.0255506s, 14756 KB] Building successor generator...done!
[t=0.0269591s, 14756 KB] peak memory difference for successor generator creation: 0 KB
[t=0.0270238s, 14756 KB] time for successor generation creation: 0s
[t=0.0270496s, 14756 KB] Variables: 76
[t=0.0271216s, 14756 KB] FactPairs: 226
[t=0.0271446s, 14756 KB] Bytes per state: 16
[t=0.0271684s, 14756 KB] Conducting best first search without reopening closed nodes, (real) bound = 2147483647
[t=0.0272233s, 14756 KB] New best heuristic value for ff(): 19
[t=0.0273437s, 14756 KB] g=0, 1 evaluated, 0 expanded
[t=0.0273683s, 14756 KB] Initial heuristic value for ff(): 19
[t=0.0273976s, 14756 KB] pruning method: none
[t=0.027422s, 14756 KB] Start Timestep: 1693694574730 millisecond(s).
[t=0.035568s, 14756 KB] New best heuristic value for ff(): 17
[t=0.0388621s, 14756 KB] g=1, 156 evaluated, 1 expanded
[t=0.791427s, 14888 KB] New best heuristic value for ff(): 16
[t=0.794486s, 14888 KB] g=2, 3312 evaluated, 2 expanded
[t=231.387s, 25792 KB] New best heuristic value for ff(): 15
[t=231.387s, 25792 KB] g=3, 52810 evaluated, 22 expanded
Peak memory: 29988 KB
caught signal 24 -- exiting
Time limit has been reached.
Remove intermediate file output.sas
search exit code: 23

Driver aborting after search
INFO     Planner time: 598.35s
