INFO     planner time limit: 900s
INFO     planner memory limit: 3584 MB

INFO     Running translator.
INFO     translator stdin: None
INFO     translator time limit: 899s
INFO     translator memory limit: 3584 MB
INFO     translator command line string: /usr/local/downward-projects/downward/experiments/.venv/bin/python3 /usr/local/downward-projects/downward/experiments/src/thesis/data/thesis-thesis_exp/code-f7a4f68fd467cf7cff4d3dfcfdfcfa2023e44324_e5e41175/builds/release/bin/translate/translate.py domain.pddl problem.pddl --sas-file output.sas
Parsing...
Parsing: [0.000s CPU, 0.002s wall-clock]
Normalizing task... [0.000s CPU, 0.000s wall-clock]
Instantiating...
Generating Datalog program... [0.000s CPU, 0.001s wall-clock]
Normalizing Datalog program...
Normalizing Datalog program: [0.010s CPU, 0.003s wall-clock]
Preparing model... [0.000s CPU, 0.001s wall-clock]
Generated 74 rules.
Computing model... [2.090s CPU, 2.097s wall-clock]
214673 relevant atoms
16581 auxiliary atoms
231254 final queue length
972733 total queue pushes
Completing instantiation... [11.890s CPU, 11.959s wall-clock]
Instantiating: [14.070s CPU, 14.142s wall-clock]
Computing fact groups...
Finding invariants...
16 initial candidates
Finding invariants: [0.150s CPU, 0.146s wall-clock]
Checking invariant weight... [0.000s CPU, 0.000s wall-clock]
Instantiating groups... [0.000s CPU, 0.001s wall-clock]
Collecting mutex groups... [0.000s CPU, 0.000s wall-clock]
Choosing groups...
0 uncovered facts
Choosing groups: [0.000s CPU, 0.001s wall-clock]
Building translation key... [0.000s CPU, 0.000s wall-clock]
Computing fact groups: [0.150s CPU, 0.149s wall-clock]
Building STRIPS to SAS dictionary... [0.000s CPU, 0.000s wall-clock]
Building dictionary for full mutex groups... [0.000s CPU, 0.000s wall-clock]
Building mutex information...
Building mutex information: [0.000s CPU, 0.000s wall-clock]
Translating task...
Processing axioms...
Simplifying axioms... [0.000s CPU, 0.000s wall-clock]
Translator axioms removed by simplifying: 0
Computing negative axioms... [0.000s CPU, 0.000s wall-clock]
Processing axioms: [0.310s CPU, 0.307s wall-clock]
Translating task: [6.390s CPU, 6.399s wall-clock]
0 effect conditions simplified
0 implied preconditions added
Detecting unreachable propositions...
0 operators removed
0 axioms removed
21 propositions removed
Detecting unreachable propositions: [4.750s CPU, 4.788s wall-clock]
Reordering and filtering variables...
21 of 21 variables necessary.
0 of 21 mutex groups necessary.
161924 of 161924 operators necessary.
0 of 0 axiom rules necessary.
Reordering and filtering variables: [1.000s CPU, 1.006s wall-clock]
Translator variables: 21
Translator derived variables: 0
Translator facts: 346
Translator goal facts: 2
Translator mutex groups: 0
Translator total mutex groups size: 0
Translator operators: 161924
Translator axioms: 0
Translator task size: 1375749
Translator peak memory: 943444 KB
Writing output... [0.960s CPU, 0.972s wall-clock]
Done! [27.730s CPU, 27.867s wall-clock]
translate exit code: 0

INFO     Running search (release).
INFO     search stdin: output.sas
INFO     search time limit: 872s
INFO     search memory limit: 3584 MB
INFO     search command line string: /usr/local/downward-projects/downward/experiments/src/thesis/data/thesis-thesis_exp/code-f7a4f68fd467cf7cff4d3dfcfdfcfa2023e44324_e5e41175/builds/release/bin/downward --evaluator 'h=ff()' --search 'eager(alt([lwm_based_type(h), single(h)]))' --internal-plan-file sas_plan < output.sas
[t=0.00105229s, 11000 KB] reading input...
[t=0.650287s, 68284 KB] done reading input!
[t=0.732247s, 108356 KB] Simplifying 552516 unary operators... done! [54348 unary operators]
[t=1.44474s, 135320 KB] time to simplify: 0.712495s
[t=1.44574s, 135320 KB] Initializing additive heuristic...
[t=1.44662s, 135320 KB] Initializing FF heuristic...
[t=1.44664s, 135320 KB] Building successor generator...done!
[t=1.49774s, 135320 KB] peak memory difference for successor generator creation: 0 KB
[t=1.49786s, 135320 KB] time for successor generation creation: 0.0505073s
[t=1.5003s, 135320 KB] Variables: 21
[t=1.50133s, 135320 KB] FactPairs: 346
[t=1.50135s, 135320 KB] Bytes per state: 16
[t=1.50138s, 135320 KB] Conducting best first search without reopening closed nodes, (real) bound = 2147483647
[t=1.50232s, 135320 KB] New best heuristic value for ff(): 117
[t=1.50271s, 135320 KB] g=0, 1 evaluated, 0 expanded
[t=1.50274s, 135320 KB] Initial heuristic value for ff(): 117
[t=1.50277s, 135320 KB] pruning method: none
[t=1.5028s, 135320 KB] Start Timestep: 1684327246023 millisecond(s).
[t=1.50331s, 135320 KB] New best heuristic value for ff(): 116
[t=1.50368s, 135320 KB] g=1, 2 evaluated, 1 expanded
[t=3.95469s, 135320 KB] New best heuristic value for ff(): 115
[t=3.95545s, 135320 KB] g=2, 3778 evaluated, 2 expanded
[t=5.6607s, 135320 KB] New best heuristic value for ff(): 112
[t=5.66136s, 135320 KB] g=3, 6382 evaluated, 4 expanded
[t=6.96742s, 135320 KB] New best heuristic value for ff(): 110
[t=6.96855s, 135320 KB] g=5, 8385 evaluated, 8 expanded
[t=9.05674s, 135320 KB] New best heuristic value for ff(): 109
[t=9.06014s, 135320 KB] g=7, 11594 evaluated, 16 expanded
[t=10.2154s, 135320 KB] New best heuristic value for ff(): 107
[t=10.2177s, 135320 KB] g=9, 13410 evaluated, 20 expanded
[t=12.5371s, 135320 KB] New best heuristic value for ff(): 106
[t=12.5397s, 135320 KB] g=11, 17032 evaluated, 28 expanded
[t=14.0313s, 135320 KB] New best heuristic value for ff(): 104
[t=14.0349s, 135320 KB] g=13, 19372 evaluated, 32 expanded
[t=15.9094s, 135320 KB] New best heuristic value for ff(): 103
[t=15.9121s, 135320 KB] g=15, 22283 evaluated, 40 expanded
[t=16.4804s, 135320 KB] New best heuristic value for ff(): 101
[t=16.4827s, 135320 KB] g=17, 23181 evaluated, 44 expanded
[t=17.2075s, 135320 KB] New best heuristic value for ff(): 100
[t=17.2113s, 135320 KB] g=19, 24310 evaluated, 52 expanded
[t=17.535s, 135320 KB] New best heuristic value for ff(): 98
[t=17.5381s, 135320 KB] g=21, 24820 evaluated, 56 expanded
[t=19.0963s, 135320 KB] New best heuristic value for ff(): 97
[t=19.0988s, 135320 KB] g=23, 27266 evaluated, 64 expanded
[t=20.6568s, 135320 KB] New best heuristic value for ff(): 95
[t=20.657s, 135320 KB] g=25, 29701 evaluated, 68 expanded
[t=21.3723s, 135320 KB] New best heuristic value for ff(): 94
[t=21.3757s, 135320 KB] g=27, 30826 evaluated, 76 expanded
[t=21.5881s, 135320 KB] New best heuristic value for ff(): 92
[t=21.5897s, 135320 KB] g=29, 31166 evaluated, 80 expanded
[t=22.3667s, 135320 KB] New best heuristic value for ff(): 91
[t=22.368s, 135320 KB] g=31, 32379 evaluated, 88 expanded
[t=22.5585s, 135320 KB] New best heuristic value for ff(): 89
[t=22.5613s, 135320 KB] g=33, 32687 evaluated, 92 expanded
[t=23.2736s, 135320 KB] New best heuristic value for ff(): 88
[t=23.2775s, 135320 KB] g=35, 33795 evaluated, 100 expanded
[t=24.2642s, 135320 KB] New best heuristic value for ff(): 86
[t=24.2665s, 135320 KB] g=37, 35314 evaluated, 104 expanded
[t=26.1817s, 135320 KB] New best heuristic value for ff(): 85
[t=26.1854s, 135320 KB] g=39, 38282 evaluated, 112 expanded
[t=26.8332s, 135320 KB] New best heuristic value for ff(): 83
[t=26.8363s, 135320 KB] g=41, 39302 evaluated, 116 expanded
[t=27.8959s, 135320 KB] New best heuristic value for ff(): 82
[t=27.8968s, 135320 KB] g=43, 40951 evaluated, 124 expanded
[t=28.3471s, 135320 KB] New best heuristic value for ff(): 80
[t=28.3479s, 135320 KB] g=45, 41652 evaluated, 128 expanded
[t=29.1864s, 135320 KB] New best heuristic value for ff(): 79
[t=29.1886s, 135320 KB] g=47, 42959 evaluated, 136 expanded
[t=29.7981s, 135320 KB] New best heuristic value for ff(): 77
[t=29.8001s, 135320 KB] g=49, 43914 evaluated, 140 expanded
[t=31.1003s, 135320 KB] New best heuristic value for ff(): 76
[t=31.1006s, 135320 KB] g=51, 45934 evaluated, 148 expanded
[t=31.8916s, 135320 KB] New best heuristic value for ff(): 74
[t=31.892s, 135320 KB] g=53, 47164 evaluated, 152 expanded
[t=33.7838s, 135320 KB] New best heuristic value for ff(): 73
[t=33.7862s, 135320 KB] g=55, 50130 evaluated, 160 expanded
[t=34.7585s, 135320 KB] New best heuristic value for ff(): 71
[t=34.7591s, 135320 KB] g=57, 51633 evaluated, 164 expanded
[t=35.6296s, 135320 KB] New best heuristic value for ff(): 70
[t=35.6332s, 135320 KB] g=59, 52998 evaluated, 172 expanded
[t=35.8294s, 135320 KB] New best heuristic value for ff(): 68
[t=35.8298s, 135320 KB] g=61, 53312 evaluated, 176 expanded
[t=37.2562s, 135320 KB] New best heuristic value for ff(): 67
[t=37.2582s, 135320 KB] g=63, 55546 evaluated, 184 expanded
[t=63.0463s, 135320 KB] New best heuristic value for ff(): 66
[t=63.0465s, 135320 KB] g=66, 95117 evaluated, 462 expanded
Peak memory: 343644 KB
caught signal 24 -- exiting
Time limit has been reached.
Remove intermediate file output.sas
search exit code: 23

Driver aborting after search
INFO     Planner time: 896.20s
