INFO     planner time limit: 600s
INFO     planner memory limit: 3584 MB

INFO     Running translator.
INFO     translator stdin: None
INFO     translator time limit: 599s
INFO     translator memory limit: 3584 MB
INFO     translator command line string: /usr/local/downward-projects/downward/experiments/src/thesis/.venv/bin/python3 /usr/local/downward-projects/downward/experiments/src/thesis/data/thesis-thesis_exp/code-84c08dfff1890fbf6247184940c8166177195ea1_e5e41175/builds/release/bin/translate/translate.py domain.pddl problem.pddl --sas-file output.sas
Parsing...
Parsing: [0.070s CPU, 0.076s wall-clock]
Normalizing task... [0.010s CPU, 0.005s wall-clock]
Instantiating...
Generating Datalog program... [0.050s CPU, 0.055s wall-clock]
Normalizing Datalog program...
Normalizing Datalog program: [0.000s CPU, 0.003s wall-clock]
Preparing model... [0.130s CPU, 0.130s wall-clock]
Generated 6 rules.
Computing model... [0.320s CPU, 0.325s wall-clock]
40321 relevant atoms
15456 auxiliary atoms
55777 final queue length
74147 total queue pushes
Completing instantiation... [0.440s CPU, 0.438s wall-clock]
Instantiating: [0.950s CPU, 0.974s wall-clock]
Computing fact groups...
Finding invariants...
4 initial candidates
Finding invariants: [0.010s CPU, 0.003s wall-clock]
Checking invariant weight... [0.000s CPU, 0.005s wall-clock]
Instantiating groups... [0.010s CPU, 0.006s wall-clock]
Collecting mutex groups... [0.010s CPU, 0.005s wall-clock]
Choosing groups...
3136 uncovered facts
Choosing groups: [0.010s CPU, 0.009s wall-clock]
Building translation key... [0.010s CPU, 0.010s wall-clock]
Computing fact groups: [0.080s CPU, 0.080s wall-clock]
Building STRIPS to SAS dictionary... [0.010s CPU, 0.007s wall-clock]
Building dictionary for full mutex groups... [0.010s CPU, 0.005s wall-clock]
Building mutex information...
Building mutex information: [0.000s CPU, 0.004s wall-clock]
Translating task...
Processing axioms...
Simplifying axioms... [0.000s CPU, 0.000s wall-clock]
Translator axioms removed by simplifying: 0
Computing negative axioms... [0.000s CPU, 0.000s wall-clock]
Processing axioms: [0.010s CPU, 0.014s wall-clock]
Translating task: [0.330s CPU, 0.332s wall-clock]
0 effect conditions simplified
0 implied preconditions added
Detecting unreachable propositions...
0 operators removed
0 axioms removed
3 propositions removed
Detecting unreachable propositions: [0.420s CPU, 0.418s wall-clock]
Reordering and filtering variables...
3136 of 3136 variables necessary.
0 of 1 mutex groups necessary.
12320 of 12320 operators necessary.
0 of 0 axiom rules necessary.
Reordering and filtering variables: [0.040s CPU, 0.048s wall-clock]
Translator variables: 3136
Translator derived variables: 0
Translator facts: 9406
Translator goal facts: 3135
Translator mutex groups: 0
Translator total mutex groups size: 0
Translator operators: 12320
Translator axioms: 0
Translator task size: 64953
Translator peak memory: 86968 KB
Writing output... [0.060s CPU, 0.060s wall-clock]
Done! [2.010s CPU, 2.036s wall-clock]
translate exit code: 0

INFO     Running search (release).
INFO     search stdin: output.sas
INFO     search time limit: 597s
INFO     search memory limit: 3584 MB
INFO     search command line string: /usr/local/downward-projects/downward/experiments/src/thesis/data/thesis-thesis_exp/code-84c08dfff1890fbf6247184940c8166177195ea1_e5e41175/builds/release/bin/downward --evaluator 'h=ff()' --search 'eager(partition(h, lwm_partition(), inter_uniform(), intra_uniform() )) ' --internal-plan-file sas_plan < output.sas
[t=0.00105063s, 11732 KB] reading input...
[t=0.0450999s, 16460 KB] done reading input!
[t=0.0503035s, 17844 KB] Simplifying 24636 unary operators... done! [24636 unary operators]
[t=0.0598538s, 20032 KB] time to simplify: 0.0105771s
[t=0.0618017s, 20032 KB] Initializing additive heuristic...
[t=0.0620792s, 20032 KB] Initializing FF heuristic...
[t=0.0621084s, 20032 KB] Building successor generator...done!
[t=0.0643158s, 20032 KB] peak memory difference for successor generator creation: 0 KB
[t=0.0643883s, 20032 KB] time for successor generation creation: 0.00141433s
[t=0.0644139s, 20032 KB] Variables: 3136
[t=0.064701s, 20032 KB] FactPairs: 9406
[t=0.0647265s, 20032 KB] Bytes per state: 396
[t=0.064752s, 20032 KB] Conducting best first search without reopening closed nodes, (real) bound = 2147483647
[t=0.0648176s, 20032 KB] New best heuristic value for ff(): 3135
[t=0.0656535s, 20032 KB] g=0, 1 evaluated, 0 expanded
[t=0.0656821s, 20032 KB] Initial heuristic value for ff(): 3135
[t=0.0657182s, 20032 KB] pruning method: none
[t=0.0657437s, 20032 KB] Start Timestep: 1693688191910 millisecond(s).
[t=0.068838s, 20032 KB] New best heuristic value for ff(): 3134
[t=0.0689128s, 20032 KB] g=2, 7 evaluated, 2 expanded
[t=0.125539s, 20032 KB] New best heuristic value for ff(): 3133
[t=0.12575s, 20032 KB] g=6, 122 evaluated, 34 expanded
[t=0.177001s, 20032 KB] New best heuristic value for ff(): 3132
[t=0.17812s, 20032 KB] g=6, 227 evaluated, 64 expanded
[t=0.259037s, 20032 KB] New best heuristic value for ff(): 3131
[t=0.259854s, 20032 KB] g=8, 386 evaluated, 110 expanded
[t=0.315565s, 20032 KB] New best heuristic value for ff(): 3130
[t=0.31578s, 20032 KB] g=10, 492 evaluated, 139 expanded
[t=3.74874s, 21048 KB] New best heuristic value for ff(): 3129
[t=3.75251s, 21048 KB] g=14, 5187 evaluated, 1520 expanded
[t=4.40369s, 21444 KB] New best heuristic value for ff(): 3128
[t=4.40726s, 21444 KB] g=16, 5864 evaluated, 1724 expanded
[t=36.1282s, 30380 KB] New best heuristic value for ff(): 3127
[t=36.1291s, 30380 KB] g=20, 22246 evaluated, 6615 expanded
[t=123.127s, 40856 KB] New best heuristic value for ff(): 3126
[t=123.127s, 40856 KB] g=20, 41021 evaluated, 12266 expanded
[t=134.581s, 41780 KB] New best heuristic value for ff(): 3125
[t=134.582s, 41780 KB] g=22, 42709 evaluated, 12779 expanded
Peak memory: 61284 KB
caught signal 24 -- exiting
Time limit has been reached.
Remove intermediate file output.sas
search exit code: 23

Driver aborting after search
INFO     Planner time: 595.82s
