INFO     planner time limit: 300s
INFO     planner memory limit: 3584 MB

INFO     Running translator.
INFO     translator stdin: None
INFO     translator time limit: 299s
INFO     translator memory limit: 3584 MB
INFO     translator command line string: /usr/local/downward-projects/downward/experiments/.venv/bin/python3 /usr/local/downward-projects/downward/experiments/src/thesis/data/thesis-thesis_exp/code-d93485cdd92f65ede2ae3573b3f4adda0b49e4fd_e5e41175/builds/release/bin/translate/translate.py domain.pddl problem.pddl --sas-file output.sas
Parsing...
Parsing: [0.120s CPU, 0.128s wall-clock]
Normalizing task... [0.010s CPU, 0.006s wall-clock]
Instantiating...
Generating Datalog program... [0.040s CPU, 0.039s wall-clock]
Normalizing Datalog program...
Normalizing Datalog program: [0.000s CPU, 0.001s wall-clock]
Preparing model... [0.210s CPU, 0.204s wall-clock]
Generated 23 rules.
Computing model... [0.570s CPU, 0.576s wall-clock]
33926 relevant atoms
61452 auxiliary atoms
95378 final queue length
108944 total queue pushes
Completing instantiation... [0.400s CPU, 0.407s wall-clock]
Instantiating: [1.260s CPU, 1.271s wall-clock]
Computing fact groups...
Finding invariants...
9 initial candidates
Finding invariants: [0.010s CPU, 0.007s wall-clock]
Checking invariant weight... [0.010s CPU, 0.009s wall-clock]
Instantiating groups... [0.000s CPU, 0.004s wall-clock]
Collecting mutex groups... [0.020s CPU, 0.000s wall-clock]
Choosing groups...
0 uncovered facts
Choosing groups: [0.000s CPU, 0.001s wall-clock]
Building translation key... [0.000s CPU, 0.000s wall-clock]
Computing fact groups: [0.040s CPU, 0.023s wall-clock]
Building STRIPS to SAS dictionary... [0.000s CPU, 0.000s wall-clock]
Building dictionary for full mutex groups... [0.000s CPU, 0.000s wall-clock]
Building mutex information...
Building mutex information: [0.000s CPU, 0.000s wall-clock]
Translating task...
Processing axioms...
Simplifying axioms... [0.000s CPU, 0.000s wall-clock]
Translator axioms removed by simplifying: 0
Computing negative axioms... [0.000s CPU, 0.000s wall-clock]
Processing axioms: [0.010s CPU, 0.011s wall-clock]
Translating task: [0.150s CPU, 0.155s wall-clock]
0 effect conditions simplified
0 implied preconditions added
Detecting unreachable propositions...
0 operators removed
0 axioms removed
13 propositions removed
Detecting unreachable propositions: [0.170s CPU, 0.172s wall-clock]
Reordering and filtering variables...
13 of 13 variables necessary.
0 of 13 mutex groups necessary.
7082 of 7082 operators necessary.
0 of 0 axiom rules necessary.
Reordering and filtering variables: [0.020s CPU, 0.021s wall-clock]
Translator variables: 13
Translator derived variables: 0
Translator facts: 369
Translator goal facts: 11
Translator mutex groups: 0
Translator total mutex groups size: 0
Translator operators: 7082
Translator axioms: 0
Translator task size: 35561
Translator peak memory: 83704 KB
Writing output... [0.030s CPU, 0.029s wall-clock]
Done! [1.820s CPU, 1.820s wall-clock]
translate exit code: 0

INFO     Running search (release).
INFO     search stdin: output.sas
INFO     search time limit: 298s
INFO     search memory limit: 3584 MB
INFO     search command line string: /usr/local/downward-projects/downward/experiments/src/thesis/data/thesis-thesis_exp/code-d93485cdd92f65ede2ae3573b3f4adda0b49e4fd_e5e41175/builds/release/bin/downward --evaluator 'h=ff()' --search 'eager(epsilon_greedy(h, epsilon=0.2))' --internal-plan-file sas_plan < output.sas
[t=0s, 11364 KB] reading input...
[t=0.019956s, 13340 KB] done reading input!
[t=0.0239156s, 14268 KB] Simplifying 13922 unary operators... done! [13922 unary operators]
[t=0.0306233s, 15408 KB] time to simplify: 0.00670774s
[t=0.0313288s, 15408 KB] Initializing additive heuristic...
[t=0.0315553s, 15408 KB] Initializing FF heuristic...
[t=0.0315824s, 15408 KB] Building successor generator...done!
[t=0.0331303s, 15408 KB] peak memory difference for successor generator creation: 0 KB
[t=0.0331879s, 15408 KB] time for successor generation creation: 8.8091e-05s
[t=0.0332132s, 15408 KB] Variables: 13
[t=0.0333037s, 15408 KB] FactPairs: 369
[t=0.0333274s, 15408 KB] Bytes per state: 8
[t=0.0333508s, 15408 KB] Conducting best first search without reopening closed nodes, (real) bound = 2147483647
[t=0.0334035s, 15408 KB] New best heuristic value for ff(): 31
[t=0.0335449s, 15408 KB] g=0, 1 evaluated, 0 expanded
[t=0.0335696s, 15408 KB] Initial heuristic value for ff(): 31
[t=0.0335955s, 15408 KB] pruning method: none
[t=0.0336188s, 15408 KB] Start Timestep: 1687930909114 millisecond(s).
[t=0.0336639s, 15408 KB] New best heuristic value for ff(): 30
[t=0.0341965s, 15408 KB] g=2, 7 evaluated, 2 expanded
[t=0.0342227s, 15408 KB] New best heuristic value for ff(): 29
[t=0.0345834s, 15408 KB] g=3, 11 evaluated, 3 expanded
[t=0.0346089s, 15408 KB] New best heuristic value for ff(): 28
[t=0.0350408s, 15408 KB] g=4, 16 evaluated, 4 expanded
[t=0.035554s, 15408 KB] New best heuristic value for ff(): 27
[t=0.0358299s, 15408 KB] g=6, 25 evaluated, 6 expanded
[t=0.0358573s, 15408 KB] New best heuristic value for ff(): 26
[t=0.036577s, 15408 KB] g=7, 34 evaluated, 7 expanded
[t=0.0366237s, 15408 KB] New best heuristic value for ff(): 25
[t=0.0376637s, 15408 KB] g=9, 47 evaluated, 10 expanded
[t=0.0376916s, 15408 KB] New best heuristic value for ff(): 24
[t=0.0382783s, 15408 KB] g=10, 54 evaluated, 11 expanded
[t=0.0394413s, 15408 KB] New best heuristic value for ff(): 23
[t=0.0398843s, 15408 KB] g=11, 73 evaluated, 15 expanded
[t=0.0954141s, 15408 KB] New best heuristic value for ff(): 22
[t=0.0989096s, 15408 KB] g=18, 964 evaluated, 180 expanded
[t=0.099351s, 15408 KB] New best heuristic value for ff(): 21
[t=0.100681s, 15408 KB] g=19, 988 evaluated, 183 expanded
[t=0.20964s, 15408 KB] New best heuristic value for ff(): 20
[t=0.210838s, 15408 KB] g=23, 2692 evaluated, 516 expanded
[t=0.27123s, 15408 KB] New best heuristic value for ff(): 19
[t=0.271364s, 15408 KB] g=26, 3692 evaluated, 664 expanded
[t=0.691131s, 15408 KB] New best heuristic value for ff(): 18
[t=0.695039s, 15408 KB] g=39, 11082 evaluated, 2245 expanded
[t=1.6309s, 16572 KB] New best heuristic value for ff(): 17
[t=1.63129s, 16572 KB] g=35, 29343 evaluated, 6031 expanded
[t=1.63133s, 16572 KB] New best heuristic value for ff(): 16
[t=1.63157s, 16572 KB] g=36, 29347 evaluated, 6032 expanded
[t=1.63159s, 16572 KB] New best heuristic value for ff(): 15
[t=1.63183s, 16572 KB] g=37, 29351 evaluated, 6033 expanded
[t=1.93762s, 16572 KB] New best heuristic value for ff(): 14
[t=1.94046s, 16572 KB] g=39, 35335 evaluated, 7431 expanded
[t=2.79687s, 16992 KB] New best heuristic value for ff(): 13
[t=2.79764s, 16992 KB] g=41, 54095 evaluated, 12245 expanded
[t=6.86741s, 21568 KB] New best heuristic value for ff(): 12
[t=6.86827s, 21568 KB] g=38, 143083 evaluated, 34532 expanded
[t=51.9066s, 69912 KB] New best heuristic value for ff(): 11
[t=51.9071s, 69912 KB] g=41, 1182046 evaluated, 285189 expanded
[t=51.9071s, 69912 KB] New best heuristic value for ff(): 10
[t=51.9073s, 69912 KB] g=42, 1182048 evaluated, 285190 expanded
[t=51.9076s, 69912 KB] New best heuristic value for ff(): 9
[t=51.9077s, 69912 KB] g=43, 1182056 evaluated, 285191 expanded
[t=266.771s, 278212 KB] New best heuristic value for ff(): 8
[t=266.771s, 278212 KB] g=45, 6326900 evaluated, 1568578 expanded
Peak memory: 418252 KB
caught signal 24 -- exiting
Time limit has been reached.
Remove intermediate file output.sas
search exit code: 23

Driver aborting after search
INFO     Planner time: 299.20s
