INFO     planner time limit: 600s
INFO     planner memory limit: 3584 MB

INFO     Running translator.
INFO     translator stdin: None
INFO     translator time limit: 599s
INFO     translator memory limit: 3584 MB
INFO     translator command line string: /usr/local/downward-projects/downward/experiments/assign3/.venv/bin/python3 /usr/local/downward-projects/downward/experiments/assign3/data/assign3-anytime_exp/code-1fb14623350588fb782db39ad332c8a25eda53d6_e5e41175/builds/release/bin/translate/translate.py domain.pddl problem.pddl --sas-file output.sas
Parsing...
Parsing: [0.000s CPU, 0.003s wall-clock]
Normalizing task... [0.000s CPU, 0.000s wall-clock]
Instantiating...
Generating Datalog program... [0.000s CPU, 0.001s wall-clock]
Normalizing Datalog program...
Normalizing Datalog program: [0.000s CPU, 0.001s wall-clock]
Preparing model... [0.010s CPU, 0.002s wall-clock]
Generated 26 rules.
Computing model... [0.210s CPU, 0.218s wall-clock]
22404 relevant atoms
17064 auxiliary atoms
39468 final queue length
80224 total queue pushes
Completing instantiation... [0.900s CPU, 0.910s wall-clock]
Instantiating: [1.140s CPU, 1.140s wall-clock]
Computing fact groups...
Finding invariants...
9 initial candidates
Finding invariants: [0.010s CPU, 0.011s wall-clock]
Checking invariant weight... [0.000s CPU, 0.000s wall-clock]
Instantiating groups... [0.000s CPU, 0.003s wall-clock]
Collecting mutex groups... [0.000s CPU, 0.001s wall-clock]
Choosing groups...
0 uncovered facts
Choosing groups: [0.000s CPU, 0.001s wall-clock]
Building translation key... [0.000s CPU, 0.001s wall-clock]
Computing fact groups: [0.010s CPU, 0.020s wall-clock]
Building STRIPS to SAS dictionary... [0.000s CPU, 0.000s wall-clock]
Building dictionary for full mutex groups... [0.010s CPU, 0.000s wall-clock]
Building mutex information...
Building mutex information: [0.000s CPU, 0.000s wall-clock]
Translating task...
Processing axioms...
Simplifying axioms... [0.000s CPU, 0.000s wall-clock]
Translator axioms removed by simplifying: 0
Computing negative axioms... [0.000s CPU, 0.000s wall-clock]
Processing axioms: [0.030s CPU, 0.030s wall-clock]
Translating task: [0.590s CPU, 0.610s wall-clock]
0 effect conditions simplified
0 implied preconditions added
Detecting unreachable propositions...
0 operators removed
0 axioms removed
24 propositions removed
Detecting unreachable propositions: [0.440s CPU, 0.443s wall-clock]
Reordering and filtering variables...
24 of 24 variables necessary.
0 of 24 mutex groups necessary.
21136 of 21136 operators necessary.
0 of 0 axiom rules necessary.
Reordering and filtering variables: [0.070s CPU, 0.073s wall-clock]
Translator variables: 24
Translator derived variables: 0
Translator facts: 884
Translator goal facts: 16
Translator mutex groups: 0
Translator total mutex groups size: 0
Translator operators: 21136
Translator axioms: 0
Translator task size: 125772
Translator peak memory: 115668 KB
Writing output... [0.100s CPU, 0.095s wall-clock]
Done! [2.390s CPU, 2.421s wall-clock]
translate exit code: 0

INFO     Running search (release).
INFO     search stdin: output.sas
INFO     search time limit: 597s
INFO     search memory limit: 3584 MB
INFO     search command line string: /usr/local/downward-projects/downward/experiments/assign3/data/assign3-anytime_exp/code-1fb14623350588fb782db39ad332c8a25eda53d6_e5e41175/builds/release/bin/downward --evaluator 'h=lmcut()' --search 'eager_anytime(single(sum([weight(h, 2, verbosity=normal), g()])), 
        reopen_closed=true, f_eval=sum([h, g()]))' --internal-plan-file sas_plan < output.sas
[t=0.00105147s, 10884 KB] reading input...
[t=0.0691403s, 17216 KB] done reading input!
[t=0.082844s, 22700 KB] Initializing landmark cut heuristic...
[t=0.0829612s, 22700 KB] Building successor generator...done!
[t=0.0932097s, 26740 KB] peak memory difference for successor generator creation: 4040 KB
[t=0.0932892s, 26740 KB] time for successor generation creation: 0.00908999s
[t=0.093315s, 26740 KB] Variables: 24
[t=0.0933458s, 26740 KB] FactPairs: 884
[t=0.0933697s, 26740 KB] Bytes per state: 20
[t=0.0933931s, 26740 KB] Conducting best first anytime search with reopening closed nodes, (real) bound = 2147483647
[t=0.149762s, 26740 KB] New best heuristic value for lmcut(): 203
[t=0.150852s, 26740 KB] g=0, 1 evaluated, 0 expanded
[t=0.150882s, 26740 KB] Initial heuristic value for lmcut(): 203
[t=0.15091s, 26740 KB] Start Timestep: 1682026246512 millisecond(s).
[t=0.210654s, 26740 KB] New best heuristic value for lmcut(): 202
[t=0.211304s, 26740 KB] g=21, 2 evaluated, 1 expanded
[t=0.272411s, 26740 KB] New best heuristic value for lmcut(): 196
[t=0.273432s, 26740 KB] g=20, 3 evaluated, 1 expanded
[t=0.455024s, 26740 KB] New best heuristic value for lmcut(): 186
[t=0.455318s, 26740 KB] g=14, 6 evaluated, 1 expanded
[t=0.753572s, 26740 KB] New best heuristic value for lmcut(): 185
[t=0.754714s, 26740 KB] g=16, 11 evaluated, 1 expanded
[t=1.21512s, 26740 KB] New best heuristic value for lmcut(): 182
[t=1.21553s, 26740 KB] g=35, 19 evaluated, 2 expanded
[t=1.2697s, 26740 KB] New best heuristic value for lmcut(): 179
[t=1.27024s, 26740 KB] g=34, 20 evaluated, 2 expanded
[t=2.99697s, 26740 KB] New best heuristic value for lmcut(): 178
[t=2.99709s, 26740 KB] g=48, 50 evaluated, 4 expanded
[t=3.58572s, 26740 KB] New best heuristic value for lmcut(): 170
[t=3.58599s, 26740 KB] g=42, 61 evaluated, 4 expanded
[t=32.2044s, 26740 KB] New best heuristic value for lmcut(): 168
[t=32.2046s, 26740 KB] g=57, 572 evaluated, 45 expanded
[t=32.9351s, 26740 KB] New best heuristic value for lmcut(): 167
[t=32.9357s, 26740 KB] g=58, 586 evaluated, 46 expanded
[t=33.7742s, 26740 KB] New best heuristic value for lmcut(): 166
[t=33.7749s, 26740 KB] g=58, 602 evaluated, 47 expanded
[t=42.2411s, 26740 KB] New best heuristic value for lmcut(): 165
[t=42.2418s, 26740 KB] g=70, 765 evaluated, 58 expanded
[t=43.7199s, 26740 KB] New best heuristic value for lmcut(): 164
[t=43.7203s, 26740 KB] g=69, 794 evaluated, 60 expanded
[t=161.914s, 26740 KB] New best heuristic value for lmcut(): 161
[t=161.918s, 26740 KB] g=67, 3048 evaluated, 230 expanded, 4 reopened
[t=162.114s, 26740 KB] New best heuristic value for lmcut(): 158
[t=162.117s, 26740 KB] g=87, 3052 evaluated, 231 expanded, 4 reopened
[t=162.37s, 26740 KB] New best heuristic value for lmcut(): 154
[t=162.371s, 26740 KB] g=81, 3057 evaluated, 231 expanded, 4 reopened
[t=162.973s, 26740 KB] New best heuristic value for lmcut(): 153
[t=162.976s, 26740 KB] g=93, 3069 evaluated, 232 expanded, 4 reopened
[t=163.572s, 26740 KB] New best heuristic value for lmcut(): 150
[t=163.573s, 26740 KB] g=100, 3081 evaluated, 232 expanded, 4 reopened
[t=168.516s, 26740 KB] New best heuristic value for lmcut(): 149
[t=168.517s, 26740 KB] g=101, 3180 evaluated, 238 expanded, 4 reopened
[t=405.966s, 26740 KB] New best heuristic value for lmcut(): 148
[t=405.967s, 26740 KB] g=117, 7596 evaluated, 580 expanded, 11 reopened
[t=407.774s, 26740 KB] New best heuristic value for lmcut(): 145
[t=407.775s, 26740 KB] g=118, 7629 evaluated, 583 expanded, 11 reopened
[t=408.413s, 26740 KB] New best heuristic value for lmcut(): 144
[t=408.414s, 26740 KB] g=119, 7641 evaluated, 584 expanded, 11 reopened
[t=459.509s, 26740 KB] New best heuristic value for lmcut(): 134
[t=459.509s, 26740 KB] g=122, 8581 evaluated, 647 expanded, 11 reopened
Peak memory: 26740 KB
caught signal 24 -- exiting
Time limit has been reached.
Remove intermediate file output.sas
search exit code: 23

Driver aborting after search
INFO     Planner time: 597.45s
