INFO     planner time limit: 900s
INFO     planner memory limit: 3584 MB

INFO     Running translator.
INFO     translator stdin: None
INFO     translator time limit: 899s
INFO     translator memory limit: 3584 MB
INFO     translator command line string: /usr/local/downward-projects/downward/experiments/.venv/bin/python3 /usr/local/downward-projects/downward/experiments/src/thesis/data/thesis-thesis_exp/code-f7a4f68fd467cf7cff4d3dfcfdfcfa2023e44324_e5e41175/builds/release/bin/translate/translate.py domain.pddl problem.pddl --sas-file output.sas
Parsing...
Parsing: [0.020s CPU, 0.018s wall-clock]
Normalizing task... [0.000s CPU, 0.001s wall-clock]
Instantiating...
Generating Datalog program... [0.010s CPU, 0.007s wall-clock]
Normalizing Datalog program...
Normalizing Datalog program: [0.000s CPU, 0.001s wall-clock]
Preparing model... [0.030s CPU, 0.028s wall-clock]
Generated 18 rules.
Computing model... [0.110s CPU, 0.114s wall-clock]
13980 relevant atoms
9091 auxiliary atoms
23071 final queue length
31352 total queue pushes
Completing instantiation... [0.150s CPU, 0.154s wall-clock]
Instantiating: [0.310s CPU, 0.312s wall-clock]
Computing fact groups...
Finding invariants...
6 initial candidates
Finding invariants: [0.000s CPU, 0.001s wall-clock]
Checking invariant weight... [0.000s CPU, 0.001s wall-clock]
Instantiating groups... [0.000s CPU, 0.000s wall-clock]
Collecting mutex groups... [0.000s CPU, 0.000s wall-clock]
Choosing groups...
234 uncovered facts
Choosing groups: [0.000s CPU, 0.000s wall-clock]
Building translation key... [0.000s CPU, 0.001s wall-clock]
Computing fact groups: [0.000s CPU, 0.005s wall-clock]
Building STRIPS to SAS dictionary... [0.000s CPU, 0.000s wall-clock]
Building dictionary for full mutex groups... [0.000s CPU, 0.000s wall-clock]
Building mutex information...
Building mutex information: [0.000s CPU, 0.000s wall-clock]
Translating task...
Processing axioms...
Simplifying axioms... [0.000s CPU, 0.000s wall-clock]
Translator axioms removed by simplifying: 0
Computing negative axioms... [0.000s CPU, 0.000s wall-clock]
Processing axioms: [0.010s CPU, 0.008s wall-clock]
Translating task: [0.160s CPU, 0.153s wall-clock]
117 effect conditions simplified
0 implied preconditions added
Detecting unreachable propositions...
0 operators removed
0 axioms removed
1 propositions removed
Detecting unreachable propositions: [0.070s CPU, 0.069s wall-clock]
Reordering and filtering variables...
235 of 235 variables necessary.
0 of 1 mutex groups necessary.
8606 of 8606 operators necessary.
0 of 0 axiom rules necessary.
Reordering and filtering variables: [0.010s CPU, 0.014s wall-clock]
Translator variables: 235
Translator derived variables: 0
Translator facts: 560
Translator goal facts: 117
Translator mutex groups: 0
Translator total mutex groups size: 0
Translator operators: 8606
Translator axioms: 0
Translator task size: 26964
Translator peak memory: 54916 KB
Writing output... [0.030s CPU, 0.027s wall-clock]
Done! [0.610s CPU, 0.610s wall-clock]
translate exit code: 0

INFO     Running search (release).
INFO     search stdin: output.sas
INFO     search time limit: 899s
INFO     search memory limit: 3584 MB
INFO     search command line string: /usr/local/downward-projects/downward/experiments/src/thesis/data/thesis-thesis_exp/code-f7a4f68fd467cf7cff4d3dfcfdfcfa2023e44324_e5e41175/builds/release/bin/downward --evaluator 'h=ff()' --search 'eager(alt([lwm_based_type(h), single(h)]))' --internal-plan-file sas_plan < output.sas
[t=0.00105151s, 11000 KB] reading input...
[t=0.0167499s, 12460 KB] done reading input!
[t=0.0198711s, 13260 KB] Simplifying 8723 unary operators... done! [8723 unary operators]
[t=0.0229791s, 13788 KB] time to simplify: 0.00310798s
[t=0.0232838s, 13788 KB] Initializing additive heuristic...
[t=0.0234007s, 13788 KB] Initializing FF heuristic...
[t=0.0234267s, 13788 KB] Building successor generator...done!
[t=0.0244144s, 13788 KB] peak memory difference for successor generator creation: 0 KB
[t=0.0244595s, 13788 KB] time for successor generation creation: 0.000470338s
[t=0.0244846s, 13788 KB] Variables: 235
[t=0.0245501s, 13788 KB] FactPairs: 560
[t=0.0245744s, 13788 KB] Bytes per state: 32
[t=0.0245981s, 13788 KB] Conducting best first search without reopening closed nodes, (real) bound = 2147483647
[t=0.0246543s, 13788 KB] New best heuristic value for ff(): 321
[t=0.0247616s, 13788 KB] g=0, 1 evaluated, 0 expanded
[t=0.0247865s, 13788 KB] Initial heuristic value for ff(): 321
[t=0.0248213s, 13788 KB] pruning method: none
[t=0.0248445s, 13788 KB] Start Timestep: 1684375038872 millisecond(s).
[t=0.024897s, 13788 KB] New best heuristic value for ff(): 320
[t=0.024998s, 13788 KB] g=1, 2 evaluated, 1 expanded
[t=0.0353843s, 13788 KB] New best heuristic value for ff(): 319
[t=0.0354736s, 13788 KB] g=3, 185 evaluated, 4 expanded
[t=0.0355037s, 13788 KB] New best heuristic value for ff(): 318
[t=0.0356771s, 13788 KB] g=4, 187 evaluated, 6 expanded
[t=0.0405829s, 13788 KB] New best heuristic value for ff(): 317
[t=0.0410544s, 13788 KB] g=5, 280 evaluated, 9 expanded
[t=0.0410827s, 13788 KB] New best heuristic value for ff(): 316
[t=0.0412452s, 13788 KB] g=6, 282 evaluated, 10 expanded
[t=0.0510313s, 13788 KB] New best heuristic value for ff(): 315
[t=0.051792s, 13788 KB] g=8, 466 evaluated, 15 expanded
[t=0.0519422s, 13788 KB] New best heuristic value for ff(): 314
[t=0.0519976s, 13788 KB] g=9, 468 evaluated, 16 expanded
[t=0.0624853s, 13788 KB] New best heuristic value for ff(): 313
[t=0.0628965s, 13788 KB] g=11, 656 evaluated, 24 expanded
[t=0.0677188s, 13788 KB] New best heuristic value for ff(): 312
[t=0.0687865s, 13788 KB] g=13, 756 evaluated, 32 expanded
[t=0.0688146s, 13788 KB] New best heuristic value for ff(): 311
[t=0.0691045s, 13788 KB] g=14, 760 evaluated, 34 expanded
[t=0.0739471s, 13788 KB] New best heuristic value for ff(): 310
[t=0.0746199s, 13788 KB] g=15, 855 evaluated, 36 expanded
[t=0.0795388s, 13788 KB] New best heuristic value for ff(): 309
[t=0.0800854s, 13788 KB] g=16, 949 evaluated, 38 expanded
[t=0.0854309s, 13788 KB] New best heuristic value for ff(): 308
[t=0.0857278s, 13788 KB] g=17, 1044 evaluated, 40 expanded
[t=0.0913971s, 13788 KB] New best heuristic value for ff(): 307
[t=0.091515s, 13788 KB] g=18, 1141 evaluated, 48 expanded
[t=0.0969193s, 13788 KB] New best heuristic value for ff(): 306
[t=0.0970698s, 13788 KB] g=20, 1235 evaluated, 51 expanded
[t=0.0970977s, 13788 KB] New best heuristic value for ff(): 305
[t=0.0972055s, 13788 KB] g=21, 1236 evaluated, 52 expanded
[t=0.102116s, 13788 KB] New best heuristic value for ff(): 304
[t=0.102796s, 13788 KB] g=22, 1330 evaluated, 58 expanded
[t=0.108386s, 13788 KB] New best heuristic value for ff(): 303
[t=0.108571s, 13788 KB] g=24, 1427 evaluated, 66 expanded
[t=0.108599s, 13788 KB] New best heuristic value for ff(): 302
[t=0.10895s, 13788 KB] g=25, 1432 evaluated, 68 expanded
[t=0.113536s, 13788 KB] New best heuristic value for ff(): 301
[t=0.114588s, 13788 KB] g=26, 1528 evaluated, 70 expanded
[t=0.125019s, 13788 KB] New best heuristic value for ff(): 300
[t=0.125299s, 13788 KB] g=27, 1713 evaluated, 72 expanded
[t=0.125329s, 13788 KB] New best heuristic value for ff(): 299
[t=0.125442s, 13788 KB] g=28, 1714 evaluated, 74 expanded
[t=0.135462s, 13788 KB] New best heuristic value for ff(): 298
[t=0.136582s, 13788 KB] g=29, 1905 evaluated, 84 expanded
[t=0.136611s, 13788 KB] New best heuristic value for ff(): 297
[t=0.136733s, 13788 KB] g=30, 1906 evaluated, 86 expanded
[t=0.142651s, 13788 KB] New best heuristic value for ff(): 296
[t=0.142726s, 13788 KB] g=31, 2005 evaluated, 98 expanded
[t=0.142755s, 13788 KB] New best heuristic value for ff(): 295
[t=0.142995s, 13788 KB] g=32, 2008 evaluated, 100 expanded
[t=0.153196s, 13788 KB] New best heuristic value for ff(): 294
[t=0.154188s, 13788 KB] g=34, 2200 evaluated, 114 expanded
[t=0.159453s, 13788 KB] New best heuristic value for ff(): 293
[t=0.159631s, 13788 KB] g=35, 2293 evaluated, 116 expanded
[t=0.16464s, 13788 KB] New best heuristic value for ff(): 292
[t=0.165717s, 13788 KB] g=37, 2394 evaluated, 133 expanded
[t=0.170905s, 13788 KB] New best heuristic value for ff(): 291
[t=0.171794s, 13788 KB] g=39, 2494 evaluated, 153 expanded
[t=0.178144s, 13788 KB] New best heuristic value for ff(): 290
[t=0.178269s, 13788 KB] g=41, 2599 evaluated, 176 expanded
[t=0.178298s, 13788 KB] New best heuristic value for ff(): 289
[t=0.178772s, 13788 KB] g=42, 2606 evaluated, 178 expanded
[t=0.188589s, 13788 KB] New best heuristic value for ff(): 288
[t=0.189537s, 13788 KB] g=43, 2791 evaluated, 180 expanded
[t=0.189587s, 13788 KB] New best heuristic value for ff(): 287
[t=0.189752s, 13788 KB] g=44, 2793 evaluated, 182 expanded
[t=0.194822s, 13788 KB] New best heuristic value for ff(): 286
[t=0.195116s, 13788 KB] g=45, 2884 evaluated, 183 expanded
[t=0.200033s, 13788 KB] New best heuristic value for ff(): 285
[t=0.200837s, 13788 KB] g=47, 2981 evaluated, 187 expanded
[t=0.201048s, 13788 KB] New best heuristic value for ff(): 284
[t=0.201214s, 13788 KB] g=48, 2986 evaluated, 188 expanded
[t=0.206272s, 13788 KB] New best heuristic value for ff(): 283
[t=0.206863s, 13788 KB] g=49, 3082 evaluated, 190 expanded
[t=0.21147s, 13788 KB] New best heuristic value for ff(): 282
[t=0.212523s, 13788 KB] g=50, 3179 evaluated, 192 expanded
[t=0.223003s, 13788 KB] New best heuristic value for ff(): 281
[t=0.223273s, 13788 KB] g=51, 3365 evaluated, 194 expanded
[t=0.22822s, 13788 KB] New best heuristic value for ff(): 280
[t=0.229301s, 13788 KB] g=53, 3467 evaluated, 204 expanded
[t=0.239732s, 13788 KB] New best heuristic value for ff(): 279
[t=0.240296s, 13788 KB] g=55, 3657 evaluated, 213 expanded
[t=0.245131s, 13788 KB] New best heuristic value for ff(): 278
[t=0.245691s, 13788 KB] g=57, 3749 evaluated, 215 expanded
[t=0.24572s, 13788 KB] New best heuristic value for ff(): 277
[t=0.245886s, 13788 KB] g=58, 3751 evaluated, 216 expanded
[t=0.257456s, 13788 KB] New best heuristic value for ff(): 276
[t=0.258003s, 13788 KB] g=60, 3951 evaluated, 230 expanded
[t=0.26262s, 13788 KB] New best heuristic value for ff(): 275
[t=0.263627s, 13788 KB] g=61, 4046 evaluated, 232 expanded
[t=0.275181s, 13788 KB] New best heuristic value for ff(): 274
[t=0.275285s, 13788 KB] g=62, 4241 evaluated, 253 expanded
[t=0.275317s, 13788 KB] New best heuristic value for ff(): 273
[t=0.27556s, 13788 KB] g=63, 4244 evaluated, 255 expanded
[t=0.285619s, 13788 KB] New best heuristic value for ff(): 272
[t=0.286412s, 13788 KB] g=64, 4431 evaluated, 257 expanded
[t=0.292923s, 13788 KB] New best heuristic value for ff(): 271
[t=0.293031s, 13788 KB] g=66, 4539 evaluated, 279 expanded
[t=0.309575s, 13788 KB] New best heuristic value for ff(): 270
[t=0.31063s, 13788 KB] g=68, 4839 evaluated, 303 expanded
[t=0.316096s, 13920 KB] New best heuristic value for ff(): 269
[t=0.316296s, 13920 KB] g=69, 4934 evaluated, 305 expanded
[t=0.322084s, 13920 KB] New best heuristic value for ff(): 268
[t=0.322895s, 13920 KB] g=71, 5042 evaluated, 331 expanded
[t=0.322926s, 13920 KB] New best heuristic value for ff(): 267
[t=0.323116s, 13920 KB] g=72, 5044 evaluated, 333 expanded
[t=0.33989s, 13920 KB] New best heuristic value for ff(): 266
[t=0.34039s, 13920 KB] g=73, 5335 evaluated, 351 expanded
[t=0.340421s, 13920 KB] New best heuristic value for ff(): 265
[t=0.340655s, 13920 KB] g=74, 5338 evaluated, 353 expanded
[t=0.347165s, 13920 KB] New best heuristic value for ff(): 264
[t=0.347486s, 13920 KB] g=75, 5450 evaluated, 373 expanded
[t=0.353416s, 13920 KB] New best heuristic value for ff(): 263
[t=0.353663s, 13920 KB] g=77, 5553 evaluated, 381 expanded
[t=0.353691s, 13920 KB] New best heuristic value for ff(): 262
[t=0.354037s, 13920 KB] g=78, 5558 evaluated, 383 expanded
[t=0.360679s, 13920 KB] New best heuristic value for ff(): 261
[t=0.361009s, 13920 KB] g=79, 5671 evaluated, 410 expanded
[t=0.367992s, 13920 KB] New best heuristic value for ff(): 260
[t=0.3685s, 13920 KB] g=81, 5792 evaluated, 442 expanded
[t=0.368532s, 13920 KB] New best heuristic value for ff(): 259
[t=0.368644s, 13920 KB] g=82, 5793 evaluated, 444 expanded
[t=0.375245s, 13920 KB] New best heuristic value for ff(): 258
[t=0.375398s, 13920 KB] g=83, 5903 evaluated, 473 expanded
[t=0.393077s, 13920 KB] New best heuristic value for ff(): 257
[t=0.393483s, 13920 KB] g=85, 6210 evaluated, 507 expanded
[t=0.393515s, 13920 KB] New best heuristic value for ff(): 256
[t=0.393755s, 13920 KB] g=86, 6213 evaluated, 509 expanded
[t=0.398955s, 13920 KB] New best heuristic value for ff(): 255
[t=0.399136s, 13920 KB] g=87, 6306 evaluated, 511 expanded
[t=0.410796s, 14052 KB] New best heuristic value for ff(): 254
[t=0.411961s, 14052 KB] g=88, 6520 evaluated, 545 expanded
[t=0.411993s, 14052 KB] New best heuristic value for ff(): 253
[t=0.412181s, 14052 KB] g=89, 6522 evaluated, 547 expanded
[t=0.417016s, 14052 KB] New best heuristic value for ff(): 252
[t=0.417659s, 14052 KB] g=90, 6616 evaluated, 549 expanded
[t=0.422557s, 14052 KB] New best heuristic value for ff(): 251
[t=0.423084s, 14052 KB] g=91, 6708 evaluated, 551 expanded
[t=0.440042s, 14052 KB] New best heuristic value for ff(): 250
[t=0.440662s, 14052 KB] g=93, 7003 evaluated, 577 expanded
[t=0.440693s, 14052 KB] New best heuristic value for ff(): 249
[t=0.440997s, 14052 KB] g=94, 7007 evaluated, 579 expanded
[t=0.446264s, 14304 KB] New best heuristic value for ff(): 248
[t=0.446808s, 14304 KB] g=95, 7104 evaluated, 581 expanded
[t=0.456703s, 14304 KB] New best heuristic value for ff(): 247
[t=0.457319s, 14304 KB] g=96, 7288 evaluated, 582 expanded
[t=0.462014s, 14304 KB] New best heuristic value for ff(): 246
[t=0.462779s, 14304 KB] g=97, 7381 evaluated, 584 expanded
[t=0.480764s, 14424 KB] New best heuristic value for ff(): 245
[t=0.481115s, 14424 KB] g=98, 7682 evaluated, 618 expanded
[t=0.481147s, 14424 KB] New best heuristic value for ff(): 244
[t=0.481332s, 14424 KB] g=99, 7684 evaluated, 620 expanded
[t=0.502757s, 14424 KB] New best heuristic value for ff(): 243
[t=0.503654s, 14424 KB] g=100, 8065 evaluated, 642 expanded
[t=0.510025s, 14424 KB] New best heuristic value for ff(): 242
[t=0.510634s, 14424 KB] g=102, 8172 evaluated, 669 expanded
[t=0.510665s, 14424 KB] New best heuristic value for ff(): 241
[t=0.510774s, 14424 KB] g=103, 8173 evaluated, 670 expanded
[t=0.522563s, 14424 KB] New best heuristic value for ff(): 240
[t=0.523095s, 14424 KB] g=104, 8380 evaluated, 696 expanded
[t=0.527755s, 14424 KB] New best heuristic value for ff(): 239
[t=0.528636s, 14424 KB] g=105, 8476 evaluated, 698 expanded
[t=0.534016s, 14424 KB] New best heuristic value for ff(): 238
[t=0.534836s, 14424 KB] g=107, 8580 evaluated, 713 expanded
[t=0.551849s, 14556 KB] New best heuristic value for ff(): 237
[t=0.552013s, 14556 KB] g=109, 8874 evaluated, 745 expanded
[t=0.552042s, 14556 KB] New best heuristic value for ff(): 236
[t=0.552284s, 14556 KB] g=110, 8877 evaluated, 747 expanded
[t=0.58533s, 14556 KB] New best heuristic value for ff(): 235
[t=0.586072s, 14556 KB] g=111, 9454 evaluated, 785 expanded
[t=0.586315s, 14556 KB] New best heuristic value for ff(): 234
[t=0.58647s, 14556 KB] g=112, 9459 evaluated, 787 expanded
[t=0.604164s, 14692 KB] New best heuristic value for ff(): 233
[t=0.604428s, 14692 KB] g=113, 9759 evaluated, 825 expanded
[t=0.60446s, 14692 KB] New best heuristic value for ff(): 232
[t=0.604757s, 14692 KB] g=114, 9763 evaluated, 827 expanded
[t=0.609306s, 14692 KB] New best heuristic value for ff(): 231
[t=0.610273s, 14692 KB] g=115, 9859 evaluated, 829 expanded
[t=0.625017s, 14692 KB] New best heuristic value for ff(): 230
[t=0.625834s, 14692 KB] g=116, 10134 evaluated, 831 expanded
[t=0.62601s, 14692 KB] New best heuristic value for ff(): 229
[t=0.626117s, 14692 KB] g=117, 10137 evaluated, 833 expanded
[t=0.631243s, 14692 KB] New best heuristic value for ff(): 228
[t=0.631878s, 14692 KB] g=118, 10235 evaluated, 846 expanded
[t=0.631933s, 14692 KB] New best heuristic value for ff(): 227
[t=0.632153s, 14692 KB] g=119, 10238 evaluated, 848 expanded
[t=0.660582s, 14692 KB] New best heuristic value for ff(): 226
[t=0.661418s, 14692 KB] g=120, 10738 evaluated, 885 expanded
[t=0.666824s, 14828 KB] New best heuristic value for ff(): 225
[t=0.666996s, 14828 KB] g=121, 10831 evaluated, 887 expanded
[t=0.689878s, 14828 KB] New best heuristic value for ff(): 224
[t=0.690139s, 14828 KB] g=122, 11223 evaluated, 923 expanded
[t=0.703407s, 15344 KB] New best heuristic value for ff(): 223
[t=0.703671s, 15344 KB] g=124, 11442 evaluated, 962 expanded
[t=0.708575s, 15344 KB] New best heuristic value for ff(): 222
[t=0.709247s, 15344 KB] g=125, 11540 evaluated, 964 expanded
[t=0.726874s, 15344 KB] New best heuristic value for ff(): 221
[t=0.727183s, 15344 KB] g=127, 11850 evaluated, 1008 expanded
[t=0.744191s, 15344 KB] New best heuristic value for ff(): 220
[t=0.744788s, 15344 KB] g=129, 12145 evaluated, 1051 expanded
[t=0.74482s, 15344 KB] New best heuristic value for ff(): 219
[t=0.745209s, 15344 KB] g=130, 12150 evaluated, 1053 expanded
[t=0.762449s, 15344 KB] New best heuristic value for ff(): 218
[t=0.76259s, 15344 KB] g=131, 12446 evaluated, 1081 expanded
[t=0.762623s, 15344 KB] New best heuristic value for ff(): 217
[t=0.762732s, 15344 KB] g=132, 12447 evaluated, 1082 expanded
[t=0.770305s, 15344 KB] New best heuristic value for ff(): 216
[t=0.770497s, 15344 KB] g=133, 12573 evaluated, 1119 expanded
[t=0.77053s, 15344 KB] New best heuristic value for ff(): 215
[t=0.770906s, 15344 KB] g=134, 12578 evaluated, 1121 expanded
[t=0.783861s, 15344 KB] New best heuristic value for ff(): 214
[t=0.784185s, 15344 KB] g=135, 12799 evaluated, 1165 expanded
[t=0.784217s, 15344 KB] New best heuristic value for ff(): 213
[t=0.784467s, 15344 KB] g=136, 12802 evaluated, 1167 expanded
[t=0.794295s, 15344 KB] New best heuristic value for ff(): 212
[t=0.794878s, 15344 KB] g=137, 12988 evaluated, 1169 expanded
[t=0.79491s, 15344 KB] New best heuristic value for ff(): 211
[t=0.795086s, 15344 KB] g=138, 12990 evaluated, 1171 expanded
[t=0.80681s, 15352 KB] New best heuristic value for ff(): 210
[t=0.807284s, 15352 KB] g=139, 13194 evaluated, 1207 expanded
[t=0.807317s, 15352 KB] New best heuristic value for ff(): 209
[t=0.807552s, 15352 KB] g=140, 13197 evaluated, 1209 expanded
[t=0.819342s, 15352 KB] New best heuristic value for ff(): 208
[t=0.820298s, 15352 KB] g=141, 13409 evaluated, 1247 expanded
[t=0.820334s, 15352 KB] New best heuristic value for ff(): 207
[t=0.820784s, 15352 KB] g=142, 13416 evaluated, 1249 expanded
[t=0.827625s, 15352 KB] New best heuristic value for ff(): 206
[t=0.828694s, 15352 KB] g=143, 13544 evaluated, 1291 expanded
[t=0.828726s, 15352 KB] New best heuristic value for ff(): 205
[t=0.829092s, 15352 KB] g=144, 13549 evaluated, 1293 expanded
[t=0.839096s, 15584 KB] New best heuristic value for ff(): 204
[t=0.840243s, 15584 KB] g=145, 13735 evaluated, 1295 expanded
[t=0.840275s, 15584 KB] New best heuristic value for ff(): 203
[t=0.84045s, 15584 KB] g=146, 13737 evaluated, 1297 expanded
[t=0.85311s, 15584 KB] New best heuristic value for ff(): 202
[t=0.853354s, 15584 KB] g=147, 13952 evaluated, 1338 expanded
[t=0.853647s, 15584 KB] New best heuristic value for ff(): 201
[t=0.853921s, 15584 KB] g=148, 13960 evaluated, 1340 expanded
[t=0.863061s, 15584 KB] New best heuristic value for ff(): 200
[t=0.864134s, 15584 KB] g=149, 14145 evaluated, 1342 expanded
[t=0.869299s, 15584 KB] New best heuristic value for ff(): 199
[t=0.869522s, 15584 KB] g=150, 14242 evaluated, 1344 expanded
[t=0.875566s, 15584 KB] New best heuristic value for ff(): 198
[t=0.875831s, 15584 KB] g=152, 14351 evaluated, 1358 expanded
[t=0.87586s, 15584 KB] New best heuristic value for ff(): 197
[t=0.875972s, 15584 KB] g=153, 14352 evaluated, 1360 expanded
[t=0.895278s, 15892 KB] New best heuristic value for ff(): 196
[t=0.895468s, 15892 KB] g=154, 14669 evaluated, 1401 expanded
[t=0.895498s, 15892 KB] New best heuristic value for ff(): 195
[t=0.895719s, 15892 KB] g=155, 14672 evaluated, 1403 expanded
[t=0.908757s, 15892 KB] New best heuristic value for ff(): 194
[t=0.908948s, 15892 KB] g=156, 14890 evaluated, 1444 expanded
[t=0.908978s, 15892 KB] New best heuristic value for ff(): 193
[t=0.909222s, 15892 KB] g=157, 14893 evaluated, 1446 expanded
[t=0.913926s, 15892 KB] New best heuristic value for ff(): 192
[t=0.914505s, 15892 KB] g=158, 14986 evaluated, 1448 expanded
[t=0.920183s, 15892 KB] New best heuristic value for ff(): 191
[t=0.920321s, 15892 KB] g=159, 15086 evaluated, 1458 expanded
[t=0.920351s, 15892 KB] New best heuristic value for ff(): 190
[t=0.920496s, 15892 KB] g=160, 15088 evaluated, 1459 expanded
[t=0.931711s, 15892 KB] New best heuristic value for ff(): 189
[t=0.932143s, 15892 KB] g=161, 15287 evaluated, 1478 expanded
[t=0.93218s, 15892 KB] New best heuristic value for ff(): 188
[t=0.932635s, 15892 KB] g=162, 15294 evaluated, 1480 expanded
[t=0.94422s, 15892 KB] New best heuristic value for ff(): 187
[t=0.945016s, 15892 KB] g=163, 15502 evaluated, 1517 expanded
[t=0.949417s, 15892 KB] New best heuristic value for ff(): 186
[t=0.950229s, 15892 KB] g=164, 15596 evaluated, 1519 expanded
[t=0.950258s, 15892 KB] New best heuristic value for ff(): 185
[t=0.950372s, 15892 KB] g=165, 15597 evaluated, 1521 expanded
[t=0.955635s, 15892 KB] New best heuristic value for ff(): 184
[t=0.955791s, 15892 KB] g=166, 15693 evaluated, 1527 expanded
[t=0.972399s, 15892 KB] New best heuristic value for ff(): 183
[t=0.972927s, 15892 KB] g=168, 15991 evaluated, 1566 expanded
[t=0.972958s, 15892 KB] New best heuristic value for ff(): 182
[t=0.973265s, 15892 KB] g=169, 15995 evaluated, 1568 expanded
[t=0.97757s, 15892 KB] New best heuristic value for ff(): 181
[t=0.978642s, 15892 KB] g=170, 16092 evaluated, 1570 expanded
[t=0.983832s, 15892 KB] New best heuristic value for ff(): 180
[t=0.983916s, 15892 KB] g=171, 16187 evaluated, 1572 expanded
[t=0.999517s, 15892 KB] New best heuristic value for ff(): 179
[t=0.999956s, 15892 KB] g=173, 16469 evaluated, 1582 expanded
[t=0.999989s, 15892 KB] New best heuristic value for ff(): 178
[t=1.00017s, 15892 KB] g=174, 16471 evaluated, 1584 expanded
[t=1.0057s, 15892 KB] New best heuristic value for ff(): 177
[t=1.00595s, 15892 KB] g=175, 16571 evaluated, 1598 expanded
[t=1.00598s, 15892 KB] New best heuristic value for ff(): 176
[t=1.00646s, 15892 KB] g=176, 16578 evaluated, 1600 expanded
[t=1.0185s, 16024 KB] New best heuristic value for ff(): 175
[t=1.019s, 16024 KB] g=177, 16788 evaluated, 1630 expanded
[t=1.04132s, 16024 KB] New best heuristic value for ff(): 174
[t=1.04152s, 16024 KB] g=179, 17181 evaluated, 1665 expanded
[t=1.04651s, 16024 KB] New best heuristic value for ff(): 173
[t=1.04675s, 16024 KB] g=180, 17276 evaluated, 1667 expanded
[t=1.05803s, 16024 KB] New best heuristic value for ff(): 172
[t=1.05834s, 16024 KB] g=182, 17479 evaluated, 1689 expanded
[t=1.0653s, 16024 KB] New best heuristic value for ff(): 171
[t=1.0657s, 16024 KB] g=184, 17602 evaluated, 1723 expanded
[t=1.06586s, 16024 KB] New best heuristic value for ff(): 170
[t=1.06596s, 16024 KB] g=185, 17605 evaluated, 1724 expanded
[t=1.07573s, 16156 KB] New best heuristic value for ff(): 169
[t=1.07603s, 16156 KB] g=186, 17790 evaluated, 1726 expanded
[t=1.07606s, 16156 KB] New best heuristic value for ff(): 168
[t=1.07618s, 16156 KB] g=187, 17791 evaluated, 1728 expanded
[t=1.08931s, 16156 KB] New best heuristic value for ff(): 167
[t=1.08961s, 16156 KB] g=188, 18015 evaluated, 1766 expanded
[t=1.12268s, 16156 KB] New best heuristic value for ff(): 166
[t=1.12295s, 16156 KB] g=190, 18587 evaluated, 1802 expanded
[t=1.12298s, 16156 KB] New best heuristic value for ff(): 165
[t=1.12339s, 16156 KB] g=191, 18593 evaluated, 1804 expanded
[t=1.12785s, 16156 KB] New best heuristic value for ff(): 164
[t=1.12865s, 16156 KB] g=192, 18689 evaluated, 1806 expanded
[t=1.13831s, 16292 KB] New best heuristic value for ff(): 163
[t=1.13865s, 16292 KB] g=193, 18874 evaluated, 1807 expanded
[t=1.14876s, 16292 KB] New best heuristic value for ff(): 162
[t=1.14893s, 16292 KB] g=194, 19059 evaluated, 1809 expanded
[t=1.16024s, 16292 KB] New best heuristic value for ff(): 161
[t=1.16041s, 16292 KB] g=196, 19256 evaluated, 1825 expanded
[t=1.16056s, 16292 KB] New best heuristic value for ff(): 160
[t=1.16082s, 16292 KB] g=197, 19261 evaluated, 1827 expanded
[t=1.18854s, 16292 KB] New best heuristic value for ff(): 159
[t=1.1893s, 16292 KB] g=198, 19748 evaluated, 1867 expanded
[t=1.18953s, 16292 KB] New best heuristic value for ff(): 158
[t=1.18969s, 16292 KB] g=199, 19753 evaluated, 1869 expanded
[t=1.19469s, 16292 KB] New best heuristic value for ff(): 157
[t=1.19484s, 16292 KB] g=200, 19848 evaluated, 1871 expanded
[t=1.20403s, 16424 KB] New best heuristic value for ff(): 156
[t=1.20473s, 16424 KB] g=201, 20033 evaluated, 1873 expanded
[t=1.2103s, 17452 KB] New best heuristic value for ff(): 155
[t=1.21127s, 17452 KB] g=203, 20137 evaluated, 1889 expanded
[t=1.22182s, 17452 KB] New best heuristic value for ff(): 154
[t=1.22286s, 17452 KB] g=205, 20340 evaluated, 1916 expanded
[t=1.22771s, 17452 KB] New best heuristic value for ff(): 153
[t=1.22794s, 17452 KB] g=206, 20434 evaluated, 1917 expanded
[t=1.23222s, 17452 KB] New best heuristic value for ff(): 152
[t=1.23312s, 17452 KB] g=207, 20528 evaluated, 1919 expanded
[t=1.23323s, 17452 KB] New best heuristic value for ff(): 151
[t=1.2334s, 17452 KB] g=208, 20531 evaluated, 1921 expanded
[t=1.23741s, 17452 KB] New best heuristic value for ff(): 150
[t=1.23847s, 17452 KB] g=209, 20623 evaluated, 1925 expanded
[t=1.2385s, 17452 KB] New best heuristic value for ff(): 149
[t=1.23862s, 17452 KB] g=210, 20624 evaluated, 1927 expanded
[t=1.26151s, 17452 KB] New best heuristic value for ff(): 148
[t=1.26175s, 17452 KB] g=211, 21025 evaluated, 1963 expanded
[t=1.27932s, 17452 KB] New best heuristic value for ff(): 147
[t=1.28011s, 17452 KB] g=213, 21346 evaluated, 2005 expanded
[t=1.28014s, 17452 KB] New best heuristic value for ff(): 146
[t=1.28025s, 17452 KB] g=214, 21347 evaluated, 2006 expanded
[t=1.29095s, 17452 KB] New best heuristic value for ff(): 145
[t=1.29149s, 17452 KB] g=215, 21542 evaluated, 2028 expanded
[t=1.29152s, 17452 KB] New best heuristic value for ff(): 144
[t=1.29181s, 17452 KB] g=216, 21546 evaluated, 2030 expanded
[t=1.30436s, 17452 KB] New best heuristic value for ff(): 143
[t=1.30479s, 17452 KB] g=217, 21765 evaluated, 2068 expanded
[t=1.30482s, 17452 KB] New best heuristic value for ff(): 142
[t=1.30512s, 17452 KB] g=218, 21769 evaluated, 2070 expanded
[t=1.31689s, 17452 KB] New best heuristic value for ff(): 141
[t=1.31745s, 17452 KB] g=219, 21986 evaluated, 2109 expanded
[t=1.32209s, 17452 KB] New best heuristic value for ff(): 140
[t=1.32252s, 17452 KB] g=220, 22079 evaluated, 2111 expanded
[t=1.32255s, 17452 KB] New best heuristic value for ff(): 139
[t=1.32267s, 17452 KB] g=221, 22080 evaluated, 2113 expanded
[t=1.32727s, 17452 KB] New best heuristic value for ff(): 138
[t=1.32808s, 17452 KB] g=222, 22178 evaluated, 2123 expanded
[t=1.32828s, 17452 KB] New best heuristic value for ff(): 137
[t=1.32858s, 17452 KB] g=223, 22185 evaluated, 2125 expanded
[t=1.33562s, 17452 KB] New best heuristic value for ff(): 136
[t=1.33606s, 17452 KB] g=224, 22311 evaluated, 2165 expanded
[t=1.34604s, 17452 KB] New best heuristic value for ff(): 135
[t=1.34654s, 17452 KB] g=225, 22500 evaluated, 2167 expanded
[t=1.35118s, 17452 KB] New best heuristic value for ff(): 134
[t=1.35173s, 17452 KB] g=226, 22597 evaluated, 2169 expanded
[t=1.35176s, 17452 KB] New best heuristic value for ff(): 133
[t=1.35202s, 17452 KB] g=227, 22601 evaluated, 2171 expanded
[t=1.36374s, 17452 KB] New best heuristic value for ff(): 132
[t=1.36435s, 17452 KB] g=228, 22816 evaluated, 2199 expanded
[t=1.36474s, 17452 KB] New best heuristic value for ff(): 131
[t=1.36488s, 17452 KB] g=229, 22824 evaluated, 2201 expanded
[t=1.38781s, 17452 KB] New best heuristic value for ff(): 130
[t=1.38879s, 17452 KB] g=230, 23235 evaluated, 2239 expanded
[t=1.38882s, 17452 KB] New best heuristic value for ff(): 129
[t=1.38911s, 17452 KB] g=231, 23239 evaluated, 2241 expanded
[t=1.41727s, 17452 KB] New best heuristic value for ff(): 128
[t=1.41782s, 17452 KB] g=232, 23730 evaluated, 2277 expanded
[t=1.42233s, 17452 KB] New best heuristic value for ff(): 127
[t=1.42293s, 17452 KB] g=233, 23825 evaluated, 2279 expanded
[t=1.42754s, 17452 KB] New best heuristic value for ff(): 126
[t=1.42797s, 17452 KB] g=235, 23919 evaluated, 2283 expanded
[t=1.428s, 17452 KB] New best heuristic value for ff(): 125
[t=1.42835s, 17452 KB] g=236, 23925 evaluated, 2284 expanded
[t=1.45058s, 17464 KB] New best heuristic value for ff(): 124
[t=1.45113s, 17464 KB] g=237, 24316 evaluated, 2316 expanded
[t=1.45116s, 17464 KB] New best heuristic value for ff(): 123
[t=1.4514s, 17464 KB] g=238, 24319 evaluated, 2318 expanded
[t=1.46569s, 17464 KB] New best heuristic value for ff(): 122
[t=1.4663s, 17464 KB] g=239, 24596 evaluated, 2320 expanded
[t=1.46633s, 17464 KB] New best heuristic value for ff(): 121
[t=1.46682s, 17464 KB] g=240, 24604 evaluated, 2322 expanded
[t=1.48507s, 17864 KB] New best heuristic value for ff(): 120
[t=1.48564s, 17864 KB] g=241, 24900 evaluated, 2352 expanded
[t=1.48605s, 17864 KB] New best heuristic value for ff(): 119
[t=1.48617s, 17864 KB] g=242, 24908 evaluated, 2354 expanded
[t=1.50282s, 17864 KB] New best heuristic value for ff(): 118
[t=1.50331s, 17864 KB] g=243, 25207 evaluated, 2389 expanded
[t=1.50334s, 17864 KB] New best heuristic value for ff(): 117
[t=1.50358s, 17864 KB] g=244, 25210 evaluated, 2391 expanded
[t=1.5122s, 17864 KB] New best heuristic value for ff(): 116
[t=1.5131s, 17864 KB] g=245, 25396 evaluated, 2393 expanded
[t=1.5174s, 17864 KB] New best heuristic value for ff(): 115
[t=1.51843s, 17864 KB] g=247, 25496 evaluated, 2401 expanded
[t=1.51846s, 17864 KB] New best heuristic value for ff(): 114
[t=1.51899s, 17864 KB] g=248, 25505 evaluated, 2403 expanded
[t=1.52384s, 17864 KB] New best heuristic value for ff(): 113
[t=1.52457s, 17864 KB] g=249, 25606 evaluated, 2423 expanded
[t=1.52466s, 17864 KB] New best heuristic value for ff(): 112
[t=1.5251s, 17864 KB] g=250, 25615 evaluated, 2424 expanded
[t=1.53722s, 17864 KB] New best heuristic value for ff(): 111
[t=1.5377s, 17864 KB] g=251, 25836 evaluated, 2457 expanded
[t=1.53774s, 17864 KB] New best heuristic value for ff(): 110
[t=1.53814s, 17864 KB] g=252, 25842 evaluated, 2459 expanded
[t=1.54241s, 17864 KB] New best heuristic value for ff(): 109
[t=1.54332s, 17864 KB] g=253, 25942 evaluated, 2461 expanded
[t=1.5476s, 17864 KB] New best heuristic value for ff(): 108
[t=1.54828s, 17864 KB] g=254, 26033 evaluated, 2473 expanded
[t=1.55282s, 17864 KB] New best heuristic value for ff(): 107
[t=1.55367s, 17864 KB] g=256, 26132 evaluated, 2487 expanded
[t=1.57485s, 17864 KB] New best heuristic value for ff(): 106
[t=1.57528s, 17864 KB] g=258, 26527 evaluated, 2519 expanded
[t=1.57531s, 17864 KB] New best heuristic value for ff(): 105
[t=1.57571s, 17864 KB] g=259, 26533 evaluated, 2521 expanded
[t=1.58001s, 17864 KB] New best heuristic value for ff(): 104
[t=1.58062s, 17864 KB] g=260, 26628 evaluated, 2523 expanded
[t=1.58944s, 17864 KB] New best heuristic value for ff(): 103
[t=1.59006s, 17864 KB] g=261, 26814 evaluated, 2525 expanded
[t=1.59463s, 17864 KB] New best heuristic value for ff(): 102
[t=1.59483s, 17864 KB] g=262, 26907 evaluated, 2527 expanded
[t=1.59986s, 18000 KB] New best heuristic value for ff(): 101
[t=1.60004s, 18000 KB] g=264, 27005 evaluated, 2537 expanded
[t=1.60007s, 18000 KB] New best heuristic value for ff(): 100
[t=1.6005s, 18000 KB] g=265, 27012 evaluated, 2539 expanded
[t=1.60611s, 18000 KB] New best heuristic value for ff(): 99
[t=1.60641s, 18000 KB] g=266, 27120 evaluated, 2555 expanded
[t=1.60713s, 18000 KB] New best heuristic value for ff(): 98
[t=1.60727s, 18000 KB] g=267, 27134 evaluated, 2557 expanded
[t=1.62384s, 18000 KB] New best heuristic value for ff(): 97
[t=1.62433s, 18000 KB] g=268, 27435 evaluated, 2589 expanded
[t=1.62904s, 18000 KB] New best heuristic value for ff(): 96
[t=1.62921s, 18000 KB] g=269, 27530 evaluated, 2591 expanded
[t=1.6332s, 18000 KB] New best heuristic value for ff(): 95
[t=1.63394s, 18000 KB] g=270, 27623 evaluated, 2593 expanded
[t=1.63434s, 18000 KB] New best heuristic value for ff(): 94
[t=1.63452s, 18000 KB] g=271, 27632 evaluated, 2595 expanded
[t=1.64156s, 18000 KB] New best heuristic value for ff(): 93
[t=1.64173s, 18000 KB] g=272, 27759 evaluated, 2627 expanded
[t=1.64617s, 18000 KB] New best heuristic value for ff(): 92
[t=1.64662s, 18000 KB] g=273, 27854 evaluated, 2629 expanded
[t=1.6509s, 18000 KB] New best heuristic value for ff(): 91
[t=1.65174s, 18000 KB] g=274, 27953 evaluated, 2631 expanded
[t=1.65605s, 18000 KB] New best heuristic value for ff(): 90
[t=1.65658s, 18000 KB] g=275, 28048 evaluated, 2633 expanded
[t=1.66337s, 18132 KB] New best heuristic value for ff(): 89
[t=1.6635s, 18132 KB] g=277, 28171 evaluated, 2666 expanded
[t=1.66353s, 18132 KB] New best heuristic value for ff(): 88
[t=1.66377s, 18132 KB] g=278, 28174 evaluated, 2668 expanded
[t=1.66857s, 18132 KB] New best heuristic value for ff(): 87
[t=1.66882s, 18132 KB] g=279, 28274 evaluated, 2670 expanded
[t=1.67275s, 18132 KB] New best heuristic value for ff(): 86
[t=1.67341s, 18132 KB] g=280, 28363 evaluated, 2676 expanded
[t=1.67903s, 18132 KB] New best heuristic value for ff(): 85
[t=1.67925s, 18132 KB] g=281, 28462 evaluated, 2678 expanded
[t=1.70105s, 18132 KB] New best heuristic value for ff(): 84
[t=1.70133s, 18132 KB] g=282, 28850 evaluated, 2700 expanded
[t=1.7252s, 18752 KB] New best heuristic value for ff(): 83
[t=1.72629s, 18752 KB] g=284, 29259 evaluated, 2732 expanded
[t=1.72632s, 18752 KB] New best heuristic value for ff(): 82
[t=1.7266s, 18752 KB] g=285, 29263 evaluated, 2734 expanded
[t=1.73138s, 18752 KB] New best heuristic value for ff(): 81
[t=1.73162s, 18752 KB] g=286, 29362 evaluated, 2736 expanded
[t=1.74288s, 18752 KB] New best heuristic value for ff(): 80
[t=1.74399s, 18752 KB] g=287, 29580 evaluated, 2762 expanded
[t=1.77962s, 18752 KB] New best heuristic value for ff(): 79
[t=1.78067s, 18752 KB] g=289, 30260 evaluated, 2800 expanded
[t=1.7848s, 18752 KB] New best heuristic value for ff(): 78
[t=1.7853s, 18752 KB] g=290, 30353 evaluated, 2801 expanded
[t=1.78533s, 18752 KB] New best heuristic value for ff(): 77
[t=1.78579s, 18752 KB] g=291, 30361 evaluated, 2803 expanded
[t=1.80785s, 18752 KB] New best heuristic value for ff(): 76
[t=1.80836s, 18752 KB] g=292, 30753 evaluated, 2831 expanded
[t=1.81408s, 18752 KB] New best heuristic value for ff(): 75
[t=1.81423s, 18752 KB] g=293, 30853 evaluated, 2833 expanded
[t=1.8256s, 18752 KB] New best heuristic value for ff(): 74
[t=1.82644s, 18752 KB] g=294, 31068 evaluated, 2861 expanded
[t=1.8266s, 18752 KB] New best heuristic value for ff(): 73
[t=1.82684s, 18752 KB] g=295, 31073 evaluated, 2863 expanded
[t=1.83499s, 18752 KB] New best heuristic value for ff(): 72
[t=1.83592s, 18752 KB] g=296, 31257 evaluated, 2865 expanded
[t=1.84737s, 18752 KB] New best heuristic value for ff(): 71
[t=1.84783s, 18752 KB] g=298, 31481 evaluated, 2897 expanded
[t=1.8524s, 18752 KB] New best heuristic value for ff(): 70
[t=1.85255s, 18752 KB] g=299, 31575 evaluated, 2899 expanded
[t=1.85258s, 18752 KB] New best heuristic value for ff(): 69
[t=1.85306s, 18752 KB] g=300, 31583 evaluated, 2901 expanded
[t=1.88008s, 18884 KB] New best heuristic value for ff(): 68
[t=1.88073s, 18884 KB] g=301, 32072 evaluated, 2933 expanded
[t=1.88076s, 18884 KB] New best heuristic value for ff(): 67
[t=1.88101s, 18884 KB] g=302, 32075 evaluated, 2935 expanded
[t=1.88553s, 18884 KB] New best heuristic value for ff(): 66
[t=1.88607s, 18884 KB] g=303, 32174 evaluated, 2937 expanded
[t=1.89044s, 18884 KB] New best heuristic value for ff(): 65
[t=1.89052s, 18884 KB] g=304, 32261 evaluated, 2941 expanded
[t=1.89086s, 18884 KB] New best heuristic value for ff(): 64
[t=1.89104s, 18884 KB] g=305, 32269 evaluated, 2943 expanded
[t=1.89564s, 18884 KB] New best heuristic value for ff(): 63
[t=1.89578s, 18884 KB] g=306, 32361 evaluated, 2951 expanded
[t=1.89581s, 18884 KB] New best heuristic value for ff(): 62
[t=1.89646s, 18884 KB] g=307, 32372 evaluated, 2953 expanded
[t=1.90189s, 18884 KB] New best heuristic value for ff(): 61
[t=1.90269s, 18884 KB] g=308, 32487 evaluated, 2978 expanded
[t=1.90815s, 18884 KB] New best heuristic value for ff(): 60
[t=1.90857s, 18884 KB] g=309, 32585 evaluated, 2980 expanded
[t=1.91232s, 18884 KB] New best heuristic value for ff(): 59
[t=1.91317s, 18884 KB] g=310, 32678 evaluated, 2982 expanded
[t=1.92281s, 18884 KB] New best heuristic value for ff(): 58
[t=1.92351s, 18884 KB] g=311, 32869 evaluated, 2984 expanded
[t=1.92698s, 18884 KB] New best heuristic value for ff(): 57
[t=1.92785s, 18884 KB] g=312, 32956 evaluated, 2986 expanded
[t=1.928s, 18884 KB] New best heuristic value for ff(): 56
[t=1.9286s, 18884 KB] g=313, 32969 evaluated, 2988 expanded
[t=1.93844s, 19016 KB] New best heuristic value for ff(): 55
[t=1.93913s, 19016 KB] g=314, 33159 evaluated, 3002 expanded
[t=1.9405s, 19016 KB] New best heuristic value for ff(): 54
[t=1.94111s, 19016 KB] g=315, 33198 evaluated, 3004 expanded
[t=1.95009s, 19016 KB] New best heuristic value for ff(): 53
[t=1.95107s, 19016 KB] g=316, 33372 evaluated, 3022 expanded
[t=1.95199s, 19016 KB] New best heuristic value for ff(): 52
[t=1.95294s, 19016 KB] g=317, 33409 evaluated, 3024 expanded
[t=1.95716s, 19016 KB] New best heuristic value for ff(): 51
[t=1.95744s, 19016 KB] g=318, 33490 evaluated, 3046 expanded
[t=1.96657s, 19016 KB] New best heuristic value for ff(): 50
[t=1.96748s, 19016 KB] g=319, 33676 evaluated, 3048 expanded
[t=1.96862s, 19016 KB] New best heuristic value for ff(): 49
[t=1.96939s, 19016 KB] g=320, 33713 evaluated, 3050 expanded
[t=1.97385s, 19016 KB] New best heuristic value for ff(): 48
[t=1.97393s, 19016 KB] g=321, 33793 evaluated, 3072 expanded
[t=1.97396s, 19016 KB] New best heuristic value for ff(): 47
[t=1.97433s, 19016 KB] g=322, 33799 evaluated, 3074 expanded
[t=1.98325s, 19016 KB] New best heuristic value for ff(): 46
[t=1.98365s, 19016 KB] g=323, 33991 evaluated, 3076 expanded
[t=1.98819s, 19152 KB] New best heuristic value for ff(): 45
[t=1.98845s, 19152 KB] g=324, 34086 evaluated, 3078 expanded
[t=1.99306s, 19152 KB] New best heuristic value for ff(): 44
[t=1.99322s, 19152 KB] g=325, 34182 evaluated, 3080 expanded
[t=1.99758s, 19152 KB] New best heuristic value for ff(): 43
[t=1.99772s, 19152 KB] g=326, 34275 evaluated, 3081 expanded
[t=2.00385s, 19152 KB] New best heuristic value for ff(): 42
[t=2.00413s, 19152 KB] g=327, 34402 evaluated, 3083 expanded
[t=2.00698s, 19152 KB] New best heuristic value for ff(): 41
[t=2.00755s, 19152 KB] g=328, 34468 evaluated, 3092 expanded
[t=2.00905s, 19152 KB] New best heuristic value for ff(): 40
[t=2.00931s, 19152 KB] g=329, 34503 evaluated, 3094 expanded
[t=2.01322s, 19152 KB] New best heuristic value for ff(): 39
[t=2.0134s, 19152 KB] g=330, 34579 evaluated, 3109 expanded
[t=2.01425s, 19152 KB] New best heuristic value for ff(): 38
[t=2.01524s, 19152 KB] g=331, 34617 evaluated, 3110 expanded
[t=2.02474s, 19152 KB] New best heuristic value for ff(): 37
[t=2.02484s, 19152 KB] g=332, 34786 evaluated, 3128 expanded
[t=2.0289s, 19152 KB] New best heuristic value for ff(): 36
[t=2.02953s, 19152 KB] g=333, 34882 evaluated, 3130 expanded
[t=2.03328s, 19152 KB] New best heuristic value for ff(): 35
[t=2.03409s, 19152 KB] g=334, 34976 evaluated, 3132 expanded
[t=2.03822s, 19152 KB] New best heuristic value for ff(): 34
[t=2.0387s, 19152 KB] g=335, 35071 evaluated, 3134 expanded
[t=2.04036s, 19284 KB] New best heuristic value for ff(): 33
[t=2.04059s, 19284 KB] g=336, 35108 evaluated, 3136 expanded
[t=2.04342s, 19284 KB] New best heuristic value for ff(): 32
[t=2.04422s, 19284 KB] g=337, 35179 evaluated, 3144 expanded
[t=2.0455s, 19284 KB] New best heuristic value for ff(): 31
[t=2.04598s, 19284 KB] g=338, 35215 evaluated, 3145 expanded
[t=2.05493s, 19284 KB] New best heuristic value for ff(): 30
[t=2.05542s, 19284 KB] g=339, 35382 evaluated, 3160 expanded
[t=2.05546s, 19284 KB] New best heuristic value for ff(): 29
[t=2.05591s, 19284 KB] g=340, 35389 evaluated, 3162 expanded
[t=2.06009s, 19284 KB] New best heuristic value for ff(): 28
[t=2.06071s, 19284 KB] g=341, 35488 evaluated, 3164 expanded
[t=2.06845s, 19284 KB] New best heuristic value for ff(): 27
[t=2.06949s, 19284 KB] g=342, 35673 evaluated, 3166 expanded
[t=2.07051s, 19284 KB] New best heuristic value for ff(): 26
[t=2.07134s, 19284 KB] g=343, 35710 evaluated, 3168 expanded
[t=2.07364s, 19284 KB] New best heuristic value for ff(): 25
[t=2.07454s, 19284 KB] g=344, 35774 evaluated, 3174 expanded
[t=2.07583s, 19284 KB] New best heuristic value for ff(): 24
[t=2.07642s, 19284 KB] g=345, 35812 evaluated, 3176 expanded
[t=2.07983s, 19284 KB] New best heuristic value for ff(): 23
[t=2.07992s, 19284 KB] g=346, 35881 evaluated, 3182 expanded
[t=2.07995s, 19284 KB] New best heuristic value for ff(): 22
[t=2.08042s, 19284 KB] g=347, 35889 evaluated, 3184 expanded
[t=2.08396s, 19284 KB] New best heuristic value for ff(): 21
[t=2.08504s, 19284 KB] g=348, 35984 evaluated, 3189 expanded
[t=2.08603s, 19284 KB] New best heuristic value for ff(): 20
[t=2.08691s, 19284 KB] g=349, 36022 evaluated, 3191 expanded
[t=2.09021s, 19284 KB] New best heuristic value for ff(): 19
[t=2.09044s, 19284 KB] g=350, 36091 evaluated, 3201 expanded
[t=2.09047s, 19284 KB] New best heuristic value for ff(): 18
[t=2.0909s, 19284 KB] g=351, 36098 evaluated, 3203 expanded
[t=2.09543s, 19420 KB] New best heuristic value for ff(): 17
[t=2.09552s, 19420 KB] g=352, 36195 evaluated, 3205 expanded
[t=2.1038s, 19420 KB] New best heuristic value for ff(): 16
[t=2.10418s, 19420 KB] g=353, 36381 evaluated, 3207 expanded
[t=2.10798s, 19420 KB] New best heuristic value for ff(): 15
[t=2.10861s, 19420 KB] g=354, 36475 evaluated, 3209 expanded
[t=2.11006s, 19420 KB] New best heuristic value for ff(): 14
[t=2.11033s, 19420 KB] g=355, 36510 evaluated, 3211 expanded
[t=2.11214s, 19420 KB] New best heuristic value for ff(): 13
[t=2.11312s, 19420 KB] g=356, 36568 evaluated, 3213 expanded
[t=2.11527s, 19420 KB] New best heuristic value for ff(): 12
[t=2.11564s, 19420 KB] g=357, 36620 evaluated, 3215 expanded
[t=2.11734s, 19420 KB] New best heuristic value for ff(): 11
[t=2.11798s, 19420 KB] g=358, 36668 evaluated, 3217 expanded
[t=2.12047s, 19420 KB] New best heuristic value for ff(): 10
[t=2.12077s, 19420 KB] g=359, 36727 evaluated, 3219 expanded
[t=2.12255s, 19420 KB] New best heuristic value for ff(): 9
[t=2.12277s, 19420 KB] g=360, 36767 evaluated, 3223 expanded
[t=2.12568s, 19420 KB] New best heuristic value for ff(): 8
[t=2.12663s, 19420 KB] g=361, 36849 evaluated, 3225 expanded
[t=2.12697s, 19420 KB] New best heuristic value for ff(): 7
[t=2.12769s, 19420 KB] g=362, 36867 evaluated, 3229 expanded
[t=2.13611s, 19420 KB] New best heuristic value for ff(): 6
[t=2.13687s, 19420 KB] g=363, 37052 evaluated, 3231 expanded
[t=2.14133s, 21472 KB] New best heuristic value for ff(): 5
[t=2.14227s, 21472 KB] g=364, 37143 evaluated, 3233 expanded
[t=2.14234s, 21472 KB] New best heuristic value for ff(): 4
[t=2.14266s, 21472 KB] g=365, 37148 evaluated, 3235 expanded
[t=2.14667s, 21472 KB] New best heuristic value for ff(): 3
[t=2.14699s, 21472 KB] g=366, 37241 evaluated, 3237 expanded
[t=2.14702s, 21472 KB] New best heuristic value for ff(): 2
[t=2.14731s, 21472 KB] g=367, 37245 evaluated, 3239 expanded
[t=2.15068s, 21472 KB] New best heuristic value for ff(): 1
[t=2.15154s, 21472 KB] g=368, 37337 evaluated, 3241 expanded
[t=2.1517s, 21472 KB] New best heuristic value for ff(): 0
[t=2.15191s, 21472 KB] g=369, 37342 evaluated, 3243 expanded
[t=2.15193s, 21472 KB] Solution found!
[t=2.15205s, 21472 KB] Actual search time: 2.12716s
board f0 p73 (1)
up f0 f10 (1)
board f10 p5 (1)
up f10 f43 (1)
board f43 p103 (1)
board f43 p84 (1)
up f43 f67 (1)
board f67 p10 (1)
board f67 p63 (1)
down f67 f13 (1)
board f13 p67 (1)
down f13 f2 (1)
board f2 p29 (1)
board f2 p48 (1)
board f2 p53 (1)
board f2 p54 (1)
up f2 f14 (1)
board f14 p106 (1)
up f14 f36 (1)
board f36 p62 (1)
down f36 f13 (1)
depart f13 p106 (1)
down f13 f3 (1)
board f3 p31 (1)
board f3 p64 (1)
board f3 p97 (1)
depart f3 p48 (1)
up f3 f15 (1)
board f15 p21 (1)
down f15 f5 (1)
board f5 p107 (1)
board f5 p33 (1)
up f5 f16 (1)
board f16 p85 (1)
depart f16 p29 (1)
down f16 f7 (1)
board f7 p74 (1)
up f7 f17 (1)
board f17 p44 (1)
up f17 f18 (1)
board f18 p65 (1)
board f18 p95 (1)
depart f18 p103 (1)
up f18 f91 (1)
board f91 p112 (1)
down f91 f48 (1)
board f48 p19 (1)
board f48 p49 (1)
board f48 p71 (1)
board f48 p8 (1)
depart f48 p84 (1)
down f48 f14 (1)
depart f14 p19 (1)
up f14 f27 (1)
board f27 p109 (1)
up f27 f51 (1)
board f51 p2 (1)
board f51 p88 (1)
down f51 f17 (1)
depart f17 p71 (1)
up f17 f19 (1)
board f19 p20 (1)
board f19 p78 (1)
depart f19 p74 (1)
down f19 f9 (1)
depart f9 p78 (1)
up f9 f20 (1)
depart f20 p95 (1)
depart f20 p8 (1)
up f20 f21 (1)
board f21 p25 (1)
down f21 f5 (1)
depart f5 p25 (1)
up f5 f23 (1)
board f23 p76 (1)
down f23 f13 (1)
depart f13 p76 (1)
up f13 f26 (1)
board f26 p81 (1)
up f26 f28 (1)
depart f28 p2 (1)
up f28 f29 (1)
board f29 p26 (1)
up f29 f30 (1)
board f30 p24 (1)
board f30 p52 (1)
up f30 f31 (1)
board f31 p39 (1)
board f31 p40 (1)
down f31 f0 (1)
depart f0 p40 (1)
up f0 f32 (1)
board f32 p18 (1)
board f32 p28 (1)
board f32 p93 (1)
depart f32 p63 (1)
up f32 f33 (1)
board f33 p4 (1)
down f33 f27 (1)
depart f27 p4 (1)
up f27 f85 (1)
board f85 p111 (1)
down f85 f35 (1)
depart f35 p88 (1)
depart f35 p81 (1)
up f35 f67 (1)
depart f67 p33 (1)
down f67 f37 (1)
board f37 p46 (1)
up f37 f38 (1)
depart f38 p111 (1)
up f38 f40 (1)
board f40 p15 (1)
board f40 p68 (1)
board f40 p79 (1)
depart f40 p97 (1)
down f40 f22 (1)
depart f22 p79 (1)
up f22 f41 (1)
board f41 p101 (1)
up f41 f42 (1)
depart f42 p10 (1)
up f42 f43 (1)
depart f43 p31 (1)
depart f43 p18 (1)
up f43 f44 (1)
board f44 p43 (1)
up f44 f45 (1)
board f45 p110 (1)
up f45 f60 (1)
board f60 p59 (1)
down f60 f46 (1)
board f46 p66 (1)
up f46 f47 (1)
board f47 p45 (1)
board f47 p7 (1)
depart f47 p110 (1)
down f47 f6 (1)
depart f6 p45 (1)
up f6 f48 (1)
depart f48 p66 (1)
up f48 f49 (1)
board f49 p47 (1)
board f49 p75 (1)
depart f49 p28 (1)
up f49 f50 (1)
board f50 p37 (1)
board f50 p42 (1)
depart f50 p52 (1)
depart f50 p26 (1)
down f50 f20 (1)
depart f20 p42 (1)
up f20 f51 (1)
depart f51 p7 (1)
up f51 f52 (1)
board f52 p115 (1)
board f52 p51 (1)
down f52 f19 (1)
depart f19 p115 (1)
up f19 f26 (1)
depart f26 p51 (1)
up f26 f53 (1)
board f53 p17 (1)
depart f53 p5 (1)
down f53 f14 (1)
depart f14 p17 (1)
up f14 f54 (1)
board f54 p0 (1)
board f54 p38 (1)
board f54 p82 (1)
board f54 p90 (1)
down f54 f16 (1)
depart f16 p90 (1)
up f16 f23 (1)
depart f23 p0 (1)
up f23 f44 (1)
depart f44 p38 (1)
up f44 f55 (1)
board f55 p16 (1)
depart f55 p65 (1)
down f55 f4 (1)
depart f4 p16 (1)
up f4 f56 (1)
board f56 p1 (1)
board f56 p61 (1)
depart f56 p68 (1)
up f56 f57 (1)
board f57 p50 (1)
up f57 f58 (1)
board f58 p113 (1)
board f58 p12 (1)
board f58 p60 (1)
depart f58 p62 (1)
depart f58 p109 (1)
down f58 f34 (1)
depart f34 p12 (1)
up f34 f59 (1)
board f59 p102 (1)
board f59 p22 (1)
board f59 p89 (1)
depart f59 p20 (1)
down f59 f35 (1)
depart f35 p102 (1)
up f35 f88 (1)
board f88 p86 (1)
depart f88 p93 (1)
depart f88 p67 (1)
down f88 f12 (1)
depart f12 p86 (1)
up f12 f58 (1)
depart f58 p89 (1)
up f58 f61 (1)
board f61 p36 (1)
down f61 f44 (1)
depart f44 p36 (1)
up f44 f62 (1)
depart f62 p22 (1)
up f62 f64 (1)
board f64 p114 (1)
depart f64 p61 (1)
down f64 f29 (1)
depart f29 p114 (1)
up f29 f66 (1)
board f66 p13 (1)
depart f66 p60 (1)
depart f66 p1 (1)
down f66 f59 (1)
depart f59 p13 (1)
up f59 f67 (1)
depart f67 p101 (1)
up f67 f68 (1)
board f68 p6 (1)
depart f68 p37 (1)
down f68 f0 (1)
depart f0 p6 (1)
up f0 f69 (1)
board f69 p69 (1)
board f69 p92 (1)
depart f69 p85 (1)
down f69 f65 (1)
depart f65 p69 (1)
up f65 f70 (1)
board f70 p104 (1)
board f70 p116 (1)
depart f70 p59 (1)
down f70 f27 (1)
depart f27 p116 (1)
up f27 f50 (1)
depart f50 p104 (1)
up f50 f71 (1)
board f71 p100 (1)
board f71 p83 (1)
down f71 f42 (1)
depart f42 p83 (1)
down f42 f7 (1)
depart f7 p100 (1)
up f7 f72 (1)
board f72 p57 (1)
board f72 p72 (1)
board f72 p98 (1)
depart f72 p64 (1)
depart f72 p47 (1)
down f72 f39 (1)
depart f39 p72 (1)
up f39 f43 (1)
depart f43 p57 (1)
up f43 f73 (1)
depart f73 p54 (1)
depart f73 p113 (1)
depart f73 p112 (1)
up f73 f74 (1)
board f74 p56 (1)
depart f74 p98 (1)
depart f74 p92 (1)
depart f74 p75 (1)
up f74 f75 (1)
board f75 p27 (1)
board f75 p58 (1)
down f75 f35 (1)
depart f35 p27 (1)
up f35 f63 (1)
depart f63 p58 (1)
up f63 f76 (1)
board f76 p105 (1)
board f76 p14 (1)
down f76 f72 (1)
depart f72 p105 (1)
up f72 f77 (1)
board f77 p55 (1)
depart f77 p50 (1)
down f77 f74 (1)
depart f74 p55 (1)
up f74 f78 (1)
board f78 p70 (1)
board f78 p96 (1)
depart f78 p15 (1)
up f78 f79 (1)
depart f79 p82 (1)
depart f79 p24 (1)
up f79 f80 (1)
board f80 p30 (1)
board f80 p91 (1)
down f80 f25 (1)
depart f25 p91 (1)
up f25 f42 (1)
depart f42 p30 (1)
up f42 f81 (1)
board f81 p11 (1)
board f81 p35 (1)
board f81 p80 (1)
down f81 f14 (1)
depart f14 p35 (1)
up f14 f58 (1)
depart f58 p80 (1)
up f58 f70 (1)
depart f70 p11 (1)
up f70 f82 (1)
board f82 p3 (1)
depart f82 p43 (1)
up f82 f83 (1)
board f83 p94 (1)
board f83 p99 (1)
depart f83 p73 (1)
depart f83 p56 (1)
depart f83 p14 (1)
depart f83 p107 (1)
down f83 f63 (1)
depart f63 p99 (1)
up f63 f72 (1)
depart f72 p94 (1)
up f72 f84 (1)
board f84 p9 (1)
depart f84 p96 (1)
depart f84 p53 (1)
depart f84 p39 (1)
down f84 f57 (1)
depart f57 p9 (1)
up f57 f86 (1)
board f86 p23 (1)
board f86 p77 (1)
board f86 p87 (1)
depart f86 p3 (1)
down f86 f55 (1)
depart f55 p23 (1)
down f55 f7 (1)
depart f7 p77 (1)
up f7 f68 (1)
depart f68 p87 (1)
up f68 f87 (1)
board f87 p108 (1)
board f87 p32 (1)
board f87 p34 (1)
depart f87 p44 (1)
depart f87 p21 (1)
down f87 f4 (1)
depart f4 p32 (1)
up f4 f54 (1)
depart f54 p34 (1)
up f54 f78 (1)
depart f78 p108 (1)
up f78 f89 (1)
board f89 p41 (1)
depart f89 p49 (1)
down f89 f9 (1)
depart f9 p41 (1)
up f9 f90 (1)
depart f90 p46 (1)
up f90 f91 (1)
depart f91 p70 (1)
[t=2.15212s, 21472 KB] Plan length: 369 step(s).
[t=2.15212s, 21472 KB] Plan cost: 369
[t=2.15212s, 21472 KB] Timestamp: 1684375041038 millisecond(s).
[t=2.15212s, 21472 KB] Expanded 3245 state(s).
[t=2.15212s, 21472 KB] Reopened 0 state(s).
[t=2.15212s, 21472 KB] Evaluated 37343 state(s).
[t=2.15212s, 21472 KB] Evaluations: 37343
[t=2.15212s, 21472 KB] Generated 299813 state(s).
[t=2.15212s, 21472 KB] Dead ends: 0 state(s).
[t=2.15212s, 21472 KB] Number of registered states: 37343
[t=2.15212s, 21472 KB] Int hash set load factor: 37343/65536 = 0.569809
[t=2.15212s, 21472 KB] Int hash set resizes: 16
[t=2.15212s, 21472 KB] Search time: 2.12753s
[t=2.15212s, 21472 KB] Total time: 2.15212s
Solution found.
Peak memory: 21472 KB
Remove intermediate file output.sas
search exit code: 0

INFO     Running validate.
INFO     validate stdin: None
INFO     validate time limit: None
INFO     validate memory limit: None
INFO     validate command line string: validate domain.pddl problem.pddl sas_plan
Checking plan: sas_plan
Plan executed successfully - checking goal
Plan valid
Final value: 369 

Successful plans:
Value: 369
 sas_plan 369 

validate exit code: 0

INFO     Planner time: 2.90s
