INFO     planner time limit: 600s
INFO     planner memory limit: 3584 MB

INFO     Running translator.
INFO     translator stdin: None
INFO     translator time limit: 599s
INFO     translator memory limit: 3584 MB
INFO     translator command line string: /usr/local/downward-projects/downward/experiments/src/thesis/.venv/bin/python3 /usr/local/downward-projects/downward/experiments/src/thesis/data/thesis-thesis_exp/code-84c08dfff1890fbf6247184940c8166177195ea1_e5e41175/builds/release/bin/translate/translate.py domain.pddl problem.pddl --sas-file output.sas
Parsing...
Parsing: [0.070s CPU, 0.081s wall-clock]
Normalizing task... [0.010s CPU, 0.005s wall-clock]
Instantiating...
Generating Datalog program... [0.060s CPU, 0.055s wall-clock]
Normalizing Datalog program...
Normalizing Datalog program: [0.000s CPU, 0.004s wall-clock]
Preparing model... [0.170s CPU, 0.173s wall-clock]
Generated 6 rules.
Computing model... [0.300s CPU, 0.306s wall-clock]
44782 relevant atoms
17169 auxiliary atoms
61951 final queue length
82367 total queue pushes
Completing instantiation... [0.430s CPU, 0.440s wall-clock]
Instantiating: [0.990s CPU, 1.005s wall-clock]
Computing fact groups...
Finding invariants...
4 initial candidates
Finding invariants: [0.010s CPU, 0.003s wall-clock]
Checking invariant weight... [0.000s CPU, 0.006s wall-clock]
Instantiating groups... [0.010s CPU, 0.006s wall-clock]
Collecting mutex groups... [0.010s CPU, 0.005s wall-clock]
Choosing groups...
3481 uncovered facts
Choosing groups: [0.070s CPU, 0.078s wall-clock]
Building translation key... [0.010s CPU, 0.011s wall-clock]
Computing fact groups: [0.160s CPU, 0.156s wall-clock]
Building STRIPS to SAS dictionary... [0.000s CPU, 0.008s wall-clock]
Building dictionary for full mutex groups... [0.020s CPU, 0.006s wall-clock]
Building mutex information...
Building mutex information: [0.000s CPU, 0.005s wall-clock]
Translating task...
Processing axioms...
Simplifying axioms... [0.000s CPU, 0.000s wall-clock]
Translator axioms removed by simplifying: 0
Computing negative axioms... [0.000s CPU, 0.000s wall-clock]
Processing axioms: [0.010s CPU, 0.014s wall-clock]
Translating task: [0.460s CPU, 0.463s wall-clock]
0 effect conditions simplified
0 implied preconditions added
Detecting unreachable propositions...
0 operators removed
0 axioms removed
3 propositions removed
Detecting unreachable propositions: [0.320s CPU, 0.323s wall-clock]
Reordering and filtering variables...
3481 of 3481 variables necessary.
0 of 1 mutex groups necessary.
13688 of 13688 operators necessary.
0 of 0 axiom rules necessary.
Reordering and filtering variables: [0.050s CPU, 0.052s wall-clock]
Translator variables: 3481
Translator derived variables: 0
Translator facts: 10441
Translator goal facts: 3480
Translator mutex groups: 0
Translator total mutex groups size: 0
Translator operators: 13688
Translator axioms: 0
Translator task size: 72150
Translator peak memory: 92868 KB
Writing output... [0.060s CPU, 0.067s wall-clock]
Done! [2.170s CPU, 2.198s wall-clock]
translate exit code: 0

INFO     Running search (release).
INFO     search stdin: output.sas
INFO     search time limit: 597s
INFO     search memory limit: 3584 MB
INFO     search command line string: /usr/local/downward-projects/downward/experiments/src/thesis/data/thesis-thesis_exp/code-84c08dfff1890fbf6247184940c8166177195ea1_e5e41175/builds/release/bin/downward --evaluator 'h=ff()' --search 'eager(partition(h, h_partition(), inter_uniform(), intra_uniform() )) ' --internal-plan-file sas_plan < output.sas
[t=0.00105143s, 11732 KB] reading input...
[t=0.0493556s, 16996 KB] done reading input!
[t=0.0535163s, 18468 KB] Simplifying 27372 unary operators... done! [27372 unary operators]
[t=0.0649778s, 20936 KB] time to simplify: 0.0125142s
[t=0.067049s, 20936 KB] Initializing additive heuristic...
[t=0.0672593s, 20936 KB] Initializing FF heuristic...
[t=0.0672901s, 20936 KB] Building successor generator...done!
[t=0.0697437s, 20936 KB] peak memory difference for successor generator creation: 0 KB
[t=0.0698062s, 20936 KB] time for successor generation creation: 0.00158735s
[t=0.0701241s, 20936 KB] Variables: 3481
[t=0.0701659s, 20936 KB] FactPairs: 10441
[t=0.0701899s, 20936 KB] Bytes per state: 440
[t=0.0702131s, 20936 KB] Conducting best first search without reopening closed nodes, (real) bound = 2147483647
[t=0.0711333s, 20936 KB] New best heuristic value for ff(): 3480
[t=0.0712004s, 20936 KB] g=0, 1 evaluated, 0 expanded
[t=0.0712279s, 20936 KB] Initial heuristic value for ff(): 3480
[t=0.0712597s, 20936 KB] pruning method: none
[t=0.0712834s, 20936 KB] Start Timestep: 1693681234193 millisecond(s).
[t=0.0742344s, 20936 KB] New best heuristic value for ff(): 3479
[t=0.0748658s, 20936 KB] g=2, 7 evaluated, 2 expanded
[t=0.102539s, 20936 KB] New best heuristic value for ff(): 3478
[t=0.102839s, 20936 KB] g=5, 57 evaluated, 15 expanded
[t=0.167482s, 20936 KB] New best heuristic value for ff(): 3477
[t=0.167616s, 20936 KB] g=10, 170 evaluated, 48 expanded
[t=0.222592s, 20936 KB] New best heuristic value for ff(): 3476
[t=0.222934s, 20936 KB] g=14, 264 evaluated, 76 expanded
[t=0.979005s, 20936 KB] New best heuristic value for ff(): 3475
[t=0.979493s, 20936 KB] g=18, 1375 evaluated, 402 expanded
[t=8.64325s, 24144 KB] New best heuristic value for ff(): 3474
[t=8.6442s, 24144 KB] g=21, 7341 evaluated, 2140 expanded
[t=498.396s, 50956 KB] New best heuristic value for ff(): 3473
[t=498.398s, 50956 KB] g=26, 44300 evaluated, 12943 expanded
Peak memory: 52592 KB
caught signal 24 -- exiting
Time limit has been reached.
Remove intermediate file output.sas
search exit code: 23

Driver aborting after search
INFO     Planner time: 598.49s
