INFO     planner time limit: 900s
INFO     planner memory limit: 3584 MB

INFO     Running translator.
INFO     translator stdin: None
INFO     translator time limit: 899s
INFO     translator memory limit: 3584 MB
INFO     translator command line string: /usr/local/downward-projects/downward/experiments/.venv/bin/python3 /usr/local/downward-projects/downward/experiments/src/thesis/data/thesis-thesis_exp/code-f7a4f68fd467cf7cff4d3dfcfdfcfa2023e44324_e5e41175/builds/release/bin/translate/translate.py domain.pddl problem.pddl --sas-file output.sas
Parsing...
Parsing: [0.010s CPU, 0.005s wall-clock]
Normalizing task... [0.000s CPU, 0.000s wall-clock]
Instantiating...
Generating Datalog program... [0.000s CPU, 0.002s wall-clock]
Normalizing Datalog program...
Normalizing Datalog program: [0.000s CPU, 0.004s wall-clock]
Preparing model... [0.000s CPU, 0.004s wall-clock]
Generated 79 rules.
Computing model... [2.430s CPU, 2.456s wall-clock]
161867 relevant atoms
91848 auxiliary atoms
253715 final queue length
723983 total queue pushes
Completing instantiation... [5.300s CPU, 5.366s wall-clock]
Instantiating: [7.830s CPU, 7.931s wall-clock]
Computing fact groups...
Finding invariants...
14 initial candidates
Finding invariants: [0.230s CPU, 0.223s wall-clock]
Checking invariant weight... [0.000s CPU, 0.000s wall-clock]
Instantiating groups... [0.000s CPU, 0.000s wall-clock]
Collecting mutex groups... [0.000s CPU, 0.001s wall-clock]
Choosing groups...
3232 uncovered facts
Choosing groups: [0.000s CPU, 0.001s wall-clock]
Building translation key... [0.010s CPU, 0.010s wall-clock]
Computing fact groups: [0.260s CPU, 0.259s wall-clock]
Building STRIPS to SAS dictionary... [0.000s CPU, 0.004s wall-clock]
Building dictionary for full mutex groups... [0.010s CPU, 0.003s wall-clock]
Building mutex information...
Building mutex information: [0.000s CPU, 0.002s wall-clock]
Translating task...
Processing axioms...
Simplifying axioms... [0.000s CPU, 0.000s wall-clock]
Translator axioms removed by simplifying: 0
Computing negative axioms... [0.000s CPU, 0.000s wall-clock]
Processing axioms: [0.090s CPU, 0.087s wall-clock]
Translating task: [3.090s CPU, 3.134s wall-clock]
142272 effect conditions simplified
0 implied preconditions added
Detecting unreachable propositions...
0 operators removed
0 axioms removed
0 propositions removed
Detecting unreachable propositions: [1.930s CPU, 1.955s wall-clock]
Reordering and filtering variables...
3232 of 3232 variables necessary.
0 of 0 mutex groups necessary.
56416 of 56416 operators necessary.
0 of 0 axiom rules necessary.
Reordering and filtering variables: [2.360s CPU, 2.375s wall-clock]
Translator variables: 3232
Translator derived variables: 0
Translator facts: 6464
Translator goal facts: 64
Translator mutex groups: 0
Translator total mutex groups size: 0
Translator operators: 56416
Translator axioms: 0
Translator task size: 491488
Translator peak memory: 354540 KB
Writing output... [0.410s CPU, 0.419s wall-clock]
Done! [16.040s CPU, 16.231s wall-clock]
translate exit code: 0

INFO     Running search (release).
INFO     search stdin: output.sas
INFO     search time limit: 883s
INFO     search memory limit: 3584 MB
INFO     search command line string: /usr/local/downward-projects/downward/experiments/src/thesis/data/thesis-thesis_exp/code-f7a4f68fd467cf7cff4d3dfcfdfcfa2023e44324_e5e41175/builds/release/bin/downward --evaluator 'h=ff()' --search 'eager(alt([lwm_based_type(h), single(h)]))' --internal-plan-file sas_plan < output.sas
[t=0.00105086s, 11000 KB] reading input...
[t=0.27817s, 33708 KB] done reading input!
[t=0.310533s, 45852 KB] Simplifying 256064 unary operators... done! [183296 unary operators]
[t=0.682154s, 63212 KB] time to simplify: 0.398093s
[t=0.713658s, 63212 KB] Initializing additive heuristic...
[t=0.714739s, 63212 KB] Initializing FF heuristic...
[t=0.714771s, 63212 KB] Building successor generator...done!
[t=0.738404s, 63212 KB] peak memory difference for successor generator creation: 0 KB
[t=0.738535s, 63212 KB] time for successor generation creation: 0.0227807s
[t=0.739781s, 63212 KB] Variables: 3232
[t=0.739874s, 63212 KB] FactPairs: 6464
[t=0.7399s, 63212 KB] Bytes per state: 404
[t=0.739925s, 63212 KB] Conducting best first search without reopening closed nodes, (real) bound = 2147483647
[t=0.742875s, 63212 KB] New best heuristic value for ff(): 4
[t=0.743388s, 63212 KB] g=0, 1 evaluated, 0 expanded
[t=0.743415s, 63212 KB] Initial heuristic value for ff(): 4
[t=0.743448s, 63212 KB] pruning method: none
[t=0.743472s, 63212 KB] Start Timestep: 1684384254899 millisecond(s).
[t=0.825852s, 63212 KB] New best heuristic value for ff(): 3
[t=0.82641s, 63212 KB] g=4, 70 evaluated, 20 expanded
[t=0.832098s, 63212 KB] New best heuristic value for ff(): 2
[t=0.832384s, 63212 KB] g=5, 75 evaluated, 21 expanded
[t=2.8874s, 63212 KB] New best heuristic value for ff(): 1
[t=2.88811s, 63212 KB] g=19, 1787 evaluated, 1216 expanded
[t=2.8968s, 63212 KB] New best heuristic value for ff(): 0
[t=2.89759s, 63212 KB] g=21, 1795 evaluated, 1219 expanded
[t=2.89884s, 63212 KB] Solution found!
[t=2.89895s, 63212 KB] Actual search time: 2.15542s
move_l_down f11-0f f12-0f f12-1f f13-0f f13-1f rightl1 (1)
move_l_down f12-0f f13-0f f13-1f f14-0f f14-1f rightl1 (1)
move_l_down f13-0f f14-0f f14-1f f15-0f f15-1f rightl1 (1)
move_l_down f14-0f f15-0f f15-1f f16-0f f16-1f rightl1 (1)
move_l_down f15-0f f16-0f f16-1f f17-0f f17-1f rightl1 (1)
move_l_down f2-0f f3-0f f3-1f f4-0f f4-1f rightl0 (1)
move_l_down f3-0f f4-0f f4-1f f5-0f f5-1f rightl0 (1)
move_l_down f4-0f f5-0f f5-1f f6-0f f6-1f rightl0 (1)
move_l_down f5-0f f6-0f f6-1f f7-0f f7-1f rightl0 (1)
move_l_down f6-0f f7-0f f7-1f f8-0f f8-1f rightl0 (1)
move_l_down f7-0f f8-0f f8-1f f9-0f f9-1f rightl0 (1)
move_l_down f8-0f f9-0f f9-1f f10-0f f10-1f rightl0 (1)
move_l_down f9-0f f10-0f f10-1f f11-0f f11-1f rightl0 (1)
move_l_down f10-0f f11-0f f11-1f f12-0f f12-1f rightl0 (1)
move_l_down f16-0f f17-0f f17-1f f18-0f f18-1f rightl1 (1)
move_l_down f11-0f f12-0f f12-1f f13-0f f13-1f rightl0 (1)
move_l_down f12-0f f13-0f f13-1f f14-0f f14-1f rightl0 (1)
move_l_down f13-0f f14-0f f14-1f f15-0f f15-1f rightl0 (1)
move_l_down f14-0f f15-0f f15-1f f16-0f f16-1f rightl0 (1)
move_l_down f17-0f f18-0f f18-1f f19-0f f19-1f rightl1 (1)
move_l_down f15-0f f16-0f f16-1f f17-0f f17-1f rightl0 (1)
[t=2.89898s, 63212 KB] Plan length: 21 step(s).
[t=2.89898s, 63212 KB] Plan cost: 21
[t=2.89898s, 63212 KB] Timestamp: 1684384257081 millisecond(s).
[t=2.89898s, 63212 KB] Expanded 1220 state(s).
[t=2.89898s, 63212 KB] Reopened 0 state(s).
[t=2.89898s, 63212 KB] Evaluated 1796 state(s).
[t=2.89898s, 63212 KB] Evaluations: 1796
[t=2.89898s, 63212 KB] Generated 8009 state(s).
[t=2.89898s, 63212 KB] Dead ends: 0 state(s).
[t=2.89898s, 63212 KB] Number of registered states: 1796
[t=2.89898s, 63212 KB] Int hash set load factor: 1796/2048 = 0.876953
[t=2.89898s, 63212 KB] Int hash set resizes: 11
[t=2.89898s, 63212 KB] Search time: 2.15906s
[t=2.89898s, 63212 KB] Total time: 2.89898s
Solution found.
Peak memory: 63212 KB
Remove intermediate file output.sas
search exit code: 0

INFO     Running validate.
INFO     validate stdin: None
INFO     validate time limit: None
INFO     validate memory limit: None
INFO     validate command line string: validate domain.pddl problem.pddl sas_plan
Checking plan: sas_plan
Plan executed successfully - checking goal
Plan valid
Final value: 21 

Successful plans:
Value: 21
 sas_plan 21 

validate exit code: 0

INFO     Planner time: 19.16s
