INFO     planner time limit: 600s
INFO     planner memory limit: 3584 MB

INFO     Running translator.
INFO     translator stdin: None
INFO     translator time limit: 599s
INFO     translator memory limit: 3584 MB
INFO     translator command line string: /usr/local/downward-projects/downward/experiments/src/thesis/.venv/bin/python3 /usr/local/downward-projects/downward/experiments/src/thesis/data/thesis-thesis_exp/code-84c08dfff1890fbf6247184940c8166177195ea1_e5e41175/builds/release/bin/translate/translate.py domain.pddl problem.pddl --sas-file output.sas
Parsing...
Parsing: [0.000s CPU, 0.003s wall-clock]
Normalizing task... [0.000s CPU, 0.000s wall-clock]
Instantiating...
Generating Datalog program... [0.000s CPU, 0.001s wall-clock]
Normalizing Datalog program...
Normalizing Datalog program: [0.000s CPU, 0.002s wall-clock]
Preparing model... [0.000s CPU, 0.002s wall-clock]
Generated 50 rules.
Computing model... [0.030s CPU, 0.023s wall-clock]
1904 relevant atoms
2162 auxiliary atoms
4066 final queue length
5547 total queue pushes
Completing instantiation... [0.020s CPU, 0.026s wall-clock]
Instantiating: [0.050s CPU, 0.055s wall-clock]
Computing fact groups...
Finding invariants...
11 initial candidates
Finding invariants: [0.010s CPU, 0.004s wall-clock]
Checking invariant weight... [0.000s CPU, 0.001s wall-clock]
Instantiating groups... [0.000s CPU, 0.008s wall-clock]
Collecting mutex groups... [0.000s CPU, 0.000s wall-clock]
Choosing groups...
0 uncovered facts
Choosing groups: [0.000s CPU, 0.001s wall-clock]
Building translation key... [0.000s CPU, 0.000s wall-clock]
Computing fact groups: [0.020s CPU, 0.015s wall-clock]
Building STRIPS to SAS dictionary... [0.000s CPU, 0.000s wall-clock]
Building dictionary for full mutex groups... [0.000s CPU, 0.000s wall-clock]
Building mutex information...
Building mutex information: [0.000s CPU, 0.000s wall-clock]
Translating task...
Processing axioms...
Simplifying axioms... [0.000s CPU, 0.000s wall-clock]
Translator axioms removed by simplifying: 0
Computing negative axioms... [0.000s CPU, 0.000s wall-clock]
Processing axioms: [0.000s CPU, 0.002s wall-clock]
Translating task: [0.030s CPU, 0.029s wall-clock]
0 effect conditions simplified
0 implied preconditions added
Detecting unreachable propositions...
0 operators removed
0 axioms removed
6 propositions removed
Detecting unreachable propositions: [0.010s CPU, 0.015s wall-clock]
Reordering and filtering variables...
62 of 62 variables necessary.
112 of 118 mutex groups necessary.
1176 of 1176 operators necessary.
0 of 0 axiom rules necessary.
Reordering and filtering variables: [0.010s CPU, 0.005s wall-clock]
Translator variables: 62
Translator derived variables: 0
Translator facts: 398
Translator goal facts: 49
Translator mutex groups: 112
Translator total mutex groups size: 560
Translator operators: 1176
Translator axioms: 0
Translator task size: 7519
Translator peak memory: 37028 KB
Writing output... [0.010s CPU, 0.006s wall-clock]
Done! [0.130s CPU, 0.132s wall-clock]
translate exit code: 0

INFO     Running search (release).
INFO     search stdin: output.sas
INFO     search time limit: 599s
INFO     search memory limit: 3584 MB
INFO     search command line string: /usr/local/downward-projects/downward/experiments/src/thesis/data/thesis-thesis_exp/code-84c08dfff1890fbf6247184940c8166177195ea1_e5e41175/builds/release/bin/downward --evaluator 'h=ff()' --search 'eager(partition(h, h_partition(), inter_uniform(), intra_uniform() )) ' --internal-plan-file sas_plan < output.sas
[t=0s, 11732 KB] reading input...
[t=0.00396057s, 12100 KB] done reading input!
[t=0.00568811s, 12656 KB] Simplifying 2340 unary operators... done! [2340 unary operators]
[t=0.00844043s, 12656 KB] time to simplify: 0.00275232s
[t=0.00856678s, 12656 KB] Initializing additive heuristic...
[t=0.00868914s, 12656 KB] Initializing FF heuristic...
[t=0.00871303s, 12656 KB] Building successor generator...done!
[t=0.00923915s, 12656 KB] peak memory difference for successor generator creation: 0 KB
[t=0.0092872s, 12656 KB] time for successor generation creation: 0s
[t=0.00931109s, 12656 KB] Variables: 62
[t=0.00933701s, 12656 KB] FactPairs: 398
[t=0.00935898s, 12656 KB] Bytes per state: 20
[t=0.00938089s, 12656 KB] Conducting best first search without reopening closed nodes, (real) bound = 2147483647
[t=0.00942774s, 12656 KB] New best heuristic value for ff(): 208
[t=0.00950773s, 12656 KB] g=0, 1 evaluated, 0 expanded
[t=0.00953107s, 12656 KB] Initial heuristic value for ff(): 208
[t=0.00956004s, 12656 KB] pruning method: none
[t=0.00958281s, 12656 KB] Start Timestep: 1693712938748 millisecond(s).
[t=0.00962602s, 12656 KB] New best heuristic value for ff(): 207
[t=0.00972963s, 12656 KB] g=2, 3 evaluated, 1 expanded
[t=0.00975526s, 12656 KB] New best heuristic value for ff(): 199
[t=0.00984113s, 12656 KB] g=5, 5 evaluated, 1 expanded
[t=0.0098632s, 12656 KB] New best heuristic value for ff(): 195
[t=0.00999916s, 12656 KB] g=2, 9 evaluated, 1 expanded
[t=0.0100212s, 12656 KB] New best heuristic value for ff(): 185
[t=0.0108113s, 12656 KB] g=4, 33 evaluated, 2 expanded
[t=0.0108364s, 12656 KB] New best heuristic value for ff(): 180
[t=0.0113183s, 12656 KB] g=9, 47 evaluated, 3 expanded
[t=0.0116293s, 12656 KB] New best heuristic value for ff(): 179
[t=0.0129495s, 12656 KB] g=10, 91 evaluated, 6 expanded
[t=0.0129743s, 12656 KB] New best heuristic value for ff(): 177
[t=0.014841s, 12656 KB] g=12, 139 evaluated, 10 expanded
[t=0.0148662s, 12656 KB] New best heuristic value for ff(): 167
[t=0.0153086s, 12656 KB] g=13, 150 evaluated, 10 expanded
[t=0.0275359s, 12656 KB] New best heuristic value for ff(): 161
[t=0.0304977s, 12656 KB] g=12, 388 evaluated, 27 expanded
[t=0.0394952s, 12656 KB] New best heuristic value for ff(): 159
[t=0.043442s, 12656 KB] g=10, 530 evaluated, 37 expanded
[t=0.0633987s, 12788 KB] New best heuristic value for ff(): 158
[t=0.0665626s, 12788 KB] g=18, 733 evaluated, 52 expanded
[t=0.223224s, 13068 KB] New best heuristic value for ff(): 149
[t=0.22557s, 13068 KB] g=26, 1619 evaluated, 118 expanded
[t=0.354953s, 13200 KB] New best heuristic value for ff(): 145
[t=0.358969s, 13200 KB] g=21, 2131 evaluated, 156 expanded
[t=4.7447s, 15244 KB] New best heuristic value for ff(): 142
[t=4.74618s, 15244 KB] g=31, 7936 evaluated, 589 expanded
[t=5.71455s, 15432 KB] New best heuristic value for ff(): 135
[t=5.71856s, 15432 KB] g=26, 8635 evaluated, 640 expanded
Peak memory: 29776 KB
caught signal 24 -- exiting
Time limit has been reached.
Remove intermediate file output.sas
search exit code: 23

Driver aborting after search
INFO     Planner time: 598.51s
