INFO     planner time limit: 600s
INFO     planner memory limit: 3584 MB

INFO     Running translator.
INFO     translator stdin: None
INFO     translator time limit: 599s
INFO     translator memory limit: 3584 MB
INFO     translator command line string: /usr/local/downward-projects/downward/experiments/assign3/.venv/bin/python3 /usr/local/downward-projects/downward/experiments/assign3/data/assign3-anytime_exp/code-1fb14623350588fb782db39ad332c8a25eda53d6_e5e41175/builds/release/bin/translate/translate.py domain.pddl problem.pddl --sas-file output.sas
Parsing...
Parsing: [0.010s CPU, 0.004s wall-clock]
Normalizing task... [0.000s CPU, 0.000s wall-clock]
Instantiating...
Generating Datalog program... [0.000s CPU, 0.001s wall-clock]
Normalizing Datalog program...
Normalizing Datalog program: [0.000s CPU, 0.006s wall-clock]
Preparing model... [0.010s CPU, 0.003s wall-clock]
Generated 198 rules.
Computing model... [0.010s CPU, 0.013s wall-clock]
721 relevant atoms
1393 auxiliary atoms
2114 final queue length
3487 total queue pushes
Completing instantiation... [0.020s CPU, 0.018s wall-clock]
Instantiating: [0.040s CPU, 0.042s wall-clock]
Computing fact groups...
Finding invariants...
24 initial candidates
Finding invariants: [0.010s CPU, 0.010s wall-clock]
Checking invariant weight... [0.000s CPU, 0.000s wall-clock]
Instantiating groups... [0.000s CPU, 0.001s wall-clock]
Collecting mutex groups... [0.000s CPU, 0.000s wall-clock]
Choosing groups...
43 uncovered facts
Choosing groups: [0.000s CPU, 0.000s wall-clock]
Building translation key... [0.000s CPU, 0.000s wall-clock]
Computing fact groups: [0.010s CPU, 0.012s wall-clock]
Building STRIPS to SAS dictionary... [0.000s CPU, 0.000s wall-clock]
Building dictionary for full mutex groups... [0.000s CPU, 0.000s wall-clock]
Building mutex information...
Building mutex information: [0.000s CPU, 0.000s wall-clock]
Translating task...
Processing axioms...
Simplifying axioms... [0.000s CPU, 0.000s wall-clock]
Translator axioms removed by simplifying: 0
Computing negative axioms... [0.000s CPU, 0.000s wall-clock]
Processing axioms: [0.000s CPU, 0.001s wall-clock]
Translating task: [0.020s CPU, 0.017s wall-clock]
367 effect conditions simplified
0 implied preconditions added
Detecting unreachable propositions...
0 operators removed
0 axioms removed
33 propositions removed
Detecting unreachable propositions: [0.010s CPU, 0.008s wall-clock]
Reordering and filtering variables...
43 of 45 variables necessary.
6 of 18 mutex groups necessary.
472 of 472 operators necessary.
0 of 0 axiom rules necessary.
Reordering and filtering variables: [0.000s CPU, 0.003s wall-clock]
Translator variables: 43
Translator derived variables: 0
Translator facts: 104
Translator goal facts: 17
Translator mutex groups: 6
Translator total mutex groups size: 14
Translator operators: 472
Translator axioms: 0
Translator task size: 3529
Translator peak memory: 34660 KB
Writing output... [0.010s CPU, 0.003s wall-clock]
Done! [0.100s CPU, 0.090s wall-clock]
translate exit code: 0

INFO     Running search (release).
INFO     search stdin: output.sas
INFO     search time limit: 599s
INFO     search memory limit: 3584 MB
INFO     search command line string: /usr/local/downward-projects/downward/experiments/assign3/data/assign3-anytime_exp/code-1fb14623350588fb782db39ad332c8a25eda53d6_e5e41175/builds/release/bin/downward --evaluator 'h=lmcut()' --search 'iterated([
            lazy_wastar([h],w=5),
            lazy_wastar([h],w=4),
            lazy_wastar([h],w=3),
            lazy_wastar([h],w=2),
            astar(h)
        ],continue_on_fail=true)' --internal-plan-file sas_plan < output.sas
[t=0.00159309s, 10884 KB] reading input...
[t=0.00312831s, 11008 KB] done reading input!
[t=0.00624885s, 11404 KB] Initializing landmark cut heuristic...
[t=0.00635174s, 11404 KB] Building successor generator...done!
[t=0.00663635s, 11404 KB] peak memory difference for successor generator creation: 0 KB
[t=0.00668711s, 11404 KB] time for successor generation creation: 0s
[t=0.00671173s, 11404 KB] Variables: 43
[t=0.00673933s, 11404 KB] FactPairs: 104
[t=0.00676268s, 11404 KB] Bytes per state: 8
[t=0.00678656s, 11404 KB] Start Timestep: 1682009904796 millisecond(s).
[t=0.00687022s, 11404 KB] Building successor generator...done!
[t=0.00696303s, 11404 KB] peak memory difference for successor generator creation: 0 KB
[t=0.00700243s, 11404 KB] time for successor generation creation: 0s
[t=0.00702683s, 11404 KB] Variables: 43
[t=0.00705091s, 11404 KB] FactPairs: 104
[t=0.00707463s, 11404 KB] Bytes per state: 8
[t=0.00709858s, 11404 KB] Starting search: lazy_wastar([h],w=5)
[t=0.00714275s, 11404 KB] Conducting lazy best first search, (real) bound = 2147483647
[t=0.00716701s, 11404 KB] Start Timestep: 1682009904797 millisecond(s).
[t=0.0071914s, 11404 KB] New best heuristic value for lmcut(): 245
[t=0.00737054s, 11404 KB] g=0, 1 evaluated, 0 expanded
[t=0.00739501s, 11404 KB] Initial heuristic value for lmcut(): 245
[t=0.00742579s, 11404 KB] New best heuristic value for lmcut(): 235
[t=0.00756466s, 11404 KB] g=10, 2 evaluated, 1 expanded
[t=0.00758897s, 11404 KB] New best heuristic value for lmcut(): 220
[t=0.00772644s, 11404 KB] g=25, 3 evaluated, 2 expanded
[t=0.00775137s, 11404 KB] New best heuristic value for lmcut(): 215
[t=0.00787586s, 11404 KB] g=35, 4 evaluated, 3 expanded
[t=0.00804809s, 11404 KB] New best heuristic value for lmcut(): 185
[t=0.00823317s, 11404 KB] g=65, 7 evaluated, 6 expanded
[t=0.0082595s, 11404 KB] New best heuristic value for lmcut(): 175
[t=0.0087517s, 11404 KB] g=75, 12 evaluated, 11 expanded
[t=0.00877709s, 11404 KB] New best heuristic value for lmcut(): 145
[t=0.00906454s, 11404 KB] g=105, 15 evaluated, 14 expanded
[t=0.00911631s, 11404 KB] New best heuristic value for lmcut(): 100
[t=0.00956644s, 11404 KB] g=150, 20 evaluated, 19 expanded
[t=0.010062s, 11404 KB] New best heuristic value for lmcut(): 80
[t=0.0101349s, 11404 KB] g=170, 27 evaluated, 26 expanded
[t=0.0101608s, 11404 KB] New best heuristic value for lmcut(): 70
[t=0.0105302s, 11404 KB] g=185, 32 evaluated, 31 expanded
[t=0.0105564s, 11404 KB] New best heuristic value for lmcut(): 65
[t=0.0110729s, 11404 KB] g=195, 40 evaluated, 39 expanded
[t=0.0110991s, 11404 KB] New best heuristic value for lmcut(): 45
[t=0.0115771s, 11404 KB] g=225, 48 evaluated, 47 expanded
[t=0.0116046s, 11404 KB] New best heuristic value for lmcut(): 35
[t=0.0120629s, 11404 KB] g=235, 57 evaluated, 56 expanded
[t=0.0120893s, 11404 KB] New best heuristic value for lmcut(): 25
[t=0.0125505s, 11404 KB] g=245, 67 evaluated, 66 expanded
[t=0.0130727s, 11404 KB] New best heuristic value for lmcut(): 10
[t=0.0131074s, 11404 KB] g=260, 81 evaluated, 80 expanded
[t=0.0131332s, 11404 KB] Solution found!
[t=0.0134891s, 11404 KB] Actual search time: 0.00629772s
do-plane p5 planer0 rough mauve glazed (10)
do-grind p5 grinder0 smooth natural untreated untreated (15)
do-immersion-varnish p5 immersion-varnisher0 black verysmooth (10)
do-plane p4 planer0 verysmooth black varnished (30)
do-immersion-varnish p4 immersion-varnisher0 mauve smooth (10)
do-plane p2 planer0 rough black glazed (30)
do-grind p2 grinder0 smooth natural untreated untreated (45)
do-glaze p2 glazer0 blue (20)
do-grind p0 grinder0 verysmooth natural glazed untreated (15)
do-immersion-varnish p0 immersion-varnisher0 black verysmooth (10)
load-highspeed-saw b0 highspeed-saw0 (30)
cut-board-medium b0 p1 highspeed-saw0 walnut smooth s6 s5 s4 (10)
cut-board-medium b0 p3 highspeed-saw0 walnut smooth s4 s3 s2 (10)
do-glaze p1 glazer0 blue (15)
do-immersion-varnish p3 immersion-varnisher0 black smooth (10)
[t=0.0136704s, 11404 KB] Plan length: 15 step(s).
[t=0.0137063s, 11404 KB] Plan cost: 270
[t=0.0137302s, 11404 KB] Solution Timestep: 1682009904804 millisecond(s).
[t=0.0137546s, 11404 KB] Timestamp: 1682009904804 millisecond(s).
[t=0.0137798s, 11404 KB] Expanded 91 state(s).
[t=0.0138038s, 11404 KB] Reopened 0 state(s).
[t=0.0138277s, 11404 KB] Evaluated 92 state(s).
[t=0.0138508s, 11404 KB] Evaluations: 92
[t=0.0138735s, 11404 KB] Generated 1484 state(s).
[t=0.0138973s, 11404 KB] Dead ends: 0 state(s).
[t=0.0139209s, 11404 KB] Number of registered states: 92
[t=0.0139492s, 11404 KB] Int hash set load factor: 92/128 = 0.71875
[t=0.0139741s, 11404 KB] Int hash set resizes: 7
[t=0.0140012s, 11404 KB] Best solution cost so far: 270
[t=0.0140257s, 11404 KB] Solution found - keep searching
[t=0.0140495s, 11404 KB] Building successor generator...done!
[t=0.0141516s, 11404 KB] peak memory difference for successor generator creation: 0 KB
[t=0.0141909s, 11404 KB] time for successor generation creation: 0s
[t=0.0142159s, 11404 KB] Variables: 43
[t=0.0142414s, 11404 KB] FactPairs: 104
[t=0.0142646s, 11404 KB] Bytes per state: 8
[t=0.0142881s, 11404 KB] Starting search: lazy_wastar([h],w=4)
[t=0.0143199s, 11404 KB] Conducting lazy best first search, (real) bound = 270
[t=0.014344s, 11404 KB] Start Timestep: 1682009904805 millisecond(s).
[t=0.014369s, 11404 KB] New best heuristic value for lmcut(): 245
[t=0.0145344s, 11404 KB] g=0, 1 evaluated, 0 expanded
[t=0.0145591s, 11404 KB] Initial heuristic value for lmcut(): 245
[t=0.0146989s, 11404 KB] New best heuristic value for lmcut(): 235
[t=0.0147344s, 11404 KB] g=10, 2 evaluated, 1 expanded
[t=0.0147583s, 11404 KB] New best heuristic value for lmcut(): 220
[t=0.0148963s, 11404 KB] g=25, 3 evaluated, 2 expanded
[t=0.0149214s, 11404 KB] New best heuristic value for lmcut(): 215
[t=0.0150451s, 11404 KB] g=35, 4 evaluated, 3 expanded
[t=0.0150689s, 11404 KB] New best heuristic value for lmcut(): 185
[t=0.0153802s, 11404 KB] g=65, 7 evaluated, 6 expanded
[t=0.015673s, 11404 KB] New best heuristic value for lmcut(): 175
[t=0.0159062s, 11404 KB] g=75, 12 evaluated, 11 expanded
[t=0.0159321s, 11404 KB] New best heuristic value for lmcut(): 145
[t=0.0162156s, 11404 KB] g=105, 15 evaluated, 14 expanded
[t=0.016254s, 11404 KB] New best heuristic value for lmcut(): 100
[t=0.0166908s, 11404 KB] g=150, 20 evaluated, 19 expanded
[t=0.0167165s, 11404 KB] New best heuristic value for lmcut(): 80
[t=0.0172549s, 11404 KB] g=170, 27 evaluated, 26 expanded
[t=0.0172811s, 11404 KB] New best heuristic value for lmcut(): 70
[t=0.0176371s, 11404 KB] g=185, 32 evaluated, 31 expanded
[t=0.0176672s, 11404 KB] New best heuristic value for lmcut(): 65
[t=0.0181864s, 11404 KB] g=195, 40 evaluated, 39 expanded
[t=0.0182135s, 11404 KB] New best heuristic value for lmcut(): 45
[t=0.0186741s, 11404 KB] g=225, 48 evaluated, 47 expanded
[t=0.0187089s, 11404 KB] New best heuristic value for lmcut(): 35
[t=0.0190733s, 11404 KB] g=235, 55 evaluated, 54 expanded
[t=0.0191007s, 11404 KB] New best heuristic value for lmcut(): 25
[t=0.0194531s, 11404 KB] g=245, 63 evaluated, 62 expanded
[t=0.0196799s, 11404 KB] New best heuristic value for lmcut(): 10
[t=0.0197789s, 11404 KB] g=260, 71 evaluated, 70 expanded
[t=0.0291133s, 11404 KB] Solution found!
[t=0.0296963s, 11404 KB] Actual search time: 0.0153273s
do-plane p5 planer0 rough mauve glazed (10)
do-grind p5 grinder0 smooth natural untreated untreated (15)
do-immersion-varnish p5 immersion-varnisher0 black verysmooth (10)
do-plane p4 planer0 verysmooth black varnished (30)
do-immersion-varnish p4 immersion-varnisher0 mauve smooth (10)
do-plane p2 planer0 rough black glazed (30)
do-grind p2 grinder0 smooth natural untreated untreated (45)
do-glaze p2 glazer0 blue (20)
do-grind p0 grinder0 verysmooth natural glazed untreated (15)
do-spray-varnish p0 spray-varnisher0 black verysmooth (5)
load-highspeed-saw b0 highspeed-saw0 (30)
cut-board-medium b0 p1 highspeed-saw0 walnut smooth s6 s5 s4 (10)
cut-board-medium b0 p3 highspeed-saw0 walnut smooth s4 s3 s2 (10)
do-glaze p1 glazer0 blue (15)
do-immersion-varnish p3 immersion-varnisher0 black smooth (10)
[t=0.0298727s, 11404 KB] Plan length: 15 step(s).
[t=0.0299097s, 11404 KB] Plan cost: 265
[t=0.0299343s, 11404 KB] Solution Timestep: 1682009904821 millisecond(s).
[t=0.0299607s, 11404 KB] Timestamp: 1682009904821 millisecond(s).
[t=0.0299916s, 11404 KB] Expanded 404 state(s).
[t=0.0300152s, 11404 KB] Reopened 86 state(s).
[t=0.0300383s, 11404 KB] Evaluated 405 state(s).
[t=0.0300612s, 11404 KB] Evaluations: 319
[t=0.0300844s, 11404 KB] Generated 6671 state(s).
[t=0.030108s, 11404 KB] Dead ends: 0 state(s).
[t=0.0301311s, 11404 KB] Number of registered states: 319
[t=0.0301541s, 11404 KB] Int hash set load factor: 319/512 = 0.623047
[t=0.0301846s, 11404 KB] Int hash set resizes: 9
[t=0.0302077s, 11404 KB] Best solution cost so far: 265
[t=0.0302313s, 11404 KB] Solution found - keep searching
[t=0.0302542s, 11404 KB] Building successor generator...done!
[t=0.0303527s, 11404 KB] peak memory difference for successor generator creation: 0 KB
[t=0.0303908s, 11404 KB] time for successor generation creation: 0s
[t=0.0304152s, 11404 KB] Variables: 43
[t=0.030441s, 11404 KB] FactPairs: 104
[t=0.0304648s, 11404 KB] Bytes per state: 8
[t=0.0304884s, 11404 KB] Starting search: lazy_wastar([h],w=3)
[t=0.0305205s, 11404 KB] Conducting lazy best first search, (real) bound = 265
[t=0.0305438s, 11404 KB] Start Timestep: 1682009904822 millisecond(s).
[t=0.030567s, 11404 KB] New best heuristic value for lmcut(): 245
[t=0.0307317s, 11404 KB] g=0, 1 evaluated, 0 expanded
[t=0.0307563s, 11404 KB] Initial heuristic value for lmcut(): 245
[t=0.0308011s, 11404 KB] New best heuristic value for lmcut(): 235
[t=0.030932s, 11404 KB] g=10, 2 evaluated, 1 expanded
[t=0.0309562s, 11404 KB] New best heuristic value for lmcut(): 220
[t=0.0310951s, 11404 KB] g=25, 3 evaluated, 2 expanded
[t=0.0311201s, 11404 KB] New best heuristic value for lmcut(): 215
[t=0.0312435s, 11404 KB] g=35, 4 evaluated, 3 expanded
[t=0.0314718s, 11404 KB] New best heuristic value for lmcut(): 185
[t=0.0316125s, 11404 KB] g=65, 7 evaluated, 6 expanded
[t=0.0317725s, 11404 KB] New best heuristic value for lmcut(): 175
[t=0.0321419s, 11404 KB] g=75, 12 evaluated, 11 expanded
[t=0.0321682s, 11404 KB] New best heuristic value for lmcut(): 145
[t=0.0324557s, 11404 KB] g=105, 15 evaluated, 14 expanded
[t=0.0327798s, 11404 KB] New best heuristic value for lmcut(): 100
[t=0.0329246s, 11404 KB] g=150, 20 evaluated, 19 expanded
[t=0.0329505s, 11404 KB] New best heuristic value for lmcut(): 80
[t=0.0334908s, 11404 KB] g=170, 27 evaluated, 26 expanded
[t=0.0337867s, 11404 KB] New best heuristic value for lmcut(): 70
[t=0.0338911s, 11404 KB] g=185, 32 evaluated, 31 expanded
[t=0.0339173s, 11404 KB] New best heuristic value for lmcut(): 65
[t=0.0344346s, 11404 KB] g=195, 40 evaluated, 39 expanded
[t=0.034793s, 11404 KB] New best heuristic value for lmcut(): 45
[t=0.0349289s, 11404 KB] g=225, 48 evaluated, 47 expanded
[t=0.0352607s, 11404 KB] New best heuristic value for lmcut(): 35
[t=0.0353265s, 11404 KB] g=235, 55 evaluated, 54 expanded
[t=0.0353536s, 11404 KB] New best heuristic value for lmcut(): 25
[t=0.035629s, 11404 KB] g=245, 61 evaluated, 60 expanded
[t=0.0357807s, 11404 KB] New best heuristic value for lmcut(): 10
[t=0.0359424s, 11404 KB] g=260, 69 evaluated, 68 expanded
[t=0.0452248s, 11404 KB] New best heuristic value for lmcut(): 5
[t=0.045675s, 11404 KB] g=260, 494 evaluated, 493 expanded, 184 reopened
[t=0.0683406s, 11404 KB] Solution found!
[t=0.068762s, 11404 KB] Actual search time: 0.038195s
do-plane p5 planer0 rough mauve glazed (10)
do-grind p5 grinder0 smooth natural untreated untreated (15)
do-immersion-varnish p5 immersion-varnisher0 black verysmooth (10)
do-plane p4 planer0 verysmooth black varnished (30)
do-immersion-varnish p4 immersion-varnisher0 mauve smooth (10)
do-plane p2 planer0 rough black glazed (30)
do-grind p2 grinder0 smooth natural untreated untreated (45)
do-glaze p2 glazer0 blue (20)
do-plane p0 planer0 verysmooth natural glazed (10)
do-spray-varnish p0 spray-varnisher0 black smooth (5)
load-highspeed-saw b0 highspeed-saw0 (30)
cut-board-medium b0 p1 highspeed-saw0 walnut smooth s6 s5 s4 (10)
cut-board-medium b0 p3 highspeed-saw0 walnut smooth s4 s3 s2 (10)
do-glaze p1 glazer0 blue (15)
do-immersion-varnish p3 immersion-varnisher0 black smooth (10)
[t=0.0689426s, 11404 KB] Plan length: 15 step(s).
[t=0.0689784s, 11404 KB] Plan cost: 260
[t=0.0690028s, 11404 KB] Solution Timestep: 1682009904861 millisecond(s).
[t=0.0690346s, 11404 KB] Timestamp: 1682009904861 millisecond(s).
[t=0.069061s, 11404 KB] Expanded 1311 state(s).
[t=0.0690842s, 11404 KB] Reopened 486 state(s).
[t=0.0691082s, 11404 KB] Evaluated 1312 state(s).
[t=0.0691316s, 11404 KB] Evaluations: 826
[t=0.0691554s, 11404 KB] Generated 22930 state(s).
[t=0.0691786s, 11404 KB] Dead ends: 0 state(s).
[t=0.0692023s, 11404 KB] Number of registered states: 826
[t=0.0692254s, 11404 KB] Int hash set load factor: 826/1024 = 0.806641
[t=0.0692492s, 11404 KB] Int hash set resizes: 10
[t=0.0692725s, 11404 KB] Best solution cost so far: 260
[t=0.0692956s, 11404 KB] Solution found - keep searching
[t=0.0693243s, 11404 KB] Building successor generator...done!
[t=0.0694311s, 11404 KB] peak memory difference for successor generator creation: 0 KB
[t=0.0694701s, 11404 KB] time for successor generation creation: 0s
[t=0.0694948s, 11404 KB] Variables: 43
[t=0.0695202s, 11404 KB] FactPairs: 104
[t=0.0695451s, 11404 KB] Bytes per state: 8
[t=0.0695685s, 11404 KB] Starting search: lazy_wastar([h],w=2)
[t=0.0696012s, 11404 KB] Conducting lazy best first search, (real) bound = 260
[t=0.0696239s, 11404 KB] Start Timestep: 1682009904862 millisecond(s).
[t=0.0696485s, 11404 KB] New best heuristic value for lmcut(): 245
[t=0.0698124s, 11404 KB] g=0, 1 evaluated, 0 expanded
[t=0.0698377s, 11404 KB] Initial heuristic value for lmcut(): 245
[t=0.0698674s, 11404 KB] New best heuristic value for lmcut(): 235
[t=0.0700042s, 11404 KB] g=10, 2 evaluated, 1 expanded
[t=0.0700281s, 11404 KB] New best heuristic value for lmcut(): 220
[t=0.0701574s, 11404 KB] g=25, 3 evaluated, 2 expanded
[t=0.0702327s, 11404 KB] New best heuristic value for lmcut(): 215
[t=0.070326s, 11404 KB] g=35, 4 evaluated, 3 expanded
[t=0.0703511s, 11404 KB] New best heuristic value for lmcut(): 185
[t=0.0707533s, 11404 KB] g=60, 9 evaluated, 8 expanded, 1 reopened
[t=0.0707859s, 11404 KB] New best heuristic value for lmcut(): 175
[t=0.0712789s, 11404 KB] g=70, 14 evaluated, 13 expanded, 1 reopened
[t=0.0713055s, 11404 KB] New best heuristic value for lmcut(): 145
[t=0.0715967s, 11404 KB] g=100, 17 evaluated, 16 expanded, 1 reopened
[t=0.071775s, 11404 KB] New best heuristic value for lmcut(): 100
[t=0.0720623s, 11404 KB] g=145, 22 evaluated, 21 expanded, 1 reopened
[t=0.0720881s, 11404 KB] New best heuristic value for lmcut(): 80
[t=0.072628s, 11404 KB] g=165, 29 evaluated, 28 expanded, 1 reopened
[t=0.0727803s, 11404 KB] New best heuristic value for lmcut(): 70
[t=0.0730283s, 11404 KB] g=180, 34 evaluated, 33 expanded, 1 reopened
[t=0.0730542s, 11404 KB] New best heuristic value for lmcut(): 65
[t=0.0735638s, 11404 KB] g=190, 42 evaluated, 41 expanded, 1 reopened
[t=0.0740213s, 11404 KB] New best heuristic value for lmcut(): 45
[t=0.0741262s, 11404 KB] g=215, 52 evaluated, 51 expanded, 2 reopened
[t=0.0741529s, 11404 KB] New best heuristic value for lmcut(): 35
[t=0.0745194s, 11404 KB] g=225, 59 evaluated, 58 expanded, 2 reopened
[t=0.0747939s, 11404 KB] New best heuristic value for lmcut(): 25
[t=0.0749062s, 11404 KB] g=235, 67 evaluated, 66 expanded, 2 reopened
[t=0.0749316s, 11404 KB] New best heuristic value for lmcut(): 10
[t=0.0752166s, 11404 KB] g=250, 75 evaluated, 74 expanded, 2 reopened
[t=0.0800092s, 11404 KB] New best heuristic value for lmcut(): 5
[t=0.0807917s, 11404 KB] g=255, 254 evaluated, 253 expanded, 25 reopened
[t=0.0894458s, 11404 KB] Solution found!
[t=0.0895121s, 11404 KB] Actual search time: 0.0198636s
do-plane p5 planer0 rough mauve glazed (10)
do-grind p5 grinder0 smooth natural untreated untreated (15)
do-spray-varnish p5 spray-varnisher0 black verysmooth (5)
do-plane p4 planer0 verysmooth black varnished (30)
do-immersion-varnish p4 immersion-varnisher0 mauve smooth (10)
do-plane p2 planer0 rough black glazed (30)
do-grind p2 grinder0 smooth natural untreated untreated (45)
do-glaze p2 glazer0 blue (20)
do-plane p0 planer0 verysmooth natural glazed (10)
do-spray-varnish p0 spray-varnisher0 black smooth (5)
load-highspeed-saw b0 highspeed-saw0 (30)
cut-board-medium b0 p1 highspeed-saw0 walnut smooth s6 s5 s4 (10)
cut-board-medium b0 p3 highspeed-saw0 walnut smooth s4 s3 s2 (10)
do-glaze p1 glazer0 blue (15)
do-immersion-varnish p3 immersion-varnisher0 black smooth (10)
[t=0.0896818s, 11404 KB] Plan length: 15 step(s).
[t=0.0897185s, 11404 KB] Plan cost: 255
[t=0.0897432s, 11404 KB] Solution Timestep: 1682009904883 millisecond(s).
[t=0.0897674s, 11404 KB] Timestamp: 1682009904883 millisecond(s).
[t=0.0897972s, 11404 KB] Expanded 563 state(s).
[t=0.0898201s, 11404 KB] Reopened 122 state(s).
[t=0.0898433s, 11404 KB] Evaluated 564 state(s).
[t=0.0898666s, 11404 KB] Evaluations: 442
[t=0.0898899s, 11404 KB] Generated 9970 state(s).
[t=0.0899133s, 11404 KB] Dead ends: 0 state(s).
[t=0.0899368s, 11404 KB] Number of registered states: 442
[t=0.0899601s, 11404 KB] Int hash set load factor: 442/512 = 0.863281
[t=0.0899841s, 11404 KB] Int hash set resizes: 9
[t=0.0900059s, 11404 KB] Best solution cost so far: 255
[t=0.0900289s, 11404 KB] Solution found - keep searching
[t=0.0900519s, 11404 KB] Building successor generator...done!
[t=0.0901404s, 11404 KB] peak memory difference for successor generator creation: 0 KB
[t=0.0901861s, 11404 KB] time for successor generation creation: 0s
[t=0.090211s, 11404 KB] Variables: 43
[t=0.0902357s, 11404 KB] FactPairs: 104
[t=0.0902579s, 11404 KB] Bytes per state: 8
[t=0.0902808s, 11404 KB] Starting search: astar(h)
[t=0.0903105s, 11404 KB] Conducting best first search with reopening closed nodes, (real) bound = 255
[t=0.0903343s, 11404 KB] New best heuristic value for lmcut(): 245
[t=0.0904986s, 11404 KB] g=0, 1 evaluated, 0 expanded
[t=0.090523s, 11404 KB] f = 245, 1 evaluated, 0 expanded
[t=0.0905467s, 11404 KB] Initial heuristic value for lmcut(): 245
[t=0.0905721s, 11404 KB] pruning method: none
[t=0.0905947s, 11404 KB] Start Timestep: 1682009904884 millisecond(s).
[t=0.0906244s, 11404 KB] New best heuristic value for lmcut(): 235
[t=0.0907733s, 11404 KB] g=10, 2 evaluated, 1 expanded
[t=0.0907975s, 11404 KB] New best heuristic value for lmcut(): 215
[t=0.0910476s, 11404 KB] g=30, 4 evaluated, 1 expanded
[t=0.0910798s, 11404 KB] New best heuristic value for lmcut(): 205
[t=0.0918335s, 11404 KB] g=40, 11 evaluated, 2 expanded
[t=0.0920894s, 11404 KB] New best heuristic value for lmcut(): 185
[t=0.0924138s, 11404 KB] g=60, 16 evaluated, 2 expanded
[t=0.0924389s, 11404 KB] New best heuristic value for lmcut(): 175
[t=0.0930421s, 11404 KB] g=70, 22 evaluated, 3 expanded
[t=0.0931948s, 11404 KB] New best heuristic value for lmcut(): 140
[t=0.0935985s, 11404 KB] g=105, 27 evaluated, 3 expanded
[t=0.0941238s, 11404 KB] New best heuristic value for lmcut(): 130
[t=0.0944747s, 11404 KB] g=115, 36 evaluated, 4 expanded
[t=0.0945015s, 11404 KB] New best heuristic value for lmcut(): 120
[t=0.0951711s, 11404 KB] g=125, 43 evaluated, 4 expanded
[t=0.0951977s, 11404 KB] New best heuristic value for lmcut(): 110
[t=0.0957121s, 11404 KB] g=135, 49 evaluated, 5 expanded
[t=0.0961573s, 11404 KB] New best heuristic value for lmcut(): 100
[t=0.0963295s, 11404 KB] g=155, 56 evaluated, 5 expanded
[t=0.0963556s, 11404 KB] New best heuristic value for lmcut(): 95
[t=0.096606s, 11404 KB] g=150, 59 evaluated, 6 expanded
[t=0.0971677s, 11404 KB] New best heuristic value for lmcut(): 90
[t=0.0974053s, 11404 KB] g=165, 69 evaluated, 6 expanded
[t=0.0974322s, 11404 KB] New best heuristic value for lmcut(): 85
[t=0.0979954s, 11404 KB] g=160, 77 evaluated, 7 expanded
[t=0.0981738s, 11404 KB] New best heuristic value for lmcut(): 75
[t=0.0984536s, 11404 KB] g=180, 83 evaluated, 7 expanded
[t=0.0984793s, 11404 KB] New best heuristic value for lmcut(): 65
[t=0.0991823s, 11404 KB] g=190, 94 evaluated, 8 expanded
[t=0.0992156s, 11404 KB] New best heuristic value for lmcut(): 55
[t=0.0999846s, 11404 KB] g=200, 107 evaluated, 9 expanded
[t=0.100208s, 11404 KB] New best heuristic value for lmcut(): 50
[t=0.100672s, 11404 KB] g=205, 119 evaluated, 10 expanded
[t=0.100865s, 11404 KB] New best heuristic value for lmcut(): 45
[t=0.101249s, 11404 KB] g=210, 129 evaluated, 11 expanded
[t=0.270021s, 11668 KB] f = 250, 2487 evaluated, 315 expanded
[t=0.374398s, 11940 KB] f = 255, 3970 evaluated, 525 expanded
[t=0.374996s, 11940 KB] New best heuristic value for lmcut(): 35
[t=0.37506s, 11940 KB] g=220, 3973 evaluated, 526 expanded
[t=0.375087s, 11940 KB] New best heuristic value for lmcut(): 25
[t=0.375417s, 11940 KB] g=230, 3981 evaluated, 527 expanded
[t=0.375445s, 11940 KB] New best heuristic value for lmcut(): 20
[t=0.375627s, 11940 KB] g=235, 3986 evaluated, 527 expanded
[t=0.375656s, 11940 KB] New best heuristic value for lmcut(): 10
[t=0.375878s, 11940 KB] g=245, 3992 evaluated, 528 expanded
[t=0.380161s, 11940 KB] New best heuristic value for lmcut(): 5
[t=0.380375s, 11940 KB] g=250, 4144 evaluated, 557 expanded
[t=2.58242s, 13668 KB] f = 260, 46905 evaluated, 6232 expanded
[t=3.9312s, 15116 KB] f = 265, 72881 evaluated, 10172 expanded
[t=5.85931s, 16200 KB] f = 270, 106665 evaluated, 16586 expanded
[t=7.77609s, 18384 KB] f = 275, 140062 evaluated, 23464 expanded
[t=9.34225s, 18976 KB] f = 280, 165573 evaluated, 29465 expanded
[t=10.8442s, 19648 KB] f = 285, 189767 evaluated, 35201 expanded
[t=13.7573s, 24828 KB] f = 290, 235386 evaluated, 47442 expanded
[t=15.5331s, 24828 KB] f = 295, 263092 evaluated, 55856 expanded
[t=18.7851s, 25584 KB] f = 300, 314414 evaluated, 73174 expanded
[t=21.3862s, 26796 KB] f = 305, 354832 evaluated, 89023 expanded
[t=26.5785s, 29352 KB] f = 310, 437477 evaluated, 116966 expanded
[t=30.5818s, 37948 KB] f = 315, 499616 evaluated, 141551 expanded
[t=36.6927s, 38124 KB] f = 320, 590922 evaluated, 178555 expanded
[t=41.9695s, 40532 KB] f = 325, 669013 evaluated, 212717 expanded
[t=47.8872s, 42960 KB] f = 330, 753286 evaluated, 254565 expanded
[t=53.4703s, 45356 KB] f = 335, 833559 evaluated, 295953 expanded
[t=59.3387s, 63228 KB] f = 340, 914305 evaluated, 344587 expanded
[t=64.0084s, 63228 KB] f = 345, 977761 evaluated, 387002 expanded
[t=69.7893s, 63228 KB] f = 350, 1055356 evaluated, 444955 expanded
[t=74.5569s, 63228 KB] f = 355, 1118242 evaluated, 496085 expanded
[t=80.2277s, 63804 KB] f = 360, 1192684 evaluated, 563572 expanded
[t=85.1824s, 65568 KB] f = 365, 1256507 evaluated, 629351 expanded
[t=90.3675s, 67468 KB] f = 370, 1322388 evaluated, 702202 expanded
[t=94.7779s, 68960 KB] f = 375, 1377210 evaluated, 772178 expanded
[t=99.0492s, 70316 KB] f = 380, 1428978 evaluated, 847328 expanded
[t=103.205s, 71676 KB] f = 385, 1479719 evaluated, 917427 expanded
[t=106.567s, 72760 KB] f = 390, 1519139 evaluated, 988034 expanded
[t=109.787s, 73844 KB] f = 395, 1556409 evaluated, 1056136 expanded
[t=112.376s, 74660 KB] f = 400, 1585673 evaluated, 1123313 expanded
[t=114.504s, 75204 KB] f = 405, 1609012 evaluated, 1185565 expanded
[t=116.383s, 75884 KB] f = 410, 1629272 evaluated, 1249938 expanded
[t=117.931s, 76288 KB] f = 415, 1645362 evaluated, 1307358 expanded
[t=119.094s, 76560 KB] f = 420, 1656944 evaluated, 1361525 expanded
[t=120.162s, 76832 KB] f = 425, 1667305 evaluated, 1415016 expanded
[t=120.84s, 76968 KB] f = 430, 1673385 evaluated, 1460574 expanded
[t=121.393s, 77104 KB] f = 435, 1678196 evaluated, 1503462 expanded
[t=121.727s, 77240 KB] f = 440, 1680699 evaluated, 1540034 expanded
[t=121.958s, 77240 KB] f = 445, 1682286 evaluated, 1570668 expanded
[t=122.097s, 77240 KB] f = 450, 1683044 evaluated, 1595284 expanded
[t=122.19s, 77240 KB] f = 455, 1683405 evaluated, 1618022 expanded
[t=122.252s, 77240 KB] f = 460, 1683613 evaluated, 1635435 expanded
[t=122.289s, 77240 KB] f = 465, 1683657 evaluated, 1650046 expanded
[t=122.316s, 77240 KB] f = 470, 1683701 evaluated, 1661988 expanded
[t=122.333s, 77240 KB] f = 475, 1683709 evaluated, 1671132 expanded
[t=122.341s, 77240 KB] f = 480, 1683717 evaluated, 1676625 expanded
[t=122.346s, 77240 KB] f = 485, 1683717 evaluated, 1680943 expanded
[t=122.348s, 77240 KB] f = 490, 1683717 evaluated, 1682815 expanded
[t=122.349s, 77240 KB] f = 495, 1683717 evaluated, 1683329 expanded
[t=122.349s, 77240 KB] Completely explored state space -- no solution!
[t=122.35s, 77240 KB] Actual search time: 122.259s
[t=122.35s, 77240 KB] Best solution cost so far: 255
[t=122.35s, 77240 KB] No solution found - keep searching
[t=122.352s, 77240 KB] Optimal Solution: found
[t=122.352s, 77240 KB] Actual search time: 122.345s
[t=122.352s, 77240 KB] Cumulative statistics:
[t=122.352s, 77240 KB] Timestamp: 1682010028231 millisecond(s).
[t=122.352s, 77240 KB] Expanded 1686086 state(s).
[t=122.352s, 77240 KB] Reopened 694 state(s).
[t=122.352s, 77240 KB] Evaluated 1686090 state(s).
[t=122.352s, 77240 KB] Evaluations: 1685396
[t=122.352s, 77240 KB] Generated 21986069 state(s).
[t=122.352s, 77240 KB] Dead ends: 0 state(s).
[t=122.352s, 77240 KB] Search time: 122.345s
[t=122.352s, 77240 KB] Total time: 122.352s
Solution found.
Peak memory: 77240 KB
Remove intermediate file output.sas
search exit code: 0

INFO     Running validate.
INFO     validate stdin: None
INFO     validate time limit: None
INFO     validate memory limit: None
INFO     validate command line string: validate domain.pddl problem.pddl sas_plan.1 sas_plan.2 sas_plan.3 sas_plan.4
Checking plan: sas_plan.1
Plan executed successfully - checking goal
Plan valid
Final value: 270 
Checking plan: sas_plan.2
Plan executed successfully - checking goal
Plan valid
Final value: 265 
Checking plan: sas_plan.3
Plan executed successfully - checking goal
Plan valid
Final value: 260 
Checking plan: sas_plan.4
Plan executed successfully - checking goal
Plan valid
Final value: 255 

Successful plans:
Value: 255
 sas_plan.4 255 

Value: 260
 sas_plan.3 260 

Value: 265
 sas_plan.2 265 

Value: 270
 sas_plan.1 270 

validate exit code: 0

INFO     Planner time: 122.55s
