INFO     planner time limit: 900s
INFO     planner memory limit: 3584 MB

INFO     Running translator.
INFO     translator stdin: None
INFO     translator time limit: 899s
INFO     translator memory limit: 3584 MB
INFO     translator command line string: /usr/local/downward-projects/downward/experiments/.venv/bin/python3 /usr/local/downward-projects/downward/experiments/src/thesis/data/thesis-thesis_exp/code-f7a4f68fd467cf7cff4d3dfcfdfcfa2023e44324_e5e41175/builds/release/bin/translate/translate.py domain.pddl problem.pddl --sas-file output.sas
Parsing...
Parsing: [0.140s CPU, 0.140s wall-clock]
Normalizing task... [0.010s CPU, 0.011s wall-clock]
Instantiating...
Generating Datalog program... [0.030s CPU, 0.023s wall-clock]
Normalizing Datalog program...
Normalizing Datalog program: [0.050s CPU, 0.052s wall-clock]
Preparing model... [0.120s CPU, 0.116s wall-clock]
Generated 3054 rules.
Computing model... [11.230s CPU, 11.257s wall-clock]
316307 relevant atoms
461382 auxiliary atoms
777689 final queue length
1388431 total queue pushes
Completing instantiation... [20.600s CPU, 20.680s wall-clock]
Instantiating: [32.870s CPU, 32.980s wall-clock]
Computing fact groups...
Finding invariants...
10 initial candidates
Finding invariants: [0.160s CPU, 0.155s wall-clock]
Checking invariant weight... [0.010s CPU, 0.009s wall-clock]
Instantiating groups... [0.000s CPU, 0.005s wall-clock]
Collecting mutex groups... [0.000s CPU, 0.002s wall-clock]
Choosing groups...
348 uncovered facts
Choosing groups: [0.010s CPU, 0.005s wall-clock]
Building translation key... [0.000s CPU, 0.002s wall-clock]
Computing fact groups: [0.190s CPU, 0.189s wall-clock]
Building STRIPS to SAS dictionary... [0.000s CPU, 0.002s wall-clock]
Building dictionary for full mutex groups... [0.010s CPU, 0.003s wall-clock]
Building mutex information...
Building mutex information: [0.000s CPU, 0.002s wall-clock]
Translating task...
Processing axioms...
Simplifying axioms... [0.000s CPU, 0.000s wall-clock]
Translator axioms removed by simplifying: 0
Computing negative axioms... [0.000s CPU, 0.000s wall-clock]
Processing axioms: [0.610s CPU, 0.613s wall-clock]
Translating task: [14.240s CPU, 14.307s wall-clock]
0 effect conditions simplified
0 implied preconditions added
Detecting unreachable propositions...
0 operators removed
0 axioms removed
392 propositions removed
Detecting unreachable propositions: [9.730s CPU, 9.746s wall-clock]
Reordering and filtering variables...
740 of 740 variables necessary.
0 of 783 mutex groups necessary.
306501 of 306501 operators necessary.
0 of 0 axiom rules necessary.
Reordering and filtering variables: [1.850s CPU, 1.862s wall-clock]
Translator variables: 740
Translator derived variables: 0
Translator facts: 2261
Translator goal facts: 391
Translator mutex groups: 0
Translator total mutex groups size: 0
Translator operators: 306501
Translator axioms: 0
Translator task size: 3144755
Translator peak memory: 1663096 KB
Writing output... [2.060s CPU, 2.069s wall-clock]
Done! [61.830s CPU, 62.035s wall-clock]
translate exit code: 0

INFO     Running search (release).
INFO     search stdin: output.sas
INFO     search time limit: 837s
INFO     search memory limit: 3584 MB
INFO     search command line string: /usr/local/downward-projects/downward/experiments/src/thesis/data/thesis-thesis_exp/code-f7a4f68fd467cf7cff4d3dfcfdfcfa2023e44324_e5e41175/builds/release/bin/downward --evaluator 'h=ff()' --search 'eager(single(h))' --internal-plan-file sas_plan < output.sas
[t=0.00105229s, 11000 KB] reading input...
[t=1.22916s, 110612 KB] done reading input!
[t=1.34353s, 154848 KB] Simplifying 612263 unary operators... done! [612263 unary operators]
[t=2.11796s, 217776 KB] time to simplify: 0.774431s
[t=2.16421s, 240740 KB] Initializing additive heuristic...
[t=2.16477s, 240740 KB] Initializing FF heuristic...
[t=2.16481s, 240740 KB] Building successor generator...done!
[t=2.36123s, 240740 KB] peak memory difference for successor generator creation: 0 KB
[t=2.36135s, 240740 KB] time for successor generation creation: 0.195503s
[t=2.3614s, 240740 KB] Variables: 740
[t=2.36143s, 240740 KB] FactPairs: 2261
[t=2.36145s, 240740 KB] Bytes per state: 144
[t=2.36148s, 240740 KB] Conducting best first search without reopening closed nodes, (real) bound = 2147483647
[t=2.38487s, 240740 KB] New best heuristic value for ff(): 1
[t=2.38546s, 240740 KB] g=0, 1 evaluated, 0 expanded
[t=2.38549s, 240740 KB] Initial heuristic value for ff(): 1
[t=2.38552s, 240740 KB] pruning method: none
[t=2.38555s, 240740 KB] Start Timestep: 1684376172888 millisecond(s).
[t=2.40227s, 240740 KB] New best heuristic value for ff(): 0
[t=2.40327s, 240740 KB] g=1, 2 evaluated, 1 expanded
Peak memory: 240740 KB
caught signal 24 -- exiting
Time limit has been reached.
Remove intermediate file output.sas
search exit code: 23

Driver aborting after search
INFO     Planner time: 893.77s
