INFO     planner time limit: 900s
INFO     planner memory limit: 3584 MB

INFO     Running translator.
INFO     translator stdin: None
INFO     translator time limit: 899s
INFO     translator memory limit: 3584 MB
INFO     translator command line string: /usr/local/downward-projects/downward/experiments/.venv/bin/python3 /usr/local/downward-projects/downward/experiments/src/thesis/data/thesis-thesis_exp/code-f7a4f68fd467cf7cff4d3dfcfdfcfa2023e44324_e5e41175/builds/release/bin/translate/translate.py domain.pddl problem.pddl --sas-file output.sas
Parsing...
Parsing: [0.010s CPU, 0.007s wall-clock]
Normalizing task... [0.000s CPU, 0.000s wall-clock]
Instantiating...
Generating Datalog program... [0.010s CPU, 0.004s wall-clock]
Normalizing Datalog program...
Normalizing Datalog program: [0.000s CPU, 0.002s wall-clock]
Preparing model... [0.010s CPU, 0.010s wall-clock]
Generated 51 rules.
Computing model... [1.260s CPU, 1.273s wall-clock]
97645 relevant atoms
78546 auxiliary atoms
176191 final queue length
233899 total queue pushes
Completing instantiation... [2.830s CPU, 2.873s wall-clock]
Instantiating: [4.170s CPU, 4.218s wall-clock]
Computing fact groups...
Finding invariants...
6 initial candidates
Finding invariants: [0.010s CPU, 0.013s wall-clock]
Checking invariant weight... [0.000s CPU, 0.001s wall-clock]
Instantiating groups... [0.080s CPU, 0.076s wall-clock]
Collecting mutex groups... [0.010s CPU, 0.014s wall-clock]
Choosing groups...
0 uncovered facts
Choosing groups: [0.040s CPU, 0.040s wall-clock]
Building translation key... [0.020s CPU, 0.014s wall-clock]
Computing fact groups: [0.250s CPU, 0.256s wall-clock]
Building STRIPS to SAS dictionary... [0.010s CPU, 0.013s wall-clock]
Building dictionary for full mutex groups... [0.010s CPU, 0.009s wall-clock]
Building mutex information...
Building mutex information: [0.010s CPU, 0.007s wall-clock]
Translating task...
Processing axioms...
Simplifying axioms... [0.000s CPU, 0.000s wall-clock]
Translator axioms removed by simplifying: 0
Computing negative axioms... [0.000s CPU, 0.000s wall-clock]
Processing axioms: [0.080s CPU, 0.081s wall-clock]
Translating task: [2.000s CPU, 2.023s wall-clock]
0 effect conditions simplified
0 implied preconditions added
Detecting unreachable propositions...
0 operators removed
0 axioms removed
72 propositions removed
Detecting unreachable propositions: [1.200s CPU, 1.227s wall-clock]
Reordering and filtering variables...
72 of 72 variables necessary.
0 of 72 mutex groups necessary.
75556 of 75556 operators necessary.
0 of 0 axiom rules necessary.
Reordering and filtering variables: [0.140s CPU, 0.140s wall-clock]
Translator variables: 72
Translator derived variables: 0
Translator facts: 18804
Translator goal facts: 32
Translator mutex groups: 0
Translator total mutex groups size: 0
Translator operators: 75556
Translator axioms: 0
Translator task size: 302152
Translator peak memory: 263860 KB
Writing output... [0.260s CPU, 0.268s wall-clock]
Done! [8.160s CPU, 8.267s wall-clock]
translate exit code: 0

INFO     Running search (release).
INFO     search stdin: output.sas
INFO     search time limit: 891s
INFO     search memory limit: 3584 MB
INFO     search command line string: /usr/local/downward-projects/downward/experiments/src/thesis/data/thesis-thesis_exp/code-f7a4f68fd467cf7cff4d3dfcfdfcfa2023e44324_e5e41175/builds/release/bin/downward --evaluator 'h=ff()' --search 'eager(alt([type_based([h, g()], random_seed=-1), single(h)]))' --internal-plan-file sas_plan < output.sas
[t=0.00209958s, 11000 KB] reading input...
[t=0.190695s, 29988 KB] done reading input!
[t=0.205293s, 34292 KB] Simplifying 75556 unary operators... done! [75556 unary operators]
[t=0.273474s, 41256 KB] time to simplify: 0.0744981s
[t=0.281841s, 41256 KB] Initializing additive heuristic...
[t=0.282751s, 41256 KB] Initializing FF heuristic...
[t=0.282814s, 41256 KB] Building successor generator...done!
[t=0.319552s, 48428 KB] peak memory difference for successor generator creation: 7172 KB
[t=0.319658s, 48428 KB] time for successor generation creation: 0.0366107s
[t=0.32048s, 48428 KB] Variables: 72
[t=0.321301s, 48428 KB] FactPairs: 18804
[t=0.321326s, 48428 KB] Bytes per state: 72
[t=0.32135s, 48428 KB] Conducting best first search without reopening closed nodes, (real) bound = 2147483647
[t=0.323566s, 48428 KB] New best heuristic value for ff(): 299
[t=0.323725s, 48428 KB] g=0, 1 evaluated, 0 expanded
[t=0.323753s, 48428 KB] Initial heuristic value for ff(): 299
[t=0.323785s, 48428 KB] pruning method: none
[t=0.323809s, 48428 KB] Start Timestep: 1684389074077 millisecond(s).
[t=0.324547s, 48428 KB] New best heuristic value for ff(): 298
[t=0.325218s, 48428 KB] g=1, 2 evaluated, 1 expanded
[t=1.14324s, 48428 KB] New best heuristic value for ff(): 297
[t=1.14432s, 48428 KB] g=1, 843 evaluated, 1 expanded
[t=1.14844s, 48428 KB] New best heuristic value for ff(): 296
[t=1.14944s, 48428 KB] g=2, 848 evaluated, 2 expanded
[t=1.95196s, 48428 KB] New best heuristic value for ff(): 295
[t=1.95299s, 48428 KB] g=3, 1669 evaluated, 3 expanded
[t=3.58243s, 48428 KB] New best heuristic value for ff(): 294
[t=3.58357s, 48428 KB] g=4, 3332 evaluated, 5 expanded
[t=5.23509s, 48428 KB] New best heuristic value for ff(): 293
[t=5.23616s, 48428 KB] g=5, 4997 evaluated, 7 expanded
[t=6.87849s, 48428 KB] New best heuristic value for ff(): 292
[t=6.87877s, 48428 KB] g=6, 6661 evaluated, 9 expanded
[t=8.51377s, 48428 KB] New best heuristic value for ff(): 291
[t=8.5145s, 48428 KB] g=7, 8326 evaluated, 11 expanded
[t=10.1437s, 48428 KB] New best heuristic value for ff(): 290
[t=10.144s, 48428 KB] g=8, 9991 evaluated, 13 expanded
[t=11.7776s, 48428 KB] New best heuristic value for ff(): 289
[t=11.7787s, 48428 KB] g=9, 11654 evaluated, 15 expanded
[t=13.4178s, 48428 KB] New best heuristic value for ff(): 288
[t=13.418s, 48428 KB] g=10, 13323 evaluated, 17 expanded
[t=15.0714s, 48428 KB] New best heuristic value for ff(): 287
[t=15.0716s, 48428 KB] g=11, 15008 evaluated, 19 expanded
[t=16.6856s, 48428 KB] New best heuristic value for ff(): 286
[t=16.6857s, 48428 KB] g=12, 16656 evaluated, 21 expanded
[t=17.5119s, 48428 KB] New best heuristic value for ff(): 285
[t=17.5128s, 48428 KB] g=13, 17499 evaluated, 22 expanded
[t=18.3781s, 48428 KB] New best heuristic value for ff(): 284
[t=18.3788s, 48428 KB] g=14, 18382 evaluated, 23 expanded
[t=19.9992s, 48428 KB] New best heuristic value for ff(): 283
[t=19.9999s, 48428 KB] g=15, 20032 evaluated, 25 expanded
[t=21.6325s, 48428 KB] New best heuristic value for ff(): 282
[t=21.6334s, 48428 KB] g=16, 21696 evaluated, 27 expanded
[t=23.2728s, 48428 KB] New best heuristic value for ff(): 281
[t=23.2732s, 48428 KB] g=17, 23364 evaluated, 29 expanded
[t=24.9092s, 48428 KB] New best heuristic value for ff(): 280
[t=24.9099s, 48428 KB] g=18, 25027 evaluated, 31 expanded
[t=26.561s, 48428 KB] New best heuristic value for ff(): 279
[t=26.5617s, 48428 KB] g=19, 26691 evaluated, 33 expanded
[t=28.2023s, 48428 KB] New best heuristic value for ff(): 278
[t=28.2031s, 48428 KB] g=20, 28355 evaluated, 35 expanded
[t=29.8424s, 48428 KB] New best heuristic value for ff(): 277
[t=29.8425s, 48428 KB] g=21, 30026 evaluated, 37 expanded
[t=31.4942s, 48428 KB] New best heuristic value for ff(): 276
[t=31.4948s, 48428 KB] g=22, 31710 evaluated, 39 expanded
[t=33.1298s, 48428 KB] New best heuristic value for ff(): 275
[t=33.1305s, 48428 KB] g=23, 33375 evaluated, 41 expanded
[t=34.7666s, 48428 KB] New best heuristic value for ff(): 274
[t=34.7675s, 48428 KB] g=24, 35044 evaluated, 43 expanded
[t=36.4099s, 48428 KB] New best heuristic value for ff(): 273
[t=36.411s, 48428 KB] g=25, 36715 evaluated, 45 expanded
[t=38.0559s, 48428 KB] New best heuristic value for ff(): 272
[t=38.0563s, 48428 KB] g=26, 38387 evaluated, 47 expanded
[t=39.6798s, 48428 KB] New best heuristic value for ff(): 271
[t=39.6804s, 48428 KB] g=27, 40050 evaluated, 49 expanded
[t=41.3115s, 48724 KB] New best heuristic value for ff(): 270
[t=41.3117s, 48724 KB] g=28, 41714 evaluated, 51 expanded
[t=44.5692s, 48992 KB] New best heuristic value for ff(): 269
[t=44.5696s, 48992 KB] g=29, 45028 evaluated, 55 expanded
[t=46.1941s, 49124 KB] New best heuristic value for ff(): 268
[t=46.1944s, 49124 KB] g=30, 46675 evaluated, 57 expanded
[t=47.84s, 49392 KB] New best heuristic value for ff(): 267
[t=47.8408s, 49392 KB] g=31, 48340 evaluated, 59 expanded
[t=49.7233s, 49528 KB] New best heuristic value for ff(): 266
[t=49.7241s, 49528 KB] g=32, 50261 evaluated, 61 expanded
[t=53.9157s, 49928 KB] New best heuristic value for ff(): 265
[t=53.9165s, 49928 KB] g=34, 54508 evaluated, 67 expanded
[t=55.5366s, 50060 KB] New best heuristic value for ff(): 264
[t=55.5368s, 50060 KB] g=35, 56156 evaluated, 69 expanded
[t=57.1719s, 50324 KB] New best heuristic value for ff(): 263
[t=57.1722s, 50324 KB] g=36, 57827 evaluated, 71 expanded
[t=59.3352s, 51560 KB] New best heuristic value for ff(): 262
[t=59.3356s, 51560 KB] g=37, 60029 evaluated, 73 expanded
[t=60.9441s, 51560 KB] New best heuristic value for ff(): 261
[t=60.9443s, 51560 KB] g=38, 61683 evaluated, 75 expanded
[t=62.5667s, 51560 KB] New best heuristic value for ff(): 260
[t=62.5669s, 51560 KB] g=39, 63339 evaluated, 77 expanded
[t=63.9008s, 51560 KB] New best heuristic value for ff(): 259
[t=63.9014s, 51560 KB] g=40, 64710 evaluated, 79 expanded
[t=98.4908s, 55040 KB] New best heuristic value for ff(): 258
[t=98.4914s, 55040 KB] g=42, 99974 evaluated, 122 expanded
[t=162.206s, 62708 KB] New best heuristic value for ff(): 257
[t=162.206s, 62708 KB] g=44, 164794 evaluated, 201 expanded
[t=163.83s, 62844 KB] New best heuristic value for ff(): 256
[t=163.83s, 62844 KB] g=45, 166446 evaluated, 203 expanded
[t=165.468s, 62976 KB] New best heuristic value for ff(): 255
[t=165.468s, 62976 KB] g=46, 168112 evaluated, 205 expanded
[t=167.647s, 63244 KB] New best heuristic value for ff(): 254
[t=167.648s, 63244 KB] g=47, 170325 evaluated, 207 expanded
[t=230.061s, 73324 KB] New best heuristic value for ff(): 253
[t=230.061s, 73324 KB] g=49, 233713 evaluated, 285 expanded
[t=231.686s, 73324 KB] New best heuristic value for ff(): 252
[t=231.687s, 73324 KB] g=50, 235365 evaluated, 287 expanded
[t=233.334s, 73324 KB] New best heuristic value for ff(): 251
[t=233.335s, 73324 KB] g=51, 237041 evaluated, 289 expanded
[t=235.521s, 73324 KB] New best heuristic value for ff(): 250
[t=235.521s, 73324 KB] g=52, 239265 evaluated, 291 expanded
[t=237.145s, 73324 KB] New best heuristic value for ff(): 249
[t=237.145s, 73324 KB] g=53, 240918 evaluated, 293 expanded
[t=238.77s, 73324 KB] New best heuristic value for ff(): 248
[t=238.771s, 73324 KB] g=54, 242576 evaluated, 295 expanded
[t=240.173s, 73324 KB] New best heuristic value for ff(): 247
[t=240.173s, 73324 KB] g=55, 244008 evaluated, 297 expanded
[t=242.041s, 73324 KB] New best heuristic value for ff(): 246
[t=242.041s, 73324 KB] g=56, 245911 evaluated, 299 expanded
[t=243.667s, 73324 KB] New best heuristic value for ff(): 245
[t=243.668s, 73324 KB] g=57, 247569 evaluated, 301 expanded
[t=244.946s, 73324 KB] New best heuristic value for ff(): 244
[t=244.946s, 73324 KB] g=58, 248872 evaluated, 303 expanded
[t=246.956s, 73460 KB] New best heuristic value for ff(): 243
[t=246.957s, 73460 KB] g=59, 250919 evaluated, 305 expanded
[t=248.585s, 73596 KB] New best heuristic value for ff(): 242
[t=248.586s, 73596 KB] g=60, 252577 evaluated, 307 expanded
[t=250.207s, 73728 KB] New best heuristic value for ff(): 241
[t=250.208s, 73728 KB] g=61, 254234 evaluated, 309 expanded
[t=251.352s, 73860 KB] New best heuristic value for ff(): 240
[t=251.353s, 73860 KB] g=62, 255401 evaluated, 311 expanded
[t=344.803s, 83828 KB] New best heuristic value for ff(): 239
[t=344.805s, 83828 KB] g=64, 354088 evaluated, 432 expanded
[t=346.355s, 83964 KB] New best heuristic value for ff(): 238
[t=346.358s, 83964 KB] g=65, 355745 evaluated, 434 expanded
[t=347.922s, 84100 KB] New best heuristic value for ff(): 237
[t=347.924s, 84100 KB] g=66, 357422 evaluated, 436 expanded
[t=349.418s, 84232 KB] New best heuristic value for ff(): 236
[t=349.421s, 84232 KB] g=67, 359029 evaluated, 437 expanded
[t=447.898s, 101692 KB] New best heuristic value for ff(): 235
[t=447.898s, 101692 KB] g=69, 461970 evaluated, 564 expanded
[t=448.705s, 101692 KB] New best heuristic value for ff(): 234
[t=448.706s, 101692 KB] g=70, 462803 evaluated, 565 expanded
[t=450.326s, 101692 KB] New best heuristic value for ff(): 233
[t=450.327s, 101692 KB] g=71, 464470 evaluated, 567 expanded
[t=551.01s, 109332 KB] New best heuristic value for ff(): 232
[t=551.01s, 109332 KB] g=73, 567257 evaluated, 693 expanded
[t=552.626s, 109464 KB] New best heuristic value for ff(): 231
[t=552.627s, 109464 KB] g=74, 568920 evaluated, 695 expanded
[t=554.257s, 109596 KB] New best heuristic value for ff(): 230
[t=554.258s, 109596 KB] g=75, 570598 evaluated, 697 expanded
[t=555.883s, 109860 KB] New best heuristic value for ff(): 229
[t=555.883s, 109860 KB] g=76, 572276 evaluated, 699 expanded
[t=557.502s, 109992 KB] New best heuristic value for ff(): 228
[t=557.502s, 109992 KB] g=77, 573943 evaluated, 701 expanded
[t=559.615s, 110260 KB] New best heuristic value for ff(): 227
[t=559.616s, 110260 KB] g=78, 576120 evaluated, 703 expanded
[t=561.242s, 110396 KB] New best heuristic value for ff(): 226
[t=561.242s, 110396 KB] g=79, 577788 evaluated, 705 expanded
[t=562.85s, 110532 KB] New best heuristic value for ff(): 225
[t=562.851s, 110532 KB] g=80, 579442 evaluated, 707 expanded
[t=564.005s, 110664 KB] New best heuristic value for ff(): 224
[t=564.006s, 110664 KB] g=81, 580612 evaluated, 709 expanded
[t=565.649s, 110796 KB] New best heuristic value for ff(): 223
[t=565.65s, 110796 KB] g=82, 582301 evaluated, 711 expanded
[t=567.251s, 110928 KB] New best heuristic value for ff(): 222
[t=567.251s, 110928 KB] g=83, 583959 evaluated, 713 expanded
[t=569.367s, 111196 KB] New best heuristic value for ff(): 221
[t=569.367s, 111196 KB] g=84, 586141 evaluated, 715 expanded
[t=570.977s, 111332 KB] New best heuristic value for ff(): 220
[t=570.978s, 111332 KB] g=85, 587802 evaluated, 717 expanded
[t=572.703s, 111600 KB] New best heuristic value for ff(): 219
[t=572.704s, 111600 KB] g=86, 589586 evaluated, 719 expanded
[t=574.313s, 111736 KB] New best heuristic value for ff(): 218
[t=574.313s, 111736 KB] g=87, 591245 evaluated, 721 expanded
[t=575.38s, 111868 KB] New best heuristic value for ff(): 217
[t=575.381s, 111868 KB] g=88, 592346 evaluated, 723 expanded
[t=577.654s, 112000 KB] New best heuristic value for ff(): 216
[t=577.655s, 112000 KB] g=89, 594697 evaluated, 725 expanded
[t=579.278s, 112272 KB] New best heuristic value for ff(): 215
[t=579.279s, 112272 KB] g=90, 596355 evaluated, 727 expanded
[t=580.25s, 112272 KB] New best heuristic value for ff(): 214
[t=580.251s, 112272 KB] g=91, 597352 evaluated, 729 expanded
[t=736.446s, 128556 KB] New best heuristic value for ff(): 213
[t=736.447s, 128556 KB] g=93, 758828 evaluated, 929 expanded
Peak memory: 157368 KB
caught signal 24 -- exiting
Time limit has been reached.
Remove intermediate file output.sas
search exit code: 23

Driver aborting after search
INFO     Planner time: 893.16s
