INFO     planner time limit: 900s
INFO     planner memory limit: 3584 MB

INFO     Running translator.
INFO     translator stdin: None
INFO     translator time limit: 899s
INFO     translator memory limit: 3584 MB
INFO     translator command line string: /usr/local/downward-projects/downward/experiments/.venv/bin/python3 /usr/local/downward-projects/downward/experiments/src/thesis/data/thesis-thesis_exp/code-beb2e19b3d35a0ced2c328754445ca6967892fa8_e5e41175/builds/release/bin/translate/translate.py domain.pddl problem.pddl --sas-file output.sas
Parsing...
Parsing: [0.000s CPU, 0.002s wall-clock]
Normalizing task... [0.000s CPU, 0.000s wall-clock]
Instantiating...
Generating Datalog program... [0.000s CPU, 0.001s wall-clock]
Normalizing Datalog program...
Normalizing Datalog program: [0.000s CPU, 0.003s wall-clock]
Preparing model... [0.010s CPU, 0.001s wall-clock]
Generated 74 rules.
Computing model... [2.410s CPU, 2.411s wall-clock]
239136 relevant atoms
17502 auxiliary atoms
256638 final queue length
1082782 total queue pushes
Completing instantiation... [12.570s CPU, 12.588s wall-clock]
Instantiating: [15.080s CPU, 15.091s wall-clock]
Computing fact groups...
Finding invariants...
16 initial candidates
Finding invariants: [0.150s CPU, 0.156s wall-clock]
Checking invariant weight... [0.000s CPU, 0.000s wall-clock]
Instantiating groups... [0.000s CPU, 0.001s wall-clock]
Collecting mutex groups... [0.000s CPU, 0.000s wall-clock]
Choosing groups...
0 uncovered facts
Choosing groups: [0.000s CPU, 0.001s wall-clock]
Building translation key... [0.000s CPU, 0.000s wall-clock]
Computing fact groups: [0.150s CPU, 0.159s wall-clock]
Building STRIPS to SAS dictionary... [0.000s CPU, 0.000s wall-clock]
Building dictionary for full mutex groups... [0.000s CPU, 0.000s wall-clock]
Building mutex information...
Building mutex information: [0.000s CPU, 0.001s wall-clock]
Translating task...
Processing axioms...
Simplifying axioms... [0.000s CPU, 0.000s wall-clock]
Translator axioms removed by simplifying: 0
Computing negative axioms... [0.000s CPU, 0.000s wall-clock]
Processing axioms: [0.350s CPU, 0.351s wall-clock]
Translating task: [8.400s CPU, 8.406s wall-clock]
0 effect conditions simplified
0 implied preconditions added
Detecting unreachable propositions...
0 operators removed
0 axioms removed
21 propositions removed
Detecting unreachable propositions: [5.420s CPU, 5.422s wall-clock]
Reordering and filtering variables...
21 of 21 variables necessary.
0 of 21 mutex groups necessary.
180952 of 180952 operators necessary.
0 of 0 axiom rules necessary.
Reordering and filtering variables: [1.090s CPU, 1.098s wall-clock]
Translator variables: 21
Translator derived variables: 0
Translator facts: 365
Translator goal facts: 2
Translator mutex groups: 0
Translator total mutex groups size: 0
Translator operators: 180952
Translator axioms: 0
Translator task size: 1537452
Translator peak memory: 1050168 KB
Writing output... [1.040s CPU, 1.049s wall-clock]
Done! [31.640s CPU, 31.678s wall-clock]
translate exit code: 0

INFO     Running search (release).
INFO     search stdin: output.sas
INFO     search time limit: 868s
INFO     search memory limit: 3584 MB
INFO     search command line string: /usr/local/downward-projects/downward/experiments/src/thesis/data/thesis-thesis_exp/code-beb2e19b3d35a0ced2c328754445ca6967892fa8_e5e41175/builds/release/bin/downward --evaluator 'h=ff()' --search 'eager(alt([lwm_based_type(h), single(h)]))' --internal-plan-file sas_plan < output.sas
[t=0s, 11252 KB] reading input...
[t=0.671557s, 75336 KB] done reading input!
[t=0.762223s, 117156 KB] Simplifying 617488 unary operators... done! [60712 unary operators]
[t=1.58653s, 148432 KB] time to simplify: 0.824311s
[t=1.58789s, 148432 KB] Initializing additive heuristic...
[t=1.58974s, 148432 KB] Initializing FF heuristic...
[t=1.58977s, 148432 KB] Building successor generator...done!
[t=1.65692s, 148432 KB] peak memory difference for successor generator creation: 0 KB
[t=1.65704s, 148432 KB] time for successor generation creation: 0.064483s
[t=1.65828s, 148432 KB] Variables: 21
[t=1.66035s, 148432 KB] FactPairs: 365
[t=1.66038s, 148432 KB] Bytes per state: 16
[t=1.6604s, 148432 KB] Conducting best first search without reopening closed nodes, (real) bound = 2147483647
[t=1.66047s, 148432 KB] New best heuristic value for ff(): 123
[t=1.66188s, 148432 KB] g=0, 1 evaluated, 0 expanded
[t=1.66191s, 148432 KB] Initial heuristic value for ff(): 123
[t=1.66194s, 148432 KB] pruning method: none
[t=1.66196s, 148432 KB] Start Timestep: 1685767758350 millisecond(s).
[t=1.66229s, 148432 KB] New best heuristic value for ff(): 122
[t=1.66362s, 148432 KB] g=1, 3 evaluated, 1 expanded
[t=764.545s, 286548 KB] New best heuristic value for ff(): 121
[t=764.547s, 286548 KB] g=4, 1046216 evaluated, 1942 expanded
Peak memory: 352484 KB
caught signal 24 -- exiting
Time limit has been reached.
Remove intermediate file output.sas
search exit code: 23

Driver aborting after search
INFO     Planner time: 898.34s
