INFO     planner time limit: 600s
INFO     planner memory limit: 3584 MB

INFO     Running translator.
INFO     translator stdin: None
INFO     translator time limit: 599s
INFO     translator memory limit: 3584 MB
INFO     translator command line string: /usr/local/downward-projects/downward/experiments/src/thesis/.venv/bin/python3 /usr/local/downward-projects/downward/experiments/src/thesis/data/thesis-thesis_exp/code-84c08dfff1890fbf6247184940c8166177195ea1_e5e41175/builds/release/bin/translate/translate.py domain.pddl problem.pddl --sas-file output.sas
Parsing...
Parsing: [0.000s CPU, 0.006s wall-clock]
Normalizing task... [0.000s CPU, 0.000s wall-clock]
Instantiating...
Generating Datalog program... [0.000s CPU, 0.001s wall-clock]
Normalizing Datalog program...
Normalizing Datalog program: [0.020s CPU, 0.017s wall-clock]
Preparing model... [0.000s CPU, 0.006s wall-clock]
Generated 400 rules.
Computing model... [1.710s CPU, 1.707s wall-clock]
101775 relevant atoms
85912 auxiliary atoms
187687 final queue length
518762 total queue pushes
Completing instantiation... [7.630s CPU, 7.636s wall-clock]
Instantiating: [9.420s CPU, 9.437s wall-clock]
Computing fact groups...
Finding invariants...
41 initial candidates
Finding invariants: [0.140s CPU, 0.136s wall-clock]
Checking invariant weight... [0.000s CPU, 0.000s wall-clock]
Instantiating groups... [0.000s CPU, 0.000s wall-clock]
Collecting mutex groups... [0.000s CPU, 0.000s wall-clock]
Choosing groups...
723 uncovered facts
Choosing groups: [0.000s CPU, 0.000s wall-clock]
Building translation key... [0.010s CPU, 0.002s wall-clock]
Computing fact groups: [0.150s CPU, 0.142s wall-clock]
Building STRIPS to SAS dictionary... [0.000s CPU, 0.001s wall-clock]
Building dictionary for full mutex groups... [0.000s CPU, 0.001s wall-clock]
Building mutex information...
Building mutex information: [0.000s CPU, 0.000s wall-clock]
Translating task...
Processing axioms...
Simplifying axioms... [0.000s CPU, 0.000s wall-clock]
Translator axioms removed by simplifying: 0
Computing negative axioms... [0.000s CPU, 0.000s wall-clock]
Processing axioms: [0.250s CPU, 0.257s wall-clock]
Translating task: [7.630s CPU, 7.638s wall-clock]
268841 effect conditions simplified
0 implied preconditions added
Detecting unreachable propositions...
0 operators removed
0 axioms removed
2 propositions removed
Detecting unreachable propositions: [4.190s CPU, 4.197s wall-clock]
Reordering and filtering variables...
725 of 725 variables necessary.
1 of 3 mutex groups necessary.
100798 of 100798 operators necessary.
0 of 0 axiom rules necessary.
Reordering and filtering variables: [1.860s CPU, 1.860s wall-clock]
Translator variables: 725
Translator derived variables: 0
Translator facts: 1457
Translator goal facts: 8
Translator mutex groups: 1
Translator total mutex groups size: 2
Translator operators: 100798
Translator axioms: 0
Translator task size: 1215392
Translator peak memory: 685240 KB
Writing output... [0.910s CPU, 0.902s wall-clock]
Done! [24.430s CPU, 24.464s wall-clock]
translate exit code: 0

INFO     Running search (release).
INFO     search stdin: output.sas
INFO     search time limit: 575s
INFO     search memory limit: 3584 MB
INFO     search command line string: /usr/local/downward-projects/downward/experiments/src/thesis/data/thesis-thesis_exp/code-84c08dfff1890fbf6247184940c8166177195ea1_e5e41175/builds/release/bin/downward --evaluator 'h=ff()' --search 'eager(partition(h, hi_partition(), inter_uniform(), intra_uniform() )) ' --internal-plan-file sas_plan < output.sas
[t=0s, 11732 KB] reading input...
[t=0.547261s, 57220 KB] done reading input!
[t=0.627108s, 93300 KB] Simplifying 598983 unary operators... done! [596103 unary operators]
[t=6.83088s, 147484 KB] time to simplify: 6.20377s
[t=6.85875s, 147484 KB] Initializing additive heuristic...
[t=6.86181s, 147484 KB] Initializing FF heuristic...
[t=6.86184s, 147484 KB] Building successor generator...done!
[t=6.92479s, 147484 KB] peak memory difference for successor generator creation: 0 KB
[t=6.92492s, 147484 KB] time for successor generation creation: 0.0606171s
[t=6.92653s, 147484 KB] Variables: 725
[t=6.92727s, 147484 KB] FactPairs: 1457
[t=6.9273s, 147484 KB] Bytes per state: 92
[t=6.92732s, 147484 KB] Conducting best first search without reopening closed nodes, (real) bound = 2147483647
[t=6.95438s, 147484 KB] New best heuristic value for ff(): 60
[t=6.95795s, 147484 KB] g=0, 1 evaluated, 0 expanded
[t=6.95797s, 147484 KB] Initial heuristic value for ff(): 60
[t=6.95801s, 147484 KB] pruning method: none
[t=6.95803s, 147484 KB] Start Timestep: 1693694758142 millisecond(s).
[t=6.98628s, 147484 KB] New best heuristic value for ff(): 59
[t=6.98668s, 147484 KB] g=1, 2 evaluated, 1 expanded
[t=7.15403s, 147484 KB] New best heuristic value for ff(): 58
[t=7.15729s, 147484 KB] g=2, 8 evaluated, 2 expanded
[t=7.70525s, 147484 KB] New best heuristic value for ff(): 57
[t=7.70735s, 147484 KB] g=5, 28 evaluated, 12 expanded
[t=7.95331s, 147484 KB] New best heuristic value for ff(): 56
[t=7.95623s, 147484 KB] g=4, 37 evaluated, 17 expanded
[t=8.05672s, 147484 KB] New best heuristic value for ff(): 55
[t=8.05728s, 147484 KB] g=5, 41 evaluated, 18 expanded
[t=9.00603s, 147484 KB] New best heuristic value for ff(): 53
[t=9.00709s, 147484 KB] g=7, 77 evaluated, 33 expanded
[t=10.2204s, 147484 KB] New best heuristic value for ff(): 52
[t=10.223s, 147484 KB] g=8, 124 evaluated, 57 expanded
[t=11.9387s, 147484 KB] New best heuristic value for ff(): 43
[t=11.9426s, 147484 KB] g=9, 189 evaluated, 91 expanded
[t=13.2642s, 147484 KB] New best heuristic value for ff(): 42
[t=13.2682s, 147484 KB] g=10, 241 evaluated, 116 expanded
[t=15.1941s, 147484 KB] New best heuristic value for ff(): 41
[t=15.1948s, 147484 KB] g=11, 316 evaluated, 150 expanded
[t=203.175s, 147484 KB] New best heuristic value for ff(): 40
[t=203.177s, 147484 KB] g=17, 7978 evaluated, 4119 expanded
Peak memory: 147484 KB
caught signal 24 -- exiting
Time limit has been reached.
Remove intermediate file output.sas
search exit code: 23

Driver aborting after search
INFO     Planner time: 597.51s
