INFO     planner time limit: 900s
INFO     planner memory limit: 3584 MB

INFO     Running translator.
INFO     translator stdin: None
INFO     translator time limit: 899s
INFO     translator memory limit: 3584 MB
INFO     translator command line string: /usr/local/downward-projects/downward/experiments/assign3/.venv/bin/python3 /usr/local/downward-projects/downward/experiments/assign3/data/assign3-anytime_exp/code-fe4f0f1bb525c059c1938ac01bab1b7bae200873_e5e41175/builds/release/bin/translate/translate.py domain.pddl problem.pddl --sas-file output.sas
Parsing...
Parsing: [0.000s CPU, 0.003s wall-clock]
Normalizing task... [0.000s CPU, 0.000s wall-clock]
Instantiating...
Generating Datalog program... [0.000s CPU, 0.001s wall-clock]
Normalizing Datalog program...
Normalizing Datalog program: [0.000s CPU, 0.002s wall-clock]
Preparing model... [0.000s CPU, 0.002s wall-clock]
Generated 38 rules.
Computing model... [0.030s CPU, 0.020s wall-clock]
1204 relevant atoms
1928 auxiliary atoms
3132 final queue length
4002 total queue pushes
Completing instantiation... [0.020s CPU, 0.015s wall-clock]
Instantiating: [0.050s CPU, 0.042s wall-clock]
Computing fact groups...
Finding invariants...
7 initial candidates
Finding invariants: [0.000s CPU, 0.005s wall-clock]
Checking invariant weight... [0.000s CPU, 0.000s wall-clock]
Instantiating groups... [0.010s CPU, 0.005s wall-clock]
Collecting mutex groups... [0.000s CPU, 0.000s wall-clock]
Choosing groups...
61 uncovered facts
Choosing groups: [0.000s CPU, 0.001s wall-clock]
Building translation key... [0.000s CPU, 0.000s wall-clock]
Computing fact groups: [0.010s CPU, 0.012s wall-clock]
Building STRIPS to SAS dictionary... [0.000s CPU, 0.000s wall-clock]
Building dictionary for full mutex groups... [0.000s CPU, 0.000s wall-clock]
Building mutex information...
Building mutex information: [0.000s CPU, 0.000s wall-clock]
Translating task...
Processing axioms...
Simplifying axioms... [0.000s CPU, 0.000s wall-clock]
Translator axioms removed by simplifying: 0
Computing negative axioms... [0.000s CPU, 0.000s wall-clock]
Processing axioms: [0.000s CPU, 0.001s wall-clock]
Translating task: [0.010s CPU, 0.016s wall-clock]
614 effect conditions simplified
0 implied preconditions added
Detecting unreachable propositions...
0 operators removed
0 axioms removed
43 propositions removed
Detecting unreachable propositions: [0.010s CPU, 0.008s wall-clock]
Reordering and filtering variables...
47 of 47 variables necessary.
38 of 43 mutex groups necessary.
378 of 378 operators necessary.
0 of 0 axiom rules necessary.
Reordering and filtering variables: [0.000s CPU, 0.004s wall-clock]
Translator variables: 47
Translator derived variables: 0
Translator facts: 274
Translator goal facts: 4
Translator mutex groups: 38
Translator total mutex groups size: 228
Translator operators: 378
Translator axioms: 0
Translator task size: 3637
Translator peak memory: 34552 KB
Writing output... [0.000s CPU, 0.003s wall-clock]
Done! [0.090s CPU, 0.090s wall-clock]
translate exit code: 0

INFO     Running search (release).
INFO     search stdin: output.sas
INFO     search time limit: 899s
INFO     search memory limit: 3584 MB
INFO     search command line string: /usr/local/downward-projects/downward/experiments/assign3/data/assign3-anytime_exp/code-fe4f0f1bb525c059c1938ac01bab1b7bae200873_e5e41175/builds/release/bin/downward --evaluator 'h=lmcut()' --search 'eager_anytime(epsilon_greedy(
        sum([weight(h, 2, verbosity=normal), g()]), epsilon=0.2, random_seed=1234), 
        reopen_closed=true, f_eval=sum([h, g()]))' --internal-plan-file sas_plan < output.sas
[t=0.000950767s, 10884 KB] reading input...
[t=0.00301341s, 11140 KB] done reading input!
[t=0.00508568s, 11396 KB] Initializing landmark cut heuristic...
[t=0.0061778s, 11396 KB] Building successor generator...done!
[t=0.0064819s, 11396 KB] peak memory difference for successor generator creation: 0 KB
[t=0.00652927s, 11396 KB] time for successor generation creation: 0s
[t=0.00655477s, 11396 KB] Variables: 47
[t=0.0065834s, 11396 KB] FactPairs: 274
[t=0.00660691s, 11396 KB] Bytes per state: 12
[t=0.00663023s, 11396 KB] Conducting best first anytime search with reopening closed nodes, (real) bound = 2147483647
[t=0.00668004s, 11396 KB] New best heuristic value for lmcut(): 28
[t=0.00693188s, 11396 KB] g=0, 1 evaluated, 0 expanded
[t=0.0069586s, 11396 KB] Initial heuristic value for lmcut(): 28
[t=0.00698506s, 11396 KB] Start Timestep: 1682390685650 millisecond(s).
[t=0.0202932s, 11396 KB] New best heuristic value for lmcut(): 26
[t=0.0206313s, 11396 KB] g=4, 67 evaluated, 56 expanded
[t=0.0216969s, 11396 KB] New best heuristic value for lmcut(): 25
[t=0.0222446s, 11396 KB] g=5, 75 evaluated, 63 expanded
[t=0.0384858s, 11396 KB] New best heuristic value for lmcut(): 24
[t=0.0388559s, 11396 KB] g=6, 155 evaluated, 131 expanded
[t=0.0388871s, 11396 KB] New best heuristic value for lmcut(): 23
[t=0.039282s, 11396 KB] g=7, 157 evaluated, 132 expanded
[t=0.0573269s, 11396 KB] New best heuristic value for lmcut(): 22
[t=0.0577866s, 11396 KB] g=11, 254 evaluated, 226 expanded
[t=0.0656866s, 11396 KB] New best heuristic value for lmcut(): 21
[t=0.0663623s, 11396 KB] g=13, 302 evaluated, 269 expanded
[t=0.0932037s, 11532 KB] New best heuristic value for lmcut(): 20
[t=0.0937093s, 11532 KB] g=13, 457 evaluated, 403 expanded
[t=0.104622s, 11532 KB] New best heuristic value for lmcut(): 18
[t=0.105492s, 11532 KB] g=15, 525 evaluated, 461 expanded
[t=0.162355s, 11532 KB] New best heuristic value for lmcut(): 17
[t=0.16276s, 11532 KB] g=21, 874 evaluated, 781 expanded
[t=0.17281s, 11532 KB] New best heuristic value for lmcut(): 16
[t=0.173675s, 11532 KB] g=22, 948 evaluated, 838 expanded
[t=1.11775s, 11716 KB] New best heuristic value for lmcut(): 14
[t=1.1189s, 11716 KB] g=25, 6588 evaluated, 6349 expanded, 298 reopened
[t=1.13345s, 11716 KB] New best heuristic value for lmcut(): 13
[t=1.13384s, 11716 KB] g=27, 6701 evaluated, 6451 expanded, 303 reopened
[t=1.13445s, 11716 KB] New best heuristic value for lmcut(): 12
[t=1.13512s, 11716 KB] g=28, 6712 evaluated, 6458 expanded, 303 reopened
[t=1.15228s, 11716 KB] New best heuristic value for lmcut(): 11
[t=1.15306s, 11716 KB] g=30, 6851 evaluated, 6580 expanded, 305 reopened
[t=1.41029s, 11848 KB] New best heuristic value for lmcut(): 10
[t=1.41124s, 11848 KB] g=35, 8750 evaluated, 8229 expanded, 324 reopened
[t=1.71609s, 11980 KB] New best heuristic value for lmcut(): 9
[t=1.71723s, 11980 KB] g=36, 11015 evaluated, 10263 expanded, 341 reopened
[t=1.71726s, 11980 KB] New best heuristic value for lmcut(): 8
[t=1.71746s, 11980 KB] g=37, 11017 evaluated, 10264 expanded, 341 reopened
[t=1.71749s, 11980 KB] New best heuristic value for lmcut(): 7
[t=1.71776s, 11980 KB] g=38, 11020 evaluated, 10265 expanded, 341 reopened
[t=1.72124s, 11980 KB] New best heuristic value for lmcut(): 6
[t=1.72135s, 11980 KB] g=39, 11061 evaluated, 10302 expanded, 341 reopened
[t=1.72138s, 11980 KB] New best heuristic value for lmcut(): 5
[t=1.72168s, 11980 KB] g=40, 11065 evaluated, 10303 expanded, 341 reopened
[t=1.82104s, 11980 KB] New best heuristic value for lmcut(): 4
[t=1.82141s, 11980 KB] g=42, 12043 evaluated, 11145 expanded, 357 reopened
[t=3.29694s, 12652 KB] New best heuristic value for lmcut(): 3
[t=3.29716s, 12652 KB] g=47, 25812 evaluated, 25214 expanded, 2323 reopened
[t=3.29791s, 12652 KB] New best heuristic value for lmcut(): 2
[t=3.29879s, 12652 KB] g=48, 25833 evaluated, 25233 expanded, 2323 reopened
[t=3.29893s, 12652 KB] New best heuristic value for lmcut(): 1
[t=3.29902s, 12652 KB] g=49, 25837 evaluated, 25234 expanded, 2323 reopened
[t=3.29905s, 12652 KB] New best heuristic value for lmcut(): 0
[t=3.29915s, 12652 KB] g=50, 25840 evaluated, 25235 expanded, 2323 reopened
[t=3.29917s, 12652 KB] Solution found!
move player-01 pos-04-08 pos-05-08 dir-right (0)
move player-01 pos-05-08 pos-06-08 dir-right (0)
move player-01 pos-06-08 pos-07-08 dir-right (0)
move player-01 pos-07-08 pos-07-07 dir-up (0)
move player-01 pos-07-07 pos-07-06 dir-up (0)
move player-01 pos-07-06 pos-07-05 dir-up (0)
move player-01 pos-07-05 pos-06-05 dir-left (0)
move player-01 pos-06-05 pos-06-04 dir-up (0)
move player-01 pos-06-04 pos-06-03 dir-up (0)
move player-01 pos-06-03 pos-05-03 dir-left (0)
move player-01 pos-05-03 pos-05-02 dir-up (0)
move player-01 pos-05-02 pos-04-02 dir-left (0)
move player-01 pos-04-02 pos-03-02 dir-left (0)
move player-01 pos-03-02 pos-03-03 dir-down (0)
push-to-nongoal player-01 stone-01 pos-03-03 pos-04-03 pos-05-03 dir-right (1)
move player-01 pos-04-03 pos-04-04 dir-down (0)
push-to-nongoal player-01 stone-04 pos-04-04 pos-04-05 pos-04-06 dir-down (1)
push-to-nongoal player-01 stone-04 pos-04-05 pos-04-06 pos-04-07 dir-down (1)
push-to-nongoal player-01 stone-04 pos-04-06 pos-04-07 pos-04-08 dir-down (1)
move player-01 pos-04-07 pos-04-06 dir-up (0)
move player-01 pos-04-06 pos-04-05 dir-up (0)
move player-01 pos-04-05 pos-04-04 dir-up (0)
move player-01 pos-04-04 pos-04-03 dir-up (0)
move player-01 pos-04-03 pos-03-03 dir-left (0)
move player-01 pos-03-03 pos-02-03 dir-left (0)
move player-01 pos-02-03 pos-02-04 dir-down (0)
push-to-nongoal player-01 stone-02 pos-02-04 pos-03-04 pos-04-04 dir-right (1)
move player-01 pos-03-04 pos-03-03 dir-up (0)
move player-01 pos-03-03 pos-04-03 dir-right (0)
push-to-nongoal player-01 stone-02 pos-04-03 pos-04-04 pos-04-05 dir-down (1)
push-to-nongoal player-01 stone-02 pos-04-04 pos-04-05 pos-04-06 dir-down (1)
push-to-nongoal player-01 stone-02 pos-04-05 pos-04-06 pos-04-07 dir-down (1)
move player-01 pos-04-06 pos-04-05 dir-up (0)
move player-01 pos-04-05 pos-04-04 dir-up (0)
push-to-nongoal player-01 stone-03 pos-04-04 pos-05-04 pos-06-04 dir-right (1)
move player-01 pos-05-04 pos-04-04 dir-left (0)
move player-01 pos-04-04 pos-04-03 dir-up (0)
move player-01 pos-04-03 pos-04-02 dir-up (0)
move player-01 pos-04-02 pos-05-02 dir-right (0)
push-to-nongoal player-01 stone-01 pos-05-02 pos-05-03 pos-05-04 dir-down (1)
move player-01 pos-05-03 pos-06-03 dir-right (0)
push-to-nongoal player-01 stone-03 pos-06-03 pos-06-04 pos-06-05 dir-down (1)
push-to-nongoal player-01 stone-01 pos-06-04 pos-05-04 pos-04-04 dir-left (1)
move player-01 pos-05-04 pos-06-04 dir-right (0)
move player-01 pos-06-04 pos-07-04 dir-right (0)
move player-01 pos-07-04 pos-07-05 dir-down (0)
move player-01 pos-07-05 pos-07-06 dir-down (0)
move player-01 pos-07-06 pos-07-07 dir-down (0)
move player-01 pos-07-07 pos-07-08 dir-down (0)
move player-01 pos-07-08 pos-06-08 dir-left (0)
move player-01 pos-06-08 pos-05-08 dir-left (0)
move player-01 pos-05-08 pos-05-09 dir-down (0)
move player-01 pos-05-09 pos-04-09 dir-left (0)
move player-01 pos-04-09 pos-03-09 dir-left (0)
move player-01 pos-03-09 pos-03-08 dir-up (0)
push-to-nongoal player-01 stone-04 pos-03-08 pos-04-08 pos-05-08 dir-right (1)
push-to-nongoal player-01 stone-04 pos-04-08 pos-05-08 pos-06-08 dir-right (1)
push-to-goal player-01 stone-04 pos-05-08 pos-06-08 pos-07-08 dir-right (1)
push-to-nongoal player-01 stone-04 pos-06-08 pos-07-08 pos-08-08 dir-right (1)
move player-01 pos-07-08 pos-07-09 dir-down (0)
move player-01 pos-07-09 pos-08-09 dir-right (0)
push-to-nongoal player-01 stone-04 pos-08-09 pos-08-08 pos-08-07 dir-up (1)
move player-01 pos-08-08 pos-07-08 dir-left (0)
move player-01 pos-07-08 pos-07-07 dir-up (0)
move player-01 pos-07-07 pos-07-06 dir-up (0)
move player-01 pos-07-06 pos-08-06 dir-right (0)
move player-01 pos-08-06 pos-09-06 dir-right (0)
move player-01 pos-09-06 pos-09-07 dir-down (0)
push-to-goal player-01 stone-04 pos-09-07 pos-08-07 pos-07-07 dir-left (1)
move player-01 pos-08-07 pos-08-06 dir-up (0)
move player-01 pos-08-06 pos-08-05 dir-up (0)
move player-01 pos-08-05 pos-07-05 dir-left (0)
move player-01 pos-07-05 pos-07-04 dir-up (0)
move player-01 pos-07-04 pos-06-04 dir-left (0)
move player-01 pos-06-04 pos-06-03 dir-up (0)
move player-01 pos-06-03 pos-05-03 dir-left (0)
move player-01 pos-05-03 pos-04-03 dir-left (0)
move player-01 pos-04-03 pos-03-03 dir-left (0)
move player-01 pos-03-03 pos-03-04 dir-down (0)
push-to-nongoal player-01 stone-01 pos-03-04 pos-04-04 pos-05-04 dir-right (1)
move player-01 pos-04-04 pos-04-05 dir-down (0)
move player-01 pos-04-05 pos-04-06 dir-down (0)
push-to-nongoal player-01 stone-02 pos-04-06 pos-04-07 pos-04-08 dir-down (1)
move player-01 pos-04-07 pos-04-06 dir-up (0)
move player-01 pos-04-06 pos-04-05 dir-up (0)
move player-01 pos-04-05 pos-04-04 dir-up (0)
move player-01 pos-04-04 pos-04-03 dir-up (0)
move player-01 pos-04-03 pos-05-03 dir-right (0)
move player-01 pos-05-03 pos-06-03 dir-right (0)
move player-01 pos-06-03 pos-06-04 dir-down (0)
push-to-nongoal player-01 stone-01 pos-06-04 pos-05-04 pos-04-04 dir-left (1)
move player-01 pos-05-04 pos-05-03 dir-up (0)
move player-01 pos-05-03 pos-04-03 dir-left (0)
push-to-nongoal player-01 stone-01 pos-04-03 pos-04-04 pos-04-05 dir-down (1)
push-to-nongoal player-01 stone-01 pos-04-04 pos-04-05 pos-04-06 dir-down (1)
move player-01 pos-04-05 pos-04-04 dir-up (0)
move player-01 pos-04-04 pos-05-04 dir-right (0)
move player-01 pos-05-04 pos-06-04 dir-right (0)
move player-01 pos-06-04 pos-07-04 dir-right (0)
move player-01 pos-07-04 pos-07-05 dir-down (0)
move player-01 pos-07-05 pos-07-06 dir-down (0)
move player-01 pos-07-06 pos-06-06 dir-left (0)
push-to-nongoal player-01 stone-03 pos-06-06 pos-06-05 pos-06-04 dir-up (1)
move player-01 pos-06-05 pos-07-05 dir-right (0)
move player-01 pos-07-05 pos-07-04 dir-up (0)
push-to-nongoal player-01 stone-03 pos-07-04 pos-06-04 pos-05-04 dir-left (1)
move player-01 pos-06-04 pos-06-03 dir-up (0)
move player-01 pos-06-03 pos-05-03 dir-left (0)
move player-01 pos-05-03 pos-04-03 dir-left (0)
move player-01 pos-04-03 pos-04-04 dir-down (0)
move player-01 pos-04-04 pos-04-05 dir-down (0)
push-to-nongoal player-01 stone-01 pos-04-05 pos-04-06 pos-04-07 dir-down (1)
move player-01 pos-04-06 pos-04-05 dir-up (0)
move player-01 pos-04-05 pos-04-04 dir-up (0)
move player-01 pos-04-04 pos-04-03 dir-up (0)
move player-01 pos-04-03 pos-05-03 dir-right (0)
move player-01 pos-05-03 pos-06-03 dir-right (0)
move player-01 pos-06-03 pos-06-04 dir-down (0)
move player-01 pos-06-04 pos-06-05 dir-down (0)
move player-01 pos-06-05 pos-07-05 dir-right (0)
move player-01 pos-07-05 pos-08-05 dir-right (0)
move player-01 pos-08-05 pos-08-06 dir-down (0)
move player-01 pos-08-06 pos-08-07 dir-down (0)
move player-01 pos-08-07 pos-08-08 dir-down (0)
move player-01 pos-08-08 pos-07-08 dir-left (0)
move player-01 pos-07-08 pos-06-08 dir-left (0)
move player-01 pos-06-08 pos-05-08 dir-left (0)
move player-01 pos-05-08 pos-05-09 dir-down (0)
move player-01 pos-05-09 pos-04-09 dir-left (0)
move player-01 pos-04-09 pos-03-09 dir-left (0)
move player-01 pos-03-09 pos-03-08 dir-up (0)
push-to-nongoal player-01 stone-02 pos-03-08 pos-04-08 pos-05-08 dir-right (1)
push-to-nongoal player-01 stone-02 pos-04-08 pos-05-08 pos-06-08 dir-right (1)
push-to-goal player-01 stone-02 pos-05-08 pos-06-08 pos-07-08 dir-right (1)
push-to-nongoal player-01 stone-02 pos-06-08 pos-07-08 pos-08-08 dir-right (1)
move player-01 pos-07-08 pos-07-09 dir-down (0)
move player-01 pos-07-09 pos-08-09 dir-right (0)
push-to-nongoal player-01 stone-02 pos-08-09 pos-08-08 pos-08-07 dir-up (1)
move player-01 pos-08-08 pos-07-08 dir-left (0)
push-to-goal player-01 stone-04 pos-07-08 pos-07-07 pos-07-06 dir-up (1)
push-to-goal player-01 stone-04 pos-07-07 pos-07-06 pos-07-05 dir-up (1)
move player-01 pos-07-06 pos-08-06 dir-right (0)
move player-01 pos-08-06 pos-09-06 dir-right (0)
move player-01 pos-09-06 pos-09-07 dir-down (0)
push-to-goal player-01 stone-02 pos-09-07 pos-08-07 pos-07-07 dir-left (1)
move player-01 pos-08-07 pos-08-06 dir-up (0)
move player-01 pos-08-06 pos-07-06 dir-left (0)
move player-01 pos-07-06 pos-06-06 dir-left (0)
move player-01 pos-06-06 pos-06-05 dir-up (0)
move player-01 pos-06-05 pos-06-04 dir-up (0)
move player-01 pos-06-04 pos-06-03 dir-up (0)
move player-01 pos-06-03 pos-05-03 dir-left (0)
move player-01 pos-05-03 pos-04-03 dir-left (0)
move player-01 pos-04-03 pos-04-04 dir-down (0)
move player-01 pos-04-04 pos-04-05 dir-down (0)
move player-01 pos-04-05 pos-04-06 dir-down (0)
push-to-nongoal player-01 stone-01 pos-04-06 pos-04-07 pos-04-08 dir-down (1)
move player-01 pos-04-07 pos-04-06 dir-up (0)
move player-01 pos-04-06 pos-04-05 dir-up (0)
move player-01 pos-04-05 pos-04-04 dir-up (0)
move player-01 pos-04-04 pos-04-03 dir-up (0)
move player-01 pos-04-03 pos-05-03 dir-right (0)
move player-01 pos-05-03 pos-06-03 dir-right (0)
move player-01 pos-06-03 pos-06-04 dir-down (0)
move player-01 pos-06-04 pos-06-05 dir-down (0)
move player-01 pos-06-05 pos-06-06 dir-down (0)
move player-01 pos-06-06 pos-07-06 dir-right (0)
move player-01 pos-07-06 pos-08-06 dir-right (0)
move player-01 pos-08-06 pos-08-07 dir-down (0)
move player-01 pos-08-07 pos-08-08 dir-down (0)
move player-01 pos-08-08 pos-07-08 dir-left (0)
push-to-goal player-01 stone-02 pos-07-08 pos-07-07 pos-07-06 dir-up (1)
move player-01 pos-07-07 pos-07-08 dir-down (0)
move player-01 pos-07-08 pos-06-08 dir-left (0)
move player-01 pos-06-08 pos-05-08 dir-left (0)
move player-01 pos-05-08 pos-05-09 dir-down (0)
move player-01 pos-05-09 pos-04-09 dir-left (0)
move player-01 pos-04-09 pos-03-09 dir-left (0)
move player-01 pos-03-09 pos-03-08 dir-up (0)
push-to-nongoal player-01 stone-01 pos-03-08 pos-04-08 pos-05-08 dir-right (1)
push-to-nongoal player-01 stone-01 pos-04-08 pos-05-08 pos-06-08 dir-right (1)
push-to-goal player-01 stone-01 pos-05-08 pos-06-08 pos-07-08 dir-right (1)
move player-01 pos-06-08 pos-05-08 dir-left (0)
move player-01 pos-05-08 pos-04-08 dir-left (0)
move player-01 pos-04-08 pos-04-07 dir-up (0)
move player-01 pos-04-07 pos-04-06 dir-up (0)
move player-01 pos-04-06 pos-04-05 dir-up (0)
move player-01 pos-04-05 pos-04-04 dir-up (0)
move player-01 pos-04-04 pos-04-03 dir-up (0)
move player-01 pos-04-03 pos-05-03 dir-right (0)
move player-01 pos-05-03 pos-06-03 dir-right (0)
move player-01 pos-06-03 pos-06-04 dir-down (0)
push-to-nongoal player-01 stone-03 pos-06-04 pos-05-04 pos-04-04 dir-left (1)
move player-01 pos-05-04 pos-05-03 dir-up (0)
move player-01 pos-05-03 pos-04-03 dir-left (0)
push-to-nongoal player-01 stone-03 pos-04-03 pos-04-04 pos-04-05 dir-down (1)
push-to-nongoal player-01 stone-03 pos-04-04 pos-04-05 pos-04-06 dir-down (1)
push-to-nongoal player-01 stone-03 pos-04-05 pos-04-06 pos-04-07 dir-down (1)
push-to-nongoal player-01 stone-03 pos-04-06 pos-04-07 pos-04-08 dir-down (1)
move player-01 pos-04-07 pos-04-06 dir-up (0)
move player-01 pos-04-06 pos-04-05 dir-up (0)
move player-01 pos-04-05 pos-04-04 dir-up (0)
move player-01 pos-04-04 pos-05-04 dir-right (0)
move player-01 pos-05-04 pos-06-04 dir-right (0)
move player-01 pos-06-04 pos-06-05 dir-down (0)
move player-01 pos-06-05 pos-06-06 dir-down (0)
push-to-nongoal player-01 stone-02 pos-06-06 pos-07-06 pos-08-06 dir-right (1)
move player-01 pos-07-06 pos-07-07 dir-down (0)
move player-01 pos-07-07 pos-08-07 dir-right (0)
move player-01 pos-08-07 pos-09-07 dir-right (0)
move player-01 pos-09-07 pos-09-06 dir-up (0)
push-to-goal player-01 stone-02 pos-09-06 pos-08-06 pos-07-06 dir-left (1)
move player-01 pos-08-06 pos-08-07 dir-down (0)
move player-01 pos-08-07 pos-08-08 dir-down (0)
move player-01 pos-08-08 pos-08-09 dir-down (0)
move player-01 pos-08-09 pos-07-09 dir-left (0)
push-to-goal player-01 stone-01 pos-07-09 pos-07-08 pos-07-07 dir-up (1)
move player-01 pos-07-08 pos-06-08 dir-left (0)
move player-01 pos-06-08 pos-05-08 dir-left (0)
move player-01 pos-05-08 pos-05-09 dir-down (0)
move player-01 pos-05-09 pos-04-09 dir-left (0)
move player-01 pos-04-09 pos-03-09 dir-left (0)
move player-01 pos-03-09 pos-03-08 dir-up (0)
push-to-nongoal player-01 stone-03 pos-03-08 pos-04-08 pos-05-08 dir-right (1)
push-to-nongoal player-01 stone-03 pos-04-08 pos-05-08 pos-06-08 dir-right (1)
push-to-goal player-01 stone-03 pos-05-08 pos-06-08 pos-07-08 dir-right (1)
[t=3.30093s, 12652 KB] Plan length: 226 step(s).
[t=3.30102s, 12652 KB] Plan cost: 50
[t=3.30104s, 12652 KB] Solution: Incumbent solution found!
[t=3.30107s, 12652 KB] Solution Timestep: 1682390688980 millisecond(s).
[t=3.30109s, 12652 KB] Timestamp: 1682390688980 millisecond(s).
[t=3.30112s, 12652 KB] Expanded 25236 state(s).
[t=3.30115s, 12652 KB] Reopened 2323 state(s).
[t=3.30117s, 12652 KB] Evaluated 25840 state(s).
[t=3.30119s, 12652 KB] Evaluations: 28001
[t=3.30122s, 12652 KB] Generated 69022 state(s).
[t=3.30124s, 12652 KB] Dead ends: 0 state(s).
[t=3.30127s, 12652 KB] Number of registered states: 28001
[t=3.30129s, 12652 KB] Int hash set load factor: 28001/32768 = 0.854523
[t=3.30132s, 12652 KB] Int hash set resizes: 15
[t=5.15996s, 13448 KB] Solution found!
move player-01 pos-04-08 pos-05-08 dir-right (0)
move player-01 pos-05-08 pos-06-08 dir-right (0)
move player-01 pos-06-08 pos-07-08 dir-right (0)
move player-01 pos-07-08 pos-07-07 dir-up (0)
move player-01 pos-07-07 pos-07-06 dir-up (0)
move player-01 pos-07-06 pos-07-05 dir-up (0)
move player-01 pos-07-05 pos-06-05 dir-left (0)
move player-01 pos-06-05 pos-06-04 dir-up (0)
move player-01 pos-06-04 pos-06-03 dir-up (0)
move player-01 pos-06-03 pos-05-03 dir-left (0)
move player-01 pos-05-03 pos-05-02 dir-up (0)
move player-01 pos-05-02 pos-04-02 dir-left (0)
move player-01 pos-04-02 pos-03-02 dir-left (0)
move player-01 pos-03-02 pos-03-03 dir-down (0)
push-to-nongoal player-01 stone-01 pos-03-03 pos-04-03 pos-05-03 dir-right (1)
move player-01 pos-04-03 pos-04-04 dir-down (0)
push-to-nongoal player-01 stone-04 pos-04-04 pos-04-05 pos-04-06 dir-down (1)
push-to-nongoal player-01 stone-04 pos-04-05 pos-04-06 pos-04-07 dir-down (1)
push-to-nongoal player-01 stone-04 pos-04-06 pos-04-07 pos-04-08 dir-down (1)
move player-01 pos-04-07 pos-04-06 dir-up (0)
move player-01 pos-04-06 pos-04-05 dir-up (0)
move player-01 pos-04-05 pos-04-04 dir-up (0)
move player-01 pos-04-04 pos-04-03 dir-up (0)
move player-01 pos-04-03 pos-03-03 dir-left (0)
move player-01 pos-03-03 pos-02-03 dir-left (0)
move player-01 pos-02-03 pos-02-04 dir-down (0)
push-to-nongoal player-01 stone-02 pos-02-04 pos-03-04 pos-04-04 dir-right (1)
move player-01 pos-03-04 pos-03-03 dir-up (0)
move player-01 pos-03-03 pos-04-03 dir-right (0)
push-to-nongoal player-01 stone-02 pos-04-03 pos-04-04 pos-04-05 dir-down (1)
push-to-nongoal player-01 stone-02 pos-04-04 pos-04-05 pos-04-06 dir-down (1)
push-to-nongoal player-01 stone-02 pos-04-05 pos-04-06 pos-04-07 dir-down (1)
move player-01 pos-04-06 pos-04-05 dir-up (0)
move player-01 pos-04-05 pos-04-04 dir-up (0)
push-to-nongoal player-01 stone-03 pos-04-04 pos-05-04 pos-06-04 dir-right (1)
move player-01 pos-05-04 pos-04-04 dir-left (0)
move player-01 pos-04-04 pos-04-03 dir-up (0)
move player-01 pos-04-03 pos-04-02 dir-up (0)
move player-01 pos-04-02 pos-05-02 dir-right (0)
push-to-nongoal player-01 stone-01 pos-05-02 pos-05-03 pos-05-04 dir-down (1)
move player-01 pos-05-03 pos-06-03 dir-right (0)
push-to-nongoal player-01 stone-03 pos-06-03 pos-06-04 pos-06-05 dir-down (1)
push-to-nongoal player-01 stone-01 pos-06-04 pos-05-04 pos-04-04 dir-left (1)
move player-01 pos-05-04 pos-06-04 dir-right (0)
move player-01 pos-06-04 pos-07-04 dir-right (0)
move player-01 pos-07-04 pos-07-05 dir-down (0)
move player-01 pos-07-05 pos-07-06 dir-down (0)
move player-01 pos-07-06 pos-07-07 dir-down (0)
move player-01 pos-07-07 pos-07-08 dir-down (0)
move player-01 pos-07-08 pos-06-08 dir-left (0)
move player-01 pos-06-08 pos-05-08 dir-left (0)
move player-01 pos-05-08 pos-05-09 dir-down (0)
move player-01 pos-05-09 pos-04-09 dir-left (0)
move player-01 pos-04-09 pos-03-09 dir-left (0)
move player-01 pos-03-09 pos-03-08 dir-up (0)
push-to-nongoal player-01 stone-04 pos-03-08 pos-04-08 pos-05-08 dir-right (1)
push-to-nongoal player-01 stone-04 pos-04-08 pos-05-08 pos-06-08 dir-right (1)
push-to-goal player-01 stone-04 pos-05-08 pos-06-08 pos-07-08 dir-right (1)
push-to-nongoal player-01 stone-04 pos-06-08 pos-07-08 pos-08-08 dir-right (1)
move player-01 pos-07-08 pos-07-09 dir-down (0)
move player-01 pos-07-09 pos-08-09 dir-right (0)
push-to-nongoal player-01 stone-04 pos-08-09 pos-08-08 pos-08-07 dir-up (1)
move player-01 pos-08-08 pos-07-08 dir-left (0)
move player-01 pos-07-08 pos-07-07 dir-up (0)
move player-01 pos-07-07 pos-07-06 dir-up (0)
move player-01 pos-07-06 pos-08-06 dir-right (0)
move player-01 pos-08-06 pos-09-06 dir-right (0)
move player-01 pos-09-06 pos-09-07 dir-down (0)
push-to-goal player-01 stone-04 pos-09-07 pos-08-07 pos-07-07 dir-left (1)
move player-01 pos-08-07 pos-08-06 dir-up (0)
move player-01 pos-08-06 pos-08-05 dir-up (0)
move player-01 pos-08-05 pos-07-05 dir-left (0)
move player-01 pos-07-05 pos-07-04 dir-up (0)
move player-01 pos-07-04 pos-06-04 dir-left (0)
move player-01 pos-06-04 pos-06-03 dir-up (0)
move player-01 pos-06-03 pos-05-03 dir-left (0)
move player-01 pos-05-03 pos-04-03 dir-left (0)
move player-01 pos-04-03 pos-03-03 dir-left (0)
move player-01 pos-03-03 pos-03-04 dir-down (0)
push-to-nongoal player-01 stone-01 pos-03-04 pos-04-04 pos-05-04 dir-right (1)
move player-01 pos-04-04 pos-04-05 dir-down (0)
move player-01 pos-04-05 pos-04-06 dir-down (0)
push-to-nongoal player-01 stone-02 pos-04-06 pos-04-07 pos-04-08 dir-down (1)
move player-01 pos-04-07 pos-04-06 dir-up (0)
move player-01 pos-04-06 pos-04-05 dir-up (0)
move player-01 pos-04-05 pos-04-04 dir-up (0)
move player-01 pos-04-04 pos-04-03 dir-up (0)
move player-01 pos-04-03 pos-05-03 dir-right (0)
move player-01 pos-05-03 pos-06-03 dir-right (0)
move player-01 pos-06-03 pos-06-04 dir-down (0)
push-to-nongoal player-01 stone-01 pos-06-04 pos-05-04 pos-04-04 dir-left (1)
move player-01 pos-05-04 pos-05-03 dir-up (0)
move player-01 pos-05-03 pos-04-03 dir-left (0)
push-to-nongoal player-01 stone-01 pos-04-03 pos-04-04 pos-04-05 dir-down (1)
push-to-nongoal player-01 stone-01 pos-04-04 pos-04-05 pos-04-06 dir-down (1)
move player-01 pos-04-05 pos-04-04 dir-up (0)
move player-01 pos-04-04 pos-05-04 dir-right (0)
move player-01 pos-05-04 pos-06-04 dir-right (0)
move player-01 pos-06-04 pos-07-04 dir-right (0)
move player-01 pos-07-04 pos-07-05 dir-down (0)
move player-01 pos-07-05 pos-07-06 dir-down (0)
move player-01 pos-07-06 pos-06-06 dir-left (0)
push-to-nongoal player-01 stone-03 pos-06-06 pos-06-05 pos-06-04 dir-up (1)
move player-01 pos-06-05 pos-07-05 dir-right (0)
move player-01 pos-07-05 pos-07-04 dir-up (0)
push-to-nongoal player-01 stone-03 pos-07-04 pos-06-04 pos-05-04 dir-left (1)
move player-01 pos-06-04 pos-06-03 dir-up (0)
move player-01 pos-06-03 pos-05-03 dir-left (0)
move player-01 pos-05-03 pos-04-03 dir-left (0)
move player-01 pos-04-03 pos-04-04 dir-down (0)
move player-01 pos-04-04 pos-04-05 dir-down (0)
push-to-nongoal player-01 stone-01 pos-04-05 pos-04-06 pos-04-07 dir-down (1)
move player-01 pos-04-06 pos-04-05 dir-up (0)
move player-01 pos-04-05 pos-04-04 dir-up (0)
move player-01 pos-04-04 pos-04-03 dir-up (0)
move player-01 pos-04-03 pos-05-03 dir-right (0)
move player-01 pos-05-03 pos-06-03 dir-right (0)
move player-01 pos-06-03 pos-06-04 dir-down (0)
move player-01 pos-06-04 pos-06-05 dir-down (0)
move player-01 pos-06-05 pos-07-05 dir-right (0)
move player-01 pos-07-05 pos-08-05 dir-right (0)
move player-01 pos-08-05 pos-08-06 dir-down (0)
move player-01 pos-08-06 pos-08-07 dir-down (0)
move player-01 pos-08-07 pos-08-08 dir-down (0)
move player-01 pos-08-08 pos-07-08 dir-left (0)
move player-01 pos-07-08 pos-06-08 dir-left (0)
move player-01 pos-06-08 pos-05-08 dir-left (0)
move player-01 pos-05-08 pos-05-09 dir-down (0)
move player-01 pos-05-09 pos-04-09 dir-left (0)
move player-01 pos-04-09 pos-03-09 dir-left (0)
move player-01 pos-03-09 pos-03-08 dir-up (0)
push-to-nongoal player-01 stone-02 pos-03-08 pos-04-08 pos-05-08 dir-right (1)
push-to-nongoal player-01 stone-02 pos-04-08 pos-05-08 pos-06-08 dir-right (1)
push-to-goal player-01 stone-02 pos-05-08 pos-06-08 pos-07-08 dir-right (1)
push-to-nongoal player-01 stone-02 pos-06-08 pos-07-08 pos-08-08 dir-right (1)
move player-01 pos-07-08 pos-07-09 dir-down (0)
move player-01 pos-07-09 pos-08-09 dir-right (0)
push-to-nongoal player-01 stone-02 pos-08-09 pos-08-08 pos-08-07 dir-up (1)
push-to-nongoal player-01 stone-02 pos-08-08 pos-08-07 pos-08-06 dir-up (1)
move player-01 pos-08-07 pos-08-08 dir-down (0)
move player-01 pos-08-08 pos-07-08 dir-left (0)
push-to-goal player-01 stone-04 pos-07-08 pos-07-07 pos-07-06 dir-up (1)
push-to-goal player-01 stone-04 pos-07-07 pos-07-06 pos-07-05 dir-up (1)
move player-01 pos-07-06 pos-06-06 dir-left (0)
move player-01 pos-06-06 pos-06-05 dir-up (0)
move player-01 pos-06-05 pos-06-04 dir-up (0)
move player-01 pos-06-04 pos-06-03 dir-up (0)
move player-01 pos-06-03 pos-05-03 dir-left (0)
move player-01 pos-05-03 pos-04-03 dir-left (0)
move player-01 pos-04-03 pos-04-04 dir-down (0)
move player-01 pos-04-04 pos-04-05 dir-down (0)
move player-01 pos-04-05 pos-04-06 dir-down (0)
push-to-nongoal player-01 stone-01 pos-04-06 pos-04-07 pos-04-08 dir-down (1)
move player-01 pos-04-07 pos-04-06 dir-up (0)
move player-01 pos-04-06 pos-04-05 dir-up (0)
move player-01 pos-04-05 pos-04-04 dir-up (0)
move player-01 pos-04-04 pos-04-03 dir-up (0)
move player-01 pos-04-03 pos-05-03 dir-right (0)
move player-01 pos-05-03 pos-06-03 dir-right (0)
move player-01 pos-06-03 pos-06-04 dir-down (0)
move player-01 pos-06-04 pos-06-05 dir-down (0)
move player-01 pos-06-05 pos-06-06 dir-down (0)
move player-01 pos-06-06 pos-07-06 dir-right (0)
move player-01 pos-07-06 pos-07-07 dir-down (0)
move player-01 pos-07-07 pos-07-08 dir-down (0)
move player-01 pos-07-08 pos-06-08 dir-left (0)
move player-01 pos-06-08 pos-05-08 dir-left (0)
move player-01 pos-05-08 pos-05-09 dir-down (0)
move player-01 pos-05-09 pos-04-09 dir-left (0)
move player-01 pos-04-09 pos-03-09 dir-left (0)
move player-01 pos-03-09 pos-03-08 dir-up (0)
push-to-nongoal player-01 stone-01 pos-03-08 pos-04-08 pos-05-08 dir-right (1)
push-to-nongoal player-01 stone-01 pos-04-08 pos-05-08 pos-06-08 dir-right (1)
push-to-goal player-01 stone-01 pos-05-08 pos-06-08 pos-07-08 dir-right (1)
move player-01 pos-06-08 pos-05-08 dir-left (0)
move player-01 pos-05-08 pos-04-08 dir-left (0)
move player-01 pos-04-08 pos-04-07 dir-up (0)
move player-01 pos-04-07 pos-04-06 dir-up (0)
move player-01 pos-04-06 pos-04-05 dir-up (0)
move player-01 pos-04-05 pos-04-04 dir-up (0)
move player-01 pos-04-04 pos-04-03 dir-up (0)
move player-01 pos-04-03 pos-05-03 dir-right (0)
move player-01 pos-05-03 pos-06-03 dir-right (0)
move player-01 pos-06-03 pos-06-04 dir-down (0)
push-to-nongoal player-01 stone-03 pos-06-04 pos-05-04 pos-04-04 dir-left (1)
move player-01 pos-05-04 pos-05-03 dir-up (0)
move player-01 pos-05-03 pos-04-03 dir-left (0)
push-to-nongoal player-01 stone-03 pos-04-03 pos-04-04 pos-04-05 dir-down (1)
push-to-nongoal player-01 stone-03 pos-04-04 pos-04-05 pos-04-06 dir-down (1)
push-to-nongoal player-01 stone-03 pos-04-05 pos-04-06 pos-04-07 dir-down (1)
push-to-nongoal player-01 stone-03 pos-04-06 pos-04-07 pos-04-08 dir-down (1)
move player-01 pos-04-07 pos-04-06 dir-up (0)
move player-01 pos-04-06 pos-04-05 dir-up (0)
move player-01 pos-04-05 pos-04-04 dir-up (0)
move player-01 pos-04-04 pos-05-04 dir-right (0)
move player-01 pos-05-04 pos-06-04 dir-right (0)
move player-01 pos-06-04 pos-06-05 dir-down (0)
move player-01 pos-06-05 pos-06-06 dir-down (0)
move player-01 pos-06-06 pos-07-06 dir-right (0)
move player-01 pos-07-06 pos-07-07 dir-down (0)
move player-01 pos-07-07 pos-08-07 dir-right (0)
move player-01 pos-08-07 pos-09-07 dir-right (0)
move player-01 pos-09-07 pos-09-06 dir-up (0)
push-to-goal player-01 stone-02 pos-09-06 pos-08-06 pos-07-06 dir-left (1)
move player-01 pos-08-06 pos-08-07 dir-down (0)
move player-01 pos-08-07 pos-08-08 dir-down (0)
move player-01 pos-08-08 pos-08-09 dir-down (0)
move player-01 pos-08-09 pos-07-09 dir-left (0)
push-to-goal player-01 stone-01 pos-07-09 pos-07-08 pos-07-07 dir-up (1)
move player-01 pos-07-08 pos-06-08 dir-left (0)
move player-01 pos-06-08 pos-05-08 dir-left (0)
move player-01 pos-05-08 pos-05-09 dir-down (0)
move player-01 pos-05-09 pos-04-09 dir-left (0)
move player-01 pos-04-09 pos-03-09 dir-left (0)
move player-01 pos-03-09 pos-03-08 dir-up (0)
push-to-nongoal player-01 stone-03 pos-03-08 pos-04-08 pos-05-08 dir-right (1)
push-to-nongoal player-01 stone-03 pos-04-08 pos-05-08 pos-06-08 dir-right (1)
push-to-goal player-01 stone-03 pos-05-08 pos-06-08 pos-07-08 dir-right (1)
[t=5.16197s, 13448 KB] Plan length: 218 step(s).
[t=5.16205s, 13448 KB] Plan cost: 48
[t=5.16208s, 13448 KB] Solution: Incumbent solution found!
[t=5.16212s, 13448 KB] Solution Timestep: 1682390690862 millisecond(s).
[t=5.16214s, 13448 KB] Timestamp: 1682390690862 millisecond(s).
[t=5.16217s, 13448 KB] Expanded 40676 state(s).
[t=5.16219s, 13448 KB] Reopened 4346 state(s).
[t=5.16221s, 13448 KB] Evaluated 39135 state(s).
[t=5.16224s, 13448 KB] Evaluations: 43822
[t=5.16226s, 13448 KB] Generated 111534 state(s).
[t=5.16228s, 13448 KB] Dead ends: 0 state(s).
[t=5.16231s, 13448 KB] Number of registered states: 43822
[t=5.16233s, 13448 KB] Int hash set load factor: 43822/65536 = 0.668671
[t=5.16236s, 13448 KB] Int hash set resizes: 16
[t=15.1841s, 18236 KB] Solution found!
move player-01 pos-04-08 pos-05-08 dir-right (0)
move player-01 pos-05-08 pos-06-08 dir-right (0)
move player-01 pos-06-08 pos-07-08 dir-right (0)
move player-01 pos-07-08 pos-07-07 dir-up (0)
move player-01 pos-07-07 pos-07-06 dir-up (0)
move player-01 pos-07-06 pos-07-05 dir-up (0)
move player-01 pos-07-05 pos-06-05 dir-left (0)
move player-01 pos-06-05 pos-06-04 dir-up (0)
move player-01 pos-06-04 pos-06-03 dir-up (0)
move player-01 pos-06-03 pos-05-03 dir-left (0)
move player-01 pos-05-03 pos-05-02 dir-up (0)
move player-01 pos-05-02 pos-04-02 dir-left (0)
move player-01 pos-04-02 pos-03-02 dir-left (0)
move player-01 pos-03-02 pos-03-03 dir-down (0)
push-to-nongoal player-01 stone-01 pos-03-03 pos-04-03 pos-05-03 dir-right (1)
move player-01 pos-04-03 pos-04-04 dir-down (0)
push-to-nongoal player-01 stone-04 pos-04-04 pos-04-05 pos-04-06 dir-down (1)
push-to-nongoal player-01 stone-04 pos-04-05 pos-04-06 pos-04-07 dir-down (1)
push-to-nongoal player-01 stone-04 pos-04-06 pos-04-07 pos-04-08 dir-down (1)
move player-01 pos-04-07 pos-04-06 dir-up (0)
move player-01 pos-04-06 pos-04-05 dir-up (0)
move player-01 pos-04-05 pos-04-04 dir-up (0)
push-to-nongoal player-01 stone-03 pos-04-04 pos-05-04 pos-06-04 dir-right (1)
move player-01 pos-05-04 pos-04-04 dir-left (0)
move player-01 pos-04-04 pos-04-03 dir-up (0)
move player-01 pos-04-03 pos-04-02 dir-up (0)
move player-01 pos-04-02 pos-05-02 dir-right (0)
push-to-nongoal player-01 stone-01 pos-05-02 pos-05-03 pos-05-04 dir-down (1)
move player-01 pos-05-03 pos-06-03 dir-right (0)
push-to-nongoal player-01 stone-03 pos-06-03 pos-06-04 pos-06-05 dir-down (1)
push-to-nongoal player-01 stone-01 pos-06-04 pos-05-04 pos-04-04 dir-left (1)
move player-01 pos-05-04 pos-05-03 dir-up (0)
move player-01 pos-05-03 pos-04-03 dir-left (0)
push-to-nongoal player-01 stone-01 pos-04-03 pos-04-04 pos-04-05 dir-down (1)
move player-01 pos-04-04 pos-05-04 dir-right (0)
move player-01 pos-05-04 pos-06-04 dir-right (0)
move player-01 pos-06-04 pos-07-04 dir-right (0)
move player-01 pos-07-04 pos-07-05 dir-down (0)
move player-01 pos-07-05 pos-07-06 dir-down (0)
move player-01 pos-07-06 pos-06-06 dir-left (0)
push-to-nongoal player-01 stone-03 pos-06-06 pos-06-05 pos-06-04 dir-up (1)
move player-01 pos-06-05 pos-07-05 dir-right (0)
move player-01 pos-07-05 pos-07-04 dir-up (0)
push-to-nongoal player-01 stone-03 pos-07-04 pos-06-04 pos-05-04 dir-left (1)
move player-01 pos-06-04 pos-06-03 dir-up (0)
move player-01 pos-06-03 pos-05-03 dir-left (0)
move player-01 pos-05-03 pos-04-03 dir-left (0)
move player-01 pos-04-03 pos-04-04 dir-down (0)
push-to-nongoal player-01 stone-01 pos-04-04 pos-04-05 pos-04-06 dir-down (1)
move player-01 pos-04-05 pos-04-04 dir-up (0)
move player-01 pos-04-04 pos-04-03 dir-up (0)
move player-01 pos-04-03 pos-05-03 dir-right (0)
move player-01 pos-05-03 pos-06-03 dir-right (0)
move player-01 pos-06-03 pos-06-04 dir-down (0)
move player-01 pos-06-04 pos-06-05 dir-down (0)
move player-01 pos-06-05 pos-07-05 dir-right (0)
move player-01 pos-07-05 pos-07-06 dir-down (0)
move player-01 pos-07-06 pos-07-07 dir-down (0)
move player-01 pos-07-07 pos-07-08 dir-down (0)
move player-01 pos-07-08 pos-06-08 dir-left (0)
move player-01 pos-06-08 pos-05-08 dir-left (0)
move player-01 pos-05-08 pos-05-09 dir-down (0)
move player-01 pos-05-09 pos-04-09 dir-left (0)
move player-01 pos-04-09 pos-03-09 dir-left (0)
move player-01 pos-03-09 pos-03-08 dir-up (0)
push-to-nongoal player-01 stone-04 pos-03-08 pos-04-08 pos-05-08 dir-right (1)
push-to-nongoal player-01 stone-04 pos-04-08 pos-05-08 pos-06-08 dir-right (1)
push-to-goal player-01 stone-04 pos-05-08 pos-06-08 pos-07-08 dir-right (1)
push-to-nongoal player-01 stone-04 pos-06-08 pos-07-08 pos-08-08 dir-right (1)
move player-01 pos-07-08 pos-07-09 dir-down (0)
move player-01 pos-07-09 pos-08-09 dir-right (0)
push-to-nongoal player-01 stone-04 pos-08-09 pos-08-08 pos-08-07 dir-up (1)
move player-01 pos-08-08 pos-07-08 dir-left (0)
move player-01 pos-07-08 pos-07-07 dir-up (0)
move player-01 pos-07-07 pos-07-06 dir-up (0)
move player-01 pos-07-06 pos-08-06 dir-right (0)
move player-01 pos-08-06 pos-09-06 dir-right (0)
move player-01 pos-09-06 pos-09-07 dir-down (0)
push-to-goal player-01 stone-04 pos-09-07 pos-08-07 pos-07-07 dir-left (1)
move player-01 pos-08-07 pos-08-06 dir-up (0)
move player-01 pos-08-06 pos-08-05 dir-up (0)
move player-01 pos-08-05 pos-07-05 dir-left (0)
move player-01 pos-07-05 pos-06-05 dir-left (0)
move player-01 pos-06-05 pos-06-04 dir-up (0)
move player-01 pos-06-04 pos-06-03 dir-up (0)
move player-01 pos-06-03 pos-05-03 dir-left (0)
move player-01 pos-05-03 pos-04-03 dir-left (0)
move player-01 pos-04-03 pos-04-04 dir-down (0)
move player-01 pos-04-04 pos-04-05 dir-down (0)
push-to-nongoal player-01 stone-01 pos-04-05 pos-04-06 pos-04-07 dir-down (1)
push-to-nongoal player-01 stone-01 pos-04-06 pos-04-07 pos-04-08 dir-down (1)
move player-01 pos-04-07 pos-04-06 dir-up (0)
move player-01 pos-04-06 pos-04-05 dir-up (0)
move player-01 pos-04-05 pos-04-04 dir-up (0)
move player-01 pos-04-04 pos-04-03 dir-up (0)
move player-01 pos-04-03 pos-05-03 dir-right (0)
move player-01 pos-05-03 pos-06-03 dir-right (0)
move player-01 pos-06-03 pos-06-04 dir-down (0)
push-to-nongoal player-01 stone-03 pos-06-04 pos-05-04 pos-04-04 dir-left (1)
move player-01 pos-05-04 pos-05-03 dir-up (0)
move player-01 pos-05-03 pos-04-03 dir-left (0)
push-to-nongoal player-01 stone-03 pos-04-03 pos-04-04 pos-04-05 dir-down (1)
push-to-nongoal player-01 stone-03 pos-04-04 pos-04-05 pos-04-06 dir-down (1)
push-to-nongoal player-01 stone-03 pos-04-05 pos-04-06 pos-04-07 dir-down (1)
move player-01 pos-04-06 pos-04-05 dir-up (0)
move player-01 pos-04-05 pos-04-04 dir-up (0)
move player-01 pos-04-04 pos-05-04 dir-right (0)
move player-01 pos-05-04 pos-06-04 dir-right (0)
move player-01 pos-06-04 pos-06-05 dir-down (0)
move player-01 pos-06-05 pos-07-05 dir-right (0)
move player-01 pos-07-05 pos-08-05 dir-right (0)
move player-01 pos-08-05 pos-08-06 dir-down (0)
move player-01 pos-08-06 pos-08-07 dir-down (0)
move player-01 pos-08-07 pos-08-08 dir-down (0)
move player-01 pos-08-08 pos-07-08 dir-left (0)
push-to-goal player-01 stone-04 pos-07-08 pos-07-07 pos-07-06 dir-up (1)
move player-01 pos-07-07 pos-07-08 dir-down (0)
move player-01 pos-07-08 pos-06-08 dir-left (0)
move player-01 pos-06-08 pos-05-08 dir-left (0)
move player-01 pos-05-08 pos-05-09 dir-down (0)
move player-01 pos-05-09 pos-04-09 dir-left (0)
move player-01 pos-04-09 pos-03-09 dir-left (0)
move player-01 pos-03-09 pos-03-08 dir-up (0)
push-to-nongoal player-01 stone-01 pos-03-08 pos-04-08 pos-05-08 dir-right (1)
push-to-nongoal player-01 stone-01 pos-04-08 pos-05-08 pos-06-08 dir-right (1)
push-to-goal player-01 stone-01 pos-05-08 pos-06-08 pos-07-08 dir-right (1)
push-to-nongoal player-01 stone-01 pos-06-08 pos-07-08 pos-08-08 dir-right (1)
move player-01 pos-07-08 pos-07-07 dir-up (0)
move player-01 pos-07-07 pos-08-07 dir-right (0)
move player-01 pos-08-07 pos-08-06 dir-up (0)
move player-01 pos-08-06 pos-08-05 dir-up (0)
move player-01 pos-08-05 pos-07-05 dir-left (0)
move player-01 pos-07-05 pos-06-05 dir-left (0)
move player-01 pos-06-05 pos-06-04 dir-up (0)
move player-01 pos-06-04 pos-05-04 dir-left (0)
move player-01 pos-05-04 pos-04-04 dir-left (0)
move player-01 pos-04-04 pos-04-05 dir-down (0)
move player-01 pos-04-05 pos-04-06 dir-down (0)
push-to-nongoal player-01 stone-03 pos-04-06 pos-04-07 pos-04-08 dir-down (1)
move player-01 pos-04-07 pos-04-06 dir-up (0)
move player-01 pos-04-06 pos-04-05 dir-up (0)
move player-01 pos-04-05 pos-04-04 dir-up (0)
move player-01 pos-04-04 pos-05-04 dir-right (0)
move player-01 pos-05-04 pos-06-04 dir-right (0)
move player-01 pos-06-04 pos-06-05 dir-down (0)
move player-01 pos-06-05 pos-07-05 dir-right (0)
move player-01 pos-07-05 pos-08-05 dir-right (0)
move player-01 pos-08-05 pos-08-06 dir-down (0)
move player-01 pos-08-06 pos-08-07 dir-down (0)
move player-01 pos-08-07 pos-07-07 dir-left (0)
move player-01 pos-07-07 pos-07-08 dir-down (0)
move player-01 pos-07-08 pos-06-08 dir-left (0)
move player-01 pos-06-08 pos-05-08 dir-left (0)
move player-01 pos-05-08 pos-05-09 dir-down (0)
move player-01 pos-05-09 pos-04-09 dir-left (0)
move player-01 pos-04-09 pos-03-09 dir-left (0)
move player-01 pos-03-09 pos-03-08 dir-up (0)
push-to-nongoal player-01 stone-03 pos-03-08 pos-04-08 pos-05-08 dir-right (1)
move player-01 pos-04-08 pos-04-07 dir-up (0)
move player-01 pos-04-07 pos-04-06 dir-up (0)
move player-01 pos-04-06 pos-04-05 dir-up (0)
move player-01 pos-04-05 pos-04-04 dir-up (0)
move player-01 pos-04-04 pos-05-04 dir-right (0)
move player-01 pos-05-04 pos-06-04 dir-right (0)
move player-01 pos-06-04 pos-06-05 dir-down (0)
move player-01 pos-06-05 pos-07-05 dir-right (0)
move player-01 pos-07-05 pos-08-05 dir-right (0)
move player-01 pos-08-05 pos-08-06 dir-down (0)
move player-01 pos-08-06 pos-08-07 dir-down (0)
move player-01 pos-08-07 pos-07-07 dir-left (0)
push-to-goal player-01 stone-04 pos-07-07 pos-07-06 pos-07-05 dir-up (1)
move player-01 pos-07-06 pos-07-07 dir-down (0)
move player-01 pos-07-07 pos-07-08 dir-down (0)
move player-01 pos-07-08 pos-07-09 dir-down (0)
move player-01 pos-07-09 pos-08-09 dir-right (0)
push-to-nongoal player-01 stone-01 pos-08-09 pos-08-08 pos-08-07 dir-up (1)
push-to-nongoal player-01 stone-01 pos-08-08 pos-08-07 pos-08-06 dir-up (1)
move player-01 pos-08-07 pos-07-07 dir-left (0)
move player-01 pos-07-07 pos-07-06 dir-up (0)
move player-01 pos-07-06 pos-06-06 dir-left (0)
move player-01 pos-06-06 pos-06-05 dir-up (0)
move player-01 pos-06-05 pos-06-04 dir-up (0)
move player-01 pos-06-04 pos-05-04 dir-left (0)
move player-01 pos-05-04 pos-04-04 dir-left (0)
move player-01 pos-04-04 pos-04-05 dir-down (0)
move player-01 pos-04-05 pos-04-06 dir-down (0)
move player-01 pos-04-06 pos-04-07 dir-down (0)
move player-01 pos-04-07 pos-04-08 dir-down (0)
push-to-nongoal player-01 stone-03 pos-04-08 pos-05-08 pos-06-08 dir-right (1)
push-to-goal player-01 stone-03 pos-05-08 pos-06-08 pos-07-08 dir-right (1)
move player-01 pos-06-08 pos-05-08 dir-left (0)
move player-01 pos-05-08 pos-04-08 dir-left (0)
move player-01 pos-04-08 pos-04-07 dir-up (0)
move player-01 pos-04-07 pos-04-06 dir-up (0)
move player-01 pos-04-06 pos-04-05 dir-up (0)
move player-01 pos-04-05 pos-04-04 dir-up (0)
move player-01 pos-04-04 pos-04-03 dir-up (0)
move player-01 pos-04-03 pos-03-03 dir-left (0)
move player-01 pos-03-03 pos-02-03 dir-left (0)
move player-01 pos-02-03 pos-02-04 dir-down (0)
push-to-nongoal player-01 stone-02 pos-02-04 pos-03-04 pos-04-04 dir-right (1)
move player-01 pos-03-04 pos-03-03 dir-up (0)
move player-01 pos-03-03 pos-04-03 dir-right (0)
push-to-nongoal player-01 stone-02 pos-04-03 pos-04-04 pos-04-05 dir-down (1)
push-to-nongoal player-01 stone-02 pos-04-04 pos-04-05 pos-04-06 dir-down (1)
push-to-nongoal player-01 stone-02 pos-04-05 pos-04-06 pos-04-07 dir-down (1)
push-to-nongoal player-01 stone-02 pos-04-06 pos-04-07 pos-04-08 dir-down (1)
move player-01 pos-04-07 pos-04-06 dir-up (0)
move player-01 pos-04-06 pos-04-05 dir-up (0)
move player-01 pos-04-05 pos-04-04 dir-up (0)
move player-01 pos-04-04 pos-05-04 dir-right (0)
move player-01 pos-05-04 pos-06-04 dir-right (0)
move player-01 pos-06-04 pos-06-05 dir-down (0)
move player-01 pos-06-05 pos-06-06 dir-down (0)
move player-01 pos-06-06 pos-07-06 dir-right (0)
move player-01 pos-07-06 pos-07-07 dir-down (0)
move player-01 pos-07-07 pos-08-07 dir-right (0)
move player-01 pos-08-07 pos-09-07 dir-right (0)
move player-01 pos-09-07 pos-09-06 dir-up (0)
push-to-goal player-01 stone-01 pos-09-06 pos-08-06 pos-07-06 dir-left (1)
move player-01 pos-08-06 pos-08-07 dir-down (0)
move player-01 pos-08-07 pos-08-08 dir-down (0)
move player-01 pos-08-08 pos-08-09 dir-down (0)
move player-01 pos-08-09 pos-07-09 dir-left (0)
push-to-goal player-01 stone-03 pos-07-09 pos-07-08 pos-07-07 dir-up (1)
move player-01 pos-07-08 pos-06-08 dir-left (0)
move player-01 pos-06-08 pos-05-08 dir-left (0)
move player-01 pos-05-08 pos-05-09 dir-down (0)
move player-01 pos-05-09 pos-04-09 dir-left (0)
move player-01 pos-04-09 pos-03-09 dir-left (0)
move player-01 pos-03-09 pos-03-08 dir-up (0)
push-to-nongoal player-01 stone-02 pos-03-08 pos-04-08 pos-05-08 dir-right (1)
push-to-nongoal player-01 stone-02 pos-04-08 pos-05-08 pos-06-08 dir-right (1)
push-to-goal player-01 stone-02 pos-05-08 pos-06-08 pos-07-08 dir-right (1)
[t=15.1866s, 18236 KB] Plan length: 234 step(s).
[t=15.1867s, 18236 KB] Plan cost: 46
[t=15.1867s, 18236 KB] Solution: Incumbent solution found!
[t=15.1867s, 18236 KB] Solution Timestep: 1682390700984 millisecond(s).
[t=15.1867s, 18236 KB] Timestamp: 1682390700984 millisecond(s).
[t=15.1868s, 18236 KB] Expanded 135267 state(s).
[t=15.1868s, 18236 KB] Reopened 24245 state(s).
[t=15.1868s, 18236 KB] Evaluated 117805 state(s).
[t=15.1868s, 18236 KB] Evaluations: 131422
[t=15.1868s, 18236 KB] Generated 372127 state(s).
[t=15.1869s, 18236 KB] Dead ends: 0 state(s).
[t=15.1869s, 18236 KB] Number of registered states: 131422
[t=15.1869s, 18236 KB] Int hash set load factor: 131422/262144 = 0.501335
[t=15.1869s, 18236 KB] Int hash set resizes: 18
[t=32.7738s, 24840 KB] Solution found!
move player-01 pos-04-08 pos-05-08 dir-right (0)
move player-01 pos-05-08 pos-06-08 dir-right (0)
move player-01 pos-06-08 pos-07-08 dir-right (0)
move player-01 pos-07-08 pos-07-07 dir-up (0)
move player-01 pos-07-07 pos-07-06 dir-up (0)
move player-01 pos-07-06 pos-07-05 dir-up (0)
move player-01 pos-07-05 pos-06-05 dir-left (0)
move player-01 pos-06-05 pos-06-04 dir-up (0)
move player-01 pos-06-04 pos-06-03 dir-up (0)
move player-01 pos-06-03 pos-05-03 dir-left (0)
move player-01 pos-05-03 pos-05-02 dir-up (0)
move player-01 pos-05-02 pos-04-02 dir-left (0)
move player-01 pos-04-02 pos-03-02 dir-left (0)
move player-01 pos-03-02 pos-03-03 dir-down (0)
push-to-nongoal player-01 stone-01 pos-03-03 pos-04-03 pos-05-03 dir-right (1)
move player-01 pos-04-03 pos-04-04 dir-down (0)
push-to-nongoal player-01 stone-04 pos-04-04 pos-04-05 pos-04-06 dir-down (1)
push-to-nongoal player-01 stone-04 pos-04-05 pos-04-06 pos-04-07 dir-down (1)
push-to-nongoal player-01 stone-04 pos-04-06 pos-04-07 pos-04-08 dir-down (1)
move player-01 pos-04-07 pos-04-06 dir-up (0)
move player-01 pos-04-06 pos-04-05 dir-up (0)
move player-01 pos-04-05 pos-04-04 dir-up (0)
push-to-nongoal player-01 stone-03 pos-04-04 pos-05-04 pos-06-04 dir-right (1)
move player-01 pos-05-04 pos-04-04 dir-left (0)
move player-01 pos-04-04 pos-04-03 dir-up (0)
move player-01 pos-04-03 pos-04-02 dir-up (0)
move player-01 pos-04-02 pos-05-02 dir-right (0)
push-to-nongoal player-01 stone-01 pos-05-02 pos-05-03 pos-05-04 dir-down (1)
move player-01 pos-05-03 pos-06-03 dir-right (0)
push-to-nongoal player-01 stone-03 pos-06-03 pos-06-04 pos-06-05 dir-down (1)
push-to-nongoal player-01 stone-01 pos-06-04 pos-05-04 pos-04-04 dir-left (1)
move player-01 pos-05-04 pos-05-03 dir-up (0)
move player-01 pos-05-03 pos-04-03 dir-left (0)
push-to-nongoal player-01 stone-01 pos-04-03 pos-04-04 pos-04-05 dir-down (1)
move player-01 pos-04-04 pos-05-04 dir-right (0)
move player-01 pos-05-04 pos-06-04 dir-right (0)
move player-01 pos-06-04 pos-07-04 dir-right (0)
move player-01 pos-07-04 pos-07-05 dir-down (0)
move player-01 pos-07-05 pos-07-06 dir-down (0)
move player-01 pos-07-06 pos-06-06 dir-left (0)
push-to-nongoal player-01 stone-03 pos-06-06 pos-06-05 pos-06-04 dir-up (1)
move player-01 pos-06-05 pos-07-05 dir-right (0)
move player-01 pos-07-05 pos-07-04 dir-up (0)
push-to-nongoal player-01 stone-03 pos-07-04 pos-06-04 pos-05-04 dir-left (1)
move player-01 pos-06-04 pos-06-03 dir-up (0)
move player-01 pos-06-03 pos-05-03 dir-left (0)
move player-01 pos-05-03 pos-04-03 dir-left (0)
move player-01 pos-04-03 pos-04-04 dir-down (0)
push-to-nongoal player-01 stone-01 pos-04-04 pos-04-05 pos-04-06 dir-down (1)
move player-01 pos-04-05 pos-04-04 dir-up (0)
move player-01 pos-04-04 pos-04-03 dir-up (0)
move player-01 pos-04-03 pos-05-03 dir-right (0)
move player-01 pos-05-03 pos-06-03 dir-right (0)
move player-01 pos-06-03 pos-06-04 dir-down (0)
move player-01 pos-06-04 pos-06-05 dir-down (0)
move player-01 pos-06-05 pos-07-05 dir-right (0)
move player-01 pos-07-05 pos-07-06 dir-down (0)
move player-01 pos-07-06 pos-07-07 dir-down (0)
move player-01 pos-07-07 pos-07-08 dir-down (0)
move player-01 pos-07-08 pos-06-08 dir-left (0)
move player-01 pos-06-08 pos-05-08 dir-left (0)
move player-01 pos-05-08 pos-05-09 dir-down (0)
move player-01 pos-05-09 pos-04-09 dir-left (0)
move player-01 pos-04-09 pos-03-09 dir-left (0)
move player-01 pos-03-09 pos-03-08 dir-up (0)
push-to-nongoal player-01 stone-04 pos-03-08 pos-04-08 pos-05-08 dir-right (1)
push-to-nongoal player-01 stone-04 pos-04-08 pos-05-08 pos-06-08 dir-right (1)
push-to-goal player-01 stone-04 pos-05-08 pos-06-08 pos-07-08 dir-right (1)
push-to-nongoal player-01 stone-04 pos-06-08 pos-07-08 pos-08-08 dir-right (1)
move player-01 pos-07-08 pos-07-07 dir-up (0)
move player-01 pos-07-07 pos-07-06 dir-up (0)
move player-01 pos-07-06 pos-07-05 dir-up (0)
move player-01 pos-07-05 pos-06-05 dir-left (0)
move player-01 pos-06-05 pos-06-04 dir-up (0)
move player-01 pos-06-04 pos-06-03 dir-up (0)
move player-01 pos-06-03 pos-05-03 dir-left (0)
move player-01 pos-05-03 pos-04-03 dir-left (0)
move player-01 pos-04-03 pos-04-04 dir-down (0)
move player-01 pos-04-04 pos-04-05 dir-down (0)
push-to-nongoal player-01 stone-01 pos-04-05 pos-04-06 pos-04-07 dir-down (1)
push-to-nongoal player-01 stone-01 pos-04-06 pos-04-07 pos-04-08 dir-down (1)
move player-01 pos-04-07 pos-04-06 dir-up (0)
move player-01 pos-04-06 pos-04-05 dir-up (0)
move player-01 pos-04-05 pos-04-04 dir-up (0)
move player-01 pos-04-04 pos-04-03 dir-up (0)
move player-01 pos-04-03 pos-05-03 dir-right (0)
move player-01 pos-05-03 pos-06-03 dir-right (0)
move player-01 pos-06-03 pos-06-04 dir-down (0)
move player-01 pos-06-04 pos-06-05 dir-down (0)
move player-01 pos-06-05 pos-07-05 dir-right (0)
move player-01 pos-07-05 pos-07-06 dir-down (0)
move player-01 pos-07-06 pos-07-07 dir-down (0)
move player-01 pos-07-07 pos-07-08 dir-down (0)
move player-01 pos-07-08 pos-06-08 dir-left (0)
move player-01 pos-06-08 pos-05-08 dir-left (0)
move player-01 pos-05-08 pos-05-09 dir-down (0)
move player-01 pos-05-09 pos-04-09 dir-left (0)
move player-01 pos-04-09 pos-03-09 dir-left (0)
move player-01 pos-03-09 pos-03-08 dir-up (0)
push-to-nongoal player-01 stone-01 pos-03-08 pos-04-08 pos-05-08 dir-right (1)
move player-01 pos-04-08 pos-04-07 dir-up (0)
move player-01 pos-04-07 pos-04-06 dir-up (0)
move player-01 pos-04-06 pos-04-05 dir-up (0)
move player-01 pos-04-05 pos-04-04 dir-up (0)
move player-01 pos-04-04 pos-04-03 dir-up (0)
move player-01 pos-04-03 pos-05-03 dir-right (0)
move player-01 pos-05-03 pos-06-03 dir-right (0)
move player-01 pos-06-03 pos-06-04 dir-down (0)
move player-01 pos-06-04 pos-06-05 dir-down (0)
move player-01 pos-06-05 pos-07-05 dir-right (0)
move player-01 pos-07-05 pos-07-06 dir-down (0)
move player-01 pos-07-06 pos-07-07 dir-down (0)
move player-01 pos-07-07 pos-07-08 dir-down (0)
move player-01 pos-07-08 pos-07-09 dir-down (0)
move player-01 pos-07-09 pos-08-09 dir-right (0)
push-to-nongoal player-01 stone-04 pos-08-09 pos-08-08 pos-08-07 dir-up (1)
push-to-nongoal player-01 stone-04 pos-08-08 pos-08-07 pos-08-06 dir-up (1)
move player-01 pos-08-07 pos-07-07 dir-left (0)
move player-01 pos-07-07 pos-07-06 dir-up (0)
move player-01 pos-07-06 pos-07-05 dir-up (0)
move player-01 pos-07-05 pos-06-05 dir-left (0)
move player-01 pos-06-05 pos-06-04 dir-up (0)
move player-01 pos-06-04 pos-06-03 dir-up (0)
move player-01 pos-06-03 pos-05-03 dir-left (0)
move player-01 pos-05-03 pos-04-03 dir-left (0)
move player-01 pos-04-03 pos-04-04 dir-down (0)
move player-01 pos-04-04 pos-04-05 dir-down (0)
move player-01 pos-04-05 pos-04-06 dir-down (0)
move player-01 pos-04-06 pos-04-07 dir-down (0)
move player-01 pos-04-07 pos-04-08 dir-down (0)
push-to-nongoal player-01 stone-01 pos-04-08 pos-05-08 pos-06-08 dir-right (1)
push-to-goal player-01 stone-01 pos-05-08 pos-06-08 pos-07-08 dir-right (1)
move player-01 pos-06-08 pos-05-08 dir-left (0)
move player-01 pos-05-08 pos-04-08 dir-left (0)
move player-01 pos-04-08 pos-04-07 dir-up (0)
move player-01 pos-04-07 pos-04-06 dir-up (0)
move player-01 pos-04-06 pos-04-05 dir-up (0)
move player-01 pos-04-05 pos-04-04 dir-up (0)
move player-01 pos-04-04 pos-04-03 dir-up (0)
move player-01 pos-04-03 pos-03-03 dir-left (0)
move player-01 pos-03-03 pos-02-03 dir-left (0)
move player-01 pos-02-03 pos-02-04 dir-down (0)
push-to-nongoal player-01 stone-02 pos-02-04 pos-03-04 pos-04-04 dir-right (1)
move player-01 pos-03-04 pos-03-03 dir-up (0)
move player-01 pos-03-03 pos-04-03 dir-right (0)
push-to-nongoal player-01 stone-02 pos-04-03 pos-04-04 pos-04-05 dir-down (1)
push-to-nongoal player-01 stone-02 pos-04-04 pos-04-05 pos-04-06 dir-down (1)
push-to-nongoal player-01 stone-02 pos-04-05 pos-04-06 pos-04-07 dir-down (1)
push-to-nongoal player-01 stone-02 pos-04-06 pos-04-07 pos-04-08 dir-down (1)
move player-01 pos-04-07 pos-04-06 dir-up (0)
move player-01 pos-04-06 pos-04-05 dir-up (0)
move player-01 pos-04-05 pos-04-04 dir-up (0)
move player-01 pos-04-04 pos-04-03 dir-up (0)
move player-01 pos-04-03 pos-05-03 dir-right (0)
move player-01 pos-05-03 pos-06-03 dir-right (0)
move player-01 pos-06-03 pos-06-04 dir-down (0)
move player-01 pos-06-04 pos-06-05 dir-down (0)
move player-01 pos-06-05 pos-07-05 dir-right (0)
move player-01 pos-07-05 pos-07-06 dir-down (0)
move player-01 pos-07-06 pos-07-07 dir-down (0)
move player-01 pos-07-07 pos-08-07 dir-right (0)
move player-01 pos-08-07 pos-08-08 dir-down (0)
move player-01 pos-08-08 pos-08-09 dir-down (0)
move player-01 pos-08-09 pos-07-09 dir-left (0)
push-to-goal player-01 stone-01 pos-07-09 pos-07-08 pos-07-07 dir-up (1)
push-to-goal player-01 stone-01 pos-07-08 pos-07-07 pos-07-06 dir-up (1)
push-to-goal player-01 stone-01 pos-07-07 pos-07-06 pos-07-05 dir-up (1)
move player-01 pos-07-06 pos-07-07 dir-down (0)
move player-01 pos-07-07 pos-07-08 dir-down (0)
move player-01 pos-07-08 pos-06-08 dir-left (0)
move player-01 pos-06-08 pos-05-08 dir-left (0)
move player-01 pos-05-08 pos-05-09 dir-down (0)
move player-01 pos-05-09 pos-04-09 dir-left (0)
move player-01 pos-04-09 pos-03-09 dir-left (0)
move player-01 pos-03-09 pos-03-08 dir-up (0)
push-to-nongoal player-01 stone-02 pos-03-08 pos-04-08 pos-05-08 dir-right (1)
push-to-nongoal player-01 stone-02 pos-04-08 pos-05-08 pos-06-08 dir-right (1)
push-to-goal player-01 stone-02 pos-05-08 pos-06-08 pos-07-08 dir-right (1)
move player-01 pos-06-08 pos-05-08 dir-left (0)
move player-01 pos-05-08 pos-04-08 dir-left (0)
move player-01 pos-04-08 pos-04-07 dir-up (0)
move player-01 pos-04-07 pos-04-06 dir-up (0)
move player-01 pos-04-06 pos-04-05 dir-up (0)
move player-01 pos-04-05 pos-04-04 dir-up (0)
move player-01 pos-04-04 pos-04-03 dir-up (0)
move player-01 pos-04-03 pos-05-03 dir-right (0)
move player-01 pos-05-03 pos-06-03 dir-right (0)
move player-01 pos-06-03 pos-06-04 dir-down (0)
push-to-nongoal player-01 stone-03 pos-06-04 pos-05-04 pos-04-04 dir-left (1)
move player-01 pos-05-04 pos-05-03 dir-up (0)
move player-01 pos-05-03 pos-04-03 dir-left (0)
push-to-nongoal player-01 stone-03 pos-04-03 pos-04-04 pos-04-05 dir-down (1)
push-to-nongoal player-01 stone-03 pos-04-04 pos-04-05 pos-04-06 dir-down (1)
push-to-nongoal player-01 stone-03 pos-04-05 pos-04-06 pos-04-07 dir-down (1)
push-to-nongoal player-01 stone-03 pos-04-06 pos-04-07 pos-04-08 dir-down (1)
move player-01 pos-04-07 pos-04-06 dir-up (0)
move player-01 pos-04-06 pos-04-05 dir-up (0)
move player-01 pos-04-05 pos-04-04 dir-up (0)
move player-01 pos-04-04 pos-05-04 dir-right (0)
move player-01 pos-05-04 pos-06-04 dir-right (0)
move player-01 pos-06-04 pos-06-05 dir-down (0)
move player-01 pos-06-05 pos-06-06 dir-down (0)
move player-01 pos-06-06 pos-07-06 dir-right (0)
move player-01 pos-07-06 pos-07-07 dir-down (0)
move player-01 pos-07-07 pos-08-07 dir-right (0)
move player-01 pos-08-07 pos-09-07 dir-right (0)
move player-01 pos-09-07 pos-09-06 dir-up (0)
push-to-goal player-01 stone-04 pos-09-06 pos-08-06 pos-07-06 dir-left (1)
move player-01 pos-08-06 pos-08-07 dir-down (0)
move player-01 pos-08-07 pos-08-08 dir-down (0)
move player-01 pos-08-08 pos-08-09 dir-down (0)
move player-01 pos-08-09 pos-07-09 dir-left (0)
push-to-goal player-01 stone-02 pos-07-09 pos-07-08 pos-07-07 dir-up (1)
move player-01 pos-07-08 pos-06-08 dir-left (0)
move player-01 pos-06-08 pos-05-08 dir-left (0)
move player-01 pos-05-08 pos-05-09 dir-down (0)
move player-01 pos-05-09 pos-04-09 dir-left (0)
move player-01 pos-04-09 pos-03-09 dir-left (0)
move player-01 pos-03-09 pos-03-08 dir-up (0)
push-to-nongoal player-01 stone-03 pos-03-08 pos-04-08 pos-05-08 dir-right (1)
push-to-nongoal player-01 stone-03 pos-04-08 pos-05-08 pos-06-08 dir-right (1)
push-to-goal player-01 stone-03 pos-05-08 pos-06-08 pos-07-08 dir-right (1)
[t=32.7772s, 24840 KB] Plan length: 222 step(s).
[t=32.7773s, 24840 KB] Plan cost: 44
[t=32.7773s, 24840 KB] Solution: Incumbent solution found!
[t=32.7773s, 24840 KB] Solution Timestep: 1682390718755 millisecond(s).
[t=32.7773s, 24840 KB] Timestamp: 1682390718755 millisecond(s).
[t=32.7774s, 24840 KB] Expanded 363090 state(s).
[t=32.7774s, 24840 KB] Reopened 124428 state(s).
[t=32.7774s, 24840 KB] Evaluated 244643 state(s).
[t=32.7774s, 24840 KB] Evaluations: 274320
[t=32.7775s, 24840 KB] Generated 992611 state(s).
[t=32.7775s, 24840 KB] Dead ends: 0 state(s).
[t=32.7775s, 24840 KB] Number of registered states: 274320
[t=32.7775s, 24840 KB] Int hash set load factor: 274320/524288 = 0.523224
[t=32.7776s, 24840 KB] Int hash set resizes: 19
[t=69.6468s, 37776 KB] Optimal Solution: found
[t=69.6471s, 37776 KB] Actual search time: 69.64s
move player-01 pos-04-08 pos-05-08 dir-right (0)
move player-01 pos-05-08 pos-06-08 dir-right (0)
move player-01 pos-06-08 pos-07-08 dir-right (0)
move player-01 pos-07-08 pos-07-07 dir-up (0)
move player-01 pos-07-07 pos-07-06 dir-up (0)
move player-01 pos-07-06 pos-07-05 dir-up (0)
move player-01 pos-07-05 pos-06-05 dir-left (0)
move player-01 pos-06-05 pos-06-04 dir-up (0)
move player-01 pos-06-04 pos-06-03 dir-up (0)
move player-01 pos-06-03 pos-05-03 dir-left (0)
move player-01 pos-05-03 pos-05-02 dir-up (0)
move player-01 pos-05-02 pos-04-02 dir-left (0)
move player-01 pos-04-02 pos-03-02 dir-left (0)
move player-01 pos-03-02 pos-03-03 dir-down (0)
push-to-nongoal player-01 stone-01 pos-03-03 pos-04-03 pos-05-03 dir-right (1)
move player-01 pos-04-03 pos-04-04 dir-down (0)
push-to-nongoal player-01 stone-04 pos-04-04 pos-04-05 pos-04-06 dir-down (1)
push-to-nongoal player-01 stone-04 pos-04-05 pos-04-06 pos-04-07 dir-down (1)
push-to-nongoal player-01 stone-04 pos-04-06 pos-04-07 pos-04-08 dir-down (1)
move player-01 pos-04-07 pos-04-06 dir-up (0)
move player-01 pos-04-06 pos-04-05 dir-up (0)
move player-01 pos-04-05 pos-04-04 dir-up (0)
push-to-nongoal player-01 stone-03 pos-04-04 pos-05-04 pos-06-04 dir-right (1)
move player-01 pos-05-04 pos-04-04 dir-left (0)
move player-01 pos-04-04 pos-04-03 dir-up (0)
move player-01 pos-04-03 pos-04-02 dir-up (0)
move player-01 pos-04-02 pos-05-02 dir-right (0)
push-to-nongoal player-01 stone-01 pos-05-02 pos-05-03 pos-05-04 dir-down (1)
move player-01 pos-05-03 pos-06-03 dir-right (0)
push-to-nongoal player-01 stone-03 pos-06-03 pos-06-04 pos-06-05 dir-down (1)
push-to-nongoal player-01 stone-01 pos-06-04 pos-05-04 pos-04-04 dir-left (1)
move player-01 pos-05-04 pos-05-03 dir-up (0)
move player-01 pos-05-03 pos-04-03 dir-left (0)
push-to-nongoal player-01 stone-01 pos-04-03 pos-04-04 pos-04-05 dir-down (1)
move player-01 pos-04-04 pos-05-04 dir-right (0)
move player-01 pos-05-04 pos-06-04 dir-right (0)
move player-01 pos-06-04 pos-07-04 dir-right (0)
move player-01 pos-07-04 pos-07-05 dir-down (0)
move player-01 pos-07-05 pos-07-06 dir-down (0)
move player-01 pos-07-06 pos-06-06 dir-left (0)
push-to-nongoal player-01 stone-03 pos-06-06 pos-06-05 pos-06-04 dir-up (1)
move player-01 pos-06-05 pos-07-05 dir-right (0)
move player-01 pos-07-05 pos-07-04 dir-up (0)
push-to-nongoal player-01 stone-03 pos-07-04 pos-06-04 pos-05-04 dir-left (1)
move player-01 pos-06-04 pos-06-03 dir-up (0)
move player-01 pos-06-03 pos-05-03 dir-left (0)
move player-01 pos-05-03 pos-04-03 dir-left (0)
move player-01 pos-04-03 pos-04-04 dir-down (0)
push-to-nongoal player-01 stone-01 pos-04-04 pos-04-05 pos-04-06 dir-down (1)
move player-01 pos-04-05 pos-04-04 dir-up (0)
move player-01 pos-04-04 pos-04-03 dir-up (0)
move player-01 pos-04-03 pos-05-03 dir-right (0)
move player-01 pos-05-03 pos-06-03 dir-right (0)
move player-01 pos-06-03 pos-06-04 dir-down (0)
move player-01 pos-06-04 pos-06-05 dir-down (0)
move player-01 pos-06-05 pos-07-05 dir-right (0)
move player-01 pos-07-05 pos-07-06 dir-down (0)
move player-01 pos-07-06 pos-07-07 dir-down (0)
move player-01 pos-07-07 pos-07-08 dir-down (0)
move player-01 pos-07-08 pos-06-08 dir-left (0)
move player-01 pos-06-08 pos-05-08 dir-left (0)
move player-01 pos-05-08 pos-05-09 dir-down (0)
move player-01 pos-05-09 pos-04-09 dir-left (0)
move player-01 pos-04-09 pos-03-09 dir-left (0)
move player-01 pos-03-09 pos-03-08 dir-up (0)
push-to-nongoal player-01 stone-04 pos-03-08 pos-04-08 pos-05-08 dir-right (1)
push-to-nongoal player-01 stone-04 pos-04-08 pos-05-08 pos-06-08 dir-right (1)
push-to-goal player-01 stone-04 pos-05-08 pos-06-08 pos-07-08 dir-right (1)
push-to-nongoal player-01 stone-04 pos-06-08 pos-07-08 pos-08-08 dir-right (1)
move player-01 pos-07-08 pos-07-07 dir-up (0)
move player-01 pos-07-07 pos-07-06 dir-up (0)
move player-01 pos-07-06 pos-07-05 dir-up (0)
move player-01 pos-07-05 pos-06-05 dir-left (0)
move player-01 pos-06-05 pos-06-04 dir-up (0)
move player-01 pos-06-04 pos-06-03 dir-up (0)
move player-01 pos-06-03 pos-05-03 dir-left (0)
move player-01 pos-05-03 pos-04-03 dir-left (0)
move player-01 pos-04-03 pos-04-04 dir-down (0)
move player-01 pos-04-04 pos-04-05 dir-down (0)
push-to-nongoal player-01 stone-01 pos-04-05 pos-04-06 pos-04-07 dir-down (1)
push-to-nongoal player-01 stone-01 pos-04-06 pos-04-07 pos-04-08 dir-down (1)
move player-01 pos-04-07 pos-04-06 dir-up (0)
move player-01 pos-04-06 pos-04-05 dir-up (0)
move player-01 pos-04-05 pos-04-04 dir-up (0)
move player-01 pos-04-04 pos-04-03 dir-up (0)
move player-01 pos-04-03 pos-05-03 dir-right (0)
move player-01 pos-05-03 pos-06-03 dir-right (0)
move player-01 pos-06-03 pos-06-04 dir-down (0)
move player-01 pos-06-04 pos-06-05 dir-down (0)
move player-01 pos-06-05 pos-07-05 dir-right (0)
move player-01 pos-07-05 pos-07-06 dir-down (0)
move player-01 pos-07-06 pos-07-07 dir-down (0)
move player-01 pos-07-07 pos-07-08 dir-down (0)
move player-01 pos-07-08 pos-06-08 dir-left (0)
move player-01 pos-06-08 pos-05-08 dir-left (0)
move player-01 pos-05-08 pos-05-09 dir-down (0)
move player-01 pos-05-09 pos-04-09 dir-left (0)
move player-01 pos-04-09 pos-03-09 dir-left (0)
move player-01 pos-03-09 pos-03-08 dir-up (0)
push-to-nongoal player-01 stone-01 pos-03-08 pos-04-08 pos-05-08 dir-right (1)
move player-01 pos-04-08 pos-04-07 dir-up (0)
move player-01 pos-04-07 pos-04-06 dir-up (0)
move player-01 pos-04-06 pos-04-05 dir-up (0)
move player-01 pos-04-05 pos-04-04 dir-up (0)
move player-01 pos-04-04 pos-04-03 dir-up (0)
move player-01 pos-04-03 pos-05-03 dir-right (0)
move player-01 pos-05-03 pos-06-03 dir-right (0)
move player-01 pos-06-03 pos-06-04 dir-down (0)
move player-01 pos-06-04 pos-06-05 dir-down (0)
move player-01 pos-06-05 pos-07-05 dir-right (0)
move player-01 pos-07-05 pos-07-06 dir-down (0)
move player-01 pos-07-06 pos-07-07 dir-down (0)
move player-01 pos-07-07 pos-07-08 dir-down (0)
move player-01 pos-07-08 pos-07-09 dir-down (0)
move player-01 pos-07-09 pos-08-09 dir-right (0)
push-to-nongoal player-01 stone-04 pos-08-09 pos-08-08 pos-08-07 dir-up (1)
push-to-nongoal player-01 stone-04 pos-08-08 pos-08-07 pos-08-06 dir-up (1)
move player-01 pos-08-07 pos-07-07 dir-left (0)
move player-01 pos-07-07 pos-07-06 dir-up (0)
move player-01 pos-07-06 pos-07-05 dir-up (0)
move player-01 pos-07-05 pos-06-05 dir-left (0)
move player-01 pos-06-05 pos-06-04 dir-up (0)
move player-01 pos-06-04 pos-06-03 dir-up (0)
move player-01 pos-06-03 pos-05-03 dir-left (0)
move player-01 pos-05-03 pos-04-03 dir-left (0)
move player-01 pos-04-03 pos-04-04 dir-down (0)
move player-01 pos-04-04 pos-04-05 dir-down (0)
move player-01 pos-04-05 pos-04-06 dir-down (0)
move player-01 pos-04-06 pos-04-07 dir-down (0)
move player-01 pos-04-07 pos-04-08 dir-down (0)
push-to-nongoal player-01 stone-01 pos-04-08 pos-05-08 pos-06-08 dir-right (1)
push-to-goal player-01 stone-01 pos-05-08 pos-06-08 pos-07-08 dir-right (1)
move player-01 pos-06-08 pos-05-08 dir-left (0)
move player-01 pos-05-08 pos-04-08 dir-left (0)
move player-01 pos-04-08 pos-04-07 dir-up (0)
move player-01 pos-04-07 pos-04-06 dir-up (0)
move player-01 pos-04-06 pos-04-05 dir-up (0)
move player-01 pos-04-05 pos-04-04 dir-up (0)
move player-01 pos-04-04 pos-04-03 dir-up (0)
move player-01 pos-04-03 pos-03-03 dir-left (0)
move player-01 pos-03-03 pos-02-03 dir-left (0)
move player-01 pos-02-03 pos-02-04 dir-down (0)
push-to-nongoal player-01 stone-02 pos-02-04 pos-03-04 pos-04-04 dir-right (1)
move player-01 pos-03-04 pos-03-03 dir-up (0)
move player-01 pos-03-03 pos-04-03 dir-right (0)
push-to-nongoal player-01 stone-02 pos-04-03 pos-04-04 pos-04-05 dir-down (1)
push-to-nongoal player-01 stone-02 pos-04-04 pos-04-05 pos-04-06 dir-down (1)
push-to-nongoal player-01 stone-02 pos-04-05 pos-04-06 pos-04-07 dir-down (1)
push-to-nongoal player-01 stone-02 pos-04-06 pos-04-07 pos-04-08 dir-down (1)
move player-01 pos-04-07 pos-04-06 dir-up (0)
move player-01 pos-04-06 pos-04-05 dir-up (0)
move player-01 pos-04-05 pos-04-04 dir-up (0)
move player-01 pos-04-04 pos-04-03 dir-up (0)
move player-01 pos-04-03 pos-05-03 dir-right (0)
move player-01 pos-05-03 pos-06-03 dir-right (0)
move player-01 pos-06-03 pos-06-04 dir-down (0)
move player-01 pos-06-04 pos-06-05 dir-down (0)
move player-01 pos-06-05 pos-07-05 dir-right (0)
move player-01 pos-07-05 pos-07-06 dir-down (0)
move player-01 pos-07-06 pos-07-07 dir-down (0)
move player-01 pos-07-07 pos-08-07 dir-right (0)
move player-01 pos-08-07 pos-08-08 dir-down (0)
move player-01 pos-08-08 pos-08-09 dir-down (0)
move player-01 pos-08-09 pos-07-09 dir-left (0)
push-to-goal player-01 stone-01 pos-07-09 pos-07-08 pos-07-07 dir-up (1)
push-to-goal player-01 stone-01 pos-07-08 pos-07-07 pos-07-06 dir-up (1)
push-to-goal player-01 stone-01 pos-07-07 pos-07-06 pos-07-05 dir-up (1)
move player-01 pos-07-06 pos-07-07 dir-down (0)
move player-01 pos-07-07 pos-07-08 dir-down (0)
move player-01 pos-07-08 pos-06-08 dir-left (0)
move player-01 pos-06-08 pos-05-08 dir-left (0)
move player-01 pos-05-08 pos-05-09 dir-down (0)
move player-01 pos-05-09 pos-04-09 dir-left (0)
move player-01 pos-04-09 pos-03-09 dir-left (0)
move player-01 pos-03-09 pos-03-08 dir-up (0)
push-to-nongoal player-01 stone-02 pos-03-08 pos-04-08 pos-05-08 dir-right (1)
push-to-nongoal player-01 stone-02 pos-04-08 pos-05-08 pos-06-08 dir-right (1)
push-to-goal player-01 stone-02 pos-05-08 pos-06-08 pos-07-08 dir-right (1)
move player-01 pos-06-08 pos-05-08 dir-left (0)
move player-01 pos-05-08 pos-04-08 dir-left (0)
move player-01 pos-04-08 pos-04-07 dir-up (0)
move player-01 pos-04-07 pos-04-06 dir-up (0)
move player-01 pos-04-06 pos-04-05 dir-up (0)
move player-01 pos-04-05 pos-04-04 dir-up (0)
move player-01 pos-04-04 pos-04-03 dir-up (0)
move player-01 pos-04-03 pos-05-03 dir-right (0)
move player-01 pos-05-03 pos-06-03 dir-right (0)
move player-01 pos-06-03 pos-06-04 dir-down (0)
push-to-nongoal player-01 stone-03 pos-06-04 pos-05-04 pos-04-04 dir-left (1)
move player-01 pos-05-04 pos-05-03 dir-up (0)
move player-01 pos-05-03 pos-04-03 dir-left (0)
push-to-nongoal player-01 stone-03 pos-04-03 pos-04-04 pos-04-05 dir-down (1)
push-to-nongoal player-01 stone-03 pos-04-04 pos-04-05 pos-04-06 dir-down (1)
push-to-nongoal player-01 stone-03 pos-04-05 pos-04-06 pos-04-07 dir-down (1)
push-to-nongoal player-01 stone-03 pos-04-06 pos-04-07 pos-04-08 dir-down (1)
move player-01 pos-04-07 pos-04-06 dir-up (0)
move player-01 pos-04-06 pos-04-05 dir-up (0)
move player-01 pos-04-05 pos-04-04 dir-up (0)
move player-01 pos-04-04 pos-05-04 dir-right (0)
move player-01 pos-05-04 pos-06-04 dir-right (0)
move player-01 pos-06-04 pos-06-05 dir-down (0)
move player-01 pos-06-05 pos-06-06 dir-down (0)
move player-01 pos-06-06 pos-07-06 dir-right (0)
move player-01 pos-07-06 pos-07-07 dir-down (0)
move player-01 pos-07-07 pos-08-07 dir-right (0)
move player-01 pos-08-07 pos-09-07 dir-right (0)
move player-01 pos-09-07 pos-09-06 dir-up (0)
push-to-goal player-01 stone-04 pos-09-06 pos-08-06 pos-07-06 dir-left (1)
move player-01 pos-08-06 pos-08-07 dir-down (0)
move player-01 pos-08-07 pos-08-08 dir-down (0)
move player-01 pos-08-08 pos-08-09 dir-down (0)
move player-01 pos-08-09 pos-07-09 dir-left (0)
push-to-goal player-01 stone-02 pos-07-09 pos-07-08 pos-07-07 dir-up (1)
move player-01 pos-07-08 pos-06-08 dir-left (0)
move player-01 pos-06-08 pos-05-08 dir-left (0)
move player-01 pos-05-08 pos-05-09 dir-down (0)
move player-01 pos-05-09 pos-04-09 dir-left (0)
move player-01 pos-04-09 pos-03-09 dir-left (0)
move player-01 pos-03-09 pos-03-08 dir-up (0)
push-to-nongoal player-01 stone-03 pos-03-08 pos-04-08 pos-05-08 dir-right (1)
push-to-nongoal player-01 stone-03 pos-04-08 pos-05-08 pos-06-08 dir-right (1)
push-to-goal player-01 stone-03 pos-05-08 pos-06-08 pos-07-08 dir-right (1)
[t=69.6471s, 37776 KB] Plan length: 222 step(s).
[t=69.6471s, 37776 KB] Plan cost: 44
[t=69.6471s, 37776 KB] Timestamp: 1682390755746 millisecond(s).
[t=69.6471s, 37776 KB] Expanded 827931 state(s).
[t=69.6471s, 37776 KB] Reopened 363656 state(s).
[t=69.6471s, 37776 KB] Evaluated 464275 state(s).
[t=69.6471s, 37776 KB] Evaluations: 520035
[t=69.6471s, 37776 KB] Generated 2256629 state(s).
[t=69.6471s, 37776 KB] Dead ends: 0 state(s).
[t=69.6471s, 37776 KB] Number of registered states: 520035
[t=69.6471s, 37776 KB] Int hash set load factor: 520035/1048576 = 0.495944
[t=69.6471s, 37776 KB] Int hash set resizes: 20
[t=69.6471s, 37776 KB] Search time: 69.6405s
[t=69.6471s, 37776 KB] Total time: 69.6471s
Solution found.
Peak memory: 37776 KB
Remove intermediate file output.sas
search exit code: 0

INFO     Running validate.
INFO     validate stdin: None
INFO     validate time limit: None
INFO     validate memory limit: None
INFO     validate command line string: validate domain.pddl problem.pddl sas_plan sas_plan.1 sas_plan.2 sas_plan.3 sas_plan.4
Checking plan: sas_plan
Plan executed successfully - checking goal
Plan valid
Final value: 44 
Checking plan: sas_plan.1
Plan executed successfully - checking goal
Plan valid
Final value: 50 
Checking plan: sas_plan.2
Plan executed successfully - checking goal
Plan valid
Final value: 48 
Checking plan: sas_plan.3
Plan executed successfully - checking goal
Plan valid
Final value: 46 
Checking plan: sas_plan.4
Plan executed successfully - checking goal
Plan valid
Final value: 44 

Successful plans:
Value: 44
 sas_plan 44 
sas_plan.4 44 

Value: 46
 sas_plan.3 46 

Value: 48
 sas_plan.2 48 

Value: 50
 sas_plan.1 50 

validate exit code: 0

INFO     Planner time: 69.89s
