INFO     planner time limit: 900s
INFO     planner memory limit: 3584 MB

INFO     Running translator.
INFO     translator stdin: None
INFO     translator time limit: 899s
INFO     translator memory limit: 3584 MB
INFO     translator command line string: /usr/local/downward-projects/downward/experiments/.venv/bin/python3 /usr/local/downward-projects/downward/experiments/src/thesis/data/thesis-thesis_exp/code-492c46a6b9a8d722366a407090da84235e2f79dc_e5e41175/builds/release/bin/translate/translate.py domain.pddl problem.pddl --sas-file output.sas
Parsing...
Parsing: [0.010s CPU, 0.005s wall-clock]
Normalizing task... [0.000s CPU, 0.000s wall-clock]
Instantiating...
Generating Datalog program... [0.000s CPU, 0.002s wall-clock]
Normalizing Datalog program...
Normalizing Datalog program: [0.000s CPU, 0.004s wall-clock]
Preparing model... [0.010s CPU, 0.005s wall-clock]
Generated 79 rules.
Computing model... [9.880s CPU, 9.890s wall-clock]
812621 relevant atoms
209304 auxiliary atoms
1021925 final queue length
3393621 total queue pushes
Completing instantiation... [25.830s CPU, 25.836s wall-clock]
Instantiating: [36.100s CPU, 36.117s wall-clock]
Computing fact groups...
Finding invariants...
14 initial candidates
Finding invariants: [1.000s CPU, 1.005s wall-clock]
Checking invariant weight... [0.000s CPU, 0.000s wall-clock]
Instantiating groups... [0.000s CPU, 0.000s wall-clock]
Collecting mutex groups... [0.010s CPU, 0.006s wall-clock]
Choosing groups...
15776 uncovered facts
Choosing groups: [0.000s CPU, 0.004s wall-clock]
Building translation key... [0.050s CPU, 0.048s wall-clock]
Computing fact groups: [1.200s CPU, 1.201s wall-clock]
Building STRIPS to SAS dictionary... [0.010s CPU, 0.016s wall-clock]
Building dictionary for full mutex groups... [0.020s CPU, 0.014s wall-clock]
Building mutex information...
Building mutex information: [0.010s CPU, 0.015s wall-clock]
Translating task...
Processing axioms...
Simplifying axioms... [0.000s CPU, 0.000s wall-clock]
Translator axioms removed by simplifying: 0
Computing negative axioms... [0.000s CPU, 0.000s wall-clock]
Processing axioms: [0.410s CPU, 0.407s wall-clock]
Translating task: [15.160s CPU, 15.189s wall-clock]
717568 effect conditions simplified
0 implied preconditions added
Detecting unreachable propositions...
0 operators removed
0 axioms removed
0 propositions removed
Detecting unreachable propositions: [10.020s CPU, 10.119s wall-clock]
Reordering and filtering variables...
15776 of 15776 variables necessary.
0 of 0 mutex groups necessary.
284544 of 284544 operators necessary.
0 of 0 axiom rules necessary.
Reordering and filtering variables: [45.210s CPU, 45.393s wall-clock]
Translator variables: 15776
Translator derived variables: 0
Translator facts: 31552
Translator goal facts: 80
Translator mutex groups: 0
Translator total mutex groups size: 0
Translator operators: 284544
Translator axioms: 0
Translator task size: 2477360
Translator peak memory: 1577912 KB
Writing output... [2.050s CPU, 2.057s wall-clock]
Done! [110.480s CPU, 110.818s wall-clock]
translate exit code: 0

INFO     Running search (release).
INFO     search stdin: output.sas
INFO     search time limit: 789s
INFO     search memory limit: 3584 MB
INFO     search command line string: /usr/local/downward-projects/downward/experiments/src/thesis/data/thesis-thesis_exp/code-492c46a6b9a8d722366a407090da84235e2f79dc_e5e41175/builds/release/bin/downward --evaluator 'h=ff()' --search 'eager(lwm_based_type(h))' --internal-plan-file sas_plan < output.sas
[t=0s, 11200 KB] reading input...
[t=1.40761s, 126084 KB] done reading input!
[t=1.56742s, 199160 KB] Simplifying 1291776 unary operators... done! [925056 unary operators]
[t=3.60284s, 283776 KB] time to simplify: 2.03542s
[t=3.63077s, 283776 KB] Initializing additive heuristic...
[t=3.63099s, 283776 KB] Initializing FF heuristic...
[t=3.63103s, 283776 KB] Building successor generator...done!
[t=3.76458s, 283776 KB] peak memory difference for successor generator creation: 0 KB
[t=3.76469s, 283776 KB] time for successor generation creation: 0.13093s
[t=3.77054s, 283776 KB] Variables: 15776
[t=3.7713s, 283776 KB] FactPairs: 31552
[t=3.77133s, 283776 KB] Bytes per state: 1972
[t=3.77135s, 283776 KB] Conducting best first search without reopening closed nodes, (real) bound = 2147483647
[t=3.79044s, 283776 KB] New best heuristic value for ff(): 17
[t=3.79118s, 283776 KB] g=0, 1 evaluated, 0 expanded
[t=3.7912s, 283776 KB] Initial heuristic value for ff(): 17
[t=3.79123s, 283776 KB] pruning method: none
[t=3.79126s, 283776 KB] Start Timestep: 1685453052379 millisecond(s).
[t=3.80634s, 283776 KB] New best heuristic value for ff(): 16
[t=3.80917s, 283776 KB] g=1, 2 evaluated, 1 expanded
[t=4.12206s, 283776 KB] New best heuristic value for ff(): 15
[t=4.12297s, 283776 KB] g=2, 20 evaluated, 2 expanded
[t=4.78119s, 283776 KB] New best heuristic value for ff(): 14
[t=4.78425s, 283776 KB] g=3, 58 evaluated, 4 expanded
[t=15.0419s, 283776 KB] New best heuristic value for ff(): 13
[t=15.0452s, 283776 KB] g=6, 651 evaluated, 37 expanded
[t=19.6685s, 283776 KB] New best heuristic value for ff(): 12
[t=19.6693s, 283776 KB] g=6, 918 evaluated, 52 expanded
[t=268.703s, 283776 KB] New best heuristic value for ff(): 11
[t=268.705s, 283776 KB] g=11, 14003 evaluated, 843 expanded
[t=279.255s, 283776 KB] New best heuristic value for ff(): 10
[t=279.259s, 283776 KB] g=12, 14534 evaluated, 876 expanded
Peak memory: 303564 KB
caught signal 24 -- exiting
Time limit has been reached.
Remove intermediate file output.sas
search exit code: 23

Driver aborting after search
INFO     Planner time: 898.68s
