INFO     planner time limit: 900s
INFO     planner memory limit: 3584 MB

INFO     Running translator.
INFO     translator stdin: None
INFO     translator time limit: 899s
INFO     translator memory limit: 3584 MB
INFO     translator command line string: /usr/local/downward-projects/downward/experiments/.venv/bin/python3 /usr/local/downward-projects/downward/experiments/src/thesis/data/thesis-thesis_exp/code-f7a4f68fd467cf7cff4d3dfcfdfcfa2023e44324_e5e41175/builds/release/bin/translate/translate.py domain.pddl problem.pddl --sas-file output.sas
Parsing...
Parsing: [0.010s CPU, 0.008s wall-clock]
Normalizing task... [0.000s CPU, 0.000s wall-clock]
Instantiating...
Generating Datalog program... [0.010s CPU, 0.001s wall-clock]
Normalizing Datalog program...
Normalizing Datalog program: [0.000s CPU, 0.001s wall-clock]
Preparing model... [0.000s CPU, 0.004s wall-clock]
Generated 26 rules.
Computing model... [0.230s CPU, 0.229s wall-clock]
21626 relevant atoms
17646 auxiliary atoms
39272 final queue length
75742 total queue pushes
Completing instantiation... [0.810s CPU, 0.824s wall-clock]
Instantiating: [1.070s CPU, 1.070s wall-clock]
Computing fact groups...
Finding invariants...
9 initial candidates
Finding invariants: [0.010s CPU, 0.010s wall-clock]
Checking invariant weight... [0.000s CPU, 0.000s wall-clock]
Instantiating groups... [0.000s CPU, 0.003s wall-clock]
Collecting mutex groups... [0.000s CPU, 0.001s wall-clock]
Choosing groups...
0 uncovered facts
Choosing groups: [0.010s CPU, 0.002s wall-clock]
Building translation key... [0.000s CPU, 0.001s wall-clock]
Computing fact groups: [0.020s CPU, 0.025s wall-clock]
Building STRIPS to SAS dictionary... [0.000s CPU, 0.001s wall-clock]
Building dictionary for full mutex groups... [0.000s CPU, 0.000s wall-clock]
Building mutex information...
Building mutex information: [0.000s CPU, 0.000s wall-clock]
Translating task...
Processing axioms...
Simplifying axioms... [0.000s CPU, 0.000s wall-clock]
Translator axioms removed by simplifying: 0
Computing negative axioms... [0.000s CPU, 0.000s wall-clock]
Processing axioms: [0.030s CPU, 0.028s wall-clock]
Translating task: [0.670s CPU, 0.678s wall-clock]
0 effect conditions simplified
0 implied preconditions added
Detecting unreachable propositions...
0 operators removed
0 axioms removed
16 propositions removed
Detecting unreachable propositions: [0.450s CPU, 0.454s wall-clock]
Reordering and filtering variables...
16 of 16 variables necessary.
0 of 16 mutex groups necessary.
19400 of 19400 operators necessary.
0 of 0 axiom rules necessary.
Reordering and filtering variables: [0.070s CPU, 0.066s wall-clock]
Translator variables: 16
Translator derived variables: 0
Translator facts: 1378
Translator goal facts: 12
Translator mutex groups: 0
Translator total mutex groups size: 0
Translator operators: 19400
Translator axioms: 0
Translator task size: 114902
Translator peak memory: 109800 KB
Writing output... [0.090s CPU, 0.089s wall-clock]
Done! [2.410s CPU, 2.427s wall-clock]
translate exit code: 0

INFO     Running search (release).
INFO     search stdin: output.sas
INFO     search time limit: 897s
INFO     search memory limit: 3584 MB
INFO     search command line string: /usr/local/downward-projects/downward/experiments/src/thesis/data/thesis-thesis_exp/code-f7a4f68fd467cf7cff4d3dfcfdfcfa2023e44324_e5e41175/builds/release/bin/downward --evaluator 'h=ff()' --search 'eager(alt([type_based([h, g()], random_seed=-1), single(h)]))' --internal-plan-file sas_plan < output.sas
[t=0.00210342s, 11000 KB] reading input...
[t=0.0650528s, 17300 KB] done reading input!
[t=0.0725125s, 19532 KB] Simplifying 37832 unary operators... done! [37832 unary operators]
[t=0.108026s, 22880 KB] time to simplify: 0.0375694s
[t=0.11108s, 22880 KB] Initializing additive heuristic...
[t=0.111214s, 22880 KB] Initializing FF heuristic...
[t=0.111244s, 22880 KB] Building successor generator...done!
[t=0.119069s, 23632 KB] peak memory difference for successor generator creation: 752 KB
[t=0.119169s, 23632 KB] time for successor generation creation: 0.00699511s
[t=0.119195s, 23632 KB] Variables: 16
[t=0.119224s, 23632 KB] FactPairs: 1378
[t=0.119248s, 23632 KB] Bytes per state: 16
[t=0.1193s, 23632 KB] Conducting best first search without reopening closed nodes, (real) bound = 2147483647
[t=0.120335s, 23632 KB] New best heuristic value for ff(): 1415
[t=0.120577s, 23632 KB] g=0, 1 evaluated, 0 expanded
[t=0.120607s, 23632 KB] Initial heuristic value for ff(): 1415
[t=0.120636s, 23632 KB] pruning method: none
[t=0.12066s, 23632 KB] Start Timestep: 1684368446136 millisecond(s).
[t=0.126584s, 23632 KB] New best heuristic value for ff(): 1406
[t=0.127444s, 23632 KB] g=17, 10 evaluated, 1 expanded
[t=0.133902s, 23632 KB] New best heuristic value for ff(): 1380
[t=0.134335s, 23632 KB] g=32, 19 evaluated, 2 expanded
[t=0.148536s, 23632 KB] New best heuristic value for ff(): 1340
[t=0.148838s, 23632 KB] g=69, 38 evaluated, 6 expanded
[t=0.155825s, 23632 KB] New best heuristic value for ff(): 1322
[t=0.156088s, 23632 KB] g=96, 47 evaluated, 7 expanded
[t=0.158876s, 23632 KB] New best heuristic value for ff(): 1295
[t=0.159263s, 23632 KB] g=91, 51 evaluated, 7 expanded
[t=0.177759s, 23632 KB] New best heuristic value for ff(): 978
[t=0.178103s, 23632 KB] g=244, 75 evaluated, 10 expanded
[t=0.348036s, 23632 KB] New best heuristic value for ff(): 977
[t=0.348279s, 23632 KB] g=302, 306 evaluated, 52 expanded
[t=0.366883s, 23632 KB] New best heuristic value for ff(): 965
[t=0.367847s, 23632 KB] g=315, 329 evaluated, 54 expanded
[t=0.380444s, 23632 KB] New best heuristic value for ff(): 964
[t=0.380858s, 23632 KB] g=316, 344 evaluated, 56 expanded
[t=1.25004s, 23632 KB] New best heuristic value for ff(): 963
[t=1.25105s, 23632 KB] g=434, 1437 evaluated, 250 expanded
[t=1.43884s, 23632 KB] New best heuristic value for ff(): 949
[t=1.43936s, 23632 KB] g=400, 1661 evaluated, 287 expanded
[t=1.50368s, 23632 KB] New best heuristic value for ff(): 948
[t=1.50457s, 23632 KB] g=441, 1745 evaluated, 297 expanded
[t=1.56252s, 23632 KB] New best heuristic value for ff(): 927
[t=1.56362s, 23632 KB] g=610, 1819 evaluated, 309 expanded
[t=3.67902s, 23824 KB] New best heuristic value for ff(): 926
[t=3.67953s, 23824 KB] g=717, 4478 evaluated, 842 expanded
[t=3.68632s, 23824 KB] New best heuristic value for ff(): 925
[t=3.6871s, 23824 KB] g=718, 4488 evaluated, 844 expanded
[t=11.9452s, 25948 KB] New best heuristic value for ff(): 885
[t=11.9456s, 25948 KB] g=951, 14760 evaluated, 2828 expanded
[t=12.3014s, 26080 KB] New best heuristic value for ff(): 884
[t=12.3024s, 26080 KB] g=1005, 15236 evaluated, 2907 expanded
[t=36.3824s, 31000 KB] New best heuristic value for ff(): 883
[t=36.3828s, 31000 KB] g=1412, 46336 evaluated, 8308 expanded
[t=664.143s, 142148 KB] New best heuristic value for ff(): 882
[t=664.143s, 142148 KB] g=2202, 830840 evaluated, 159384 expanded
[t=860.446s, 174704 KB] New best heuristic value for ff(): 864
[t=860.446s, 174704 KB] g=884, 1078237 evaluated, 203685 expanded
[t=860.478s, 174704 KB] New best heuristic value for ff(): 863
[t=860.478s, 174704 KB] g=908, 1078273 evaluated, 203688 expanded
Peak memory: 178308 KB
caught signal 24 -- exiting
Time limit has been reached.
Remove intermediate file output.sas
search exit code: 23

Driver aborting after search
INFO     Planner time: 892.39s
