INFO     planner time limit: 300s
INFO     planner memory limit: 3584 MB

INFO     Running translator.
INFO     translator stdin: None
INFO     translator time limit: 299s
INFO     translator memory limit: 3584 MB
INFO     translator command line string: /usr/local/downward-projects/downward/experiments/.venv/bin/python3 /usr/local/downward-projects/downward/experiments/src/thesis/data/thesis-thesis_exp/code-d93485cdd92f65ede2ae3573b3f4adda0b49e4fd_e5e41175/builds/release/bin/translate/translate.py domain.pddl problem.pddl --sas-file output.sas
Parsing...
Parsing: [0.000s CPU, 0.004s wall-clock]
Normalizing task... [0.000s CPU, 0.000s wall-clock]
Instantiating...
Generating Datalog program... [0.000s CPU, 0.001s wall-clock]
Normalizing Datalog program...
Normalizing Datalog program: [0.000s CPU, 0.001s wall-clock]
Preparing model... [0.010s CPU, 0.002s wall-clock]
Generated 26 rules.
Computing model... [0.260s CPU, 0.267s wall-clock]
26824 relevant atoms
20384 auxiliary atoms
47208 final queue length
96108 total queue pushes
Completing instantiation... [1.060s CPU, 1.062s wall-clock]
Instantiating: [1.340s CPU, 1.347s wall-clock]
Computing fact groups...
Finding invariants...
9 initial candidates
Finding invariants: [0.020s CPU, 0.013s wall-clock]
Checking invariant weight... [0.000s CPU, 0.000s wall-clock]
Instantiating groups... [0.000s CPU, 0.003s wall-clock]
Collecting mutex groups... [0.000s CPU, 0.001s wall-clock]
Choosing groups...
0 uncovered facts
Choosing groups: [0.000s CPU, 0.001s wall-clock]
Building translation key... [0.010s CPU, 0.001s wall-clock]
Computing fact groups: [0.030s CPU, 0.023s wall-clock]
Building STRIPS to SAS dictionary... [0.000s CPU, 0.000s wall-clock]
Building dictionary for full mutex groups... [0.000s CPU, 0.001s wall-clock]
Building mutex information...
Building mutex information: [0.000s CPU, 0.000s wall-clock]
Translating task...
Processing axioms...
Simplifying axioms... [0.000s CPU, 0.000s wall-clock]
Translator axioms removed by simplifying: 0
Computing negative axioms... [0.000s CPU, 0.000s wall-clock]
Processing axioms: [0.030s CPU, 0.035s wall-clock]
Translating task: [0.850s CPU, 0.846s wall-clock]
0 effect conditions simplified
0 implied preconditions added
Detecting unreachable propositions...
0 operators removed
0 axioms removed
24 propositions removed
Detecting unreachable propositions: [0.560s CPU, 0.572s wall-clock]
Reordering and filtering variables...
24 of 24 variables necessary.
0 of 24 mutex groups necessary.
25344 of 25344 operators necessary.
0 of 0 axiom rules necessary.
Reordering and filtering variables: [0.090s CPU, 0.087s wall-clock]
Translator variables: 24
Translator derived variables: 0
Translator facts: 1044
Translator goal facts: 16
Translator mutex groups: 0
Translator total mutex groups size: 0
Translator operators: 25344
Translator axioms: 0
Translator task size: 150844
Translator peak memory: 132452 KB
Writing output... [0.120s CPU, 0.115s wall-clock]
Done! [3.030s CPU, 3.038s wall-clock]
translate exit code: 0

INFO     Running search (release).
INFO     search stdin: output.sas
INFO     search time limit: 296s
INFO     search memory limit: 3584 MB
INFO     search command line string: /usr/local/downward-projects/downward/experiments/src/thesis/data/thesis-thesis_exp/code-d93485cdd92f65ede2ae3573b3f4adda0b49e4fd_e5e41175/builds/release/bin/downward --evaluator 'h=ff()' --search 'eager(epsilon_greedy(h, epsilon=0.2))' --internal-plan-file sas_plan < output.sas
[t=0.00286663s, 11364 KB] reading input...
[t=0.0857995s, 19544 KB] done reading input!
[t=0.0977429s, 22876 KB] Simplifying 49920 unary operators... done! [49920 unary operators]
[t=0.161507s, 27136 KB] time to simplify: 0.0637646s
[t=0.163313s, 27136 KB] Initializing additive heuristic...
[t=0.164517s, 27136 KB] Initializing FF heuristic...
[t=0.164546s, 27136 KB] Building successor generator...done!
[t=0.174545s, 28192 KB] peak memory difference for successor generator creation: 1056 KB
[t=0.174655s, 28192 KB] time for successor generation creation: 0.00871252s
[t=0.174681s, 28192 KB] Variables: 24
[t=0.174711s, 28192 KB] FactPairs: 1044
[t=0.174735s, 28192 KB] Bytes per state: 20
[t=0.174758s, 28192 KB] Conducting best first search without reopening closed nodes, (real) bound = 2147483647
[t=0.174816s, 28192 KB] New best heuristic value for ff(): 1100
[t=0.175896s, 28192 KB] g=0, 1 evaluated, 0 expanded
[t=0.175924s, 28192 KB] Initial heuristic value for ff(): 1100
[t=0.175951s, 28192 KB] pruning method: none
[t=0.175974s, 28192 KB] Start Timestep: 1687943896051 millisecond(s).
[t=0.177163s, 28192 KB] New best heuristic value for ff(): 1093
[t=0.177877s, 28192 KB] g=27, 4 evaluated, 1 expanded
[t=0.177907s, 28192 KB] New best heuristic value for ff(): 850
[t=0.178516s, 28192 KB] g=18, 5 evaluated, 1 expanded
[t=0.178543s, 28192 KB] New best heuristic value for ff(): 787
[t=0.179681s, 28192 KB] g=25, 7 evaluated, 1 expanded
Peak memory: 63228 KB
caught signal 24 -- exiting
Time limit has been reached.
Remove intermediate file output.sas
search exit code: 23

Driver aborting after search
INFO     Planner time: 299.05s
