INFO     planner time limit: 600s
INFO     planner memory limit: 3584 MB

INFO     Running translator.
INFO     translator stdin: None
INFO     translator time limit: 599s
INFO     translator memory limit: 3584 MB
INFO     translator command line string: /usr/local/downward-projects/downward/experiments/src/thesis/.venv/bin/python3 /usr/local/downward-projects/downward/experiments/src/thesis/data/thesis-thesis_exp/code-84c08dfff1890fbf6247184940c8166177195ea1_e5e41175/builds/release/bin/translate/translate.py domain.pddl problem.pddl --sas-file output.sas
Parsing...
Parsing: [0.000s CPU, 0.002s wall-clock]
Normalizing task... [0.000s CPU, 0.000s wall-clock]
Instantiating...
Generating Datalog program... [0.000s CPU, 0.001s wall-clock]
Normalizing Datalog program...
Normalizing Datalog program: [0.010s CPU, 0.001s wall-clock]
Preparing model... [0.000s CPU, 0.001s wall-clock]
Generated 25 rules.
Computing model... [0.000s CPU, 0.007s wall-clock]
461 relevant atoms
611 auxiliary atoms
1072 final queue length
1647 total queue pushes
Completing instantiation... [0.010s CPU, 0.007s wall-clock]
Instantiating: [0.020s CPU, 0.017s wall-clock]
Computing fact groups...
Finding invariants...
7 initial candidates
Finding invariants: [0.000s CPU, 0.002s wall-clock]
Checking invariant weight... [0.000s CPU, 0.000s wall-clock]
Instantiating groups... [0.000s CPU, 0.000s wall-clock]
Collecting mutex groups... [0.000s CPU, 0.000s wall-clock]
Choosing groups...
0 uncovered facts
Choosing groups: [0.000s CPU, 0.000s wall-clock]
Building translation key... [0.000s CPU, 0.000s wall-clock]
Computing fact groups: [0.000s CPU, 0.004s wall-clock]
Building STRIPS to SAS dictionary... [0.000s CPU, 0.000s wall-clock]
Building dictionary for full mutex groups... [0.000s CPU, 0.000s wall-clock]
Building mutex information...
Building mutex information: [0.000s CPU, 0.000s wall-clock]
Translating task...
Processing axioms...
Simplifying axioms... [0.000s CPU, 0.000s wall-clock]
Translator axioms removed by simplifying: 0
Computing negative axioms... [0.000s CPU, 0.000s wall-clock]
Processing axioms: [0.000s CPU, 0.000s wall-clock]
Translating task: [0.010s CPU, 0.006s wall-clock]
0 effect conditions simplified
0 implied preconditions added
Detecting unreachable propositions...
0 operators removed
0 axioms removed
34 propositions removed
Detecting unreachable propositions: [0.000s CPU, 0.004s wall-clock]
Reordering and filtering variables...
34 of 34 variables necessary.
0 of 34 mutex groups necessary.
185 of 185 operators necessary.
0 of 0 axiom rules necessary.
Reordering and filtering variables: [0.010s CPU, 0.002s wall-clock]
Translator variables: 34
Translator derived variables: 0
Translator facts: 100
Translator goal facts: 33
Translator mutex groups: 0
Translator total mutex groups size: 0
Translator operators: 185
Translator axioms: 0
Translator task size: 1634
Translator peak memory: 32876 KB
Writing output... [0.000s CPU, 0.001s wall-clock]
Done! [0.040s CPU, 0.037s wall-clock]
translate exit code: 0

INFO     Running search (release).
INFO     search stdin: output.sas
INFO     search time limit: 599s
INFO     search memory limit: 3584 MB
INFO     search command line string: /usr/local/downward-projects/downward/experiments/src/thesis/data/thesis-thesis_exp/code-84c08dfff1890fbf6247184940c8166177195ea1_e5e41175/builds/release/bin/downward --evaluator 'h=ff()' --search 'eager(partition(h, lwm_partition(), inter_uniform(), intra_uniform() )) ' --internal-plan-file sas_plan < output.sas
[t=0.00104382s, 11732 KB] reading input...
[t=0.00206175s, 11732 KB] done reading input!
[t=0.00414261s, 12128 KB] Simplifying 641 unary operators... done! [641 unary operators]
[t=0.00477429s, 12128 KB] time to simplify: 0.000631685s
[t=0.00483826s, 12128 KB] Initializing additive heuristic...
[t=0.00490858s, 12128 KB] Initializing FF heuristic...
[t=0.0049337s, 12128 KB] Building successor generator...done!
[t=0.00513402s, 12128 KB] peak memory difference for successor generator creation: 0 KB
[t=0.00517793s, 12128 KB] time for successor generation creation: 8.7293e-05s
[t=0.00520292s, 12128 KB] Variables: 34
[t=0.00523153s, 12128 KB] FactPairs: 100
[t=0.00525602s, 12128 KB] Bytes per state: 8
[t=0.00527983s, 12128 KB] Conducting best first search without reopening closed nodes, (real) bound = 2147483647
[t=0.00532962s, 12128 KB] New best heuristic value for ff(): 11
[t=0.00538725s, 12128 KB] g=0, 1 evaluated, 0 expanded
[t=0.00541161s, 12128 KB] Initial heuristic value for ff(): 11
[t=0.0054494s, 12128 KB] pruning method: none
[t=0.00547407s, 12128 KB] Start Timestep: 1693604119867 millisecond(s).
[t=0.00551832s, 12128 KB] New best heuristic value for ff(): 10
[t=0.00560266s, 12128 KB] g=1, 5 evaluated, 1 expanded
[t=0.00562788s, 12128 KB] New best heuristic value for ff(): 9
[t=0.00570125s, 12128 KB] g=1, 9 evaluated, 1 expanded
[t=0.00572501s, 12128 KB] New best heuristic value for ff(): 8
[t=0.00599448s, 12128 KB] g=2, 28 evaluated, 7 expanded
[t=0.00602052s, 12128 KB] New best heuristic value for ff(): 7
[t=0.00640076s, 12128 KB] g=2, 55 evaluated, 13 expanded
[t=0.00642603s, 12128 KB] New best heuristic value for ff(): 6
[t=0.00691638s, 12128 KB] g=3, 86 evaluated, 18 expanded
[t=0.00906378s, 12128 KB] New best heuristic value for ff(): 5
[t=0.00947903s, 12128 KB] g=5, 202 evaluated, 50 expanded
[t=0.0197761s, 12128 KB] New best heuristic value for ff(): 4
[t=0.020527s, 12128 KB] g=6, 467 evaluated, 131 expanded
[t=0.0435248s, 12128 KB] New best heuristic value for ff(): 3
[t=0.0437154s, 12128 KB] g=6, 817 evaluated, 262 expanded
[t=0.128754s, 12260 KB] New best heuristic value for ff(): 2
[t=0.129272s, 12260 KB] g=5, 1584 evaluated, 509 expanded
[t=8.59528s, 14616 KB] New best heuristic value for ff(): 1
[t=8.596s, 14616 KB] g=6, 15242 evaluated, 5988 expanded
[t=75.6269s, 18072 KB] New best heuristic value for ff(): 0
[t=75.6274s, 18072 KB] g=12, 44382 evaluated, 20551 expanded
[t=240.769s, 21776 KB] Solution found!
[t=240.77s, 21776 KB] Actual search time: 240.765s
jump-new-move pos-4-1 pos-3-1 pos-2-1 (1)
end-move pos-2-1 (0)
jump-new-move pos-4-3 pos-4-4 pos-4-5 (1)
end-move pos-4-5 (0)
jump-new-move pos-1-4 pos-2-4 pos-3-4 (1)
end-move pos-3-4 (0)
jump-new-move pos-5-2 pos-4-2 pos-3-2 (1)
jump-continue-move pos-3-2 pos-2-2 pos-1-2 (0)
jump-continue-move pos-1-2 pos-1-3 pos-1-4 (0)
end-move pos-1-4 (0)
jump-new-move pos-2-6 pos-3-6 pos-4-6 (1)
jump-continue-move pos-4-6 pos-4-5 pos-4-4 (0)
jump-continue-move pos-4-4 pos-3-4 pos-2-4 (0)
end-move pos-2-4 (0)
jump-new-move pos-2-5 pos-2-4 pos-2-3 (1)
end-move pos-2-3 (0)
jump-new-move pos-4-0 pos-3-0 pos-2-0 (1)
jump-continue-move pos-2-0 pos-2-1 pos-2-2 (0)
jump-continue-move pos-2-2 pos-2-3 pos-2-4 (0)
end-move pos-2-4 (0)
jump-new-move pos-1-4 pos-2-4 pos-3-4 (1)
end-move pos-3-4 (0)
jump-new-move pos-3-5 pos-3-4 pos-3-3 (1)
[t=240.77s, 21776 KB] Plan length: 23 step(s).
[t=240.77s, 21776 KB] Plan cost: 9
[t=240.77s, 21776 KB] Timestamp: 1693604361815 millisecond(s).
[t=240.77s, 21776 KB] Expanded 45194 state(s).
[t=240.77s, 21776 KB] Reopened 0 state(s).
[t=240.77s, 21776 KB] Evaluated 83675 state(s).
[t=240.77s, 21776 KB] Evaluations: 83675
[t=240.77s, 21776 KB] Generated 111575 state(s).
[t=240.77s, 21776 KB] Dead ends: 16814 state(s).
[t=240.77s, 21776 KB] Number of registered states: 83675
[t=240.77s, 21776 KB] Int hash set load factor: 83675/131072 = 0.63839
[t=240.77s, 21776 KB] Int hash set resizes: 17
[t=240.77s, 21776 KB] Search time: 240.765s
[t=240.77s, 21776 KB] Total time: 240.77s
Solution found.
Peak memory: 21776 KB
Remove intermediate file output.sas
search exit code: 0

INFO     Running validate.
INFO     validate stdin: None
INFO     validate time limit: None
INFO     validate memory limit: None
INFO     validate command line string: validate domain.pddl problem.pddl sas_plan
Checking plan: sas_plan
Plan executed successfully - checking goal
Plan valid
Final value: 9 

Successful plans:
Value: 9
 sas_plan 9 

validate exit code: 0

INFO     Planner time: 240.92s
