INFO     planner time limit: 900s
INFO     planner memory limit: 3584 MB

INFO     Running translator.
INFO     translator stdin: None
INFO     translator time limit: 899s
INFO     translator memory limit: 3584 MB
INFO     translator command line string: /usr/local/downward-projects/downward/experiments/assign3/.venv/bin/python3 /usr/local/downward-projects/downward/experiments/assign3/data/assign3-anytime_exp/code-fe4f0f1bb525c059c1938ac01bab1b7bae200873_e5e41175/builds/release/bin/translate/translate.py domain.pddl problem.pddl --sas-file output.sas
Parsing...
Parsing: [0.010s CPU, 0.013s wall-clock]
Normalizing task... [0.000s CPU, 0.001s wall-clock]
Instantiating...
Generating Datalog program... [0.000s CPU, 0.003s wall-clock]
Normalizing Datalog program...
Normalizing Datalog program: [0.010s CPU, 0.008s wall-clock]
Preparing model... [0.010s CPU, 0.008s wall-clock]
Generated 492 rules.
Computing model... [0.140s CPU, 0.147s wall-clock]
8415 relevant atoms
11222 auxiliary atoms
19637 final queue length
33917 total queue pushes
Completing instantiation... [0.230s CPU, 0.223s wall-clock]
Instantiating: [0.400s CPU, 0.398s wall-clock]
Computing fact groups...
Finding invariants...
12 initial candidates
Finding invariants: [0.020s CPU, 0.025s wall-clock]
Checking invariant weight... [0.010s CPU, 0.002s wall-clock]
Instantiating groups... [0.000s CPU, 0.001s wall-clock]
Collecting mutex groups... [0.000s CPU, 0.000s wall-clock]
Choosing groups...
0 uncovered facts
Choosing groups: [0.000s CPU, 0.001s wall-clock]
Building translation key... [0.000s CPU, 0.000s wall-clock]
Computing fact groups: [0.030s CPU, 0.031s wall-clock]
Building STRIPS to SAS dictionary... [0.000s CPU, 0.000s wall-clock]
Building dictionary for full mutex groups... [0.000s CPU, 0.000s wall-clock]
Building mutex information...
Building mutex information: [0.000s CPU, 0.000s wall-clock]
Translating task...
Processing axioms...
Simplifying axioms... [0.000s CPU, 0.000s wall-clock]
Translator axioms removed by simplifying: 0
Computing negative axioms... [0.000s CPU, 0.000s wall-clock]
Processing axioms: [0.010s CPU, 0.011s wall-clock]
Translating task: [0.220s CPU, 0.223s wall-clock]
0 effect conditions simplified
0 implied preconditions added
Detecting unreachable propositions...
0 operators removed
0 axioms removed
121 propositions removed
Detecting unreachable propositions: [0.160s CPU, 0.168s wall-clock]
Reordering and filtering variables...
121 of 121 variables necessary.
0 of 181 mutex groups necessary.
7320 of 7320 operators necessary.
0 of 0 axiom rules necessary.
Reordering and filtering variables: [0.030s CPU, 0.026s wall-clock]
Translator variables: 121
Translator derived variables: 0
Translator facts: 361
Translator goal facts: 60
Translator mutex groups: 0
Translator total mutex groups size: 0
Translator operators: 7320
Translator axioms: 0
Translator task size: 44832
Translator peak memory: 61484 KB
Writing output... [0.040s CPU, 0.034s wall-clock]
Done! [0.900s CPU, 0.910s wall-clock]
translate exit code: 0

INFO     Running search (release).
INFO     search stdin: output.sas
INFO     search time limit: 899s
INFO     search memory limit: 3584 MB
INFO     search command line string: /usr/local/downward-projects/downward/experiments/assign3/data/assign3-anytime_exp/code-fe4f0f1bb525c059c1938ac01bab1b7bae200873_e5e41175/builds/release/bin/downward --evaluator 'h=lmcut()' --search 'iterated([
            eager_wastar([h],w=5),
            eager_wastar([h],w=4),
            eager_wastar([h],w=3),
            eager_wastar([h],w=2),
            astar(h)
        ],continue_on_fail=true)' --internal-plan-file sas_plan < output.sas
[t=0.00187552s, 10884 KB] reading input...
[t=0.0218135s, 12752 KB] done reading input!
[t=0.0297716s, 14500 KB] Initializing landmark cut heuristic...
[t=0.03049s, 14500 KB] Building successor generator...done!
[t=0.0335221s, 15536 KB] peak memory difference for successor generator creation: 1036 KB
[t=0.0335953s, 15536 KB] time for successor generation creation: 0s
[t=0.03362s, 15536 KB] Variables: 121
[t=0.0336708s, 15536 KB] FactPairs: 361
[t=0.0336935s, 15536 KB] Bytes per state: 24
[t=0.0337163s, 15536 KB] Start Timestep: 1682412161327 millisecond(s).
[t=0.0338074s, 15536 KB] Building successor generator...done!
[t=0.0338993s, 15536 KB] peak memory difference for successor generator creation: 0 KB
[t=0.0339379s, 15536 KB] time for successor generation creation: 0s
[t=0.0339618s, 15536 KB] Variables: 121
[t=0.0339859s, 15536 KB] FactPairs: 361
[t=0.0340079s, 15536 KB] Bytes per state: 24
[t=0.0340309s, 15536 KB] Starting search: eager_wastar([h],w=5)
[t=0.0340611s, 15536 KB] Conducting best first search with reopening closed nodes, (real) bound = 2147483647
[t=0.0340854s, 15536 KB] New best heuristic value for lmcut(): 1
[t=0.0345617s, 15536 KB] g=0, 1 evaluated, 0 expanded
[t=0.0345899s, 15536 KB] Initial heuristic value for lmcut(): 1
[t=0.0346175s, 15536 KB] pruning method: none
[t=0.0346402s, 15536 KB] Start Timestep: 1682412161328 millisecond(s).
[t=0.0346637s, 15536 KB] New best heuristic value for lmcut(): 0
[t=0.0348643s, 15536 KB] g=1, 2 evaluated, 1 expanded
Peak memory: 332824 KB
caught signal 24 -- exiting
Time limit has been reached.
Remove intermediate file output.sas
search exit code: 23

Driver aborting after search
INFO     Planner time: 898.22s
