INFO     planner time limit: 300s
INFO     planner memory limit: 3584 MB

INFO     Running translator.
INFO     translator stdin: None
INFO     translator time limit: 299s
INFO     translator memory limit: 3584 MB
INFO     translator command line string: /usr/local/downward-projects/downward/experiments/.venv/bin/python3 /usr/local/downward-projects/downward/experiments/src/thesis/data/thesis-thesis_exp/code-d93485cdd92f65ede2ae3573b3f4adda0b49e4fd_e5e41175/builds/release/bin/translate/translate.py domain.pddl problem.pddl --sas-file output.sas
Parsing...
Parsing: [0.070s CPU, 0.062s wall-clock]
Normalizing task... [0.000s CPU, 0.002s wall-clock]
Instantiating...
Generating Datalog program... [0.020s CPU, 0.027s wall-clock]
Normalizing Datalog program...
Normalizing Datalog program: [0.010s CPU, 0.001s wall-clock]
Preparing model... [0.110s CPU, 0.110s wall-clock]
Generated 23 rules.
Computing model... [0.330s CPU, 0.340s wall-clock]
23891 relevant atoms
41757 auxiliary atoms
65648 final queue length
78347 total queue pushes
Completing instantiation... [0.250s CPU, 0.244s wall-clock]
Instantiating: [0.730s CPU, 0.742s wall-clock]
Computing fact groups...
Finding invariants...
9 initial candidates
Finding invariants: [0.010s CPU, 0.006s wall-clock]
Checking invariant weight... [0.010s CPU, 0.004s wall-clock]
Instantiating groups... [0.000s CPU, 0.004s wall-clock]
Collecting mutex groups... [0.000s CPU, 0.000s wall-clock]
Choosing groups...
0 uncovered facts
Choosing groups: [0.000s CPU, 0.001s wall-clock]
Building translation key... [0.000s CPU, 0.000s wall-clock]
Computing fact groups: [0.020s CPU, 0.017s wall-clock]
Building STRIPS to SAS dictionary... [0.000s CPU, 0.000s wall-clock]
Building dictionary for full mutex groups... [0.000s CPU, 0.000s wall-clock]
Building mutex information...
Building mutex information: [0.000s CPU, 0.000s wall-clock]
Translating task...
Processing axioms...
Simplifying axioms... [0.000s CPU, 0.000s wall-clock]
Translator axioms removed by simplifying: 0
Computing negative axioms... [0.000s CPU, 0.000s wall-clock]
Processing axioms: [0.010s CPU, 0.009s wall-clock]
Translating task: [0.180s CPU, 0.182s wall-clock]
0 effect conditions simplified
0 implied preconditions added
Detecting unreachable propositions...
0 operators removed
0 axioms removed
15 propositions removed
Detecting unreachable propositions: [0.070s CPU, 0.067s wall-clock]
Reordering and filtering variables...
15 of 15 variables necessary.
0 of 15 mutex groups necessary.
6698 of 6698 operators necessary.
0 of 0 axiom rules necessary.
Reordering and filtering variables: [0.020s CPU, 0.018s wall-clock]
Translator variables: 15
Translator derived variables: 0
Translator facts: 374
Translator goal facts: 13
Translator mutex groups: 0
Translator total mutex groups size: 0
Translator operators: 6698
Translator axioms: 0
Translator task size: 33554
Translator peak memory: 67968 KB
Writing output... [0.030s CPU, 0.026s wall-clock]
Done! [1.130s CPU, 1.129s wall-clock]
translate exit code: 0

INFO     Running search (release).
INFO     search stdin: output.sas
INFO     search time limit: 298s
INFO     search memory limit: 3584 MB
INFO     search command line string: /usr/local/downward-projects/downward/experiments/src/thesis/data/thesis-thesis_exp/code-d93485cdd92f65ede2ae3573b3f4adda0b49e4fd_e5e41175/builds/release/bin/downward --evaluator 'h=ff()' --search 'eager( alt( [lwm_intra_explore_type(h), single(h)] ) )' --internal-plan-file sas_plan < output.sas
[t=0s, 11364 KB] reading input...
[t=0.0159727s, 13172 KB] done reading input!
[t=0.0199508s, 14064 KB] Simplifying 13058 unary operators... done! [12893 unary operators]
[t=0.0279031s, 15120 KB] time to simplify: 0.00795231s
[t=0.028019s, 15120 KB] Initializing additive heuristic...
[t=0.0282368s, 15120 KB] Initializing FF heuristic...
[t=0.0282636s, 15120 KB] Building successor generator...done!
[t=0.0294154s, 15120 KB] peak memory difference for successor generator creation: 0 KB
[t=0.029471s, 15120 KB] time for successor generation creation: 0s
[t=0.0294963s, 15120 KB] Variables: 15
[t=0.0295471s, 15120 KB] FactPairs: 374
[t=0.0295701s, 15120 KB] Bytes per state: 8
[t=0.0295931s, 15120 KB] Conducting best first search without reopening closed nodes, (real) bound = 2147483647
[t=0.0296504s, 15120 KB] New best heuristic value for ff(): 35
[t=0.0297824s, 15120 KB] g=0, 1 evaluated, 0 expanded
[t=0.0298071s, 15120 KB] Initial heuristic value for ff(): 35
[t=0.0298393s, 15120 KB] pruning method: none
[t=0.029861s, 15120 KB] Start Timestep: 1687929657574 millisecond(s).
[t=0.0299009s, 15120 KB] New best heuristic value for ff(): 34
[t=0.0305142s, 15120 KB] g=2, 8 evaluated, 2 expanded
[t=0.0316948s, 15120 KB] New best heuristic value for ff(): 33
[t=0.031908s, 15120 KB] g=4, 24 evaluated, 6 expanded
[t=0.0319357s, 15120 KB] New best heuristic value for ff(): 32
[t=0.0357003s, 15120 KB] g=8, 70 evaluated, 17 expanded
[t=0.0436012s, 15120 KB] New best heuristic value for ff(): 31
[t=0.0458755s, 15120 KB] g=11, 196 evaluated, 47 expanded
[t=0.0557824s, 15120 KB] New best heuristic value for ff(): 30
[t=0.0569536s, 15120 KB] g=14, 336 evaluated, 77 expanded
[t=0.056982s, 15120 KB] New best heuristic value for ff(): 29
[t=0.0574996s, 15120 KB] g=15, 342 evaluated, 79 expanded
[t=0.0915068s, 15120 KB] New best heuristic value for ff(): 28
[t=0.0920952s, 15120 KB] g=24, 854 evaluated, 189 expanded
[t=0.0921248s, 15120 KB] New best heuristic value for ff(): 27
[t=0.0929461s, 15120 KB] g=25, 866 evaluated, 190 expanded
[t=0.107447s, 15120 KB] New best heuristic value for ff(): 26
[t=0.10957s, 15120 KB] g=30, 1139 evaluated, 247 expanded
[t=0.109598s, 15120 KB] New best heuristic value for ff(): 25
[t=0.110324s, 15120 KB] g=31, 1151 evaluated, 249 expanded
[t=0.110351s, 15120 KB] New best heuristic value for ff(): 24
[t=0.110923s, 15120 KB] g=32, 1161 evaluated, 251 expanded
[t=0.159334s, 15120 KB] New best heuristic value for ff(): 23
[t=0.16163s, 15120 KB] g=34, 2077 evaluated, 462 expanded
[t=0.897141s, 16296 KB] New best heuristic value for ff(): 22
[t=0.900894s, 16296 KB] g=46, 15598 evaluated, 3666 expanded
[t=1.12748s, 16716 KB] New best heuristic value for ff(): 21
[t=1.12799s, 16716 KB] g=56, 19640 evaluated, 4497 expanded
[t=1.1489s, 16716 KB] New best heuristic value for ff(): 20
[t=1.15141s, 16716 KB] g=53, 20071 evaluated, 4587 expanded
[t=1.30875s, 16852 KB] New best heuristic value for ff(): 19
[t=1.3115s, 16852 KB] g=52, 22953 evaluated, 5228 expanded
[t=1.32866s, 16984 KB] New best heuristic value for ff(): 18
[t=1.33034s, 16984 KB] g=53, 23311 evaluated, 5310 expanded
[t=1.33037s, 16984 KB] New best heuristic value for ff(): 17
[t=1.33078s, 16984 KB] g=54, 23320 evaluated, 5312 expanded
[t=48.9757s, 154536 KB] New best heuristic value for ff(): 16
[t=48.9759s, 154536 KB] g=40, 1005971 evaluated, 209146 expanded
[t=48.9915s, 154536 KB] New best heuristic value for ff(): 14
[t=48.9918s, 154536 KB] g=40, 1006304 evaluated, 209212 expanded
[t=48.9919s, 154536 KB] New best heuristic value for ff(): 13
[t=48.9926s, 154536 KB] g=41, 1006319 evaluated, 209214 expanded
[t=113.997s, 296088 KB] New best heuristic value for ff(): 12
[t=113.998s, 296088 KB] g=42, 2341166 evaluated, 526487 expanded
[t=114.354s, 296088 KB] New best heuristic value for ff(): 11
[t=114.356s, 296088 KB] g=43, 2348286 evaluated, 528248 expanded
[t=123.644s, 303616 KB] New best heuristic value for ff(): 10
[t=123.645s, 303616 KB] g=43, 2536174 evaluated, 573113 expanded
[t=123.645s, 303616 KB] New best heuristic value for ff(): 9
[t=123.645s, 303616 KB] g=44, 2536183 evaluated, 573114 expanded
[t=123.659s, 303616 KB] New best heuristic value for ff(): 8
[t=123.663s, 303616 KB] g=48, 2536579 evaluated, 573201 expanded
Peak memory: 685624 KB
caught signal 24 -- exiting
Time limit has been reached.
Remove intermediate file output.sas
search exit code: 23

Driver aborting after search
INFO     Planner time: 298.93s
