INFO     planner time limit: 900s
INFO     planner memory limit: 3584 MB

INFO     Running translator.
INFO     translator stdin: None
INFO     translator time limit: 899s
INFO     translator memory limit: 3584 MB
INFO     translator command line string: /usr/local/downward-projects/downward/experiments/assign3/.venv/bin/python3 /usr/local/downward-projects/downward/experiments/assign3/data/assign3-anytime_exp/code-fe4f0f1bb525c059c1938ac01bab1b7bae200873_e5e41175/builds/release/bin/translate/translate.py domain.pddl problem.pddl --sas-file output.sas
Parsing...
Parsing: [0.040s CPU, 0.030s wall-clock]
Normalizing task... [0.000s CPU, 0.001s wall-clock]
Instantiating...
Generating Datalog program... [0.010s CPU, 0.015s wall-clock]
Normalizing Datalog program...
Normalizing Datalog program: [0.000s CPU, 0.002s wall-clock]
Preparing model... [0.050s CPU, 0.044s wall-clock]
Generated 6 rules.
Computing model... [0.100s CPU, 0.104s wall-clock]
16561 relevant atoms
6336 auxiliary atoms
22897 final queue length
30387 total queue pushes
Completing instantiation... [0.110s CPU, 0.109s wall-clock]
Instantiating: [0.280s CPU, 0.282s wall-clock]
Computing fact groups...
Finding invariants...
4 initial candidates
Finding invariants: [0.000s CPU, 0.001s wall-clock]
Checking invariant weight... [0.000s CPU, 0.001s wall-clock]
Instantiating groups... [0.000s CPU, 0.002s wall-clock]
Collecting mutex groups... [0.000s CPU, 0.001s wall-clock]
Choosing groups...
1296 uncovered facts
Choosing groups: [0.010s CPU, 0.003s wall-clock]
Building translation key... [0.000s CPU, 0.004s wall-clock]
Computing fact groups: [0.020s CPU, 0.027s wall-clock]
Building STRIPS to SAS dictionary... [0.010s CPU, 0.002s wall-clock]
Building dictionary for full mutex groups... [0.000s CPU, 0.002s wall-clock]
Building mutex information...
Building mutex information: [0.000s CPU, 0.001s wall-clock]
Translating task...
Processing axioms...
Simplifying axioms... [0.000s CPU, 0.000s wall-clock]
Translator axioms removed by simplifying: 0
Computing negative axioms... [0.000s CPU, 0.000s wall-clock]
Processing axioms: [0.000s CPU, 0.006s wall-clock]
Translating task: [0.120s CPU, 0.123s wall-clock]
0 effect conditions simplified
0 implied preconditions added
Detecting unreachable propositions...
0 operators removed
0 axioms removed
3 propositions removed
Detecting unreachable propositions: [0.060s CPU, 0.063s wall-clock]
Reordering and filtering variables...
1296 of 1296 variables necessary.
0 of 1 mutex groups necessary.
5040 of 5040 operators necessary.
0 of 0 axiom rules necessary.
Reordering and filtering variables: [0.020s CPU, 0.018s wall-clock]
Translator variables: 1296
Translator derived variables: 0
Translator facts: 3886
Translator goal facts: 1295
Translator mutex groups: 0
Translator total mutex groups size: 0
Translator operators: 5040
Translator axioms: 0
Translator task size: 26633
Translator peak memory: 54836 KB
Writing output... [0.020s CPU, 0.024s wall-clock]
Done! [0.580s CPU, 0.583s wall-clock]
translate exit code: 0

INFO     Running search (release).
INFO     search stdin: output.sas
INFO     search time limit: 899s
INFO     search memory limit: 3584 MB
INFO     search command line string: /usr/local/downward-projects/downward/experiments/assign3/data/assign3-anytime_exp/code-fe4f0f1bb525c059c1938ac01bab1b7bae200873_e5e41175/builds/release/bin/downward --evaluator 'h=lmcut()' --search 'eager_anytime(single(sum([weight(h, 2, verbosity=normal), g()])), 
        reopen_closed=true, f_eval=sum([h, g()]))' --internal-plan-file sas_plan < output.sas
[t=0.00252888s, 10884 KB] reading input...
[t=0.0184766s, 12824 KB] done reading input!
[t=0.0224485s, 14448 KB] Initializing landmark cut heuristic...
[t=0.0247723s, 14448 KB] Building successor generator...done!
[t=0.0258492s, 14968 KB] peak memory difference for successor generator creation: 520 KB
[t=0.0259093s, 14968 KB] time for successor generation creation: 0s
[t=0.0259345s, 14968 KB] Variables: 1296
[t=0.0259913s, 14968 KB] FactPairs: 3886
[t=0.0260144s, 14968 KB] Bytes per state: 164
[t=0.0260374s, 14968 KB] Conducting best first anytime search with reopening closed nodes, (real) bound = 2147483647
[t=0.0582988s, 14968 KB] New best heuristic value for lmcut(): 471
[t=0.0619311s, 14968 KB] g=0, 1 evaluated, 0 expanded
[t=0.0619618s, 14968 KB] Initial heuristic value for lmcut(): 471
[t=0.0619953s, 14968 KB] Start Timestep: 1682468051931 millisecond(s).
[t=0.094218s, 14968 KB] New best heuristic value for lmcut(): 464
[t=0.0973351s, 14968 KB] g=1, 2 evaluated, 1 expanded
[t=0.238143s, 14968 KB] New best heuristic value for lmcut(): 443
[t=0.238939s, 14968 KB] g=2, 6 evaluated, 2 expanded
[t=0.513825s, 14968 KB] New best heuristic value for lmcut(): 405
[t=0.515033s, 14968 KB] g=4, 14 evaluated, 4 expanded
[t=0.641662s, 14968 KB] New best heuristic value for lmcut(): 402
[t=0.644013s, 14968 KB] g=5, 18 evaluated, 5 expanded
[t=0.769562s, 14968 KB] New best heuristic value for lmcut(): 382
[t=0.770424s, 14968 KB] g=6, 22 evaluated, 6 expanded
[t=2.35232s, 14968 KB] New best heuristic value for lmcut(): 381
[t=2.3539s, 14968 KB] g=10, 74 evaluated, 21 expanded
[t=29.067s, 14968 KB] New best heuristic value for lmcut(): 378
[t=29.0698s, 14968 KB] g=11, 951 evaluated, 375 expanded, 16 reopened
[t=30.0017s, 14968 KB] New best heuristic value for lmcut(): 365
[t=30.003s, 14968 KB] g=13, 982 evaluated, 388 expanded, 16 reopened
[t=30.5292s, 14968 KB] New best heuristic value for lmcut(): 357
[t=30.5324s, 14968 KB] g=16, 1000 evaluated, 393 expanded, 16 reopened
[t=113.165s, 15512 KB] New best heuristic value for lmcut(): 356
[t=113.168s, 15512 KB] g=22, 3810 evaluated, 1887 expanded, 306 reopened
[t=178.805s, 15912 KB] New best heuristic value for lmcut(): 355
[t=178.809s, 15912 KB] g=26, 6029 evaluated, 2991 expanded, 478 reopened
[t=228.177s, 16380 KB] New best heuristic value for lmcut(): 354
[t=228.178s, 16380 KB] g=28, 7681 evaluated, 3987 expanded, 788 reopened
[t=356.221s, 17056 KB] New best heuristic value for lmcut(): 353
[t=356.221s, 17056 KB] g=22, 11990 evaluated, 6406 expanded, 1289 reopened
Peak memory: 20916 KB
caught signal 24 -- exiting
Time limit has been reached.
Remove intermediate file output.sas
search exit code: 23

Driver aborting after search
INFO     Planner time: 897.48s
