INFO     planner time limit: 300s
INFO     planner memory limit: 3584 MB

INFO     Running translator.
INFO     translator stdin: None
INFO     translator time limit: 299s
INFO     translator memory limit: 3584 MB
INFO     translator command line string: /usr/local/downward-projects/downward/experiments/.venv/bin/python3 /usr/local/downward-projects/downward/experiments/src/thesis/data/thesis-thesis_exp/code-d93485cdd92f65ede2ae3573b3f4adda0b49e4fd_e5e41175/builds/release/bin/translate/translate.py domain.pddl problem.pddl --sas-file output.sas
Parsing...
Parsing: [0.000s CPU, 0.003s wall-clock]
Normalizing task... [0.000s CPU, 0.000s wall-clock]
Instantiating...
Generating Datalog program... [0.000s CPU, 0.001s wall-clock]
Normalizing Datalog program...
Normalizing Datalog program: [0.010s CPU, 0.003s wall-clock]
Preparing model... [0.000s CPU, 0.002s wall-clock]
Generated 79 rules.
Computing model... [1.620s CPU, 1.626s wall-clock]
142189 relevant atoms
46496 auxiliary atoms
188685 final queue length
600058 total queue pushes
Completing instantiation... [4.570s CPU, 4.599s wall-clock]
Instantiating: [6.250s CPU, 6.296s wall-clock]
Computing fact groups...
Finding invariants...
14 initial candidates
Finding invariants: [0.110s CPU, 0.103s wall-clock]
Checking invariant weight... [0.000s CPU, 0.000s wall-clock]
Instantiating groups... [0.000s CPU, 0.000s wall-clock]
Collecting mutex groups... [0.000s CPU, 0.002s wall-clock]
Choosing groups...
2968 uncovered facts
Choosing groups: [0.000s CPU, 0.001s wall-clock]
Building translation key... [0.010s CPU, 0.008s wall-clock]
Computing fact groups: [0.140s CPU, 0.134s wall-clock]
Building STRIPS to SAS dictionary... [0.000s CPU, 0.002s wall-clock]
Building dictionary for full mutex groups... [0.000s CPU, 0.002s wall-clock]
Building mutex information...
Building mutex information: [0.000s CPU, 0.002s wall-clock]
Translating task...
Processing axioms...
Simplifying axioms... [0.000s CPU, 0.000s wall-clock]
Translator axioms removed by simplifying: 0
Computing negative axioms... [0.000s CPU, 0.000s wall-clock]
Processing axioms: [0.080s CPU, 0.074s wall-clock]
Translating task: [2.630s CPU, 2.655s wall-clock]
125424 effect conditions simplified
0 implied preconditions added
Detecting unreachable propositions...
0 operators removed
0 axioms removed
5 propositions removed
Detecting unreachable propositions: [1.660s CPU, 1.668s wall-clock]
Reordering and filtering variables...
2973 of 2973 variables necessary.
0 of 5 mutex groups necessary.
50392 of 50392 operators necessary.
0 of 0 axiom rules necessary.
Reordering and filtering variables: [1.790s CPU, 1.805s wall-clock]
Translator variables: 2973
Translator derived variables: 0
Translator facts: 6176
Translator goal facts: 24
Translator mutex groups: 0
Translator total mutex groups size: 0
Translator operators: 50392
Translator axioms: 0
Translator task size: 435837
Translator peak memory: 320556 KB
Writing output... [0.360s CPU, 0.359s wall-clock]
Done! [12.950s CPU, 13.045s wall-clock]
translate exit code: 0

INFO     Running search (release).
INFO     search stdin: output.sas
INFO     search time limit: 286s
INFO     search memory limit: 3584 MB
INFO     search command line string: /usr/local/downward-projects/downward/experiments/src/thesis/data/thesis-thesis_exp/code-d93485cdd92f65ede2ae3573b3f4adda0b49e4fd_e5e41175/builds/release/bin/downward --evaluator 'h=ff()' --search 'eager(alt([type_based([h, g()], random_seed=-1), single(h)]))' --internal-plan-file sas_plan < output.sas
[t=0.00105198s, 11364 KB] reading input...
[t=0.242684s, 31476 KB] done reading input!
[t=0.269974s, 42840 KB] Simplifying 226448 unary operators... done! [162728 unary operators]
[t=0.456058s, 58200 KB] time to simplify: 0.194509s
[t=0.468645s, 58200 KB] Initializing additive heuristic...
[t=0.468812s, 58200 KB] Initializing FF heuristic...
[t=0.468841s, 58200 KB] Building successor generator...done!
[t=0.487232s, 58200 KB] peak memory difference for successor generator creation: 0 KB
[t=0.48732s, 58200 KB] time for successor generation creation: 0.017414s
[t=0.487346s, 58200 KB] Variables: 2973
[t=0.487414s, 58200 KB] FactPairs: 6176
[t=0.487444s, 58200 KB] Bytes per state: 376
[t=0.487468s, 58200 KB] Conducting best first search without reopening closed nodes, (real) bound = 2147483647
[t=0.48962s, 58200 KB] New best heuristic value for ff(): 33
[t=0.490277s, 58200 KB] g=0, 1 evaluated, 0 expanded
[t=0.490304s, 58200 KB] Initial heuristic value for ff(): 33
[t=0.490334s, 58200 KB] pruning method: none
[t=0.490359s, 58200 KB] Start Timestep: 1687936297253 millisecond(s).
[t=0.492605s, 58200 KB] New best heuristic value for ff(): 30
[t=0.492895s, 58200 KB] g=3, 3 evaluated, 1 expanded
[t=0.500993s, 58200 KB] New best heuristic value for ff(): 27
[t=0.501083s, 58200 KB] g=6, 10 evaluated, 2 expanded
[t=0.522022s, 58200 KB] New best heuristic value for ff(): 26
[t=0.522344s, 58200 KB] g=7, 28 evaluated, 4 expanded
[t=2.81586s, 58200 KB] New best heuristic value for ff(): 24
[t=2.81693s, 58200 KB] g=20, 2073 evaluated, 280 expanded
[t=2.83158s, 58200 KB] New best heuristic value for ff(): 23
[t=2.83173s, 58200 KB] g=23, 2086 evaluated, 282 expanded
[t=2.88098s, 58200 KB] New best heuristic value for ff(): 20
[t=2.8815s, 58200 KB] g=24, 2131 evaluated, 286 expanded
[t=11.8791s, 58200 KB] New best heuristic value for ff(): 19
[t=11.8797s, 58200 KB] g=31, 10256 evaluated, 1151 expanded
[t=19.9346s, 58200 KB] New best heuristic value for ff(): 18
[t=19.9351s, 58200 KB] g=43, 17598 evaluated, 1870 expanded
[t=34.5902s, 61216 KB] New best heuristic value for ff(): 16
[t=34.5903s, 61216 KB] g=58, 31002 evaluated, 3342 expanded
[t=34.6061s, 61348 KB] New best heuristic value for ff(): 14
[t=34.6087s, 61348 KB] g=60, 31020 evaluated, 3343 expanded
[t=115.46s, 92072 KB] New best heuristic value for ff(): 12
[t=115.463s, 92072 KB] g=84, 106734 evaluated, 12352 expanded
[t=116.304s, 92468 KB] New best heuristic value for ff(): 11
[t=116.308s, 92468 KB] g=93, 107542 evaluated, 12439 expanded
[t=116.312s, 92468 KB] New best heuristic value for ff(): 8
[t=116.315s, 92468 KB] g=96, 107549 evaluated, 12440 expanded
[t=123.954s, 96400 KB] New best heuristic value for ff(): 7
[t=123.957s, 96400 KB] g=100, 114914 evaluated, 13304 expanded
Peak memory: 160024 KB
caught signal 24 -- exiting
Time limit has been reached.
Remove intermediate file output.sas
search exit code: 23

Driver aborting after search
INFO     Planner time: 298.38s
