INFO     planner time limit: 900s
INFO     planner memory limit: 3584 MB

INFO     Running translator.
INFO     translator stdin: None
INFO     translator time limit: 899s
INFO     translator memory limit: 3584 MB
INFO     translator command line string: /usr/local/downward-projects/downward/experiments/.venv/bin/python3 /usr/local/downward-projects/downward/experiments/src/thesis/data/thesis-thesis_exp/code-492c46a6b9a8d722366a407090da84235e2f79dc_e5e41175/builds/release/bin/translate/translate.py domain.pddl problem.pddl --sas-file output.sas
Parsing...
Parsing: [0.010s CPU, 0.007s wall-clock]
Normalizing task... [0.000s CPU, 0.000s wall-clock]
Instantiating...
Generating Datalog program... [0.000s CPU, 0.002s wall-clock]
Normalizing Datalog program...
Normalizing Datalog program: [0.000s CPU, 0.001s wall-clock]
Preparing model... [0.000s CPU, 0.003s wall-clock]
Generated 26 rules.
Computing model... [0.200s CPU, 0.193s wall-clock]
18338 relevant atoms
15310 auxiliary atoms
33648 final queue length
64160 total queue pushes
Completing instantiation... [0.630s CPU, 0.626s wall-clock]
Instantiating: [0.830s CPU, 0.835s wall-clock]
Computing fact groups...
Finding invariants...
9 initial candidates
Finding invariants: [0.010s CPU, 0.009s wall-clock]
Checking invariant weight... [0.000s CPU, 0.000s wall-clock]
Instantiating groups... [0.010s CPU, 0.003s wall-clock]
Collecting mutex groups... [0.000s CPU, 0.001s wall-clock]
Choosing groups...
0 uncovered facts
Choosing groups: [0.000s CPU, 0.002s wall-clock]
Building translation key... [0.000s CPU, 0.001s wall-clock]
Computing fact groups: [0.020s CPU, 0.020s wall-clock]
Building STRIPS to SAS dictionary... [0.010s CPU, 0.001s wall-clock]
Building dictionary for full mutex groups... [0.000s CPU, 0.000s wall-clock]
Building mutex information...
Building mutex information: [0.000s CPU, 0.000s wall-clock]
Translating task...
Processing axioms...
Simplifying axioms... [0.000s CPU, 0.000s wall-clock]
Translator axioms removed by simplifying: 0
Computing negative axioms... [0.000s CPU, 0.000s wall-clock]
Processing axioms: [0.020s CPU, 0.023s wall-clock]
Translating task: [0.540s CPU, 0.548s wall-clock]
0 effect conditions simplified
0 implied preconditions added
Detecting unreachable propositions...
0 operators removed
0 axioms removed
14 propositions removed
Detecting unreachable propositions: [0.360s CPU, 0.359s wall-clock]
Reordering and filtering variables...
14 of 14 variables necessary.
0 of 14 mutex groups necessary.
16320 of 16320 operators necessary.
0 of 0 axiom rules necessary.
Reordering and filtering variables: [0.060s CPU, 0.055s wall-clock]
Translator variables: 14
Translator derived variables: 0
Translator facts: 1182
Translator goal facts: 10
Translator mutex groups: 0
Translator total mutex groups size: 0
Translator operators: 16320
Translator axioms: 0
Translator task size: 96246
Translator peak memory: 97116 KB
Writing output... [0.070s CPU, 0.072s wall-clock]
Done! [1.920s CPU, 1.926s wall-clock]
translate exit code: 0

INFO     Running search (release).
INFO     search stdin: output.sas
INFO     search time limit: 897s
INFO     search memory limit: 3584 MB
INFO     search command line string: /usr/local/downward-projects/downward/experiments/src/thesis/data/thesis-thesis_exp/code-492c46a6b9a8d722366a407090da84235e2f79dc_e5e41175/builds/release/bin/downward --evaluator 'h=ff()' --search 'eager(lwm_based_type(h))' --internal-plan-file sas_plan < output.sas
[t=0.00220835s, 11200 KB] reading input...
[t=0.0541376s, 16552 KB] done reading input!
[t=0.058085s, 18528 KB] Simplifying 31680 unary operators... done! [31680 unary operators]
[t=0.0873487s, 21172 KB] time to simplify: 0.0292637s
[t=0.0898853s, 21172 KB] Initializing additive heuristic...
[t=0.0905779s, 21172 KB] Initializing FF heuristic...
[t=0.0906046s, 21172 KB] Building successor generator...done!
[t=0.0970552s, 21836 KB] peak memory difference for successor generator creation: 664 KB
[t=0.097162s, 21836 KB] time for successor generation creation: 0.00312036s
[t=0.0971864s, 21836 KB] Variables: 14
[t=0.0972142s, 21836 KB] FactPairs: 1182
[t=0.0972375s, 21836 KB] Bytes per state: 12
[t=0.0972602s, 21836 KB] Conducting best first search without reopening closed nodes, (real) bound = 2147483647
[t=0.0977071s, 21836 KB] New best heuristic value for ff(): 1530
[t=0.0981415s, 21836 KB] g=0, 1 evaluated, 0 expanded
[t=0.0981692s, 21836 KB] Initial heuristic value for ff(): 1530
[t=0.0981992s, 21836 KB] pruning method: none
[t=0.0982216s, 21836 KB] Start Timestep: 1685436834986 millisecond(s).
[t=0.0989135s, 21836 KB] New best heuristic value for ff(): 1437
[t=0.101648s, 21836 KB] g=26, 8 evaluated, 1 expanded
[t=0.101676s, 21836 KB] New best heuristic value for ff(): 1369
[t=0.102722s, 21836 KB] g=24, 10 evaluated, 1 expanded
[t=0.105516s, 21836 KB] New best heuristic value for ff(): 1355
[t=0.108151s, 21836 KB] g=42, 21 evaluated, 2 expanded
[t=0.117452s, 21836 KB] New best heuristic value for ff(): 1352
[t=0.118119s, 21836 KB] g=69, 41 evaluated, 5 expanded
[t=0.169352s, 21836 KB] New best heuristic value for ff(): 1348
[t=0.170335s, 21836 KB] g=99, 150 evaluated, 30 expanded
[t=0.189272s, 21836 KB] New best heuristic value for ff(): 1180
[t=0.193329s, 21836 KB] g=255, 199 evaluated, 42 expanded
[t=0.197216s, 21836 KB] New best heuristic value for ff(): 1120
[t=0.201062s, 21836 KB] g=260, 215 evaluated, 45 expanded
[t=0.245116s, 21836 KB] New best heuristic value for ff(): 1115
[t=0.246319s, 21836 KB] g=294, 310 evaluated, 70 expanded
[t=0.246349s, 21836 KB] New best heuristic value for ff(): 1112
[t=0.246864s, 21836 KB] g=298, 311 evaluated, 70 expanded
[t=0.42895s, 21836 KB] New best heuristic value for ff(): 1052
[t=0.432402s, 21836 KB] g=333, 701 evaluated, 162 expanded
[t=0.720757s, 21836 KB] New best heuristic value for ff(): 1037
[t=0.723738s, 21836 KB] g=370, 1285 evaluated, 323 expanded
[t=1.24852s, 21836 KB] New best heuristic value for ff(): 1036
[t=1.24907s, 21836 KB] g=434, 2345 evaluated, 554 expanded
[t=1.88824s, 21836 KB] New best heuristic value for ff(): 1026
[t=1.89171s, 21836 KB] g=426, 3636 evaluated, 812 expanded
[t=1.89217s, 21836 KB] New best heuristic value for ff(): 1021
[t=1.89287s, 21836 KB] g=429, 3638 evaluated, 812 expanded
[t=1.8929s, 21836 KB] New best heuristic value for ff(): 1010
[t=1.89347s, 21836 KB] g=434, 3639 evaluated, 812 expanded
[t=1.8935s, 21836 KB] New best heuristic value for ff(): 1007
[t=1.89407s, 21836 KB] g=419, 3640 evaluated, 812 expanded
[t=3.77149s, 21836 KB] New best heuristic value for ff(): 999
[t=3.77187s, 21836 KB] g=515, 7416 evaluated, 1614 expanded
[t=3.7994s, 21836 KB] New best heuristic value for ff(): 997
[t=3.8007s, 21836 KB] g=488, 7472 evaluated, 1626 expanded
[t=4.47915s, 21836 KB] New best heuristic value for ff(): 996
[t=4.48097s, 21836 KB] g=518, 8844 evaluated, 1922 expanded
[t=4.70299s, 21836 KB] New best heuristic value for ff(): 995
[t=4.70691s, 21836 KB] g=519, 9282 evaluated, 2016 expanded
[t=5.25852s, 21836 KB] New best heuristic value for ff(): 990
[t=5.26227s, 21836 KB] g=540, 10378 evaluated, 2245 expanded
[t=5.29043s, 21836 KB] New best heuristic value for ff(): 977
[t=5.29325s, 21836 KB] g=513, 10438 evaluated, 2254 expanded
[t=5.82217s, 21836 KB] New best heuristic value for ff(): 976
[t=5.82483s, 21836 KB] g=514, 11481 evaluated, 2479 expanded
[t=7.13765s, 21968 KB] New best heuristic value for ff(): 963
[t=7.13931s, 21968 KB] g=530, 14066 evaluated, 3016 expanded
[t=9.12472s, 22280 KB] New best heuristic value for ff(): 958
[t=9.12626s, 22280 KB] g=612, 17953 evaluated, 3831 expanded
[t=12.7554s, 22552 KB] New best heuristic value for ff(): 955
[t=12.7561s, 22552 KB] g=625, 25023 evaluated, 5349 expanded
[t=12.8033s, 22552 KB] New best heuristic value for ff(): 954
[t=12.8037s, 22552 KB] g=629, 25114 evaluated, 5369 expanded
[t=14.0349s, 22684 KB] New best heuristic value for ff(): 928
[t=14.0358s, 22684 KB] g=655, 27513 evaluated, 5867 expanded
[t=27.7979s, 24412 KB] New best heuristic value for ff(): 926
[t=27.7987s, 24412 KB] g=677, 54260 evaluated, 11415 expanded
[t=27.7987s, 24412 KB] New best heuristic value for ff(): 920
[t=27.7993s, 24412 KB] g=673, 54261 evaluated, 11415 expanded
[t=59.4518s, 30044 KB] New best heuristic value for ff(): 915
[t=59.4546s, 30044 KB] g=533, 115196 evaluated, 23768 expanded
[t=64.7743s, 30044 KB] New best heuristic value for ff(): 913
[t=64.7746s, 30044 KB] g=527, 125363 evaluated, 25852 expanded
[t=99.4574s, 33468 KB] New best heuristic value for ff(): 912
[t=99.4604s, 33468 KB] g=756, 191798 evaluated, 39366 expanded
[t=111.434s, 34760 KB] New best heuristic value for ff(): 910
[t=111.436s, 34760 KB] g=717, 214736 evaluated, 43951 expanded
[t=189.572s, 45008 KB] New best heuristic value for ff(): 903
[t=189.574s, 45008 KB] g=546, 363557 evaluated, 73043 expanded
[t=199.731s, 45948 KB] New best heuristic value for ff(): 896
[t=199.733s, 45948 KB] g=556, 382797 evaluated, 76719 expanded
[t=199.931s, 45948 KB] New best heuristic value for ff(): 891
[t=199.933s, 45948 KB] g=576, 383187 evaluated, 76793 expanded
[t=205.649s, 46480 KB] New best heuristic value for ff(): 890
[t=205.652s, 46480 KB] g=559, 394132 evaluated, 78878 expanded
[t=210.62s, 47016 KB] New best heuristic value for ff(): 882
[t=210.624s, 47016 KB] g=745, 403547 evaluated, 80695 expanded
[t=363.417s, 65312 KB] New best heuristic value for ff(): 880
[t=363.418s, 65312 KB] g=826, 693162 evaluated, 135667 expanded
[t=498.175s, 92560 KB] New best heuristic value for ff(): 862
[t=498.176s, 92560 KB] g=842, 945041 evaluated, 182782 expanded
Peak memory: 128116 KB
caught signal 24 -- exiting
Time limit has been reached.
Remove intermediate file output.sas
search exit code: 23

Driver aborting after search
INFO     Planner time: 897.31s
