INFO     planner time limit: 600s
INFO     planner memory limit: 3584 MB

INFO     Running translator.
INFO     translator stdin: None
INFO     translator time limit: 599s
INFO     translator memory limit: 3584 MB
INFO     translator command line string: /usr/local/downward-projects/downward/experiments/src/thesis/.venv/bin/python3 /usr/local/downward-projects/downward/experiments/src/thesis/data/thesis-thesis_exp/code-84c08dfff1890fbf6247184940c8166177195ea1_e5e41175/builds/release/bin/translate/translate.py domain.pddl problem.pddl --sas-file output.sas
Parsing...
Parsing: [0.030s CPU, 0.041s wall-clock]
Normalizing task... [0.010s CPU, 0.004s wall-clock]
Instantiating...
Generating Datalog program... [0.010s CPU, 0.010s wall-clock]
Normalizing Datalog program...
Normalizing Datalog program: [0.020s CPU, 0.025s wall-clock]
Preparing model... [0.040s CPU, 0.039s wall-clock]
Generated 1532 rules.
Computing model... [2.260s CPU, 2.281s wall-clock]
76090 relevant atoms
109632 auxiliary atoms
185722 final queue length
329742 total queue pushes
Completing instantiation... [3.840s CPU, 3.884s wall-clock]
Instantiating: [6.340s CPU, 6.409s wall-clock]
Computing fact groups...
Finding invariants...
10 initial candidates
Finding invariants: [0.060s CPU, 0.065s wall-clock]
Checking invariant weight... [0.000s CPU, 0.003s wall-clock]
Instantiating groups... [0.010s CPU, 0.003s wall-clock]
Collecting mutex groups... [0.000s CPU, 0.001s wall-clock]
Choosing groups...
190 uncovered facts
Choosing groups: [0.000s CPU, 0.003s wall-clock]
Building translation key... [0.010s CPU, 0.001s wall-clock]
Computing fact groups: [0.080s CPU, 0.081s wall-clock]
Building STRIPS to SAS dictionary... [0.000s CPU, 0.001s wall-clock]
Building dictionary for full mutex groups... [0.000s CPU, 0.001s wall-clock]
Building mutex information...
Building mutex information: [0.000s CPU, 0.001s wall-clock]
Translating task...
Processing axioms...
Simplifying axioms... [0.000s CPU, 0.000s wall-clock]
Translator axioms removed by simplifying: 0
Computing negative axioms... [0.000s CPU, 0.000s wall-clock]
Processing axioms: [0.110s CPU, 0.112s wall-clock]
Translating task: [3.050s CPU, 3.080s wall-clock]
0 effect conditions simplified
0 implied preconditions added
Detecting unreachable propositions...
0 operators removed
0 axioms removed
191 propositions removed
Detecting unreachable propositions: [1.880s CPU, 1.898s wall-clock]
Reordering and filtering variables...
381 of 381 variables necessary.
0 of 381 mutex groups necessary.
72580 of 72580 operators necessary.
0 of 0 axiom rules necessary.
Reordering and filtering variables: [0.290s CPU, 0.291s wall-clock]
Translator variables: 381
Translator derived variables: 0
Translator facts: 1141
Translator goal facts: 190
Translator mutex groups: 0
Translator total mutex groups size: 0
Translator operators: 72580
Translator axioms: 0
Translator task size: 488957
Translator peak memory: 333908 KB
Writing output... [0.350s CPU, 0.365s wall-clock]
Done! [12.170s CPU, 12.311s wall-clock]
translate exit code: 0

INFO     Running search (release).
INFO     search stdin: output.sas
INFO     search time limit: 587s
INFO     search memory limit: 3584 MB
INFO     search command line string: /usr/local/downward-projects/downward/experiments/src/thesis/data/thesis-thesis_exp/code-84c08dfff1890fbf6247184940c8166177195ea1_e5e41175/builds/release/bin/downward --evaluator 'h=ff()' --search 'eager(partition(h, hi_partition(), inter_uniform(), intra_uniform() )) ' --internal-plan-file sas_plan < output.sas
[t=0.00131397s, 11732 KB] reading input...
[t=0.22184s, 31476 KB] done reading input!
[t=0.243913s, 39468 KB] Simplifying 144780 unary operators... done! [144780 unary operators]
[t=0.570243s, 53020 KB] time to simplify: 0.32633s
[t=0.575123s, 53020 KB] Initializing additive heuristic...
[t=0.575315s, 53020 KB] Initializing FF heuristic...
[t=0.575346s, 53020 KB] Building successor generator...done!
[t=0.607472s, 53020 KB] peak memory difference for successor generator creation: 0 KB
[t=0.607615s, 53020 KB] time for successor generation creation: 0.0311238s
[t=0.60764s, 53020 KB] Variables: 381
[t=0.607674s, 53020 KB] FactPairs: 1141
[t=0.607697s, 53020 KB] Bytes per state: 76
[t=0.60772s, 53020 KB] Conducting best first search without reopening closed nodes, (real) bound = 2147483647
[t=0.610691s, 53020 KB] New best heuristic value for ff(): 1
[t=0.611064s, 53020 KB] g=0, 1 evaluated, 0 expanded
[t=0.611089s, 53020 KB] Initial heuristic value for ff(): 1
[t=0.61112s, 53020 KB] pruning method: none
[t=0.611144s, 53020 KB] Start Timestep: 1693572782704 millisecond(s).
[t=0.61339s, 53020 KB] New best heuristic value for ff(): 0
[t=0.613786s, 53020 KB] g=1, 2 evaluated, 1 expanded
Peak memory: 62944 KB
caught signal 24 -- exiting
Time limit has been reached.
Remove intermediate file output.sas
search exit code: 23

Driver aborting after search
INFO     Planner time: 599.04s
