INFO     planner time limit: 900s
INFO     planner memory limit: 3584 MB

INFO     Running translator.
INFO     translator stdin: None
INFO     translator time limit: 899s
INFO     translator memory limit: 3584 MB
INFO     translator command line string: /usr/local/downward-projects/downward/experiments/.venv/bin/python3 /usr/local/downward-projects/downward/experiments/src/thesis/data/thesis-thesis_exp/code-beb2e19b3d35a0ced2c328754445ca6967892fa8_e5e41175/builds/release/bin/translate/translate.py domain.pddl problem.pddl --sas-file output.sas
Parsing...
Parsing: [0.110s CPU, 0.111s wall-clock]
Normalizing task... [0.010s CPU, 0.017s wall-clock]
Instantiating...
Generating Datalog program... [0.020s CPU, 0.020s wall-clock]
Normalizing Datalog program...
Normalizing Datalog program: [0.050s CPU, 0.048s wall-clock]
Preparing model... [0.100s CPU, 0.103s wall-clock]
Generated 2756 rules.
Computing model... [9.050s CPU, 9.063s wall-clock]
258565 relevant atoms
376300 auxiliary atoms
634865 final queue length
1132595 total queue pushes
Completing instantiation... [16.040s CPU, 16.056s wall-clock]
Instantiating: [25.950s CPU, 25.974s wall-clock]
Computing fact groups...
Finding invariants...
10 initial candidates
Finding invariants: [0.120s CPU, 0.123s wall-clock]
Checking invariant weight... [0.010s CPU, 0.008s wall-clock]
Instantiating groups... [0.000s CPU, 0.004s wall-clock]
Collecting mutex groups... [0.000s CPU, 0.002s wall-clock]
Choosing groups...
313 uncovered facts
Choosing groups: [0.010s CPU, 0.005s wall-clock]
Building translation key... [0.000s CPU, 0.002s wall-clock]
Computing fact groups: [0.150s CPU, 0.154s wall-clock]
Building STRIPS to SAS dictionary... [0.010s CPU, 0.002s wall-clock]
Building dictionary for full mutex groups... [0.010s CPU, 0.002s wall-clock]
Building mutex information...
Building mutex information: [0.000s CPU, 0.002s wall-clock]
Translating task...
Processing axioms...
Simplifying axioms... [0.000s CPU, 0.000s wall-clock]
Translator axioms removed by simplifying: 0
Computing negative axioms... [0.000s CPU, 0.000s wall-clock]
Processing axioms: [0.490s CPU, 0.488s wall-clock]
Translating task: [11.250s CPU, 11.273s wall-clock]
0 effect conditions simplified
0 implied preconditions added
Detecting unreachable propositions...
0 operators removed
0 axioms removed
354 propositions removed
Detecting unreachable propositions: [7.560s CPU, 7.555s wall-clock]
Reordering and filtering variables...
667 of 667 variables necessary.
0 of 707 mutex groups necessary.
249884 of 249884 operators necessary.
0 of 0 axiom rules necessary.
Reordering and filtering variables: [1.460s CPU, 1.467s wall-clock]
Translator variables: 667
Translator derived variables: 0
Translator facts: 2039
Translator goal facts: 353
Translator mutex groups: 0
Translator total mutex groups size: 0
Translator operators: 249884
Translator axioms: 0
Translator task size: 2504661
Translator peak memory: 1345640 KB
Writing output... [1.660s CPU, 1.686s wall-clock]
Done! [48.740s CPU, 48.812s wall-clock]
translate exit code: 0

INFO     Running search (release).
INFO     search stdin: output.sas
INFO     search time limit: 850s
INFO     search memory limit: 3584 MB
INFO     search command line string: /usr/local/downward-projects/downward/experiments/src/thesis/data/thesis-thesis_exp/code-beb2e19b3d35a0ced2c328754445ca6967892fa8_e5e41175/builds/release/bin/downward --evaluator 'h=ff()' --search 'eager(alt([lwm_based_type(h), single(h)]))' --internal-plan-file sas_plan < output.sas
[t=0s, 11252 KB] reading input...
[t=0.975316s, 91572 KB] done reading input!
[t=1.06323s, 129300 KB] Simplifying 499102 unary operators... done! [499102 unary operators]
[t=1.75096s, 179348 KB] time to simplify: 0.687726s
[t=1.78687s, 203764 KB] Initializing additive heuristic...
[t=1.79029s, 203764 KB] Initializing FF heuristic...
[t=1.79033s, 203764 KB] Building successor generator...done!
[t=1.95002s, 203764 KB] peak memory difference for successor generator creation: 0 KB
[t=1.95015s, 203764 KB] time for successor generation creation: 0.156073s
[t=1.95018s, 203764 KB] Variables: 667
[t=1.95022s, 203764 KB] FactPairs: 2039
[t=1.95024s, 203764 KB] Bytes per state: 132
[t=1.95026s, 203764 KB] Conducting best first search without reopening closed nodes, (real) bound = 2147483647
[t=1.9664s, 203764 KB] New best heuristic value for ff(): 1
[t=1.96895s, 203764 KB] g=0, 1 evaluated, 0 expanded
[t=1.96898s, 203764 KB] Initial heuristic value for ff(): 1
[t=1.96901s, 203764 KB] pruning method: none
[t=1.96903s, 203764 KB] Start Timestep: 1685782220152 millisecond(s).
[t=1.98628s, 203764 KB] New best heuristic value for ff(): 0
[t=1.98699s, 203764 KB] g=1, 2 evaluated, 1 expanded
Peak memory: 203764 KB
caught signal 24 -- exiting
Time limit has been reached.
Remove intermediate file output.sas
search exit code: 23

Driver aborting after search
INFO     Planner time: 898.51s
