INFO     planner time limit: 600s
INFO     planner memory limit: 3584 MB

INFO     Running translator.
INFO     translator stdin: None
INFO     translator time limit: 599s
INFO     translator memory limit: 3584 MB
INFO     translator command line string: /usr/local/downward-projects/downward/experiments/src/thesis/.venv/bin/python3 /usr/local/downward-projects/downward/experiments/src/thesis/data/thesis-thesis_exp/code-84c08dfff1890fbf6247184940c8166177195ea1_e5e41175/builds/release/bin/translate/translate.py domain.pddl problem.pddl --sas-file output.sas
Parsing...
Parsing: [0.000s CPU, 0.002s wall-clock]
Normalizing task... [0.010s CPU, 0.000s wall-clock]
Instantiating...
Generating Datalog program... [0.000s CPU, 0.000s wall-clock]
Normalizing Datalog program...
Normalizing Datalog program: [0.000s CPU, 0.002s wall-clock]
Preparing model... [0.000s CPU, 0.001s wall-clock]
Generated 50 rules.
Computing model... [0.010s CPU, 0.005s wall-clock]
375 relevant atoms
456 auxiliary atoms
831 final queue length
1049 total queue pushes
Completing instantiation... [0.000s CPU, 0.004s wall-clock]
Instantiating: [0.010s CPU, 0.013s wall-clock]
Computing fact groups...
Finding invariants...
11 initial candidates
Finding invariants: [0.010s CPU, 0.003s wall-clock]
Checking invariant weight... [0.000s CPU, 0.000s wall-clock]
Instantiating groups... [0.000s CPU, 0.001s wall-clock]
Collecting mutex groups... [0.000s CPU, 0.000s wall-clock]
Choosing groups...
0 uncovered facts
Choosing groups: [0.000s CPU, 0.000s wall-clock]
Building translation key... [0.000s CPU, 0.000s wall-clock]
Computing fact groups: [0.010s CPU, 0.005s wall-clock]
Building STRIPS to SAS dictionary... [0.000s CPU, 0.000s wall-clock]
Building dictionary for full mutex groups... [0.000s CPU, 0.000s wall-clock]
Building mutex information...
Building mutex information: [0.000s CPU, 0.000s wall-clock]
Translating task...
Processing axioms...
Simplifying axioms... [0.000s CPU, 0.000s wall-clock]
Translator axioms removed by simplifying: 0
Computing negative axioms... [0.000s CPU, 0.000s wall-clock]
Processing axioms: [0.000s CPU, 0.000s wall-clock]
Translating task: [0.000s CPU, 0.005s wall-clock]
0 effect conditions simplified
0 implied preconditions added
Detecting unreachable propositions...
0 operators removed
0 axioms removed
4 propositions removed
Detecting unreachable propositions: [0.010s CPU, 0.003s wall-clock]
Reordering and filtering variables...
19 of 19 variables necessary.
30 of 34 mutex groups necessary.
188 of 188 operators necessary.
0 of 0 axiom rules necessary.
Reordering and filtering variables: [0.000s CPU, 0.001s wall-clock]
Translator variables: 19
Translator derived variables: 0
Translator facts: 94
Translator goal facts: 12
Translator mutex groups: 30
Translator total mutex groups size: 120
Translator operators: 188
Translator axioms: 0
Translator task size: 1265
Translator peak memory: 32620 KB
Writing output... [0.000s CPU, 0.001s wall-clock]
Done! [0.040s CPU, 0.031s wall-clock]
translate exit code: 0

INFO     Running search (release).
INFO     search stdin: output.sas
INFO     search time limit: 599s
INFO     search memory limit: 3584 MB
INFO     search command line string: /usr/local/downward-projects/downward/experiments/src/thesis/data/thesis-thesis_exp/code-84c08dfff1890fbf6247184940c8166177195ea1_e5e41175/builds/release/bin/downward --evaluator 'h=ff()' --search 'eager(partition(h, plateau_partition(), inter_uniform(), intra_uniform() )) ' --internal-plan-file sas_plan < output.sas
[t=0.0010512s, 11732 KB] reading input...
[t=0.00207618s, 11732 KB] done reading input!
[t=0.00365727s, 12128 KB] Simplifying 364 unary operators... done! [364 unary operators]
[t=0.00402772s, 12128 KB] time to simplify: 0.000370446s
[t=0.00407831s, 12128 KB] Initializing additive heuristic...
[t=0.00412594s, 12128 KB] Initializing FF heuristic...
[t=0.00415036s, 12128 KB] Building successor generator...done!
[t=0.00431889s, 12128 KB] peak memory difference for successor generator creation: 0 KB
[t=0.00436335s, 12128 KB] time for successor generation creation: 0s
[t=0.00438761s, 12128 KB] Variables: 19
[t=0.00441321s, 12128 KB] FactPairs: 94
[t=0.0044367s, 12128 KB] Bytes per state: 8
[t=0.00445932s, 12128 KB] Conducting best first search without reopening closed nodes, (real) bound = 2147483647
[t=0.00450522s, 12128 KB] New best heuristic value for ff(): 39
[t=0.00455973s, 12128 KB] g=0, 1 evaluated, 0 expanded
[t=0.00458416s, 12128 KB] Initial heuristic value for ff(): 39
[t=0.00461861s, 12128 KB] pruning method: none
[t=0.00464244s, 12128 KB] Start Timestep: 1693642397683 millisecond(s).
[t=0.00468422s, 12128 KB] New best heuristic value for ff(): 38
[t=0.00473927s, 12128 KB] g=2, 3 evaluated, 1 expanded
[t=0.00501199s, 12128 KB] New best heuristic value for ff(): 36
[t=0.00591766s, 12128 KB] g=5, 114 evaluated, 13 expanded
[t=0.00604086s, 12128 KB] New best heuristic value for ff(): 31
[t=0.00608186s, 12128 KB] g=6, 123 evaluated, 13 expanded
[t=0.00736586s, 12128 KB] New best heuristic value for ff(): 30
[t=0.00801588s, 12128 KB] g=9, 243 evaluated, 29 expanded
[t=0.0143823s, 12128 KB] New best heuristic value for ff(): 29
[t=0.0148972s, 12128 KB] g=10, 503 evaluated, 63 expanded
[t=0.0271451s, 12128 KB] New best heuristic value for ff(): 28
[t=0.0272085s, 12128 KB] g=15, 821 evaluated, 107 expanded
[t=0.0489669s, 12128 KB] New best heuristic value for ff(): 27
[t=0.0500758s, 12128 KB] g=16, 1246 evaluated, 167 expanded
[t=0.0878183s, 12264 KB] New best heuristic value for ff(): 26
[t=0.0881828s, 12264 KB] g=18, 1747 evaluated, 243 expanded
[t=0.119275s, 12264 KB] New best heuristic value for ff(): 25
[t=0.119872s, 12264 KB] g=19, 2073 evaluated, 294 expanded
[t=0.143394s, 12264 KB] New best heuristic value for ff(): 24
[t=0.144262s, 12264 KB] g=25, 2298 evaluated, 332 expanded
[t=0.203266s, 12264 KB] New best heuristic value for ff(): 23
[t=0.203952s, 12264 KB] g=32, 2791 evaluated, 412 expanded
[t=0.384303s, 12388 KB] New best heuristic value for ff(): 22
[t=0.38483s, 12388 KB] g=35, 3942 evaluated, 605 expanded
[t=0.400836s, 12520 KB] New best heuristic value for ff(): 21
[t=0.401297s, 12520 KB] g=36, 4026 evaluated, 619 expanded
[t=0.571082s, 12652 KB] New best heuristic value for ff(): 20
[t=0.57124s, 12652 KB] g=39, 4928 evaluated, 782 expanded
[t=0.573118s, 12652 KB] New best heuristic value for ff(): 19
[t=0.573284s, 12652 KB] g=42, 4937 evaluated, 783 expanded
[t=34.2578s, 16972 KB] New best heuristic value for ff(): 18
[t=34.2615s, 16972 KB] g=57, 41515 evaluated, 8114 expanded
[t=34.3737s, 17460 KB] New best heuristic value for ff(): 16
[t=34.3764s, 17460 KB] g=59, 41583 evaluated, 8129 expanded
[t=96.5884s, 20348 KB] New best heuristic value for ff(): 15
[t=96.5892s, 20348 KB] g=90, 69149 evaluated, 13968 expanded
[t=96.9979s, 20348 KB] New best heuristic value for ff(): 12
[t=96.9981s, 20348 KB] g=100, 69282 evaluated, 13997 expanded
[t=103.163s, 20612 KB] New best heuristic value for ff(): 10
[t=103.163s, 20612 KB] g=110, 71379 evaluated, 14476 expanded
[t=314.682s, 27056 KB] New best heuristic value for ff(): 9
[t=314.683s, 27056 KB] g=76, 116293 evaluated, 24636 expanded
[t=315.826s, 27056 KB] New best heuristic value for ff(): 8
[t=315.826s, 27056 KB] g=79, 116440 evaluated, 24668 expanded
[t=319.265s, 27056 KB] New best heuristic value for ff(): 7
[t=319.265s, 27056 KB] g=79, 116864 evaluated, 24759 expanded
[t=320.933s, 27056 KB] New best heuristic value for ff(): 6
[t=320.933s, 27056 KB] g=80, 117073 evaluated, 24804 expanded
[t=322.306s, 27056 KB] New best heuristic value for ff(): 5
[t=322.306s, 27056 KB] g=82, 117241 evaluated, 24844 expanded
[t=322.851s, 27056 KB] New best heuristic value for ff(): 3
[t=322.852s, 27056 KB] g=83, 117313 evaluated, 24859 expanded
[t=324.023s, 27056 KB] New best heuristic value for ff(): 2
[t=324.023s, 27056 KB] g=84, 117459 evaluated, 24891 expanded
[t=326.312s, 27056 KB] New best heuristic value for ff(): 0
[t=326.312s, 27056 KB] g=86, 117735 evaluated, 24954 expanded
[t=329.255s, 27056 KB] Solution found!
[t=329.255s, 27056 KB] Actual search time: 329.25s
up robot2 tile_1-2 tile_2-2 (3)
up robot2 tile_2-2 tile_3-2 (3)
change-color robot1 white black (5)
paint-up robot1 tile_4-1 tile_3-1 black (2)
change-color robot1 black white (5)
down robot1 tile_3-1 tile_2-1 (1)
paint-up robot1 tile_3-1 tile_2-1 white (2)
up robot2 tile_3-2 tile_4-2 (3)
change-color robot1 white black (5)
right robot1 tile_2-1 tile_2-2 (1)
up robot1 tile_2-2 tile_3-2 (3)
right robot1 tile_3-2 tile_3-3 (1)
change-color robot2 black white (5)
down robot2 tile_4-2 tile_3-2 (1)
paint-up robot2 tile_4-2 tile_3-2 white (2)
paint-up robot1 tile_4-3 tile_3-3 black (2)
down robot2 tile_3-2 tile_2-2 (1)
down robot1 tile_3-3 tile_2-3 (1)
left robot2 tile_2-2 tile_2-1 (1)
change-color robot1 black white (5)
paint-up robot1 tile_3-3 tile_2-3 white (2)
change-color robot1 white black (5)
left robot1 tile_2-3 tile_2-2 (1)
paint-up robot1 tile_3-2 tile_2-2 black (2)
down robot1 tile_2-2 tile_1-2 (1)
left robot1 tile_1-2 tile_1-1 (1)
right robot2 tile_2-1 tile_2-2 (1)
down robot2 tile_2-2 tile_1-2 (1)
paint-up robot2 tile_2-2 tile_1-2 white (2)
paint-up robot1 tile_2-1 tile_1-1 black (2)
down robot2 tile_1-2 tile_0-2 (1)
left robot2 tile_0-2 tile_0-1 (1)
right robot1 tile_1-1 tile_1-2 (1)
paint-up robot2 tile_1-1 tile_0-1 white (2)
right robot1 tile_1-2 tile_1-3 (1)
right robot2 tile_0-1 tile_0-2 (1)
right robot2 tile_0-2 tile_0-3 (1)
paint-up robot1 tile_2-3 tile_1-3 black (2)
left robot1 tile_1-3 tile_1-2 (1)
down robot1 tile_1-2 tile_0-2 (1)
paint-up robot1 tile_1-2 tile_0-2 black (2)
paint-up robot2 tile_1-3 tile_0-3 white (2)
[t=329.255s, 27056 KB] Plan length: 42 step(s).
[t=329.255s, 27056 KB] Plan cost: 86
[t=329.255s, 27056 KB] Timestamp: 1693642728614 millisecond(s).
[t=329.255s, 27056 KB] Expanded 25036 state(s).
[t=329.255s, 27056 KB] Reopened 0 state(s).
[t=329.255s, 27056 KB] Evaluated 118090 state(s).
[t=329.255s, 27056 KB] Evaluations: 118090
[t=329.255s, 27056 KB] Generated 211337 state(s).
[t=329.255s, 27056 KB] Dead ends: 38934 state(s).
[t=329.255s, 27056 KB] Number of registered states: 118090
[t=329.255s, 27056 KB] Int hash set load factor: 118090/262144 = 0.450478
[t=329.255s, 27056 KB] Int hash set resizes: 18
[t=329.255s, 27056 KB] Search time: 329.25s
[t=329.255s, 27056 KB] Total time: 329.255s
Solution found.
Peak memory: 27056 KB
Remove intermediate file output.sas
search exit code: 0

INFO     Running validate.
INFO     validate stdin: None
INFO     validate time limit: None
INFO     validate memory limit: None
INFO     validate command line string: validate domain.pddl problem.pddl sas_plan
Checking plan: sas_plan
Plan executed successfully - checking goal
Plan valid
Final value: 86 

Successful plans:
Value: 86
 sas_plan 86 

validate exit code: 0

INFO     Planner time: 329.38s
