INFO     planner time limit: 600s
INFO     planner memory limit: 3584 MB

INFO     Running translator.
INFO     translator stdin: None
INFO     translator time limit: 599s
INFO     translator memory limit: 3584 MB
INFO     translator command line string: /usr/local/downward-projects/downward/experiments/src/thesis/.venv/bin/python3 /usr/local/downward-projects/downward/experiments/src/thesis/data/thesis-thesis_exp/code-84c08dfff1890fbf6247184940c8166177195ea1_e5e41175/builds/release/bin/translate/translate.py domain.pddl problem.pddl --sas-file output.sas
Parsing...
Parsing: [0.000s CPU, 0.005s wall-clock]
Normalizing task... [0.000s CPU, 0.000s wall-clock]
Instantiating...
Generating Datalog program... [0.010s CPU, 0.002s wall-clock]
Normalizing Datalog program...
Normalizing Datalog program: [0.010s CPU, 0.009s wall-clock]
Preparing model... [0.000s CPU, 0.005s wall-clock]
Generated 284 rules.
Computing model... [0.240s CPU, 0.230s wall-clock]
11135 relevant atoms
20219 auxiliary atoms
31354 final queue length
71992 total queue pushes
Completing instantiation... [0.670s CPU, 0.679s wall-clock]
Instantiating: [0.940s CPU, 0.937s wall-clock]
Computing fact groups...
Finding invariants...
22 initial candidates
Finding invariants: [0.030s CPU, 0.030s wall-clock]
Checking invariant weight... [0.000s CPU, 0.000s wall-clock]
Instantiating groups... [0.010s CPU, 0.006s wall-clock]
Collecting mutex groups... [0.000s CPU, 0.000s wall-clock]
Choosing groups...
330 uncovered facts
Choosing groups: [0.000s CPU, 0.002s wall-clock]
Building translation key... [0.000s CPU, 0.001s wall-clock]
Computing fact groups: [0.040s CPU, 0.043s wall-clock]
Building STRIPS to SAS dictionary... [0.000s CPU, 0.001s wall-clock]
Building dictionary for full mutex groups... [0.000s CPU, 0.002s wall-clock]
Building mutex information...
Building mutex information: [0.010s CPU, 0.001s wall-clock]
Translating task...
Processing axioms...
Simplifying axioms... [0.000s CPU, 0.000s wall-clock]
Translator axioms removed by simplifying: 0
Computing negative axioms... [0.000s CPU, 0.000s wall-clock]
Processing axioms: [0.020s CPU, 0.021s wall-clock]
Translating task: [0.570s CPU, 0.570s wall-clock]
8647 effect conditions simplified
0 implied preconditions added
Detecting unreachable propositions...
0 operators removed
0 axioms removed
1 propositions removed
Detecting unreachable propositions: [0.560s CPU, 0.562s wall-clock]
Reordering and filtering variables...
345 of 356 variables necessary.
68 of 94 mutex groups necessary.
9951 of 9955 operators necessary.
0 of 0 axiom rules necessary.
Reordering and filtering variables: [0.130s CPU, 0.125s wall-clock]
Translator variables: 345
Translator derived variables: 0
Translator facts: 1018
Translator goal facts: 4
Translator mutex groups: 68
Translator total mutex groups size: 873
Translator operators: 9951
Translator axioms: 0
Translator task size: 106683
Translator peak memory: 96552 KB
Writing output... [0.080s CPU, 0.079s wall-clock]
Done! [2.360s CPU, 2.355s wall-clock]
translate exit code: 0

INFO     Running search (release).
INFO     search stdin: output.sas
INFO     search time limit: 597s
INFO     search memory limit: 3584 MB
INFO     search command line string: /usr/local/downward-projects/downward/experiments/src/thesis/data/thesis-thesis_exp/code-84c08dfff1890fbf6247184940c8166177195ea1_e5e41175/builds/release/bin/downward --evaluator 'h=ff()' --search 'eager(partition(h, plateau_partition(), inter_uniform(), intra_uniform() )) ' --internal-plan-file sas_plan < output.sas
[t=0.00196049s, 11732 KB] reading input...
[t=0.0498917s, 15968 KB] done reading input!
[t=0.0578435s, 20244 KB] Simplifying 56504 unary operators... done! [55636 unary operators]
[t=0.189703s, 24944 KB] time to simplify: 0.13186s
[t=0.191258s, 24944 KB] Initializing additive heuristic...
[t=0.19276s, 24944 KB] Initializing FF heuristic...
[t=0.192788s, 24944 KB] Building successor generator...done!
[t=0.197239s, 24944 KB] peak memory difference for successor generator creation: 0 KB
[t=0.197332s, 24944 KB] time for successor generation creation: 0.000678124s
[t=0.19751s, 24944 KB] Variables: 345
[t=0.197616s, 24944 KB] FactPairs: 1018
[t=0.19764s, 24944 KB] Bytes per state: 56
[t=0.197669s, 24944 KB] Conducting best first search without reopening closed nodes, (real) bound = 2147483647
[t=0.19773s, 24944 KB] New best heuristic value for ff(): 102
[t=0.199026s, 24944 KB] g=0, 1 evaluated, 0 expanded
[t=0.199052s, 24944 KB] Initial heuristic value for ff(): 102
[t=0.19908s, 24944 KB] pruning method: none
[t=0.199104s, 24944 KB] Start Timestep: 1693698842068 millisecond(s).
[t=0.19915s, 24944 KB] New best heuristic value for ff(): 101
[t=0.201193s, 24944 KB] g=1, 4 evaluated, 1 expanded
[t=0.205363s, 24944 KB] New best heuristic value for ff(): 100
[t=0.207577s, 24944 KB] g=2, 14 evaluated, 6 expanded
[t=0.2133s, 24944 KB] New best heuristic value for ff(): 99
[t=0.215673s, 24944 KB] g=5, 27 evaluated, 13 expanded
[t=0.257223s, 24944 KB] New best heuristic value for ff(): 98
[t=0.257714s, 24944 KB] g=14, 98 evaluated, 62 expanded
[t=0.297155s, 24944 KB] New best heuristic value for ff(): 97
[t=0.29758s, 24944 KB] g=15, 167 evaluated, 112 expanded
[t=0.313084s, 24944 KB] New best heuristic value for ff(): 96
[t=0.31556s, 24944 KB] g=16, 198 evaluated, 135 expanded
[t=0.336989s, 24944 KB] New best heuristic value for ff(): 95
[t=0.340242s, 24944 KB] g=21, 241 evaluated, 174 expanded
[t=0.340911s, 24944 KB] New best heuristic value for ff(): 94
[t=0.342515s, 24944 KB] g=22, 245 evaluated, 177 expanded
[t=0.348837s, 24944 KB] New best heuristic value for ff(): 93
[t=0.351479s, 24944 KB] g=23, 261 evaluated, 191 expanded
[t=0.412772s, 24944 KB] New best heuristic value for ff(): 92
[t=0.413928s, 24944 KB] g=25, 375 evaluated, 259 expanded
[t=0.424694s, 24944 KB] New best heuristic value for ff(): 91
[t=0.426558s, 24944 KB] g=26, 398 evaluated, 273 expanded
[t=0.426586s, 24944 KB] New best heuristic value for ff(): 90
[t=0.427176s, 24944 KB] g=27, 399 evaluated, 274 expanded
[t=0.448583s, 24944 KB] New best heuristic value for ff(): 89
[t=0.449834s, 24944 KB] g=29, 442 evaluated, 296 expanded
[t=0.468514s, 24944 KB] New best heuristic value for ff(): 88
[t=0.470959s, 24944 KB] g=30, 482 evaluated, 318 expanded
[t=0.48844s, 24944 KB] New best heuristic value for ff(): 86
[t=0.490224s, 24944 KB] g=32, 518 evaluated, 338 expanded
[t=0.552317s, 24944 KB] New best heuristic value for ff(): 84
[t=0.55408s, 24944 KB] g=34, 643 evaluated, 392 expanded
[t=0.576249s, 24944 KB] New best heuristic value for ff(): 83
[t=0.57765s, 24944 KB] g=35, 688 evaluated, 413 expanded
[t=0.608173s, 24944 KB] New best heuristic value for ff(): 82
[t=0.610409s, 24944 KB] g=37, 753 evaluated, 449 expanded
[t=0.612104s, 24944 KB] New best heuristic value for ff(): 81
[t=0.614317s, 24944 KB] g=38, 761 evaluated, 454 expanded
[t=0.614345s, 24944 KB] New best heuristic value for ff(): 80
[t=0.615419s, 24944 KB] g=39, 763 evaluated, 455 expanded
[t=0.859976s, 24944 KB] New best heuristic value for ff(): 78
[t=0.861849s, 24944 KB] g=46, 1241 evaluated, 676 expanded
[t=0.867908s, 24944 KB] New best heuristic value for ff(): 77
[t=0.870683s, 24944 KB] g=47, 1259 evaluated, 683 expanded
[t=0.899842s, 24944 KB] New best heuristic value for ff(): 76
[t=0.901713s, 24944 KB] g=50, 1320 evaluated, 706 expanded
[t=0.967525s, 24944 KB] New best heuristic value for ff(): 75
[t=0.970988s, 24944 KB] g=53, 1453 evaluated, 752 expanded
[t=1.0434s, 24944 KB] New best heuristic value for ff(): 74
[t=1.04742s, 24944 KB] g=54, 1595 evaluated, 801 expanded
[t=1.2231s, 24944 KB] New best heuristic value for ff(): 73
[t=1.22497s, 24944 KB] g=53, 1922 evaluated, 913 expanded
[t=1.42515s, 24944 KB] New best heuristic value for ff(): 72
[t=1.42533s, 24944 KB] g=59, 2280 evaluated, 1044 expanded
[t=1.43487s, 24944 KB] New best heuristic value for ff(): 71
[t=1.43603s, 24944 KB] g=60, 2298 evaluated, 1052 expanded
[t=1.4708s, 24944 KB] New best heuristic value for ff(): 70
[t=1.47437s, 24944 KB] g=62, 2367 evaluated, 1071 expanded
[t=1.57869s, 24944 KB] New best heuristic value for ff(): 69
[t=1.58092s, 24944 KB] g=65, 2552 evaluated, 1128 expanded
[t=2.0385s, 24944 KB] New best heuristic value for ff(): 68
[t=2.04245s, 24944 KB] g=65, 3314 evaluated, 1362 expanded
[t=2.1064s, 24944 KB] New best heuristic value for ff(): 67
[t=2.10916s, 24944 KB] g=66, 3418 evaluated, 1390 expanded
[t=4.78062s, 24944 KB] New best heuristic value for ff(): 66
[t=4.78164s, 24944 KB] g=70, 6868 evaluated, 2379 expanded
[t=4.98052s, 24944 KB] New best heuristic value for ff(): 65
[t=4.98284s, 24944 KB] g=72, 7081 evaluated, 2445 expanded
[t=5.02441s, 24944 KB] New best heuristic value for ff(): 64
[t=5.02682s, 24944 KB] g=72, 7128 evaluated, 2455 expanded
[t=22.6759s, 25208 KB] New best heuristic value for ff(): 63
[t=22.6794s, 25208 KB] g=81, 19116 evaluated, 5775 expanded
[t=22.8318s, 25208 KB] New best heuristic value for ff(): 61
[t=22.833s, 25208 KB] g=83, 19191 evaluated, 5790 expanded
[t=27.0658s, 25472 KB] New best heuristic value for ff(): 60
[t=27.0674s, 25472 KB] g=88, 21157 evaluated, 6307 expanded
[t=31.6757s, 25868 KB] New best heuristic value for ff(): 59
[t=31.6759s, 25868 KB] g=92, 23128 evaluated, 6806 expanded
[t=33.3224s, 26000 KB] New best heuristic value for ff(): 58
[t=33.3248s, 26000 KB] g=97, 23792 evaluated, 6984 expanded
[t=33.814s, 26000 KB] New best heuristic value for ff(): 57
[t=33.8164s, 26000 KB] g=99, 23986 evaluated, 7030 expanded
[t=35.6211s, 26132 KB] New best heuristic value for ff(): 56
[t=35.6244s, 26132 KB] g=103, 24681 evaluated, 7208 expanded
[t=36.4128s, 26132 KB] New best heuristic value for ff(): 54
[t=36.4163s, 26132 KB] g=105, 24980 evaluated, 7287 expanded
[t=37.0006s, 26264 KB] New best heuristic value for ff(): 53
[t=37.0021s, 26264 KB] g=106, 25198 evaluated, 7335 expanded
[t=38.5916s, 26264 KB] New best heuristic value for ff(): 52
[t=38.5927s, 26264 KB] g=109, 25792 evaluated, 7483 expanded
[t=41.978s, 26528 KB] New best heuristic value for ff(): 51
[t=41.9788s, 26528 KB] g=110, 26995 evaluated, 7797 expanded
[t=48.7704s, 26924 KB] New best heuristic value for ff(): 50
[t=48.7711s, 26924 KB] g=113, 29247 evaluated, 8385 expanded
[t=52.2763s, 28396 KB] New best heuristic value for ff(): 49
[t=52.277s, 28396 KB] g=120, 30315 evaluated, 8675 expanded
[t=54.0036s, 28396 KB] New best heuristic value for ff(): 48
[t=54.0058s, 28396 KB] g=122, 30823 evaluated, 8808 expanded
[t=54.2436s, 28396 KB] New best heuristic value for ff(): 47
[t=54.2448s, 28396 KB] g=123, 30894 evaluated, 8833 expanded
[t=54.4235s, 28396 KB] New best heuristic value for ff(): 46
[t=54.425s, 28396 KB] g=124, 30947 evaluated, 8844 expanded
[t=54.7831s, 28396 KB] New best heuristic value for ff(): 45
[t=54.7862s, 28396 KB] g=124, 31052 evaluated, 8875 expanded
[t=55.0588s, 28396 KB] New best heuristic value for ff(): 43
[t=55.0591s, 28396 KB] g=125, 31132 evaluated, 8892 expanded
[t=55.3986s, 28396 KB] New best heuristic value for ff(): 40
[t=55.4021s, 28396 KB] g=126, 31232 evaluated, 8917 expanded
[t=56.1146s, 28396 KB] New best heuristic value for ff(): 38
[t=56.1162s, 28396 KB] g=127, 31435 evaluated, 8969 expanded
[t=57.9612s, 28396 KB] New best heuristic value for ff(): 37
[t=57.9634s, 28396 KB] g=130, 31963 evaluated, 9116 expanded
[t=59.0035s, 28396 KB] New best heuristic value for ff(): 36
[t=59.0059s, 28396 KB] g=129, 32252 evaluated, 9191 expanded
[t=59.2312s, 28396 KB] New best heuristic value for ff(): 35
[t=59.2327s, 28396 KB] g=130, 32317 evaluated, 9212 expanded
[t=73.3128s, 28792 KB] New best heuristic value for ff(): 31
[t=73.3142s, 28792 KB] g=135, 35975 evaluated, 10155 expanded
[t=76.1835s, 28924 KB] New best heuristic value for ff(): 30
[t=76.1862s, 28924 KB] g=136, 36671 evaluated, 10343 expanded
[t=76.9353s, 28924 KB] New best heuristic value for ff(): 29
[t=76.9387s, 28924 KB] g=139, 36852 evaluated, 10388 expanded
[t=77.115s, 28924 KB] New best heuristic value for ff(): 28
[t=77.1172s, 28924 KB] g=140, 36895 evaluated, 10396 expanded
[t=77.5702s, 28924 KB] New best heuristic value for ff(): 27
[t=77.5735s, 28924 KB] g=141, 37002 evaluated, 10424 expanded
[t=79.1813s, 29056 KB] New best heuristic value for ff(): 26
[t=79.185s, 29056 KB] g=142, 37376 evaluated, 10528 expanded
[t=79.2769s, 29056 KB] New best heuristic value for ff(): 25
[t=79.2787s, 29056 KB] g=143, 37400 evaluated, 10533 expanded
[t=79.5728s, 29056 KB] New best heuristic value for ff(): 24
[t=79.5729s, 29056 KB] g=144, 37469 evaluated, 10549 expanded
[t=79.6927s, 29056 KB] New best heuristic value for ff(): 22
[t=79.6967s, 29056 KB] g=145, 37498 evaluated, 10557 expanded
[t=81.1995s, 29188 KB] New best heuristic value for ff(): 19
[t=81.2031s, 29188 KB] g=149, 37853 evaluated, 10648 expanded
[t=81.6393s, 29188 KB] New best heuristic value for ff(): 17
[t=81.6398s, 29188 KB] g=150, 37956 evaluated, 10670 expanded
Peak memory: 38668 KB
caught signal 24 -- exiting
Time limit has been reached.
Remove intermediate file output.sas
search exit code: 23

Driver aborting after search
INFO     Planner time: 599.04s
