INFO     planner time limit: 600s
INFO     planner memory limit: 3584 MB

INFO     Running translator.
INFO     translator stdin: None
INFO     translator time limit: 599s
INFO     translator memory limit: 3584 MB
INFO     translator command line string: /usr/local/downward-projects/downward/experiments/assign3/.venv/bin/python3 /usr/local/downward-projects/downward/experiments/assign3/data/assign3-anytime_exp/code-1fb14623350588fb782db39ad332c8a25eda53d6_e5e41175/builds/release/bin/translate/translate.py domain.pddl problem.pddl --sas-file output.sas
Parsing...
Parsing: [0.000s CPU, 0.002s wall-clock]
Normalizing task... [0.000s CPU, 0.000s wall-clock]
Instantiating...
Generating Datalog program... [0.000s CPU, 0.001s wall-clock]
Normalizing Datalog program...
Normalizing Datalog program: [0.000s CPU, 0.001s wall-clock]
Preparing model... [0.000s CPU, 0.001s wall-clock]
Generated 25 rules.
Computing model... [0.010s CPU, 0.007s wall-clock]
461 relevant atoms
611 auxiliary atoms
1072 final queue length
1647 total queue pushes
Completing instantiation... [0.010s CPU, 0.007s wall-clock]
Instantiating: [0.020s CPU, 0.016s wall-clock]
Computing fact groups...
Finding invariants...
7 initial candidates
Finding invariants: [0.000s CPU, 0.003s wall-clock]
Checking invariant weight... [0.000s CPU, 0.000s wall-clock]
Instantiating groups... [0.000s CPU, 0.000s wall-clock]
Collecting mutex groups... [0.000s CPU, 0.000s wall-clock]
Choosing groups...
0 uncovered facts
Choosing groups: [0.000s CPU, 0.000s wall-clock]
Building translation key... [0.000s CPU, 0.000s wall-clock]
Computing fact groups: [0.000s CPU, 0.004s wall-clock]
Building STRIPS to SAS dictionary... [0.000s CPU, 0.000s wall-clock]
Building dictionary for full mutex groups... [0.010s CPU, 0.000s wall-clock]
Building mutex information...
Building mutex information: [0.000s CPU, 0.000s wall-clock]
Translating task...
Processing axioms...
Simplifying axioms... [0.000s CPU, 0.000s wall-clock]
Translator axioms removed by simplifying: 0
Computing negative axioms... [0.000s CPU, 0.000s wall-clock]
Processing axioms: [0.000s CPU, 0.000s wall-clock]
Translating task: [0.000s CPU, 0.006s wall-clock]
0 effect conditions simplified
0 implied preconditions added
Detecting unreachable propositions...
0 operators removed
0 axioms removed
34 propositions removed
Detecting unreachable propositions: [0.010s CPU, 0.003s wall-clock]
Reordering and filtering variables...
34 of 34 variables necessary.
0 of 34 mutex groups necessary.
185 of 185 operators necessary.
0 of 0 axiom rules necessary.
Reordering and filtering variables: [0.000s CPU, 0.002s wall-clock]
Translator variables: 34
Translator derived variables: 0
Translator facts: 100
Translator goal facts: 33
Translator mutex groups: 0
Translator total mutex groups size: 0
Translator operators: 185
Translator axioms: 0
Translator task size: 1634
Translator peak memory: 33020 KB
Writing output... [0.000s CPU, 0.001s wall-clock]
Done! [0.040s CPU, 0.035s wall-clock]
translate exit code: 0

INFO     Running search (release).
INFO     search stdin: output.sas
INFO     search time limit: 599s
INFO     search memory limit: 3584 MB
INFO     search command line string: /usr/local/downward-projects/downward/experiments/assign3/data/assign3-anytime_exp/code-1fb14623350588fb782db39ad332c8a25eda53d6_e5e41175/builds/release/bin/downward --evaluator 'h=lmcut()' --search 'eager_anytime(alt(
        [single(weight(h, 2, verbosity=normal)), type_based([h, g()], random_seed=1234)]), 
        reopen_closed=true, f_eval=sum([h, g()]))' --internal-plan-file sas_plan < output.sas
[t=0.00145275s, 10884 KB] reading input...
[t=0.00213714s, 10884 KB] done reading input!
[t=0.00417477s, 11272 KB] Initializing landmark cut heuristic...
[t=0.00484425s, 11272 KB] Building successor generator...done!
[t=0.00504181s, 11272 KB] peak memory difference for successor generator creation: 0 KB
[t=0.00508655s, 11272 KB] time for successor generation creation: 0s
[t=0.00511105s, 11272 KB] Variables: 34
[t=0.00513754s, 11272 KB] FactPairs: 100
[t=0.00516423s, 11272 KB] Bytes per state: 8
[t=0.0051867s, 11272 KB] Conducting best first anytime search with reopening closed nodes, (real) bound = 2147483647
[t=0.00526977s, 11272 KB] New best heuristic value for lmcut(): 2
[t=0.00531505s, 11272 KB] g=0, 1 evaluated, 0 expanded
[t=0.00533968s, 11272 KB] Initial heuristic value for lmcut(): 2
[t=0.00536959s, 11272 KB] Start Timestep: 1681950896531 millisecond(s).
[t=0.00613016s, 11272 KB] New best heuristic value for lmcut(): 1
[t=0.00686513s, 11272 KB] g=2, 67 evaluated, 21 expanded
[t=0.0386504s, 11272 KB] New best heuristic value for lmcut(): 0
[t=0.0387714s, 11272 KB] g=12, 1520 evaluated, 748 expanded, 6 reopened
[t=0.0388007s, 11272 KB] Solution found!
jump-new-move pos-4-4 pos-3-4 pos-2-4 (1)
end-move pos-2-4 (0)
jump-new-move pos-2-5 pos-2-4 pos-2-3 (1)
end-move pos-2-3 (0)
jump-new-move pos-4-0 pos-4-1 pos-4-2 (1)
end-move pos-4-2 (0)
jump-new-move pos-2-2 pos-2-3 pos-2-4 (1)
end-move pos-2-4 (0)
jump-new-move pos-2-0 pos-2-1 pos-2-2 (1)
end-move pos-2-2 (0)
jump-new-move pos-3-6 pos-3-5 pos-3-4 (1)
jump-continue-move pos-3-4 pos-2-4 pos-1-4 (0)
end-move pos-1-4 (0)
jump-new-move pos-2-2 pos-1-2 pos-0-2 (1)
end-move pos-0-2 (0)
jump-new-move pos-4-3 pos-4-2 pos-4-1 (1)
end-move pos-4-1 (0)
jump-new-move pos-1-4 pos-1-3 pos-1-2 (1)
end-move pos-1-2 (0)
jump-new-move pos-0-2 pos-1-2 pos-2-2 (1)
jump-continue-move pos-2-2 pos-3-2 pos-4-2 (0)
end-move pos-4-2 (0)
jump-new-move pos-4-1 pos-4-2 pos-4-3 (1)
end-move pos-4-3 (0)
jump-new-move pos-5-3 pos-4-3 pos-3-3 (1)
[t=0.0390439s, 11272 KB] Plan length: 25 step(s).
[t=0.0390789s, 11272 KB] Plan cost: 12
[t=0.0391022s, 11272 KB] Solution: Incumbent solution found!
[t=0.0391257s, 11272 KB] Solution Timestep: 1681950896565 millisecond(s).
[t=0.0391494s, 11272 KB] Timestamp: 1681950896565 millisecond(s).
[t=0.0391731s, 11272 KB] Expanded 749 state(s).
[t=0.039197s, 11272 KB] Reopened 6 state(s).
[t=0.0392204s, 11272 KB] Evaluated 1520 state(s).
[t=0.0392428s, 11272 KB] Evaluations: 1737
[t=0.0392656s, 11272 KB] Generated 1991 state(s).
[t=0.0392874s, 11272 KB] Dead ends: 0 state(s).
[t=0.0393103s, 11272 KB] Number of registered states: 1737
[t=0.0393336s, 11272 KB] Int hash set load factor: 1737/2048 = 0.848145
[t=0.0393642s, 11272 KB] Int hash set resizes: 11
[t=0.0782246s, 11408 KB] Solution found!
jump-new-move pos-4-4 pos-3-4 pos-2-4 (1)
end-move pos-2-4 (0)
jump-new-move pos-2-5 pos-2-4 pos-2-3 (1)
end-move pos-2-3 (0)
jump-new-move pos-2-2 pos-3-2 pos-4-2 (1)
jump-continue-move pos-4-2 pos-4-3 pos-4-4 (0)
end-move pos-4-4 (0)
jump-new-move pos-4-0 pos-4-1 pos-4-2 (1)
end-move pos-4-2 (0)
jump-new-move pos-2-0 pos-2-1 pos-2-2 (1)
end-move pos-2-2 (0)
jump-new-move pos-3-6 pos-3-5 pos-3-4 (1)
end-move pos-3-4 (0)
jump-new-move pos-1-2 pos-2-2 pos-3-2 (1)
jump-continue-move pos-3-2 pos-4-2 pos-5-2 (0)
jump-continue-move pos-5-2 pos-5-3 pos-5-4 (0)
end-move pos-5-4 (0)
jump-new-move pos-1-3 pos-2-3 pos-3-3 (1)
jump-continue-move pos-3-3 pos-3-4 pos-3-5 (0)
end-move pos-3-5 (0)
jump-new-move pos-5-4 pos-4-4 pos-3-4 (1)
end-move pos-3-4 (0)
jump-new-move pos-3-5 pos-3-4 pos-3-3 (1)
[t=0.0787678s, 11408 KB] Plan length: 23 step(s).
[t=0.0788084s, 11408 KB] Plan cost: 10
[t=0.0788323s, 11408 KB] Solution: Incumbent solution found!
[t=0.0788557s, 11408 KB] Solution Timestep: 1681950896606 millisecond(s).
[t=0.0788784s, 11408 KB] Timestamp: 1681950896606 millisecond(s).
[t=0.0789021s, 11408 KB] Expanded 1818 state(s).
[t=0.0789253s, 11408 KB] Reopened 100 state(s).
[t=0.0789488s, 11408 KB] Evaluated 3317 state(s).
[t=0.0789771s, 11408 KB] Evaluations: 3962
[t=0.0790055s, 11408 KB] Generated 4833 state(s).
[t=0.0790283s, 11408 KB] Dead ends: 0 state(s).
[t=0.0790515s, 11408 KB] Number of registered states: 3962
[t=0.0790747s, 11408 KB] Int hash set load factor: 3962/8192 = 0.483643
[t=0.0790992s, 11408 KB] Int hash set resizes: 13
[t=0.166221s, 11676 KB] Solution found!
jump-new-move pos-4-4 pos-3-4 pos-2-4 (1)
end-move pos-2-4 (0)
jump-new-move pos-2-5 pos-2-4 pos-2-3 (1)
end-move pos-2-3 (0)
jump-new-move pos-2-2 pos-3-2 pos-4-2 (1)
jump-continue-move pos-4-2 pos-4-3 pos-4-4 (0)
end-move pos-4-4 (0)
jump-new-move pos-4-0 pos-4-1 pos-4-2 (1)
end-move pos-4-2 (0)
jump-new-move pos-2-0 pos-2-1 pos-2-2 (1)
end-move pos-2-2 (0)
jump-new-move pos-3-6 pos-3-5 pos-3-4 (1)
end-move pos-3-4 (0)
jump-new-move pos-1-3 pos-2-3 pos-3-3 (1)
jump-continue-move pos-3-3 pos-3-4 pos-3-5 (0)
end-move pos-3-5 (0)
jump-new-move pos-1-2 pos-2-2 pos-3-2 (1)
jump-continue-move pos-3-2 pos-4-2 pos-5-2 (0)
jump-continue-move pos-5-2 pos-5-3 pos-5-4 (0)
jump-continue-move pos-5-4 pos-4-4 pos-3-4 (0)
end-move pos-3-4 (0)
jump-new-move pos-3-5 pos-3-4 pos-3-3 (1)
[t=0.166535s, 11676 KB] Plan length: 22 step(s).
[t=0.166577s, 11676 KB] Plan cost: 9
[t=0.166602s, 11676 KB] Solution: Incumbent solution found!
[t=0.166626s, 11676 KB] Solution Timestep: 1681950896695 millisecond(s).
[t=0.16665s, 11676 KB] Timestamp: 1681950896695 millisecond(s).
[t=0.166674s, 11676 KB] Expanded 4221 state(s).
[t=0.166696s, 11676 KB] Reopened 369 state(s).
[t=0.166718s, 11676 KB] Evaluated 6562 state(s).
[t=0.166741s, 11676 KB] Evaluations: 8597
[t=0.166764s, 11676 KB] Generated 11222 state(s).
[t=0.166787s, 11676 KB] Dead ends: 0 state(s).
[t=0.16681s, 11676 KB] Number of registered states: 8597
[t=0.166833s, 11676 KB] Int hash set load factor: 8597/16384 = 0.524719
[t=0.166857s, 11676 KB] Int hash set resizes: 14
[t=0.438995s, 12212 KB] Solution found!
jump-new-move pos-5-3 pos-4-3 pos-3-3 (1)
jump-continue-move pos-3-3 pos-3-2 pos-3-1 (0)
end-move pos-3-1 (0)
jump-new-move pos-4-4 pos-3-4 pos-2-4 (1)
end-move pos-2-4 (0)
jump-new-move pos-2-5 pos-2-4 pos-2-3 (1)
end-move pos-2-3 (0)
jump-new-move pos-1-2 pos-2-2 pos-3-2 (1)
end-move pos-3-2 (0)
jump-new-move pos-2-0 pos-2-1 pos-2-2 (1)
jump-continue-move pos-2-2 pos-2-3 pos-2-4 (0)
end-move pos-2-4 (0)
jump-new-move pos-4-0 pos-4-1 pos-4-2 (1)
jump-continue-move pos-4-2 pos-3-2 pos-2-2 (0)
end-move pos-2-2 (0)
jump-new-move pos-3-6 pos-3-5 pos-3-4 (1)
jump-continue-move pos-3-4 pos-2-4 pos-1-4 (0)
jump-continue-move pos-1-4 pos-1-3 pos-1-2 (0)
jump-continue-move pos-1-2 pos-2-2 pos-3-2 (0)
end-move pos-3-2 (0)
jump-new-move pos-3-1 pos-3-2 pos-3-3 (1)
[t=0.439696s, 12212 KB] Plan length: 21 step(s).
[t=0.439743s, 12212 KB] Plan cost: 8
[t=0.439768s, 12212 KB] Solution: Incumbent solution found!
[t=0.439799s, 12212 KB] Solution Timestep: 1681950896970 millisecond(s).
[t=0.439823s, 12212 KB] Timestamp: 1681950896970 millisecond(s).
[t=0.439847s, 12212 KB] Expanded 12227 state(s).
[t=0.439869s, 12212 KB] Reopened 1184 state(s).
[t=0.439892s, 12212 KB] Evaluated 15849 state(s).
[t=0.439914s, 12212 KB] Evaluations: 22213
[t=0.439936s, 12212 KB] Generated 31460 state(s).
[t=0.439959s, 12212 KB] Dead ends: 0 state(s).
[t=0.439982s, 12212 KB] Number of registered states: 22213
[t=0.440006s, 12212 KB] Int hash set load factor: 22213/32768 = 0.677887
[t=0.44003s, 12212 KB] Int hash set resizes: 15
[t=0.762035s, 12876 KB] Optimal Solution: found
[t=0.762157s, 12876 KB] Actual search time: 0.756746s
jump-new-move pos-5-3 pos-4-3 pos-3-3 (1)
jump-continue-move pos-3-3 pos-3-2 pos-3-1 (0)
end-move pos-3-1 (0)
jump-new-move pos-4-4 pos-3-4 pos-2-4 (1)
end-move pos-2-4 (0)
jump-new-move pos-2-5 pos-2-4 pos-2-3 (1)
end-move pos-2-3 (0)
jump-new-move pos-1-2 pos-2-2 pos-3-2 (1)
end-move pos-3-2 (0)
jump-new-move pos-2-0 pos-2-1 pos-2-2 (1)
jump-continue-move pos-2-2 pos-2-3 pos-2-4 (0)
end-move pos-2-4 (0)
jump-new-move pos-4-0 pos-4-1 pos-4-2 (1)
jump-continue-move pos-4-2 pos-3-2 pos-2-2 (0)
end-move pos-2-2 (0)
jump-new-move pos-3-6 pos-3-5 pos-3-4 (1)
jump-continue-move pos-3-4 pos-2-4 pos-1-4 (0)
jump-continue-move pos-1-4 pos-1-3 pos-1-2 (0)
jump-continue-move pos-1-2 pos-2-2 pos-3-2 (0)
end-move pos-3-2 (0)
jump-new-move pos-3-1 pos-3-2 pos-3-3 (1)
[t=0.762191s, 12876 KB] Plan length: 21 step(s).
[t=0.762191s, 12876 KB] Plan cost: 8
[t=0.762191s, 12876 KB] Timestamp: 1681950897296 millisecond(s).
[t=0.762191s, 12876 KB] Expanded 24048 state(s).
[t=0.762191s, 12876 KB] Reopened 2023 state(s).
[t=0.762191s, 12876 KB] Evaluated 22025 state(s).
[t=0.762191s, 12876 KB] Evaluations: 38542
[t=0.762191s, 12876 KB] Generated 60436 state(s).
[t=0.762191s, 12876 KB] Dead ends: 0 state(s).
[t=0.762191s, 12876 KB] Number of registered states: 38542
[t=0.762191s, 12876 KB] Int hash set load factor: 38542/65536 = 0.588104
[t=0.762191s, 12876 KB] Int hash set resizes: 16
[t=0.762191s, 12876 KB] Search time: 0.757005s
[t=0.762191s, 12876 KB] Total time: 0.762191s
Solution found.
Peak memory: 12876 KB
Remove intermediate file output.sas
search exit code: 0

INFO     Running validate.
INFO     validate stdin: None
INFO     validate time limit: None
INFO     validate memory limit: None
INFO     validate command line string: validate domain.pddl problem.pddl sas_plan sas_plan.1 sas_plan.2 sas_plan.3 sas_plan.4
Checking plan: sas_plan
Plan executed successfully - checking goal
Plan valid
Final value: 8 
Checking plan: sas_plan.1
Plan executed successfully - checking goal
Plan valid
Final value: 12 
Checking plan: sas_plan.2
Plan executed successfully - checking goal
Plan valid
Final value: 10 
Checking plan: sas_plan.3
Plan executed successfully - checking goal
Plan valid
Final value: 9 
Checking plan: sas_plan.4
Plan executed successfully - checking goal
Plan valid
Final value: 8 

Successful plans:
Value: 8
 sas_plan 8 
sas_plan.4 8 

Value: 9
 sas_plan.3 9 

Value: 10
 sas_plan.2 10 

Value: 12
 sas_plan.1 12 

validate exit code: 0

INFO     Planner time: 0.88s
