INFO     planner time limit: 600s
INFO     planner memory limit: 3584 MB

INFO     Running translator.
INFO     translator stdin: None
INFO     translator time limit: 599s
INFO     translator memory limit: 3584 MB
INFO     translator command line string: /usr/local/downward-projects/downward/experiments/src/thesis/.venv/bin/python3 /usr/local/downward-projects/downward/experiments/src/thesis/data/thesis-thesis_exp/code-84c08dfff1890fbf6247184940c8166177195ea1_e5e41175/builds/release/bin/translate/translate.py domain.pddl problem.pddl --sas-file output.sas
Parsing...
Parsing: [0.000s CPU, 0.006s wall-clock]
Normalizing task... [0.000s CPU, 0.000s wall-clock]
Instantiating...
Generating Datalog program... [0.010s CPU, 0.001s wall-clock]
Normalizing Datalog program...
Normalizing Datalog program: [0.010s CPU, 0.017s wall-clock]
Preparing model... [0.010s CPU, 0.005s wall-clock]
Generated 400 rules.
Computing model... [0.490s CPU, 0.499s wall-clock]
31226 relevant atoms
32263 auxiliary atoms
63489 final queue length
163321 total queue pushes
Completing instantiation... [2.040s CPU, 2.038s wall-clock]
Instantiating: [2.580s CPU, 2.584s wall-clock]
Computing fact groups...
Finding invariants...
41 initial candidates
Finding invariants: [0.050s CPU, 0.046s wall-clock]
Checking invariant weight... [0.000s CPU, 0.000s wall-clock]
Instantiating groups... [0.000s CPU, 0.000s wall-clock]
Collecting mutex groups... [0.000s CPU, 0.000s wall-clock]
Choosing groups...
383 uncovered facts
Choosing groups: [0.000s CPU, 0.000s wall-clock]
Building translation key... [0.000s CPU, 0.001s wall-clock]
Computing fact groups: [0.050s CPU, 0.049s wall-clock]
Building STRIPS to SAS dictionary... [0.000s CPU, 0.001s wall-clock]
Building dictionary for full mutex groups... [0.000s CPU, 0.000s wall-clock]
Building mutex information...
Building mutex information: [0.000s CPU, 0.000s wall-clock]
Translating task...
Processing axioms...
Simplifying axioms... [0.000s CPU, 0.000s wall-clock]
Translator axioms removed by simplifying: 0
Computing negative axioms... [0.000s CPU, 0.000s wall-clock]
Processing axioms: [0.080s CPU, 0.079s wall-clock]
Translating task: [2.220s CPU, 2.219s wall-clock]
81643 effect conditions simplified
0 implied preconditions added
Detecting unreachable propositions...
0 operators removed
0 axioms removed
2 propositions removed
Detecting unreachable propositions: [1.720s CPU, 1.722s wall-clock]
Reordering and filtering variables...
385 of 385 variables necessary.
1 of 3 mutex groups necessary.
30657 of 30657 operators necessary.
0 of 0 axiom rules necessary.
Reordering and filtering variables: [0.510s CPU, 0.508s wall-clock]
Translator variables: 385
Translator derived variables: 0
Translator facts: 773
Translator goal facts: 4
Translator mutex groups: 1
Translator total mutex groups size: 2
Translator operators: 30657
Translator axioms: 0
Translator task size: 367826
Translator peak memory: 230252 KB
Writing output... [0.270s CPU, 0.279s wall-clock]
Done! [7.440s CPU, 7.459s wall-clock]
translate exit code: 0

INFO     Running search (release).
INFO     search stdin: output.sas
INFO     search time limit: 592s
INFO     search memory limit: 3584 MB
INFO     search command line string: /usr/local/downward-projects/downward/experiments/src/thesis/data/thesis-thesis_exp/code-84c08dfff1890fbf6247184940c8166177195ea1_e5e41175/builds/release/bin/downward --evaluator 'h=ff()' --search 'eager(partition(h, plateau_partition(), inter_uniform(), intra_uniform() )) ' --internal-plan-file sas_plan < output.sas
[t=0.000992998s, 11732 KB] reading input...
[t=0.171222s, 25564 KB] done reading input!
[t=0.198512s, 40540 KB] Simplifying 181056 unary operators... done! [180096 unary operators]
[t=1.78279s, 55428 KB] time to simplify: 1.58428s
[t=1.79326s, 62256 KB] Initializing additive heuristic...
[t=1.7938s, 62256 KB] Initializing FF heuristic...
[t=1.79383s, 62256 KB] Building successor generator...done!
[t=1.8106s, 62256 KB] peak memory difference for successor generator creation: 0 KB
[t=1.81071s, 62256 KB] time for successor generation creation: 0.01607s
[t=1.81099s, 62256 KB] Variables: 385
[t=1.81152s, 62256 KB] FactPairs: 773
[t=1.81154s, 62256 KB] Bytes per state: 52
[t=1.81157s, 62256 KB] Conducting best first search without reopening closed nodes, (real) bound = 2147483647
[t=1.8162s, 62256 KB] New best heuristic value for ff(): 33
[t=1.81708s, 62256 KB] g=0, 1 evaluated, 0 expanded
[t=1.81711s, 62256 KB] Initial heuristic value for ff(): 33
[t=1.81714s, 62256 KB] pruning method: none
[t=1.81717s, 62256 KB] Start Timestep: 1693604537247 millisecond(s).
[t=1.8198s, 62256 KB] New best heuristic value for ff(): 32
[t=1.82005s, 62256 KB] g=1, 2 evaluated, 1 expanded
[t=1.86235s, 62256 KB] New best heuristic value for ff(): 30
[t=1.86285s, 62256 KB] g=8, 21 evaluated, 12 expanded
[t=1.88964s, 62256 KB] New best heuristic value for ff(): 29
[t=1.89011s, 62256 KB] g=9, 34 evaluated, 17 expanded
[t=1.91585s, 62256 KB] New best heuristic value for ff(): 28
[t=1.91696s, 62256 KB] g=9, 47 evaluated, 23 expanded
[t=2.04111s, 62256 KB] New best heuristic value for ff(): 27
[t=2.04142s, 62256 KB] g=11, 108 evaluated, 54 expanded
[t=2.1203s, 62256 KB] New best heuristic value for ff(): 26
[t=2.12088s, 62256 KB] g=14, 146 evaluated, 75 expanded
[t=2.29222s, 62256 KB] New best heuristic value for ff(): 25
[t=2.29235s, 62256 KB] g=13, 232 evaluated, 120 expanded
[t=2.33419s, 62256 KB] New best heuristic value for ff(): 24
[t=2.33527s, 62256 KB] g=14, 253 evaluated, 129 expanded
[t=2.54745s, 62256 KB] New best heuristic value for ff(): 23
[t=2.54766s, 62256 KB] g=16, 364 evaluated, 185 expanded
[t=2.56628s, 62256 KB] New best heuristic value for ff(): 22
[t=2.56677s, 62256 KB] g=17, 374 evaluated, 190 expanded
[t=8.06883s, 62256 KB] New best heuristic value for ff(): 21
[t=8.06997s, 62256 KB] g=30, 3195 evaluated, 1738 expanded
[t=8.07087s, 62256 KB] New best heuristic value for ff(): 20
[t=8.07153s, 62256 KB] g=30, 3196 evaluated, 1738 expanded
[t=8.24548s, 62256 KB] New best heuristic value for ff(): 18
[t=8.24564s, 62256 KB] g=34, 3283 evaluated, 1792 expanded
[t=8.31903s, 62256 KB] New best heuristic value for ff(): 17
[t=8.31919s, 62256 KB] g=36, 3321 evaluated, 1811 expanded
[t=8.41892s, 62256 KB] New best heuristic value for ff(): 16
[t=8.42002s, 62256 KB] g=38, 3373 evaluated, 1842 expanded
[t=8.42095s, 62256 KB] New best heuristic value for ff(): 15
[t=8.4219s, 62256 KB] g=38, 3374 evaluated, 1842 expanded
[t=8.78579s, 62256 KB] New best heuristic value for ff(): 14
[t=8.78599s, 62256 KB] g=42, 3558 evaluated, 1945 expanded
[t=22.8015s, 62256 KB] New best heuristic value for ff(): 13
[t=22.8024s, 62256 KB] g=59, 9996 evaluated, 5567 expanded
[t=24.6261s, 62256 KB] New best heuristic value for ff(): 9
[t=24.6271s, 62256 KB] g=65, 10759 evaluated, 5996 expanded
[t=24.8091s, 62256 KB] New best heuristic value for ff(): 8
[t=24.8096s, 62256 KB] g=66, 10834 evaluated, 6036 expanded
[t=25.1171s, 62256 KB] New best heuristic value for ff(): 7
[t=25.1173s, 62256 KB] g=67, 10957 evaluated, 6097 expanded
[t=25.5018s, 62256 KB] New best heuristic value for ff(): 6
[t=25.5028s, 62256 KB] g=70, 11119 evaluated, 6184 expanded
[t=25.6563s, 62256 KB] New best heuristic value for ff(): 5
[t=25.6569s, 62256 KB] g=71, 11186 evaluated, 6223 expanded
[t=26.8802s, 62256 KB] New best heuristic value for ff(): 3
[t=26.8809s, 62256 KB] g=73, 11698 evaluated, 6488 expanded
[t=27.185s, 62256 KB] New best heuristic value for ff(): 2
[t=27.1855s, 62256 KB] g=74, 11826 evaluated, 6553 expanded
[t=27.4235s, 62256 KB] New best heuristic value for ff(): 1
[t=27.4236s, 62256 KB] g=75, 11928 evaluated, 6614 expanded
[t=27.9197s, 62256 KB] New best heuristic value for ff(): 0
[t=27.92s, 62256 KB] g=80, 12135 evaluated, 6732 expanded
[t=28.0521s, 62256 KB] Solution found!
[t=28.0525s, 62256 KB] Actual search time: 26.2353s
gripper-down pr2 x0 y0 xrel0 x0 yrel0 yrel1 y0 y1 (1)
gripper-up pr2 x0 y0 xrel0 x0 yrel1 yrel0 y1 y0 (1)
unpark pr2 xrel0 yrel0 (1)
grasp-cart-below pr2 cart x0 y0 y1 (1)
base-cart-right pr2 cart x0 x1 y0 x0 x1 y1 (1)
ungrasp-cart pr2 cart (1)
base-right pr2 x1 x2 y0 (1)
base-down pr2 x2 y0 y1 (1)
base-down pr2 x2 y1 y2 (1)
base-right pr2 x2 x3 y2 (1)
base-right pr2 x3 x4 y2 (1)
base-right pr2 x4 x5 y2 (1)
base-right pr2 x5 x6 y2 (1)
base-right pr2 x6 x7 y2 (1)
base-down pr2 x7 y2 y3 (1)
base-down pr2 x7 y3 y4 (1)
park pr2 (1)
gripper-left pr2 x7 y4 xrel0 xrel-1 x7 x6 yrel0 y4 (1)
get-left pr2 x7 y4 xrel-1 x6 yrel0 y4 object3 x5 (1)
gripper-right pr2 x7 y4 xrel-1 xrel0 x6 x7 yrel0 y4 (1)
unpark pr2 xrel0 yrel0 (1)
base-left pr2 x7 x6 y4 (1)
base-left pr2 x6 x5 y4 (1)
park pr2 (1)
gripper-left pr2 x5 y4 xrel0 xrel-1 x5 x4 yrel0 y4 (1)
put-right pr2 x5 y4 xrel-1 x4 yrel0 y4 object3 x5 (1)
get-down pr2 x5 y4 xrel-1 x4 yrel0 y4 object0 y5 (1)
gripper-down pr2 x5 y4 xrel-1 x4 yrel0 yrel1 y4 y5 (1)
put-up pr2 x5 y4 xrel-1 x4 yrel1 y5 object0 y4 (1)
finish-object object0 x4 y4 (1)
get-right pr2 x5 y4 xrel-1 x4 yrel1 y5 object1 x5 (1)
gripper-right pr2 x5 y4 xrel-1 xrel0 x4 x5 yrel1 y5 (1)
put-left pr2 x5 y4 xrel0 x5 yrel1 y5 object1 x4 (1)
finish-object object1 x4 y5 (1)
get-up pr2 x5 y4 xrel0 x5 yrel1 y5 object3 y4 (1)
gripper-up pr2 x5 y4 xrel0 x5 yrel1 yrel0 y5 y4 (1)
put-down pr2 x5 y4 xrel0 x5 yrel0 y4 object3 y5 (1)
unpark pr2 xrel0 yrel0 (1)
base-right pr2 x5 x6 y4 (1)
finish-object object3 x5 y5 (1)
base-right pr2 x6 x7 y4 (1)
base-up pr2 x7 y4 y3 (1)
park pr2 (1)
gripper-up pr2 x7 y3 xrel0 x7 yrel0 yrel-1 y3 y2 (1)
gripper-down pr2 x7 y3 xrel0 x7 yrel-1 yrel0 y2 y3 (1)
unpark pr2 xrel0 yrel0 (1)
base-up pr2 x7 y3 y2 (1)
park pr2 (1)
gripper-left pr2 x7 y2 xrel0 xrel-1 x7 x6 yrel0 y2 (1)
gripper-right pr2 x7 y2 xrel-1 xrel0 x6 x7 yrel0 y2 (1)
unpark pr2 xrel0 yrel0 (1)
base-left pr2 x7 x6 y2 (1)
base-left pr2 x6 x5 y2 (1)
base-left pr2 x5 x4 y2 (1)
base-left pr2 x4 x3 y2 (1)
park pr2 (1)
gripper-left pr2 x3 y2 xrel0 xrel-1 x3 x2 yrel0 y2 (1)
gripper-down pr2 x3 y2 xrel-1 x2 yrel0 yrel1 y2 y3 (1)
get-left pr2 x3 y2 xrel-1 x2 yrel1 y3 object2 x1 (1)
gripper-up pr2 x3 y2 xrel-1 x2 yrel1 yrel0 y3 y2 (1)
gripper-right pr2 x3 y2 xrel-1 xrel0 x2 x3 yrel0 y2 (1)
unpark pr2 xrel0 yrel0 (1)
base-right pr2 x3 x4 y2 (1)
base-right pr2 x4 x5 y2 (1)
base-right pr2 x5 x6 y2 (1)
base-right pr2 x6 x7 y2 (1)
base-right pr2 x7 x8 y2 (1)
base-down pr2 x8 y2 y3 (1)
base-down pr2 x8 y3 y4 (1)
park pr2 (1)
gripper-down pr2 x8 y4 xrel0 x8 yrel0 yrel1 y4 y5 (1)
gripper-up pr2 x8 y4 xrel0 x8 yrel1 yrel0 y5 y4 (1)
unpark pr2 xrel0 yrel0 (1)
base-left pr2 x8 x7 y4 (1)
base-left pr2 x7 x6 y4 (1)
base-left pr2 x6 x5 y4 (1)
park pr2 (1)
gripper-right pr2 x5 y4 xrel0 xrel1 x5 x6 yrel0 y4 (1)
put-left pr2 x5 y4 xrel1 x6 yrel0 y4 object2 x5 (1)
finish-object object2 x5 y4 (1)
[t=28.0525s, 62256 KB] Plan length: 80 step(s).
[t=28.0525s, 62256 KB] Plan cost: 80
[t=28.0525s, 62256 KB] Timestamp: 1693604563768 millisecond(s).
[t=28.0525s, 62256 KB] Expanded 6763 state(s).
[t=28.0525s, 62256 KB] Reopened 0 state(s).
[t=28.0525s, 62256 KB] Evaluated 12188 state(s).
[t=28.0525s, 62256 KB] Evaluations: 12188
[t=28.0525s, 62256 KB] Generated 21758 state(s).
[t=28.0525s, 62256 KB] Dead ends: 9 state(s).
[t=28.0525s, 62256 KB] Number of registered states: 12188
[t=28.0525s, 62256 KB] Int hash set load factor: 12188/16384 = 0.743896
[t=28.0525s, 62256 KB] Int hash set resizes: 14
[t=28.0525s, 62256 KB] Search time: 26.241s
[t=28.0525s, 62256 KB] Total time: 28.0525s
Solution found.
Peak memory: 62256 KB
Remove intermediate file output.sas
search exit code: 0

INFO     Running validate.
INFO     validate stdin: None
INFO     validate time limit: None
INFO     validate memory limit: None
INFO     validate command line string: validate domain.pddl problem.pddl sas_plan
Checking plan: sas_plan
Plan executed successfully - checking goal
Plan valid
Final value: 80 

Successful plans:
Value: 80
 sas_plan 80 

validate exit code: 0

INFO     Planner time: 35.65s
