INFO     planner time limit: 900s
INFO     planner memory limit: 3584 MB

INFO     Running translator.
INFO     translator stdin: None
INFO     translator time limit: 899s
INFO     translator memory limit: 3584 MB
INFO     translator command line string: /usr/local/downward-projects/downward/experiments/.venv/bin/python3 /usr/local/downward-projects/downward/experiments/src/thesis/data/thesis-thesis_exp/code-f7a4f68fd467cf7cff4d3dfcfdfcfa2023e44324_e5e41175/builds/release/bin/translate/translate.py domain.pddl problem.pddl --sas-file output.sas
Parsing...
Parsing: [0.010s CPU, 0.007s wall-clock]
Normalizing task... [0.000s CPU, 0.000s wall-clock]
Instantiating...
Generating Datalog program... [0.000s CPU, 0.001s wall-clock]
Normalizing Datalog program...
Normalizing Datalog program: [0.000s CPU, 0.001s wall-clock]
Preparing model... [0.000s CPU, 0.004s wall-clock]
Generated 26 rules.
Computing model... [0.250s CPU, 0.249s wall-clock]
24908 relevant atoms
19978 auxiliary atoms
44886 final queue length
87310 total queue pushes
Completing instantiation... [0.930s CPU, 0.937s wall-clock]
Instantiating: [1.190s CPU, 1.204s wall-clock]
Computing fact groups...
Finding invariants...
9 initial candidates
Finding invariants: [0.010s CPU, 0.011s wall-clock]
Checking invariant weight... [0.000s CPU, 0.000s wall-clock]
Instantiating groups... [0.010s CPU, 0.004s wall-clock]
Collecting mutex groups... [0.000s CPU, 0.001s wall-clock]
Choosing groups...
0 uncovered facts
Choosing groups: [0.000s CPU, 0.002s wall-clock]
Building translation key... [0.000s CPU, 0.001s wall-clock]
Computing fact groups: [0.030s CPU, 0.027s wall-clock]
Building STRIPS to SAS dictionary... [0.000s CPU, 0.001s wall-clock]
Building dictionary for full mutex groups... [0.000s CPU, 0.000s wall-clock]
Building mutex information...
Building mutex information: [0.000s CPU, 0.000s wall-clock]
Translating task...
Processing axioms...
Simplifying axioms... [0.000s CPU, 0.000s wall-clock]
Translator axioms removed by simplifying: 0
Computing negative axioms... [0.000s CPU, 0.000s wall-clock]
Processing axioms: [0.030s CPU, 0.031s wall-clock]
Translating task: [0.760s CPU, 0.768s wall-clock]
0 effect conditions simplified
0 implied preconditions added
Detecting unreachable propositions...
0 operators removed
0 axioms removed
18 propositions removed
Detecting unreachable propositions: [0.480s CPU, 0.494s wall-clock]
Reordering and filtering variables...
18 of 18 variables necessary.
0 of 18 mutex groups necessary.
22476 of 22476 operators necessary.
0 of 0 axiom rules necessary.
Reordering and filtering variables: [0.080s CPU, 0.076s wall-clock]
Translator variables: 18
Translator derived variables: 0
Translator facts: 1574
Translator goal facts: 14
Translator mutex groups: 0
Translator total mutex groups size: 0
Translator operators: 22476
Translator axioms: 0
Translator task size: 133546
Translator peak memory: 121912 KB
Writing output... [0.090s CPU, 0.101s wall-clock]
Done! [2.680s CPU, 2.717s wall-clock]
translate exit code: 0

INFO     Running search (release).
INFO     search stdin: output.sas
INFO     search time limit: 897s
INFO     search memory limit: 3584 MB
INFO     search command line string: /usr/local/downward-projects/downward/experiments/src/thesis/data/thesis-thesis_exp/code-f7a4f68fd467cf7cff4d3dfcfdfcfa2023e44324_e5e41175/builds/release/bin/downward --evaluator 'h=ff()' --search 'eager(epsilon_greedy(h, epsilon=0.2))' --internal-plan-file sas_plan < output.sas
[t=0.00105159s, 11000 KB] reading input...
[t=0.0754195s, 18380 KB] done reading input!
[t=0.0816984s, 20736 KB] Simplifying 43980 unary operators... done! [43980 unary operators]
[t=0.117238s, 24664 KB] time to simplify: 0.0365922s
[t=0.119546s, 24664 KB] Initializing additive heuristic...
[t=0.119696s, 24664 KB] Initializing FF heuristic...
[t=0.119723s, 24664 KB] Building successor generator...done!
[t=0.128353s, 25364 KB] peak memory difference for successor generator creation: 700 KB
[t=0.128417s, 25364 KB] time for successor generation creation: 0.00785836s
[t=0.128443s, 25364 KB] Variables: 18
[t=0.128469s, 25364 KB] FactPairs: 1574
[t=0.128492s, 25364 KB] Bytes per state: 16
[t=0.128516s, 25364 KB] Conducting best first search without reopening closed nodes, (real) bound = 2147483647
[t=0.128652s, 25364 KB] New best heuristic value for ff(): 1529
[t=0.129599s, 25364 KB] g=0, 1 evaluated, 0 expanded
[t=0.129627s, 25364 KB] Initial heuristic value for ff(): 1529
[t=0.129653s, 25364 KB] pruning method: none
[t=0.129684s, 25364 KB] Start Timestep: 1684291757849 millisecond(s).
[t=0.12973s, 25364 KB] New best heuristic value for ff(): 1468
[t=0.130653s, 25364 KB] g=24, 2 evaluated, 1 expanded
[t=0.131224s, 25364 KB] New best heuristic value for ff(): 1393
[t=0.131562s, 25364 KB] g=26, 3 evaluated, 1 expanded
[t=0.136957s, 25364 KB] New best heuristic value for ff(): 1330
[t=0.137479s, 25364 KB] g=14, 10 evaluated, 1 expanded
[t=0.146722s, 25364 KB] New best heuristic value for ff(): 1325
[t=0.146842s, 25364 KB] g=40, 21 evaluated, 2 expanded
[t=0.154581s, 25364 KB] New best heuristic value for ff(): 1324
[t=0.155329s, 25364 KB] g=41, 31 evaluated, 3 expanded
[t=0.161817s, 25364 KB] New best heuristic value for ff(): 1303
[t=0.162338s, 25364 KB] g=67, 40 evaluated, 4 expanded
[t=0.164943s, 25364 KB] New best heuristic value for ff(): 1287
[t=0.165536s, 25364 KB] g=91, 44 evaluated, 5 expanded
[t=0.232164s, 25364 KB] New best heuristic value for ff(): 1286
[t=0.233055s, 25364 KB] g=120, 125 evaluated, 13 expanded
[t=0.337033s, 25364 KB] New best heuristic value for ff(): 1272
[t=0.337356s, 25364 KB] g=146, 254 evaluated, 24 expanded
[t=1.60536s, 25364 KB] New best heuristic value for ff(): 1268
[t=1.60547s, 25364 KB] g=333, 1754 evaluated, 222 expanded
[t=1.62108s, 25364 KB] New best heuristic value for ff(): 1265
[t=1.6214s, 25364 KB] g=381, 1773 evaluated, 225 expanded
[t=1.63149s, 25364 KB] New best heuristic value for ff(): 1238
[t=1.63205s, 25364 KB] g=408, 1786 evaluated, 226 expanded
[t=1.63501s, 25364 KB] New best heuristic value for ff(): 1204
[t=1.6352s, 25364 KB] g=427, 1790 evaluated, 227 expanded
[t=1.63667s, 25364 KB] New best heuristic value for ff(): 1182
[t=1.63686s, 25364 KB] g=428, 1792 evaluated, 227 expanded
[t=1.63689s, 25364 KB] New best heuristic value for ff(): 1165
[t=1.63769s, 25364 KB] g=430, 1793 evaluated, 227 expanded
[t=1.63888s, 25364 KB] New best heuristic value for ff(): 1116
[t=1.63931s, 25364 KB] g=441, 1795 evaluated, 228 expanded
[t=1.6628s, 25364 KB] New best heuristic value for ff(): 1082
[t=1.66303s, 25364 KB] g=459, 1825 evaluated, 232 expanded
[t=1.67961s, 25364 KB] New best heuristic value for ff(): 1071
[t=1.67975s, 25364 KB] g=476, 1846 evaluated, 236 expanded
[t=1.67978s, 25364 KB] New best heuristic value for ff(): 1067
[t=1.68055s, 25364 KB] g=472, 1847 evaluated, 236 expanded
[t=1.69s, 25364 KB] New best heuristic value for ff(): 1066
[t=1.69078s, 25364 KB] g=523, 1861 evaluated, 241 expanded
[t=1.69628s, 25364 KB] New best heuristic value for ff(): 1065
[t=1.69711s, 25364 KB] g=524, 1870 evaluated, 242 expanded
[t=4.19461s, 25364 KB] New best heuristic value for ff(): 1044
[t=4.19553s, 25364 KB] g=693, 4895 evaluated, 1186 expanded
[t=10.097s, 25364 KB] New best heuristic value for ff(): 997
[t=10.0981s, 25364 KB] g=749, 12105 evaluated, 3277 expanded
[t=10.0982s, 25364 KB] New best heuristic value for ff(): 995
[t=10.0989s, 25364 KB] g=760, 12106 evaluated, 3277 expanded
[t=75.0682s, 29336 KB] New best heuristic value for ff(): 994
[t=75.0686s, 29336 KB] g=971, 89508 evaluated, 26664 expanded
[t=481.507s, 59128 KB] New best heuristic value for ff(): 950
[t=481.508s, 59128 KB] g=1805, 581481 evaluated, 166796 expanded
[t=481.508s, 59128 KB] New best heuristic value for ff(): 944
[t=481.509s, 59128 KB] g=1816, 581482 evaluated, 166796 expanded
Peak memory: 92788 KB
caught signal 24 -- exiting
Time limit has been reached.
Remove intermediate file output.sas
search exit code: 23

Driver aborting after search
INFO     Planner time: 893.97s
