INFO     planner time limit: 600s
INFO     planner memory limit: 3584 MB

INFO     Running translator.
INFO     translator stdin: None
INFO     translator time limit: 599s
INFO     translator memory limit: 3584 MB
INFO     translator command line string: /usr/local/downward-projects/downward/experiments/assign3/.venv/bin/python3 /usr/local/downward-projects/downward/experiments/assign3/data/assign3-anytime_exp/code-1fb14623350588fb782db39ad332c8a25eda53d6_e5e41175/builds/release/bin/translate/translate.py domain.pddl problem.pddl --sas-file output.sas
Parsing...
Parsing: [0.000s CPU, 0.004s wall-clock]
Normalizing task... [0.000s CPU, 0.000s wall-clock]
Instantiating...
Generating Datalog program... [0.000s CPU, 0.001s wall-clock]
Normalizing Datalog program...
Normalizing Datalog program: [0.000s CPU, 0.001s wall-clock]
Preparing model... [0.000s CPU, 0.002s wall-clock]
Generated 26 rules.
Computing model... [0.260s CPU, 0.263s wall-clock]
27104 relevant atoms
20496 auxiliary atoms
47600 final queue length
96724 total queue pushes
Completing instantiation... [1.020s CPU, 1.035s wall-clock]
Instantiating: [1.300s CPU, 1.314s wall-clock]
Computing fact groups...
Finding invariants...
9 initial candidates
Finding invariants: [0.020s CPU, 0.013s wall-clock]
Checking invariant weight... [0.000s CPU, 0.000s wall-clock]
Instantiating groups... [0.000s CPU, 0.003s wall-clock]
Collecting mutex groups... [0.000s CPU, 0.001s wall-clock]
Choosing groups...
0 uncovered facts
Choosing groups: [0.000s CPU, 0.001s wall-clock]
Building translation key... [0.010s CPU, 0.001s wall-clock]
Computing fact groups: [0.030s CPU, 0.023s wall-clock]
Building STRIPS to SAS dictionary... [0.000s CPU, 0.000s wall-clock]
Building dictionary for full mutex groups... [0.000s CPU, 0.000s wall-clock]
Building mutex information...
Building mutex information: [0.000s CPU, 0.000s wall-clock]
Translating task...
Processing axioms...
Simplifying axioms... [0.000s CPU, 0.000s wall-clock]
Translator axioms removed by simplifying: 0
Computing negative axioms... [0.000s CPU, 0.000s wall-clock]
Processing axioms: [0.030s CPU, 0.035s wall-clock]
Translating task: [0.830s CPU, 0.841s wall-clock]
0 effect conditions simplified
0 implied preconditions added
Detecting unreachable propositions...
0 operators removed
0 axioms removed
24 propositions removed
Detecting unreachable propositions: [0.540s CPU, 0.546s wall-clock]
Reordering and filtering variables...
24 of 24 variables necessary.
0 of 24 mutex groups necessary.
25568 of 25568 operators necessary.
0 of 0 axiom rules necessary.
Reordering and filtering variables: [0.090s CPU, 0.089s wall-clock]
Translator variables: 24
Translator derived variables: 0
Translator facts: 1044
Translator goal facts: 16
Translator mutex groups: 0
Translator total mutex groups size: 0
Translator operators: 25568
Translator axioms: 0
Translator task size: 151516
Translator peak memory: 133168 KB
Writing output... [0.120s CPU, 0.116s wall-clock]
Done! [2.950s CPU, 2.978s wall-clock]
translate exit code: 0

INFO     Running search (release).
INFO     search stdin: output.sas
INFO     search time limit: 596s
INFO     search memory limit: 3584 MB
INFO     search command line string: /usr/local/downward-projects/downward/experiments/assign3/data/assign3-anytime_exp/code-1fb14623350588fb782db39ad332c8a25eda53d6_e5e41175/builds/release/bin/downward --evaluator 'h=lmcut()' --search 'eager_anytime(alt(
        [single(weight(h, 2, verbosity=normal)), type_based([h, g()], random_seed=1234)]), 
        reopen_closed=true, f_eval=sum([h, g()]))' --internal-plan-file sas_plan < output.sas
[t=0.00105111s, 10884 KB] reading input...
[t=0.0838118s, 19084 KB] done reading input!
[t=0.0994622s, 24948 KB] Initializing landmark cut heuristic...
[t=0.0998938s, 24948 KB] Building successor generator...done!
[t=0.112606s, 29920 KB] peak memory difference for successor generator creation: 4972 KB
[t=0.112706s, 29920 KB] time for successor generation creation: 0.0123043s
[t=0.112732s, 29920 KB] Variables: 24
[t=0.112775s, 29920 KB] FactPairs: 1044
[t=0.112799s, 29920 KB] Bytes per state: 20
[t=0.112823s, 29920 KB] Conducting best first anytime search with reopening closed nodes, (real) bound = 2147483647
[t=0.209494s, 29920 KB] New best heuristic value for lmcut(): 521
[t=0.209931s, 29920 KB] g=0, 1 evaluated, 0 expanded
[t=0.209961s, 29920 KB] Initial heuristic value for lmcut(): 521
[t=0.209993s, 29920 KB] Start Timestep: 1681993360370 millisecond(s).
[t=0.317616s, 29920 KB] New best heuristic value for lmcut(): 506
[t=0.318031s, 29920 KB] g=15, 2 evaluated, 1 expanded
[t=0.408922s, 29920 KB] New best heuristic value for lmcut(): 491
[t=0.409581s, 29920 KB] g=34, 3 evaluated, 1 expanded
[t=1.55418s, 29920 KB] New best heuristic value for lmcut(): 475
[t=1.55452s, 29920 KB] g=28, 14 evaluated, 1 expanded
[t=3.75598s, 29920 KB] New best heuristic value for lmcut(): 470
[t=3.75617s, 29920 KB] g=52, 35 evaluated, 2 expanded
[t=3.96977s, 29920 KB] New best heuristic value for lmcut(): 463
[t=3.97049s, 29920 KB] g=62, 37 evaluated, 2 expanded
[t=4.165s, 29920 KB] New best heuristic value for lmcut(): 446
[t=4.16528s, 29920 KB] g=58, 39 evaluated, 2 expanded
[t=6.67884s, 29920 KB] New best heuristic value for lmcut(): 439
[t=6.67963s, 29920 KB] g=73, 63 evaluated, 3 expanded
[t=26.32s, 29920 KB] New best heuristic value for lmcut(): 409
[t=26.3222s, 29920 KB] g=108, 256 evaluated, 13 expanded
[t=54.938s, 29920 KB] New best heuristic value for lmcut(): 401
[t=54.938s, 29920 KB] g=254, 535 evaluated, 27 expanded
[t=55.0328s, 29920 KB] New best heuristic value for lmcut(): 386
[t=55.0328s, 29920 KB] g=260, 536 evaluated, 27 expanded
[t=58.8351s, 29920 KB] New best heuristic value for lmcut(): 383
[t=58.8351s, 29920 KB] g=293, 575 evaluated, 29 expanded
[t=61.2778s, 29920 KB] New best heuristic value for lmcut(): 380
[t=61.2778s, 29920 KB] g=327, 600 evaluated, 31 expanded
[t=61.5496s, 29920 KB] New best heuristic value for lmcut(): 378
[t=61.5496s, 29920 KB] g=317, 603 evaluated, 31 expanded
[t=61.6376s, 29920 KB] New best heuristic value for lmcut(): 371
[t=61.6376s, 29920 KB] g=313, 604 evaluated, 31 expanded
[t=61.8172s, 29920 KB] New best heuristic value for lmcut(): 367
[t=61.8172s, 29920 KB] g=309, 606 evaluated, 31 expanded
[t=61.9091s, 29920 KB] New best heuristic value for lmcut(): 365
[t=61.9091s, 29920 KB] g=310, 607 evaluated, 31 expanded
[t=74.0558s, 29920 KB] New best heuristic value for lmcut(): 363
[t=74.0558s, 29920 KB] g=334, 732 evaluated, 37 expanded
[t=74.6126s, 29920 KB] New best heuristic value for lmcut(): 357
[t=74.6126s, 29920 KB] g=340, 738 evaluated, 37 expanded
[t=83.7968s, 29920 KB] New best heuristic value for lmcut(): 349
[t=83.7968s, 29920 KB] g=394, 836 evaluated, 43 expanded
[t=88.1654s, 29920 KB] New best heuristic value for lmcut(): 348
[t=88.1654s, 29920 KB] g=395, 883 evaluated, 45 expanded
[t=161.558s, 29920 KB] New best heuristic value for lmcut(): 338
[t=161.558s, 29920 KB] g=625, 1651 evaluated, 88 expanded
[t=197.325s, 29920 KB] New best heuristic value for lmcut(): 336
[t=197.326s, 29920 KB] g=799, 2044 evaluated, 109 expanded
[t=261.025s, 29920 KB] New best heuristic value for lmcut(): 335
[t=261.026s, 29920 KB] g=912, 2727 evaluated, 152 expanded
[t=276.909s, 29920 KB] New best heuristic value for lmcut(): 334
[t=276.91s, 29920 KB] g=931, 2899 evaluated, 162 expanded
[t=460.705s, 30348 KB] New best heuristic value for lmcut(): 333
[t=460.705s, 30348 KB] g=1091, 4868 evaluated, 270 expanded, 1 reopened
[t=471.63s, 30348 KB] New best heuristic value for lmcut(): 330
[t=471.63s, 30348 KB] g=1179, 4980 evaluated, 276 expanded, 1 reopened
Peak memory: 30348 KB
caught signal 24 -- exiting
Time limit has been reached.
Remove intermediate file output.sas
search exit code: 23

Driver aborting after search
INFO     Planner time: 595.55s
