INFO     planner time limit: 600s
INFO     planner memory limit: 3584 MB

INFO     Running translator.
INFO     translator stdin: None
INFO     translator time limit: 599s
INFO     translator memory limit: 3584 MB
INFO     translator command line string: /usr/local/downward-projects/downward/experiments/assign3/.venv/bin/python3 /usr/local/downward-projects/downward/experiments/assign3/data/assign3-anytime_exp/code-1fb14623350588fb782db39ad332c8a25eda53d6_e5e41175/builds/release/bin/translate/translate.py domain.pddl problem.pddl --sas-file output.sas
Parsing...
Parsing: [0.010s CPU, 0.006s wall-clock]
Normalizing task... [0.000s CPU, 0.000s wall-clock]
Instantiating...
Generating Datalog program... [0.000s CPU, 0.001s wall-clock]
Normalizing Datalog program...
Normalizing Datalog program: [0.000s CPU, 0.006s wall-clock]
Preparing model... [0.010s CPU, 0.004s wall-clock]
Generated 350 rules.
Computing model... [0.000s CPU, 0.005s wall-clock]
338 relevant atoms
494 auxiliary atoms
832 final queue length
1036 total queue pushes
Completing instantiation... [0.000s CPU, 0.003s wall-clock]
Instantiating: [0.010s CPU, 0.018s wall-clock]
Computing fact groups...
Finding invariants...
20 initial candidates
Finding invariants: [0.010s CPU, 0.006s wall-clock]
Checking invariant weight... [0.000s CPU, 0.000s wall-clock]
Instantiating groups... [0.000s CPU, 0.000s wall-clock]
Collecting mutex groups... [0.000s CPU, 0.000s wall-clock]
Choosing groups...
38 uncovered facts
Choosing groups: [0.000s CPU, 0.000s wall-clock]
Building translation key... [0.000s CPU, 0.000s wall-clock]
Computing fact groups: [0.010s CPU, 0.007s wall-clock]
Building STRIPS to SAS dictionary... [0.000s CPU, 0.000s wall-clock]
Building dictionary for full mutex groups... [0.000s CPU, 0.000s wall-clock]
Building mutex information...
Building mutex information: [0.000s CPU, 0.000s wall-clock]
Translating task...
Processing axioms...
Simplifying axioms... [0.000s CPU, 0.000s wall-clock]
Translator axioms removed by simplifying: 0
Computing negative axioms... [0.000s CPU, 0.000s wall-clock]
Processing axioms: [0.000s CPU, 0.000s wall-clock]
Translating task: [0.000s CPU, 0.003s wall-clock]
57 effect conditions simplified
0 implied preconditions added
Detecting unreachable propositions...
0 operators removed
0 axioms removed
4 propositions removed
Detecting unreachable propositions: [0.000s CPU, 0.001s wall-clock]
Reordering and filtering variables...
33 of 39 variables necessary.
0 of 2 mutex groups necessary.
99 of 99 operators necessary.
0 of 0 axiom rules necessary.
Reordering and filtering variables: [0.000s CPU, 0.001s wall-clock]
Translator variables: 33
Translator derived variables: 0
Translator facts: 104
Translator goal facts: 12
Translator mutex groups: 0
Translator total mutex groups size: 0
Translator operators: 99
Translator axioms: 0
Translator task size: 739
Translator peak memory: 32880 KB
Writing output... [0.000s CPU, 0.001s wall-clock]
Done! [0.030s CPU, 0.038s wall-clock]
translate exit code: 0

INFO     Running search (release).
INFO     search stdin: output.sas
INFO     search time limit: 599s
INFO     search memory limit: 3584 MB
INFO     search command line string: /usr/local/downward-projects/downward/experiments/assign3/data/assign3-anytime_exp/code-1fb14623350588fb782db39ad332c8a25eda53d6_e5e41175/builds/release/bin/downward --evaluator 'h=lmcut()' --search 'iterated([
            lazy_wastar([h],w=5),
            lazy_wastar([h],w=4),
            lazy_wastar([h],w=3),
            lazy_wastar([h],w=2),
            astar(h)
        ],continue_on_fail=true)' --internal-plan-file sas_plan < output.sas
[t=0.00105125s, 10884 KB] reading input...
[t=0.00208151s, 10884 KB] done reading input!
[t=0.00416844s, 11272 KB] Initializing landmark cut heuristic...
[t=0.00457497s, 11272 KB] Building successor generator...done!
[t=0.00477347s, 11272 KB] peak memory difference for successor generator creation: 0 KB
[t=0.00481672s, 11272 KB] time for successor generation creation: 0s
[t=0.00484156s, 11272 KB] Variables: 33
[t=0.00486926s, 11272 KB] FactPairs: 104
[t=0.00489181s, 11272 KB] Bytes per state: 8
[t=0.00491372s, 11272 KB] Start Timestep: 1681975280921 millisecond(s).
[t=0.00499238s, 11272 KB] Building successor generator...done!
[t=0.00507411s, 11272 KB] peak memory difference for successor generator creation: 0 KB
[t=0.00511918s, 11272 KB] time for successor generation creation: 0s
[t=0.00514271s, 11272 KB] Variables: 33
[t=0.00516534s, 11272 KB] FactPairs: 104
[t=0.00518714s, 11272 KB] Bytes per state: 8
[t=0.00520955s, 11272 KB] Starting search: lazy_wastar([h],w=5)
[t=0.00525064s, 11272 KB] Conducting lazy best first search, (real) bound = 2147483647
[t=0.00527359s, 11272 KB] Start Timestep: 1681975280922 millisecond(s).
[t=0.00529726s, 11272 KB] New best heuristic value for lmcut(): 425725
[t=0.00540039s, 11272 KB] g=0, 1 evaluated, 0 expanded
[t=0.00542332s, 11272 KB] Initial heuristic value for lmcut(): 425725
[t=0.00544812s, 11272 KB] New best heuristic value for lmcut(): 425225
[t=0.00558376s, 11272 KB] g=899, 3 evaluated, 2 expanded
[t=0.00560709s, 11272 KB] New best heuristic value for lmcut(): 422137
[t=0.00568046s, 11272 KB] g=3987, 4 evaluated, 3 expanded
[t=0.00570367s, 11272 KB] New best heuristic value for lmcut(): 411247
[t=0.00582886s, 11272 KB] g=14877, 6 evaluated, 5 expanded
[t=0.00599567s, 11272 KB] New best heuristic value for lmcut(): 410747
[t=0.0060282s, 11272 KB] g=15776, 9 evaluated, 8 expanded
[t=0.00605286s, 11272 KB] New best heuristic value for lmcut(): 407659
[t=0.00620634s, 11272 KB] g=18864, 12 evaluated, 11 expanded
[t=0.00640557s, 11272 KB] New best heuristic value for lmcut(): 288924
[t=0.00674334s, 11272 KB] g=154019, 33 evaluated, 32 expanded, 9 reopened
[t=0.00676922s, 11272 KB] New best heuristic value for lmcut(): 261215
[t=0.00688824s, 11272 KB] g=181728, 36 evaluated, 35 expanded, 9 reopened
[t=0.00696695s, 11272 KB] New best heuristic value for lmcut(): 250008
[t=0.00703308s, 11272 KB] g=192935, 39 evaluated, 38 expanded, 9 reopened
[t=0.00705726s, 11272 KB] New best heuristic value for lmcut(): 246757
[t=0.00710446s, 11272 KB] g=196186, 40 evaluated, 39 expanded, 9 reopened
[t=0.00903289s, 11272 KB] New best heuristic value for lmcut(): 85168
[t=0.00974306s, 11272 KB] g=425487, 128 evaluated, 122 expanded, 9 reopened
[t=0.00976836s, 11272 KB] New best heuristic value for lmcut(): 6249
[t=0.00980544s, 11272 KB] g=504406, 129 evaluated, 123 expanded, 9 reopened
[t=0.00982893s, 11272 KB] New best heuristic value for lmcut(): 2998
[t=0.00986158s, 11272 KB] g=507657, 130 evaluated, 124 expanded, 9 reopened
[t=0.00988474s, 11272 KB] New best heuristic value for lmcut(): 1499
[t=0.00991516s, 11272 KB] g=509156, 131 evaluated, 125 expanded, 9 reopened
[t=0.00993818s, 11272 KB] Solution found!
[t=0.00996753s, 11272 KB] Actual search time: 0.00469078s
initialize  (0)
fe1-feed-letter sheet1 (899)
im1-movelower-letter sheet1 (3088)
lc1-fmove-letter sheet1 (10890)
fe1-feedmsi-letter sheet2 (500)
im1-movelower-letter sheet2 (3088)
lc1-divert-letter sheet2 back front (11805)
lbe-simplex-letter sheet2 front image-2 (123749)
lc1-merge-letter sheet2 (27709)
lc2-fmove-letter sheet2 (11207)
om-lowerout-letter sheet2 (3251)
lc2-divert-letter sheet1 back front (17452)
lre-simplex-letter sheet1 front image-1 (211849)
lc2-mergeinvert-letter sheet1 (78919)
om-lowerout-letter sheet1 (3251)
sys-stack-letter sheet1 dummy-sheet (1499)
sys-stack-letter sheet2 sheet1 (1499)
[t=0.0101472s, 11272 KB] Plan length: 17 step(s).
[t=0.0101812s, 11272 KB] Plan cost: 510655
[t=0.010204s, 11272 KB] Solution Timestep: 1681975280927 millisecond(s).
[t=0.0102277s, 11272 KB] Timestamp: 1681975280927 millisecond(s).
[t=0.0102507s, 11272 KB] Expanded 126 state(s).
[t=0.0102727s, 11272 KB] Reopened 9 state(s).
[t=0.0102943s, 11272 KB] Evaluated 132 state(s).
[t=0.0103157s, 11272 KB] Evaluations: 123
[t=0.0103378s, 11272 KB] Generated 425 state(s).
[t=0.0103597s, 11272 KB] Dead ends: 5 state(s).
[t=0.0103822s, 11272 KB] Number of registered states: 123
[t=0.0104048s, 11272 KB] Int hash set load factor: 123/128 = 0.960938
[t=0.0104282s, 11272 KB] Int hash set resizes: 7
[t=0.0104498s, 11272 KB] Best solution cost so far: 510655
[t=0.0104725s, 11272 KB] Solution found - keep searching
[t=0.0104956s, 11272 KB] Building successor generator...done!
[t=0.0105917s, 11272 KB] peak memory difference for successor generator creation: 0 KB
[t=0.0106288s, 11272 KB] time for successor generation creation: 0s
[t=0.0106523s, 11272 KB] Variables: 33
[t=0.0106765s, 11272 KB] FactPairs: 104
[t=0.0106989s, 11272 KB] Bytes per state: 8
[t=0.0107212s, 11272 KB] Starting search: lazy_wastar([h],w=4)
[t=0.0107523s, 11272 KB] Conducting lazy best first search, (real) bound = 510655
[t=0.010775s, 11272 KB] Start Timestep: 1681975280928 millisecond(s).
[t=0.0107978s, 11272 KB] New best heuristic value for lmcut(): 425725
[t=0.01089s, 11272 KB] g=0, 1 evaluated, 0 expanded
[t=0.0109125s, 11272 KB] Initial heuristic value for lmcut(): 425725
[t=0.0109371s, 11272 KB] New best heuristic value for lmcut(): 425225
[t=0.0110701s, 11272 KB] g=899, 3 evaluated, 2 expanded
[t=0.0110945s, 11272 KB] New best heuristic value for lmcut(): 422137
[t=0.0111668s, 11272 KB] g=3987, 4 evaluated, 3 expanded
[t=0.0111898s, 11272 KB] New best heuristic value for lmcut(): 411247
[t=0.0113156s, 11272 KB] g=14877, 6 evaluated, 5 expanded
[t=0.0113385s, 11272 KB] New best heuristic value for lmcut(): 410747
[t=0.0115035s, 11272 KB] g=15776, 9 evaluated, 8 expanded
[t=0.0115832s, 11272 KB] New best heuristic value for lmcut(): 407659
[t=0.0116856s, 11272 KB] g=18864, 12 evaluated, 11 expanded
[t=0.0117091s, 11272 KB] New best heuristic value for lmcut(): 288924
[t=0.0122062s, 11272 KB] g=154019, 33 evaluated, 32 expanded, 9 reopened
[t=0.0122314s, 11272 KB] New best heuristic value for lmcut(): 261215
[t=0.0123494s, 11272 KB] g=181728, 36 evaluated, 35 expanded, 9 reopened
[t=0.0123735s, 11272 KB] New best heuristic value for lmcut(): 250008
[t=0.0124843s, 11272 KB] g=192935, 39 evaluated, 38 expanded, 9 reopened
[t=0.0125083s, 11272 KB] New best heuristic value for lmcut(): 246757
[t=0.0125597s, 11272 KB] g=196186, 40 evaluated, 39 expanded, 9 reopened
[t=0.0146287s, 11272 KB] New best heuristic value for lmcut(): 85168
[t=0.0151632s, 11272 KB] g=425487, 127 evaluated, 121 expanded, 9 reopened
[t=0.015189s, 11272 KB] New best heuristic value for lmcut(): 6249
[t=0.0152261s, 11272 KB] g=504406, 128 evaluated, 122 expanded, 9 reopened
[t=0.0152493s, 11272 KB] New best heuristic value for lmcut(): 2998
[t=0.0152818s, 11272 KB] g=507657, 129 evaluated, 123 expanded, 9 reopened
[t=0.0153045s, 11272 KB] New best heuristic value for lmcut(): 1499
[t=0.0153349s, 11272 KB] g=509156, 130 evaluated, 124 expanded, 9 reopened
[t=0.0271447s, 11272 KB] Solution found!
[t=0.0281803s, 11272 KB] Actual search time: 0.0173826s
initialize  (0)
fe1-feedmsi-letter sheet1 (500)
im1-movelower-letter sheet1 (3088)
lc1-fmove-letter sheet1 (10890)
fe1-feedmsi-letter sheet2 (500)
im1-movelower-letter sheet2 (3088)
lc1-divert-letter sheet2 back front (11805)
lbe-simplex-letter sheet2 front image-2 (123749)
lc1-merge-letter sheet2 (27709)
lc2-fmove-letter sheet2 (11207)
om-lowerout-letter sheet2 (3251)
lc2-divert-letter sheet1 back front (17452)
lre-simplex-letter sheet1 front image-1 (211849)
lc2-mergeinvert-letter sheet1 (78919)
om-lowerout-letter sheet1 (3251)
sys-stack-letter sheet1 dummy-sheet (1499)
sys-stack-letter sheet2 sheet1 (1499)
[t=0.0283452s, 11272 KB] Plan length: 17 step(s).
[t=0.0283788s, 11272 KB] Plan cost: 510256
[t=0.028402s, 11272 KB] Solution Timestep: 1681975280946 millisecond(s).
[t=0.0284257s, 11272 KB] Timestamp: 1681975280946 millisecond(s).
[t=0.0284497s, 11272 KB] Expanded 618 state(s).
[t=0.028473s, 11272 KB] Reopened 139 state(s).
[t=0.0284951s, 11272 KB] Evaluated 723 state(s).
[t=0.0285167s, 11272 KB] Evaluations: 584
[t=0.0285384s, 11272 KB] Generated 2074 state(s).
[t=0.0285609s, 11272 KB] Dead ends: 104 state(s).
[t=0.0285833s, 11272 KB] Number of registered states: 584
[t=0.0286058s, 11272 KB] Int hash set load factor: 584/1024 = 0.570312
[t=0.0286302s, 11272 KB] Int hash set resizes: 10
[t=0.0286536s, 11272 KB] Best solution cost so far: 510256
[t=0.0286763s, 11272 KB] Solution found - keep searching
[t=0.0286982s, 11272 KB] Building successor generator...done!
[t=0.0288056s, 11272 KB] peak memory difference for successor generator creation: 0 KB
[t=0.0288451s, 11272 KB] time for successor generation creation: 0s
[t=0.0288685s, 11272 KB] Variables: 33
[t=0.0288914s, 11272 KB] FactPairs: 104
[t=0.0289181s, 11272 KB] Bytes per state: 8
[t=0.0289405s, 11272 KB] Starting search: lazy_wastar([h],w=3)
[t=0.0289719s, 11272 KB] Conducting lazy best first search, (real) bound = 510256
[t=0.0289943s, 11272 KB] Start Timestep: 1681975280947 millisecond(s).
[t=0.0290183s, 11272 KB] New best heuristic value for lmcut(): 425725
[t=0.0291113s, 11272 KB] g=0, 1 evaluated, 0 expanded
[t=0.0291337s, 11272 KB] Initial heuristic value for lmcut(): 425725
[t=0.0291587s, 11272 KB] New best heuristic value for lmcut(): 425225
[t=0.0292939s, 11272 KB] g=899, 3 evaluated, 2 expanded
[t=0.029317s, 11272 KB] New best heuristic value for lmcut(): 422137
[t=0.0293901s, 11272 KB] g=3987, 4 evaluated, 3 expanded
[t=0.029413s, 11272 KB] New best heuristic value for lmcut(): 411247
[t=0.0295371s, 11272 KB] g=14877, 6 evaluated, 5 expanded
[t=0.0295604s, 11272 KB] New best heuristic value for lmcut(): 410747
[t=0.0297286s, 11272 KB] g=15776, 9 evaluated, 8 expanded
[t=0.0297962s, 11272 KB] New best heuristic value for lmcut(): 407659
[t=0.0299117s, 11272 KB] g=18864, 12 evaluated, 11 expanded
[t=0.0299355s, 11272 KB] New best heuristic value for lmcut(): 288924
[t=0.0304311s, 11272 KB] g=154019, 33 evaluated, 32 expanded, 9 reopened
[t=0.0304555s, 11272 KB] New best heuristic value for lmcut(): 261215
[t=0.0305742s, 11272 KB] g=181728, 36 evaluated, 35 expanded, 9 reopened
[t=0.0305983s, 11272 KB] New best heuristic value for lmcut(): 250008
[t=0.0307098s, 11272 KB] g=192935, 39 evaluated, 38 expanded, 9 reopened
[t=0.0307341s, 11272 KB] New best heuristic value for lmcut(): 246757
[t=0.0307874s, 11272 KB] g=196186, 40 evaluated, 39 expanded, 9 reopened
[t=0.0328559s, 11272 KB] New best heuristic value for lmcut(): 85168
[t=0.0333531s, 11272 KB] g=425487, 125 evaluated, 120 expanded, 9 reopened
[t=0.0333796s, 11272 KB] New best heuristic value for lmcut(): 6249
[t=0.0334188s, 11272 KB] g=504406, 126 evaluated, 121 expanded, 9 reopened
[t=0.0334422s, 11272 KB] New best heuristic value for lmcut(): 2998
[t=0.0334748s, 11272 KB] g=507657, 127 evaluated, 122 expanded, 9 reopened
[t=0.0334971s, 11272 KB] New best heuristic value for lmcut(): 1499
[t=0.0335271s, 11272 KB] g=509156, 128 evaluated, 123 expanded, 9 reopened
[t=0.0802119s, 11536 KB] Completely explored state space -- no solution!
[t=0.08054s, 11536 KB] Actual search time: 0.0515217s
[t=0.0805712s, 11536 KB] Best solution cost so far: 510256
[t=0.0805955s, 11536 KB] No solution found - keep searching
[t=0.080619s, 11536 KB] Building successor generator...done!
[t=0.0807141s, 11536 KB] peak memory difference for successor generator creation: 0 KB
[t=0.0807505s, 11536 KB] time for successor generation creation: 0s
[t=0.0807745s, 11536 KB] Variables: 33
[t=0.0807986s, 11536 KB] FactPairs: 104
[t=0.0808213s, 11536 KB] Bytes per state: 8
[t=0.0808528s, 11536 KB] Starting search: lazy_wastar([h],w=2)
[t=0.0808813s, 11536 KB] Conducting lazy best first search, (real) bound = 510256
[t=0.0809045s, 11536 KB] Start Timestep: 1681975281000 millisecond(s).
[t=0.0809277s, 11536 KB] New best heuristic value for lmcut(): 425725
[t=0.0810211s, 11536 KB] g=0, 1 evaluated, 0 expanded
[t=0.0810438s, 11536 KB] Initial heuristic value for lmcut(): 425725
[t=0.081069s, 11536 KB] New best heuristic value for lmcut(): 425225
[t=0.0812044s, 11536 KB] g=899, 3 evaluated, 2 expanded
[t=0.0812271s, 11536 KB] New best heuristic value for lmcut(): 422137
[t=0.081301s, 11536 KB] g=3987, 4 evaluated, 3 expanded
[t=0.0813284s, 11536 KB] New best heuristic value for lmcut(): 411247
[t=0.0814545s, 11536 KB] g=14877, 6 evaluated, 5 expanded
[t=0.0814776s, 11536 KB] New best heuristic value for lmcut(): 410747
[t=0.081646s, 11536 KB] g=15776, 9 evaluated, 8 expanded
[t=0.0817539s, 11536 KB] New best heuristic value for lmcut(): 407659
[t=0.0818361s, 11536 KB] g=18864, 12 evaluated, 11 expanded
[t=0.0827848s, 11536 KB] New best heuristic value for lmcut(): 288924
[t=0.0833042s, 11536 KB] g=153620, 106 evaluated, 105 expanded, 62 reopened
[t=0.0833293s, 11536 KB] New best heuristic value for lmcut(): 261215
[t=0.0834495s, 11536 KB] g=181329, 109 evaluated, 108 expanded, 62 reopened
[t=0.0834743s, 11536 KB] New best heuristic value for lmcut(): 250008
[t=0.0835866s, 11536 KB] g=192536, 112 evaluated, 111 expanded, 62 reopened
[t=0.0836117s, 11536 KB] New best heuristic value for lmcut(): 246757
[t=0.0836587s, 11536 KB] g=195787, 113 evaluated, 112 expanded, 62 reopened
[t=0.0858006s, 11536 KB] New best heuristic value for lmcut(): 85168
[t=0.0863708s, 11536 KB] g=425088, 203 evaluated, 196 expanded, 62 reopened
[t=0.0863965s, 11536 KB] New best heuristic value for lmcut(): 6249
[t=0.0864345s, 11536 KB] g=504007, 204 evaluated, 197 expanded, 62 reopened
[t=0.0864584s, 11536 KB] New best heuristic value for lmcut(): 2998
[t=0.0864918s, 11536 KB] g=507258, 205 evaluated, 198 expanded, 62 reopened
[t=0.0865154s, 11536 KB] New best heuristic value for lmcut(): 1499
[t=0.0865467s, 11536 KB] g=508757, 206 evaluated, 199 expanded, 62 reopened
[t=0.13087s, 11536 KB] Completely explored state space -- no solution!
[t=0.13121s, 11536 KB] Actual search time: 0.0502826s
[t=0.131241s, 11536 KB] Best solution cost so far: 510256
[t=0.131265s, 11536 KB] No solution found - keep searching
[t=0.131315s, 11536 KB] Building successor generator...done!
[t=0.131392s, 11536 KB] peak memory difference for successor generator creation: 0 KB
[t=0.131428s, 11536 KB] time for successor generation creation: 0s
[t=0.131452s, 11536 KB] Variables: 33
[t=0.131476s, 11536 KB] FactPairs: 104
[t=0.131498s, 11536 KB] Bytes per state: 8
[t=0.13152s, 11536 KB] Starting search: astar(h)
[t=0.131549s, 11536 KB] Conducting best first search with reopening closed nodes, (real) bound = 510256
[t=0.131571s, 11536 KB] New best heuristic value for lmcut(): 425725
[t=0.131662s, 11536 KB] g=0, 1 evaluated, 0 expanded
[t=0.131685s, 11536 KB] f = 425725, 1 evaluated, 0 expanded
[t=0.131708s, 11536 KB] Initial heuristic value for lmcut(): 425725
[t=0.131734s, 11536 KB] pruning method: none
[t=0.131757s, 11536 KB] Start Timestep: 1681975281052 millisecond(s).
[t=0.13178s, 11536 KB] New best heuristic value for lmcut(): 425225
[t=0.131918s, 11536 KB] g=899, 3 evaluated, 2 expanded
[t=0.131942s, 11536 KB] New best heuristic value for lmcut(): 422137
[t=0.132065s, 11536 KB] g=3588, 5 evaluated, 3 expanded
[t=0.132088s, 11536 KB] New best heuristic value for lmcut(): 411247
[t=0.132296s, 11536 KB] g=14478, 9 evaluated, 4 expanded
[t=0.13232s, 11536 KB] New best heuristic value for lmcut(): 410747
[t=0.132522s, 11536 KB] g=15377, 13 evaluated, 5 expanded
[t=0.132547s, 11536 KB] New best heuristic value for lmcut(): 407659
[t=0.132695s, 11536 KB] g=18066, 16 evaluated, 6 expanded
[t=0.132725s, 11536 KB] f = 435594, 37 evaluated, 13 expanded
[t=0.134483s, 11536 KB] f = 442544, 66 evaluated, 23 expanded
[t=0.134771s, 11536 KB] New best heuristic value for lmcut(): 288924
[t=0.134898s, 11536 KB] g=153620, 69 evaluated, 24 expanded
[t=0.134986s, 11536 KB] New best heuristic value for lmcut(): 261215
[t=0.135048s, 11536 KB] g=181329, 72 evaluated, 25 expanded
[t=0.135073s, 11536 KB] New best heuristic value for lmcut(): 250008
[t=0.135211s, 11536 KB] g=192536, 76 evaluated, 26 expanded
[t=0.135235s, 11536 KB] New best heuristic value for lmcut(): 246757
[t=0.13531s, 11536 KB] g=195787, 78 evaluated, 27 expanded
[t=0.135725s, 11536 KB] f = 445463, 113 evaluated, 43 expanded
[t=0.136374s, 11536 KB] f = 452413, 120 evaluated, 45 expanded
[t=0.137804s, 11536 KB] f = 454162, 180 evaluated, 71 expanded
[t=0.138864s, 11536 KB] f = 460406, 203 evaluated, 79 expanded
[t=0.139379s, 11536 KB] f = 462282, 214 evaluated, 83 expanded
[t=0.139871s, 11536 KB] f = 464031, 233 evaluated, 91 expanded
[t=0.140433s, 11536 KB] f = 465052, 246 evaluated, 95 expanded
[t=0.140921s, 11536 KB] f = 468806, 252 evaluated, 98 expanded
[t=0.141116s, 11536 KB] f = 470275, 267 evaluated, 106 expanded
[t=0.141929s, 11536 KB] f = 474921, 285 evaluated, 112 expanded
[t=0.142428s, 11536 KB] f = 476259, 287 evaluated, 113 expanded
[t=0.142959s, 11536 KB] f = 478675, 320 evaluated, 134 expanded
[t=0.143997s, 11536 KB] f = 479696, 329 evaluated, 138 expanded
[t=0.144368s, 11536 KB] f = 480144, 329 evaluated, 141 expanded
[t=0.1444s, 11536 KB] f = 481871, 336 evaluated, 143 expanded
[t=0.144676s, 11536 KB] f = 483196, 347 evaluated, 148 expanded
[t=0.145006s, 11536 KB] f = 486128, 358 evaluated, 152 expanded
[t=0.145273s, 11536 KB] f = 489565, 375 evaluated, 161 expanded
[t=0.146055s, 11536 KB] f = 491740, 375 evaluated, 162 expanded
[t=0.146085s, 11536 KB] f = 493065, 383 evaluated, 166 expanded
[t=0.146282s, 11536 KB] f = 493078, 390 evaluated, 168 expanded
[t=0.148106s, 11536 KB] f = 493437, 441 evaluated, 199 expanded
[t=0.14831s, 11536 KB] New best heuristic value for lmcut(): 246070
[t=0.148367s, 11536 KB] g=247367, 442 evaluated, 200 expanded
[t=0.148391s, 11536 KB] New best heuristic value for lmcut(): 167151
[t=0.14845s, 11536 KB] g=326286, 444 evaluated, 201 expanded
[t=0.148473s, 11536 KB] New best heuristic value for lmcut(): 163900
[t=0.148609s, 11536 KB] g=329537, 448 evaluated, 202 expanded
[t=0.148633s, 11536 KB] New best heuristic value for lmcut(): 162401
[t=0.14877s, 11536 KB] g=331036, 452 evaluated, 203 expanded
[t=0.14907s, 11536 KB] f = 493489, 474 evaluated, 214 expanded
[t=0.149398s, 11536 KB] f = 496515, 479 evaluated, 216 expanded
[t=0.149531s, 11536 KB] f = 497840, 481 evaluated, 221 expanded
[t=0.149652s, 11536 KB] f = 499733, 484 evaluated, 225 expanded
[t=0.149799s, 11536 KB] f = 502897, 486 evaluated, 226 expanded
[t=0.150068s, 11536 KB] f = 502947, 494 evaluated, 230 expanded
[t=0.15111s, 11536 KB] f = 503306, 523 evaluated, 250 expanded
[t=0.151311s, 11536 KB] f = 504696, 552 evaluated, 264 expanded
[t=0.152137s, 11536 KB] f = 505293, 563 evaluated, 270 expanded
[t=0.153176s, 11536 KB] f = 506384, 598 evaluated, 286 expanded
[t=0.153672s, 11536 KB] f = 507709, 599 evaluated, 290 expanded
[t=0.153748s, 11536 KB] f = 508133, 602 evaluated, 292 expanded
[t=0.153889s, 11536 KB] f = 509602, 608 evaluated, 296 expanded
[t=0.15406s, 11536 KB] f = 510256, 610 evaluated, 297 expanded
[t=0.154127s, 11536 KB] New best heuristic value for lmcut(): 43666
[t=0.154169s, 11536 KB] g=466590, 611 evaluated, 298 expanded
[t=0.154193s, 11536 KB] New best heuristic value for lmcut(): 15957
[t=0.15423s, 11536 KB] g=494299, 612 evaluated, 299 expanded
[t=0.154275s, 11536 KB] New best heuristic value for lmcut(): 4750
[t=0.154317s, 11536 KB] g=505506, 614 evaluated, 300 expanded
[t=0.15434s, 11536 KB] New best heuristic value for lmcut(): 1499
[t=0.15437s, 11536 KB] g=508757, 615 evaluated, 301 expanded
[t=0.154393s, 11536 KB] f = 510940, 653 evaluated, 322 expanded
[t=0.155137s, 11536 KB] f = 512766, 659 evaluated, 325 expanded
[t=0.155373s, 11536 KB] f = 513175, 664 evaluated, 327 expanded
[t=0.155581s, 11536 KB] f = 514377, 670 evaluated, 330 expanded
[t=0.155783s, 11536 KB] f = 515112, 671 evaluated, 331 expanded
[t=0.155853s, 11536 KB] f = 515162, 679 evaluated, 335 expanded
[t=0.156136s, 11536 KB] f = 515586, 697 evaluated, 343 expanded
[t=0.156682s, 11536 KB] f = 519340, 702 evaluated, 346 expanded
[t=0.156827s, 11536 KB] f = 520125, 707 evaluated, 352 expanded
[t=0.157155s, 11536 KB] f = 520809, 760 evaluated, 386 expanded
[t=0.158195s, 11536 KB] f = 521874, 766 evaluated, 389 expanded
[t=0.158381s, 11536 KB] f = 522523, 790 evaluated, 399 expanded
[t=0.158914s, 11536 KB] f = 522777, 792 evaluated, 400 expanded
[t=0.158952s, 11536 KB] f = 524246, 793 evaluated, 402 expanded
[t=0.159024s, 11536 KB] f = 524981, 794 evaluated, 403 expanded
[t=0.159195s, 11536 KB] f = 526793, 799 evaluated, 405 expanded
[t=0.159242s, 11536 KB] f = 528118, 803 evaluated, 414 expanded
[t=0.159517s, 11536 KB] f = 529994, 813 evaluated, 419 expanded
[t=0.159775s, 11536 KB] f = 530230, 829 evaluated, 430 expanded
[t=0.160138s, 11536 KB] f = 531743, 829 evaluated, 433 expanded
[t=0.160171s, 11536 KB] f = 532405, 843 evaluated, 439 expanded
[t=0.160516s, 11536 KB] f = 533679, 851 evaluated, 443 expanded
[t=0.16074s, 11536 KB] f = 533730, 857 evaluated, 446 expanded
[t=0.160925s, 11536 KB] f = 536518, 863 evaluated, 449 expanded
[t=0.161172s, 11536 KB] f = 537167, 878 evaluated, 459 expanded
[t=0.161543s, 11536 KB] f = 537987, 880 evaluated, 461 expanded
[t=0.161883s, 11536 KB] f = 542224, 894 evaluated, 469 expanded
[t=0.161969s, 11536 KB] f = 543548, 897 evaluated, 470 expanded
[t=0.162091s, 11536 KB] f = 543612, 899 evaluated, 471 expanded
[t=0.162176s, 11536 KB] f = 543971, 910 evaluated, 483 expanded
[t=0.164241s, 11536 KB] f = 544620, 960 evaluated, 513 expanded
[t=0.164288s, 11536 KB] f = 546387, 968 evaluated, 517 expanded
[t=0.164478s, 11536 KB] f = 547049, 977 evaluated, 523 expanded
[t=0.16475s, 11536 KB] f = 547856, 978 evaluated, 527 expanded
[t=0.164831s, 11536 KB] f = 548323, 983 evaluated, 530 expanded
[t=0.164986s, 11536 KB] f = 548374, 983 evaluated, 533 expanded
[t=0.165019s, 11536 KB] f = 550498, 983 evaluated, 536 expanded
[t=0.165216s, 11536 KB] f = 550908, 995 evaluated, 541 expanded
[t=0.165341s, 11536 KB] f = 551811, 1007 evaluated, 546 expanded
[t=0.165564s, 11536 KB] f = 553431, 1007 evaluated, 547 expanded
[t=0.165681s, 11536 KB] f = 553790, 1010 evaluated, 550 expanded
[t=0.166226s, 11536 KB] f = 553840, 1025 evaluated, 556 expanded
[t=0.166412s, 11536 KB] f = 554439, 1045 evaluated, 570 expanded
[t=0.167075s, 11536 KB] f = 555776, 1048 evaluated, 571 expanded
[t=0.167242s, 11536 KB] f = 555827, 1076 evaluated, 583 expanded
[t=0.16828s, 11536 KB] f = 556868, 1087 evaluated, 595 expanded
[t=0.168637s, 11536 KB] f = 558192, 1088 evaluated, 596 expanded
[t=0.168712s, 11536 KB] f = 559264, 1088 evaluated, 597 expanded
[t=0.16874s, 11536 KB] f = 560367, 1089 evaluated, 601 expanded
[t=0.168778s, 11536 KB] f = 560777, 1097 evaluated, 605 expanded
[t=0.168973s, 11536 KB] f = 560790, 1104 evaluated, 608 expanded
[t=0.169531s, 11536 KB] f = 561423, 1125 evaluated, 633 expanded
[t=0.169674s, 11536 KB] f = 562116, 1131 evaluated, 636 expanded
[t=0.169918s, 11536 KB] f = 563659, 1136 evaluated, 638 expanded
[t=0.17004s, 11536 KB] f = 565142, 1142 evaluated, 640 expanded
[t=0.170279s, 11536 KB] f = 565552, 1143 evaluated, 645 expanded
[t=0.170358s, 11536 KB] f = 565595, 1146 evaluated, 649 expanded
[t=0.170476s, 11536 KB] f = 565645, 1155 evaluated, 652 expanded
[t=0.170843s, 11536 KB] f = 565646, 1163 evaluated, 656 expanded
[t=0.171187s, 11536 KB] f = 568360, 1166 evaluated, 659 expanded
[t=0.171279s, 11536 KB] f = 569083, 1169 evaluated, 660 expanded
[t=0.171344s, 11536 KB] f = 570609, 1170 evaluated, 661 expanded
[t=0.171378s, 11536 KB] f = 570659, 1177 evaluated, 667 expanded
[t=0.171588s, 11536 KB] f = 571242, 1197 evaluated, 689 expanded
[t=0.172244s, 11536 KB] f = 571292, 1203 evaluated, 692 expanded
[t=0.17237s, 11536 KB] f = 572408, 1206 evaluated, 693 expanded
[t=0.172504s, 11536 KB] f = 572595, 1229 evaluated, 703 expanded
[t=0.173284s, 11536 KB] f = 573005, 1239 evaluated, 715 expanded
[t=0.173521s, 11536 KB] f = 575011, 1251 evaluated, 726 expanded
[t=0.173779s, 11536 KB] f = 575421, 1251 evaluated, 729 expanded
[t=0.173812s, 11536 KB] f = 575464, 1252 evaluated, 731 expanded
[t=0.173848s, 11536 KB] f = 576760, 1255 evaluated, 732 expanded
[t=0.173983s, 11536 KB] f = 578098, 1261 evaluated, 736 expanded
[t=0.174143s, 11536 KB] f = 578229, 1264 evaluated, 739 expanded
[t=0.174245s, 11536 KB] f = 578242, 1266 evaluated, 740 expanded
[t=0.174283s, 11536 KB] f = 578652, 1267 evaluated, 742 expanded
[t=0.174342s, 11536 KB] f = 580478, 1267 evaluated, 744 expanded
[t=0.174372s, 11536 KB] f = 581111, 1272 evaluated, 749 expanded
[t=0.174539s, 11536 KB] f = 582227, 1275 evaluated, 750 expanded
[t=0.174675s, 11536 KB] f = 582414, 1286 evaluated, 754 expanded
[t=0.175023s, 11536 KB] f = 582464, 1289 evaluated, 756 expanded
[t=0.175224s, 11536 KB] f = 582824, 1298 evaluated, 767 expanded
[t=0.175458s, 11536 KB] f = 582874, 1301 evaluated, 769 expanded
[t=0.175504s, 11536 KB] f = 583004, 1312 evaluated, 778 expanded
[t=0.175724s, 11536 KB] f = 584213, 1312 evaluated, 779 expanded
[t=0.176235s, 11536 KB] f = 587052, 1336 evaluated, 790 expanded
[t=0.176475s, 11536 KB] f = 587184, 1350 evaluated, 800 expanded
[t=0.177265s, 11536 KB] f = 587967, 1363 evaluated, 808 expanded
[t=0.177324s, 11536 KB] f = 588061, 1367 evaluated, 812 expanded
[t=0.177391s, 11536 KB] f = 588111, 1368 evaluated, 814 expanded
[t=0.177453s, 11536 KB] f = 588521, 1369 evaluated, 816 expanded
[t=0.177512s, 11536 KB] f = 589860, 1369 evaluated, 818 expanded
[t=0.17754s, 11536 KB] f = 590457, 1374 evaluated, 820 expanded
[t=0.177715s, 11536 KB] f = 591150, 1375 evaluated, 822 expanded
[t=0.177787s, 11536 KB] f = 591404, 1377 evaluated, 823 expanded
[t=0.177823s, 11536 KB] f = 592283, 1378 evaluated, 825 expanded
[t=0.177887s, 11536 KB] f = 592693, 1379 evaluated, 827 expanded
[t=0.177948s, 11536 KB] f = 592873, 1382 evaluated, 829 expanded
[t=0.177994s, 11536 KB] f = 594032, 1382 evaluated, 830 expanded
[t=0.178199s, 11536 KB] f = 594505, 1388 evaluated, 832 expanded
[t=0.178254s, 11536 KB] f = 594917, 1404 evaluated, 847 expanded
[t=0.178873s, 11536 KB] f = 596871, 1410 evaluated, 852 expanded
[t=0.179219s, 11536 KB] f = 597053, 1417 evaluated, 856 expanded
[t=0.179253s, 11536 KB] f = 597836, 1437 evaluated, 868 expanded
[t=0.179753s, 11536 KB] f = 597930, 1438 evaluated, 869 expanded
[t=0.17979s, 11536 KB] f = 598857, 1439 evaluated, 870 expanded
[t=0.18023s, 11536 KB] f = 599679, 1450 evaluated, 881 expanded
[t=0.180298s, 11536 KB] f = 600326, 1455 evaluated, 883 expanded
[t=0.180475s, 11536 KB] f = 601032, 1456 evaluated, 885 expanded
[t=0.18055s, 11536 KB] f = 601442, 1457 evaluated, 886 expanded
[t=0.180582s, 11536 KB] f = 604324, 1458 evaluated, 887 expanded
[t=0.180788s, 11536 KB] f = 604504, 1466 evaluated, 893 expanded
[t=0.180959s, 11536 KB] f = 604786, 1469 evaluated, 895 expanded
[t=0.18121s, 11536 KB] f = 605794, 1480 evaluated, 904 expanded
[t=0.181264s, 11536 KB] f = 606310, 1482 evaluated, 906 expanded
[t=0.181529s, 11536 KB] f = 606535, 1495 evaluated, 918 expanded
[t=0.181864s, 11536 KB] f = 606922, 1498 evaluated, 920 expanded
[t=0.181915s, 11536 KB] f = 608676, 1505 evaluated, 924 expanded
[t=0.182148s, 11536 KB] f = 611324, 1509 evaluated, 926 expanded
[t=0.182312s, 11536 KB] f = 611957, 1509 evaluated, 927 expanded
[t=0.18234s, 11536 KB] f = 612779, 1512 evaluated, 930 expanded
[t=0.182477s, 11536 KB] f = 613247, 1514 evaluated, 931 expanded
[t=0.182545s, 11536 KB] f = 614323, 1517 evaluated, 933 expanded
[t=0.182631s, 11536 KB] f = 614655, 1520 evaluated, 935 expanded
[t=0.182766s, 11536 KB] f = 615676, 1525 evaluated, 939 expanded
[t=0.182863s, 11536 KB] f = 616086, 1525 evaluated, 940 expanded
[t=0.18289s, 11536 KB] f = 616129, 1525 evaluated, 941 expanded
[t=0.183112s, 11536 KB] f = 616404, 1530 evaluated, 944 expanded
[t=0.183157s, 11536 KB] f = 621179, 1533 evaluated, 946 expanded
[t=0.183206s, 11536 KB] f = 621776, 1535 evaluated, 948 expanded
[t=0.18325s, 11536 KB] f = 622648, 1538 evaluated, 951 expanded
[t=0.18339s, 11536 KB] f = 623129, 1542 evaluated, 953 expanded
[t=0.1835s, 11536 KB] f = 623539, 1542 evaluated, 954 expanded
[t=0.183527s, 11536 KB] f = 626511, 1542 evaluated, 955 expanded
[t=0.183554s, 11536 KB] f = 627891, 1546 evaluated, 957 expanded
[t=0.183635s, 11536 KB] f = 628632, 1546 evaluated, 959 expanded
[t=0.183663s, 11536 KB] f = 631048, 1549 evaluated, 962 expanded
[t=0.183713s, 11536 KB] f = 632517, 1551 evaluated, 964 expanded
[t=0.183761s, 11536 KB] f = 635344, 1553 evaluated, 965 expanded
[t=0.183831s, 11536 KB] f = 635569, 1553 evaluated, 966 expanded
[t=0.183856s, 11536 KB] f = 636380, 1555 evaluated, 967 expanded
[t=0.183893s, 11536 KB] f = 637718, 1559 evaluated, 969 expanded
[t=0.184026s, 11536 KB] f = 638501, 1564 evaluated, 975 expanded
[t=0.184105s, 11536 KB] f = 641155, 1567 evaluated, 978 expanded
[t=0.184157s, 11536 KB] f = 645438, 1568 evaluated, 980 expanded
[t=0.184193s, 11536 KB] f = 645451, 1570 evaluated, 981 expanded
[t=0.184232s, 11536 KB] f = 645861, 1575 evaluated, 985 expanded
[t=0.184345s, 11536 KB] f = 647587, 1579 evaluated, 989 expanded
[t=0.184404s, 11536 KB] f = 650213, 1584 evaluated, 995 expanded
[t=0.184527s, 11536 KB] f = 651024, 1585 evaluated, 996 expanded
[t=0.18456s, 11536 KB] f = 654896, 1586 evaluated, 998 expanded
[t=0.184594s, 11536 KB] f = 655270, 1591 evaluated, 1005 expanded
[t=0.184673s, 11536 KB] f = 655320, 1593 evaluated, 1006 expanded
[t=0.18475s, 11536 KB] f = 655680, 1598 evaluated, 1010 expanded
[t=0.184849s, 11536 KB] f = 655730, 1602 evaluated, 1014 expanded
[t=0.184906s, 11536 KB] f = 657666, 1604 evaluated, 1016 expanded
[t=0.184954s, 11536 KB] f = 660082, 1609 evaluated, 1020 expanded
[t=0.185014s, 11536 KB] f = 664765, 1610 evaluated, 1021 expanded
[t=0.185047s, 11536 KB] f = 665139, 1620 evaluated, 1033 expanded
[t=0.185177s, 11536 KB] f = 665549, 1622 evaluated, 1034 expanded
[t=0.185257s, 11536 KB] f = 667485, 1624 evaluated, 1036 expanded
[t=0.185299s, 11536 KB] f = 667535, 1626 evaluated, 1037 expanded
[t=0.185336s, 11536 KB] f = 674634, 1631 evaluated, 1041 expanded
[t=0.185395s, 11536 KB] f = 677354, 1636 evaluated, 1046 expanded
[t=0.185473s, 11536 KB] f = 685188, 1638 evaluated, 1047 expanded
[t=0.185509s, 11536 KB] f = 695007, 1640 evaluated, 1048 expanded
[t=0.185547s, 11536 KB] f = 695138, 1642 evaluated, 1049 expanded
[t=0.185583s, 11536 KB] f = 696344, 1643 evaluated, 1050 expanded
[t=0.185614s, 11536 KB] f = 696395, 1646 evaluated, 1053 expanded
[t=0.185665s, 11536 KB] f = 696754, 1649 evaluated, 1056 expanded
[t=0.185712s, 11536 KB] f = 699832, 1652 evaluated, 1059 expanded
[t=0.185759s, 11536 KB] f = 705007, 1653 evaluated, 1060 expanded
[t=0.185791s, 11536 KB] f = 705430, 1654 evaluated, 1061 expanded
[t=0.185822s, 11536 KB] f = 706163, 1656 evaluated, 1066 expanded
[t=0.185916s, 11536 KB] f = 706213, 1659 evaluated, 1069 expanded
[t=0.185965s, 11536 KB] f = 706214, 1660 evaluated, 1070 expanded
[t=0.185998s, 11536 KB] f = 706573, 1663 evaluated, 1073 expanded
[t=0.186045s, 11536 KB] f = 706623, 1666 evaluated, 1076 expanded
[t=0.186098s, 11536 KB] f = 709651, 1667 evaluated, 1077 expanded
[t=0.186131s, 11536 KB] f = 709782, 1668 evaluated, 1078 expanded
[t=0.186164s, 11536 KB] f = 713163, 1668 evaluated, 1079 expanded
[t=0.186191s, 11536 KB] f = 713573, 1669 evaluated, 1081 expanded
[t=0.186226s, 11536 KB] f = 715249, 1672 evaluated, 1085 expanded
[t=0.186274s, 11536 KB] f = 715299, 1674 evaluated, 1087 expanded
[t=0.186366s, 11536 KB] f = 716032, 1676 evaluated, 1092 expanded
[t=0.186453s, 11536 KB] f = 716442, 1677 evaluated, 1093 expanded
[t=0.186487s, 11536 KB] f = 717235, 1678 evaluated, 1094 expanded
[t=0.186521s, 11536 KB] f = 719651, 1679 evaluated, 1098 expanded
[t=0.18658s, 11536 KB] f = 722882, 1679 evaluated, 1099 expanded
[t=0.186607s, 11536 KB] f = 722982, 1680 evaluated, 1100 expanded
[t=0.186655s, 11536 KB] f = 723032, 1681 evaluated, 1102 expanded
[t=0.18669s, 11536 KB] f = 723392, 1682 evaluated, 1104 expanded
[t=0.186734s, 11536 KB] f = 723442, 1685 evaluated, 1108 expanded
[t=0.186784s, 11536 KB] f = 724781, 1688 evaluated, 1112 expanded
[t=0.186833s, 11536 KB] f = 725118, 1690 evaluated, 1114 expanded
[t=0.186873s, 11536 KB] f = 725191, 1692 evaluated, 1116 expanded
[t=0.186961s, 11536 KB] f = 727054, 1694 evaluated, 1118 expanded
[t=0.187002s, 11536 KB] f = 727104, 1695 evaluated, 1119 expanded
[t=0.187058s, 11536 KB] f = 732701, 1696 evaluated, 1123 expanded
[t=0.187116s, 11536 KB] f = 732751, 1697 evaluated, 1124 expanded
[t=0.18717s, 11536 KB] f = 732851, 1698 evaluated, 1125 expanded
[t=0.18722s, 11536 KB] f = 733261, 1698 evaluated, 1126 expanded
[t=0.187246s, 11536 KB] f = 734600, 1700 evaluated, 1129 expanded
[t=0.187289s, 11536 KB] f = 735010, 1702 evaluated, 1131 expanded
[t=0.187329s, 11536 KB] f = 736923, 1704 evaluated, 1133 expanded
[t=0.187367s, 11536 KB] f = 739425, 1705 evaluated, 1134 expanded
[t=0.187423s, 11536 KB] f = 739557, 1706 evaluated, 1136 expanded
[t=0.187459s, 11536 KB] f = 739835, 1717 evaluated, 1142 expanded
[t=0.187558s, 11536 KB] f = 739967, 1718 evaluated, 1144 expanded
[t=0.187601s, 11536 KB] f = 742570, 1722 evaluated, 1148 expanded
[t=0.187655s, 11536 KB] f = 746878, 1723 evaluated, 1149 expanded
[t=0.187715s, 11536 KB] f = 747288, 1723 evaluated, 1152 expanded
[t=0.187749s, 11536 KB] f = 749244, 1723 evaluated, 1155 expanded
[t=0.187778s, 11536 KB] f = 749426, 1723 evaluated, 1157 expanded
[t=0.187806s, 11536 KB] f = 749654, 1741 evaluated, 1167 expanded
[t=0.187949s, 11536 KB] f = 749836, 1741 evaluated, 1169 expanded
[t=0.187978s, 11536 KB] f = 756697, 1747 evaluated, 1175 expanded
[t=0.188046s, 11536 KB] f = 757107, 1747 evaluated, 1178 expanded
[t=0.188075s, 11536 KB] f = 759295, 1747 evaluated, 1181 expanded
[t=0.188105s, 11536 KB] f = 759705, 1754 evaluated, 1185 expanded
[t=0.188174s, 11536 KB] f = 778884, 1756 evaluated, 1187 expanded
[t=0.188213s, 11536 KB] f = 779294, 1759 evaluated, 1188 expanded
[t=0.188255s, 11536 KB] f = 788753, 1761 evaluated, 1189 expanded
[t=0.18829s, 11536 KB] f = 789163, 1764 evaluated, 1190 expanded
[t=0.188331s, 11536 KB] f = 790091, 1766 evaluated, 1191 expanded
[t=0.188366s, 11536 KB] f = 790501, 1772 evaluated, 1194 expanded
[t=0.188422s, 11536 KB] f = 793528, 1775 evaluated, 1197 expanded
[t=0.188463s, 11536 KB] f = 793938, 1777 evaluated, 1198 expanded
[t=0.188502s, 11536 KB] f = 798234, 1778 evaluated, 1199 expanded
[t=0.188534s, 11536 KB] f = 799960, 1780 evaluated, 1200 expanded
[t=0.188572s, 11536 KB] f = 800370, 1786 evaluated, 1203 expanded
[t=0.188627s, 11536 KB] f = 803397, 1789 evaluated, 1206 expanded
[t=0.188669s, 11536 KB] f = 803807, 1791 evaluated, 1207 expanded
[t=0.188704s, 11536 KB] f = 807269, 1792 evaluated, 1208 expanded
[t=0.188733s, 11536 KB] f = 807679, 1795 evaluated, 1212 expanded
[t=0.188782s, 11536 KB] f = 808053, 1797 evaluated, 1215 expanded
[t=0.188822s, 11536 KB] f = 808103, 1799 evaluated, 1216 expanded
[t=0.188861s, 11536 KB] f = 817138, 1801 evaluated, 1217 expanded
[t=0.188899s, 11536 KB] f = 817548, 1807 evaluated, 1221 expanded
[t=0.188961s, 11536 KB] f = 817922, 1811 evaluated, 1225 expanded
[t=0.189012s, 11536 KB] f = 827007, 1813 evaluated, 1226 expanded
[t=0.189049s, 11536 KB] f = 827417, 1816 evaluated, 1228 expanded
[t=0.189092s, 11536 KB] f = 840984, 1818 evaluated, 1230 expanded
[t=0.189129s, 11536 KB] f = 847511, 1818 evaluated, 1236 expanded
[t=0.189164s, 11536 KB] f = 847921, 1819 evaluated, 1237 expanded
[t=0.189195s, 11536 KB] f = 850803, 1819 evaluated, 1238 expanded
[t=0.18922s, 11536 KB] f = 850853, 1819 evaluated, 1244 expanded
[t=0.189254s, 11536 KB] f = 857803, 1819 evaluated, 1246 expanded
[t=0.189281s, 11536 KB] f = 858213, 1819 evaluated, 1249 expanded
[t=0.189308s, 11536 KB] f = 860672, 1819 evaluated, 1250 expanded
[t=0.189332s, 11536 KB] f = 867622, 1819 evaluated, 1252 expanded
[t=0.189366s, 11536 KB] f = 867672, 1819 evaluated, 1255 expanded
[t=0.189394s, 11536 KB] f = 868032, 1819 evaluated, 1258 expanded
[t=0.189421s, 11536 KB] f = 868082, 1819 evaluated, 1259 expanded
[t=0.189446s, 11536 KB] f = 869421, 1819 evaluated, 1260 expanded
[t=0.189472s, 11536 KB] f = 877491, 1821 evaluated, 1264 expanded
[t=0.189512s, 11536 KB] f = 877901, 1821 evaluated, 1267 expanded
[t=0.18954s, 11536 KB] f = 879240, 1821 evaluated, 1268 expanded
[t=0.189565s, 11536 KB] f = 884065, 1823 evaluated, 1272 expanded
[t=0.189608s, 11536 KB] f = 891518, 1823 evaluated, 1276 expanded
[t=0.189638s, 11536 KB] f = 891930, 1823 evaluated, 1282 expanded
[t=0.189671s, 11536 KB] f = 892340, 1826 evaluated, 1283 expanded
[t=0.189716s, 11536 KB] f = 893884, 1828 evaluated, 1284 expanded
[t=0.189752s, 11536 KB] f = 901337, 1828 evaluated, 1288 expanded
[t=0.189783s, 11536 KB] f = 901799, 1828 evaluated, 1294 expanded
[t=0.189816s, 11536 KB] f = 902209, 1834 evaluated, 1296 expanded
[t=0.189876s, 11536 KB] f = 911668, 1838 evaluated, 1298 expanded
[t=0.189925s, 11536 KB] f = 912078, 1841 evaluated, 1299 expanded
[t=0.18997s, 11536 KB] f = 1002443, 1843 evaluated, 1300 expanded
[t=0.190007s, 11536 KB] f = 1012262, 1843 evaluated, 1302 expanded
[t=0.190034s, 11536 KB] f = 1012312, 1843 evaluated, 1304 expanded
[t=0.190061s, 11536 KB] f = 1022131, 1843 evaluated, 1306 expanded
[t=0.190088s, 11536 KB] Completely explored state space -- no solution!
[t=0.190114s, 11536 KB] Actual search time: 0.0583335s
[t=0.190138s, 11536 KB] Best solution cost so far: 510256
[t=0.190166s, 11536 KB] No solution found - keep searching
[t=0.190188s, 11536 KB] Optimal Solution: found
[t=0.190217s, 11536 KB] Actual search time: 0.185225s
[t=0.190241s, 11536 KB] Cumulative statistics:
[t=0.190241s, 11536 KB] Timestamp: 1681975281114 millisecond(s).
[t=0.190241s, 11536 KB] Expanded 6111 state(s).
[t=0.190241s, 11536 KB] Reopened 1591 state(s).
[t=0.190241s, 11536 KB] Evaluated 7827 state(s).
[t=0.190241s, 11536 KB] Evaluations: 6236
[t=0.190241s, 11536 KB] Generated 20134 state(s).
[t=0.190241s, 11536 KB] Dead ends: 0 state(s).
[t=0.190241s, 11536 KB] Search time: 0.185328s
[t=0.190241s, 11536 KB] Total time: 0.190241s
Solution found.
Peak memory: 11536 KB
Remove intermediate file output.sas
search exit code: 0

INFO     Running validate.
INFO     validate stdin: None
INFO     validate time limit: None
INFO     validate memory limit: None
INFO     validate command line string: validate domain.pddl problem.pddl sas_plan.1 sas_plan.2
Checking plan: sas_plan.1
Plan executed successfully - checking goal
Plan valid
Final value: 510655 
Checking plan: sas_plan.2
Plan executed successfully - checking goal
Plan valid
Final value: 510256 

Successful plans:
Value: 510256
 sas_plan.2 510256 

Value: 510655
 sas_plan.1 510655 

validate exit code: 0

INFO     Planner time: 0.31s
