INFO     planner time limit: 900s
INFO     planner memory limit: 3584 MB

INFO     Running translator.
INFO     translator stdin: None
INFO     translator time limit: 899s
INFO     translator memory limit: 3584 MB
INFO     translator command line string: /usr/local/downward-projects/downward/experiments/.venv/bin/python3 /usr/local/downward-projects/downward/experiments/src/thesis/data/thesis-thesis_exp/code-f7a4f68fd467cf7cff4d3dfcfdfcfa2023e44324_e5e41175/builds/release/bin/translate/translate.py domain.pddl problem.pddl --sas-file output.sas
Parsing...
Parsing: [0.000s CPU, 0.007s wall-clock]
Normalizing task... [0.000s CPU, 0.000s wall-clock]
Instantiating...
Generating Datalog program... [0.010s CPU, 0.002s wall-clock]
Normalizing Datalog program...
Normalizing Datalog program: [0.000s CPU, 0.001s wall-clock]
Preparing model... [0.000s CPU, 0.003s wall-clock]
Generated 26 rules.
Computing model... [0.200s CPU, 0.189s wall-clock]
18338 relevant atoms
15310 auxiliary atoms
33648 final queue length
64160 total queue pushes
Completing instantiation... [0.600s CPU, 0.608s wall-clock]
Instantiating: [0.810s CPU, 0.812s wall-clock]
Computing fact groups...
Finding invariants...
9 initial candidates
Finding invariants: [0.010s CPU, 0.009s wall-clock]
Checking invariant weight... [0.000s CPU, 0.000s wall-clock]
Instantiating groups... [0.000s CPU, 0.003s wall-clock]
Collecting mutex groups... [0.000s CPU, 0.001s wall-clock]
Choosing groups...
0 uncovered facts
Choosing groups: [0.000s CPU, 0.001s wall-clock]
Building translation key... [0.000s CPU, 0.001s wall-clock]
Computing fact groups: [0.020s CPU, 0.020s wall-clock]
Building STRIPS to SAS dictionary... [0.000s CPU, 0.000s wall-clock]
Building dictionary for full mutex groups... [0.000s CPU, 0.000s wall-clock]
Building mutex information...
Building mutex information: [0.000s CPU, 0.000s wall-clock]
Translating task...
Processing axioms...
Simplifying axioms... [0.000s CPU, 0.000s wall-clock]
Translator axioms removed by simplifying: 0
Computing negative axioms... [0.000s CPU, 0.000s wall-clock]
Processing axioms: [0.020s CPU, 0.022s wall-clock]
Translating task: [0.540s CPU, 0.543s wall-clock]
0 effect conditions simplified
0 implied preconditions added
Detecting unreachable propositions...
0 operators removed
0 axioms removed
14 propositions removed
Detecting unreachable propositions: [0.340s CPU, 0.345s wall-clock]
Reordering and filtering variables...
14 of 14 variables necessary.
0 of 14 mutex groups necessary.
16320 of 16320 operators necessary.
0 of 0 axiom rules necessary.
Reordering and filtering variables: [0.060s CPU, 0.055s wall-clock]
Translator variables: 14
Translator derived variables: 0
Translator facts: 1182
Translator goal facts: 10
Translator mutex groups: 0
Translator total mutex groups size: 0
Translator operators: 16320
Translator axioms: 0
Translator task size: 96246
Translator peak memory: 97112 KB
Writing output... [0.070s CPU, 0.073s wall-clock]
Done! [1.860s CPU, 1.884s wall-clock]
translate exit code: 0

INFO     Running search (release).
INFO     search stdin: output.sas
INFO     search time limit: 898s
INFO     search memory limit: 3584 MB
INFO     search command line string: /usr/local/downward-projects/downward/experiments/src/thesis/data/thesis-thesis_exp/code-f7a4f68fd467cf7cff4d3dfcfdfcfa2023e44324_e5e41175/builds/release/bin/downward --evaluator 'h=ff()' --search 'eager(alt([type_based([h, g()], random_seed=-1), single(h)]))' --internal-plan-file sas_plan < output.sas
[t=0.0010516s, 11000 KB] reading input...
[t=0.0534771s, 16220 KB] done reading input!
[t=0.0592584s, 18320 KB] Simplifying 31680 unary operators... done! [31680 unary operators]
[t=0.0827541s, 21096 KB] time to simplify: 0.0245491s
[t=0.0839756s, 21096 KB] Initializing additive heuristic...
[t=0.0845872s, 21096 KB] Initializing FF heuristic...
[t=0.0846146s, 21096 KB] Building successor generator...done!
[t=0.090979s, 21628 KB] peak memory difference for successor generator creation: 532 KB
[t=0.0910486s, 21628 KB] time for successor generation creation: 0.00530247s
[t=0.0910743s, 21628 KB] Variables: 14
[t=0.0911038s, 21628 KB] FactPairs: 1182
[t=0.091127s, 21628 KB] Bytes per state: 12
[t=0.0911507s, 21628 KB] Conducting best first search without reopening closed nodes, (real) bound = 2147483647
[t=0.0912135s, 21628 KB] New best heuristic value for ff(): 1530
[t=0.0918121s, 21628 KB] g=0, 1 evaluated, 0 expanded
[t=0.0918399s, 21628 KB] Initial heuristic value for ff(): 1530
[t=0.0918703s, 21628 KB] pruning method: none
[t=0.0918948s, 21628 KB] Start Timestep: 1684320041629 millisecond(s).
[t=0.0951281s, 21628 KB] New best heuristic value for ff(): 1437
[t=0.0953588s, 21628 KB] g=26, 8 evaluated, 1 expanded
[t=0.0961516s, 21628 KB] New best heuristic value for ff(): 1369
[t=0.0964397s, 21628 KB] g=24, 10 evaluated, 1 expanded
[t=0.101481s, 21628 KB] New best heuristic value for ff(): 1355
[t=0.102422s, 21628 KB] g=40, 22 evaluated, 2 expanded
[t=0.138047s, 21628 KB] New best heuristic value for ff(): 1354
[t=0.138872s, 21628 KB] g=128, 98 evaluated, 12 expanded
[t=0.142225s, 21628 KB] New best heuristic value for ff(): 1352
[t=0.142735s, 21628 KB] g=100, 106 evaluated, 13 expanded
[t=0.147452s, 21628 KB] New best heuristic value for ff(): 1351
[t=0.148257s, 21628 KB] g=101, 117 evaluated, 14 expanded
[t=0.161085s, 21628 KB] New best heuristic value for ff(): 1350
[t=0.161588s, 21628 KB] g=139, 145 evaluated, 18 expanded
[t=0.172553s, 21628 KB] New best heuristic value for ff(): 1332
[t=0.172997s, 21628 KB] g=262, 168 evaluated, 22 expanded
[t=0.174625s, 21628 KB] New best heuristic value for ff(): 1325
[t=0.175328s, 21628 KB] g=392, 172 evaluated, 22 expanded
[t=0.19244s, 21628 KB] New best heuristic value for ff(): 1315
[t=0.193028s, 21628 KB] g=426, 203 evaluated, 26 expanded
[t=0.194497s, 21628 KB] New best heuristic value for ff(): 1295
[t=0.195505s, 21628 KB] g=426, 207 evaluated, 26 expanded
[t=0.199905s, 21628 KB] New best heuristic value for ff(): 1294
[t=0.200062s, 21628 KB] g=427, 215 evaluated, 28 expanded
[t=0.225982s, 21628 KB] New best heuristic value for ff(): 1281
[t=0.226194s, 21628 KB] g=462, 261 evaluated, 34 expanded
[t=0.232179s, 21628 KB] New best heuristic value for ff(): 1280
[t=0.232268s, 21628 KB] g=476, 271 evaluated, 36 expanded
[t=0.239517s, 21628 KB] New best heuristic value for ff(): 1279
[t=0.240413s, 21628 KB] g=477, 286 evaluated, 38 expanded
[t=0.255274s, 21628 KB] New best heuristic value for ff(): 1275
[t=0.25556s, 21628 KB] g=507, 312 evaluated, 41 expanded
[t=0.259457s, 21628 KB] New best heuristic value for ff(): 1268
[t=0.259737s, 21628 KB] g=529, 319 evaluated, 42 expanded
[t=0.259766s, 21628 KB] New best heuristic value for ff(): 1253
[t=0.260394s, 21628 KB] g=529, 320 evaluated, 42 expanded
[t=0.268869s, 21628 KB] New best heuristic value for ff(): 1242
[t=0.269369s, 21628 KB] g=540, 336 evaluated, 44 expanded
[t=0.317177s, 21628 KB] New best heuristic value for ff(): 1238
[t=0.317499s, 21628 KB] g=599, 420 evaluated, 54 expanded
[t=0.325524s, 21628 KB] New best heuristic value for ff(): 1069
[t=0.325818s, 21628 KB] g=617, 435 evaluated, 57 expanded
[t=0.327522s, 21628 KB] New best heuristic value for ff(): 1043
[t=0.328142s, 21628 KB] g=617, 439 evaluated, 57 expanded
[t=0.338013s, 21628 KB] New best heuristic value for ff(): 1042
[t=0.338548s, 21628 KB] g=618, 457 evaluated, 59 expanded
[t=1.37339s, 21628 KB] New best heuristic value for ff(): 1041
[t=1.37415s, 21628 KB] g=687, 2406 evaluated, 410 expanded
[t=12.161s, 25404 KB] New best heuristic value for ff(): 1000
[t=12.1618s, 25404 KB] g=1262, 21780 evaluated, 4748 expanded
[t=12.194s, 25404 KB] New best heuristic value for ff(): 997
[t=12.1946s, 25404 KB] g=1314, 21841 evaluated, 4757 expanded
[t=12.1956s, 25404 KB] New best heuristic value for ff(): 996
[t=12.1961s, 25404 KB] g=1305, 21844 evaluated, 4757 expanded
[t=12.1998s, 25404 KB] New best heuristic value for ff(): 993
[t=12.2006s, 25404 KB] g=1321, 21852 evaluated, 4759 expanded
[t=12.2008s, 25404 KB] New best heuristic value for ff(): 987
[t=12.2013s, 25404 KB] g=1330, 21853 evaluated, 4759 expanded
[t=12.2039s, 25536 KB] New best heuristic value for ff(): 984
[t=12.2042s, 25536 KB] g=1343, 21858 evaluated, 4761 expanded
[t=12.2196s, 25536 KB] New best heuristic value for ff(): 983
[t=12.2204s, 25536 KB] g=1347, 21887 evaluated, 4765 expanded
[t=12.2259s, 25536 KB] New best heuristic value for ff(): 977
[t=12.2266s, 25536 KB] g=1369, 21898 evaluated, 4767 expanded
[t=12.2269s, 25536 KB] New best heuristic value for ff(): 964
[t=12.2272s, 25536 KB] g=1368, 21899 evaluated, 4767 expanded
[t=12.2952s, 25536 KB] New best heuristic value for ff(): 954
[t=12.2955s, 25536 KB] g=1407, 22019 evaluated, 4784 expanded
[t=12.3004s, 25536 KB] New best heuristic value for ff(): 941
[t=12.3005s, 25536 KB] g=1420, 22027 evaluated, 4786 expanded
[t=12.4213s, 25536 KB] New best heuristic value for ff(): 932
[t=12.4219s, 25536 KB] g=1511, 22238 evaluated, 4816 expanded
[t=12.437s, 25536 KB] New best heuristic value for ff(): 931
[t=12.4373s, 25536 KB] g=1512, 22265 evaluated, 4818 expanded
[t=12.4486s, 25536 KB] New best heuristic value for ff(): 920
[t=12.4494s, 25536 KB] g=1524, 22286 evaluated, 4820 expanded
[t=13.3012s, 27208 KB] New best heuristic value for ff(): 919
[t=13.3014s, 27208 KB] g=1669, 23769 evaluated, 5144 expanded
[t=13.3043s, 27208 KB] New best heuristic value for ff(): 918
[t=13.3044s, 27208 KB] g=1648, 23774 evaluated, 5144 expanded
[t=13.3137s, 27208 KB] New best heuristic value for ff(): 913
[t=13.314s, 27208 KB] g=1665, 23790 evaluated, 5146 expanded
[t=13.3347s, 27208 KB] New best heuristic value for ff(): 909
[t=13.3354s, 27208 KB] g=1703, 23829 evaluated, 5152 expanded
[t=13.3528s, 27208 KB] New best heuristic value for ff(): 908
[t=13.3529s, 27208 KB] g=1747, 23860 evaluated, 5160 expanded
[t=13.4587s, 27208 KB] New best heuristic value for ff(): 884
[t=13.4592s, 27208 KB] g=1748, 24055 evaluated, 5194 expanded
[t=13.467s, 27208 KB] New best heuristic value for ff(): 869
[t=13.4672s, 27208 KB] g=1773, 24073 evaluated, 5196 expanded
[t=13.4702s, 27208 KB] New best heuristic value for ff(): 841
[t=13.4712s, 27208 KB] g=1797, 24082 evaluated, 5198 expanded
[t=13.4753s, 27208 KB] New best heuristic value for ff(): 838
[t=13.4756s, 27208 KB] g=1811, 24092 evaluated, 5199 expanded
[t=13.4764s, 27208 KB] New best heuristic value for ff(): 832
[t=13.4766s, 27208 KB] g=1811, 24094 evaluated, 5199 expanded
[t=14.331s, 27208 KB] New best heuristic value for ff(): 819
[t=14.3312s, 27208 KB] g=1892, 25675 evaluated, 5454 expanded
[t=14.332s, 27208 KB] New best heuristic value for ff(): 813
[t=14.3322s, 27208 KB] g=1889, 25677 evaluated, 5454 expanded
[t=14.8367s, 27208 KB] New best heuristic value for ff(): 812
[t=14.8371s, 27208 KB] g=1969, 26645 evaluated, 5586 expanded
[t=14.8523s, 27208 KB] New best heuristic value for ff(): 811
[t=14.8524s, 27208 KB] g=1970, 26672 evaluated, 5588 expanded
[t=81.3709s, 47804 KB] New best heuristic value for ff(): 800
[t=81.3712s, 47804 KB] g=2207, 147831 evaluated, 25256 expanded
[t=81.3713s, 47804 KB] New best heuristic value for ff(): 791
[t=81.3716s, 47804 KB] g=2206, 147832 evaluated, 25256 expanded
[t=81.7591s, 47804 KB] New best heuristic value for ff(): 790
[t=81.7595s, 47804 KB] g=2041, 148598 evaluated, 25356 expanded
[t=81.7664s, 47804 KB] New best heuristic value for ff(): 789
[t=81.7666s, 47804 KB] g=2042, 148611 evaluated, 25357 expanded
[t=81.7716s, 47804 KB] New best heuristic value for ff(): 783
[t=81.7724s, 47804 KB] g=2054, 148622 evaluated, 25359 expanded
[t=91.6716s, 49092 KB] New best heuristic value for ff(): 778
[t=91.6725s, 49092 KB] g=2220, 167677 evaluated, 28035 expanded
[t=91.6725s, 49092 KB] New best heuristic value for ff(): 764
[t=91.6731s, 49092 KB] g=2219, 167678 evaluated, 28035 expanded
[t=91.6755s, 49092 KB] New best heuristic value for ff(): 763
[t=91.6769s, 49092 KB] g=2220, 167685 evaluated, 28036 expanded
[t=91.6769s, 49092 KB] New best heuristic value for ff(): 758
[t=91.6786s, 49092 KB] g=2233, 167688 evaluated, 28036 expanded
[t=91.6786s, 49092 KB] New best heuristic value for ff(): 733
[t=91.6792s, 49092 KB] g=2246, 167689 evaluated, 28036 expanded
[t=91.6834s, 49092 KB] New best heuristic value for ff(): 732
[t=91.6865s, 49092 KB] g=2247, 167703 evaluated, 28038 expanded
[t=91.6953s, 49092 KB] New best heuristic value for ff(): 726
[t=91.6955s, 49092 KB] g=2263, 167719 evaluated, 28040 expanded
[t=91.7113s, 49092 KB] New best heuristic value for ff(): 725
[t=91.7129s, 49092 KB] g=2280, 167749 evaluated, 28043 expanded
[t=91.7233s, 49092 KB] New best heuristic value for ff(): 720
[t=91.7236s, 49092 KB] g=2297, 167767 evaluated, 28045 expanded
[t=91.7236s, 49092 KB] New best heuristic value for ff(): 709
[t=91.7243s, 49092 KB] g=2296, 167768 evaluated, 28045 expanded
[t=91.7792s, 49092 KB] New best heuristic value for ff(): 702
[t=91.7809s, 49092 KB] g=2399, 167868 evaluated, 28057 expanded
[t=91.8704s, 49224 KB] New best heuristic value for ff(): 701
[t=91.8737s, 49224 KB] g=2395, 168031 evaluated, 28079 expanded
[t=91.8743s, 49224 KB] New best heuristic value for ff(): 692
[t=91.8756s, 49224 KB] g=2401, 168034 evaluated, 28079 expanded
[t=140.014s, 60804 KB] New best heuristic value for ff(): 682
[t=140.015s, 60804 KB] g=2724, 251487 evaluated, 40403 expanded
[t=140.025s, 60804 KB] New best heuristic value for ff(): 681
[t=140.025s, 60804 KB] g=2748, 251505 evaluated, 40405 expanded
[t=140.026s, 60804 KB] New best heuristic value for ff(): 666
[t=140.027s, 60804 KB] g=2740, 251507 evaluated, 40405 expanded
[t=140.034s, 60804 KB] New best heuristic value for ff(): 640
[t=140.035s, 60804 KB] g=2766, 251522 evaluated, 40407 expanded
[t=140.04s, 60804 KB] New best heuristic value for ff(): 621
[t=140.04s, 60804 KB] g=2788, 251532 evaluated, 40408 expanded
[t=217.582s, 82352 KB] New best heuristic value for ff(): 620
[t=217.584s, 82352 KB] g=2878, 386759 evaluated, 61785 expanded
[t=217.584s, 82352 KB] New best heuristic value for ff(): 614
[t=217.585s, 82352 KB] g=2872, 386761 evaluated, 61785 expanded
[t=217.63s, 82352 KB] New best heuristic value for ff(): 613
[t=217.632s, 82352 KB] g=2924, 386847 evaluated, 61795 expanded
[t=217.646s, 82352 KB] New best heuristic value for ff(): 591
[t=217.648s, 82352 KB] g=2946, 386875 evaluated, 61797 expanded
[t=217.662s, 82352 KB] New best heuristic value for ff(): 590
[t=217.662s, 82352 KB] g=2947, 386900 evaluated, 61799 expanded
[t=217.67s, 82352 KB] New best heuristic value for ff(): 579
[t=217.672s, 82352 KB] g=2958, 386919 evaluated, 61801 expanded
[t=217.672s, 82352 KB] New best heuristic value for ff(): 572
[t=217.673s, 82352 KB] g=2971, 386922 evaluated, 61801 expanded
[t=217.681s, 82352 KB] New best heuristic value for ff(): 561
[t=217.683s, 82352 KB] g=2982, 386939 evaluated, 61803 expanded
[t=217.689s, 82352 KB] New best heuristic value for ff(): 456
[t=217.691s, 82352 KB] g=3087, 386954 evaluated, 61804 expanded
[t=217.701s, 82352 KB] New best heuristic value for ff(): 451
[t=217.702s, 82352 KB] g=3105, 386972 evaluated, 61806 expanded
[t=217.713s, 82352 KB] New best heuristic value for ff(): 450
[t=217.717s, 82352 KB] g=3106, 387002 evaluated, 61808 expanded
[t=217.725s, 82352 KB] New best heuristic value for ff(): 437
[t=217.727s, 82352 KB] g=3124, 387020 evaluated, 61810 expanded
[t=217.769s, 82352 KB] New best heuristic value for ff(): 436
[t=217.773s, 82352 KB] g=3143, 387104 evaluated, 61818 expanded
[t=218.68s, 82352 KB] New best heuristic value for ff(): 421
[t=218.684s, 82352 KB] g=3182, 388765 evaluated, 62129 expanded
[t=219.47s, 82616 KB] New best heuristic value for ff(): 420
[t=219.472s, 82616 KB] g=3819, 390212 evaluated, 62428 expanded
[t=219.478s, 82616 KB] New best heuristic value for ff(): 411
[t=219.48s, 82616 KB] g=3835, 390228 evaluated, 62430 expanded
[t=219.494s, 82616 KB] New best heuristic value for ff(): 402
[t=219.495s, 82616 KB] g=3868, 390261 evaluated, 62434 expanded
[t=219.602s, 82616 KB] New best heuristic value for ff(): 397
[t=219.605s, 82616 KB] g=3867, 390493 evaluated, 62462 expanded
[t=219.61s, 82616 KB] New best heuristic value for ff(): 395
[t=219.613s, 82616 KB] g=3868, 390511 evaluated, 62464 expanded
[t=219.646s, 82748 KB] New best heuristic value for ff(): 392
[t=219.647s, 82748 KB] g=3907, 390579 evaluated, 62473 expanded
[t=219.647s, 82748 KB] New best heuristic value for ff(): 386
[t=219.648s, 82748 KB] g=3901, 390581 evaluated, 62473 expanded
[t=230.642s, 85532 KB] New best heuristic value for ff(): 377
[t=230.643s, 85532 KB] g=4275, 412347 evaluated, 66541 expanded
[t=230.654s, 85532 KB] New best heuristic value for ff(): 355
[t=230.655s, 85532 KB] g=4297, 412369 evaluated, 66543 expanded
[t=230.661s, 85532 KB] New best heuristic value for ff(): 335
[t=230.664s, 85532 KB] g=4317, 412386 evaluated, 66545 expanded
[t=230.673s, 85532 KB] New best heuristic value for ff(): 311
[t=230.674s, 85532 KB] g=4338, 412406 evaluated, 66547 expanded
[t=230.674s, 85532 KB] New best heuristic value for ff(): 305
[t=230.676s, 85532 KB] g=4338, 412409 evaluated, 66547 expanded
[t=232.888s, 86196 KB] New best heuristic value for ff(): 293
[t=232.891s, 86196 KB] g=4568, 417060 evaluated, 67079 expanded
[t=232.896s, 86196 KB] New best heuristic value for ff(): 292
[t=232.899s, 86196 KB] g=4569, 417080 evaluated, 67081 expanded
[t=233.375s, 86328 KB] New best heuristic value for ff(): 291
[t=233.378s, 86328 KB] g=4795, 418092 evaluated, 67234 expanded
[t=233.827s, 86460 KB] New best heuristic value for ff(): 290
[t=233.83s, 86460 KB] g=4859, 418984 evaluated, 67392 expanded
[t=233.835s, 86460 KB] New best heuristic value for ff(): 277
[t=233.838s, 86460 KB] g=4872, 419001 evaluated, 67394 expanded
[t=233.847s, 86460 KB] New best heuristic value for ff(): 276
[t=233.85s, 86460 KB] g=4873, 419029 evaluated, 67396 expanded
[t=233.854s, 86460 KB] New best heuristic value for ff(): 258
[t=233.856s, 86460 KB] g=4891, 419042 evaluated, 67398 expanded
[t=233.866s, 86460 KB] New best heuristic value for ff(): 239
[t=233.867s, 86460 KB] g=4910, 419066 evaluated, 67400 expanded
[t=233.867s, 86460 KB] New best heuristic value for ff(): 237
[t=233.868s, 86460 KB] g=4916, 419067 evaluated, 67400 expanded
[t=233.87s, 86460 KB] New best heuristic value for ff(): 217
[t=233.874s, 86460 KB] g=4936, 419083 evaluated, 67402 expanded
[t=233.878s, 86460 KB] New best heuristic value for ff(): 216
[t=233.881s, 86460 KB] g=4960, 419103 evaluated, 67404 expanded
[t=233.881s, 86460 KB] New best heuristic value for ff(): 200
[t=233.882s, 86460 KB] g=4953, 419105 evaluated, 67404 expanded
[t=233.886s, 86460 KB] New best heuristic value for ff(): 54
[t=233.889s, 86460 KB] g=5099, 419124 evaluated, 67406 expanded
[t=233.898s, 86460 KB] New best heuristic value for ff(): 49
[t=233.9s, 86460 KB] g=5115, 419150 evaluated, 67408 expanded
[t=233.9s, 86460 KB] New best heuristic value for ff(): 34
[t=233.9s, 86460 KB] g=5119, 419151 evaluated, 67408 expanded
[t=233.906s, 86460 KB] New best heuristic value for ff(): 15
[t=233.906s, 86460 KB] g=5143, 419170 evaluated, 67410 expanded
[t=233.91s, 86460 KB] New best heuristic value for ff(): 13
[t=233.911s, 86460 KB] g=5168, 419192 evaluated, 67412 expanded
[t=233.912s, 86460 KB] New best heuristic value for ff(): 1
[t=233.912s, 86460 KB] g=5157, 419194 evaluated, 67412 expanded
[t=233.918s, 86460 KB] New best heuristic value for ff(): 0
[t=233.918s, 86460 KB] g=5158, 419218 evaluated, 67414 expanded
[t=233.922s, 86460 KB] Solution found!
[t=233.924s, 86460 KB] Actual search time: 233.832s
drive truck-1 city-3-loc-5 city-3-loc-18 (24)
drive truck-1 city-3-loc-18 city-3-loc-9 (16)
drive truck-2 city-1-loc-17 city-1-loc-9 (26)
drive truck-2 city-1-loc-9 city-1-loc-3 (21)
drive truck-2 city-1-loc-3 city-1-loc-2 (15)
drive truck-1 city-3-loc-9 city-3-loc-19 (26)
drive truck-1 city-3-loc-19 city-3-loc-14 (11)
drive truck-2 city-1-loc-2 city-2-loc-11 (105)
drive truck-1 city-3-loc-14 city-2-loc-28 (148)
drive truck-2 city-2-loc-11 city-2-loc-17 (18)
drive truck-1 city-2-loc-28 city-2-loc-6 (16)
pick-up truck-2 city-2-loc-17 package-2 capacity-3 capacity-4 (1)
drive truck-2 city-2-loc-17 city-2-loc-9 (11)
drop truck-2 city-2-loc-9 package-2 capacity-3 capacity-4 (1)
drive truck-2 city-2-loc-9 city-2-loc-27 (22)
drive truck-2 city-2-loc-27 city-2-loc-5 (14)
pick-up truck-2 city-2-loc-5 package-4 capacity-3 capacity-4 (1)
drive truck-1 city-2-loc-6 city-2-loc-28 (16)
drive truck-2 city-2-loc-5 city-2-loc-27 (14)
drive truck-2 city-2-loc-27 city-2-loc-9 (22)
drive truck-2 city-2-loc-9 city-2-loc-17 (11)
drive truck-1 city-2-loc-28 city-2-loc-2 (16)
drive truck-1 city-2-loc-2 city-2-loc-8 (26)
drive truck-2 city-2-loc-17 city-2-loc-11 (18)
drive truck-1 city-2-loc-8 city-2-loc-9 (23)
drop truck-2 city-2-loc-11 package-4 capacity-3 capacity-4 (1)
drive truck-2 city-2-loc-11 city-2-loc-30 (11)
drive truck-2 city-2-loc-30 city-2-loc-9 (24)
drive truck-2 city-2-loc-9 city-2-loc-27 (22)
drive truck-2 city-2-loc-27 city-2-loc-12 (27)
pick-up truck-1 city-2-loc-9 package-2 capacity-1 capacity-2 (1)
drive truck-1 city-2-loc-9 city-2-loc-8 (23)
drive truck-1 city-2-loc-8 city-2-loc-2 (26)
drive truck-1 city-2-loc-2 city-2-loc-28 (16)
drive truck-1 city-2-loc-28 city-2-loc-6 (16)
drop truck-1 city-2-loc-6 package-2 capacity-1 capacity-2 (1)
drive truck-1 city-2-loc-6 city-2-loc-28 (16)
drive truck-2 city-2-loc-12 city-2-loc-5 (14)
drive truck-2 city-2-loc-5 city-2-loc-29 (23)
drive truck-2 city-2-loc-29 city-2-loc-2 (25)
drive truck-2 city-2-loc-2 city-2-loc-15 (15)
drive truck-1 city-2-loc-28 city-2-loc-6 (16)
pick-up truck-1 city-2-loc-6 package-2 capacity-1 capacity-2 (1)
drive truck-1 city-2-loc-6 city-2-loc-28 (16)
drive truck-2 city-2-loc-15 city-2-loc-28 (24)
drive truck-2 city-2-loc-28 city-3-loc-14 (148)
drive truck-1 city-2-loc-28 city-3-loc-14 (148)
drive truck-2 city-3-loc-14 city-3-loc-11 (18)
drive truck-2 city-3-loc-11 city-3-loc-28 (26)
drive truck-1 city-3-loc-14 city-3-loc-17 (21)
drive truck-1 city-3-loc-17 city-3-loc-12 (16)
pick-up truck-2 city-3-loc-28 package-5 capacity-3 capacity-4 (1)
drive truck-2 city-3-loc-28 city-3-loc-30 (16)
drive truck-1 city-3-loc-12 city-3-loc-26 (18)
drop truck-1 city-3-loc-26 package-2 capacity-1 capacity-2 (1)
drive truck-1 city-3-loc-26 city-3-loc-17 (25)
drive truck-2 city-3-loc-30 city-3-loc-11 (13)
drop truck-2 city-3-loc-11 package-5 capacity-3 capacity-4 (1)
drive truck-1 city-3-loc-17 city-3-loc-14 (21)
drive truck-2 city-3-loc-11 city-3-loc-14 (18)
drive truck-2 city-3-loc-14 city-3-loc-7 (12)
drive truck-1 city-3-loc-14 city-3-loc-11 (18)
pick-up truck-1 city-3-loc-11 package-5 capacity-1 capacity-2 (1)
drive truck-1 city-3-loc-11 city-3-loc-19 (20)
drop truck-1 city-3-loc-19 package-5 capacity-1 capacity-2 (1)
drive truck-1 city-3-loc-19 city-3-loc-7 (12)
drive truck-2 city-3-loc-7 city-3-loc-14 (12)
drive truck-2 city-3-loc-14 city-3-loc-11 (18)
drive truck-2 city-3-loc-11 city-3-loc-28 (26)
drive truck-1 city-3-loc-7 city-3-loc-12 (25)
drive truck-1 city-3-loc-12 city-3-loc-3 (25)
drive truck-1 city-3-loc-3 city-3-loc-15 (17)
pick-up truck-1 city-3-loc-15 package-10 capacity-1 capacity-2 (1)
drive truck-1 city-3-loc-15 city-3-loc-3 (17)
drive truck-2 city-3-loc-28 city-3-loc-13 (22)
drive truck-2 city-3-loc-13 city-3-loc-5 (16)
drive truck-1 city-3-loc-3 city-3-loc-1 (20)
pick-up truck-1 city-3-loc-1 package-8 capacity-0 capacity-1 (1)
drive truck-1 city-3-loc-1 city-3-loc-23 (24)
drive truck-1 city-3-loc-23 city-3-loc-27 (25)
drive truck-1 city-3-loc-27 city-3-loc-17 (24)
drive truck-1 city-3-loc-17 city-3-loc-7 (14)
drive truck-2 city-3-loc-5 city-3-loc-13 (16)
drive truck-2 city-3-loc-13 city-3-loc-28 (22)
drop truck-1 city-3-loc-7 package-10 capacity-0 capacity-1 (1)
drive truck-1 city-3-loc-7 city-3-loc-6 (19)
pick-up truck-1 city-3-loc-6 package-9 capacity-0 capacity-1 (1)
drive truck-1 city-3-loc-6 city-3-loc-7 (19)
drive truck-2 city-3-loc-28 city-3-loc-11 (26)
drive truck-2 city-3-loc-11 city-3-loc-14 (18)
drop truck-1 city-3-loc-7 package-8 capacity-0 capacity-1 (1)
drive truck-2 city-3-loc-14 city-3-loc-7 (12)
drop truck-1 city-3-loc-7 package-9 capacity-1 capacity-2 (1)
drive truck-1 city-3-loc-7 city-3-loc-10 (20)
pick-up truck-2 city-3-loc-7 package-10 capacity-3 capacity-4 (1)
pick-up truck-2 city-3-loc-7 package-8 capacity-2 capacity-3 (1)
pick-up truck-2 city-3-loc-7 package-9 capacity-1 capacity-2 (1)
drive truck-1 city-3-loc-10 city-3-loc-11 (26)
drive truck-2 city-3-loc-7 city-3-loc-14 (12)
drive truck-2 city-3-loc-14 city-2-loc-28 (148)
drive truck-2 city-2-loc-28 city-2-loc-6 (16)
drive truck-1 city-3-loc-11 city-3-loc-28 (26)
drive truck-1 city-3-loc-28 city-3-loc-24 (21)
drive truck-1 city-3-loc-24 city-3-loc-27 (27)
drop truck-2 city-2-loc-6 package-10 capacity-1 capacity-2 (1)
drive truck-2 city-2-loc-6 city-2-loc-28 (16)
drive truck-2 city-2-loc-28 city-2-loc-18 (16)
drop truck-2 city-2-loc-18 package-9 capacity-2 capacity-3 (1)
drive truck-2 city-2-loc-18 city-2-loc-24 (17)
drive truck-1 city-3-loc-27 city-3-loc-12 (19)
drop truck-2 city-2-loc-24 package-8 capacity-3 capacity-4 (1)
drive truck-2 city-2-loc-24 city-2-loc-21 (12)
drive truck-1 city-3-loc-12 city-3-loc-26 (18)
pick-up truck-1 city-3-loc-26 package-2 capacity-1 capacity-2 (1)
drive truck-1 city-3-loc-26 city-3-loc-12 (18)
drive truck-1 city-3-loc-12 city-3-loc-27 (19)
drive truck-1 city-3-loc-27 city-3-loc-21 (13)
drive truck-1 city-3-loc-21 city-3-loc-32 (26)
drop truck-1 city-3-loc-32 package-2 capacity-1 capacity-2 (1)
drive truck-1 city-3-loc-32 city-3-loc-21 (26)
drive truck-2 city-2-loc-21 city-2-loc-1 (19)
pick-up truck-2 city-2-loc-1 package-6 capacity-3 capacity-4 (1)
drive truck-2 city-2-loc-1 city-2-loc-24 (20)
pick-up truck-2 city-2-loc-24 package-8 capacity-2 capacity-3 (1)
drive truck-2 city-2-loc-24 city-2-loc-28 (17)
drive truck-2 city-2-loc-28 city-2-loc-2 (16)
drive truck-1 city-3-loc-21 city-3-loc-32 (26)
drive truck-2 city-2-loc-2 city-2-loc-29 (25)
drive truck-2 city-2-loc-29 city-2-loc-27 (13)
drop truck-2 city-2-loc-27 package-8 capacity-2 capacity-3 (1)
drive truck-2 city-2-loc-27 city-2-loc-7 (14)
drive truck-1 city-3-loc-32 city-1-loc-32 (146)
drive truck-2 city-2-loc-7 city-2-loc-9 (23)
drive truck-2 city-2-loc-9 city-2-loc-30 (24)
drive truck-2 city-2-loc-30 city-2-loc-11 (11)
pick-up truck-2 city-2-loc-11 package-4 capacity-2 capacity-3 (1)
drive truck-1 city-1-loc-32 city-1-loc-22 (20)
drive truck-1 city-1-loc-22 city-1-loc-29 (18)
drive truck-1 city-1-loc-29 city-1-loc-23 (15)
drive truck-2 city-2-loc-11 city-2-loc-17 (18)
drive truck-2 city-2-loc-17 city-2-loc-9 (11)
drive truck-2 city-2-loc-9 city-2-loc-27 (22)
pick-up truck-2 city-2-loc-27 package-8 capacity-1 capacity-2 (1)
drive truck-2 city-2-loc-27 city-2-loc-9 (22)
drop truck-2 city-2-loc-9 package-8 capacity-1 capacity-2 (1)
drive truck-2 city-2-loc-9 city-2-loc-30 (24)
drive truck-2 city-2-loc-30 city-2-loc-11 (11)
drive truck-2 city-2-loc-11 city-1-loc-2 (105)
drive truck-2 city-1-loc-2 city-1-loc-26 (18)
drop truck-2 city-1-loc-26 package-6 capacity-2 capacity-3 (1)
drive truck-2 city-1-loc-26 city-1-loc-2 (18)
drive truck-1 city-1-loc-23 city-1-loc-29 (15)
drive truck-1 city-1-loc-29 city-1-loc-22 (18)
drive truck-2 city-1-loc-2 city-1-loc-27 (25)
drop truck-2 city-1-loc-27 package-4 capacity-3 capacity-4 (1)
drive truck-2 city-1-loc-27 city-1-loc-2 (25)
drive truck-2 city-1-loc-2 city-2-loc-11 (105)
drive truck-2 city-2-loc-11 city-2-loc-32 (21)
drive truck-1 city-1-loc-22 city-1-loc-32 (20)
drive truck-1 city-1-loc-32 city-3-loc-32 (146)
pick-up truck-1 city-3-loc-32 package-2 capacity-1 capacity-2 (1)
drive truck-1 city-3-loc-32 city-1-loc-32 (146)
drive truck-1 city-1-loc-32 city-1-loc-22 (20)
drive truck-2 city-2-loc-32 city-2-loc-11 (21)
drive truck-2 city-2-loc-11 city-1-loc-2 (105)
drive truck-2 city-1-loc-2 city-1-loc-27 (25)
pick-up truck-2 city-1-loc-27 package-4 capacity-3 capacity-4 (1)
drive truck-2 city-1-loc-27 city-1-loc-15 (16)
drop truck-2 city-1-loc-15 package-4 capacity-3 capacity-4 (1)
drive truck-1 city-1-loc-22 city-1-loc-15 (15)
pick-up truck-1 city-1-loc-15 package-4 capacity-0 capacity-1 (1)
drive truck-1 city-1-loc-15 city-1-loc-22 (15)
drop truck-1 city-1-loc-22 package-4 capacity-0 capacity-1 (1)
drive truck-1 city-1-loc-22 city-1-loc-29 (18)
drive truck-1 city-1-loc-29 city-1-loc-23 (15)
drive truck-2 city-1-loc-15 city-1-loc-22 (15)
drive truck-2 city-1-loc-22 city-1-loc-29 (18)
drive truck-2 city-1-loc-29 city-1-loc-23 (15)
drop truck-1 city-1-loc-23 package-2 capacity-1 capacity-2 (1)
drive truck-1 city-1-loc-23 city-1-loc-21 (14)
pick-up truck-2 city-1-loc-23 package-2 capacity-3 capacity-4 (1)
drive truck-1 city-1-loc-21 city-1-loc-27 (21)
drive truck-1 city-1-loc-27 city-1-loc-2 (25)
drive truck-1 city-1-loc-2 city-2-loc-11 (105)
drive truck-1 city-2-loc-11 city-2-loc-17 (18)
drive truck-1 city-2-loc-17 city-2-loc-9 (11)
drive truck-1 city-2-loc-9 city-2-loc-27 (22)
drive truck-2 city-1-loc-23 city-1-loc-18 (21)
drive truck-2 city-1-loc-18 city-1-loc-14 (20)
drive truck-2 city-1-loc-14 city-1-loc-16 (25)
pick-up truck-2 city-1-loc-16 package-1 capacity-2 capacity-3 (1)
drive truck-2 city-1-loc-16 city-1-loc-19 (13)
pick-up truck-2 city-1-loc-19 package-7 capacity-1 capacity-2 (1)
drive truck-2 city-1-loc-19 city-1-loc-10 (27)
drive truck-2 city-1-loc-10 city-1-loc-14 (22)
drive truck-2 city-1-loc-14 city-1-loc-18 (20)
drive truck-2 city-1-loc-18 city-1-loc-23 (21)
drive truck-1 city-2-loc-27 city-2-loc-9 (22)
drive truck-1 city-2-loc-9 city-2-loc-17 (11)
drive truck-1 city-2-loc-17 city-2-loc-11 (18)
drive truck-1 city-2-loc-11 city-1-loc-2 (105)
drive truck-1 city-1-loc-2 city-1-loc-27 (25)
drive truck-1 city-1-loc-27 city-1-loc-21 (21)
drive truck-1 city-1-loc-21 city-1-loc-23 (14)
drop truck-2 city-1-loc-23 package-7 capacity-1 capacity-2 (1)
pick-up truck-1 city-1-loc-23 package-7 capacity-1 capacity-2 (1)
drive truck-1 city-1-loc-23 city-1-loc-1 (12)
drop truck-1 city-1-loc-1 package-7 capacity-1 capacity-2 (1)
drive truck-2 city-1-loc-23 city-1-loc-29 (15)
drive truck-2 city-1-loc-29 city-1-loc-22 (18)
drive truck-2 city-1-loc-22 city-1-loc-32 (20)
drive truck-2 city-1-loc-32 city-3-loc-32 (146)
drive truck-2 city-3-loc-32 city-3-loc-21 (26)
drop truck-2 city-3-loc-21 package-1 capacity-2 capacity-3 (1)
drive truck-2 city-3-loc-21 city-3-loc-27 (13)
drive truck-2 city-3-loc-27 city-3-loc-12 (19)
drive truck-2 city-3-loc-12 city-3-loc-26 (18)
drive truck-2 city-3-loc-26 city-3-loc-29 (13)
pick-up truck-2 city-3-loc-29 package-3 capacity-2 capacity-3 (1)
drive truck-2 city-3-loc-29 city-3-loc-26 (13)
drop truck-2 city-3-loc-26 package-2 capacity-2 capacity-3 (1)
drive truck-2 city-3-loc-26 city-3-loc-12 (18)
drive truck-2 city-3-loc-12 city-3-loc-3 (25)
drive truck-2 city-3-loc-3 city-3-loc-1 (20)
drive truck-2 city-3-loc-1 city-3-loc-32 (17)
drive truck-2 city-3-loc-32 city-1-loc-32 (146)
drive truck-2 city-1-loc-32 city-1-loc-22 (20)
drive truck-2 city-1-loc-22 city-1-loc-21 (24)
drive truck-2 city-1-loc-21 city-1-loc-23 (14)
drop truck-2 city-1-loc-23 package-3 capacity-3 capacity-4 (1)
[t=233.924s, 86460 KB] Plan length: 230 step(s).
[t=233.924s, 86460 KB] Plan cost: 5119
[t=233.924s, 86460 KB] Timestamp: 1684320276857 millisecond(s).
[t=233.924s, 86460 KB] Expanded 67416 state(s).
[t=233.924s, 86460 KB] Reopened 0 state(s).
[t=233.924s, 86460 KB] Evaluated 419236 state(s).
[t=233.924s, 86460 KB] Evaluations: 419236
[t=233.924s, 86460 KB] Generated 846545 state(s).
[t=233.924s, 86460 KB] Dead ends: 0 state(s).
[t=233.924s, 86460 KB] Number of registered states: 419236
[t=233.924s, 86460 KB] Int hash set load factor: 419236/524288 = 0.799629
[t=233.924s, 86460 KB] Int hash set resizes: 19
[t=233.924s, 86460 KB] Search time: 233.833s
[t=233.924s, 86460 KB] Total time: 233.924s
Solution found.
Peak memory: 86460 KB
Remove intermediate file output.sas
search exit code: 0

INFO     Running validate.
INFO     validate stdin: None
INFO     validate time limit: None
INFO     validate memory limit: None
INFO     validate command line string: validate domain.pddl problem.pddl sas_plan
Checking plan: sas_plan
Plan executed successfully - checking goal
Plan valid
Final value: 5119 

Successful plans:
Value: 5119
 sas_plan 5119 

validate exit code: 0

INFO     Planner time: 236.07s
