INFO     planner time limit: 600s
INFO     planner memory limit: 3584 MB

INFO     Running translator.
INFO     translator stdin: None
INFO     translator time limit: 599s
INFO     translator memory limit: 3584 MB
INFO     translator command line string: /usr/local/downward-projects/downward/experiments/src/thesis/.venv/bin/python3 /usr/local/downward-projects/downward/experiments/src/thesis/data/thesis-thesis_exp/code-84c08dfff1890fbf6247184940c8166177195ea1_e5e41175/builds/release/bin/translate/translate.py domain.pddl problem.pddl --sas-file output.sas
Parsing...
Parsing: [0.000s CPU, 0.002s wall-clock]
Normalizing task... [0.000s CPU, 0.000s wall-clock]
Instantiating...
Generating Datalog program... [0.000s CPU, 0.000s wall-clock]
Normalizing Datalog program...
Normalizing Datalog program: [0.000s CPU, 0.002s wall-clock]
Preparing model... [0.000s CPU, 0.001s wall-clock]
Generated 51 rules.
Computing model... [0.090s CPU, 0.090s wall-clock]
11327 relevant atoms
5152 auxiliary atoms
16479 final queue length
39607 total queue pushes
Completing instantiation... [0.350s CPU, 0.347s wall-clock]
Instantiating: [0.440s CPU, 0.445s wall-clock]
Computing fact groups...
Finding invariants...
5 initial candidates
Finding invariants: [0.010s CPU, 0.016s wall-clock]
Checking invariant weight... [0.010s CPU, 0.000s wall-clock]
Instantiating groups... [0.000s CPU, 0.001s wall-clock]
Collecting mutex groups... [0.000s CPU, 0.000s wall-clock]
Choosing groups...
14 uncovered facts
Choosing groups: [0.000s CPU, 0.001s wall-clock]
Building translation key... [0.000s CPU, 0.000s wall-clock]
Computing fact groups: [0.020s CPU, 0.018s wall-clock]
Building STRIPS to SAS dictionary... [0.000s CPU, 0.000s wall-clock]
Building dictionary for full mutex groups... [0.000s CPU, 0.000s wall-clock]
Building mutex information...
Building mutex information: [0.000s CPU, 0.000s wall-clock]
Translating task...
Processing axioms...
Simplifying axioms... [0.000s CPU, 0.000s wall-clock]
Translator axioms removed by simplifying: 0
Computing negative axioms... [0.000s CPU, 0.000s wall-clock]
Processing axioms: [0.010s CPU, 0.014s wall-clock]
Translating task: [0.290s CPU, 0.286s wall-clock]
0 effect conditions simplified
0 implied preconditions added
Detecting unreachable propositions...
0 operators removed
0 axioms removed
14 propositions removed
Detecting unreachable propositions: [0.210s CPU, 0.218s wall-clock]
Reordering and filtering variables...
28 of 28 variables necessary.
14 of 28 mutex groups necessary.
10192 of 10192 operators necessary.
0 of 0 axiom rules necessary.
Reordering and filtering variables: [0.030s CPU, 0.032s wall-clock]
Translator variables: 28
Translator derived variables: 0
Translator facts: 224
Translator goal facts: 28
Translator mutex groups: 14
Translator total mutex groups size: 196
Translator operators: 10192
Translator axioms: 0
Translator task size: 52710
Translator peak memory: 70624 KB
Writing output... [0.040s CPU, 0.042s wall-clock]
Done! [1.050s CPU, 1.060s wall-clock]
translate exit code: 0

INFO     Running search (release).
INFO     search stdin: output.sas
INFO     search time limit: 598s
INFO     search memory limit: 3584 MB
INFO     search command line string: /usr/local/downward-projects/downward/experiments/src/thesis/data/thesis-thesis_exp/code-84c08dfff1890fbf6247184940c8166177195ea1_e5e41175/builds/release/bin/downward --evaluator 'h=ff()' --search 'eager(partition(h, plateau_partition(), inter_uniform(), intra_uniform() )) ' --internal-plan-file sas_plan < output.sas
[t=0s, 11732 KB] reading input...
[t=0.0310683s, 14800 KB] done reading input!
[t=0.0350002s, 16144 KB] Simplifying 21658 unary operators... done! [19110 unary operators]
[t=0.0462433s, 17640 KB] time to simplify: 0.0118588s
[t=0.0475512s, 17640 KB] Initializing additive heuristic...
[t=0.0478688s, 17640 KB] Initializing FF heuristic...
[t=0.0478961s, 17640 KB] Building successor generator...done!
[t=0.0512064s, 17640 KB] peak memory difference for successor generator creation: 0 KB
[t=0.0512833s, 17640 KB] time for successor generation creation: 0.00278381s
[t=0.0513081s, 17640 KB] Variables: 28
[t=0.0513357s, 17640 KB] FactPairs: 224
[t=0.05136s, 17640 KB] Bytes per state: 12
[t=0.051383s, 17640 KB] Conducting best first search without reopening closed nodes, (real) bound = 2147483647
[t=0.0514435s, 17640 KB] New best heuristic value for ff(): 49
[t=0.0517199s, 17640 KB] g=0, 1 evaluated, 0 expanded
[t=0.0517468s, 17640 KB] Initial heuristic value for ff(): 49
[t=0.0517748s, 17640 KB] pruning method: none
[t=0.051798s, 17640 KB] Start Timestep: 1693701418275 millisecond(s).
[t=0.0518453s, 17640 KB] New best heuristic value for ff(): 46
[t=0.0520607s, 17640 KB] g=3, 2 evaluated, 1 expanded
[t=0.0585721s, 17640 KB] New best heuristic value for ff(): 45
[t=0.0599148s, 17640 KB] g=6, 58 evaluated, 2 expanded
[t=0.0625312s, 17640 KB] New best heuristic value for ff(): 42
[t=0.0661187s, 17640 KB] g=6, 100 evaluated, 2 expanded
[t=0.110442s, 17640 KB] New best heuristic value for ff(): 40
[t=0.113678s, 17640 KB] g=15, 382 evaluated, 8 expanded
[t=0.374191s, 17640 KB] New best heuristic value for ff(): 39
[t=0.375474s, 17640 KB] g=16, 1465 evaluated, 28 expanded
[t=0.446084s, 17640 KB] New best heuristic value for ff(): 38
[t=0.450139s, 17640 KB] g=17, 1712 evaluated, 33 expanded
[t=0.453955s, 17640 KB] New best heuristic value for ff(): 37
[t=0.455547s, 17640 KB] g=17, 1729 evaluated, 33 expanded
[t=0.593802s, 17640 KB] New best heuristic value for ff(): 36
[t=0.594438s, 17640 KB] g=20, 2142 evaluated, 41 expanded
[t=0.88152s, 17640 KB] New best heuristic value for ff(): 35
[t=0.885455s, 17640 KB] g=22, 2882 evaluated, 55 expanded
[t=0.925232s, 17640 KB] New best heuristic value for ff(): 33
[t=0.927647s, 17640 KB] g=25, 2977 evaluated, 57 expanded
[t=0.929175s, 17640 KB] New best heuristic value for ff(): 32
[t=0.930946s, 17640 KB] g=23, 2984 evaluated, 57 expanded
[t=2.27697s, 17816 KB] New best heuristic value for ff(): 31
[t=2.27764s, 17816 KB] g=26, 5335 evaluated, 101 expanded
[t=2.40483s, 17816 KB] New best heuristic value for ff(): 30
[t=2.40541s, 17816 KB] g=27, 5515 evaluated, 105 expanded
[t=2.71651s, 17816 KB] New best heuristic value for ff(): 28
[t=2.72044s, 17816 KB] g=30, 5942 evaluated, 113 expanded
[t=2.74841s, 17816 KB] New best heuristic value for ff(): 27
[t=2.75011s, 17816 KB] g=30, 5981 evaluated, 113 expanded
[t=4.47099s, 18152 KB] New best heuristic value for ff(): 26
[t=4.47351s, 18152 KB] g=33, 7972 evaluated, 152 expanded
[t=6.27712s, 18416 KB] New best heuristic value for ff(): 24
[t=6.27855s, 18416 KB] g=34, 9635 evaluated, 184 expanded
[t=8.29536s, 19100 KB] New best heuristic value for ff(): 22
[t=8.2957s, 19100 KB] g=38, 11197 evaluated, 214 expanded
[t=10.6795s, 19232 KB] New best heuristic value for ff(): 21
[t=10.68s, 19232 KB] g=39, 12831 evaluated, 245 expanded
[t=12.7903s, 19364 KB] New best heuristic value for ff(): 20
[t=12.7912s, 19364 KB] g=40, 14105 evaluated, 269 expanded
[t=14.6403s, 19628 KB] New best heuristic value for ff(): 19
[t=14.642s, 19628 KB] g=42, 15136 evaluated, 289 expanded
[t=15.2718s, 19888 KB] New best heuristic value for ff(): 18
[t=15.2724s, 19888 KB] g=43, 15466 evaluated, 296 expanded
[t=15.5795s, 19888 KB] New best heuristic value for ff(): 17
[t=15.5803s, 19888 KB] g=46, 15625 evaluated, 299 expanded
[t=15.7632s, 19888 KB] New best heuristic value for ff(): 15
[t=15.7658s, 19888 KB] g=45, 15720 evaluated, 301 expanded
[t=19.6552s, 20152 KB] New best heuristic value for ff(): 14
[t=19.6577s, 20152 KB] g=47, 17622 evaluated, 338 expanded
[t=26.9207s, 20680 KB] New best heuristic value for ff(): 13
[t=26.9221s, 20680 KB] g=50, 20668 evaluated, 397 expanded
[t=30.1671s, 21680 KB] New best heuristic value for ff(): 12
[t=30.1687s, 21680 KB] g=51, 21869 evaluated, 421 expanded
[t=33.3318s, 21680 KB] New best heuristic value for ff(): 11
[t=33.3331s, 21680 KB] g=55, 22976 evaluated, 442 expanded
[t=33.5396s, 21680 KB] New best heuristic value for ff(): 10
[t=33.5431s, 21680 KB] g=54, 23047 evaluated, 444 expanded
[t=35.0656s, 21680 KB] New best heuristic value for ff(): 8
[t=35.0683s, 21680 KB] g=57, 23559 evaluated, 454 expanded
[t=35.5412s, 21680 KB] New best heuristic value for ff(): 7
[t=35.5424s, 21680 KB] g=58, 23716 evaluated, 457 expanded
[t=37.6735s, 21812 KB] New best heuristic value for ff(): 5
[t=37.6743s, 21812 KB] g=59, 24398 evaluated, 470 expanded
[t=41.6382s, 21944 KB] New best heuristic value for ff(): 4
[t=41.6394s, 21944 KB] g=60, 25630 evaluated, 495 expanded
[t=58.7024s, 23120 KB] New best heuristic value for ff(): 3
[t=58.705s, 23120 KB] g=61, 30249 evaluated, 587 expanded
[t=65.3474s, 23256 KB] New best heuristic value for ff(): 2
[t=65.3488s, 23256 KB] g=62, 31772 evaluated, 617 expanded
[t=92.1352s, 24048 KB] New best heuristic value for ff(): 1
[t=92.1358s, 24048 KB] g=63, 36928 evaluated, 719 expanded
[t=97.6021s, 24180 KB] New best heuristic value for ff(): 0
[t=97.6024s, 24180 KB] g=64, 37822 evaluated, 737 expanded
[t=155.919s, 26484 KB] Solution found!
[t=155.92s, 26484 KB] Actual search time: 155.868s
analyze-2 seg-in-6 seg-out-1 car-in-6 car-out-1 (3)
analyze-2 seg-in-3 seg-out-1 car-in-3 car-in-6 (3)
analyze-2 seg-in-4 seg-out-1 car-in-4 car-in-3 (3)
rotate-2 seg-in-4 seg-out-1 car-in-3 car-in-4 (1)
analyze-2 seg-in-5 seg-out-1 car-in-5 car-in-3 (3)
rotate-2 seg-in-5 seg-out-1 car-in-3 car-in-5 (1)
analyze-2 seg-in-2 seg-out-1 car-in-2 car-in-3 (3)
rotate-2 seg-in-4 seg-out-6 car-in-4 car-out-6 (1)
rotate-2 seg-in-3 seg-out-2 car-in-6 car-out-2 (1)
analyze-2 seg-in-6 seg-out-1 car-out-1 car-in-2 (3)
rotate-2 seg-in-6 seg-out-4 car-in-2 car-out-4 (1)
rotate-2 seg-in-2 seg-out-4 car-in-3 car-in-2 (1)
analyze-2 seg-in-6 seg-out-1 car-out-4 car-out-1 (3)
rotate-2 seg-in-5 seg-out-7 car-in-5 car-out-7 (1)
analyze-2 seg-in-3 seg-out-1 car-out-2 car-out-4 (3)
rotate-2 seg-in-2 seg-out-5 car-in-2 car-out-5 (1)
analyze-2 seg-in-4 seg-out-1 car-out-6 car-out-2 (3)
analyze-2 seg-in-1 seg-out-1 car-in-1 car-out-6 (3)
rotate-2 seg-in-1 seg-out-2 car-out-6 car-in-6 (1)
rotate-2 seg-in-4 seg-out-2 car-out-2 car-out-6 (1)
analyze-2 seg-in-2 seg-out-1 car-out-5 car-in-1 (3)
rotate-2 seg-in-1 seg-out-1 car-in-6 car-out-5 (1)
rotate-2 seg-in-2 seg-out-3 car-in-1 car-out-3 (1)
rotate-2 seg-in-1 seg-out-5 car-out-5 car-in-2 (1)
analyze-2 seg-in-2 seg-out-1 car-out-3 car-in-6 (3)
analyze-2 seg-in-5 seg-out-1 car-out-7 car-out-3 (3)
rotate-2 seg-in-6 seg-out-1 car-out-1 car-out-7 (1)
analyze-2 seg-in-7 seg-out-1 car-in-7 car-out-1 (3)
rotate-2 seg-in-1 seg-out-3 car-in-2 car-in-1 (1)
rotate-2 seg-in-2 seg-out-7 car-in-6 car-in-5 (1)
rotate-2 seg-in-2 seg-out-3 car-in-5 car-in-2 (1)
rotate-2 seg-in-3 seg-out-4 car-out-4 car-in-3 (1)
rotate-2 seg-in-7 seg-out-1 car-out-1 car-in-7 (1)
rotate-2 seg-in-4 seg-out-6 car-out-6 car-in-4 (1)
rotate-2 seg-in-5 seg-out-3 car-out-3 car-in-5 (1)
rotate-2 seg-in-6 seg-out-7 car-out-7 car-in-6 (1)
[t=155.92s, 26484 KB] Plan length: 36 step(s).
[t=155.92s, 26484 KB] Plan cost: 64
[t=155.92s, 26484 KB] Timestamp: 1693701575140 millisecond(s).
[t=155.92s, 26484 KB] Expanded 891 state(s).
[t=155.92s, 26484 KB] Reopened 0 state(s).
[t=155.92s, 26484 KB] Evaluated 45548 state(s).
[t=155.92s, 26484 KB] Evaluations: 45548
[t=155.92s, 26484 KB] Generated 49840 state(s).
[t=155.92s, 26484 KB] Dead ends: 0 state(s).
[t=155.92s, 26484 KB] Number of registered states: 45548
[t=155.92s, 26484 KB] Int hash set load factor: 45548/65536 = 0.695007
[t=155.92s, 26484 KB] Int hash set resizes: 16
[t=155.92s, 26484 KB] Search time: 155.869s
[t=155.92s, 26484 KB] Total time: 155.92s
Solution found.
Peak memory: 26484 KB
Remove intermediate file output.sas
search exit code: 0

INFO     Running validate.
INFO     validate stdin: None
INFO     validate time limit: None
INFO     validate memory limit: None
INFO     validate command line string: validate domain.pddl problem.pddl sas_plan
Checking plan: sas_plan
Plan executed successfully - checking goal
Plan valid
Final value: 64 

Successful plans:
Value: 64
 sas_plan 64 

validate exit code: 0

INFO     Planner time: 157.08s
