INFO     planner time limit: 900s
INFO     planner memory limit: 3584 MB

INFO     Running translator.
INFO     translator stdin: None
INFO     translator time limit: 899s
INFO     translator memory limit: 3584 MB
INFO     translator command line string: /usr/local/downward-projects/downward/experiments/.venv/bin/python3 /usr/local/downward-projects/downward/experiments/src/thesis/data/thesis-thesis_exp/code-beb2e19b3d35a0ced2c328754445ca6967892fa8_e5e41175/builds/release/bin/translate/translate.py domain.pddl problem.pddl --sas-file output.sas
Parsing...
Parsing: [0.000s CPU, 0.007s wall-clock]
Normalizing task... [0.000s CPU, 0.000s wall-clock]
Instantiating...
Generating Datalog program... [0.010s CPU, 0.001s wall-clock]
Normalizing Datalog program...
Normalizing Datalog program: [0.000s CPU, 0.001s wall-clock]
Preparing model... [0.000s CPU, 0.004s wall-clock]
Generated 26 rules.
Computing model... [0.230s CPU, 0.221s wall-clock]
21626 relevant atoms
17646 auxiliary atoms
39272 final queue length
75742 total queue pushes
Completing instantiation... [0.780s CPU, 0.775s wall-clock]
Instantiating: [1.020s CPU, 1.013s wall-clock]
Computing fact groups...
Finding invariants...
9 initial candidates
Finding invariants: [0.010s CPU, 0.010s wall-clock]
Checking invariant weight... [0.000s CPU, 0.000s wall-clock]
Instantiating groups... [0.000s CPU, 0.003s wall-clock]
Collecting mutex groups... [0.000s CPU, 0.001s wall-clock]
Choosing groups...
0 uncovered facts
Choosing groups: [0.000s CPU, 0.002s wall-clock]
Building translation key... [0.000s CPU, 0.001s wall-clock]
Computing fact groups: [0.020s CPU, 0.023s wall-clock]
Building STRIPS to SAS dictionary... [0.000s CPU, 0.001s wall-clock]
Building dictionary for full mutex groups... [0.010s CPU, 0.000s wall-clock]
Building mutex information...
Building mutex information: [0.000s CPU, 0.000s wall-clock]
Translating task...
Processing axioms...
Simplifying axioms... [0.000s CPU, 0.000s wall-clock]
Translator axioms removed by simplifying: 0
Computing negative axioms... [0.000s CPU, 0.000s wall-clock]
Processing axioms: [0.020s CPU, 0.027s wall-clock]
Translating task: [0.640s CPU, 0.642s wall-clock]
0 effect conditions simplified
0 implied preconditions added
Detecting unreachable propositions...
0 operators removed
0 axioms removed
16 propositions removed
Detecting unreachable propositions: [0.420s CPU, 0.424s wall-clock]
Reordering and filtering variables...
16 of 16 variables necessary.
0 of 16 mutex groups necessary.
19400 of 19400 operators necessary.
0 of 0 axiom rules necessary.
Reordering and filtering variables: [0.070s CPU, 0.066s wall-clock]
Translator variables: 16
Translator derived variables: 0
Translator facts: 1378
Translator goal facts: 12
Translator mutex groups: 0
Translator total mutex groups size: 0
Translator operators: 19400
Translator axioms: 0
Translator task size: 114902
Translator peak memory: 109548 KB
Writing output... [0.090s CPU, 0.089s wall-clock]
Done! [2.300s CPU, 2.299s wall-clock]
translate exit code: 0

INFO     Running search (release).
INFO     search stdin: output.sas
INFO     search time limit: 897s
INFO     search memory limit: 3584 MB
INFO     search command line string: /usr/local/downward-projects/downward/experiments/src/thesis/data/thesis-thesis_exp/code-beb2e19b3d35a0ced2c328754445ca6967892fa8_e5e41175/builds/release/bin/downward --evaluator 'h=ff()' --search 'eager(alt([lwm_based_type(h), single(h)]))' --internal-plan-file sas_plan < output.sas
[t=0s, 11252 KB] reading input...
[t=0.0639627s, 17552 KB] done reading input!
[t=0.0719121s, 19796 KB] Simplifying 37832 unary operators... done! [37832 unary operators]
[t=0.104419s, 23144 KB] time to simplify: 0.0325072s
[t=0.107772s, 23144 KB] Initializing additive heuristic...
[t=0.108028s, 23144 KB] Initializing FF heuristic...
[t=0.108056s, 23144 KB] Building successor generator...done!
[t=0.115704s, 23896 KB] peak memory difference for successor generator creation: 752 KB
[t=0.115788s, 23896 KB] time for successor generation creation: 0.00357325s
[t=0.115812s, 23896 KB] Variables: 16
[t=0.115842s, 23896 KB] FactPairs: 1378
[t=0.115865s, 23896 KB] Bytes per state: 16
[t=0.115888s, 23896 KB] Conducting best first search without reopening closed nodes, (real) bound = 2147483647
[t=0.11595s, 23896 KB] New best heuristic value for ff(): 1415
[t=0.117067s, 23896 KB] g=0, 1 evaluated, 0 expanded
[t=0.117096s, 23896 KB] Initial heuristic value for ff(): 1415
[t=0.117124s, 23896 KB] pruning method: none
[t=0.117148s, 23896 KB] Start Timestep: 1685771486051 millisecond(s).
[t=0.123536s, 23896 KB] New best heuristic value for ff(): 1406
[t=0.123752s, 23896 KB] g=17, 10 evaluated, 1 expanded
[t=0.127499s, 23896 KB] New best heuristic value for ff(): 1380
[t=0.130408s, 23896 KB] g=32, 19 evaluated, 2 expanded
[t=0.131454s, 23896 KB] New best heuristic value for ff(): 1366
[t=0.132042s, 23896 KB] g=54, 21 evaluated, 3 expanded
[t=0.135415s, 23896 KB] New best heuristic value for ff(): 1348
[t=0.137439s, 23896 KB] g=81, 28 evaluated, 4 expanded
[t=0.139375s, 23896 KB] New best heuristic value for ff(): 1340
[t=0.139754s, 23896 KB] g=69, 31 evaluated, 4 expanded
[t=0.139782s, 23896 KB] New best heuristic value for ff(): 1320
[t=0.142073s, 23896 KB] g=80, 34 evaluated, 4 expanded
[t=0.147302s, 23896 KB] New best heuristic value for ff(): 1295
[t=0.150553s, 23896 KB] g=94, 45 evaluated, 6 expanded
[t=0.167256s, 23896 KB] New best heuristic value for ff(): 1284
[t=0.167778s, 23896 KB] g=100, 67 evaluated, 9 expanded
[t=0.167807s, 23896 KB] New best heuristic value for ff(): 1236
[t=0.168628s, 23896 KB] g=120, 68 evaluated, 10 expanded
[t=0.187168s, 23896 KB] New best heuristic value for ff(): 978
[t=0.190177s, 23896 KB] g=273, 97 evaluated, 14 expanded
[t=0.375072s, 23896 KB] New best heuristic value for ff(): 966
[t=0.37591s, 23896 KB] g=365, 360 evaluated, 68 expanded
[t=0.379007s, 23896 KB] New best heuristic value for ff(): 965
[t=0.379985s, 23896 KB] g=366, 365 evaluated, 70 expanded
[t=0.554954s, 23896 KB] New best heuristic value for ff(): 957
[t=0.555569s, 23896 KB] g=345, 584 evaluated, 104 expanded
[t=0.574882s, 23896 KB] New best heuristic value for ff(): 952
[t=0.575801s, 23896 KB] g=363, 612 evaluated, 111 expanded
[t=0.946656s, 23896 KB] New best heuristic value for ff(): 917
[t=0.947574s, 23896 KB] g=465, 1101 evaluated, 214 expanded
[t=0.974587s, 23896 KB] New best heuristic value for ff(): 916
[t=0.976448s, 23896 KB] g=488, 1140 evaluated, 219 expanded
[t=0.982529s, 23896 KB] New best heuristic value for ff(): 907
[t=0.983936s, 23896 KB] g=511, 1150 evaluated, 221 expanded
[t=0.983964s, 23896 KB] New best heuristic value for ff(): 894
[t=0.985502s, 23896 KB] g=510, 1152 evaluated, 221 expanded
[t=0.998445s, 23896 KB] New best heuristic value for ff(): 893
[t=0.999468s, 23896 KB] g=511, 1170 evaluated, 223 expanded
[t=3.55211s, 23896 KB] New best heuristic value for ff(): 892
[t=3.55501s, 23896 KB] g=581, 4499 evaluated, 945 expanded
[t=11.5013s, 24168 KB] New best heuristic value for ff(): 876
[t=11.502s, 24168 KB] g=674, 14713 evaluated, 2769 expanded
[t=11.5092s, 24168 KB] New best heuristic value for ff(): 875
[t=11.5128s, 24168 KB] g=675, 14727 evaluated, 2770 expanded
[t=11.5237s, 24168 KB] New best heuristic value for ff(): 852
[t=11.5245s, 24168 KB] g=698, 14742 evaluated, 2772 expanded
[t=102.193s, 31984 KB] New best heuristic value for ff(): 842
[t=102.197s, 31984 KB] g=1023, 132038 evaluated, 26503 expanded
[t=102.345s, 31984 KB] New best heuristic value for ff(): 811
[t=102.346s, 31984 KB] g=1111, 132249 evaluated, 26538 expanded
[t=106.605s, 32160 KB] New best heuristic value for ff(): 810
[t=106.607s, 32160 KB] g=1210, 138657 evaluated, 27540 expanded
[t=106.613s, 32160 KB] New best heuristic value for ff(): 809
[t=106.616s, 32160 KB] g=1211, 138674 evaluated, 27542 expanded
[t=154.993s, 35920 KB] New best heuristic value for ff(): 797
[t=154.994s, 35920 KB] g=1683, 207532 evaluated, 38845 expanded
[t=155.001s, 35920 KB] New best heuristic value for ff(): 796
[t=155.005s, 35920 KB] g=1684, 207546 evaluated, 38847 expanded
[t=155.021s, 35920 KB] New best heuristic value for ff(): 795
[t=155.022s, 35920 KB] g=1685, 207568 evaluated, 38849 expanded
[t=155.037s, 35920 KB] New best heuristic value for ff(): 794
[t=155.038s, 35920 KB] g=1698, 207587 evaluated, 38851 expanded
[t=155.465s, 35920 KB] New best heuristic value for ff(): 767
[t=155.468s, 35920 KB] g=1776, 208203 evaluated, 38934 expanded
[t=155.477s, 35920 KB] New best heuristic value for ff(): 741
[t=155.478s, 35920 KB] g=1802, 208219 evaluated, 38936 expanded
[t=155.489s, 35920 KB] New best heuristic value for ff(): 727
[t=155.489s, 35920 KB] g=1816, 208236 evaluated, 38938 expanded
[t=178.644s, 40828 KB] New best heuristic value for ff(): 726
[t=178.644s, 40828 KB] g=2159, 243632 evaluated, 44516 expanded
[t=178.652s, 40828 KB] New best heuristic value for ff(): 725
[t=178.655s, 40828 KB] g=2160, 243648 evaluated, 44517 expanded
[t=178.772s, 40828 KB] New best heuristic value for ff(): 609
[t=178.773s, 40828 KB] g=2305, 243825 evaluated, 44541 expanded
[t=178.8s, 40828 KB] New best heuristic value for ff(): 586
[t=178.802s, 40828 KB] g=2339, 243873 evaluated, 44545 expanded
[t=178.802s, 40828 KB] New best heuristic value for ff(): 539
[t=178.802s, 40828 KB] g=2346, 243874 evaluated, 44545 expanded
[t=178.802s, 40828 KB] New best heuristic value for ff(): 521
[t=178.803s, 40828 KB] g=2346, 243875 evaluated, 44545 expanded
[t=188.796s, 40828 KB] New best heuristic value for ff(): 519
[t=188.796s, 40828 KB] g=2608, 258763 evaluated, 46707 expanded
[t=210.567s, 44112 KB] New best heuristic value for ff(): 503
[t=210.57s, 44112 KB] g=2477, 290037 evaluated, 52023 expanded
[t=210.583s, 44112 KB] New best heuristic value for ff(): 501
[t=210.584s, 44112 KB] g=2478, 290063 evaluated, 52025 expanded
[t=210.595s, 44112 KB] New best heuristic value for ff(): 499
[t=210.596s, 44112 KB] g=2490, 290083 evaluated, 52027 expanded
[t=213.622s, 44112 KB] New best heuristic value for ff(): 498
[t=213.623s, 44112 KB] g=2775, 294807 evaluated, 52534 expanded
[t=217.451s, 44112 KB] New best heuristic value for ff(): 479
[t=217.454s, 44112 KB] g=2780, 300522 evaluated, 53170 expanded
[t=217.463s, 44112 KB] New best heuristic value for ff(): 471
[t=217.467s, 44112 KB] g=2792, 300540 evaluated, 53172 expanded
[t=217.475s, 44112 KB] New best heuristic value for ff(): 470
[t=217.476s, 44112 KB] g=2793, 300553 evaluated, 53174 expanded
[t=217.483s, 44112 KB] New best heuristic value for ff(): 466
[t=217.485s, 44112 KB] g=2805, 300567 evaluated, 53176 expanded
[t=217.511s, 44112 KB] New best heuristic value for ff(): 465
[t=217.512s, 44112 KB] g=2806, 300610 evaluated, 53180 expanded
[t=217.523s, 44112 KB] New best heuristic value for ff(): 445
[t=217.523s, 44112 KB] g=2826, 300625 evaluated, 53182 expanded
[t=217.531s, 44112 KB] New best heuristic value for ff(): 428
[t=217.532s, 44112 KB] g=2843, 300639 evaluated, 53183 expanded
[t=217.543s, 44112 KB] New best heuristic value for ff(): 427
[t=217.545s, 44112 KB] g=2844, 300657 evaluated, 53185 expanded
[t=217.615s, 44112 KB] New best heuristic value for ff(): 425
[t=217.618s, 44112 KB] g=2909, 300771 evaluated, 53199 expanded
[t=217.627s, 44112 KB] New best heuristic value for ff(): 424
[t=217.629s, 44112 KB] g=2910, 300789 evaluated, 53201 expanded
[t=217.639s, 44112 KB] New best heuristic value for ff(): 423
[t=217.64s, 44112 KB] g=2929, 300805 evaluated, 53203 expanded
[t=217.943s, 44112 KB] New best heuristic value for ff(): 422
[t=217.944s, 44112 KB] g=2981, 301248 evaluated, 53252 expanded
[t=217.955s, 44112 KB] New best heuristic value for ff(): 407
[t=217.956s, 44112 KB] g=2996, 301267 evaluated, 53254 expanded
[t=217.975s, 44112 KB] New best heuristic value for ff(): 386
[t=217.975s, 44112 KB] g=3017, 301293 evaluated, 53256 expanded
[t=217.982s, 44112 KB] New best heuristic value for ff(): 371
[t=217.985s, 44112 KB] g=3032, 301307 evaluated, 53257 expanded
[t=217.998s, 44112 KB] New best heuristic value for ff(): 351
[t=218s, 44112 KB] g=3056, 301328 evaluated, 53259 expanded
[t=218.014s, 44112 KB] New best heuristic value for ff(): 337
[t=218.016s, 44112 KB] g=3070, 301352 evaluated, 53261 expanded
[t=218.03s, 44112 KB] New best heuristic value for ff(): 336
[t=218.033s, 44112 KB] g=3071, 301377 evaluated, 53263 expanded
[t=218.15s, 44112 KB] New best heuristic value for ff(): 335
[t=218.153s, 44112 KB] g=3107, 301548 evaluated, 53287 expanded
[t=218.158s, 44112 KB] New best heuristic value for ff(): 309
[t=218.162s, 44112 KB] g=3133, 301562 evaluated, 53289 expanded
[t=218.166s, 44112 KB] New best heuristic value for ff(): 305
[t=218.169s, 44112 KB] g=3147, 301573 evaluated, 53290 expanded
[t=218.169s, 44112 KB] New best heuristic value for ff(): 302
[t=218.17s, 44112 KB] g=3157, 301574 evaluated, 53290 expanded
[t=218.17s, 44112 KB] New best heuristic value for ff(): 300
[t=218.171s, 44112 KB] g=3146, 301576 evaluated, 53290 expanded
[t=218.171s, 44112 KB] New best heuristic value for ff(): 284
[t=218.172s, 44112 KB] g=3159, 301577 evaluated, 53290 expanded
[t=218.178s, 44112 KB] New best heuristic value for ff(): 277
[t=218.18s, 44112 KB] g=3172, 301592 evaluated, 53292 expanded
[t=218.18s, 44112 KB] New best heuristic value for ff(): 264
[t=218.181s, 44112 KB] g=3179, 301593 evaluated, 53292 expanded
[t=218.186s, 44112 KB] New best heuristic value for ff(): 243
[t=218.187s, 44112 KB] g=3200, 301604 evaluated, 53293 expanded
[t=218.194s, 44112 KB] New best heuristic value for ff(): 137
[t=218.196s, 44112 KB] g=3306, 301623 evaluated, 53295 expanded
[t=218.202s, 44112 KB] New best heuristic value for ff(): 117
[t=218.203s, 44112 KB] g=3326, 301640 evaluated, 53297 expanded
[t=218.21s, 44112 KB] New best heuristic value for ff(): 90
[t=218.212s, 44112 KB] g=3353, 301661 evaluated, 53299 expanded
[t=218.214s, 44112 KB] New best heuristic value for ff(): 79
[t=218.217s, 44112 KB] g=3366, 301678 evaluated, 53301 expanded
[t=218.218s, 44112 KB] New best heuristic value for ff(): 78
[t=218.221s, 44112 KB] g=3367, 301697 evaluated, 53303 expanded
[t=218.226s, 44112 KB] New best heuristic value for ff(): 76
[t=218.228s, 44112 KB] g=3380, 301715 evaluated, 53305 expanded
[t=218.228s, 44112 KB] New best heuristic value for ff(): 61
[t=218.229s, 44112 KB] g=3384, 301717 evaluated, 53305 expanded
[t=218.234s, 44112 KB] New best heuristic value for ff(): 36
[t=218.236s, 44112 KB] g=3409, 301736 evaluated, 53307 expanded
[t=218.242s, 44112 KB] New best heuristic value for ff(): 24
[t=218.243s, 44112 KB] g=3421, 301755 evaluated, 53309 expanded
[t=218.243s, 44112 KB] New best heuristic value for ff(): 1
[t=218.245s, 44112 KB] g=3444, 301766 evaluated, 53311 expanded
[t=218.245s, 44112 KB] New best heuristic value for ff(): 0
[t=218.249s, 44112 KB] g=3445, 301782 evaluated, 53313 expanded
[t=218.249s, 44112 KB] Solution found!
[t=218.253s, 44112 KB] Actual search time: 218.136s
drive truck-2 city-2-loc-23 city-2-loc-8 (21)
drive truck-2 city-2-loc-8 city-2-loc-29 (25)
drive truck-1 city-3-loc-24 city-3-loc-5 (22)
drive truck-1 city-3-loc-5 city-3-loc-28 (19)
drive truck-2 city-2-loc-29 city-2-loc-20 (14)
drive truck-2 city-2-loc-20 city-2-loc-2 (16)
drive truck-1 city-3-loc-28 city-2-loc-31 (130)
drive truck-1 city-2-loc-31 city-2-loc-13 (23)
drive truck-1 city-2-loc-13 city-2-loc-2 (27)
drive truck-2 city-2-loc-2 city-2-loc-17 (22)
pick-up truck-2 city-2-loc-17 package-7 capacity-3 capacity-4 (1)
drive truck-2 city-2-loc-17 city-2-loc-20 (13)
drive truck-1 city-2-loc-2 city-2-loc-17 (22)
drive truck-2 city-2-loc-20 city-2-loc-13 (21)
pick-up truck-1 city-2-loc-17 package-3 capacity-3 capacity-4 (1)
drive truck-1 city-2-loc-17 city-2-loc-2 (22)
drop truck-1 city-2-loc-2 package-3 capacity-3 capacity-4 (1)
drive truck-1 city-2-loc-2 city-2-loc-17 (22)
drive truck-1 city-2-loc-17 city-2-loc-22 (15)
drive truck-2 city-2-loc-13 city-2-loc-8 (16)
pick-up truck-2 city-2-loc-8 package-4 capacity-2 capacity-3 (1)
drive truck-1 city-2-loc-22 city-2-loc-14 (25)
drive truck-1 city-2-loc-14 city-2-loc-12 (11)
drive truck-1 city-2-loc-12 city-2-loc-1 (24)
pick-up truck-2 city-2-loc-8 package-2 capacity-1 capacity-2 (1)
drive truck-2 city-2-loc-8 city-2-loc-13 (16)
drive truck-2 city-2-loc-13 city-2-loc-31 (23)
drive truck-1 city-2-loc-1 city-2-loc-2 (22)
drive truck-1 city-2-loc-2 city-2-loc-13 (27)
drive truck-1 city-2-loc-13 city-2-loc-8 (16)
drive truck-1 city-2-loc-8 city-2-loc-23 (21)
drive truck-1 city-2-loc-23 city-2-loc-3 (11)
drive truck-2 city-2-loc-31 city-2-loc-4 (20)
drive truck-2 city-2-loc-4 city-2-loc-21 (15)
drive truck-2 city-2-loc-21 city-2-loc-19 (27)
drive truck-2 city-2-loc-19 city-2-loc-28 (20)
pick-up truck-2 city-2-loc-28 package-11 capacity-0 capacity-1 (1)
drive truck-2 city-2-loc-28 city-1-loc-15 (106)
drive truck-2 city-1-loc-15 city-3-loc-18 (127)
drive truck-2 city-3-loc-18 city-3-loc-7 (14)
drop truck-2 city-3-loc-7 package-11 capacity-0 capacity-1 (1)
drive truck-1 city-2-loc-3 city-2-loc-7 (17)
drive truck-2 city-3-loc-7 city-3-loc-20 (26)
pick-up truck-2 city-3-loc-20 package-10 capacity-0 capacity-1 (1)
drive truck-2 city-3-loc-20 city-3-loc-7 (26)
drive truck-2 city-3-loc-7 city-3-loc-18 (14)
drop truck-2 city-3-loc-18 package-10 capacity-0 capacity-1 (1)
drive truck-2 city-3-loc-18 city-3-loc-7 (14)
pick-up truck-2 city-3-loc-7 package-11 capacity-0 capacity-1 (1)
drive truck-2 city-3-loc-7 city-3-loc-18 (14)
drive truck-2 city-3-loc-18 city-3-loc-28 (17)
drop truck-2 city-3-loc-28 package-2 capacity-0 capacity-1 (1)
drive truck-2 city-3-loc-28 city-3-loc-18 (17)
drive truck-1 city-2-loc-7 city-2-loc-10 (24)
drive truck-1 city-2-loc-10 city-2-loc-6 (16)
drive truck-1 city-2-loc-6 city-2-loc-19 (17)
drive truck-1 city-2-loc-19 city-2-loc-28 (20)
drop truck-2 city-3-loc-18 package-4 capacity-1 capacity-2 (1)
drive truck-1 city-2-loc-28 city-1-loc-15 (106)
drive truck-1 city-1-loc-15 city-3-loc-18 (127)
pick-up truck-2 city-3-loc-18 package-4 capacity-1 capacity-2 (1)
drive truck-1 city-3-loc-18 city-3-loc-19 (23)
drive truck-2 city-3-loc-18 city-3-loc-7 (14)
drive truck-1 city-3-loc-19 city-3-loc-16 (20)
drive truck-2 city-3-loc-7 city-3-loc-20 (26)
drive truck-2 city-3-loc-20 city-3-loc-32 (13)
drop truck-2 city-3-loc-32 package-4 capacity-1 capacity-2 (1)
pick-up truck-2 city-3-loc-32 package-5 capacity-1 capacity-2 (1)
drive truck-2 city-3-loc-32 city-3-loc-20 (13)
drive truck-1 city-3-loc-16 city-3-loc-22 (23)
drive truck-2 city-3-loc-20 city-3-loc-1 (27)
pick-up truck-2 city-3-loc-1 package-9 capacity-0 capacity-1 (1)
drive truck-2 city-3-loc-1 city-3-loc-20 (27)
drive truck-2 city-3-loc-20 city-3-loc-7 (26)
drive truck-2 city-3-loc-7 city-3-loc-18 (14)
drop truck-2 city-3-loc-18 package-11 capacity-0 capacity-1 (1)
drive truck-2 city-3-loc-18 city-3-loc-28 (17)
drive truck-1 city-3-loc-22 city-3-loc-30 (21)
drive truck-1 city-3-loc-30 city-3-loc-14 (24)
drive truck-1 city-3-loc-14 city-3-loc-20 (19)
drive truck-2 city-3-loc-28 city-2-loc-31 (130)
drop truck-2 city-2-loc-31 package-5 capacity-1 capacity-2 (1)
drive truck-2 city-2-loc-31 city-3-loc-28 (130)
pick-up truck-2 city-3-loc-28 package-2 capacity-1 capacity-2 (1)
drive truck-2 city-3-loc-28 city-3-loc-18 (17)
pick-up truck-2 city-3-loc-18 package-11 capacity-0 capacity-1 (1)
drive truck-2 city-3-loc-18 city-1-loc-15 (127)
drive truck-2 city-1-loc-15 city-1-loc-23 (21)
drive truck-2 city-1-loc-23 city-1-loc-27 (20)
drop truck-2 city-1-loc-27 package-7 capacity-0 capacity-1 (1)
drive truck-1 city-3-loc-20 city-3-loc-14 (19)
drive truck-1 city-3-loc-14 city-3-loc-30 (24)
drive truck-1 city-3-loc-30 city-3-loc-22 (21)
drive truck-2 city-1-loc-27 city-1-loc-11 (21)
pick-up truck-2 city-1-loc-11 package-12 capacity-0 capacity-1 (1)
drive truck-2 city-1-loc-11 city-1-loc-27 (21)
drop truck-2 city-1-loc-27 package-12 capacity-0 capacity-1 (1)
pick-up truck-2 city-1-loc-27 package-7 capacity-0 capacity-1 (1)
drive truck-2 city-1-loc-27 city-1-loc-16 (21)
drop truck-2 city-1-loc-16 package-2 capacity-0 capacity-1 (1)
drive truck-2 city-1-loc-16 city-1-loc-24 (12)
drive truck-1 city-3-loc-22 city-3-loc-30 (21)
drive truck-1 city-3-loc-30 city-3-loc-19 (16)
drive truck-1 city-3-loc-19 city-3-loc-18 (23)
drive truck-1 city-3-loc-18 city-1-loc-15 (127)
drive truck-1 city-1-loc-15 city-1-loc-23 (21)
drive truck-1 city-1-loc-23 city-1-loc-25 (20)
drive truck-1 city-1-loc-25 city-1-loc-16 (18)
drive truck-2 city-1-loc-24 city-1-loc-7 (19)
drop truck-2 city-1-loc-7 package-7 capacity-1 capacity-2 (1)
drop truck-2 city-1-loc-7 package-11 capacity-2 capacity-3 (1)
drive truck-2 city-1-loc-7 city-1-loc-8 (23)
drive truck-2 city-1-loc-8 city-1-loc-30 (12)
pick-up truck-2 city-1-loc-30 package-1 capacity-2 capacity-3 (1)
drive truck-2 city-1-loc-30 city-1-loc-8 (12)
drop truck-2 city-1-loc-8 package-9 capacity-2 capacity-3 (1)
drive truck-2 city-1-loc-8 city-1-loc-20 (20)
drive truck-2 city-1-loc-20 city-1-loc-9 (17)
drop truck-2 city-1-loc-9 package-1 capacity-3 capacity-4 (1)
drive truck-2 city-1-loc-9 city-1-loc-20 (17)
drive truck-2 city-1-loc-20 city-1-loc-32 (22)
drive truck-2 city-1-loc-32 city-1-loc-7 (26)
pick-up truck-2 city-1-loc-7 package-11 capacity-3 capacity-4 (1)
drive truck-2 city-1-loc-7 city-1-loc-24 (19)
drive truck-1 city-1-loc-16 city-1-loc-11 (15)
drive truck-1 city-1-loc-11 city-1-loc-18 (21)
drive truck-1 city-1-loc-18 city-1-loc-21 (15)
pick-up truck-1 city-1-loc-21 package-6 capacity-3 capacity-4 (1)
drive truck-1 city-1-loc-21 city-1-loc-18 (15)
drive truck-1 city-1-loc-18 city-1-loc-11 (21)
drive truck-1 city-1-loc-11 city-1-loc-16 (15)
drive truck-1 city-1-loc-16 city-1-loc-10 (24)
drive truck-1 city-1-loc-10 city-1-loc-13 (14)
drop truck-1 city-1-loc-13 package-6 capacity-3 capacity-4 (1)
drive truck-2 city-1-loc-24 city-1-loc-7 (19)
drive truck-2 city-1-loc-7 city-1-loc-1 (16)
pick-up truck-2 city-1-loc-1 package-8 capacity-2 capacity-3 (1)
drive truck-2 city-1-loc-1 city-1-loc-10 (26)
drive truck-2 city-1-loc-10 city-1-loc-25 (26)
drive truck-2 city-1-loc-25 city-1-loc-23 (20)
drive truck-2 city-1-loc-23 city-1-loc-15 (21)
drive truck-2 city-1-loc-15 city-2-loc-28 (106)
drive truck-2 city-2-loc-28 city-2-loc-19 (20)
drive truck-2 city-2-loc-19 city-2-loc-21 (27)
drive truck-2 city-2-loc-21 city-2-loc-16 (13)
drop truck-2 city-2-loc-16 package-11 capacity-2 capacity-3 (1)
drive truck-2 city-2-loc-16 city-2-loc-4 (17)
drive truck-2 city-2-loc-4 city-2-loc-11 (25)
drive truck-2 city-2-loc-11 city-2-loc-15 (12)
drive truck-2 city-2-loc-15 city-2-loc-18 (23)
drop truck-2 city-2-loc-18 package-8 capacity-3 capacity-4 (1)
[t=218.253s, 44112 KB] Plan length: 151 step(s).
[t=218.253s, 44112 KB] Plan cost: 3301
[t=218.253s, 44112 KB] Timestamp: 1685771704416 millisecond(s).
[t=218.253s, 44112 KB] Expanded 53315 state(s).
[t=218.253s, 44112 KB] Reopened 0 state(s).
[t=218.253s, 44112 KB] Evaluated 301794 state(s).
[t=218.253s, 44112 KB] Evaluations: 301794
[t=218.253s, 44112 KB] Generated 654124 state(s).
[t=218.253s, 44112 KB] Dead ends: 0 state(s).
[t=218.253s, 44112 KB] Number of registered states: 301794
[t=218.253s, 44112 KB] Int hash set load factor: 301794/524288 = 0.575626
[t=218.253s, 44112 KB] Int hash set resizes: 19
[t=218.253s, 44112 KB] Search time: 218.137s
[t=218.253s, 44112 KB] Total time: 218.253s
Solution found.
Peak memory: 44112 KB
Remove intermediate file output.sas
search exit code: 0

INFO     Running validate.
INFO     validate stdin: None
INFO     validate time limit: None
INFO     validate memory limit: None
INFO     validate command line string: validate domain.pddl problem.pddl sas_plan
Checking plan: sas_plan
Plan executed successfully - checking goal
Plan valid
Final value: 3301 

Successful plans:
Value: 3301
 sas_plan 3301 

validate exit code: 0

INFO     Planner time: 220.69s
