INFO     planner time limit: 900s
INFO     planner memory limit: 3584 MB

INFO     Running translator.
INFO     translator stdin: None
INFO     translator time limit: 899s
INFO     translator memory limit: 3584 MB
INFO     translator command line string: /usr/local/downward-projects/downward/experiments/.venv/bin/python3 /usr/local/downward-projects/downward/experiments/src/thesis/data/thesis-thesis_exp/code-f7a4f68fd467cf7cff4d3dfcfdfcfa2023e44324_e5e41175/builds/release/bin/translate/translate.py domain.pddl problem.pddl --sas-file output.sas
Parsing...
Parsing: [0.000s CPU, 0.001s wall-clock]
Normalizing task... [0.000s CPU, 0.000s wall-clock]
Instantiating...
Generating Datalog program... [0.000s CPU, 0.000s wall-clock]
Normalizing Datalog program...
Normalizing Datalog program: [0.000s CPU, 0.001s wall-clock]
Preparing model... [0.000s CPU, 0.001s wall-clock]
Generated 24 rules.
Computing model... [0.000s CPU, 0.004s wall-clock]
471 relevant atoms
320 auxiliary atoms
791 final queue length
1064 total queue pushes
Completing instantiation... [0.010s CPU, 0.006s wall-clock]
Instantiating: [0.010s CPU, 0.013s wall-clock]
Computing fact groups...
Finding invariants...
10 initial candidates
Finding invariants: [0.000s CPU, 0.001s wall-clock]
Checking invariant weight... [0.000s CPU, 0.000s wall-clock]
Instantiating groups... [0.000s CPU, 0.002s wall-clock]
Collecting mutex groups... [0.000s CPU, 0.000s wall-clock]
Choosing groups...
0 uncovered facts
Choosing groups: [0.000s CPU, 0.000s wall-clock]
Building translation key... [0.000s CPU, 0.000s wall-clock]
Computing fact groups: [0.000s CPU, 0.004s wall-clock]
Building STRIPS to SAS dictionary... [0.000s CPU, 0.000s wall-clock]
Building dictionary for full mutex groups... [0.000s CPU, 0.000s wall-clock]
Building mutex information...
Building mutex information: [0.000s CPU, 0.000s wall-clock]
Translating task...
Processing axioms...
Simplifying axioms... [0.000s CPU, 0.000s wall-clock]
Translator axioms removed by simplifying: 0
Computing negative axioms... [0.000s CPU, 0.000s wall-clock]
Processing axioms: [0.000s CPU, 0.000s wall-clock]
Translating task: [0.010s CPU, 0.006s wall-clock]
0 effect conditions simplified
0 implied preconditions added
Detecting unreachable propositions...
0 operators removed
0 axioms removed
3 propositions removed
Detecting unreachable propositions: [0.000s CPU, 0.004s wall-clock]
Reordering and filtering variables...
33 of 33 variables necessary.
30 of 33 mutex groups necessary.
242 of 242 operators necessary.
0 of 0 axiom rules necessary.
Reordering and filtering variables: [0.000s CPU, 0.001s wall-clock]
Translator variables: 33
Translator derived variables: 0
Translator facts: 154
Translator goal facts: 30
Translator mutex groups: 30
Translator total mutex groups size: 120
Translator operators: 242
Translator axioms: 0
Translator task size: 1663
Translator peak memory: 32872 KB
Writing output... [0.010s CPU, 0.002s wall-clock]
Done! [0.030s CPU, 0.032s wall-clock]
translate exit code: 0

INFO     Running search (release).
INFO     search stdin: output.sas
INFO     search time limit: 899s
INFO     search memory limit: 3584 MB
INFO     search command line string: /usr/local/downward-projects/downward/experiments/src/thesis/data/thesis-thesis_exp/code-f7a4f68fd467cf7cff4d3dfcfdfcfa2023e44324_e5e41175/builds/release/bin/downward --evaluator 'h=ff()' --search 'eager(alt([type_based([h, g()], random_seed=-1), single(h)]))' --internal-plan-file sas_plan < output.sas
[t=0.00171103s, 11000 KB] reading input...
[t=0.00298197s, 11000 KB] done reading input!
[t=0.0038921s, 11388 KB] Simplifying 482 unary operators... done! [482 unary operators]
[t=0.00570851s, 11388 KB] time to simplify: 0.00181642s
[t=0.00576662s, 11388 KB] Initializing additive heuristic...
[t=0.00581753s, 11388 KB] Initializing FF heuristic...
[t=0.00584208s, 11388 KB] Building successor generator...done!
[t=0.00602706s, 11388 KB] peak memory difference for successor generator creation: 0 KB
[t=0.0060693s, 11388 KB] time for successor generation creation: 0s
[t=0.00609373s, 11388 KB] Variables: 33
[t=0.00611976s, 11388 KB] FactPairs: 154
[t=0.00614218s, 11388 KB] Bytes per state: 12
[t=0.00616604s, 11388 KB] Conducting best first search without reopening closed nodes, (real) bound = 2147483647
[t=0.00621941s, 11388 KB] New best heuristic value for ff(): 61
[t=0.00627137s, 11388 KB] g=0, 1 evaluated, 0 expanded
[t=0.00629563s, 11388 KB] Initial heuristic value for ff(): 61
[t=0.00632747s, 11388 KB] pruning method: none
[t=0.00635096s, 11388 KB] Start Timestep: 1684348749524 millisecond(s).
[t=0.00639608s, 11388 KB] New best heuristic value for ff(): 60
[t=0.00645267s, 11388 KB] g=1, 3 evaluated, 1 expanded
[t=0.0064763s, 11388 KB] New best heuristic value for ff(): 59
[t=0.00821751s, 11388 KB] g=3, 209 evaluated, 7 expanded
[t=0.00824252s, 11388 KB] New best heuristic value for ff(): 58
[t=0.00827971s, 11388 KB] g=4, 210 evaluated, 8 expanded
[t=0.00830277s, 11388 KB] New best heuristic value for ff(): 57
[t=0.00836025s, 11388 KB] g=5, 213 evaluated, 9 expanded
[t=0.00838346s, 11388 KB] New best heuristic value for ff(): 56
[t=0.00868582s, 11388 KB] g=7, 246 evaluated, 12 expanded
[t=0.00933081s, 11388 KB] New best heuristic value for ff(): 55
[t=0.00996744s, 11388 KB] g=9, 388 evaluated, 18 expanded
[t=0.00999137s, 11388 KB] New best heuristic value for ff(): 54
[t=0.0100281s, 11388 KB] g=10, 389 evaluated, 19 expanded
[t=0.010052s, 11388 KB] New best heuristic value for ff(): 53
[t=0.0101266s, 11388 KB] g=11, 394 evaluated, 20 expanded
[t=0.0101514s, 11388 KB] New best heuristic value for ff(): 52
[t=0.010258s, 11388 KB] g=13, 403 evaluated, 23 expanded
[t=0.0171149s, 11388 KB] New best heuristic value for ff(): 51
[t=0.0197134s, 11388 KB] g=15, 1536 evaluated, 98 expanded
[t=0.0197422s, 11520 KB] New best heuristic value for ff(): 50
[t=0.019802s, 11520 KB] g=16, 1537 evaluated, 99 expanded
[t=0.0198262s, 11520 KB] New best heuristic value for ff(): 49
[t=0.0201465s, 11520 KB] g=17, 1573 evaluated, 101 expanded
[t=0.0201694s, 11520 KB] New best heuristic value for ff(): 48
[t=0.0203179s, 11520 KB] g=19, 1586 evaluated, 104 expanded
[t=0.0209976s, 11520 KB] New best heuristic value for ff(): 47
[t=0.0239537s, 11520 KB] g=21, 2010 evaluated, 127 expanded
[t=0.0239791s, 11520 KB] New best heuristic value for ff(): 46
[t=0.0244022s, 11520 KB] g=23, 2057 evaluated, 130 expanded
[t=0.0276387s, 11520 KB] New best heuristic value for ff(): 45
[t=0.028887s, 11520 KB] g=25, 2609 evaluated, 164 expanded
[t=0.0289293s, 11520 KB] New best heuristic value for ff(): 44
[t=0.0289709s, 11520 KB] g=26, 2610 evaluated, 165 expanded
[t=0.0289954s, 11520 KB] New best heuristic value for ff(): 43
[t=0.0293461s, 11520 KB] g=27, 2649 evaluated, 167 expanded
[t=0.02937s, 11520 KB] New best heuristic value for ff(): 42
[t=0.0296356s, 11520 KB] g=29, 2677 evaluated, 171 expanded
[t=0.0367344s, 11520 KB] New best heuristic value for ff(): 41
[t=0.0369084s, 11520 KB] g=31, 3545 evaluated, 254 expanded
[t=0.0369363s, 11520 KB] New best heuristic value for ff(): 40
[t=0.0372205s, 11520 KB] g=33, 3577 evaluated, 258 expanded
[t=0.037244s, 11520 KB] New best heuristic value for ff(): 39
[t=0.0384605s, 11520 KB] g=35, 3724 evaluated, 268 expanded
[t=0.0384845s, 11520 KB] New best heuristic value for ff(): 38
[t=0.0385213s, 11520 KB] g=36, 3725 evaluated, 269 expanded
[t=0.0385452s, 11520 KB] New best heuristic value for ff(): 37
[t=0.038704s, 11520 KB] g=37, 3740 evaluated, 271 expanded
[t=0.0387282s, 11520 KB] New best heuristic value for ff(): 36
[t=0.0389686s, 11520 KB] g=39, 3767 evaluated, 275 expanded
[t=0.0406089s, 11656 KB] New best heuristic value for ff(): 35
[t=0.043624s, 11656 KB] g=41, 4307 evaluated, 320 expanded
[t=0.0436506s, 11656 KB] New best heuristic value for ff(): 34
[t=0.0436887s, 11656 KB] g=42, 4308 evaluated, 321 expanded
[t=0.0437126s, 11656 KB] New best heuristic value for ff(): 33
[t=0.0440353s, 11656 KB] g=43, 4345 evaluated, 323 expanded
[t=0.0440593s, 11656 KB] New best heuristic value for ff(): 32
[t=0.0443205s, 11656 KB] g=45, 4375 evaluated, 327 expanded
[t=0.0485009s, 11656 KB] New best heuristic value for ff(): 31
[t=0.0496285s, 11656 KB] g=47, 5010 evaluated, 388 expanded
[t=0.049658s, 11656 KB] New best heuristic value for ff(): 30
[t=0.0500404s, 11656 KB] g=49, 5056 evaluated, 391 expanded
[t=0.0527875s, 11656 KB] New best heuristic value for ff(): 29
[t=0.0553304s, 11656 KB] g=51, 5684 evaluated, 449 expanded
[t=0.0553596s, 11656 KB] New best heuristic value for ff(): 28
[t=0.0559487s, 11656 KB] g=53, 5757 evaluated, 453 expanded
[t=0.0601768s, 11656 KB] New best heuristic value for ff(): 27
[t=0.0603668s, 11656 KB] g=55, 6295 evaluated, 508 expanded
[t=0.0603938s, 11656 KB] New best heuristic value for ff(): 26
[t=0.060834s, 11656 KB] g=57, 6347 evaluated, 512 expanded
[t=0.0608587s, 11656 KB] New best heuristic value for ff(): 25
[t=0.0641208s, 11656 KB] g=59, 6758 evaluated, 565 expanded
[t=0.0641482s, 11656 KB] New best heuristic value for ff(): 24
[t=0.0649047s, 11656 KB] g=61, 6853 evaluated, 569 expanded
[t=0.0680644s, 11656 KB] New best heuristic value for ff(): 23
[t=0.0688141s, 11656 KB] g=63, 7330 evaluated, 617 expanded
[t=0.068841s, 11656 KB] New best heuristic value for ff(): 22
[t=0.0692706s, 11656 KB] g=64, 7387 evaluated, 620 expanded
[t=0.0692943s, 11656 KB] New best heuristic value for ff(): 21
[t=0.0699962s, 11656 KB] g=65, 7464 evaluated, 622 expanded
[t=0.0700198s, 11656 KB] New best heuristic value for ff(): 20
[t=0.0707984s, 11656 KB] g=67, 7554 evaluated, 626 expanded
[t=0.0719806s, 11788 KB] New best heuristic value for ff(): 19
[t=0.0746861s, 11788 KB] g=69, 7956 evaluated, 666 expanded
[t=0.0747125s, 11788 KB] New best heuristic value for ff(): 18
[t=0.0752072s, 11788 KB] g=71, 8021 evaluated, 670 expanded
[t=0.0766772s, 11788 KB] New best heuristic value for ff(): 17
[t=0.0771s, 11788 KB] g=73, 8254 evaluated, 704 expanded
[t=0.077127s, 11788 KB] New best heuristic value for ff(): 16
[t=0.0778582s, 11788 KB] g=75, 8349 evaluated, 708 expanded
[t=0.077883s, 11788 KB] New best heuristic value for ff(): 15
[t=0.0795285s, 11788 KB] g=77, 8554 evaluated, 741 expanded
[t=0.079818s, 11788 KB] New best heuristic value for ff(): 14
[t=0.0802003s, 11788 KB] g=79, 8641 evaluated, 745 expanded
[t=0.0802244s, 11788 KB] New best heuristic value for ff(): 13
[t=0.081418s, 11788 KB] g=81, 8788 evaluated, 773 expanded
[t=0.0814427s, 11788 KB] New best heuristic value for ff(): 12
[t=0.0819671s, 11788 KB] g=83, 8861 evaluated, 777 expanded
[t=0.0830564s, 11788 KB] New best heuristic value for ff(): 11
[t=0.0835795s, 11788 KB] g=85, 9058 evaluated, 802 expanded
[t=0.0837284s, 11788 KB] New best heuristic value for ff(): 10
[t=0.0841493s, 11788 KB] g=87, 9133 evaluated, 805 expanded
[t=0.0841733s, 11788 KB] New best heuristic value for ff(): 9
[t=0.0858512s, 11788 KB] g=89, 9330 evaluated, 827 expanded
[t=0.085876s, 11788 KB] New best heuristic value for ff(): 8
[t=0.0864429s, 11788 KB] g=91, 9411 evaluated, 831 expanded
[t=0.0864678s, 11788 KB] New best heuristic value for ff(): 7
[t=0.087677s, 11788 KB] g=93, 9545 evaluated, 848 expanded
[t=0.0877034s, 11788 KB] New best heuristic value for ff(): 6
[t=0.0884577s, 11788 KB] g=95, 9650 evaluated, 851 expanded
[t=0.088482s, 11788 KB] New best heuristic value for ff(): 5
[t=0.0889235s, 11788 KB] g=97, 9702 evaluated, 864 expanded
[t=0.0889467s, 11920 KB] New best heuristic value for ff(): 4
[t=0.089738s, 11920 KB] g=99, 9805 evaluated, 868 expanded
[t=0.0897628s, 11920 KB] New best heuristic value for ff(): 3
[t=0.0898356s, 11920 KB] g=100, 9811 evaluated, 870 expanded
[t=0.0898586s, 11920 KB] New best heuristic value for ff(): 2
[t=0.0899008s, 11920 KB] g=101, 9813 evaluated, 872 expanded
[t=0.0899253s, 11920 KB] New best heuristic value for ff(): 1
[t=0.0899719s, 11920 KB] g=102, 9815 evaluated, 874 expanded
[t=0.0899955s, 11920 KB] New best heuristic value for ff(): 0
[t=0.0901853s, 11920 KB] g=103, 9847 evaluated, 876 expanded
[t=0.0902085s, 11920 KB] Solution found!
[t=0.0904656s, 11920 KB] Actual search time: 0.0840695s
pick ball10 rooma left (1)
pick ball22 rooma right (1)
move rooma roomb (1)
drop ball10 roomb left (1)
drop ball22 roomb right (1)
move roomb rooma (1)
pick ball12 rooma left (1)
pick ball20 rooma right (1)
move rooma roomb (1)
drop ball12 roomb left (1)
drop ball20 roomb right (1)
move roomb rooma (1)
pick ball6 rooma left (1)
pick ball23 rooma right (1)
move rooma roomb (1)
drop ball6 roomb left (1)
drop ball23 roomb right (1)
move roomb rooma (1)
pick ball18 rooma left (1)
move rooma roomb (1)
drop ball18 roomb left (1)
move roomb rooma (1)
pick ball28 rooma left (1)
pick ball9 rooma right (1)
move rooma roomb (1)
drop ball28 roomb left (1)
drop ball9 roomb right (1)
move roomb rooma (1)
pick ball1 rooma left (1)
move rooma roomb (1)
drop ball1 roomb left (1)
move roomb rooma (1)
pick ball14 rooma left (1)
pick ball25 rooma right (1)
move rooma roomb (1)
drop ball14 roomb left (1)
drop ball25 roomb right (1)
move roomb rooma (1)
pick ball30 rooma left (1)
pick ball15 rooma right (1)
move rooma roomb (1)
drop ball30 roomb left (1)
drop ball15 roomb right (1)
move roomb rooma (1)
pick ball11 rooma left (1)
move rooma roomb (1)
drop ball11 roomb left (1)
move roomb rooma (1)
pick ball13 rooma left (1)
move rooma roomb (1)
drop ball13 roomb left (1)
move roomb rooma (1)
pick ball16 rooma left (1)
move rooma roomb (1)
drop ball16 roomb left (1)
move roomb rooma (1)
pick ball17 rooma left (1)
move rooma roomb (1)
drop ball17 roomb left (1)
move roomb rooma (1)
pick ball24 rooma left (1)
pick ball29 rooma right (1)
move rooma roomb (1)
drop ball24 roomb left (1)
drop ball29 roomb right (1)
move roomb rooma (1)
pick ball19 rooma left (1)
move rooma roomb (1)
drop ball19 roomb left (1)
move roomb rooma (1)
pick ball2 rooma left (1)
move rooma roomb (1)
drop ball2 roomb left (1)
move roomb rooma (1)
pick ball21 rooma left (1)
move rooma roomb (1)
drop ball21 roomb left (1)
move roomb rooma (1)
pick ball26 rooma left (1)
move rooma roomb (1)
drop ball26 roomb left (1)
move roomb rooma (1)
pick ball27 rooma left (1)
move rooma roomb (1)
drop ball27 roomb left (1)
move roomb rooma (1)
pick ball3 rooma left (1)
move rooma roomb (1)
drop ball3 roomb left (1)
move roomb rooma (1)
pick ball4 rooma left (1)
move rooma roomb (1)
drop ball4 roomb left (1)
move roomb rooma (1)
pick ball5 rooma left (1)
move rooma roomb (1)
drop ball5 roomb left (1)
move roomb rooma (1)
pick ball7 rooma left (1)
pick ball8 rooma right (1)
move rooma roomb (1)
drop ball7 roomb left (1)
drop ball8 roomb right (1)
[t=0.0905026s, 11920 KB] Plan length: 103 step(s).
[t=0.0905026s, 11920 KB] Plan cost: 103
[t=0.0905026s, 11920 KB] Timestamp: 1684348749612 millisecond(s).
[t=0.0905026s, 11920 KB] Expanded 878 state(s).
[t=0.0905026s, 11920 KB] Reopened 0 state(s).
[t=0.0905026s, 11920 KB] Evaluated 9876 state(s).
[t=0.0905026s, 11920 KB] Evaluations: 9876
[t=0.0905026s, 11920 KB] Generated 13379 state(s).
[t=0.0905026s, 11920 KB] Dead ends: 0 state(s).
[t=0.0905026s, 11920 KB] Number of registered states: 9876
[t=0.0905026s, 11920 KB] Int hash set load factor: 9876/16384 = 0.602783
[t=0.0905026s, 11920 KB] Int hash set resizes: 14
[t=0.0905026s, 11920 KB] Search time: 0.0843366s
[t=0.0905026s, 11920 KB] Total time: 0.0905026s
Solution found.
Peak memory: 11920 KB
Remove intermediate file output.sas
search exit code: 0

INFO     Running validate.
INFO     validate stdin: None
INFO     validate time limit: None
INFO     validate memory limit: None
INFO     validate command line string: validate domain.pddl problem.pddl sas_plan
Checking plan: sas_plan
Plan executed successfully - checking goal
Plan valid
Final value: 103 

Successful plans:
Value: 103
 sas_plan 103 

validate exit code: 0

INFO     Planner time: 0.22s
