INFO     planner time limit: 900s
INFO     planner memory limit: 3584 MB

INFO     Running translator.
INFO     translator stdin: None
INFO     translator time limit: 899s
INFO     translator memory limit: 3584 MB
INFO     translator command line string: /usr/local/downward-projects/downward/experiments/.venv/bin/python3 /usr/local/downward-projects/downward/experiments/src/thesis/data/thesis-thesis_exp/code-beb2e19b3d35a0ced2c328754445ca6967892fa8_e5e41175/builds/release/bin/translate/translate.py domain.pddl problem.pddl --sas-file output.sas
Parsing...
Parsing: [0.030s CPU, 0.024s wall-clock]
Normalizing task... [0.000s CPU, 0.001s wall-clock]
Instantiating...
Generating Datalog program... [0.010s CPU, 0.008s wall-clock]
Normalizing Datalog program...
Normalizing Datalog program: [0.000s CPU, 0.001s wall-clock]
Preparing model... [0.040s CPU, 0.038s wall-clock]
Generated 18 rules.
Computing model... [0.140s CPU, 0.143s wall-clock]
18991 relevant atoms
12396 auxiliary atoms
31387 final queue length
42836 total queue pushes
Completing instantiation... [0.220s CPU, 0.219s wall-clock]
Instantiating: [0.410s CPU, 0.417s wall-clock]
Computing fact groups...
Finding invariants...
6 initial candidates
Finding invariants: [0.000s CPU, 0.002s wall-clock]
Checking invariant weight... [0.000s CPU, 0.001s wall-clock]
Instantiating groups... [0.000s CPU, 0.000s wall-clock]
Collecting mutex groups... [0.000s CPU, 0.000s wall-clock]
Choosing groups...
272 uncovered facts
Choosing groups: [0.000s CPU, 0.000s wall-clock]
Building translation key... [0.000s CPU, 0.001s wall-clock]
Computing fact groups: [0.010s CPU, 0.006s wall-clock]
Building STRIPS to SAS dictionary... [0.000s CPU, 0.000s wall-clock]
Building dictionary for full mutex groups... [0.000s CPU, 0.000s wall-clock]
Building mutex information...
Building mutex information: [0.000s CPU, 0.000s wall-clock]
Translating task...
Processing axioms...
Simplifying axioms... [0.000s CPU, 0.000s wall-clock]
Translator axioms removed by simplifying: 0
Computing negative axioms... [0.000s CPU, 0.000s wall-clock]
Processing axioms: [0.010s CPU, 0.010s wall-clock]
Translating task: [0.180s CPU, 0.190s wall-clock]
136 effect conditions simplified
0 implied preconditions added
Detecting unreachable propositions...
0 operators removed
0 axioms removed
1 propositions removed
Detecting unreachable propositions: [0.140s CPU, 0.142s wall-clock]
Reordering and filtering variables...
273 of 273 variables necessary.
0 of 1 mutex groups necessary.
11828 of 11828 operators necessary.
0 of 0 axiom rules necessary.
Reordering and filtering variables: [0.020s CPU, 0.019s wall-clock]
Translator variables: 273
Translator derived variables: 0
Translator facts: 652
Translator goal facts: 136
Translator mutex groups: 0
Translator total mutex groups size: 0
Translator operators: 11828
Translator axioms: 0
Translator task size: 36817
Translator peak memory: 63256 KB
Writing output... [0.040s CPU, 0.036s wall-clock]
Done! [0.840s CPU, 0.849s wall-clock]
translate exit code: 0

INFO     Running search (release).
INFO     search stdin: output.sas
INFO     search time limit: 899s
INFO     search memory limit: 3584 MB
INFO     search command line string: /usr/local/downward-projects/downward/experiments/src/thesis/data/thesis-thesis_exp/code-beb2e19b3d35a0ced2c328754445ca6967892fa8_e5e41175/builds/release/bin/downward --evaluator 'h=ff()' --search 'eager(alt([bts_type(h), single(h)]))' --internal-plan-file sas_plan < output.sas
[t=0.00105172s, 11252 KB] reading input...
[t=0.0230852s, 13416 KB] done reading input!
[t=0.0262214s, 14192 KB] Simplifying 11964 unary operators... done! [11964 unary operators]
[t=0.030382s, 15116 KB] time to simplify: 0.0047164s
[t=0.0309662s, 15116 KB] Initializing additive heuristic...
[t=0.0311007s, 15116 KB] Initializing FF heuristic...
[t=0.0311264s, 15116 KB] Building successor generator...done!
[t=0.0324039s, 15116 KB] peak memory difference for successor generator creation: 0 KB
[t=0.0324473s, 15116 KB] time for successor generation creation: 0.000166234s
[t=0.0324709s, 15116 KB] Variables: 273
[t=0.0325465s, 15116 KB] FactPairs: 652
[t=0.032568s, 15116 KB] Bytes per state: 36
[t=0.0325907s, 15116 KB] Conducting best first search without reopening closed nodes, (real) bound = 2147483647
[t=0.0326432s, 15116 KB] New best heuristic value for ff(): 373
[t=0.0327696s, 15116 KB] g=0, 1 evaluated, 0 expanded
[t=0.0327934s, 15116 KB] Initial heuristic value for ff(): 373
[t=0.0328217s, 15116 KB] pruning method: none
[t=0.0328445s, 15116 KB] Start Timestep: 1685767636964 millisecond(s).
[t=0.0328876s, 15116 KB] New best heuristic value for ff(): 372
[t=0.0330136s, 15116 KB] g=1, 2 evaluated, 1 expanded
[t=0.0406694s, 15116 KB] New best heuristic value for ff(): 371
[t=0.0412917s, 15116 KB] g=2, 111 evaluated, 2 expanded
[t=0.0573731s, 15116 KB] New best heuristic value for ff(): 370
[t=0.0576812s, 15116 KB] g=4, 328 evaluated, 6 expanded
[t=0.0731021s, 15116 KB] New best heuristic value for ff(): 369
[t=0.074001s, 15116 KB] g=6, 544 evaluated, 10 expanded
[t=0.0822011s, 15116 KB] New best heuristic value for ff(): 368
[t=0.0823397s, 15116 KB] g=8, 653 evaluated, 14 expanded
[t=0.0825042s, 15116 KB] New best heuristic value for ff(): 367
[t=0.0827438s, 15116 KB] g=9, 657 evaluated, 16 expanded
[t=0.0900914s, 15116 KB] New best heuristic value for ff(): 366
[t=0.0909005s, 15116 KB] g=10, 764 evaluated, 20 expanded
[t=0.106623s, 15116 KB] New best heuristic value for ff(): 365
[t=0.107443s, 15116 KB] g=12, 982 evaluated, 28 expanded
[t=0.107646s, 15116 KB] New best heuristic value for ff(): 364
[t=0.107773s, 15116 KB] g=13, 985 evaluated, 30 expanded
[t=0.116031s, 15116 KB] New best heuristic value for ff(): 363
[t=0.116132s, 15116 KB] g=14, 1094 evaluated, 32 expanded
[t=0.124392s, 15116 KB] New best heuristic value for ff(): 362
[t=0.124827s, 15116 KB] g=15, 1207 evaluated, 40 expanded
[t=0.124856s, 15116 KB] New best heuristic value for ff(): 361
[t=0.125223s, 15116 KB] g=16, 1211 evaluated, 42 expanded
[t=0.133801s, 15116 KB] New best heuristic value for ff(): 360
[t=0.133871s, 15116 KB] g=17, 1323 evaluated, 52 expanded
[t=0.133898s, 15116 KB] New best heuristic value for ff(): 359
[t=0.134114s, 15116 KB] g=18, 1325 evaluated, 54 expanded
[t=0.150529s, 15116 KB] New best heuristic value for ff(): 358
[t=0.15077s, 15116 KB] g=20, 1544 evaluated, 66 expanded
[t=0.158908s, 15116 KB] New best heuristic value for ff(): 357
[t=0.159416s, 15116 KB] g=22, 1656 evaluated, 78 expanded
[t=0.167286s, 15116 KB] New best heuristic value for ff(): 356
[t=0.168129s, 15116 KB] g=24, 1769 evaluated, 88 expanded
[t=0.16831s, 15116 KB] New best heuristic value for ff(): 355
[t=0.168448s, 15116 KB] g=25, 1772 evaluated, 89 expanded
[t=0.184048s, 15116 KB] New best heuristic value for ff(): 354
[t=0.184859s, 15116 KB] g=26, 1989 evaluated, 91 expanded
[t=0.200995s, 15116 KB] New best heuristic value for ff(): 353
[t=0.201841s, 15116 KB] g=28, 2209 evaluated, 103 expanded
[t=0.210263s, 15116 KB] New best heuristic value for ff(): 352
[t=0.210466s, 15116 KB] g=29, 2322 evaluated, 105 expanded
[t=0.218644s, 15116 KB] New best heuristic value for ff(): 351
[t=0.219188s, 15116 KB] g=30, 2434 evaluated, 107 expanded
[t=0.227021s, 15116 KB] New best heuristic value for ff(): 350
[t=0.22775s, 15116 KB] g=31, 2546 evaluated, 109 expanded
[t=0.2354s, 15116 KB] New best heuristic value for ff(): 349
[t=0.236111s, 15116 KB] g=32, 2655 evaluated, 111 expanded
[t=0.260545s, 15116 KB] New best heuristic value for ff(): 348
[t=0.261299s, 15116 KB] g=34, 2985 evaluated, 127 expanded
[t=0.261565s, 15116 KB] New best heuristic value for ff(): 347
[t=0.261643s, 15116 KB] g=35, 2988 evaluated, 129 expanded
[t=0.26995s, 15116 KB] New best heuristic value for ff(): 346
[t=0.270864s, 15116 KB] g=36, 3107 evaluated, 142 expanded
[t=0.270973s, 15116 KB] New best heuristic value for ff(): 345
[t=0.271497s, 15116 KB] g=37, 3114 evaluated, 144 expanded
[t=0.279339s, 15116 KB] New best heuristic value for ff(): 344
[t=0.2801s, 15116 KB] g=38, 3227 evaluated, 146 expanded
[t=0.296125s, 15116 KB] New best heuristic value for ff(): 343
[t=0.296633s, 15116 KB] g=39, 3445 evaluated, 148 expanded
[t=0.296661s, 15116 KB] New best heuristic value for ff(): 342
[t=0.296953s, 15116 KB] g=40, 3448 evaluated, 150 expanded
[t=0.305458s, 15116 KB] New best heuristic value for ff(): 341
[t=0.30556s, 15116 KB] g=41, 3559 evaluated, 159 expanded
[t=0.305589s, 15116 KB] New best heuristic value for ff(): 340
[t=0.305796s, 15116 KB] g=42, 3561 evaluated, 161 expanded
[t=0.313813s, 15116 KB] New best heuristic value for ff(): 339
[t=0.314555s, 15116 KB] g=43, 3675 evaluated, 170 expanded
[t=0.314835s, 15116 KB] New best heuristic value for ff(): 338
[t=0.314973s, 15116 KB] g=44, 3679 evaluated, 172 expanded
[t=0.32322s, 15116 KB] New best heuristic value for ff(): 337
[t=0.323475s, 15116 KB] g=45, 3791 evaluated, 174 expanded
[t=0.339961s, 15116 KB] New best heuristic value for ff(): 336
[t=0.340219s, 15116 KB] g=46, 4009 evaluated, 176 expanded
[t=0.364109s, 15116 KB] New best heuristic value for ff(): 335
[t=0.365124s, 15116 KB] g=48, 4335 evaluated, 192 expanded
[t=0.365155s, 15116 KB] New best heuristic value for ff(): 334
[t=0.36529s, 15116 KB] g=49, 4336 evaluated, 194 expanded
[t=0.373518s, 15116 KB] New best heuristic value for ff(): 333
[t=0.374266s, 15116 KB] g=50, 4452 evaluated, 208 expanded
[t=0.374543s, 15116 KB] New best heuristic value for ff(): 332
[t=0.374602s, 15116 KB] g=51, 4455 evaluated, 210 expanded
[t=0.382926s, 15116 KB] New best heuristic value for ff(): 331
[t=0.383112s, 15116 KB] g=52, 4567 evaluated, 212 expanded
[t=0.391302s, 15116 KB] New best heuristic value for ff(): 330
[t=0.391405s, 15116 KB] g=53, 4675 evaluated, 214 expanded
[t=0.400734s, 15116 KB] New best heuristic value for ff(): 329
[t=0.4008s, 15116 KB] g=54, 4796 evaluated, 229 expanded
[t=0.417519s, 15116 KB] New best heuristic value for ff(): 328
[t=0.417657s, 15116 KB] g=56, 5017 evaluated, 240 expanded
[t=0.417684s, 15116 KB] New best heuristic value for ff(): 327
[t=0.417887s, 15116 KB] g=57, 5019 evaluated, 241 expanded
[t=0.425837s, 15116 KB] New best heuristic value for ff(): 326
[t=0.426168s, 15116 KB] g=58, 5128 evaluated, 243 expanded
[t=0.435272s, 15116 KB] New best heuristic value for ff(): 325
[t=0.436074s, 15116 KB] g=59, 5253 evaluated, 259 expanded
[t=0.436295s, 15116 KB] New best heuristic value for ff(): 324
[t=0.436413s, 15116 KB] g=60, 5256 evaluated, 261 expanded
[t=0.45203s, 15116 KB] New best heuristic value for ff(): 323
[t=0.452782s, 15116 KB] g=61, 5473 evaluated, 263 expanded
[t=0.460411s, 15116 KB] New best heuristic value for ff(): 322
[t=0.461272s, 15116 KB] g=63, 5584 evaluated, 269 expanded
[t=0.461434s, 15116 KB] New best heuristic value for ff(): 321
[t=0.461519s, 15116 KB] g=64, 5586 evaluated, 271 expanded
[t=0.47822s, 15248 KB] New best heuristic value for ff(): 320
[t=0.478558s, 15248 KB] g=65, 5809 evaluated, 281 expanded
[t=0.478587s, 15248 KB] New best heuristic value for ff(): 319
[t=0.479036s, 15248 KB] g=66, 5814 evaluated, 283 expanded
[t=0.486574s, 15248 KB] New best heuristic value for ff(): 318
[t=0.487379s, 15248 KB] g=67, 5924 evaluated, 285 expanded
[t=0.494954s, 15248 KB] New best heuristic value for ff(): 317
[t=0.495609s, 15248 KB] g=68, 6032 evaluated, 287 expanded
[t=0.503334s, 15248 KB] New best heuristic value for ff(): 316
[t=0.504043s, 15248 KB] g=69, 6143 evaluated, 289 expanded
[t=0.504071s, 15248 KB] New best heuristic value for ff(): 315
[t=0.504293s, 15248 KB] g=70, 6145 evaluated, 291 expanded
[t=0.511691s, 15248 KB] New best heuristic value for ff(): 314
[t=0.512786s, 15248 KB] g=71, 6256 evaluated, 299 expanded
[t=0.512814s, 15248 KB] New best heuristic value for ff(): 313
[t=0.513118s, 15248 KB] g=72, 6259 evaluated, 301 expanded
[t=0.521056s, 15248 KB] New best heuristic value for ff(): 312
[t=0.521436s, 15248 KB] g=73, 6369 evaluated, 303 expanded
[t=0.529556s, 15248 KB] New best heuristic value for ff(): 311
[t=0.529635s, 15248 KB] g=74, 6476 evaluated, 311 expanded
[t=0.529662s, 15248 KB] New best heuristic value for ff(): 310
[t=0.530133s, 15248 KB] g=75, 6481 evaluated, 313 expanded
[t=0.546186s, 15376 KB] New best heuristic value for ff(): 309
[t=0.546625s, 15376 KB] g=76, 6698 evaluated, 319 expanded
[t=0.554567s, 15376 KB] New best heuristic value for ff(): 308
[t=0.555635s, 15376 KB] g=78, 6815 evaluated, 333 expanded
[t=0.555664s, 15376 KB] New best heuristic value for ff(): 307
[t=0.55596s, 15376 KB] g=79, 6818 evaluated, 335 expanded
[t=0.563973s, 15376 KB] New best heuristic value for ff(): 306
[t=0.564777s, 15376 KB] g=80, 6933 evaluated, 347 expanded
[t=0.565137s, 15376 KB] New best heuristic value for ff(): 305
[t=0.565352s, 15376 KB] g=81, 6939 evaluated, 349 expanded
[t=0.573367s, 15376 KB] New best heuristic value for ff(): 304
[t=0.574223s, 15376 KB] g=82, 7054 evaluated, 365 expanded
[t=0.581744s, 15376 KB] New best heuristic value for ff(): 303
[t=0.582761s, 15376 KB] g=83, 7166 evaluated, 367 expanded
[t=0.591175s, 15376 KB] New best heuristic value for ff(): 302
[t=0.591595s, 15376 KB] g=84, 7281 evaluated, 379 expanded
[t=0.599553s, 15376 KB] New best heuristic value for ff(): 301
[t=0.600368s, 15376 KB] g=86, 7396 evaluated, 387 expanded
[t=0.61738s, 15508 KB] New best heuristic value for ff(): 300
[t=0.618192s, 15508 KB] g=88, 7625 evaluated, 404 expanded
[t=0.635217s, 15508 KB] New best heuristic value for ff(): 299
[t=0.635688s, 15508 KB] g=90, 7854 evaluated, 424 expanded
[t=0.635716s, 15508 KB] New best heuristic value for ff(): 298
[t=0.636014s, 15508 KB] g=91, 7857 evaluated, 426 expanded
[t=0.653003s, 15508 KB] New best heuristic value for ff(): 297
[t=0.653644s, 15508 KB] g=93, 8088 evaluated, 452 expanded
[t=0.653672s, 15508 KB] New best heuristic value for ff(): 296
[t=0.654051s, 15508 KB] g=94, 8092 evaluated, 454 expanded
[t=0.661358s, 15640 KB] New best heuristic value for ff(): 295
[t=0.662415s, 15640 KB] g=95, 8203 evaluated, 456 expanded
[t=0.680046s, 15640 KB] New best heuristic value for ff(): 294
[t=0.680269s, 15640 KB] g=96, 8435 evaluated, 481 expanded
[t=0.680298s, 16156 KB] New best heuristic value for ff(): 293
[t=0.680842s, 16156 KB] g=97, 8438 evaluated, 483 expanded
[t=0.689654s, 16156 KB] New best heuristic value for ff(): 292
[t=0.690266s, 16156 KB] g=98, 8559 evaluated, 506 expanded
[t=0.699081s, 16156 KB] New best heuristic value for ff(): 291
[t=0.699745s, 16156 KB] g=100, 8681 evaluated, 526 expanded
[t=0.7001s, 16156 KB] New best heuristic value for ff(): 290
[t=0.700249s, 16156 KB] g=101, 8686 evaluated, 528 expanded
[t=0.715834s, 16156 KB] New best heuristic value for ff(): 289
[t=0.716315s, 16156 KB] g=102, 8902 evaluated, 529 expanded
[t=0.725267s, 16156 KB] New best heuristic value for ff(): 288
[t=0.725394s, 16156 KB] g=104, 9020 evaluated, 545 expanded
[t=0.751458s, 16156 KB] New best heuristic value for ff(): 287
[t=0.751779s, 16156 KB] g=106, 9365 evaluated, 574 expanded
[t=0.751807s, 16156 KB] New best heuristic value for ff(): 286
[t=0.752249s, 16156 KB] g=107, 9370 evaluated, 576 expanded
[t=0.759814s, 16156 KB] New best heuristic value for ff(): 285
[t=0.760503s, 16156 KB] g=108, 9480 evaluated, 578 expanded
[t=0.768192s, 16156 KB] New best heuristic value for ff(): 284
[t=0.768819s, 16156 KB] g=109, 9591 evaluated, 580 expanded
[t=0.784974s, 16156 KB] New best heuristic value for ff(): 283
[t=0.785866s, 16156 KB] g=110, 9813 evaluated, 600 expanded
[t=0.802866s, 16156 KB] New best heuristic value for ff(): 282
[t=0.803568s, 16156 KB] g=112, 10044 evaluated, 625 expanded
[t=0.803824s, 16156 KB] New best heuristic value for ff(): 281
[t=0.804062s, 16156 KB] g=113, 10049 evaluated, 627 expanded
[t=0.819562s, 16156 KB] New best heuristic value for ff(): 280
[t=0.820265s, 16156 KB] g=114, 10267 evaluated, 629 expanded
[t=0.827922s, 16156 KB] New best heuristic value for ff(): 279
[t=0.828403s, 16156 KB] g=115, 10376 evaluated, 631 expanded
[t=0.854425s, 16320 KB] New best heuristic value for ff(): 278
[t=0.855163s, 16320 KB] g=117, 10720 evaluated, 661 expanded
[t=0.855191s, 16320 KB] New best heuristic value for ff(): 277
[t=0.855709s, 16320 KB] g=118, 10726 evaluated, 663 expanded
[t=0.880384s, 16320 KB] New best heuristic value for ff(): 276
[t=0.880965s, 16320 KB] g=119, 11063 evaluated, 684 expanded
[t=0.880994s, 16320 KB] New best heuristic value for ff(): 275
[t=0.881294s, 16320 KB] g=120, 11066 evaluated, 686 expanded
[t=0.88867s, 16320 KB] New best heuristic value for ff(): 274
[t=0.889562s, 16320 KB] g=121, 11177 evaluated, 688 expanded
[t=0.906508s, 16320 KB] New best heuristic value for ff(): 273
[t=0.906839s, 16320 KB] g=123, 11407 evaluated, 702 expanded
[t=0.906868s, 16320 KB] New best heuristic value for ff(): 272
[t=0.907231s, 16320 KB] g=124, 11411 evaluated, 704 expanded
[t=0.914828s, 16320 KB] New best heuristic value for ff(): 271
[t=0.915449s, 16320 KB] g=125, 11520 evaluated, 711 expanded
[t=0.923207s, 16452 KB] New best heuristic value for ff(): 270
[t=0.923573s, 16452 KB] g=126, 11629 evaluated, 712 expanded
[t=0.932637s, 16452 KB] New best heuristic value for ff(): 269
[t=0.933194s, 16452 KB] g=128, 11754 evaluated, 733 expanded
[t=0.941516s, 16452 KB] New best heuristic value for ff(): 268
[t=0.9418s, 16452 KB] g=130, 11868 evaluated, 739 expanded
[t=0.942035s, 16452 KB] New best heuristic value for ff(): 267
[t=0.942268s, 16452 KB] g=131, 11873 evaluated, 741 expanded
[t=0.959877s, 16452 KB] New best heuristic value for ff(): 266
[t=0.960083s, 16452 KB] g=132, 12108 evaluated, 766 expanded
[t=0.967206s, 16452 KB] New best heuristic value for ff(): 265
[t=0.968153s, 16452 KB] g=133, 12217 evaluated, 767 expanded
[t=0.968229s, 16452 KB] New best heuristic value for ff(): 264
[t=0.968626s, 16452 KB] g=134, 12222 evaluated, 769 expanded
[t=0.975561s, 16452 KB] New best heuristic value for ff(): 263
[t=0.976649s, 16452 KB] g=135, 12330 evaluated, 772 expanded
[t=0.976677s, 16452 KB] New best heuristic value for ff(): 262
[t=0.977022s, 16452 KB] g=136, 12334 evaluated, 773 expanded
[t=0.985033s, 16452 KB] New best heuristic value for ff(): 261
[t=0.98545s, 16452 KB] g=137, 12448 evaluated, 775 expanded
[t=0.993344s, 16580 KB] New best heuristic value for ff(): 260
[t=0.993672s, 16580 KB] g=138, 12559 evaluated, 777 expanded
[t=1.00906s, 16580 KB] New best heuristic value for ff(): 259
[t=1.00991s, 16580 KB] g=140, 12778 evaluated, 787 expanded
[t=1.01009s, 16580 KB] New best heuristic value for ff(): 258
[t=1.01046s, 16580 KB] g=141, 12784 evaluated, 789 expanded
[t=1.01847s, 16580 KB] New best heuristic value for ff(): 257
[t=1.0195s, 16580 KB] g=142, 12902 evaluated, 809 expanded
[t=1.01953s, 16580 KB] New best heuristic value for ff(): 256
[t=1.01996s, 16580 KB] g=143, 12907 evaluated, 811 expanded
[t=1.02998s, 16580 KB] New best heuristic value for ff(): 255
[t=1.03028s, 16580 KB] g=144, 13041 evaluated, 837 expanded
[t=1.04782s, 16580 KB] New best heuristic value for ff(): 254
[t=1.04826s, 16580 KB] g=146, 13276 evaluated, 865 expanded
[t=1.0484s, 16580 KB] New best heuristic value for ff(): 253
[t=1.04882s, 16580 KB] g=147, 13282 evaluated, 867 expanded
[t=1.06458s, 16580 KB] New best heuristic value for ff(): 252
[t=1.06475s, 16580 KB] g=148, 13499 evaluated, 869 expanded
[t=1.07401s, 16708 KB] New best heuristic value for ff(): 251
[t=1.07418s, 16708 KB] g=150, 13624 evaluated, 883 expanded
[t=1.07421s, 16708 KB] New best heuristic value for ff(): 250
[t=1.07471s, 16708 KB] g=151, 13630 evaluated, 885 expanded
[t=1.09201s, 16708 KB] New best heuristic value for ff(): 249
[t=1.09256s, 16708 KB] g=152, 13864 evaluated, 912 expanded
[t=1.10016s, 16708 KB] New best heuristic value for ff(): 248
[t=1.10066s, 16708 KB] g=153, 13974 evaluated, 914 expanded
[t=1.10069s, 16708 KB] New best heuristic value for ff(): 247
[t=1.10112s, 16708 KB] g=154, 13979 evaluated, 916 expanded
[t=1.10852s, 16708 KB] New best heuristic value for ff(): 246
[t=1.10927s, 16708 KB] g=155, 14088 evaluated, 926 expanded
[t=1.12636s, 16708 KB] New best heuristic value for ff(): 245
[t=1.12732s, 16708 KB] g=157, 14329 evaluated, 954 expanded
[t=1.14314s, 16844 KB] New best heuristic value for ff(): 244
[t=1.14347s, 16844 KB] g=158, 14545 evaluated, 956 expanded
[t=1.16203s, 16844 KB] New best heuristic value for ff(): 243
[t=1.16266s, 16844 KB] g=160, 14795 evaluated, 986 expanded
[t=1.17145s, 17096 KB] New best heuristic value for ff(): 242
[t=1.17186s, 17096 KB] g=161, 14907 evaluated, 988 expanded
[t=1.17188s, 17096 KB] New best heuristic value for ff(): 241
[t=1.17214s, 17096 KB] g=162, 14910 evaluated, 989 expanded
[t=1.18191s, 17096 KB] New best heuristic value for ff(): 240
[t=1.18269s, 17096 KB] g=163, 15047 evaluated, 1018 expanded
[t=1.18293s, 17096 KB] New best heuristic value for ff(): 239
[t=1.18302s, 17096 KB] g=164, 15050 evaluated, 1020 expanded
[t=1.19105s, 17096 KB] New best heuristic value for ff(): 238
[t=1.19115s, 17096 KB] g=165, 15161 evaluated, 1022 expanded
[t=1.20701s, 17096 KB] New best heuristic value for ff(): 237
[t=1.20739s, 17096 KB] g=166, 15378 evaluated, 1028 expanded
[t=1.2259s, 17100 KB] New best heuristic value for ff(): 236
[t=1.22605s, 17100 KB] g=168, 15628 evaluated, 1058 expanded
[t=1.23469s, 17100 KB] New best heuristic value for ff(): 235
[t=1.23514s, 17100 KB] g=170, 15749 evaluated, 1073 expanded
[t=1.2353s, 17100 KB] New best heuristic value for ff(): 234
[t=1.23545s, 17100 KB] g=171, 15752 evaluated, 1074 expanded
[t=1.24263s, 17100 KB] New best heuristic value for ff(): 233
[t=1.2435s, 17100 KB] g=172, 15862 evaluated, 1076 expanded
[t=1.25088s, 17100 KB] New best heuristic value for ff(): 232
[t=1.25173s, 17100 KB] g=173, 15974 evaluated, 1078 expanded
[t=1.26031s, 17100 KB] New best heuristic value for ff(): 231
[t=1.26117s, 17100 KB] g=174, 16098 evaluated, 1102 expanded
[t=1.27918s, 17100 KB] New best heuristic value for ff(): 230
[t=1.27987s, 17100 KB] g=176, 16343 evaluated, 1130 expanded
[t=1.3059s, 17232 KB] New best heuristic value for ff(): 229
[t=1.30605s, 17232 KB] g=178, 16691 evaluated, 1161 expanded
[t=1.31381s, 17232 KB] New best heuristic value for ff(): 228
[t=1.31416s, 17232 KB] g=179, 16802 evaluated, 1163 expanded
[t=1.32426s, 17232 KB] New best heuristic value for ff(): 227
[t=1.32469s, 17232 KB] g=181, 16939 evaluated, 1195 expanded
[t=1.32472s, 17232 KB] New best heuristic value for ff(): 226
[t=1.3253s, 17232 KB] g=182, 16946 evaluated, 1197 expanded
[t=1.33472s, 18260 KB] New best heuristic value for ff(): 225
[t=1.3357s, 18260 KB] g=183, 17074 evaluated, 1230 expanded
[t=1.34415s, 18260 KB] New best heuristic value for ff(): 224
[t=1.34432s, 18260 KB] g=185, 17190 evaluated, 1243 expanded
[t=1.34435s, 18260 KB] New best heuristic value for ff(): 223
[t=1.34469s, 18260 KB] g=186, 17194 evaluated, 1245 expanded
[t=1.37038s, 18260 KB] New best heuristic value for ff(): 222
[t=1.37112s, 18260 KB] g=187, 17542 evaluated, 1279 expanded
[t=1.3714s, 18260 KB] New best heuristic value for ff(): 221
[t=1.37162s, 18260 KB] g=188, 17547 evaluated, 1281 expanded
[t=1.38714s, 18260 KB] New best heuristic value for ff(): 220
[t=1.38726s, 18260 KB] g=189, 17764 evaluated, 1283 expanded
[t=1.40496s, 18260 KB] New best heuristic value for ff(): 219
[t=1.40569s, 18260 KB] g=191, 18005 evaluated, 1318 expanded
[t=1.41439s, 18260 KB] New best heuristic value for ff(): 218
[t=1.41461s, 18260 KB] g=193, 18125 evaluated, 1332 expanded
[t=1.41464s, 18260 KB] New best heuristic value for ff(): 217
[t=1.41491s, 18260 KB] g=194, 18128 evaluated, 1333 expanded
[t=1.4238s, 18260 KB] New best heuristic value for ff(): 216
[t=1.42476s, 18260 KB] g=195, 18258 evaluated, 1356 expanded
[t=1.44374s, 18260 KB] New best heuristic value for ff(): 215
[t=1.44389s, 18260 KB] g=197, 18507 evaluated, 1394 expanded
[t=1.45245s, 18260 KB] New best heuristic value for ff(): 214
[t=1.45307s, 18260 KB] g=199, 18629 evaluated, 1408 expanded
[t=1.48813s, 18260 KB] New best heuristic value for ff(): 213
[t=1.48848s, 18260 KB] g=201, 19095 evaluated, 1448 expanded
[t=1.48881s, 18260 KB] New best heuristic value for ff(): 212
[t=1.48913s, 18260 KB] g=202, 19102 evaluated, 1450 expanded
[t=1.50454s, 18260 KB] New best heuristic value for ff(): 211
[t=1.50495s, 18260 KB] g=203, 19320 evaluated, 1452 expanded
[t=1.52025s, 18260 KB] New best heuristic value for ff(): 210
[t=1.52088s, 18260 KB] g=204, 19537 evaluated, 1454 expanded
[t=1.52091s, 18260 KB] New best heuristic value for ff(): 209
[t=1.52127s, 18260 KB] g=205, 19541 evaluated, 1456 expanded
[t=1.52959s, 18260 KB] New best heuristic value for ff(): 208
[t=1.53045s, 18260 KB] g=206, 19662 evaluated, 1476 expanded
[t=1.54844s, 18260 KB] New best heuristic value for ff(): 207
[t=1.54948s, 18260 KB] g=208, 19916 evaluated, 1513 expanded
[t=1.55681s, 18260 KB] New best heuristic value for ff(): 206
[t=1.55751s, 18260 KB] g=209, 20026 evaluated, 1515 expanded
[t=1.58409s, 18260 KB] New best heuristic value for ff(): 205
[t=1.58488s, 18260 KB] g=211, 20389 evaluated, 1559 expanded
[t=1.59246s, 18260 KB] New best heuristic value for ff(): 204
[t=1.59305s, 18260 KB] g=212, 20501 evaluated, 1561 expanded
[t=1.60082s, 18260 KB] New best heuristic value for ff(): 203
[t=1.60111s, 18260 KB] g=213, 20612 evaluated, 1563 expanded
[t=1.6092s, 18280 KB] New best heuristic value for ff(): 202
[t=1.60933s, 18280 KB] g=214, 20725 evaluated, 1565 expanded
[t=1.60936s, 18280 KB] New best heuristic value for ff(): 201
[t=1.60979s, 18280 KB] g=215, 20730 evaluated, 1567 expanded
[t=1.61755s, 18280 KB] New best heuristic value for ff(): 200
[t=1.61761s, 18280 KB] g=216, 20838 evaluated, 1569 expanded
[t=1.62907s, 18280 KB] New best heuristic value for ff(): 199
[t=1.62932s, 18280 KB] g=218, 20988 evaluated, 1613 expanded
[t=1.63639s, 18280 KB] New best heuristic value for ff(): 198
[t=1.63742s, 18280 KB] g=219, 21100 evaluated, 1615 expanded
[t=1.66471s, 18280 KB] New best heuristic value for ff(): 197
[t=1.66492s, 18280 KB] g=221, 21460 evaluated, 1655 expanded
[t=1.66495s, 18280 KB] New best heuristic value for ff(): 196
[t=1.66573s, 18280 KB] g=222, 21470 evaluated, 1657 expanded
[t=1.68586s, 18716 KB] New best heuristic value for ff(): 195
[t=1.68626s, 18716 KB] g=223, 21720 evaluated, 1697 expanded
[t=1.68669s, 18716 KB] New best heuristic value for ff(): 194
[t=1.6869s, 18716 KB] g=224, 21727 evaluated, 1699 expanded
[t=1.69398s, 18716 KB] New best heuristic value for ff(): 193
[t=1.69475s, 18716 KB] g=225, 21837 evaluated, 1700 expanded
[t=1.71753s, 18716 KB] New best heuristic value for ff(): 192
[t=1.71791s, 18716 KB] g=226, 22162 evaluated, 1702 expanded
[t=1.73733s, 18716 KB] New best heuristic value for ff(): 191
[t=1.73796s, 18716 KB] g=228, 22421 evaluated, 1748 expanded
[t=1.73802s, 18716 KB] New best heuristic value for ff(): 190
[t=1.73852s, 18716 KB] g=229, 22427 evaluated, 1750 expanded
[t=1.76517s, 18716 KB] New best heuristic value for ff(): 189
[t=1.76567s, 18716 KB] g=230, 22781 evaluated, 1794 expanded
[t=1.7657s, 18716 KB] New best heuristic value for ff(): 188
[t=1.76607s, 18716 KB] g=231, 22785 evaluated, 1796 expanded
[t=1.77352s, 18716 KB] New best heuristic value for ff(): 187
[t=1.77405s, 18716 KB] g=232, 22897 evaluated, 1798 expanded
[t=1.7819s, 18716 KB] New best heuristic value for ff(): 186
[t=1.78293s, 18716 KB] g=233, 23018 evaluated, 1812 expanded
[t=1.81758s, 18716 KB] New best heuristic value for ff(): 185
[t=1.81778s, 18716 KB] g=235, 23491 evaluated, 1861 expanded
[t=1.82489s, 18816 KB] New best heuristic value for ff(): 184
[t=1.82587s, 18816 KB] g=236, 23600 evaluated, 1863 expanded
[t=1.83327s, 18816 KB] New best heuristic value for ff(): 183
[t=1.83375s, 18816 KB] g=237, 23711 evaluated, 1865 expanded
[t=1.85316s, 18816 KB] New best heuristic value for ff(): 182
[t=1.85348s, 18816 KB] g=238, 23970 evaluated, 1904 expanded
[t=1.86469s, 18816 KB] New best heuristic value for ff(): 181
[t=1.86509s, 18816 KB] g=240, 24121 evaluated, 1950 expanded
[t=1.88042s, 18816 KB] New best heuristic value for ff(): 180
[t=1.88098s, 18816 KB] g=241, 24338 evaluated, 1952 expanded
[t=1.88777s, 18816 KB] New best heuristic value for ff(): 179
[t=1.88864s, 18816 KB] g=242, 24447 evaluated, 1954 expanded
[t=1.88877s, 18816 KB] New best heuristic value for ff(): 178
[t=1.88903s, 18816 KB] g=243, 24451 evaluated, 1956 expanded
[t=1.89716s, 18816 KB] New best heuristic value for ff(): 177
[t=1.898s, 18816 KB] g=244, 24573 evaluated, 1974 expanded
[t=1.89818s, 18952 KB] New best heuristic value for ff(): 176
[t=1.89854s, 18952 KB] g=245, 24579 evaluated, 1976 expanded
[t=1.92549s, 18952 KB] New best heuristic value for ff(): 175
[t=1.92578s, 18952 KB] g=246, 24939 evaluated, 2020 expanded
[t=1.93281s, 18952 KB] New best heuristic value for ff(): 174
[t=1.93353s, 18952 KB] g=247, 25049 evaluated, 2022 expanded
[t=1.93384s, 18952 KB] New best heuristic value for ff(): 173
[t=1.93391s, 18952 KB] g=248, 25053 evaluated, 2024 expanded
[t=1.95168s, 18952 KB] New best heuristic value for ff(): 172
[t=1.95215s, 18952 KB] g=249, 25302 evaluated, 2067 expanded
[t=1.95218s, 18952 KB] New best heuristic value for ff(): 171
[t=1.9524s, 18952 KB] g=250, 25304 evaluated, 2069 expanded
[t=1.96004s, 18952 KB] New best heuristic value for ff(): 170
[t=1.96023s, 18952 KB] g=251, 25416 evaluated, 2071 expanded
[t=1.96842s, 18952 KB] New best heuristic value for ff(): 169
[t=1.96867s, 18952 KB] g=252, 25531 evaluated, 2093 expanded
[t=1.9687s, 18952 KB] New best heuristic value for ff(): 168
[t=1.96912s, 18952 KB] g=253, 25536 evaluated, 2095 expanded
[t=1.99566s, 19084 KB] New best heuristic value for ff(): 167
[t=1.99647s, 19084 KB] g=254, 25897 evaluated, 2137 expanded
[t=2.00404s, 19084 KB] New best heuristic value for ff(): 166
[t=2.0042s, 19084 KB] g=255, 26007 evaluated, 2139 expanded
[t=2.01137s, 19084 KB] New best heuristic value for ff(): 165
[t=2.01194s, 19084 KB] g=256, 26118 evaluated, 2141 expanded
[t=2.01197s, 19084 KB] New best heuristic value for ff(): 164
[t=2.01239s, 19084 KB] g=257, 26123 evaluated, 2143 expanded
[t=2.03129s, 19084 KB] New best heuristic value for ff(): 163
[t=2.03152s, 19084 KB] g=258, 26377 evaluated, 2183 expanded
[t=2.03862s, 19084 KB] New best heuristic value for ff(): 162
[t=2.03926s, 19084 KB] g=259, 26488 evaluated, 2185 expanded
[t=2.04623s, 19084 KB] New best heuristic value for ff(): 161
[t=2.04691s, 19084 KB] g=260, 26598 evaluated, 2187 expanded
[t=2.07314s, 19216 KB] New best heuristic value for ff(): 160
[t=2.07352s, 19216 KB] g=262, 26951 evaluated, 2225 expanded
[t=2.07355s, 19216 KB] New best heuristic value for ff(): 159
[t=2.07389s, 19216 KB] g=263, 26955 evaluated, 2227 expanded
[t=2.08464s, 19216 KB] New best heuristic value for ff(): 158
[t=2.08531s, 19216 KB] g=264, 27107 evaluated, 2269 expanded
[t=2.09302s, 19216 KB] New best heuristic value for ff(): 157
[t=2.09324s, 19216 KB] g=265, 27221 evaluated, 2271 expanded
[t=2.10034s, 19216 KB] New best heuristic value for ff(): 156
[t=2.10121s, 19216 KB] g=266, 27335 evaluated, 2273 expanded
[t=2.10162s, 19216 KB] New best heuristic value for ff(): 155
[t=2.10167s, 19216 KB] g=267, 27340 evaluated, 2275 expanded
[t=2.13603s, 19348 KB] New best heuristic value for ff(): 154
[t=2.13678s, 19348 KB] g=268, 27810 evaluated, 2317 expanded
[t=2.14335s, 19348 KB] New best heuristic value for ff(): 153
[t=2.14437s, 19348 KB] g=269, 27920 evaluated, 2319 expanded
[t=2.14441s, 19348 KB] New best heuristic value for ff(): 152
[t=2.14484s, 19348 KB] g=270, 27925 evaluated, 2321 expanded
[t=2.16112s, 19348 KB] New best heuristic value for ff(): 151
[t=2.16214s, 19348 KB] g=271, 28162 evaluated, 2344 expanded
[t=2.1889s, 19348 KB] New best heuristic value for ff(): 150
[t=2.18915s, 19348 KB] g=273, 28532 evaluated, 2387 expanded
[t=2.19681s, 19348 KB] New best heuristic value for ff(): 149
[t=2.19758s, 19348 KB] g=274, 28642 evaluated, 2389 expanded
[t=2.22305s, 19480 KB] New best heuristic value for ff(): 148
[t=2.22363s, 19480 KB] g=276, 28999 evaluated, 2426 expanded
[t=2.24089s, 19480 KB] New best heuristic value for ff(): 147
[t=2.24173s, 19480 KB] g=278, 29250 evaluated, 2472 expanded
[t=2.25031s, 20060 KB] New best heuristic value for ff(): 146
[t=2.25131s, 20060 KB] g=279, 29362 evaluated, 2474 expanded
[t=2.25868s, 20060 KB] New best heuristic value for ff(): 145
[t=2.25878s, 20060 KB] g=280, 29471 evaluated, 2475 expanded
[t=2.30067s, 20060 KB] New best heuristic value for ff(): 144
[t=2.30159s, 20060 KB] g=282, 30052 evaluated, 2520 expanded
[t=2.30169s, 20060 KB] New best heuristic value for ff(): 143
[t=2.30208s, 20060 KB] g=283, 30057 evaluated, 2522 expanded
[t=2.31631s, 20060 KB] New best heuristic value for ff(): 142
[t=2.31689s, 20060 KB] g=284, 30274 evaluated, 2524 expanded
[t=2.31692s, 20060 KB] New best heuristic value for ff(): 141
[t=2.31726s, 20060 KB] g=285, 30278 evaluated, 2526 expanded
[t=2.32467s, 20060 KB] New best heuristic value for ff(): 140
[t=2.32523s, 20060 KB] g=286, 30392 evaluated, 2532 expanded
[t=2.32525s, 20060 KB] New best heuristic value for ff(): 139
[t=2.32566s, 20060 KB] g=287, 30397 evaluated, 2534 expanded
[t=2.33303s, 20060 KB] New best heuristic value for ff(): 138
[t=2.33391s, 20060 KB] g=288, 30513 evaluated, 2548 expanded
[t=2.33405s, 20060 KB] New best heuristic value for ff(): 137
[t=2.33429s, 20060 KB] g=289, 30517 evaluated, 2550 expanded
[t=2.37607s, 20060 KB] New best heuristic value for ff(): 136
[t=2.37685s, 20060 KB] g=290, 31086 evaluated, 2590 expanded
[t=2.42752s, 20068 KB] New best heuristic value for ff(): 135
[t=2.42827s, 20068 KB] g=292, 31783 evaluated, 2635 expanded
[t=2.43484s, 20068 KB] New best heuristic value for ff(): 134
[t=2.43588s, 20068 KB] g=293, 31894 evaluated, 2637 expanded
[t=2.4359s, 20068 KB] New best heuristic value for ff(): 133
[t=2.43634s, 20068 KB] g=294, 31899 evaluated, 2639 expanded
[t=2.4625s, 20068 KB] New best heuristic value for ff(): 132
[t=2.4628s, 20068 KB] g=295, 32257 evaluated, 2683 expanded
[t=2.47049s, 20068 KB] New best heuristic value for ff(): 131
[t=2.4712s, 20068 KB] g=296, 32368 evaluated, 2685 expanded
[t=2.48937s, 20200 KB] New best heuristic value for ff(): 130
[t=2.49002s, 20200 KB] g=297, 32623 evaluated, 2721 expanded
[t=2.49024s, 20200 KB] New best heuristic value for ff(): 129
[t=2.4904s, 20200 KB] g=298, 32627 evaluated, 2723 expanded
[t=2.50088s, 20200 KB] New best heuristic value for ff(): 128
[t=2.50133s, 20200 KB] g=299, 32775 evaluated, 2764 expanded
[t=2.50136s, 20200 KB] New best heuristic value for ff(): 127
[t=2.50163s, 20200 KB] g=300, 32778 evaluated, 2766 expanded
[t=2.50815s, 20200 KB] New best heuristic value for ff(): 126
[t=2.50891s, 20200 KB] g=301, 32885 evaluated, 2770 expanded
[t=2.50917s, 20200 KB] New best heuristic value for ff(): 125
[t=2.50945s, 20200 KB] g=302, 32891 evaluated, 2772 expanded
[t=2.53541s, 20200 KB] New best heuristic value for ff(): 124
[t=2.53548s, 20200 KB] g=303, 33242 evaluated, 2812 expanded
[t=2.53551s, 20200 KB] New best heuristic value for ff(): 123
[t=2.536s, 20200 KB] g=304, 33248 evaluated, 2814 expanded
[t=2.54271s, 20200 KB] New best heuristic value for ff(): 122
[t=2.54349s, 20200 KB] g=305, 33359 evaluated, 2816 expanded
[t=2.55758s, 20332 KB] New best heuristic value for ff(): 121
[t=2.55796s, 20332 KB] g=306, 33575 evaluated, 2818 expanded
[t=2.55799s, 20332 KB] New best heuristic value for ff(): 120
[t=2.55833s, 20332 KB] g=307, 33579 evaluated, 2820 expanded
[t=2.5647s, 20332 KB] New best heuristic value for ff(): 119
[t=2.56539s, 20332 KB] g=308, 33684 evaluated, 2822 expanded
[t=2.56572s, 20332 KB] New best heuristic value for ff(): 118
[t=2.566s, 20332 KB] g=309, 33691 evaluated, 2824 expanded
[t=2.58041s, 20332 KB] New best heuristic value for ff(): 117
[t=2.58125s, 20332 KB] g=310, 33904 evaluated, 2830 expanded
[t=2.58248s, 20332 KB] New best heuristic value for ff(): 116
[t=2.58262s, 20332 KB] g=311, 33923 evaluated, 2832 expanded
[t=2.59085s, 20332 KB] New best heuristic value for ff(): 115
[t=2.59174s, 20332 KB] g=312, 34048 evaluated, 2867 expanded
[t=2.61078s, 22384 KB] New best heuristic value for ff(): 114
[t=2.61092s, 22384 KB] g=314, 34304 evaluated, 2905 expanded
[t=2.61095s, 22384 KB] New best heuristic value for ff(): 113
[t=2.61138s, 22384 KB] g=315, 34309 evaluated, 2907 expanded
[t=2.61913s, 22384 KB] New best heuristic value for ff(): 112
[t=2.61978s, 22384 KB] g=316, 34435 evaluated, 2909 expanded
[t=2.63486s, 22384 KB] New best heuristic value for ff(): 111
[t=2.63542s, 22384 KB] g=317, 34652 evaluated, 2931 expanded
[t=2.65165s, 22384 KB] New best heuristic value for ff(): 110
[t=2.65268s, 22384 KB] g=319, 34901 evaluated, 2970 expanded
[t=2.66002s, 22384 KB] New best heuristic value for ff(): 109
[t=2.66013s, 22384 KB] g=320, 35012 evaluated, 2972 expanded
[t=2.66735s, 22384 KB] New best heuristic value for ff(): 108
[t=2.66756s, 22384 KB] g=321, 35123 evaluated, 2974 expanded
[t=2.66844s, 22384 KB] New best heuristic value for ff(): 107
[t=2.66915s, 22384 KB] g=322, 35145 evaluated, 2976 expanded
[t=2.67465s, 22384 KB] New best heuristic value for ff(): 106
[t=2.67533s, 22384 KB] g=323, 35237 evaluated, 2980 expanded
[t=2.71606s, 22384 KB] New best heuristic value for ff(): 105
[t=2.71663s, 22384 KB] g=325, 35810 evaluated, 3019 expanded
[t=2.72604s, 22384 KB] New best heuristic value for ff(): 104
[t=2.72619s, 22384 KB] g=326, 35937 evaluated, 3021 expanded
[t=2.73232s, 22384 KB] New best heuristic value for ff(): 103
[t=2.73252s, 22384 KB] g=327, 36031 evaluated, 3026 expanded
[t=2.73334s, 22384 KB] New best heuristic value for ff(): 102
[t=2.73422s, 22384 KB] g=328, 36055 evaluated, 3028 expanded
[t=2.75749s, 22384 KB] New best heuristic value for ff(): 101
[t=2.75797s, 22384 KB] g=329, 36385 evaluated, 3064 expanded
[t=2.76482s, 22384 KB] New best heuristic value for ff(): 100
[t=2.76532s, 22384 KB] g=330, 36496 evaluated, 3066 expanded
[t=2.76584s, 22384 KB] New best heuristic value for ff(): 99
[t=2.76666s, 22384 KB] g=331, 36515 evaluated, 3068 expanded
[t=2.79941s, 22384 KB] New best heuristic value for ff(): 98
[t=2.79986s, 22384 KB] g=332, 36967 evaluated, 3104 expanded
[t=2.79989s, 22384 KB] New best heuristic value for ff(): 97
[t=2.80024s, 22384 KB] g=333, 36971 evaluated, 3106 expanded
[t=2.81407s, 22384 KB] New best heuristic value for ff(): 96
[t=2.81449s, 22384 KB] g=334, 37188 evaluated, 3108 expanded
[t=2.8214s, 22384 KB] New best heuristic value for ff(): 95
[t=2.82183s, 22384 KB] g=335, 37299 evaluated, 3110 expanded
[t=2.84025s, 22384 KB] New best heuristic value for ff(): 94
[t=2.8406s, 22384 KB] g=337, 37555 evaluated, 3139 expanded
[t=2.84127s, 22384 KB] New best heuristic value for ff(): 93
[t=2.84199s, 22384 KB] g=338, 37575 evaluated, 3141 expanded
[t=2.88749s, 22384 KB] New best heuristic value for ff(): 92
[t=2.88787s, 22384 KB] g=339, 38225 evaluated, 3171 expanded
[t=2.88852s, 22384 KB] New best heuristic value for ff(): 91
[t=2.88933s, 22384 KB] g=340, 38246 evaluated, 3173 expanded
[t=2.89685s, 22384 KB] New best heuristic value for ff(): 90
[t=2.89736s, 22384 KB] g=341, 38359 evaluated, 3205 expanded
[t=2.90418s, 22384 KB] New best heuristic value for ff(): 89
[t=2.90452s, 22384 KB] g=342, 38468 evaluated, 3207 expanded
[t=2.91256s, 22384 KB] New best heuristic value for ff(): 88
[t=2.91286s, 22384 KB] g=344, 38590 evaluated, 3221 expanded
[t=2.93671s, 22384 KB] New best heuristic value for ff(): 87
[t=2.93725s, 22384 KB] g=346, 38943 evaluated, 3257 expanded
[t=2.93812s, 22384 KB] New best heuristic value for ff(): 86
[t=2.93858s, 22384 KB] g=347, 38962 evaluated, 3259 expanded
[t=2.9787s, 22384 KB] New best heuristic value for ff(): 85
[t=2.97943s, 22384 KB] g=348, 39516 evaluated, 3294 expanded
[t=2.99441s, 22384 KB] New best heuristic value for ff(): 84
[t=2.99492s, 22384 KB] g=349, 39736 evaluated, 3296 expanded
[t=3.00174s, 22384 KB] New best heuristic value for ff(): 83
[t=3.00205s, 22384 KB] g=350, 39845 evaluated, 3298 expanded
[t=3.00277s, 22384 KB] New best heuristic value for ff(): 82
[t=3.00352s, 22384 KB] g=351, 39866 evaluated, 3300 expanded
[t=3.0101s, 22384 KB] New best heuristic value for ff(): 81
[t=3.01063s, 22384 KB] g=352, 39969 evaluated, 3319 expanded
[t=3.01112s, 22384 KB] New best heuristic value for ff(): 80
[t=3.01198s, 22384 KB] g=353, 39989 evaluated, 3320 expanded
[t=3.02791s, 22384 KB] New best heuristic value for ff(): 79
[t=3.0284s, 22384 KB] g=354, 40229 evaluated, 3353 expanded
[t=3.0426s, 22384 KB] New best heuristic value for ff(): 78
[t=3.04292s, 22384 KB] g=355, 40447 evaluated, 3355 expanded
[t=3.04362s, 22384 KB] New best heuristic value for ff(): 77
[t=3.04435s, 22384 KB] g=356, 40468 evaluated, 3357 expanded
[t=3.052s, 22384 KB] New best heuristic value for ff(): 76
[t=3.05227s, 22384 KB] g=357, 40580 evaluated, 3389 expanded
[t=3.05928s, 22384 KB] New best heuristic value for ff(): 75
[t=3.05943s, 22384 KB] g=358, 40690 evaluated, 3391 expanded
[t=3.0603s, 22384 KB] New best heuristic value for ff(): 74
[t=3.0608s, 22384 KB] g=359, 40710 evaluated, 3393 expanded
[t=3.07708s, 22384 KB] New best heuristic value for ff(): 73
[t=3.07748s, 22384 KB] g=360, 40941 evaluated, 3425 expanded
[t=3.0781s, 22384 KB] New best heuristic value for ff(): 72
[t=3.07899s, 22384 KB] g=361, 40962 evaluated, 3427 expanded
[t=3.08753s, 22384 KB] New best heuristic value for ff(): 71
[t=3.08809s, 22384 KB] g=362, 41090 evaluated, 3454 expanded
[t=3.09696s, 22384 KB] New best heuristic value for ff(): 70
[t=3.09747s, 22384 KB] g=363, 41218 evaluated, 3456 expanded
[t=3.12215s, 22420 KB] New best heuristic value for ff(): 69
[t=3.1224s, 22420 KB] g=364, 41565 evaluated, 3488 expanded
[t=3.12243s, 22420 KB] New best heuristic value for ff(): 68
[t=3.12299s, 22420 KB] g=365, 41572 evaluated, 3490 expanded
[t=3.12946s, 22420 KB] New best heuristic value for ff(): 67
[t=3.13042s, 22420 KB] g=366, 41687 evaluated, 3492 expanded
[t=3.13678s, 22420 KB] New best heuristic value for ff(): 66
[t=3.13775s, 22420 KB] g=367, 41800 evaluated, 3494 expanded
[t=3.15147s, 22420 KB] New best heuristic value for ff(): 65
[t=3.15157s, 22420 KB] g=368, 42016 evaluated, 3496 expanded
[t=3.15249s, 22420 KB] New best heuristic value for ff(): 64
[t=3.15285s, 22420 KB] g=369, 42035 evaluated, 3497 expanded
[t=3.16611s, 22420 KB] New best heuristic value for ff(): 63
[t=3.16672s, 22420 KB] g=370, 42234 evaluated, 3503 expanded
[t=3.16796s, 22420 KB] New best heuristic value for ff(): 62
[t=3.16802s, 22420 KB] g=371, 42253 evaluated, 3505 expanded
[t=3.17447s, 22420 KB] New best heuristic value for ff(): 61
[t=3.17452s, 22420 KB] g=372, 42351 evaluated, 3514 expanded
[t=3.17585s, 22420 KB] New best heuristic value for ff(): 60
[t=3.17606s, 22420 KB] g=373, 42373 evaluated, 3516 expanded
[t=3.18282s, 22420 KB] New best heuristic value for ff(): 59
[t=3.18355s, 22420 KB] g=374, 42484 evaluated, 3528 expanded
[t=3.1849s, 22420 KB] New best heuristic value for ff(): 58
[t=3.18507s, 22420 KB] g=375, 42506 evaluated, 3530 expanded
[t=3.19853s, 22552 KB] New best heuristic value for ff(): 57
[t=3.19955s, 22552 KB] g=376, 42719 evaluated, 3547 expanded
[t=3.20901s, 22552 KB] New best heuristic value for ff(): 56
[t=3.20912s, 22552 KB] g=377, 42847 evaluated, 3549 expanded
[t=3.22475s, 22552 KB] New best heuristic value for ff(): 55
[t=3.22511s, 22552 KB] g=378, 43068 evaluated, 3572 expanded
[t=3.23208s, 22552 KB] New best heuristic value for ff(): 54
[t=3.23213s, 22552 KB] g=379, 43178 evaluated, 3574 expanded
[t=3.2331s, 22552 KB] New best heuristic value for ff(): 53
[t=3.23341s, 22552 KB] g=380, 43197 evaluated, 3576 expanded
[t=3.2477s, 22552 KB] New best heuristic value for ff(): 52
[t=3.24871s, 22552 KB] g=381, 43413 evaluated, 3599 expanded
[t=3.25499s, 22552 KB] New best heuristic value for ff(): 51
[t=3.25564s, 22552 KB] g=382, 43522 evaluated, 3601 expanded
[t=3.25602s, 22552 KB] New best heuristic value for ff(): 50
[t=3.25709s, 22552 KB] g=383, 43543 evaluated, 3603 expanded
[t=3.27281s, 22684 KB] New best heuristic value for ff(): 49
[t=3.27297s, 22684 KB] g=384, 43764 evaluated, 3625 expanded
[t=3.27424s, 22684 KB] New best heuristic value for ff(): 48
[t=3.2744s, 22684 KB] g=385, 43785 evaluated, 3627 expanded
[t=3.30007s, 23376 KB] New best heuristic value for ff(): 47
[t=3.30113s, 23376 KB] g=386, 44108 evaluated, 3649 expanded
[t=3.30214s, 23376 KB] New best heuristic value for ff(): 46
[t=3.30247s, 23376 KB] g=387, 44128 evaluated, 3651 expanded
[t=3.31787s, 23376 KB] New best heuristic value for ff(): 45
[t=3.31823s, 23376 KB] g=388, 44349 evaluated, 3673 expanded
[t=3.31889s, 23376 KB] New best heuristic value for ff(): 44
[t=3.31951s, 23376 KB] g=389, 44368 evaluated, 3675 expanded
[t=3.33463s, 23376 KB] New best heuristic value for ff(): 43
[t=3.33516s, 23376 KB] g=390, 44588 evaluated, 3696 expanded
[t=3.33519s, 23376 KB] New best heuristic value for ff(): 42
[t=3.33561s, 23376 KB] g=391, 44593 evaluated, 3698 expanded
[t=3.34819s, 23376 KB] New best heuristic value for ff(): 41
[t=3.34904s, 23376 KB] g=392, 44810 evaluated, 3700 expanded
[t=3.35027s, 23376 KB] New best heuristic value for ff(): 40
[t=3.35031s, 23376 KB] g=393, 44829 evaluated, 3702 expanded
[t=3.35655s, 23376 KB] New best heuristic value for ff(): 39
[t=3.35662s, 23376 KB] g=394, 44927 evaluated, 3710 expanded
[t=3.35794s, 23376 KB] New best heuristic value for ff(): 38
[t=3.35811s, 23376 KB] g=395, 44949 evaluated, 3712 expanded
[t=3.37856s, 23376 KB] New best heuristic value for ff(): 37
[t=3.37947s, 23376 KB] g=396, 45260 evaluated, 3722 expanded
[t=3.38064s, 23376 KB] New best heuristic value for ff(): 36
[t=3.3808s, 23376 KB] g=397, 45280 evaluated, 3724 expanded
[t=3.39533s, 23376 KB] New best heuristic value for ff(): 35
[t=3.39599s, 23376 KB] g=398, 45497 evaluated, 3742 expanded
[t=3.40471s, 23376 KB] New best heuristic value for ff(): 34
[t=3.40536s, 23376 KB] g=399, 45625 evaluated, 3744 expanded
[t=3.41099s, 23376 KB] New best heuristic value for ff(): 33
[t=3.41202s, 23376 KB] g=400, 45727 evaluated, 3760 expanded
[t=3.41342s, 23376 KB] New best heuristic value for ff(): 32
[t=3.41364s, 23376 KB] g=401, 45751 evaluated, 3762 expanded
[t=3.41933s, 23376 KB] New best heuristic value for ff(): 31
[t=3.42041s, 23376 KB] g=402, 45855 evaluated, 3777 expanded
[t=3.42666s, 23376 KB] New best heuristic value for ff(): 30
[t=3.4273s, 23376 KB] g=403, 45966 evaluated, 3779 expanded
[t=3.42769s, 23376 KB] New best heuristic value for ff(): 29
[t=3.42855s, 23376 KB] g=404, 45985 evaluated, 3781 expanded
[t=3.43397s, 23376 KB] New best heuristic value for ff(): 28
[t=3.4346s, 23376 KB] g=405, 46080 evaluated, 3791 expanded
[t=3.43604s, 23376 KB] New best heuristic value for ff(): 27
[t=3.43615s, 23376 KB] g=406, 46103 evaluated, 3793 expanded
[t=3.44968s, 23376 KB] New best heuristic value for ff(): 26
[t=3.45021s, 23376 KB] g=407, 46311 evaluated, 3807 expanded
[t=3.45693s, 23376 KB] New best heuristic value for ff(): 25
[t=3.45702s, 23376 KB] g=408, 46421 evaluated, 3809 expanded
[t=3.45795s, 23376 KB] New best heuristic value for ff(): 24
[t=3.45833s, 23376 KB] g=409, 46441 evaluated, 3811 expanded
[t=3.46483s, 23376 KB] New best heuristic value for ff(): 23
[t=3.46488s, 23376 KB] g=410, 46542 evaluated, 3821 expanded
[t=3.46526s, 23376 KB] New best heuristic value for ff(): 22
[t=3.46618s, 23376 KB] g=411, 46562 evaluated, 3823 expanded
[t=3.48066s, 23376 KB] New best heuristic value for ff(): 21
[t=3.48075s, 23376 KB] g=412, 46769 evaluated, 3835 expanded
[t=3.48201s, 23376 KB] New best heuristic value for ff(): 20
[t=3.48227s, 23376 KB] g=413, 46791 evaluated, 3837 expanded
[t=3.48724s, 23376 KB] New best heuristic value for ff(): 19
[t=3.48783s, 23376 KB] g=414, 46881 evaluated, 3839 expanded
[t=3.48931s, 23376 KB] New best heuristic value for ff(): 18
[t=3.48936s, 23376 KB] g=415, 46904 evaluated, 3841 expanded
[t=3.4956s, 23376 KB] New best heuristic value for ff(): 17
[t=3.49577s, 23376 KB] g=416, 47004 evaluated, 3851 expanded
[t=3.4958s, 23376 KB] New best heuristic value for ff(): 16
[t=3.4962s, 23376 KB] g=417, 47009 evaluated, 3853 expanded
[t=3.51024s, 23512 KB] New best heuristic value for ff(): 15
[t=3.51112s, 23512 KB] g=418, 47227 evaluated, 3855 expanded
[t=3.52416s, 23512 KB] New best heuristic value for ff(): 14
[t=3.52433s, 23512 KB] g=419, 47444 evaluated, 3857 expanded
[t=3.52593s, 23512 KB] New best heuristic value for ff(): 13
[t=3.52599s, 23512 KB] g=420, 47470 evaluated, 3859 expanded
[t=3.53117s, 23512 KB] New best heuristic value for ff(): 12
[t=3.53123s, 23512 KB] g=421, 47555 evaluated, 3861 expanded
[t=3.53219s, 23512 KB] New best heuristic value for ff(): 11
[t=3.53305s, 23512 KB] g=422, 47583 evaluated, 3863 expanded
[t=3.55315s, 23512 KB] New best heuristic value for ff(): 10
[t=3.55399s, 23512 KB] g=423, 47883 evaluated, 3867 expanded
[t=3.55415s, 23512 KB] New best heuristic value for ff(): 9
[t=3.55468s, 23512 KB] g=424, 47892 evaluated, 3869 expanded
[t=3.56037s, 23512 KB] New best heuristic value for ff(): 8
[t=3.56146s, 23512 KB] g=425, 48001 evaluated, 3873 expanded
[t=3.56361s, 23512 KB] New best heuristic value for ff(): 7
[t=3.56372s, 23512 KB] g=426, 48037 evaluated, 3875 expanded
[t=3.56767s, 23512 KB] New best heuristic value for ff(): 6
[t=3.56836s, 23512 KB] g=427, 48112 evaluated, 3879 expanded
[t=3.57498s, 23512 KB] New best heuristic value for ff(): 5
[t=3.57506s, 23512 KB] g=428, 48222 evaluated, 3881 expanded
[t=3.57705s, 23512 KB] New best heuristic value for ff(): 4
[t=3.57735s, 23512 KB] g=429, 48258 evaluated, 3883 expanded
[t=3.58123s, 23648 KB] New best heuristic value for ff(): 3
[t=3.58203s, 23648 KB] g=430, 48334 evaluated, 3885 expanded
[t=3.58751s, 23648 KB] New best heuristic value for ff(): 2
[t=3.5885s, 23648 KB] g=431, 48442 evaluated, 3887 expanded
[t=3.58854s, 23648 KB] New best heuristic value for ff(): 1
[t=3.58878s, 23648 KB] g=432, 48444 evaluated, 3889 expanded
[t=3.5952s, 23648 KB] New best heuristic value for ff(): 0
[t=3.59528s, 23648 KB] g=433, 48553 evaluated, 3891 expanded
[t=3.5953s, 23648 KB] Solution found!
[t=3.59536s, 23648 KB] Actual search time: 3.56247s
board f0 p1 (1)
up f0 f104 (1)
board f104 p100 (1)
board f104 p77 (1)
down f104 f0 (1)
board f0 p85 (1)
up f0 f1 (1)
board f1 p9 (1)
up f1 f10 (1)
board f10 p88 (1)
down f10 f2 (1)
board f2 p124 (1)
board f2 p17 (1)
up f2 f101 (1)
board f101 p44 (1)
down f101 f12 (1)
board f12 p36 (1)
board f12 p65 (1)
down f12 f4 (1)
board f4 p5 (1)
up f4 f102 (1)
board f102 p51 (1)
down f102 f62 (1)
board f62 p112 (1)
board f62 p74 (1)
depart f62 p17 (1)
down f62 f13 (1)
board f13 p11 (1)
board f13 p52 (1)
board f13 p58 (1)
board f13 p67 (1)
board f13 p73 (1)
down f13 f5 (1)
board f5 p26 (1)
up f5 f103 (1)
board f103 p29 (1)
board f103 p86 (1)
board f103 p98 (1)
depart f103 p11 (1)
down f103 f11 (1)
depart f11 p29 (1)
down f11 f6 (1)
board f6 p20 (1)
board f6 p76 (1)
board f6 p99 (1)
depart f6 p65 (1)
up f6 f104 (1)
depart f104 p86 (1)
down f104 f14 (1)
board f14 p0 (1)
board f14 p120 (1)
board f14 p39 (1)
up f14 f67 (1)
board f67 p24 (1)
down f67 f15 (1)
board f15 p19 (1)
board f15 p43 (1)
down f15 f7 (1)
board f7 p10 (1)
board f7 p101 (1)
depart f7 p100 (1)
down f7 f3 (1)
depart f3 p101 (1)
up f3 f105 (1)
board f105 p30 (1)
board f105 p38 (1)
board f105 p78 (1)
down f105 f0 (1)
depart f0 p38 (1)
up f0 f106 (1)
board f106 p42 (1)
board f106 p45 (1)
down f106 f12 (1)
depart f12 p78 (1)
down f12 f6 (1)
depart f6 p45 (1)
up f6 f16 (1)
board f16 p63 (1)
down f16 f8 (1)
board f8 p91 (1)
up f8 f17 (1)
board f17 p57 (1)
down f17 f9 (1)
board f9 p2 (1)
down f9 f7 (1)
depart f7 p2 (1)
up f7 f18 (1)
board f18 p106 (1)
up f18 f19 (1)
board f19 p12 (1)
board f19 p80 (1)
up f19 f23 (1)
board f23 p14 (1)
board f23 p25 (1)
up f23 f24 (1)
board f24 p105 (1)
up f24 f102 (1)
depart f102 p105 (1)
down f102 f26 (1)
board f26 p121 (1)
board f26 p79 (1)
depart f26 p44 (1)
down f26 f25 (1)
depart f25 p79 (1)
up f25 f27 (1)
board f27 p135 (1)
board f27 p56 (1)
board f27 p59 (1)
down f27 f6 (1)
depart f6 p59 (1)
up f6 f28 (1)
board f28 p62 (1)
board f28 p64 (1)
depart f28 p99 (1)
depart f28 p12 (1)
up f28 f102 (1)
depart f102 p62 (1)
down f102 f29 (1)
board f29 p103 (1)
board f29 p61 (1)
board f29 p8 (1)
down f29 f22 (1)
depart f22 p8 (1)
up f22 f49 (1)
board f49 p13 (1)
depart f49 p124 (1)
down f49 f30 (1)
board f30 p72 (1)
down f30 f13 (1)
depart f13 p72 (1)
up f13 f76 (1)
board f76 p82 (1)
depart f76 p98 (1)
up f76 f83 (1)
board f83 p117 (1)
board f83 p21 (1)
board f83 p49 (1)
board f83 p96 (1)
down f83 f21 (1)
depart f21 p49 (1)
up f21 f26 (1)
depart f26 p96 (1)
up f26 f31 (1)
board f31 p97 (1)
up f31 f32 (1)
board f32 p22 (1)
board f32 p94 (1)
depart f32 p58 (1)
down f32 f29 (1)
depart f29 p94 (1)
up f29 f33 (1)
board f33 p84 (1)
depart f33 p5 (1)
down f33 f28 (1)
depart f28 p84 (1)
up f28 f34 (1)
depart f34 p19 (1)
depart f34 p112 (1)
up f34 f35 (1)
depart f35 p77 (1)
depart f35 p20 (1)
up f35 f37 (1)
board f37 p33 (1)
board f37 p70 (1)
down f37 f19 (1)
depart f19 p33 (1)
up f19 f38 (1)
board f38 p127 (1)
up f38 f42 (1)
board f42 p104 (1)
board f42 p115 (1)
board f42 p125 (1)
down f42 f40 (1)
board f40 p114 (1)
down f40 f7 (1)
depart f7 p125 (1)
up f7 f41 (1)
depart f41 p57 (1)
depart f41 p1 (1)
down f41 f9 (1)
depart f9 p104 (1)
up f9 f43 (1)
board f43 p113 (1)
down f43 f30 (1)
depart f30 p113 (1)
up f30 f44 (1)
board f44 p23 (1)
board f44 p83 (1)
depart f44 p73 (1)
up f44 f45 (1)
depart f45 p22 (1)
up f45 f74 (1)
board f74 p60 (1)
down f74 f41 (1)
depart f41 p60 (1)
up f41 f46 (1)
board f46 p4 (1)
down f46 f31 (1)
depart f31 p4 (1)
up f31 f47 (1)
board f47 p32 (1)
board f47 p92 (1)
depart f47 p83 (1)
depart f47 p56 (1)
down f47 f4 (1)
depart f4 p92 (1)
up f4 f48 (1)
board f48 p81 (1)
depart f48 p121 (1)
up f48 f51 (1)
board f51 p53 (1)
depart f51 p97 (1)
depart f51 p127 (1)
depart f51 p10 (1)
down f51 f10 (1)
depart f10 p53 (1)
up f10 f52 (1)
board f52 p66 (1)
depart f52 p26 (1)
down f52 f6 (1)
depart f6 p66 (1)
up f6 f53 (1)
board f53 p16 (1)
board f53 p7 (1)
board f53 p90 (1)
depart f53 p9 (1)
up f53 f54 (1)
depart f54 p80 (1)
up f54 f55 (1)
board f55 p119 (1)
board f55 p122 (1)
down f55 f32 (1)
depart f32 p119 (1)
up f32 f56 (1)
board f56 p133 (1)
board f56 p15 (1)
down f56 f53 (1)
depart f53 p15 (1)
up f53 f57 (1)
board f57 p107 (1)
depart f57 p74 (1)
depart f57 p52 (1)
down f57 f38 (1)
depart f38 p107 (1)
up f38 f58 (1)
board f58 p34 (1)
depart f58 p42 (1)
up f58 f59 (1)
board f59 p128 (1)
board f59 p87 (1)
down f59 f41 (1)
depart f41 p87 (1)
up f41 f60 (1)
depart f60 p91 (1)
depart f60 p90 (1)
depart f60 p36 (1)
up f60 f61 (1)
board f61 p40 (1)
depart f61 p82 (1)
depart f61 p24 (1)
down f61 f53 (1)
depart f53 p40 (1)
up f53 f62 (1)
depart f62 p7 (1)
depart f62 p14 (1)
depart f62 p13 (1)
up f62 f63 (1)
board f63 p37 (1)
depart f63 p115 (1)
down f63 f44 (1)
depart f44 p37 (1)
up f44 f64 (1)
board f64 p3 (1)
board f64 p41 (1)
down f64 f61 (1)
depart f61 p3 (1)
up f61 f65 (1)
board f65 p31 (1)
depart f65 p67 (1)
depart f65 p39 (1)
up f65 f66 (1)
board f66 p134 (1)
board f66 p75 (1)
depart f66 p31 (1)
down f66 f19 (1)
depart f19 p134 (1)
up f19 f28 (1)
depart f28 p75 (1)
up f28 f67 (1)
depart f67 p30 (1)
up f67 f68 (1)
board f68 p6 (1)
depart f68 p34 (1)
up f68 f69 (1)
board f69 p35 (1)
down f69 f65 (1)
depart f65 p35 (1)
up f65 f70 (1)
board f70 p48 (1)
down f70 f18 (1)
depart f18 p48 (1)
up f18 f71 (1)
board f71 p108 (1)
board f71 p109 (1)
board f71 p131 (1)
depart f71 p81 (1)
down f71 f10 (1)
depart f10 p108 (1)
up f10 f100 (1)
depart f100 p109 (1)
down f100 f72 (1)
depart f72 p16 (1)
up f72 f73 (1)
board f73 p47 (1)
board f73 p54 (1)
down f73 f48 (1)
depart f48 p47 (1)
up f48 f75 (1)
board f75 p111 (1)
depart f75 p70 (1)
depart f75 p61 (1)
down f75 f31 (1)
depart f31 p111 (1)
up f31 f77 (1)
board f77 p130 (1)
down f77 f32 (1)
depart f32 p130 (1)
up f32 f78 (1)
depart f78 p23 (1)
depart f78 p103 (1)
up f78 f79 (1)
board f79 p18 (1)
board f79 p68 (1)
depart f79 p131 (1)
depart f79 p120 (1)
down f79 f64 (1)
depart f64 p68 (1)
up f64 f67 (1)
depart f67 p18 (1)
up f67 f80 (1)
board f80 p28 (1)
depart f80 p135 (1)
down f80 f43 (1)
depart f43 p28 (1)
up f43 f81 (1)
depart f81 p54 (1)
up f81 f82 (1)
board f82 p102 (1)
depart f82 p41 (1)
depart f82 p0 (1)
down f82 f48 (1)
depart f48 p102 (1)
up f48 f83 (1)
depart f83 p32 (1)
depart f83 p122 (1)
up f83 f84 (1)
depart f84 p117 (1)
depart f84 p106 (1)
up f84 f85 (1)
board f85 p89 (1)
down f85 f72 (1)
depart f72 p89 (1)
up f72 f86 (1)
board f86 p123 (1)
board f86 p27 (1)
board f86 p50 (1)
board f86 p95 (1)
depart f86 p85 (1)
down f86 f34 (1)
depart f34 p123 (1)
up f34 f40 (1)
depart f40 p27 (1)
up f40 f44 (1)
depart f44 p50 (1)
up f44 f52 (1)
depart f52 p95 (1)
up f52 f87 (1)
depart f87 p133 (1)
depart f87 p114 (1)
up f87 f88 (1)
board f88 p71 (1)
depart f88 p88 (1)
down f88 f80 (1)
depart f80 p71 (1)
up f80 f89 (1)
depart f89 p6 (1)
up f89 f90 (1)
depart f90 p21 (1)
up f90 f91 (1)
board f91 p55 (1)
board f91 p69 (1)
depart f91 p25 (1)
down f91 f43 (1)
depart f43 p55 (1)
up f43 f45 (1)
depart f45 p69 (1)
up f45 f93 (1)
board f93 p46 (1)
down f93 f79 (1)
depart f79 p46 (1)
up f79 f94 (1)
board f94 p116 (1)
depart f94 p43 (1)
down f94 f49 (1)
depart f49 p116 (1)
up f49 f95 (1)
board f95 p93 (1)
depart f95 p76 (1)
down f95 f61 (1)
depart f61 p93 (1)
up f61 f96 (1)
board f96 p126 (1)
down f96 f25 (1)
depart f25 p126 (1)
up f25 f97 (1)
board f97 p110 (1)
board f97 p129 (1)
board f97 p132 (1)
depart f97 p128 (1)
down f97 f31 (1)
depart f31 p110 (1)
down f31 f7 (1)
depart f7 p129 (1)
up f7 f46 (1)
depart f46 p132 (1)
up f46 f98 (1)
board f98 p118 (1)
depart f98 p51 (1)
down f98 f4 (1)
depart f4 p118 (1)
up f4 f99 (1)
depart f99 p64 (1)
depart f99 p63 (1)
[t=3.59545s, 23648 KB] Plan length: 433 step(s).
[t=3.59545s, 23648 KB] Plan cost: 433
[t=3.59545s, 23648 KB] Timestamp: 1685767640568 millisecond(s).
[t=3.59545s, 23648 KB] Expanded 3893 state(s).
[t=3.59545s, 23648 KB] Reopened 0 state(s).
[t=3.59545s, 23648 KB] Evaluated 48553 state(s).
[t=3.59545s, 23648 KB] Evaluations: 48553
[t=3.59545s, 23648 KB] Generated 422088 state(s).
[t=3.59545s, 23648 KB] Dead ends: 0 state(s).
[t=3.59545s, 23648 KB] Number of registered states: 48553
[t=3.59545s, 23648 KB] Int hash set load factor: 48553/65536 = 0.74086
[t=3.59545s, 23648 KB] Int hash set resizes: 16
[t=3.59545s, 23648 KB] Search time: 3.56286s
[t=3.59545s, 23648 KB] Total time: 3.59545s
Solution found.
Peak memory: 23648 KB
Remove intermediate file output.sas
search exit code: 0

INFO     Running validate.
INFO     validate stdin: None
INFO     validate time limit: None
INFO     validate memory limit: None
INFO     validate command line string: validate domain.pddl problem.pddl sas_plan
Checking plan: sas_plan
Plan executed successfully - checking goal
Plan valid
Final value: 433 

Successful plans:
Value: 433
 sas_plan 433 

validate exit code: 0

INFO     Planner time: 4.58s
