INFO     planner time limit: 600s
INFO     planner memory limit: 3584 MB

INFO     Running translator.
INFO     translator stdin: None
INFO     translator time limit: 599s
INFO     translator memory limit: 3584 MB
INFO     translator command line string: /usr/local/downward-projects/downward/experiments/assign3/.venv/bin/python3 /usr/local/downward-projects/downward/experiments/assign3/data/assign3-anytime_exp/code-1fb14623350588fb782db39ad332c8a25eda53d6_e5e41175/builds/release/bin/translate/translate.py domain.pddl problem.pddl --sas-file output.sas
Parsing...
Parsing: [0.000s CPU, 0.004s wall-clock]
Normalizing task... [0.000s CPU, 0.000s wall-clock]
Instantiating...
Generating Datalog program... [0.000s CPU, 0.002s wall-clock]
Normalizing Datalog program...
Normalizing Datalog program: [0.000s CPU, 0.002s wall-clock]
Preparing model... [0.010s CPU, 0.004s wall-clock]
Generated 38 rules.
Computing model... [0.040s CPU, 0.032s wall-clock]
1998 relevant atoms
3498 auxiliary atoms
5496 final queue length
6887 total queue pushes
Completing instantiation... [0.020s CPU, 0.023s wall-clock]
Instantiating: [0.070s CPU, 0.064s wall-clock]
Computing fact groups...
Finding invariants...
7 initial candidates
Finding invariants: [0.010s CPU, 0.004s wall-clock]
Checking invariant weight... [0.000s CPU, 0.001s wall-clock]
Instantiating groups... [0.010s CPU, 0.013s wall-clock]
Collecting mutex groups... [0.000s CPU, 0.000s wall-clock]
Choosing groups...
112 uncovered facts
Choosing groups: [0.000s CPU, 0.001s wall-clock]
Building translation key... [0.000s CPU, 0.000s wall-clock]
Computing fact groups: [0.020s CPU, 0.022s wall-clock]
Building STRIPS to SAS dictionary... [0.000s CPU, 0.000s wall-clock]
Building dictionary for full mutex groups... [0.000s CPU, 0.000s wall-clock]
Building mutex information...
Building mutex information: [0.000s CPU, 0.000s wall-clock]
Translating task...
Processing axioms...
Simplifying axioms... [0.000s CPU, 0.000s wall-clock]
Translator axioms removed by simplifying: 0
Computing negative axioms... [0.000s CPU, 0.000s wall-clock]
Processing axioms: [0.000s CPU, 0.001s wall-clock]
Translating task: [0.020s CPU, 0.022s wall-clock]
989 effect conditions simplified
0 implied preconditions added
Detecting unreachable propositions...
0 operators removed
0 axioms removed
116 propositions removed
Detecting unreachable propositions: [0.010s CPU, 0.012s wall-clock]
Reordering and filtering variables...
63 of 63 variables necessary.
52 of 58 mutex groups necessary.
594 of 594 operators necessary.
0 of 0 axiom rules necessary.
Reordering and filtering variables: [0.010s CPU, 0.006s wall-clock]
Translator variables: 63
Translator derived variables: 0
Translator facts: 411
Translator goal facts: 5
Translator mutex groups: 52
Translator total mutex groups size: 349
Translator operators: 594
Translator axioms: 0
Translator task size: 5742
Translator peak memory: 36244 KB
Writing output... [0.000s CPU, 0.005s wall-clock]
Done! [0.130s CPU, 0.137s wall-clock]
translate exit code: 0

INFO     Running search (release).
INFO     search stdin: output.sas
INFO     search time limit: 599s
INFO     search memory limit: 3584 MB
INFO     search command line string: /usr/local/downward-projects/downward/experiments/assign3/data/assign3-anytime_exp/code-1fb14623350588fb782db39ad332c8a25eda53d6_e5e41175/builds/release/bin/downward --evaluator 'h=lmcut()' --search 'eager_anytime(single(sum([weight(h, 2, verbosity=normal), g()])), 
        reopen_closed=true, f_eval=sum([h, g()]))' --internal-plan-file sas_plan < output.sas
[t=0s, 10884 KB] reading input...
[t=0.00396531s, 11272 KB] done reading input!
[t=0.00504891s, 11680 KB] Initializing landmark cut heuristic...
[t=0.00705024s, 11680 KB] Building successor generator...done!
[t=0.00740002s, 11680 KB] peak memory difference for successor generator creation: 0 KB
[t=0.00745105s, 11680 KB] time for successor generation creation: 0s
[t=0.00747585s, 11680 KB] Variables: 63
[t=0.00750248s, 11680 KB] FactPairs: 411
[t=0.00752591s, 11680 KB] Bytes per state: 12
[t=0.00755002s, 11680 KB] Conducting best first anytime search with reopening closed nodes, (real) bound = 2147483647
[t=0.00784745s, 11680 KB] New best heuristic value for lmcut(): 74
[t=0.00840386s, 11680 KB] g=0, 1 evaluated, 0 expanded
[t=0.00843053s, 11680 KB] Initial heuristic value for lmcut(): 74
[t=0.0084626s, 11680 KB] Start Timestep: 1681962244100 millisecond(s).
[t=0.195751s, 11680 KB] New best heuristic value for lmcut(): 73
[t=0.196359s, 11680 KB] g=5, 257 evaluated, 251 expanded
[t=0.199704s, 11680 KB] New best heuristic value for lmcut(): 72
[t=0.20141s, 11680 KB] g=6, 264 evaluated, 257 expanded
[t=0.201438s, 11680 KB] New best heuristic value for lmcut(): 71
[t=0.202184s, 11680 KB] g=7, 265 evaluated, 258 expanded
[t=0.219628s, 11680 KB] New best heuristic value for lmcut(): 69
[t=0.22181s, 11680 KB] g=9, 293 evaluated, 282 expanded
[t=0.271591s, 11680 KB] New best heuristic value for lmcut(): 67
[t=0.273753s, 11680 KB] g=12, 370 evaluated, 351 expanded
[t=0.295544s, 11680 KB] New best heuristic value for lmcut(): 66
[t=0.295961s, 11680 KB] g=11, 403 evaluated, 386 expanded
[t=0.443403s, 11680 KB] New best heuristic value for lmcut(): 65
[t=0.4448s, 11680 KB] g=15, 630 evaluated, 595 expanded
[t=0.471349s, 11680 KB] New best heuristic value for lmcut(): 64
[t=0.474899s, 11680 KB] g=17, 676 evaluated, 631 expanded
[t=1.342s, 11816 KB] New best heuristic value for lmcut(): 63
[t=1.34287s, 11816 KB] g=20, 1947 evaluated, 1948 expanded, 48 reopened
[t=1.43388s, 11816 KB] New best heuristic value for lmcut(): 62
[t=1.43678s, 11816 KB] g=18, 2094 evaluated, 2081 expanded, 48 reopened
[t=1.44178s, 11816 KB] New best heuristic value for lmcut(): 61
[t=1.44493s, 11816 KB] g=19, 2107 evaluated, 2092 expanded, 48 reopened
[t=1.44575s, 11816 KB] New best heuristic value for lmcut(): 60
[t=1.44683s, 11816 KB] g=20, 2110 evaluated, 2093 expanded, 48 reopened
[t=1.45372s, 11816 KB] New best heuristic value for lmcut(): 59
[t=1.45716s, 11816 KB] g=21, 2127 evaluated, 2107 expanded, 48 reopened
[t=1.45769s, 11816 KB] New best heuristic value for lmcut(): 58
[t=1.45898s, 11816 KB] g=22, 2130 evaluated, 2108 expanded, 48 reopened
[t=1.45901s, 11816 KB] New best heuristic value for lmcut(): 57
[t=1.46078s, 11816 KB] g=23, 2133 evaluated, 2109 expanded, 48 reopened
[t=1.72544s, 11816 KB] New best heuristic value for lmcut(): 55
[t=1.72838s, 11816 KB] g=27, 2586 evaluated, 2537 expanded, 48 reopened
[t=1.74538s, 11816 KB] New best heuristic value for lmcut(): 54
[t=1.74688s, 11816 KB] g=29, 2619 evaluated, 2567 expanded, 48 reopened
[t=3.80296s, 11968 KB] New best heuristic value for lmcut(): 53
[t=3.8068s, 11968 KB] g=29, 6373 evaluated, 7277 expanded, 1131 reopened
[t=3.8069s, 11968 KB] New best heuristic value for lmcut(): 52
[t=3.80743s, 11968 KB] g=30, 6374 evaluated, 7278 expanded, 1131 reopened
[t=4.13073s, 11968 KB] New best heuristic value for lmcut(): 50
[t=4.13377s, 11968 KB] g=32, 6953 evaluated, 7795 expanded, 1131 reopened
[t=4.13467s, 11968 KB] New best heuristic value for lmcut(): 49
[t=4.13592s, 11968 KB] g=33, 6957 evaluated, 7796 expanded, 1131 reopened
[t=4.14663s, 11968 KB] New best heuristic value for lmcut(): 44
[t=4.14749s, 11968 KB] g=34, 6980 evaluated, 7817 expanded, 1131 reopened
[t=4.15059s, 12100 KB] New best heuristic value for lmcut(): 43
[t=4.15189s, 12100 KB] g=35, 6988 evaluated, 7822 expanded, 1131 reopened
[t=4.15192s, 12100 KB] New best heuristic value for lmcut(): 42
[t=4.1524s, 12100 KB] g=36, 6989 evaluated, 7823 expanded, 1131 reopened
[t=4.19051s, 12100 KB] New best heuristic value for lmcut(): 41
[t=4.19295s, 12100 KB] g=39, 7077 evaluated, 7885 expanded, 1131 reopened
[t=4.20646s, 12100 KB] New best heuristic value for lmcut(): 40
[t=4.20748s, 12100 KB] g=41, 7110 evaluated, 7910 expanded, 1131 reopened
[t=4.20751s, 12100 KB] New best heuristic value for lmcut(): 39
[t=4.20797s, 12100 KB] g=42, 7111 evaluated, 7911 expanded, 1131 reopened
[t=4.2264s, 12100 KB] New best heuristic value for lmcut(): 37
[t=4.22691s, 12100 KB] g=43, 7156 evaluated, 7945 expanded, 1131 reopened
[t=4.22694s, 12100 KB] New best heuristic value for lmcut(): 36
[t=4.22776s, 12100 KB] g=43, 7158 evaluated, 7946 expanded, 1131 reopened
[t=4.35827s, 12100 KB] New best heuristic value for lmcut(): 35
[t=4.36162s, 12100 KB] g=49, 7487 evaluated, 8247 expanded, 1131 reopened
[t=4.82541s, 12100 KB] New best heuristic value for lmcut(): 33
[t=4.82928s, 12100 KB] g=49, 8600 evaluated, 9302 expanded, 1137 reopened
[t=10.8368s, 12772 KB] New best heuristic value for lmcut(): 32
[t=10.8402s, 12772 KB] g=50, 21556 evaluated, 25430 expanded, 4693 reopened
[t=10.8448s, 12772 KB] New best heuristic value for lmcut(): 31
[t=10.8455s, 12772 KB] g=50, 21571 evaluated, 25441 expanded, 4693 reopened
[t=23.2004s, 13976 KB] New best heuristic value for lmcut(): 30
[t=23.2033s, 13976 KB] g=53, 49539 evaluated, 59047 expanded, 11091 reopened
[t=23.5241s, 13976 KB] New best heuristic value for lmcut(): 29
[t=23.528s, 13976 KB] g=59, 50387 evaluated, 59869 expanded, 11091 reopened
[t=23.62s, 13976 KB] New best heuristic value for lmcut(): 28
[t=23.6217s, 13976 KB] g=61, 50658 evaluated, 60129 expanded, 11091 reopened
[t=23.6879s, 13976 KB] New best heuristic value for lmcut(): 27
[t=23.6893s, 13976 KB] g=66, 50860 evaluated, 60315 expanded, 11091 reopened
[t=24.1877s, 13976 KB] New best heuristic value for lmcut(): 26
[t=24.1902s, 13976 KB] g=71, 52615 evaluated, 61874 expanded, 11091 reopened
[t=39.2195s, 16240 KB] New best heuristic value for lmcut(): 25
[t=39.2195s, 16240 KB] g=71, 105639 evaluated, 115867 expanded, 14004 reopened
[t=160.16s, 37660 KB] New best heuristic value for lmcut(): 24
[t=160.16s, 37660 KB] g=59, 484338 evaluated, 708262 expanded, 234320 reopened
[t=160.17s, 37660 KB] New best heuristic value for lmcut(): 23
[t=160.17s, 37660 KB] g=61, 484370 evaluated, 708291 expanded, 234320 reopened
[t=160.372s, 37660 KB] New best heuristic value for lmcut(): 20
[t=160.372s, 37660 KB] g=65, 485012 evaluated, 708925 expanded, 234331 reopened
[t=160.375s, 37660 KB] New best heuristic value for lmcut(): 19
[t=160.375s, 37660 KB] g=66, 485026 evaluated, 708934 expanded, 234331 reopened
[t=160.377s, 37660 KB] New best heuristic value for lmcut(): 18
[t=160.377s, 37660 KB] g=67, 485033 evaluated, 708938 expanded, 234331 reopened
[t=162.818s, 37660 KB] New best heuristic value for lmcut(): 17
[t=162.818s, 37660 KB] g=69, 492956 evaluated, 717712 expanded, 235612 reopened
[t=162.82s, 37660 KB] New best heuristic value for lmcut(): 16
[t=162.82s, 37660 KB] g=70, 492963 evaluated, 717716 expanded, 235612 reopened
[t=163.2s, 37660 KB] New best heuristic value for lmcut(): 15
[t=163.201s, 37660 KB] g=75, 494396 evaluated, 719198 expanded, 235695 reopened
[t=164.365s, 37660 KB] New best heuristic value for lmcut(): 14
[t=164.365s, 37660 KB] g=73, 498908 evaluated, 723789 expanded, 235894 reopened
[t=164.485s, 37660 KB] New best heuristic value for lmcut(): 13
[t=164.485s, 37660 KB] g=77, 499443 evaluated, 724414 expanded, 236018 reopened
[t=164.719s, 37660 KB] New best heuristic value for lmcut(): 12
[t=164.719s, 37660 KB] g=78, 500446 evaluated, 725506 expanded, 236134 reopened
[t=164.746s, 37660 KB] New best heuristic value for lmcut(): 11
[t=164.746s, 37660 KB] g=81, 500596 evaluated, 725651 expanded, 236134 reopened
[t=164.795s, 37660 KB] New best heuristic value for lmcut(): 10
[t=164.795s, 37660 KB] g=83, 500865 evaluated, 725914 expanded, 236134 reopened
[t=164.988s, 37660 KB] New best heuristic value for lmcut(): 9
[t=164.988s, 37660 KB] g=82, 501901 evaluated, 726987 expanded, 236192 reopened
[t=165.03s, 37660 KB] New best heuristic value for lmcut(): 8
[t=165.03s, 37660 KB] g=85, 502176 evaluated, 727262 expanded, 236192 reopened
[t=165.257s, 37660 KB] New best heuristic value for lmcut(): 7
[t=165.257s, 37660 KB] g=90, 503590 evaluated, 728625 expanded, 236192 reopened
[t=165.412s, 37660 KB] New best heuristic value for lmcut(): 6
[t=165.412s, 37660 KB] g=92, 504882 evaluated, 729866 expanded, 236192 reopened
[t=165.637s, 37660 KB] New best heuristic value for lmcut(): 5
[t=165.637s, 37660 KB] g=97, 506968 evaluated, 731862 expanded, 236193 reopened
[t=165.637s, 37660 KB] New best heuristic value for lmcut(): 4
[t=165.637s, 37660 KB] g=98, 506974 evaluated, 731866 expanded, 236193 reopened
[t=165.64s, 37660 KB] New best heuristic value for lmcut(): 3
[t=165.641s, 37660 KB] g=100, 507024 evaluated, 731913 expanded, 236193 reopened
[t=165.641s, 37660 KB] New best heuristic value for lmcut(): 2
[t=165.641s, 37660 KB] g=101, 507040 evaluated, 731925 expanded, 236193 reopened
[t=167.589s, 37660 KB] New best heuristic value for lmcut(): 1
[t=167.589s, 37660 KB] g=102, 527384 evaluated, 753652 expanded, 238169 reopened
[t=167.589s, 37660 KB] New best heuristic value for lmcut(): 0
[t=167.589s, 37660 KB] g=103, 527385 evaluated, 753653 expanded, 238169 reopened
[t=167.589s, 37660 KB] Solution found!
move player-01 pos-07-04 pos-07-05 dir-down (0)
move player-01 pos-07-05 pos-07-06 dir-down (0)
move player-01 pos-07-06 pos-06-06 dir-left (0)
push-to-nongoal player-01 stone-05 pos-06-06 pos-06-07 pos-06-08 dir-down (1)
push-to-nongoal player-01 stone-05 pos-06-07 pos-06-08 pos-06-09 dir-down (1)
move player-01 pos-06-08 pos-06-07 dir-up (0)
move player-01 pos-06-07 pos-06-06 dir-up (0)
move player-01 pos-06-06 pos-07-06 dir-right (0)
move player-01 pos-07-06 pos-07-05 dir-up (0)
move player-01 pos-07-05 pos-07-04 dir-up (0)
move player-01 pos-07-04 pos-06-04 dir-left (0)
push-to-nongoal player-01 stone-04 pos-06-04 pos-06-05 pos-06-06 dir-down (1)
move player-01 pos-06-05 pos-07-05 dir-right (0)
move player-01 pos-07-05 pos-07-04 dir-up (0)
move player-01 pos-07-04 pos-07-03 dir-up (0)
move player-01 pos-07-03 pos-07-02 dir-up (0)
move player-01 pos-07-02 pos-06-02 dir-left (0)
push-to-nongoal player-01 stone-03 pos-06-02 pos-06-03 pos-06-04 dir-down (1)
move player-01 pos-06-03 pos-06-02 dir-up (0)
move player-01 pos-06-02 pos-05-02 dir-left (0)
move player-01 pos-05-02 pos-04-02 dir-left (0)
move player-01 pos-04-02 pos-04-03 dir-down (0)
push-to-nongoal player-01 stone-02 pos-04-03 pos-05-03 pos-06-03 dir-right (1)
push-to-nongoal player-01 stone-02 pos-05-03 pos-06-03 pos-07-03 dir-right (1)
move player-01 pos-06-03 pos-06-02 dir-up (0)
move player-01 pos-06-02 pos-07-02 dir-right (0)
push-to-nongoal player-01 stone-02 pos-07-02 pos-07-03 pos-07-04 dir-down (1)
push-to-nongoal player-01 stone-02 pos-07-03 pos-07-04 pos-07-05 dir-down (1)
move player-01 pos-07-04 pos-07-03 dir-up (0)
move player-01 pos-07-03 pos-07-02 dir-up (0)
move player-01 pos-07-02 pos-06-02 dir-left (0)
move player-01 pos-06-02 pos-05-02 dir-left (0)
move player-01 pos-05-02 pos-04-02 dir-left (0)
move player-01 pos-04-02 pos-03-02 dir-left (0)
move player-01 pos-03-02 pos-02-02 dir-left (0)
move player-01 pos-02-02 pos-02-03 dir-down (0)
push-to-nongoal player-01 stone-01 pos-02-03 pos-03-03 pos-04-03 dir-right (1)
move player-01 pos-03-03 pos-03-02 dir-up (0)
move player-01 pos-03-02 pos-04-02 dir-right (0)
move player-01 pos-04-02 pos-05-02 dir-right (0)
move player-01 pos-05-02 pos-06-02 dir-right (0)
move player-01 pos-06-02 pos-07-02 dir-right (0)
move player-01 pos-07-02 pos-07-03 dir-down (0)
move player-01 pos-07-03 pos-07-04 dir-down (0)
push-to-nongoal player-01 stone-02 pos-07-04 pos-07-05 pos-07-06 dir-down (1)
move player-01 pos-07-05 pos-06-05 dir-left (0)
push-to-nongoal player-01 stone-03 pos-06-05 pos-06-04 pos-06-03 dir-up (1)
move player-01 pos-06-04 pos-07-04 dir-right (0)
move player-01 pos-07-04 pos-07-03 dir-up (0)
move player-01 pos-07-03 pos-07-02 dir-up (0)
move player-01 pos-07-02 pos-06-02 dir-left (0)
move player-01 pos-06-02 pos-05-02 dir-left (0)
move player-01 pos-05-02 pos-05-03 dir-down (0)
push-to-nongoal player-01 stone-03 pos-05-03 pos-06-03 pos-07-03 dir-right (1)
move player-01 pos-06-03 pos-05-03 dir-left (0)
move player-01 pos-05-03 pos-05-02 dir-up (0)
move player-01 pos-05-02 pos-04-02 dir-left (0)
move player-01 pos-04-02 pos-03-02 dir-left (0)
move player-01 pos-03-02 pos-03-03 dir-down (0)
push-to-nongoal player-01 stone-01 pos-03-03 pos-04-03 pos-05-03 dir-right (1)
move player-01 pos-04-03 pos-04-02 dir-up (0)
move player-01 pos-04-02 pos-05-02 dir-right (0)
move player-01 pos-05-02 pos-06-02 dir-right (0)
move player-01 pos-06-02 pos-06-03 dir-down (0)
move player-01 pos-06-03 pos-06-04 dir-down (0)
move player-01 pos-06-04 pos-07-04 dir-right (0)
move player-01 pos-07-04 pos-07-05 dir-down (0)
move player-01 pos-07-05 pos-08-05 dir-right (0)
move player-01 pos-08-05 pos-08-06 dir-down (0)
move player-01 pos-08-06 pos-08-07 dir-down (0)
move player-01 pos-08-07 pos-08-08 dir-down (0)
move player-01 pos-08-08 pos-07-08 dir-left (0)
move player-01 pos-07-08 pos-06-08 dir-left (0)
move player-01 pos-06-08 pos-06-07 dir-up (0)
push-to-nongoal player-01 stone-04 pos-06-07 pos-06-06 pos-06-05 dir-up (1)
push-to-nongoal player-01 stone-02 pos-06-06 pos-07-06 pos-08-06 dir-right (1)
move player-01 pos-07-06 pos-07-05 dir-up (0)
move player-01 pos-07-05 pos-08-05 dir-right (0)
push-to-nongoal player-01 stone-02 pos-08-05 pos-08-06 pos-08-07 dir-down (1)
push-to-nongoal player-01 stone-02 pos-08-06 pos-08-07 pos-08-08 dir-down (1)
move player-01 pos-08-07 pos-08-06 dir-up (0)
move player-01 pos-08-06 pos-07-06 dir-left (0)
move player-01 pos-07-06 pos-07-05 dir-up (0)
move player-01 pos-07-05 pos-07-04 dir-up (0)
move player-01 pos-07-04 pos-06-04 dir-left (0)
move player-01 pos-06-04 pos-06-03 dir-up (0)
push-to-nongoal player-01 stone-01 pos-06-03 pos-05-03 pos-04-03 dir-left (1)
move player-01 pos-05-03 pos-06-03 dir-right (0)
move player-01 pos-06-03 pos-06-04 dir-down (0)
move player-01 pos-06-04 pos-07-04 dir-right (0)
move player-01 pos-07-04 pos-07-05 dir-down (0)
move player-01 pos-07-05 pos-07-06 dir-down (0)
move player-01 pos-07-06 pos-06-06 dir-left (0)
move player-01 pos-06-06 pos-06-07 dir-down (0)
move player-01 pos-06-07 pos-06-08 dir-down (0)
move player-01 pos-06-08 pos-07-08 dir-right (0)
push-to-nongoal player-01 stone-02 pos-07-08 pos-08-08 pos-09-08 dir-right (1)
push-to-nongoal player-01 stone-02 pos-08-08 pos-09-08 pos-10-08 dir-right (1)
move player-01 pos-09-08 pos-08-08 dir-left (0)
move player-01 pos-08-08 pos-08-07 dir-up (0)
move player-01 pos-08-07 pos-08-06 dir-up (0)
move player-01 pos-08-06 pos-07-06 dir-left (0)
move player-01 pos-07-06 pos-07-05 dir-up (0)
move player-01 pos-07-05 pos-07-04 dir-up (0)
move player-01 pos-07-04 pos-06-04 dir-left (0)
move player-01 pos-06-04 pos-06-03 dir-up (0)
move player-01 pos-06-03 pos-06-02 dir-up (0)
move player-01 pos-06-02 pos-07-02 dir-right (0)
push-to-nongoal player-01 stone-03 pos-07-02 pos-07-03 pos-07-04 dir-down (1)
push-to-nongoal player-01 stone-03 pos-07-03 pos-07-04 pos-07-05 dir-down (1)
push-to-nongoal player-01 stone-03 pos-07-04 pos-07-05 pos-07-06 dir-down (1)
move player-01 pos-07-05 pos-08-05 dir-right (0)
move player-01 pos-08-05 pos-08-06 dir-down (0)
move player-01 pos-08-06 pos-08-07 dir-down (0)
move player-01 pos-08-07 pos-08-08 dir-down (0)
move player-01 pos-08-08 pos-07-08 dir-left (0)
move player-01 pos-07-08 pos-06-08 dir-left (0)
move player-01 pos-06-08 pos-06-07 dir-up (0)
move player-01 pos-06-07 pos-06-06 dir-up (0)
push-to-nongoal player-01 stone-04 pos-06-06 pos-06-05 pos-06-04 dir-up (1)
move player-01 pos-06-05 pos-06-06 dir-down (0)
push-to-nongoal player-01 stone-03 pos-06-06 pos-07-06 pos-08-06 dir-right (1)
move player-01 pos-07-06 pos-07-05 dir-up (0)
move player-01 pos-07-05 pos-08-05 dir-right (0)
push-to-nongoal player-01 stone-03 pos-08-05 pos-08-06 pos-08-07 dir-down (1)
move player-01 pos-08-06 pos-07-06 dir-left (0)
move player-01 pos-07-06 pos-07-05 dir-up (0)
move player-01 pos-07-05 pos-06-05 dir-left (0)
push-to-nongoal player-01 stone-04 pos-06-05 pos-06-04 pos-06-03 dir-up (1)
move player-01 pos-06-04 pos-07-04 dir-right (0)
move player-01 pos-07-04 pos-07-03 dir-up (0)
move player-01 pos-07-03 pos-07-02 dir-up (0)
move player-01 pos-07-02 pos-06-02 dir-left (0)
move player-01 pos-06-02 pos-05-02 dir-left (0)
move player-01 pos-05-02 pos-05-03 dir-down (0)
push-to-nongoal player-01 stone-04 pos-05-03 pos-06-03 pos-07-03 dir-right (1)
move player-01 pos-06-03 pos-06-02 dir-up (0)
move player-01 pos-06-02 pos-07-02 dir-right (0)
push-to-nongoal player-01 stone-04 pos-07-02 pos-07-03 pos-07-04 dir-down (1)
push-to-nongoal player-01 stone-04 pos-07-03 pos-07-04 pos-07-05 dir-down (1)
push-to-nongoal player-01 stone-04 pos-07-04 pos-07-05 pos-07-06 dir-down (1)
move player-01 pos-07-05 pos-07-04 dir-up (0)
move player-01 pos-07-04 pos-07-03 dir-up (0)
move player-01 pos-07-03 pos-07-02 dir-up (0)
move player-01 pos-07-02 pos-06-02 dir-left (0)
move player-01 pos-06-02 pos-05-02 dir-left (0)
move player-01 pos-05-02 pos-04-02 dir-left (0)
move player-01 pos-04-02 pos-03-02 dir-left (0)
move player-01 pos-03-02 pos-03-03 dir-down (0)
push-to-nongoal player-01 stone-01 pos-03-03 pos-04-03 pos-05-03 dir-right (1)
push-to-nongoal player-01 stone-01 pos-04-03 pos-05-03 pos-06-03 dir-right (1)
push-to-nongoal player-01 stone-01 pos-05-03 pos-06-03 pos-07-03 dir-right (1)
move player-01 pos-06-03 pos-06-02 dir-up (0)
move player-01 pos-06-02 pos-07-02 dir-right (0)
push-to-nongoal player-01 stone-01 pos-07-02 pos-07-03 pos-07-04 dir-down (1)
move player-01 pos-07-03 pos-06-03 dir-left (0)
move player-01 pos-06-03 pos-06-04 dir-down (0)
move player-01 pos-06-04 pos-06-05 dir-down (0)
move player-01 pos-06-05 pos-06-06 dir-down (0)
move player-01 pos-06-06 pos-06-07 dir-down (0)
move player-01 pos-06-07 pos-06-08 dir-down (0)
move player-01 pos-06-08 pos-07-08 dir-right (0)
move player-01 pos-07-08 pos-08-08 dir-right (0)
move player-01 pos-08-08 pos-09-08 dir-right (0)
push-to-nongoal player-01 stone-02 pos-09-08 pos-10-08 pos-11-08 dir-right (1)
push-to-nongoal player-01 stone-02 pos-10-08 pos-11-08 pos-12-08 dir-right (1)
move player-01 pos-11-08 pos-11-07 dir-up (0)
move player-01 pos-11-07 pos-11-06 dir-up (0)
move player-01 pos-11-06 pos-12-06 dir-right (0)
move player-01 pos-12-06 pos-13-06 dir-right (0)
move player-01 pos-13-06 pos-13-07 dir-down (0)
move player-01 pos-13-07 pos-13-08 dir-down (0)
push-to-nongoal player-01 stone-02 pos-13-08 pos-12-08 pos-11-08 dir-left (1)
move player-01 pos-12-08 pos-12-09 dir-down (0)
move player-01 pos-12-09 pos-11-09 dir-left (0)
push-to-nongoal player-01 stone-02 pos-11-09 pos-11-08 pos-11-07 dir-up (1)
move player-01 pos-11-08 pos-10-08 dir-left (0)
move player-01 pos-10-08 pos-09-08 dir-left (0)
move player-01 pos-09-08 pos-08-08 dir-left (0)
move player-01 pos-08-08 pos-07-08 dir-left (0)
move player-01 pos-07-08 pos-06-08 dir-left (0)
move player-01 pos-06-08 pos-06-07 dir-up (0)
move player-01 pos-06-07 pos-06-06 dir-up (0)
move player-01 pos-06-06 pos-06-05 dir-up (0)
move player-01 pos-06-05 pos-07-05 dir-right (0)
move player-01 pos-07-05 pos-08-05 dir-right (0)
move player-01 pos-08-05 pos-08-06 dir-down (0)
push-to-nongoal player-01 stone-03 pos-08-06 pos-08-07 pos-08-08 dir-down (1)
move player-01 pos-08-07 pos-08-06 dir-up (0)
move player-01 pos-08-06 pos-08-05 dir-up (0)
move player-01 pos-08-05 pos-07-05 dir-left (0)
move player-01 pos-07-05 pos-06-05 dir-left (0)
move player-01 pos-06-05 pos-06-06 dir-down (0)
move player-01 pos-06-06 pos-06-07 dir-down (0)
move player-01 pos-06-07 pos-06-08 dir-down (0)
move player-01 pos-06-08 pos-07-08 dir-right (0)
push-to-nongoal player-01 stone-03 pos-07-08 pos-08-08 pos-09-08 dir-right (1)
move player-01 pos-08-08 pos-07-08 dir-left (0)
move player-01 pos-07-08 pos-06-08 dir-left (0)
move player-01 pos-06-08 pos-06-07 dir-up (0)
move player-01 pos-06-07 pos-06-06 dir-up (0)
move player-01 pos-06-06 pos-06-05 dir-up (0)
move player-01 pos-06-05 pos-06-04 dir-up (0)
move player-01 pos-06-04 pos-06-03 dir-up (0)
move player-01 pos-06-03 pos-07-03 dir-right (0)
push-to-nongoal player-01 stone-01 pos-07-03 pos-07-04 pos-07-05 dir-down (1)
move player-01 pos-07-04 pos-06-04 dir-left (0)
move player-01 pos-06-04 pos-06-05 dir-down (0)
move player-01 pos-06-05 pos-06-06 dir-down (0)
push-to-nongoal player-01 stone-04 pos-06-06 pos-07-06 pos-08-06 dir-right (1)
move player-01 pos-07-06 pos-06-06 dir-left (0)
move player-01 pos-06-06 pos-06-05 dir-up (0)
move player-01 pos-06-05 pos-06-04 dir-up (0)
move player-01 pos-06-04 pos-07-04 dir-right (0)
push-to-nongoal player-01 stone-01 pos-07-04 pos-07-05 pos-07-06 dir-down (1)
move player-01 pos-07-05 pos-06-05 dir-left (0)
move player-01 pos-06-05 pos-06-06 dir-down (0)
move player-01 pos-06-06 pos-06-07 dir-down (0)
move player-01 pos-06-07 pos-06-08 dir-down (0)
move player-01 pos-06-08 pos-07-08 dir-right (0)
move player-01 pos-07-08 pos-07-09 dir-down (0)
move player-01 pos-07-09 pos-07-10 dir-down (0)
move player-01 pos-07-10 pos-06-10 dir-left (0)
push-to-nongoal player-01 stone-05 pos-06-10 pos-06-09 pos-06-08 dir-up (1)
push-to-nongoal player-01 stone-05 pos-06-09 pos-06-08 pos-06-07 dir-up (1)
push-to-nongoal player-01 stone-05 pos-06-08 pos-06-07 pos-06-06 dir-up (1)
push-to-nongoal player-01 stone-05 pos-06-07 pos-06-06 pos-06-05 dir-up (1)
push-to-nongoal player-01 stone-05 pos-06-06 pos-06-05 pos-06-04 dir-up (1)
push-to-nongoal player-01 stone-05 pos-06-05 pos-06-04 pos-06-03 dir-up (1)
move player-01 pos-06-04 pos-07-04 dir-right (0)
move player-01 pos-07-04 pos-07-05 dir-down (0)
move player-01 pos-07-05 pos-08-05 dir-right (0)
push-to-nongoal player-01 stone-04 pos-08-05 pos-08-06 pos-08-07 dir-down (1)
move player-01 pos-08-06 pos-08-05 dir-up (0)
move player-01 pos-08-05 pos-07-05 dir-left (0)
move player-01 pos-07-05 pos-07-04 dir-up (0)
move player-01 pos-07-04 pos-07-03 dir-up (0)
move player-01 pos-07-03 pos-07-02 dir-up (0)
move player-01 pos-07-02 pos-06-02 dir-left (0)
move player-01 pos-06-02 pos-05-02 dir-left (0)
move player-01 pos-05-02 pos-05-03 dir-down (0)
push-to-nongoal player-01 stone-05 pos-05-03 pos-06-03 pos-07-03 dir-right (1)
move player-01 pos-06-03 pos-06-02 dir-up (0)
move player-01 pos-06-02 pos-07-02 dir-right (0)
push-to-nongoal player-01 stone-05 pos-07-02 pos-07-03 pos-07-04 dir-down (1)
move player-01 pos-07-03 pos-06-03 dir-left (0)
move player-01 pos-06-03 pos-06-04 dir-down (0)
move player-01 pos-06-04 pos-06-05 dir-down (0)
move player-01 pos-06-05 pos-06-06 dir-down (0)
move player-01 pos-06-06 pos-06-07 dir-down (0)
move player-01 pos-06-07 pos-06-08 dir-down (0)
move player-01 pos-06-08 pos-07-08 dir-right (0)
move player-01 pos-07-08 pos-08-08 dir-right (0)
push-to-nongoal player-01 stone-03 pos-08-08 pos-09-08 pos-10-08 dir-right (1)
push-to-nongoal player-01 stone-03 pos-09-08 pos-10-08 pos-11-08 dir-right (1)
push-to-nongoal player-01 stone-03 pos-10-08 pos-11-08 pos-12-08 dir-right (1)
push-to-nongoal player-01 stone-02 pos-11-08 pos-11-07 pos-11-06 dir-up (1)
push-to-goal player-01 stone-02 pos-11-07 pos-11-06 pos-11-05 dir-up (1)
move player-01 pos-11-06 pos-12-06 dir-right (0)
move player-01 pos-12-06 pos-13-06 dir-right (0)
move player-01 pos-13-06 pos-13-07 dir-down (0)
move player-01 pos-13-07 pos-13-08 dir-down (0)
push-to-nongoal player-01 stone-03 pos-13-08 pos-12-08 pos-11-08 dir-left (1)
move player-01 pos-12-08 pos-12-09 dir-down (0)
move player-01 pos-12-09 pos-11-09 dir-left (0)
push-to-nongoal player-01 stone-03 pos-11-09 pos-11-08 pos-11-07 dir-up (1)
push-to-nongoal player-01 stone-03 pos-11-08 pos-11-07 pos-11-06 dir-up (1)
move player-01 pos-11-07 pos-11-08 dir-down (0)
move player-01 pos-11-08 pos-12-08 dir-right (0)
move player-01 pos-12-08 pos-13-08 dir-right (0)
move player-01 pos-13-08 pos-13-07 dir-up (0)
move player-01 pos-13-07 pos-13-06 dir-up (0)
move player-01 pos-13-06 pos-12-06 dir-left (0)
move player-01 pos-12-06 pos-12-05 dir-up (0)
move player-01 pos-12-05 pos-12-04 dir-up (0)
move player-01 pos-12-04 pos-11-04 dir-left (0)
move player-01 pos-11-04 pos-10-04 dir-left (0)
move player-01 pos-10-04 pos-10-05 dir-down (0)
move player-01 pos-10-05 pos-10-06 dir-down (0)
push-to-goal player-01 stone-03 pos-10-06 pos-11-06 pos-12-06 dir-right (1)
move player-01 pos-11-06 pos-11-07 dir-down (0)
move player-01 pos-11-07 pos-11-08 dir-down (0)
move player-01 pos-11-08 pos-10-08 dir-left (0)
move player-01 pos-10-08 pos-09-08 dir-left (0)
move player-01 pos-09-08 pos-08-08 dir-left (0)
move player-01 pos-08-08 pos-07-08 dir-left (0)
move player-01 pos-07-08 pos-06-08 dir-left (0)
move player-01 pos-06-08 pos-06-07 dir-up (0)
move player-01 pos-06-07 pos-06-06 dir-up (0)
move player-01 pos-06-06 pos-06-05 dir-up (0)
move player-01 pos-06-05 pos-07-05 dir-right (0)
move player-01 pos-07-05 pos-08-05 dir-right (0)
move player-01 pos-08-05 pos-08-06 dir-down (0)
push-to-nongoal player-01 stone-04 pos-08-06 pos-08-07 pos-08-08 dir-down (1)
move player-01 pos-08-07 pos-08-06 dir-up (0)
move player-01 pos-08-06 pos-08-05 dir-up (0)
move player-01 pos-08-05 pos-07-05 dir-left (0)
move player-01 pos-07-05 pos-06-05 dir-left (0)
move player-01 pos-06-05 pos-06-06 dir-down (0)
push-to-nongoal player-01 stone-01 pos-06-06 pos-07-06 pos-08-06 dir-right (1)
move player-01 pos-07-06 pos-06-06 dir-left (0)
move player-01 pos-06-06 pos-06-07 dir-down (0)
move player-01 pos-06-07 pos-06-08 dir-down (0)
move player-01 pos-06-08 pos-07-08 dir-right (0)
push-to-nongoal player-01 stone-04 pos-07-08 pos-08-08 pos-09-08 dir-right (1)
push-to-nongoal player-01 stone-04 pos-08-08 pos-09-08 pos-10-08 dir-right (1)
move player-01 pos-09-08 pos-08-08 dir-left (0)
move player-01 pos-08-08 pos-07-08 dir-left (0)
move player-01 pos-07-08 pos-06-08 dir-left (0)
move player-01 pos-06-08 pos-06-07 dir-up (0)
move player-01 pos-06-07 pos-06-06 dir-up (0)
move player-01 pos-06-06 pos-07-06 dir-right (0)
move player-01 pos-07-06 pos-07-05 dir-up (0)
move player-01 pos-07-05 pos-08-05 dir-right (0)
push-to-nongoal player-01 stone-01 pos-08-05 pos-08-06 pos-08-07 dir-down (1)
move player-01 pos-08-06 pos-07-06 dir-left (0)
move player-01 pos-07-06 pos-07-05 dir-up (0)
move player-01 pos-07-05 pos-06-05 dir-left (0)
move player-01 pos-06-05 pos-06-04 dir-up (0)
move player-01 pos-06-04 pos-06-03 dir-up (0)
move player-01 pos-06-03 pos-07-03 dir-right (0)
push-to-nongoal player-01 stone-05 pos-07-03 pos-07-04 pos-07-05 dir-down (1)
push-to-nongoal player-01 stone-05 pos-07-04 pos-07-05 pos-07-06 dir-down (1)
move player-01 pos-07-05 pos-06-05 dir-left (0)
move player-01 pos-06-05 pos-06-06 dir-down (0)
move player-01 pos-06-06 pos-06-07 dir-down (0)
move player-01 pos-06-07 pos-06-08 dir-down (0)
move player-01 pos-06-08 pos-07-08 dir-right (0)
move player-01 pos-07-08 pos-08-08 dir-right (0)
move player-01 pos-08-08 pos-09-08 dir-right (0)
push-to-nongoal player-01 stone-04 pos-09-08 pos-10-08 pos-11-08 dir-right (1)
push-to-nongoal player-01 stone-04 pos-10-08 pos-11-08 pos-12-08 dir-right (1)
move player-01 pos-11-08 pos-11-07 dir-up (0)
move player-01 pos-11-07 pos-11-06 dir-up (0)
move player-01 pos-11-06 pos-10-06 dir-left (0)
move player-01 pos-10-06 pos-10-05 dir-up (0)
move player-01 pos-10-05 pos-10-04 dir-up (0)
move player-01 pos-10-04 pos-11-04 dir-right (0)
move player-01 pos-11-04 pos-12-04 dir-right (0)
move player-01 pos-12-04 pos-12-05 dir-down (0)
move player-01 pos-12-05 pos-13-05 dir-right (0)
move player-01 pos-13-05 pos-13-06 dir-down (0)
move player-01 pos-13-06 pos-13-07 dir-down (0)
move player-01 pos-13-07 pos-13-08 dir-down (0)
push-to-nongoal player-01 stone-04 pos-13-08 pos-12-08 pos-11-08 dir-left (1)
move player-01 pos-12-08 pos-12-09 dir-down (0)
move player-01 pos-12-09 pos-11-09 dir-left (0)
push-to-nongoal player-01 stone-04 pos-11-09 pos-11-08 pos-11-07 dir-up (1)
move player-01 pos-11-08 pos-12-08 dir-right (0)
move player-01 pos-12-08 pos-13-08 dir-right (0)
move player-01 pos-13-08 pos-13-07 dir-up (0)
move player-01 pos-13-07 pos-13-06 dir-up (0)
move player-01 pos-13-06 pos-13-05 dir-up (0)
move player-01 pos-13-05 pos-12-05 dir-left (0)
push-to-nongoal player-01 stone-02 pos-12-05 pos-11-05 pos-10-05 dir-left (1)
move player-01 pos-11-05 pos-11-04 dir-up (0)
move player-01 pos-11-04 pos-10-04 dir-left (0)
push-to-goal player-01 stone-02 pos-10-04 pos-10-05 pos-10-06 dir-down (1)
move player-01 pos-10-05 pos-11-05 dir-right (0)
move player-01 pos-11-05 pos-12-05 dir-right (0)
move player-01 pos-12-05 pos-13-05 dir-right (0)
move player-01 pos-13-05 pos-13-06 dir-down (0)
move player-01 pos-13-06 pos-13-07 dir-down (0)
move player-01 pos-13-07 pos-13-08 dir-down (0)
move player-01 pos-13-08 pos-12-08 dir-left (0)
move player-01 pos-12-08 pos-11-08 dir-left (0)
move player-01 pos-11-08 pos-10-08 dir-left (0)
move player-01 pos-10-08 pos-09-08 dir-left (0)
move player-01 pos-09-08 pos-08-08 dir-left (0)
move player-01 pos-08-08 pos-07-08 dir-left (0)
move player-01 pos-07-08 pos-06-08 dir-left (0)
move player-01 pos-06-08 pos-06-07 dir-up (0)
move player-01 pos-06-07 pos-06-06 dir-up (0)
move player-01 pos-06-06 pos-06-05 dir-up (0)
move player-01 pos-06-05 pos-07-05 dir-right (0)
move player-01 pos-07-05 pos-08-05 dir-right (0)
move player-01 pos-08-05 pos-08-06 dir-down (0)
push-to-nongoal player-01 stone-01 pos-08-06 pos-08-07 pos-08-08 dir-down (1)
move player-01 pos-08-07 pos-08-06 dir-up (0)
move player-01 pos-08-06 pos-08-05 dir-up (0)
move player-01 pos-08-05 pos-07-05 dir-left (0)
move player-01 pos-07-05 pos-06-05 dir-left (0)
move player-01 pos-06-05 pos-06-06 dir-down (0)
push-to-nongoal player-01 stone-05 pos-06-06 pos-07-06 pos-08-06 dir-right (1)
move player-01 pos-07-06 pos-07-05 dir-up (0)
move player-01 pos-07-05 pos-08-05 dir-right (0)
push-to-nongoal player-01 stone-05 pos-08-05 pos-08-06 pos-08-07 dir-down (1)
move player-01 pos-08-06 pos-07-06 dir-left (0)
move player-01 pos-07-06 pos-06-06 dir-left (0)
move player-01 pos-06-06 pos-06-07 dir-down (0)
move player-01 pos-06-07 pos-06-08 dir-down (0)
move player-01 pos-06-08 pos-07-08 dir-right (0)
push-to-nongoal player-01 stone-01 pos-07-08 pos-08-08 pos-09-08 dir-right (1)
push-to-nongoal player-01 stone-01 pos-08-08 pos-09-08 pos-10-08 dir-right (1)
push-to-nongoal player-01 stone-01 pos-09-08 pos-10-08 pos-11-08 dir-right (1)
push-to-nongoal player-01 stone-01 pos-10-08 pos-11-08 pos-12-08 dir-right (1)
push-to-nongoal player-01 stone-04 pos-11-08 pos-11-07 pos-11-06 dir-up (1)
push-to-goal player-01 stone-04 pos-11-07 pos-11-06 pos-11-05 dir-up (1)
push-to-nongoal player-01 stone-04 pos-11-06 pos-11-05 pos-11-04 dir-up (1)
move player-01 pos-11-05 pos-10-05 dir-left (0)
move player-01 pos-10-05 pos-10-04 dir-up (0)
push-to-goal player-01 stone-04 pos-10-04 pos-11-04 pos-12-04 dir-right (1)
move player-01 pos-11-04 pos-11-05 dir-down (0)
move player-01 pos-11-05 pos-12-05 dir-right (0)
move player-01 pos-12-05 pos-13-05 dir-right (0)
move player-01 pos-13-05 pos-13-06 dir-down (0)
move player-01 pos-13-06 pos-13-07 dir-down (0)
move player-01 pos-13-07 pos-13-08 dir-down (0)
push-to-nongoal player-01 stone-01 pos-13-08 pos-12-08 pos-11-08 dir-left (1)
move player-01 pos-12-08 pos-12-09 dir-down (0)
move player-01 pos-12-09 pos-11-09 dir-left (0)
push-to-nongoal player-01 stone-01 pos-11-09 pos-11-08 pos-11-07 dir-up (1)
move player-01 pos-11-08 pos-12-08 dir-right (0)
move player-01 pos-12-08 pos-13-08 dir-right (0)
move player-01 pos-13-08 pos-13-07 dir-up (0)
move player-01 pos-13-07 pos-13-06 dir-up (0)
move player-01 pos-13-06 pos-13-05 dir-up (0)
move player-01 pos-13-05 pos-12-05 dir-left (0)
move player-01 pos-12-05 pos-11-05 dir-left (0)
move player-01 pos-11-05 pos-11-04 dir-up (0)
push-to-nongoal player-01 stone-04 pos-11-04 pos-12-04 pos-13-04 dir-right (1)
move player-01 pos-12-04 pos-12-05 dir-down (0)
move player-01 pos-12-05 pos-13-05 dir-right (0)
move player-01 pos-13-05 pos-13-06 dir-down (0)
move player-01 pos-13-06 pos-13-07 dir-down (0)
move player-01 pos-13-07 pos-13-08 dir-down (0)
move player-01 pos-13-08 pos-12-08 dir-left (0)
move player-01 pos-12-08 pos-11-08 dir-left (0)
move player-01 pos-11-08 pos-10-08 dir-left (0)
move player-01 pos-10-08 pos-09-08 dir-left (0)
move player-01 pos-09-08 pos-08-08 dir-left (0)
move player-01 pos-08-08 pos-07-08 dir-left (0)
move player-01 pos-07-08 pos-06-08 dir-left (0)
move player-01 pos-06-08 pos-06-07 dir-up (0)
move player-01 pos-06-07 pos-06-06 dir-up (0)
move player-01 pos-06-06 pos-07-06 dir-right (0)
move player-01 pos-07-06 pos-08-06 dir-right (0)
push-to-nongoal player-01 stone-05 pos-08-06 pos-08-07 pos-08-08 dir-down (1)
move player-01 pos-08-07 pos-08-06 dir-up (0)
move player-01 pos-08-06 pos-07-06 dir-left (0)
move player-01 pos-07-06 pos-06-06 dir-left (0)
move player-01 pos-06-06 pos-06-07 dir-down (0)
move player-01 pos-06-07 pos-06-08 dir-down (0)
move player-01 pos-06-08 pos-07-08 dir-right (0)
push-to-nongoal player-01 stone-05 pos-07-08 pos-08-08 pos-09-08 dir-right (1)
push-to-nongoal player-01 stone-05 pos-08-08 pos-09-08 pos-10-08 dir-right (1)
push-to-nongoal player-01 stone-05 pos-09-08 pos-10-08 pos-11-08 dir-right (1)
push-to-nongoal player-01 stone-05 pos-10-08 pos-11-08 pos-12-08 dir-right (1)
push-to-nongoal player-01 stone-01 pos-11-08 pos-11-07 pos-11-06 dir-up (1)
push-to-goal player-01 stone-01 pos-11-07 pos-11-06 pos-11-05 dir-up (1)
push-to-nongoal player-01 stone-01 pos-11-06 pos-11-05 pos-11-04 dir-up (1)
move player-01 pos-11-05 pos-12-05 dir-right (0)
move player-01 pos-12-05 pos-12-04 dir-up (0)
push-to-goal player-01 stone-01 pos-12-04 pos-11-04 pos-10-04 dir-left (1)
move player-01 pos-11-04 pos-11-05 dir-down (0)
move player-01 pos-11-05 pos-12-05 dir-right (0)
move player-01 pos-12-05 pos-13-05 dir-right (0)
move player-01 pos-13-05 pos-14-05 dir-right (0)
move player-01 pos-14-05 pos-14-04 dir-up (0)
push-to-goal player-01 stone-04 pos-14-04 pos-13-04 pos-12-04 dir-left (1)
move player-01 pos-13-04 pos-13-05 dir-down (0)
move player-01 pos-13-05 pos-13-06 dir-down (0)
move player-01 pos-13-06 pos-13-07 dir-down (0)
move player-01 pos-13-07 pos-13-08 dir-down (0)
push-to-nongoal player-01 stone-05 pos-13-08 pos-12-08 pos-11-08 dir-left (1)
move player-01 pos-12-08 pos-12-09 dir-down (0)
move player-01 pos-12-09 pos-11-09 dir-left (0)
push-to-nongoal player-01 stone-05 pos-11-09 pos-11-08 pos-11-07 dir-up (1)
push-to-nongoal player-01 stone-05 pos-11-08 pos-11-07 pos-11-06 dir-up (1)
push-to-goal player-01 stone-05 pos-11-07 pos-11-06 pos-11-05 dir-up (1)
[t=167.591s, 37660 KB] Plan length: 470 step(s).
[t=167.591s, 37660 KB] Plan cost: 103
[t=167.591s, 37660 KB] Solution: Incumbent solution found!
[t=167.591s, 37660 KB] Solution Timestep: 1681962412641 millisecond(s).
[t=167.591s, 37660 KB] Timestamp: 1681962412641 millisecond(s).
[t=167.591s, 37660 KB] Expanded 753654 state(s).
[t=167.591s, 37660 KB] Reopened 238169 state(s).
[t=167.591s, 37660 KB] Evaluated 527386 state(s).
[t=167.591s, 37660 KB] Evaluations: 556354
[t=167.591s, 37660 KB] Generated 2001192 state(s).
[t=167.591s, 37660 KB] Dead ends: 0 state(s).
[t=167.591s, 37660 KB] Number of registered states: 556354
[t=167.591s, 37660 KB] Int hash set load factor: 556354/1048576 = 0.530581
[t=167.591s, 37660 KB] Int hash set resizes: 20
Peak memory: 143924 KB
caught signal 24 -- exiting
Time limit has been reached.
Remove intermediate file output.sas
search exit code: 23

Driver aborting after search
INFO     Planner time: 596.87s
