INFO     planner time limit: 300s
INFO     planner memory limit: 3584 MB

INFO     Running translator.
INFO     translator stdin: None
INFO     translator time limit: 299s
INFO     translator memory limit: 3584 MB
INFO     translator command line string: /usr/local/downward-projects/downward/experiments/.venv/bin/python3 /usr/local/downward-projects/downward/experiments/src/thesis/data/thesis-thesis_exp/code-d93485cdd92f65ede2ae3573b3f4adda0b49e4fd_e5e41175/builds/release/bin/translate/translate.py domain.pddl problem.pddl --sas-file output.sas
Parsing...
Parsing: [0.060s CPU, 0.060s wall-clock]
Normalizing task... [0.000s CPU, 0.003s wall-clock]
Instantiating...
Generating Datalog program... [0.040s CPU, 0.045s wall-clock]
Normalizing Datalog program...
Normalizing Datalog program: [0.000s CPU, 0.003s wall-clock]
Preparing model... [0.100s CPU, 0.099s wall-clock]
Generated 6 rules.
Computing model... [0.220s CPU, 0.223s wall-clock]
33406 relevant atoms
12801 auxiliary atoms
46207 final queue length
61407 total queue pushes
Completing instantiation... [0.330s CPU, 0.323s wall-clock]
Instantiating: [0.710s CPU, 0.711s wall-clock]
Computing fact groups...
Finding invariants...
4 initial candidates
Finding invariants: [0.000s CPU, 0.002s wall-clock]
Checking invariant weight... [0.010s CPU, 0.004s wall-clock]
Instantiating groups... [0.000s CPU, 0.005s wall-clock]
Collecting mutex groups... [0.010s CPU, 0.004s wall-clock]
Choosing groups...
2601 uncovered facts
Choosing groups: [0.010s CPU, 0.008s wall-clock]
Building translation key... [0.010s CPU, 0.008s wall-clock]
Computing fact groups: [0.060s CPU, 0.064s wall-clock]
Building STRIPS to SAS dictionary... [0.010s CPU, 0.006s wall-clock]
Building dictionary for full mutex groups... [0.000s CPU, 0.004s wall-clock]
Building mutex information...
Building mutex information: [0.010s CPU, 0.003s wall-clock]
Translating task...
Processing axioms...
Simplifying axioms... [0.000s CPU, 0.000s wall-clock]
Translator axioms removed by simplifying: 0
Computing negative axioms... [0.000s CPU, 0.000s wall-clock]
Processing axioms: [0.010s CPU, 0.011s wall-clock]
Translating task: [0.250s CPU, 0.259s wall-clock]
0 effect conditions simplified
0 implied preconditions added
Detecting unreachable propositions...
0 operators removed
0 axioms removed
3 propositions removed
Detecting unreachable propositions: [0.230s CPU, 0.221s wall-clock]
Reordering and filtering variables...
2601 of 2601 variables necessary.
0 of 1 mutex groups necessary.
10200 of 10200 operators necessary.
0 of 0 axiom rules necessary.
Reordering and filtering variables: [0.040s CPU, 0.038s wall-clock]
Translator variables: 2601
Translator derived variables: 0
Translator facts: 7801
Translator goal facts: 2600
Translator mutex groups: 0
Translator total mutex groups size: 0
Translator operators: 10200
Translator axioms: 0
Translator task size: 53798
Translator peak memory: 77532 KB
Writing output... [0.050s CPU, 0.049s wall-clock]
Done! [1.430s CPU, 1.438s wall-clock]
translate exit code: 0

INFO     Running search (release).
INFO     search stdin: output.sas
INFO     search time limit: 298s
INFO     search memory limit: 3584 MB
INFO     search command line string: /usr/local/downward-projects/downward/experiments/src/thesis/data/thesis-thesis_exp/code-d93485cdd92f65ede2ae3573b3f4adda0b49e4fd_e5e41175/builds/release/bin/downward --evaluator 'h=ff()' --search 'eager( alt( [lwm_intra_explore_type(h), single(h)] ) )' --internal-plan-file sas_plan < output.sas
[t=0.00213297s, 11364 KB] reading input...
[t=0.0380848s, 15276 KB] done reading input!
[t=0.0420304s, 16476 KB] Simplifying 20396 unary operators... done! [20396 unary operators]
[t=0.0513226s, 18356 KB] time to simplify: 0.00929229s
[t=0.0526597s, 18356 KB] Initializing additive heuristic...
[t=0.0531267s, 18356 KB] Initializing FF heuristic...
[t=0.0531547s, 18356 KB] Building successor generator...done!
[t=0.0549229s, 18356 KB] peak memory difference for successor generator creation: 0 KB
[t=0.0549883s, 18356 KB] time for successor generation creation: 0.000498453s
[t=0.0550129s, 18356 KB] Variables: 2601
[t=0.0552034s, 18356 KB] FactPairs: 7801
[t=0.0552273s, 18356 KB] Bytes per state: 328
[t=0.0552505s, 18356 KB] Conducting best first search without reopening closed nodes, (real) bound = 2147483647
[t=0.0553153s, 18356 KB] New best heuristic value for ff(): 2600
[t=0.0559274s, 18356 KB] g=0, 1 evaluated, 0 expanded
[t=0.0559545s, 18356 KB] Initial heuristic value for ff(): 2600
[t=0.0559894s, 18356 KB] pruning method: none
[t=0.0560134s, 18356 KB] Start Timestep: 1687935079278 millisecond(s).
[t=0.0576896s, 18356 KB] New best heuristic value for ff(): 2599
[t=0.0584863s, 18356 KB] g=2, 7 evaluated, 2 expanded
[t=0.073649s, 18356 KB] New best heuristic value for ff(): 2598
[t=0.07526s, 18356 KB] g=6, 52 evaluated, 14 expanded
[t=0.0933669s, 18356 KB] New best heuristic value for ff(): 2597
[t=0.0944266s, 18356 KB] g=9, 103 evaluated, 28 expanded
[t=0.117286s, 18356 KB] New best heuristic value for ff(): 2596
[t=0.118005s, 18356 KB] g=11, 166 evaluated, 45 expanded
[t=0.185082s, 18356 KB] New best heuristic value for ff(): 2595
[t=0.186501s, 18356 KB] g=15, 350 evaluated, 100 expanded
[t=0.360973s, 18356 KB] New best heuristic value for ff(): 2594
[t=0.361798s, 18356 KB] g=21, 822 evaluated, 250 expanded
[t=0.444847s, 18356 KB] New best heuristic value for ff(): 2593
[t=0.445518s, 18356 KB] g=31, 1047 evaluated, 321 expanded
[t=0.488764s, 18356 KB] New best heuristic value for ff(): 2592
[t=0.490605s, 18356 KB] g=35, 1169 evaluated, 360 expanded
[t=0.792564s, 18356 KB] New best heuristic value for ff(): 2591
[t=0.795629s, 18356 KB] g=39, 1992 evaluated, 619 expanded
[t=1.30038s, 18356 KB] New best heuristic value for ff(): 2590
[t=1.30433s, 18356 KB] g=51, 3353 evaluated, 1050 expanded
[t=1.68417s, 18732 KB] New best heuristic value for ff(): 2589
[t=1.6866s, 18732 KB] g=55, 4374 evaluated, 1383 expanded
[t=2.20793s, 19392 KB] New best heuristic value for ff(): 2588
[t=2.20946s, 19392 KB] g=67, 5768 evaluated, 1851 expanded
[t=2.73569s, 19972 KB] New best heuristic value for ff(): 2587
[t=2.73783s, 19972 KB] g=97, 7189 evaluated, 2294 expanded
[t=3.62748s, 20968 KB] New best heuristic value for ff(): 2586
[t=3.62941s, 20968 KB] g=108, 9557 evaluated, 3053 expanded
[t=4.31101s, 22028 KB] New best heuristic value for ff(): 2585
[t=4.31218s, 22028 KB] g=122, 11405 evaluated, 3683 expanded
[t=5.25469s, 23112 KB] New best heuristic value for ff(): 2584
[t=5.25675s, 23112 KB] g=145, 13964 evaluated, 4649 expanded
[t=7.82599s, 26788 KB] New best heuristic value for ff(): 2583
[t=7.82788s, 26788 KB] g=174, 20943 evaluated, 7321 expanded
[t=13.172s, 32780 KB] New best heuristic value for ff(): 2582
[t=13.1743s, 32780 KB] g=194, 35446 evaluated, 13027 expanded
[t=13.7678s, 33444 KB] New best heuristic value for ff(): 2581
[t=13.7698s, 33444 KB] g=200, 37015 evaluated, 13594 expanded
[t=14.0956s, 33848 KB] New best heuristic value for ff(): 2580
[t=14.0982s, 33848 KB] g=216, 37897 evaluated, 13895 expanded
[t=14.1915s, 33848 KB] New best heuristic value for ff(): 2579
[t=14.1945s, 33848 KB] g=220, 38155 evaluated, 13983 expanded
[t=15.3992s, 37108 KB] New best heuristic value for ff(): 2578
[t=15.4018s, 37108 KB] g=258, 41395 evaluated, 15105 expanded
[t=15.4471s, 37108 KB] New best heuristic value for ff(): 2577
[t=15.4498s, 37108 KB] g=262, 41524 evaluated, 15151 expanded
[t=16.0749s, 37108 KB] New best heuristic value for ff(): 2576
[t=16.0763s, 37108 KB] g=289, 43223 evaluated, 15710 expanded
[t=17.0023s, 37956 KB] New best heuristic value for ff(): 2575
[t=17.0042s, 37956 KB] g=305, 45739 evaluated, 16528 expanded
[t=19.5093s, 41428 KB] New best heuristic value for ff(): 2574
[t=19.5123s, 41428 KB] g=352, 52521 evaluated, 18768 expanded
[t=20.1848s, 41836 KB] New best heuristic value for ff(): 2573
[t=20.1888s, 41836 KB] g=358, 54351 evaluated, 19371 expanded
[t=20.2927s, 41968 KB] New best heuristic value for ff(): 2572
[t=20.296s, 41968 KB] g=362, 54638 evaluated, 19471 expanded
[t=20.8844s, 42500 KB] New best heuristic value for ff(): 2571
[t=20.8869s, 42500 KB] g=389, 56227 evaluated, 20040 expanded
[t=21.7639s, 43572 KB] New best heuristic value for ff(): 2570
[t=21.764s, 43572 KB] g=410, 58591 evaluated, 20913 expanded
[t=21.7998s, 43572 KB] New best heuristic value for ff(): 2569
[t=21.8008s, 43572 KB] g=416, 58690 evaluated, 20944 expanded
[t=23.3313s, 45768 KB] New best heuristic value for ff(): 2568
[t=23.3342s, 45768 KB] g=452, 62853 evaluated, 22483 expanded
[t=24.1309s, 46588 KB] New best heuristic value for ff(): 2567
[t=24.1314s, 46588 KB] g=482, 65013 evaluated, 23276 expanded
[t=29.2012s, 52088 KB] New best heuristic value for ff(): 2566
[t=29.2025s, 52088 KB] g=508, 78660 evaluated, 28649 expanded
[t=31.5434s, 57660 KB] New best heuristic value for ff(): 2565
[t=31.5471s, 57660 KB] g=557, 84992 evaluated, 31178 expanded
[t=35.0214s, 60420 KB] New best heuristic value for ff(): 2564
[t=35.0236s, 60420 KB] g=587, 94484 evaluated, 34953 expanded
[t=42.9782s, 70864 KB] New best heuristic value for ff(): 2563
[t=42.979s, 70864 KB] g=597, 116123 evaluated, 43823 expanded
[t=207.528s, 275416 KB] New best heuristic value for ff(): 2562
[t=207.528s, 275416 KB] g=675, 571312 evaluated, 236199 expanded
Peak memory: 391772 KB
caught signal 24 -- exiting
Time limit has been reached.
Remove intermediate file output.sas
search exit code: 23

Driver aborting after search
INFO     Planner time: 299.47s
