INFO     planner time limit: 600s
INFO     planner memory limit: 3584 MB

INFO     Running translator.
INFO     translator stdin: None
INFO     translator time limit: 599s
INFO     translator memory limit: 3584 MB
INFO     translator command line string: /usr/local/downward-projects/downward/experiments/src/thesis/.venv/bin/python3 /usr/local/downward-projects/downward/experiments/src/thesis/data/thesis-thesis_exp/code-84c08dfff1890fbf6247184940c8166177195ea1_e5e41175/builds/release/bin/translate/translate.py domain.pddl problem.pddl --sas-file output.sas
Parsing...
Parsing: [0.000s CPU, 0.002s wall-clock]
Normalizing task... [0.000s CPU, 0.000s wall-clock]
Instantiating...
Generating Datalog program... [0.000s CPU, 0.000s wall-clock]
Normalizing Datalog program...
Normalizing Datalog program: [0.010s CPU, 0.002s wall-clock]
Preparing model... [0.000s CPU, 0.001s wall-clock]
Generated 51 rules.
Computing model... [0.360s CPU, 0.365s wall-clock]
32897 relevant atoms
6080 auxiliary atoms
38977 final queue length
186369 total queue pushes
Completing instantiation... [2.280s CPU, 2.276s wall-clock]
Instantiating: [2.660s CPU, 2.657s wall-clock]
Computing fact groups...
Finding invariants...
5 initial candidates
Finding invariants: [0.040s CPU, 0.039s wall-clock]
Checking invariant weight... [0.000s CPU, 0.000s wall-clock]
Instantiating groups... [0.000s CPU, 0.000s wall-clock]
Collecting mutex groups... [0.000s CPU, 0.000s wall-clock]
Choosing groups...
8 uncovered facts
Choosing groups: [0.000s CPU, 0.000s wall-clock]
Building translation key... [0.000s CPU, 0.000s wall-clock]
Computing fact groups: [0.040s CPU, 0.040s wall-clock]
Building STRIPS to SAS dictionary... [0.000s CPU, 0.000s wall-clock]
Building dictionary for full mutex groups... [0.000s CPU, 0.000s wall-clock]
Building mutex information...
Building mutex information: [0.000s CPU, 0.000s wall-clock]
Translating task...
Processing axioms...
Simplifying axioms... [0.000s CPU, 0.000s wall-clock]
Translator axioms removed by simplifying: 0
Computing negative axioms... [0.000s CPU, 0.000s wall-clock]
Processing axioms: [0.070s CPU, 0.063s wall-clock]
Translating task: [1.620s CPU, 1.625s wall-clock]
0 effect conditions simplified
0 implied preconditions added
Detecting unreachable propositions...
0 operators removed
0 axioms removed
8 propositions removed
Detecting unreachable propositions: [0.980s CPU, 0.984s wall-clock]
Reordering and filtering variables...
16 of 16 variables necessary.
0 of 8 mutex groups necessary.
32736 of 32736 operators necessary.
0 of 0 axiom rules necessary.
Reordering and filtering variables: [0.210s CPU, 0.219s wall-clock]
Translator variables: 16
Translator derived variables: 0
Translator facts: 80
Translator goal facts: 16
Translator mutex groups: 0
Translator total mutex groups size: 0
Translator operators: 32736
Translator axioms: 0
Translator task size: 294864
Translator peak memory: 232264 KB
Writing output... [0.200s CPU, 0.206s wall-clock]
Done! [5.810s CPU, 5.816s wall-clock]
translate exit code: 0

INFO     Running search (release).
INFO     search stdin: output.sas
INFO     search time limit: 594s
INFO     search memory limit: 3584 MB
INFO     search command line string: /usr/local/downward-projects/downward/experiments/src/thesis/data/thesis-thesis_exp/code-84c08dfff1890fbf6247184940c8166177195ea1_e5e41175/builds/release/bin/downward --evaluator 'h=ff()' --search 'eager(partition(h, hi_partition(), inter_uniform(), intra_uniform() )) ' --internal-plan-file sas_plan < output.sas
[t=0.00188468s, 11732 KB] reading input...
[t=0.145705s, 25496 KB] done reading input!
[t=0.16565s, 32596 KB] Simplifying 131072 unary operators... done! [73728 unary operators]
[t=0.289436s, 39236 KB] time to simplify: 0.131787s
[t=0.297532s, 39236 KB] Initializing additive heuristic...
[t=0.299576s, 39236 KB] Initializing FF heuristic...
[t=0.299604s, 39236 KB] Building successor generator...done!
[t=0.309236s, 39236 KB] peak memory difference for successor generator creation: 0 KB
[t=0.309354s, 39236 KB] time for successor generation creation: 0.0055884s
[t=0.309381s, 39236 KB] Variables: 16
[t=0.309413s, 39236 KB] FactPairs: 80
[t=0.309437s, 39236 KB] Bytes per state: 4
[t=0.30946s, 39236 KB] Conducting best first search without reopening closed nodes, (real) bound = 2147483647
[t=0.309527s, 39236 KB] New best heuristic value for ff(): 33
[t=0.311168s, 39236 KB] g=0, 1 evaluated, 0 expanded
[t=0.311195s, 39236 KB] Initial heuristic value for ff(): 33
[t=0.311225s, 39236 KB] pruning method: none
[t=0.311248s, 39236 KB] Start Timestep: 1693640746656 millisecond(s).
[t=0.311295s, 39236 KB] New best heuristic value for ff(): 28
[t=0.312277s, 39236 KB] g=3, 2 evaluated, 1 expanded
[t=0.317058s, 39236 KB] New best heuristic value for ff(): 23
[t=0.3193s, 39236 KB] g=6, 10 evaluated, 2 expanded
[t=0.364933s, 39236 KB] New best heuristic value for ff(): 21
[t=0.368509s, 39236 KB] g=16, 67 evaluated, 9 expanded
[t=0.396847s, 39236 KB] New best heuristic value for ff(): 15
[t=0.399904s, 39236 KB] g=19, 103 evaluated, 14 expanded
[t=0.568353s, 39236 KB] New best heuristic value for ff(): 12
[t=0.569399s, 39236 KB] g=15, 294 evaluated, 41 expanded
[t=0.759775s, 39236 KB] New best heuristic value for ff(): 8
[t=0.762057s, 39236 KB] g=18, 504 evaluated, 73 expanded
[t=0.963542s, 39236 KB] New best heuristic value for ff(): 7
[t=0.96639s, 39236 KB] g=22, 720 evaluated, 109 expanded
[t=1.81443s, 39236 KB] New best heuristic value for ff(): 5
[t=1.81466s, 39236 KB] g=24, 1553 evaluated, 246 expanded
[t=29.3383s, 39236 KB] New best heuristic value for ff(): 3
[t=29.3401s, 39236 KB] g=30, 13054 evaluated, 2371 expanded
[t=71.6514s, 39356 KB] New best heuristic value for ff(): 2
[t=71.6548s, 39356 KB] g=27, 20264 evaluated, 3775 expanded
[t=302.568s, 44372 KB] New best heuristic value for ff(): 0
[t=302.57s, 44372 KB] g=28, 38991 evaluated, 7586 expanded
Peak memory: 47284 KB
caught signal 24 -- exiting
Time limit has been reached.
Remove intermediate file output.sas
search exit code: 23

Driver aborting after search
INFO     Planner time: 599.65s
