INFO     planner time limit: 900s
INFO     planner memory limit: 3584 MB

INFO     Running translator.
INFO     translator stdin: None
INFO     translator time limit: 899s
INFO     translator memory limit: 3584 MB
INFO     translator command line string: /usr/local/downward-projects/downward/experiments/.venv/bin/python3 /usr/local/downward-projects/downward/experiments/src/thesis/data/thesis-thesis_exp/code-beb2e19b3d35a0ced2c328754445ca6967892fa8_e5e41175/builds/release/bin/translate/translate.py domain.pddl problem.pddl --sas-file output.sas
Parsing...
Parsing: [0.010s CPU, 0.006s wall-clock]
Normalizing task... [0.000s CPU, 0.000s wall-clock]
Instantiating...
Generating Datalog program... [0.000s CPU, 0.003s wall-clock]
Normalizing Datalog program...
Normalizing Datalog program: [0.000s CPU, 0.004s wall-clock]
Preparing model... [0.010s CPU, 0.007s wall-clock]
Generated 79 rules.
Computing model... [13.410s CPU, 13.543s wall-clock]
1022681 relevant atoms
263004 auxiliary atoms
1285685 final queue length
4270661 total queue pushes
Completing instantiation... [32.570s CPU, 32.890s wall-clock]
Instantiating: [46.550s CPU, 47.017s wall-clock]
Computing fact groups...
Finding invariants...
14 initial candidates
Finding invariants: [1.360s CPU, 1.371s wall-clock]
Checking invariant weight... [0.000s CPU, 0.000s wall-clock]
Instantiating groups... [0.000s CPU, 0.000s wall-clock]
Collecting mutex groups... [0.010s CPU, 0.011s wall-clock]
Choosing groups...
19816 uncovered facts
Choosing groups: [0.010s CPU, 0.008s wall-clock]
Building translation key... [0.060s CPU, 0.063s wall-clock]
Computing fact groups: [1.640s CPU, 1.660s wall-clock]
Building STRIPS to SAS dictionary... [0.030s CPU, 0.026s wall-clock]
Building dictionary for full mutex groups... [0.020s CPU, 0.023s wall-clock]
Building mutex information...
Building mutex information: [0.030s CPU, 0.025s wall-clock]
Translating task...
Processing axioms...
Simplifying axioms... [0.000s CPU, 0.000s wall-clock]
Translator axioms removed by simplifying: 0
Computing negative axioms... [0.000s CPU, 0.000s wall-clock]
Processing axioms: [0.510s CPU, 0.523s wall-clock]
Translating task: [19.410s CPU, 19.613s wall-clock]
903168 effect conditions simplified
0 implied preconditions added
Detecting unreachable propositions...
0 operators removed
0 axioms removed
0 propositions removed
Detecting unreachable propositions: [12.650s CPU, 12.778s wall-clock]
Reordering and filtering variables...
19816 of 19816 variables necessary.
0 of 0 mutex groups necessary.
358144 of 358144 operators necessary.
0 of 0 axiom rules necessary.
Reordering and filtering variables: [74.310s CPU, 74.691s wall-clock]
Translator variables: 19816
Translator derived variables: 0
Translator facts: 39632
Translator goal facts: 100
Translator mutex groups: 0
Translator total mutex groups size: 0
Translator operators: 358144
Translator axioms: 0
Translator task size: 3118300
Translator peak memory: 1977588 KB
Writing output... [2.660s CPU, 2.683s wall-clock]
Done! [158.190s CPU, 159.415s wall-clock]
translate exit code: 0

INFO     Running search (release).
INFO     search stdin: output.sas
INFO     search time limit: 741s
INFO     search memory limit: 3584 MB
INFO     search command line string: /usr/local/downward-projects/downward/experiments/src/thesis/data/thesis-thesis_exp/code-beb2e19b3d35a0ced2c328754445ca6967892fa8_e5e41175/builds/release/bin/downward --evaluator 'h=ff()' --search 'eager(alt([bts_type(h), single(h)]))' --internal-plan-file sas_plan < output.sas
[t=0.00105185s, 11252 KB] reading input...
[t=1.81088s, 155872 KB] done reading input!
[t=2.01286s, 238284 KB] Simplifying 1626176 unary operators... done! [1164896 unary operators]
[t=4.63546s, 348128 KB] time to simplify: 2.82246s
[t=4.87461s, 348128 KB] Initializing additive heuristic...
[t=4.87487s, 348128 KB] Initializing FF heuristic...
[t=4.87519s, 348128 KB] Building successor generator...done!
[t=5.0878s, 348128 KB] peak memory difference for successor generator creation: 0 KB
[t=5.08792s, 348128 KB] time for successor generation creation: 0.211716s
[t=5.09485s, 348128 KB] Variables: 19816
[t=5.09575s, 348128 KB] FactPairs: 39632
[t=5.09577s, 348128 KB] Bytes per state: 2480
[t=5.09583s, 348128 KB] Conducting best first search without reopening closed nodes, (real) bound = 2147483647
[t=5.12318s, 348128 KB] New best heuristic value for ff(): 15
[t=5.12338s, 348128 KB] g=0, 1 evaluated, 0 expanded
[t=5.12341s, 348128 KB] Initial heuristic value for ff(): 15
[t=5.12345s, 348128 KB] pruning method: none
[t=5.12347s, 348128 KB] Start Timestep: 1685746517674 millisecond(s).
[t=5.36709s, 348128 KB] New best heuristic value for ff(): 14
[t=5.36748s, 348128 KB] g=1, 10 evaluated, 1 expanded
[t=6.20976s, 348128 KB] New best heuristic value for ff(): 13
[t=6.21033s, 348128 KB] g=2, 41 evaluated, 2 expanded
[t=13.0724s, 348128 KB] New best heuristic value for ff(): 12
[t=13.073s, 348128 KB] g=5, 292 evaluated, 17 expanded
Peak memory: 351168 KB
caught signal 24 -- exiting
Time limit has been reached.
Remove intermediate file output.sas
search exit code: 23

Driver aborting after search
INFO     Planner time: 894.65s
