INFO     planner time limit: 900s
INFO     planner memory limit: 3584 MB

INFO     Running translator.
INFO     translator stdin: None
INFO     translator time limit: 899s
INFO     translator memory limit: 3584 MB
INFO     translator command line string: /usr/local/downward-projects/downward/experiments/.venv/bin/python3 /usr/local/downward-projects/downward/experiments/src/thesis/data/thesis-thesis_exp/code-f7a4f68fd467cf7cff4d3dfcfdfcfa2023e44324_e5e41175/builds/release/bin/translate/translate.py domain.pddl problem.pddl --sas-file output.sas
Parsing...
Parsing: [0.000s CPU, 0.002s wall-clock]
Normalizing task... [0.000s CPU, 0.000s wall-clock]
Instantiating...
Generating Datalog program... [0.010s CPU, 0.001s wall-clock]
Normalizing Datalog program...
Normalizing Datalog program: [0.000s CPU, 0.001s wall-clock]
Preparing model... [0.000s CPU, 0.002s wall-clock]
Generated 24 rules.
Computing model... [0.020s CPU, 0.012s wall-clock]
1371 relevant atoms
920 auxiliary atoms
2291 final queue length
3104 total queue pushes
Completing instantiation... [0.010s CPU, 0.017s wall-clock]
Instantiating: [0.040s CPU, 0.033s wall-clock]
Computing fact groups...
Finding invariants...
10 initial candidates
Finding invariants: [0.000s CPU, 0.001s wall-clock]
Checking invariant weight... [0.010s CPU, 0.000s wall-clock]
Instantiating groups... [0.010s CPU, 0.011s wall-clock]
Collecting mutex groups... [0.000s CPU, 0.000s wall-clock]
Choosing groups...
0 uncovered facts
Choosing groups: [0.000s CPU, 0.001s wall-clock]
Building translation key... [0.000s CPU, 0.000s wall-clock]
Computing fact groups: [0.020s CPU, 0.016s wall-clock]
Building STRIPS to SAS dictionary... [0.000s CPU, 0.000s wall-clock]
Building dictionary for full mutex groups... [0.000s CPU, 0.000s wall-clock]
Building mutex information...
Building mutex information: [0.000s CPU, 0.000s wall-clock]
Translating task...
Processing axioms...
Simplifying axioms... [0.000s CPU, 0.000s wall-clock]
Translator axioms removed by simplifying: 0
Computing negative axioms... [0.000s CPU, 0.000s wall-clock]
Processing axioms: [0.000s CPU, 0.001s wall-clock]
Translating task: [0.020s CPU, 0.018s wall-clock]
0 effect conditions simplified
0 implied preconditions added
Detecting unreachable propositions...
0 operators removed
0 axioms removed
3 propositions removed
Detecting unreachable propositions: [0.010s CPU, 0.010s wall-clock]
Reordering and filtering variables...
93 of 93 variables necessary.
90 of 93 mutex groups necessary.
722 of 722 operators necessary.
0 of 0 axiom rules necessary.
Reordering and filtering variables: [0.000s CPU, 0.004s wall-clock]
Translator variables: 93
Translator derived variables: 0
Translator facts: 454
Translator goal facts: 90
Translator mutex groups: 90
Translator total mutex groups size: 360
Translator operators: 722
Translator axioms: 0
Translator task size: 4963
Translator peak memory: 35236 KB
Writing output... [0.010s CPU, 0.004s wall-clock]
Done! [0.100s CPU, 0.089s wall-clock]
translate exit code: 0

INFO     Running search (release).
INFO     search stdin: output.sas
INFO     search time limit: 899s
INFO     search memory limit: 3584 MB
INFO     search command line string: /usr/local/downward-projects/downward/experiments/src/thesis/data/thesis-thesis_exp/code-f7a4f68fd467cf7cff4d3dfcfdfcfa2023e44324_e5e41175/builds/release/bin/downward --evaluator 'h=ff()' --search 'eager(alt([type_based([h, g()], random_seed=-1), single(h)]))' --internal-plan-file sas_plan < output.sas
[t=0.00105223s, 11000 KB] reading input...
[t=0.00415687s, 11172 KB] done reading input!
[t=0.00624024s, 11568 KB] Simplifying 1442 unary operators... done! [1442 unary operators]
[t=0.00692354s, 11568 KB] time to simplify: 0.000683301s
[t=0.00701679s, 11712 KB] Initializing additive heuristic...
[t=0.00712858s, 11712 KB] Initializing FF heuristic...
[t=0.00718316s, 11712 KB] Building successor generator...done!
[t=0.00747943s, 11712 KB] peak memory difference for successor generator creation: 0 KB
[t=0.00752318s, 11712 KB] time for successor generation creation: 0s
[t=0.00754832s, 11712 KB] Variables: 93
[t=0.00757837s, 11712 KB] FactPairs: 454
[t=0.00760276s, 11712 KB] Bytes per state: 28
[t=0.00762662s, 11712 KB] Conducting best first search without reopening closed nodes, (real) bound = 2147483647
[t=0.00767934s, 11712 KB] New best heuristic value for ff(): 181
[t=0.00775019s, 11712 KB] g=0, 1 evaluated, 0 expanded
[t=0.00777429s, 11712 KB] Initial heuristic value for ff(): 181
[t=0.00780242s, 11712 KB] pruning method: none
[t=0.00782594s, 11712 KB] Start Timestep: 1684314617272 millisecond(s).
[t=0.00786881s, 11712 KB] New best heuristic value for ff(): 180
[t=0.00796254s, 11712 KB] g=1, 3 evaluated, 1 expanded
[t=0.0217492s, 11712 KB] New best heuristic value for ff(): 179
[t=0.0223538s, 11712 KB] g=3, 629 evaluated, 7 expanded
[t=0.0223921s, 11712 KB] New best heuristic value for ff(): 178
[t=0.0224487s, 11712 KB] g=4, 630 evaluated, 8 expanded
[t=0.0224734s, 11712 KB] New best heuristic value for ff(): 177
[t=0.0225799s, 11712 KB] g=5, 633 evaluated, 9 expanded
[t=0.0237703s, 11712 KB] New best heuristic value for ff(): 176
[t=0.0247302s, 11712 KB] g=7, 726 evaluated, 12 expanded
[t=0.0342469s, 11712 KB] New best heuristic value for ff(): 175
[t=0.0352422s, 11712 KB] g=9, 1168 evaluated, 18 expanded
[t=0.0352692s, 11712 KB] New best heuristic value for ff(): 174
[t=0.0353277s, 11712 KB] g=10, 1169 evaluated, 19 expanded
[t=0.0353521s, 11712 KB] New best heuristic value for ff(): 173
[t=0.0355044s, 11712 KB] g=11, 1174 evaluated, 20 expanded
[t=0.0355278s, 11712 KB] New best heuristic value for ff(): 172
[t=0.0357685s, 11712 KB] g=13, 1183 evaluated, 23 expanded
[t=0.149431s, 12000 KB] New best heuristic value for ff(): 171
[t=0.150193s, 12000 KB] g=15, 6353 evaluated, 102 expanded
[t=0.150227s, 12000 KB] New best heuristic value for ff(): 170
[t=0.15028s, 12000 KB] g=16, 6354 evaluated, 103 expanded
[t=0.151437s, 12000 KB] New best heuristic value for ff(): 169
[t=0.152421s, 12000 KB] g=17, 6450 evaluated, 105 expanded
[t=0.152463s, 12000 KB] New best heuristic value for ff(): 168
[t=0.152777s, 12000 KB] g=19, 6463 evaluated, 108 expanded
[t=0.184999s, 12136 KB] New best heuristic value for ff(): 167
[t=0.185236s, 12136 KB] g=21, 7907 evaluated, 131 expanded
[t=0.185265s, 12136 KB] New best heuristic value for ff(): 166
[t=0.185318s, 12136 KB] g=22, 7908 evaluated, 132 expanded
[t=0.187024s, 12136 KB] New best heuristic value for ff(): 165
[t=0.187416s, 12136 KB] g=23, 8002 evaluated, 134 expanded
[t=0.18744s, 12136 KB] New best heuristic value for ff(): 164
[t=0.187882s, 12136 KB] g=25, 8021 evaluated, 138 expanded
[t=0.345567s, 12804 KB] New best heuristic value for ff(): 163
[t=0.346206s, 12804 KB] g=27, 15097 evaluated, 245 expanded
[t=0.34624s, 12804 KB] New best heuristic value for ff(): 162
[t=0.346294s, 12804 KB] g=28, 15098 evaluated, 246 expanded
[t=0.35064s, 12804 KB] New best heuristic value for ff(): 161
[t=0.351178s, 12804 KB] g=29, 15283 evaluated, 248 expanded
[t=0.35328s, 12804 KB] New best heuristic value for ff(): 160
[t=0.353705s, 12804 KB] g=31, 15396 evaluated, 252 expanded
[t=0.566544s, 13204 KB] New best heuristic value for ff(): 159
[t=0.567023s, 13204 KB] g=33, 24927 evaluated, 442 expanded
[t=0.567055s, 13204 KB] New best heuristic value for ff(): 158
[t=0.56711s, 13204 KB] g=34, 24928 evaluated, 443 expanded
[t=0.567508s, 13204 KB] New best heuristic value for ff(): 157
[t=0.567564s, 13204 KB] g=35, 24945 evaluated, 445 expanded
[t=0.567587s, 13204 KB] New best heuristic value for ff(): 156
[t=0.568246s, 13204 KB] g=37, 24974 evaluated, 449 expanded
[t=0.653608s, 13992 KB] New best heuristic value for ff(): 155
[t=0.653885s, 13992 KB] g=39, 28747 evaluated, 518 expanded
[t=0.653917s, 13992 KB] New best heuristic value for ff(): 154
[t=0.653971s, 13992 KB] g=40, 28748 evaluated, 519 expanded
[t=0.653996s, 13992 KB] New best heuristic value for ff(): 153
[t=0.654411s, 13992 KB] g=41, 28765 evaluated, 521 expanded
[t=0.656654s, 13992 KB] New best heuristic value for ff(): 152
[t=0.657049s, 13992 KB] g=43, 28883 evaluated, 525 expanded
[t=0.905536s, 14408 KB] New best heuristic value for ff(): 151
[t=0.906447s, 14408 KB] g=45, 39853 evaluated, 822 expanded
[t=0.91171s, 14408 KB] New best heuristic value for ff(): 150
[t=0.912135s, 14408 KB] g=47, 40074 evaluated, 826 expanded
[t=1.13212s, 14944 KB] New best heuristic value for ff(): 149
[t=1.13296s, 14944 KB] g=49, 49903 evaluated, 1124 expanded
[t=1.13415s, 14944 KB] New best heuristic value for ff(): 148
[t=1.13457s, 14944 KB] g=51, 49974 evaluated, 1128 expanded
[t=1.3925s, 16372 KB] New best heuristic value for ff(): 147
[t=1.39307s, 16372 KB] g=53, 61232 evaluated, 1419 expanded
[t=1.39755s, 16372 KB] New best heuristic value for ff(): 146
[t=1.39856s, 16372 KB] g=55, 61445 evaluated, 1423 expanded
[t=1.65188s, 16684 KB] New best heuristic value for ff(): 145
[t=1.65289s, 16684 KB] g=57, 72601 evaluated, 1712 expanded
[t=1.65955s, 16816 KB] New best heuristic value for ff(): 144
[t=1.65998s, 16816 KB] g=59, 72892 evaluated, 1716 expanded
[t=1.89221s, 17360 KB] New best heuristic value for ff(): 143
[t=1.89234s, 17360 KB] g=61, 83093 evaluated, 2003 expanded
[t=1.89323s, 17360 KB] New best heuristic value for ff(): 142
[t=1.89367s, 17360 KB] g=63, 83153 evaluated, 2007 expanded
[t=2.11206s, 17904 KB] New best heuristic value for ff(): 141
[t=2.11231s, 17904 KB] g=65, 92803 evaluated, 2284 expanded
[t=2.11373s, 17904 KB] New best heuristic value for ff(): 140
[t=2.11417s, 17904 KB] g=67, 92885 evaluated, 2288 expanded
[t=2.31965s, 18440 KB] New best heuristic value for ff(): 139
[t=2.32042s, 18440 KB] g=69, 102080 evaluated, 2565 expanded
[t=2.32587s, 18440 KB] New best heuristic value for ff(): 138
[t=2.32626s, 18440 KB] g=71, 102308 evaluated, 2569 expanded
[t=2.36458s, 18572 KB] New best heuristic value for ff(): 137
[t=2.36555s, 18572 KB] g=73, 104018 evaluated, 2596 expanded
[t=2.36558s, 18572 KB] New best heuristic value for ff(): 136
[t=2.36564s, 18572 KB] g=74, 104019 evaluated, 2597 expanded
[t=2.36975s, 18572 KB] New best heuristic value for ff(): 135
[t=2.3705s, 18572 KB] g=75, 104203 evaluated, 2599 expanded
[t=2.37181s, 18572 KB] New best heuristic value for ff(): 134
[t=2.37227s, 18572 KB] g=77, 104283 evaluated, 2603 expanded
[t=2.54092s, 18968 KB] New best heuristic value for ff(): 133
[t=2.54141s, 18968 KB] g=79, 111843 evaluated, 2738 expanded
[t=2.54144s, 18968 KB] New best heuristic value for ff(): 132
[t=2.5415s, 18968 KB] g=80, 111844 evaluated, 2739 expanded
[t=2.54188s, 18968 KB] New best heuristic value for ff(): 131
[t=2.54215s, 18968 KB] g=81, 111871 evaluated, 2741 expanded
[t=2.54291s, 18968 KB] New best heuristic value for ff(): 130
[t=2.5433s, 18968 KB] g=83, 111923 evaluated, 2745 expanded
[t=2.72766s, 21152 KB] New best heuristic value for ff(): 129
[t=2.72785s, 21152 KB] g=85, 119848 evaluated, 2998 expanded
[t=2.72969s, 21152 KB] New best heuristic value for ff(): 128
[t=2.73005s, 21152 KB] g=87, 119949 evaluated, 3002 expanded
[t=2.91264s, 21152 KB] New best heuristic value for ff(): 127
[t=2.91296s, 21152 KB] g=89, 128071 evaluated, 3255 expanded
[t=2.91865s, 21152 KB] New best heuristic value for ff(): 126
[t=2.91915s, 21152 KB] g=91, 128319 evaluated, 3259 expanded
[t=3.09806s, 21484 KB] New best heuristic value for ff(): 125
[t=3.09855s, 21484 KB] g=93, 136196 evaluated, 3510 expanded
[t=3.10115s, 21484 KB] New best heuristic value for ff(): 124
[t=3.10203s, 21484 KB] g=95, 136356 evaluated, 3514 expanded
[t=3.26599s, 21888 KB] New best heuristic value for ff(): 123
[t=3.26702s, 21888 KB] g=97, 143778 evaluated, 3760 expanded
[t=3.26802s, 21888 KB] New best heuristic value for ff(): 122
[t=3.26887s, 21888 KB] g=99, 143866 evaluated, 3764 expanded
[t=3.44227s, 22292 KB] New best heuristic value for ff(): 121
[t=3.44268s, 22292 KB] g=101, 151676 evaluated, 4005 expanded
[t=3.4443s, 22440 KB] New best heuristic value for ff(): 120
[t=3.445s, 22440 KB] g=103, 151782 evaluated, 4009 expanded
[t=3.59598s, 22708 KB] New best heuristic value for ff(): 119
[t=3.59645s, 22708 KB] g=105, 158612 evaluated, 4242 expanded
[t=3.59824s, 22708 KB] New best heuristic value for ff(): 118
[t=3.59899s, 22708 KB] g=107, 158728 evaluated, 4246 expanded
[t=3.75334s, 23112 KB] New best heuristic value for ff(): 117
[t=3.75384s, 23112 KB] g=109, 165749 evaluated, 4473 expanded
[t=3.75538s, 23112 KB] New best heuristic value for ff(): 116
[t=3.75587s, 23112 KB] g=111, 165846 evaluated, 4477 expanded
[t=3.90451s, 23512 KB] New best heuristic value for ff(): 115
[t=3.90482s, 23512 KB] g=113, 172538 evaluated, 4703 expanded
[t=3.90785s, 23512 KB] New best heuristic value for ff(): 114
[t=3.90831s, 23512 KB] g=115, 172703 evaluated, 4707 expanded
[t=4.06553s, 23924 KB] New best heuristic value for ff(): 113
[t=4.06594s, 23924 KB] g=117, 179777 evaluated, 4931 expanded
[t=4.06756s, 23924 KB] New best heuristic value for ff(): 112
[t=4.06864s, 23924 KB] g=119, 179906 evaluated, 4935 expanded
[t=4.22715s, 24324 KB] New best heuristic value for ff(): 111
[t=4.22787s, 24324 KB] g=121, 187034 evaluated, 5158 expanded
[t=4.23129s, 24324 KB] New best heuristic value for ff(): 110
[t=4.23168s, 24324 KB] g=123, 187213 evaluated, 5162 expanded
[t=4.37726s, 24736 KB] New best heuristic value for ff(): 109
[t=4.37747s, 24736 KB] g=125, 193702 evaluated, 5380 expanded
[t=4.38139s, 24736 KB] New best heuristic value for ff(): 108
[t=4.38153s, 24736 KB] g=127, 193893 evaluated, 5383 expanded
[t=4.52321s, 25148 KB] New best heuristic value for ff(): 107
[t=4.52334s, 25148 KB] g=129, 200341 evaluated, 5597 expanded
[t=4.52524s, 25148 KB] New best heuristic value for ff(): 106
[t=4.52568s, 25148 KB] g=131, 200454 evaluated, 5601 expanded
[t=4.66069s, 25556 KB] New best heuristic value for ff(): 105
[t=4.66097s, 25556 KB] g=133, 206588 evaluated, 5809 expanded
[t=4.66584s, 25556 KB] New best heuristic value for ff(): 104
[t=4.66687s, 25556 KB] g=135, 206861 evaluated, 5813 expanded
[t=4.79904s, 25820 KB] New best heuristic value for ff(): 103
[t=4.79997s, 25820 KB] g=137, 212844 evaluated, 6022 expanded
[t=4.80239s, 25820 KB] New best heuristic value for ff(): 102
[t=4.80247s, 25820 KB] g=139, 212967 evaluated, 6025 expanded
[t=4.94808s, 26224 KB] New best heuristic value for ff(): 101
[t=4.94863s, 26224 KB] g=141, 219492 evaluated, 6226 expanded
[t=4.95642s, 26224 KB] New best heuristic value for ff(): 100
[t=4.95714s, 26224 KB] g=143, 219852 evaluated, 6230 expanded
[t=5.11056s, 30592 KB] New best heuristic value for ff(): 99
[t=5.11126s, 30592 KB] g=145, 226176 evaluated, 6428 expanded
[t=5.11575s, 30592 KB] New best heuristic value for ff(): 98
[t=5.11597s, 30592 KB] g=147, 226404 evaluated, 6432 expanded
[t=5.2396s, 30592 KB] New best heuristic value for ff(): 97
[t=5.23999s, 30592 KB] g=149, 232023 evaluated, 6624 expanded
[t=5.24373s, 30592 KB] New best heuristic value for ff(): 96
[t=5.24475s, 30592 KB] g=151, 232250 evaluated, 6628 expanded
[t=5.35354s, 30592 KB] New best heuristic value for ff(): 95
[t=5.3538s, 30592 KB] g=153, 237234 evaluated, 6815 expanded
[t=5.35604s, 30592 KB] New best heuristic value for ff(): 94
[t=5.35642s, 30592 KB] g=155, 237364 evaluated, 6818 expanded
[t=5.3749s, 30592 KB] New best heuristic value for ff(): 93
[t=5.37505s, 30592 KB] g=157, 238235 evaluated, 6842 expanded
[t=5.37508s, 30592 KB] New best heuristic value for ff(): 92
[t=5.37513s, 30592 KB] g=158, 238236 evaluated, 6843 expanded
[t=5.37716s, 30592 KB] New best heuristic value for ff(): 91
[t=5.3779s, 30592 KB] g=159, 238363 evaluated, 6845 expanded
[t=5.3811s, 30592 KB] New best heuristic value for ff(): 90
[t=5.38144s, 30592 KB] g=161, 238532 evaluated, 6849 expanded
[t=5.50181s, 30592 KB] New best heuristic value for ff(): 89
[t=5.50215s, 30592 KB] g=163, 243963 evaluated, 7027 expanded
[t=5.50403s, 30592 KB] New best heuristic value for ff(): 88
[t=5.50488s, 30592 KB] g=165, 244101 evaluated, 7030 expanded
[t=5.60766s, 30592 KB] New best heuristic value for ff(): 87
[t=5.60817s, 30592 KB] g=167, 248739 evaluated, 7200 expanded
[t=5.61179s, 30592 KB] New best heuristic value for ff(): 86
[t=5.61186s, 30592 KB] g=169, 248926 evaluated, 7204 expanded
[t=5.70738s, 30592 KB] New best heuristic value for ff(): 85
[t=5.70854s, 30592 KB] g=171, 253312 evaluated, 7374 expanded
[t=5.7104s, 30592 KB] New best heuristic value for ff(): 84
[t=5.71141s, 30592 KB] g=173, 253457 evaluated, 7378 expanded
[t=5.79861s, 30592 KB] New best heuristic value for ff(): 83
[t=5.79915s, 30592 KB] g=175, 257550 evaluated, 7546 expanded
[t=5.80274s, 30592 KB] New best heuristic value for ff(): 82
[t=5.80373s, 30592 KB] g=177, 257775 evaluated, 7550 expanded
[t=5.90984s, 30824 KB] New best heuristic value for ff(): 81
[t=5.91003s, 30824 KB] g=179, 262576 evaluated, 7714 expanded
[t=5.9129s, 30824 KB] New best heuristic value for ff(): 80
[t=5.91301s, 30824 KB] g=181, 262728 evaluated, 7718 expanded
[t=5.97065s, 30960 KB] New best heuristic value for ff(): 79
[t=5.97164s, 30960 KB] g=183, 265466 evaluated, 7791 expanded
[t=5.97168s, 30960 KB] New best heuristic value for ff(): 78
[t=5.97173s, 30960 KB] g=184, 265467 evaluated, 7792 expanded
[t=5.97265s, 30960 KB] New best heuristic value for ff(): 77
[t=5.97286s, 30960 KB] g=185, 265521 evaluated, 7794 expanded
[t=5.97893s, 30960 KB] New best heuristic value for ff(): 76
[t=5.97939s, 30960 KB] g=187, 265793 evaluated, 7798 expanded
[t=6.06049s, 31228 KB] New best heuristic value for ff(): 75
[t=6.06073s, 31228 KB] g=189, 269520 evaluated, 7945 expanded
[t=6.06358s, 31228 KB] New best heuristic value for ff(): 74
[t=6.064s, 31228 KB] g=191, 269688 evaluated, 7949 expanded
[t=6.1402s, 31364 KB] New best heuristic value for ff(): 73
[t=6.14097s, 31364 KB] g=193, 273211 evaluated, 8094 expanded
[t=6.1456s, 31364 KB] New best heuristic value for ff(): 72
[t=6.1463s, 31364 KB] g=195, 273472 evaluated, 8098 expanded
[t=6.21572s, 31632 KB] New best heuristic value for ff(): 71
[t=6.21635s, 31632 KB] g=197, 276680 evaluated, 8239 expanded
[t=6.21985s, 31632 KB] New best heuristic value for ff(): 70
[t=6.22074s, 31632 KB] g=199, 276901 evaluated, 8243 expanded
[t=6.29125s, 31900 KB] New best heuristic value for ff(): 69
[t=6.29173s, 31900 KB] g=201, 280116 evaluated, 8380 expanded
[t=6.29749s, 31900 KB] New best heuristic value for ff(): 68
[t=6.29766s, 31900 KB] g=203, 280413 evaluated, 8384 expanded
[t=6.37948s, 32036 KB] New best heuristic value for ff(): 67
[t=6.38035s, 32036 KB] g=205, 284156 evaluated, 8515 expanded
[t=6.38444s, 32036 KB] New best heuristic value for ff(): 66
[t=6.38473s, 32036 KB] g=207, 284381 evaluated, 8518 expanded
[t=6.44289s, 32172 KB] New best heuristic value for ff(): 65
[t=6.44325s, 32172 KB] g=209, 287107 evaluated, 8651 expanded
[t=6.44634s, 32172 KB] New best heuristic value for ff(): 64
[t=6.44655s, 32172 KB] g=211, 287282 evaluated, 8655 expanded
[t=6.52216s, 32444 KB] New best heuristic value for ff(): 63
[t=6.52309s, 32444 KB] g=213, 290688 evaluated, 8782 expanded
[t=6.52712s, 32444 KB] New best heuristic value for ff(): 62
[t=6.52733s, 32444 KB] g=215, 290913 evaluated, 8786 expanded
[t=6.57962s, 32580 KB] New best heuristic value for ff(): 61
[t=6.58054s, 32580 KB] g=217, 293315 evaluated, 8849 expanded
[t=6.5806s, 32580 KB] New best heuristic value for ff(): 60
[t=6.58063s, 32580 KB] g=218, 293316 evaluated, 8850 expanded
[t=6.58163s, 32580 KB] New best heuristic value for ff(): 59
[t=6.58191s, 32580 KB] g=219, 293380 evaluated, 8852 expanded
[t=6.58581s, 32580 KB] New best heuristic value for ff(): 58
[t=6.58617s, 32580 KB] g=221, 293586 evaluated, 8856 expanded
[t=6.64882s, 32716 KB] New best heuristic value for ff(): 57
[t=6.64907s, 32716 KB] g=223, 296451 evaluated, 8974 expanded
[t=6.65401s, 32716 KB] New best heuristic value for ff(): 56
[t=6.65439s, 32716 KB] g=225, 296718 evaluated, 8978 expanded
[t=6.71276s, 32984 KB] New best heuristic value for ff(): 55
[t=6.71347s, 32984 KB] g=227, 299459 evaluated, 9090 expanded
[t=6.71795s, 32984 KB] New best heuristic value for ff(): 54
[t=6.71852s, 32984 KB] g=229, 299717 evaluated, 9094 expanded
[t=6.77191s, 33116 KB] New best heuristic value for ff(): 53
[t=6.77247s, 33116 KB] g=231, 302144 evaluated, 9203 expanded
[t=6.7758s, 33116 KB] New best heuristic value for ff(): 52
[t=6.77608s, 33116 KB] g=233, 302337 evaluated, 9206 expanded
[t=6.8187s, 33248 KB] New best heuristic value for ff(): 51
[t=6.81935s, 33248 KB] g=235, 304341 evaluated, 9308 expanded
[t=6.82283s, 33248 KB] New best heuristic value for ff(): 50
[t=6.82301s, 33248 KB] g=237, 304538 evaluated, 9312 expanded
[t=6.88794s, 33380 KB] New best heuristic value for ff(): 49
[t=6.88812s, 33380 KB] g=239, 307442 evaluated, 9410 expanded
[t=6.89312s, 33380 KB] New best heuristic value for ff(): 48
[t=6.89364s, 33380 KB] g=241, 307723 evaluated, 9414 expanded
[t=6.89834s, 33380 KB] New best heuristic value for ff(): 47
[t=6.89847s, 33380 KB] g=243, 307953 evaluated, 9423 expanded
[t=6.8985s, 33380 KB] New best heuristic value for ff(): 46
[t=6.89855s, 33380 KB] g=244, 307954 evaluated, 9424 expanded
[t=6.89934s, 33380 KB] New best heuristic value for ff(): 45
[t=6.89987s, 33380 KB] g=245, 308023 evaluated, 9425 expanded
[t=6.90142s, 33380 KB] New best heuristic value for ff(): 44
[t=6.90239s, 33380 KB] g=247, 308160 evaluated, 9428 expanded
[t=6.94761s, 33516 KB] New best heuristic value for ff(): 43
[t=6.94825s, 33516 KB] g=249, 310242 evaluated, 9517 expanded
[t=6.95175s, 33516 KB] New best heuristic value for ff(): 42
[t=6.9521s, 33516 KB] g=251, 310451 evaluated, 9521 expanded
[t=6.98852s, 33652 KB] New best heuristic value for ff(): 41
[t=6.98948s, 33652 KB] g=253, 312194 evaluated, 9604 expanded
[t=6.99266s, 33652 KB] New best heuristic value for ff(): 40
[t=6.99332s, 33652 KB] g=255, 312404 evaluated, 9608 expanded
[t=7.02949s, 33788 KB] New best heuristic value for ff(): 39
[t=7.02991s, 33788 KB] g=257, 314073 evaluated, 9689 expanded
[t=7.03351s, 33788 KB] New best heuristic value for ff(): 38
[t=7.03384s, 33788 KB] g=259, 314287 evaluated, 9693 expanded
[t=7.07444s, 33924 KB] New best heuristic value for ff(): 37
[t=7.07507s, 33924 KB] g=261, 316098 evaluated, 9769 expanded
[t=7.07858s, 33924 KB] New best heuristic value for ff(): 36
[t=7.07928s, 33924 KB] g=263, 316326 evaluated, 9773 expanded
[t=7.09747s, 33924 KB] New best heuristic value for ff(): 35
[t=7.09758s, 33924 KB] g=265, 317193 evaluated, 9843 expanded
[t=7.10102s, 33924 KB] New best heuristic value for ff(): 34
[t=7.10158s, 33924 KB] g=267, 317414 evaluated, 9847 expanded
[t=7.13244s, 34056 KB] New best heuristic value for ff(): 33
[t=7.13288s, 34056 KB] g=269, 318797 evaluated, 9915 expanded
[t=7.13634s, 34056 KB] New best heuristic value for ff(): 32
[t=7.13688s, 34056 KB] g=271, 319019 evaluated, 9918 expanded
[t=7.16974s, 34192 KB] New best heuristic value for ff(): 31
[t=7.17046s, 34192 KB] g=273, 320498 evaluated, 9982 expanded
[t=7.17388s, 34192 KB] New best heuristic value for ff(): 30
[t=7.1745s, 34192 KB] g=275, 320723 evaluated, 9985 expanded
[t=7.20531s, 34192 KB] New best heuristic value for ff(): 29
[t=7.20545s, 34192 KB] g=277, 322071 evaluated, 10045 expanded
[t=7.2105s, 34328 KB] New best heuristic value for ff(): 28
[t=7.21101s, 34328 KB] g=279, 322374 evaluated, 10049 expanded
[t=7.24095s, 34328 KB] New best heuristic value for ff(): 27
[t=7.24183s, 34328 KB] g=281, 323748 evaluated, 10107 expanded
[t=7.24614s, 34328 KB] New best heuristic value for ff(): 26
[t=7.24652s, 34328 KB] g=283, 324009 evaluated, 10111 expanded
[t=7.26605s, 34460 KB] New best heuristic value for ff(): 25
[t=7.26647s, 34460 KB] g=285, 324926 evaluated, 10165 expanded
[t=7.2723s, 34460 KB] New best heuristic value for ff(): 24
[t=7.27255s, 34460 KB] g=287, 325248 evaluated, 10169 expanded
[t=7.30164s, 34460 KB] New best heuristic value for ff(): 23
[t=7.30233s, 34460 KB] g=289, 326535 evaluated, 10218 expanded
[t=7.30573s, 34592 KB] New best heuristic value for ff(): 22
[t=7.30654s, 34592 KB] g=291, 326773 evaluated, 10221 expanded
[t=7.31842s, 34592 KB] New best heuristic value for ff(): 21
[t=7.31939s, 34592 KB] g=293, 327400 evaluated, 10264 expanded
[t=7.32352s, 34592 KB] New best heuristic value for ff(): 20
[t=7.32391s, 34592 KB] g=295, 327654 evaluated, 10268 expanded
[t=7.33713s, 34592 KB] New best heuristic value for ff(): 19
[t=7.33742s, 34592 KB] g=297, 328299 evaluated, 10309 expanded
[t=7.34445s, 34592 KB] New best heuristic value for ff(): 18
[t=7.34523s, 34592 KB] g=299, 328706 evaluated, 10313 expanded
[t=7.36581s, 34724 KB] New best heuristic value for ff(): 17
[t=7.36603s, 34724 KB] g=301, 329652 evaluated, 10351 expanded
[t=7.37055s, 34724 KB] New best heuristic value for ff(): 16
[t=7.37082s, 34724 KB] g=303, 329921 evaluated, 10355 expanded
[t=7.37577s, 34724 KB] New best heuristic value for ff(): 15
[t=7.37605s, 34724 KB] g=305, 330179 evaluated, 10387 expanded
[t=7.38205s, 34724 KB] New best heuristic value for ff(): 14
[t=7.38225s, 34724 KB] g=307, 330515 evaluated, 10391 expanded
[t=7.39455s, 34724 KB] New best heuristic value for ff(): 13
[t=7.39497s, 34724 KB] g=309, 331092 evaluated, 10421 expanded
[t=7.40125s, 34860 KB] New best heuristic value for ff(): 12
[t=7.40134s, 34860 KB] g=311, 331452 evaluated, 10424 expanded
[t=7.40811s, 34860 KB] New best heuristic value for ff(): 11
[t=7.40832s, 34860 KB] g=313, 331767 evaluated, 10449 expanded
[t=7.41438s, 34860 KB] New best heuristic value for ff(): 10
[t=7.41502s, 34860 KB] g=315, 332132 evaluated, 10453 expanded
[t=7.4238s, 34860 KB] New best heuristic value for ff(): 9
[t=7.42443s, 34860 KB] g=317, 332573 evaluated, 10475 expanded
[t=7.42797s, 34860 KB] New best heuristic value for ff(): 8
[t=7.42888s, 34860 KB] g=319, 332833 evaluated, 10479 expanded
[t=7.4353s, 34860 KB] New best heuristic value for ff(): 7
[t=7.43621s, 34860 KB] g=321, 333162 evaluated, 10497 expanded
[t=7.44052s, 34992 KB] New best heuristic value for ff(): 6
[t=7.44066s, 34992 KB] g=323, 333425 evaluated, 10501 expanded
[t=7.44889s, 34992 KB] New best heuristic value for ff(): 5
[t=7.44929s, 34992 KB] g=325, 333786 evaluated, 10514 expanded
[t=7.45305s, 34992 KB] New best heuristic value for ff(): 4
[t=7.45394s, 34992 KB] g=327, 334059 evaluated, 10518 expanded
[t=7.45407s, 34992 KB] New best heuristic value for ff(): 3
[t=7.4545s, 34992 KB] g=328, 334082 evaluated, 10520 expanded
[t=7.45452s, 34992 KB] New best heuristic value for ff(): 2
[t=7.4548s, 34992 KB] g=329, 334093 evaluated, 10522 expanded
[t=7.45483s, 34992 KB] New best heuristic value for ff(): 1
[t=7.45496s, 34992 KB] g=330, 334098 evaluated, 10524 expanded
[t=7.45506s, 34992 KB] New best heuristic value for ff(): 0
[t=7.45615s, 34992 KB] g=331, 334190 evaluated, 10526 expanded
[t=7.45617s, 34992 KB] Solution found!
[t=7.45635s, 34992 KB] Actual search time: 7.44848s
pick ball10 rooma left (1)
pick ball50 rooma right (1)
move rooma roomb (1)
drop ball10 roomb left (1)
drop ball50 roomb right (1)
move roomb rooma (1)
pick ball12 rooma left (1)
pick ball42 rooma right (1)
move rooma roomb (1)
drop ball12 roomb left (1)
drop ball42 roomb right (1)
move roomb rooma (1)
pick ball23 rooma right (1)
pick ball44 rooma left (1)
move rooma roomb (1)
drop ball44 roomb left (1)
drop ball23 roomb right (1)
move roomb rooma (1)
pick ball18 rooma left (1)
pick ball1 rooma right (1)
move rooma roomb (1)
drop ball18 roomb left (1)
drop ball1 roomb right (1)
move roomb rooma (1)
pick ball41 rooma left (1)
pick ball27 rooma right (1)
move rooma roomb (1)
drop ball41 roomb left (1)
drop ball27 roomb right (1)
move roomb rooma (1)
pick ball22 rooma left (1)
pick ball58 rooma right (1)
move rooma roomb (1)
drop ball22 roomb left (1)
drop ball58 roomb right (1)
move roomb rooma (1)
pick ball26 rooma left (1)
pick ball45 rooma right (1)
move rooma roomb (1)
drop ball26 roomb left (1)
drop ball45 roomb right (1)
move roomb rooma (1)
pick ball11 rooma left (1)
move rooma roomb (1)
drop ball11 roomb left (1)
move roomb rooma (1)
pick ball13 rooma left (1)
move rooma roomb (1)
drop ball13 roomb left (1)
move roomb rooma (1)
pick ball14 rooma left (1)
move rooma roomb (1)
drop ball14 roomb left (1)
move roomb rooma (1)
pick ball15 rooma left (1)
move rooma roomb (1)
drop ball15 roomb left (1)
move roomb rooma (1)
pick ball16 rooma left (1)
move rooma roomb (1)
drop ball16 roomb left (1)
move roomb rooma (1)
pick ball17 rooma left (1)
move rooma roomb (1)
drop ball17 roomb left (1)
move roomb rooma (1)
pick ball19 rooma left (1)
move rooma roomb (1)
drop ball19 roomb left (1)
move roomb rooma (1)
pick ball24 rooma left (1)
pick ball59 rooma right (1)
move rooma roomb (1)
drop ball24 roomb left (1)
drop ball59 roomb right (1)
move roomb rooma (1)
pick ball43 rooma left (1)
pick ball2 rooma right (1)
move rooma roomb (1)
drop ball43 roomb left (1)
drop ball2 roomb right (1)
move roomb rooma (1)
pick ball20 rooma left (1)
move rooma roomb (1)
drop ball20 roomb left (1)
move roomb rooma (1)
pick ball21 rooma left (1)
move rooma roomb (1)
drop ball21 roomb left (1)
move roomb rooma (1)
pick ball25 rooma left (1)
move rooma roomb (1)
drop ball25 roomb left (1)
move roomb rooma (1)
pick ball28 rooma left (1)
move rooma roomb (1)
drop ball28 roomb left (1)
move roomb rooma (1)
pick ball29 rooma left (1)
move rooma roomb (1)
drop ball29 roomb left (1)
move roomb rooma (1)
pick ball3 rooma left (1)
move rooma roomb (1)
drop ball3 roomb left (1)
move roomb rooma (1)
pick ball30 rooma left (1)
move rooma roomb (1)
drop ball30 roomb left (1)
move roomb rooma (1)
pick ball31 rooma left (1)
move rooma roomb (1)
drop ball31 roomb left (1)
move roomb rooma (1)
pick ball32 rooma left (1)
move rooma roomb (1)
drop ball32 roomb left (1)
move roomb rooma (1)
pick ball33 rooma left (1)
move rooma roomb (1)
drop ball33 roomb left (1)
move roomb rooma (1)
pick ball34 rooma left (1)
move rooma roomb (1)
drop ball34 roomb left (1)
move roomb rooma (1)
pick ball35 rooma left (1)
move rooma roomb (1)
drop ball35 roomb left (1)
move roomb rooma (1)
pick ball36 rooma left (1)
move rooma roomb (1)
drop ball36 roomb left (1)
move roomb rooma (1)
pick ball37 rooma left (1)
move rooma roomb (1)
drop ball37 roomb left (1)
move roomb rooma (1)
pick ball38 rooma left (1)
move rooma roomb (1)
drop ball38 roomb left (1)
move roomb rooma (1)
pick ball39 rooma left (1)
move rooma roomb (1)
drop ball39 roomb left (1)
move roomb rooma (1)
pick ball4 rooma left (1)
move rooma roomb (1)
drop ball4 roomb left (1)
move roomb rooma (1)
pick ball40 rooma left (1)
move rooma roomb (1)
drop ball40 roomb left (1)
move roomb rooma (1)
pick ball56 rooma left (1)
pick ball64 rooma right (1)
move rooma roomb (1)
drop ball56 roomb left (1)
drop ball64 roomb right (1)
move roomb rooma (1)
pick ball46 rooma left (1)
move rooma roomb (1)
drop ball46 roomb left (1)
move roomb rooma (1)
pick ball47 rooma left (1)
move rooma roomb (1)
drop ball47 roomb left (1)
move roomb rooma (1)
pick ball48 rooma left (1)
move rooma roomb (1)
drop ball48 roomb left (1)
move roomb rooma (1)
pick ball49 rooma left (1)
move rooma roomb (1)
drop ball49 roomb left (1)
move roomb rooma (1)
pick ball5 rooma left (1)
move rooma roomb (1)
drop ball5 roomb left (1)
move roomb rooma (1)
pick ball65 rooma left (1)
pick ball79 rooma right (1)
move rooma roomb (1)
drop ball65 roomb left (1)
drop ball79 roomb right (1)
move roomb rooma (1)
pick ball51 rooma left (1)
move rooma roomb (1)
drop ball51 roomb left (1)
move roomb rooma (1)
pick ball52 rooma left (1)
move rooma roomb (1)
drop ball52 roomb left (1)
move roomb rooma (1)
pick ball53 rooma left (1)
move rooma roomb (1)
drop ball53 roomb left (1)
move roomb rooma (1)
pick ball54 rooma left (1)
move rooma roomb (1)
drop ball54 roomb left (1)
move roomb rooma (1)
pick ball55 rooma left (1)
move rooma roomb (1)
drop ball55 roomb left (1)
move roomb rooma (1)
pick ball57 rooma left (1)
move rooma roomb (1)
drop ball57 roomb left (1)
move roomb rooma (1)
pick ball6 rooma left (1)
move rooma roomb (1)
drop ball6 roomb left (1)
move roomb rooma (1)
pick ball90 rooma left (1)
pick ball69 rooma right (1)
move rooma roomb (1)
drop ball90 roomb left (1)
drop ball69 roomb right (1)
move roomb rooma (1)
pick ball60 rooma left (1)
move rooma roomb (1)
drop ball60 roomb left (1)
move roomb rooma (1)
pick ball61 rooma left (1)
move rooma roomb (1)
drop ball61 roomb left (1)
move roomb rooma (1)
pick ball62 rooma left (1)
move rooma roomb (1)
drop ball62 roomb left (1)
move roomb rooma (1)
pick ball63 rooma left (1)
move rooma roomb (1)
drop ball63 roomb left (1)
move roomb rooma (1)
pick ball66 rooma left (1)
move rooma roomb (1)
drop ball66 roomb left (1)
move roomb rooma (1)
pick ball7 rooma left (1)
pick ball85 rooma right (1)
move rooma roomb (1)
drop ball7 roomb left (1)
drop ball85 roomb right (1)
move roomb rooma (1)
pick ball67 rooma left (1)
move rooma roomb (1)
drop ball67 roomb left (1)
move roomb rooma (1)
pick ball68 rooma left (1)
move rooma roomb (1)
drop ball68 roomb left (1)
move roomb rooma (1)
pick ball70 rooma left (1)
move rooma roomb (1)
drop ball70 roomb left (1)
move roomb rooma (1)
pick ball71 rooma left (1)
move rooma roomb (1)
drop ball71 roomb left (1)
move roomb rooma (1)
pick ball72 rooma left (1)
move rooma roomb (1)
drop ball72 roomb left (1)
move roomb rooma (1)
pick ball73 rooma left (1)
move rooma roomb (1)
drop ball73 roomb left (1)
move roomb rooma (1)
pick ball74 rooma left (1)
move rooma roomb (1)
drop ball74 roomb left (1)
move roomb rooma (1)
pick ball75 rooma left (1)
move rooma roomb (1)
drop ball75 roomb left (1)
move roomb rooma (1)
pick ball76 rooma left (1)
move rooma roomb (1)
drop ball76 roomb left (1)
move roomb rooma (1)
pick ball77 rooma left (1)
move rooma roomb (1)
drop ball77 roomb left (1)
move roomb rooma (1)
pick ball78 rooma left (1)
move rooma roomb (1)
drop ball78 roomb left (1)
move roomb rooma (1)
pick ball8 rooma left (1)
move rooma roomb (1)
drop ball8 roomb left (1)
move roomb rooma (1)
pick ball80 rooma left (1)
move rooma roomb (1)
drop ball80 roomb left (1)
move roomb rooma (1)
pick ball81 rooma left (1)
move rooma roomb (1)
drop ball81 roomb left (1)
move roomb rooma (1)
pick ball82 rooma left (1)
move rooma roomb (1)
drop ball82 roomb left (1)
move roomb rooma (1)
pick ball83 rooma left (1)
move rooma roomb (1)
drop ball83 roomb left (1)
move roomb rooma (1)
pick ball84 rooma left (1)
move rooma roomb (1)
drop ball84 roomb left (1)
move roomb rooma (1)
pick ball86 rooma left (1)
move rooma roomb (1)
drop ball86 roomb left (1)
move roomb rooma (1)
pick ball87 rooma left (1)
move rooma roomb (1)
drop ball87 roomb left (1)
move roomb rooma (1)
pick ball88 rooma left (1)
move rooma roomb (1)
drop ball88 roomb left (1)
move roomb rooma (1)
pick ball89 rooma left (1)
pick ball9 rooma right (1)
move rooma roomb (1)
drop ball89 roomb left (1)
drop ball9 roomb right (1)
[t=7.45642s, 34992 KB] Plan length: 331 step(s).
[t=7.45642s, 34992 KB] Plan cost: 331
[t=7.45642s, 34992 KB] Timestamp: 1684314624796 millisecond(s).
[t=7.45642s, 34992 KB] Expanded 10528 state(s).
[t=7.45642s, 34992 KB] Reopened 0 state(s).
[t=7.45642s, 34992 KB] Evaluated 334196 state(s).
[t=7.45642s, 34992 KB] Evaluations: 334196
[t=7.45642s, 34992 KB] Generated 469382 state(s).
[t=7.45642s, 34992 KB] Dead ends: 0 state(s).
[t=7.45642s, 34992 KB] Number of registered states: 334196
[t=7.45642s, 34992 KB] Int hash set load factor: 334196/524288 = 0.637428
[t=7.45642s, 34992 KB] Int hash set resizes: 19
[t=7.45642s, 34992 KB] Search time: 7.4488s
[t=7.45642s, 34992 KB] Total time: 7.45642s
Solution found.
Peak memory: 34992 KB
Remove intermediate file output.sas
search exit code: 0

INFO     Running validate.
INFO     validate stdin: None
INFO     validate time limit: None
INFO     validate memory limit: None
INFO     validate command line string: validate domain.pddl problem.pddl sas_plan
Checking plan: sas_plan
Plan executed successfully - checking goal
Plan valid
Final value: 331 

Successful plans:
Value: 331
 sas_plan 331 

validate exit code: 0

INFO     Planner time: 7.66s
