INFO     planner time limit: 600s
INFO     planner memory limit: 3584 MB

INFO     Running translator.
INFO     translator stdin: None
INFO     translator time limit: 599s
INFO     translator memory limit: 3584 MB
INFO     translator command line string: /usr/local/downward-projects/downward/experiments/assign3/.venv/bin/python3 /usr/local/downward-projects/downward/experiments/assign3/data/assign3-anytime_exp/code-1fb14623350588fb782db39ad332c8a25eda53d6_e5e41175/builds/release/bin/translate/translate.py domain.pddl problem.pddl --sas-file output.sas
Parsing...
Parsing: [0.000s CPU, 0.003s wall-clock]
Normalizing task... [0.000s CPU, 0.000s wall-clock]
Instantiating...
Generating Datalog program... [0.000s CPU, 0.001s wall-clock]
Normalizing Datalog program...
Normalizing Datalog program: [0.000s CPU, 0.001s wall-clock]
Preparing model... [0.000s CPU, 0.002s wall-clock]
Generated 26 rules.
Computing model... [0.210s CPU, 0.204s wall-clock]
20716 relevant atoms
15996 auxiliary atoms
36712 final queue length
74214 total queue pushes
Completing instantiation... [0.720s CPU, 0.730s wall-clock]
Instantiating: [0.940s CPU, 0.946s wall-clock]
Computing fact groups...
Finding invariants...
9 initial candidates
Finding invariants: [0.010s CPU, 0.010s wall-clock]
Checking invariant weight... [0.000s CPU, 0.000s wall-clock]
Instantiating groups... [0.000s CPU, 0.003s wall-clock]
Collecting mutex groups... [0.000s CPU, 0.000s wall-clock]
Choosing groups...
0 uncovered facts
Choosing groups: [0.000s CPU, 0.001s wall-clock]
Building translation key... [0.000s CPU, 0.001s wall-clock]
Computing fact groups: [0.020s CPU, 0.018s wall-clock]
Building STRIPS to SAS dictionary... [0.000s CPU, 0.000s wall-clock]
Building dictionary for full mutex groups... [0.000s CPU, 0.000s wall-clock]
Building mutex information...
Building mutex information: [0.000s CPU, 0.000s wall-clock]
Translating task...
Processing axioms...
Simplifying axioms... [0.000s CPU, 0.000s wall-clock]
Translator axioms removed by simplifying: 0
Computing negative axioms... [0.000s CPU, 0.000s wall-clock]
Processing axioms: [0.030s CPU, 0.027s wall-clock]
Translating task: [0.630s CPU, 0.633s wall-clock]
0 effect conditions simplified
0 implied preconditions added
Detecting unreachable propositions...
0 operators removed
0 axioms removed
22 propositions removed
Detecting unreachable propositions: [0.400s CPU, 0.396s wall-clock]
Reordering and filtering variables...
22 of 22 variables necessary.
0 of 22 mutex groups necessary.
19496 of 19496 operators necessary.
0 of 0 axiom rules necessary.
Reordering and filtering variables: [0.060s CPU, 0.065s wall-clock]
Translator variables: 22
Translator derived variables: 0
Translator facts: 832
Translator goal facts: 14
Translator mutex groups: 0
Translator total mutex groups size: 0
Translator operators: 19496
Translator axioms: 0
Translator task size: 115804
Translator peak memory: 108912 KB
Writing output... [0.080s CPU, 0.087s wall-clock]
Done! [2.170s CPU, 2.182s wall-clock]
translate exit code: 0

INFO     Running search (release).
INFO     search stdin: output.sas
INFO     search time limit: 597s
INFO     search memory limit: 3584 MB
INFO     search command line string: /usr/local/downward-projects/downward/experiments/assign3/data/assign3-anytime_exp/code-1fb14623350588fb782db39ad332c8a25eda53d6_e5e41175/builds/release/bin/downward --evaluator 'h=lmcut()' --search 'iterated([
            lazy_wastar([h],w=5),
            lazy_wastar([h],w=4),
            lazy_wastar([h],w=3),
            lazy_wastar([h],w=2),
            astar(h)
        ],continue_on_fail=true)' --internal-plan-file sas_plan < output.sas
[t=0.00352591s, 10884 KB] reading input...
[t=0.0794801s, 17060 KB] done reading input!
[t=0.0914453s, 22184 KB] Initializing landmark cut heuristic...
[t=0.0937391s, 22184 KB] Building successor generator...done!
[t=0.103293s, 26040 KB] peak memory difference for successor generator creation: 3856 KB
[t=0.103379s, 26040 KB] time for successor generation creation: 0.0054982s
[t=0.103405s, 26040 KB] Variables: 22
[t=0.103436s, 26040 KB] FactPairs: 832
[t=0.103459s, 26040 KB] Bytes per state: 16
[t=0.103482s, 26040 KB] Start Timestep: 1682031153875 millisecond(s).
[t=0.103589s, 26040 KB] Building successor generator...done!
[t=0.103685s, 26040 KB] peak memory difference for successor generator creation: 0 KB
[t=0.103725s, 26040 KB] time for successor generation creation: 0s
[t=0.103749s, 26040 KB] Variables: 22
[t=0.103774s, 26040 KB] FactPairs: 832
[t=0.103798s, 26040 KB] Bytes per state: 16
[t=0.103822s, 26040 KB] Starting search: lazy_wastar([h],w=5)
[t=0.103858s, 26040 KB] Conducting lazy best first search, (real) bound = 2147483647
[t=0.103882s, 26040 KB] Start Timestep: 1682031153876 millisecond(s).
[t=0.159188s, 26040 KB] New best heuristic value for lmcut(): 473
[t=0.16072s, 26040 KB] g=0, 1 evaluated, 0 expanded
[t=0.16075s, 26040 KB] Initial heuristic value for lmcut(): 473
[t=0.291117s, 26040 KB] New best heuristic value for lmcut(): 466
[t=0.293542s, 26040 KB] g=25, 3 evaluated, 2 expanded
[t=0.359054s, 26040 KB] New best heuristic value for lmcut(): 458
[t=0.359216s, 26040 KB] g=60, 4 evaluated, 3 expanded
[t=0.602955s, 26040 KB] New best heuristic value for lmcut(): 451
[t=0.6055s, 26040 KB] g=84, 8 evaluated, 7 expanded
[t=0.666619s, 26040 KB] New best heuristic value for lmcut(): 440
[t=0.667266s, 26040 KB] g=119, 9 evaluated, 8 expanded
[t=1.23033s, 26040 KB] New best heuristic value for lmcut(): 427
[t=1.23441s, 26040 KB] g=153, 18 evaluated, 17 expanded
[t=2.15021s, 26040 KB] New best heuristic value for lmcut(): 425
[t=2.15098s, 26040 KB] g=164, 32 evaluated, 31 expanded
[t=2.35013s, 26040 KB] New best heuristic value for lmcut(): 422
[t=2.35074s, 26040 KB] g=169, 35 evaluated, 34 expanded
[t=3.32995s, 26040 KB] New best heuristic value for lmcut(): 414
[t=3.3338s, 26040 KB] g=180, 50 evaluated, 49 expanded
[t=4.23385s, 26040 KB] New best heuristic value for lmcut(): 413
[t=4.23462s, 26040 KB] g=181, 64 evaluated, 63 expanded
[t=14.2366s, 26040 KB] New best heuristic value for lmcut(): 411
[t=14.2402s, 26040 KB] g=170, 261 evaluated, 260 expanded, 45 reopened
[t=15.2165s, 26040 KB] New best heuristic value for lmcut(): 409
[t=15.2201s, 26040 KB] g=181, 276 evaluated, 275 expanded, 45 reopened
[t=16.4563s, 26040 KB] New best heuristic value for lmcut(): 408
[t=16.4565s, 26040 KB] g=182, 295 evaluated, 294 expanded, 45 reopened
[t=17.0362s, 26040 KB] New best heuristic value for lmcut(): 401
[t=17.0382s, 26040 KB] g=200, 304 evaluated, 303 expanded, 45 reopened
[t=17.3641s, 26040 KB] New best heuristic value for lmcut(): 397
[t=17.368s, 26040 KB] g=232, 309 evaluated, 308 expanded, 45 reopened
Peak memory: 27408 KB
caught signal 24 -- exiting
Time limit has been reached.
Remove intermediate file output.sas
search exit code: 23

Driver aborting after search
INFO     Planner time: 599.11s
