INFO     planner time limit: 600s
INFO     planner memory limit: 3584 MB

INFO     Running translator.
INFO     translator stdin: None
INFO     translator time limit: 599s
INFO     translator memory limit: 3584 MB
INFO     translator command line string: /usr/local/downward-projects/downward/experiments/src/thesis/.venv/bin/python3 /usr/local/downward-projects/downward/experiments/src/thesis/data/thesis-thesis_exp/code-84c08dfff1890fbf6247184940c8166177195ea1_e5e41175/builds/release/bin/translate/translate.py domain.pddl problem.pddl --sas-file output.sas
Parsing...
Parsing: [0.000s CPU, 0.006s wall-clock]
Normalizing task... [0.000s CPU, 0.000s wall-clock]
Instantiating...
Generating Datalog program... [0.020s CPU, 0.001s wall-clock]
Normalizing Datalog program...
Normalizing Datalog program: [0.000s CPU, 0.006s wall-clock]
Preparing model... [0.010s CPU, 0.004s wall-clock]
Generated 198 rules.
Computing model... [0.160s CPU, 0.170s wall-clock]
9384 relevant atoms
14267 auxiliary atoms
23651 final queue length
55574 total queue pushes
Completing instantiation... [0.420s CPU, 0.427s wall-clock]
Instantiating: [0.620s CPU, 0.616s wall-clock]
Computing fact groups...
Finding invariants...
24 initial candidates
Finding invariants: [0.020s CPU, 0.014s wall-clock]
Checking invariant weight... [0.000s CPU, 0.001s wall-clock]
Instantiating groups... [0.010s CPU, 0.009s wall-clock]
Collecting mutex groups... [0.000s CPU, 0.000s wall-clock]
Choosing groups...
353 uncovered facts
Choosing groups: [0.000s CPU, 0.001s wall-clock]
Building translation key... [0.000s CPU, 0.001s wall-clock]
Computing fact groups: [0.030s CPU, 0.030s wall-clock]
Building STRIPS to SAS dictionary... [0.000s CPU, 0.001s wall-clock]
Building dictionary for full mutex groups... [0.000s CPU, 0.001s wall-clock]
Building mutex information...
Building mutex information: [0.010s CPU, 0.001s wall-clock]
Translating task...
Processing axioms...
Simplifying axioms... [0.000s CPU, 0.000s wall-clock]
Translator axioms removed by simplifying: 0
Computing negative axioms... [0.000s CPU, 0.000s wall-clock]
Processing axioms: [0.010s CPU, 0.016s wall-clock]
Translating task: [0.370s CPU, 0.376s wall-clock]
4463 effect conditions simplified
0 implied preconditions added
Detecting unreachable propositions...
0 operators removed
0 axioms removed
112 propositions removed
Detecting unreachable propositions: [0.260s CPU, 0.262s wall-clock]
Reordering and filtering variables...
391 of 402 variables necessary.
92 of 126 mutex groups necessary.
8166 of 8166 operators necessary.
0 of 0 axiom rules necessary.
Reordering and filtering variables: [0.080s CPU, 0.077s wall-clock]
Translator variables: 391
Translator derived variables: 0
Translator facts: 1096
Translator goal facts: 106
Translator mutex groups: 92
Translator total mutex groups size: 319
Translator operators: 8166
Translator axioms: 0
Translator task size: 70650
Translator peak memory: 79076 KB
Writing output... [0.060s CPU, 0.058s wall-clock]
Done! [1.450s CPU, 1.451s wall-clock]
translate exit code: 0

INFO     Running search (release).
INFO     search stdin: output.sas
INFO     search time limit: 598s
INFO     search memory limit: 3584 MB
INFO     search command line string: /usr/local/downward-projects/downward/experiments/src/thesis/data/thesis-thesis_exp/code-84c08dfff1890fbf6247184940c8166177195ea1_e5e41175/builds/release/bin/downward --evaluator 'h=ff()' --search 'eager(partition(h, lwm_partition(), inter_uniform(), intra_uniform() )) ' --internal-plan-file sas_plan < output.sas
[t=0s, 11732 KB] reading input...
[t=0.0399592s, 14876 KB] done reading input!
[t=0.0439147s, 17396 KB] Simplifying 33238 unary operators... done! [14460 unary operators]
[t=0.0694662s, 19536 KB] time to simplify: 0.0255515s
[t=0.0713009s, 19536 KB] Initializing additive heuristic...
[t=0.0717601s, 19536 KB] Initializing FF heuristic...
[t=0.0717904s, 19536 KB] Building successor generator...done!
[t=0.0743592s, 19536 KB] peak memory difference for successor generator creation: 0 KB
[t=0.0744277s, 19536 KB] time for successor generation creation: 0s
[t=0.0744534s, 19536 KB] Variables: 391
[t=0.0744849s, 19536 KB] FactPairs: 1096
[t=0.0745076s, 19536 KB] Bytes per state: 68
[t=0.07453s, 19536 KB] Conducting best first search without reopening closed nodes, (real) bound = 2147483647
[t=0.0745837s, 19536 KB] New best heuristic value for ff(): 2585
[t=0.0748865s, 19536 KB] g=0, 1 evaluated, 0 expanded
[t=0.0749132s, 19536 KB] Initial heuristic value for ff(): 2585
[t=0.0749436s, 19536 KB] pruning method: none
[t=0.0749671s, 19536 KB] Start Timestep: 1693678528773 millisecond(s).
[t=0.0750142s, 19536 KB] New best heuristic value for ff(): 2560
[t=0.0752436s, 19536 KB] g=15, 2 evaluated, 1 expanded
[t=0.0755269s, 19536 KB] New best heuristic value for ff(): 2555
[t=0.0757485s, 19536 KB] g=30, 5 evaluated, 1 expanded
[t=0.0757758s, 19536 KB] New best heuristic value for ff(): 2105
[t=0.0761074s, 19536 KB] g=30, 7 evaluated, 1 expanded
[t=0.0834752s, 19536 KB] New best heuristic value for ff(): 1445
[t=0.0875107s, 19536 KB] g=30, 93 evaluated, 1 expanded
[t=0.155415s, 19536 KB] New best heuristic value for ff(): 1420
[t=0.156078s, 19536 KB] g=45, 574 evaluated, 3 expanded
[t=0.156109s, 19536 KB] New best heuristic value for ff(): 1415
[t=0.156753s, 19536 KB] g=60, 577 evaluated, 3 expanded
[t=0.163312s, 19536 KB] New best heuristic value for ff(): 1405
[t=0.164235s, 19536 KB] g=60, 626 evaluated, 3 expanded
[t=0.164265s, 19536 KB] New best heuristic value for ff(): 1395
[t=0.165083s, 19536 KB] g=60, 631 evaluated, 3 expanded
[t=0.203231s, 19536 KB] New best heuristic value for ff(): 1385
[t=0.206976s, 19536 KB] g=90, 900 evaluated, 4 expanded
[t=0.207165s, 19536 KB] New best heuristic value for ff(): 1375
[t=0.207896s, 19536 KB] g=90, 905 evaluated, 4 expanded
[t=2.02987s, 19536 KB] New best heuristic value for ff(): 1370
[t=2.03364s, 19536 KB] g=100, 7507 evaluated, 25 expanded
[t=2.0338s, 19536 KB] New best heuristic value for ff(): 1360
[t=2.03574s, 19536 KB] g=100, 7512 evaluated, 25 expanded
[t=2.2697s, 19752 KB] New best heuristic value for ff(): 1355
[t=2.27087s, 19752 KB] g=115, 8046 evaluated, 27 expanded
[t=2.30163s, 19752 KB] New best heuristic value for ff(): 1340
[t=2.30227s, 19752 KB] g=130, 8106 evaluated, 27 expanded
[t=2.3023s, 19752 KB] New best heuristic value for ff(): 1330
[t=2.30444s, 19752 KB] g=130, 8111 evaluated, 27 expanded
[t=3.23722s, 20152 KB] New best heuristic value for ff(): 1325
[t=3.2395s, 20152 KB] g=145, 10051 evaluated, 33 expanded
[t=3.27714s, 20152 KB] New best heuristic value for ff(): 1310
[t=3.27785s, 20152 KB] g=160, 10110 evaluated, 33 expanded
[t=3.27789s, 20152 KB] New best heuristic value for ff(): 1300
[t=3.2804s, 20152 KB] g=160, 10115 evaluated, 33 expanded
Peak memory: 43804 KB
caught signal 24 -- exiting
Time limit has been reached.
Remove intermediate file output.sas
search exit code: 23

Driver aborting after search
INFO     Planner time: 598.55s
