INFO     planner time limit: 900s
INFO     planner memory limit: 3584 MB

INFO     Running translator.
INFO     translator stdin: None
INFO     translator time limit: 899s
INFO     translator memory limit: 3584 MB
INFO     translator command line string: /usr/local/downward-projects/downward/experiments/.venv/bin/python3 /usr/local/downward-projects/downward/experiments/src/thesis/data/thesis-thesis_exp/code-492c46a6b9a8d722366a407090da84235e2f79dc_e5e41175/builds/release/bin/translate/translate.py domain.pddl problem.pddl --sas-file output.sas
Parsing...
Parsing: [0.010s CPU, 0.005s wall-clock]
Normalizing task... [0.000s CPU, 0.000s wall-clock]
Instantiating...
Generating Datalog program... [0.000s CPU, 0.003s wall-clock]
Normalizing Datalog program...
Normalizing Datalog program: [0.000s CPU, 0.002s wall-clock]
Preparing model... [0.010s CPU, 0.008s wall-clock]
Generated 51 rules.
Computing model... [0.790s CPU, 0.797s wall-clock]
63589 relevant atoms
52684 auxiliary atoms
116273 final queue length
153113 total queue pushes
Completing instantiation... [1.590s CPU, 1.592s wall-clock]
Instantiating: [2.430s CPU, 2.437s wall-clock]
Computing fact groups...
Finding invariants...
6 initial candidates
Finding invariants: [0.010s CPU, 0.009s wall-clock]
Checking invariant weight... [0.000s CPU, 0.001s wall-clock]
Instantiating groups... [0.050s CPU, 0.050s wall-clock]
Collecting mutex groups... [0.000s CPU, 0.008s wall-clock]
Choosing groups...
0 uncovered facts
Choosing groups: [0.030s CPU, 0.022s wall-clock]
Building translation key... [0.010s CPU, 0.009s wall-clock]
Computing fact groups: [0.170s CPU, 0.163s wall-clock]
Building STRIPS to SAS dictionary... [0.000s CPU, 0.008s wall-clock]
Building dictionary for full mutex groups... [0.010s CPU, 0.005s wall-clock]
Building mutex information...
Building mutex information: [0.000s CPU, 0.003s wall-clock]
Translating task...
Processing axioms...
Simplifying axioms... [0.000s CPU, 0.000s wall-clock]
Translator axioms removed by simplifying: 0
Computing negative axioms... [0.000s CPU, 0.000s wall-clock]
Processing axioms: [0.050s CPU, 0.049s wall-clock]
Translating task: [1.190s CPU, 1.198s wall-clock]
0 effect conditions simplified
0 implied preconditions added
Detecting unreachable propositions...
0 operators removed
0 axioms removed
60 propositions removed
Detecting unreachable propositions: [0.740s CPU, 0.735s wall-clock]
Reordering and filtering variables...
60 of 60 variables necessary.
0 of 60 mutex groups necessary.
48532 of 48532 operators necessary.
0 of 0 axiom rules necessary.
Reordering and filtering variables: [0.080s CPU, 0.085s wall-clock]
Translator variables: 60
Translator derived variables: 0
Translator facts: 12434
Translator goal facts: 26
Translator mutex groups: 0
Translator total mutex groups size: 0
Translator operators: 48532
Translator axioms: 0
Translator task size: 193580
Translator peak memory: 181652 KB
Writing output... [0.160s CPU, 0.168s wall-clock]
Done! [4.850s CPU, 4.865s wall-clock]
translate exit code: 0

INFO     Running search (release).
INFO     search stdin: output.sas
INFO     search time limit: 895s
INFO     search memory limit: 3584 MB
INFO     search command line string: /usr/local/downward-projects/downward/experiments/src/thesis/data/thesis-thesis_exp/code-492c46a6b9a8d722366a407090da84235e2f79dc_e5e41175/builds/release/bin/downward --evaluator 'h=ff()' --search 'eager(type_based([h, g()]))' --internal-plan-file sas_plan < output.sas
[t=0s, 11200 KB] reading input...
[t=0.111794s, 23484 KB] done reading input!
[t=0.12374s, 26128 KB] Simplifying 48532 unary operators... done! [48532 unary operators]
[t=0.151574s, 30480 KB] time to simplify: 0.0278336s
[t=0.154857s, 30480 KB] Initializing additive heuristic...
[t=0.155316s, 30480 KB] Initializing FF heuristic...
[t=0.155345s, 30480 KB] Building successor generator...done!
[t=0.175272s, 35108 KB] peak memory difference for successor generator creation: 4628 KB
[t=0.175367s, 35108 KB] time for successor generation creation: 0.0160256s
[t=0.175393s, 35108 KB] Variables: 60
[t=0.176361s, 35108 KB] FactPairs: 12434
[t=0.176385s, 35108 KB] Bytes per state: 52
[t=0.176408s, 35108 KB] Conducting best first search without reopening closed nodes, (real) bound = 2147483647
[t=0.17647s, 35108 KB] New best heuristic value for ff(): 230
[t=0.177575s, 35108 KB] g=0, 1 evaluated, 0 expanded
[t=0.177602s, 35108 KB] Initial heuristic value for ff(): 230
[t=0.177631s, 35108 KB] pruning method: none
[t=0.177655s, 35108 KB] Start Timestep: 1685501627292 millisecond(s).
[t=0.195259s, 35108 KB] New best heuristic value for ff(): 229
[t=0.198364s, 35108 KB] g=1, 38 evaluated, 1 expanded
[t=0.406938s, 35108 KB] New best heuristic value for ff(): 228
[t=0.407507s, 35108 KB] g=1, 414 evaluated, 1 expanded
[t=0.802324s, 35108 KB] New best heuristic value for ff(): 227
[t=0.802595s, 35108 KB] g=2, 1118 evaluated, 2 expanded
[t=1.26557s, 35108 KB] New best heuristic value for ff(): 226
[t=1.26601s, 35108 KB] g=3, 1942 evaluated, 4 expanded
[t=1.50518s, 35108 KB] New best heuristic value for ff(): 225
[t=1.50902s, 35108 KB] g=3, 2373 evaluated, 4 expanded
[t=2.55568s, 35108 KB] New best heuristic value for ff(): 224
[t=2.55828s, 35108 KB] g=4, 4237 evaluated, 7 expanded
[t=9.6958s, 35108 KB] New best heuristic value for ff(): 223
[t=9.6978s, 35108 KB] g=6, 16993 evaluated, 28 expanded
[t=10.7583s, 35108 KB] New best heuristic value for ff(): 222
[t=10.7623s, 35108 KB] g=7, 18876 evaluated, 31 expanded
[t=14.9829s, 35108 KB] New best heuristic value for ff(): 221
[t=14.9857s, 35108 KB] g=8, 26413 evaluated, 43 expanded
[t=24.1257s, 36036 KB] New best heuristic value for ff(): 220
[t=24.1262s, 36036 KB] g=9, 42734 evaluated, 69 expanded
[t=46.0586s, 39420 KB] New best heuristic value for ff(): 219
[t=46.0601s, 39420 KB] g=11, 81670 evaluated, 131 expanded
[t=50.6231s, 40092 KB] New best heuristic value for ff(): 218
[t=50.6246s, 40092 KB] g=12, 89832 evaluated, 144 expanded
[t=170.976s, 59524 KB] New best heuristic value for ff(): 217
[t=170.978s, 59524 KB] g=16, 303461 evaluated, 484 expanded
[t=180.045s, 60744 KB] New best heuristic value for ff(): 216
[t=180.045s, 60744 KB] g=17, 319172 evaluated, 509 expanded
[t=197.305s, 63056 KB] New best heuristic value for ff(): 215
[t=197.305s, 63056 KB] g=18, 348727 evaluated, 556 expanded
[t=295.307s, 79892 KB] New best heuristic value for ff(): 214
[t=295.307s, 79892 KB] g=19, 518258 evaluated, 826 expanded
[t=393.865s, 93268 KB] New best heuristic value for ff(): 213
[t=393.868s, 93268 KB] g=21, 693507 evaluated, 1105 expanded
[t=394.573s, 93404 KB] New best heuristic value for ff(): 212
[t=394.576s, 93404 KB] g=22, 694764 evaluated, 1107 expanded
[t=563.95s, 125116 KB] New best heuristic value for ff(): 211
[t=563.951s, 125116 KB] g=24, 995637 evaluated, 1586 expanded
[t=797.106s, 156344 KB] New best heuristic value for ff(): 210
[t=797.107s, 156344 KB] g=24, 1412262 evaluated, 2249 expanded
Peak memory: 169432 KB
caught signal 24 -- exiting
Time limit has been reached.
Remove intermediate file output.sas
search exit code: 23

Driver aborting after search
INFO     Planner time: 898.80s
