INFO     planner time limit: 600s
INFO     planner memory limit: 3584 MB

INFO     Running translator.
INFO     translator stdin: None
INFO     translator time limit: 599s
INFO     translator memory limit: 3584 MB
INFO     translator command line string: /usr/local/downward-projects/downward/experiments/assign3/.venv/bin/python3 /usr/local/downward-projects/downward/experiments/assign3/data/assign3-anytime_exp/code-1fb14623350588fb782db39ad332c8a25eda53d6_e5e41175/builds/release/bin/translate/translate.py domain.pddl problem.pddl --sas-file output.sas
Parsing...
Parsing: [0.010s CPU, 0.003s wall-clock]
Normalizing task... [0.000s CPU, 0.000s wall-clock]
Instantiating...
Generating Datalog program... [0.000s CPU, 0.001s wall-clock]
Normalizing Datalog program...
Normalizing Datalog program: [0.000s CPU, 0.002s wall-clock]
Preparing model... [0.010s CPU, 0.003s wall-clock]
Generated 38 rules.
Computing model... [0.010s CPU, 0.019s wall-clock]
1174 relevant atoms
1910 auxiliary atoms
3084 final queue length
3806 total queue pushes
Completing instantiation... [0.020s CPU, 0.013s wall-clock]
Instantiating: [0.040s CPU, 0.039s wall-clock]
Computing fact groups...
Finding invariants...
7 initial candidates
Finding invariants: [0.000s CPU, 0.005s wall-clock]
Checking invariant weight... [0.000s CPU, 0.000s wall-clock]
Instantiating groups... [0.010s CPU, 0.005s wall-clock]
Collecting mutex groups... [0.000s CPU, 0.000s wall-clock]
Choosing groups...
61 uncovered facts
Choosing groups: [0.000s CPU, 0.001s wall-clock]
Building translation key... [0.000s CPU, 0.000s wall-clock]
Computing fact groups: [0.010s CPU, 0.012s wall-clock]
Building STRIPS to SAS dictionary... [0.000s CPU, 0.000s wall-clock]
Building dictionary for full mutex groups... [0.000s CPU, 0.000s wall-clock]
Building mutex information...
Building mutex information: [0.000s CPU, 0.000s wall-clock]
Translating task...
Processing axioms...
Simplifying axioms... [0.000s CPU, 0.000s wall-clock]
Translator axioms removed by simplifying: 0
Computing negative axioms... [0.000s CPU, 0.000s wall-clock]
Processing axioms: [0.000s CPU, 0.001s wall-clock]
Translating task: [0.010s CPU, 0.013s wall-clock]
536 effect conditions simplified
0 implied preconditions added
Detecting unreachable propositions...
0 operators removed
0 axioms removed
35 propositions removed
Detecting unreachable propositions: [0.010s CPU, 0.007s wall-clock]
Reordering and filtering variables...
51 of 51 variables necessary.
42 of 47 mutex groups necessary.
332 of 332 operators necessary.
0 of 0 axiom rules necessary.
Reordering and filtering variables: [0.000s CPU, 0.003s wall-clock]
Translator variables: 51
Translator derived variables: 0
Translator facts: 274
Translator goal facts: 4
Translator mutex groups: 42
Translator total mutex groups size: 224
Translator operators: 332
Translator axioms: 0
Translator task size: 3217
Translator peak memory: 34244 KB
Writing output... [0.010s CPU, 0.003s wall-clock]
Done! [0.090s CPU, 0.082s wall-clock]
translate exit code: 0

INFO     Running search (release).
INFO     search stdin: output.sas
INFO     search time limit: 599s
INFO     search memory limit: 3584 MB
INFO     search command line string: /usr/local/downward-projects/downward/experiments/assign3/data/assign3-anytime_exp/code-1fb14623350588fb782db39ad332c8a25eda53d6_e5e41175/builds/release/bin/downward --evaluator 'h=lmcut()' --search 'eager_anytime(alt(
        [single(weight(h, 2, verbosity=normal)), type_based([h, g()], random_seed=1234)]), 
        reopen_closed=true, f_eval=sum([h, g()]))' --internal-plan-file sas_plan < output.sas
[t=0.00105147s, 10884 KB] reading input...
[t=0.00312649s, 11008 KB] done reading input!
[t=0.00521163s, 11404 KB] Initializing landmark cut heuristic...
[t=0.0058486s, 11404 KB] Building successor generator...done!
[t=0.00612892s, 11404 KB] peak memory difference for successor generator creation: 0 KB
[t=0.00617808s, 11404 KB] time for successor generation creation: 0.000156543s
[t=0.00621074s, 11404 KB] Variables: 51
[t=0.00623964s, 11404 KB] FactPairs: 274
[t=0.00626316s, 11404 KB] Bytes per state: 12
[t=0.00628757s, 11404 KB] Conducting best first anytime search with reopening closed nodes, (real) bound = 2147483647
[t=0.00634324s, 11404 KB] New best heuristic value for lmcut(): 28
[t=0.00658045s, 11404 KB] g=0, 1 evaluated, 0 expanded
[t=0.00660677s, 11404 KB] Initial heuristic value for lmcut(): 28
[t=0.00663632s, 11404 KB] Start Timestep: 1681952715476 millisecond(s).
[t=0.0113417s, 11404 KB] New best heuristic value for lmcut(): 27
[t=0.0118262s, 11404 KB] g=1, 30 evaluated, 29 expanded
[t=0.0123599s, 11404 KB] New best heuristic value for lmcut(): 26
[t=0.0125925s, 11404 KB] g=2, 34 evaluated, 30 expanded
[t=0.0144389s, 11404 KB] New best heuristic value for lmcut(): 25
[t=0.015392s, 11404 KB] g=2, 50 evaluated, 44 expanded
[t=0.024926s, 11404 KB] New best heuristic value for lmcut(): 23
[t=0.0252358s, 11404 KB] g=4, 108 evaluated, 95 expanded
[t=0.0290508s, 11404 KB] New best heuristic value for lmcut(): 22
[t=0.0295502s, 11404 KB] g=5, 134 evaluated, 113 expanded
[t=0.0404531s, 11404 KB] New best heuristic value for lmcut(): 21
[t=0.0411319s, 11404 KB] g=8, 206 evaluated, 177 expanded
[t=0.0414696s, 11404 KB] New best heuristic value for lmcut(): 20
[t=0.0416396s, 11404 KB] g=9, 209 evaluated, 178 expanded
[t=0.0416658s, 11404 KB] New best heuristic value for lmcut(): 19
[t=0.0422682s, 11404 KB] g=10, 213 evaluated, 180 expanded
[t=0.0592845s, 11404 KB] New best heuristic value for lmcut(): 18
[t=0.0598388s, 11404 KB] g=15, 331 evaluated, 306 expanded, 15 reopened
[t=0.0598677s, 11404 KB] New best heuristic value for lmcut(): 17
[t=0.0603098s, 11404 KB] g=16, 334 evaluated, 308 expanded, 15 reopened
[t=0.0875258s, 11404 KB] New best heuristic value for lmcut(): 16
[t=0.088387s, 11404 KB] g=19, 564 evaluated, 518 expanded, 22 reopened
[t=0.0927518s, 11404 KB] New best heuristic value for lmcut(): 15
[t=0.0931453s, 11404 KB] g=20, 606 evaluated, 557 expanded, 24 reopened
[t=0.0969288s, 11404 KB] New best heuristic value for lmcut(): 14
[t=0.0970244s, 11404 KB] g=21, 640 evaluated, 579 expanded, 25 reopened
[t=0.106363s, 11404 KB] New best heuristic value for lmcut(): 13
[t=0.107096s, 11404 KB] g=24, 736 evaluated, 661 expanded, 26 reopened
[t=0.122103s, 11404 KB] New best heuristic value for lmcut(): 12
[t=0.122789s, 11404 KB] g=27, 886 evaluated, 807 expanded, 29 reopened
[t=0.123124s, 11404 KB] New best heuristic value for lmcut(): 11
[t=0.123654s, 11404 KB] g=29, 894 evaluated, 813 expanded, 29 reopened
[t=0.12438s, 11404 KB] New best heuristic value for lmcut(): 10
[t=0.124861s, 11404 KB] g=30, 908 evaluated, 823 expanded, 29 reopened
[t=0.128282s, 11540 KB] New best heuristic value for lmcut(): 9
[t=0.12913s, 11540 KB] g=32, 957 evaluated, 866 expanded, 32 reopened
[t=0.130351s, 11540 KB] New best heuristic value for lmcut(): 8
[t=0.130904s, 11540 KB] g=33, 978 evaluated, 883 expanded, 32 reopened
[t=0.140031s, 11540 KB] New best heuristic value for lmcut(): 7
[t=0.140558s, 11540 KB] g=36, 1103 evaluated, 993 expanded, 33 reopened
[t=0.140694s, 11540 KB] New best heuristic value for lmcut(): 6
[t=0.140762s, 11540 KB] g=37, 1106 evaluated, 994 expanded, 33 reopened
[t=0.165902s, 11540 KB] New best heuristic value for lmcut(): 5
[t=0.166774s, 11540 KB] g=42, 1462 evaluated, 1336 expanded, 41 reopened
[t=0.17007s, 11540 KB] New best heuristic value for lmcut(): 4
[t=0.170289s, 11540 KB] g=42, 1521 evaluated, 1385 expanded, 42 reopened
[t=0.434079s, 11704 KB] New best heuristic value for lmcut(): 3
[t=0.43498s, 11704 KB] g=47, 4468 evaluated, 5483 expanded, 1344 reopened
[t=5.59358s, 15260 KB] New best heuristic value for lmcut(): 2
[t=5.59391s, 15260 KB] g=59, 57704 evaluated, 120605 expanded, 65864 reopened
[t=5.59394s, 15260 KB] New best heuristic value for lmcut(): 1
[t=5.594s, 15260 KB] g=60, 57705 evaluated, 120607 expanded, 65865 reopened
[t=5.59403s, 15260 KB] New best heuristic value for lmcut(): 0
[t=5.59409s, 15260 KB] g=61, 57707 evaluated, 120608 expanded, 65865 reopened
[t=5.59412s, 15260 KB] Solution found!
move player-01 pos-07-03 pos-06-03 dir-left (0)
move player-01 pos-06-03 pos-06-02 dir-up (0)
move player-01 pos-06-02 pos-05-02 dir-left (0)
move player-01 pos-05-02 pos-04-02 dir-left (0)
move player-01 pos-04-02 pos-03-02 dir-left (0)
move player-01 pos-03-02 pos-02-02 dir-left (0)
move player-01 pos-02-02 pos-02-03 dir-down (0)
move player-01 pos-02-03 pos-02-04 dir-down (0)
move player-01 pos-02-04 pos-03-04 dir-right (0)
move player-01 pos-03-04 pos-03-05 dir-down (0)
move player-01 pos-03-05 pos-04-05 dir-right (0)
move player-01 pos-04-05 pos-04-06 dir-down (0)
move player-01 pos-04-06 pos-05-06 dir-right (0)
move player-01 pos-05-06 pos-06-06 dir-right (0)
move player-01 pos-06-06 pos-07-06 dir-right (0)
move player-01 pos-07-06 pos-08-06 dir-right (0)
push-to-nongoal player-01 stone-01 pos-08-06 pos-08-05 pos-08-04 dir-up (1)
push-to-nongoal player-01 stone-01 pos-08-05 pos-08-04 pos-08-03 dir-up (1)
move player-01 pos-08-04 pos-08-05 dir-down (0)
move player-01 pos-08-05 pos-07-05 dir-left (0)
move player-01 pos-07-05 pos-07-06 dir-down (0)
move player-01 pos-07-06 pos-06-06 dir-left (0)
move player-01 pos-06-06 pos-05-06 dir-left (0)
move player-01 pos-05-06 pos-04-06 dir-left (0)
move player-01 pos-04-06 pos-04-05 dir-up (0)
move player-01 pos-04-05 pos-03-05 dir-left (0)
move player-01 pos-03-05 pos-03-04 dir-up (0)
move player-01 pos-03-04 pos-02-04 dir-left (0)
move player-01 pos-02-04 pos-02-03 dir-up (0)
move player-01 pos-02-03 pos-02-02 dir-up (0)
move player-01 pos-02-02 pos-03-02 dir-right (0)
move player-01 pos-03-02 pos-04-02 dir-right (0)
move player-01 pos-04-02 pos-04-03 dir-down (0)
move player-01 pos-04-03 pos-05-03 dir-right (0)
move player-01 pos-05-03 pos-06-03 dir-right (0)
move player-01 pos-06-03 pos-07-03 dir-right (0)
push-to-nongoal player-01 stone-01 pos-07-03 pos-08-03 pos-09-03 dir-right (1)
move player-01 pos-08-03 pos-08-02 dir-up (0)
move player-01 pos-08-02 pos-09-02 dir-right (0)
move player-01 pos-09-02 pos-10-02 dir-right (0)
move player-01 pos-10-02 pos-10-03 dir-down (0)
push-to-nongoal player-01 stone-01 pos-10-03 pos-09-03 pos-08-03 dir-left (1)
push-to-nongoal player-01 stone-01 pos-09-03 pos-08-03 pos-07-03 dir-left (1)
push-to-nongoal player-01 stone-01 pos-08-03 pos-07-03 pos-06-03 dir-left (1)
push-to-nongoal player-01 stone-01 pos-07-03 pos-06-03 pos-05-03 dir-left (1)
move player-01 pos-06-03 pos-06-04 dir-down (0)
move player-01 pos-06-04 pos-05-04 dir-left (0)
push-to-nongoal player-01 stone-01 pos-05-04 pos-05-03 pos-05-02 dir-up (1)
move player-01 pos-05-03 pos-06-03 dir-right (0)
move player-01 pos-06-03 pos-07-03 dir-right (0)
move player-01 pos-07-03 pos-08-03 dir-right (0)
move player-01 pos-08-03 pos-08-04 dir-down (0)
move player-01 pos-08-04 pos-08-05 dir-down (0)
move player-01 pos-08-05 pos-08-06 dir-down (0)
move player-01 pos-08-06 pos-09-06 dir-right (0)
move player-01 pos-09-06 pos-10-06 dir-right (0)
move player-01 pos-10-06 pos-10-05 dir-up (0)
push-to-nongoal player-01 stone-02 pos-10-05 pos-09-05 pos-08-05 dir-left (1)
move player-01 pos-09-05 pos-10-05 dir-right (0)
move player-01 pos-10-05 pos-10-06 dir-down (0)
move player-01 pos-10-06 pos-11-06 dir-right (0)
move player-01 pos-11-06 pos-12-06 dir-right (0)
move player-01 pos-12-06 pos-12-05 dir-up (0)
push-to-nongoal player-01 stone-03 pos-12-05 pos-11-05 pos-10-05 dir-left (1)
push-to-nongoal player-01 stone-03 pos-11-05 pos-10-05 pos-09-05 dir-left (1)
move player-01 pos-10-05 pos-10-06 dir-down (0)
move player-01 pos-10-06 pos-09-06 dir-left (0)
move player-01 pos-09-06 pos-08-06 dir-left (0)
push-to-nongoal player-01 stone-02 pos-08-06 pos-08-05 pos-08-04 dir-up (1)
push-to-nongoal player-01 stone-02 pos-08-05 pos-08-04 pos-08-03 dir-up (1)
move player-01 pos-08-04 pos-08-05 dir-down (0)
move player-01 pos-08-05 pos-08-06 dir-down (0)
move player-01 pos-08-06 pos-07-06 dir-left (0)
move player-01 pos-07-06 pos-06-06 dir-left (0)
move player-01 pos-06-06 pos-05-06 dir-left (0)
move player-01 pos-05-06 pos-04-06 dir-left (0)
move player-01 pos-04-06 pos-04-05 dir-up (0)
move player-01 pos-04-05 pos-03-05 dir-left (0)
move player-01 pos-03-05 pos-03-04 dir-up (0)
move player-01 pos-03-04 pos-02-04 dir-left (0)
move player-01 pos-02-04 pos-02-03 dir-up (0)
move player-01 pos-02-03 pos-02-02 dir-up (0)
move player-01 pos-02-02 pos-03-02 dir-right (0)
move player-01 pos-03-02 pos-04-02 dir-right (0)
move player-01 pos-04-02 pos-04-03 dir-down (0)
move player-01 pos-04-03 pos-05-03 dir-right (0)
move player-01 pos-05-03 pos-06-03 dir-right (0)
move player-01 pos-06-03 pos-07-03 dir-right (0)
push-to-nongoal player-01 stone-02 pos-07-03 pos-08-03 pos-09-03 dir-right (1)
move player-01 pos-08-03 pos-08-02 dir-up (0)
move player-01 pos-08-02 pos-09-02 dir-right (0)
move player-01 pos-09-02 pos-10-02 dir-right (0)
move player-01 pos-10-02 pos-10-03 dir-down (0)
push-to-nongoal player-01 stone-02 pos-10-03 pos-09-03 pos-08-03 dir-left (1)
push-to-nongoal player-01 stone-02 pos-09-03 pos-08-03 pos-07-03 dir-left (1)
push-to-nongoal player-01 stone-02 pos-08-03 pos-07-03 pos-06-03 dir-left (1)
push-to-nongoal player-01 stone-02 pos-07-03 pos-06-03 pos-05-03 dir-left (1)
move player-01 pos-06-03 pos-06-02 dir-up (0)
push-to-goal player-01 stone-01 pos-06-02 pos-05-02 pos-04-02 dir-left (1)
push-to-nongoal player-01 stone-01 pos-05-02 pos-04-02 pos-03-02 dir-left (1)
move player-01 pos-04-02 pos-04-03 dir-down (0)
push-to-nongoal player-01 stone-02 pos-04-03 pos-05-03 pos-06-03 dir-right (1)
move player-01 pos-05-03 pos-05-02 dir-up (0)
move player-01 pos-05-02 pos-06-02 dir-right (0)
push-to-goal player-01 stone-02 pos-06-02 pos-06-03 pos-06-04 dir-down (1)
move player-01 pos-06-03 pos-07-03 dir-right (0)
move player-01 pos-07-03 pos-08-03 dir-right (0)
move player-01 pos-08-03 pos-08-04 dir-down (0)
move player-01 pos-08-04 pos-08-05 dir-down (0)
move player-01 pos-08-05 pos-08-06 dir-down (0)
move player-01 pos-08-06 pos-09-06 dir-right (0)
move player-01 pos-09-06 pos-10-06 dir-right (0)
move player-01 pos-10-06 pos-10-05 dir-up (0)
push-to-nongoal player-01 stone-03 pos-10-05 pos-09-05 pos-08-05 dir-left (1)
move player-01 pos-09-05 pos-09-06 dir-down (0)
move player-01 pos-09-06 pos-08-06 dir-left (0)
push-to-nongoal player-01 stone-03 pos-08-06 pos-08-05 pos-08-04 dir-up (1)
move player-01 pos-08-05 pos-08-06 dir-down (0)
move player-01 pos-08-06 pos-09-06 dir-right (0)
move player-01 pos-09-06 pos-10-06 dir-right (0)
move player-01 pos-10-06 pos-11-06 dir-right (0)
move player-01 pos-11-06 pos-12-06 dir-right (0)
move player-01 pos-12-06 pos-13-06 dir-right (0)
move player-01 pos-13-06 pos-14-06 dir-right (0)
move player-01 pos-14-06 pos-14-05 dir-up (0)
push-to-nongoal player-01 stone-04 pos-14-05 pos-13-05 pos-12-05 dir-left (1)
push-to-nongoal player-01 stone-04 pos-13-05 pos-12-05 pos-11-05 dir-left (1)
push-to-nongoal player-01 stone-04 pos-12-05 pos-11-05 pos-10-05 dir-left (1)
push-to-nongoal player-01 stone-04 pos-11-05 pos-10-05 pos-09-05 dir-left (1)
move player-01 pos-10-05 pos-10-06 dir-down (0)
move player-01 pos-10-06 pos-09-06 dir-left (0)
move player-01 pos-09-06 pos-08-06 dir-left (0)
move player-01 pos-08-06 pos-07-06 dir-left (0)
move player-01 pos-07-06 pos-06-06 dir-left (0)
move player-01 pos-06-06 pos-05-06 dir-left (0)
move player-01 pos-05-06 pos-04-06 dir-left (0)
move player-01 pos-04-06 pos-04-05 dir-up (0)
move player-01 pos-04-05 pos-03-05 dir-left (0)
move player-01 pos-03-05 pos-03-04 dir-up (0)
move player-01 pos-03-04 pos-02-04 dir-left (0)
move player-01 pos-02-04 pos-02-03 dir-up (0)
move player-01 pos-02-03 pos-02-02 dir-up (0)
push-to-goal player-01 stone-01 pos-02-02 pos-03-02 pos-04-02 dir-right (1)
move player-01 pos-03-02 pos-02-02 dir-left (0)
move player-01 pos-02-02 pos-02-03 dir-down (0)
move player-01 pos-02-03 pos-02-04 dir-down (0)
move player-01 pos-02-04 pos-03-04 dir-right (0)
move player-01 pos-03-04 pos-03-05 dir-down (0)
move player-01 pos-03-05 pos-04-05 dir-right (0)
move player-01 pos-04-05 pos-04-06 dir-down (0)
move player-01 pos-04-06 pos-05-06 dir-right (0)
move player-01 pos-05-06 pos-06-06 dir-right (0)
move player-01 pos-06-06 pos-07-06 dir-right (0)
move player-01 pos-07-06 pos-07-05 dir-up (0)
move player-01 pos-07-05 pos-08-05 dir-right (0)
push-to-nongoal player-01 stone-03 pos-08-05 pos-08-04 pos-08-03 dir-up (1)
move player-01 pos-08-04 pos-08-05 dir-down (0)
move player-01 pos-08-05 pos-07-05 dir-left (0)
move player-01 pos-07-05 pos-07-06 dir-down (0)
move player-01 pos-07-06 pos-06-06 dir-left (0)
move player-01 pos-06-06 pos-05-06 dir-left (0)
move player-01 pos-05-06 pos-04-06 dir-left (0)
move player-01 pos-04-06 pos-04-05 dir-up (0)
move player-01 pos-04-05 pos-03-05 dir-left (0)
move player-01 pos-03-05 pos-03-04 dir-up (0)
move player-01 pos-03-04 pos-02-04 dir-left (0)
move player-01 pos-02-04 pos-02-03 dir-up (0)
move player-01 pos-02-03 pos-02-02 dir-up (0)
move player-01 pos-02-02 pos-03-02 dir-right (0)
push-to-nongoal player-01 stone-01 pos-03-02 pos-04-02 pos-05-02 dir-right (1)
move player-01 pos-04-02 pos-04-03 dir-down (0)
move player-01 pos-04-03 pos-05-03 dir-right (0)
move player-01 pos-05-03 pos-06-03 dir-right (0)
move player-01 pos-06-03 pos-06-02 dir-up (0)
push-to-goal player-01 stone-01 pos-06-02 pos-05-02 pos-04-02 dir-left (1)
move player-01 pos-05-02 pos-05-03 dir-down (0)
move player-01 pos-05-03 pos-06-03 dir-right (0)
move player-01 pos-06-03 pos-07-03 dir-right (0)
push-to-nongoal player-01 stone-03 pos-07-03 pos-08-03 pos-09-03 dir-right (1)
move player-01 pos-08-03 pos-08-02 dir-up (0)
move player-01 pos-08-02 pos-09-02 dir-right (0)
move player-01 pos-09-02 pos-10-02 dir-right (0)
move player-01 pos-10-02 pos-10-03 dir-down (0)
push-to-nongoal player-01 stone-03 pos-10-03 pos-09-03 pos-08-03 dir-left (1)
push-to-nongoal player-01 stone-03 pos-09-03 pos-08-03 pos-07-03 dir-left (1)
push-to-nongoal player-01 stone-03 pos-08-03 pos-07-03 pos-06-03 dir-left (1)
push-to-nongoal player-01 stone-03 pos-07-03 pos-06-03 pos-05-03 dir-left (1)
move player-01 pos-06-03 pos-06-02 dir-up (0)
move player-01 pos-06-02 pos-05-02 dir-left (0)
push-to-goal player-01 stone-03 pos-05-02 pos-05-03 pos-05-04 dir-down (1)
move player-01 pos-05-03 pos-06-03 dir-right (0)
move player-01 pos-06-03 pos-07-03 dir-right (0)
move player-01 pos-07-03 pos-08-03 dir-right (0)
move player-01 pos-08-03 pos-08-04 dir-down (0)
move player-01 pos-08-04 pos-08-05 dir-down (0)
move player-01 pos-08-05 pos-08-06 dir-down (0)
move player-01 pos-08-06 pos-09-06 dir-right (0)
move player-01 pos-09-06 pos-10-06 dir-right (0)
move player-01 pos-10-06 pos-10-05 dir-up (0)
push-to-nongoal player-01 stone-04 pos-10-05 pos-09-05 pos-08-05 dir-left (1)
move player-01 pos-09-05 pos-09-06 dir-down (0)
move player-01 pos-09-06 pos-08-06 dir-left (0)
push-to-nongoal player-01 stone-04 pos-08-06 pos-08-05 pos-08-04 dir-up (1)
push-to-nongoal player-01 stone-04 pos-08-05 pos-08-04 pos-08-03 dir-up (1)
move player-01 pos-08-04 pos-08-05 dir-down (0)
move player-01 pos-08-05 pos-07-05 dir-left (0)
move player-01 pos-07-05 pos-07-06 dir-down (0)
move player-01 pos-07-06 pos-06-06 dir-left (0)
move player-01 pos-06-06 pos-05-06 dir-left (0)
move player-01 pos-05-06 pos-04-06 dir-left (0)
move player-01 pos-04-06 pos-04-05 dir-up (0)
move player-01 pos-04-05 pos-03-05 dir-left (0)
move player-01 pos-03-05 pos-03-04 dir-up (0)
move player-01 pos-03-04 pos-02-04 dir-left (0)
move player-01 pos-02-04 pos-02-03 dir-up (0)
move player-01 pos-02-03 pos-02-02 dir-up (0)
move player-01 pos-02-02 pos-03-02 dir-right (0)
push-to-nongoal player-01 stone-01 pos-03-02 pos-04-02 pos-05-02 dir-right (1)
move player-01 pos-04-02 pos-04-03 dir-down (0)
move player-01 pos-04-03 pos-05-03 dir-right (0)
move player-01 pos-05-03 pos-06-03 dir-right (0)
move player-01 pos-06-03 pos-06-02 dir-up (0)
push-to-goal player-01 stone-01 pos-06-02 pos-05-02 pos-04-02 dir-left (1)
move player-01 pos-05-02 pos-05-03 dir-down (0)
move player-01 pos-05-03 pos-06-03 dir-right (0)
move player-01 pos-06-03 pos-07-03 dir-right (0)
push-to-nongoal player-01 stone-04 pos-07-03 pos-08-03 pos-09-03 dir-right (1)
move player-01 pos-08-03 pos-08-02 dir-up (0)
move player-01 pos-08-02 pos-09-02 dir-right (0)
move player-01 pos-09-02 pos-10-02 dir-right (0)
move player-01 pos-10-02 pos-10-03 dir-down (0)
push-to-nongoal player-01 stone-04 pos-10-03 pos-09-03 pos-08-03 dir-left (1)
push-to-nongoal player-01 stone-04 pos-09-03 pos-08-03 pos-07-03 dir-left (1)
push-to-nongoal player-01 stone-04 pos-08-03 pos-07-03 pos-06-03 dir-left (1)
push-to-nongoal player-01 stone-04 pos-07-03 pos-06-03 pos-05-03 dir-left (1)
push-to-goal player-01 stone-04 pos-06-03 pos-05-03 pos-04-03 dir-left (1)
[t=5.59594s, 15260 KB] Plan length: 236 step(s).
[t=5.59599s, 15260 KB] Plan cost: 49
[t=5.59602s, 15260 KB] Solution: Incumbent solution found!
[t=5.59604s, 15260 KB] Solution Timestep: 1681952721122 millisecond(s).
[t=5.59607s, 15260 KB] Timestamp: 1681952721122 millisecond(s).
[t=5.59609s, 15260 KB] Expanded 120609 state(s).
[t=5.59612s, 15260 KB] Reopened 65865 state(s).
[t=5.59614s, 15260 KB] Evaluated 57709 state(s).
[t=5.59616s, 15260 KB] Evaluations: 60437
[t=5.59619s, 15260 KB] Generated 299511 state(s).
[t=5.59621s, 15260 KB] Dead ends: 0 state(s).
[t=5.59623s, 15260 KB] Number of registered states: 60437
[t=5.59626s, 15260 KB] Int hash set load factor: 60437/131072 = 0.461098
[t=5.59628s, 15260 KB] Int hash set resizes: 17
[t=9.14083s, 16496 KB] Optimal Solution: found
[t=9.14103s, 16496 KB] Actual search time: 9.13435s
move player-01 pos-07-03 pos-06-03 dir-left (0)
move player-01 pos-06-03 pos-06-02 dir-up (0)
move player-01 pos-06-02 pos-05-02 dir-left (0)
move player-01 pos-05-02 pos-04-02 dir-left (0)
move player-01 pos-04-02 pos-03-02 dir-left (0)
move player-01 pos-03-02 pos-02-02 dir-left (0)
move player-01 pos-02-02 pos-02-03 dir-down (0)
move player-01 pos-02-03 pos-02-04 dir-down (0)
move player-01 pos-02-04 pos-03-04 dir-right (0)
move player-01 pos-03-04 pos-03-05 dir-down (0)
move player-01 pos-03-05 pos-04-05 dir-right (0)
move player-01 pos-04-05 pos-04-06 dir-down (0)
move player-01 pos-04-06 pos-05-06 dir-right (0)
move player-01 pos-05-06 pos-06-06 dir-right (0)
move player-01 pos-06-06 pos-07-06 dir-right (0)
move player-01 pos-07-06 pos-08-06 dir-right (0)
push-to-nongoal player-01 stone-01 pos-08-06 pos-08-05 pos-08-04 dir-up (1)
push-to-nongoal player-01 stone-01 pos-08-05 pos-08-04 pos-08-03 dir-up (1)
move player-01 pos-08-04 pos-08-05 dir-down (0)
move player-01 pos-08-05 pos-07-05 dir-left (0)
move player-01 pos-07-05 pos-07-06 dir-down (0)
move player-01 pos-07-06 pos-06-06 dir-left (0)
move player-01 pos-06-06 pos-05-06 dir-left (0)
move player-01 pos-05-06 pos-04-06 dir-left (0)
move player-01 pos-04-06 pos-04-05 dir-up (0)
move player-01 pos-04-05 pos-03-05 dir-left (0)
move player-01 pos-03-05 pos-03-04 dir-up (0)
move player-01 pos-03-04 pos-02-04 dir-left (0)
move player-01 pos-02-04 pos-02-03 dir-up (0)
move player-01 pos-02-03 pos-02-02 dir-up (0)
move player-01 pos-02-02 pos-03-02 dir-right (0)
move player-01 pos-03-02 pos-04-02 dir-right (0)
move player-01 pos-04-02 pos-04-03 dir-down (0)
move player-01 pos-04-03 pos-05-03 dir-right (0)
move player-01 pos-05-03 pos-06-03 dir-right (0)
move player-01 pos-06-03 pos-07-03 dir-right (0)
push-to-nongoal player-01 stone-01 pos-07-03 pos-08-03 pos-09-03 dir-right (1)
move player-01 pos-08-03 pos-08-02 dir-up (0)
move player-01 pos-08-02 pos-09-02 dir-right (0)
move player-01 pos-09-02 pos-10-02 dir-right (0)
move player-01 pos-10-02 pos-10-03 dir-down (0)
push-to-nongoal player-01 stone-01 pos-10-03 pos-09-03 pos-08-03 dir-left (1)
push-to-nongoal player-01 stone-01 pos-09-03 pos-08-03 pos-07-03 dir-left (1)
push-to-nongoal player-01 stone-01 pos-08-03 pos-07-03 pos-06-03 dir-left (1)
push-to-nongoal player-01 stone-01 pos-07-03 pos-06-03 pos-05-03 dir-left (1)
move player-01 pos-06-03 pos-06-04 dir-down (0)
move player-01 pos-06-04 pos-05-04 dir-left (0)
push-to-nongoal player-01 stone-01 pos-05-04 pos-05-03 pos-05-02 dir-up (1)
move player-01 pos-05-03 pos-06-03 dir-right (0)
move player-01 pos-06-03 pos-07-03 dir-right (0)
move player-01 pos-07-03 pos-08-03 dir-right (0)
move player-01 pos-08-03 pos-08-04 dir-down (0)
move player-01 pos-08-04 pos-08-05 dir-down (0)
move player-01 pos-08-05 pos-08-06 dir-down (0)
move player-01 pos-08-06 pos-09-06 dir-right (0)
move player-01 pos-09-06 pos-10-06 dir-right (0)
move player-01 pos-10-06 pos-10-05 dir-up (0)
push-to-nongoal player-01 stone-02 pos-10-05 pos-09-05 pos-08-05 dir-left (1)
move player-01 pos-09-05 pos-10-05 dir-right (0)
move player-01 pos-10-05 pos-10-06 dir-down (0)
move player-01 pos-10-06 pos-11-06 dir-right (0)
move player-01 pos-11-06 pos-12-06 dir-right (0)
move player-01 pos-12-06 pos-12-05 dir-up (0)
push-to-nongoal player-01 stone-03 pos-12-05 pos-11-05 pos-10-05 dir-left (1)
push-to-nongoal player-01 stone-03 pos-11-05 pos-10-05 pos-09-05 dir-left (1)
move player-01 pos-10-05 pos-10-06 dir-down (0)
move player-01 pos-10-06 pos-09-06 dir-left (0)
move player-01 pos-09-06 pos-08-06 dir-left (0)
push-to-nongoal player-01 stone-02 pos-08-06 pos-08-05 pos-08-04 dir-up (1)
push-to-nongoal player-01 stone-02 pos-08-05 pos-08-04 pos-08-03 dir-up (1)
move player-01 pos-08-04 pos-08-05 dir-down (0)
move player-01 pos-08-05 pos-08-06 dir-down (0)
move player-01 pos-08-06 pos-07-06 dir-left (0)
move player-01 pos-07-06 pos-06-06 dir-left (0)
move player-01 pos-06-06 pos-05-06 dir-left (0)
move player-01 pos-05-06 pos-04-06 dir-left (0)
move player-01 pos-04-06 pos-04-05 dir-up (0)
move player-01 pos-04-05 pos-03-05 dir-left (0)
move player-01 pos-03-05 pos-03-04 dir-up (0)
move player-01 pos-03-04 pos-02-04 dir-left (0)
move player-01 pos-02-04 pos-02-03 dir-up (0)
move player-01 pos-02-03 pos-02-02 dir-up (0)
move player-01 pos-02-02 pos-03-02 dir-right (0)
move player-01 pos-03-02 pos-04-02 dir-right (0)
move player-01 pos-04-02 pos-04-03 dir-down (0)
move player-01 pos-04-03 pos-05-03 dir-right (0)
move player-01 pos-05-03 pos-06-03 dir-right (0)
move player-01 pos-06-03 pos-07-03 dir-right (0)
push-to-nongoal player-01 stone-02 pos-07-03 pos-08-03 pos-09-03 dir-right (1)
move player-01 pos-08-03 pos-08-02 dir-up (0)
move player-01 pos-08-02 pos-09-02 dir-right (0)
move player-01 pos-09-02 pos-10-02 dir-right (0)
move player-01 pos-10-02 pos-10-03 dir-down (0)
push-to-nongoal player-01 stone-02 pos-10-03 pos-09-03 pos-08-03 dir-left (1)
push-to-nongoal player-01 stone-02 pos-09-03 pos-08-03 pos-07-03 dir-left (1)
push-to-nongoal player-01 stone-02 pos-08-03 pos-07-03 pos-06-03 dir-left (1)
push-to-nongoal player-01 stone-02 pos-07-03 pos-06-03 pos-05-03 dir-left (1)
move player-01 pos-06-03 pos-06-02 dir-up (0)
push-to-goal player-01 stone-01 pos-06-02 pos-05-02 pos-04-02 dir-left (1)
push-to-nongoal player-01 stone-01 pos-05-02 pos-04-02 pos-03-02 dir-left (1)
move player-01 pos-04-02 pos-04-03 dir-down (0)
push-to-nongoal player-01 stone-02 pos-04-03 pos-05-03 pos-06-03 dir-right (1)
move player-01 pos-05-03 pos-05-02 dir-up (0)
move player-01 pos-05-02 pos-06-02 dir-right (0)
push-to-goal player-01 stone-02 pos-06-02 pos-06-03 pos-06-04 dir-down (1)
move player-01 pos-06-03 pos-07-03 dir-right (0)
move player-01 pos-07-03 pos-08-03 dir-right (0)
move player-01 pos-08-03 pos-08-04 dir-down (0)
move player-01 pos-08-04 pos-08-05 dir-down (0)
move player-01 pos-08-05 pos-08-06 dir-down (0)
move player-01 pos-08-06 pos-09-06 dir-right (0)
move player-01 pos-09-06 pos-10-06 dir-right (0)
move player-01 pos-10-06 pos-10-05 dir-up (0)
push-to-nongoal player-01 stone-03 pos-10-05 pos-09-05 pos-08-05 dir-left (1)
move player-01 pos-09-05 pos-09-06 dir-down (0)
move player-01 pos-09-06 pos-08-06 dir-left (0)
push-to-nongoal player-01 stone-03 pos-08-06 pos-08-05 pos-08-04 dir-up (1)
move player-01 pos-08-05 pos-08-06 dir-down (0)
move player-01 pos-08-06 pos-09-06 dir-right (0)
move player-01 pos-09-06 pos-10-06 dir-right (0)
move player-01 pos-10-06 pos-11-06 dir-right (0)
move player-01 pos-11-06 pos-12-06 dir-right (0)
move player-01 pos-12-06 pos-13-06 dir-right (0)
move player-01 pos-13-06 pos-14-06 dir-right (0)
move player-01 pos-14-06 pos-14-05 dir-up (0)
push-to-nongoal player-01 stone-04 pos-14-05 pos-13-05 pos-12-05 dir-left (1)
push-to-nongoal player-01 stone-04 pos-13-05 pos-12-05 pos-11-05 dir-left (1)
push-to-nongoal player-01 stone-04 pos-12-05 pos-11-05 pos-10-05 dir-left (1)
push-to-nongoal player-01 stone-04 pos-11-05 pos-10-05 pos-09-05 dir-left (1)
move player-01 pos-10-05 pos-10-06 dir-down (0)
move player-01 pos-10-06 pos-09-06 dir-left (0)
move player-01 pos-09-06 pos-08-06 dir-left (0)
move player-01 pos-08-06 pos-07-06 dir-left (0)
move player-01 pos-07-06 pos-06-06 dir-left (0)
move player-01 pos-06-06 pos-05-06 dir-left (0)
move player-01 pos-05-06 pos-04-06 dir-left (0)
move player-01 pos-04-06 pos-04-05 dir-up (0)
move player-01 pos-04-05 pos-03-05 dir-left (0)
move player-01 pos-03-05 pos-03-04 dir-up (0)
move player-01 pos-03-04 pos-02-04 dir-left (0)
move player-01 pos-02-04 pos-02-03 dir-up (0)
move player-01 pos-02-03 pos-02-02 dir-up (0)
push-to-goal player-01 stone-01 pos-02-02 pos-03-02 pos-04-02 dir-right (1)
move player-01 pos-03-02 pos-02-02 dir-left (0)
move player-01 pos-02-02 pos-02-03 dir-down (0)
move player-01 pos-02-03 pos-02-04 dir-down (0)
move player-01 pos-02-04 pos-03-04 dir-right (0)
move player-01 pos-03-04 pos-03-05 dir-down (0)
move player-01 pos-03-05 pos-04-05 dir-right (0)
move player-01 pos-04-05 pos-04-06 dir-down (0)
move player-01 pos-04-06 pos-05-06 dir-right (0)
move player-01 pos-05-06 pos-06-06 dir-right (0)
move player-01 pos-06-06 pos-07-06 dir-right (0)
move player-01 pos-07-06 pos-07-05 dir-up (0)
move player-01 pos-07-05 pos-08-05 dir-right (0)
push-to-nongoal player-01 stone-03 pos-08-05 pos-08-04 pos-08-03 dir-up (1)
move player-01 pos-08-04 pos-08-05 dir-down (0)
move player-01 pos-08-05 pos-07-05 dir-left (0)
move player-01 pos-07-05 pos-07-06 dir-down (0)
move player-01 pos-07-06 pos-06-06 dir-left (0)
move player-01 pos-06-06 pos-05-06 dir-left (0)
move player-01 pos-05-06 pos-04-06 dir-left (0)
move player-01 pos-04-06 pos-04-05 dir-up (0)
move player-01 pos-04-05 pos-03-05 dir-left (0)
move player-01 pos-03-05 pos-03-04 dir-up (0)
move player-01 pos-03-04 pos-02-04 dir-left (0)
move player-01 pos-02-04 pos-02-03 dir-up (0)
move player-01 pos-02-03 pos-02-02 dir-up (0)
move player-01 pos-02-02 pos-03-02 dir-right (0)
push-to-nongoal player-01 stone-01 pos-03-02 pos-04-02 pos-05-02 dir-right (1)
move player-01 pos-04-02 pos-04-03 dir-down (0)
move player-01 pos-04-03 pos-05-03 dir-right (0)
move player-01 pos-05-03 pos-06-03 dir-right (0)
move player-01 pos-06-03 pos-06-02 dir-up (0)
push-to-goal player-01 stone-01 pos-06-02 pos-05-02 pos-04-02 dir-left (1)
move player-01 pos-05-02 pos-05-03 dir-down (0)
move player-01 pos-05-03 pos-06-03 dir-right (0)
move player-01 pos-06-03 pos-07-03 dir-right (0)
push-to-nongoal player-01 stone-03 pos-07-03 pos-08-03 pos-09-03 dir-right (1)
move player-01 pos-08-03 pos-08-02 dir-up (0)
move player-01 pos-08-02 pos-09-02 dir-right (0)
move player-01 pos-09-02 pos-10-02 dir-right (0)
move player-01 pos-10-02 pos-10-03 dir-down (0)
push-to-nongoal player-01 stone-03 pos-10-03 pos-09-03 pos-08-03 dir-left (1)
push-to-nongoal player-01 stone-03 pos-09-03 pos-08-03 pos-07-03 dir-left (1)
push-to-nongoal player-01 stone-03 pos-08-03 pos-07-03 pos-06-03 dir-left (1)
push-to-nongoal player-01 stone-03 pos-07-03 pos-06-03 pos-05-03 dir-left (1)
move player-01 pos-06-03 pos-06-02 dir-up (0)
move player-01 pos-06-02 pos-05-02 dir-left (0)
push-to-goal player-01 stone-03 pos-05-02 pos-05-03 pos-05-04 dir-down (1)
move player-01 pos-05-03 pos-06-03 dir-right (0)
move player-01 pos-06-03 pos-07-03 dir-right (0)
move player-01 pos-07-03 pos-08-03 dir-right (0)
move player-01 pos-08-03 pos-08-04 dir-down (0)
move player-01 pos-08-04 pos-08-05 dir-down (0)
move player-01 pos-08-05 pos-08-06 dir-down (0)
move player-01 pos-08-06 pos-09-06 dir-right (0)
move player-01 pos-09-06 pos-10-06 dir-right (0)
move player-01 pos-10-06 pos-10-05 dir-up (0)
push-to-nongoal player-01 stone-04 pos-10-05 pos-09-05 pos-08-05 dir-left (1)
move player-01 pos-09-05 pos-09-06 dir-down (0)
move player-01 pos-09-06 pos-08-06 dir-left (0)
push-to-nongoal player-01 stone-04 pos-08-06 pos-08-05 pos-08-04 dir-up (1)
push-to-nongoal player-01 stone-04 pos-08-05 pos-08-04 pos-08-03 dir-up (1)
move player-01 pos-08-04 pos-08-05 dir-down (0)
move player-01 pos-08-05 pos-07-05 dir-left (0)
move player-01 pos-07-05 pos-07-06 dir-down (0)
move player-01 pos-07-06 pos-06-06 dir-left (0)
move player-01 pos-06-06 pos-05-06 dir-left (0)
move player-01 pos-05-06 pos-04-06 dir-left (0)
move player-01 pos-04-06 pos-04-05 dir-up (0)
move player-01 pos-04-05 pos-03-05 dir-left (0)
move player-01 pos-03-05 pos-03-04 dir-up (0)
move player-01 pos-03-04 pos-02-04 dir-left (0)
move player-01 pos-02-04 pos-02-03 dir-up (0)
move player-01 pos-02-03 pos-02-02 dir-up (0)
move player-01 pos-02-02 pos-03-02 dir-right (0)
push-to-nongoal player-01 stone-01 pos-03-02 pos-04-02 pos-05-02 dir-right (1)
move player-01 pos-04-02 pos-04-03 dir-down (0)
move player-01 pos-04-03 pos-05-03 dir-right (0)
move player-01 pos-05-03 pos-06-03 dir-right (0)
move player-01 pos-06-03 pos-06-02 dir-up (0)
push-to-goal player-01 stone-01 pos-06-02 pos-05-02 pos-04-02 dir-left (1)
move player-01 pos-05-02 pos-05-03 dir-down (0)
move player-01 pos-05-03 pos-06-03 dir-right (0)
move player-01 pos-06-03 pos-07-03 dir-right (0)
push-to-nongoal player-01 stone-04 pos-07-03 pos-08-03 pos-09-03 dir-right (1)
move player-01 pos-08-03 pos-08-02 dir-up (0)
move player-01 pos-08-02 pos-09-02 dir-right (0)
move player-01 pos-09-02 pos-10-02 dir-right (0)
move player-01 pos-10-02 pos-10-03 dir-down (0)
push-to-nongoal player-01 stone-04 pos-10-03 pos-09-03 pos-08-03 dir-left (1)
push-to-nongoal player-01 stone-04 pos-09-03 pos-08-03 pos-07-03 dir-left (1)
push-to-nongoal player-01 stone-04 pos-08-03 pos-07-03 pos-06-03 dir-left (1)
push-to-nongoal player-01 stone-04 pos-07-03 pos-06-03 pos-05-03 dir-left (1)
push-to-goal player-01 stone-04 pos-06-03 pos-05-03 pos-04-03 dir-left (1)
[t=9.14107s, 16496 KB] Plan length: 236 step(s).
[t=9.14107s, 16496 KB] Plan cost: 49
[t=9.14107s, 16496 KB] Timestamp: 1681952724707 millisecond(s).
[t=9.14107s, 16496 KB] Expanded 288775 state(s).
[t=9.14107s, 16496 KB] Reopened 197255 state(s).
[t=9.14107s, 16496 KB] Evaluated 91520 state(s).
[t=9.14107s, 16496 KB] Evaluations: 95764
[t=9.14107s, 16496 KB] Generated 713666 state(s).
[t=9.14107s, 16496 KB] Dead ends: 0 state(s).
[t=9.14107s, 16496 KB] Number of registered states: 95764
[t=9.14107s, 16496 KB] Int hash set load factor: 95764/131072 = 0.730621
[t=9.14107s, 16496 KB] Int hash set resizes: 17
[t=9.14107s, 16496 KB] Search time: 9.13478s
[t=9.14107s, 16496 KB] Total time: 9.14107s
Solution found.
Peak memory: 16496 KB
Remove intermediate file output.sas
search exit code: 0

INFO     Running validate.
INFO     validate stdin: None
INFO     validate time limit: None
INFO     validate memory limit: None
INFO     validate command line string: validate domain.pddl problem.pddl sas_plan sas_plan.1
Checking plan: sas_plan
Plan executed successfully - checking goal
Plan valid
Final value: 49 
Checking plan: sas_plan.1
Plan executed successfully - checking goal
Plan valid
Final value: 49 

Successful plans:
Value: 49
 sas_plan 49 
sas_plan.1 49 

validate exit code: 0

INFO     Planner time: 9.33s
