INFO     planner time limit: 600s
INFO     planner memory limit: 3584 MB

INFO     Running translator.
INFO     translator stdin: None
INFO     translator time limit: 599s
INFO     translator memory limit: 3584 MB
INFO     translator command line string: /usr/local/downward-projects/downward/experiments/src/thesis/.venv/bin/python3 /usr/local/downward-projects/downward/experiments/src/thesis/data/thesis-thesis_exp/code-84c08dfff1890fbf6247184940c8166177195ea1_e5e41175/builds/release/bin/translate/translate.py domain.pddl problem.pddl --sas-file output.sas
Parsing...
Parsing: [0.010s CPU, 0.006s wall-clock]
Normalizing task... [0.000s CPU, 0.000s wall-clock]
Instantiating...
Generating Datalog program... [0.000s CPU, 0.002s wall-clock]
Normalizing Datalog program...
Normalizing Datalog program: [0.020s CPU, 0.017s wall-clock]
Preparing model... [0.000s CPU, 0.006s wall-clock]
Generated 400 rules.
Computing model... [0.730s CPU, 0.731s wall-clock]
45765 relevant atoms
39820 auxiliary atoms
85585 final queue length
236866 total queue pushes
Completing instantiation... [3.360s CPU, 3.391s wall-clock]
Instantiating: [4.140s CPU, 4.180s wall-clock]
Computing fact groups...
Finding invariants...
41 initial candidates
Finding invariants: [0.070s CPU, 0.064s wall-clock]
Checking invariant weight... [0.000s CPU, 0.000s wall-clock]
Instantiating groups... [0.000s CPU, 0.000s wall-clock]
Collecting mutex groups... [0.000s CPU, 0.000s wall-clock]
Choosing groups...
471 uncovered facts
Choosing groups: [0.000s CPU, 0.000s wall-clock]
Building translation key... [0.000s CPU, 0.001s wall-clock]
Computing fact groups: [0.070s CPU, 0.068s wall-clock]
Building STRIPS to SAS dictionary... [0.000s CPU, 0.000s wall-clock]
Building dictionary for full mutex groups... [0.000s CPU, 0.000s wall-clock]
Building mutex information...
Building mutex information: [0.000s CPU, 0.000s wall-clock]
Translating task...
Processing axioms...
Simplifying axioms... [0.000s CPU, 0.000s wall-clock]
Translator axioms removed by simplifying: 0
Computing negative axioms... [0.000s CPU, 0.000s wall-clock]
Processing axioms: [0.120s CPU, 0.120s wall-clock]
Translating task: [3.470s CPU, 3.501s wall-clock]
125021 effect conditions simplified
0 implied preconditions added
Detecting unreachable propositions...
0 operators removed
0 axioms removed
2 propositions removed
Detecting unreachable propositions: [1.880s CPU, 1.902s wall-clock]
Reordering and filtering variables...
473 of 473 variables necessary.
1 of 3 mutex groups necessary.
45090 of 45090 operators necessary.
0 of 0 axiom rules necessary.
Reordering and filtering variables: [0.800s CPU, 0.801s wall-clock]
Translator variables: 473
Translator derived variables: 0
Translator facts: 949
Translator goal facts: 4
Translator mutex groups: 1
Translator total mutex groups size: 2
Translator operators: 45090
Translator axioms: 0
Translator task size: 549948
Translator peak memory: 328444 KB
Writing output... [0.420s CPU, 0.414s wall-clock]
Done! [10.910s CPU, 11.005s wall-clock]
translate exit code: 0

INFO     Running search (release).
INFO     search stdin: output.sas
INFO     search time limit: 588s
INFO     search memory limit: 3584 MB
INFO     search command line string: /usr/local/downward-projects/downward/experiments/src/thesis/data/thesis-thesis_exp/code-84c08dfff1890fbf6247184940c8166177195ea1_e5e41175/builds/release/bin/downward --evaluator 'h=ff()' --search 'eager(partition(h, hi_partition(), inter_uniform(), intra_uniform() )) ' --internal-plan-file sas_plan < output.sas
[t=0.000732121s, 11732 KB] reading input...
[t=0.270798s, 32328 KB] done reading input!
[t=0.308627s, 49936 KB] Simplifying 275775 unary operators... done! [274527 unary operators]
[t=2.65254s, 74504 KB] time to simplify: 2.34391s
[t=2.66449s, 74504 KB] Initializing additive heuristic...
[t=2.66843s, 74504 KB] Initializing FF heuristic...
[t=2.66846s, 74504 KB] Building successor generator...done!
[t=2.69329s, 74504 KB] peak memory difference for successor generator creation: 0 KB
[t=2.6934s, 74504 KB] time for successor generation creation: 0.0237658s
[t=2.69342s, 74504 KB] Variables: 473
[t=2.69438s, 74504 KB] FactPairs: 949
[t=2.6944s, 74504 KB] Bytes per state: 60
[t=2.69442s, 74504 KB] Conducting best first search without reopening closed nodes, (real) bound = 2147483647
[t=2.70022s, 74504 KB] New best heuristic value for ff(): 31
[t=2.70248s, 74504 KB] g=0, 1 evaluated, 0 expanded
[t=2.70251s, 74504 KB] Initial heuristic value for ff(): 31
[t=2.70254s, 74504 KB] pruning method: none
[t=2.70256s, 74504 KB] Start Timestep: 1693567837760 millisecond(s).
[t=2.71613s, 74504 KB] New best heuristic value for ff(): 30
[t=2.71739s, 74504 KB] g=1, 5 evaluated, 1 expanded
[t=2.75922s, 74504 KB] New best heuristic value for ff(): 26
[t=2.76008s, 74504 KB] g=3, 17 evaluated, 8 expanded
[t=2.76315s, 74504 KB] New best heuristic value for ff(): 25
[t=2.76329s, 74504 KB] g=3, 18 evaluated, 8 expanded
[t=2.7759s, 74504 KB] New best heuristic value for ff(): 24
[t=2.77881s, 74504 KB] g=4, 23 evaluated, 9 expanded
[t=2.92688s, 74504 KB] New best heuristic value for ff(): 23
[t=2.9289s, 74504 KB] g=6, 70 evaluated, 29 expanded
[t=3.61404s, 74504 KB] New best heuristic value for ff(): 22
[t=3.61745s, 74504 KB] g=11, 289 evaluated, 138 expanded
[t=4.24946s, 74504 KB] New best heuristic value for ff(): 21
[t=4.25141s, 74504 KB] g=15, 493 evaluated, 242 expanded
[t=6.30417s, 74504 KB] New best heuristic value for ff(): 20
[t=6.30778s, 74504 KB] g=14, 1159 evaluated, 601 expanded
[t=8.76558s, 74504 KB] New best heuristic value for ff(): 19
[t=8.76831s, 74504 KB] g=13, 1937 evaluated, 1016 expanded
[t=9.66478s, 74504 KB] New best heuristic value for ff(): 18
[t=9.6663s, 74504 KB] g=14, 2215 evaluated, 1172 expanded
[t=453.662s, 75040 KB] New best heuristic value for ff(): 17
[t=453.663s, 75040 KB] g=24, 40215 evaluated, 21311 expanded
Peak memory: 75040 KB
caught signal 24 -- exiting
Time limit has been reached.
Remove intermediate file output.sas
search exit code: 23

Driver aborting after search
INFO     Planner time: 597.09s
