INFO     planner time limit: 600s
INFO     planner memory limit: 3584 MB

INFO     Running translator.
INFO     translator stdin: None
INFO     translator time limit: 599s
INFO     translator memory limit: 3584 MB
INFO     translator command line string: /usr/local/downward-projects/downward/experiments/src/thesis/.venv/bin/python3 /usr/local/downward-projects/downward/experiments/src/thesis/data/thesis-thesis_exp/code-84c08dfff1890fbf6247184940c8166177195ea1_e5e41175/builds/release/bin/translate/translate.py domain.pddl problem.pddl --sas-file output.sas
Parsing...
Parsing: [0.000s CPU, 0.002s wall-clock]
Normalizing task... [0.000s CPU, 0.000s wall-clock]
Instantiating...
Generating Datalog program... [0.000s CPU, 0.001s wall-clock]
Normalizing Datalog program...
Normalizing Datalog program: [0.000s CPU, 0.001s wall-clock]
Preparing model... [0.000s CPU, 0.001s wall-clock]
Generated 32 rules.
Computing model... [0.360s CPU, 0.364s wall-clock]
53177 relevant atoms
5070 auxiliary atoms
58247 final queue length
172333 total queue pushes
Completing instantiation... [2.490s CPU, 2.490s wall-clock]
Instantiating: [2.870s CPU, 2.873s wall-clock]
Computing fact groups...
Finding invariants...
12 initial candidates
Finding invariants: [0.000s CPU, 0.006s wall-clock]
Checking invariant weight... [0.000s CPU, 0.000s wall-clock]
Instantiating groups... [0.010s CPU, 0.004s wall-clock]
Collecting mutex groups... [0.000s CPU, 0.001s wall-clock]
Choosing groups...
71 uncovered facts
Choosing groups: [0.000s CPU, 0.003s wall-clock]
Building translation key... [0.000s CPU, 0.001s wall-clock]
Computing fact groups: [0.020s CPU, 0.021s wall-clock]
Building STRIPS to SAS dictionary... [0.000s CPU, 0.001s wall-clock]
Building dictionary for full mutex groups... [0.000s CPU, 0.001s wall-clock]
Building mutex information...
Building mutex information: [0.000s CPU, 0.001s wall-clock]
Translating task...
Processing axioms...
Simplifying axioms... [0.000s CPU, 0.000s wall-clock]
Translator axioms removed by simplifying: 0
Computing negative axioms... [0.000s CPU, 0.000s wall-clock]
Processing axioms: [0.070s CPU, 0.074s wall-clock]
Translating task: [2.310s CPU, 2.308s wall-clock]
61152 effect conditions simplified
0 implied preconditions added
Detecting unreachable propositions...
0 operators removed
0 axioms removed
28 propositions removed
Detecting unreachable propositions: [1.340s CPU, 1.342s wall-clock]
Reordering and filtering variables...
99 of 99 variables necessary.
43 of 71 mutex groups necessary.
49392 of 49392 operators necessary.
0 of 0 axiom rules necessary.
Reordering and filtering variables: [0.310s CPU, 0.315s wall-clock]
Translator variables: 99
Translator derived variables: 0
Translator facts: 1346
Translator goal facts: 28
Translator mutex groups: 43
Translator total mutex groups size: 1247
Translator operators: 49392
Translator axioms: 0
Translator task size: 402560
Translator peak memory: 270396 KB
Writing output... [0.300s CPU, 0.304s wall-clock]
Done! [7.250s CPU, 7.266s wall-clock]
translate exit code: 0

INFO     Running search (release).
INFO     search stdin: output.sas
INFO     search time limit: 592s
INFO     search memory limit: 3584 MB
INFO     search command line string: /usr/local/downward-projects/downward/experiments/src/thesis/data/thesis-thesis_exp/code-84c08dfff1890fbf6247184940c8166177195ea1_e5e41175/builds/release/bin/downward --evaluator 'h=ff()' --search 'eager(partition(h, h_partition(), inter_uniform(), intra_uniform() )) ' --internal-plan-file sas_plan < output.sas
[t=0.00173241s, 11732 KB] reading input...
[t=0.193623s, 30488 KB] done reading input!
[t=0.221536s, 41756 KB] Simplifying 171276 unary operators... done! [171276 unary operators]
[t=0.725316s, 56760 KB] time to simplify: 0.50378s
[t=0.729262s, 56760 KB] Initializing additive heuristic...
[t=0.733085s, 56760 KB] Initializing FF heuristic...
[t=0.733177s, 56760 KB] Building successor generator...done!
[t=0.748711s, 56760 KB] peak memory difference for successor generator creation: 0 KB
[t=0.748838s, 56760 KB] time for successor generation creation: 0.0119185s
[t=0.749081s, 56760 KB] Variables: 99
[t=0.750055s, 56760 KB] FactPairs: 1346
[t=0.750079s, 56760 KB] Bytes per state: 32
[t=0.750102s, 56760 KB] Conducting best first search without reopening closed nodes, (real) bound = 2147483647
[t=0.753005s, 56760 KB] New best heuristic value for ff(): 54
[t=0.75522s, 56760 KB] g=0, 1 evaluated, 0 expanded
[t=0.755248s, 56760 KB] Initial heuristic value for ff(): 54
[t=0.755278s, 56760 KB] pruning method: none
[t=0.755302s, 56760 KB] Start Timestep: 1693658348704 millisecond(s).
[t=0.812893s, 56760 KB] New best heuristic value for ff(): 53
[t=0.815667s, 56760 KB] g=2, 28 evaluated, 2 expanded
[t=3.74094s, 56760 KB] New best heuristic value for ff(): 52
[t=3.74429s, 56760 KB] g=7, 1274 evaluated, 50 expanded
[t=16.9724s, 56760 KB] New best heuristic value for ff(): 51
[t=16.9756s, 56760 KB] g=7, 5447 evaluated, 213 expanded
[t=229.752s, 56760 KB] New best heuristic value for ff(): 50
[t=229.754s, 56760 KB] g=8, 26850 evaluated, 1048 expanded
Peak memory: 59796 KB
caught signal 24 -- exiting
Time limit has been reached.
Remove intermediate file output.sas
search exit code: 23

Driver aborting after search
INFO     Planner time: 599.22s
