INFO     planner time limit: 600s
INFO     planner memory limit: 3584 MB

INFO     Running translator.
INFO     translator stdin: None
INFO     translator time limit: 599s
INFO     translator memory limit: 3584 MB
INFO     translator command line string: /usr/local/downward-projects/downward/experiments/src/thesis/.venv/bin/python3 /usr/local/downward-projects/downward/experiments/src/thesis/data/thesis-thesis_exp/code-84c08dfff1890fbf6247184940c8166177195ea1_e5e41175/builds/release/bin/translate/translate.py domain.pddl problem.pddl --sas-file output.sas
Parsing...
Parsing: [0.000s CPU, 0.002s wall-clock]
Normalizing task... [0.000s CPU, 0.000s wall-clock]
Instantiating...
Generating Datalog program... [0.000s CPU, 0.000s wall-clock]
Normalizing Datalog program...
Normalizing Datalog program: [0.010s CPU, 0.003s wall-clock]
Preparing model... [0.000s CPU, 0.001s wall-clock]
Generated 74 rules.
Computing model... [0.150s CPU, 0.161s wall-clock]
17173 relevant atoms
4635 auxiliary atoms
21808 final queue length
82629 total queue pushes
Completing instantiation... [0.850s CPU, 0.858s wall-clock]
Instantiating: [1.020s CPU, 1.030s wall-clock]
Computing fact groups...
Finding invariants...
16 initial candidates
Finding invariants: [0.020s CPU, 0.013s wall-clock]
Checking invariant weight... [0.000s CPU, 0.000s wall-clock]
Instantiating groups... [0.000s CPU, 0.000s wall-clock]
Collecting mutex groups... [0.000s CPU, 0.000s wall-clock]
Choosing groups...
0 uncovered facts
Choosing groups: [0.000s CPU, 0.000s wall-clock]
Building translation key... [0.000s CPU, 0.000s wall-clock]
Computing fact groups: [0.020s CPU, 0.014s wall-clock]
Building STRIPS to SAS dictionary... [0.000s CPU, 0.000s wall-clock]
Building dictionary for full mutex groups... [0.000s CPU, 0.000s wall-clock]
Building mutex information...
Building mutex information: [0.000s CPU, 0.000s wall-clock]
Translating task...
Processing axioms...
Simplifying axioms... [0.000s CPU, 0.000s wall-clock]
Translator axioms removed by simplifying: 0
Computing negative axioms... [0.000s CPU, 0.000s wall-clock]
Processing axioms: [0.030s CPU, 0.028s wall-clock]
Translating task: [0.540s CPU, 0.545s wall-clock]
0 effect conditions simplified
0 implied preconditions added
Detecting unreachable propositions...
0 operators removed
0 axioms removed
19 propositions removed
Detecting unreachable propositions: [0.360s CPU, 0.362s wall-clock]
Reordering and filtering variables...
19 of 19 variables necessary.
0 of 19 mutex groups necessary.
11736 of 11736 operators necessary.
0 of 0 axiom rules necessary.
Reordering and filtering variables: [0.080s CPU, 0.077s wall-clock]
Translator variables: 19
Translator derived variables: 0
Translator facts: 86
Translator goal facts: 3
Translator mutex groups: 0
Translator total mutex groups size: 0
Translator operators: 11736
Translator axioms: 0
Translator task size: 104052
Translator peak memory: 106684 KB
Writing output... [0.070s CPU, 0.072s wall-clock]
Done! [2.120s CPU, 2.136s wall-clock]
translate exit code: 0

INFO     Running search (release).
INFO     search stdin: output.sas
INFO     search time limit: 597s
INFO     search memory limit: 3584 MB
INFO     search command line string: /usr/local/downward-projects/downward/experiments/src/thesis/data/thesis-thesis_exp/code-84c08dfff1890fbf6247184940c8166177195ea1_e5e41175/builds/release/bin/downward --evaluator 'h=ff()' --search 'eager(partition(h, hi_partition(), inter_uniform(), intra_uniform() )) ' --internal-plan-file sas_plan < output.sas
[t=0.00105202s, 11732 KB] reading input...
[t=0.0483254s, 16008 KB] done reading input!
[t=0.0556435s, 19040 KB] Simplifying 41568 unary operators... done! [2688 unary operators]
[t=0.0839436s, 20704 KB] time to simplify: 0.0283001s
[t=0.084235s, 20704 KB] Initializing additive heuristic...
[t=0.0843409s, 20704 KB] Initializing FF heuristic...
[t=0.0843665s, 20704 KB] Building successor generator...done!
[t=0.0873825s, 20704 KB] peak memory difference for successor generator creation: 0 KB
[t=0.0874688s, 20704 KB] time for successor generation creation: 0.00256037s
[t=0.0874945s, 20704 KB] Variables: 19
[t=0.0877146s, 20704 KB] FactPairs: 86
[t=0.0877379s, 20704 KB] Bytes per state: 8
[t=0.0877622s, 20704 KB] Conducting best first search without reopening closed nodes, (real) bound = 2147483647
[t=0.0878287s, 20704 KB] New best heuristic value for ff(): 35
[t=0.0879235s, 20704 KB] g=0, 1 evaluated, 0 expanded
[t=0.0879481s, 20704 KB] Initial heuristic value for ff(): 35
[t=0.087981s, 20704 KB] pruning method: none
[t=0.0880053s, 20704 KB] Start Timestep: 1693601476348 millisecond(s).
[t=0.0880522s, 20704 KB] New best heuristic value for ff(): 34
[t=0.0881399s, 20704 KB] g=1, 2 evaluated, 1 expanded
[t=3.23342s, 20704 KB] New best heuristic value for ff(): 33
[t=3.23394s, 20704 KB] g=3, 7381 evaluated, 27 expanded
[t=231.442s, 30192 KB] New best heuristic value for ff(): 31
[t=231.446s, 30192 KB] g=5, 54072 evaluated, 420 expanded
Peak memory: 34268 KB
caught signal 24 -- exiting
Time limit has been reached.
Remove intermediate file output.sas
search exit code: 23

Driver aborting after search
INFO     Planner time: 597.39s
