INFO     planner time limit: 600s
INFO     planner memory limit: 3584 MB

INFO     Running translator.
INFO     translator stdin: None
INFO     translator time limit: 599s
INFO     translator memory limit: 3584 MB
INFO     translator command line string: /usr/local/downward-projects/downward/experiments/assign3/.venv/bin/python3 /usr/local/downward-projects/downward/experiments/assign3/data/assign3-anytime_exp/code-1fb14623350588fb782db39ad332c8a25eda53d6_e5e41175/builds/release/bin/translate/translate.py domain.pddl problem.pddl --sas-file output.sas
Parsing...
Parsing: [0.000s CPU, 0.002s wall-clock]
Normalizing task... [0.000s CPU, 0.000s wall-clock]
Instantiating...
Generating Datalog program... [0.000s CPU, 0.000s wall-clock]
Normalizing Datalog program...
Normalizing Datalog program: [0.000s CPU, 0.002s wall-clock]
Preparing model... [0.000s CPU, 0.001s wall-clock]
Generated 51 rules.
Computing model... [0.270s CPU, 0.277s wall-clock]
24703 relevant atoms
4912 auxiliary atoms
29615 final queue length
136047 total queue pushes
Completing instantiation... [1.700s CPU, 1.704s wall-clock]
Instantiating: [1.980s CPU, 1.994s wall-clock]
Computing fact groups...
Finding invariants...
5 initial candidates
Finding invariants: [0.030s CPU, 0.033s wall-clock]
Checking invariant weight... [0.000s CPU, 0.000s wall-clock]
Instantiating groups... [0.000s CPU, 0.000s wall-clock]
Collecting mutex groups... [0.000s CPU, 0.000s wall-clock]
Choosing groups...
8 uncovered facts
Choosing groups: [0.000s CPU, 0.000s wall-clock]
Building translation key... [0.000s CPU, 0.000s wall-clock]
Computing fact groups: [0.030s CPU, 0.034s wall-clock]
Building STRIPS to SAS dictionary... [0.000s CPU, 0.000s wall-clock]
Building dictionary for full mutex groups... [0.000s CPU, 0.000s wall-clock]
Building mutex information...
Building mutex information: [0.000s CPU, 0.000s wall-clock]
Translating task...
Processing axioms...
Simplifying axioms... [0.000s CPU, 0.000s wall-clock]
Translator axioms removed by simplifying: 0
Computing negative axioms... [0.000s CPU, 0.000s wall-clock]
Processing axioms: [0.050s CPU, 0.051s wall-clock]
Translating task: [1.020s CPU, 1.030s wall-clock]
0 effect conditions simplified
0 implied preconditions added
Detecting unreachable propositions...
0 operators removed
0 axioms removed
8 propositions removed
Detecting unreachable propositions: [0.700s CPU, 0.699s wall-clock]
Reordering and filtering variables...
16 of 16 variables necessary.
0 of 8 mutex groups necessary.
24544 of 24544 operators necessary.
0 of 0 axiom rules necessary.
Reordering and filtering variables: [0.160s CPU, 0.163s wall-clock]
Translator variables: 16
Translator derived variables: 0
Translator facts: 80
Translator goal facts: 16
Translator mutex groups: 0
Translator total mutex groups size: 0
Translator operators: 24544
Translator axioms: 0
Translator task size: 217040
Translator peak memory: 179508 KB
Writing output... [0.160s CPU, 0.152s wall-clock]
Done! [4.100s CPU, 4.136s wall-clock]
translate exit code: 0

INFO     Running search (release).
INFO     search stdin: output.sas
INFO     search time limit: 595s
INFO     search memory limit: 3584 MB
INFO     search command line string: /usr/local/downward-projects/downward/experiments/assign3/data/assign3-anytime_exp/code-1fb14623350588fb782db39ad332c8a25eda53d6_e5e41175/builds/release/bin/downward --evaluator 'h=lmcut()' --search 'eager_anytime(alt(
        [single(weight(h, 2, verbosity=normal)), type_based([h, g()], random_seed=1234)]), 
        reopen_closed=true, f_eval=sum([h, g()]))' --internal-plan-file sas_plan < output.sas
[t=0.00167596s, 10884 KB] reading input...
[t=0.109303s, 21100 KB] done reading input!
[t=0.127142s, 27932 KB] Initializing landmark cut heuristic...
[t=0.127927s, 27932 KB] Building successor generator...done!
[t=0.137618s, 30960 KB] peak memory difference for successor generator creation: 3028 KB
[t=0.137726s, 30960 KB] time for successor generation creation: 0.00850528s
[t=0.137751s, 30960 KB] Variables: 16
[t=0.137784s, 30960 KB] FactPairs: 80
[t=0.137807s, 30960 KB] Bytes per state: 4
[t=0.137831s, 30960 KB] Conducting best first anytime search with reopening closed nodes, (real) bound = 2147483647
[t=0.146977s, 30960 KB] New best heuristic value for lmcut(): 26
[t=0.147834s, 30960 KB] g=0, 1 evaluated, 0 expanded
[t=0.147864s, 30960 KB] Initial heuristic value for lmcut(): 26
[t=0.147896s, 30960 KB] Start Timestep: 1681961521755 millisecond(s).
[t=0.174259s, 30960 KB] New best heuristic value for lmcut(): 23
[t=0.174395s, 30960 KB] g=3, 4 evaluated, 1 expanded
[t=0.224668s, 30960 KB] New best heuristic value for lmcut(): 20
[t=0.22491s, 30960 KB] g=6, 10 evaluated, 2 expanded
[t=0.320904s, 30960 KB] New best heuristic value for lmcut(): 17
[t=0.321612s, 30960 KB] g=9, 22 evaluated, 4 expanded
[t=0.408147s, 30960 KB] New best heuristic value for lmcut(): 14
[t=0.409058s, 30960 KB] g=12, 34 evaluated, 6 expanded
[t=0.494168s, 30960 KB] New best heuristic value for lmcut(): 12
[t=0.494642s, 30960 KB] g=15, 47 evaluated, 8 expanded
[t=0.55609s, 30960 KB] New best heuristic value for lmcut(): 9
[t=0.556421s, 30960 KB] g=18, 57 evaluated, 10 expanded
[t=0.617981s, 30960 KB] New best heuristic value for lmcut(): 8
[t=0.618895s, 30960 KB] g=21, 67 evaluated, 12 expanded
[t=0.968791s, 30960 KB] New best heuristic value for lmcut(): 7
[t=0.969629s, 30960 KB] g=21, 123 evaluated, 24 expanded
[t=1.27605s, 30960 KB] New best heuristic value for lmcut(): 6
[t=1.27681s, 30960 KB] g=25, 179 evaluated, 37 expanded
[t=1.31491s, 30960 KB] New best heuristic value for lmcut(): 5
[t=1.31521s, 30960 KB] g=28, 187 evaluated, 39 expanded
[t=1.33388s, 30960 KB] New best heuristic value for lmcut(): 4
[t=1.33431s, 30960 KB] g=31, 191 evaluated, 40 expanded
[t=1.46111s, 30960 KB] New best heuristic value for lmcut(): 3
[t=1.46181s, 30960 KB] g=32, 214 evaluated, 45 expanded
[t=1.53158s, 30960 KB] New best heuristic value for lmcut(): 2
[t=1.53188s, 30960 KB] g=31, 230 evaluated, 50 expanded
[t=1.62509s, 30960 KB] New best heuristic value for lmcut(): 1
[t=1.6256s, 30960 KB] g=33, 248 evaluated, 54 expanded
[t=1.6607s, 30960 KB] New best heuristic value for lmcut(): 0
[t=1.66124s, 30960 KB] g=36, 256 evaluated, 56 expanded
[t=1.67854s, 30960 KB] Solution found!
analyze-4 seg-in-1a seg-in-1b seg-out-1a seg-out-1b car-in-1a car-in-1b car-out-1a car-out-1b (3)
analyze-4 seg-in-1a seg-in-1b seg-out-1a seg-out-1b car-in-1b car-out-1a car-out-1b car-in-1a (3)
analyze-4 seg-in-1a seg-in-1b seg-out-1a seg-out-1b car-out-1a car-out-1b car-in-1a car-in-1b (3)
analyze-4 seg-in-1a seg-in-1b seg-out-1a seg-out-1b car-out-1b car-in-1a car-in-1b car-out-1a (3)
analyze-4 seg-in-2a seg-in-2b seg-out-1a seg-out-1b car-in-2a car-in-2b car-out-1a car-out-1b (3)
analyze-4 seg-in-2a seg-in-2b seg-out-1a seg-out-1b car-in-2b car-out-1a car-out-1b car-in-2a (3)
rotate-4 seg-in-2a seg-in-2b seg-out-1a seg-out-1b car-out-1a car-out-1b car-in-2a car-in-2b (1)
rotate-4 seg-in-2a seg-in-2b seg-out-1a seg-out-1b car-out-1b car-in-2a car-in-2b car-out-1a (1)
rotate-4 seg-in-2a seg-in-2b seg-out-2a seg-out-2b car-in-2a car-in-2b car-out-2a car-out-2b (1)
rotate-4 seg-in-2a seg-in-2b seg-out-2a seg-out-2b car-in-2b car-out-2a car-out-2b car-in-2a (1)
analyze-4 seg-in-2a seg-in-2b seg-out-1a seg-out-1b car-out-2a car-out-2b car-out-1a car-out-1b (3)
analyze-4 seg-in-2a seg-in-2b seg-out-1a seg-out-1b car-out-2b car-out-1a car-out-1b car-out-2a (3)
rotate-4 seg-in-2a seg-in-2b seg-out-1a seg-out-1b car-out-1a car-out-1b car-out-2a car-out-2b (1)
rotate-4 seg-in-2a seg-in-2b seg-out-1a seg-out-1b car-out-1b car-out-2a car-out-2b car-out-1a (1)
rotate-4 seg-in-2a seg-in-2b seg-out-2a seg-out-2b car-out-2a car-out-2b car-in-2a car-in-2b (1)
rotate-4 seg-in-2a seg-in-2b seg-out-2a seg-out-2b car-out-2b car-in-2a car-in-2b car-out-2a (1)
rotate-4 seg-in-2a seg-in-2b seg-out-2a seg-out-2b car-in-2a car-in-2b car-out-2a car-out-2b (1)
rotate-4 seg-in-1a seg-in-1b seg-out-1a seg-out-1b car-in-1a car-in-1b car-out-1a car-out-1b (1)
[t=1.67984s, 30960 KB] Plan length: 18 step(s).
[t=1.67988s, 30960 KB] Plan cost: 34
[t=1.6799s, 30960 KB] Solution: Incumbent solution found!
[t=1.67993s, 30960 KB] Solution Timestep: 1681961523310 millisecond(s).
[t=1.67996s, 30960 KB] Timestamp: 1681961523310 millisecond(s).
[t=1.67998s, 30960 KB] Expanded 58 state(s).
[t=1.68s, 30960 KB] Reopened 0 state(s).
[t=1.68002s, 30960 KB] Evaluated 260 state(s).
[t=1.68005s, 30960 KB] Evaluations: 260
[t=1.68007s, 30960 KB] Generated 342 state(s).
[t=1.6801s, 30960 KB] Dead ends: 0 state(s).
[t=1.68013s, 30960 KB] Number of registered states: 260
[t=1.68015s, 30960 KB] Int hash set load factor: 260/512 = 0.507812
[t=1.68017s, 30960 KB] Int hash set resizes: 9
[t=21.4867s, 30960 KB] Solution found!
analyze-4 seg-in-1a seg-in-1b seg-out-1a seg-out-1b car-in-1a car-in-1b car-out-1a car-out-1b (3)
analyze-4 seg-in-1a seg-in-1b seg-out-1a seg-out-1b car-in-1b car-out-1a car-out-1b car-in-1a (3)
analyze-4 seg-in-1a seg-in-1b seg-out-1a seg-out-1b car-out-1a car-out-1b car-in-1a car-in-1b (3)
analyze-4 seg-in-1a seg-in-1b seg-out-1a seg-out-1b car-out-1b car-in-1a car-in-1b car-out-1a (3)
analyze-4 seg-in-2a seg-in-2b seg-out-1a seg-out-1b car-in-2a car-in-2b car-out-1a car-out-1b (3)
rotate-4 seg-in-1a seg-in-1b seg-out-2a seg-out-2b car-in-1a car-in-1b car-out-2a car-out-2b (1)
rotate-4 seg-in-1a seg-in-1b seg-out-2a seg-out-2b car-in-1b car-out-2a car-out-2b car-in-1a (1)
analyze-4 seg-in-1a seg-in-1b seg-out-1a seg-out-1b car-out-2a car-out-2b car-out-1b car-in-2a (3)
analyze-4 seg-in-2a seg-in-2b seg-out-1a seg-out-1b car-in-2b car-out-1a car-in-2a car-out-2a (3)
analyze-4 seg-in-1a seg-in-1b seg-out-1a seg-out-1b car-out-2b car-out-1b car-out-2a car-in-2b (3)
rotate-4 seg-in-2a seg-in-2b seg-out-1a seg-out-1b car-out-1a car-in-2a car-in-2b car-out-2b (1)
rotate-4 seg-in-1a seg-in-1b seg-out-1a seg-out-1b car-out-1b car-out-2a car-out-2b car-out-1a (1)
rotate-4 seg-in-1a seg-in-1b seg-out-2a seg-out-2b car-out-2a car-out-2b car-in-1a car-in-1b (1)
rotate-4 seg-in-1a seg-in-1b seg-out-2a seg-out-2b car-out-2b car-in-1a car-in-1b car-out-2a (1)
rotate-4 seg-in-2a seg-in-2b seg-out-2a seg-out-2b car-in-2a car-in-2b car-out-2a car-out-2b (1)
rotate-4 seg-in-1a seg-in-1b seg-out-1a seg-out-1b car-in-1a car-in-1b car-out-1a car-out-1b (1)
[t=21.4872s, 30960 KB] Plan length: 16 step(s).
[t=21.4873s, 30960 KB] Plan cost: 32
[t=21.4873s, 30960 KB] Solution: Incumbent solution found!
[t=21.4873s, 30960 KB] Solution Timestep: 1681961543372 millisecond(s).
[t=21.4874s, 30960 KB] Timestamp: 1681961543372 millisecond(s).
[t=21.4874s, 30960 KB] Expanded 907 state(s).
[t=21.4874s, 30960 KB] Reopened 11 state(s).
[t=21.4874s, 30960 KB] Evaluated 2441 state(s).
[t=21.4875s, 30960 KB] Evaluations: 3868
[t=21.4875s, 30960 KB] Generated 5436 state(s).
[t=21.4875s, 30960 KB] Dead ends: 0 state(s).
[t=21.4875s, 30960 KB] Number of registered states: 3868
[t=21.4875s, 30960 KB] Int hash set load factor: 3868/4096 = 0.944336
[t=21.4876s, 30960 KB] Int hash set resizes: 12
[t=29.0421s, 30960 KB] Solution found!
analyze-4 seg-in-2a seg-in-2b seg-out-1a seg-out-1b car-in-2a car-in-2b car-out-1a car-out-1b (3)
analyze-4 seg-in-2a seg-in-2b seg-out-1a seg-out-1b car-in-2b car-out-1a car-out-1b car-in-2a (3)
analyze-4 seg-in-1a seg-in-1b seg-out-1a seg-out-1b car-in-1a car-in-1b car-in-2a car-in-2b (3)
analyze-4 seg-in-1a seg-in-1b seg-out-1a seg-out-1b car-in-1b car-in-2a car-in-2b car-in-1a (3)
analyze-4 seg-in-2a seg-in-2b seg-out-1a seg-out-1b car-out-1a car-out-1b car-in-1a car-in-1b (3)
rotate-4 seg-in-1a seg-in-1b seg-out-2a seg-out-2b car-in-2a car-in-2b car-out-2a car-out-2b (1)
rotate-4 seg-in-1a seg-in-1b seg-out-2a seg-out-2b car-in-2b car-out-2a car-out-2b car-in-2a (1)
analyze-4 seg-in-1a seg-in-1b seg-out-1a seg-out-1b car-out-2a car-out-2b car-in-1b car-out-1a (3)
analyze-4 seg-in-1a seg-in-1b seg-out-1a seg-out-1b car-out-2b car-in-1b car-out-1a car-out-2a (3)
analyze-4 seg-in-2a seg-in-2b seg-out-1a seg-out-1b car-out-1b car-in-1a car-out-2a car-out-2b (3)
rotate-4 seg-in-2a seg-in-2b seg-out-1a seg-out-1b car-in-1a car-out-2a car-out-2b car-out-1b (1)
rotate-4 seg-in-2a seg-in-2b seg-out-2a seg-out-2b car-out-2a car-out-2b car-in-2a car-in-2b (1)
rotate-4 seg-in-2a seg-in-2b seg-out-2a seg-out-2b car-out-2b car-in-2a car-in-2b car-out-2a (1)
rotate-4 seg-in-2a seg-in-2b seg-out-2a seg-out-2b car-in-2a car-in-2b car-out-2a car-out-2b (1)
[t=29.0434s, 30960 KB] Plan length: 14 step(s).
[t=29.0435s, 30960 KB] Plan cost: 30
[t=29.0435s, 30960 KB] Solution: Incumbent solution found!
[t=29.0435s, 30960 KB] Solution Timestep: 1681961551017 millisecond(s).
[t=29.0436s, 30960 KB] Timestamp: 1681961551017 millisecond(s).
[t=29.0436s, 30960 KB] Expanded 1247 state(s).
[t=29.0436s, 30960 KB] Reopened 27 state(s).
[t=29.0436s, 30960 KB] Evaluated 3058 state(s).
[t=29.0437s, 30960 KB] Evaluations: 5228
[t=29.0437s, 30960 KB] Generated 7476 state(s).
[t=29.0437s, 30960 KB] Dead ends: 0 state(s).
[t=29.0437s, 30960 KB] Number of registered states: 5228
[t=29.0437s, 30960 KB] Int hash set load factor: 5228/8192 = 0.638184
[t=29.0438s, 30960 KB] Int hash set resizes: 13
[t=576.972s, 32676 KB] Optimal Solution: found
[t=576.973s, 32676 KB] Actual search time: 576.825s
analyze-4 seg-in-2a seg-in-2b seg-out-1a seg-out-1b car-in-2a car-in-2b car-out-1a car-out-1b (3)
analyze-4 seg-in-2a seg-in-2b seg-out-1a seg-out-1b car-in-2b car-out-1a car-out-1b car-in-2a (3)
analyze-4 seg-in-1a seg-in-1b seg-out-1a seg-out-1b car-in-1a car-in-1b car-in-2a car-in-2b (3)
analyze-4 seg-in-1a seg-in-1b seg-out-1a seg-out-1b car-in-1b car-in-2a car-in-2b car-in-1a (3)
analyze-4 seg-in-2a seg-in-2b seg-out-1a seg-out-1b car-out-1a car-out-1b car-in-1a car-in-1b (3)
rotate-4 seg-in-1a seg-in-1b seg-out-2a seg-out-2b car-in-2a car-in-2b car-out-2a car-out-2b (1)
rotate-4 seg-in-1a seg-in-1b seg-out-2a seg-out-2b car-in-2b car-out-2a car-out-2b car-in-2a (1)
analyze-4 seg-in-1a seg-in-1b seg-out-1a seg-out-1b car-out-2a car-out-2b car-in-1b car-out-1a (3)
analyze-4 seg-in-1a seg-in-1b seg-out-1a seg-out-1b car-out-2b car-in-1b car-out-1a car-out-2a (3)
analyze-4 seg-in-2a seg-in-2b seg-out-1a seg-out-1b car-out-1b car-in-1a car-out-2a car-out-2b (3)
rotate-4 seg-in-2a seg-in-2b seg-out-1a seg-out-1b car-in-1a car-out-2a car-out-2b car-out-1b (1)
rotate-4 seg-in-2a seg-in-2b seg-out-2a seg-out-2b car-out-2a car-out-2b car-in-2a car-in-2b (1)
rotate-4 seg-in-2a seg-in-2b seg-out-2a seg-out-2b car-out-2b car-in-2a car-in-2b car-out-2a (1)
rotate-4 seg-in-2a seg-in-2b seg-out-2a seg-out-2b car-in-2a car-in-2b car-out-2a car-out-2b (1)
[t=576.973s, 32676 KB] Plan length: 14 step(s).
[t=576.973s, 32676 KB] Plan cost: 30
[t=576.973s, 32676 KB] Timestamp: 1681962101468 millisecond(s).
[t=576.973s, 32676 KB] Expanded 24225 state(s).
[t=576.973s, 32676 KB] Reopened 317 state(s).
[t=576.973s, 32676 KB] Evaluated 23908 state(s).
[t=576.973s, 32676 KB] Evaluations: 98357
[t=576.973s, 32676 KB] Generated 145350 state(s).
[t=576.973s, 32676 KB] Dead ends: 0 state(s).
[t=576.973s, 32676 KB] Number of registered states: 98357
[t=576.973s, 32676 KB] Int hash set load factor: 98357/131072 = 0.750404
[t=576.973s, 32676 KB] Int hash set resizes: 17
[t=576.973s, 32676 KB] Search time: 576.835s
[t=576.973s, 32676 KB] Total time: 576.973s
Solution found.
Peak memory: 32676 KB
Remove intermediate file output.sas
search exit code: 0

INFO     Running validate.
INFO     validate stdin: None
INFO     validate time limit: None
INFO     validate memory limit: None
INFO     validate command line string: validate domain.pddl problem.pddl sas_plan sas_plan.1 sas_plan.2 sas_plan.3
Checking plan: sas_plan
Plan executed successfully - checking goal
Plan valid
Final value: 30 
Checking plan: sas_plan.1
Plan executed successfully - checking goal
Plan valid
Final value: 34 
Checking plan: sas_plan.2
Plan executed successfully - checking goal
Plan valid
Final value: 32 
Checking plan: sas_plan.3
Plan executed successfully - checking goal
Plan valid
Final value: 30 

Successful plans:
Value: 30
 sas_plan 30 
sas_plan.3 30 

Value: 32
 sas_plan.2 32 

Value: 34
 sas_plan.1 34 

validate exit code: 0

INFO     Planner time: 581.20s
