INFO     planner time limit: 900s
INFO     planner memory limit: 3584 MB

INFO     Running translator.
INFO     translator stdin: None
INFO     translator time limit: 899s
INFO     translator memory limit: 3584 MB
INFO     translator command line string: /usr/local/downward-projects/downward/experiments/.venv/bin/python3 /usr/local/downward-projects/downward/experiments/src/thesis/data/thesis-thesis_exp/code-f7a4f68fd467cf7cff4d3dfcfdfcfa2023e44324_e5e41175/builds/release/bin/translate/translate.py domain.pddl problem.pddl --sas-file output.sas
Parsing...
Parsing: [0.000s CPU, 0.002s wall-clock]
Normalizing task... [0.000s CPU, 0.000s wall-clock]
Instantiating...
Generating Datalog program... [0.000s CPU, 0.001s wall-clock]
Normalizing Datalog program...
Normalizing Datalog program: [0.000s CPU, 0.001s wall-clock]
Preparing model... [0.010s CPU, 0.001s wall-clock]
Generated 24 rules.
Computing model... [0.000s CPU, 0.009s wall-clock]
996 relevant atoms
670 auxiliary atoms
1666 final queue length
2254 total queue pushes
Completing instantiation... [0.010s CPU, 0.012s wall-clock]
Instantiating: [0.020s CPU, 0.025s wall-clock]
Computing fact groups...
Finding invariants...
10 initial candidates
Finding invariants: [0.000s CPU, 0.001s wall-clock]
Checking invariant weight... [0.000s CPU, 0.000s wall-clock]
Instantiating groups... [0.010s CPU, 0.006s wall-clock]
Collecting mutex groups... [0.000s CPU, 0.000s wall-clock]
Choosing groups...
0 uncovered facts
Choosing groups: [0.000s CPU, 0.001s wall-clock]
Building translation key... [0.000s CPU, 0.000s wall-clock]
Computing fact groups: [0.010s CPU, 0.010s wall-clock]
Building STRIPS to SAS dictionary... [0.000s CPU, 0.000s wall-clock]
Building dictionary for full mutex groups... [0.000s CPU, 0.000s wall-clock]
Building mutex information...
Building mutex information: [0.000s CPU, 0.000s wall-clock]
Translating task...
Processing axioms...
Simplifying axioms... [0.000s CPU, 0.000s wall-clock]
Translator axioms removed by simplifying: 0
Computing negative axioms... [0.000s CPU, 0.000s wall-clock]
Processing axioms: [0.000s CPU, 0.001s wall-clock]
Translating task: [0.020s CPU, 0.013s wall-clock]
0 effect conditions simplified
0 implied preconditions added
Detecting unreachable propositions...
0 operators removed
0 axioms removed
3 propositions removed
Detecting unreachable propositions: [0.000s CPU, 0.007s wall-clock]
Reordering and filtering variables...
68 of 68 variables necessary.
65 of 68 mutex groups necessary.
522 of 522 operators necessary.
0 of 0 axiom rules necessary.
Reordering and filtering variables: [0.010s CPU, 0.003s wall-clock]
Translator variables: 68
Translator derived variables: 0
Translator facts: 329
Translator goal facts: 65
Translator mutex groups: 65
Translator total mutex groups size: 260
Translator operators: 522
Translator axioms: 0
Translator task size: 3588
Translator peak memory: 34032 KB
Writing output... [0.000s CPU, 0.003s wall-clock]
Done! [0.060s CPU, 0.064s wall-clock]
translate exit code: 0

INFO     Running search (release).
INFO     search stdin: output.sas
INFO     search time limit: 899s
INFO     search memory limit: 3584 MB
INFO     search command line string: /usr/local/downward-projects/downward/experiments/src/thesis/data/thesis-thesis_exp/code-f7a4f68fd467cf7cff4d3dfcfdfcfa2023e44324_e5e41175/builds/release/bin/downward --evaluator 'h=ff()' --search 'eager(alt([lwm_based_type(h), single(h)]))' --internal-plan-file sas_plan < output.sas
[t=0.000887876s, 11000 KB] reading input...
[t=0.00299412s, 11124 KB] done reading input!
[t=0.00509802s, 11520 KB] Simplifying 1042 unary operators... done! [1042 unary operators]
[t=0.00509802s, 11520 KB] time to simplify: 0s
[t=0.00509802s, 11520 KB] Initializing additive heuristic...
[t=0.0061498s, 11520 KB] Initializing FF heuristic...
[t=0.0061498s, 11520 KB] Building successor generator...done!
[t=0.0061498s, 11520 KB] peak memory difference for successor generator creation: 0 KB
[t=0.0061498s, 11520 KB] time for successor generation creation: 0s
[t=0.0061498s, 11520 KB] Variables: 68
[t=0.0061498s, 11520 KB] FactPairs: 329
[t=0.0061498s, 11520 KB] Bytes per state: 20
[t=0.0061498s, 11520 KB] Conducting best first search without reopening closed nodes, (real) bound = 2147483647
[t=0.0061498s, 11520 KB] New best heuristic value for ff(): 131
[t=0.0061498s, 11520 KB] g=0, 1 evaluated, 0 expanded
[t=0.0061498s, 11520 KB] Initial heuristic value for ff(): 131
[t=0.0061498s, 11520 KB] pruning method: none
[t=0.0061498s, 11520 KB] Start Timestep: 1684326802570 millisecond(s).
[t=0.0061498s, 11520 KB] New best heuristic value for ff(): 130
[t=0.0061498s, 11520 KB] g=1, 3 evaluated, 1 expanded
[t=0.0134904s, 11520 KB] New best heuristic value for ff(): 129
[t=0.0134904s, 11520 KB] g=3, 452 evaluated, 7 expanded
[t=0.0134904s, 11520 KB] New best heuristic value for ff(): 128
[t=0.0134904s, 11520 KB] g=4, 453 evaluated, 8 expanded
[t=0.0145414s, 11520 KB] New best heuristic value for ff(): 127
[t=0.0145414s, 11520 KB] g=5, 457 evaluated, 10 expanded
[t=0.0145414s, 11520 KB] New best heuristic value for ff(): 126
[t=0.0145414s, 11520 KB] g=7, 463 evaluated, 14 expanded
[t=0.0198357s, 11656 KB] New best heuristic value for ff(): 125
[t=0.0198357s, 11656 KB] g=9, 777 evaluated, 19 expanded
[t=0.0198357s, 11656 KB] New best heuristic value for ff(): 124
[t=0.0198357s, 11656 KB] g=10, 778 evaluated, 20 expanded
[t=0.0198357s, 11656 KB] New best heuristic value for ff(): 123
[t=0.0198357s, 11656 KB] g=11, 784 evaluated, 22 expanded
[t=0.0198357s, 11656 KB] New best heuristic value for ff(): 122
[t=0.0198357s, 11656 KB] g=13, 794 evaluated, 26 expanded
[t=0.0387199s, 11792 KB] New best heuristic value for ff(): 121
[t=0.0387199s, 11792 KB] g=15, 1907 evaluated, 55 expanded
[t=0.0387199s, 11792 KB] New best heuristic value for ff(): 120
[t=0.0387199s, 11792 KB] g=16, 1908 evaluated, 56 expanded
[t=0.0387199s, 11792 KB] New best heuristic value for ff(): 119
[t=0.0387199s, 11792 KB] g=17, 1916 evaluated, 58 expanded
[t=0.0387199s, 11792 KB] New best heuristic value for ff(): 118
[t=0.0387199s, 11792 KB] g=19, 1930 evaluated, 62 expanded
[t=0.0491594s, 11924 KB] New best heuristic value for ff(): 117
[t=0.0502106s, 11924 KB] g=21, 2564 evaluated, 75 expanded
[t=0.0502106s, 11924 KB] New best heuristic value for ff(): 116
[t=0.0502106s, 11924 KB] g=22, 2565 evaluated, 76 expanded
[t=0.0502106s, 11924 KB] New best heuristic value for ff(): 115
[t=0.0502106s, 11924 KB] g=23, 2575 evaluated, 78 expanded
[t=0.0502106s, 11924 KB] New best heuristic value for ff(): 114
[t=0.0502106s, 11924 KB] g=25, 2593 evaluated, 82 expanded
[t=0.0555851s, 11924 KB] New best heuristic value for ff(): 113
[t=0.0555851s, 11924 KB] g=27, 2881 evaluated, 89 expanded
[t=0.0555851s, 11924 KB] New best heuristic value for ff(): 112
[t=0.0555851s, 11924 KB] g=28, 2882 evaluated, 90 expanded
[t=0.0555851s, 11924 KB] New best heuristic value for ff(): 111
[t=0.0555851s, 11924 KB] g=29, 2894 evaluated, 92 expanded
[t=0.0565202s, 11924 KB] New best heuristic value for ff(): 110
[t=0.0565202s, 11924 KB] g=31, 2973 evaluated, 96 expanded
[t=0.0722661s, 12060 KB] New best heuristic value for ff(): 109
[t=0.0722661s, 12060 KB] g=33, 3889 evaluated, 119 expanded
[t=0.0722661s, 12060 KB] New best heuristic value for ff(): 108
[t=0.0722661s, 12060 KB] g=34, 3890 evaluated, 120 expanded
[t=0.0722661s, 12060 KB] New best heuristic value for ff(): 107
[t=0.0722661s, 12060 KB] g=35, 3904 evaluated, 122 expanded
[t=0.0733176s, 12060 KB] New best heuristic value for ff(): 106
[t=0.0733176s, 12060 KB] g=37, 3974 evaluated, 126 expanded
[t=0.0817283s, 12324 KB] New best heuristic value for ff(): 105
[t=0.0817283s, 12324 KB] g=39, 4458 evaluated, 141 expanded
[t=0.0817283s, 12324 KB] New best heuristic value for ff(): 104
[t=0.0817283s, 12324 KB] g=40, 4459 evaluated, 142 expanded
[t=0.0827796s, 12324 KB] New best heuristic value for ff(): 103
[t=0.0827796s, 12324 KB] g=41, 4475 evaluated, 144 expanded
[t=0.0833919s, 12324 KB] New best heuristic value for ff(): 102
[t=0.0833919s, 12324 KB] g=43, 4505 evaluated, 148 expanded
[t=0.0932616s, 12324 KB] New best heuristic value for ff(): 101
[t=0.0932616s, 12324 KB] g=45, 5127 evaluated, 169 expanded
[t=0.0932616s, 12324 KB] New best heuristic value for ff(): 100
[t=0.0932616s, 12324 KB] g=46, 5128 evaluated, 170 expanded
[t=0.0932616s, 12324 KB] New best heuristic value for ff(): 99
[t=0.0932616s, 12324 KB] g=47, 5146 evaluated, 172 expanded
[t=0.0943131s, 12488 KB] New best heuristic value for ff(): 98
[t=0.0943131s, 12488 KB] g=49, 5181 evaluated, 176 expanded
[t=0.099569s, 12488 KB] New best heuristic value for ff(): 97
[t=0.099569s, 12488 KB] g=51, 5479 evaluated, 185 expanded
[t=0.099569s, 12488 KB] New best heuristic value for ff(): 96
[t=0.099569s, 12488 KB] g=52, 5480 evaluated, 186 expanded
[t=0.099569s, 12488 KB] New best heuristic value for ff(): 95
[t=0.099569s, 12488 KB] g=53, 5500 evaluated, 188 expanded
[t=0.10062s, 12488 KB] New best heuristic value for ff(): 94
[t=0.10062s, 12488 KB] g=55, 5538 evaluated, 192 expanded
[t=0.113236s, 12488 KB] New best heuristic value for ff(): 93
[t=0.113236s, 12488 KB] g=57, 6312 evaluated, 217 expanded
[t=0.113236s, 12488 KB] New best heuristic value for ff(): 92
[t=0.113236s, 12488 KB] g=58, 6313 evaluated, 218 expanded
[t=0.114288s, 12488 KB] New best heuristic value for ff(): 91
[t=0.114288s, 12488 KB] g=59, 6335 evaluated, 220 expanded
[t=0.115161s, 12488 KB] New best heuristic value for ff(): 90
[t=0.11534s, 12488 KB] g=61, 6393 evaluated, 224 expanded
[t=0.125852s, 12620 KB] New best heuristic value for ff(): 89
[t=0.125852s, 12620 KB] g=63, 7087 evaluated, 245 expanded
[t=0.125852s, 12620 KB] New best heuristic value for ff(): 88
[t=0.125852s, 12620 KB] g=64, 7088 evaluated, 246 expanded
[t=0.127082s, 12620 KB] New best heuristic value for ff(): 87
[t=0.127082s, 12620 KB] g=65, 7112 evaluated, 248 expanded
[t=0.127082s, 12620 KB] New best heuristic value for ff(): 86
[t=0.127082s, 12620 KB] g=67, 7158 evaluated, 252 expanded
[t=0.141578s, 12848 KB] New best heuristic value for ff(): 85
[t=0.14263s, 12848 KB] g=69, 8040 evaluated, 287 expanded
[t=0.14263s, 12848 KB] New best heuristic value for ff(): 84
[t=0.14263s, 12848 KB] g=70, 8041 evaluated, 288 expanded
[t=0.14298s, 12848 KB] New best heuristic value for ff(): 83
[t=0.14298s, 12848 KB] g=71, 8067 evaluated, 290 expanded
[t=0.143682s, 12848 KB] New best heuristic value for ff(): 82
[t=0.143682s, 12848 KB] g=73, 8118 evaluated, 294 expanded
[t=0.176264s, 13364 KB] New best heuristic value for ff(): 81
[t=0.176264s, 13364 KB] g=75, 10156 evaluated, 377 expanded
[t=0.177316s, 13364 KB] New best heuristic value for ff(): 80
[t=0.177316s, 13364 KB] g=76, 10157 evaluated, 378 expanded
[t=0.177316s, 13364 KB] New best heuristic value for ff(): 79
[t=0.177316s, 13364 KB] g=77, 10185 evaluated, 380 expanded
[t=0.17875s, 13364 KB] New best heuristic value for ff(): 78
[t=0.17875s, 13364 KB] g=79, 10239 evaluated, 384 expanded
[t=0.206687s, 13532 KB] New best heuristic value for ff(): 77
[t=0.206687s, 13532 KB] g=81, 11960 evaluated, 453 expanded
[t=0.206687s, 13532 KB] New best heuristic value for ff(): 76
[t=0.206687s, 13532 KB] g=82, 11961 evaluated, 454 expanded
[t=0.206687s, 13532 KB] New best heuristic value for ff(): 75
[t=0.206687s, 13532 KB] g=83, 11991 evaluated, 456 expanded
[t=0.207738s, 13532 KB] New best heuristic value for ff(): 74
[t=0.207738s, 13532 KB] g=85, 12049 evaluated, 460 expanded
[t=0.227683s, 13668 KB] New best heuristic value for ff(): 73
[t=0.227683s, 13668 KB] g=87, 13295 evaluated, 514 expanded
[t=0.227683s, 13668 KB] New best heuristic value for ff(): 72
[t=0.227683s, 13668 KB] g=88, 13296 evaluated, 515 expanded
[t=0.228734s, 13668 KB] New best heuristic value for ff(): 71
[t=0.228734s, 13668 KB] g=89, 13328 evaluated, 517 expanded
[t=0.230824s, 13668 KB] New best heuristic value for ff(): 70
[t=0.230824s, 13668 KB] g=91, 13439 evaluated, 521 expanded
[t=0.257109s, 13932 KB] New best heuristic value for ff(): 69
[t=0.257109s, 13932 KB] g=93, 15071 evaluated, 613 expanded
[t=0.257109s, 13932 KB] New best heuristic value for ff(): 68
[t=0.257109s, 13932 KB] g=94, 15072 evaluated, 614 expanded
[t=0.25817s, 13932 KB] New best heuristic value for ff(): 67
[t=0.25817s, 13932 KB] g=95, 15106 evaluated, 616 expanded
[t=0.259212s, 13932 KB] New best heuristic value for ff(): 66
[t=0.259212s, 13932 KB] g=97, 15199 evaluated, 620 expanded
[t=0.270016s, 14240 KB] New best heuristic value for ff(): 65
[t=0.270016s, 14240 KB] g=99, 15771 evaluated, 649 expanded
[t=0.270016s, 14240 KB] New best heuristic value for ff(): 64
[t=0.270016s, 14240 KB] g=100, 15772 evaluated, 650 expanded
[t=0.270698s, 14240 KB] New best heuristic value for ff(): 63
[t=0.270698s, 14240 KB] g=101, 15808 evaluated, 652 expanded
[t=0.271749s, 14240 KB] New best heuristic value for ff(): 62
[t=0.271749s, 14240 KB] g=103, 15878 evaluated, 656 expanded
[t=0.277006s, 14240 KB] New best heuristic value for ff(): 61
[t=0.277006s, 14240 KB] g=105, 16202 evaluated, 669 expanded
[t=0.277006s, 14240 KB] New best heuristic value for ff(): 60
[t=0.277006s, 14240 KB] g=106, 16203 evaluated, 670 expanded
[t=0.278057s, 14240 KB] New best heuristic value for ff(): 59
[t=0.278057s, 14240 KB] g=107, 16241 evaluated, 672 expanded
[t=0.279109s, 14240 KB] New best heuristic value for ff(): 58
[t=0.279109s, 14240 KB] g=109, 16315 evaluated, 676 expanded
[t=0.289841s, 15268 KB] New best heuristic value for ff(): 57
[t=0.289841s, 15268 KB] g=111, 16976 evaluated, 715 expanded
[t=0.289841s, 15268 KB] New best heuristic value for ff(): 56
[t=0.289841s, 15268 KB] g=112, 16977 evaluated, 716 expanded
[t=0.290642s, 15268 KB] New best heuristic value for ff(): 55
[t=0.290642s, 15268 KB] g=113, 17017 evaluated, 718 expanded
[t=0.291694s, 15268 KB] New best heuristic value for ff(): 54
[t=0.291694s, 15268 KB] g=115, 17107 evaluated, 722 expanded
[t=0.30556s, 15268 KB] New best heuristic value for ff(): 53
[t=0.30556s, 15268 KB] g=117, 17892 evaluated, 770 expanded
[t=0.30556s, 15268 KB] New best heuristic value for ff(): 52
[t=0.30556s, 15268 KB] g=118, 17893 evaluated, 771 expanded
[t=0.30629s, 15268 KB] New best heuristic value for ff(): 51
[t=0.30629s, 15268 KB] g=119, 17955 evaluated, 773 expanded
[t=0.308392s, 15268 KB] New best heuristic value for ff(): 50
[t=0.308392s, 15268 KB] g=121, 18076 evaluated, 777 expanded
[t=0.322053s, 15268 KB] New best heuristic value for ff(): 49
[t=0.322053s, 15268 KB] g=123, 18967 evaluated, 825 expanded
[t=0.322053s, 15268 KB] New best heuristic value for ff(): 48
[t=0.322053s, 15268 KB] g=124, 18968 evaluated, 826 expanded
[t=0.323104s, 15268 KB] New best heuristic value for ff(): 47
[t=0.323104s, 15268 KB] g=125, 19012 evaluated, 828 expanded
[t=0.32625s, 15268 KB] New best heuristic value for ff(): 46
[t=0.32625s, 15268 KB] g=127, 19185 evaluated, 832 expanded
[t=0.344111s, 15268 KB] New best heuristic value for ff(): 45
[t=0.344111s, 15268 KB] g=129, 20304 evaluated, 926 expanded
[t=0.346214s, 15268 KB] New best heuristic value for ff(): 44
[t=0.346214s, 15268 KB] g=131, 20434 evaluated, 930 expanded
[t=0.357753s, 15284 KB] New best heuristic value for ff(): 43
[t=0.357753s, 15284 KB] g=133, 21196 evaluated, 1006 expanded
[t=0.357753s, 15284 KB] New best heuristic value for ff(): 42
[t=0.357753s, 15284 KB] g=134, 21197 evaluated, 1007 expanded
[t=0.36115s, 15632 KB] New best heuristic value for ff(): 41
[t=0.36115s, 15632 KB] g=135, 21281 evaluated, 1009 expanded
[t=0.363014s, 15632 KB] New best heuristic value for ff(): 40
[t=0.363014s, 15632 KB] g=137, 21373 evaluated, 1013 expanded
[t=0.373526s, 15632 KB] New best heuristic value for ff(): 39
[t=0.373526s, 15632 KB] g=139, 22059 evaluated, 1076 expanded
[t=0.373526s, 15632 KB] New best heuristic value for ff(): 38
[t=0.373526s, 15632 KB] g=140, 22060 evaluated, 1077 expanded
[t=0.373526s, 15632 KB] New best heuristic value for ff(): 37
[t=0.374578s, 15632 KB] g=141, 22109 evaluated, 1079 expanded
[t=0.375629s, 15632 KB] New best heuristic value for ff(): 36
[t=0.375629s, 15632 KB] g=143, 22204 evaluated, 1082 expanded
[t=0.382953s, 15632 KB] New best heuristic value for ff(): 35
[t=0.382953s, 15632 KB] g=145, 22707 evaluated, 1154 expanded
[t=0.386107s, 15632 KB] New best heuristic value for ff(): 34
[t=0.386107s, 15632 KB] g=147, 22899 evaluated, 1158 expanded
[t=0.39557s, 15632 KB] New best heuristic value for ff(): 33
[t=0.39557s, 15632 KB] g=149, 23515 evaluated, 1228 expanded
[t=0.398717s, 15632 KB] New best heuristic value for ff(): 32
[t=0.398717s, 15632 KB] g=151, 23685 evaluated, 1232 expanded
[t=0.406077s, 15764 KB] New best heuristic value for ff(): 31
[t=0.406077s, 15764 KB] g=153, 24212 evaluated, 1297 expanded
[t=0.408794s, 15764 KB] New best heuristic value for ff(): 30
[t=0.409232s, 15764 KB] g=155, 24363 evaluated, 1301 expanded
[t=0.414487s, 15764 KB] New best heuristic value for ff(): 29
[t=0.414487s, 15764 KB] g=157, 24742 evaluated, 1345 expanded
[t=0.414487s, 15764 KB] New best heuristic value for ff(): 28
[t=0.414487s, 15764 KB] g=158, 24743 evaluated, 1346 expanded
[t=0.415538s, 15764 KB] New best heuristic value for ff(): 27
[t=0.415538s, 15764 KB] g=159, 24797 evaluated, 1348 expanded
[t=0.417641s, 15896 KB] New best heuristic value for ff(): 26
[t=0.417641s, 15896 KB] g=161, 24949 evaluated, 1352 expanded
[t=0.423949s, 15896 KB] New best heuristic value for ff(): 25
[t=0.423949s, 15896 KB] g=163, 25364 evaluated, 1404 expanded
[t=0.426051s, 15896 KB] New best heuristic value for ff(): 24
[t=0.426051s, 15896 KB] g=165, 25524 evaluated, 1408 expanded
[t=0.430257s, 15896 KB] New best heuristic value for ff(): 23
[t=0.430257s, 15896 KB] g=167, 25831 evaluated, 1458 expanded
[t=0.433411s, 15896 KB] New best heuristic value for ff(): 22
[t=0.433411s, 15896 KB] g=169, 26052 evaluated, 1462 expanded
[t=0.437616s, 16032 KB] New best heuristic value for ff(): 21
[t=0.437616s, 16032 KB] g=171, 26319 evaluated, 1508 expanded
[t=0.440771s, 16032 KB] New best heuristic value for ff(): 20
[t=0.440771s, 16032 KB] g=173, 26485 evaluated, 1512 expanded
[t=0.443924s, 16032 KB] New best heuristic value for ff(): 19
[t=0.443924s, 16032 KB] g=175, 26692 evaluated, 1553 expanded
[t=0.447078s, 16032 KB] New best heuristic value for ff(): 18
[t=0.447078s, 16032 KB] g=177, 26916 evaluated, 1557 expanded
[t=0.449181s, 16032 KB] New best heuristic value for ff(): 17
[t=0.449181s, 16032 KB] g=179, 27047 evaluated, 1594 expanded
[t=0.451284s, 16032 KB] New best heuristic value for ff(): 16
[t=0.451284s, 16032 KB] g=181, 27219 evaluated, 1598 expanded
[t=0.454429s, 16168 KB] New best heuristic value for ff(): 15
[t=0.45548s, 16168 KB] g=183, 27458 evaluated, 1632 expanded
[t=0.457583s, 16168 KB] New best heuristic value for ff(): 14
[t=0.457583s, 16168 KB] g=185, 27676 evaluated, 1636 expanded
[t=0.46284s, 16168 KB] New best heuristic value for ff(): 13
[t=0.46284s, 16168 KB] g=187, 28002 evaluated, 1666 expanded
[t=0.465994s, 16168 KB] New best heuristic value for ff(): 12
[t=0.465994s, 16168 KB] g=189, 28275 evaluated, 1670 expanded
[t=0.467046s, 16168 KB] New best heuristic value for ff(): 11
[t=0.467046s, 16168 KB] g=191, 28342 evaluated, 1696 expanded
[t=0.470199s, 16168 KB] New best heuristic value for ff(): 10
[t=0.470199s, 16168 KB] g=193, 28523 evaluated, 1700 expanded
[t=0.473354s, 16304 KB] New best heuristic value for ff(): 9
[t=0.473354s, 16304 KB] g=195, 28765 evaluated, 1722 expanded
[t=0.475456s, 16304 KB] New best heuristic value for ff(): 8
[t=0.475456s, 16304 KB] g=197, 28949 evaluated, 1726 expanded
[t=0.476508s, 16304 KB] New best heuristic value for ff(): 7
[t=0.476508s, 16304 KB] g=199, 28986 evaluated, 1744 expanded
[t=0.47861s, 16304 KB] New best heuristic value for ff(): 6
[t=0.47861s, 16304 KB] g=201, 29173 evaluated, 1748 expanded
[t=0.480316s, 16304 KB] New best heuristic value for ff(): 5
[t=0.480316s, 16304 KB] g=203, 29243 evaluated, 1762 expanded
[t=0.482782s, 16304 KB] New best heuristic value for ff(): 4
[t=0.482782s, 16304 KB] g=205, 29433 evaluated, 1766 expanded
[t=0.482782s, 16304 KB] New best heuristic value for ff(): 3
[t=0.482782s, 16304 KB] g=206, 29439 evaluated, 1768 expanded
[t=0.482782s, 16304 KB] New best heuristic value for ff(): 2
[t=0.482782s, 16304 KB] g=207, 29489 evaluated, 1770 expanded
[t=0.482782s, 16304 KB] New best heuristic value for ff(): 1
[t=0.482782s, 16304 KB] g=208, 29491 evaluated, 1772 expanded
[t=0.484256s, 16304 KB] New best heuristic value for ff(): 0
[t=0.484256s, 16304 KB] g=209, 29558 evaluated, 1774 expanded
[t=0.484256s, 16304 KB] Solution found!
[t=0.484256s, 16304 KB] Actual search time: 0.478106s
pick ball58 rooma right (1)
pick ball54 rooma left (1)
move rooma roomb (1)
drop ball54 roomb left (1)
drop ball58 roomb right (1)
move roomb rooma (1)
pick ball1 rooma left (1)
pick ball9 rooma right (1)
move rooma roomb (1)
drop ball1 roomb left (1)
drop ball9 roomb right (1)
move roomb rooma (1)
pick ball16 rooma left (1)
pick ball13 rooma right (1)
move rooma roomb (1)
drop ball16 roomb left (1)
drop ball13 roomb right (1)
move roomb rooma (1)
pick ball11 rooma left (1)
pick ball55 rooma right (1)
move rooma roomb (1)
drop ball11 roomb left (1)
drop ball55 roomb right (1)
move roomb rooma (1)
pick ball12 rooma left (1)
pick ball49 rooma right (1)
move rooma roomb (1)
drop ball12 roomb left (1)
drop ball49 roomb right (1)
move roomb rooma (1)
pick ball2 rooma left (1)
pick ball36 rooma right (1)
move rooma roomb (1)
drop ball2 roomb left (1)
drop ball36 roomb right (1)
move roomb rooma (1)
pick ball15 rooma left (1)
pick ball32 rooma right (1)
move rooma roomb (1)
drop ball15 roomb left (1)
drop ball32 roomb right (1)
move roomb rooma (1)
pick ball21 rooma left (1)
pick ball43 rooma right (1)
move rooma roomb (1)
drop ball21 roomb left (1)
drop ball43 roomb right (1)
move roomb rooma (1)
pick ball18 rooma left (1)
pick ball47 rooma right (1)
move rooma roomb (1)
drop ball18 roomb left (1)
drop ball47 roomb right (1)
move roomb rooma (1)
pick ball24 rooma left (1)
pick ball14 rooma right (1)
move rooma roomb (1)
drop ball24 roomb left (1)
drop ball14 roomb right (1)
move roomb rooma (1)
pick ball19 rooma left (1)
pick ball60 rooma right (1)
move rooma roomb (1)
drop ball19 roomb left (1)
drop ball60 roomb right (1)
move roomb rooma (1)
pick ball35 rooma left (1)
pick ball27 rooma right (1)
move rooma roomb (1)
drop ball35 roomb left (1)
drop ball27 roomb right (1)
move roomb rooma (1)
pick ball38 rooma left (1)
pick ball28 rooma right (1)
move rooma roomb (1)
drop ball38 roomb left (1)
drop ball28 roomb right (1)
move roomb rooma (1)
pick ball33 rooma left (1)
pick ball50 rooma right (1)
move rooma roomb (1)
drop ball33 roomb left (1)
drop ball50 roomb right (1)
move roomb rooma (1)
pick ball41 rooma left (1)
pick ball53 rooma right (1)
move rooma roomb (1)
drop ball41 roomb left (1)
drop ball53 roomb right (1)
move roomb rooma (1)
pick ball25 rooma left (1)
pick ball7 rooma right (1)
move rooma roomb (1)
drop ball25 roomb left (1)
drop ball7 roomb right (1)
move roomb rooma (1)
pick ball23 rooma left (1)
pick ball57 rooma right (1)
move rooma roomb (1)
drop ball23 roomb left (1)
drop ball57 roomb right (1)
move roomb rooma (1)
pick ball29 rooma left (1)
pick ball20 rooma right (1)
move rooma roomb (1)
drop ball29 roomb left (1)
drop ball20 roomb right (1)
move roomb rooma (1)
pick ball48 rooma left (1)
pick ball4 rooma right (1)
move rooma roomb (1)
drop ball48 roomb left (1)
drop ball4 roomb right (1)
move roomb rooma (1)
pick ball51 rooma left (1)
pick ball22 rooma right (1)
move rooma roomb (1)
drop ball51 roomb left (1)
drop ball22 roomb right (1)
move roomb rooma (1)
pick ball3 rooma left (1)
pick ball30 rooma right (1)
move rooma roomb (1)
drop ball3 roomb left (1)
drop ball30 roomb right (1)
move roomb rooma (1)
pick ball10 rooma left (1)
move rooma roomb (1)
drop ball10 roomb left (1)
move roomb rooma (1)
pick ball37 rooma left (1)
pick ball34 rooma right (1)
move rooma roomb (1)
drop ball37 roomb left (1)
drop ball34 roomb right (1)
move roomb rooma (1)
pick ball45 rooma left (1)
pick ball42 rooma right (1)
move rooma roomb (1)
drop ball45 roomb left (1)
drop ball42 roomb right (1)
move roomb rooma (1)
pick ball17 rooma left (1)
move rooma roomb (1)
drop ball17 roomb left (1)
move roomb rooma (1)
pick ball26 rooma left (1)
move rooma roomb (1)
drop ball26 roomb left (1)
move roomb rooma (1)
pick ball31 rooma left (1)
move rooma roomb (1)
drop ball31 roomb left (1)
move roomb rooma (1)
pick ball64 rooma left (1)
pick ball6 rooma right (1)
move rooma roomb (1)
drop ball64 roomb left (1)
drop ball6 roomb right (1)
move roomb rooma (1)
pick ball39 rooma left (1)
move rooma roomb (1)
drop ball39 roomb left (1)
move roomb rooma (1)
pick ball40 rooma left (1)
move rooma roomb (1)
drop ball40 roomb left (1)
move roomb rooma (1)
pick ball44 rooma left (1)
move rooma roomb (1)
drop ball44 roomb left (1)
move roomb rooma (1)
pick ball46 rooma left (1)
move rooma roomb (1)
drop ball46 roomb left (1)
move roomb rooma (1)
pick ball5 rooma left (1)
move rooma roomb (1)
drop ball5 roomb left (1)
move roomb rooma (1)
pick ball52 rooma left (1)
move rooma roomb (1)
drop ball52 roomb left (1)
move roomb rooma (1)
pick ball56 rooma left (1)
move rooma roomb (1)
drop ball56 roomb left (1)
move roomb rooma (1)
pick ball59 rooma left (1)
move rooma roomb (1)
drop ball59 roomb left (1)
move roomb rooma (1)
pick ball61 rooma left (1)
move rooma roomb (1)
drop ball61 roomb left (1)
move roomb rooma (1)
pick ball62 rooma left (1)
move rooma roomb (1)
drop ball62 roomb left (1)
move roomb rooma (1)
pick ball63 rooma left (1)
move rooma roomb (1)
drop ball63 roomb left (1)
move roomb rooma (1)
pick ball65 rooma left (1)
pick ball8 rooma right (1)
move rooma roomb (1)
drop ball65 roomb left (1)
drop ball8 roomb right (1)
[t=0.484256s, 16304 KB] Plan length: 209 step(s).
[t=0.484256s, 16304 KB] Plan cost: 209
[t=0.484256s, 16304 KB] Timestamp: 1684326803053 millisecond(s).
[t=0.484256s, 16304 KB] Expanded 1776 state(s).
[t=0.484256s, 16304 KB] Reopened 0 state(s).
[t=0.484256s, 16304 KB] Evaluated 29559 state(s).
[t=0.484256s, 16304 KB] Evaluations: 29559
[t=0.484256s, 16304 KB] Generated 35831 state(s).
[t=0.484256s, 16304 KB] Dead ends: 0 state(s).
[t=0.484256s, 16304 KB] Number of registered states: 29559
[t=0.484256s, 16304 KB] Int hash set load factor: 29559/32768 = 0.902069
[t=0.484256s, 16304 KB] Int hash set resizes: 15
[t=0.484256s, 16304 KB] Search time: 0.478106s
[t=0.484256s, 16304 KB] Total time: 0.484256s
Solution found.
Peak memory: 16304 KB
Remove intermediate file output.sas
search exit code: 0

INFO     Running validate.
INFO     validate stdin: None
INFO     validate time limit: None
INFO     validate memory limit: None
INFO     validate command line string: validate domain.pddl problem.pddl sas_plan
Checking plan: sas_plan
Plan executed successfully - checking goal
Plan valid
Final value: 209 

Successful plans:
Value: 209
 sas_plan 209 

validate exit code: 0

INFO     Planner time: 0.65s
