INFO     planner time limit: 300s
INFO     planner memory limit: 3584 MB

INFO     Running translator.
INFO     translator stdin: None
INFO     translator time limit: 299s
INFO     translator memory limit: 3584 MB
INFO     translator command line string: /usr/local/downward-projects/downward/experiments/.venv/bin/python3 /usr/local/downward-projects/downward/experiments/src/thesis/data/thesis-thesis_exp/code-d93485cdd92f65ede2ae3573b3f4adda0b49e4fd_e5e41175/builds/release/bin/translate/translate.py domain.pddl problem.pddl --sas-file output.sas
Parsing...
Parsing: [0.000s CPU, 0.002s wall-clock]
Normalizing task... [0.000s CPU, 0.000s wall-clock]
Instantiating...
Generating Datalog program... [0.000s CPU, 0.001s wall-clock]
Normalizing Datalog program...
Normalizing Datalog program: [0.010s CPU, 0.001s wall-clock]
Preparing model... [0.000s CPU, 0.001s wall-clock]
Generated 32 rules.
Computing model... [0.340s CPU, 0.353s wall-clock]
53177 relevant atoms
5070 auxiliary atoms
58247 final queue length
172334 total queue pushes
Completing instantiation... [2.300s CPU, 2.306s wall-clock]
Instantiating: [2.660s CPU, 2.677s wall-clock]
Computing fact groups...
Finding invariants...
12 initial candidates
Finding invariants: [0.010s CPU, 0.007s wall-clock]
Checking invariant weight... [0.000s CPU, 0.000s wall-clock]
Instantiating groups... [0.000s CPU, 0.004s wall-clock]
Collecting mutex groups... [0.000s CPU, 0.001s wall-clock]
Choosing groups...
71 uncovered facts
Choosing groups: [0.010s CPU, 0.003s wall-clock]
Building translation key... [0.000s CPU, 0.001s wall-clock]
Computing fact groups: [0.020s CPU, 0.020s wall-clock]
Building STRIPS to SAS dictionary... [0.000s CPU, 0.001s wall-clock]
Building dictionary for full mutex groups... [0.000s CPU, 0.001s wall-clock]
Building mutex information...
Building mutex information: [0.000s CPU, 0.001s wall-clock]
Translating task...
Processing axioms...
Simplifying axioms... [0.000s CPU, 0.000s wall-clock]
Translator axioms removed by simplifying: 0
Computing negative axioms... [0.000s CPU, 0.000s wall-clock]
Processing axioms: [0.080s CPU, 0.075s wall-clock]
Translating task: [2.270s CPU, 2.291s wall-clock]
61152 effect conditions simplified
0 implied preconditions added
Detecting unreachable propositions...
0 operators removed
0 axioms removed
28 propositions removed
Detecting unreachable propositions: [1.310s CPU, 1.316s wall-clock]
Reordering and filtering variables...
99 of 99 variables necessary.
43 of 71 mutex groups necessary.
49392 of 49392 operators necessary.
0 of 0 axiom rules necessary.
Reordering and filtering variables: [0.310s CPU, 0.314s wall-clock]
Translator variables: 99
Translator derived variables: 0
Translator facts: 1346
Translator goal facts: 28
Translator mutex groups: 43
Translator total mutex groups size: 1247
Translator operators: 49392
Translator axioms: 0
Translator task size: 402560
Translator peak memory: 270656 KB
Writing output... [0.300s CPU, 0.311s wall-clock]
Done! [6.970s CPU, 7.028s wall-clock]
translate exit code: 0

INFO     Running search (release).
INFO     search stdin: output.sas
INFO     search time limit: 292s
INFO     search memory limit: 3584 MB
INFO     search command line string: /usr/local/downward-projects/downward/experiments/src/thesis/data/thesis-thesis_exp/code-d93485cdd92f65ede2ae3573b3f4adda0b49e4fd_e5e41175/builds/release/bin/downward --evaluator 'h=ff()' --search 'eager(alt([type_based([h, g()], random_seed=-1), single(h)]))' --internal-plan-file sas_plan < output.sas
[t=0.00102273s, 11364 KB] reading input...
[t=0.198378s, 30112 KB] done reading input!
[t=0.222518s, 41360 KB] Simplifying 171276 unary operators... done! [171276 unary operators]
[t=0.556725s, 56496 KB] time to simplify: 0.334207s
[t=0.560842s, 56496 KB] Initializing additive heuristic...
[t=0.56157s, 56496 KB] Initializing FF heuristic...
[t=0.561598s, 56496 KB] Building successor generator...done!
[t=0.575912s, 56496 KB] peak memory difference for successor generator creation: 0 KB
[t=0.576013s, 56496 KB] time for successor generation creation: 0.0138018s
[t=0.576461s, 56496 KB] Variables: 99
[t=0.576904s, 56496 KB] FactPairs: 1346
[t=0.57693s, 56496 KB] Bytes per state: 32
[t=0.576954s, 56496 KB] Conducting best first search without reopening closed nodes, (real) bound = 2147483647
[t=0.58062s, 56496 KB] New best heuristic value for ff(): 60
[t=0.581298s, 56496 KB] g=0, 1 evaluated, 0 expanded
[t=0.581325s, 56496 KB] Initial heuristic value for ff(): 60
[t=0.581355s, 56496 KB] pruning method: none
[t=0.581378s, 56496 KB] Start Timestep: 1687913489154 millisecond(s).
[t=0.583245s, 56496 KB] New best heuristic value for ff(): 59
[t=0.583636s, 56496 KB] g=1, 2 evaluated, 1 expanded
[t=0.599475s, 56496 KB] New best heuristic value for ff(): 54
[t=0.599772s, 56496 KB] g=1, 10 evaluated, 1 expanded
[t=2.71884s, 56496 KB] New best heuristic value for ff(): 53
[t=2.7191s, 56496 KB] g=5, 1067 evaluated, 51 expanded
[t=3.57628s, 56496 KB] New best heuristic value for ff(): 52
[t=3.5771s, 56496 KB] g=8, 1493 evaluated, 70 expanded
[t=4.34614s, 56496 KB] New best heuristic value for ff(): 51
[t=4.34682s, 56496 KB] g=10, 1881 evaluated, 84 expanded
[t=6.42845s, 56496 KB] New best heuristic value for ff(): 50
[t=6.42943s, 56496 KB] g=12, 2933 evaluated, 131 expanded
[t=7.56433s, 56496 KB] New best heuristic value for ff(): 49
[t=7.56463s, 56496 KB] g=17, 3505 evaluated, 156 expanded
[t=7.6884s, 56496 KB] New best heuristic value for ff(): 48
[t=7.68928s, 56496 KB] g=18, 3568 evaluated, 158 expanded
[t=7.78295s, 56496 KB] New best heuristic value for ff(): 47
[t=7.78403s, 56496 KB] g=19, 3616 evaluated, 160 expanded
[t=9.01017s, 56496 KB] New best heuristic value for ff(): 46
[t=9.01033s, 56496 KB] g=21, 4237 evaluated, 183 expanded
[t=9.83067s, 56496 KB] New best heuristic value for ff(): 45
[t=9.8314s, 56496 KB] g=24, 4636 evaluated, 198 expanded
[t=10.0261s, 56496 KB] New best heuristic value for ff(): 44
[t=10.0271s, 56496 KB] g=25, 4732 evaluated, 202 expanded
[t=10.0554s, 56496 KB] New best heuristic value for ff(): 43
[t=10.056s, 56496 KB] g=26, 4746 evaluated, 203 expanded
[t=10.0617s, 56496 KB] New best heuristic value for ff(): 42
[t=10.0623s, 56496 KB] g=26, 4749 evaluated, 203 expanded
[t=10.1732s, 56496 KB] New best heuristic value for ff(): 41
[t=10.1742s, 56496 KB] g=27, 4803 evaluated, 205 expanded
[t=10.9715s, 56496 KB] New best heuristic value for ff(): 40
[t=10.972s, 56496 KB] g=29, 5193 evaluated, 219 expanded
[t=11.588s, 56496 KB] New best heuristic value for ff(): 39
[t=11.5888s, 56496 KB] g=31, 5494 evaluated, 231 expanded
[t=21.8766s, 56496 KB] New best heuristic value for ff(): 38
[t=21.8776s, 56496 KB] g=34, 10526 evaluated, 428 expanded
[t=23.8785s, 56496 KB] New best heuristic value for ff(): 37
[t=23.8792s, 56496 KB] g=36, 11508 evaluated, 465 expanded
[t=35.754s, 56496 KB] New best heuristic value for ff(): 36
[t=35.7542s, 56496 KB] g=40, 17325 evaluated, 684 expanded
[t=35.8318s, 56496 KB] New best heuristic value for ff(): 35
[t=35.8326s, 56496 KB] g=41, 17363 evaluated, 686 expanded
[t=35.8465s, 56496 KB] New best heuristic value for ff(): 34
[t=35.847s, 56496 KB] g=41, 17370 evaluated, 686 expanded
[t=35.9422s, 56496 KB] New best heuristic value for ff(): 33
[t=35.9424s, 56496 KB] g=42, 17416 evaluated, 688 expanded
[t=36.043s, 56496 KB] New best heuristic value for ff(): 32
[t=36.0437s, 56496 KB] g=43, 17465 evaluated, 690 expanded
[t=36.1734s, 56496 KB] New best heuristic value for ff(): 31
[t=36.1736s, 56496 KB] g=44, 17527 evaluated, 692 expanded
[t=78.8437s, 56496 KB] New best heuristic value for ff(): 30
[t=78.8446s, 56496 KB] g=48, 38691 evaluated, 1506 expanded
[t=78.9362s, 56496 KB] New best heuristic value for ff(): 29
[t=78.9368s, 56496 KB] g=49, 38736 evaluated, 1508 expanded
[t=79.0434s, 56496 KB] New best heuristic value for ff(): 28
[t=79.0436s, 56496 KB] g=50, 38789 evaluated, 1510 expanded
[t=79.1349s, 56496 KB] New best heuristic value for ff(): 27
[t=79.1354s, 56496 KB] g=51, 38834 evaluated, 1512 expanded
[t=170.744s, 56496 KB] New best heuristic value for ff(): 26
[t=170.747s, 56496 KB] g=55, 84432 evaluated, 3472 expanded
Peak memory: 56496 KB
caught signal 24 -- exiting
Time limit has been reached.
Remove intermediate file output.sas
search exit code: 23

Driver aborting after search
INFO     Planner time: 297.55s
