INFO     planner time limit: 900s
INFO     planner memory limit: 3584 MB

INFO     Running translator.
INFO     translator stdin: None
INFO     translator time limit: 899s
INFO     translator memory limit: 3584 MB
INFO     translator command line string: /usr/local/downward-projects/downward/experiments/.venv/bin/python3 /usr/local/downward-projects/downward/experiments/src/thesis/data/thesis-thesis_exp/code-beb2e19b3d35a0ced2c328754445ca6967892fa8_e5e41175/builds/release/bin/translate/translate.py domain.pddl problem.pddl --sas-file output.sas
Parsing...
Parsing: [0.010s CPU, 0.002s wall-clock]
Normalizing task... [0.000s CPU, 0.000s wall-clock]
Instantiating...
Generating Datalog program... [0.000s CPU, 0.000s wall-clock]
Normalizing Datalog program...
Normalizing Datalog program: [0.000s CPU, 0.001s wall-clock]
Preparing model... [0.000s CPU, 0.001s wall-clock]
Generated 24 rules.
Computing model... [0.000s CPU, 0.005s wall-clock]
546 relevant atoms
370 auxiliary atoms
916 final queue length
1234 total queue pushes
Completing instantiation... [0.010s CPU, 0.007s wall-clock]
Instantiating: [0.010s CPU, 0.015s wall-clock]
Computing fact groups...
Finding invariants...
10 initial candidates
Finding invariants: [0.000s CPU, 0.001s wall-clock]
Checking invariant weight... [0.000s CPU, 0.000s wall-clock]
Instantiating groups... [0.000s CPU, 0.002s wall-clock]
Collecting mutex groups... [0.000s CPU, 0.000s wall-clock]
Choosing groups...
0 uncovered facts
Choosing groups: [0.000s CPU, 0.000s wall-clock]
Building translation key... [0.000s CPU, 0.000s wall-clock]
Computing fact groups: [0.000s CPU, 0.005s wall-clock]
Building STRIPS to SAS dictionary... [0.000s CPU, 0.000s wall-clock]
Building dictionary for full mutex groups... [0.000s CPU, 0.000s wall-clock]
Building mutex information...
Building mutex information: [0.000s CPU, 0.000s wall-clock]
Translating task...
Processing axioms...
Simplifying axioms... [0.000s CPU, 0.000s wall-clock]
Translator axioms removed by simplifying: 0
Computing negative axioms... [0.000s CPU, 0.000s wall-clock]
Processing axioms: [0.010s CPU, 0.001s wall-clock]
Translating task: [0.010s CPU, 0.007s wall-clock]
0 effect conditions simplified
0 implied preconditions added
Detecting unreachable propositions...
0 operators removed
0 axioms removed
3 propositions removed
Detecting unreachable propositions: [0.010s CPU, 0.004s wall-clock]
Reordering and filtering variables...
38 of 38 variables necessary.
35 of 38 mutex groups necessary.
282 of 282 operators necessary.
0 of 0 axiom rules necessary.
Reordering and filtering variables: [0.000s CPU, 0.002s wall-clock]
Translator variables: 38
Translator derived variables: 0
Translator facts: 179
Translator goal facts: 35
Translator mutex groups: 35
Translator total mutex groups size: 140
Translator operators: 282
Translator axioms: 0
Translator task size: 1938
Translator peak memory: 32876 KB
Writing output... [0.000s CPU, 0.002s wall-clock]
Done! [0.040s CPU, 0.037s wall-clock]
translate exit code: 0

INFO     Running search (release).
INFO     search stdin: output.sas
INFO     search time limit: 899s
INFO     search memory limit: 3584 MB
INFO     search command line string: /usr/local/downward-projects/downward/experiments/src/thesis/data/thesis-thesis_exp/code-beb2e19b3d35a0ced2c328754445ca6967892fa8_e5e41175/builds/release/bin/downward --evaluator 'h=ff()' --search 'eager(alt([bts_type(h), single(h)]))' --internal-plan-file sas_plan < output.sas
[t=0.00105229s, 11252 KB] reading input...
[t=0.0020492s, 11252 KB] done reading input!
[t=0.00413605s, 11640 KB] Simplifying 562 unary operators... done! [562 unary operators]
[t=0.00483801s, 11640 KB] time to simplify: 0.000701962s
[t=0.00489557s, 11640 KB] Initializing additive heuristic...
[t=0.00495749s, 11640 KB] Initializing FF heuristic...
[t=0.00498117s, 11640 KB] Building successor generator...done!
[t=0.00517091s, 11640 KB] peak memory difference for successor generator creation: 0 KB
[t=0.00521415s, 11640 KB] time for successor generation creation: 4.5272e-05s
[t=0.00523797s, 11640 KB] Variables: 38
[t=0.00526436s, 11640 KB] FactPairs: 179
[t=0.00528731s, 11640 KB] Bytes per state: 12
[t=0.0053099s, 11640 KB] Conducting best first search without reopening closed nodes, (real) bound = 2147483647
[t=0.00536346s, 11640 KB] New best heuristic value for ff(): 71
[t=0.00541727s, 11640 KB] g=0, 1 evaluated, 0 expanded
[t=0.00544134s, 11640 KB] Initial heuristic value for ff(): 71
[t=0.00547912s, 11640 KB] pruning method: none
[t=0.00550261s, 11640 KB] Start Timestep: 1685786082096 millisecond(s).
[t=0.00554686s, 11640 KB] New best heuristic value for ff(): 70
[t=0.00560677s, 11640 KB] g=1, 3 evaluated, 1 expanded
[t=0.00705947s, 11772 KB] New best heuristic value for ff(): 69
[t=0.00796272s, 11772 KB] g=3, 242 evaluated, 7 expanded
[t=0.00798954s, 11772 KB] New best heuristic value for ff(): 68
[t=0.00802653s, 11772 KB] g=4, 243 evaluated, 8 expanded
[t=0.00806257s, 11772 KB] New best heuristic value for ff(): 67
[t=0.00812691s, 11772 KB] g=5, 247 evaluated, 10 expanded
[t=0.00814958s, 11772 KB] New best heuristic value for ff(): 66
[t=0.00824272s, 11772 KB] g=7, 253 evaluated, 14 expanded
[t=0.0101309s, 11772 KB] New best heuristic value for ff(): 65
[t=0.0101867s, 11772 KB] g=9, 450 evaluated, 21 expanded
[t=0.0102119s, 11772 KB] New best heuristic value for ff(): 64
[t=0.0102478s, 11772 KB] g=10, 451 evaluated, 22 expanded
[t=0.0102703s, 11772 KB] New best heuristic value for ff(): 63
[t=0.0103577s, 11772 KB] g=11, 457 evaluated, 24 expanded
[t=0.0103808s, 11772 KB] New best heuristic value for ff(): 62
[t=0.0105086s, 11772 KB] g=13, 467 evaluated, 28 expanded
[t=0.0153058s, 11772 KB] New best heuristic value for ff(): 61
[t=0.015673s, 11772 KB] g=15, 1008 evaluated, 54 expanded
[t=0.0156986s, 11772 KB] New best heuristic value for ff(): 60
[t=0.0157356s, 11772 KB] g=16, 1009 evaluated, 55 expanded
[t=0.0157579s, 11772 KB] New best heuristic value for ff(): 59
[t=0.0158641s, 11772 KB] g=17, 1017 evaluated, 57 expanded
[t=0.0158868s, 11772 KB] New best heuristic value for ff(): 58
[t=0.0160578s, 11772 KB] g=19, 1031 evaluated, 61 expanded
[t=0.0183795s, 11916 KB] New best heuristic value for ff(): 57
[t=0.0185204s, 11916 KB] g=21, 1286 evaluated, 73 expanded
[t=0.0185619s, 11916 KB] New best heuristic value for ff(): 56
[t=0.0186009s, 11916 KB] g=22, 1287 evaluated, 74 expanded
[t=0.0186233s, 11916 KB] New best heuristic value for ff(): 55
[t=0.0187494s, 11916 KB] g=23, 1297 evaluated, 76 expanded
[t=0.0187717s, 11916 KB] New best heuristic value for ff(): 54
[t=0.0189665s, 11916 KB] g=25, 1315 evaluated, 80 expanded
[t=0.0193451s, 11916 KB] New best heuristic value for ff(): 53
[t=0.0203163s, 11916 KB] g=27, 1453 evaluated, 87 expanded
[t=0.0203464s, 11916 KB] New best heuristic value for ff(): 52
[t=0.0203836s, 11916 KB] g=28, 1454 evaluated, 88 expanded
[t=0.0204069s, 11916 KB] New best heuristic value for ff(): 51
[t=0.0205469s, 11916 KB] g=29, 1466 evaluated, 90 expanded
[t=0.0205703s, 11916 KB] New best heuristic value for ff(): 50
[t=0.0207954s, 11916 KB] g=31, 1488 evaluated, 94 expanded
[t=0.0233646s, 11916 KB] New best heuristic value for ff(): 49
[t=0.0243605s, 11916 KB] g=33, 1879 evaluated, 116 expanded
[t=0.0243862s, 11916 KB] New best heuristic value for ff(): 48
[t=0.0244247s, 11916 KB] g=34, 1880 evaluated, 117 expanded
[t=0.0244478s, 11916 KB] New best heuristic value for ff(): 47
[t=0.0246048s, 11916 KB] g=35, 1894 evaluated, 119 expanded
[t=0.0246267s, 11916 KB] New best heuristic value for ff(): 46
[t=0.0248968s, 11916 KB] g=37, 1921 evaluated, 123 expanded
[t=0.0274803s, 12048 KB] New best heuristic value for ff(): 45
[t=0.0277317s, 12048 KB] g=39, 2197 evaluated, 138 expanded
[t=0.0277591s, 12048 KB] New best heuristic value for ff(): 44
[t=0.0277972s, 12048 KB] g=40, 2198 evaluated, 139 expanded
[t=0.0278218s, 12048 KB] New best heuristic value for ff(): 43
[t=0.0282587s, 12048 KB] g=41, 2243 evaluated, 141 expanded
[t=0.0284469s, 12048 KB] New best heuristic value for ff(): 42
[t=0.0288588s, 12048 KB] g=43, 2302 evaluated, 145 expanded
[t=0.0315822s, 12048 KB] New best heuristic value for ff(): 41
[t=0.0318125s, 12048 KB] g=45, 2605 evaluated, 166 expanded
[t=0.031844s, 12048 KB] New best heuristic value for ff(): 40
[t=0.031885s, 12048 KB] g=46, 2606 evaluated, 167 expanded
[t=0.0319092s, 12048 KB] New best heuristic value for ff(): 39
[t=0.0321001s, 12048 KB] g=47, 2624 evaluated, 169 expanded
[t=0.0321234s, 12048 KB] New best heuristic value for ff(): 38
[t=0.0324554s, 12048 KB] g=49, 2658 evaluated, 173 expanded
[t=0.0335294s, 12048 KB] New best heuristic value for ff(): 37
[t=0.03358s, 12048 KB] g=51, 2776 evaluated, 182 expanded
[t=0.0336039s, 12048 KB] New best heuristic value for ff(): 36
[t=0.03364s, 12048 KB] g=52, 2777 evaluated, 183 expanded
[t=0.0337863s, 12048 KB] New best heuristic value for ff(): 35
[t=0.0338877s, 12048 KB] g=53, 2797 evaluated, 185 expanded
[t=0.0339123s, 12048 KB] New best heuristic value for ff(): 34
[t=0.0342641s, 12048 KB] g=55, 2835 evaluated, 189 expanded
[t=0.0355555s, 12048 KB] New best heuristic value for ff(): 33
[t=0.0361556s, 12048 KB] g=57, 3044 evaluated, 206 expanded
[t=0.0361804s, 12048 KB] New best heuristic value for ff(): 32
[t=0.0362176s, 12048 KB] g=58, 3045 evaluated, 207 expanded
[t=0.036241s, 12048 KB] New best heuristic value for ff(): 31
[t=0.0364652s, 12048 KB] g=59, 3067 evaluated, 209 expanded
[t=0.0365471s, 12048 KB] New best heuristic value for ff(): 30
[t=0.0368876s, 12048 KB] g=61, 3109 evaluated, 213 expanded
[t=0.0376395s, 12048 KB] New best heuristic value for ff(): 29
[t=0.038452s, 12048 KB] g=63, 3279 evaluated, 227 expanded
[t=0.0384768s, 12048 KB] New best heuristic value for ff(): 28
[t=0.0385137s, 12048 KB] g=64, 3280 evaluated, 228 expanded
[t=0.0385834s, 12048 KB] New best heuristic value for ff(): 27
[t=0.0388482s, 12048 KB] g=65, 3311 evaluated, 230 expanded
[t=0.0388718s, 12048 KB] New best heuristic value for ff(): 26
[t=0.039413s, 12048 KB] g=67, 3371 evaluated, 234 expanded
[t=0.0427527s, 12048 KB] New best heuristic value for ff(): 25
[t=0.0430469s, 12048 KB] g=69, 3765 evaluated, 288 expanded
[t=0.0430743s, 12048 KB] New best heuristic value for ff(): 24
[t=0.0436822s, 12048 KB] g=71, 3835 evaluated, 292 expanded
[t=0.04586s, 12236 KB] New best heuristic value for ff(): 23
[t=0.0467181s, 12236 KB] g=73, 4130 evaluated, 340 expanded
[t=0.0468821s, 12236 KB] New best heuristic value for ff(): 22
[t=0.04736s, 12236 KB] g=75, 4202 evaluated, 343 expanded
[t=0.0500219s, 12496 KB] New best heuristic value for ff(): 21
[t=0.0505332s, 12496 KB] g=77, 4530 evaluated, 387 expanded
[t=0.0510376s, 12496 KB] New best heuristic value for ff(): 20
[t=0.0512027s, 12496 KB] g=79, 4605 evaluated, 390 expanded
[t=0.0532463s, 12496 KB] New best heuristic value for ff(): 19
[t=0.053451s, 12496 KB] g=81, 4843 evaluated, 428 expanded
[t=0.0534769s, 12496 KB] New best heuristic value for ff(): 18
[t=0.054137s, 12496 KB] g=83, 4922 evaluated, 432 expanded
[t=0.0551868s, 12496 KB] New best heuristic value for ff(): 17
[t=0.0561733s, 12496 KB] g=85, 5144 evaluated, 470 expanded
[t=0.0562142s, 12496 KB] New best heuristic value for ff(): 16
[t=0.0571212s, 12496 KB] g=87, 5253 evaluated, 474 expanded
[t=0.0593457s, 12568 KB] New best heuristic value for ff(): 15
[t=0.0597622s, 12568 KB] g=89, 5511 evaluated, 508 expanded
[t=0.0603701s, 12568 KB] New best heuristic value for ff(): 14
[t=0.0604639s, 12568 KB] g=91, 5596 evaluated, 512 expanded
[t=0.0614032s, 12568 KB] New best heuristic value for ff(): 13
[t=0.0614817s, 12568 KB] g=93, 5706 evaluated, 541 expanded
[t=0.0615065s, 12568 KB] New best heuristic value for ff(): 12
[t=0.062205s, 12568 KB] g=95, 5794 evaluated, 545 expanded
[t=0.0624108s, 12568 KB] New best heuristic value for ff(): 11
[t=0.0631354s, 12568 KB] g=97, 5893 evaluated, 571 expanded
[t=0.0634415s, 12568 KB] New best heuristic value for ff(): 10
[t=0.0640167s, 12568 KB] g=99, 5999 evaluated, 575 expanded
[t=0.0649186s, 12568 KB] New best heuristic value for ff(): 9
[t=0.0650188s, 12568 KB] g=101, 6109 evaluated, 597 expanded
[t=0.0655043s, 12568 KB] New best heuristic value for ff(): 8
[t=0.0657825s, 12568 KB] g=103, 6201 evaluated, 599 expanded
[t=0.0665353s, 12568 KB] New best heuristic value for ff(): 7
[t=0.0666058s, 12568 KB] g=105, 6292 evaluated, 617 expanded
[t=0.0666295s, 12568 KB] New best heuristic value for ff(): 6
[t=0.0673566s, 12568 KB] g=107, 6389 evaluated, 621 expanded
[t=0.0675436s, 12568 KB] New best heuristic value for ff(): 5
[t=0.0680254s, 12568 KB] g=109, 6466 evaluated, 635 expanded
[t=0.068767s, 12568 KB] New best heuristic value for ff(): 4
[t=0.0688954s, 12568 KB] g=111, 6575 evaluated, 639 expanded
[t=0.0689193s, 12568 KB] New best heuristic value for ff(): 3
[t=0.0689946s, 12568 KB] g=112, 6581 evaluated, 641 expanded
[t=0.0690167s, 12568 KB] New best heuristic value for ff(): 2
[t=0.0690602s, 12568 KB] g=113, 6583 evaluated, 643 expanded
[t=0.069083s, 12568 KB] New best heuristic value for ff(): 1
[t=0.069128s, 12568 KB] g=114, 6585 evaluated, 645 expanded
[t=0.0695449s, 12568 KB] New best heuristic value for ff(): 0
[t=0.0696843s, 12568 KB] g=115, 6653 evaluated, 647 expanded
[t=0.0697079s, 12568 KB] Solution found!
[t=0.0697448s, 12568 KB] Actual search time: 0.0641979s
pick ball35 rooma right (1)
pick ball32 rooma left (1)
move rooma roomb (1)
drop ball32 roomb left (1)
drop ball35 roomb right (1)
move roomb rooma (1)
pick ball11 rooma left (1)
pick ball10 rooma right (1)
move rooma roomb (1)
drop ball11 roomb left (1)
drop ball10 roomb right (1)
move roomb rooma (1)
pick ball15 rooma left (1)
pick ball5 rooma right (1)
move rooma roomb (1)
drop ball15 roomb left (1)
drop ball5 roomb right (1)
move roomb rooma (1)
pick ball1 rooma left (1)
pick ball30 rooma right (1)
move rooma roomb (1)
drop ball1 roomb left (1)
drop ball30 roomb right (1)
move roomb rooma (1)
pick ball13 rooma left (1)
pick ball28 rooma right (1)
move rooma roomb (1)
drop ball13 roomb left (1)
drop ball28 roomb right (1)
move roomb rooma (1)
pick ball2 rooma left (1)
pick ball17 rooma right (1)
move rooma roomb (1)
drop ball2 roomb left (1)
drop ball17 roomb right (1)
move roomb rooma (1)
pick ball16 rooma left (1)
pick ball4 rooma right (1)
move rooma roomb (1)
drop ball16 roomb left (1)
drop ball4 roomb right (1)
move roomb rooma (1)
pick ball22 rooma left (1)
pick ball33 rooma right (1)
move rooma roomb (1)
drop ball22 roomb left (1)
drop ball33 roomb right (1)
move roomb rooma (1)
pick ball19 rooma left (1)
pick ball26 rooma right (1)
move rooma roomb (1)
drop ball19 roomb left (1)
drop ball26 roomb right (1)
move roomb rooma (1)
pick ball18 rooma left (1)
pick ball9 rooma right (1)
move rooma roomb (1)
drop ball18 roomb left (1)
drop ball9 roomb right (1)
move roomb rooma (1)
pick ball24 rooma left (1)
pick ball20 rooma right (1)
move rooma roomb (1)
drop ball24 roomb left (1)
drop ball20 roomb right (1)
move roomb rooma (1)
pick ball12 rooma left (1)
move rooma roomb (1)
drop ball12 roomb left (1)
move roomb rooma (1)
pick ball14 rooma left (1)
move rooma roomb (1)
drop ball14 roomb left (1)
move roomb rooma (1)
pick ball23 rooma right (1)
move rooma roomb (1)
drop ball23 roomb right (1)
move roomb rooma (1)
pick ball21 rooma left (1)
move rooma roomb (1)
drop ball21 roomb left (1)
move roomb rooma (1)
pick ball25 rooma left (1)
move rooma roomb (1)
drop ball25 roomb left (1)
move roomb rooma (1)
pick ball27 rooma left (1)
move rooma roomb (1)
drop ball27 roomb left (1)
move roomb rooma (1)
pick ball29 rooma left (1)
move rooma roomb (1)
drop ball29 roomb left (1)
move roomb rooma (1)
pick ball3 rooma left (1)
move rooma roomb (1)
drop ball3 roomb left (1)
move roomb rooma (1)
pick ball31 rooma left (1)
move rooma roomb (1)
drop ball31 roomb left (1)
move roomb rooma (1)
pick ball34 rooma left (1)
move rooma roomb (1)
drop ball34 roomb left (1)
move roomb rooma (1)
pick ball6 rooma left (1)
move rooma roomb (1)
drop ball6 roomb left (1)
move roomb rooma (1)
pick ball7 rooma left (1)
pick ball8 rooma right (1)
move rooma roomb (1)
drop ball7 roomb left (1)
drop ball8 roomb right (1)
[t=0.0697823s, 12568 KB] Plan length: 115 step(s).
[t=0.0697823s, 12568 KB] Plan cost: 115
[t=0.0697823s, 12568 KB] Timestamp: 1685786082165 millisecond(s).
[t=0.0697823s, 12568 KB] Expanded 649 state(s).
[t=0.0697823s, 12568 KB] Reopened 0 state(s).
[t=0.0697823s, 12568 KB] Evaluated 6654 state(s).
[t=0.0697823s, 12568 KB] Evaluations: 6654
[t=0.0697823s, 12568 KB] Generated 8493 state(s).
[t=0.0697823s, 12568 KB] Dead ends: 0 state(s).
[t=0.0697823s, 12568 KB] Number of registered states: 6654
[t=0.0697823s, 12568 KB] Int hash set load factor: 6654/8192 = 0.812256
[t=0.0697823s, 12568 KB] Int hash set resizes: 13
[t=0.0697823s, 12568 KB] Search time: 0.0644724s
[t=0.0697823s, 12568 KB] Total time: 0.0697823s
Solution found.
Peak memory: 12568 KB
Remove intermediate file output.sas
search exit code: 0

INFO     Running validate.
INFO     validate stdin: None
INFO     validate time limit: None
INFO     validate memory limit: None
INFO     validate command line string: validate domain.pddl problem.pddl sas_plan
Checking plan: sas_plan
Plan executed successfully - checking goal
Plan valid
Final value: 115 

Successful plans:
Value: 115
 sas_plan 115 

validate exit code: 0

INFO     Planner time: 0.20s
