INFO     planner time limit: 300s
INFO     planner memory limit: 3584 MB

INFO     Running translator.
INFO     translator stdin: None
INFO     translator time limit: 299s
INFO     translator memory limit: 3584 MB
INFO     translator command line string: /usr/local/downward-projects/downward/experiments/.venv/bin/python3 /usr/local/downward-projects/downward/experiments/src/thesis/data/thesis-thesis_exp/code-d93485cdd92f65ede2ae3573b3f4adda0b49e4fd_e5e41175/builds/release/bin/translate/translate.py domain.pddl problem.pddl --sas-file output.sas
Parsing...
Parsing: [0.010s CPU, 0.006s wall-clock]
Normalizing task... [0.000s CPU, 0.000s wall-clock]
Instantiating...
Generating Datalog program... [0.000s CPU, 0.001s wall-clock]
Normalizing Datalog program...
Normalizing Datalog program: [0.010s CPU, 0.007s wall-clock]
Preparing model... [0.000s CPU, 0.005s wall-clock]
Generated 198 rules.
Computing model... [0.210s CPU, 0.214s wall-clock]
12256 relevant atoms
17759 auxiliary atoms
30015 final queue length
73119 total queue pushes
Completing instantiation... [0.540s CPU, 0.544s wall-clock]
Instantiating: [0.780s CPU, 0.778s wall-clock]
Computing fact groups...
Finding invariants...
24 initial candidates
Finding invariants: [0.010s CPU, 0.017s wall-clock]
Checking invariant weight... [0.000s CPU, 0.001s wall-clock]
Instantiating groups... [0.020s CPU, 0.013s wall-clock]
Collecting mutex groups... [0.000s CPU, 0.000s wall-clock]
Choosing groups...
456 uncovered facts
Choosing groups: [0.000s CPU, 0.002s wall-clock]
Building translation key... [0.000s CPU, 0.001s wall-clock]
Computing fact groups: [0.030s CPU, 0.039s wall-clock]
Building STRIPS to SAS dictionary... [0.000s CPU, 0.001s wall-clock]
Building dictionary for full mutex groups... [0.000s CPU, 0.001s wall-clock]
Building mutex information...
Building mutex information: [0.010s CPU, 0.001s wall-clock]
Translating task...
Processing axioms...
Simplifying axioms... [0.000s CPU, 0.000s wall-clock]
Translator axioms removed by simplifying: 0
Computing negative axioms... [0.000s CPU, 0.000s wall-clock]
Processing axioms: [0.020s CPU, 0.020s wall-clock]
Translating task: [0.560s CPU, 0.564s wall-clock]
5641 effect conditions simplified
0 implied preconditions added
Detecting unreachable propositions...
0 operators removed
0 axioms removed
158 propositions removed
Detecting unreachable propositions: [0.340s CPU, 0.331s wall-clock]
Reordering and filtering variables...
498 of 511 variables necessary.
106 of 154 mutex groups necessary.
10773 of 10773 operators necessary.
0 of 0 axiom rules necessary.
Reordering and filtering variables: [0.100s CPU, 0.104s wall-clock]
Translator variables: 498
Translator derived variables: 0
Translator facts: 1367
Translator goal facts: 124
Translator mutex groups: 106
Translator total mutex groups size: 367
Translator operators: 10773
Translator axioms: 0
Translator task size: 93115
Translator peak memory: 94360 KB
Writing output... [0.070s CPU, 0.077s wall-clock]
Done! [1.930s CPU, 1.929s wall-clock]
translate exit code: 0

INFO     Running search (release).
INFO     search stdin: output.sas
INFO     search time limit: 297s
INFO     search memory limit: 3584 MB
INFO     search command line string: /usr/local/downward-projects/downward/experiments/src/thesis/data/thesis-thesis_exp/code-d93485cdd92f65ede2ae3573b3f4adda0b49e4fd_e5e41175/builds/release/bin/downward --evaluator 'h=ff()' --search 'eager( alt( [lwm_intra_explore_type(h), single(h)] ) )' --internal-plan-file sas_plan < output.sas
[t=0s, 11364 KB] reading input...
[t=0.0548875s, 15536 KB] done reading input!
[t=0.0588628s, 18356 KB] Simplifying 44615 unary operators... done! [18832 unary operators]
[t=0.0911741s, 21496 KB] time to simplify: 0.0323112s
[t=0.0932166s, 21496 KB] Initializing additive heuristic...
[t=0.0936887s, 21496 KB] Initializing FF heuristic...
[t=0.0937164s, 21496 KB] Building successor generator...done!
[t=0.0967637s, 21496 KB] peak memory difference for successor generator creation: 0 KB
[t=0.0968291s, 21496 KB] time for successor generation creation: 0.000832973s
[t=0.0968555s, 21496 KB] Variables: 498
[t=0.0968853s, 21496 KB] FactPairs: 1367
[t=0.0969088s, 21496 KB] Bytes per state: 84
[t=0.0969324s, 21496 KB] Conducting best first search without reopening closed nodes, (real) bound = 2147483647
[t=0.0969924s, 21496 KB] New best heuristic value for ff(): 3235
[t=0.0972954s, 21496 KB] g=0, 1 evaluated, 0 expanded
[t=0.0973276s, 21496 KB] Initial heuristic value for ff(): 3235
[t=0.0973808s, 21496 KB] pruning method: none
[t=0.0974055s, 21496 KB] Start Timestep: 1687922034763 millisecond(s).
[t=0.0974513s, 21496 KB] New best heuristic value for ff(): 3215
[t=0.0977308s, 21496 KB] g=30, 2 evaluated, 1 expanded
[t=0.0984611s, 21496 KB] New best heuristic value for ff(): 3160
[t=0.0997674s, 21496 KB] g=45, 12 evaluated, 1 expanded
[t=0.0997967s, 21496 KB] New best heuristic value for ff(): 2585
[t=0.100628s, 21496 KB] g=30, 16 evaluated, 1 expanded
[t=0.106393s, 21496 KB] New best heuristic value for ff(): 1925
[t=0.10998s, 21496 KB] g=30, 67 evaluated, 1 expanded
[t=0.146355s, 21496 KB] New best heuristic value for ff(): 1835
[t=0.14856s, 21496 KB] g=30, 278 evaluated, 1 expanded
[t=0.166301s, 21496 KB] New best heuristic value for ff(): 1815
[t=0.169514s, 21496 KB] g=60, 393 evaluated, 2 expanded
[t=0.170268s, 21496 KB] New best heuristic value for ff(): 1760
[t=0.171547s, 21496 KB] g=75, 403 evaluated, 2 expanded
[t=0.30985s, 21496 KB] New best heuristic value for ff(): 1740
[t=0.311981s, 21496 KB] g=105, 1172 evaluated, 4 expanded
[t=0.317784s, 21496 KB] New best heuristic value for ff(): 1720
[t=0.32072s, 21496 KB] g=105, 1218 evaluated, 4 expanded
[t=0.460859s, 21496 KB] New best heuristic value for ff(): 1700
[t=0.462297s, 21496 KB] g=135, 1985 evaluated, 6 expanded
[t=0.480773s, 21496 KB] New best heuristic value for ff(): 1680
[t=0.483953s, 21496 KB] g=135, 2099 evaluated, 6 expanded
[t=0.6126s, 21496 KB] New best heuristic value for ff(): 1660
[t=0.613191s, 21496 KB] g=165, 2784 evaluated, 8 expanded
[t=0.632518s, 21496 KB] New best heuristic value for ff(): 1640
[t=0.634511s, 21496 KB] g=165, 2896 evaluated, 8 expanded
[t=0.772372s, 21496 KB] New best heuristic value for ff(): 1620
[t=0.774193s, 21496 KB] g=195, 3644 evaluated, 10 expanded
[t=0.80826s, 21496 KB] New best heuristic value for ff(): 1600
[t=0.811108s, 21496 KB] g=195, 3841 evaluated, 10 expanded
[t=0.940117s, 21496 KB] New best heuristic value for ff(): 1580
[t=0.941973s, 21496 KB] g=225, 4544 evaluated, 12 expanded
[t=0.999994s, 21496 KB] New best heuristic value for ff(): 1560
[t=1.00388s, 21496 KB] g=225, 4874 evaluated, 12 expanded
[t=1.10788s, 21496 KB] New best heuristic value for ff(): 1540
[t=1.11015s, 21496 KB] g=255, 5444 evaluated, 14 expanded
[t=1.17982s, 21496 KB] New best heuristic value for ff(): 1530
[t=1.18155s, 21496 KB] g=255, 5825 evaluated, 14 expanded
[t=1.28368s, 21496 KB] New best heuristic value for ff(): 1510
[t=1.28418s, 21496 KB] g=285, 6375 evaluated, 16 expanded
[t=1.36753s, 21496 KB] New best heuristic value for ff(): 1500
[t=1.37159s, 21496 KB] g=285, 6838 evaluated, 16 expanded
[t=1.4634s, 21496 KB] New best heuristic value for ff(): 1480
[t=1.46373s, 21496 KB] g=315, 7326 evaluated, 18 expanded
[t=1.64722s, 21496 KB] New best heuristic value for ff(): 1470
[t=1.648s, 21496 KB] g=325, 8278 evaluated, 20 expanded
[t=1.65115s, 21496 KB] New best heuristic value for ff(): 1460
[t=1.65141s, 21496 KB] g=335, 8294 evaluated, 20 expanded
[t=1.83087s, 21496 KB] New best heuristic value for ff(): 1450
[t=1.8334s, 21496 KB] g=345, 9234 evaluated, 22 expanded
[t=1.8388s, 21496 KB] New best heuristic value for ff(): 1440
[t=1.83948s, 21496 KB] g=365, 9264 evaluated, 22 expanded
[t=2.01861s, 21496 KB] New best heuristic value for ff(): 1430
[t=2.01957s, 21496 KB] g=375, 10206 evaluated, 24 expanded
[t=2.02255s, 21496 KB] New best heuristic value for ff(): 1420
[t=2.02642s, 21496 KB] g=375, 10240 evaluated, 24 expanded
[t=2.20638s, 21496 KB] New best heuristic value for ff(): 1410
[t=2.20682s, 21496 KB] g=385, 11186 evaluated, 26 expanded
[t=2.21032s, 21496 KB] New best heuristic value for ff(): 1405
[t=2.21269s, 21496 KB] g=385, 11215 evaluated, 26 expanded
[t=2.21419s, 21496 KB] New best heuristic value for ff(): 1400
[t=2.21559s, 21496 KB] g=405, 11229 evaluated, 26 expanded
[t=2.39423s, 21496 KB] New best heuristic value for ff(): 1390
[t=2.39574s, 21496 KB] g=415, 12173 evaluated, 28 expanded
[t=2.39797s, 21496 KB] New best heuristic value for ff(): 1385
[t=2.40181s, 21496 KB] g=415, 12203 evaluated, 28 expanded
[t=2.41791s, 21496 KB] New best heuristic value for ff(): 1380
[t=2.41803s, 21496 KB] g=435, 12287 evaluated, 28 expanded
[t=2.59425s, 21496 KB] New best heuristic value for ff(): 1370
[t=2.59639s, 21496 KB] g=445, 13218 evaluated, 30 expanded
[t=2.6017s, 21496 KB] New best heuristic value for ff(): 1365
[t=2.60267s, 21496 KB] g=445, 13249 evaluated, 30 expanded
[t=2.61764s, 21496 KB] New best heuristic value for ff(): 1360
[t=2.61888s, 21496 KB] g=465, 13333 evaluated, 30 expanded
[t=2.68957s, 21496 KB] New best heuristic value for ff(): 1350
[t=2.69038s, 21496 KB] g=455, 13710 evaluated, 30 expanded
[t=2.79743s, 21496 KB] New best heuristic value for ff(): 1340
[t=2.79824s, 21496 KB] g=465, 14275 evaluated, 32 expanded
[t=2.80139s, 21496 KB] New best heuristic value for ff(): 1335
[t=2.80448s, 21496 KB] g=465, 14306 evaluated, 32 expanded
[t=2.81734s, 21496 KB] New best heuristic value for ff(): 1330
[t=2.82071s, 21496 KB] g=485, 14390 evaluated, 32 expanded
[t=2.99297s, 21496 KB] New best heuristic value for ff(): 1320
[t=2.99406s, 21496 KB] g=495, 15292 evaluated, 34 expanded
[t=2.99687s, 21496 KB] New best heuristic value for ff(): 1315
[t=3.00031s, 21496 KB] g=495, 15323 evaluated, 34 expanded
[t=3.04076s, 21496 KB] New best heuristic value for ff(): 1310
[t=3.04289s, 21496 KB] g=515, 15548 evaluated, 34 expanded
[t=3.18843s, 21496 KB] New best heuristic value for ff(): 1300
[t=3.19244s, 21496 KB] g=525, 16329 evaluated, 36 expanded
[t=3.19635s, 21496 KB] New best heuristic value for ff(): 1295
[t=3.19878s, 21496 KB] g=525, 16360 evaluated, 36 expanded
[t=3.28022s, 21496 KB] New best heuristic value for ff(): 1290
[t=3.28123s, 21496 KB] g=535, 16793 evaluated, 36 expanded
[t=3.38916s, 21496 KB] New best heuristic value for ff(): 1280
[t=3.38969s, 21496 KB] g=545, 17360 evaluated, 38 expanded
[t=3.39201s, 21496 KB] New best heuristic value for ff(): 1275
[t=3.39598s, 21496 KB] g=545, 17391 evaluated, 38 expanded
[t=3.47589s, 21496 KB] New best heuristic value for ff(): 1260
[t=3.47844s, 21496 KB] g=565, 17824 evaluated, 38 expanded
[t=3.59176s, 21496 KB] New best heuristic value for ff(): 1250
[t=3.5949s, 21496 KB] g=575, 18431 evaluated, 40 expanded
[t=3.59969s, 21496 KB] New best heuristic value for ff(): 1245
[t=3.6012s, 21496 KB] g=575, 18462 evaluated, 40 expanded
[t=3.68358s, 21496 KB] New best heuristic value for ff(): 1240
[t=3.6868s, 21496 KB] g=575, 18911 evaluated, 40 expanded
[t=3.78747s, 21496 KB] New best heuristic value for ff(): 1230
[t=3.78755s, 21496 KB] g=585, 19435 evaluated, 42 expanded
[t=3.79142s, 21496 KB] New best heuristic value for ff(): 1225
[t=3.79385s, 21496 KB] g=585, 19466 evaluated, 42 expanded
[t=3.87531s, 21496 KB] New best heuristic value for ff(): 1220
[t=3.87902s, 21496 KB] g=595, 19913 evaluated, 42 expanded
[t=3.9752s, 21496 KB] New best heuristic value for ff(): 1210
[t=3.97588s, 21496 KB] g=605, 20417 evaluated, 44 expanded
[t=3.97913s, 21496 KB] New best heuristic value for ff(): 1205
[t=3.98218s, 21496 KB] g=605, 20448 evaluated, 44 expanded
[t=4.07504s, 21628 KB] New best heuristic value for ff(): 1200
[t=4.07591s, 21628 KB] g=615, 20936 evaluated, 44 expanded
[t=4.17886s, 21628 KB] New best heuristic value for ff(): 1190
[t=4.18186s, 21628 KB] g=625, 21489 evaluated, 46 expanded
[t=4.18679s, 21628 KB] New best heuristic value for ff(): 1185
[t=4.18819s, 21628 KB] g=625, 21520 evaluated, 46 expanded
[t=4.3866s, 21764 KB] New best heuristic value for ff(): 1175
[t=4.38679s, 21764 KB] g=635, 22550 evaluated, 48 expanded
[t=4.39851s, 21764 KB] New best heuristic value for ff(): 1170
[t=4.39995s, 21764 KB] g=640, 22615 evaluated, 48 expanded
[t=4.57435s, 21900 KB] New best heuristic value for ff(): 1160
[t=4.57736s, 21900 KB] g=650, 23531 evaluated, 50 expanded
[t=4.59827s, 21900 KB] New best heuristic value for ff(): 1155
[t=4.59929s, 21900 KB] g=670, 23642 evaluated, 50 expanded
[t=4.77409s, 22036 KB] New best heuristic value for ff(): 1145
[t=4.77511s, 22036 KB] g=680, 24561 evaluated, 52 expanded
[t=4.79402s, 22300 KB] New best heuristic value for ff(): 1140
[t=4.79638s, 22300 KB] g=700, 24671 evaluated, 52 expanded
[t=4.8659s, 22300 KB] New best heuristic value for ff(): 1130
[t=4.86806s, 22300 KB] g=685, 25055 evaluated, 52 expanded
[t=4.9698s, 22300 KB] New best heuristic value for ff(): 1120
[t=4.97066s, 22300 KB] g=695, 25597 evaluated, 54 expanded
[t=4.98972s, 22300 KB] New best heuristic value for ff(): 1115
[t=4.99197s, 22300 KB] g=715, 25708 evaluated, 54 expanded
[t=5.16158s, 22300 KB] New best heuristic value for ff(): 1105
[t=5.16398s, 22300 KB] g=725, 26620 evaluated, 56 expanded
[t=5.1815s, 22436 KB] New best heuristic value for ff(): 1100
[t=5.18489s, 22436 KB] g=745, 26729 evaluated, 56 expanded
[t=5.2441s, 22436 KB] New best heuristic value for ff(): 1095
[t=5.24479s, 22436 KB] g=725, 27053 evaluated, 56 expanded
[t=5.3383s, 22436 KB] New best heuristic value for ff(): 1085
[t=5.34205s, 22436 KB] g=735, 27563 evaluated, 58 expanded
[t=5.36217s, 22436 KB] New best heuristic value for ff(): 1080
[t=5.36294s, 22436 KB] g=755, 27672 evaluated, 58 expanded
[t=5.51406s, 22572 KB] New best heuristic value for ff(): 1070
[t=5.51594s, 22572 KB] g=765, 28488 evaluated, 60 expanded
[t=5.53396s, 22572 KB] New best heuristic value for ff(): 1065
[t=5.53677s, 22572 KB] g=785, 28597 evaluated, 60 expanded
[t=5.58984s, 22572 KB] New best heuristic value for ff(): 1050
[t=5.59225s, 22572 KB] g=785, 28899 evaluated, 60 expanded
[t=5.69771s, 22708 KB] New best heuristic value for ff(): 1040
[t=5.69883s, 22708 KB] g=795, 29463 evaluated, 62 expanded
[t=5.71763s, 22708 KB] New best heuristic value for ff(): 1035
[t=5.71954s, 22708 KB] g=815, 29572 evaluated, 62 expanded
[t=5.77755s, 23224 KB] New best heuristic value for ff(): 1025
[t=5.77883s, 23224 KB] g=800, 29885 evaluated, 62 expanded
[t=5.88538s, 23224 KB] New best heuristic value for ff(): 1015
[t=5.8886s, 23224 KB] g=810, 30466 evaluated, 64 expanded
[t=5.90532s, 23224 KB] New best heuristic value for ff(): 1010
[t=5.90935s, 23224 KB] g=830, 30575 evaluated, 64 expanded
[t=6.06116s, 23224 KB] New best heuristic value for ff(): 1000
[t=6.06223s, 23224 KB] g=840, 31395 evaluated, 66 expanded
[t=6.08107s, 23224 KB] New best heuristic value for ff(): 995
[t=6.08236s, 23224 KB] g=860, 31501 evaluated, 66 expanded
[t=6.24613s, 23224 KB] New best heuristic value for ff(): 985
[t=6.24667s, 23224 KB] g=870, 32379 evaluated, 68 expanded
[t=6.2648s, 23224 KB] New best heuristic value for ff(): 980
[t=6.26616s, 23224 KB] g=890, 32482 evaluated, 68 expanded
[t=6.41266s, 23356 KB] New best heuristic value for ff(): 970
[t=6.41504s, 23356 KB] g=900, 33285 evaluated, 70 expanded
[t=6.47253s, 23356 KB] New best heuristic value for ff(): 965
[t=6.4759s, 23356 KB] g=900, 33620 evaluated, 70 expanded
[t=6.59641s, 23488 KB] New best heuristic value for ff(): 955
[t=6.59897s, 23488 KB] g=910, 34268 evaluated, 72 expanded
[t=6.66027s, 23488 KB] New best heuristic value for ff(): 950
[t=6.66158s, 23488 KB] g=915, 34615 evaluated, 72 expanded
[t=6.78014s, 23620 KB] New best heuristic value for ff(): 940
[t=6.78387s, 23620 KB] g=925, 35263 evaluated, 74 expanded
[t=6.85199s, 23620 KB] New best heuristic value for ff(): 935
[t=6.85466s, 23620 KB] g=930, 35652 evaluated, 74 expanded
[t=6.96376s, 23752 KB] New best heuristic value for ff(): 925
[t=6.96568s, 23752 KB] g=940, 36241 evaluated, 76 expanded
[t=7.03561s, 23752 KB] New best heuristic value for ff(): 920
[t=7.03964s, 23752 KB] g=945, 36647 evaluated, 76 expanded
[t=7.14349s, 23752 KB] New best heuristic value for ff(): 910
[t=7.14385s, 23752 KB] g=955, 37199 evaluated, 78 expanded
[t=7.22337s, 23884 KB] New best heuristic value for ff(): 905
[t=7.22574s, 23884 KB] g=960, 37648 evaluated, 78 expanded
[t=7.3072s, 23884 KB] New best heuristic value for ff(): 895
[t=7.30858s, 23884 KB] g=970, 38093 evaluated, 80 expanded
[t=7.48301s, 24020 KB] New best heuristic value for ff(): 885
[t=7.4837s, 24020 KB] g=980, 39037 evaluated, 82 expanded
[t=7.6588s, 24152 KB] New best heuristic value for ff(): 880
[t=7.6617s, 24152 KB] g=990, 39997 evaluated, 84 expanded
[t=7.66274s, 24152 KB] New best heuristic value for ff(): 875
[t=7.66447s, 24152 KB] g=990, 40011 evaluated, 84 expanded
[t=7.82262s, 24152 KB] New best heuristic value for ff(): 870
[t=7.82448s, 24152 KB] g=1000, 40893 evaluated, 86 expanded
[t=7.82655s, 24152 KB] New best heuristic value for ff(): 865
[t=7.82781s, 24152 KB] g=1000, 40910 evaluated, 86 expanded
[t=7.98636s, 24284 KB] New best heuristic value for ff(): 860
[t=7.98671s, 24284 KB] g=1005, 41783 evaluated, 88 expanded
[t=7.98674s, 24284 KB] New best heuristic value for ff(): 855
[t=7.98965s, 24284 KB] g=1005, 41798 evaluated, 88 expanded
[t=8.14619s, 24416 KB] New best heuristic value for ff(): 850
[t=8.1483s, 24416 KB] g=1015, 42661 evaluated, 90 expanded
[t=8.15008s, 24416 KB] New best heuristic value for ff(): 845
[t=8.15363s, 24416 KB] g=1035, 42689 evaluated, 90 expanded
[t=8.32177s, 24548 KB] New best heuristic value for ff(): 840
[t=8.32246s, 24548 KB] g=1045, 43601 evaluated, 92 expanded
[t=8.3337s, 24548 KB] New best heuristic value for ff(): 835
[t=8.3342s, 24548 KB] g=1065, 43666 evaluated, 92 expanded
[t=8.3776s, 24548 KB] New best heuristic value for ff(): 815
[t=8.37866s, 24548 KB] g=1065, 43915 evaluated, 92 expanded
[t=8.4815s, 24680 KB] New best heuristic value for ff(): 810
[t=8.48316s, 24680 KB] g=1075, 44484 evaluated, 94 expanded
[t=8.49344s, 24680 KB] New best heuristic value for ff(): 805
[t=8.49494s, 24680 KB] g=1095, 44549 evaluated, 94 expanded
[t=8.64602s, 24680 KB] New best heuristic value for ff(): 800
[t=8.64687s, 24680 KB] g=1105, 45372 evaluated, 96 expanded
[t=8.65721s, 24680 KB] New best heuristic value for ff(): 795
[t=8.65795s, 24680 KB] g=1125, 45434 evaluated, 96 expanded
[t=8.8011s, 24816 KB] New best heuristic value for ff(): 790
[t=8.80284s, 24816 KB] g=1135, 46234 evaluated, 98 expanded
[t=8.81303s, 24816 KB] New best heuristic value for ff(): 785
[t=8.81333s, 24816 KB] g=1155, 46293 evaluated, 98 expanded
[t=8.8649s, 24816 KB] New best heuristic value for ff(): 750
[t=8.86609s, 24816 KB] g=1170, 46589 evaluated, 98 expanded
[t=8.95676s, 24952 KB] New best heuristic value for ff(): 745
[t=8.95961s, 24952 KB] g=1180, 47101 evaluated, 100 expanded
[t=8.9687s, 24952 KB] New best heuristic value for ff(): 740
[t=8.97009s, 24952 KB] g=1200, 47160 evaluated, 100 expanded
[t=9.02064s, 24952 KB] New best heuristic value for ff(): 730
[t=9.02283s, 24952 KB] g=1190, 47458 evaluated, 100 expanded
[t=9.10854s, 25088 KB] New best heuristic value for ff(): 725
[t=9.10897s, 25088 KB] g=1200, 47933 evaluated, 102 expanded
[t=9.11649s, 25088 KB] New best heuristic value for ff(): 720
[t=9.11949s, 25088 KB] g=1220, 47992 evaluated, 102 expanded
[t=9.25636s, 25604 KB] New best heuristic value for ff(): 715
[t=9.25765s, 25604 KB] g=1230, 48758 evaluated, 104 expanded
[t=9.26429s, 25604 KB] New best heuristic value for ff(): 710
[t=9.26747s, 25604 KB] g=1250, 48814 evaluated, 104 expanded
[t=9.30823s, 25604 KB] New best heuristic value for ff(): 700
[t=9.31047s, 25604 KB] g=1230, 49061 evaluated, 104 expanded
[t=9.4079s, 25604 KB] New best heuristic value for ff(): 695
[t=9.40886s, 25604 KB] g=1240, 49599 evaluated, 106 expanded
[t=9.41583s, 25604 KB] New best heuristic value for ff(): 690
[t=9.41872s, 25604 KB] g=1260, 49655 evaluated, 106 expanded
[t=9.54768s, 25604 KB] New best heuristic value for ff(): 685
[t=9.55057s, 25604 KB] g=1270, 50400 evaluated, 108 expanded
[t=9.55961s, 25604 KB] New best heuristic value for ff(): 680
[t=9.55977s, 25604 KB] g=1290, 50453 evaluated, 108 expanded
[t=9.61156s, 25604 KB] New best heuristic value for ff(): 675
[t=9.61227s, 25604 KB] g=1275, 50755 evaluated, 108 expanded
[t=9.70344s, 25736 KB] New best heuristic value for ff(): 670
[t=9.70628s, 25736 KB] g=1285, 51249 evaluated, 110 expanded
[t=9.71537s, 25736 KB] New best heuristic value for ff(): 665
[t=9.71568s, 25736 KB] g=1305, 51302 evaluated, 110 expanded
[t=9.84571s, 25736 KB] New best heuristic value for ff(): 660
[t=9.84724s, 25736 KB] g=1315, 52031 evaluated, 112 expanded
[t=9.85569s, 25736 KB] New best heuristic value for ff(): 655
[t=9.85596s, 25736 KB] g=1335, 52081 evaluated, 112 expanded
[t=9.98296s, 25868 KB] New best heuristic value for ff(): 650
[t=9.98581s, 25868 KB] g=1345, 52815 evaluated, 114 expanded
[t=9.99889s, 25868 KB] New best heuristic value for ff(): 645
[t=10.0004s, 25868 KB] g=1365, 52905 evaluated, 114 expanded
[t=10.0308s, 25868 KB] New best heuristic value for ff(): 640
[t=10.0333s, 25868 KB] g=1350, 53097 evaluated, 114 expanded
[t=10.1267s, 26000 KB] New best heuristic value for ff(): 635
[t=10.1279s, 26000 KB] g=1360, 53609 evaluated, 116 expanded
[t=10.1387s, 26000 KB] New best heuristic value for ff(): 630
[t=10.1427s, 26000 KB] g=1380, 53699 evaluated, 116 expanded
[t=10.2625s, 26000 KB] New best heuristic value for ff(): 625
[t=10.2654s, 26000 KB] g=1390, 54379 evaluated, 118 expanded
[t=10.2784s, 26000 KB] New best heuristic value for ff(): 620
[t=10.2791s, 26000 KB] g=1410, 54462 evaluated, 118 expanded
[t=10.3063s, 26000 KB] New best heuristic value for ff(): 590
[t=10.3064s, 26000 KB] g=1410, 54621 evaluated, 118 expanded
[t=10.4022s, 26132 KB] New best heuristic value for ff(): 585
[t=10.4025s, 26132 KB] g=1420, 55143 evaluated, 120 expanded
[t=10.4142s, 26132 KB] New best heuristic value for ff(): 580
[t=10.416s, 26132 KB] g=1440, 55226 evaluated, 120 expanded
[t=10.4421s, 26132 KB] New best heuristic value for ff(): 560
[t=10.445s, 26132 KB] g=1430, 55397 evaluated, 120 expanded
[t=10.5499s, 26264 KB] New best heuristic value for ff(): 555
[t=10.5501s, 26264 KB] g=1440, 55967 evaluated, 122 expanded
[t=10.5619s, 26264 KB] New best heuristic value for ff(): 550
[t=10.5635s, 26264 KB] g=1460, 56050 evaluated, 122 expanded
[t=10.6818s, 26264 KB] New best heuristic value for ff(): 545
[t=10.6848s, 26264 KB] g=1470, 56738 evaluated, 124 expanded
[t=10.7017s, 26264 KB] New best heuristic value for ff(): 540
[t=10.7021s, 26264 KB] g=1490, 56846 evaluated, 124 expanded
[t=10.7096s, 26264 KB] New best heuristic value for ff(): 510
[t=10.7132s, 26264 KB] g=1490, 56912 evaluated, 124 expanded
[t=10.8175s, 26400 KB] New best heuristic value for ff(): 505
[t=10.8181s, 26400 KB] g=1500, 57496 evaluated, 126 expanded
[t=10.8335s, 26400 KB] New best heuristic value for ff(): 500
[t=10.8353s, 26400 KB] g=1520, 57604 evaluated, 126 expanded
[t=10.8454s, 26400 KB] New best heuristic value for ff(): 465
[t=10.8463s, 26400 KB] g=1535, 57670 evaluated, 126 expanded
[t=10.9693s, 27428 KB] New best heuristic value for ff(): 460
[t=10.97s, 27428 KB] g=1545, 58320 evaluated, 128 expanded
[t=10.9852s, 27428 KB] New best heuristic value for ff(): 455
[t=10.9872s, 27428 KB] g=1565, 58428 evaluated, 128 expanded
[t=10.9971s, 27428 KB] New best heuristic value for ff(): 435
[t=11s, 27428 KB] g=1555, 58504 evaluated, 128 expanded
[t=11.109s, 27428 KB] New best heuristic value for ff(): 430
[t=11.1122s, 27428 KB] g=1565, 59114 evaluated, 130 expanded
[t=11.129s, 27428 KB] New best heuristic value for ff(): 425
[t=11.1295s, 27428 KB] g=1585, 59222 evaluated, 130 expanded
[t=11.2528s, 27428 KB] New best heuristic value for ff(): 420
[t=11.2535s, 27428 KB] g=1595, 59895 evaluated, 132 expanded
[t=11.2676s, 27428 KB] New best heuristic value for ff(): 415
[t=11.2687s, 27428 KB] g=1615, 59989 evaluated, 132 expanded
[t=11.3007s, 27428 KB] New best heuristic value for ff(): 405
[t=11.303s, 27428 KB] g=1605, 60185 evaluated, 132 expanded
[t=11.3031s, 27428 KB] New best heuristic value for ff(): 385
[t=11.3035s, 27428 KB] g=1615, 60187 evaluated, 132 expanded
[t=11.3925s, 27428 KB] New best heuristic value for ff(): 380
[t=11.3946s, 27428 KB] g=1625, 60665 evaluated, 134 expanded
[t=11.4084s, 27428 KB] New best heuristic value for ff(): 375
[t=11.4098s, 27428 KB] g=1645, 60759 evaluated, 134 expanded
[t=11.4442s, 27428 KB] New best heuristic value for ff(): 340
[t=11.445s, 27428 KB] g=1660, 60959 evaluated, 134 expanded
[t=11.5383s, 27428 KB] New best heuristic value for ff(): 335
[t=11.5386s, 27428 KB] g=1670, 61453 evaluated, 136 expanded
[t=11.5521s, 27444 KB] New best heuristic value for ff(): 330
[t=11.5537s, 27444 KB] g=1690, 61547 evaluated, 136 expanded
[t=11.6919s, 27444 KB] New best heuristic value for ff(): 325
[t=11.694s, 27444 KB] g=1700, 62300 evaluated, 138 expanded
[t=11.7079s, 27444 KB] New best heuristic value for ff(): 320
[t=11.71s, 27444 KB] g=1700, 62400 evaluated, 138 expanded
[t=11.7358s, 27444 KB] New best heuristic value for ff(): 290
[t=11.7369s, 27444 KB] g=1720, 62553 evaluated, 138 expanded
[t=11.8437s, 27576 KB] New best heuristic value for ff(): 285
[t=11.8443s, 27576 KB] g=1730, 63120 evaluated, 140 expanded
[t=11.8596s, 27576 KB] New best heuristic value for ff(): 280
[t=11.8601s, 27576 KB] g=1730, 63220 evaluated, 140 expanded
[t=11.8835s, 27576 KB] New best heuristic value for ff(): 270
[t=11.8876s, 27576 KB] g=1730, 63377 evaluated, 140 expanded
[t=11.9382s, 27576 KB] New best heuristic value for ff(): 260
[t=11.939s, 27576 KB] g=1740, 63681 evaluated, 141 expanded
[t=11.9474s, 27712 KB] New best heuristic value for ff(): 255
[t=11.9495s, 27712 KB] g=1750, 63740 evaluated, 142 expanded
[t=11.9633s, 27712 KB] New best heuristic value for ff(): 250
[t=11.9654s, 27712 KB] g=1750, 63840 evaluated, 142 expanded
[t=12.0472s, 27712 KB] New best heuristic value for ff(): 245
[t=12.0481s, 27712 KB] g=1760, 64325 evaluated, 144 expanded
[t=12.0592s, 27712 KB] New best heuristic value for ff(): 240
[t=12.0609s, 27712 KB] g=1760, 64407 evaluated, 144 expanded
[t=12.0711s, 27844 KB] New best heuristic value for ff(): 205
[t=12.0732s, 27844 KB] g=1795, 64481 evaluated, 144 expanded
[t=12.139s, 27844 KB] New best heuristic value for ff(): 200
[t=12.1423s, 27844 KB] g=1805, 64891 evaluated, 146 expanded
[t=12.1549s, 27844 KB] New best heuristic value for ff(): 195
[t=12.1552s, 27844 KB] g=1805, 64973 evaluated, 146 expanded
[t=12.2308s, 28008 KB] New best heuristic value for ff(): 190
[t=12.2344s, 28008 KB] g=1815, 65446 evaluated, 148 expanded
[t=12.2427s, 28008 KB] New best heuristic value for ff(): 185
[t=12.2442s, 28008 KB] g=1815, 65509 evaluated, 148 expanded
[t=12.3226s, 28008 KB] New best heuristic value for ff(): 180
[t=12.3242s, 28008 KB] g=1825, 66004 evaluated, 150 expanded
[t=12.3266s, 28008 KB] New best heuristic value for ff(): 175
[t=12.3306s, 28008 KB] g=1825, 66046 evaluated, 150 expanded
[t=12.4105s, 28328 KB] New best heuristic value for ff(): 170
[t=12.4107s, 28328 KB] g=1835, 66550 evaluated, 152 expanded
[t=12.4108s, 28328 KB] New best heuristic value for ff(): 165
[t=12.4136s, 28328 KB] g=1835, 66572 evaluated, 152 expanded
[t=12.4264s, 28328 KB] New best heuristic value for ff(): 160
[t=12.4277s, 28328 KB] g=1840, 66684 evaluated, 152 expanded
[t=12.4703s, 28328 KB] New best heuristic value for ff(): 155
[t=12.4731s, 28328 KB] g=1850, 67049 evaluated, 154 expanded
[t=12.4742s, 28328 KB] New best heuristic value for ff(): 150
[t=12.4759s, 28328 KB] g=1850, 67071 evaluated, 154 expanded
[t=12.5461s, 28460 KB] New best heuristic value for ff(): 145
[t=12.5485s, 28460 KB] g=1860, 67576 evaluated, 156 expanded
[t=12.5501s, 28460 KB] New best heuristic value for ff(): 140
[t=12.5536s, 28460 KB] g=1860, 67616 evaluated, 156 expanded
[t=12.606s, 28460 KB] New best heuristic value for ff(): 135
[t=12.6087s, 28460 KB] g=1870, 68062 evaluated, 158 expanded
[t=12.614s, 28596 KB] New best heuristic value for ff(): 130
[t=12.6143s, 28596 KB] g=1870, 68107 evaluated, 158 expanded
[t=12.6779s, 28596 KB] New best heuristic value for ff(): 125
[t=12.6816s, 28596 KB] g=1880, 68572 evaluated, 160 expanded
[t=12.6858s, 28596 KB] New best heuristic value for ff(): 120
[t=12.6891s, 28596 KB] g=1880, 68632 evaluated, 160 expanded
[t=12.7497s, 28940 KB] New best heuristic value for ff(): 115
[t=12.7507s, 28940 KB] g=1890, 69054 evaluated, 162 expanded
[t=12.7577s, 28940 KB] New best heuristic value for ff(): 110
[t=12.7601s, 28940 KB] g=1890, 69130 evaluated, 162 expanded
[t=12.8216s, 28940 KB] New best heuristic value for ff(): 105
[t=12.8236s, 28940 KB] g=1895, 69549 evaluated, 164 expanded
[t=12.8336s, 28940 KB] New best heuristic value for ff(): 100
[t=12.8366s, 28940 KB] g=1895, 69655 evaluated, 164 expanded
[t=12.8932s, 29092 KB] New best heuristic value for ff(): 95
[t=12.8935s, 29092 KB] g=1905, 70029 evaluated, 166 expanded
[t=12.9052s, 29092 KB] New best heuristic value for ff(): 90
[t=12.9061s, 29092 KB] g=1905, 70132 evaluated, 166 expanded
[t=12.9611s, 29092 KB] New best heuristic value for ff(): 85
[t=12.9629s, 29092 KB] g=1915, 70497 evaluated, 168 expanded
[t=12.977s, 29092 KB] New best heuristic value for ff(): 80
[t=12.9772s, 29092 KB] g=1915, 70614 evaluated, 168 expanded
[t=13.029s, 29092 KB] New best heuristic value for ff(): 75
[t=13.0295s, 29092 KB] g=1925, 70954 evaluated, 170 expanded
[t=13.0409s, 29092 KB] New best heuristic value for ff(): 70
[t=13.0447s, 29092 KB] g=1925, 71080 evaluated, 170 expanded
[t=13.0768s, 29224 KB] New best heuristic value for ff(): 65
[t=13.0788s, 29224 KB] g=1935, 71358 evaluated, 172 expanded
[t=13.0928s, 29224 KB] New best heuristic value for ff(): 60
[t=13.0959s, 29224 KB] g=1945, 71500 evaluated, 172 expanded
[t=13.1208s, 29224 KB] New best heuristic value for ff(): 55
[t=13.1213s, 29224 KB] g=1955, 71693 evaluated, 174 expanded
[t=13.1374s, 29356 KB] New best heuristic value for ff(): 50
[t=13.1382s, 29356 KB] g=1955, 71835 evaluated, 174 expanded
[t=13.1606s, 29356 KB] New best heuristic value for ff(): 45
[t=13.1647s, 29356 KB] g=1965, 72052 evaluated, 176 expanded
[t=13.2326s, 29356 KB] New best heuristic value for ff(): 40
[t=13.2333s, 29356 KB] g=1970, 72512 evaluated, 178 expanded
[t=13.2725s, 29488 KB] New best heuristic value for ff(): 35
[t=13.2752s, 29488 KB] g=1980, 72844 evaluated, 180 expanded
[t=13.3374s, 29488 KB] New best heuristic value for ff(): 30
[t=13.3392s, 29488 KB] g=1990, 73266 evaluated, 182 expanded
[t=13.6641s, 30208 KB] New best heuristic value for ff(): 10
[t=13.6661s, 30208 KB] g=2045, 75789 evaluated, 198 expanded
[t=13.72s, 30500 KB] New best heuristic value for ff(): 0
[t=13.7205s, 30500 KB] g=2055, 76153 evaluated, 200 expanded
[t=13.7518s, 30500 KB] Solution found!
[t=13.7535s, 30500 KB] Actual search time: 13.6561s
load-highspeed-saw b6 highspeed-saw0 (30)
do-grind p13 grinder0 smooth blue colourfragments untreated (45)
do-saw-medium b0 p14 saw0 cherry rough s9 s8 s7 (30)
do-saw-medium b10 p15 saw0 teak smooth s9 s8 s7 (30)
do-saw-medium b10 p20 saw0 teak smooth s7 s6 s5 (30)
do-saw-large b12 p30 saw0 beech rough s4 s2 s3 s1 (30)
do-saw-large b7 p10 saw0 pine rough s11 s9 s10 s8 (30)
do-saw-small b8 p19 saw0 walnut rough s6 s5 (30)
do-grind p15 grinder0 smooth natural untreated untreated (30)
do-grind p5 grinder0 smooth blue glazed untreated (30)
do-plane p24 planer0 rough green colourfragments (20)
do-plane p21 planer0 smooth natural varnished (30)
do-immersion-varnish p21 immersion-varnisher0 red smooth (10)
do-grind p0 grinder0 smooth green colourfragments untreated (30)
do-saw-large b10 p28 saw0 teak smooth s7 s5 s6 s4 (30)
do-glaze p28 glazer0 red (20)
do-saw-large b10 p31 saw0 teak smooth s7 s5 s6 s4 (30)
do-saw-medium b2 p35 saw0 mahogany rough s9 s8 s7 (30)
do-plane p35 planer0 rough natural untreated (20)
do-grind p35 grinder0 smooth natural untreated untreated (30)
do-immersion-varnish p31 immersion-varnisher0 mauve smooth (10)
do-glaze p30 glazer0 green (20)
do-glaze p10 glazer0 green (20)
do-plane p17 planer0 rough red glazed (10)
do-glaze p0 glazer0 green (15)
do-saw-medium b10 p18 saw0 teak smooth s7 s6 s5 (30)
do-glaze p18 glazer0 red (15)
do-saw-medium b10 p36 saw0 teak smooth s7 s6 s5 (30)
do-immersion-varnish p36 immersion-varnisher0 mauve smooth (10)
do-saw-medium b10 p6 saw0 teak smooth s7 s6 s5 (30)
do-grind p6 grinder0 smooth natural untreated untreated (30)
do-glaze p6 glazer0 white (15)
do-saw-small b10 p25 saw0 teak smooth s7 s6 (30)
do-saw-small b10 p27 saw0 teak smooth s7 s6 (30)
do-saw-small b10 p8 saw0 teak smooth s7 s6 (30)
cut-board-medium b6 p38 highspeed-saw0 oak smooth s5 s4 s3 (10)
do-grind p8 grinder0 smooth natural untreated untreated (15)
do-grind p27 grinder0 smooth natural untreated untreated (15)
do-grind p25 grinder0 smooth natural untreated untreated (15)
do-glaze p14 glazer0 green (15)
do-immersion-varnish p5 immersion-varnisher0 black verysmooth (10)
do-plane p37 planer0 verysmooth natural varnished (10)
do-immersion-varnish p24 immersion-varnisher0 natural smooth (10)
do-spray-varnish p17 spray-varnisher0 mauve smooth (5)
do-immersion-varnish p13 immersion-varnisher0 black verysmooth (10)
do-saw-large b0 p4 saw0 cherry rough s7 s5 s6 s4 (30)
do-plane p4 planer0 rough natural untreated (30)
do-saw-large b10 p1 saw0 teak smooth s7 s5 s6 s4 (30)
do-saw-large b10 p22 saw0 teak smooth s7 s5 s6 s4 (30)
do-grind p22 grinder0 smooth natural untreated untreated (45)
do-glaze p22 glazer0 natural (20)
do-saw-large b10 p3 saw0 teak smooth s7 s5 s6 s4 (30)
do-immersion-varnish p3 immersion-varnisher0 blue smooth (10)
do-saw-medium b10 p12 saw0 teak smooth s7 s6 s5 (30)
do-glaze p12 glazer0 green (15)
do-saw-medium b10 p9 saw0 teak smooth s7 s6 s5 (30)
do-saw-small b10 p23 saw0 teak smooth s7 s6 (30)
do-grind p23 grinder0 smooth natural untreated untreated (15)
do-saw-large b2 p29 saw0 mahogany rough s7 s5 s6 s4 (30)
do-plane p29 planer0 rough natural untreated (30)
do-glaze p29 glazer0 white (20)
do-saw-large b2 p7 saw0 mahogany rough s7 s5 s6 s4 (30)
do-plane p7 planer0 rough natural untreated (30)
do-grind p7 grinder0 smooth natural untreated untreated (45)
do-glaze p7 glazer0 red (20)
do-saw-large b7 p11 saw0 pine rough s8 s6 s7 s5 (30)
do-plane p11 planer0 rough natural untreated (30)
do-grind p11 grinder0 smooth natural untreated untreated (45)
do-saw-large b7 p16 saw0 pine rough s8 s6 s7 s5 (30)
do-plane p16 planer0 rough natural untreated (30)
do-immersion-varnish p35 immersion-varnisher0 natural verysmooth (10)
do-immersion-varnish p16 immersion-varnisher0 mauve smooth (10)
cut-board-large b6 p33 highspeed-saw0 oak smooth s3 s1 s2 s0 (10)
do-grind p33 grinder0 smooth natural untreated untreated (45)
cut-board-medium b6 p32 highspeed-saw0 oak smooth s3 s2 s1 (10)
cut-board-small b6 p2 highspeed-saw0 oak smooth s3 s2 (10)
cut-board-small b6 p26 highspeed-saw0 oak smooth s3 s2 (10)
do-grind p26 grinder0 smooth natural untreated untreated (15)
do-immersion-varnish p9 immersion-varnisher0 black smooth (10)
do-immersion-varnish p4 immersion-varnisher0 black smooth (10)
do-immersion-varnish p38 immersion-varnisher0 white smooth (10)
do-immersion-varnish p32 immersion-varnisher0 black smooth (10)
do-spray-varnish p27 spray-varnisher0 red verysmooth (5)
do-glaze p23 glazer0 green (10)
do-immersion-varnish p20 immersion-varnisher0 black smooth (10)
do-plane p19 planer0 rough natural untreated (10)
do-glaze p19 glazer0 green (10)
do-glaze p11 glazer0 red (20)
do-immersion-varnish p1 immersion-varnisher0 black smooth (10)
do-spray-varnish p37 spray-varnisher0 red smooth (5)
do-glaze p8 glazer0 mauve (10)
do-glaze p25 glazer0 red (10)
do-spray-varnish p2 spray-varnisher0 black smooth (5)
do-grind p34 grinder0 verysmooth blue varnished colourfragments (30)
do-grind p34 grinder0 verysmooth natural colourfragments untreated (30)
do-immersion-varnish p34 immersion-varnisher0 black verysmooth (10)
[t=13.7536s, 30500 KB] Plan length: 96 step(s).
[t=13.7536s, 30500 KB] Plan cost: 2055
[t=13.7536s, 30500 KB] Timestamp: 1687922048447 millisecond(s).
[t=13.7536s, 30500 KB] Expanded 202 state(s).
[t=13.7536s, 30500 KB] Reopened 0 state(s).
[t=13.7536s, 30500 KB] Evaluated 76442 state(s).
[t=13.7536s, 30500 KB] Evaluations: 76442
[t=13.7536s, 30500 KB] Generated 90669 state(s).
[t=13.7536s, 30500 KB] Dead ends: 22027 state(s).
[t=13.7536s, 30500 KB] Number of registered states: 76442
[t=13.7536s, 30500 KB] Int hash set load factor: 76442/131072 = 0.583206
[t=13.7536s, 30500 KB] Int hash set resizes: 17
[t=13.7536s, 30500 KB] Search time: 13.6567s
[t=13.7536s, 30500 KB] Total time: 13.7536s
Solution found.
Peak memory: 30500 KB
Remove intermediate file output.sas
search exit code: 0

INFO     Running validate.
INFO     validate stdin: None
INFO     validate time limit: None
INFO     validate memory limit: None
INFO     validate command line string: validate domain.pddl problem.pddl sas_plan
Checking plan: sas_plan
Plan executed successfully - checking goal
Plan valid
Final value: 2055 

Successful plans:
Value: 2055
 sas_plan 2055 

validate exit code: 0

INFO     Planner time: 15.80s
