INFO     planner time limit: 900s
INFO     planner memory limit: 3584 MB

INFO     Running translator.
INFO     translator stdin: None
INFO     translator time limit: 899s
INFO     translator memory limit: 3584 MB
INFO     translator command line string: /usr/local/downward-projects/downward/experiments/.venv/bin/python3 /usr/local/downward-projects/downward/experiments/src/thesis/data/thesis-thesis_exp/code-492c46a6b9a8d722366a407090da84235e2f79dc_e5e41175/builds/release/bin/translate/translate.py domain.pddl problem.pddl --sas-file output.sas
Parsing...
Parsing: [0.020s CPU, 0.022s wall-clock]
Normalizing task... [0.000s CPU, 0.001s wall-clock]
Instantiating...
Generating Datalog program... [0.010s CPU, 0.008s wall-clock]
Normalizing Datalog program...
Normalizing Datalog program: [0.000s CPU, 0.001s wall-clock]
Preparing model... [0.030s CPU, 0.035s wall-clock]
Generated 18 rules.
Computing model... [0.140s CPU, 0.140s wall-clock]
17664 relevant atoms
11521 auxiliary atoms
29185 final queue length
39794 total queue pushes
Completing instantiation... [0.230s CPU, 0.229s wall-clock]
Instantiating: [0.420s CPU, 0.424s wall-clock]
Computing fact groups...
Finding invariants...
6 initial candidates
Finding invariants: [0.000s CPU, 0.002s wall-clock]
Checking invariant weight... [0.010s CPU, 0.002s wall-clock]
Instantiating groups... [0.000s CPU, 0.000s wall-clock]
Collecting mutex groups... [0.000s CPU, 0.000s wall-clock]
Choosing groups...
262 uncovered facts
Choosing groups: [0.000s CPU, 0.000s wall-clock]
Building translation key... [0.000s CPU, 0.001s wall-clock]
Computing fact groups: [0.010s CPU, 0.006s wall-clock]
Building STRIPS to SAS dictionary... [0.000s CPU, 0.000s wall-clock]
Building dictionary for full mutex groups... [0.000s CPU, 0.000s wall-clock]
Building mutex information...
Building mutex information: [0.000s CPU, 0.000s wall-clock]
Translating task...
Processing axioms...
Simplifying axioms... [0.000s CPU, 0.000s wall-clock]
Translator axioms removed by simplifying: 0
Computing negative axioms... [0.000s CPU, 0.000s wall-clock]
Processing axioms: [0.010s CPU, 0.010s wall-clock]
Translating task: [0.190s CPU, 0.194s wall-clock]
131 effect conditions simplified
0 implied preconditions added
Detecting unreachable propositions...
0 operators removed
0 axioms removed
1 propositions removed
Detecting unreachable propositions: [0.090s CPU, 0.085s wall-clock]
Reordering and filtering variables...
263 of 263 variables necessary.
0 of 1 mutex groups necessary.
10974 of 10974 operators necessary.
0 of 0 axiom rules necessary.
Reordering and filtering variables: [0.020s CPU, 0.018s wall-clock]
Translator variables: 263
Translator derived variables: 0
Translator facts: 628
Translator goal facts: 131
Translator mutex groups: 0
Translator total mutex groups size: 0
Translator operators: 10974
Translator axioms: 0
Translator task size: 34206
Translator peak memory: 61420 KB
Writing output... [0.030s CPU, 0.033s wall-clock]
Done! [0.790s CPU, 0.797s wall-clock]
translate exit code: 0

INFO     Running search (release).
INFO     search stdin: output.sas
INFO     search time limit: 899s
INFO     search memory limit: 3584 MB
INFO     search command line string: /usr/local/downward-projects/downward/experiments/src/thesis/data/thesis-thesis_exp/code-492c46a6b9a8d722366a407090da84235e2f79dc_e5e41175/builds/release/bin/downward --evaluator 'h=ff(transform=adapt_costs(one))' --search 'eager(alt([single(h), linear_weighted_type_based([h, g()], ignore_size=true)]), cost_type=one)' --internal-plan-file sas_plan < output.sas
[t=0.00256223s, 11200 KB] reading input...
[t=0.0225212s, 13148 KB] done reading input!
[t=0.0264722s, 13852 KB] Simplifying 11105 unary operators... done! [11105 unary operators]
[t=0.0303772s, 14844 KB] time to simplify: 0.00390504s
[t=0.0309431s, 14844 KB] Initializing additive heuristic...
[t=0.0310788s, 14844 KB] Initializing FF heuristic...
[t=0.0311058s, 14844 KB] Building successor generator...done!
[t=0.0324212s, 14844 KB] peak memory difference for successor generator creation: 0 KB
[t=0.0324895s, 14844 KB] time for successor generation creation: 0s
[t=0.0325144s, 14844 KB] Variables: 263
[t=0.0326505s, 14844 KB] FactPairs: 628
[t=0.032674s, 14844 KB] Bytes per state: 36
[t=0.0326973s, 14844 KB] Conducting best first search without reopening closed nodes, (real) bound = 2147483647
[t=0.0327714s, 14844 KB] New best heuristic value for ff(transform=adapt_costs(one)): 357
[t=0.0329131s, 14844 KB] g=0, 1 evaluated, 0 expanded
[t=0.0329375s, 14844 KB] Initial heuristic value for ff(transform=adapt_costs(one)): 357
[t=0.0329677s, 14844 KB] pruning method: none
[t=0.0329905s, 14844 KB] Start Timestep: 1685458504573 millisecond(s).
[t=0.033035s, 14844 KB] New best heuristic value for ff(transform=adapt_costs(one)): 356
[t=0.0331523s, 14844 KB] g=1, 2 evaluated, 1 expanded
[t=0.0474387s, 14844 KB] New best heuristic value for ff(transform=adapt_costs(one)): 355
[t=0.0484007s, 14844 KB] g=3, 209 evaluated, 4 expanded
[t=0.0540245s, 14844 KB] New best heuristic value for ff(transform=adapt_costs(one)): 354
[t=0.0563152s, 14844 KB] g=5, 314 evaluated, 9 expanded
[t=0.0563449s, 14844 KB] New best heuristic value for ff(transform=adapt_costs(one)): 353
[t=0.0564855s, 14844 KB] g=6, 315 evaluated, 11 expanded
[t=0.0619461s, 14844 KB] New best heuristic value for ff(transform=adapt_costs(one)): 352
[t=0.0641146s, 14844 KB] g=7, 418 evaluated, 12 expanded
[t=0.0698896s, 14844 KB] New best heuristic value for ff(transform=adapt_costs(one)): 351
[t=0.0719591s, 14844 KB] g=9, 523 evaluated, 16 expanded
[t=0.0778359s, 14844 KB] New best heuristic value for ff(transform=adapt_costs(one)): 350
[t=0.0796588s, 14844 KB] g=11, 627 evaluated, 21 expanded
[t=0.0857751s, 14844 KB] New best heuristic value for ff(transform=adapt_costs(one)): 349
[t=0.087316s, 14844 KB] g=13, 731 evaluated, 24 expanded
[t=0.0873456s, 14844 KB] New best heuristic value for ff(transform=adapt_costs(one)): 348
[t=0.0874721s, 14844 KB] g=14, 732 evaluated, 25 expanded
[t=0.093686s, 14844 KB] New best heuristic value for ff(transform=adapt_costs(one)): 347
[t=0.0949906s, 14844 KB] g=15, 835 evaluated, 26 expanded
[t=0.101607s, 14844 KB] New best heuristic value for ff(transform=adapt_costs(one)): 346
[t=0.102655s, 14844 KB] g=17, 939 evaluated, 29 expanded
[t=0.109554s, 14844 KB] New best heuristic value for ff(transform=adapt_costs(one)): 345
[t=0.110795s, 14844 KB] g=19, 1048 evaluated, 37 expanded
[t=0.110825s, 14844 KB] New best heuristic value for ff(transform=adapt_costs(one)): 344
[t=0.111172s, 14844 KB] g=20, 1052 evaluated, 38 expanded
[t=0.117447s, 14844 KB] New best heuristic value for ff(transform=adapt_costs(one)): 343
[t=0.119003s, 14844 KB] g=21, 1159 evaluated, 40 expanded
[t=0.125398s, 14844 KB] New best heuristic value for ff(transform=adapt_costs(one)): 342
[t=0.127034s, 14844 KB] g=22, 1268 evaluated, 42 expanded
[t=0.133347s, 14844 KB] New best heuristic value for ff(transform=adapt_costs(one)): 341
[t=0.134751s, 14844 KB] g=23, 1373 evaluated, 44 expanded
[t=0.141297s, 14844 KB] New best heuristic value for ff(transform=adapt_costs(one)): 340
[t=0.142287s, 14844 KB] g=24, 1476 evaluated, 45 expanded
[t=0.142317s, 14844 KB] New best heuristic value for ff(transform=adapt_costs(one)): 339
[t=0.142587s, 14844 KB] g=25, 1479 evaluated, 46 expanded
[t=0.149216s, 14844 KB] New best heuristic value for ff(transform=adapt_costs(one)): 338
[t=0.150302s, 14844 KB] g=26, 1584 evaluated, 48 expanded
[t=0.157139s, 14844 KB] New best heuristic value for ff(transform=adapt_costs(one)): 337
[t=0.158093s, 14844 KB] g=27, 1690 evaluated, 50 expanded
[t=0.173051s, 14844 KB] New best heuristic value for ff(transform=adapt_costs(one)): 336
[t=0.173224s, 14844 KB] g=28, 1897 evaluated, 56 expanded
[t=0.173253s, 14844 KB] New best heuristic value for ff(transform=adapt_costs(one)): 335
[t=0.173382s, 14844 KB] g=29, 1898 evaluated, 57 expanded
[t=0.180978s, 14844 KB] New best heuristic value for ff(transform=adapt_costs(one)): 334
[t=0.18132s, 14844 KB] g=30, 2003 evaluated, 65 expanded
[t=0.181349s, 14844 KB] New best heuristic value for ff(transform=adapt_costs(one)): 333
[t=0.181626s, 14844 KB] g=31, 2006 evaluated, 66 expanded
[t=0.188822s, 14844 KB] New best heuristic value for ff(transform=adapt_costs(one)): 332
[t=0.18933s, 14844 KB] g=32, 2111 evaluated, 67 expanded
[t=0.196774s, 14844 KB] New best heuristic value for ff(transform=adapt_costs(one)): 331
[t=0.197007s, 14844 KB] g=33, 2215 evaluated, 69 expanded
[t=0.212693s, 14844 KB] New best heuristic value for ff(transform=adapt_costs(one)): 330
[t=0.212861s, 14844 KB] g=34, 2432 evaluated, 78 expanded
[t=0.212891s, 14844 KB] New best heuristic value for ff(transform=adapt_costs(one)): 329
[t=0.213107s, 14844 KB] g=35, 2434 evaluated, 80 expanded
[t=0.22051s, 14844 KB] New best heuristic value for ff(transform=adapt_costs(one)): 328
[t=0.220852s, 14844 KB] g=36, 2539 evaluated, 82 expanded
[t=0.232458s, 14844 KB] New best heuristic value for ff(transform=adapt_costs(one)): 327
[t=0.236073s, 14844 KB] g=37, 2748 evaluated, 86 expanded
[t=0.250071s, 14844 KB] New best heuristic value for ff(transform=adapt_costs(one)): 326
[t=0.251414s, 14844 KB] g=39, 2957 evaluated, 95 expanded
[t=0.251446s, 14844 KB] New best heuristic value for ff(transform=adapt_costs(one)): 325
[t=0.251808s, 14844 KB] g=40, 2961 evaluated, 97 expanded
[t=0.256281s, 14844 KB] New best heuristic value for ff(transform=adapt_costs(one)): 324
[t=0.259724s, 14844 KB] g=41, 3068 evaluated, 99 expanded
[t=0.27222s, 14844 KB] New best heuristic value for ff(transform=adapt_costs(one)): 323
[t=0.274947s, 14844 KB] g=42, 3276 evaluated, 101 expanded
[t=0.280153s, 14844 KB] New best heuristic value for ff(transform=adapt_costs(one)): 322
[t=0.282901s, 14844 KB] g=44, 3382 evaluated, 110 expanded
[t=0.304058s, 14844 KB] New best heuristic value for ff(transform=adapt_costs(one)): 321
[t=0.306116s, 14844 KB] g=46, 3698 evaluated, 123 expanded
[t=0.319992s, 14844 KB] New best heuristic value for ff(transform=adapt_costs(one)): 320
[t=0.322166s, 14844 KB] g=48, 3912 evaluated, 136 expanded
[t=0.327926s, 14844 KB] New best heuristic value for ff(transform=adapt_costs(one)): 319
[t=0.33001s, 14844 KB] g=49, 4019 evaluated, 138 expanded
[t=0.343883s, 14844 KB] New best heuristic value for ff(transform=adapt_costs(one)): 318
[t=0.345331s, 14844 KB] g=51, 4227 evaluated, 146 expanded
[t=0.345362s, 14844 KB] New best heuristic value for ff(transform=adapt_costs(one)): 317
[t=0.345704s, 14844 KB] g=52, 4231 evaluated, 147 expanded
[t=0.35165s, 14844 KB] New best heuristic value for ff(transform=adapt_costs(one)): 316
[t=0.35357s, 14844 KB] g=53, 4337 evaluated, 149 expanded
[t=0.359595s, 14844 KB] New best heuristic value for ff(transform=adapt_costs(one)): 315
[t=0.361395s, 14844 KB] g=54, 4443 evaluated, 151 expanded
[t=0.395543s, 14844 KB] New best heuristic value for ff(transform=adapt_costs(one)): 314
[t=0.399328s, 14844 KB] g=56, 4965 evaluated, 166 expanded
[t=0.411446s, 14844 KB] New best heuristic value for ff(transform=adapt_costs(one)): 313
[t=0.414981s, 14844 KB] g=58, 5176 evaluated, 185 expanded
[t=0.419384s, 14844 KB] New best heuristic value for ff(transform=adapt_costs(one)): 312
[t=0.422754s, 14844 KB] g=59, 5281 evaluated, 186 expanded
[t=0.427325s, 14844 KB] New best heuristic value for ff(transform=adapt_costs(one)): 311
[t=0.43043s, 14844 KB] g=60, 5385 evaluated, 188 expanded
[t=0.467033s, 14844 KB] New best heuristic value for ff(transform=adapt_costs(one)): 310
[t=0.468908s, 14844 KB] g=61, 5911 evaluated, 211 expanded
[t=0.482947s, 14844 KB] New best heuristic value for ff(transform=adapt_costs(one)): 309
[t=0.484755s, 14844 KB] g=63, 6124 evaluated, 235 expanded
[t=0.514851s, 14844 KB] New best heuristic value for ff(transform=adapt_costs(one)): 308
[t=0.515965s, 14844 KB] g=65, 6548 evaluated, 262 expanded
[t=0.522777s, 14844 KB] New best heuristic value for ff(transform=adapt_costs(one)): 307
[t=0.523813s, 14844 KB] g=66, 6654 evaluated, 264 expanded
[t=0.538714s, 14844 KB] New best heuristic value for ff(transform=adapt_costs(one)): 306
[t=0.539079s, 14844 KB] g=67, 6862 evaluated, 266 expanded
[t=0.546632s, 14844 KB] New best heuristic value for ff(transform=adapt_costs(one)): 305
[t=0.547756s, 14844 KB] g=69, 6976 evaluated, 281 expanded
[t=0.59051s, 14844 KB] New best heuristic value for ff(transform=adapt_costs(one)): 304
[t=0.593834s, 14844 KB] g=71, 7600 evaluated, 303 expanded
[t=0.593865s, 14844 KB] New best heuristic value for ff(transform=adapt_costs(one)): 303
[t=0.594245s, 14844 KB] g=72, 7604 evaluated, 305 expanded
[t=0.614367s, 14844 KB] New best heuristic value for ff(transform=adapt_costs(one)): 302
[t=0.61711s, 14844 KB] g=74, 7917 evaluated, 311 expanded
[t=0.617142s, 14844 KB] New best heuristic value for ff(transform=adapt_costs(one)): 301
[t=0.617353s, 14844 KB] g=75, 7919 evaluated, 313 expanded
[t=0.654245s, 14844 KB] New best heuristic value for ff(transform=adapt_costs(one)): 300
[t=0.65626s, 14844 KB] g=76, 8451 evaluated, 335 expanded
[t=0.662176s, 14844 KB] New best heuristic value for ff(transform=adapt_costs(one)): 299
[t=0.66412s, 14844 KB] g=77, 8557 evaluated, 337 expanded
[t=0.670116s, 14844 KB] New best heuristic value for ff(transform=adapt_costs(one)): 298
[t=0.671996s, 14844 KB] g=78, 8662 evaluated, 338 expanded
[t=0.702026s, 14844 KB] New best heuristic value for ff(transform=adapt_costs(one)): 297
[t=0.70224s, 14844 KB] g=80, 9075 evaluated, 345 expanded
[t=0.717962s, 14844 KB] New best heuristic value for ff(transform=adapt_costs(one)): 296
[t=0.718307s, 14844 KB] g=82, 9292 evaluated, 360 expanded
[t=0.725895s, 14844 KB] New best heuristic value for ff(transform=adapt_costs(one)): 295
[t=0.726244s, 14844 KB] g=83, 9399 evaluated, 362 expanded
[t=0.753804s, 14844 KB] New best heuristic value for ff(transform=adapt_costs(one)): 294
[t=0.757597s, 14844 KB] g=85, 9824 evaluated, 393 expanded
[t=0.757736s, 14844 KB] New best heuristic value for ff(transform=adapt_costs(one)): 293
[t=0.757951s, 14844 KB] g=86, 9827 evaluated, 395 expanded
[t=0.769708s, 14844 KB] New best heuristic value for ff(transform=adapt_costs(one)): 292
[t=0.773259s, 14844 KB] g=87, 10037 evaluated, 397 expanded
[t=0.773289s, 14844 KB] New best heuristic value for ff(transform=adapt_costs(one)): 291
[t=0.773584s, 14844 KB] g=88, 10040 evaluated, 399 expanded
[t=0.801586s, 14844 KB] New best heuristic value for ff(transform=adapt_costs(one)): 290
[t=0.804407s, 14844 KB] g=89, 10461 evaluated, 411 expanded
[t=0.809519s, 14844 KB] New best heuristic value for ff(transform=adapt_costs(one)): 289
[t=0.812205s, 14844 KB] g=91, 10566 evaluated, 417 expanded
[t=0.812237s, 14844 KB] New best heuristic value for ff(transform=adapt_costs(one)): 288
[t=0.812574s, 14844 KB] g=92, 10570 evaluated, 418 expanded
[t=0.817436s, 14844 KB] New best heuristic value for ff(transform=adapt_costs(one)): 287
[t=0.820376s, 14844 KB] g=93, 10676 evaluated, 420 expanded
[t=0.84138s, 14844 KB] New best heuristic value for ff(transform=adapt_costs(one)): 286
[t=0.842811s, 14844 KB] g=94, 10987 evaluated, 422 expanded
[t=0.87729s, 14844 KB] New best heuristic value for ff(transform=adapt_costs(one)): 285
[t=0.881212s, 14844 KB] g=96, 11511 evaluated, 447 expanded
[t=0.885167s, 14844 KB] New best heuristic value for ff(transform=adapt_costs(one)): 284
[t=0.888929s, 14844 KB] g=97, 11616 evaluated, 449 expanded
[t=0.889111s, 14844 KB] New best heuristic value for ff(transform=adapt_costs(one)): 283
[t=0.889193s, 14844 KB] g=98, 11618 evaluated, 451 expanded
[t=0.933027s, 14844 KB] New best heuristic value for ff(transform=adapt_costs(one)): 282
[t=0.935285s, 14844 KB] g=99, 12249 evaluated, 479 expanded
[t=0.964846s, 14844 KB] New best heuristic value for ff(transform=adapt_costs(one)): 281
[t=0.966124s, 14844 KB] g=101, 12672 evaluated, 493 expanded
[t=1.00075s, 14844 KB] New best heuristic value for ff(transform=adapt_costs(one)): 280
[t=1.00471s, 14844 KB] g=103, 13201 evaluated, 520 expanded
[t=1.00474s, 14844 KB] New best heuristic value for ff(transform=adapt_costs(one)): 279
[t=1.00498s, 14844 KB] g=104, 13203 evaluated, 522 expanded
[t=1.04209s, 14844 KB] New best heuristic value for ff(transform=adapt_costs(one)): 278
[t=1.0441s, 14844 KB] g=105, 13736 evaluated, 555 expanded
[t=1.04848s, 14844 KB] New best heuristic value for ff(transform=adapt_costs(one)): 277
[t=1.05177s, 14844 KB] g=106, 13840 evaluated, 557 expanded
[t=1.05642s, 14980 KB] New best heuristic value for ff(transform=adapt_costs(one)): 276
[t=1.05977s, 14980 KB] g=107, 13947 evaluated, 567 expanded
[t=1.08035s, 14980 KB] New best heuristic value for ff(transform=adapt_costs(one)): 275
[t=1.08423s, 14980 KB] g=109, 14272 evaluated, 601 expanded
[t=1.08428s, 14980 KB] New best heuristic value for ff(transform=adapt_costs(one)): 274
[t=1.08466s, 14980 KB] g=110, 14276 evaluated, 603 expanded
[t=1.10422s, 14980 KB] New best heuristic value for ff(transform=adapt_costs(one)): 273
[t=1.1075s, 14980 KB] g=111, 14588 evaluated, 605 expanded
[t=1.13215s, 15232 KB] New best heuristic value for ff(transform=adapt_costs(one)): 272
[t=1.13493s, 15232 KB] g=113, 14921 evaluated, 640 expanded
[t=1.16004s, 15232 KB] New best heuristic value for ff(transform=adapt_costs(one)): 271
[t=1.16104s, 15232 KB] g=115, 15253 evaluated, 675 expanded
[t=1.16796s, 15232 KB] New best heuristic value for ff(transform=adapt_costs(one)): 270
[t=1.1697s, 15232 KB] g=116, 15361 evaluated, 677 expanded
[t=1.17588s, 15232 KB] New best heuristic value for ff(transform=adapt_costs(one)): 269
[t=1.17794s, 15232 KB] g=117, 15468 evaluated, 679 expanded
[t=1.18382s, 15232 KB] New best heuristic value for ff(transform=adapt_costs(one)): 268
[t=1.18629s, 15232 KB] g=118, 15575 evaluated, 681 expanded
[t=1.19973s, 15232 KB] New best heuristic value for ff(transform=adapt_costs(one)): 267
[t=1.20268s, 15232 KB] g=119, 15783 evaluated, 683 expanded
[t=1.20765s, 15232 KB] New best heuristic value for ff(transform=adapt_costs(one)): 266
[t=1.21115s, 15232 KB] g=121, 15889 evaluated, 687 expanded
[t=1.2276s, 15232 KB] New best heuristic value for ff(transform=adapt_costs(one)): 265
[t=1.22806s, 15232 KB] g=123, 16103 evaluated, 700 expanded
[t=1.31146s, 15232 KB] New best heuristic value for ff(transform=adapt_costs(one)): 264
[t=1.31407s, 15232 KB] g=125, 17263 evaluated, 740 expanded
[t=1.31939s, 15232 KB] New best heuristic value for ff(transform=adapt_costs(one)): 263
[t=1.32193s, 15232 KB] g=126, 17368 evaluated, 742 expanded
[t=1.39684s, 15364 KB] New best heuristic value for ff(transform=adapt_costs(one)): 262
[t=1.39856s, 15364 KB] g=127, 18428 evaluated, 782 expanded
[t=1.40318s, 15364 KB] New best heuristic value for ff(transform=adapt_costs(one)): 261
[t=1.40614s, 15364 KB] g=128, 18532 evaluated, 784 expanded
[t=1.41111s, 15364 KB] New best heuristic value for ff(transform=adapt_costs(one)): 260
[t=1.4148s, 15364 KB] g=129, 18646 evaluated, 807 expanded
[t=1.41483s, 15364 KB] New best heuristic value for ff(transform=adapt_costs(one)): 259
[t=1.41497s, 15364 KB] g=130, 18647 evaluated, 809 expanded
[t=1.47497s, 15496 KB] New best heuristic value for ff(transform=adapt_costs(one)): 258
[t=1.47657s, 15496 KB] g=131, 19495 evaluated, 846 expanded
[t=1.55882s, 15496 KB] New best heuristic value for ff(transform=adapt_costs(one)): 257
[t=1.56197s, 15496 KB] g=133, 20674 evaluated, 890 expanded
[t=1.56885s, 15496 KB] New best heuristic value for ff(transform=adapt_costs(one)): 256
[t=1.56961s, 15496 KB] g=134, 20779 evaluated, 892 expanded
[t=1.57465s, 15496 KB] New best heuristic value for ff(transform=adapt_costs(one)): 255
[t=1.57711s, 15496 KB] g=135, 20882 evaluated, 895 expanded
[t=1.57714s, 15496 KB] New best heuristic value for ff(transform=adapt_costs(one)): 254
[t=1.57742s, 15496 KB] g=136, 20885 evaluated, 896 expanded
[t=1.59057s, 15496 KB] New best heuristic value for ff(transform=adapt_costs(one)): 253
[t=1.59238s, 15496 KB] g=137, 21093 evaluated, 897 expanded
[t=1.59241s, 15496 KB] New best heuristic value for ff(transform=adapt_costs(one)): 252
[t=1.59257s, 15496 KB] g=138, 21094 evaluated, 899 expanded
[t=1.61434s, 15628 KB] New best heuristic value for ff(transform=adapt_costs(one)): 251
[t=1.61706s, 15628 KB] g=139, 21421 evaluated, 929 expanded
[t=1.62227s, 15628 KB] New best heuristic value for ff(transform=adapt_costs(one)): 250
[t=1.6247s, 15628 KB] g=140, 21527 evaluated, 931 expanded
[t=1.62473s, 15628 KB] New best heuristic value for ff(transform=adapt_costs(one)): 249
[t=1.6249s, 15628 KB] g=141, 21528 evaluated, 933 expanded
[t=1.63018s, 15628 KB] New best heuristic value for ff(transform=adapt_costs(one)): 248
[t=1.63229s, 15628 KB] g=142, 21631 evaluated, 934 expanded
[t=1.63232s, 15628 KB] New best heuristic value for ff(transform=adapt_costs(one)): 247
[t=1.63252s, 15628 KB] g=143, 21633 evaluated, 935 expanded
[t=1.64606s, 15628 KB] New best heuristic value for ff(transform=adapt_costs(one)): 246
[t=1.64739s, 15628 KB] g=144, 21840 evaluated, 937 expanded
[t=1.662s, 15628 KB] New best heuristic value for ff(transform=adapt_costs(one)): 245
[t=1.66293s, 15628 KB] g=145, 22056 evaluated, 944 expanded
[t=1.69393s, 15628 KB] New best heuristic value for ff(transform=adapt_costs(one)): 244
[t=1.69492s, 15628 KB] g=147, 22494 evaluated, 984 expanded
[t=1.70184s, 15628 KB] New best heuristic value for ff(transform=adapt_costs(one)): 243
[t=1.70471s, 15628 KB] g=149, 22621 evaluated, 1024 expanded
[t=1.75374s, 15756 KB] New best heuristic value for ff(transform=adapt_costs(one)): 242
[t=1.75757s, 15756 KB] g=151, 23354 evaluated, 1049 expanded
[t=1.76167s, 15756 KB] New best heuristic value for ff(transform=adapt_costs(one)): 241
[t=1.76512s, 15756 KB] g=152, 23458 evaluated, 1051 expanded
[t=1.80158s, 15756 KB] New best heuristic value for ff(transform=adapt_costs(one)): 240
[t=1.8047s, 15756 KB] g=153, 24005 evaluated, 1090 expanded
[t=1.80473s, 15756 KB] New best heuristic value for ff(transform=adapt_costs(one)): 239
[t=1.80497s, 15756 KB] g=154, 24007 evaluated, 1092 expanded
[t=1.84149s, 15756 KB] New best heuristic value for ff(transform=adapt_costs(one)): 238
[t=1.8451s, 15756 KB] g=155, 24556 evaluated, 1130 expanded
[t=1.84939s, 15756 KB] New best heuristic value for ff(transform=adapt_costs(one)): 237
[t=1.85269s, 15756 KB] g=156, 24661 evaluated, 1132 expanded
[t=1.88132s, 15888 KB] New best heuristic value for ff(transform=adapt_costs(one)): 236
[t=1.8831s, 15888 KB] g=158, 25081 evaluated, 1148 expanded
[t=1.88313s, 15888 KB] New best heuristic value for ff(transform=adapt_costs(one)): 235
[t=1.88335s, 15888 KB] g=159, 25083 evaluated, 1150 expanded
[t=1.94914s, 15888 KB] New best heuristic value for ff(transform=adapt_costs(one)): 234
[t=1.95136s, 15888 KB] g=160, 26036 evaluated, 1186 expanded
[t=1.9514s, 15888 KB] New best heuristic value for ff(transform=adapt_costs(one)): 233
[t=1.95152s, 15888 KB] g=161, 26037 evaluated, 1187 expanded
[t=1.98905s, 15888 KB] New best heuristic value for ff(transform=adapt_costs(one)): 232
[t=1.99011s, 15888 KB] g=162, 26579 evaluated, 1217 expanded
[t=2.05689s, 16020 KB] New best heuristic value for ff(transform=adapt_costs(one)): 231
[t=2.05872s, 16020 KB] g=164, 27533 evaluated, 1251 expanded
[t=2.07281s, 16020 KB] New best heuristic value for ff(transform=adapt_costs(one)): 230
[t=2.07378s, 16020 KB] g=165, 27742 evaluated, 1253 expanded
[t=2.07381s, 16020 KB] New best heuristic value for ff(transform=adapt_costs(one)): 229
[t=2.07418s, 16020 KB] g=166, 27746 evaluated, 1255 expanded
[t=2.10469s, 16020 KB] New best heuristic value for ff(transform=adapt_costs(one)): 228
[t=2.10498s, 16020 KB] g=167, 28178 evaluated, 1276 expanded
[t=2.19652s, 16660 KB] New best heuristic value for ff(transform=adapt_costs(one)): 227
[t=2.19811s, 16660 KB] g=169, 29453 evaluated, 1322 expanded
[t=2.20445s, 16660 KB] New best heuristic value for ff(transform=adapt_costs(one)): 226
[t=2.2056s, 16660 KB] g=170, 29559 evaluated, 1324 expanded
[t=2.20564s, 16660 KB] New best heuristic value for ff(transform=adapt_costs(one)): 225
[t=2.20579s, 16660 KB] g=171, 29560 evaluated, 1326 expanded
[t=2.22037s, 16660 KB] New best heuristic value for ff(transform=adapt_costs(one)): 224
[t=2.22199s, 16660 KB] g=172, 29783 evaluated, 1345 expanded
[t=2.22202s, 16660 KB] New best heuristic value for ff(transform=adapt_costs(one)): 223
[t=2.22237s, 16660 KB] g=173, 29787 evaluated, 1347 expanded
[t=2.23613s, 16660 KB] New best heuristic value for ff(transform=adapt_costs(one)): 222
[t=2.23759s, 16660 KB] g=174, 29997 evaluated, 1360 expanded
[t=2.26003s, 16660 KB] New best heuristic value for ff(transform=adapt_costs(one)): 221
[t=2.2616s, 16660 KB] g=176, 30330 evaluated, 1393 expanded
[t=2.26164s, 16660 KB] New best heuristic value for ff(transform=adapt_costs(one)): 220
[t=2.26207s, 16660 KB] g=177, 30335 evaluated, 1395 expanded
[t=2.28394s, 16660 KB] New best heuristic value for ff(transform=adapt_costs(one)): 219
[t=2.28411s, 16660 KB] g=178, 30647 evaluated, 1397 expanded
[t=2.28787s, 16660 KB] New best heuristic value for ff(transform=adapt_costs(one)): 218
[t=2.29197s, 16660 KB] g=179, 30753 evaluated, 1399 expanded
[t=2.33577s, 16660 KB] New best heuristic value for ff(transform=adapt_costs(one)): 217
[t=2.33815s, 16660 KB] g=180, 31397 evaluated, 1431 expanded
[t=2.38767s, 16660 KB] New best heuristic value for ff(transform=adapt_costs(one)): 216
[t=2.39168s, 16660 KB] g=182, 32147 evaluated, 1470 expanded
[t=2.39171s, 16660 KB] New best heuristic value for ff(transform=adapt_costs(one)): 215
[t=2.39192s, 16660 KB] g=183, 32149 evaluated, 1471 expanded
[t=2.39554s, 16660 KB] New best heuristic value for ff(transform=adapt_costs(one)): 214
[t=2.39923s, 16660 KB] g=184, 32253 evaluated, 1472 expanded
[t=2.40348s, 16664 KB] New best heuristic value for ff(transform=adapt_costs(one)): 213
[t=2.40669s, 16664 KB] g=185, 32359 evaluated, 1474 expanded
[t=2.4514s, 16664 KB] New best heuristic value for ff(transform=adapt_costs(one)): 212
[t=2.4535s, 16664 KB] g=187, 33009 evaluated, 1509 expanded
[t=2.45933s, 16664 KB] New best heuristic value for ff(transform=adapt_costs(one)): 211
[t=2.4609s, 16664 KB] g=188, 33114 evaluated, 1511 expanded
[t=2.48325s, 16664 KB] New best heuristic value for ff(transform=adapt_costs(one)): 210
[t=2.48501s, 16664 KB] g=190, 33446 evaluated, 1533 expanded
[t=2.48504s, 16664 KB] New best heuristic value for ff(transform=adapt_costs(one)): 209
[t=2.48526s, 16664 KB] g=191, 33448 evaluated, 1535 expanded
[t=2.52312s, 16664 KB] New best heuristic value for ff(transform=adapt_costs(one)): 208
[t=2.52558s, 16664 KB] g=192, 34002 evaluated, 1577 expanded
[t=2.53105s, 16664 KB] New best heuristic value for ff(transform=adapt_costs(one)): 207
[t=2.53318s, 16664 KB] g=193, 34108 evaluated, 1579 expanded
[t=2.59888s, 16800 KB] New best heuristic value for ff(transform=adapt_costs(one)): 206
[t=2.60184s, 16800 KB] g=194, 35075 evaluated, 1621 expanded
[t=2.60187s, 16800 KB] New best heuristic value for ff(transform=adapt_costs(one)): 205
[t=2.60231s, 16800 KB] g=195, 35080 evaluated, 1623 expanded
[t=2.60679s, 16800 KB] New best heuristic value for ff(transform=adapt_costs(one)): 204
[t=2.60969s, 16800 KB] g=196, 35186 evaluated, 1625 expanded
[t=2.62271s, 16800 KB] New best heuristic value for ff(transform=adapt_costs(one)): 203
[t=2.62419s, 16800 KB] g=197, 35396 evaluated, 1627 expanded
[t=2.63064s, 16800 KB] New best heuristic value for ff(transform=adapt_costs(one)): 202
[t=2.63198s, 16800 KB] g=198, 35500 evaluated, 1629 expanded
[t=2.64654s, 16800 KB] New best heuristic value for ff(transform=adapt_costs(one)): 201
[t=2.64759s, 16800 KB] g=199, 35718 evaluated, 1644 expanded
[t=2.70644s, 16932 KB] New best heuristic value for ff(transform=adapt_costs(one)): 200
[t=2.70867s, 16932 KB] g=201, 36580 evaluated, 1685 expanded
[t=2.7087s, 16932 KB] New best heuristic value for ff(transform=adapt_costs(one)): 199
[t=2.70893s, 16932 KB] g=202, 36582 evaluated, 1687 expanded
[t=2.73835s, 16932 KB] New best heuristic value for ff(transform=adapt_costs(one)): 198
[t=2.73963s, 16932 KB] g=204, 37017 evaluated, 1716 expanded
[t=2.74625s, 16932 KB] New best heuristic value for ff(transform=adapt_costs(one)): 197
[t=2.74726s, 16932 KB] g=205, 37123 evaluated, 1718 expanded
[t=2.80615s, 16932 KB] New best heuristic value for ff(transform=adapt_costs(one)): 196
[t=2.80926s, 16932 KB] g=206, 37972 evaluated, 1758 expanded
[t=2.81409s, 16932 KB] New best heuristic value for ff(transform=adapt_costs(one)): 195
[t=2.81734s, 16932 KB] g=207, 38082 evaluated, 1760 expanded
[t=2.82202s, 17068 KB] New best heuristic value for ff(transform=adapt_costs(one)): 194
[t=2.82517s, 17068 KB] g=208, 38191 evaluated, 1762 expanded
[t=2.8252s, 17068 KB] New best heuristic value for ff(transform=adapt_costs(one)): 193
[t=2.8255s, 17068 KB] g=209, 38193 evaluated, 1764 expanded
[t=2.86189s, 17068 KB] New best heuristic value for ff(transform=adapt_costs(one)): 192
[t=2.86487s, 17068 KB] g=210, 38739 evaluated, 1801 expanded
[t=2.8649s, 17068 KB] New best heuristic value for ff(transform=adapt_costs(one)): 191
[t=2.86521s, 17068 KB] g=211, 38742 evaluated, 1803 expanded
[t=2.88579s, 17068 KB] New best heuristic value for ff(transform=adapt_costs(one)): 190
[t=2.88658s, 17068 KB] g=212, 39053 evaluated, 1805 expanded
[t=2.88661s, 17068 KB] New best heuristic value for ff(transform=adapt_costs(one)): 189
[t=2.88684s, 17068 KB] g=213, 39055 evaluated, 1807 expanded
[t=2.89765s, 17068 KB] New best heuristic value for ff(transform=adapt_costs(one)): 188
[t=2.90171s, 17068 KB] g=214, 39270 evaluated, 1817 expanded
[t=2.93757s, 17068 KB] New best heuristic value for ff(transform=adapt_costs(one)): 187
[t=2.93883s, 17068 KB] g=216, 39804 evaluated, 1849 expanded
[t=2.98543s, 17204 KB] New best heuristic value for ff(transform=adapt_costs(one)): 186
[t=2.98699s, 17204 KB] g=218, 40464 evaluated, 1889 expanded
[t=2.98702s, 17204 KB] New best heuristic value for ff(transform=adapt_costs(one)): 185
[t=2.98735s, 17204 KB] g=219, 40467 evaluated, 1891 expanded
[t=3.01731s, 17204 KB] New best heuristic value for ff(transform=adapt_costs(one)): 184
[t=3.01804s, 17204 KB] g=220, 40901 evaluated, 1916 expanded
[t=3.02524s, 17204 KB] New best heuristic value for ff(transform=adapt_costs(one)): 183
[t=3.02576s, 17204 KB] g=221, 41005 evaluated, 1918 expanded
[t=3.02918s, 17204 KB] New best heuristic value for ff(transform=adapt_costs(one)): 182
[t=3.03273s, 17204 KB] g=222, 41108 evaluated, 1919 expanded
[t=3.03276s, 17204 KB] New best heuristic value for ff(transform=adapt_costs(one)): 181
[t=3.03303s, 17204 KB] g=223, 41111 evaluated, 1920 expanded
[t=3.04505s, 17204 KB] New best heuristic value for ff(transform=adapt_costs(one)): 180
[t=3.04728s, 17204 KB] g=224, 41322 evaluated, 1922 expanded
[t=3.04731s, 17204 KB] New best heuristic value for ff(transform=adapt_costs(one)): 179
[t=3.04747s, 17204 KB] g=225, 41323 evaluated, 1924 expanded
[t=3.06896s, 17204 KB] New best heuristic value for ff(transform=adapt_costs(one)): 178
[t=3.07086s, 17204 KB] g=226, 41657 evaluated, 1952 expanded
[t=3.0769s, 17204 KB] New best heuristic value for ff(transform=adapt_costs(one)): 177
[t=3.07796s, 17204 KB] g=227, 41762 evaluated, 1953 expanded
[t=3.07799s, 17204 KB] New best heuristic value for ff(transform=adapt_costs(one)): 176
[t=3.07811s, 17204 KB] g=228, 41763 evaluated, 1954 expanded
[t=3.12879s, 17340 KB] New best heuristic value for ff(transform=adapt_costs(one)): 175
[t=3.13062s, 17340 KB] g=229, 42509 evaluated, 1986 expanded
[t=3.13065s, 17340 KB] New best heuristic value for ff(transform=adapt_costs(one)): 174
[t=3.13102s, 17340 KB] g=230, 42513 evaluated, 1988 expanded
[t=3.17666s, 17340 KB] New best heuristic value for ff(transform=adapt_costs(one)): 173
[t=3.17742s, 17340 KB] g=231, 43170 evaluated, 2028 expanded
[t=3.18059s, 17340 KB] New best heuristic value for ff(transform=adapt_costs(one)): 172
[t=3.18452s, 17340 KB] g=232, 43276 evaluated, 2029 expanded
[t=3.19651s, 17340 KB] New best heuristic value for ff(transform=adapt_costs(one)): 171
[t=3.19862s, 17340 KB] g=233, 43485 evaluated, 2031 expanded
[t=3.19866s, 17340 KB] New best heuristic value for ff(transform=adapt_costs(one)): 170
[t=3.19896s, 17340 KB] g=234, 43488 evaluated, 2033 expanded
[t=3.25638s, 17472 KB] New best heuristic value for ff(transform=adapt_costs(one)): 169
[t=3.25908s, 17472 KB] g=235, 44354 evaluated, 2071 expanded
[t=3.25911s, 17472 KB] New best heuristic value for ff(transform=adapt_costs(one)): 168
[t=3.25936s, 17472 KB] g=236, 44356 evaluated, 2073 expanded
[t=3.26423s, 17472 KB] New best heuristic value for ff(transform=adapt_costs(one)): 167
[t=3.26638s, 17472 KB] g=237, 44460 evaluated, 2075 expanded
[t=3.27217s, 17472 KB] New best heuristic value for ff(transform=adapt_costs(one)): 166
[t=3.27379s, 17472 KB] g=238, 44569 evaluated, 2079 expanded
[t=3.2801s, 17472 KB] New best heuristic value for ff(transform=adapt_costs(one)): 165
[t=3.28125s, 17472 KB] g=239, 44678 evaluated, 2081 expanded
[t=3.30002s, 17472 KB] New best heuristic value for ff(transform=adapt_costs(one)): 164
[t=3.30308s, 17472 KB] g=240, 44994 evaluated, 2091 expanded
[t=3.30311s, 17472 KB] New best heuristic value for ff(transform=adapt_costs(one)): 163
[t=3.30326s, 17472 KB] g=241, 44995 evaluated, 2093 expanded
[t=3.33195s, 17472 KB] New best heuristic value for ff(transform=adapt_costs(one)): 162
[t=3.33377s, 17472 KB] g=242, 45433 evaluated, 2124 expanded
[t=3.34061s, 17472 KB] New best heuristic value for ff(transform=adapt_costs(one)): 161
[t=3.34151s, 17472 KB] g=243, 45538 evaluated, 2126 expanded
[t=3.34777s, 17472 KB] New best heuristic value for ff(transform=adapt_costs(one)): 160
[t=3.3485s, 17472 KB] g=244, 45642 evaluated, 2128 expanded
[t=3.35972s, 17604 KB] New best heuristic value for ff(transform=adapt_costs(one)): 159
[t=3.36346s, 17604 KB] g=245, 45856 evaluated, 2139 expanded
[t=3.39963s, 17604 KB] New best heuristic value for ff(transform=adapt_costs(one)): 158
[t=3.40071s, 17604 KB] g=247, 46384 evaluated, 2157 expanded
[t=3.40074s, 17604 KB] New best heuristic value for ff(transform=adapt_costs(one)): 157
[t=3.40097s, 17604 KB] g=248, 46386 evaluated, 2159 expanded
[t=3.4515s, 17604 KB] New best heuristic value for ff(transform=adapt_costs(one)): 156
[t=3.45282s, 17604 KB] g=249, 47134 evaluated, 2193 expanded
[t=3.45285s, 17604 KB] New best heuristic value for ff(transform=adapt_costs(one)): 155
[t=3.45328s, 17604 KB] g=250, 47139 evaluated, 2195 expanded
[t=3.4594s, 17604 KB] New best heuristic value for ff(transform=adapt_costs(one)): 154
[t=3.4604s, 17604 KB] g=251, 47246 evaluated, 2197 expanded
[t=3.47932s, 17604 KB] New best heuristic value for ff(transform=adapt_costs(one)): 153
[t=3.48152s, 17604 KB] g=252, 47560 evaluated, 2199 expanded
[t=3.48726s, 17736 KB] New best heuristic value for ff(transform=adapt_costs(one)): 152
[t=3.4886s, 17736 KB] g=253, 47665 evaluated, 2201 expanded
[t=3.48864s, 17736 KB] New best heuristic value for ff(transform=adapt_costs(one)): 151
[t=3.48882s, 17736 KB] g=254, 47666 evaluated, 2203 expanded
[t=3.52311s, 17736 KB] New best heuristic value for ff(transform=adapt_costs(one)): 150
[t=3.52604s, 17736 KB] g=255, 48198 evaluated, 2221 expanded
[t=3.55498s, 17736 KB] New best heuristic value for ff(transform=adapt_costs(one)): 149
[t=3.55726s, 17736 KB] g=257, 48648 evaluated, 2256 expanded
[t=3.55729s, 17736 KB] New best heuristic value for ff(transform=adapt_costs(one)): 148
[t=3.55763s, 17736 KB] g=258, 48652 evaluated, 2257 expanded
[t=3.56286s, 17736 KB] New best heuristic value for ff(transform=adapt_costs(one)): 147
[t=3.56464s, 17736 KB] g=259, 48758 evaluated, 2258 expanded
[t=3.5828s, 17736 KB] New best heuristic value for ff(transform=adapt_costs(one)): 146
[t=3.58526s, 17736 KB] g=260, 49070 evaluated, 2260 expanded
[t=3.58529s, 17736 KB] New best heuristic value for ff(transform=adapt_costs(one)): 145
[t=3.58552s, 17736 KB] g=261, 49072 evaluated, 2262 expanded
[t=3.63468s, 17868 KB] New best heuristic value for ff(transform=adapt_costs(one)): 144
[t=3.63809s, 17868 KB] g=262, 49823 evaluated, 2295 expanded
[t=3.64257s, 17868 KB] New best heuristic value for ff(transform=adapt_costs(one)): 143
[t=3.64506s, 17868 KB] g=263, 49928 evaluated, 2297 expanded
[t=3.64509s, 17868 KB] New best heuristic value for ff(transform=adapt_costs(one)): 142
[t=3.64559s, 17868 KB] g=264, 49934 evaluated, 2299 expanded
[t=3.6585s, 17868 KB] New best heuristic value for ff(transform=adapt_costs(one)): 141
[t=3.66136s, 17868 KB] g=265, 50159 evaluated, 2317 expanded
[t=3.7184s, 17868 KB] New best heuristic value for ff(transform=adapt_costs(one)): 140
[t=3.71987s, 17868 KB] g=267, 51007 evaluated, 2351 expanded
[t=3.72633s, 17868 KB] New best heuristic value for ff(transform=adapt_costs(one)): 139
[t=3.72687s, 17868 KB] g=268, 51113 evaluated, 2353 expanded
[t=3.75423s, 18000 KB] New best heuristic value for ff(transform=adapt_costs(one)): 138
[t=3.75634s, 18000 KB] g=270, 51542 evaluated, 2373 expanded
[t=3.75638s, 18000 KB] New best heuristic value for ff(transform=adapt_costs(one)): 137
[t=3.75661s, 18000 KB] g=271, 51544 evaluated, 2375 expanded
[t=3.81409s, 18000 KB] New best heuristic value for ff(transform=adapt_costs(one)): 136
[t=3.81554s, 18000 KB] g=272, 52400 evaluated, 2409 expanded
[t=3.882s, 18132 KB] New best heuristic value for ff(transform=adapt_costs(one)): 135
[t=3.88355s, 18132 KB] g=274, 53361 evaluated, 2444 expanded
[t=3.88358s, 18132 KB] New best heuristic value for ff(transform=adapt_costs(one)): 134
[t=3.88384s, 18132 KB] g=275, 53364 evaluated, 2445 expanded
[t=3.89384s, 18132 KB] New best heuristic value for ff(transform=adapt_costs(one)): 133
[t=3.89722s, 18132 KB] g=276, 53572 evaluated, 2447 expanded
[t=3.89725s, 18132 KB] New best heuristic value for ff(transform=adapt_costs(one)): 132
[t=3.89742s, 18132 KB] g=277, 53573 evaluated, 2449 expanded
[t=3.90977s, 18132 KB] New best heuristic value for ff(transform=adapt_costs(one)): 131
[t=3.91224s, 18132 KB] g=278, 53785 evaluated, 2456 expanded
[t=3.93371s, 18132 KB] New best heuristic value for ff(transform=adapt_costs(one)): 130
[t=3.93519s, 18132 KB] g=280, 54120 evaluated, 2481 expanded
[t=3.93523s, 18132 KB] New best heuristic value for ff(transform=adapt_costs(one)): 129
[t=3.93567s, 18132 KB] g=281, 54125 evaluated, 2483 expanded
[t=3.98558s, 18132 KB] New best heuristic value for ff(transform=adapt_costs(one)): 128
[t=3.98802s, 18132 KB] g=282, 54873 evaluated, 2515 expanded
[t=3.99349s, 18132 KB] New best heuristic value for ff(transform=adapt_costs(one)): 127
[t=3.99501s, 18132 KB] g=283, 54980 evaluated, 2517 expanded
[t=4.0014s, 18132 KB] New best heuristic value for ff(transform=adapt_costs(one)): 126
[t=4.00207s, 18132 KB] g=284, 55088 evaluated, 2519 expanded
[t=4.0021s, 18132 KB] New best heuristic value for ff(transform=adapt_costs(one)): 125
[t=4.00222s, 18132 KB] g=285, 55089 evaluated, 2520 expanded
[t=4.03119s, 18264 KB] New best heuristic value for ff(transform=adapt_costs(one)): 124
[t=4.03272s, 18264 KB] g=286, 55530 evaluated, 2552 expanded
[t=4.03724s, 18264 KB] New best heuristic value for ff(transform=adapt_costs(one)): 123
[t=4.03951s, 18264 KB] g=287, 55635 evaluated, 2554 expanded
[t=4.03954s, 18264 KB] New best heuristic value for ff(transform=adapt_costs(one)): 122
[t=4.0397s, 18264 KB] g=288, 55636 evaluated, 2556 expanded
[t=4.07314s, 18264 KB] New best heuristic value for ff(transform=adapt_costs(one)): 121
[t=4.07672s, 18264 KB] g=289, 56173 evaluated, 2587 expanded
[t=4.08106s, 18264 KB] New best heuristic value for ff(transform=adapt_costs(one)): 120
[t=4.08349s, 18264 KB] g=290, 56278 evaluated, 2589 expanded
[t=4.14895s, 18396 KB] New best heuristic value for ff(transform=adapt_costs(one)): 119
[t=4.1497s, 18396 KB] g=292, 57243 evaluated, 2625 expanded
[t=4.15684s, 19424 KB] New best heuristic value for ff(transform=adapt_costs(one)): 118
[t=4.1604s, 19424 KB] g=293, 57348 evaluated, 2627 expanded
[t=4.16477s, 19424 KB] New best heuristic value for ff(transform=adapt_costs(one)): 117
[t=4.16791s, 19424 KB] g=294, 57453 evaluated, 2629 expanded
[t=4.17253s, 19424 KB] New best heuristic value for ff(transform=adapt_costs(one)): 116
[t=4.17531s, 19424 KB] g=295, 57562 evaluated, 2639 expanded
[t=4.17535s, 19424 KB] New best heuristic value for ff(transform=adapt_costs(one)): 115
[t=4.1755s, 19424 KB] g=296, 57563 evaluated, 2641 expanded
[t=4.21641s, 19424 KB] New best heuristic value for ff(transform=adapt_costs(one)): 114
[t=4.21974s, 19424 KB] g=297, 58213 evaluated, 2672 expanded
[t=4.21977s, 19424 KB] New best heuristic value for ff(transform=adapt_costs(one)): 113
[t=4.21991s, 19424 KB] g=298, 58214 evaluated, 2673 expanded
[t=4.25615s, 19424 KB] New best heuristic value for ff(transform=adapt_costs(one)): 112
[t=4.25648s, 19424 KB] g=299, 58759 evaluated, 2705 expanded
[t=4.25652s, 19424 KB] New best heuristic value for ff(transform=adapt_costs(one)): 111
[t=4.25688s, 19424 KB] g=300, 58763 evaluated, 2707 expanded
[t=4.30002s, 19424 KB] New best heuristic value for ff(transform=adapt_costs(one)): 110
[t=4.30047s, 19424 KB] g=301, 59404 evaluated, 2739 expanded
[t=4.30396s, 19424 KB] New best heuristic value for ff(transform=adapt_costs(one)): 109
[t=4.3075s, 19424 KB] g=302, 59514 evaluated, 2741 expanded
[t=4.3119s, 19424 KB] New best heuristic value for ff(transform=adapt_costs(one)): 108
[t=4.31426s, 19424 KB] g=303, 59620 evaluated, 2743 expanded
[t=4.31429s, 19424 KB] New best heuristic value for ff(transform=adapt_costs(one)): 107
[t=4.31442s, 19424 KB] g=304, 59621 evaluated, 2744 expanded
[t=4.32783s, 19424 KB] New best heuristic value for ff(transform=adapt_costs(one)): 106
[t=4.32854s, 19424 KB] g=305, 59833 evaluated, 2752 expanded
[t=4.32857s, 19424 KB] New best heuristic value for ff(transform=adapt_costs(one)): 105
[t=4.32876s, 19424 KB] g=306, 59835 evaluated, 2753 expanded
[t=4.33175s, 19424 KB] New best heuristic value for ff(transform=adapt_costs(one)): 104
[t=4.33535s, 19424 KB] g=307, 59939 evaluated, 2755 expanded
[t=4.34767s, 19424 KB] New best heuristic value for ff(transform=adapt_costs(one)): 103
[t=4.35017s, 19424 KB] g=308, 60157 evaluated, 2768 expanded
[t=4.35021s, 19424 KB] New best heuristic value for ff(transform=adapt_costs(one)): 102
[t=4.3507s, 19424 KB] g=309, 60163 evaluated, 2770 expanded
[t=4.38359s, 19424 KB] New best heuristic value for ff(transform=adapt_costs(one)): 101
[t=4.38673s, 19424 KB] g=310, 60698 evaluated, 2787 expanded
[t=4.38676s, 19424 KB] New best heuristic value for ff(transform=adapt_costs(one)): 100
[t=4.38698s, 19424 KB] g=311, 60700 evaluated, 2789 expanded
[t=4.44334s, 19424 KB] New best heuristic value for ff(transform=adapt_costs(one)): 99
[t=4.4457s, 19424 KB] g=312, 61554 evaluated, 2819 expanded
[t=4.45127s, 19424 KB] New best heuristic value for ff(transform=adapt_costs(one)): 98
[t=4.45248s, 19424 KB] g=313, 61660 evaluated, 2821 expanded
[t=4.48719s, 19424 KB] New best heuristic value for ff(transform=adapt_costs(one)): 97
[t=4.48786s, 19424 KB] g=315, 62189 evaluated, 2837 expanded
[t=4.4911s, 19424 KB] New best heuristic value for ff(transform=adapt_costs(one)): 96
[t=4.4947s, 19424 KB] g=316, 62294 evaluated, 2839 expanded
[t=4.53502s, 19424 KB] New best heuristic value for ff(transform=adapt_costs(one)): 95
[t=4.53784s, 19424 KB] g=317, 62939 evaluated, 2869 expanded
[t=4.54292s, 19424 KB] New best heuristic value for ff(transform=adapt_costs(one)): 94
[t=4.54452s, 19424 KB] g=318, 63045 evaluated, 2871 expanded
[t=4.55087s, 19424 KB] New best heuristic value for ff(transform=adapt_costs(one)): 93
[t=4.55204s, 19424 KB] g=319, 63149 evaluated, 2873 expanded
[t=4.59476s, 19424 KB] New best heuristic value for ff(transform=adapt_costs(one)): 92
[t=4.5967s, 19424 KB] g=320, 63794 evaluated, 2897 expanded
[t=4.59673s, 19424 KB] New best heuristic value for ff(transform=adapt_costs(one)): 91
[t=4.59703s, 19424 KB] g=321, 63797 evaluated, 2899 expanded
[t=4.63066s, 19424 KB] New best heuristic value for ff(transform=adapt_costs(one)): 90
[t=4.6336s, 19424 KB] g=322, 64331 evaluated, 2925 expanded
[t=4.63952s, 19424 KB] New best heuristic value for ff(transform=adapt_costs(one)): 89
[t=4.64062s, 19424 KB] g=323, 64440 evaluated, 2927 expanded
[t=4.65851s, 19444 KB] New best heuristic value for ff(transform=adapt_costs(one)): 88
[t=4.66056s, 19444 KB] g=324, 64753 evaluated, 2929 expanded
[t=4.67044s, 19444 KB] New best heuristic value for ff(transform=adapt_costs(one)): 87
[t=4.67407s, 19444 KB] g=325, 64963 evaluated, 2931 expanded
[t=4.67838s, 19444 KB] New best heuristic value for ff(transform=adapt_costs(one)): 86
[t=4.6808s, 19444 KB] g=326, 65070 evaluated, 2933 expanded
[t=4.68083s, 19444 KB] New best heuristic value for ff(transform=adapt_costs(one)): 85
[t=4.68097s, 19444 KB] g=327, 65071 evaluated, 2934 expanded
[t=4.69827s, 19444 KB] New best heuristic value for ff(transform=adapt_costs(one)): 84
[t=4.70074s, 19444 KB] g=328, 65383 evaluated, 2939 expanded
[t=4.70077s, 19444 KB] New best heuristic value for ff(transform=adapt_costs(one)): 83
[t=4.70112s, 19444 KB] g=329, 65387 evaluated, 2941 expanded
[t=4.71419s, 19444 KB] New best heuristic value for ff(transform=adapt_costs(one)): 82
[t=4.71563s, 19444 KB] g=330, 65606 evaluated, 2955 expanded
[t=4.72213s, 19444 KB] New best heuristic value for ff(transform=adapt_costs(one)): 81
[t=4.72277s, 19444 KB] g=331, 65712 evaluated, 2957 expanded
[t=4.75805s, 19444 KB] New best heuristic value for ff(transform=adapt_costs(one)): 80
[t=4.75884s, 19444 KB] g=332, 66247 evaluated, 2983 expanded
[t=4.76198s, 19444 KB] New best heuristic value for ff(transform=adapt_costs(one)): 79
[t=4.76575s, 19444 KB] g=333, 66352 evaluated, 2985 expanded
[t=4.76992s, 19444 KB] New best heuristic value for ff(transform=adapt_costs(one)): 78
[t=4.77232s, 19444 KB] g=334, 66458 evaluated, 2987 expanded
[t=4.78983s, 19576 KB] New best heuristic value for ff(transform=adapt_costs(one)): 77
[t=4.79155s, 19576 KB] g=335, 66768 evaluated, 2991 expanded
[t=4.79158s, 19576 KB] New best heuristic value for ff(transform=adapt_costs(one)): 76
[t=4.79192s, 19576 KB] g=336, 66772 evaluated, 2993 expanded
[t=4.80975s, 19576 KB] New best heuristic value for ff(transform=adapt_costs(one)): 75
[t=4.81328s, 19576 KB] g=337, 67096 evaluated, 3008 expanded
[t=4.84165s, 19576 KB] New best heuristic value for ff(transform=adapt_costs(one)): 74
[t=4.84193s, 19576 KB] g=339, 67543 evaluated, 3034 expanded
[t=4.84558s, 19576 KB] New best heuristic value for ff(transform=adapt_costs(one)): 73
[t=4.84866s, 19576 KB] g=340, 67652 evaluated, 3036 expanded
[t=4.90141s, 19708 KB] New best heuristic value for ff(transform=adapt_costs(one)): 72
[t=4.90334s, 19708 KB] g=342, 68501 evaluated, 3065 expanded
[t=4.90338s, 19708 KB] New best heuristic value for ff(transform=adapt_costs(one)): 71
[t=4.90367s, 19708 KB] g=343, 68504 evaluated, 3067 expanded
[t=4.91332s, 19708 KB] New best heuristic value for ff(transform=adapt_costs(one)): 70
[t=4.91651s, 19708 KB] g=344, 68714 evaluated, 3069 expanded
[t=4.92126s, 19708 KB] New best heuristic value for ff(transform=adapt_costs(one)): 69
[t=4.92337s, 19708 KB] g=345, 68819 evaluated, 3071 expanded
[t=4.9292s, 19708 KB] New best heuristic value for ff(transform=adapt_costs(one)): 68
[t=4.93011s, 19708 KB] g=346, 68925 evaluated, 3076 expanded
[t=4.93014s, 19708 KB] New best heuristic value for ff(transform=adapt_costs(one)): 67
[t=4.93025s, 19708 KB] g=347, 68926 evaluated, 3077 expanded
[t=4.95709s, 19708 KB] New best heuristic value for ff(transform=adapt_costs(one)): 66
[t=4.95953s, 19708 KB] g=348, 69364 evaluated, 3101 expanded
[t=4.96898s, 19708 KB] New best heuristic value for ff(transform=adapt_costs(one)): 65
[t=4.97309s, 19708 KB] g=349, 69573 evaluated, 3103 expanded
[t=4.97312s, 19708 KB] New best heuristic value for ff(transform=adapt_costs(one)): 64
[t=4.97326s, 19708 KB] g=350, 69574 evaluated, 3104 expanded
[t=4.98838s, 19708 KB] New best heuristic value for ff(transform=adapt_costs(one)): 63
[t=4.98871s, 19708 KB] g=351, 69800 evaluated, 3124 expanded
[t=4.99279s, 19708 KB] New best heuristic value for ff(transform=adapt_costs(one)): 62
[t=4.99532s, 19708 KB] g=352, 69907 evaluated, 3126 expanded
[t=5.00073s, 19708 KB] New best heuristic value for ff(transform=adapt_costs(one)): 61
[t=5.00171s, 19708 KB] g=353, 70012 evaluated, 3127 expanded
[t=5.03667s, 19844 KB] New best heuristic value for ff(transform=adapt_costs(one)): 60
[t=5.03745s, 19844 KB] g=355, 70554 evaluated, 3151 expanded
[t=5.03749s, 19844 KB] New best heuristic value for ff(transform=adapt_costs(one)): 59
[t=5.03783s, 19844 KB] g=356, 70558 evaluated, 3153 expanded
[t=5.04855s, 19844 KB] New best heuristic value for ff(transform=adapt_costs(one)): 58
[t=5.05057s, 19844 KB] g=357, 70771 evaluated, 3155 expanded
[t=5.05645s, 19844 KB] New best heuristic value for ff(transform=adapt_costs(one)): 57
[t=5.05693s, 19844 KB] g=358, 70876 evaluated, 3157 expanded
[t=5.05696s, 19844 KB] New best heuristic value for ff(transform=adapt_costs(one)): 56
[t=5.0572s, 19844 KB] g=359, 70878 evaluated, 3159 expanded
[t=5.06039s, 19844 KB] New best heuristic value for ff(transform=adapt_costs(one)): 55
[t=5.0635s, 19844 KB] g=360, 70982 evaluated, 3161 expanded
[t=5.06353s, 19844 KB] New best heuristic value for ff(transform=adapt_costs(one)): 54
[t=5.06393s, 19844 KB] g=361, 70987 evaluated, 3163 expanded
[t=5.10827s, 19844 KB] New best heuristic value for ff(transform=adapt_costs(one)): 53
[t=5.1111s, 19844 KB] g=362, 71720 evaluated, 3181 expanded
[t=5.14817s, 19980 KB] New best heuristic value for ff(transform=adapt_costs(one)): 52
[t=5.15086s, 19980 KB] g=364, 72365 evaluated, 3207 expanded
[t=5.15089s, 19980 KB] New best heuristic value for ff(transform=adapt_costs(one)): 51
[t=5.15131s, 19980 KB] g=365, 72370 evaluated, 3209 expanded
[t=5.15607s, 19980 KB] New best heuristic value for ff(transform=adapt_costs(one)): 50
[t=5.15822s, 19980 KB] g=366, 72485 evaluated, 3211 expanded
[t=5.17603s, 19980 KB] New best heuristic value for ff(transform=adapt_costs(one)): 49
[t=5.17786s, 19980 KB] g=367, 72791 evaluated, 3219 expanded
[t=5.18396s, 19980 KB] New best heuristic value for ff(transform=adapt_costs(one)): 48
[t=5.18515s, 19980 KB] g=368, 72907 evaluated, 3221 expanded
[t=5.20788s, 19980 KB] New best heuristic value for ff(transform=adapt_costs(one)): 47
[t=5.21068s, 19980 KB] g=369, 73326 evaluated, 3237 expanded
[t=5.21071s, 19980 KB] New best heuristic value for ff(transform=adapt_costs(one)): 46
[t=5.21141s, 19980 KB] g=370, 73337 evaluated, 3238 expanded
[t=5.2278s, 19980 KB] New best heuristic value for ff(transform=adapt_costs(one)): 45
[t=5.23184s, 19980 KB] g=371, 73651 evaluated, 3257 expanded
[t=5.23762s, 19980 KB] New best heuristic value for ff(transform=adapt_costs(one)): 44
[t=5.23902s, 19980 KB] g=372, 73765 evaluated, 3259 expanded
[t=5.26363s, 20116 KB] New best heuristic value for ff(transform=adapt_costs(one)): 43
[t=5.26588s, 20116 KB] g=373, 74181 evaluated, 3277 expanded
[t=5.27957s, 20116 KB] New best heuristic value for ff(transform=adapt_costs(one)): 42
[t=5.28124s, 20116 KB] g=375, 74408 evaluated, 3296 expanded
[t=5.28128s, 20116 KB] New best heuristic value for ff(transform=adapt_costs(one)): 41
[t=5.2815s, 20116 KB] g=376, 74410 evaluated, 3298 expanded
[t=5.28746s, 20116 KB] New best heuristic value for ff(transform=adapt_costs(one)): 40
[t=5.28855s, 20116 KB] g=377, 74527 evaluated, 3300 expanded
[t=5.29139s, 20116 KB] New best heuristic value for ff(transform=adapt_costs(one)): 39
[t=5.29448s, 20116 KB] g=378, 74625 evaluated, 3305 expanded
[t=5.31935s, 20116 KB] New best heuristic value for ff(transform=adapt_costs(one)): 38
[t=5.32035s, 20116 KB] g=380, 75058 evaluated, 3324 expanded
[t=5.32729s, 20116 KB] New best heuristic value for ff(transform=adapt_costs(one)): 37
[t=5.32838s, 20116 KB] g=381, 75174 evaluated, 3326 expanded
[t=5.3472s, 20116 KB] New best heuristic value for ff(transform=adapt_costs(one)): 36
[t=5.34927s, 20116 KB] g=382, 75490 evaluated, 3344 expanded
[t=5.3493s, 20116 KB] New best heuristic value for ff(transform=adapt_costs(one)): 35
[t=5.35005s, 20116 KB] g=383, 75501 evaluated, 3346 expanded
[t=5.36711s, 20248 KB] New best heuristic value for ff(transform=adapt_costs(one)): 34
[t=5.37036s, 20248 KB] g=384, 75809 evaluated, 3356 expanded
[t=5.37039s, 20248 KB] New best heuristic value for ff(transform=adapt_costs(one)): 33
[t=5.37109s, 20248 KB] g=385, 75819 evaluated, 3358 expanded
[t=5.38302s, 20248 KB] New best heuristic value for ff(transform=adapt_costs(one)): 32
[t=5.38572s, 20248 KB] g=386, 76036 evaluated, 3375 expanded
[t=5.38575s, 20248 KB] New best heuristic value for ff(transform=adapt_costs(one)): 31
[t=5.38599s, 20248 KB] g=387, 76038 evaluated, 3377 expanded
[t=5.39091s, 20248 KB] New best heuristic value for ff(transform=adapt_costs(one)): 30
[t=5.39276s, 20248 KB] g=388, 76152 evaluated, 3379 expanded
[t=5.40287s, 20248 KB] New best heuristic value for ff(transform=adapt_costs(one)): 29
[t=5.40509s, 20248 KB] g=389, 76350 evaluated, 3383 expanded
[t=5.40512s, 20248 KB] New best heuristic value for ff(transform=adapt_costs(one)): 28
[t=5.40583s, 20248 KB] g=390, 76360 evaluated, 3385 expanded
[t=5.42278s, 20248 KB] New best heuristic value for ff(transform=adapt_costs(one)): 27
[t=5.42566s, 20248 KB] g=391, 76670 evaluated, 3393 expanded
[t=5.42569s, 20248 KB] New best heuristic value for ff(transform=adapt_costs(one)): 26
[t=5.42655s, 20248 KB] g=392, 76683 evaluated, 3395 expanded
[t=5.44267s, 20248 KB] New best heuristic value for ff(transform=adapt_costs(one)): 25
[t=5.44618s, 20248 KB] g=393, 76996 evaluated, 3408 expanded
[t=5.45057s, 20248 KB] New best heuristic value for ff(transform=adapt_costs(one)): 24
[t=5.45241s, 20248 KB] g=394, 77102 evaluated, 3410 expanded
[t=5.45244s, 20248 KB] New best heuristic value for ff(transform=adapt_costs(one)): 23
[t=5.4531s, 20248 KB] g=395, 77112 evaluated, 3412 expanded
[t=5.4585s, 20248 KB] New best heuristic value for ff(transform=adapt_costs(one)): 22
[t=5.45893s, 20248 KB] g=396, 77210 evaluated, 3418 expanded
[t=5.45949s, 20248 KB] New best heuristic value for ff(transform=adapt_costs(one)): 21
[t=5.4597s, 20248 KB] g=397, 77221 evaluated, 3420 expanded
[t=5.46242s, 20248 KB] New best heuristic value for ff(transform=adapt_costs(one)): 20
[t=5.46599s, 20248 KB] g=398, 77326 evaluated, 3430 expanded
[t=5.47039s, 20248 KB] New best heuristic value for ff(transform=adapt_costs(one)): 19
[t=5.47214s, 20248 KB] g=399, 77432 evaluated, 3432 expanded
[t=5.47217s, 20248 KB] New best heuristic value for ff(transform=adapt_costs(one)): 18
[t=5.47279s, 20248 KB] g=400, 77442 evaluated, 3433 expanded
[t=5.47433s, 20248 KB] New best heuristic value for ff(transform=adapt_costs(one)): 17
[t=5.47834s, 20248 KB] g=401, 77538 evaluated, 3436 expanded
[t=5.47837s, 20380 KB] New best heuristic value for ff(transform=adapt_costs(one)): 16
[t=5.47908s, 20380 KB] g=402, 77549 evaluated, 3438 expanded
[t=5.50225s, 20380 KB] New best heuristic value for ff(transform=adapt_costs(one)): 15
[t=5.50519s, 20380 KB] g=403, 77960 evaluated, 3448 expanded
[t=5.50522s, 20380 KB] New best heuristic value for ff(transform=adapt_costs(one)): 14
[t=5.5057s, 20380 KB] g=404, 77966 evaluated, 3450 expanded
[t=5.52216s, 20380 KB] New best heuristic value for ff(transform=adapt_costs(one)): 13
[t=5.52373s, 20380 KB] g=405, 78278 evaluated, 3452 expanded
[t=5.52608s, 20380 KB] New best heuristic value for ff(transform=adapt_costs(one)): 12
[t=5.52985s, 20380 KB] g=406, 78384 evaluated, 3454 expanded
[t=5.53004s, 20380 KB] New best heuristic value for ff(transform=adapt_costs(one)): 11
[t=5.53054s, 20380 KB] g=407, 78394 evaluated, 3456 expanded
[t=5.53401s, 20380 KB] New best heuristic value for ff(transform=adapt_costs(one)): 10
[t=5.53589s, 20380 KB] g=408, 78488 evaluated, 3457 expanded
[t=5.53636s, 20380 KB] New best heuristic value for ff(transform=adapt_costs(one)): 9
[t=5.53698s, 20380 KB] g=409, 78506 evaluated, 3458 expanded
[t=5.54192s, 20380 KB] New best heuristic value for ff(transform=adapt_costs(one)): 8
[t=5.54208s, 20380 KB] g=410, 78595 evaluated, 3460 expanded
[t=5.55231s, 20380 KB] New best heuristic value for ff(transform=adapt_costs(one)): 7
[t=5.55271s, 20380 KB] g=411, 78765 evaluated, 3462 expanded
[t=5.55382s, 20380 KB] New best heuristic value for ff(transform=adapt_costs(one)): 6
[t=5.55522s, 20380 KB] g=412, 78806 evaluated, 3467 expanded
[t=5.55525s, 20380 KB] New best heuristic value for ff(transform=adapt_costs(one)): 5
[t=5.55557s, 20380 KB] g=413, 78810 evaluated, 3469 expanded
[t=5.56577s, 20380 KB] New best heuristic value for ff(transform=adapt_costs(one)): 4
[t=5.56723s, 20380 KB] g=414, 79019 evaluated, 3471 expanded
[t=5.56972s, 20380 KB] New best heuristic value for ff(transform=adapt_costs(one)): 3
[t=5.571s, 20380 KB] g=415, 79085 evaluated, 3473 expanded
[t=5.57758s, 20512 KB] New best heuristic value for ff(transform=adapt_costs(one)): 2
[t=5.5806s, 20512 KB] g=416, 79227 evaluated, 3475 expanded
[t=5.58548s, 20512 KB] New best heuristic value for ff(transform=adapt_costs(one)): 1
[t=5.58596s, 20512 KB] g=417, 79322 evaluated, 3477 expanded
[t=5.58599s, 20512 KB] New best heuristic value for ff(transform=adapt_costs(one)): 0
[t=5.5866s, 20512 KB] g=418, 79332 evaluated, 3478 expanded
[t=5.58663s, 20512 KB] Solution found!
[t=5.58666s, 20512 KB] Actual search time: 5.55363s
board f0 p33 (1)
up f0 f1 (1)
board f1 p95 (1)
up f1 f10 (1)
board f10 p17 (1)
up f10 f28 (1)
board f28 p78 (1)
down f28 f1 (1)
depart f1 p17 (1)
up f1 f100 (1)
board f100 p0 (1)
down f100 f16 (1)
board f16 p8 (1)
up f16 f76 (1)
board f76 p47 (1)
down f76 f0 (1)
depart f0 p0 (1)
up f0 f101 (1)
board f101 p102 (1)
board f101 p39 (1)
board f101 p4 (1)
board f101 p66 (1)
down f101 f15 (1)
board f15 p1 (1)
board f15 p30 (1)
board f15 p97 (1)
down f15 f11 (1)
board f11 p117 (1)
down f11 f3 (1)
board f3 p31 (1)
board f3 p58 (1)
board f3 p59 (1)
up f3 f103 (1)
board f103 p24 (1)
board f103 p72 (1)
down f103 f1 (1)
depart f1 p72 (1)
up f1 f12 (1)
board f12 p40 (1)
board f12 p55 (1)
board f12 p7 (1)
depart f12 p1 (1)
down f12 f4 (1)
board f4 p113 (1)
up f4 f14 (1)
board f14 p73 (1)
down f14 f5 (1)
board f5 p26 (1)
board f5 p69 (1)
up f5 f32 (1)
board f32 p16 (1)
board f32 p52 (1)
board f32 p71 (1)
board f32 p89 (1)
down f32 f18 (1)
board f18 p109 (1)
down f18 f6 (1)
board f6 p90 (1)
depart f6 p52 (1)
up f6 f19 (1)
depart f19 p24 (1)
down f19 f7 (1)
board f7 p129 (1)
up f7 f20 (1)
board f20 p19 (1)
board f20 p81 (1)
depart f20 p8 (1)
up f20 f89 (1)
board f89 p42 (1)
down f89 f21 (1)
board f21 p122 (1)
board f21 p65 (1)
down f21 f1 (1)
depart f1 p122 (1)
up f1 f22 (1)
board f22 p43 (1)
board f22 p64 (1)
board f22 p87 (1)
down f22 f13 (1)
depart f13 p64 (1)
down f13 f8 (1)
board f8 p63 (1)
depart f8 p55 (1)
up f8 f23 (1)
board f23 p130 (1)
board f23 p70 (1)
depart f23 p31 (1)
down f23 f18 (1)
depart f18 p70 (1)
up f18 f83 (1)
board f83 p126 (1)
board f83 p45 (1)
board f83 p48 (1)
depart f83 p73 (1)
down f83 f24 (1)
board f24 p37 (1)
depart f24 p130 (1)
down f24 f8 (1)
depart f8 p48 (1)
up f8 f100 (1)
depart f100 p126 (1)
down f100 f25 (1)
board f25 p14 (1)
up f25 f26 (1)
board f26 p100 (1)
down f26 f17 (1)
depart f17 p100 (1)
up f17 f27 (1)
board f27 p107 (1)
board f27 p20 (1)
depart f27 p7 (1)
up f27 f28 (1)
depart f28 p40 (1)
up f28 f29 (1)
board f29 p101 (1)
board f29 p103 (1)
board f29 p11 (1)
board f29 p49 (1)
depart f29 p30 (1)
down f29 f0 (1)
depart f0 p49 (1)
up f0 f18 (1)
depart f18 p11 (1)
up f18 f30 (1)
depart f30 p89 (1)
up f30 f31 (1)
board f31 p25 (1)
down f31 f28 (1)
depart f28 p25 (1)
up f28 f32 (1)
depart f32 p14 (1)
up f32 f33 (1)
board f33 p114 (1)
up f33 f72 (1)
board f72 p127 (1)
board f72 p23 (1)
depart f72 p59 (1)
down f72 f34 (1)
depart f34 p39 (1)
depart f34 p103 (1)
up f34 f41 (1)
board f41 p115 (1)
board f41 p94 (1)
down f41 f14 (1)
depart f14 p94 (1)
up f14 f35 (1)
depart f35 p115 (1)
up f35 f38 (1)
board f38 p79 (1)
down f38 f27 (1)
depart f27 p79 (1)
up f27 f40 (1)
board f40 p82 (1)
up f40 f42 (1)
board f42 p6 (1)
depart f42 p82 (1)
down f42 f19 (1)
depart f19 p6 (1)
up f19 f54 (1)
board f54 p83 (1)
down f54 f4 (1)
depart f4 p83 (1)
up f4 f45 (1)
board f45 p67 (1)
depart f45 p63 (1)
down f45 f29 (1)
depart f29 p67 (1)
up f29 f46 (1)
board f46 p27 (1)
depart f46 p37 (1)
down f46 f29 (1)
depart f29 p27 (1)
up f29 f81 (1)
board f81 p56 (1)
down f81 f47 (1)
board f47 p5 (1)
board f47 p84 (1)
depart f47 p69 (1)
down f47 f5 (1)
depart f5 p56 (1)
up f5 f48 (1)
board f48 p12 (1)
board f48 p125 (1)
down f48 f0 (1)
depart f0 p12 (1)
up f0 f49 (1)
board f49 p96 (1)
depart f49 p81 (1)
down f49 f22 (1)
depart f22 p96 (1)
up f22 f50 (1)
board f50 p91 (1)
up f50 f51 (1)
board f51 p75 (1)
board f51 p85 (1)
board f51 p9 (1)
depart f51 p102 (1)
down f51 f20 (1)
depart f20 p75 (1)
up f20 f52 (1)
board f52 p111 (1)
board f52 p80 (1)
down f52 f42 (1)
depart f42 p111 (1)
up f42 f53 (1)
board f53 p10 (1)
depart f53 p87 (1)
depart f53 p125 (1)
up f53 f55 (1)
board f55 p120 (1)
board f55 p77 (1)
depart f55 p19 (1)
down f55 f17 (1)
depart f17 p77 (1)
up f17 f35 (1)
depart f35 p120 (1)
up f35 f56 (1)
board f56 p3 (1)
down f56 f43 (1)
depart f43 p3 (1)
up f43 f94 (1)
board f94 p21 (1)
board f94 p99 (1)
depart f94 p95 (1)
down f94 f59 (1)
board f59 p38 (1)
depart f59 p80 (1)
down f59 f58 (1)
depart f58 p113 (1)
up f58 f60 (1)
depart f60 p84 (1)
depart f60 p33 (1)
depart f60 p26 (1)
up f60 f61 (1)
board f61 p28 (1)
board f61 p88 (1)
down f61 f12 (1)
depart f12 p88 (1)
down f12 f7 (1)
depart f7 p28 (1)
up f7 f62 (1)
board f62 p15 (1)
board f62 p22 (1)
down f62 f2 (1)
depart f2 p22 (1)
up f2 f21 (1)
depart f21 p15 (1)
up f21 f63 (1)
board f63 p104 (1)
board f63 p128 (1)
board f63 p41 (1)
depart f63 p78 (1)
depart f63 p5 (1)
down f63 f38 (1)
depart f38 p104 (1)
up f38 f64 (1)
board f64 p105 (1)
board f64 p13 (1)
board f64 p98 (1)
depart f64 p4 (1)
up f64 f65 (1)
board f65 p62 (1)
depart f65 p117 (1)
down f65 f38 (1)
depart f38 p62 (1)
up f38 f66 (1)
board f66 p61 (1)
depart f66 p13 (1)
down f66 f35 (1)
depart f35 p61 (1)
up f35 f67 (1)
depart f67 p20 (1)
up f67 f73 (1)
board f73 p57 (1)
board f73 p74 (1)
depart f73 p129 (1)
down f73 f17 (1)
depart f17 p74 (1)
up f17 f38 (1)
depart f38 p57 (1)
up f38 f68 (1)
board f68 p108 (1)
depart f68 p43 (1)
depart f68 p107 (1)
up f68 f69 (1)
depart f69 p21 (1)
depart f69 p105 (1)
up f69 f70 (1)
depart f70 p98 (1)
depart f70 p85 (1)
up f70 f74 (1)
board f74 p92 (1)
depart f74 p114 (1)
down f74 f2 (1)
depart f2 p92 (1)
up f2 f75 (1)
board f75 p60 (1)
up f75 f76 (1)
depart f76 p128 (1)
up f76 f77 (1)
depart f77 p47 (1)
depart f77 p16 (1)
depart f77 p127 (1)
up f77 f99 (1)
board f99 p119 (1)
board f99 p50 (1)
down f99 f32 (1)
depart f32 p119 (1)
down f32 f8 (1)
depart f8 p50 (1)
up f8 f78 (1)
board f78 p121 (1)
board f78 p86 (1)
down f78 f49 (1)
depart f49 p121 (1)
up f49 f79 (1)
board f79 p93 (1)
depart f79 p23 (1)
down f79 f78 (1)
depart f78 p93 (1)
up f78 f80 (1)
board f80 p34 (1)
board f80 p76 (1)
depart f80 p9 (1)
depart f80 p71 (1)
depart f80 p101 (1)
down f80 f14 (1)
depart f14 p76 (1)
up f14 f20 (1)
depart f20 p34 (1)
up f20 f82 (1)
board f82 p18 (1)
board f82 p32 (1)
down f82 f13 (1)
depart f13 p32 (1)
up f13 f66 (1)
depart f66 p18 (1)
up f66 f83 (1)
depart f83 p86 (1)
depart f83 p108 (1)
up f83 f84 (1)
board f84 p124 (1)
board f84 p54 (1)
depart f84 p90 (1)
down f84 f18 (1)
depart f18 p54 (1)
up f18 f85 (1)
depart f85 p66 (1)
depart f85 p42 (1)
up f85 f86 (1)
depart f86 p91 (1)
depart f86 p60 (1)
depart f86 p109 (1)
up f86 f87 (1)
board f87 p46 (1)
board f87 p53 (1)
depart f87 p99 (1)
depart f87 p124 (1)
down f87 f0 (1)
depart f0 p53 (1)
up f0 f83 (1)
depart f83 p46 (1)
up f83 f88 (1)
board f88 p36 (1)
board f88 p51 (1)
down f88 f52 (1)
depart f52 p51 (1)
up f52 f81 (1)
depart f81 p36 (1)
up f81 f89 (1)
depart f89 p10 (1)
up f89 f90 (1)
depart f90 p97 (1)
up f90 f91 (1)
board f91 p35 (1)
board f91 p68 (1)
down f91 f5 (1)
depart f5 p68 (1)
up f5 f83 (1)
depart f83 p35 (1)
up f83 f92 (1)
board f92 p116 (1)
down f92 f70 (1)
depart f70 p116 (1)
up f70 f93 (1)
board f93 p123 (1)
board f93 p44 (1)
down f93 f4 (1)
depart f4 p44 (1)
up f4 f66 (1)
depart f66 p123 (1)
up f66 f95 (1)
board f95 p29 (1)
depart f95 p58 (1)
down f95 f86 (1)
depart f86 p29 (1)
up f86 f96 (1)
board f96 p2 (1)
depart f96 p38 (1)
down f96 f5 (1)
depart f5 p2 (1)
up f5 f97 (1)
board f97 p110 (1)
board f97 p118 (1)
depart f97 p65 (1)
depart f97 p41 (1)
down f97 f17 (1)
depart f17 p118 (1)
up f17 f100 (1)
depart f100 p110 (1)
down f100 f98 (1)
board f98 p106 (1)
board f98 p112 (1)
depart f98 p45 (1)
down f98 f67 (1)
depart f67 p112 (1)
up f67 f90 (1)
depart f90 p106 (1)
[t=5.58675s, 20512 KB] Plan length: 418 step(s).
[t=5.58675s, 20512 KB] Plan cost: 418
[t=5.58675s, 20512 KB] Timestamp: 1685458510157 millisecond(s).
[t=5.58675s, 20512 KB] Expanded 3479 state(s).
[t=5.58675s, 20512 KB] Reopened 0 state(s).
[t=5.58675s, 20512 KB] Evaluated 79332 state(s).
[t=5.58675s, 20512 KB] Evaluations: 79332
[t=5.58675s, 20512 KB] Generated 363465 state(s).
[t=5.58675s, 20512 KB] Dead ends: 0 state(s).
[t=5.58675s, 20512 KB] Number of registered states: 79332
[t=5.58675s, 20512 KB] Int hash set load factor: 79332/131072 = 0.605255
[t=5.58675s, 20512 KB] Int hash set resizes: 17
[t=5.58675s, 20512 KB] Search time: 5.55405s
[t=5.58675s, 20512 KB] Total time: 5.58675s
Solution found.
Peak memory: 20512 KB
Remove intermediate file output.sas
search exit code: 0

INFO     Running validate.
INFO     validate stdin: None
INFO     validate time limit: None
INFO     validate memory limit: None
INFO     validate command line string: validate domain.pddl problem.pddl sas_plan
Checking plan: sas_plan
Plan executed successfully - checking goal
Plan valid
Final value: 418 

Successful plans:
Value: 418
 sas_plan 418 

validate exit code: 0

INFO     Planner time: 6.54s
