INFO     planner time limit: 900s
INFO     planner memory limit: 3584 MB

INFO     Running translator.
INFO     translator stdin: None
INFO     translator time limit: 899s
INFO     translator memory limit: 3584 MB
INFO     translator command line string: /usr/local/downward-projects/downward/experiments/.venv/bin/python3 /usr/local/downward-projects/downward/experiments/src/thesis/data/thesis-thesis_exp/code-f7a4f68fd467cf7cff4d3dfcfdfcfa2023e44324_e5e41175/builds/release/bin/translate/translate.py domain.pddl problem.pddl --sas-file output.sas
Parsing...
Parsing: [0.010s CPU, 0.008s wall-clock]
Normalizing task... [0.000s CPU, 0.000s wall-clock]
Instantiating...
Generating Datalog program... [0.000s CPU, 0.001s wall-clock]
Normalizing Datalog program...
Normalizing Datalog program: [0.000s CPU, 0.001s wall-clock]
Preparing model... [0.000s CPU, 0.004s wall-clock]
Generated 26 rules.
Computing model... [0.220s CPU, 0.219s wall-clock]
21626 relevant atoms
17646 auxiliary atoms
39272 final queue length
75742 total queue pushes
Completing instantiation... [0.780s CPU, 0.792s wall-clock]
Instantiating: [1.030s CPU, 1.028s wall-clock]
Computing fact groups...
Finding invariants...
9 initial candidates
Finding invariants: [0.010s CPU, 0.010s wall-clock]
Checking invariant weight... [0.000s CPU, 0.000s wall-clock]
Instantiating groups... [0.000s CPU, 0.003s wall-clock]
Collecting mutex groups... [0.000s CPU, 0.001s wall-clock]
Choosing groups...
0 uncovered facts
Choosing groups: [0.010s CPU, 0.002s wall-clock]
Building translation key... [0.000s CPU, 0.001s wall-clock]
Computing fact groups: [0.020s CPU, 0.024s wall-clock]
Building STRIPS to SAS dictionary... [0.000s CPU, 0.001s wall-clock]
Building dictionary for full mutex groups... [0.000s CPU, 0.000s wall-clock]
Building mutex information...
Building mutex information: [0.000s CPU, 0.000s wall-clock]
Translating task...
Processing axioms...
Simplifying axioms... [0.000s CPU, 0.000s wall-clock]
Translator axioms removed by simplifying: 0
Computing negative axioms... [0.000s CPU, 0.000s wall-clock]
Processing axioms: [0.040s CPU, 0.039s wall-clock]
Translating task: [0.660s CPU, 0.672s wall-clock]
0 effect conditions simplified
0 implied preconditions added
Detecting unreachable propositions...
0 operators removed
0 axioms removed
16 propositions removed
Detecting unreachable propositions: [0.450s CPU, 0.438s wall-clock]
Reordering and filtering variables...
16 of 16 variables necessary.
0 of 16 mutex groups necessary.
19400 of 19400 operators necessary.
0 of 0 axiom rules necessary.
Reordering and filtering variables: [0.070s CPU, 0.065s wall-clock]
Translator variables: 16
Translator derived variables: 0
Translator facts: 1378
Translator goal facts: 12
Translator mutex groups: 0
Translator total mutex groups size: 0
Translator operators: 19400
Translator axioms: 0
Translator task size: 114902
Translator peak memory: 109800 KB
Writing output... [0.090s CPU, 0.086s wall-clock]
Done! [2.360s CPU, 2.356s wall-clock]
translate exit code: 0

INFO     Running search (release).
INFO     search stdin: output.sas
INFO     search time limit: 897s
INFO     search memory limit: 3584 MB
INFO     search command line string: /usr/local/downward-projects/downward/experiments/src/thesis/data/thesis-thesis_exp/code-f7a4f68fd467cf7cff4d3dfcfdfcfa2023e44324_e5e41175/builds/release/bin/downward --evaluator 'h=ff()' --search 'eager(epsilon_greedy(h, epsilon=0.2))' --internal-plan-file sas_plan < output.sas
[t=0s, 11000 KB] reading input...
[t=0.0639051s, 17300 KB] done reading input!
[t=0.0718414s, 19524 KB] Simplifying 37832 unary operators... done! [37832 unary operators]
[t=0.10504s, 22872 KB] time to simplify: 0.0354031s
[t=0.107959s, 22872 KB] Initializing additive heuristic...
[t=0.108781s, 22872 KB] Initializing FF heuristic...
[t=0.108811s, 22872 KB] Building successor generator...done!
[t=0.116477s, 23624 KB] peak memory difference for successor generator creation: 752 KB
[t=0.116556s, 23624 KB] time for successor generation creation: 0.0062407s
[t=0.116582s, 23624 KB] Variables: 16
[t=0.116612s, 23624 KB] FactPairs: 1378
[t=0.116635s, 23624 KB] Bytes per state: 16
[t=0.116661s, 23624 KB] Conducting best first search without reopening closed nodes, (real) bound = 2147483647
[t=0.116719s, 23624 KB] New best heuristic value for ff(): 1415
[t=0.117854s, 23624 KB] g=0, 1 evaluated, 0 expanded
[t=0.117883s, 23624 KB] Initial heuristic value for ff(): 1415
[t=0.117911s, 23624 KB] pruning method: none
[t=0.117936s, 23624 KB] Start Timestep: 1684379938858 millisecond(s).
[t=0.122984s, 23624 KB] New best heuristic value for ff(): 1406
[t=0.124668s, 23624 KB] g=17, 10 evaluated, 1 expanded
[t=0.130929s, 23624 KB] New best heuristic value for ff(): 1380
[t=0.131457s, 23624 KB] g=32, 19 evaluated, 2 expanded
[t=0.138874s, 23624 KB] New best heuristic value for ff(): 1340
[t=0.140608s, 23624 KB] g=69, 31 evaluated, 4 expanded
[t=0.146819s, 23624 KB] New best heuristic value for ff(): 1322
[t=0.147733s, 23624 KB] g=96, 40 evaluated, 5 expanded
[t=0.150776s, 23624 KB] New best heuristic value for ff(): 1295
[t=0.150874s, 23624 KB] g=91, 44 evaluated, 5 expanded
[t=0.162537s, 23624 KB] New best heuristic value for ff(): 978
[t=0.163344s, 23624 KB] g=244, 60 evaluated, 7 expanded
[t=0.254218s, 23624 KB] New best heuristic value for ff(): 977
[t=0.256797s, 23624 KB] g=302, 194 evaluated, 32 expanded
[t=0.270132s, 23624 KB] New best heuristic value for ff(): 965
[t=0.271113s, 23624 KB] g=315, 210 evaluated, 33 expanded
[t=0.278059s, 23624 KB] New best heuristic value for ff(): 964
[t=0.28059s, 23624 KB] g=316, 221 evaluated, 34 expanded
[t=0.905571s, 23624 KB] New best heuristic value for ff(): 963
[t=0.906266s, 23624 KB] g=446, 1018 evaluated, 162 expanded
[t=1.21573s, 23624 KB] New best heuristic value for ff(): 954
[t=1.21956s, 23624 KB] g=596, 1385 evaluated, 232 expanded
[t=6.26794s, 23624 KB] New best heuristic value for ff(): 946
[t=6.2683s, 23624 KB] g=839, 7835 evaluated, 1529 expanded
[t=6.30249s, 23624 KB] New best heuristic value for ff(): 925
[t=6.30312s, 23624 KB] g=1026, 7876 evaluated, 1537 expanded
[t=18.3802s, 24312 KB] New best heuristic value for ff(): 921
[t=18.3809s, 24312 KB] g=1799, 23033 evaluated, 4693 expanded
[t=57.3979s, 27220 KB] New best heuristic value for ff(): 920
[t=57.3987s, 27220 KB] g=1881, 75080 evaluated, 14186 expanded
[t=69.1984s, 28896 KB] New best heuristic value for ff(): 912
[t=69.1987s, 28896 KB] g=1433, 91503 evaluated, 16877 expanded
[t=69.2077s, 28896 KB] New best heuristic value for ff(): 911
[t=69.2085s, 28896 KB] g=1434, 91517 evaluated, 16878 expanded
[t=69.4086s, 28896 KB] New best heuristic value for ff(): 899
[t=69.4093s, 28896 KB] g=1487, 91770 evaluated, 16916 expanded
[t=74.8732s, 28896 KB] New best heuristic value for ff(): 883
[t=74.8742s, 28896 KB] g=1542, 98612 evaluated, 18156 expanded
Peak memory: 92528 KB
caught signal 24 -- exiting
Time limit has been reached.
Remove intermediate file output.sas
search exit code: 23

Driver aborting after search
INFO     Planner time: 895.86s
