INFO     planner time limit: 900s
INFO     planner memory limit: 3584 MB

INFO     Running translator.
INFO     translator stdin: None
INFO     translator time limit: 899s
INFO     translator memory limit: 3584 MB
INFO     translator command line string: /usr/local/downward-projects/downward/experiments/assign3/.venv/bin/python3 /usr/local/downward-projects/downward/experiments/assign3/data/assign3-anytime_exp/code-fe4f0f1bb525c059c1938ac01bab1b7bae200873_e5e41175/builds/release/bin/translate/translate.py domain.pddl problem.pddl --sas-file output.sas
Parsing...
Parsing: [0.000s CPU, 0.002s wall-clock]
Normalizing task... [0.000s CPU, 0.000s wall-clock]
Instantiating...
Generating Datalog program... [0.000s CPU, 0.000s wall-clock]
Normalizing Datalog program...
Normalizing Datalog program: [0.000s CPU, 0.001s wall-clock]
Preparing model... [0.000s CPU, 0.001s wall-clock]
Generated 25 rules.
Computing model... [0.010s CPU, 0.007s wall-clock]
461 relevant atoms
611 auxiliary atoms
1072 final queue length
1647 total queue pushes
Completing instantiation... [0.000s CPU, 0.007s wall-clock]
Instantiating: [0.010s CPU, 0.017s wall-clock]
Computing fact groups...
Finding invariants...
7 initial candidates
Finding invariants: [0.010s CPU, 0.003s wall-clock]
Checking invariant weight... [0.000s CPU, 0.000s wall-clock]
Instantiating groups... [0.000s CPU, 0.000s wall-clock]
Collecting mutex groups... [0.000s CPU, 0.000s wall-clock]
Choosing groups...
0 uncovered facts
Choosing groups: [0.000s CPU, 0.000s wall-clock]
Building translation key... [0.000s CPU, 0.000s wall-clock]
Computing fact groups: [0.010s CPU, 0.004s wall-clock]
Building STRIPS to SAS dictionary... [0.000s CPU, 0.000s wall-clock]
Building dictionary for full mutex groups... [0.000s CPU, 0.000s wall-clock]
Building mutex information...
Building mutex information: [0.000s CPU, 0.000s wall-clock]
Translating task...
Processing axioms...
Simplifying axioms... [0.000s CPU, 0.000s wall-clock]
Translator axioms removed by simplifying: 0
Computing negative axioms... [0.000s CPU, 0.000s wall-clock]
Processing axioms: [0.000s CPU, 0.001s wall-clock]
Translating task: [0.000s CPU, 0.006s wall-clock]
0 effect conditions simplified
0 implied preconditions added
Detecting unreachable propositions...
0 operators removed
0 axioms removed
34 propositions removed
Detecting unreachable propositions: [0.010s CPU, 0.004s wall-clock]
Reordering and filtering variables...
34 of 34 variables necessary.
0 of 34 mutex groups necessary.
185 of 185 operators necessary.
0 of 0 axiom rules necessary.
Reordering and filtering variables: [0.000s CPU, 0.002s wall-clock]
Translator variables: 34
Translator derived variables: 0
Translator facts: 100
Translator goal facts: 33
Translator mutex groups: 0
Translator total mutex groups size: 0
Translator operators: 185
Translator axioms: 0
Translator task size: 1634
Translator peak memory: 33012 KB
Writing output... [0.000s CPU, 0.001s wall-clock]
Done! [0.030s CPU, 0.037s wall-clock]
translate exit code: 0

INFO     Running search (release).
INFO     search stdin: output.sas
INFO     search time limit: 899s
INFO     search memory limit: 3584 MB
INFO     search command line string: /usr/local/downward-projects/downward/experiments/assign3/data/assign3-anytime_exp/code-fe4f0f1bb525c059c1938ac01bab1b7bae200873_e5e41175/builds/release/bin/downward --evaluator 'h=lmcut()' --search 'eager_anytime(epsilon_greedy(
        sum([weight(h, 2, verbosity=normal), g()]), epsilon=0.2, random_seed=1234), 
        reopen_closed=true, f_eval=sum([h, g()]))' --internal-plan-file sas_plan < output.sas
[t=0.00105099s, 10884 KB] reading input...
[t=0.00226524s, 10884 KB] done reading input!
[t=0.00416277s, 11272 KB] Initializing landmark cut heuristic...
[t=0.0043725s, 11272 KB] Building successor generator...done!
[t=0.00459155s, 11272 KB] peak memory difference for successor generator creation: 0 KB
[t=0.00463663s, 11272 KB] time for successor generation creation: 0s
[t=0.00466095s, 11272 KB] Variables: 34
[t=0.00468731s, 11272 KB] FactPairs: 100
[t=0.00471148s, 11272 KB] Bytes per state: 8
[t=0.00473531s, 11272 KB] Conducting best first anytime search with reopening closed nodes, (real) bound = 2147483647
[t=0.00478557s, 11272 KB] New best heuristic value for lmcut(): 5
[t=0.00487055s, 11272 KB] g=0, 1 evaluated, 0 expanded
[t=0.00489557s, 11272 KB] Initial heuristic value for lmcut(): 5
[t=0.00492673s, 11272 KB] Start Timestep: 1682381655046 millisecond(s).
[t=0.0050491s, 11272 KB] New best heuristic value for lmcut(): 4
[t=0.00533731s, 11272 KB] g=1, 10 evaluated, 1 expanded
[t=0.00536352s, 11272 KB] New best heuristic value for lmcut(): 2
[t=0.0055141s, 11272 KB] g=1, 14 evaluated, 2 expanded
[t=0.00916896s, 11272 KB] New best heuristic value for lmcut(): 1
[t=0.00973255s, 11272 KB] g=3, 177 evaluated, 56 expanded
[t=127.212s, 261212 KB] New best heuristic value for lmcut(): 0
[t=127.212s, 261212 KB] g=11, 4869860 evaluated, 1953494 expanded, 102252 reopened
[t=262.017s, 513272 KB] Solution found!
jump-new-move pos-4-6 pos-4-5 pos-4-4 (1)
end-move pos-4-4 (0)
jump-new-move pos-4-0 pos-4-1 pos-4-2 (1)
end-move pos-4-2 (0)
jump-new-move pos-4-3 pos-4-4 pos-4-5 (1)
end-move pos-4-5 (0)
jump-new-move pos-0-2 pos-1-2 pos-2-2 (1)
jump-continue-move pos-2-2 pos-2-3 pos-2-4 (0)
jump-continue-move pos-2-4 pos-3-4 pos-4-4 (0)
end-move pos-4-4 (0)
jump-new-move pos-2-0 pos-2-1 pos-2-2 (1)
end-move pos-2-2 (0)
jump-new-move pos-4-5 pos-4-4 pos-4-3 (1)
jump-continue-move pos-4-3 pos-4-2 pos-4-1 (0)
jump-continue-move pos-4-1 pos-3-1 pos-2-1 (0)
jump-continue-move pos-2-1 pos-2-2 pos-2-3 (0)
end-move pos-2-3 (0)
jump-new-move pos-0-4 pos-1-4 pos-2-4 (1)
jump-continue-move pos-2-4 pos-2-3 pos-2-2 (0)
end-move pos-2-2 (0)
jump-new-move pos-6-4 pos-5-4 pos-4-4 (1)
end-move pos-4-4 (0)
jump-new-move pos-6-2 pos-5-2 pos-4-2 (1)
end-move pos-4-2 (0)
jump-new-move pos-2-6 pos-2-5 pos-2-4 (1)
end-move pos-2-4 (0)
jump-new-move pos-3-2 pos-2-2 pos-1-2 (1)
jump-continue-move pos-1-2 pos-1-3 pos-1-4 (0)
jump-continue-move pos-1-4 pos-2-4 pos-3-4 (0)
jump-continue-move pos-3-4 pos-4-4 pos-5-4 (0)
jump-continue-move pos-5-4 pos-5-3 pos-5-2 (0)
jump-continue-move pos-5-2 pos-4-2 pos-3-2 (0)
jump-continue-move pos-3-2 pos-3-3 pos-3-4 (0)
end-move pos-3-4 (0)
jump-new-move pos-3-5 pos-3-4 pos-3-3 (1)
[t=262.017s, 513272 KB] Plan length: 35 step(s).
[t=262.017s, 513272 KB] Plan cost: 12
[t=262.017s, 513272 KB] Solution: Incumbent solution found!
[t=262.017s, 513272 KB] Solution Timestep: 1682381920147 millisecond(s).
[t=262.017s, 513272 KB] Timestamp: 1682381920147 millisecond(s).
[t=262.017s, 513272 KB] Expanded 4705370 state(s).
[t=262.017s, 513272 KB] Reopened 264861 state(s).
[t=262.017s, 513272 KB] Evaluated 9769330 state(s).
[t=262.017s, 513272 KB] Evaluations: 9934473
[t=262.017s, 513272 KB] Generated 13925869 state(s).
[t=262.017s, 513272 KB] Dead ends: 0 state(s).
[t=262.017s, 513272 KB] Number of registered states: 9934473
[t=262.017s, 513272 KB] Int hash set load factor: 9934473/16777216 = 0.592141
[t=262.017s, 513272 KB] Int hash set resizes: 24
Peak memory: 1624644 KB
caught signal 24 -- exiting
Time limit has been reached.
Remove intermediate file output.sas
search exit code: 23

Driver aborting after search
INFO     Planner time: 897.46s
