INFO     planner time limit: 600s
INFO     planner memory limit: 3584 MB

INFO     Running translator.
INFO     translator stdin: None
INFO     translator time limit: 599s
INFO     translator memory limit: 3584 MB
INFO     translator command line string: /usr/local/downward-projects/downward/experiments/src/thesis/.venv/bin/python3 /usr/local/downward-projects/downward/experiments/src/thesis/data/thesis-thesis_exp/code-84c08dfff1890fbf6247184940c8166177195ea1_e5e41175/builds/release/bin/translate/translate.py domain.pddl problem.pddl --sas-file output.sas
Parsing...
Parsing: [0.000s CPU, 0.002s wall-clock]
Normalizing task... [0.000s CPU, 0.000s wall-clock]
Instantiating...
Generating Datalog program... [0.010s CPU, 0.001s wall-clock]
Normalizing Datalog program...
Normalizing Datalog program: [0.000s CPU, 0.002s wall-clock]
Preparing model... [0.000s CPU, 0.002s wall-clock]
Generated 41 rules.
Computing model... [0.030s CPU, 0.035s wall-clock]
7710 relevant atoms
943 auxiliary atoms
8653 final queue length
16530 total queue pushes
Completing instantiation... [0.210s CPU, 0.198s wall-clock]
Instantiating: [0.250s CPU, 0.240s wall-clock]
Computing fact groups...
Finding invariants...
18 initial candidates
Finding invariants: [0.000s CPU, 0.003s wall-clock]
Checking invariant weight... [0.000s CPU, 0.001s wall-clock]
Instantiating groups... [0.000s CPU, 0.001s wall-clock]
Collecting mutex groups... [0.000s CPU, 0.000s wall-clock]
Choosing groups...
69 uncovered facts
Choosing groups: [0.000s CPU, 0.000s wall-clock]
Building translation key... [0.000s CPU, 0.000s wall-clock]
Computing fact groups: [0.000s CPU, 0.007s wall-clock]
Building STRIPS to SAS dictionary... [0.000s CPU, 0.000s wall-clock]
Building dictionary for full mutex groups... [0.000s CPU, 0.001s wall-clock]
Building mutex information...
Building mutex information: [0.000s CPU, 0.000s wall-clock]
Translating task...
Processing axioms...
Simplifying axioms... [0.000s CPU, 0.000s wall-clock]
Translator axioms removed by simplifying: 0
Computing negative axioms... [0.000s CPU, 0.000s wall-clock]
Processing axioms: [0.010s CPU, 0.010s wall-clock]
Translating task: [0.260s CPU, 0.262s wall-clock]
12264 effect conditions simplified
0 implied preconditions added
Detecting unreachable propositions...
0 operators removed
0 axioms removed
3 propositions removed
Detecting unreachable propositions: [0.160s CPU, 0.149s wall-clock]
Reordering and filtering variables...
93 of 93 variables necessary.
21 of 66 mutex groups necessary.
7239 of 7239 operators necessary.
0 of 0 axiom rules necessary.
Reordering and filtering variables: [0.030s CPU, 0.038s wall-clock]
Translator variables: 93
Translator derived variables: 0
Translator facts: 276
Translator goal facts: 16
Translator mutex groups: 21
Translator total mutex groups size: 42
Translator operators: 7239
Translator axioms: 0
Translator task size: 49885
Translator peak memory: 59908 KB
Writing output... [0.030s CPU, 0.036s wall-clock]
Done! [0.750s CPU, 0.747s wall-clock]
translate exit code: 0

INFO     Running search (release).
INFO     search stdin: output.sas
INFO     search time limit: 599s
INFO     search memory limit: 3584 MB
INFO     search command line string: /usr/local/downward-projects/downward/experiments/src/thesis/data/thesis-thesis_exp/code-84c08dfff1890fbf6247184940c8166177195ea1_e5e41175/builds/release/bin/downward --evaluator 'h=ff()' --search 'eager(partition(h, plateau_partition(), inter_uniform(), intra_uniform() )) ' --internal-plan-file sas_plan < output.sas
[t=0s, 11732 KB] reading input...
[t=0.0239608s, 14128 KB] done reading input!
[t=0.0279069s, 15664 KB] Simplifying 21267 unary operators... done! [18180 unary operators]
[t=0.0437885s, 17096 KB] time to simplify: 0.0158815s
[t=0.0440334s, 17096 KB] Initializing additive heuristic...
[t=0.0443377s, 17096 KB] Initializing FF heuristic...
[t=0.0443672s, 17096 KB] Building successor generator...done!
[t=0.0467849s, 17096 KB] peak memory difference for successor generator creation: 0 KB
[t=0.0468505s, 17096 KB] time for successor generation creation: 0s
[t=0.0468766s, 17096 KB] Variables: 93
[t=0.0470328s, 17096 KB] FactPairs: 276
[t=0.0470559s, 17096 KB] Bytes per state: 20
[t=0.0470786s, 17096 KB] Conducting best first search without reopening closed nodes, (real) bound = 2147483647
[t=0.0471483s, 17096 KB] New best heuristic value for ff(): 22
[t=0.0473854s, 17096 KB] g=0, 1 evaluated, 0 expanded
[t=0.0474123s, 17096 KB] Initial heuristic value for ff(): 22
[t=0.0474427s, 17096 KB] pruning method: none
[t=0.0474669s, 17096 KB] Start Timestep: 1693619973622 millisecond(s).
[t=0.0755805s, 17096 KB] New best heuristic value for ff(): 20
[t=0.0774111s, 17096 KB] g=1, 232 evaluated, 1 expanded
[t=32.067s, 21036 KB] New best heuristic value for ff(): 19
[t=32.0704s, 21036 KB] g=3, 21364 evaluated, 5 expanded
[t=356.767s, 30260 KB] New best heuristic value for ff(): 18
[t=356.768s, 30260 KB] g=6, 63631 evaluated, 16 expanded
Peak memory: 32636 KB
caught signal 24 -- exiting
Time limit has been reached.
Remove intermediate file output.sas
search exit code: 23

Driver aborting after search
INFO     Planner time: 599.50s
