INFO     planner time limit: 300s
INFO     planner memory limit: 3584 MB

INFO     Running translator.
INFO     translator stdin: None
INFO     translator time limit: 299s
INFO     translator memory limit: 3584 MB
INFO     translator command line string: /usr/local/downward-projects/downward/experiments/.venv/bin/python3 /usr/local/downward-projects/downward/experiments/src/thesis/data/thesis-thesis_exp/code-d93485cdd92f65ede2ae3573b3f4adda0b49e4fd_e5e41175/builds/release/bin/translate/translate.py domain.pddl problem.pddl --sas-file output.sas
Parsing...
Parsing: [0.010s CPU, 0.004s wall-clock]
Normalizing task... [0.000s CPU, 0.000s wall-clock]
Instantiating...
Generating Datalog program... [0.000s CPU, 0.001s wall-clock]
Normalizing Datalog program...
Normalizing Datalog program: [0.000s CPU, 0.001s wall-clock]
Preparing model... [0.000s CPU, 0.002s wall-clock]
Generated 26 rules.
Computing model... [0.360s CPU, 0.363s wall-clock]
36577 relevant atoms
27204 auxiliary atoms
63781 final queue length
131085 total queue pushes
Completing instantiation... [1.440s CPU, 1.446s wall-clock]
Instantiating: [1.820s CPU, 1.828s wall-clock]
Computing fact groups...
Finding invariants...
9 initial candidates
Finding invariants: [0.030s CPU, 0.017s wall-clock]
Checking invariant weight... [0.000s CPU, 0.000s wall-clock]
Instantiating groups... [0.000s CPU, 0.004s wall-clock]
Collecting mutex groups... [0.000s CPU, 0.001s wall-clock]
Choosing groups...
0 uncovered facts
Choosing groups: [0.000s CPU, 0.002s wall-clock]
Building translation key... [0.000s CPU, 0.001s wall-clock]
Computing fact groups: [0.040s CPU, 0.030s wall-clock]
Building STRIPS to SAS dictionary... [0.000s CPU, 0.001s wall-clock]
Building dictionary for full mutex groups... [0.000s CPU, 0.000s wall-clock]
Building mutex information...
Building mutex information: [0.000s CPU, 0.000s wall-clock]
Translating task...
Processing axioms...
Simplifying axioms... [0.000s CPU, 0.000s wall-clock]
Translator axioms removed by simplifying: 0
Computing negative axioms... [0.000s CPU, 0.000s wall-clock]
Processing axioms: [0.050s CPU, 0.048s wall-clock]
Translating task: [1.130s CPU, 1.132s wall-clock]
0 effect conditions simplified
0 implied preconditions added
Detecting unreachable propositions...
0 operators removed
0 axioms removed
28 propositions removed
Detecting unreachable propositions: [0.740s CPU, 0.743s wall-clock]
Reordering and filtering variables...
28 of 28 variables necessary.
0 of 28 mutex groups necessary.
34728 of 34728 operators necessary.
0 of 0 axiom rules necessary.
Reordering and filtering variables: [0.120s CPU, 0.117s wall-clock]
Translator variables: 28
Translator derived variables: 0
Translator facts: 1372
Translator goal facts: 20
Translator mutex groups: 0
Translator total mutex groups size: 0
Translator operators: 34728
Translator axioms: 0
Translator task size: 207364
Translator peak memory: 170312 KB
Writing output... [0.150s CPU, 0.154s wall-clock]
Done! [4.060s CPU, 4.066s wall-clock]
translate exit code: 0

INFO     Running search (release).
INFO     search stdin: output.sas
INFO     search time limit: 295s
INFO     search memory limit: 3584 MB
INFO     search command line string: /usr/local/downward-projects/downward/experiments/src/thesis/data/thesis-thesis_exp/code-d93485cdd92f65ede2ae3573b3f4adda0b49e4fd_e5e41175/builds/release/bin/downward --evaluator 'h=ff()' --search 'eager(epsilon_greedy(h, epsilon=0.2))' --internal-plan-file sas_plan < output.sas
[t=0s, 11364 KB] reading input...
[t=0.111949s, 21740 KB] done reading input!
[t=0.119878s, 25612 KB] Simplifying 68648 unary operators... done! [68648 unary operators]
[t=0.177141s, 31876 KB] time to simplify: 0.0598807s
[t=0.181488s, 31876 KB] Initializing additive heuristic...
[t=0.182674s, 31876 KB] Initializing FF heuristic...
[t=0.182702s, 31876 KB] Building successor generator...done!
[t=0.196236s, 33416 KB] peak memory difference for successor generator creation: 1540 KB
[t=0.19631s, 33416 KB] time for successor generation creation: 0.0128726s
[t=0.196337s, 33416 KB] Variables: 28
[t=0.196365s, 33416 KB] FactPairs: 1372
[t=0.196389s, 33416 KB] Bytes per state: 24
[t=0.196412s, 33416 KB] Conducting best first search without reopening closed nodes, (real) bound = 2147483647
[t=0.196468s, 33416 KB] New best heuristic value for ff(): 916
[t=0.197653s, 33416 KB] g=0, 1 evaluated, 0 expanded
[t=0.197682s, 33416 KB] Initial heuristic value for ff(): 916
[t=0.19771s, 33416 KB] pruning method: none
[t=0.197734s, 33416 KB] Start Timestep: 1687941564334 millisecond(s).
[t=0.19778s, 33416 KB] New best heuristic value for ff(): 907
[t=0.198755s, 33416 KB] g=17, 2 evaluated, 1 expanded
[t=0.203482s, 33416 KB] New best heuristic value for ff(): 862
[t=0.205166s, 33416 KB] g=14, 9 evaluated, 1 expanded
[t=0.205194s, 33416 KB] New best heuristic value for ff(): 861
[t=0.206127s, 33416 KB] g=18, 10 evaluated, 1 expanded
[t=0.207414s, 33416 KB] New best heuristic value for ff(): 836
[t=0.209727s, 33416 KB] g=11, 14 evaluated, 1 expanded
[t=0.219381s, 33416 KB] New best heuristic value for ff(): 835
[t=0.21956s, 33416 KB] g=12, 25 evaluated, 2 expanded
[t=0.219589s, 33416 KB] New best heuristic value for ff(): 769
[t=0.221371s, 33416 KB] g=25, 27 evaluated, 2 expanded
[t=0.227312s, 33416 KB] New best heuristic value for ff(): 764
[t=0.231062s, 33416 KB] g=40, 38 evaluated, 3 expanded
[t=0.239277s, 33416 KB] New best heuristic value for ff(): 762
[t=0.240687s, 33416 KB] g=39, 49 evaluated, 3 expanded
[t=0.243243s, 33416 KB] New best heuristic value for ff(): 750
[t=0.245119s, 33416 KB] g=54, 54 evaluated, 4 expanded
[t=0.25521s, 33416 KB] New best heuristic value for ff(): 749
[t=0.258177s, 33416 KB] g=55, 69 evaluated, 5 expanded
[t=0.267175s, 33416 KB] New best heuristic value for ff(): 733
[t=0.267805s, 33416 KB] g=73, 80 evaluated, 6 expanded
[t=0.335141s, 33416 KB] New best heuristic value for ff(): 698
[t=0.338867s, 33416 KB] g=99, 163 evaluated, 13 expanded
[t=0.347082s, 33416 KB] New best heuristic value for ff(): 697
[t=0.35011s, 33416 KB] g=100, 176 evaluated, 14 expanded
[t=2.76262s, 33416 KB] New best heuristic value for ff(): 686
[t=2.76376s, 33416 KB] g=292, 3001 evaluated, 254 expanded
[t=2.77455s, 33416 KB] New best heuristic value for ff(): 673
[t=2.77493s, 33416 KB] g=305, 3014 evaluated, 255 expanded
[t=4.64185s, 33416 KB] New best heuristic value for ff(): 667
[t=4.64488s, 33416 KB] g=356, 5186 evaluated, 453 expanded
[t=4.64978s, 33416 KB] New best heuristic value for ff(): 663
[t=4.65366s, 33416 KB] g=368, 5196 evaluated, 454 expanded
[t=4.88574s, 33416 KB] New best heuristic value for ff(): 651
[t=4.88608s, 33416 KB] g=426, 5466 evaluated, 477 expanded
[t=5.79752s, 33416 KB] New best heuristic value for ff(): 619
[t=5.79946s, 33416 KB] g=386, 6526 evaluated, 572 expanded
[t=5.80545s, 33416 KB] New best heuristic value for ff(): 618
[t=5.80733s, 33416 KB] g=387, 6535 evaluated, 573 expanded
[t=5.9094s, 33416 KB] New best heuristic value for ff(): 609
[t=5.91259s, 33416 KB] g=458, 6657 evaluated, 582 expanded
[t=6.83321s, 33416 KB] New best heuristic value for ff(): 608
[t=6.83462s, 33416 KB] g=489, 7720 evaluated, 684 expanded
[t=11.8197s, 33416 KB] New best heuristic value for ff(): 575
[t=11.8202s, 33416 KB] g=482, 13489 evaluated, 1281 expanded
[t=12.0676s, 33416 KB] New best heuristic value for ff(): 549
[t=12.0684s, 33416 KB] g=533, 13779 evaluated, 1305 expanded
[t=21.6488s, 33416 KB] New best heuristic value for ff(): 545
[t=21.6524s, 33416 KB] g=701, 24907 evaluated, 2326 expanded
[t=31.2311s, 34036 KB] New best heuristic value for ff(): 537
[t=31.2316s, 34036 KB] g=560, 36033 evaluated, 3372 expanded
[t=31.239s, 34036 KB] New best heuristic value for ff(): 536
[t=31.2411s, 34036 KB] g=561, 36044 evaluated, 3373 expanded
[t=31.2629s, 34036 KB] New best heuristic value for ff(): 535
[t=31.264s, 34036 KB] g=562, 36071 evaluated, 3374 expanded
[t=39.1325s, 34808 KB] New best heuristic value for ff(): 519
[t=39.1365s, 34808 KB] g=1018, 45164 evaluated, 4216 expanded
[t=39.1604s, 34808 KB] New best heuristic value for ff(): 518
[t=39.1628s, 34808 KB] g=1019, 45194 evaluated, 4218 expanded
[t=133.78s, 44372 KB] New best heuristic value for ff(): 514
[t=133.781s, 44372 KB] g=1070, 155073 evaluated, 13583 expanded
[t=228.813s, 50188 KB] New best heuristic value for ff(): 501
[t=228.817s, 50188 KB] g=1272, 267198 evaluated, 23141 expanded
Peak memory: 57288 KB
caught signal 24 -- exiting
Time limit has been reached.
Remove intermediate file output.sas
search exit code: 23

Driver aborting after search
INFO     Planner time: 299.09s
