INFO     planner time limit: 900s
INFO     planner memory limit: 3584 MB

INFO     Running translator.
INFO     translator stdin: None
INFO     translator time limit: 899s
INFO     translator memory limit: 3584 MB
INFO     translator command line string: /usr/local/downward-projects/downward/experiments/.venv/bin/python3 /usr/local/downward-projects/downward/experiments/src/thesis/data/thesis-thesis_exp/code-f7a4f68fd467cf7cff4d3dfcfdfcfa2023e44324_e5e41175/builds/release/bin/translate/translate.py domain.pddl problem.pddl --sas-file output.sas
Parsing...
Parsing: [0.000s CPU, 0.001s wall-clock]
Normalizing task... [0.000s CPU, 0.000s wall-clock]
Instantiating...
Generating Datalog program... [0.000s CPU, 0.000s wall-clock]
Normalizing Datalog program...
Normalizing Datalog program: [0.000s CPU, 0.001s wall-clock]
Preparing model... [0.000s CPU, 0.001s wall-clock]
Generated 24 rules.
Computing model... [0.010s CPU, 0.004s wall-clock]
471 relevant atoms
320 auxiliary atoms
791 final queue length
1064 total queue pushes
Completing instantiation... [0.000s CPU, 0.006s wall-clock]
Instantiating: [0.010s CPU, 0.013s wall-clock]
Computing fact groups...
Finding invariants...
10 initial candidates
Finding invariants: [0.000s CPU, 0.001s wall-clock]
Checking invariant weight... [0.010s CPU, 0.000s wall-clock]
Instantiating groups... [0.000s CPU, 0.001s wall-clock]
Collecting mutex groups... [0.000s CPU, 0.000s wall-clock]
Choosing groups...
0 uncovered facts
Choosing groups: [0.000s CPU, 0.000s wall-clock]
Building translation key... [0.000s CPU, 0.000s wall-clock]
Computing fact groups: [0.010s CPU, 0.004s wall-clock]
Building STRIPS to SAS dictionary... [0.000s CPU, 0.000s wall-clock]
Building dictionary for full mutex groups... [0.000s CPU, 0.000s wall-clock]
Building mutex information...
Building mutex information: [0.000s CPU, 0.000s wall-clock]
Translating task...
Processing axioms...
Simplifying axioms... [0.000s CPU, 0.000s wall-clock]
Translator axioms removed by simplifying: 0
Computing negative axioms... [0.000s CPU, 0.000s wall-clock]
Processing axioms: [0.000s CPU, 0.000s wall-clock]
Translating task: [0.010s CPU, 0.006s wall-clock]
0 effect conditions simplified
0 implied preconditions added
Detecting unreachable propositions...
0 operators removed
0 axioms removed
3 propositions removed
Detecting unreachable propositions: [0.000s CPU, 0.003s wall-clock]
Reordering and filtering variables...
33 of 33 variables necessary.
30 of 33 mutex groups necessary.
242 of 242 operators necessary.
0 of 0 axiom rules necessary.
Reordering and filtering variables: [0.000s CPU, 0.001s wall-clock]
Translator variables: 33
Translator derived variables: 0
Translator facts: 154
Translator goal facts: 30
Translator mutex groups: 30
Translator total mutex groups size: 120
Translator operators: 242
Translator axioms: 0
Translator task size: 1663
Translator peak memory: 32872 KB
Writing output... [0.010s CPU, 0.002s wall-clock]
Done! [0.040s CPU, 0.031s wall-clock]
translate exit code: 0

INFO     Running search (release).
INFO     search stdin: output.sas
INFO     search time limit: 899s
INFO     search memory limit: 3584 MB
INFO     search command line string: /usr/local/downward-projects/downward/experiments/src/thesis/data/thesis-thesis_exp/code-f7a4f68fd467cf7cff4d3dfcfdfcfa2023e44324_e5e41175/builds/release/bin/downward --evaluator 'h=ff()' --search 'eager(alt([lwm_based_type(h), single(h)]))' --internal-plan-file sas_plan < output.sas
[t=0s, 11000 KB] reading input...
[t=0.00206666s, 11000 KB] done reading input!
[t=0.00392648s, 11388 KB] Simplifying 482 unary operators... done! [482 unary operators]
[t=0.00461307s, 11388 KB] time to simplify: 0.000686589s
[t=0.00466891s, 11388 KB] Initializing additive heuristic...
[t=0.00471728s, 11388 KB] Initializing FF heuristic...
[t=0.0047409s, 11388 KB] Building successor generator...done!
[t=0.00491078s, 11388 KB] peak memory difference for successor generator creation: 0 KB
[t=0.00495302s, 11388 KB] time for successor generation creation: 0s
[t=0.00497755s, 11388 KB] Variables: 33
[t=0.00500292s, 11388 KB] FactPairs: 154
[t=0.00502527s, 11388 KB] Bytes per state: 12
[t=0.0050482s, 11388 KB] Conducting best first search without reopening closed nodes, (real) bound = 2147483647
[t=0.00510101s, 11388 KB] New best heuristic value for ff(): 61
[t=0.00515243s, 11388 KB] g=0, 1 evaluated, 0 expanded
[t=0.00517717s, 11388 KB] Initial heuristic value for ff(): 61
[t=0.00521618s, 11388 KB] pruning method: none
[t=0.00523738s, 11388 KB] Start Timestep: 1684379831000 millisecond(s).
[t=0.00527997s, 11388 KB] New best heuristic value for ff(): 60
[t=0.00533552s, 11388 KB] g=1, 3 evaluated, 1 expanded
[t=0.00692092s, 11388 KB] New best heuristic value for ff(): 59
[t=0.00706602s, 11388 KB] g=3, 207 evaluated, 7 expanded
[t=0.00709149s, 11388 KB] New best heuristic value for ff(): 58
[t=0.00712822s, 11388 KB] g=4, 208 evaluated, 8 expanded
[t=0.00715262s, 11388 KB] New best heuristic value for ff(): 57
[t=0.00721798s, 11388 KB] g=5, 212 evaluated, 10 expanded
[t=0.00724054s, 11388 KB] New best heuristic value for ff(): 56
[t=0.00732309s, 11388 KB] g=7, 218 evaluated, 14 expanded
[t=0.00761505s, 11388 KB] New best heuristic value for ff(): 55
[t=0.00858121s, 11388 KB] g=9, 361 evaluated, 21 expanded
[t=0.0086056s, 11388 KB] New best heuristic value for ff(): 54
[t=0.00864102s, 11388 KB] g=10, 362 evaluated, 22 expanded
[t=0.00866393s, 11388 KB] New best heuristic value for ff(): 53
[t=0.0087437s, 11388 KB] g=11, 368 evaluated, 24 expanded
[t=0.0087669s, 11388 KB] New best heuristic value for ff(): 52
[t=0.00907671s, 11388 KB] g=13, 404 evaluated, 28 expanded
[t=0.0115279s, 11524 KB] New best heuristic value for ff(): 51
[t=0.0127463s, 11524 KB] g=15, 856 evaluated, 53 expanded
[t=0.0127719s, 11524 KB] New best heuristic value for ff(): 50
[t=0.0128077s, 11524 KB] g=16, 857 evaluated, 54 expanded
[t=0.0128301s, 11524 KB] New best heuristic value for ff(): 49
[t=0.0129266s, 11524 KB] g=17, 865 evaluated, 56 expanded
[t=0.0129497s, 11524 KB] New best heuristic value for ff(): 48
[t=0.0131226s, 11524 KB] g=19, 883 evaluated, 60 expanded
[t=0.013146s, 11524 KB] New best heuristic value for ff(): 47
[t=0.0150533s, 11524 KB] g=21, 1105 evaluated, 72 expanded
[t=0.0150779s, 11524 KB] New best heuristic value for ff(): 46
[t=0.0151142s, 11524 KB] g=22, 1106 evaluated, 73 expanded
[t=0.0151386s, 11524 KB] New best heuristic value for ff(): 45
[t=0.015251s, 11524 KB] g=23, 1116 evaluated, 75 expanded
[t=0.0153878s, 11524 KB] New best heuristic value for ff(): 44
[t=0.0154683s, 11524 KB] g=25, 1134 evaluated, 79 expanded
[t=0.0154925s, 11524 KB] New best heuristic value for ff(): 43
[t=0.016442s, 11524 KB] g=27, 1247 evaluated, 86 expanded
[t=0.0164663s, 11524 KB] New best heuristic value for ff(): 42
[t=0.0165022s, 11524 KB] g=28, 1248 evaluated, 87 expanded
[t=0.0165254s, 11524 KB] New best heuristic value for ff(): 41
[t=0.0166511s, 11524 KB] g=29, 1260 evaluated, 89 expanded
[t=0.0166739s, 11524 KB] New best heuristic value for ff(): 40
[t=0.0168722s, 11524 KB] g=31, 1282 evaluated, 93 expanded
[t=0.0192824s, 11524 KB] New best heuristic value for ff(): 39
[t=0.0193979s, 11524 KB] g=33, 1600 evaluated, 116 expanded
[t=0.0194228s, 11524 KB] New best heuristic value for ff(): 38
[t=0.0194585s, 11524 KB] g=34, 1601 evaluated, 117 expanded
[t=0.0194821s, 11524 KB] New best heuristic value for ff(): 37
[t=0.0196231s, 11524 KB] g=35, 1615 evaluated, 119 expanded
[t=0.019647s, 11524 KB] New best heuristic value for ff(): 36
[t=0.0198797s, 11524 KB] g=37, 1641 evaluated, 123 expanded
[t=0.0232007s, 11660 KB] New best heuristic value for ff(): 35
[t=0.0241956s, 11660 KB] g=39, 2165 evaluated, 166 expanded
[t=0.0242273s, 11660 KB] New best heuristic value for ff(): 34
[t=0.0242636s, 11660 KB] g=40, 2166 evaluated, 167 expanded
[t=0.0242866s, 11660 KB] New best heuristic value for ff(): 33
[t=0.0244411s, 11660 KB] g=41, 2182 evaluated, 169 expanded
[t=0.0244649s, 11660 KB] New best heuristic value for ff(): 32
[t=0.0248552s, 11660 KB] g=43, 2229 evaluated, 173 expanded
[t=0.024879s, 11660 KB] New best heuristic value for ff(): 31
[t=0.0256918s, 11660 KB] g=45, 2330 evaluated, 182 expanded
[t=0.0257149s, 11660 KB] New best heuristic value for ff(): 30
[t=0.0257557s, 11660 KB] g=46, 2331 evaluated, 183 expanded
[t=0.0257793s, 11660 KB] New best heuristic value for ff(): 29
[t=0.0259471s, 11660 KB] g=47, 2349 evaluated, 185 expanded
[t=0.02597s, 11660 KB] New best heuristic value for ff(): 28
[t=0.0262435s, 11660 KB] g=49, 2383 evaluated, 189 expanded
[t=0.0269527s, 11660 KB] New best heuristic value for ff(): 27
[t=0.0281409s, 11660 KB] g=51, 2618 evaluated, 214 expanded
[t=0.0281657s, 11660 KB] New best heuristic value for ff(): 26
[t=0.0282011s, 11660 KB] g=52, 2619 evaluated, 215 expanded
[t=0.0282236s, 11660 KB] New best heuristic value for ff(): 25
[t=0.028571s, 11660 KB] g=53, 2661 evaluated, 217 expanded
[t=0.0285952s, 11660 KB] New best heuristic value for ff(): 24
[t=0.0289837s, 11660 KB] g=55, 2710 evaluated, 221 expanded
[t=0.029008s, 11796 KB] New best heuristic value for ff(): 23
[t=0.0296457s, 11796 KB] g=57, 2789 evaluated, 230 expanded
[t=0.0296699s, 11796 KB] New best heuristic value for ff(): 22
[t=0.0297049s, 11796 KB] g=58, 2790 evaluated, 231 expanded
[t=0.0297284s, 11796 KB] New best heuristic value for ff(): 21
[t=0.0299079s, 11796 KB] g=59, 2811 evaluated, 232 expanded
[t=0.0299311s, 11796 KB] New best heuristic value for ff(): 20
[t=0.0304909s, 11796 KB] g=61, 2884 evaluated, 236 expanded
[t=0.0307766s, 11796 KB] New best heuristic value for ff(): 19
[t=0.0320879s, 11796 KB] g=63, 3080 evaluated, 278 expanded
[t=0.0321115s, 11796 KB] New best heuristic value for ff(): 18
[t=0.0325845s, 11796 KB] g=65, 3144 evaluated, 282 expanded
[t=0.0326075s, 11796 KB] New best heuristic value for ff(): 17
[t=0.0342275s, 11796 KB] g=67, 3353 evaluated, 317 expanded
[t=0.0347137s, 11796 KB] New best heuristic value for ff(): 16
[t=0.0347646s, 11796 KB] g=69, 3420 evaluated, 321 expanded
[t=0.0347893s, 11796 KB] New best heuristic value for ff(): 15
[t=0.0360102s, 11796 KB] g=71, 3581 evaluated, 354 expanded
[t=0.0360353s, 11796 KB] New best heuristic value for ff(): 14
[t=0.036528s, 11796 KB] g=73, 3650 evaluated, 357 expanded
[t=0.036552s, 11796 KB] New best heuristic value for ff(): 13
[t=0.037739s, 11796 KB] g=75, 3800 evaluated, 386 expanded
[t=0.0377645s, 11796 KB] New best heuristic value for ff(): 12
[t=0.0383487s, 11796 KB] g=77, 3881 evaluated, 390 expanded
[t=0.0385925s, 11956 KB] New best heuristic value for ff(): 11
[t=0.0397293s, 11956 KB] g=79, 4014 evaluated, 416 expanded
[t=0.0397554s, 11956 KB] New best heuristic value for ff(): 10
[t=0.0403117s, 11956 KB] g=81, 4092 evaluated, 420 expanded
[t=0.0403355s, 11956 KB] New best heuristic value for ff(): 9
[t=0.0411894s, 11956 KB] g=83, 4198 evaluated, 442 expanded
[t=0.0412142s, 11956 KB] New best heuristic value for ff(): 8
[t=0.0420439s, 11956 KB] g=85, 4319 evaluated, 446 expanded
[t=0.0425089s, 12216 KB] New best heuristic value for ff(): 7
[t=0.0427017s, 12216 KB] g=87, 4381 evaluated, 464 expanded
[t=0.042727s, 12216 KB] New best heuristic value for ff(): 6
[t=0.0432803s, 12216 KB] g=89, 4463 evaluated, 468 expanded
[t=0.043304s, 12216 KB] New best heuristic value for ff(): 5
[t=0.0438955s, 12216 KB] g=91, 4535 evaluated, 481 expanded
[t=0.0439192s, 12216 KB] New best heuristic value for ff(): 4
[t=0.0446763s, 12216 KB] g=93, 4645 evaluated, 485 expanded
[t=0.0446998s, 12216 KB] New best heuristic value for ff(): 3
[t=0.044956s, 12216 KB] g=94, 4675 evaluated, 487 expanded
[t=0.0449801s, 12216 KB] New best heuristic value for ff(): 2
[t=0.0450222s, 12216 KB] g=95, 4677 evaluated, 489 expanded
[t=0.0450455s, 12216 KB] New best heuristic value for ff(): 1
[t=0.0450884s, 12216 KB] g=96, 4679 evaluated, 491 expanded
[t=0.0451111s, 12216 KB] New best heuristic value for ff(): 0
[t=0.0452923s, 12216 KB] g=97, 4711 evaluated, 493 expanded
[t=0.045315s, 12216 KB] Solution found!
[t=0.0453396s, 12216 KB] Actual search time: 0.0400596s
pick ball30 rooma right (1)
pick ball29 rooma left (1)
move rooma roomb (1)
drop ball29 roomb left (1)
drop ball30 roomb right (1)
move roomb rooma (1)
pick ball11 rooma left (1)
pick ball13 rooma right (1)
move rooma roomb (1)
drop ball11 roomb left (1)
drop ball13 roomb right (1)
move roomb rooma (1)
pick ball15 rooma left (1)
pick ball26 rooma right (1)
move rooma roomb (1)
drop ball15 roomb left (1)
drop ball26 roomb right (1)
move roomb rooma (1)
pick ball1 rooma left (1)
pick ball8 rooma right (1)
move rooma roomb (1)
drop ball1 roomb left (1)
drop ball8 roomb right (1)
move roomb rooma (1)
pick ball12 rooma left (1)
pick ball24 rooma right (1)
move rooma roomb (1)
drop ball12 roomb left (1)
drop ball24 roomb right (1)
move roomb rooma (1)
pick ball19 rooma left (1)
pick ball5 rooma right (1)
move rooma roomb (1)
drop ball19 roomb left (1)
drop ball5 roomb right (1)
move roomb rooma (1)
pick ball4 rooma left (1)
pick ball21 rooma right (1)
move rooma roomb (1)
drop ball4 roomb left (1)
drop ball21 roomb right (1)
move roomb rooma (1)
pick ball17 rooma left (1)
pick ball23 rooma right (1)
move rooma roomb (1)
drop ball17 roomb left (1)
drop ball23 roomb right (1)
move roomb rooma (1)
pick ball2 rooma left (1)
pick ball16 rooma right (1)
move rooma roomb (1)
drop ball2 roomb left (1)
drop ball16 roomb right (1)
move roomb rooma (1)
pick ball18 rooma left (1)
pick ball10 rooma right (1)
move rooma roomb (1)
drop ball18 roomb left (1)
drop ball10 roomb right (1)
move roomb rooma (1)
pick ball14 rooma left (1)
move rooma roomb (1)
drop ball14 roomb left (1)
move roomb rooma (1)
pick ball20 rooma left (1)
move rooma roomb (1)
drop ball20 roomb left (1)
move roomb rooma (1)
pick ball22 rooma left (1)
move rooma roomb (1)
drop ball22 roomb left (1)
move roomb rooma (1)
pick ball25 rooma left (1)
move rooma roomb (1)
drop ball25 roomb left (1)
move roomb rooma (1)
pick ball27 rooma left (1)
move rooma roomb (1)
drop ball27 roomb left (1)
move roomb rooma (1)
pick ball28 rooma left (1)
move rooma roomb (1)
drop ball28 roomb left (1)
move roomb rooma (1)
pick ball3 rooma left (1)
move rooma roomb (1)
drop ball3 roomb left (1)
move roomb rooma (1)
pick ball6 rooma left (1)
move rooma roomb (1)
drop ball6 roomb left (1)
move roomb rooma (1)
pick ball7 rooma left (1)
pick ball9 rooma right (1)
move rooma roomb (1)
drop ball7 roomb left (1)
drop ball9 roomb right (1)
[t=0.045372s, 12216 KB] Plan length: 97 step(s).
[t=0.045372s, 12216 KB] Plan cost: 97
[t=0.045372s, 12216 KB] Timestamp: 1684379831044 millisecond(s).
[t=0.045372s, 12216 KB] Expanded 494 state(s).
[t=0.045372s, 12216 KB] Reopened 0 state(s).
[t=0.045372s, 12216 KB] Evaluated 4711 state(s).
[t=0.045372s, 12216 KB] Evaluations: 4711
[t=0.045372s, 12216 KB] Generated 5973 state(s).
[t=0.045372s, 12216 KB] Dead ends: 0 state(s).
[t=0.045372s, 12216 KB] Number of registered states: 4711
[t=0.045372s, 12216 KB] Int hash set load factor: 4711/8192 = 0.575073
[t=0.045372s, 12216 KB] Int hash set resizes: 13
[t=0.045372s, 12216 KB] Search time: 0.0403238s
[t=0.045372s, 12216 KB] Total time: 0.045372s
Solution found.
Peak memory: 12216 KB
Remove intermediate file output.sas
search exit code: 0

INFO     Running validate.
INFO     validate stdin: None
INFO     validate time limit: None
INFO     validate memory limit: None
INFO     validate command line string: validate domain.pddl problem.pddl sas_plan
Checking plan: sas_plan
Plan executed successfully - checking goal
Plan valid
Final value: 97 

Successful plans:
Value: 97
 sas_plan 97 

validate exit code: 0

INFO     Planner time: 0.17s
