INFO     planner time limit: 900s
INFO     planner memory limit: 3584 MB

INFO     Running translator.
INFO     translator stdin: None
INFO     translator time limit: 899s
INFO     translator memory limit: 3584 MB
INFO     translator command line string: /usr/local/downward-projects/downward/experiments/assign3/.venv/bin/python3 /usr/local/downward-projects/downward/experiments/assign3/data/assign3-anytime_exp/code-fe4f0f1bb525c059c1938ac01bab1b7bae200873_e5e41175/builds/release/bin/translate/translate.py domain.pddl problem.pddl --sas-file output.sas
Parsing...
Parsing: [0.030s CPU, 0.036s wall-clock]
Normalizing task... [0.000s CPU, 0.001s wall-clock]
Instantiating...
Generating Datalog program... [0.020s CPU, 0.019s wall-clock]
Normalizing Datalog program...
Normalizing Datalog program: [0.000s CPU, 0.002s wall-clock]
Preparing model... [0.070s CPU, 0.064s wall-clock]
Generated 6 rules.
Computing model... [0.110s CPU, 0.116s wall-clock]
20481 relevant atoms
7840 auxiliary atoms
28321 final queue length
37603 total queue pushes
Completing instantiation... [0.150s CPU, 0.156s wall-clock]
Instantiating: [0.360s CPU, 0.366s wall-clock]
Computing fact groups...
Finding invariants...
4 initial candidates
Finding invariants: [0.000s CPU, 0.001s wall-clock]
Checking invariant weight... [0.000s CPU, 0.002s wall-clock]
Instantiating groups... [0.010s CPU, 0.003s wall-clock]
Collecting mutex groups... [0.000s CPU, 0.001s wall-clock]
Choosing groups...
1600 uncovered facts
Choosing groups: [0.000s CPU, 0.003s wall-clock]
Building translation key... [0.000s CPU, 0.005s wall-clock]
Computing fact groups: [0.030s CPU, 0.033s wall-clock]
Building STRIPS to SAS dictionary... [0.010s CPU, 0.002s wall-clock]
Building dictionary for full mutex groups... [0.000s CPU, 0.002s wall-clock]
Building mutex information...
Building mutex information: [0.000s CPU, 0.001s wall-clock]
Translating task...
Processing axioms...
Simplifying axioms... [0.000s CPU, 0.000s wall-clock]
Translator axioms removed by simplifying: 0
Computing negative axioms... [0.000s CPU, 0.000s wall-clock]
Processing axioms: [0.010s CPU, 0.006s wall-clock]
Translating task: [0.160s CPU, 0.151s wall-clock]
0 effect conditions simplified
0 implied preconditions added
Detecting unreachable propositions...
0 operators removed
0 axioms removed
3 propositions removed
Detecting unreachable propositions: [0.070s CPU, 0.077s wall-clock]
Reordering and filtering variables...
1600 of 1600 variables necessary.
0 of 1 mutex groups necessary.
6240 of 6240 operators necessary.
0 of 0 axiom rules necessary.
Reordering and filtering variables: [0.020s CPU, 0.022s wall-clock]
Translator variables: 1600
Translator derived variables: 0
Translator facts: 4798
Translator goal facts: 1599
Translator mutex groups: 0
Translator total mutex groups size: 0
Translator operators: 6240
Translator axioms: 0
Translator task size: 32953
Translator peak memory: 60196 KB
Writing output... [0.030s CPU, 0.030s wall-clock]
Done! [0.720s CPU, 0.732s wall-clock]
translate exit code: 0

INFO     Running search (release).
INFO     search stdin: output.sas
INFO     search time limit: 899s
INFO     search memory limit: 3584 MB
INFO     search command line string: /usr/local/downward-projects/downward/experiments/assign3/data/assign3-anytime_exp/code-fe4f0f1bb525c059c1938ac01bab1b7bae200873_e5e41175/builds/release/bin/downward --evaluator 'h=lmcut()' --search 'eager_anytime(epsilon_greedy(
        sum([weight(h, 2, verbosity=normal), g()]), epsilon=0.2, random_seed=1234), 
        reopen_closed=true, f_eval=sum([h, g()]))' --internal-plan-file sas_plan < output.sas
[t=0s, 10884 KB] reading input...
[t=0.0239518s, 13216 KB] done reading input!
[t=0.0279321s, 15052 KB] Initializing landmark cut heuristic...
[t=0.0291658s, 15052 KB] Building successor generator...done!
[t=0.0305004s, 15728 KB] peak memory difference for successor generator creation: 676 KB
[t=0.0305563s, 15728 KB] time for successor generation creation: 0s
[t=0.030583s, 15728 KB] Variables: 1600
[t=0.030647s, 15728 KB] FactPairs: 4798
[t=0.030671s, 15728 KB] Bytes per state: 204
[t=0.0306942s, 15728 KB] Conducting best first anytime search with reopening closed nodes, (real) bound = 2147483647
[t=0.0876151s, 15728 KB] New best heuristic value for lmcut(): 582
[t=0.0885655s, 15728 KB] g=0, 1 evaluated, 0 expanded
[t=0.0885965s, 15728 KB] Initial heuristic value for lmcut(): 582
[t=0.0886251s, 15728 KB] Start Timestep: 1682520328660 millisecond(s).
[t=0.143422s, 15728 KB] New best heuristic value for lmcut(): 562
[t=0.144352s, 15728 KB] g=1, 2 evaluated, 1 expanded
[t=0.199265s, 15728 KB] New best heuristic value for lmcut(): 557
[t=0.199758s, 15728 KB] g=1, 3 evaluated, 1 expanded
[t=0.426161s, 15728 KB] New best heuristic value for lmcut(): 545
[t=0.427746s, 15728 KB] g=2, 7 evaluated, 2 expanded
[t=0.653622s, 15728 KB] New best heuristic value for lmcut(): 529
[t=0.655679s, 15728 KB] g=3, 11 evaluated, 3 expanded
[t=0.871014s, 15728 KB] New best heuristic value for lmcut(): 506
[t=0.871197s, 15728 KB] g=4, 15 evaluated, 4 expanded
[t=1.0766s, 15728 KB] New best heuristic value for lmcut(): 493
[t=1.08045s, 15728 KB] g=5, 19 evaluated, 5 expanded
[t=1.5038s, 15728 KB] New best heuristic value for lmcut(): 478
[t=1.50651s, 15728 KB] g=6, 27 evaluated, 7 expanded
[t=3.43093s, 15728 KB] New best heuristic value for lmcut(): 476
[t=3.43238s, 15728 KB] g=9, 65 evaluated, 19 expanded
[t=3.67834s, 15728 KB] New best heuristic value for lmcut(): 474
[t=3.67876s, 15728 KB] g=10, 70 evaluated, 20 expanded
[t=4.85888s, 15728 KB] New best heuristic value for lmcut(): 467
[t=4.86164s, 15728 KB] g=13, 93 evaluated, 27 expanded
[t=5.05051s, 15728 KB] New best heuristic value for lmcut(): 434
[t=5.05223s, 15728 KB] g=14, 97 evaluated, 28 expanded
[t=5.61705s, 15728 KB] New best heuristic value for lmcut(): 431
[t=5.6181s, 15728 KB] g=16, 109 evaluated, 31 expanded
[t=5.99996s, 15728 KB] New best heuristic value for lmcut(): 428
[t=6.00229s, 15728 KB] g=17, 117 evaluated, 33 expanded
[t=11.4161s, 15728 KB] New best heuristic value for lmcut(): 420
[t=11.4169s, 15728 KB] g=16, 231 evaluated, 69 expanded
[t=13.4751s, 15728 KB] New best heuristic value for lmcut(): 413
[t=13.476s, 15728 KB] g=21, 275 evaluated, 81 expanded
[t=40.4564s, 15728 KB] New best heuristic value for lmcut(): 412
[t=40.4601s, 15728 KB] g=23, 864 evaluated, 278 expanded
[t=388.276s, 17548 KB] New best heuristic value for lmcut(): 410
[t=388.279s, 17548 KB] g=44, 8305 evaluated, 3020 expanded, 59 reopened
[t=538.44s, 18224 KB] New best heuristic value for lmcut(): 409
[t=538.44s, 18224 KB] g=34, 11473 evaluated, 4256 expanded, 131 reopened
[t=846.193s, 19972 KB] New best heuristic value for lmcut(): 408
[t=846.193s, 19972 KB] g=37, 18077 evaluated, 6911 expanded, 329 reopened
Peak memory: 20244 KB
caught signal 24 -- exiting
Time limit has been reached.
Remove intermediate file output.sas
search exit code: 23

Driver aborting after search
INFO     Planner time: 896.44s
