INFO     planner time limit: 900s
INFO     planner memory limit: 3584 MB

INFO     Running translator.
INFO     translator stdin: None
INFO     translator time limit: 899s
INFO     translator memory limit: 3584 MB
INFO     translator command line string: /usr/local/downward-projects/downward/experiments/.venv/bin/python3 /usr/local/downward-projects/downward/experiments/src/thesis/data/thesis-thesis_exp/code-f7a4f68fd467cf7cff4d3dfcfdfcfa2023e44324_e5e41175/builds/release/bin/translate/translate.py domain.pddl problem.pddl --sas-file output.sas
Parsing...
Parsing: [0.000s CPU, 0.003s wall-clock]
Normalizing task... [0.000s CPU, 0.000s wall-clock]
Instantiating...
Generating Datalog program... [0.000s CPU, 0.001s wall-clock]
Normalizing Datalog program...
Normalizing Datalog program: [0.000s CPU, 0.001s wall-clock]
Preparing model... [0.010s CPU, 0.003s wall-clock]
Generated 24 rules.
Computing model... [0.010s CPU, 0.017s wall-clock]
1971 relevant atoms
1320 auxiliary atoms
3291 final queue length
4464 total queue pushes
Completing instantiation... [0.030s CPU, 0.024s wall-clock]
Instantiating: [0.050s CPU, 0.046s wall-clock]
Computing fact groups...
Finding invariants...
10 initial candidates
Finding invariants: [0.000s CPU, 0.001s wall-clock]
Checking invariant weight... [0.000s CPU, 0.001s wall-clock]
Instantiating groups... [0.020s CPU, 0.026s wall-clock]
Collecting mutex groups... [0.000s CPU, 0.000s wall-clock]
Choosing groups...
0 uncovered facts
Choosing groups: [0.010s CPU, 0.002s wall-clock]
Building translation key... [0.000s CPU, 0.000s wall-clock]
Computing fact groups: [0.030s CPU, 0.032s wall-clock]
Building STRIPS to SAS dictionary... [0.000s CPU, 0.000s wall-clock]
Building dictionary for full mutex groups... [0.000s CPU, 0.000s wall-clock]
Building mutex information...
Building mutex information: [0.000s CPU, 0.000s wall-clock]
Translating task...
Processing axioms...
Simplifying axioms... [0.000s CPU, 0.000s wall-clock]
Translator axioms removed by simplifying: 0
Computing negative axioms... [0.000s CPU, 0.000s wall-clock]
Processing axioms: [0.000s CPU, 0.001s wall-clock]
Translating task: [0.020s CPU, 0.030s wall-clock]
0 effect conditions simplified
0 implied preconditions added
Detecting unreachable propositions...
0 operators removed
0 axioms removed
3 propositions removed
Detecting unreachable propositions: [0.020s CPU, 0.015s wall-clock]
Reordering and filtering variables...
133 of 133 variables necessary.
130 of 133 mutex groups necessary.
1042 of 1042 operators necessary.
0 of 0 axiom rules necessary.
Reordering and filtering variables: [0.000s CPU, 0.005s wall-clock]
Translator variables: 133
Translator derived variables: 0
Translator facts: 654
Translator goal facts: 130
Translator mutex groups: 130
Translator total mutex groups size: 520
Translator operators: 1042
Translator axioms: 0
Translator task size: 7163
Translator peak memory: 36780 KB
Writing output... [0.020s CPU, 0.007s wall-clock]
Done! [0.140s CPU, 0.142s wall-clock]
translate exit code: 0

INFO     Running search (release).
INFO     search stdin: output.sas
INFO     search time limit: 899s
INFO     search memory limit: 3584 MB
INFO     search command line string: /usr/local/downward-projects/downward/experiments/src/thesis/data/thesis-thesis_exp/code-f7a4f68fd467cf7cff4d3dfcfdfcfa2023e44324_e5e41175/builds/release/bin/downward --evaluator 'h=ff()' --search 'eager(epsilon_greedy(h, epsilon=0.2))' --internal-plan-file sas_plan < output.sas
[t=0.00140131s, 11000 KB] reading input...
[t=0.00231459s, 11388 KB] done reading input!
[t=0.00629164s, 11796 KB] Simplifying 2082 unary operators... done! [2082 unary operators]
[t=0.00798071s, 11796 KB] time to simplify: 0.00168907s
[t=0.00810182s, 11796 KB] Initializing additive heuristic...
[t=0.00825633s, 11796 KB] Initializing FF heuristic...
[t=0.00828156s, 11796 KB] Building successor generator...done!
[t=0.00870545s, 11952 KB] peak memory difference for successor generator creation: 156 KB
[t=0.00875267s, 11952 KB] time for successor generation creation: 0s
[t=0.00877822s, 11952 KB] Variables: 133
[t=0.00880948s, 11952 KB] FactPairs: 654
[t=0.00883329s, 11952 KB] Bytes per state: 36
[t=0.00885642s, 11952 KB] Conducting best first search without reopening closed nodes, (real) bound = 2147483647
[t=0.00890269s, 11952 KB] New best heuristic value for ff(): 261
[t=0.00898986s, 11952 KB] g=0, 1 evaluated, 0 expanded
[t=0.00901357s, 11952 KB] Initial heuristic value for ff(): 261
[t=0.00903918s, 11952 KB] pruning method: none
[t=0.00906386s, 11952 KB] Start Timestep: 1684371153850 millisecond(s).
[t=0.00910894s, 11952 KB] New best heuristic value for ff(): 260
[t=0.00922233s, 11952 KB] g=1, 3 evaluated, 1 expanded
[t=0.100852s, 12052 KB] New best heuristic value for ff(): 259
[t=0.10245s, 12052 KB] g=3, 2973 evaluated, 23 expanded
[t=0.102483s, 12052 KB] New best heuristic value for ff(): 258
[t=0.102548s, 12052 KB] g=4, 2974 evaluated, 24 expanded
[t=0.102574s, 12052 KB] New best heuristic value for ff(): 257
[t=0.102717s, 12052 KB] g=5, 2977 evaluated, 25 expanded
[t=0.104735s, 12052 KB] New best heuristic value for ff(): 256
[t=0.106354s, 12052 KB] g=7, 3092 evaluated, 28 expanded
[t=0.214566s, 12364 KB] New best heuristic value for ff(): 255
[t=0.214737s, 12364 KB] g=9, 6551 evaluated, 57 expanded
[t=0.214851s, 12364 KB] New best heuristic value for ff(): 254
[t=0.214914s, 12364 KB] g=10, 6554 evaluated, 60 expanded
[t=0.214939s, 12364 KB] New best heuristic value for ff(): 253
[t=0.215179s, 12364 KB] g=11, 6560 evaluated, 62 expanded
[t=0.215203s, 12364 KB] New best heuristic value for ff(): 252
[t=0.215512s, 12364 KB] g=13, 6568 evaluated, 64 expanded
[t=0.23965s, 12496 KB] New best heuristic value for ff(): 251
[t=0.240958s, 12496 KB] g=15, 7325 evaluated, 70 expanded
[t=0.24099s, 12496 KB] New best heuristic value for ff(): 250
[t=0.241086s, 12496 KB] g=16, 7327 evaluated, 72 expanded
[t=0.241111s, 12496 KB] New best heuristic value for ff(): 249
[t=0.241386s, 12496 KB] g=17, 7334 evaluated, 73 expanded
[t=0.243543s, 12496 KB] New best heuristic value for ff(): 248
[t=0.245738s, 12496 KB] g=19, 7472 evaluated, 76 expanded
[t=0.371754s, 12828 KB] New best heuristic value for ff(): 247
[t=0.372213s, 12828 KB] g=21, 11515 evaluated, 110 expanded
[t=0.372245s, 12828 KB] New best heuristic value for ff(): 246
[t=0.372309s, 12828 KB] g=22, 11516 evaluated, 111 expanded
[t=0.372333s, 12828 KB] New best heuristic value for ff(): 245
[t=0.372661s, 12828 KB] g=23, 11525 evaluated, 112 expanded
[t=0.372698s, 12828 KB] New best heuristic value for ff(): 244
[t=0.373236s, 12828 KB] g=25, 11541 evaluated, 114 expanded
[t=0.602457s, 13616 KB] New best heuristic value for ff(): 243
[t=0.606356s, 13616 KB] g=27, 18995 evaluated, 180 expanded
[t=0.606389s, 13616 KB] New best heuristic value for ff(): 242
[t=0.606457s, 13616 KB] g=28, 18996 evaluated, 181 expanded
[t=0.606481s, 13616 KB] New best heuristic value for ff(): 241
[t=0.606907s, 13616 KB] g=29, 19008 evaluated, 183 expanded
[t=0.606932s, 13616 KB] New best heuristic value for ff(): 240
[t=0.607579s, 13616 KB] g=31, 19028 evaluated, 185 expanded
[t=0.734058s, 13828 KB] New best heuristic value for ff(): 239
[t=0.735034s, 13828 KB] g=33, 23104 evaluated, 224 expanded
[t=0.735066s, 13828 KB] New best heuristic value for ff(): 238
[t=0.735131s, 13828 KB] g=34, 23105 evaluated, 225 expanded
[t=0.735155s, 13828 KB] New best heuristic value for ff(): 237
[t=0.735604s, 13828 KB] g=35, 23118 evaluated, 226 expanded
[t=0.735629s, 13828 KB] New best heuristic value for ff(): 236
[t=0.736387s, 13828 KB] g=37, 23142 evaluated, 228 expanded
[t=1.08905s, 15264 KB] New best heuristic value for ff(): 235
[t=1.09259s, 15264 KB] g=39, 34603 evaluated, 339 expanded
[t=1.09262s, 15264 KB] New best heuristic value for ff(): 234
[t=1.09268s, 15264 KB] g=40, 34604 evaluated, 340 expanded
[t=1.09297s, 15264 KB] New best heuristic value for ff(): 233
[t=1.09324s, 15264 KB] g=41, 34619 evaluated, 341 expanded
[t=1.09326s, 15264 KB] New best heuristic value for ff(): 232
[t=1.09413s, 15264 KB] g=43, 34647 evaluated, 343 expanded
[t=1.2471s, 15284 KB] New best heuristic value for ff(): 231
[t=1.24858s, 15284 KB] g=45, 39645 evaluated, 395 expanded
[t=1.24861s, 15284 KB] New best heuristic value for ff(): 230
[t=1.24868s, 15284 KB] g=46, 39646 evaluated, 396 expanded
[t=1.2487s, 15284 KB] New best heuristic value for ff(): 229
[t=1.24928s, 15284 KB] g=47, 39663 evaluated, 397 expanded
[t=1.24931s, 15284 KB] New best heuristic value for ff(): 228
[t=1.2503s, 15284 KB] g=49, 39695 evaluated, 399 expanded
[t=1.29079s, 15420 KB] New best heuristic value for ff(): 227
[t=1.29366s, 15420 KB] g=51, 41065 evaluated, 412 expanded
[t=1.29369s, 15420 KB] New best heuristic value for ff(): 226
[t=1.29375s, 15420 KB] g=52, 41066 evaluated, 413 expanded
[t=1.29378s, 15420 KB] New best heuristic value for ff(): 225
[t=1.29441s, 15420 KB] g=53, 41085 evaluated, 414 expanded
[t=1.29471s, 15420 KB] New best heuristic value for ff(): 224
[t=1.29554s, 15420 KB] g=55, 41121 evaluated, 416 expanded
[t=1.40245s, 15556 KB] New best heuristic value for ff(): 223
[t=1.40644s, 15556 KB] g=57, 44710 evaluated, 452 expanded
[t=1.40647s, 15556 KB] New best heuristic value for ff(): 222
[t=1.40653s, 15556 KB] g=58, 44711 evaluated, 453 expanded
[t=1.40656s, 15556 KB] New best heuristic value for ff(): 221
[t=1.40725s, 15556 KB] g=59, 44732 evaluated, 454 expanded
[t=1.40727s, 15556 KB] New best heuristic value for ff(): 220
[t=1.40859s, 15556 KB] g=61, 44775 evaluated, 459 expanded
[t=1.79314s, 17264 KB] New best heuristic value for ff(): 219
[t=1.7939s, 17264 KB] g=63, 57162 evaluated, 637 expanded
[t=1.79393s, 17264 KB] New best heuristic value for ff(): 218
[t=1.794s, 17264 KB] g=64, 57163 evaluated, 638 expanded
[t=1.79402s, 17264 KB] New best heuristic value for ff(): 217
[t=1.79478s, 17264 KB] g=65, 57186 evaluated, 639 expanded
[t=1.79481s, 17264 KB] New best heuristic value for ff(): 216
[t=1.79614s, 17264 KB] g=67, 57230 evaluated, 641 expanded
[t=2.10455s, 18832 KB] New best heuristic value for ff(): 215
[t=2.10837s, 18832 KB] g=69, 67313 evaluated, 753 expanded
[t=2.10841s, 18832 KB] New best heuristic value for ff(): 214
[t=2.10847s, 18832 KB] g=70, 67314 evaluated, 754 expanded
[t=2.1085s, 18832 KB] New best heuristic value for ff(): 213
[t=2.10932s, 18832 KB] g=71, 67339 evaluated, 755 expanded
[t=2.11038s, 18832 KB] New best heuristic value for ff(): 212
[t=2.11082s, 18832 KB] g=73, 67387 evaluated, 757 expanded
[t=2.41003s, 18832 KB] New best heuristic value for ff(): 211
[t=2.41026s, 18832 KB] g=75, 77080 evaluated, 874 expanded
[t=2.41029s, 18832 KB] New best heuristic value for ff(): 210
[t=2.41035s, 18832 KB] g=76, 77081 evaluated, 875 expanded
[t=2.41038s, 18832 KB] New best heuristic value for ff(): 209
[t=2.41126s, 18832 KB] g=77, 77108 evaluated, 876 expanded
[t=2.41262s, 18832 KB] New best heuristic value for ff(): 208
[t=2.41291s, 18832 KB] g=79, 77160 evaluated, 878 expanded
[t=2.56385s, 18876 KB] New best heuristic value for ff(): 207
[t=2.56523s, 18876 KB] g=81, 82071 evaluated, 928 expanded
[t=2.56526s, 18876 KB] New best heuristic value for ff(): 206
[t=2.56533s, 18876 KB] g=82, 82072 evaluated, 929 expanded
[t=2.56586s, 18876 KB] New best heuristic value for ff(): 205
[t=2.56634s, 18876 KB] g=83, 82102 evaluated, 931 expanded
[t=2.56636s, 18876 KB] New best heuristic value for ff(): 204
[t=2.56809s, 18876 KB] g=85, 82159 evaluated, 934 expanded
[t=2.82931s, 19420 KB] New best heuristic value for ff(): 203
[t=2.83042s, 19420 KB] g=87, 90646 evaluated, 1037 expanded
[t=2.83045s, 19420 KB] New best heuristic value for ff(): 202
[t=2.83051s, 19420 KB] g=88, 90647 evaluated, 1038 expanded
[t=2.83054s, 19420 KB] New best heuristic value for ff(): 201
[t=2.83153s, 19420 KB] g=89, 90678 evaluated, 1039 expanded
[t=2.83321s, 19420 KB] New best heuristic value for ff(): 200
[t=2.83338s, 19420 KB] g=91, 90738 evaluated, 1041 expanded
[t=2.85318s, 19420 KB] New best heuristic value for ff(): 199
[t=2.85601s, 19420 KB] g=93, 91439 evaluated, 1048 expanded
[t=2.85604s, 19420 KB] New best heuristic value for ff(): 198
[t=2.85617s, 19420 KB] g=94, 91442 evaluated, 1051 expanded
[t=2.85713s, 19420 KB] New best heuristic value for ff(): 197
[t=2.85725s, 19420 KB] g=95, 91475 evaluated, 1052 expanded
[t=2.85909s, 19420 KB] New best heuristic value for ff(): 196
[t=2.8592s, 19420 KB] g=97, 91539 evaluated, 1054 expanded
[t=2.9928s, 19688 KB] New best heuristic value for ff(): 195
[t=2.99312s, 19688 KB] g=99, 95863 evaluated, 1109 expanded
[t=2.99315s, 19688 KB] New best heuristic value for ff(): 194
[t=2.99322s, 19688 KB] g=100, 95864 evaluated, 1110 expanded
[t=2.99324s, 19688 KB] New best heuristic value for ff(): 193
[t=2.99465s, 19688 KB] g=101, 95900 evaluated, 1112 expanded
[t=2.99669s, 19688 KB] New best heuristic value for ff(): 192
[t=2.9968s, 19688 KB] g=103, 95968 evaluated, 1114 expanded
[t=3.28816s, 20232 KB] New best heuristic value for ff(): 191
[t=3.2892s, 20232 KB] g=105, 105422 evaluated, 1257 expanded
[t=3.28923s, 20232 KB] New best heuristic value for ff(): 190
[t=3.2893s, 20232 KB] g=106, 105423 evaluated, 1258 expanded
[t=3.28932s, 20232 KB] New best heuristic value for ff(): 189
[t=3.2905s, 20232 KB] g=107, 105460 evaluated, 1259 expanded
[t=3.29205s, 20232 KB] New best heuristic value for ff(): 188
[t=3.29269s, 20232 KB] g=109, 105532 evaluated, 1261 expanded
[t=3.57129s, 22556 KB] New best heuristic value for ff(): 187
[t=3.57238s, 22556 KB] g=111, 114391 evaluated, 1377 expanded
[t=3.57241s, 22556 KB] New best heuristic value for ff(): 186
[t=3.57247s, 22556 KB] g=112, 114392 evaluated, 1378 expanded
[t=3.5725s, 22556 KB] New best heuristic value for ff(): 185
[t=3.57373s, 22556 KB] g=113, 114431 evaluated, 1379 expanded
[t=3.57517s, 22556 KB] New best heuristic value for ff(): 184
[t=3.57605s, 22556 KB] g=115, 114507 evaluated, 1381 expanded
[t=3.69498s, 22556 KB] New best heuristic value for ff(): 183
[t=3.69867s, 22556 KB] g=117, 118471 evaluated, 1431 expanded
[t=3.6987s, 22556 KB] New best heuristic value for ff(): 182
[t=3.69876s, 22556 KB] g=118, 118472 evaluated, 1432 expanded
[t=3.69891s, 22556 KB] New best heuristic value for ff(): 181
[t=3.70013s, 22556 KB] g=119, 118514 evaluated, 1434 expanded
[t=3.70016s, 22556 KB] New best heuristic value for ff(): 180
[t=3.70259s, 22556 KB] g=121, 118595 evaluated, 1437 expanded
[t=3.85056s, 22556 KB] New best heuristic value for ff(): 179
[t=3.85334s, 22556 KB] g=123, 123471 evaluated, 1506 expanded
[t=3.85337s, 22556 KB] New best heuristic value for ff(): 178
[t=3.85354s, 22556 KB] g=124, 123475 evaluated, 1510 expanded
[t=3.85449s, 22556 KB] New best heuristic value for ff(): 177
[t=3.85494s, 22556 KB] g=125, 123518 evaluated, 1511 expanded
[t=3.85496s, 22556 KB] New best heuristic value for ff(): 176
[t=3.85748s, 22556 KB] g=127, 123602 evaluated, 1513 expanded
[t=3.96155s, 22556 KB] New best heuristic value for ff(): 175
[t=3.9621s, 22556 KB] g=129, 126954 evaluated, 1558 expanded
[t=3.96213s, 22556 KB] New best heuristic value for ff(): 174
[t=3.9622s, 22556 KB] g=130, 126955 evaluated, 1559 expanded
[t=3.96347s, 22556 KB] New best heuristic value for ff(): 173
[t=3.96367s, 22556 KB] g=131, 127000 evaluated, 1560 expanded
[t=3.96539s, 22556 KB] New best heuristic value for ff(): 172
[t=3.96636s, 22556 KB] g=133, 127088 evaluated, 1562 expanded
[t=4.20585s, 25828 KB] New best heuristic value for ff(): 171
[t=4.20804s, 25828 KB] g=135, 134766 evaluated, 1759 expanded
[t=4.20807s, 25828 KB] New best heuristic value for ff(): 170
[t=4.20813s, 25828 KB] g=136, 134767 evaluated, 1760 expanded
[t=4.20894s, 25828 KB] New best heuristic value for ff(): 169
[t=4.20965s, 25828 KB] g=137, 134814 evaluated, 1761 expanded
[t=4.21097s, 25828 KB] New best heuristic value for ff(): 168
[t=4.21244s, 25828 KB] g=139, 134906 evaluated, 1763 expanded
[t=4.43999s, 25828 KB] New best heuristic value for ff(): 167
[t=4.44074s, 25828 KB] g=141, 142257 evaluated, 1886 expanded
[t=4.44078s, 25828 KB] New best heuristic value for ff(): 166
[t=4.44084s, 25828 KB] g=142, 142258 evaluated, 1887 expanded
[t=4.44087s, 25828 KB] New best heuristic value for ff(): 165
[t=4.44239s, 25828 KB] g=143, 142307 evaluated, 1888 expanded
[t=4.44389s, 25828 KB] New best heuristic value for ff(): 164
[t=4.44535s, 25828 KB] g=145, 142404 evaluated, 1891 expanded
[t=4.66635s, 25828 KB] New best heuristic value for ff(): 163
[t=4.66806s, 25828 KB] g=147, 149530 evaluated, 2097 expanded
[t=4.67028s, 25828 KB] New best heuristic value for ff(): 162
[t=4.67253s, 25828 KB] g=149, 149676 evaluated, 2099 expanded
[t=4.8898s, 25828 KB] New best heuristic value for ff(): 161
[t=4.8921s, 25828 KB] g=151, 156682 evaluated, 2309 expanded
[t=4.89373s, 25828 KB] New best heuristic value for ff(): 160
[t=4.89676s, 25828 KB] g=153, 156834 evaluated, 2314 expanded
[t=5.07725s, 25920 KB] New best heuristic value for ff(): 159
[t=5.07879s, 25920 KB] g=155, 162692 evaluated, 2404 expanded
[t=5.07883s, 25920 KB] New best heuristic value for ff(): 158
[t=5.07889s, 25920 KB] g=156, 162693 evaluated, 2405 expanded
[t=5.07892s, 25920 KB] New best heuristic value for ff(): 157
[t=5.08056s, 25920 KB] g=157, 162746 evaluated, 2406 expanded
[t=5.08113s, 25920 KB] New best heuristic value for ff(): 156
[t=5.08377s, 25920 KB] g=159, 162851 evaluated, 2409 expanded
[t=5.27679s, 26192 KB] New best heuristic value for ff(): 155
[t=5.27901s, 26192 KB] g=161, 169148 evaluated, 2545 expanded
[t=5.27905s, 26192 KB] New best heuristic value for ff(): 154
[t=5.27911s, 26192 KB] g=162, 169149 evaluated, 2546 expanded
[t=5.28072s, 26192 KB] New best heuristic value for ff(): 153
[t=5.28085s, 26192 KB] g=163, 169204 evaluated, 2547 expanded
[t=5.28087s, 26192 KB] New best heuristic value for ff(): 152
[t=5.28414s, 26192 KB] g=165, 169314 evaluated, 2551 expanded
[t=5.47226s, 26600 KB] New best heuristic value for ff(): 151
[t=5.47301s, 26600 KB] g=167, 175408 evaluated, 2740 expanded
[t=5.47621s, 26600 KB] New best heuristic value for ff(): 150
[t=5.47791s, 26600 KB] g=169, 175572 evaluated, 2742 expanded
[t=5.66034s, 26872 KB] New best heuristic value for ff(): 149
[t=5.66321s, 26872 KB] g=171, 181565 evaluated, 2929 expanded
[t=5.66712s, 26872 KB] New best heuristic value for ff(): 148
[t=5.6682s, 26872 KB] g=173, 181732 evaluated, 2931 expanded
[t=5.77858s, 27144 KB] New best heuristic value for ff(): 147
[t=5.78108s, 27144 KB] g=175, 185416 evaluated, 2984 expanded
[t=5.78111s, 27144 KB] New best heuristic value for ff(): 146
[t=5.78117s, 27144 KB] g=176, 185417 evaluated, 2985 expanded
[t=5.78251s, 27144 KB] New best heuristic value for ff(): 145
[t=5.78305s, 27144 KB] g=177, 185477 evaluated, 2987 expanded
[t=5.78308s, 27144 KB] New best heuristic value for ff(): 144
[t=5.7865s, 27144 KB] g=179, 185594 evaluated, 2990 expanded
[t=5.95027s, 27416 KB] New best heuristic value for ff(): 143
[t=5.95134s, 27416 KB] g=181, 190997 evaluated, 3090 expanded
[t=5.95137s, 27416 KB] New best heuristic value for ff(): 142
[t=5.95144s, 27416 KB] g=182, 190998 evaluated, 3091 expanded
[t=5.95147s, 27416 KB] New best heuristic value for ff(): 141
[t=5.95332s, 27416 KB] g=183, 191059 evaluated, 3092 expanded
[t=5.9566s, 27416 KB] New best heuristic value for ff(): 140
[t=5.95697s, 27416 KB] g=185, 191181 evaluated, 3096 expanded
[t=6.11383s, 27688 KB] New best heuristic value for ff(): 139
[t=6.11634s, 27688 KB] g=187, 196397 evaluated, 3217 expanded
[t=6.11637s, 27688 KB] New best heuristic value for ff(): 138
[t=6.11643s, 27688 KB] g=188, 196398 evaluated, 3218 expanded
[t=6.11774s, 27688 KB] New best heuristic value for ff(): 137
[t=6.1184s, 27688 KB] g=189, 196461 evaluated, 3219 expanded
[t=6.12171s, 27820 KB] New best heuristic value for ff(): 136
[t=6.12216s, 27820 KB] g=191, 196586 evaluated, 3222 expanded
[t=6.26937s, 28092 KB] New best heuristic value for ff(): 135
[t=6.27141s, 28092 KB] g=193, 201434 evaluated, 3331 expanded
[t=6.27144s, 28092 KB] New best heuristic value for ff(): 134
[t=6.2715s, 28092 KB] g=194, 201435 evaluated, 3332 expanded
[t=6.27329s, 28092 KB] New best heuristic value for ff(): 133
[t=6.27351s, 28092 KB] g=195, 201500 evaluated, 3333 expanded
[t=6.27354s, 28092 KB] New best heuristic value for ff(): 132
[t=6.27725s, 28092 KB] g=197, 201628 evaluated, 3335 expanded
[t=6.42085s, 28364 KB] New best heuristic value for ff(): 131
[t=6.42382s, 28364 KB] g=199, 206405 evaluated, 3504 expanded
[t=6.42878s, 28364 KB] New best heuristic value for ff(): 130
[t=6.42952s, 28364 KB] g=201, 206599 evaluated, 3506 expanded
[t=6.56426s, 28500 KB] New best heuristic value for ff(): 129
[t=6.56731s, 28500 KB] g=203, 211119 evaluated, 3679 expanded
[t=6.5722s, 28500 KB] New best heuristic value for ff(): 128
[t=6.57304s, 28500 KB] g=205, 211316 evaluated, 3681 expanded
[t=6.70161s, 28772 KB] New best heuristic value for ff(): 127
[t=6.70308s, 28772 KB] g=207, 215608 evaluated, 3814 expanded
[t=6.70311s, 28772 KB] New best heuristic value for ff(): 126
[t=6.70321s, 28772 KB] g=208, 215610 evaluated, 3816 expanded
[t=6.70448s, 28772 KB] New best heuristic value for ff(): 125
[t=6.7053s, 28772 KB] g=209, 215679 evaluated, 3817 expanded
[t=6.70698s, 28772 KB] New best heuristic value for ff(): 124
[t=6.70922s, 28772 KB] g=211, 215815 evaluated, 3819 expanded
[t=6.7747s, 28908 KB] New best heuristic value for ff(): 123
[t=6.77616s, 28908 KB] g=213, 218053 evaluated, 3860 expanded
[t=6.77619s, 28908 KB] New best heuristic value for ff(): 122
[t=6.77629s, 28908 KB] g=214, 218055 evaluated, 3862 expanded
[t=6.77631s, 28908 KB] New best heuristic value for ff(): 121
[t=6.77839s, 28908 KB] g=215, 218126 evaluated, 3863 expanded
[t=6.77861s, 28908 KB] New best heuristic value for ff(): 120
[t=6.78241s, 28908 KB] g=217, 218266 evaluated, 3865 expanded
[t=6.89443s, 29180 KB] New best heuristic value for ff(): 119
[t=6.89791s, 29180 KB] g=219, 222116 evaluated, 4016 expanded
[t=6.90235s, 29180 KB] New best heuristic value for ff(): 118
[t=6.90402s, 29180 KB] g=221, 222329 evaluated, 4019 expanded
[t=7.01413s, 29316 KB] New best heuristic value for ff(): 117
[t=7.01793s, 29316 KB] g=223, 226140 evaluated, 4162 expanded
[t=7.02206s, 29452 KB] New best heuristic value for ff(): 116
[t=7.02409s, 29452 KB] g=225, 226355 evaluated, 4164 expanded
[t=7.06591s, 29452 KB] New best heuristic value for ff(): 115
[t=7.06909s, 29452 KB] g=227, 227866 evaluated, 4192 expanded
[t=7.06913s, 29452 KB] New best heuristic value for ff(): 114
[t=7.06919s, 29452 KB] g=228, 227867 evaluated, 4193 expanded
[t=7.06985s, 29452 KB] New best heuristic value for ff(): 113
[t=7.07141s, 29452 KB] g=229, 227942 evaluated, 4194 expanded
[t=7.07383s, 29452 KB] New best heuristic value for ff(): 112
[t=7.07574s, 29452 KB] g=231, 228093 evaluated, 4199 expanded
[t=7.18957s, 33688 KB] New best heuristic value for ff(): 111
[t=7.19197s, 33688 KB] g=233, 231517 evaluated, 4344 expanded
[t=7.19752s, 33688 KB] New best heuristic value for ff(): 110
[t=7.19839s, 33688 KB] g=235, 231742 evaluated, 4347 expanded
[t=7.29333s, 33688 KB] New best heuristic value for ff(): 109
[t=7.29427s, 33688 KB] g=237, 234961 evaluated, 4485 expanded
[t=7.30056s, 33688 KB] New best heuristic value for ff(): 108
[t=7.30077s, 33688 KB] g=239, 235189 evaluated, 4488 expanded
[t=7.33321s, 33688 KB] New best heuristic value for ff(): 107
[t=7.33653s, 33688 KB] g=241, 236376 evaluated, 4512 expanded
[t=7.33656s, 33688 KB] New best heuristic value for ff(): 106
[t=7.33667s, 33688 KB] g=242, 236378 evaluated, 4514 expanded
[t=7.33715s, 33688 KB] New best heuristic value for ff(): 105
[t=7.33899s, 33688 KB] g=243, 236457 evaluated, 4515 expanded
[t=7.34223s, 33688 KB] New best heuristic value for ff(): 104
[t=7.34342s, 33688 KB] g=245, 236613 evaluated, 4517 expanded
[t=7.4248s, 33688 KB] New best heuristic value for ff(): 103
[t=7.42835s, 33688 KB] g=247, 239469 evaluated, 4618 expanded
[t=7.42838s, 33688 KB] New best heuristic value for ff(): 102
[t=7.42845s, 33688 KB] g=248, 239470 evaluated, 4619 expanded
[t=7.42872s, 33688 KB] New best heuristic value for ff(): 101
[t=7.43081s, 33688 KB] g=249, 239551 evaluated, 4620 expanded
[t=7.43269s, 33688 KB] New best heuristic value for ff(): 100
[t=7.4354s, 33688 KB] g=251, 239711 evaluated, 4622 expanded
[t=7.51251s, 33688 KB] New best heuristic value for ff(): 99
[t=7.51437s, 33688 KB] g=253, 242371 evaluated, 4732 expanded
[t=7.5144s, 33688 KB] New best heuristic value for ff(): 98
[t=7.51454s, 33688 KB] g=254, 242374 evaluated, 4735 expanded
[t=7.51638s, 33688 KB] New best heuristic value for ff(): 97
[t=7.51695s, 33688 KB] g=255, 242457 evaluated, 4736 expanded
[t=7.52035s, 33688 KB] New best heuristic value for ff(): 96
[t=7.52156s, 33688 KB] g=257, 242621 evaluated, 4738 expanded
[t=7.59221s, 33688 KB] New best heuristic value for ff(): 95
[t=7.59482s, 33688 KB] g=259, 245088 evaluated, 4854 expanded
[t=7.60012s, 33688 KB] New best heuristic value for ff(): 94
[t=7.60183s, 33688 KB] g=261, 245336 evaluated, 4856 expanded
[t=7.67595s, 33688 KB] New best heuristic value for ff(): 93
[t=7.67831s, 33688 KB] g=263, 247919 evaluated, 4971 expanded
[t=7.68391s, 33688 KB] New best heuristic value for ff(): 92
[t=7.68535s, 33688 KB] g=265, 248170 evaluated, 4973 expanded
[t=7.75264s, 33688 KB] New best heuristic value for ff(): 91
[t=7.7555s, 33688 KB] g=267, 250552 evaluated, 5085 expanded
[t=7.75553s, 33688 KB] New best heuristic value for ff(): 90
[t=7.7556s, 33688 KB] g=268, 250553 evaluated, 5086 expanded
[t=7.75649s, 33688 KB] New best heuristic value for ff(): 89
[t=7.75812s, 33688 KB] g=269, 250641 evaluated, 5088 expanded
[t=7.75947s, 33688 KB] New best heuristic value for ff(): 88
[t=7.76293s, 33688 KB] g=271, 250814 evaluated, 5091 expanded
[t=7.82738s, 33688 KB] New best heuristic value for ff(): 87
[t=7.82814s, 33688 KB] g=273, 253038 evaluated, 5206 expanded
[t=7.83132s, 33688 KB] New best heuristic value for ff(): 86
[t=7.83534s, 33688 KB] g=275, 253298 evaluated, 5208 expanded
[t=7.89516s, 33688 KB] New best heuristic value for ff(): 85
[t=7.89627s, 33688 KB] g=277, 255385 evaluated, 5320 expanded
[t=7.90304s, 33688 KB] New best heuristic value for ff(): 84
[t=7.90356s, 33688 KB] g=279, 255648 evaluated, 5322 expanded
[t=7.96288s, 33688 KB] New best heuristic value for ff(): 83
[t=7.96522s, 33688 KB] g=281, 257750 evaluated, 5441 expanded
[t=7.97084s, 33688 KB] New best heuristic value for ff(): 82
[t=7.97255s, 33688 KB] g=283, 258017 evaluated, 5444 expanded
[t=8.02275s, 33688 KB] New best heuristic value for ff(): 81
[t=8.02552s, 33688 KB] g=285, 259838 evaluated, 5544 expanded
[t=8.03068s, 33688 KB] New best heuristic value for ff(): 80
[t=8.03295s, 33688 KB] g=287, 260108 evaluated, 5547 expanded
[t=8.08252s, 33688 KB] New best heuristic value for ff(): 79
[t=8.08338s, 33688 KB] g=289, 261850 evaluated, 5650 expanded
[t=8.09047s, 33688 KB] New best heuristic value for ff(): 78
[t=8.09337s, 33688 KB] g=291, 262205 evaluated, 5653 expanded
[t=8.13836s, 33688 KB] New best heuristic value for ff(): 77
[t=8.14048s, 33688 KB] g=293, 263857 evaluated, 5746 expanded
[t=8.14632s, 33688 KB] New best heuristic value for ff(): 76
[t=8.14781s, 33688 KB] g=295, 264132 evaluated, 5748 expanded
[t=8.19019s, 33688 KB] New best heuristic value for ff(): 75
[t=8.19373s, 33688 KB] g=297, 265744 evaluated, 5850 expanded
[t=8.19871s, 33688 KB] New best heuristic value for ff(): 74
[t=8.20117s, 33688 KB] g=299, 266023 evaluated, 5853 expanded
[t=8.24206s, 33688 KB] New best heuristic value for ff(): 73
[t=8.24588s, 33688 KB] g=301, 267612 evaluated, 5945 expanded
[t=8.2517s, 33688 KB] New best heuristic value for ff(): 72
[t=8.25333s, 33688 KB] g=303, 267893 evaluated, 5947 expanded
[t=8.29856s, 39824 KB] New best heuristic value for ff(): 71
[t=8.29914s, 39824 KB] g=305, 269389 evaluated, 6046 expanded
[t=8.30576s, 39824 KB] New best heuristic value for ff(): 70
[t=8.30662s, 39824 KB] g=307, 269673 evaluated, 6048 expanded
[t=8.34563s, 39824 KB] New best heuristic value for ff(): 69
[t=8.34675s, 39824 KB] g=309, 271103 evaluated, 6135 expanded
[t=8.35359s, 39824 KB] New best heuristic value for ff(): 68
[t=8.3543s, 39824 KB] g=311, 271391 evaluated, 6138 expanded
[t=8.38946s, 39824 KB] New best heuristic value for ff(): 67
[t=8.3899s, 39824 KB] g=313, 272664 evaluated, 6222 expanded
[t=8.39743s, 39824 KB] New best heuristic value for ff(): 66
[t=8.39753s, 39824 KB] g=315, 272956 evaluated, 6226 expanded
[t=8.43315s, 39824 KB] New best heuristic value for ff(): 65
[t=8.4334s, 39824 KB] g=317, 274228 evaluated, 6313 expanded
[t=8.43711s, 39824 KB] New best heuristic value for ff(): 64
[t=8.44102s, 39824 KB] g=319, 274521 evaluated, 6315 expanded
[t=8.47298s, 39824 KB] New best heuristic value for ff(): 63
[t=8.47441s, 39824 KB] g=321, 275719 evaluated, 6393 expanded
[t=8.48092s, 39824 KB] New best heuristic value for ff(): 62
[t=8.48203s, 39824 KB] g=323, 276015 evaluated, 6395 expanded
[t=8.5128s, 39824 KB] New best heuristic value for ff(): 61
[t=8.51422s, 39824 KB] g=325, 277179 evaluated, 6480 expanded
[t=8.52076s, 39824 KB] New best heuristic value for ff(): 60
[t=8.52186s, 39824 KB] g=327, 277478 evaluated, 6482 expanded
[t=8.54873s, 39824 KB] New best heuristic value for ff(): 59
[t=8.54987s, 39824 KB] g=329, 278499 evaluated, 6519 expanded
[t=8.5499s, 39824 KB] New best heuristic value for ff(): 58
[t=8.54996s, 39824 KB] g=330, 278500 evaluated, 6520 expanded
[t=8.55075s, 39824 KB] New best heuristic value for ff(): 57
[t=8.55268s, 39824 KB] g=331, 278603 evaluated, 6521 expanded
[t=8.55656s, 39824 KB] New best heuristic value for ff(): 56
[t=8.55795s, 39824 KB] g=333, 278807 evaluated, 6523 expanded
[t=8.58453s, 39824 KB] New best heuristic value for ff(): 55
[t=8.58475s, 39824 KB] g=335, 279779 evaluated, 6595 expanded
[t=8.5925s, 39824 KB] New best heuristic value for ff(): 54
[t=8.59259s, 39824 KB] g=337, 280087 evaluated, 6597 expanded
[t=8.61242s, 39824 KB] New best heuristic value for ff(): 53
[t=8.61532s, 39824 KB] g=339, 280912 evaluated, 6667 expanded
[t=8.62039s, 39824 KB] New best heuristic value for ff(): 52
[t=8.62321s, 39824 KB] g=341, 281223 evaluated, 6669 expanded
[t=8.64036s, 39824 KB] New best heuristic value for ff(): 51
[t=8.64411s, 39824 KB] g=343, 281988 evaluated, 6733 expanded
[t=8.65051s, 39824 KB] New best heuristic value for ff(): 50
[t=8.65207s, 39824 KB] g=345, 282302 evaluated, 6735 expanded
[t=8.6714s, 39824 KB] New best heuristic value for ff(): 49
[t=8.67416s, 39824 KB] g=347, 283112 evaluated, 6801 expanded
[t=8.67936s, 39824 KB] New best heuristic value for ff(): 48
[t=8.68214s, 39824 KB] g=349, 283430 evaluated, 6804 expanded
[t=8.69957s, 39824 KB] New best heuristic value for ff(): 47
[t=8.69994s, 39824 KB] g=351, 284086 evaluated, 6861 expanded
[t=8.70726s, 39824 KB] New best heuristic value for ff(): 46
[t=8.70792s, 39824 KB] g=353, 284406 evaluated, 6863 expanded
[t=8.7231s, 39824 KB] New best heuristic value for ff(): 45
[t=8.7267s, 39824 KB] g=355, 285097 evaluated, 6921 expanded
[t=8.73107s, 39824 KB] New best heuristic value for ff(): 44
[t=8.73473s, 39824 KB] g=357, 285420 evaluated, 6923 expanded
[t=8.75103s, 39824 KB] New best heuristic value for ff(): 43
[t=8.75235s, 39824 KB] g=359, 286077 evaluated, 6978 expanded
[t=8.75892s, 39824 KB] New best heuristic value for ff(): 42
[t=8.76043s, 39824 KB] g=361, 286403 evaluated, 6980 expanded
[t=8.77489s, 39824 KB] New best heuristic value for ff(): 41
[t=8.77495s, 39824 KB] g=363, 286939 evaluated, 7031 expanded
[t=8.78286s, 39824 KB] New best heuristic value for ff(): 40
[t=8.78405s, 39824 KB] g=365, 287300 evaluated, 7036 expanded
[t=8.79919s, 39824 KB] New best heuristic value for ff(): 39
[t=8.80213s, 39824 KB] g=367, 287956 evaluated, 7086 expanded
[t=8.80675s, 39824 KB] New best heuristic value for ff(): 38
[t=8.81043s, 39824 KB] g=369, 288290 evaluated, 7090 expanded
[t=8.81872s, 39824 KB] New best heuristic value for ff(): 37
[t=8.82189s, 39824 KB] g=371, 288717 evaluated, 7138 expanded
[t=8.82669s, 39824 KB] New best heuristic value for ff(): 36
[t=8.83015s, 39824 KB] g=373, 289054 evaluated, 7142 expanded
[t=8.84266s, 39824 KB] New best heuristic value for ff(): 35
[t=8.84499s, 39824 KB] g=375, 289606 evaluated, 7190 expanded
[t=8.85062s, 39824 KB] New best heuristic value for ff(): 34
[t=8.8532s, 39824 KB] g=377, 289944 evaluated, 7192 expanded
[t=8.86318s, 39824 KB] New best heuristic value for ff(): 33
[t=8.86526s, 39824 KB] g=379, 290402 evaluated, 7238 expanded
[t=8.87034s, 39824 KB] New best heuristic value for ff(): 32
[t=8.87352s, 39824 KB] g=381, 290743 evaluated, 7240 expanded
[t=8.87826s, 39824 KB] New best heuristic value for ff(): 31
[t=8.88175s, 39824 KB] g=383, 291052 evaluated, 7278 expanded
[t=8.88623s, 39824 KB] New best heuristic value for ff(): 30
[t=8.89004s, 39824 KB] g=385, 291397 evaluated, 7281 expanded
[t=8.89576s, 39824 KB] New best heuristic value for ff(): 29
[t=8.89731s, 39824 KB] g=387, 291671 evaluated, 7316 expanded
[t=8.90213s, 39824 KB] New best heuristic value for ff(): 28
[t=8.90564s, 39824 KB] g=389, 292018 evaluated, 7318 expanded
[t=8.9101s, 39824 KB] New best heuristic value for ff(): 27
[t=8.91212s, 39824 KB] g=391, 292260 evaluated, 7351 expanded
[t=8.91807s, 39824 KB] New best heuristic value for ff(): 26
[t=8.92048s, 39824 KB] g=393, 292610 evaluated, 7353 expanded
[t=8.92597s, 39824 KB] New best heuristic value for ff(): 25
[t=8.92632s, 39824 KB] g=395, 292828 evaluated, 7390 expanded
[t=8.93394s, 39824 KB] New best heuristic value for ff(): 24
[t=8.93481s, 39824 KB] g=397, 293183 evaluated, 7394 expanded
[t=8.93791s, 39824 KB] New best heuristic value for ff(): 23
[t=8.93975s, 39824 KB] g=399, 293368 evaluated, 7424 expanded
[t=8.94588s, 39824 KB] New best heuristic value for ff(): 22
[t=8.94821s, 39824 KB] g=401, 293724 evaluated, 7426 expanded
[t=8.95402s, 39824 KB] New best heuristic value for ff(): 21
[t=8.95513s, 39824 KB] g=403, 293969 evaluated, 7452 expanded
[t=8.96174s, 39824 KB] New best heuristic value for ff(): 20
[t=8.96362s, 39824 KB] g=405, 294328 evaluated, 7454 expanded
[t=8.96971s, 39824 KB] New best heuristic value for ff(): 19
[t=8.96979s, 39824 KB] g=407, 294561 evaluated, 7482 expanded
[t=8.97769s, 39824 KB] New best heuristic value for ff(): 18
[t=8.97836s, 39824 KB] g=409, 294924 evaluated, 7485 expanded
[t=8.97839s, 39824 KB] New best heuristic value for ff(): 17
[t=8.98146s, 39824 KB] g=411, 295040 evaluated, 7512 expanded
[t=8.98963s, 39824 KB] New best heuristic value for ff(): 16
[t=8.99006s, 39824 KB] g=413, 295405 evaluated, 7514 expanded
[t=8.99009s, 39824 KB] New best heuristic value for ff(): 15
[t=8.99237s, 39824 KB] g=415, 295493 evaluated, 7531 expanded
[t=8.99821s, 39824 KB] New best heuristic value for ff(): 14
[t=9.00108s, 39824 KB] g=417, 295863 evaluated, 7535 expanded
[t=9.00151s, 39824 KB] New best heuristic value for ff(): 13
[t=9.00303s, 39824 KB] g=419, 295935 evaluated, 7552 expanded
[t=9.00948s, 39824 KB] New best heuristic value for ff(): 12
[t=9.01179s, 39824 KB] g=421, 296306 evaluated, 7554 expanded
[t=9.01344s, 39824 KB] New best heuristic value for ff(): 11
[t=9.0162s, 39824 KB] g=423, 296474 evaluated, 7574 expanded
[t=9.02141s, 39824 KB] New best heuristic value for ff(): 10
[t=9.02494s, 39824 KB] g=425, 296848 evaluated, 7576 expanded
[t=9.02538s, 39824 KB] New best heuristic value for ff(): 9
[t=9.02619s, 39824 KB] g=427, 296893 evaluated, 7592 expanded
[t=9.03335s, 39824 KB] New best heuristic value for ff(): 8
[t=9.03501s, 39824 KB] g=429, 297272 evaluated, 7596 expanded
[t=9.03504s, 39824 KB] New best heuristic value for ff(): 7
[t=9.03587s, 39824 KB] g=431, 297303 evaluated, 7608 expanded
[t=9.0413s, 39824 KB] New best heuristic value for ff(): 6
[t=9.0447s, 39824 KB] g=433, 297685 evaluated, 7612 expanded
[t=9.04472s, 39824 KB] New best heuristic value for ff(): 5
[t=9.04521s, 39824 KB] g=435, 297703 evaluated, 7619 expanded
[t=9.05357s, 39824 KB] New best heuristic value for ff(): 4
[t=9.05406s, 39824 KB] g=437, 298086 evaluated, 7621 expanded
[t=9.05409s, 39824 KB] New best heuristic value for ff(): 3
[t=9.05428s, 39824 KB] g=438, 298092 evaluated, 7623 expanded
[t=9.0543s, 39824 KB] New best heuristic value for ff(): 2
[t=9.05434s, 39824 KB] g=439, 298093 evaluated, 7624 expanded
[t=9.05437s, 39824 KB] New best heuristic value for ff(): 1
[t=9.05442s, 39824 KB] g=440, 298094 evaluated, 7625 expanded
[t=9.05444s, 39824 KB] New best heuristic value for ff(): 0
[t=9.05664s, 39824 KB] g=441, 298225 evaluated, 7626 expanded
[t=9.05666s, 39824 KB] Solution found!
[t=9.05669s, 39824 KB] Actual search time: 9.04758s
pick ball106 rooma left (1)
pick ball16 rooma right (1)
move rooma roomb (1)
drop ball106 roomb left (1)
drop ball16 roomb right (1)
move roomb rooma (1)
pick ball113 rooma left (1)
pick ball50 rooma right (1)
move rooma roomb (1)
drop ball113 roomb left (1)
drop ball50 roomb right (1)
move roomb rooma (1)
pick ball100 rooma left (1)
pick ball93 rooma right (1)
move rooma roomb (1)
drop ball100 roomb left (1)
drop ball93 roomb right (1)
move roomb rooma (1)
pick ball44 rooma right (1)
pick ball111 rooma left (1)
move rooma roomb (1)
drop ball111 roomb left (1)
drop ball44 roomb right (1)
move roomb rooma (1)
pick ball35 rooma left (1)
pick ball114 rooma right (1)
move rooma roomb (1)
drop ball35 roomb left (1)
drop ball114 roomb right (1)
move roomb rooma (1)
pick ball11 rooma left (1)
pick ball102 rooma right (1)
move rooma roomb (1)
drop ball11 roomb left (1)
drop ball102 roomb right (1)
move roomb rooma (1)
pick ball39 rooma left (1)
pick ball105 rooma right (1)
move rooma roomb (1)
drop ball39 roomb left (1)
drop ball105 roomb right (1)
move roomb rooma (1)
pick ball130 rooma left (1)
pick ball31 rooma right (1)
move rooma roomb (1)
drop ball130 roomb left (1)
drop ball31 roomb right (1)
move roomb rooma (1)
pick ball112 rooma left (1)
pick ball109 rooma right (1)
move rooma roomb (1)
drop ball112 roomb left (1)
drop ball109 roomb right (1)
move roomb rooma (1)
pick ball125 rooma left (1)
pick ball24 rooma right (1)
move rooma roomb (1)
drop ball125 roomb left (1)
drop ball24 roomb right (1)
move roomb rooma (1)
pick ball76 rooma left (1)
pick ball29 rooma right (1)
move rooma roomb (1)
drop ball76 roomb left (1)
drop ball29 roomb right (1)
move roomb rooma (1)
pick ball52 rooma left (1)
pick ball30 rooma right (1)
move rooma roomb (1)
drop ball52 roomb left (1)
drop ball30 roomb right (1)
move roomb rooma (1)
pick ball49 rooma left (1)
pick ball117 rooma right (1)
move rooma roomb (1)
drop ball49 roomb left (1)
drop ball117 roomb right (1)
move roomb rooma (1)
pick ball37 rooma left (1)
pick ball51 rooma right (1)
move rooma roomb (1)
drop ball37 roomb left (1)
drop ball51 roomb right (1)
move roomb rooma (1)
pick ball62 rooma left (1)
pick ball87 rooma right (1)
move rooma roomb (1)
drop ball62 roomb left (1)
drop ball87 roomb right (1)
move roomb rooma (1)
pick ball103 rooma left (1)
pick ball33 rooma right (1)
move rooma roomb (1)
drop ball103 roomb left (1)
drop ball33 roomb right (1)
move roomb rooma (1)
pick ball2 rooma left (1)
pick ball115 rooma right (1)
move rooma roomb (1)
drop ball2 roomb left (1)
drop ball115 roomb right (1)
move roomb rooma (1)
pick ball92 rooma left (1)
pick ball5 rooma right (1)
move rooma roomb (1)
drop ball92 roomb left (1)
drop ball5 roomb right (1)
move roomb rooma (1)
pick ball119 rooma left (1)
pick ball4 rooma right (1)
move rooma roomb (1)
drop ball119 roomb left (1)
drop ball4 roomb right (1)
move roomb rooma (1)
pick ball38 rooma left (1)
pick ball72 rooma right (1)
move rooma roomb (1)
drop ball38 roomb left (1)
drop ball72 roomb right (1)
move roomb rooma (1)
pick ball127 rooma left (1)
pick ball9 rooma right (1)
move rooma roomb (1)
drop ball127 roomb left (1)
drop ball9 roomb right (1)
move roomb rooma (1)
pick ball17 rooma left (1)
pick ball71 rooma right (1)
move rooma roomb (1)
drop ball17 roomb left (1)
drop ball71 roomb right (1)
move roomb rooma (1)
pick ball40 rooma left (1)
pick ball21 rooma right (1)
move rooma roomb (1)
drop ball40 roomb left (1)
drop ball21 roomb right (1)
move roomb rooma (1)
pick ball6 rooma left (1)
pick ball101 rooma right (1)
move rooma roomb (1)
drop ball6 roomb left (1)
drop ball101 roomb right (1)
move roomb rooma (1)
pick ball1 rooma left (1)
move rooma roomb (1)
drop ball1 roomb left (1)
move roomb rooma (1)
pick ball10 rooma left (1)
move rooma roomb (1)
drop ball10 roomb left (1)
move roomb rooma (1)
pick ball128 rooma left (1)
pick ball63 rooma right (1)
move rooma roomb (1)
drop ball128 roomb left (1)
drop ball63 roomb right (1)
move roomb rooma (1)
pick ball13 rooma left (1)
pick ball20 rooma right (1)
move rooma roomb (1)
drop ball13 roomb left (1)
drop ball20 roomb right (1)
move roomb rooma (1)
pick ball104 rooma left (1)
move rooma roomb (1)
drop ball104 roomb left (1)
move roomb rooma (1)
pick ball107 rooma left (1)
move rooma roomb (1)
drop ball107 roomb left (1)
move roomb rooma (1)
pick ball23 rooma left (1)
pick ball97 rooma right (1)
move rooma roomb (1)
drop ball23 roomb left (1)
drop ball97 roomb right (1)
move roomb rooma (1)
pick ball47 rooma left (1)
pick ball53 rooma right (1)
move rooma roomb (1)
drop ball47 roomb left (1)
drop ball53 roomb right (1)
move roomb rooma (1)
pick ball7 rooma left (1)
pick ball88 rooma right (1)
move rooma roomb (1)
drop ball7 roomb left (1)
drop ball88 roomb right (1)
move roomb rooma (1)
pick ball110 rooma left (1)
pick ball41 rooma right (1)
move rooma roomb (1)
drop ball110 roomb left (1)
drop ball41 roomb right (1)
move roomb rooma (1)
pick ball108 rooma left (1)
move rooma roomb (1)
drop ball108 roomb left (1)
move roomb rooma (1)
pick ball116 rooma left (1)
move rooma roomb (1)
drop ball116 roomb left (1)
move roomb rooma (1)
pick ball75 rooma left (1)
pick ball36 rooma right (1)
move rooma roomb (1)
drop ball75 roomb left (1)
drop ball36 roomb right (1)
move roomb rooma (1)
pick ball42 rooma left (1)
pick ball64 rooma right (1)
move rooma roomb (1)
drop ball42 roomb left (1)
drop ball64 roomb right (1)
move roomb rooma (1)
pick ball118 rooma left (1)
move rooma roomb (1)
drop ball118 roomb left (1)
move roomb rooma (1)
pick ball12 rooma left (1)
move rooma roomb (1)
drop ball12 roomb left (1)
move roomb rooma (1)
pick ball28 rooma left (1)
pick ball25 rooma right (1)
move rooma roomb (1)
drop ball28 roomb left (1)
drop ball25 roomb right (1)
move roomb rooma (1)
pick ball120 rooma left (1)
move rooma roomb (1)
drop ball120 roomb left (1)
move roomb rooma (1)
pick ball121 rooma left (1)
move rooma roomb (1)
drop ball121 roomb left (1)
move roomb rooma (1)
pick ball122 rooma left (1)
pick ball81 rooma right (1)
move rooma roomb (1)
drop ball122 roomb left (1)
drop ball81 roomb right (1)
move roomb rooma (1)
pick ball58 rooma left (1)
pick ball46 rooma right (1)
move rooma roomb (1)
drop ball58 roomb left (1)
drop ball46 roomb right (1)
move roomb rooma (1)
pick ball57 rooma left (1)
pick ball90 rooma right (1)
move rooma roomb (1)
drop ball57 roomb left (1)
drop ball90 roomb right (1)
move roomb rooma (1)
pick ball123 rooma left (1)
move rooma roomb (1)
drop ball123 roomb left (1)
move roomb rooma (1)
pick ball124 rooma left (1)
move rooma roomb (1)
drop ball124 roomb left (1)
move roomb rooma (1)
pick ball74 rooma left (1)
pick ball95 rooma right (1)
move rooma roomb (1)
drop ball74 roomb left (1)
drop ball95 roomb right (1)
move roomb rooma (1)
pick ball126 rooma left (1)
move rooma roomb (1)
drop ball126 roomb left (1)
move roomb rooma (1)
pick ball129 rooma left (1)
move rooma roomb (1)
drop ball129 roomb left (1)
move roomb rooma (1)
pick ball14 rooma left (1)
move rooma roomb (1)
drop ball14 roomb left (1)
move roomb rooma (1)
pick ball15 rooma left (1)
move rooma roomb (1)
drop ball15 roomb left (1)
move roomb rooma (1)
pick ball18 rooma left (1)
move rooma roomb (1)
drop ball18 roomb left (1)
move roomb rooma (1)
pick ball19 rooma left (1)
move rooma roomb (1)
drop ball19 roomb left (1)
move roomb rooma (1)
pick ball22 rooma left (1)
move rooma roomb (1)
drop ball22 roomb left (1)
move roomb rooma (1)
pick ball26 rooma left (1)
move rooma roomb (1)
drop ball26 roomb left (1)
move roomb rooma (1)
pick ball27 rooma left (1)
move rooma roomb (1)
drop ball27 roomb left (1)
move roomb rooma (1)
pick ball3 rooma left (1)
move rooma roomb (1)
drop ball3 roomb left (1)
move roomb rooma (1)
pick ball32 rooma left (1)
move rooma roomb (1)
drop ball32 roomb left (1)
move roomb rooma (1)
pick ball34 rooma left (1)
move rooma roomb (1)
drop ball34 roomb left (1)
move roomb rooma (1)
pick ball43 rooma left (1)
move rooma roomb (1)
drop ball43 roomb left (1)
move roomb rooma (1)
pick ball45 rooma left (1)
move rooma roomb (1)
drop ball45 roomb left (1)
move roomb rooma (1)
pick ball68 rooma left (1)
pick ball59 rooma right (1)
move rooma roomb (1)
drop ball68 roomb left (1)
drop ball59 roomb right (1)
move roomb rooma (1)
pick ball48 rooma left (1)
move rooma roomb (1)
drop ball48 roomb left (1)
move roomb rooma (1)
pick ball54 rooma left (1)
move rooma roomb (1)
drop ball54 roomb left (1)
move roomb rooma (1)
pick ball55 rooma left (1)
move rooma roomb (1)
drop ball55 roomb left (1)
move roomb rooma (1)
pick ball56 rooma left (1)
move rooma roomb (1)
drop ball56 roomb left (1)
move roomb rooma (1)
pick ball60 rooma left (1)
move rooma roomb (1)
drop ball60 roomb left (1)
move roomb rooma (1)
pick ball61 rooma left (1)
move rooma roomb (1)
drop ball61 roomb left (1)
move roomb rooma (1)
pick ball65 rooma left (1)
move rooma roomb (1)
drop ball65 roomb left (1)
move roomb rooma (1)
pick ball66 rooma left (1)
move rooma roomb (1)
drop ball66 roomb left (1)
move roomb rooma (1)
pick ball67 rooma left (1)
move rooma roomb (1)
drop ball67 roomb left (1)
move roomb rooma (1)
pick ball69 rooma left (1)
move rooma roomb (1)
drop ball69 roomb left (1)
move roomb rooma (1)
pick ball70 rooma left (1)
move rooma roomb (1)
drop ball70 roomb left (1)
move roomb rooma (1)
pick ball73 rooma left (1)
move rooma roomb (1)
drop ball73 roomb left (1)
move roomb rooma (1)
pick ball77 rooma left (1)
move rooma roomb (1)
drop ball77 roomb left (1)
move roomb rooma (1)
pick ball78 rooma left (1)
move rooma roomb (1)
drop ball78 roomb left (1)
move roomb rooma (1)
pick ball79 rooma left (1)
move rooma roomb (1)
drop ball79 roomb left (1)
move roomb rooma (1)
pick ball8 rooma left (1)
move rooma roomb (1)
drop ball8 roomb left (1)
move roomb rooma (1)
pick ball80 rooma left (1)
move rooma roomb (1)
drop ball80 roomb left (1)
move roomb rooma (1)
pick ball82 rooma left (1)
move rooma roomb (1)
drop ball82 roomb left (1)
move roomb rooma (1)
pick ball83 rooma left (1)
move rooma roomb (1)
drop ball83 roomb left (1)
move roomb rooma (1)
pick ball84 rooma left (1)
move rooma roomb (1)
drop ball84 roomb left (1)
move roomb rooma (1)
pick ball85 rooma left (1)
move rooma roomb (1)
drop ball85 roomb left (1)
move roomb rooma (1)
pick ball86 rooma left (1)
move rooma roomb (1)
drop ball86 roomb left (1)
move roomb rooma (1)
pick ball89 rooma left (1)
move rooma roomb (1)
drop ball89 roomb left (1)
move roomb rooma (1)
pick ball91 rooma left (1)
move rooma roomb (1)
drop ball91 roomb left (1)
move roomb rooma (1)
pick ball94 rooma left (1)
move rooma roomb (1)
drop ball94 roomb left (1)
move roomb rooma (1)
pick ball96 rooma left (1)
move rooma roomb (1)
drop ball96 roomb left (1)
move roomb rooma (1)
pick ball98 rooma left (1)
pick ball99 rooma right (1)
move rooma roomb (1)
drop ball98 roomb left (1)
drop ball99 roomb right (1)
[t=9.05678s, 39824 KB] Plan length: 441 step(s).
[t=9.05678s, 39824 KB] Plan cost: 441
[t=9.05678s, 39824 KB] Timestamp: 1684371162969 millisecond(s).
[t=9.05678s, 39824 KB] Expanded 7627 state(s).
[t=9.05678s, 39824 KB] Reopened 0 state(s).
[t=9.05678s, 39824 KB] Evaluated 298225 state(s).
[t=9.05678s, 39824 KB] Evaluations: 298225
[t=9.05678s, 39824 KB] Generated 414059 state(s).
[t=9.05678s, 39824 KB] Dead ends: 0 state(s).
[t=9.05678s, 39824 KB] Number of registered states: 298225
[t=9.05678s, 39824 KB] Int hash set load factor: 298225/524288 = 0.568819
[t=9.05678s, 39824 KB] Int hash set resizes: 19
[t=9.05678s, 39824 KB] Search time: 9.04792s
[t=9.05678s, 39824 KB] Total time: 9.05678s
Solution found.
Peak memory: 39824 KB
Remove intermediate file output.sas
search exit code: 0

INFO     Running validate.
INFO     validate stdin: None
INFO     validate time limit: None
INFO     validate memory limit: None
INFO     validate command line string: validate domain.pddl problem.pddl sas_plan
Checking plan: sas_plan
Plan executed successfully - checking goal
Plan valid
Final value: 441 

Successful plans:
Value: 441
 sas_plan 441 

validate exit code: 0

INFO     Planner time: 9.29s
