INFO     planner time limit: 900s
INFO     planner memory limit: 3584 MB

INFO     Running translator.
INFO     translator stdin: None
INFO     translator time limit: 899s
INFO     translator memory limit: 3584 MB
INFO     translator command line string: /usr/local/downward-projects/downward/experiments/.venv/bin/python3 /usr/local/downward-projects/downward/experiments/src/thesis/data/thesis-thesis_exp/code-f7a4f68fd467cf7cff4d3dfcfdfcfa2023e44324_e5e41175/builds/release/bin/translate/translate.py domain.pddl problem.pddl --sas-file output.sas
Parsing...
Parsing: [0.000s CPU, 0.004s wall-clock]
Normalizing task... [0.000s CPU, 0.000s wall-clock]
Instantiating...
Generating Datalog program... [0.010s CPU, 0.002s wall-clock]
Normalizing Datalog program...
Normalizing Datalog program: [0.000s CPU, 0.003s wall-clock]
Preparing model... [0.000s CPU, 0.005s wall-clock]
Generated 51 rules.
Computing model... [0.330s CPU, 0.333s wall-clock]
26684 relevant atoms
22923 auxiliary atoms
49607 final queue length
64720 total queue pushes
Completing instantiation... [0.570s CPU, 0.581s wall-clock]
Instantiating: [0.930s CPU, 0.939s wall-clock]
Computing fact groups...
Finding invariants...
6 initial candidates
Finding invariants: [0.010s CPU, 0.005s wall-clock]
Checking invariant weight... [0.000s CPU, 0.000s wall-clock]
Instantiating groups... [0.020s CPU, 0.024s wall-clock]
Collecting mutex groups... [0.010s CPU, 0.004s wall-clock]
Choosing groups...
0 uncovered facts
Choosing groups: [0.000s CPU, 0.009s wall-clock]
Building translation key... [0.000s CPU, 0.004s wall-clock]
Computing fact groups: [0.070s CPU, 0.072s wall-clock]
Building STRIPS to SAS dictionary... [0.010s CPU, 0.003s wall-clock]
Building dictionary for full mutex groups... [0.000s CPU, 0.002s wall-clock]
Building mutex information...
Building mutex information: [0.000s CPU, 0.001s wall-clock]
Translating task...
Processing axioms...
Simplifying axioms... [0.000s CPU, 0.000s wall-clock]
Translator axioms removed by simplifying: 0
Computing negative axioms... [0.000s CPU, 0.000s wall-clock]
Processing axioms: [0.020s CPU, 0.022s wall-clock]
Translating task: [0.510s CPU, 0.510s wall-clock]
0 effect conditions simplified
0 implied preconditions added
Detecting unreachable propositions...
0 operators removed
0 axioms removed
41 propositions removed
Detecting unreachable propositions: [0.310s CPU, 0.309s wall-clock]
Reordering and filtering variables...
41 of 41 variables necessary.
0 of 41 mutex groups necessary.
19824 of 19824 operators necessary.
0 of 0 axiom rules necessary.
Reordering and filtering variables: [0.040s CPU, 0.037s wall-clock]
Translator variables: 41
Translator derived variables: 0
Translator facts: 5168
Translator goal facts: 16
Translator mutex groups: 0
Translator total mutex groups size: 0
Translator operators: 19824
Translator axioms: 0
Translator task size: 78009
Translator peak memory: 92336 KB
Writing output... [0.070s CPU, 0.069s wall-clock]
Done! [1.960s CPU, 1.974s wall-clock]
translate exit code: 0

INFO     Running search (release).
INFO     search stdin: output.sas
INFO     search time limit: 897s
INFO     search memory limit: 3584 MB
INFO     search command line string: /usr/local/downward-projects/downward/experiments/src/thesis/data/thesis-thesis_exp/code-f7a4f68fd467cf7cff4d3dfcfdfcfa2023e44324_e5e41175/builds/release/bin/downward --evaluator 'h=ff()' --search 'eager(epsilon_greedy(h, epsilon=0.2))' --internal-plan-file sas_plan < output.sas
[t=0.00209885s, 11000 KB] reading input...
[t=0.0482719s, 15908 KB] done reading input!
[t=0.0534799s, 17364 KB] Simplifying 19824 unary operators... done! [19824 unary operators]
[t=0.0628342s, 18980 KB] time to simplify: 0.00935429s
[t=0.0638574s, 18980 KB] Initializing additive heuristic...
[t=0.0642671s, 18980 KB] Initializing FF heuristic...
[t=0.0642957s, 18980 KB] Building successor generator...done!
[t=0.0721885s, 20664 KB] peak memory difference for successor generator creation: 1684 KB
[t=0.0722376s, 20664 KB] time for successor generation creation: 0.00677811s
[t=0.0722693s, 20664 KB] Variables: 41
[t=0.072703s, 20664 KB] FactPairs: 5168
[t=0.0727291s, 20664 KB] Bytes per state: 36
[t=0.0727542s, 20664 KB] Conducting best first search without reopening closed nodes, (real) bound = 2147483647
[t=0.0731609s, 20664 KB] New best heuristic value for ff(): 145
[t=0.0732938s, 20664 KB] g=0, 1 evaluated, 0 expanded
[t=0.0733214s, 20664 KB] Initial heuristic value for ff(): 145
[t=0.0733496s, 20664 KB] pruning method: none
[t=0.0733735s, 20664 KB] Start Timestep: 1684324807595 millisecond(s).
[t=0.0734672s, 20664 KB] New best heuristic value for ff(): 144
[t=0.0737908s, 20664 KB] g=1, 2 evaluated, 1 expanded
[t=0.129779s, 20664 KB] New best heuristic value for ff(): 143
[t=0.130617s, 20664 KB] g=1, 270 evaluated, 1 expanded
[t=0.156466s, 20664 KB] New best heuristic value for ff(): 142
[t=0.15678s, 20664 KB] g=2, 394 evaluated, 2 expanded
[t=0.234743s, 20664 KB] New best heuristic value for ff(): 141
[t=0.235557s, 20664 KB] g=3, 771 evaluated, 3 expanded
[t=0.316523s, 20664 KB] New best heuristic value for ff(): 140
[t=0.317227s, 20664 KB] g=4, 1162 evaluated, 4 expanded
[t=0.398456s, 20664 KB] New best heuristic value for ff(): 139
[t=0.399608s, 20664 KB] g=5, 1554 evaluated, 5 expanded
[t=0.480812s, 20664 KB] New best heuristic value for ff(): 138
[t=0.481071s, 20664 KB] g=6, 1946 evaluated, 6 expanded
[t=0.565379s, 20664 KB] New best heuristic value for ff(): 137
[t=0.565982s, 20664 KB] g=7, 2354 evaluated, 7 expanded
[t=0.647236s, 20664 KB] New best heuristic value for ff(): 136
[t=0.647604s, 20664 KB] g=8, 2746 evaluated, 8 expanded
[t=0.728096s, 20664 KB] New best heuristic value for ff(): 135
[t=0.72913s, 20664 KB] g=9, 3138 evaluated, 9 expanded
[t=0.811088s, 20664 KB] New best heuristic value for ff(): 134
[t=0.811768s, 20664 KB] g=10, 3530 evaluated, 10 expanded
[t=0.894298s, 20664 KB] New best heuristic value for ff(): 133
[t=0.895335s, 20664 KB] g=11, 3922 evaluated, 11 expanded
[t=1.05934s, 20664 KB] New best heuristic value for ff(): 132
[t=1.05969s, 20664 KB] g=12, 4688 evaluated, 13 expanded
[t=1.13909s, 20664 KB] New best heuristic value for ff(): 131
[t=1.14017s, 20664 KB] g=13, 5080 evaluated, 14 expanded
[t=1.2199s, 20664 KB] New best heuristic value for ff(): 130
[t=1.22048s, 20664 KB] g=14, 5472 evaluated, 15 expanded
[t=1.30709s, 20664 KB] New best heuristic value for ff(): 129
[t=1.30788s, 20664 KB] g=15, 5896 evaluated, 16 expanded
[t=1.38589s, 20664 KB] New best heuristic value for ff(): 128
[t=1.38646s, 20664 KB] g=16, 6272 evaluated, 17 expanded
[t=1.46786s, 20664 KB] New best heuristic value for ff(): 127
[t=1.46827s, 20664 KB] g=17, 6664 evaluated, 18 expanded
[t=1.55295s, 20664 KB] New best heuristic value for ff(): 126
[t=1.55315s, 20664 KB] g=18, 7072 evaluated, 19 expanded
[t=1.6349s, 20664 KB] New best heuristic value for ff(): 125
[t=1.63549s, 20664 KB] g=19, 7466 evaluated, 20 expanded
[t=1.71642s, 20664 KB] New best heuristic value for ff(): 124
[t=1.71716s, 20664 KB] g=20, 7853 evaluated, 21 expanded
[t=1.95506s, 20664 KB] New best heuristic value for ff(): 123
[t=1.95559s, 20664 KB] g=21, 8994 evaluated, 24 expanded
[t=1.99422s, 20664 KB] New best heuristic value for ff(): 122
[t=1.99491s, 20664 KB] g=22, 9181 evaluated, 25 expanded
[t=2.21986s, 20664 KB] New best heuristic value for ff(): 121
[t=2.22013s, 20664 KB] g=24, 10260 evaluated, 28 expanded
[t=2.30077s, 20664 KB] New best heuristic value for ff(): 120
[t=2.30139s, 20664 KB] g=25, 10650 evaluated, 29 expanded
[t=2.46208s, 20664 KB] New best heuristic value for ff(): 119
[t=2.46243s, 20664 KB] g=27, 11424 evaluated, 31 expanded
[t=2.61976s, 20664 KB] New best heuristic value for ff(): 118
[t=2.62028s, 20664 KB] g=29, 12196 evaluated, 33 expanded
[t=2.75216s, 20800 KB] New best heuristic value for ff(): 117
[t=2.75271s, 20800 KB] g=30, 12844 evaluated, 34 expanded
[t=2.82985s, 20800 KB] New best heuristic value for ff(): 116
[t=2.83054s, 20800 KB] g=31, 13225 evaluated, 35 expanded
[t=2.9134s, 20800 KB] New best heuristic value for ff(): 115
[t=2.91427s, 20800 KB] g=32, 13621 evaluated, 36 expanded
[t=2.99328s, 20800 KB] New best heuristic value for ff(): 113
[t=2.99356s, 20800 KB] g=33, 14003 evaluated, 37 expanded
[t=4.86259s, 21720 KB] New best heuristic value for ff(): 112
[t=4.86349s, 21720 KB] g=35, 23158 evaluated, 62 expanded
[t=4.94265s, 21720 KB] New best heuristic value for ff(): 111
[t=4.94283s, 21720 KB] g=36, 23542 evaluated, 63 expanded
[t=5.0225s, 21720 KB] New best heuristic value for ff(): 110
[t=5.02344s, 21720 KB] g=37, 23933 evaluated, 64 expanded
[t=8.42821s, 23388 KB] New best heuristic value for ff(): 109
[t=8.4286s, 23388 KB] g=39, 40648 evaluated, 109 expanded
[t=8.58065s, 23388 KB] New best heuristic value for ff(): 108
[t=8.58141s, 23388 KB] g=40, 41392 evaluated, 111 expanded
[t=8.6626s, 23388 KB] New best heuristic value for ff(): 107
[t=8.66305s, 23388 KB] g=41, 41790 evaluated, 112 expanded
[t=8.74346s, 23388 KB] New best heuristic value for ff(): 106
[t=8.74423s, 23388 KB] g=42, 42184 evaluated, 113 expanded
[t=8.8223s, 23388 KB] New best heuristic value for ff(): 105
[t=8.82342s, 23388 KB] g=43, 42568 evaluated, 114 expanded
[t=14.333s, 26772 KB] New best heuristic value for ff(): 104
[t=14.334s, 26772 KB] g=45, 70018 evaluated, 191 expanded
[t=14.4865s, 26772 KB] New best heuristic value for ff(): 103
[t=14.4876s, 26772 KB] g=46, 70777 evaluated, 193 expanded
[t=14.5669s, 26772 KB] New best heuristic value for ff(): 102
[t=14.5673s, 26772 KB] g=47, 71174 evaluated, 194 expanded
[t=14.7714s, 26772 KB] New best heuristic value for ff(): 101
[t=14.7724s, 26772 KB] g=48, 72184 evaluated, 196 expanded
[t=14.8491s, 26772 KB] New best heuristic value for ff(): 100
[t=14.8497s, 26772 KB] g=49, 72569 evaluated, 197 expanded
[t=14.9279s, 26772 KB] New best heuristic value for ff(): 99
[t=14.9286s, 26772 KB] g=50, 72964 evaluated, 198 expanded
[t=14.9832s, 26772 KB] New best heuristic value for ff(): 98
[t=14.9835s, 26772 KB] g=51, 73238 evaluated, 199 expanded
[t=15.0616s, 26772 KB] New best heuristic value for ff(): 97
[t=15.0619s, 26772 KB] g=52, 73627 evaluated, 200 expanded
[t=15.1393s, 26772 KB] New best heuristic value for ff(): 96
[t=15.1401s, 26772 KB] g=53, 74018 evaluated, 201 expanded
[t=21.0941s, 28036 KB] New best heuristic value for ff(): 95
[t=21.0948s, 28036 KB] g=55, 103825 evaluated, 285 expanded
[t=21.2437s, 28036 KB] New best heuristic value for ff(): 94
[t=21.2438s, 28036 KB] g=56, 104571 evaluated, 287 expanded
[t=21.3225s, 28036 KB] New best heuristic value for ff(): 93
[t=21.3232s, 28036 KB] g=57, 104969 evaluated, 288 expanded
[t=28.5638s, 33632 KB] New best heuristic value for ff(): 92
[t=28.5641s, 33632 KB] g=59, 141093 evaluated, 391 expanded
[t=28.6426s, 33632 KB] New best heuristic value for ff(): 91
[t=28.6428s, 33632 KB] g=60, 141482 evaluated, 392 expanded
[t=28.7982s, 33632 KB] New best heuristic value for ff(): 90
[t=28.7984s, 33632 KB] g=61, 142243 evaluated, 394 expanded
[t=28.9511s, 33632 KB] New best heuristic value for ff(): 89
[t=28.9517s, 33632 KB] g=62, 143000 evaluated, 396 expanded
[t=36.0344s, 34676 KB] New best heuristic value for ff(): 88
[t=36.0354s, 34676 KB] g=64, 179217 evaluated, 499 expanded
[t=36.1063s, 34808 KB] New best heuristic value for ff(): 87
[t=36.1098s, 34808 KB] g=65, 179603 evaluated, 500 expanded
[t=36.1862s, 34808 KB] New best heuristic value for ff(): 86
[t=36.1874s, 34808 KB] g=66, 180004 evaluated, 501 expanded
[t=36.3061s, 34808 KB] New best heuristic value for ff(): 85
[t=36.3077s, 34808 KB] g=67, 180624 evaluated, 502 expanded
[t=43.4159s, 36848 KB] New best heuristic value for ff(): 84
[t=43.4166s, 36848 KB] g=69, 217084 evaluated, 606 expanded
[t=50.377s, 41764 KB] New best heuristic value for ff(): 83
[t=50.3781s, 41764 KB] g=71, 253065 evaluated, 708 expanded
[t=50.6249s, 41764 KB] New best heuristic value for ff(): 82
[t=50.6284s, 41764 KB] g=72, 254347 evaluated, 711 expanded
[t=50.7048s, 41764 KB] New best heuristic value for ff(): 81
[t=50.7056s, 41764 KB] g=73, 254746 evaluated, 712 expanded
[t=50.8527s, 41764 KB] New best heuristic value for ff(): 80
[t=50.8557s, 41764 KB] g=74, 255519 evaluated, 714 expanded
[t=50.9286s, 41764 KB] New best heuristic value for ff(): 79
[t=50.9327s, 41764 KB] g=75, 255916 evaluated, 715 expanded
[t=55.6236s, 47492 KB] New best heuristic value for ff(): 78
[t=55.6242s, 47492 KB] g=78, 280030 evaluated, 780 expanded
[t=55.6995s, 47492 KB] New best heuristic value for ff(): 77
[t=55.7015s, 47492 KB] g=79, 280427 evaluated, 781 expanded
[t=55.7746s, 47492 KB] New best heuristic value for ff(): 76
[t=55.778s, 47492 KB] g=80, 280822 evaluated, 782 expanded
[t=55.8065s, 47492 KB] New best heuristic value for ff(): 75
[t=55.8069s, 47492 KB] g=81, 280971 evaluated, 783 expanded
[t=55.8824s, 47492 KB] New best heuristic value for ff(): 74
[t=55.8833s, 47492 KB] g=82, 281364 evaluated, 784 expanded
[t=56.2502s, 47492 KB] New best heuristic value for ff(): 73
[t=56.251s, 47492 KB] g=83, 283243 evaluated, 789 expanded
[t=56.3775s, 47492 KB] New best heuristic value for ff(): 72
[t=56.3814s, 47492 KB] g=85, 283918 evaluated, 791 expanded
[t=65.0354s, 48084 KB] New best heuristic value for ff(): 71
[t=65.0376s, 48084 KB] g=87, 328374 evaluated, 918 expanded
[t=65.1152s, 48084 KB] New best heuristic value for ff(): 70
[t=65.1156s, 48084 KB] g=88, 328779 evaluated, 919 expanded
[t=65.1911s, 48084 KB] New best heuristic value for ff(): 69
[t=65.1932s, 48084 KB] g=89, 329182 evaluated, 920 expanded
[t=65.34s, 48084 KB] New best heuristic value for ff(): 68
[t=65.342s, 48084 KB] g=90, 329944 evaluated, 922 expanded
[t=65.4178s, 48084 KB] New best heuristic value for ff(): 67
[t=65.4184s, 48084 KB] g=91, 330341 evaluated, 923 expanded
[t=65.5257s, 48220 KB] New best heuristic value for ff(): 66
[t=65.527s, 48220 KB] g=92, 330905 evaluated, 924 expanded
[t=76.911s, 51480 KB] New best heuristic value for ff(): 65
[t=76.9112s, 51480 KB] g=94, 390272 evaluated, 1100 expanded
[t=88.0834s, 62532 KB] New best heuristic value for ff(): 64
[t=88.0868s, 62532 KB] g=96, 448332 evaluated, 1272 expanded
[t=88.1793s, 62532 KB] New best heuristic value for ff(): 63
[t=88.1799s, 62532 KB] g=97, 448818 evaluated, 1273 expanded
[t=100.461s, 62532 KB] New best heuristic value for ff(): 62
[t=100.465s, 62532 KB] g=99, 512077 evaluated, 1465 expanded
[t=100.541s, 62532 KB] New best heuristic value for ff(): 61
[t=100.544s, 62532 KB] g=100, 512466 evaluated, 1466 expanded
[t=100.621s, 62532 KB] New best heuristic value for ff(): 60
[t=100.624s, 62532 KB] g=101, 512871 evaluated, 1467 expanded
[t=113.337s, 75208 KB] New best heuristic value for ff(): 59
[t=113.341s, 75208 KB] g=103, 577733 evaluated, 1663 expanded
[t=113.417s, 75208 KB] New best heuristic value for ff(): 58
[t=113.418s, 75208 KB] g=104, 578123 evaluated, 1664 expanded
[t=113.493s, 75208 KB] New best heuristic value for ff(): 57
[t=113.497s, 75208 KB] g=105, 578529 evaluated, 1665 expanded
[t=127.909s, 76128 KB] New best heuristic value for ff(): 56
[t=127.91s, 76128 KB] g=107, 652429 evaluated, 1898 expanded
[t=129.581s, 76536 KB] New best heuristic value for ff(): 55
[t=129.582s, 76536 KB] g=109, 661042 evaluated, 1921 expanded
[t=129.657s, 76536 KB] New best heuristic value for ff(): 54
[t=129.659s, 76536 KB] g=110, 661447 evaluated, 1922 expanded
[t=129.777s, 76672 KB] New best heuristic value for ff(): 53
[t=129.778s, 76672 KB] g=111, 662083 evaluated, 1923 expanded
[t=129.92s, 76672 KB] New best heuristic value for ff(): 52
[t=129.923s, 76672 KB] g=112, 662861 evaluated, 1925 expanded
[t=129.992s, 76672 KB] New best heuristic value for ff(): 51
[t=129.995s, 76672 KB] g=113, 663268 evaluated, 1926 expanded
[t=130.14s, 76672 KB] New best heuristic value for ff(): 50
[t=130.141s, 76672 KB] g=114, 664045 evaluated, 1928 expanded
[t=130.204s, 76672 KB] New best heuristic value for ff(): 49
[t=130.205s, 76672 KB] g=115, 664402 evaluated, 1929 expanded
[t=141.96s, 80340 KB] New best heuristic value for ff(): 48
[t=141.963s, 80340 KB] g=117, 729376 evaluated, 2125 expanded
[t=142.032s, 80340 KB] New best heuristic value for ff(): 47
[t=142.033s, 80340 KB] g=118, 729766 evaluated, 2126 expanded
[t=154.716s, 84148 KB] New best heuristic value for ff(): 46
[t=154.717s, 84148 KB] g=120, 800353 evaluated, 2344 expanded
[t=154.786s, 84148 KB] New best heuristic value for ff(): 45
[t=154.786s, 84148 KB] g=121, 800755 evaluated, 2345 expanded
[t=154.842s, 84284 KB] New best heuristic value for ff(): 44
[t=154.842s, 84284 KB] g=122, 801080 evaluated, 2346 expanded
[t=154.91s, 84284 KB] New best heuristic value for ff(): 43
[t=154.91s, 84284 KB] g=123, 801476 evaluated, 2347 expanded
[t=154.978s, 84284 KB] New best heuristic value for ff(): 42
[t=154.978s, 84284 KB] g=124, 801873 evaluated, 2348 expanded
[t=155.058s, 84284 KB] New best heuristic value for ff(): 41
[t=155.059s, 84284 KB] g=125, 802350 evaluated, 2349 expanded
[t=155.125s, 84284 KB] New best heuristic value for ff(): 40
[t=155.126s, 84284 KB] g=126, 802746 evaluated, 2350 expanded
[t=155.379s, 84420 KB] New best heuristic value for ff(): 39
[t=155.38s, 84420 KB] g=127, 804106 evaluated, 2354 expanded
[t=155.477s, 84420 KB] New best heuristic value for ff(): 38
[t=155.478s, 84420 KB] g=128, 804691 evaluated, 2355 expanded
[t=155.514s, 84420 KB] New best heuristic value for ff(): 37
[t=155.515s, 84420 KB] g=129, 804915 evaluated, 2356 expanded
[t=155.58s, 84420 KB] New best heuristic value for ff(): 36
[t=155.581s, 84420 KB] g=130, 805311 evaluated, 2357 expanded
[t=155.645s, 84420 KB] New best heuristic value for ff(): 35
[t=155.646s, 84420 KB] g=131, 805708 evaluated, 2358 expanded
[t=155.709s, 84556 KB] New best heuristic value for ff(): 34
[t=155.71s, 84556 KB] g=132, 806105 evaluated, 2359 expanded
[t=155.772s, 84556 KB] New best heuristic value for ff(): 33
[t=155.773s, 84556 KB] g=133, 806500 evaluated, 2360 expanded
[t=155.864s, 84556 KB] New best heuristic value for ff(): 32
[t=155.864s, 84556 KB] g=134, 807079 evaluated, 2361 expanded
[t=155.926s, 84556 KB] New best heuristic value for ff(): 31
[t=155.926s, 84556 KB] g=135, 807471 evaluated, 2362 expanded
[t=155.953s, 84556 KB] New best heuristic value for ff(): 30
[t=155.954s, 84556 KB] g=136, 807646 evaluated, 2363 expanded
[t=159.053s, 85640 KB] New best heuristic value for ff(): 29
[t=159.054s, 85640 KB] g=138, 826424 evaluated, 2413 expanded
[t=159.188s, 85640 KB] New best heuristic value for ff(): 28
[t=159.188s, 85640 KB] g=139, 827181 evaluated, 2415 expanded
[t=172.008s, 106244 KB] New best heuristic value for ff(): 27
[t=172.009s, 106244 KB] g=141, 905595 evaluated, 2666 expanded
[t=172.07s, 106244 KB] New best heuristic value for ff(): 26
[t=172.07s, 106244 KB] g=142, 905999 evaluated, 2667 expanded
[t=172.129s, 106244 KB] New best heuristic value for ff(): 25
[t=172.13s, 106244 KB] g=143, 906387 evaluated, 2668 expanded
[t=172.191s, 106244 KB] New best heuristic value for ff(): 24
[t=172.192s, 106244 KB] g=144, 906788 evaluated, 2669 expanded
[t=172.248s, 106244 KB] New best heuristic value for ff(): 23
[t=172.248s, 106244 KB] g=145, 907159 evaluated, 2670 expanded
[t=172.379s, 106244 KB] New best heuristic value for ff(): 22
[t=172.38s, 106244 KB] g=146, 907923 evaluated, 2672 expanded
[t=172.439s, 106244 KB] New best heuristic value for ff(): 21
[t=172.439s, 106244 KB] g=147, 908319 evaluated, 2673 expanded
[t=172.503s, 106244 KB] New best heuristic value for ff(): 20
[t=172.503s, 106244 KB] g=148, 908752 evaluated, 2674 expanded
[t=172.56s, 106244 KB] New best heuristic value for ff(): 19
[t=172.56s, 106244 KB] g=149, 909140 evaluated, 2675 expanded
[t=172.652s, 106244 KB] New best heuristic value for ff(): 18
[t=172.653s, 106244 KB] g=150, 909652 evaluated, 2677 expanded
[t=172.71s, 106244 KB] New best heuristic value for ff(): 17
[t=172.711s, 106244 KB] g=151, 910053 evaluated, 2678 expanded
[t=172.767s, 106244 KB] New best heuristic value for ff(): 16
[t=172.767s, 106244 KB] g=152, 910442 evaluated, 2679 expanded
[t=172.94s, 106244 KB] New best heuristic value for ff(): 15
[t=172.94s, 106244 KB] g=153, 911517 evaluated, 2681 expanded
[t=172.995s, 106244 KB] New best heuristic value for ff(): 14
[t=172.995s, 106244 KB] g=154, 911907 evaluated, 2682 expanded
[t=173.015s, 106244 KB] New best heuristic value for ff(): 13
[t=173.015s, 106244 KB] g=155, 912050 evaluated, 2683 expanded
[t=173.107s, 106244 KB] New best heuristic value for ff(): 12
[t=173.107s, 106244 KB] g=156, 912714 evaluated, 2684 expanded
[t=173.126s, 106244 KB] New best heuristic value for ff(): 11
[t=173.127s, 106244 KB] g=157, 912856 evaluated, 2685 expanded
[t=173.179s, 106244 KB] New best heuristic value for ff(): 10
[t=173.18s, 106244 KB] g=158, 913243 evaluated, 2686 expanded
[t=173.233s, 106244 KB] New best heuristic value for ff(): 9
[t=173.234s, 106244 KB] g=159, 913645 evaluated, 2687 expanded
[t=173.283s, 106244 KB] New best heuristic value for ff(): 8
[t=173.284s, 106244 KB] g=160, 914033 evaluated, 2688 expanded
[t=173.336s, 106244 KB] New best heuristic value for ff(): 7
[t=173.336s, 106244 KB] g=161, 914434 evaluated, 2689 expanded
[t=188.605s, 106244 KB] New best heuristic value for ff(): 6
[t=188.606s, 106244 KB] g=163, 1020403 evaluated, 3121 expanded
[t=188.653s, 106244 KB] New best heuristic value for ff(): 5
[t=188.654s, 106244 KB] g=164, 1020805 evaluated, 3122 expanded
[t=188.696s, 106244 KB] New best heuristic value for ff(): 4
[t=188.7s, 106244 KB] g=165, 1021197 evaluated, 3123 expanded
[t=188.74s, 106244 KB] New best heuristic value for ff(): 3
[t=188.742s, 106244 KB] g=166, 1021593 evaluated, 3124 expanded
[t=188.76s, 106244 KB] New best heuristic value for ff(): 2
[t=188.761s, 106244 KB] g=167, 1021777 evaluated, 3125 expanded
[t=188.796s, 106244 KB] New best heuristic value for ff(): 1
[t=188.8s, 106244 KB] g=168, 1022166 evaluated, 3126 expanded
[t=188.832s, 106244 KB] New best heuristic value for ff(): 0
[t=188.834s, 106244 KB] g=169, 1022564 evaluated, 3127 expanded
[t=188.848s, 106244 KB] Solution found!
[t=188.849s, 106244 KB] Actual search time: 188.776s
fly-airplane a8 l0-0 l6-0 (1)
drive-truck t9 l9-5 l9-0 c9 (1)
drive-truck t8 l8-1 l8-0 c8 (1)
drive-truck t7 l7-13 l7-0 c7 (1)
drive-truck t6 l6-5 l6-0 c6 (1)
drive-truck t5 l5-16 l5-0 c5 (1)
drive-truck t3 l3-8 l3-0 c3 (1)
drive-truck t2 l2-8 l2-0 c2 (1)
drive-truck t15 l15-10 l15-0 c15 (1)
drive-truck t14 l14-9 l14-0 c14 (1)
drive-truck t13 l13-15 l13-0 c13 (1)
drive-truck t12 l12-16 l12-0 c12 (1)
drive-truck t11 l11-12 l11-0 c11 (1)
drive-truck t10 l10-8 l10-0 c10 (1)
load-truck p13 t0 l0-9 (1)
drive-truck t0 l0-9 l0-0 c0 (1)
unload-truck p13 t0 l0-0 (1)
fly-airplane a7 l1-0 l0-0 (1)
load-airplane p13 a7 l0-0 (1)
fly-airplane a7 l0-0 l5-0 (1)
unload-airplane p13 a7 l5-0 (1)
load-truck p13 t5 l5-0 (1)
drive-truck t9 l9-0 l9-6 c9 (1)
load-truck p2 t9 l9-6 (1)
drive-truck t9 l9-6 l9-7 c9 (1)
drive-truck t8 l8-0 l8-15 c8 (1)
load-truck p4 t8 l8-15 (1)
drive-truck t8 l8-15 l8-0 c8 (1)
unload-truck p4 t8 l8-0 (1)
fly-airplane a7 l5-0 l8-0 (1)
load-airplane p9 a7 l8-0 (1)
load-airplane p4 a7 l8-0 (1)
fly-airplane a7 l8-0 l11-0 (1)
drive-truck t7 l7-0 l7-12 c7 (1)
load-truck p11 t7 l7-12 (1)
drive-truck t7 l7-12 l7-14 c7 (1)
load-truck p0 t7 l7-14 (1)
drive-truck t5 l5-0 l5-5 c5 (1)
load-truck p12 t5 l5-5 (1)
drive-truck t5 l5-5 l5-0 c5 (1)
unload-truck p12 t5 l5-0 (1)
drive-truck t5 l5-0 l5-7 c5 (1)
unload-truck p13 t5 l5-7 (1)
drive-truck t3 l3-0 l3-15 c3 (1)
load-truck p3 t3 l3-15 (1)
drive-truck t3 l3-15 l3-0 c3 (1)
unload-truck p3 t3 l3-0 (1)
load-airplane p3 a3 l3-0 (1)
fly-airplane a3 l3-0 l10-0 (1)
unload-airplane p3 a3 l10-0 (1)
load-truck p3 t10 l10-0 (1)
drive-truck t10 l10-0 l10-15 c10 (1)
unload-truck p3 t10 l10-15 (1)
drive-truck t15 l15-0 l15-9 c15 (1)
load-truck p7 t15 l15-9 (1)
drive-truck t15 l15-9 l15-0 c15 (1)
unload-truck p7 t15 l15-0 (1)
drive-truck t14 l14-0 l14-1 c14 (1)
load-truck p1 t14 l14-1 (1)
drive-truck t14 l14-1 l14-14 c14 (1)
load-truck p10 t14 l14-14 (1)
drive-truck t14 l14-14 l14-16 c14 (1)
drive-truck t13 l13-0 l13-14 c13 (1)
load-truck p15 t13 l13-14 (1)
drive-truck t13 l13-14 l13-0 c13 (1)
unload-truck p15 t13 l13-0 (1)
load-airplane p15 a0 l13-0 (1)
drive-truck t12 l12-0 l12-1 c12 (1)
load-truck p5 t12 l12-1 (1)
drive-truck t12 l12-1 l12-0 c12 (1)
unload-truck p5 t12 l12-0 (1)
fly-airplane a5 l10-0 l12-0 (1)
load-airplane p5 a5 l12-0 (1)
fly-airplane a5 l12-0 l14-0 (1)
unload-airplane p5 a5 l14-0 (1)
drive-truck t8 l8-0 l8-6 c8 (1)
fly-airplane a1 l6-0 l5-0 (1)
load-airplane p12 a1 l5-0 (1)
fly-airplane a1 l5-0 l2-0 (1)
unload-airplane p12 a1 l2-0 (1)
load-truck p12 t2 l2-0 (1)
drive-truck t2 l2-0 l2-13 c2 (1)
unload-truck p12 t2 l2-13 (1)
drive-truck t9 l9-7 l9-0 c9 (1)
unload-truck p2 t9 l9-0 (1)
drive-truck t14 l14-16 l14-0 c14 (1)
load-truck p5 t14 l14-0 (1)
unload-truck p10 t14 l14-0 (1)
unload-truck p1 t14 l14-0 (1)
drive-truck t14 l14-0 l14-16 c14 (1)
unload-truck p5 t14 l14-16 (1)
load-airplane p1 a5 l14-0 (1)
drive-truck t11 l11-0 l11-16 c11 (1)
load-truck p14 t11 l11-16 (1)
drive-truck t11 l11-16 l11-0 c11 (1)
unload-truck p14 t11 l11-0 (1)
load-airplane p14 a7 l11-0 (1)
drive-truck t1 l1-0 l1-13 c1 (1)
load-truck p8 t1 l1-13 (1)
drive-truck t1 l1-13 l1-0 c1 (1)
unload-truck p8 t1 l1-0 (1)
drive-truck t1 l1-0 l1-14 c1 (1)
load-truck p6 t1 l1-14 (1)
drive-truck t1 l1-14 l1-0 c1 (1)
unload-truck p6 t1 l1-0 (1)
fly-airplane a5 l14-0 l9-0 (1)
load-airplane p2 a5 l9-0 (1)
drive-truck t7 l7-14 l7-0 c7 (1)
unload-truck p11 t7 l7-0 (1)
unload-truck p0 t7 l7-0 (1)
fly-airplane a7 l11-0 l1-0 (1)
load-airplane p8 a7 l1-0 (1)
load-airplane p6 a7 l1-0 (1)
unload-airplane p4 a7 l1-0 (1)
load-truck p4 t1 l1-0 (1)
drive-truck t1 l1-0 l1-1 c1 (1)
unload-truck p4 t1 l1-1 (1)
drive-truck t1 l1-1 l1-0 c1 (1)
fly-airplane a8 l6-0 l1-0 (1)
fly-airplane a7 l1-0 l11-0 (1)
unload-airplane p8 a7 l11-0 (1)
load-truck p8 t11 l11-0 (1)
drive-truck t11 l11-0 l11-16 c11 (1)
unload-truck p8 t11 l11-16 (1)
fly-airplane a7 l11-0 l3-0 (1)
unload-airplane p9 a7 l3-0 (1)
load-truck p9 t3 l3-0 (1)
unload-airplane p14 a7 l3-0 (1)
load-truck p14 t3 l3-0 (1)
drive-truck t3 l3-0 l3-2 c3 (1)
unload-truck p14 t3 l3-2 (1)
drive-truck t3 l3-2 l3-3 c3 (1)
unload-truck p9 t3 l3-3 (1)
fly-airplane a7 l3-0 l6-0 (1)
unload-airplane p6 a7 l6-0 (1)
load-truck p6 t6 l6-0 (1)
drive-truck t6 l6-0 l6-13 c6 (1)
unload-truck p6 t6 l6-13 (1)
drive-truck t6 l6-13 l6-0 c6 (1)
fly-airplane a8 l1-0 l7-0 (1)
load-airplane p11 a8 l7-0 (1)
load-airplane p0 a8 l7-0 (1)
fly-airplane a8 l7-0 l1-0 (1)
unload-airplane p0 a8 l1-0 (1)
load-truck p0 t1 l1-0 (1)
drive-truck t1 l1-0 l1-15 c1 (1)
unload-truck p0 t1 l1-15 (1)
fly-airplane a8 l1-0 l9-0 (1)
unload-airplane p11 a8 l9-0 (1)
load-truck p11 t9 l9-0 (1)
drive-truck t9 l9-0 l9-7 c9 (1)
unload-truck p11 t9 l9-7 (1)
fly-airplane a5 l9-0 l6-0 (1)
unload-airplane p2 a5 l6-0 (1)
load-truck p2 t6 l6-0 (1)
unload-airplane p1 a5 l6-0 (1)
load-truck p1 t6 l6-0 (1)
drive-truck t6 l6-0 l6-1 c6 (1)
unload-truck p2 t6 l6-1 (1)
drive-truck t6 l6-1 l6-10 c6 (1)
unload-truck p1 t6 l6-10 (1)
fly-airplane a0 l13-0 l15-0 (1)
load-airplane p7 a0 l15-0 (1)
unload-airplane p15 a0 l15-0 (1)
fly-airplane a0 l15-0 l13-0 (1)
unload-airplane p7 a0 l13-0 (1)
load-truck p7 t13 l13-0 (1)
drive-truck t13 l13-0 l13-12 c13 (1)
unload-truck p7 t13 l13-12 (1)
[t=188.849s, 106244 KB] Plan length: 169 step(s).
[t=188.849s, 106244 KB] Plan cost: 169
[t=188.849s, 106244 KB] Timestamp: 1684324997607 millisecond(s).
[t=188.849s, 106244 KB] Expanded 3128 state(s).
[t=188.849s, 106244 KB] Reopened 0 state(s).
[t=188.849s, 106244 KB] Evaluated 1022782 state(s).
[t=188.849s, 106244 KB] Evaluations: 1022782
[t=188.849s, 106244 KB] Generated 1258182 state(s).
[t=188.849s, 106244 KB] Dead ends: 0 state(s).
[t=188.849s, 106244 KB] Number of registered states: 1022782
[t=188.849s, 106244 KB] Int hash set load factor: 1022782/2097152 = 0.4877
[t=188.849s, 106244 KB] Int hash set resizes: 21
[t=188.849s, 106244 KB] Search time: 188.776s
[t=188.849s, 106244 KB] Total time: 188.849s
Solution found.
Peak memory: 106244 KB
Remove intermediate file output.sas
search exit code: 0

INFO     Running validate.
INFO     validate stdin: None
INFO     validate time limit: None
INFO     validate memory limit: None
INFO     validate command line string: validate domain.pddl problem.pddl sas_plan
Checking plan: sas_plan
Plan executed successfully - checking goal
Plan valid
Final value: 169 

Successful plans:
Value: 169
 sas_plan 169 

validate exit code: 0

INFO     Planner time: 190.93s
