INFO     planner time limit: 300s
INFO     planner memory limit: 3584 MB

INFO     Running translator.
INFO     translator stdin: None
INFO     translator time limit: 299s
INFO     translator memory limit: 3584 MB
INFO     translator command line string: /usr/local/downward-projects/downward/experiments/.venv/bin/python3 /usr/local/downward-projects/downward/experiments/src/thesis/data/thesis-thesis_exp/code-d93485cdd92f65ede2ae3573b3f4adda0b49e4fd_e5e41175/builds/release/bin/translate/translate.py domain.pddl problem.pddl --sas-file output.sas
Parsing...
Parsing: [0.000s CPU, 0.003s wall-clock]
Normalizing task... [0.000s CPU, 0.000s wall-clock]
Instantiating...
Generating Datalog program... [0.000s CPU, 0.001s wall-clock]
Normalizing Datalog program...
Normalizing Datalog program: [0.000s CPU, 0.001s wall-clock]
Preparing model... [0.000s CPU, 0.002s wall-clock]
Generated 26 rules.
Computing model... [0.390s CPU, 0.386s wall-clock]
36577 relevant atoms
27204 auxiliary atoms
63781 final queue length
131085 total queue pushes
Completing instantiation... [1.490s CPU, 1.483s wall-clock]
Instantiating: [1.890s CPU, 1.889s wall-clock]
Computing fact groups...
Finding invariants...
9 initial candidates
Finding invariants: [0.020s CPU, 0.017s wall-clock]
Checking invariant weight... [0.000s CPU, 0.000s wall-clock]
Instantiating groups... [0.000s CPU, 0.004s wall-clock]
Collecting mutex groups... [0.010s CPU, 0.001s wall-clock]
Choosing groups...
0 uncovered facts
Choosing groups: [0.000s CPU, 0.002s wall-clock]
Building translation key... [0.000s CPU, 0.001s wall-clock]
Computing fact groups: [0.030s CPU, 0.030s wall-clock]
Building STRIPS to SAS dictionary... [0.000s CPU, 0.001s wall-clock]
Building dictionary for full mutex groups... [0.000s CPU, 0.000s wall-clock]
Building mutex information...
Building mutex information: [0.000s CPU, 0.000s wall-clock]
Translating task...
Processing axioms...
Simplifying axioms... [0.000s CPU, 0.000s wall-clock]
Translator axioms removed by simplifying: 0
Computing negative axioms... [0.000s CPU, 0.000s wall-clock]
Processing axioms: [0.050s CPU, 0.047s wall-clock]
Translating task: [1.120s CPU, 1.124s wall-clock]
0 effect conditions simplified
0 implied preconditions added
Detecting unreachable propositions...
0 operators removed
0 axioms removed
28 propositions removed
Detecting unreachable propositions: [0.760s CPU, 0.755s wall-clock]
Reordering and filtering variables...
28 of 28 variables necessary.
0 of 28 mutex groups necessary.
34728 of 34728 operators necessary.
0 of 0 axiom rules necessary.
Reordering and filtering variables: [0.120s CPU, 0.117s wall-clock]
Translator variables: 28
Translator derived variables: 0
Translator facts: 1372
Translator goal facts: 20
Translator mutex groups: 0
Translator total mutex groups size: 0
Translator operators: 34728
Translator axioms: 0
Translator task size: 207364
Translator peak memory: 170080 KB
Writing output... [0.160s CPU, 0.154s wall-clock]
Done! [4.130s CPU, 4.132s wall-clock]
translate exit code: 0

INFO     Running search (release).
INFO     search stdin: output.sas
INFO     search time limit: 295s
INFO     search memory limit: 3584 MB
INFO     search command line string: /usr/local/downward-projects/downward/experiments/src/thesis/data/thesis-thesis_exp/code-d93485cdd92f65ede2ae3573b3f4adda0b49e4fd_e5e41175/builds/release/bin/downward --evaluator 'h=ff()' --search 'eager(alt([type_based([h, g()], random_seed=-1), single(h)]))' --internal-plan-file sas_plan < output.sas
[t=0s, 11364 KB] reading input...
[t=0.115898s, 21740 KB] done reading input!
[t=0.123821s, 25616 KB] Simplifying 68648 unary operators... done! [68648 unary operators]
[t=0.191683s, 31880 KB] time to simplify: 0.067862s
[t=0.195639s, 31880 KB] Initializing additive heuristic...
[t=0.196447s, 31880 KB] Initializing FF heuristic...
[t=0.196474s, 31880 KB] Building successor generator...done!
[t=0.210015s, 33420 KB] peak memory difference for successor generator creation: 1540 KB
[t=0.210118s, 33420 KB] time for successor generation creation: 0.0110055s
[t=0.210143s, 33420 KB] Variables: 28
[t=0.210171s, 33420 KB] FactPairs: 1372
[t=0.210193s, 33420 KB] Bytes per state: 24
[t=0.210229s, 33420 KB] Conducting best first search without reopening closed nodes, (real) bound = 2147483647
[t=0.21147s, 33420 KB] New best heuristic value for ff(): 916
[t=0.211977s, 33420 KB] g=0, 1 evaluated, 0 expanded
[t=0.212004s, 33420 KB] Initial heuristic value for ff(): 916
[t=0.212034s, 33420 KB] pruning method: none
[t=0.212057s, 33420 KB] Start Timestep: 1687899100469 millisecond(s).
[t=0.212105s, 33420 KB] New best heuristic value for ff(): 907
[t=0.213063s, 33420 KB] g=17, 2 evaluated, 1 expanded
[t=0.21537s, 33420 KB] New best heuristic value for ff(): 862
[t=0.219007s, 33420 KB] g=14, 9 evaluated, 1 expanded
[t=0.219305s, 33420 KB] New best heuristic value for ff(): 861
[t=0.219958s, 33420 KB] g=18, 10 evaluated, 1 expanded
[t=0.223265s, 33420 KB] New best heuristic value for ff(): 836
[t=0.223372s, 33420 KB] g=11, 14 evaluated, 1 expanded
[t=0.231237s, 33420 KB] New best heuristic value for ff(): 835
[t=0.232737s, 33420 KB] g=12, 25 evaluated, 2 expanded
[t=0.232765s, 33420 KB] New best heuristic value for ff(): 769
[t=0.234477s, 33420 KB] g=25, 27 evaluated, 2 expanded
[t=0.255172s, 33420 KB] New best heuristic value for ff(): 764
[t=0.25659s, 33420 KB] g=40, 53 evaluated, 4 expanded
[t=0.263119s, 33420 KB] New best heuristic value for ff(): 762
[t=0.265826s, 33420 KB] g=39, 64 evaluated, 4 expanded
[t=0.279039s, 33420 KB] New best heuristic value for ff(): 750
[t=0.281931s, 33420 KB] g=54, 83 evaluated, 6 expanded
[t=0.302993s, 33420 KB] New best heuristic value for ff(): 749
[t=0.303692s, 33420 KB] g=55, 109 evaluated, 8 expanded
[t=0.322917s, 33420 KB] New best heuristic value for ff(): 733
[t=0.325312s, 33420 KB] g=73, 135 evaluated, 10 expanded
[t=0.434826s, 33420 KB] New best heuristic value for ff(): 698
[t=0.436512s, 33420 KB] g=99, 270 evaluated, 21 expanded
[t=0.458775s, 33420 KB] New best heuristic value for ff(): 697
[t=0.462192s, 33420 KB] g=100, 301 evaluated, 23 expanded
[t=2.44941s, 33420 KB] New best heuristic value for ff(): 682
[t=2.45158s, 33420 KB] g=164, 2706 evaluated, 211 expanded
[t=4.19623s, 33420 KB] New best heuristic value for ff(): 676
[t=4.19805s, 33420 KB] g=228, 4813 evaluated, 387 expanded
[t=8.25284s, 33724 KB] New best heuristic value for ff(): 666
[t=8.2542s, 33724 KB] g=343, 9685 evaluated, 812 expanded
[t=8.27675s, 33724 KB] New best heuristic value for ff(): 665
[t=8.28012s, 33724 KB] g=344, 9716 evaluated, 814 expanded
[t=12.3062s, 35100 KB] New best heuristic value for ff(): 663
[t=12.3099s, 35100 KB] g=396, 14534 evaluated, 1244 expanded
[t=12.3142s, 35100 KB] New best heuristic value for ff(): 648
[t=12.3167s, 35100 KB] g=410, 14542 evaluated, 1246 expanded
[t=12.3461s, 35356 KB] New best heuristic value for ff(): 647
[t=12.35s, 35356 KB] g=411, 14580 evaluated, 1248 expanded
[t=17.3575s, 36152 KB] New best heuristic value for ff(): 622
[t=17.3586s, 36152 KB] g=387, 20367 evaluated, 1729 expanded
[t=17.3669s, 36152 KB] New best heuristic value for ff(): 621
[t=17.3679s, 36152 KB] g=388, 20377 evaluated, 1730 expanded
[t=17.3984s, 36152 KB] New best heuristic value for ff(): 620
[t=17.3995s, 36152 KB] g=389, 20412 evaluated, 1732 expanded
[t=20.1169s, 37956 KB] New best heuristic value for ff(): 604
[t=20.1175s, 37956 KB] g=487, 23458 evaluated, 2001 expanded
[t=20.1258s, 37956 KB] New best heuristic value for ff(): 603
[t=20.1267s, 37956 KB] g=488, 23468 evaluated, 2002 expanded
[t=20.1641s, 37956 KB] New best heuristic value for ff(): 602
[t=20.1647s, 37956 KB] g=489, 23510 evaluated, 2004 expanded
[t=21.5617s, 37956 KB] New best heuristic value for ff(): 585
[t=21.5619s, 37956 KB] g=549, 25059 evaluated, 2112 expanded
[t=21.5774s, 37956 KB] New best heuristic value for ff(): 584
[t=21.5783s, 37956 KB] g=550, 25077 evaluated, 2113 expanded
[t=76.4476s, 49092 KB] New best heuristic value for ff(): 583
[t=76.448s, 49092 KB] g=787, 86867 evaluated, 7082 expanded
[t=95.3323s, 57892 KB] New best heuristic value for ff(): 582
[t=95.3346s, 57892 KB] g=1032, 108262 evaluated, 8824 expanded
[t=155.417s, 64864 KB] New best heuristic value for ff(): 580
[t=155.419s, 64864 KB] g=726, 175748 evaluated, 14506 expanded
[t=155.457s, 64864 KB] New best heuristic value for ff(): 579
[t=155.46s, 64864 KB] g=727, 175794 evaluated, 14508 expanded
[t=155.513s, 64864 KB] New best heuristic value for ff(): 578
[t=155.515s, 64864 KB] g=742, 175855 evaluated, 14512 expanded
[t=161.83s, 65796 KB] New best heuristic value for ff(): 577
[t=161.831s, 65796 KB] g=812, 182838 evaluated, 15039 expanded
[t=164.625s, 66196 KB] New best heuristic value for ff(): 576
[t=164.626s, 66196 KB] g=620, 185941 evaluated, 15271 expanded
[t=164.669s, 66196 KB] New best heuristic value for ff(): 575
[t=164.669s, 66196 KB] g=621, 185989 evaluated, 15273 expanded
[t=165.061s, 66196 KB] New best heuristic value for ff(): 564
[t=165.061s, 66196 KB] g=655, 186423 evaluated, 15306 expanded
[t=165.092s, 66196 KB] New best heuristic value for ff(): 563
[t=165.093s, 66196 KB] g=656, 186457 evaluated, 15308 expanded
[t=165.116s, 66196 KB] New best heuristic value for ff(): 561
[t=165.117s, 66196 KB] g=675, 186484 evaluated, 15310 expanded
[t=165.176s, 66196 KB] New best heuristic value for ff(): 560
[t=165.178s, 66196 KB] g=669, 186550 evaluated, 15314 expanded
Peak memory: 90248 KB
caught signal 24 -- exiting
Time limit has been reached.
Remove intermediate file output.sas
search exit code: 23

Driver aborting after search
INFO     Planner time: 298.87s
