INFO     planner time limit: 900s
INFO     planner memory limit: 3584 MB

INFO     Running translator.
INFO     translator stdin: None
INFO     translator time limit: 899s
INFO     translator memory limit: 3584 MB
INFO     translator command line string: /usr/local/downward-projects/downward/experiments/assign3/.venv/bin/python3 /usr/local/downward-projects/downward/experiments/assign3/data/assign3-anytime_exp/code-fe4f0f1bb525c059c1938ac01bab1b7bae200873_e5e41175/builds/release/bin/translate/translate.py domain.pddl problem.pddl --sas-file output.sas
Parsing...
Parsing: [0.010s CPU, 0.002s wall-clock]
Normalizing task... [0.000s CPU, 0.000s wall-clock]
Instantiating...
Generating Datalog program... [0.000s CPU, 0.001s wall-clock]
Normalizing Datalog program...
Normalizing Datalog program: [0.000s CPU, 0.002s wall-clock]
Preparing model... [0.000s CPU, 0.001s wall-clock]
Generated 50 rules.
Computing model... [0.010s CPU, 0.010s wall-clock]
761 relevant atoms
912 auxiliary atoms
1673 final queue length
2151 total queue pushes
Completing instantiation... [0.020s CPU, 0.009s wall-clock]
Instantiating: [0.030s CPU, 0.023s wall-clock]
Computing fact groups...
Finding invariants...
11 initial candidates
Finding invariants: [0.000s CPU, 0.003s wall-clock]
Checking invariant weight... [0.000s CPU, 0.000s wall-clock]
Instantiating groups... [0.000s CPU, 0.002s wall-clock]
Collecting mutex groups... [0.000s CPU, 0.000s wall-clock]
Choosing groups...
0 uncovered facts
Choosing groups: [0.000s CPU, 0.000s wall-clock]
Building translation key... [0.000s CPU, 0.000s wall-clock]
Computing fact groups: [0.000s CPU, 0.008s wall-clock]
Building STRIPS to SAS dictionary... [0.000s CPU, 0.000s wall-clock]
Building dictionary for full mutex groups... [0.000s CPU, 0.000s wall-clock]
Building mutex information...
Building mutex information: [0.000s CPU, 0.000s wall-clock]
Translating task...
Processing axioms...
Simplifying axioms... [0.000s CPU, 0.000s wall-clock]
Translator axioms removed by simplifying: 0
Computing negative axioms... [0.000s CPU, 0.000s wall-clock]
Processing axioms: [0.000s CPU, 0.001s wall-clock]
Translating task: [0.010s CPU, 0.010s wall-clock]
0 effect conditions simplified
0 implied preconditions added
Detecting unreachable propositions...
0 operators removed
0 axioms removed
4 propositions removed
Detecting unreachable propositions: [0.010s CPU, 0.006s wall-clock]
Reordering and filtering variables...
34 of 34 variables necessary.
60 of 64 mutex groups necessary.
400 of 400 operators necessary.
0 of 0 axiom rules necessary.
Reordering and filtering variables: [0.000s CPU, 0.002s wall-clock]
Translator variables: 34
Translator derived variables: 0
Translator facts: 184
Translator goal facts: 25
Translator mutex groups: 60
Translator total mutex groups size: 240
Translator operators: 400
Translator axioms: 0
Translator task size: 2671
Translator peak memory: 33728 KB
Writing output... [0.000s CPU, 0.002s wall-clock]
Done! [0.060s CPU, 0.055s wall-clock]
translate exit code: 0

INFO     Running search (release).
INFO     search stdin: output.sas
INFO     search time limit: 899s
INFO     search memory limit: 3584 MB
INFO     search command line string: /usr/local/downward-projects/downward/experiments/assign3/data/assign3-anytime_exp/code-fe4f0f1bb525c059c1938ac01bab1b7bae200873_e5e41175/builds/release/bin/downward --evaluator 'h=lmcut()' --search 'eager_anytime(alt(
        [single(weight(h, 2, verbosity=normal)), type_based([h, g()], random_seed=1234)]), 
        reopen_closed=true, f_eval=sum([h, g()]))' --internal-plan-file sas_plan < output.sas
[t=0.00105255s, 10884 KB] reading input...
[t=0.00310813s, 11008 KB] done reading input!
[t=0.00519552s, 11424 KB] Initializing landmark cut heuristic...
[t=0.0057367s, 11424 KB] Building successor generator...done!
[t=0.00600908s, 11424 KB] peak memory difference for successor generator creation: 0 KB
[t=0.00606424s, 11424 KB] time for successor generation creation: 5.9576e-05s
[t=0.00609576s, 11424 KB] Variables: 34
[t=0.00612496s, 11424 KB] FactPairs: 184
[t=0.00615627s, 11424 KB] Bytes per state: 12
[t=0.00618065s, 11424 KB] Conducting best first anytime search with reopening closed nodes, (real) bound = 2147483647
[t=0.00624976s, 11424 KB] New best heuristic value for lmcut(): 66
[t=0.00656016s, 11424 KB] g=0, 1 evaluated, 0 expanded
[t=0.00658668s, 11424 KB] Initial heuristic value for lmcut(): 66
[t=0.00661918s, 11424 KB] Start Timestep: 1682409749296 millisecond(s).
[t=0.00712737s, 11424 KB] New best heuristic value for lmcut(): 64
[t=0.00721658s, 11424 KB] g=2, 3 evaluated, 1 expanded
[t=0.0123571s, 11424 KB] New best heuristic value for lmcut(): 63
[t=0.0128633s, 11424 KB] g=8, 25 evaluated, 3 expanded
[t=0.0133792s, 11424 KB] New best heuristic value for lmcut(): 61
[t=0.0136513s, 11424 KB] g=10, 28 evaluated, 4 expanded
[t=0.0175712s, 11424 KB] New best heuristic value for lmcut(): 60
[t=0.018459s, 11424 KB] g=13, 48 evaluated, 6 expanded
[t=0.021733s, 11424 KB] New best heuristic value for lmcut(): 58
[t=0.0219714s, 11424 KB] g=20, 63 evaluated, 9 expanded
[t=0.0259152s, 11424 KB] New best heuristic value for lmcut(): 57
[t=0.0259736s, 11424 KB] g=23, 81 evaluated, 11 expanded
[t=0.0293914s, 11424 KB] New best heuristic value for lmcut(): 56
[t=0.0298142s, 11424 KB] g=23, 98 evaluated, 14 expanded
[t=0.0300699s, 11424 KB] New best heuristic value for lmcut(): 55
[t=0.0310241s, 11424 KB] g=24, 104 evaluated, 15 expanded
[t=0.0353051s, 11424 KB] New best heuristic value for lmcut(): 53
[t=0.0363514s, 11424 KB] g=27, 131 evaluated, 20 expanded
[t=0.0405311s, 11424 KB] New best heuristic value for lmcut(): 52
[t=0.0412377s, 11424 KB] g=33, 156 evaluated, 24 expanded
[t=0.0426057s, 11424 KB] New best heuristic value for lmcut(): 51
[t=0.0427958s, 11424 KB] g=35, 164 evaluated, 26 expanded
[t=0.0451425s, 11424 KB] New best heuristic value for lmcut(): 50
[t=0.045633s, 11424 KB] g=38, 181 evaluated, 28 expanded
[t=0.0457142s, 11424 KB] New best heuristic value for lmcut(): 49
[t=0.0458752s, 11424 KB] g=43, 183 evaluated, 29 expanded
[t=0.046745s, 11424 KB] New best heuristic value for lmcut(): 48
[t=0.0476639s, 11424 KB] g=45, 195 evaluated, 31 expanded
[t=0.0656328s, 11424 KB] New best heuristic value for lmcut(): 46
[t=0.0662604s, 11424 KB] g=53, 322 evaluated, 59 expanded
[t=0.0729621s, 11424 KB] New best heuristic value for lmcut(): 45
[t=0.0738143s, 11424 KB] g=55, 378 evaluated, 71 expanded
[t=0.0739755s, 11424 KB] New best heuristic value for lmcut(): 43
[t=0.0740874s, 11424 KB] g=57, 381 evaluated, 72 expanded
[t=0.0750056s, 11424 KB] New best heuristic value for lmcut(): 42
[t=0.0760591s, 11424 KB] g=58, 397 evaluated, 74 expanded
[t=0.0928419s, 11424 KB] New best heuristic value for lmcut(): 41
[t=0.0935648s, 11424 KB] g=65, 524 evaluated, 103 expanded
[t=0.093594s, 11424 KB] New best heuristic value for lmcut(): 40
[t=0.0937821s, 11424 KB] g=70, 526 evaluated, 104 expanded
[t=0.122228s, 11424 KB] New best heuristic value for lmcut(): 39
[t=0.123047s, 11424 KB] g=69, 770 evaluated, 173 expanded
[t=0.12745s, 11424 KB] New best heuristic value for lmcut(): 38
[t=0.128035s, 11424 KB] g=71, 829 evaluated, 186 expanded
[t=0.234553s, 11556 KB] New best heuristic value for lmcut(): 36
[t=0.235179s, 11556 KB] g=89, 1577 evaluated, 412 expanded, 5 reopened
[t=0.323701s, 11556 KB] New best heuristic value for lmcut(): 35
[t=0.324615s, 11556 KB] g=98, 2212 evaluated, 613 expanded, 6 reopened
[t=0.330379s, 11556 KB] New best heuristic value for lmcut(): 34
[t=0.330778s, 11556 KB] g=100, 2255 evaluated, 623 expanded, 6 reopened
[t=0.43706s, 11744 KB] New best heuristic value for lmcut(): 33
[t=0.437352s, 11744 KB] g=111, 2959 evaluated, 840 expanded, 12 reopened
[t=0.437464s, 11744 KB] New best heuristic value for lmcut(): 32
[t=0.437851s, 11744 KB] g=112, 2967 evaluated, 842 expanded, 12 reopened
[t=0.578824s, 11876 KB] New best heuristic value for lmcut(): 31
[t=0.579305s, 11876 KB] g=119, 3863 evaluated, 1152 expanded, 16 reopened
[t=0.58191s, 11876 KB] New best heuristic value for lmcut(): 30
[t=0.582422s, 11876 KB] g=125, 3884 evaluated, 1156 expanded, 16 reopened
[t=16.4386s, 19888 KB] New best heuristic value for lmcut(): 28
[t=16.4416s, 19888 KB] g=224, 93323 evaluated, 40046 expanded, 15395 reopened
[t=242.329s, 149468 KB] New best heuristic value for lmcut(): 27
[t=242.329s, 149468 KB] g=122, 1511822 evaluated, 1103262 expanded, 634503 reopened
[t=242.33s, 149468 KB] New best heuristic value for lmcut(): 25
[t=242.33s, 149468 KB] g=124, 1511826 evaluated, 1103264 expanded, 634503 reopened
[t=294.092s, 173072 KB] New best heuristic value for lmcut(): 24
[t=294.096s, 173072 KB] g=139, 1843753 evaluated, 1388439 expanded, 805466 reopened
[t=294.096s, 173072 KB] New best heuristic value for lmcut(): 23
[t=294.096s, 173072 KB] g=140, 1843758 evaluated, 1388441 expanded, 805466 reopened
[t=294.096s, 173072 KB] New best heuristic value for lmcut(): 21
[t=294.096s, 173072 KB] g=142, 1843762 evaluated, 1388443 expanded, 805466 reopened
Peak memory: 548480 KB
caught signal 24 -- exiting
Time limit has been reached.
Remove intermediate file output.sas
search exit code: 23

Driver aborting after search
INFO     Planner time: 896.42s
