INFO     planner time limit: 900s
INFO     planner memory limit: 3584 MB

INFO     Running translator.
INFO     translator stdin: None
INFO     translator time limit: 899s
INFO     translator memory limit: 3584 MB
INFO     translator command line string: /usr/local/downward-projects/downward/experiments/assign3/.venv/bin/python3 /usr/local/downward-projects/downward/experiments/assign3/data/assign3-anytime_exp/code-fe4f0f1bb525c059c1938ac01bab1b7bae200873_e5e41175/builds/release/bin/translate/translate.py domain.pddl problem.pddl --sas-file output.sas
Parsing...
Parsing: [0.020s CPU, 0.017s wall-clock]
Normalizing task... [0.000s CPU, 0.002s wall-clock]
Instantiating...
Generating Datalog program... [0.000s CPU, 0.004s wall-clock]
Normalizing Datalog program...
Normalizing Datalog program: [0.010s CPU, 0.011s wall-clock]
Preparing model... [0.010s CPU, 0.011s wall-clock]
Generated 652 rules.
Computing model... [0.280s CPU, 0.275s wall-clock]
14433 relevant atoms
19762 auxiliary atoms
34195 final queue length
59635 total queue pushes
Completing instantiation... [0.460s CPU, 0.473s wall-clock]
Instantiating: [0.780s CPU, 0.791s wall-clock]
Computing fact groups...
Finding invariants...
12 initial candidates
Finding invariants: [0.030s CPU, 0.030s wall-clock]
Checking invariant weight... [0.000s CPU, 0.002s wall-clock]
Instantiating groups... [0.000s CPU, 0.001s wall-clock]
Collecting mutex groups... [0.000s CPU, 0.000s wall-clock]
Choosing groups...
0 uncovered facts
Choosing groups: [0.000s CPU, 0.001s wall-clock]
Building translation key... [0.010s CPU, 0.000s wall-clock]
Computing fact groups: [0.040s CPU, 0.038s wall-clock]
Building STRIPS to SAS dictionary... [0.000s CPU, 0.000s wall-clock]
Building dictionary for full mutex groups... [0.000s CPU, 0.001s wall-clock]
Building mutex information...
Building mutex information: [0.000s CPU, 0.001s wall-clock]
Translating task...
Processing axioms...
Simplifying axioms... [0.000s CPU, 0.000s wall-clock]
Translator axioms removed by simplifying: 0
Computing negative axioms... [0.000s CPU, 0.000s wall-clock]
Processing axioms: [0.020s CPU, 0.019s wall-clock]
Translating task: [0.390s CPU, 0.393s wall-clock]
0 effect conditions simplified
0 implied preconditions added
Detecting unreachable propositions...
0 operators removed
0 axioms removed
161 propositions removed
Detecting unreachable propositions: [0.270s CPU, 0.272s wall-clock]
Reordering and filtering variables...
161 of 161 variables necessary.
0 of 241 mutex groups necessary.
12960 of 12960 operators necessary.
0 of 0 axiom rules necessary.
Reordering and filtering variables: [0.050s CPU, 0.047s wall-clock]
Translator variables: 161
Translator derived variables: 0
Translator facts: 481
Translator goal facts: 80
Translator mutex groups: 0
Translator total mutex groups size: 0
Translator operators: 12960
Translator axioms: 0
Translator task size: 80430
Translator peak memory: 83908 KB
Writing output... [0.060s CPU, 0.060s wall-clock]
Done! [1.630s CPU, 1.644s wall-clock]
translate exit code: 0

INFO     Running search (release).
INFO     search stdin: output.sas
INFO     search time limit: 898s
INFO     search memory limit: 3584 MB
INFO     search command line string: /usr/local/downward-projects/downward/experiments/assign3/data/assign3-anytime_exp/code-fe4f0f1bb525c059c1938ac01bab1b7bae200873_e5e41175/builds/release/bin/downward --evaluator 'h=lmcut()' --search 'eager_anytime(epsilon_greedy(
        sum([weight(h, 2, verbosity=normal), g()]), epsilon=0.2, random_seed=1234), 
        reopen_closed=true, f_eval=sum([h, g()]))' --internal-plan-file sas_plan < output.sas
[t=0s, 10884 KB] reading input...
[t=0.0399691s, 14336 KB] done reading input!
[t=0.047882s, 17556 KB] Initializing landmark cut heuristic...
[t=0.0487958s, 17556 KB] Building successor generator...done!
[t=0.0539708s, 19380 KB] peak memory difference for successor generator creation: 1824 KB
[t=0.0540321s, 19380 KB] time for successor generation creation: 0.00283077s
[t=0.0540584s, 19380 KB] Variables: 161
[t=0.0540888s, 19380 KB] FactPairs: 481
[t=0.0541126s, 19380 KB] Bytes per state: 32
[t=0.0541362s, 19380 KB] Conducting best first anytime search with reopening closed nodes, (real) bound = 2147483647
[t=0.0541899s, 19380 KB] New best heuristic value for lmcut(): 1
[t=0.054932s, 19380 KB] g=0, 1 evaluated, 0 expanded
[t=0.0549602s, 19380 KB] Initial heuristic value for lmcut(): 1
[t=0.0549874s, 19380 KB] Start Timestep: 1682560594278 millisecond(s).
[t=0.0550306s, 19380 KB] New best heuristic value for lmcut(): 0
[t=0.0553866s, 19380 KB] g=1, 2 evaluated, 1 expanded
Peak memory: 240380 KB
caught signal 24 -- exiting
Time limit has been reached.
Remove intermediate file output.sas
search exit code: 23

Driver aborting after search
INFO     Planner time: 897.03s
