INFO     planner time limit: 900s
INFO     planner memory limit: 3584 MB

INFO     Running translator.
INFO     translator stdin: None
INFO     translator time limit: 899s
INFO     translator memory limit: 3584 MB
INFO     translator command line string: /usr/local/downward-projects/downward/experiments/.venv/bin/python3 /usr/local/downward-projects/downward/experiments/src/thesis/data/thesis-thesis_exp/code-492c46a6b9a8d722366a407090da84235e2f79dc_e5e41175/builds/release/bin/translate/translate.py domain.pddl problem.pddl --sas-file output.sas
Parsing...
Parsing: [0.000s CPU, 0.006s wall-clock]
Normalizing task... [0.000s CPU, 0.000s wall-clock]
Instantiating...
Generating Datalog program... [0.010s CPU, 0.003s wall-clock]
Normalizing Datalog program...
Normalizing Datalog program: [0.000s CPU, 0.004s wall-clock]
Preparing model... [0.010s CPU, 0.007s wall-clock]
Generated 79 rules.
Computing model... [3.680s CPU, 3.693s wall-clock]
246251 relevant atoms
139368 auxiliary atoms
385619 final queue length
1101199 total queue pushes
Completing instantiation... [7.790s CPU, 7.804s wall-clock]
Instantiating: [11.650s CPU, 11.661s wall-clock]
Computing fact groups...
Finding invariants...
14 initial candidates
Finding invariants: [0.320s CPU, 0.324s wall-clock]
Checking invariant weight... [0.000s CPU, 0.000s wall-clock]
Instantiating groups... [0.000s CPU, 0.000s wall-clock]
Collecting mutex groups... [0.000s CPU, 0.002s wall-clock]
Choosing groups...
4896 uncovered facts
Choosing groups: [0.000s CPU, 0.002s wall-clock]
Building translation key... [0.020s CPU, 0.015s wall-clock]
Computing fact groups: [0.380s CPU, 0.381s wall-clock]
Building STRIPS to SAS dictionary... [0.000s CPU, 0.005s wall-clock]
Building dictionary for full mutex groups... [0.010s CPU, 0.005s wall-clock]
Building mutex information...
Building mutex information: [0.000s CPU, 0.004s wall-clock]
Translating task...
Processing axioms...
Simplifying axioms... [0.000s CPU, 0.000s wall-clock]
Translator axioms removed by simplifying: 0
Computing negative axioms... [0.000s CPU, 0.000s wall-clock]
Processing axioms: [0.130s CPU, 0.131s wall-clock]
Translating task: [5.200s CPU, 5.207s wall-clock]
216512 effect conditions simplified
0 implied preconditions added
Detecting unreachable propositions...
0 operators removed
0 axioms removed
0 propositions removed
Detecting unreachable propositions: [2.880s CPU, 2.887s wall-clock]
Reordering and filtering variables...
4896 of 4896 variables necessary.
0 of 0 mutex groups necessary.
85856 of 85856 operators necessary.
0 of 0 axiom rules necessary.
Reordering and filtering variables: [4.880s CPU, 4.882s wall-clock]
Translator variables: 4896
Translator derived variables: 0
Translator facts: 9792
Translator goal facts: 96
Translator mutex groups: 0
Translator total mutex groups size: 0
Translator operators: 85856
Translator axioms: 0
Translator task size: 748032
Translator peak memory: 518404 KB
Writing output... [0.620s CPU, 0.619s wall-clock]
Done! [25.830s CPU, 25.862s wall-clock]
translate exit code: 0

INFO     Running search (release).
INFO     search stdin: output.sas
INFO     search time limit: 873s
INFO     search memory limit: 3584 MB
INFO     search command line string: /usr/local/downward-projects/downward/experiments/src/thesis/data/thesis-thesis_exp/code-492c46a6b9a8d722366a407090da84235e2f79dc_e5e41175/builds/release/bin/downward --evaluator 'h=ff()' --search 'eager(lwm_based_type(h))' --internal-plan-file sas_plan < output.sas
[t=0s, 11200 KB] reading input...
[t=0.43963s, 45928 KB] done reading input!
[t=0.487633s, 66320 KB] Simplifying 389824 unary operators... done! [279232 unary operators]
[t=0.987582s, 92328 KB] time to simplify: 0.535948s
[t=1.03158s, 92328 KB] Initializing additive heuristic...
[t=1.03158s, 92328 KB] Initializing FF heuristic...
[t=1.03158s, 92328 KB] Building successor generator...done!
[t=1.06758s, 92328 KB] peak memory difference for successor generator creation: 0 KB
[t=1.06758s, 92328 KB] time for successor generation creation: 0.0320005s
[t=1.07158s, 92328 KB] Variables: 4896
[t=1.07158s, 92328 KB] FactPairs: 9792
[t=1.07158s, 92328 KB] Bytes per state: 612
[t=1.07158s, 92328 KB] Conducting best first search without reopening closed nodes, (real) bound = 2147483647
[t=1.07558s, 92328 KB] New best heuristic value for ff(): 4
[t=1.07558s, 92328 KB] g=0, 1 evaluated, 0 expanded
[t=1.07558s, 92328 KB] Initial heuristic value for ff(): 4
[t=1.07558s, 92328 KB] pruning method: none
[t=1.07558s, 92328 KB] Start Timestep: 1685466936404 millisecond(s).
[t=4.14326s, 92328 KB] New best heuristic value for ff(): 3
[t=4.14326s, 92328 KB] g=21, 1558 evaluated, 1042 expanded
[t=4.15126s, 92328 KB] New best heuristic value for ff(): 2
[t=4.15126s, 92328 KB] g=22, 1562 evaluated, 1044 expanded
[t=10.5899s, 92328 KB] New best heuristic value for ff(): 1
[t=10.5899s, 92328 KB] g=48, 4835 evaluated, 3538 expanded
[t=10.5979s, 92328 KB] New best heuristic value for ff(): 0
[t=10.5979s, 92328 KB] g=49, 4839 evaluated, 3539 expanded
[t=10.6179s, 92328 KB] Solution found!
[t=10.6179s, 92328 KB] Actual search time: 9.54233s
move_l_down f11-0f f12-0f f12-1f f13-0f f13-1f rightl1 (1)
move_l_down f12-0f f13-0f f13-1f f14-0f f14-1f rightl1 (1)
move_l_down f13-0f f14-0f f14-1f f15-0f f15-1f rightl1 (1)
move_l_down f2-0f f3-0f f3-1f f4-0f f4-1f rightl0 (1)
move_l_down f3-0f f4-0f f4-1f f5-0f f5-1f rightl0 (1)
move_l_down f14-0f f15-0f f15-1f f16-0f f16-1f rightl1 (1)
move_l_down f15-0f f16-0f f16-1f f17-0f f17-1f rightl1 (1)
move_l_down f4-0f f5-0f f5-1f f6-0f f6-1f rightl0 (1)
move_l_right f16-0f f17-0f f17-1f f16-1f f17-2f f16-2f rightl1 (1)
move_l_down f16-1f f17-1f f17-2f f18-1f f18-2f rightl1 (1)
move_l_down f17-1f f18-1f f18-2f f19-1f f19-2f rightl1 (1)
move_l_down f18-1f f19-1f f19-2f f20-1f f20-2f rightl1 (1)
move_l_down f19-1f f20-1f f20-2f f21-1f f21-2f rightl1 (1)
move_l_down f20-1f f21-1f f21-2f f22-1f f22-2f rightl1 (1)
move_l_down f5-0f f6-0f f6-1f f7-0f f7-1f rightl0 (1)
move_l_down f6-0f f7-0f f7-1f f8-0f f8-1f rightl0 (1)
move_l_down f21-1f f22-1f f22-2f f23-1f f23-2f rightl1 (1)
move_l_right f7-0f f8-0f f8-1f f7-1f f8-2f f7-2f rightl0 (1)
move_l_down f22-1f f23-1f f23-2f f24-1f f24-2f rightl1 (1)
move_l_down f23-1f f24-1f f24-2f f25-1f f25-2f rightl1 (1)
move_l_down f7-1f f8-1f f8-2f f9-1f f9-2f rightl0 (1)
move_l_down f8-1f f9-1f f9-2f f10-1f f10-2f rightl0 (1)
move_l_left f24-1f f25-1f f25-2f f24-0f f25-0f rightl1 (1)
move_l_down f9-1f f10-1f f10-2f f11-1f f11-2f rightl0 (1)
move_l_down f10-1f f11-1f f11-2f f12-1f f12-2f rightl0 (1)
move_l_right f11-1f f12-1f f12-2f f11-2f f12-3f f11-3f rightl0 (1)
move_l_down f11-2f f12-2f f12-3f f13-2f f13-3f rightl0 (1)
move_l_down f12-2f f13-2f f13-3f f14-2f f14-3f rightl0 (1)
move_l_down f13-2f f14-2f f14-3f f15-2f f15-3f rightl0 (1)
move_l_down f14-2f f15-2f f15-3f f16-2f f16-3f rightl0 (1)
move_l_down f15-2f f16-2f f16-3f f17-2f f17-3f rightl0 (1)
move_l_down f16-2f f17-2f f17-3f f18-2f f18-3f rightl0 (1)
move_l_down f17-2f f18-2f f18-3f f19-2f f19-3f rightl0 (1)
move_l_down f18-2f f19-2f f19-3f f20-2f f20-3f rightl0 (1)
move_l_down f24-0f f25-0f f25-1f f26-0f f26-1f rightl1 (1)
move_l_down f19-2f f20-2f f20-3f f21-2f f21-3f rightl0 (1)
move_l_right f25-0f f26-0f f26-1f f25-1f f26-2f f25-2f rightl1 (1)
move_l_down f20-2f f21-2f f21-3f f22-2f f22-3f rightl0 (1)
move_l_down f21-2f f22-2f f22-3f f23-2f f23-3f rightl0 (1)
move_l_down f22-2f f23-2f f23-3f f24-2f f24-3f rightl0 (1)
move_l_down f23-2f f24-2f f24-3f f25-2f f25-3f rightl0 (1)
[t=10.6179s, 92328 KB] Plan length: 41 step(s).
[t=10.6179s, 92328 KB] Plan cost: 41
[t=10.6179s, 92328 KB] Timestamp: 1685466945949 millisecond(s).
[t=10.6179s, 92328 KB] Expanded 3545 state(s).
[t=10.6179s, 92328 KB] Reopened 0 state(s).
[t=10.6179s, 92328 KB] Evaluated 4849 state(s).
[t=10.6179s, 92328 KB] Evaluations: 4849
[t=10.6179s, 92328 KB] Generated 23002 state(s).
[t=10.6179s, 92328 KB] Dead ends: 0 state(s).
[t=10.6179s, 92328 KB] Number of registered states: 4849
[t=10.6179s, 92328 KB] Int hash set load factor: 4849/8192 = 0.591919
[t=10.6179s, 92328 KB] Int hash set resizes: 13
[t=10.6179s, 92328 KB] Search time: 9.54633s
[t=10.6179s, 92328 KB] Total time: 10.6179s
Solution found.
Peak memory: 92328 KB
Remove intermediate file output.sas
search exit code: 0

INFO     Running validate.
INFO     validate stdin: None
INFO     validate time limit: None
INFO     validate memory limit: None
INFO     validate command line string: validate domain.pddl problem.pddl sas_plan
Checking plan: sas_plan
Plan executed successfully - checking goal
Plan valid
Final value: 41 

Successful plans:
Value: 41
 sas_plan 41 

validate exit code: 0

INFO     Planner time: 36.71s
