INFO     planner time limit: 600s
INFO     planner memory limit: 3584 MB

INFO     Running translator.
INFO     translator stdin: None
INFO     translator time limit: 599s
INFO     translator memory limit: 3584 MB
INFO     translator command line string: /usr/local/downward-projects/downward/experiments/src/thesis/.venv/bin/python3 /usr/local/downward-projects/downward/experiments/src/thesis/data/thesis-thesis_exp/code-84c08dfff1890fbf6247184940c8166177195ea1_e5e41175/builds/release/bin/translate/translate.py domain.pddl problem.pddl --sas-file output.sas
Parsing...
Parsing: [0.000s CPU, 0.002s wall-clock]
Normalizing task... [0.000s CPU, 0.000s wall-clock]
Instantiating...
Generating Datalog program... [0.000s CPU, 0.001s wall-clock]
Normalizing Datalog program...
Normalizing Datalog program: [0.000s CPU, 0.001s wall-clock]
Preparing model... [0.000s CPU, 0.001s wall-clock]
Generated 32 rules.
Computing model... [0.430s CPU, 0.440s wall-clock]
65075 relevant atoms
5792 auxiliary atoms
70867 final queue length
210833 total queue pushes
Completing instantiation... [3.020s CPU, 3.027s wall-clock]
Instantiating: [3.480s CPU, 3.491s wall-clock]
Computing fact groups...
Finding invariants...
12 initial candidates
Finding invariants: [0.010s CPU, 0.007s wall-clock]
Checking invariant weight... [0.000s CPU, 0.000s wall-clock]
Instantiating groups... [0.000s CPU, 0.006s wall-clock]
Collecting mutex groups... [0.000s CPU, 0.001s wall-clock]
Choosing groups...
76 uncovered facts
Choosing groups: [0.000s CPU, 0.004s wall-clock]
Building translation key... [0.000s CPU, 0.001s wall-clock]
Computing fact groups: [0.020s CPU, 0.024s wall-clock]
Building STRIPS to SAS dictionary... [0.000s CPU, 0.001s wall-clock]
Building dictionary for full mutex groups... [0.010s CPU, 0.002s wall-clock]
Building mutex information...
Building mutex information: [0.000s CPU, 0.001s wall-clock]
Translating task...
Processing axioms...
Simplifying axioms... [0.000s CPU, 0.000s wall-clock]
Translator axioms removed by simplifying: 0
Computing negative axioms... [0.000s CPU, 0.000s wall-clock]
Processing axioms: [0.090s CPU, 0.091s wall-clock]
Translating task: [2.800s CPU, 2.804s wall-clock]
75150 effect conditions simplified
0 implied preconditions added
Detecting unreachable propositions...
0 operators removed
0 axioms removed
30 propositions removed
Detecting unreachable propositions: [1.640s CPU, 1.638s wall-clock]
Reordering and filtering variables...
106 of 106 variables necessary.
46 of 76 mutex groups necessary.
60750 of 60750 operators necessary.
0 of 0 axiom rules necessary.
Reordering and filtering variables: [0.390s CPU, 0.390s wall-clock]
Translator variables: 106
Translator derived variables: 0
Translator facts: 1532
Translator goal facts: 30
Translator mutex groups: 46
Translator total mutex groups size: 1426
Translator operators: 60750
Translator axioms: 0
Translator task size: 494944
Translator peak memory: 325224 KB
Writing output... [0.380s CPU, 0.377s wall-clock]
Done! [8.830s CPU, 8.849s wall-clock]
translate exit code: 0

INFO     Running search (release).
INFO     search stdin: output.sas
INFO     search time limit: 591s
INFO     search memory limit: 3584 MB
INFO     search command line string: /usr/local/downward-projects/downward/experiments/src/thesis/data/thesis-thesis_exp/code-84c08dfff1890fbf6247184940c8166177195ea1_e5e41175/builds/release/bin/downward --evaluator 'h=ff()' --search 'eager(partition(h, plateau_partition(), inter_uniform(), intra_uniform() )) ' --internal-plan-file sas_plan < output.sas
[t=0s, 11732 KB] reading input...
[t=0.243577s, 34720 KB] done reading input!
[t=0.27152s, 47120 KB] Simplifying 210570 unary operators... done! [210570 unary operators]
[t=0.93495s, 66180 KB] time to simplify: 0.663429s
[t=0.942888s, 66180 KB] Initializing additive heuristic...
[t=0.943189s, 66180 KB] Initializing FF heuristic...
[t=0.94322s, 66180 KB] Building successor generator...done!
[t=0.963164s, 66180 KB] peak memory difference for successor generator creation: 0 KB
[t=0.963282s, 66180 KB] time for successor generation creation: 0.0194603s
[t=0.963307s, 66180 KB] Variables: 106
[t=0.964702s, 66180 KB] FactPairs: 1532
[t=0.964727s, 66180 KB] Bytes per state: 32
[t=0.964751s, 66180 KB] Conducting best first search without reopening closed nodes, (real) bound = 2147483647
[t=0.970644s, 66180 KB] New best heuristic value for ff(): 65
[t=0.971341s, 66180 KB] g=0, 1 evaluated, 0 expanded
[t=0.971369s, 66180 KB] Initial heuristic value for ff(): 65
[t=0.971402s, 66180 KB] pruning method: none
[t=0.971425s, 66180 KB] Start Timestep: 1693682441895 millisecond(s).
[t=0.974541s, 66180 KB] New best heuristic value for ff(): 63
[t=0.974845s, 66180 KB] g=1, 2 evaluated, 1 expanded
[t=0.998433s, 66180 KB] New best heuristic value for ff(): 56
[t=1.00045s, 66180 KB] g=1, 11 evaluated, 1 expanded
[t=1.35416s, 66180 KB] New best heuristic value for ff(): 55
[t=1.35506s, 66180 KB] g=3, 143 evaluated, 6 expanded
[t=5.29501s, 66180 KB] New best heuristic value for ff(): 54
[t=5.29637s, 66180 KB] g=5, 1537 evaluated, 61 expanded
[t=7.15365s, 66180 KB] New best heuristic value for ff(): 52
[t=7.15502s, 66180 KB] g=6, 2161 evaluated, 84 expanded
[t=7.4414s, 66180 KB] New best heuristic value for ff(): 51
[t=7.44496s, 66180 KB] g=7, 2255 evaluated, 88 expanded
[t=17.6533s, 66180 KB] New best heuristic value for ff(): 50
[t=17.6571s, 66180 KB] g=11, 5329 evaluated, 213 expanded
[t=21.001s, 66180 KB] New best heuristic value for ff(): 49
[t=21.0023s, 66180 KB] g=13, 6235 evaluated, 249 expanded
[t=26.8782s, 66180 KB] New best heuristic value for ff(): 48
[t=26.8799s, 66180 KB] g=14, 7767 evaluated, 306 expanded
[t=27.3696s, 66180 KB] New best heuristic value for ff(): 47
[t=27.3721s, 66180 KB] g=16, 7892 evaluated, 311 expanded
[t=30.496s, 66180 KB] New best heuristic value for ff(): 46
[t=30.4982s, 66180 KB] g=18, 8668 evaluated, 339 expanded
[t=32.7543s, 66180 KB] New best heuristic value for ff(): 45
[t=32.7573s, 66180 KB] g=19, 9219 evaluated, 359 expanded
[t=56.0455s, 66180 KB] New best heuristic value for ff(): 43
[t=56.0468s, 66180 KB] g=24, 14387 evaluated, 550 expanded
[t=66.4789s, 66180 KB] New best heuristic value for ff(): 42
[t=66.4816s, 66180 KB] g=26, 16476 evaluated, 625 expanded
[t=93.3096s, 66180 KB] New best heuristic value for ff(): 41
[t=93.3129s, 66180 KB] g=29, 21077 evaluated, 787 expanded
[t=102.703s, 66180 KB] New best heuristic value for ff(): 40
[t=102.704s, 66180 KB] g=31, 22474 evaluated, 838 expanded
[t=111.344s, 66180 KB] New best heuristic value for ff(): 39
[t=111.348s, 66180 KB] g=31, 23643 evaluated, 881 expanded
[t=113.596s, 66180 KB] New best heuristic value for ff(): 38
[t=113.597s, 66180 KB] g=34, 23933 evaluated, 893 expanded
[t=115.207s, 66180 KB] New best heuristic value for ff(): 37
[t=115.21s, 66180 KB] g=35, 24141 evaluated, 900 expanded
[t=115.263s, 66180 KB] New best heuristic value for ff(): 35
[t=115.267s, 66180 KB] g=35, 24148 evaluated, 900 expanded
[t=133.255s, 66180 KB] New best heuristic value for ff(): 34
[t=133.257s, 66180 KB] g=39, 26417 evaluated, 979 expanded
[t=134.607s, 66180 KB] New best heuristic value for ff(): 32
[t=134.608s, 66180 KB] g=38, 26600 evaluated, 985 expanded
[t=156.88s, 66180 KB] New best heuristic value for ff(): 31
[t=156.884s, 66180 KB] g=40, 28830 evaluated, 1063 expanded
[t=168.697s, 66180 KB] New best heuristic value for ff(): 30
[t=168.699s, 66180 KB] g=43, 29898 evaluated, 1100 expanded
[t=169.689s, 66180 KB] New best heuristic value for ff(): 28
[t=169.689s, 66180 KB] g=44, 29986 evaluated, 1103 expanded
Peak memory: 66180 KB
caught signal 24 -- exiting
Time limit has been reached.
Remove intermediate file output.sas
search exit code: 23

Driver aborting after search
INFO     Planner time: 597.92s
