INFO     planner time limit: 300s
INFO     planner memory limit: 3584 MB

INFO     Running translator.
INFO     translator stdin: None
INFO     translator time limit: 299s
INFO     translator memory limit: 3584 MB
INFO     translator command line string: /usr/local/downward-projects/downward/experiments/.venv/bin/python3 /usr/local/downward-projects/downward/experiments/src/thesis/data/thesis-thesis_exp/code-d93485cdd92f65ede2ae3573b3f4adda0b49e4fd_e5e41175/builds/release/bin/translate/translate.py domain.pddl problem.pddl --sas-file output.sas
Parsing...
Parsing: [0.010s CPU, 0.002s wall-clock]
Normalizing task... [0.000s CPU, 0.000s wall-clock]
Instantiating...
Generating Datalog program... [0.000s CPU, 0.000s wall-clock]
Normalizing Datalog program...
Normalizing Datalog program: [0.000s CPU, 0.002s wall-clock]
Preparing model... [0.000s CPU, 0.001s wall-clock]
Generated 74 rules.
Computing model... [0.300s CPU, 0.304s wall-clock]
33431 relevant atoms
6487 auxiliary atoms
39918 final queue length
159009 total queue pushes
Completing instantiation... [1.680s CPU, 1.673s wall-clock]
Instantiating: [1.990s CPU, 1.992s wall-clock]
Computing fact groups...
Finding invariants...
16 initial candidates
Finding invariants: [0.020s CPU, 0.021s wall-clock]
Checking invariant weight... [0.000s CPU, 0.000s wall-clock]
Instantiating groups... [0.000s CPU, 0.000s wall-clock]
Collecting mutex groups... [0.000s CPU, 0.000s wall-clock]
Choosing groups...
0 uncovered facts
Choosing groups: [0.000s CPU, 0.000s wall-clock]
Building translation key... [0.000s CPU, 0.000s wall-clock]
Computing fact groups: [0.020s CPU, 0.022s wall-clock]
Building STRIPS to SAS dictionary... [0.000s CPU, 0.000s wall-clock]
Building dictionary for full mutex groups... [0.000s CPU, 0.000s wall-clock]
Building mutex information...
Building mutex information: [0.000s CPU, 0.000s wall-clock]
Translating task...
Processing axioms...
Simplifying axioms... [0.000s CPU, 0.000s wall-clock]
Translator axioms removed by simplifying: 0
Computing negative axioms... [0.000s CPU, 0.000s wall-clock]
Processing axioms: [0.050s CPU, 0.055s wall-clock]
Translating task: [1.250s CPU, 1.252s wall-clock]
0 effect conditions simplified
0 implied preconditions added
Detecting unreachable propositions...
0 operators removed
0 axioms removed
19 propositions removed
Detecting unreachable propositions: [0.730s CPU, 0.740s wall-clock]
Reordering and filtering variables...
19 of 19 variables necessary.
0 of 19 mutex groups necessary.
24498 of 24498 operators necessary.
0 of 0 axiom rules necessary.
Reordering and filtering variables: [0.160s CPU, 0.154s wall-clock]
Translator variables: 19
Translator derived variables: 0
Translator facts: 118
Translator goal facts: 3
Translator mutex groups: 0
Translator total mutex groups size: 0
Translator operators: 24498
Translator axioms: 0
Translator task size: 217598
Translator peak memory: 181644 KB
Writing output... [0.160s CPU, 0.147s wall-clock]
Done! [4.380s CPU, 4.376s wall-clock]
translate exit code: 0

INFO     Running search (release).
INFO     search stdin: output.sas
INFO     search time limit: 295s
INFO     search memory limit: 3584 MB
INFO     search command line string: /usr/local/downward-projects/downward/experiments/src/thesis/data/thesis-thesis_exp/code-d93485cdd92f65ede2ae3573b3f4adda0b49e4fd_e5e41175/builds/release/bin/downward --evaluator 'h=ff()' --search 'eager(alt([type_based([h, g()], random_seed=-1), single(h)]))' --internal-plan-file sas_plan < output.sas
[t=0s, 11364 KB] reading input...
[t=0.09597s, 20256 KB] done reading input!
[t=0.10793s, 26060 KB] Simplifying 87102 unary operators... done! [5454 unary operators]
[t=0.171814s, 30112 KB] time to simplify: 0.0638843s
[t=0.173838s, 30112 KB] Initializing additive heuristic...
[t=0.173999s, 30112 KB] Initializing FF heuristic...
[t=0.174025s, 30112 KB] Building successor generator...done!
[t=0.180012s, 30112 KB] peak memory difference for successor generator creation: 0 KB
[t=0.180099s, 30112 KB] time for successor generation creation: 0.00561739s
[t=0.180124s, 30112 KB] Variables: 19
[t=0.180538s, 30112 KB] FactPairs: 118
[t=0.180563s, 30112 KB] Bytes per state: 8
[t=0.180586s, 30112 KB] Conducting best first search without reopening closed nodes, (real) bound = 2147483647
[t=0.180653s, 30112 KB] New best heuristic value for ff(): 56
[t=0.180806s, 30112 KB] g=0, 1 evaluated, 0 expanded
[t=0.18083s, 30112 KB] Initial heuristic value for ff(): 56
[t=0.180857s, 30112 KB] pruning method: none
[t=0.18088s, 30112 KB] Start Timestep: 1687941876481 millisecond(s).
[t=0.180926s, 30112 KB] New best heuristic value for ff(): 55
[t=0.181065s, 30112 KB] g=1, 2 evaluated, 1 expanded
[t=0.267549s, 30112 KB] New best heuristic value for ff(): 54
[t=0.268632s, 30112 KB] g=2, 1013 evaluated, 2 expanded
[t=0.631857s, 30112 KB] New best heuristic value for ff(): 53
[t=0.633782s, 30112 KB] g=4, 5202 evaluated, 9 expanded
[t=1.41935s, 30112 KB] New best heuristic value for ff(): 52
[t=1.42278s, 30112 KB] g=11, 14056 evaluated, 88 expanded
[t=1.43528s, 30112 KB] New best heuristic value for ff(): 51
[t=1.43668s, 30112 KB] g=12, 14209 evaluated, 89 expanded
[t=4.88042s, 30112 KB] New best heuristic value for ff(): 50
[t=4.88063s, 30112 KB] g=15, 52710 evaluated, 595 expanded
[t=6.49539s, 30112 KB] New best heuristic value for ff(): 49
[t=6.49845s, 30112 KB] g=18, 70875 evaluated, 756 expanded
[t=6.50732s, 30112 KB] New best heuristic value for ff(): 48
[t=6.51094s, 30112 KB] g=19, 71012 evaluated, 758 expanded
[t=8.87435s, 30112 KB] New best heuristic value for ff(): 47
[t=8.87758s, 30112 KB] g=22, 97506 evaluated, 1098 expanded
[t=11.0726s, 32828 KB] New best heuristic value for ff(): 46
[t=11.0742s, 32828 KB] g=26, 122021 evaluated, 1485 expanded
[t=11.0806s, 32828 KB] New best heuristic value for ff(): 45
[t=11.0835s, 32828 KB] g=27, 122125 evaluated, 1487 expanded
[t=11.1205s, 32828 KB] New best heuristic value for ff(): 43
[t=11.1212s, 32828 KB] g=28, 122552 evaluated, 1489 expanded
[t=11.1212s, 32828 KB] New best heuristic value for ff(): 40
[t=11.1213s, 32828 KB] g=28, 122553 evaluated, 1489 expanded
[t=11.1525s, 32828 KB] New best heuristic value for ff(): 38
[t=11.1559s, 32828 KB] g=30, 122943 evaluated, 1493 expanded
[t=11.3362s, 32828 KB] New best heuristic value for ff(): 37
[t=11.3382s, 32828 KB] g=32, 124987 evaluated, 1519 expanded
[t=37.3009s, 45360 KB] New best heuristic value for ff(): 34
[t=37.3016s, 45360 KB] g=37, 417620 evaluated, 6239 expanded
[t=37.3808s, 45360 KB] New best heuristic value for ff(): 32
[t=37.3823s, 45360 KB] g=40, 418524 evaluated, 6257 expanded
[t=37.4088s, 45360 KB] New best heuristic value for ff(): 31
[t=37.4112s, 45360 KB] g=42, 418853 evaluated, 6261 expanded
[t=37.4127s, 45360 KB] New best heuristic value for ff(): 30
[t=37.4157s, 45360 KB] g=43, 418904 evaluated, 6263 expanded
[t=37.4167s, 45360 KB] New best heuristic value for ff(): 29
[t=37.4192s, 45360 KB] g=43, 418944 evaluated, 6263 expanded
[t=37.4247s, 45360 KB] New best heuristic value for ff(): 28
[t=37.4276s, 45360 KB] g=44, 419037 evaluated, 6265 expanded
[t=37.4366s, 45360 KB] New best heuristic value for ff(): 25
[t=37.4371s, 45360 KB] g=45, 419142 evaluated, 6267 expanded
[t=37.4606s, 45492 KB] New best heuristic value for ff(): 24
[t=37.461s, 45492 KB] g=48, 419412 evaluated, 6277 expanded
[t=37.461s, 45492 KB] New best heuristic value for ff(): 23
[t=37.4616s, 45492 KB] g=48, 419418 evaluated, 6277 expanded
[t=37.4765s, 45492 KB] New best heuristic value for ff(): 22
[t=37.4775s, 45492 KB] g=50, 419599 evaluated, 6281 expanded
[t=78.5867s, 82820 KB] New best heuristic value for ff(): 20
[t=78.5888s, 82820 KB] g=58, 885155 evaluated, 16039 expanded
[t=78.6065s, 82820 KB] New best heuristic value for ff(): 19
[t=78.608s, 82820 KB] g=60, 885376 evaluated, 16043 expanded
[t=78.6184s, 82820 KB] New best heuristic value for ff(): 18
[t=78.622s, 82820 KB] g=61, 885535 evaluated, 16045 expanded
[t=78.6224s, 82820 KB] New best heuristic value for ff(): 17
[t=78.6244s, 82820 KB] g=62, 885562 evaluated, 16047 expanded
[t=78.6264s, 82820 KB] New best heuristic value for ff(): 16
[t=78.6284s, 82820 KB] g=63, 885605 evaluated, 16049 expanded
[t=78.7142s, 82820 KB] New best heuristic value for ff(): 15
[t=78.7167s, 82820 KB] g=66, 886619 evaluated, 16069 expanded
[t=78.7222s, 82820 KB] New best heuristic value for ff(): 14
[t=78.7246s, 82820 KB] g=67, 886708 evaluated, 16071 expanded
[t=79.4761s, 82820 KB] New best heuristic value for ff(): 13
[t=79.478s, 82820 KB] g=70, 895274 evaluated, 16257 expanded
[t=79.712s, 82820 KB] New best heuristic value for ff(): 12
[t=79.713s, 82820 KB] g=73, 897943 evaluated, 16329 expanded
[t=79.716s, 82820 KB] New best heuristic value for ff(): 11
[t=79.7191s, 82820 KB] g=74, 898014 evaluated, 16331 expanded
[t=98.243s, 83756 KB] New best heuristic value for ff(): 9
[t=98.2452s, 83756 KB] g=76, 1107719 evaluated, 22048 expanded
[t=98.2509s, 83756 KB] New best heuristic value for ff(): 8
[t=98.251s, 83756 KB] g=77, 1107786 evaluated, 22049 expanded
[t=98.2549s, 83756 KB] New best heuristic value for ff(): 4
[t=98.2577s, 83756 KB] g=78, 1107861 evaluated, 22051 expanded
[t=98.2709s, 83756 KB] New best heuristic value for ff(): 3
[t=98.2719s, 83756 KB] g=80, 1108019 evaluated, 22057 expanded
[t=98.2908s, 83756 KB] New best heuristic value for ff(): 2
[t=98.2924s, 83756 KB] g=82, 1108256 evaluated, 22061 expanded
[t=98.3108s, 83756 KB] New best heuristic value for ff(): 1
[t=98.3117s, 83756 KB] g=83, 1108477 evaluated, 22063 expanded
[t=98.3188s, 83756 KB] New best heuristic value for ff(): 0
[t=98.322s, 83756 KB] g=84, 1108604 evaluated, 22065 expanded
[t=98.3267s, 83756 KB] Solution found!
[t=98.3289s, 83756 KB] Actual search time: 98.148s
put_down girl0 place0 tent0 (1)
drive_tent girl0 place0 place3 car0 tent0 (1)
drive_tent guy0 place0 place4 car2 tent1 (1)
put_up guy0 place4 tent1 (1)
drive girl1 place0 place1 car1 (1)
drive_passenger girl2 place0 place4 car3 guy2 (1)
drive_tent girl0 place3 place2 car0 tent0 (1)
drive_passenger guy0 place4 place1 car3 guy2 (1)
drive_passenger girl1 place1 place0 car1 guy0 (1)
drive guy0 place0 place1 car1 (1)
drive_tent girl0 place2 place1 car0 tent0 (1)
drive girl0 place1 place3 car0 (1)
drive girl2 place4 place3 car2 (1)
put_up guy0 place1 tent0 (1)
walk_together tent0 place1 guy1 place0 girl1 couple1 (1)
put_down guy0 place1 tent0 (1)
drive_tent guy0 place1 place2 car1 tent0 (1)
drive guy2 place1 place0 car3 (1)
drive girl0 place3 place4 car0 (1)
put_down guy2 place0 tent2 (1)
drive_tent guy2 place0 place3 car3 tent2 (1)
put_up girl2 place3 tent2 (1)
drive girl0 place4 place0 car0 (1)
drive_passenger girl2 place3 place2 car2 guy2 (1)
put_up guy0 place2 tent0 (1)
walk_together tent0 place2 guy1 place1 girl1 couple1 (1)
walk_together tent2 place3 guy1 place2 girl1 couple1 (1)
walk_together tent1 place4 guy1 place3 girl1 couple1 (1)
put_down guy0 place2 tent0 (1)
drive_tent guy0 place2 place5 car1 tent0 (1)
put_up guy0 place5 tent0 (1)
walk_together tent0 place5 guy1 place4 girl1 couple1 (1)
put_down guy0 place5 tent0 (1)
drive_tent guy0 place5 place1 car1 tent0 (1)
put_up guy0 place1 tent0 (1)
drive guy0 place1 place0 car1 (1)
walk_together tent0 place1 guy0 place0 girl0 couple0 (1)
put_down girl0 place1 tent0 (1)
drive girl2 place2 place1 car2 (1)
drive_tent girl2 place1 place2 car2 tent0 (1)
put_up girl2 place2 tent0 (1)
walk_together tent0 place2 guy0 place1 girl0 couple0 (1)
walk_together tent2 place3 guy0 place2 girl0 couple0 (1)
put_down girl2 place2 tent0 (1)
walk_together tent1 place4 guy0 place3 girl0 couple0 (1)
drive_tent_passenger girl2 place2 place5 car2 tent0 guy2 (1)
put_up girl1 place5 tent0 (1)
walk_together tent0 place5 guy0 place4 girl0 couple0 (1)
drive_passenger girl2 place5 place3 car2 guy2 (1)
put_down girl2 place3 tent2 (1)
drive_tent girl2 place3 place1 car2 tent2 (1)
put_up girl2 place1 tent2 (1)
drive girl2 place1 place5 car2 (1)
drive guy2 place3 place5 car3 (1)
drive_passenger girl2 place5 place0 car2 guy2 (1)
walk_together tent2 place1 guy2 place0 girl2 couple2 (1)
put_down girl0 place5 tent0 (1)
drive_tent girl0 place5 place2 car3 tent0 (1)
put_up girl0 place2 tent0 (1)
walk_together tent0 place2 guy2 place1 girl2 couple2 (1)
drive_passenger girl0 place2 place5 car3 girl2 (1)
put_down guy2 place2 tent0 (1)
drive girl2 place5 place2 car3 (1)
drive_tent girl2 place2 place3 car3 tent0 (1)
put_up girl2 place3 tent0 (1)
drive girl2 place3 place1 car3 (1)
put_down girl2 place1 tent2 (1)
drive_tent girl2 place1 place6 car3 tent2 (1)
put_up girl2 place6 tent2 (1)
walk_together tent2 place6 guy0 place5 girl0 couple0 (1)
walk_together tent2 place6 guy1 place5 girl1 couple1 (1)
put_down girl0 place6 tent2 (1)
drive_tent_passenger girl2 place6 place2 car3 tent2 guy0 (1)
walk_together tent0 place3 guy2 place2 girl2 couple2 (1)
walk_together tent1 place4 guy2 place3 girl2 couple2 (1)
drive_tent guy0 place2 place5 car3 tent2 (1)
put_up guy0 place5 tent2 (1)
walk_together tent2 place5 guy2 place4 girl2 couple2 (1)
put_down guy0 place5 tent2 (1)
drive_tent guy0 place5 place6 car3 tent2 (1)
put_up girl0 place6 tent2 (1)
walk_together tent2 place6 guy2 place5 girl2 couple2 (1)
[t=98.3289s, 83756 KB] Plan length: 82 step(s).
[t=98.3289s, 83756 KB] Plan cost: 82
[t=98.3289s, 83756 KB] Timestamp: 1687941974832 millisecond(s).
[t=98.3289s, 83756 KB] Expanded 22067 state(s).
[t=98.3289s, 83756 KB] Reopened 0 state(s).
[t=98.3289s, 83756 KB] Evaluated 1108704 state(s).
[t=98.3289s, 83756 KB] Evaluations: 1108704
[t=98.3289s, 83756 KB] Generated 2013485 state(s).
[t=98.3289s, 83756 KB] Dead ends: 28 state(s).
[t=98.3289s, 83756 KB] Number of registered states: 1108704
[t=98.3289s, 83756 KB] Int hash set load factor: 1108704/2097152 = 0.528671
[t=98.3289s, 83756 KB] Int hash set resizes: 21
[t=98.3289s, 83756 KB] Search time: 98.1483s
[t=98.3289s, 83756 KB] Total time: 98.3289s
Solution found.
Peak memory: 83756 KB
Remove intermediate file output.sas
search exit code: 0

INFO     Running validate.
INFO     validate stdin: None
INFO     validate time limit: None
INFO     validate memory limit: None
INFO     validate command line string: validate domain.pddl problem.pddl sas_plan
Checking plan: sas_plan
Plan executed successfully - checking goal
Plan valid
Final value: 82 

Successful plans:
Value: 82
 sas_plan 82 

validate exit code: 0

INFO     Planner time: 102.84s
