INFO     planner time limit: 600s
INFO     planner memory limit: 3584 MB

INFO     Running translator.
INFO     translator stdin: None
INFO     translator time limit: 599s
INFO     translator memory limit: 3584 MB
INFO     translator command line string: /usr/local/downward-projects/downward/experiments/src/thesis/.venv/bin/python3 /usr/local/downward-projects/downward/experiments/src/thesis/data/thesis-thesis_exp/code-84c08dfff1890fbf6247184940c8166177195ea1_e5e41175/builds/release/bin/translate/translate.py domain.pddl problem.pddl --sas-file output.sas
Parsing...
Parsing: [0.150s CPU, 0.137s wall-clock]
Normalizing task... [0.000s CPU, 0.007s wall-clock]
Instantiating...
Generating Datalog program... [0.050s CPU, 0.047s wall-clock]
Normalizing Datalog program...
Normalizing Datalog program: [0.000s CPU, 0.001s wall-clock]
Preparing model... [0.210s CPU, 0.215s wall-clock]
Generated 23 rules.
Computing model... [0.630s CPU, 0.624s wall-clock]
33926 relevant atoms
61452 auxiliary atoms
95378 final queue length
108944 total queue pushes
Completing instantiation... [0.440s CPU, 0.439s wall-clock]
Instantiating: [1.370s CPU, 1.371s wall-clock]
Computing fact groups...
Finding invariants...
9 initial candidates
Finding invariants: [0.010s CPU, 0.008s wall-clock]
Checking invariant weight... [0.010s CPU, 0.011s wall-clock]
Instantiating groups... [0.010s CPU, 0.004s wall-clock]
Collecting mutex groups... [0.000s CPU, 0.000s wall-clock]
Choosing groups...
0 uncovered facts
Choosing groups: [0.000s CPU, 0.001s wall-clock]
Building translation key... [0.000s CPU, 0.000s wall-clock]
Computing fact groups: [0.030s CPU, 0.026s wall-clock]
Building STRIPS to SAS dictionary... [0.000s CPU, 0.000s wall-clock]
Building dictionary for full mutex groups... [0.000s CPU, 0.000s wall-clock]
Building mutex information...
Building mutex information: [0.000s CPU, 0.000s wall-clock]
Translating task...
Processing axioms...
Simplifying axioms... [0.000s CPU, 0.000s wall-clock]
Translator axioms removed by simplifying: 0
Computing negative axioms... [0.000s CPU, 0.000s wall-clock]
Processing axioms: [0.010s CPU, 0.011s wall-clock]
Translating task: [0.160s CPU, 0.161s wall-clock]
0 effect conditions simplified
0 implied preconditions added
Detecting unreachable propositions...
0 operators removed
0 axioms removed
13 propositions removed
Detecting unreachable propositions: [0.190s CPU, 0.191s wall-clock]
Reordering and filtering variables...
13 of 13 variables necessary.
0 of 13 mutex groups necessary.
7082 of 7082 operators necessary.
0 of 0 axiom rules necessary.
Reordering and filtering variables: [0.020s CPU, 0.022s wall-clock]
Translator variables: 13
Translator derived variables: 0
Translator facts: 369
Translator goal facts: 11
Translator mutex groups: 0
Translator total mutex groups size: 0
Translator operators: 7082
Translator axioms: 0
Translator task size: 35561
Translator peak memory: 83448 KB
Writing output... [0.030s CPU, 0.031s wall-clock]
Done! [1.970s CPU, 1.962s wall-clock]
translate exit code: 0

INFO     Running search (release).
INFO     search stdin: output.sas
INFO     search time limit: 597s
INFO     search memory limit: 3584 MB
INFO     search command line string: /usr/local/downward-projects/downward/experiments/src/thesis/data/thesis-thesis_exp/code-84c08dfff1890fbf6247184940c8166177195ea1_e5e41175/builds/release/bin/downward --evaluator 'h=ff()' --search 'eager(partition(h, hi_partition(), inter_uniform(), intra_uniform() )) ' --internal-plan-file sas_plan < output.sas
[t=0s, 11732 KB] reading input...
[t=0.0233604s, 13716 KB] done reading input!
[t=0.0273032s, 14640 KB] Simplifying 13922 unary operators... done! [13922 unary operators]
[t=0.0333738s, 15812 KB] time to simplify: 0.00607063s
[t=0.0341853s, 15812 KB] Initializing additive heuristic...
[t=0.0344457s, 15812 KB] Initializing FF heuristic...
[t=0.0344748s, 15812 KB] Building successor generator...done!
[t=0.0363923s, 15812 KB] peak memory difference for successor generator creation: 0 KB
[t=0.036458s, 15812 KB] time for successor generation creation: 0.000519664s
[t=0.036485s, 15812 KB] Variables: 13
[t=0.0366226s, 15812 KB] FactPairs: 369
[t=0.0366473s, 15812 KB] Bytes per state: 8
[t=0.0366717s, 15812 KB] Conducting best first search without reopening closed nodes, (real) bound = 2147483647
[t=0.0367321s, 15812 KB] New best heuristic value for ff(): 31
[t=0.0368904s, 15812 KB] g=0, 1 evaluated, 0 expanded
[t=0.0369178s, 15812 KB] Initial heuristic value for ff(): 31
[t=0.0369498s, 15812 KB] pruning method: none
[t=0.0369745s, 15812 KB] Start Timestep: 1693679904940 millisecond(s).
[t=0.0370242s, 15812 KB] New best heuristic value for ff(): 30
[t=0.0374457s, 15812 KB] g=2, 6 evaluated, 2 expanded
[t=0.037472s, 15812 KB] New best heuristic value for ff(): 29
[t=0.0381792s, 15812 KB] g=3, 15 evaluated, 3 expanded
[t=0.0388969s, 15812 KB] New best heuristic value for ff(): 28
[t=0.0425181s, 15812 KB] g=4, 71 evaluated, 16 expanded
[t=0.0468607s, 15812 KB] New best heuristic value for ff(): 27
[t=0.0506155s, 15812 KB] g=6, 169 evaluated, 38 expanded
[t=0.0587953s, 15812 KB] New best heuristic value for ff(): 26
[t=0.0624511s, 15812 KB] g=7, 289 evaluated, 63 expanded
[t=0.0707467s, 15812 KB] New best heuristic value for ff(): 25
[t=0.0747075s, 15812 KB] g=8, 402 evaluated, 86 expanded
[t=0.378641s, 15812 KB] New best heuristic value for ff(): 24
[t=0.379745s, 15812 KB] g=11, 1957 evaluated, 401 expanded
[t=3.89831s, 16372 KB] New best heuristic value for ff(): 23
[t=3.89909s, 16372 KB] g=14, 7498 evaluated, 1495 expanded
[t=9.71917s, 17244 KB] New best heuristic value for ff(): 22
[t=9.71943s, 17244 KB] g=15, 11366 evaluated, 2241 expanded
[t=63.127s, 20176 KB] New best heuristic value for ff(): 21
[t=63.1288s, 20176 KB] g=16, 25737 evaluated, 4944 expanded
[t=166.172s, 23340 KB] New best heuristic value for ff(): 20
[t=166.175s, 23340 KB] g=19, 39088 evaluated, 7463 expanded
Peak memory: 29340 KB
caught signal 24 -- exiting
Time limit has been reached.
Remove intermediate file output.sas
search exit code: 23

Driver aborting after search
INFO     Planner time: 597.34s
