INFO     planner time limit: 300s
INFO     planner memory limit: 3584 MB

INFO     Running translator.
INFO     translator stdin: None
INFO     translator time limit: 299s
INFO     translator memory limit: 3584 MB
INFO     translator command line string: /usr/local/downward-projects/downward/experiments/.venv/bin/python3 /usr/local/downward-projects/downward/experiments/src/thesis/data/thesis-thesis_exp/code-d93485cdd92f65ede2ae3573b3f4adda0b49e4fd_e5e41175/builds/release/bin/translate/translate.py domain.pddl problem.pddl --sas-file output.sas
Parsing...
Parsing: [0.010s CPU, 0.002s wall-clock]
Normalizing task... [0.000s CPU, 0.000s wall-clock]
Instantiating...
Generating Datalog program... [0.000s CPU, 0.001s wall-clock]
Normalizing Datalog program...
Normalizing Datalog program: [0.000s CPU, 0.003s wall-clock]
Preparing model... [0.000s CPU, 0.002s wall-clock]
Generated 79 rules.
Computing model... [0.300s CPU, 0.310s wall-clock]
25001 relevant atoms
23764 auxiliary atoms
48765 final queue length
117784 total queue pushes
Completing instantiation... [0.670s CPU, 0.665s wall-clock]
Instantiating: [0.980s CPU, 0.995s wall-clock]
Computing fact groups...
Finding invariants...
14 initial candidates
Finding invariants: [0.020s CPU, 0.017s wall-clock]
Checking invariant weight... [0.000s CPU, 0.000s wall-clock]
Instantiating groups... [0.000s CPU, 0.000s wall-clock]
Collecting mutex groups... [0.000s CPU, 0.000s wall-clock]
Choosing groups...
888 uncovered facts
Choosing groups: [0.000s CPU, 0.000s wall-clock]
Building translation key... [0.000s CPU, 0.002s wall-clock]
Computing fact groups: [0.030s CPU, 0.025s wall-clock]
Building STRIPS to SAS dictionary... [0.000s CPU, 0.001s wall-clock]
Building dictionary for full mutex groups... [0.000s CPU, 0.001s wall-clock]
Building mutex information...
Building mutex information: [0.000s CPU, 0.001s wall-clock]
Translating task...
Processing axioms...
Simplifying axioms... [0.000s CPU, 0.000s wall-clock]
Translator axioms removed by simplifying: 0
Computing negative axioms... [0.000s CPU, 0.000s wall-clock]
Processing axioms: [0.010s CPU, 0.014s wall-clock]
Translating task: [0.400s CPU, 0.404s wall-clock]
22544 effect conditions simplified
0 implied preconditions added
Detecting unreachable propositions...
0 operators removed
0 axioms removed
1 propositions removed
Detecting unreachable propositions: [0.350s CPU, 0.345s wall-clock]
Reordering and filtering variables...
889 of 889 variables necessary.
0 of 1 mutex groups necessary.
9456 of 9456 operators necessary.
0 of 0 axiom rules necessary.
Reordering and filtering variables: [0.170s CPU, 0.172s wall-clock]
Translator variables: 889
Translator derived variables: 0
Translator facts: 1816
Translator goal facts: 20
Translator mutex groups: 0
Translator total mutex groups size: 0
Translator operators: 9456
Translator axioms: 0
Translator task size: 80161
Translator peak memory: 85284 KB
Writing output... [0.070s CPU, 0.065s wall-clock]
Done! [2.030s CPU, 2.033s wall-clock]
translate exit code: 0

INFO     Running search (release).
INFO     search stdin: output.sas
INFO     search time limit: 297s
INFO     search memory limit: 3584 MB
INFO     search command line string: /usr/local/downward-projects/downward/experiments/src/thesis/data/thesis-thesis_exp/code-d93485cdd92f65ede2ae3573b3f4adda0b49e4fd_e5e41175/builds/release/bin/downward --evaluator 'h=ff()' --search 'eager(epsilon_greedy(h, epsilon=0.2))' --internal-plan-file sas_plan < output.sas
[t=0s, 11364 KB] reading input...
[t=0.043204s, 15148 KB] done reading input!
[t=0.0511749s, 17884 KB] Simplifying 41100 unary operators... done! [30720 unary operators]
[t=0.0751179s, 20464 KB] time to simplify: 0.0239429s
[t=0.0761058s, 20464 KB] Initializing additive heuristic...
[t=0.0766622s, 20464 KB] Initializing FF heuristic...
[t=0.0766892s, 20464 KB] Building successor generator...done!
[t=0.0799386s, 20464 KB] peak memory difference for successor generator creation: 0 KB
[t=0.0799971s, 20464 KB] time for successor generation creation: 0.00224112s
[t=0.0800233s, 20464 KB] Variables: 889
[t=0.0800545s, 20464 KB] FactPairs: 1816
[t=0.0800776s, 20464 KB] Bytes per state: 112
[t=0.0801028s, 20464 KB] Conducting best first search without reopening closed nodes, (real) bound = 2147483647
[t=0.0801556s, 20464 KB] New best heuristic value for ff(): 21
[t=0.0804213s, 20464 KB] g=0, 1 evaluated, 0 expanded
[t=0.0804494s, 20464 KB] Initial heuristic value for ff(): 21
[t=0.0804758s, 20464 KB] pruning method: none
[t=0.080499s, 20464 KB] Start Timestep: 1687902327145 millisecond(s).
[t=0.0805442s, 20464 KB] New best heuristic value for ff(): 17
[t=0.0811081s, 20464 KB] g=2, 4 evaluated, 1 expanded
[t=0.0811347s, 20464 KB] New best heuristic value for ff(): 15
[t=0.0823684s, 20464 KB] g=4, 11 evaluated, 2 expanded
[t=0.0948349s, 20464 KB] New best heuristic value for ff(): 14
[t=0.0976195s, 20464 KB] g=6, 102 evaluated, 17 expanded
[t=0.606737s, 20464 KB] New best heuristic value for ff(): 12
[t=0.607591s, 20464 KB] g=22, 3166 evaluated, 627 expanded
[t=0.607622s, 20464 KB] New best heuristic value for ff(): 10
[t=0.609348s, 20464 KB] g=24, 3176 evaluated, 628 expanded
[t=3.24635s, 21952 KB] New best heuristic value for ff(): 9
[t=3.24753s, 21952 KB] g=44, 19105 evaluated, 3520 expanded
[t=3.25026s, 21952 KB] New best heuristic value for ff(): 6
[t=3.25117s, 21952 KB] g=47, 19127 evaluated, 3522 expanded
[t=3.2982s, 21952 KB] New best heuristic value for ff(): 4
[t=3.30064s, 21952 KB] g=53, 19439 evaluated, 3567 expanded
[t=10.2802s, 28872 KB] New best heuristic value for ff(): 3
[t=10.2829s, 28872 KB] g=55, 62410 evaluated, 13002 expanded
[t=10.2842s, 28872 KB] New best heuristic value for ff(): 2
[t=10.2847s, 28872 KB] g=56, 62422 evaluated, 13003 expanded
[t=10.2848s, 28872 KB] New best heuristic value for ff(): 0
[t=10.2856s, 28872 KB] g=58, 62428 evaluated, 13004 expanded
[t=10.2856s, 28872 KB] Solution found!
[t=10.286s, 28872 KB] Actual search time: 10.2054s
move_two f3-1f f4-1f f5-1f straight2 (2)
move_two f4-1f f5-1f f6-1f straight2 (2)
move_square f3-0f f4-0f square0 (1)
move_square f4-0f f5-0f square0 (1)
move_two f0-0f f1-0f f2-0f straight0 (2)
move_two f5-1f f6-1f f6-2f straight2 (2)
move_square f5-0f f5-1f square0 (1)
move_two f1-0f f2-0f f3-0f straight0 (2)
move_two f2-0f f3-0f f4-0f straight0 (2)
move_l_left f1-1f f2-1f f2-2f f1-0f f2-0f rightl0 (3)
move_two f3-0f f4-0f f5-0f straight0 (2)
move_two f0-2f f1-2f f1-1f straight1 (2)
move_two f4-0f f5-0f f6-0f straight0 (2)
move_two f5-0f f6-0f f7-0f straight0 (2)
move_two f6-0f f7-0f f8-0f straight0 (2)
move_two f6-1f f6-2f f7-2f straight2 (2)
move_two f6-2f f7-2f f7-1f straight2 (2)
move_square f5-1f f5-2f square0 (1)
move_l_down f1-0f f2-0f f2-1f f3-0f f3-1f rightl0 (3)
move_two f1-2f f1-1f f2-1f straight1 (2)
move_l_down f2-0f f3-0f f3-1f f4-0f f4-1f rightl0 (3)
move_l_down f3-0f f4-0f f4-1f f5-0f f5-1f rightl0 (3)
move_l_down f4-0f f5-0f f5-1f f6-0f f6-1f rightl0 (3)
move_two f7-0f f8-0f f9-0f straight0 (2)
move_two f1-1f f2-1f f3-1f straight1 (2)
move_two f2-1f f3-1f f4-1f straight1 (2)
move_two f3-1f f4-1f f5-1f straight1 (2)
move_square f5-2f f5-3f square0 (1)
move_two f4-1f f5-1f f5-2f straight1 (2)
[t=10.286s, 28872 KB] Plan length: 29 step(s).
[t=10.286s, 28872 KB] Plan cost: 58
[t=10.286s, 28872 KB] Timestamp: 1687902337354 millisecond(s).
[t=10.286s, 28872 KB] Expanded 13005 state(s).
[t=10.286s, 28872 KB] Reopened 0 state(s).
[t=10.286s, 28872 KB] Evaluated 62430 state(s).
[t=10.286s, 28872 KB] Evaluations: 62430
[t=10.286s, 28872 KB] Generated 120921 state(s).
[t=10.286s, 28872 KB] Dead ends: 0 state(s).
[t=10.286s, 28872 KB] Number of registered states: 62430
[t=10.286s, 28872 KB] Int hash set load factor: 62430/131072 = 0.476303
[t=10.286s, 28872 KB] Int hash set resizes: 17
[t=10.286s, 28872 KB] Search time: 10.2059s
[t=10.286s, 28872 KB] Total time: 10.286s
Solution found.
Peak memory: 28872 KB
Remove intermediate file output.sas
search exit code: 0

INFO     Running validate.
INFO     validate stdin: None
INFO     validate time limit: None
INFO     validate memory limit: None
INFO     validate command line string: validate domain.pddl problem.pddl sas_plan
Checking plan: sas_plan
Plan executed successfully - checking goal
Plan valid
Final value: 58 

Successful plans:
Value: 58
 sas_plan 58 

validate exit code: 0

INFO     Planner time: 12.42s
