INFO     planner time limit: 900s
INFO     planner memory limit: 3584 MB

INFO     Running translator.
INFO     translator stdin: None
INFO     translator time limit: 899s
INFO     translator memory limit: 3584 MB
INFO     translator command line string: /usr/local/downward-projects/downward/experiments/.venv/bin/python3 /usr/local/downward-projects/downward/experiments/src/thesis/data/thesis-thesis_exp/code-beb2e19b3d35a0ced2c328754445ca6967892fa8_e5e41175/builds/release/bin/translate/translate.py domain.pddl problem.pddl --sas-file output.sas
Parsing...
Parsing: [0.010s CPU, 0.001s wall-clock]
Normalizing task... [0.000s CPU, 0.000s wall-clock]
Instantiating...
Generating Datalog program... [0.000s CPU, 0.000s wall-clock]
Normalizing Datalog program...
Normalizing Datalog program: [0.000s CPU, 0.001s wall-clock]
Preparing model... [0.000s CPU, 0.000s wall-clock]
Generated 21 rules.
Computing model... [0.000s CPU, 0.003s wall-clock]
308 relevant atoms
207 auxiliary atoms
515 final queue length
859 total queue pushes
Completing instantiation... [0.000s CPU, 0.005s wall-clock]
Instantiating: [0.000s CPU, 0.009s wall-clock]
Computing fact groups...
Finding invariants...
10 initial candidates
Finding invariants: [0.010s CPU, 0.003s wall-clock]
Checking invariant weight... [0.000s CPU, 0.000s wall-clock]
Instantiating groups... [0.000s CPU, 0.000s wall-clock]
Collecting mutex groups... [0.000s CPU, 0.000s wall-clock]
Choosing groups...
10 uncovered facts
Choosing groups: [0.000s CPU, 0.000s wall-clock]
Building translation key... [0.000s CPU, 0.000s wall-clock]
Computing fact groups: [0.010s CPU, 0.004s wall-clock]
Building STRIPS to SAS dictionary... [0.000s CPU, 0.000s wall-clock]
Building dictionary for full mutex groups... [0.000s CPU, 0.000s wall-clock]
Building mutex information...
Building mutex information: [0.000s CPU, 0.000s wall-clock]
Translating task...
Processing axioms...
Simplifying axioms... [0.000s CPU, 0.000s wall-clock]
Translator axioms removed by simplifying: 0
Computing negative axioms... [0.000s CPU, 0.000s wall-clock]
Processing axioms: [0.000s CPU, 0.000s wall-clock]
Translating task: [0.000s CPU, 0.006s wall-clock]
234 effect conditions simplified
0 implied preconditions added
Detecting unreachable propositions...
0 operators removed
0 axioms removed
18 propositions removed
Detecting unreachable propositions: [0.010s CPU, 0.003s wall-clock]
Reordering and filtering variables...
19 of 19 variables necessary.
10 of 19 mutex groups necessary.
162 of 162 operators necessary.
0 of 0 axiom rules necessary.
Reordering and filtering variables: [0.000s CPU, 0.001s wall-clock]
Translator variables: 19
Translator derived variables: 0
Translator facts: 110
Translator goal facts: 7
Translator mutex groups: 10
Translator total mutex groups size: 100
Translator operators: 162
Translator axioms: 0
Translator task size: 1424
Translator peak memory: 32620 KB
Writing output... [0.000s CPU, 0.001s wall-clock]
Done! [0.030s CPU, 0.027s wall-clock]
translate exit code: 0

INFO     Running search (release).
INFO     search stdin: output.sas
INFO     search time limit: 899s
INFO     search memory limit: 3584 MB
INFO     search command line string: /usr/local/downward-projects/downward/experiments/src/thesis/data/thesis-thesis_exp/code-beb2e19b3d35a0ced2c328754445ca6967892fa8_e5e41175/builds/release/bin/downward --evaluator 'h=ff()' --search 'eager(alt([bts_type(h), single(h)]))' --internal-plan-file sas_plan < output.sas
[t=0s, 11252 KB] reading input...
[t=0.00280367s, 11252 KB] done reading input!
[t=0.00351535s, 11640 KB] Simplifying 630 unary operators... done! [486 unary operators]
[t=0.00517303s, 11640 KB] time to simplify: 0.00165768s
[t=0.00523362s, 11640 KB] Initializing additive heuristic...
[t=0.00528727s, 11640 KB] Initializing FF heuristic...
[t=0.00531136s, 11640 KB] Building successor generator...done!
[t=0.00545873s, 11640 KB] peak memory difference for successor generator creation: 0 KB
[t=0.00550098s, 11640 KB] time for successor generation creation: 0s
[t=0.00552516s, 11640 KB] Variables: 19
[t=0.00555026s, 11640 KB] FactPairs: 110
[t=0.00557173s, 11640 KB] Bytes per state: 8
[t=0.00559421s, 11640 KB] Conducting best first search without reopening closed nodes, (real) bound = 2147483647
[t=0.00564491s, 11640 KB] New best heuristic value for ff(): 16
[t=0.00569467s, 11640 KB] g=0, 1 evaluated, 0 expanded
[t=0.00571754s, 11640 KB] Initial heuristic value for ff(): 16
[t=0.00575105s, 11640 KB] pruning method: none
[t=0.00577315s, 11640 KB] Start Timestep: 1685738412109 millisecond(s).
[t=0.00581325s, 11640 KB] New best heuristic value for ff(): 15
[t=0.00608214s, 11640 KB] g=4, 31 evaluated, 17 expanded
[t=0.00610595s, 11640 KB] New best heuristic value for ff(): 14
[t=0.00633127s, 11640 KB] g=8, 57 evaluated, 31 expanded
[t=0.00653583s, 11640 KB] New best heuristic value for ff(): 13
[t=0.00695397s, 11640 KB] g=12, 132 evaluated, 60 expanded
[t=0.00697782s, 11640 KB] New best heuristic value for ff(): 12
[t=0.00707181s, 11640 KB] g=14, 141 evaluated, 63 expanded
[t=0.00709468s, 11640 KB] New best heuristic value for ff(): 11
[t=0.0072363s, 11640 KB] g=16, 157 evaluated, 67 expanded
[t=0.0072599s, 11640 KB] New best heuristic value for ff(): 10
[t=0.00766208s, 11640 KB] g=18, 209 evaluated, 83 expanded
[t=0.0144515s, 11776 KB] New best heuristic value for ff(): 8
[t=0.0154036s, 11776 KB] g=30, 1261 evaluated, 479 expanded
[t=0.0154302s, 11776 KB] New best heuristic value for ff(): 7
[t=0.0158451s, 11776 KB] g=36, 1314 evaluated, 502 expanded
[t=0.0343579s, 12068 KB] New best heuristic value for ff(): 6
[t=0.0359472s, 12068 KB] g=42, 3919 evaluated, 1576 expanded
[t=0.0359784s, 12068 KB] New best heuristic value for ff(): 5
[t=0.0364205s, 12068 KB] g=46, 3978 evaluated, 1596 expanded
[t=0.0364449s, 12068 KB] New best heuristic value for ff(): 3
[t=0.0365216s, 12068 KB] g=48, 3985 evaluated, 1599 expanded
[t=0.0365442s, 12068 KB] New best heuristic value for ff(): 2
[t=0.0367753s, 12068 KB] g=52, 4014 evaluated, 1611 expanded
[t=0.0367997s, 12068 KB] New best heuristic value for ff(): 1
[t=0.0368441s, 12068 KB] g=53, 4017 evaluated, 1613 expanded
[t=0.0368673s, 12068 KB] New best heuristic value for ff(): 0
[t=0.0369262s, 12068 KB] g=54, 4022 evaluated, 1615 expanded
[t=0.0369494s, 12068 KB] Solution found!
[t=0.0370214s, 12068 KB] Actual search time: 0.0312082s
unstack b9 b1 (1)
putdown b9 (1)
unstack b6 b3 (1)
stack b6 b1 (1)
unstack b3 b4 (1)
stack b3 b6 (1)
unstack b4 b5 (1)
putdown b4 (1)
unstack b3 b6 (1)
stack b3 b4 (1)
unstack b5 b2 (1)
stack b5 b6 (1)
unstack b2 b8 (1)
putdown b2 (1)
pickup b8 (1)
stack b8 b9 (1)
unstack b3 b4 (1)
stack b3 b8 (1)
pickup b4 (1)
stack b4 b2 (1)
unstack b5 b6 (1)
stack b5 b3 (1)
unstack b6 b1 (1)
putdown b6 (1)
unstack b5 b3 (1)
stack b5 b6 (1)
unstack b1 b7 (1)
stack b1 b3 (1)
pickup b7 (1)
stack b7 b4 (1)
unstack b1 b3 (1)
stack b1 b7 (1)
unstack b3 b8 (1)
putdown b3 (1)
unstack b1 b7 (1)
stack b1 b3 (1)
unstack b8 b9 (1)
stack b8 b1 (1)
pickup b9 (1)
stack b9 b7 (1)
unstack b8 b1 (1)
stack b8 b9 (1)
unstack b1 b3 (1)
stack b1 b5 (1)
pickup b3 (1)
stack b3 b8 (1)
unstack b1 b5 (1)
stack b1 b3 (1)
unstack b5 b6 (1)
putdown b5 (1)
pickup b6 (1)
stack b6 b1 (1)
pickup b5 (1)
stack b5 b6 (1)
[t=0.0370494s, 12068 KB] Plan length: 54 step(s).
[t=0.0370494s, 12068 KB] Plan cost: 54
[t=0.0370494s, 12068 KB] Timestamp: 1685738412141 millisecond(s).
[t=0.0370494s, 12068 KB] Expanded 1617 state(s).
[t=0.0370494s, 12068 KB] Reopened 0 state(s).
[t=0.0370494s, 12068 KB] Evaluated 4028 state(s).
[t=0.0370494s, 12068 KB] Evaluations: 4028
[t=0.0370494s, 12068 KB] Generated 6354 state(s).
[t=0.0370494s, 12068 KB] Dead ends: 0 state(s).
[t=0.0370494s, 12068 KB] Number of registered states: 4028
[t=0.0370494s, 12068 KB] Int hash set load factor: 4028/8192 = 0.491699
[t=0.0370494s, 12068 KB] Int hash set resizes: 13
[t=0.0370494s, 12068 KB] Search time: 0.0314552s
[t=0.0370494s, 12068 KB] Total time: 0.0370494s
Solution found.
Peak memory: 12068 KB
Remove intermediate file output.sas
search exit code: 0

INFO     Running validate.
INFO     validate stdin: None
INFO     validate time limit: None
INFO     validate memory limit: None
INFO     validate command line string: validate domain.pddl problem.pddl sas_plan
Checking plan: sas_plan
Plan executed successfully - checking goal
Plan valid
Final value: 54 

Successful plans:
Value: 54
 sas_plan 54 

validate exit code: 0

INFO     Planner time: 0.15s
