INFO     planner time limit: 600s
INFO     planner memory limit: 3584 MB

INFO     Running translator.
INFO     translator stdin: None
INFO     translator time limit: 599s
INFO     translator memory limit: 3584 MB
INFO     translator command line string: /usr/local/downward-projects/downward/experiments/assign3/.venv/bin/python3 /usr/local/downward-projects/downward/experiments/assign3/data/assign3-anytime_exp/code-1fb14623350588fb782db39ad332c8a25eda53d6_e5e41175/builds/release/bin/translate/translate.py domain.pddl problem.pddl --sas-file output.sas
Parsing...
Parsing: [0.000s CPU, 0.002s wall-clock]
Normalizing task... [0.000s CPU, 0.000s wall-clock]
Instantiating...
Generating Datalog program... [0.000s CPU, 0.001s wall-clock]
Normalizing Datalog program...
Normalizing Datalog program: [0.010s CPU, 0.002s wall-clock]
Preparing model... [0.000s CPU, 0.002s wall-clock]
Generated 38 rules.
Computing model... [0.010s CPU, 0.012s wall-clock]
771 relevant atoms
1204 auxiliary atoms
1975 final queue length
2422 total queue pushes
Completing instantiation... [0.010s CPU, 0.008s wall-clock]
Instantiating: [0.030s CPU, 0.025s wall-clock]
Computing fact groups...
Finding invariants...
7 initial candidates
Finding invariants: [0.000s CPU, 0.005s wall-clock]
Checking invariant weight... [0.000s CPU, 0.000s wall-clock]
Instantiating groups... [0.010s CPU, 0.002s wall-clock]
Collecting mutex groups... [0.000s CPU, 0.000s wall-clock]
Choosing groups...
38 uncovered facts
Choosing groups: [0.000s CPU, 0.000s wall-clock]
Building translation key... [0.000s CPU, 0.000s wall-clock]
Computing fact groups: [0.010s CPU, 0.009s wall-clock]
Building STRIPS to SAS dictionary... [0.000s CPU, 0.000s wall-clock]
Building dictionary for full mutex groups... [0.000s CPU, 0.000s wall-clock]
Building mutex information...
Building mutex information: [0.000s CPU, 0.000s wall-clock]
Translating task...
Processing axioms...
Simplifying axioms... [0.000s CPU, 0.000s wall-clock]
Translator axioms removed by simplifying: 0
Computing negative axioms... [0.000s CPU, 0.000s wall-clock]
Processing axioms: [0.000s CPU, 0.000s wall-clock]
Translating task: [0.010s CPU, 0.008s wall-clock]
324 effect conditions simplified
0 implied preconditions added
Detecting unreachable propositions...
0 operators removed
0 axioms removed
14 propositions removed
Detecting unreachable propositions: [0.000s CPU, 0.004s wall-clock]
Reordering and filtering variables...
37 of 37 variables necessary.
30 of 34 mutex groups necessary.
210 of 210 operators necessary.
0 of 0 axiom rules necessary.
Reordering and filtering variables: [0.000s CPU, 0.002s wall-clock]
Translator variables: 37
Translator derived variables: 0
Translator facts: 186
Translator goal facts: 3
Translator mutex groups: 30
Translator total mutex groups size: 150
Translator operators: 210
Translator axioms: 0
Translator task size: 2032
Translator peak memory: 33488 KB
Writing output... [0.000s CPU, 0.002s wall-clock]
Done! [0.050s CPU, 0.054s wall-clock]
translate exit code: 0

INFO     Running search (release).
INFO     search stdin: output.sas
INFO     search time limit: 599s
INFO     search memory limit: 3584 MB
INFO     search command line string: /usr/local/downward-projects/downward/experiments/assign3/data/assign3-anytime_exp/code-1fb14623350588fb782db39ad332c8a25eda53d6_e5e41175/builds/release/bin/downward --evaluator 'h=lmcut()' --search 'eager_anytime(alt(
        [single(weight(h, 2, verbosity=normal)), type_based([h, g()], random_seed=1234)]), 
        reopen_closed=true, f_eval=sum([h, g()]))' --internal-plan-file sas_plan < output.sas
[t=0.0010439s, 10884 KB] reading input...
[t=0.00206746s, 11008 KB] done reading input!
[t=0.00437295s, 11272 KB] Initializing landmark cut heuristic...
[t=0.0047229s, 11272 KB] Building successor generator...done!
[t=0.00493642s, 11272 KB] peak memory difference for successor generator creation: 0 KB
[t=0.0049815s, 11272 KB] time for successor generation creation: 0s
[t=0.00500702s, 11272 KB] Variables: 37
[t=0.00503498s, 11272 KB] FactPairs: 186
[t=0.00505843s, 11272 KB] Bytes per state: 8
[t=0.00510795s, 11272 KB] Conducting best first anytime search with reopening closed nodes, (real) bound = 2147483647
[t=0.00514325s, 11272 KB] New best heuristic value for lmcut(): 10
[t=0.00525604s, 11272 KB] g=0, 1 evaluated, 0 expanded
[t=0.00528004s, 11272 KB] Initial heuristic value for lmcut(): 10
[t=0.00531411s, 11272 KB] Start Timestep: 1682027140240 millisecond(s).
[t=0.00535434s, 11272 KB] New best heuristic value for lmcut(): 9
[t=0.00572934s, 11272 KB] g=1, 6 evaluated, 5 expanded
[t=0.00607728s, 11272 KB] New best heuristic value for lmcut(): 7
[t=0.00644498s, 11272 KB] g=3, 17 evaluated, 13 expanded
[t=0.00918699s, 11272 KB] New best heuristic value for lmcut(): 6
[t=0.00957136s, 11272 KB] g=7, 73 evaluated, 58 expanded
[t=0.00959919s, 11272 KB] New best heuristic value for lmcut(): 5
[t=0.00976898s, 11272 KB] g=8, 76 evaluated, 59 expanded
[t=0.0207035s, 11272 KB] New best heuristic value for lmcut(): 4
[t=0.0212313s, 11272 KB] g=16, 303 evaluated, 249 expanded
[t=0.0477792s, 11404 KB] New best heuristic value for lmcut(): 3
[t=0.0479128s, 11404 KB] g=25, 854 evaluated, 753 expanded, 14 reopened
[t=0.0481572s, 11404 KB] New best heuristic value for lmcut(): 2
[t=0.0485219s, 11404 KB] g=26, 867 evaluated, 764 expanded, 14 reopened
[t=0.123586s, 11404 KB] New best heuristic value for lmcut(): 1
[t=0.12442s, 11404 KB] g=34, 2456 evaluated, 2414 expanded, 141 reopened
[t=0.124589s, 11404 KB] New best heuristic value for lmcut(): 0
[t=0.124849s, 11404 KB] g=35, 2469 evaluated, 2425 expanded, 141 reopened
[t=0.124876s, 11404 KB] Solution found!
move player-01 pos-3-2 pos-4-2 dir-right (0)
move player-01 pos-4-2 pos-4-3 dir-down (0)
push-to-nongoal player-01 stone-02 pos-4-3 pos-5-3 pos-6-3 dir-right (1)
push-to-nongoal player-01 stone-02 pos-5-3 pos-6-3 pos-7-3 dir-right (1)
move player-01 pos-6-3 pos-6-2 dir-up (0)
move player-01 pos-6-2 pos-7-2 dir-right (0)
push-to-nongoal player-01 stone-02 pos-7-2 pos-7-3 pos-7-4 dir-down (1)
push-to-nongoal player-01 stone-02 pos-7-3 pos-7-4 pos-7-5 dir-down (1)
move player-01 pos-7-4 pos-7-3 dir-up (0)
move player-01 pos-7-3 pos-6-3 dir-left (0)
move player-01 pos-6-3 pos-5-3 dir-left (0)
move player-01 pos-5-3 pos-4-3 dir-left (0)
move player-01 pos-4-3 pos-4-2 dir-up (0)
move player-01 pos-4-2 pos-3-2 dir-left (0)
move player-01 pos-3-2 pos-2-2 dir-left (0)
move player-01 pos-2-2 pos-2-3 dir-down (0)
push-to-nongoal player-01 stone-01 pos-2-3 pos-3-3 pos-4-3 dir-right (1)
push-to-nongoal player-01 stone-01 pos-3-3 pos-4-3 pos-5-3 dir-right (1)
push-to-nongoal player-01 stone-01 pos-4-3 pos-5-3 pos-6-3 dir-right (1)
push-to-nongoal player-01 stone-01 pos-5-3 pos-6-3 pos-7-3 dir-right (1)
move player-01 pos-6-3 pos-5-3 dir-left (0)
move player-01 pos-5-3 pos-4-3 dir-left (0)
move player-01 pos-4-3 pos-3-3 dir-left (0)
push-to-nongoal player-01 stone-03 pos-3-3 pos-3-4 pos-3-5 dir-down (1)
move player-01 pos-3-4 pos-3-3 dir-up (0)
move player-01 pos-3-3 pos-4-3 dir-right (0)
move player-01 pos-4-3 pos-5-3 dir-right (0)
move player-01 pos-5-3 pos-6-3 dir-right (0)
move player-01 pos-6-3 pos-6-2 dir-up (0)
move player-01 pos-6-2 pos-7-2 dir-right (0)
move player-01 pos-7-2 pos-8-2 dir-right (0)
move player-01 pos-8-2 pos-8-3 dir-down (0)
push-to-nongoal player-01 stone-01 pos-8-3 pos-7-3 pos-6-3 dir-left (1)
push-to-nongoal player-01 stone-01 pos-7-3 pos-6-3 pos-5-3 dir-left (1)
push-to-nongoal player-01 stone-01 pos-6-3 pos-5-3 pos-4-3 dir-left (1)
move player-01 pos-5-3 pos-6-3 dir-right (0)
move player-01 pos-6-3 pos-7-3 dir-right (0)
move player-01 pos-7-3 pos-7-4 dir-down (0)
push-to-nongoal player-01 stone-02 pos-7-4 pos-7-5 pos-7-6 dir-down (1)
move player-01 pos-7-5 pos-8-5 dir-right (0)
move player-01 pos-8-5 pos-8-6 dir-down (0)
move player-01 pos-8-6 pos-8-7 dir-down (0)
move player-01 pos-8-7 pos-7-7 dir-left (0)
push-to-nongoal player-01 stone-02 pos-7-7 pos-7-6 pos-7-5 dir-up (1)
move player-01 pos-7-6 pos-6-6 dir-left (0)
move player-01 pos-6-6 pos-6-5 dir-up (0)
move player-01 pos-6-5 pos-5-5 dir-left (0)
move player-01 pos-5-5 pos-4-5 dir-left (0)
move player-01 pos-4-5 pos-4-6 dir-down (0)
move player-01 pos-4-6 pos-3-6 dir-left (0)
move player-01 pos-3-6 pos-2-6 dir-left (0)
move player-01 pos-2-6 pos-2-5 dir-up (0)
push-to-goal player-01 stone-03 pos-2-5 pos-3-5 pos-4-5 dir-right (1)
move player-01 pos-3-5 pos-3-4 dir-up (0)
move player-01 pos-3-4 pos-3-3 dir-up (0)
push-to-nongoal player-01 stone-01 pos-3-3 pos-4-3 pos-5-3 dir-right (1)
push-to-nongoal player-01 stone-01 pos-4-3 pos-5-3 pos-6-3 dir-right (1)
push-to-nongoal player-01 stone-01 pos-5-3 pos-6-3 pos-7-3 dir-right (1)
move player-01 pos-6-3 pos-6-2 dir-up (0)
move player-01 pos-6-2 pos-7-2 dir-right (0)
move player-01 pos-7-2 pos-8-2 dir-right (0)
move player-01 pos-8-2 pos-8-3 dir-down (0)
push-to-nongoal player-01 stone-01 pos-8-3 pos-7-3 pos-6-3 dir-left (1)
push-to-nongoal player-01 stone-01 pos-7-3 pos-6-3 pos-5-3 dir-left (1)
push-to-nongoal player-01 stone-01 pos-6-3 pos-5-3 pos-4-3 dir-left (1)
push-to-nongoal player-01 stone-01 pos-5-3 pos-4-3 pos-3-3 dir-left (1)
move player-01 pos-4-3 pos-5-3 dir-right (0)
move player-01 pos-5-3 pos-6-3 dir-right (0)
move player-01 pos-6-3 pos-7-3 dir-right (0)
move player-01 pos-7-3 pos-7-4 dir-down (0)
push-to-nongoal player-01 stone-02 pos-7-4 pos-7-5 pos-7-6 dir-down (1)
move player-01 pos-7-5 pos-8-5 dir-right (0)
move player-01 pos-8-5 pos-8-6 dir-down (0)
move player-01 pos-8-6 pos-8-7 dir-down (0)
move player-01 pos-8-7 pos-7-7 dir-left (0)
push-to-nongoal player-01 stone-02 pos-7-7 pos-7-6 pos-7-5 dir-up (1)
move player-01 pos-7-6 pos-8-6 dir-right (0)
move player-01 pos-8-6 pos-8-5 dir-up (0)
push-to-goal player-01 stone-02 pos-8-5 pos-7-5 pos-6-5 dir-left (1)
move player-01 pos-7-5 pos-7-4 dir-up (0)
move player-01 pos-7-4 pos-7-3 dir-up (0)
move player-01 pos-7-3 pos-6-3 dir-left (0)
move player-01 pos-6-3 pos-5-3 dir-left (0)
move player-01 pos-5-3 pos-4-3 dir-left (0)
move player-01 pos-4-3 pos-4-2 dir-up (0)
move player-01 pos-4-2 pos-3-2 dir-left (0)
move player-01 pos-3-2 pos-2-2 dir-left (0)
move player-01 pos-2-2 pos-2-3 dir-down (0)
push-to-nongoal player-01 stone-01 pos-2-3 pos-3-3 pos-4-3 dir-right (1)
push-to-nongoal player-01 stone-01 pos-3-3 pos-4-3 pos-5-3 dir-right (1)
push-to-nongoal player-01 stone-01 pos-4-3 pos-5-3 pos-6-3 dir-right (1)
push-to-nongoal player-01 stone-01 pos-5-3 pos-6-3 pos-7-3 dir-right (1)
move player-01 pos-6-3 pos-6-2 dir-up (0)
move player-01 pos-6-2 pos-7-2 dir-right (0)
push-to-nongoal player-01 stone-01 pos-7-2 pos-7-3 pos-7-4 dir-down (1)
push-to-nongoal player-01 stone-01 pos-7-3 pos-7-4 pos-7-5 dir-down (1)
push-to-nongoal player-01 stone-01 pos-7-4 pos-7-5 pos-7-6 dir-down (1)
push-to-goal player-01 stone-02 pos-7-5 pos-6-5 pos-5-5 dir-left (1)
move player-01 pos-6-5 pos-7-5 dir-right (0)
move player-01 pos-7-5 pos-8-5 dir-right (0)
move player-01 pos-8-5 pos-8-6 dir-down (0)
move player-01 pos-8-6 pos-8-7 dir-down (0)
move player-01 pos-8-7 pos-7-7 dir-left (0)
push-to-nongoal player-01 stone-01 pos-7-7 pos-7-6 pos-7-5 dir-up (1)
move player-01 pos-7-6 pos-8-6 dir-right (0)
move player-01 pos-8-6 pos-8-5 dir-up (0)
push-to-goal player-01 stone-01 pos-8-5 pos-7-5 pos-6-5 dir-left (1)
[t=0.125802s, 11404 KB] Plan length: 107 step(s).
[t=0.125847s, 11404 KB] Plan cost: 35
[t=0.125872s, 11404 KB] Solution: Incumbent solution found!
[t=0.125897s, 11404 KB] Solution Timestep: 1682027140363 millisecond(s).
[t=0.125922s, 11404 KB] Timestamp: 1682027140363 millisecond(s).
[t=0.125946s, 11404 KB] Expanded 2427 state(s).
[t=0.125969s, 11404 KB] Reopened 141 state(s).
[t=0.125995s, 11404 KB] Evaluated 2471 state(s).
[t=0.12602s, 11404 KB] Evaluations: 2679
[t=0.126057s, 11404 KB] Generated 6137 state(s).
[t=0.12608s, 11404 KB] Dead ends: 0 state(s).
[t=0.126103s, 11404 KB] Number of registered states: 2679
[t=0.126127s, 11404 KB] Int hash set load factor: 2679/4096 = 0.654053
[t=0.126151s, 11404 KB] Int hash set resizes: 12
[t=0.243284s, 11580 KB] Solution found!
move player-01 pos-3-2 pos-4-2 dir-right (0)
move player-01 pos-4-2 pos-4-3 dir-down (0)
push-to-nongoal player-01 stone-02 pos-4-3 pos-5-3 pos-6-3 dir-right (1)
push-to-nongoal player-01 stone-02 pos-5-3 pos-6-3 pos-7-3 dir-right (1)
move player-01 pos-6-3 pos-6-2 dir-up (0)
move player-01 pos-6-2 pos-7-2 dir-right (0)
push-to-nongoal player-01 stone-02 pos-7-2 pos-7-3 pos-7-4 dir-down (1)
push-to-nongoal player-01 stone-02 pos-7-3 pos-7-4 pos-7-5 dir-down (1)
move player-01 pos-7-4 pos-7-3 dir-up (0)
move player-01 pos-7-3 pos-6-3 dir-left (0)
move player-01 pos-6-3 pos-5-3 dir-left (0)
move player-01 pos-5-3 pos-4-3 dir-left (0)
move player-01 pos-4-3 pos-4-2 dir-up (0)
move player-01 pos-4-2 pos-3-2 dir-left (0)
move player-01 pos-3-2 pos-2-2 dir-left (0)
move player-01 pos-2-2 pos-2-3 dir-down (0)
push-to-nongoal player-01 stone-01 pos-2-3 pos-3-3 pos-4-3 dir-right (1)
push-to-nongoal player-01 stone-01 pos-3-3 pos-4-3 pos-5-3 dir-right (1)
push-to-nongoal player-01 stone-01 pos-4-3 pos-5-3 pos-6-3 dir-right (1)
push-to-nongoal player-01 stone-01 pos-5-3 pos-6-3 pos-7-3 dir-right (1)
move player-01 pos-6-3 pos-5-3 dir-left (0)
move player-01 pos-5-3 pos-4-3 dir-left (0)
move player-01 pos-4-3 pos-3-3 dir-left (0)
push-to-nongoal player-01 stone-03 pos-3-3 pos-3-4 pos-3-5 dir-down (1)
move player-01 pos-3-4 pos-3-3 dir-up (0)
move player-01 pos-3-3 pos-4-3 dir-right (0)
move player-01 pos-4-3 pos-5-3 dir-right (0)
move player-01 pos-5-3 pos-6-3 dir-right (0)
move player-01 pos-6-3 pos-6-2 dir-up (0)
move player-01 pos-6-2 pos-7-2 dir-right (0)
move player-01 pos-7-2 pos-8-2 dir-right (0)
move player-01 pos-8-2 pos-8-3 dir-down (0)
push-to-nongoal player-01 stone-01 pos-8-3 pos-7-3 pos-6-3 dir-left (1)
move player-01 pos-7-3 pos-7-4 dir-down (0)
push-to-nongoal player-01 stone-02 pos-7-4 pos-7-5 pos-7-6 dir-down (1)
move player-01 pos-7-5 pos-6-5 dir-left (0)
move player-01 pos-6-5 pos-5-5 dir-left (0)
move player-01 pos-5-5 pos-4-5 dir-left (0)
move player-01 pos-4-5 pos-4-6 dir-down (0)
move player-01 pos-4-6 pos-3-6 dir-left (0)
move player-01 pos-3-6 pos-2-6 dir-left (0)
move player-01 pos-2-6 pos-2-5 dir-up (0)
push-to-goal player-01 stone-03 pos-2-5 pos-3-5 pos-4-5 dir-right (1)
move player-01 pos-3-5 pos-3-4 dir-up (0)
move player-01 pos-3-4 pos-3-3 dir-up (0)
move player-01 pos-3-3 pos-4-3 dir-right (0)
move player-01 pos-4-3 pos-5-3 dir-right (0)
push-to-nongoal player-01 stone-01 pos-5-3 pos-6-3 pos-7-3 dir-right (1)
move player-01 pos-6-3 pos-5-3 dir-left (0)
move player-01 pos-5-3 pos-4-3 dir-left (0)
move player-01 pos-4-3 pos-3-3 dir-left (0)
move player-01 pos-3-3 pos-3-4 dir-down (0)
move player-01 pos-3-4 pos-3-5 dir-down (0)
push-to-goal player-01 stone-03 pos-3-5 pos-4-5 pos-5-5 dir-right (1)
move player-01 pos-4-5 pos-3-5 dir-left (0)
move player-01 pos-3-5 pos-3-4 dir-up (0)
move player-01 pos-3-4 pos-3-3 dir-up (0)
move player-01 pos-3-3 pos-4-3 dir-right (0)
move player-01 pos-4-3 pos-5-3 dir-right (0)
move player-01 pos-5-3 pos-6-3 dir-right (0)
move player-01 pos-6-3 pos-6-2 dir-up (0)
move player-01 pos-6-2 pos-7-2 dir-right (0)
move player-01 pos-7-2 pos-8-2 dir-right (0)
move player-01 pos-8-2 pos-8-3 dir-down (0)
push-to-nongoal player-01 stone-01 pos-8-3 pos-7-3 pos-6-3 dir-left (1)
push-to-nongoal player-01 stone-01 pos-7-3 pos-6-3 pos-5-3 dir-left (1)
push-to-nongoal player-01 stone-01 pos-6-3 pos-5-3 pos-4-3 dir-left (1)
push-to-nongoal player-01 stone-01 pos-5-3 pos-4-3 pos-3-3 dir-left (1)
move player-01 pos-4-3 pos-5-3 dir-right (0)
move player-01 pos-5-3 pos-6-3 dir-right (0)
move player-01 pos-6-3 pos-7-3 dir-right (0)
move player-01 pos-7-3 pos-7-4 dir-down (0)
move player-01 pos-7-4 pos-7-5 dir-down (0)
move player-01 pos-7-5 pos-8-5 dir-right (0)
move player-01 pos-8-5 pos-8-6 dir-down (0)
move player-01 pos-8-6 pos-8-7 dir-down (0)
move player-01 pos-8-7 pos-7-7 dir-left (0)
push-to-nongoal player-01 stone-02 pos-7-7 pos-7-6 pos-7-5 dir-up (1)
move player-01 pos-7-6 pos-6-6 dir-left (0)
move player-01 pos-6-6 pos-6-5 dir-up (0)
push-to-goal player-01 stone-03 pos-6-5 pos-5-5 pos-4-5 dir-left (1)
move player-01 pos-5-5 pos-6-5 dir-right (0)
move player-01 pos-6-5 pos-6-6 dir-down (0)
move player-01 pos-6-6 pos-7-6 dir-right (0)
move player-01 pos-7-6 pos-8-6 dir-right (0)
move player-01 pos-8-6 pos-8-5 dir-up (0)
push-to-goal player-01 stone-02 pos-8-5 pos-7-5 pos-6-5 dir-left (1)
move player-01 pos-7-5 pos-7-4 dir-up (0)
move player-01 pos-7-4 pos-7-3 dir-up (0)
move player-01 pos-7-3 pos-6-3 dir-left (0)
move player-01 pos-6-3 pos-5-3 dir-left (0)
move player-01 pos-5-3 pos-4-3 dir-left (0)
move player-01 pos-4-3 pos-4-2 dir-up (0)
move player-01 pos-4-2 pos-3-2 dir-left (0)
move player-01 pos-3-2 pos-2-2 dir-left (0)
move player-01 pos-2-2 pos-2-3 dir-down (0)
push-to-nongoal player-01 stone-01 pos-2-3 pos-3-3 pos-4-3 dir-right (1)
push-to-nongoal player-01 stone-01 pos-3-3 pos-4-3 pos-5-3 dir-right (1)
push-to-nongoal player-01 stone-01 pos-4-3 pos-5-3 pos-6-3 dir-right (1)
push-to-nongoal player-01 stone-01 pos-5-3 pos-6-3 pos-7-3 dir-right (1)
move player-01 pos-6-3 pos-6-2 dir-up (0)
move player-01 pos-6-2 pos-7-2 dir-right (0)
push-to-nongoal player-01 stone-01 pos-7-2 pos-7-3 pos-7-4 dir-down (1)
push-to-nongoal player-01 stone-01 pos-7-3 pos-7-4 pos-7-5 dir-down (1)
push-to-nongoal player-01 stone-01 pos-7-4 pos-7-5 pos-7-6 dir-down (1)
push-to-goal player-01 stone-02 pos-7-5 pos-6-5 pos-5-5 dir-left (1)
move player-01 pos-6-5 pos-7-5 dir-right (0)
move player-01 pos-7-5 pos-8-5 dir-right (0)
move player-01 pos-8-5 pos-8-6 dir-down (0)
move player-01 pos-8-6 pos-8-7 dir-down (0)
move player-01 pos-8-7 pos-7-7 dir-left (0)
push-to-nongoal player-01 stone-01 pos-7-7 pos-7-6 pos-7-5 dir-up (1)
move player-01 pos-7-6 pos-8-6 dir-right (0)
move player-01 pos-8-6 pos-8-5 dir-up (0)
push-to-goal player-01 stone-01 pos-8-5 pos-7-5 pos-6-5 dir-left (1)
[t=0.245021s, 11580 KB] Plan length: 115 step(s).
[t=0.245073s, 11580 KB] Plan cost: 31
[t=0.245098s, 11580 KB] Solution: Incumbent solution found!
[t=0.245123s, 11580 KB] Solution Timestep: 1682027140484 millisecond(s).
[t=0.245147s, 11580 KB] Timestamp: 1682027140484 millisecond(s).
[t=0.245171s, 11580 KB] Expanded 6887 state(s).
[t=0.245194s, 11580 KB] Reopened 2350 state(s).
[t=0.245217s, 11580 KB] Evaluated 4840 state(s).
[t=0.24524s, 11580 KB] Evaluations: 5196
[t=0.245265s, 11580 KB] Generated 17444 state(s).
[t=0.245287s, 11580 KB] Dead ends: 0 state(s).
[t=0.245311s, 11580 KB] Number of registered states: 5196
[t=0.245334s, 11580 KB] Int hash set load factor: 5196/8192 = 0.634277
[t=0.245359s, 11580 KB] Int hash set resizes: 13
[t=0.261072s, 11580 KB] Solution found!
move player-01 pos-3-2 pos-4-2 dir-right (0)
move player-01 pos-4-2 pos-4-3 dir-down (0)
push-to-nongoal player-01 stone-02 pos-4-3 pos-5-3 pos-6-3 dir-right (1)
push-to-nongoal player-01 stone-02 pos-5-3 pos-6-3 pos-7-3 dir-right (1)
move player-01 pos-6-3 pos-6-2 dir-up (0)
move player-01 pos-6-2 pos-7-2 dir-right (0)
push-to-nongoal player-01 stone-02 pos-7-2 pos-7-3 pos-7-4 dir-down (1)
push-to-nongoal player-01 stone-02 pos-7-3 pos-7-4 pos-7-5 dir-down (1)
move player-01 pos-7-4 pos-7-3 dir-up (0)
move player-01 pos-7-3 pos-6-3 dir-left (0)
move player-01 pos-6-3 pos-5-3 dir-left (0)
move player-01 pos-5-3 pos-4-3 dir-left (0)
move player-01 pos-4-3 pos-4-2 dir-up (0)
move player-01 pos-4-2 pos-3-2 dir-left (0)
move player-01 pos-3-2 pos-2-2 dir-left (0)
move player-01 pos-2-2 pos-2-3 dir-down (0)
push-to-nongoal player-01 stone-01 pos-2-3 pos-3-3 pos-4-3 dir-right (1)
push-to-nongoal player-01 stone-01 pos-3-3 pos-4-3 pos-5-3 dir-right (1)
push-to-nongoal player-01 stone-01 pos-4-3 pos-5-3 pos-6-3 dir-right (1)
push-to-nongoal player-01 stone-01 pos-5-3 pos-6-3 pos-7-3 dir-right (1)
move player-01 pos-6-3 pos-5-3 dir-left (0)
move player-01 pos-5-3 pos-4-3 dir-left (0)
move player-01 pos-4-3 pos-3-3 dir-left (0)
push-to-nongoal player-01 stone-03 pos-3-3 pos-3-4 pos-3-5 dir-down (1)
move player-01 pos-3-4 pos-3-3 dir-up (0)
move player-01 pos-3-3 pos-4-3 dir-right (0)
move player-01 pos-4-3 pos-5-3 dir-right (0)
move player-01 pos-5-3 pos-6-3 dir-right (0)
move player-01 pos-6-3 pos-6-2 dir-up (0)
move player-01 pos-6-2 pos-7-2 dir-right (0)
move player-01 pos-7-2 pos-8-2 dir-right (0)
move player-01 pos-8-2 pos-8-3 dir-down (0)
push-to-nongoal player-01 stone-01 pos-8-3 pos-7-3 pos-6-3 dir-left (1)
move player-01 pos-7-3 pos-7-4 dir-down (0)
push-to-nongoal player-01 stone-02 pos-7-4 pos-7-5 pos-7-6 dir-down (1)
move player-01 pos-7-5 pos-6-5 dir-left (0)
move player-01 pos-6-5 pos-5-5 dir-left (0)
move player-01 pos-5-5 pos-4-5 dir-left (0)
move player-01 pos-4-5 pos-4-6 dir-down (0)
move player-01 pos-4-6 pos-3-6 dir-left (0)
move player-01 pos-3-6 pos-2-6 dir-left (0)
move player-01 pos-2-6 pos-2-5 dir-up (0)
push-to-goal player-01 stone-03 pos-2-5 pos-3-5 pos-4-5 dir-right (1)
move player-01 pos-3-5 pos-3-4 dir-up (0)
move player-01 pos-3-4 pos-3-3 dir-up (0)
move player-01 pos-3-3 pos-4-3 dir-right (0)
move player-01 pos-4-3 pos-5-3 dir-right (0)
push-to-nongoal player-01 stone-01 pos-5-3 pos-6-3 pos-7-3 dir-right (1)
move player-01 pos-6-3 pos-6-2 dir-up (0)
move player-01 pos-6-2 pos-7-2 dir-right (0)
move player-01 pos-7-2 pos-8-2 dir-right (0)
move player-01 pos-8-2 pos-8-3 dir-down (0)
push-to-nongoal player-01 stone-01 pos-8-3 pos-7-3 pos-6-3 dir-left (1)
push-to-nongoal player-01 stone-01 pos-7-3 pos-6-3 pos-5-3 dir-left (1)
push-to-nongoal player-01 stone-01 pos-6-3 pos-5-3 pos-4-3 dir-left (1)
push-to-nongoal player-01 stone-01 pos-5-3 pos-4-3 pos-3-3 dir-left (1)
move player-01 pos-4-3 pos-5-3 dir-right (0)
move player-01 pos-5-3 pos-6-3 dir-right (0)
move player-01 pos-6-3 pos-7-3 dir-right (0)
move player-01 pos-7-3 pos-7-4 dir-down (0)
move player-01 pos-7-4 pos-7-5 dir-down (0)
move player-01 pos-7-5 pos-8-5 dir-right (0)
move player-01 pos-8-5 pos-8-6 dir-down (0)
move player-01 pos-8-6 pos-8-7 dir-down (0)
move player-01 pos-8-7 pos-7-7 dir-left (0)
push-to-nongoal player-01 stone-02 pos-7-7 pos-7-6 pos-7-5 dir-up (1)
move player-01 pos-7-6 pos-8-6 dir-right (0)
move player-01 pos-8-6 pos-8-5 dir-up (0)
push-to-goal player-01 stone-02 pos-8-5 pos-7-5 pos-6-5 dir-left (1)
move player-01 pos-7-5 pos-7-4 dir-up (0)
move player-01 pos-7-4 pos-7-3 dir-up (0)
move player-01 pos-7-3 pos-6-3 dir-left (0)
move player-01 pos-6-3 pos-5-3 dir-left (0)
move player-01 pos-5-3 pos-4-3 dir-left (0)
move player-01 pos-4-3 pos-4-2 dir-up (0)
move player-01 pos-4-2 pos-3-2 dir-left (0)
move player-01 pos-3-2 pos-2-2 dir-left (0)
move player-01 pos-2-2 pos-2-3 dir-down (0)
push-to-nongoal player-01 stone-01 pos-2-3 pos-3-3 pos-4-3 dir-right (1)
push-to-nongoal player-01 stone-01 pos-3-3 pos-4-3 pos-5-3 dir-right (1)
push-to-nongoal player-01 stone-01 pos-4-3 pos-5-3 pos-6-3 dir-right (1)
push-to-nongoal player-01 stone-01 pos-5-3 pos-6-3 pos-7-3 dir-right (1)
move player-01 pos-6-3 pos-6-2 dir-up (0)
move player-01 pos-6-2 pos-7-2 dir-right (0)
push-to-nongoal player-01 stone-01 pos-7-2 pos-7-3 pos-7-4 dir-down (1)
push-to-nongoal player-01 stone-01 pos-7-3 pos-7-4 pos-7-5 dir-down (1)
push-to-nongoal player-01 stone-01 pos-7-4 pos-7-5 pos-7-6 dir-down (1)
push-to-goal player-01 stone-02 pos-7-5 pos-6-5 pos-5-5 dir-left (1)
move player-01 pos-6-5 pos-7-5 dir-right (0)
move player-01 pos-7-5 pos-8-5 dir-right (0)
move player-01 pos-8-5 pos-8-6 dir-down (0)
move player-01 pos-8-6 pos-8-7 dir-down (0)
move player-01 pos-8-7 pos-7-7 dir-left (0)
push-to-nongoal player-01 stone-01 pos-7-7 pos-7-6 pos-7-5 dir-up (1)
move player-01 pos-7-6 pos-8-6 dir-right (0)
move player-01 pos-8-6 pos-8-5 dir-up (0)
push-to-goal player-01 stone-01 pos-8-5 pos-7-5 pos-6-5 dir-left (1)
[t=0.262139s, 11580 KB] Plan length: 97 step(s).
[t=0.262186s, 11580 KB] Plan cost: 29
[t=0.26221s, 11580 KB] Solution: Incumbent solution found!
[t=0.262234s, 11580 KB] Solution Timestep: 1682027140502 millisecond(s).
[t=0.262258s, 11580 KB] Timestamp: 1682027140502 millisecond(s).
[t=0.262283s, 11580 KB] Expanded 7822 state(s).
[t=0.262306s, 11580 KB] Reopened 2953 state(s).
[t=0.262335s, 11580 KB] Evaluated 5097 state(s).
[t=0.262363s, 11580 KB] Evaluations: 5490
[t=0.262387s, 11580 KB] Generated 19799 state(s).
[t=0.26241s, 11580 KB] Dead ends: 0 state(s).
[t=0.262434s, 11580 KB] Number of registered states: 5490
[t=0.262456s, 11580 KB] Int hash set load factor: 5490/8192 = 0.670166
[t=0.262482s, 11580 KB] Int hash set resizes: 13
[t=0.328402s, 11580 KB] Optimal Solution: found
[t=0.329104s, 11580 KB] Actual search time: 0.323749s
move player-01 pos-3-2 pos-4-2 dir-right (0)
move player-01 pos-4-2 pos-4-3 dir-down (0)
push-to-nongoal player-01 stone-02 pos-4-3 pos-5-3 pos-6-3 dir-right (1)
push-to-nongoal player-01 stone-02 pos-5-3 pos-6-3 pos-7-3 dir-right (1)
move player-01 pos-6-3 pos-6-2 dir-up (0)
move player-01 pos-6-2 pos-7-2 dir-right (0)
push-to-nongoal player-01 stone-02 pos-7-2 pos-7-3 pos-7-4 dir-down (1)
push-to-nongoal player-01 stone-02 pos-7-3 pos-7-4 pos-7-5 dir-down (1)
move player-01 pos-7-4 pos-7-3 dir-up (0)
move player-01 pos-7-3 pos-6-3 dir-left (0)
move player-01 pos-6-3 pos-5-3 dir-left (0)
move player-01 pos-5-3 pos-4-3 dir-left (0)
move player-01 pos-4-3 pos-4-2 dir-up (0)
move player-01 pos-4-2 pos-3-2 dir-left (0)
move player-01 pos-3-2 pos-2-2 dir-left (0)
move player-01 pos-2-2 pos-2-3 dir-down (0)
push-to-nongoal player-01 stone-01 pos-2-3 pos-3-3 pos-4-3 dir-right (1)
push-to-nongoal player-01 stone-01 pos-3-3 pos-4-3 pos-5-3 dir-right (1)
push-to-nongoal player-01 stone-01 pos-4-3 pos-5-3 pos-6-3 dir-right (1)
push-to-nongoal player-01 stone-01 pos-5-3 pos-6-3 pos-7-3 dir-right (1)
move player-01 pos-6-3 pos-5-3 dir-left (0)
move player-01 pos-5-3 pos-4-3 dir-left (0)
move player-01 pos-4-3 pos-3-3 dir-left (0)
push-to-nongoal player-01 stone-03 pos-3-3 pos-3-4 pos-3-5 dir-down (1)
move player-01 pos-3-4 pos-3-3 dir-up (0)
move player-01 pos-3-3 pos-4-3 dir-right (0)
move player-01 pos-4-3 pos-5-3 dir-right (0)
move player-01 pos-5-3 pos-6-3 dir-right (0)
move player-01 pos-6-3 pos-6-2 dir-up (0)
move player-01 pos-6-2 pos-7-2 dir-right (0)
move player-01 pos-7-2 pos-8-2 dir-right (0)
move player-01 pos-8-2 pos-8-3 dir-down (0)
push-to-nongoal player-01 stone-01 pos-8-3 pos-7-3 pos-6-3 dir-left (1)
move player-01 pos-7-3 pos-7-4 dir-down (0)
push-to-nongoal player-01 stone-02 pos-7-4 pos-7-5 pos-7-6 dir-down (1)
move player-01 pos-7-5 pos-6-5 dir-left (0)
move player-01 pos-6-5 pos-5-5 dir-left (0)
move player-01 pos-5-5 pos-4-5 dir-left (0)
move player-01 pos-4-5 pos-4-6 dir-down (0)
move player-01 pos-4-6 pos-3-6 dir-left (0)
move player-01 pos-3-6 pos-2-6 dir-left (0)
move player-01 pos-2-6 pos-2-5 dir-up (0)
push-to-goal player-01 stone-03 pos-2-5 pos-3-5 pos-4-5 dir-right (1)
move player-01 pos-3-5 pos-3-4 dir-up (0)
move player-01 pos-3-4 pos-3-3 dir-up (0)
move player-01 pos-3-3 pos-4-3 dir-right (0)
move player-01 pos-4-3 pos-5-3 dir-right (0)
push-to-nongoal player-01 stone-01 pos-5-3 pos-6-3 pos-7-3 dir-right (1)
move player-01 pos-6-3 pos-6-2 dir-up (0)
move player-01 pos-6-2 pos-7-2 dir-right (0)
move player-01 pos-7-2 pos-8-2 dir-right (0)
move player-01 pos-8-2 pos-8-3 dir-down (0)
push-to-nongoal player-01 stone-01 pos-8-3 pos-7-3 pos-6-3 dir-left (1)
push-to-nongoal player-01 stone-01 pos-7-3 pos-6-3 pos-5-3 dir-left (1)
push-to-nongoal player-01 stone-01 pos-6-3 pos-5-3 pos-4-3 dir-left (1)
push-to-nongoal player-01 stone-01 pos-5-3 pos-4-3 pos-3-3 dir-left (1)
move player-01 pos-4-3 pos-5-3 dir-right (0)
move player-01 pos-5-3 pos-6-3 dir-right (0)
move player-01 pos-6-3 pos-7-3 dir-right (0)
move player-01 pos-7-3 pos-7-4 dir-down (0)
move player-01 pos-7-4 pos-7-5 dir-down (0)
move player-01 pos-7-5 pos-8-5 dir-right (0)
move player-01 pos-8-5 pos-8-6 dir-down (0)
move player-01 pos-8-6 pos-8-7 dir-down (0)
move player-01 pos-8-7 pos-7-7 dir-left (0)
push-to-nongoal player-01 stone-02 pos-7-7 pos-7-6 pos-7-5 dir-up (1)
move player-01 pos-7-6 pos-8-6 dir-right (0)
move player-01 pos-8-6 pos-8-5 dir-up (0)
push-to-goal player-01 stone-02 pos-8-5 pos-7-5 pos-6-5 dir-left (1)
move player-01 pos-7-5 pos-7-4 dir-up (0)
move player-01 pos-7-4 pos-7-3 dir-up (0)
move player-01 pos-7-3 pos-6-3 dir-left (0)
move player-01 pos-6-3 pos-5-3 dir-left (0)
move player-01 pos-5-3 pos-4-3 dir-left (0)
move player-01 pos-4-3 pos-4-2 dir-up (0)
move player-01 pos-4-2 pos-3-2 dir-left (0)
move player-01 pos-3-2 pos-2-2 dir-left (0)
move player-01 pos-2-2 pos-2-3 dir-down (0)
push-to-nongoal player-01 stone-01 pos-2-3 pos-3-3 pos-4-3 dir-right (1)
push-to-nongoal player-01 stone-01 pos-3-3 pos-4-3 pos-5-3 dir-right (1)
push-to-nongoal player-01 stone-01 pos-4-3 pos-5-3 pos-6-3 dir-right (1)
push-to-nongoal player-01 stone-01 pos-5-3 pos-6-3 pos-7-3 dir-right (1)
move player-01 pos-6-3 pos-6-2 dir-up (0)
move player-01 pos-6-2 pos-7-2 dir-right (0)
push-to-nongoal player-01 stone-01 pos-7-2 pos-7-3 pos-7-4 dir-down (1)
push-to-nongoal player-01 stone-01 pos-7-3 pos-7-4 pos-7-5 dir-down (1)
push-to-nongoal player-01 stone-01 pos-7-4 pos-7-5 pos-7-6 dir-down (1)
push-to-goal player-01 stone-02 pos-7-5 pos-6-5 pos-5-5 dir-left (1)
move player-01 pos-6-5 pos-7-5 dir-right (0)
move player-01 pos-7-5 pos-8-5 dir-right (0)
move player-01 pos-8-5 pos-8-6 dir-down (0)
move player-01 pos-8-6 pos-8-7 dir-down (0)
move player-01 pos-8-7 pos-7-7 dir-left (0)
push-to-nongoal player-01 stone-01 pos-7-7 pos-7-6 pos-7-5 dir-up (1)
move player-01 pos-7-6 pos-8-6 dir-right (0)
move player-01 pos-8-6 pos-8-5 dir-up (0)
push-to-goal player-01 stone-01 pos-8-5 pos-7-5 pos-6-5 dir-left (1)
[t=0.329137s, 11580 KB] Plan length: 97 step(s).
[t=0.329137s, 11580 KB] Plan cost: 29
[t=0.329137s, 11580 KB] Timestamp: 1682027140571 millisecond(s).
[t=0.329137s, 11580 KB] Expanded 9956 state(s).
[t=0.329137s, 11580 KB] Reopened 3588 state(s).
[t=0.329137s, 11580 KB] Evaluated 6368 state(s).
[t=0.329137s, 11580 KB] Evaluations: 6828
[t=0.329137s, 11580 KB] Generated 25121 state(s).
[t=0.329137s, 11580 KB] Dead ends: 0 state(s).
[t=0.329137s, 11580 KB] Number of registered states: 6828
[t=0.329137s, 11580 KB] Int hash set load factor: 6828/8192 = 0.833496
[t=0.329137s, 11580 KB] Int hash set resizes: 13
[t=0.329137s, 11580 KB] Search time: 0.324029s
[t=0.329137s, 11580 KB] Total time: 0.329137s
Solution found.
Peak memory: 11580 KB
Remove intermediate file output.sas
search exit code: 0

INFO     Running validate.
INFO     validate stdin: None
INFO     validate time limit: None
INFO     validate memory limit: None
INFO     validate command line string: validate domain.pddl problem.pddl sas_plan sas_plan.1 sas_plan.2 sas_plan.3
Checking plan: sas_plan
Plan executed successfully - checking goal
Plan valid
Final value: 29 
Checking plan: sas_plan.1
Plan executed successfully - checking goal
Plan valid
Final value: 35 
Checking plan: sas_plan.2
Plan executed successfully - checking goal
Plan valid
Final value: 31 
Checking plan: sas_plan.3
Plan executed successfully - checking goal
Plan valid
Final value: 29 

Successful plans:
Value: 29
 sas_plan 29 
sas_plan.3 29 

Value: 31
 sas_plan.2 31 

Value: 35
 sas_plan.1 35 

validate exit code: 0

INFO     Planner time: 0.48s
