INFO     planner time limit: 300s
INFO     planner memory limit: 3584 MB

INFO     Running translator.
INFO     translator stdin: None
INFO     translator time limit: 299s
INFO     translator memory limit: 3584 MB
INFO     translator command line string: /usr/local/downward-projects/downward/experiments/.venv/bin/python3 /usr/local/downward-projects/downward/experiments/src/thesis/data/thesis-thesis_exp/code-d93485cdd92f65ede2ae3573b3f4adda0b49e4fd_e5e41175/builds/release/bin/translate/translate.py domain.pddl problem.pddl --sas-file output.sas
Parsing...
Parsing: [0.000s CPU, 0.004s wall-clock]
Normalizing task... [0.000s CPU, 0.000s wall-clock]
Instantiating...
Generating Datalog program... [0.000s CPU, 0.001s wall-clock]
Normalizing Datalog program...
Normalizing Datalog program: [0.000s CPU, 0.001s wall-clock]
Preparing model... [0.010s CPU, 0.002s wall-clock]
Generated 26 rules.
Computing model... [0.380s CPU, 0.387s wall-clock]
40091 relevant atoms
29584 auxiliary atoms
69675 final queue length
143651 total queue pushes
Completing instantiation... [1.710s CPU, 1.705s wall-clock]
Instantiating: [2.120s CPU, 2.113s wall-clock]
Computing fact groups...
Finding invariants...
9 initial candidates
Finding invariants: [0.010s CPU, 0.018s wall-clock]
Checking invariant weight... [0.000s CPU, 0.000s wall-clock]
Instantiating groups... [0.010s CPU, 0.004s wall-clock]
Collecting mutex groups... [0.000s CPU, 0.001s wall-clock]
Choosing groups...
0 uncovered facts
Choosing groups: [0.000s CPU, 0.002s wall-clock]
Building translation key... [0.000s CPU, 0.001s wall-clock]
Computing fact groups: [0.030s CPU, 0.032s wall-clock]
Building STRIPS to SAS dictionary... [0.000s CPU, 0.001s wall-clock]
Building dictionary for full mutex groups... [0.000s CPU, 0.000s wall-clock]
Building mutex information...
Building mutex information: [0.000s CPU, 0.000s wall-clock]
Translating task...
Processing axioms...
Simplifying axioms... [0.000s CPU, 0.000s wall-clock]
Translator axioms removed by simplifying: 0
Computing negative axioms... [0.000s CPU, 0.000s wall-clock]
Processing axioms: [0.050s CPU, 0.050s wall-clock]
Translating task: [1.050s CPU, 1.050s wall-clock]
0 effect conditions simplified
0 implied preconditions added
Detecting unreachable propositions...
0 operators removed
0 axioms removed
30 propositions removed
Detecting unreachable propositions: [0.800s CPU, 0.798s wall-clock]
Reordering and filtering variables...
30 of 30 variables necessary.
0 of 30 mutex groups necessary.
38120 of 38120 operators necessary.
0 of 0 axiom rules necessary.
Reordering and filtering variables: [0.130s CPU, 0.129s wall-clock]
Translator variables: 30
Translator derived variables: 0
Translator facts: 1486
Translator goal facts: 22
Translator mutex groups: 0
Translator total mutex groups size: 0
Translator operators: 38120
Translator axioms: 0
Translator task size: 227834
Translator peak memory: 183552 KB
Writing output... [0.170s CPU, 0.168s wall-clock]
Done! [4.360s CPU, 4.356s wall-clock]
translate exit code: 0

INFO     Running search (release).
INFO     search stdin: output.sas
INFO     search time limit: 295s
INFO     search memory limit: 3584 MB
INFO     search command line string: /usr/local/downward-projects/downward/experiments/src/thesis/data/thesis-thesis_exp/code-d93485cdd92f65ede2ae3573b3f4adda0b49e4fd_e5e41175/builds/release/bin/downward --evaluator 'h=ff()' --search 'eager(alt([type_based([h, g()], random_seed=-1), single(h)]))' --internal-plan-file sas_plan < output.sas
[t=0s, 11364 KB] reading input...
[t=0.131958s, 22852 KB] done reading input!
[t=0.139898s, 26832 KB] Simplifying 75432 unary operators... done! [75432 unary operators]
[t=0.209524s, 33668 KB] time to simplify: 0.0718702s
[t=0.214332s, 33668 KB] Initializing additive heuristic...
[t=0.2157s, 33668 KB] Initializing FF heuristic...
[t=0.215744s, 33668 KB] Building successor generator...done!
[t=0.230629s, 35428 KB] peak memory difference for successor generator creation: 1760 KB
[t=0.230713s, 35428 KB] time for successor generation creation: 0.0118315s
[t=0.230739s, 35428 KB] Variables: 30
[t=0.230768s, 35428 KB] FactPairs: 1486
[t=0.230797s, 35428 KB] Bytes per state: 24
[t=0.230821s, 35428 KB] Conducting best first search without reopening closed nodes, (real) bound = 2147483647
[t=0.231583s, 35428 KB] New best heuristic value for ff(): 1084
[t=0.2325s, 35428 KB] g=0, 1 evaluated, 0 expanded
[t=0.232527s, 35428 KB] Initial heuristic value for ff(): 1084
[t=0.232558s, 35428 KB] pruning method: none
[t=0.23258s, 35428 KB] Start Timestep: 1687939706945 millisecond(s).
[t=0.235509s, 35428 KB] New best heuristic value for ff(): 963
[t=0.238346s, 35428 KB] g=15, 7 evaluated, 1 expanded
[t=0.255453s, 35428 KB] New best heuristic value for ff(): 882
[t=0.258041s, 35428 KB] g=33, 28 evaluated, 2 expanded
[t=0.479403s, 35428 KB] New best heuristic value for ff(): 794
[t=0.482939s, 35428 KB] g=116, 269 evaluated, 20 expanded
[t=0.523319s, 35428 KB] New best heuristic value for ff(): 791
[t=0.525271s, 35428 KB] g=158, 314 evaluated, 24 expanded
[t=0.525299s, 35428 KB] New best heuristic value for ff(): 787
[t=0.526286s, 35428 KB] g=163, 315 evaluated, 24 expanded
[t=0.54322s, 35428 KB] New best heuristic value for ff(): 786
[t=0.546944s, 35428 KB] g=164, 337 evaluated, 26 expanded
[t=0.935151s, 35428 KB] New best heuristic value for ff(): 778
[t=0.937243s, 35428 KB] g=222, 754 evaluated, 64 expanded
[t=1.10302s, 35428 KB] New best heuristic value for ff(): 775
[t=1.10623s, 35428 KB] g=284, 935 evaluated, 81 expanded
[t=1.93059s, 35428 KB] New best heuristic value for ff(): 774
[t=1.93399s, 35428 KB] g=351, 1818 evaluated, 184 expanded
[t=2.86617s, 35428 KB] New best heuristic value for ff(): 767
[t=2.86863s, 35428 KB] g=151, 2815 evaluated, 306 expanded
[t=2.87011s, 35428 KB] New best heuristic value for ff(): 763
[t=2.8706s, 35428 KB] g=155, 2817 evaluated, 306 expanded
[t=2.89006s, 35428 KB] New best heuristic value for ff(): 751
[t=2.89402s, 35428 KB] g=168, 2842 evaluated, 308 expanded
[t=2.99389s, 35428 KB] New best heuristic value for ff(): 750
[t=2.99468s, 35428 KB] g=205, 2950 evaluated, 318 expanded
[t=6.08112s, 35428 KB] New best heuristic value for ff(): 747
[t=6.08175s, 35428 KB] g=315, 6295 evaluated, 576 expanded
[t=6.08905s, 35428 KB] New best heuristic value for ff(): 716
[t=6.09278s, 35428 KB] g=329, 6307 evaluated, 577 expanded
[t=6.09301s, 35428 KB] New best heuristic value for ff(): 713
[t=6.0947s, 35428 KB] g=328, 6309 evaluated, 577 expanded
[t=6.09472s, 35428 KB] New best heuristic value for ff(): 703
[t=6.09569s, 35428 KB] g=330, 6310 evaluated, 577 expanded
[t=6.12093s, 35428 KB] New best heuristic value for ff(): 702
[t=6.12121s, 35428 KB] g=331, 6337 evaluated, 579 expanded
[t=7.57257s, 35616 KB] New best heuristic value for ff(): 688
[t=7.57524s, 35616 KB] g=438, 7910 evaluated, 710 expanded
[t=7.60049s, 35616 KB] New best heuristic value for ff(): 687
[t=7.60389s, 35616 KB] g=439, 7941 evaluated, 712 expanded
[t=14.2229s, 37296 KB] New best heuristic value for ff(): 686
[t=14.2267s, 37296 KB] g=486, 15103 evaluated, 1290 expanded
[t=14.2348s, 37296 KB] New best heuristic value for ff(): 673
[t=14.2377s, 37296 KB] g=498, 15115 evaluated, 1292 expanded
[t=14.2587s, 37296 KB] New best heuristic value for ff(): 672
[t=14.2616s, 37296 KB] g=499, 15141 evaluated, 1294 expanded
[t=14.2707s, 37296 KB] New best heuristic value for ff(): 662
[t=14.2709s, 37296 KB] g=509, 15151 evaluated, 1294 expanded
[t=14.2866s, 37296 KB] New best heuristic value for ff(): 661
[t=14.2903s, 37296 KB] g=510, 15172 evaluated, 1296 expanded
[t=14.2986s, 37296 KB] New best heuristic value for ff(): 658
[t=14.2995s, 37296 KB] g=523, 15182 evaluated, 1296 expanded
[t=14.3185s, 37296 KB] New best heuristic value for ff(): 657
[t=14.3209s, 37296 KB] g=524, 15205 evaluated, 1298 expanded
[t=14.5905s, 37296 KB] New best heuristic value for ff(): 648
[t=14.5923s, 37296 KB] g=526, 15501 evaluated, 1317 expanded
[t=19.566s, 38104 KB] New best heuristic value for ff(): 646
[t=19.5684s, 38104 KB] g=746, 20876 evaluated, 1731 expanded
[t=21.3768s, 39908 KB] New best heuristic value for ff(): 645
[t=21.3775s, 39908 KB] g=548, 22826 evaluated, 1917 expanded
[t=21.5565s, 39908 KB] New best heuristic value for ff(): 644
[t=21.5604s, 39908 KB] g=792, 23024 evaluated, 1931 expanded
[t=21.5724s, 39908 KB] New best heuristic value for ff(): 643
[t=21.5727s, 39908 KB] g=793, 23037 evaluated, 1932 expanded
[t=22.6755s, 39908 KB] New best heuristic value for ff(): 642
[t=22.6768s, 39908 KB] g=816, 24221 evaluated, 2034 expanded
[t=37.0596s, 41988 KB] New best heuristic value for ff(): 624
[t=37.0611s, 41988 KB] g=933, 39639 evaluated, 3494 expanded
[t=37.1596s, 41988 KB] New best heuristic value for ff(): 610
[t=37.1599s, 41988 KB] g=964, 39744 evaluated, 3504 expanded
[t=37.1862s, 41988 KB] New best heuristic value for ff(): 594
[t=37.1896s, 41988 KB] g=980, 39776 evaluated, 3506 expanded
[t=37.2181s, 41988 KB] New best heuristic value for ff(): 593
[t=37.2204s, 41988 KB] g=981, 39808 evaluated, 3508 expanded
[t=122.268s, 60784 KB] New best heuristic value for ff(): 570
[t=122.271s, 60784 KB] g=1083, 127326 evaluated, 12771 expanded
Peak memory: 91756 KB
caught signal 24 -- exiting
Time limit has been reached.
Remove intermediate file output.sas
search exit code: 23

Driver aborting after search
INFO     Planner time: 299.02s
