INFO     planner time limit: 600s
INFO     planner memory limit: 3584 MB

INFO     Running translator.
INFO     translator stdin: None
INFO     translator time limit: 599s
INFO     translator memory limit: 3584 MB
INFO     translator command line string: /usr/local/downward-projects/downward/experiments/src/thesis/.venv/bin/python3 /usr/local/downward-projects/downward/experiments/src/thesis/data/thesis-thesis_exp/code-84c08dfff1890fbf6247184940c8166177195ea1_e5e41175/builds/release/bin/translate/translate.py domain.pddl problem.pddl --sas-file output.sas
Parsing...
Parsing: [0.120s CPU, 0.115s wall-clock]
Normalizing task... [0.010s CPU, 0.007s wall-clock]
Instantiating...
Generating Datalog program... [0.050s CPU, 0.057s wall-clock]
Normalizing Datalog program...
Normalizing Datalog program: [0.010s CPU, 0.004s wall-clock]
Preparing model... [0.200s CPU, 0.212s wall-clock]
Generated 6 rules.
Computing model... [0.430s CPU, 0.434s wall-clock]
54406 relevant atoms
20865 auxiliary atoms
75271 final queue length
100103 total queue pushes
Completing instantiation... [0.650s CPU, 0.660s wall-clock]
Instantiating: [1.380s CPU, 1.402s wall-clock]
Computing fact groups...
Finding invariants...
4 initial candidates
Finding invariants: [0.010s CPU, 0.004s wall-clock]
Checking invariant weight... [0.000s CPU, 0.007s wall-clock]
Instantiating groups... [0.010s CPU, 0.008s wall-clock]
Collecting mutex groups... [0.000s CPU, 0.005s wall-clock]
Choosing groups...
4225 uncovered facts
Choosing groups: [0.010s CPU, 0.013s wall-clock]
Building translation key... [0.010s CPU, 0.015s wall-clock]
Computing fact groups: [0.110s CPU, 0.112s wall-clock]
Building STRIPS to SAS dictionary... [0.010s CPU, 0.008s wall-clock]
Building dictionary for full mutex groups... [0.010s CPU, 0.007s wall-clock]
Building mutex information...
Building mutex information: [0.010s CPU, 0.006s wall-clock]
Translating task...
Processing axioms...
Simplifying axioms... [0.000s CPU, 0.000s wall-clock]
Translator axioms removed by simplifying: 0
Computing negative axioms... [0.000s CPU, 0.000s wall-clock]
Processing axioms: [0.010s CPU, 0.018s wall-clock]
Translating task: [0.570s CPU, 0.573s wall-clock]
0 effect conditions simplified
0 implied preconditions added
Detecting unreachable propositions...
0 operators removed
0 axioms removed
3 propositions removed
Detecting unreachable propositions: [0.390s CPU, 0.399s wall-clock]
Reordering and filtering variables...
4225 of 4225 variables necessary.
0 of 1 mutex groups necessary.
16640 of 16640 operators necessary.
0 of 0 axiom rules necessary.
Reordering and filtering variables: [0.060s CPU, 0.064s wall-clock]
Translator variables: 4225
Translator derived variables: 0
Translator facts: 12673
Translator goal facts: 4224
Translator mutex groups: 0
Translator total mutex groups size: 0
Translator operators: 16640
Translator axioms: 0
Translator task size: 87678
Translator peak memory: 106928 KB
Writing output... [0.080s CPU, 0.081s wall-clock]
Done! [2.790s CPU, 2.807s wall-clock]
translate exit code: 0

INFO     Running search (release).
INFO     search stdin: output.sas
INFO     search time limit: 597s
INFO     search memory limit: 3584 MB
INFO     search command line string: /usr/local/downward-projects/downward/experiments/src/thesis/data/thesis-thesis_exp/code-84c08dfff1890fbf6247184940c8166177195ea1_e5e41175/builds/release/bin/downward --evaluator 'h=ff()' --search 'eager(partition(h, lwm_partition(), inter_uniform(), intra_uniform() )) ' --internal-plan-file sas_plan < output.sas
[t=0.00210384s, 11732 KB] reading input...
[t=0.0609644s, 18156 KB] done reading input!
[t=0.067242s, 20080 KB] Simplifying 33276 unary operators... done! [33276 unary operators]
[t=0.0818565s, 23024 KB] time to simplify: 0.0157127s
[t=0.0839209s, 23024 KB] Initializing additive heuristic...
[t=0.0846455s, 23024 KB] Initializing FF heuristic...
[t=0.0846767s, 23024 KB] Building successor generator...done!
[t=0.0878399s, 23024 KB] peak memory difference for successor generator creation: 0 KB
[t=0.0879048s, 23024 KB] time for successor generation creation: 0.00208845s
[t=0.0880432s, 23024 KB] Variables: 4225
[t=0.088384s, 23024 KB] FactPairs: 12673
[t=0.0884084s, 23024 KB] Bytes per state: 532
[t=0.0884319s, 23024 KB] Conducting best first search without reopening closed nodes, (real) bound = 2147483647
[t=0.0890495s, 23024 KB] New best heuristic value for ff(): 4224
[t=0.0898925s, 23024 KB] g=0, 1 evaluated, 0 expanded
[t=0.0899203s, 23024 KB] Initial heuristic value for ff(): 4224
[t=0.0899504s, 23024 KB] pruning method: none
[t=0.0899753s, 23024 KB] Start Timestep: 1693636996545 millisecond(s).
[t=0.0945266s, 23024 KB] New best heuristic value for ff(): 4223
[t=0.0950629s, 23024 KB] g=2, 7 evaluated, 2 expanded
[t=0.183633s, 23024 KB] New best heuristic value for ff(): 4222
[t=0.183798s, 23024 KB] g=6, 122 evaluated, 34 expanded
[t=0.265726s, 23024 KB] New best heuristic value for ff(): 4221
[t=0.265841s, 23024 KB] g=6, 227 evaluated, 64 expanded
[t=0.391946s, 23024 KB] New best heuristic value for ff(): 4220
[t=0.392649s, 23024 KB] g=8, 386 evaluated, 110 expanded
[t=0.478201s, 23024 KB] New best heuristic value for ff(): 4219
[t=0.478603s, 23024 KB] g=10, 492 evaluated, 139 expanded
[t=5.22406s, 23956 KB] New best heuristic value for ff(): 4218
[t=5.22488s, 23956 KB] g=14, 5187 evaluated, 1520 expanded
[t=6.0741s, 24484 KB] New best heuristic value for ff(): 4217
[t=6.07465s, 24484 KB] g=16, 5864 evaluated, 1724 expanded
[t=42.9488s, 35648 KB] New best heuristic value for ff(): 4216
[t=42.95s, 35648 KB] g=20, 22246 evaluated, 6615 expanded
[t=136.998s, 48612 KB] New best heuristic value for ff(): 4215
[t=136.999s, 48612 KB] g=20, 41021 evaluated, 12266 expanded
[t=149.081s, 49668 KB] New best heuristic value for ff(): 4214
[t=149.082s, 49668 KB] g=22, 42709 evaluated, 12779 expanded
Peak memory: 71892 KB
caught signal 24 -- exiting
Time limit has been reached.
Remove intermediate file output.sas
search exit code: 23

Driver aborting after search
INFO     Planner time: 595.57s
