INFO     planner time limit: 300s
INFO     planner memory limit: 3584 MB

INFO     Running translator.
INFO     translator stdin: None
INFO     translator time limit: 299s
INFO     translator memory limit: 3584 MB
INFO     translator command line string: /usr/local/downward-projects/downward/experiments/.venv/bin/python3 /usr/local/downward-projects/downward/experiments/src/thesis/data/thesis-thesis_exp/code-d93485cdd92f65ede2ae3573b3f4adda0b49e4fd_e5e41175/builds/release/bin/translate/translate.py domain.pddl problem.pddl --sas-file output.sas
Parsing...
Parsing: [0.010s CPU, 0.005s wall-clock]
Normalizing task... [0.000s CPU, 0.000s wall-clock]
Instantiating...
Generating Datalog program... [0.000s CPU, 0.001s wall-clock]
Normalizing Datalog program...
Normalizing Datalog program: [0.010s CPU, 0.006s wall-clock]
Preparing model... [0.000s CPU, 0.004s wall-clock]
Generated 198 rules.
Computing model... [0.230s CPU, 0.234s wall-clock]
18703 relevant atoms
11829 auxiliary atoms
30532 final queue length
102204 total queue pushes
Completing instantiation... [0.960s CPU, 0.968s wall-clock]
Instantiating: [1.220s CPU, 1.223s wall-clock]
Computing fact groups...
Finding invariants...
24 initial candidates
Finding invariants: [0.020s CPU, 0.021s wall-clock]
Checking invariant weight... [0.000s CPU, 0.001s wall-clock]
Instantiating groups... [0.010s CPU, 0.008s wall-clock]
Collecting mutex groups... [0.000s CPU, 0.000s wall-clock]
Choosing groups...
286 uncovered facts
Choosing groups: [0.000s CPU, 0.001s wall-clock]
Building translation key... [0.000s CPU, 0.001s wall-clock]
Computing fact groups: [0.030s CPU, 0.034s wall-clock]
Building STRIPS to SAS dictionary... [0.000s CPU, 0.001s wall-clock]
Building dictionary for full mutex groups... [0.000s CPU, 0.000s wall-clock]
Building mutex information...
Building mutex information: [0.000s CPU, 0.000s wall-clock]
Translating task...
Processing axioms...
Simplifying axioms... [0.000s CPU, 0.000s wall-clock]
Translator axioms removed by simplifying: 0
Computing negative axioms... [0.000s CPU, 0.000s wall-clock]
Processing axioms: [0.030s CPU, 0.032s wall-clock]
Translating task: [0.900s CPU, 0.898s wall-clock]
9339 effect conditions simplified
0 implied preconditions added
Detecting unreachable propositions...
0 operators removed
0 axioms removed
90 propositions removed
Detecting unreachable propositions: [0.540s CPU, 0.551s wall-clock]
Reordering and filtering variables...
316 of 325 variables necessary.
72 of 100 mutex groups necessary.
17556 of 17556 operators necessary.
0 of 0 axiom rules necessary.
Reordering and filtering variables: [0.140s CPU, 0.138s wall-clock]
Translator variables: 316
Translator derived variables: 0
Translator facts: 871
Translator goal facts: 77
Translator mutex groups: 72
Translator total mutex groups size: 267
Translator operators: 17556
Translator axioms: 0
Translator task size: 151796
Translator peak memory: 132296 KB
Writing output... [0.130s CPU, 0.127s wall-clock]
Done! [3.020s CPU, 3.020s wall-clock]
translate exit code: 0

INFO     Running search (release).
INFO     search stdin: output.sas
INFO     search time limit: 296s
INFO     search memory limit: 3584 MB
INFO     search command line string: /usr/local/downward-projects/downward/experiments/src/thesis/data/thesis-thesis_exp/code-d93485cdd92f65ede2ae3573b3f4adda0b49e4fd_e5e41175/builds/release/bin/downward --evaluator 'h=ff()' --search 'eager(epsilon_greedy(h, epsilon=0.2))' --internal-plan-file sas_plan < output.sas
[t=0s, 11364 KB] reading input...
[t=0.0864263s, 18020 KB] done reading input!
[t=0.0968929s, 22712 KB] Simplifying 72852 unary operators... done! [14614 unary operators]
[t=0.124148s, 25464 KB] time to simplify: 0.0283066s
[t=0.125266s, 25464 KB] Initializing additive heuristic...
[t=0.125662s, 25464 KB] Initializing FF heuristic...
[t=0.125691s, 25464 KB] Building successor generator...done!
[t=0.130368s, 25464 KB] peak memory difference for successor generator creation: 0 KB
[t=0.130409s, 25464 KB] time for successor generation creation: 0.00353137s
[t=0.130435s, 25464 KB] Variables: 316
[t=0.130463s, 25464 KB] FactPairs: 871
[t=0.130486s, 25464 KB] Bytes per state: 56
[t=0.13051s, 25464 KB] Conducting best first search without reopening closed nodes, (real) bound = 2147483647
[t=0.130565s, 25464 KB] New best heuristic value for ff(): 2095
[t=0.130826s, 25464 KB] g=0, 1 evaluated, 0 expanded
[t=0.130854s, 25464 KB] Initial heuristic value for ff(): 2095
[t=0.13088s, 25464 KB] pruning method: none
[t=0.130904s, 25464 KB] Start Timestep: 1687900630192 millisecond(s).
[t=0.13129s, 25464 KB] New best heuristic value for ff(): 2085
[t=0.131344s, 25464 KB] g=10, 3 evaluated, 1 expanded
[t=0.13137s, 25464 KB] New best heuristic value for ff(): 2070
[t=0.131567s, 25464 KB] g=20, 4 evaluated, 1 expanded
[t=0.131592s, 25464 KB] New best heuristic value for ff(): 1615
[t=0.131796s, 25464 KB] g=30, 5 evaluated, 1 expanded
[t=0.140683s, 25464 KB] New best heuristic value for ff(): 1165
[t=0.141136s, 25464 KB] g=30, 69 evaluated, 1 expanded
[t=0.161783s, 25464 KB] New best heuristic value for ff(): 1155
[t=0.162155s, 25464 KB] g=40, 214 evaluated, 2 expanded
[t=0.162192s, 25464 KB] New best heuristic value for ff(): 1140
[t=0.162399s, 25464 KB] g=50, 215 evaluated, 2 expanded
[t=0.165178s, 25464 KB] New best heuristic value for ff(): 1125
[t=0.165689s, 25464 KB] g=60, 237 evaluated, 2 expanded
[t=0.190388s, 25464 KB] New best heuristic value for ff(): 1115
[t=0.19137s, 25464 KB] g=70, 414 evaluated, 3 expanded
[t=0.191407s, 25464 KB] New best heuristic value for ff(): 1100
[t=0.191608s, 25464 KB] g=80, 415 evaluated, 3 expanded
[t=0.206107s, 25464 KB] New best heuristic value for ff(): 1095
[t=0.206164s, 25464 KB] g=90, 514 evaluated, 3 expanded
[t=0.208157s, 25464 KB] New best heuristic value for ff(): 1085
[t=0.208489s, 25464 KB] g=90, 529 evaluated, 3 expanded
[t=0.222856s, 25464 KB] New best heuristic value for ff(): 1075
[t=0.223788s, 25464 KB] g=100, 632 evaluated, 4 expanded
[t=0.223874s, 25464 KB] New best heuristic value for ff(): 1060
[t=0.224033s, 25464 KB] g=110, 633 evaluated, 4 expanded
[t=0.240669s, 25464 KB] New best heuristic value for ff(): 1045
[t=0.240913s, 25464 KB] g=120, 746 evaluated, 4 expanded
[t=0.259555s, 25464 KB] New best heuristic value for ff(): 1035
[t=0.260135s, 25464 KB] g=130, 873 evaluated, 5 expanded
[t=0.260165s, 25464 KB] New best heuristic value for ff(): 1020
[t=0.260368s, 25464 KB] g=140, 874 evaluated, 5 expanded
[t=0.287883s, 25464 KB] New best heuristic value for ff(): 1015
[t=0.288032s, 25464 KB] g=150, 1061 evaluated, 5 expanded
[t=0.293113s, 25464 KB] New best heuristic value for ff(): 1005
[t=0.293633s, 25464 KB] g=150, 1098 evaluated, 5 expanded
[t=0.299396s, 25464 KB] New best heuristic value for ff(): 995
[t=0.299491s, 25464 KB] g=160, 1134 evaluated, 6 expanded
[t=0.299519s, 25464 KB] New best heuristic value for ff(): 980
[t=0.299718s, 25464 KB] g=170, 1135 evaluated, 6 expanded
[t=0.325624s, 25464 KB] New best heuristic value for ff(): 975
[t=0.325713s, 25464 KB] g=180, 1312 evaluated, 6 expanded
[t=0.339948s, 25464 KB] New best heuristic value for ff(): 965
[t=0.340174s, 25464 KB] g=190, 1407 evaluated, 7 expanded
[t=0.340279s, 25464 KB] New best heuristic value for ff(): 950
[t=0.34042s, 25464 KB] g=200, 1408 evaluated, 7 expanded
[t=0.376987s, 25464 KB] New best heuristic value for ff(): 945
[t=0.377776s, 25464 KB] g=210, 1661 evaluated, 7 expanded
[t=0.382211s, 25464 KB] New best heuristic value for ff(): 935
[t=0.38247s, 25464 KB] g=220, 1690 evaluated, 8 expanded
[t=0.382498s, 25464 KB] New best heuristic value for ff(): 920
[t=0.382696s, 25464 KB] g=230, 1691 evaluated, 8 expanded
[t=0.424211s, 25464 KB] New best heuristic value for ff(): 910
[t=0.424658s, 25464 KB] g=240, 1972 evaluated, 9 expanded
[t=0.426282s, 25464 KB] New best heuristic value for ff(): 895
[t=0.426322s, 25464 KB] g=245, 1982 evaluated, 9 expanded
[t=0.468316s, 25464 KB] New best heuristic value for ff(): 885
[t=0.468607s, 25464 KB] g=255, 2266 evaluated, 10 expanded
[t=0.470714s, 25464 KB] New best heuristic value for ff(): 875
[t=0.470965s, 25464 KB] g=275, 2281 evaluated, 10 expanded
[t=0.510335s, 25464 KB] New best heuristic value for ff(): 865
[t=0.510693s, 25464 KB] g=285, 2548 evaluated, 11 expanded
[t=0.512291s, 25464 KB] New best heuristic value for ff(): 855
[t=0.513185s, 25464 KB] g=305, 2564 evaluated, 11 expanded
[t=0.546959s, 25464 KB] New best heuristic value for ff(): 850
[t=0.548036s, 25464 KB] g=295, 2799 evaluated, 11 expanded
[t=0.596321s, 25464 KB] New best heuristic value for ff(): 840
[t=0.597139s, 25464 KB] g=305, 3125 evaluated, 13 expanded
[t=0.599422s, 25464 KB] New best heuristic value for ff(): 830
[t=0.599818s, 25464 KB] g=325, 3142 evaluated, 13 expanded
[t=0.641068s, 25464 KB] New best heuristic value for ff(): 820
[t=0.641286s, 25464 KB] g=335, 3418 evaluated, 14 expanded
[t=0.651528s, 25464 KB] New best heuristic value for ff(): 810
[t=0.651603s, 25464 KB] g=335, 3487 evaluated, 14 expanded
[t=0.684427s, 25464 KB] New best heuristic value for ff(): 800
[t=0.684543s, 25464 KB] g=345, 3704 evaluated, 15 expanded
[t=0.693512s, 25464 KB] New best heuristic value for ff(): 790
[t=0.694224s, 25464 KB] g=345, 3769 evaluated, 15 expanded
[t=0.724068s, 25464 KB] New best heuristic value for ff(): 765
[t=0.724693s, 25464 KB] g=380, 3968 evaluated, 15 expanded
[t=0.728138s, 25464 KB] New best heuristic value for ff(): 755
[t=0.729146s, 25464 KB] g=390, 3995 evaluated, 16 expanded
[t=0.738625s, 25464 KB] New best heuristic value for ff(): 745
[t=0.738834s, 25464 KB] g=390, 4060 evaluated, 16 expanded
[t=0.772225s, 25464 KB] New best heuristic value for ff(): 735
[t=0.773152s, 25464 KB] g=400, 4285 evaluated, 17 expanded
[t=0.781648s, 25464 KB] New best heuristic value for ff(): 730
[t=0.782284s, 25464 KB] g=400, 4347 evaluated, 17 expanded
[t=0.78267s, 25464 KB] New best heuristic value for ff(): 725
[t=0.782964s, 25464 KB] g=400, 4351 evaluated, 17 expanded
[t=0.803679s, 25464 KB] New best heuristic value for ff(): 700
[t=0.804007s, 25464 KB] g=435, 4494 evaluated, 17 expanded
[t=0.816252s, 25464 KB] New best heuristic value for ff(): 690
[t=0.816832s, 25464 KB] g=445, 4574 evaluated, 18 expanded
[t=0.825687s, 25464 KB] New best heuristic value for ff(): 685
[t=0.825992s, 25464 KB] g=445, 4636 evaluated, 18 expanded
[t=0.826021s, 25464 KB] New best heuristic value for ff(): 680
[t=0.826656s, 25464 KB] g=445, 4640 evaluated, 18 expanded
[t=0.860325s, 25464 KB] New best heuristic value for ff(): 670
[t=0.860428s, 25464 KB] g=455, 4863 evaluated, 19 expanded
[t=0.868703s, 25464 KB] New best heuristic value for ff(): 665
[t=0.868765s, 25464 KB] g=455, 4920 evaluated, 19 expanded
[t=0.869725s, 25464 KB] New best heuristic value for ff(): 660
[t=0.870044s, 25464 KB] g=455, 4928 evaluated, 19 expanded
[t=0.902399s, 25464 KB] New best heuristic value for ff(): 650
[t=0.903264s, 25464 KB] g=465, 5149 evaluated, 20 expanded
[t=0.91067s, 25464 KB] New best heuristic value for ff(): 645
[t=0.911001s, 25464 KB] g=465, 5202 evaluated, 20 expanded
[t=0.918222s, 25464 KB] New best heuristic value for ff(): 640
[t=0.918987s, 25464 KB] g=485, 5258 evaluated, 20 expanded
[t=0.94597s, 25464 KB] New best heuristic value for ff(): 630
[t=0.946217s, 25464 KB] g=495, 5435 evaluated, 21 expanded
[t=0.952592s, 25464 KB] New best heuristic value for ff(): 625
[t=0.953382s, 25464 KB] g=495, 5484 evaluated, 21 expanded
[t=0.970423s, 25464 KB] New best heuristic value for ff(): 620
[t=0.97059s, 25464 KB] g=505, 5602 evaluated, 21 expanded
[t=0.988266s, 25464 KB] New best heuristic value for ff(): 610
[t=0.989186s, 25464 KB] g=515, 5722 evaluated, 22 expanded
[t=0.995588s, 25464 KB] New best heuristic value for ff(): 605
[t=0.996334s, 25464 KB] g=515, 5771 evaluated, 22 expanded
[t=1.01728s, 25464 KB] New best heuristic value for ff(): 600
[t=1.01745s, 25464 KB] g=525, 5915 evaluated, 22 expanded
[t=1.07435s, 25464 KB] New best heuristic value for ff(): 590
[t=1.07465s, 25464 KB] g=535, 6299 evaluated, 24 expanded
[t=1.08165s, 25464 KB] New best heuristic value for ff(): 585
[t=1.0818s, 25464 KB] g=535, 6348 evaluated, 24 expanded
[t=1.10684s, 25464 KB] New best heuristic value for ff(): 580
[t=1.10711s, 25464 KB] g=535, 6520 evaluated, 24 expanded
[t=1.11836s, 25464 KB] New best heuristic value for ff(): 570
[t=1.11917s, 25464 KB] g=545, 6598 evaluated, 25 expanded
[t=1.12568s, 25464 KB] New best heuristic value for ff(): 565
[t=1.12633s, 25464 KB] g=545, 6647 evaluated, 25 expanded
[t=1.15404s, 25464 KB] New best heuristic value for ff(): 560
[t=1.15453s, 25464 KB] g=545, 6838 evaluated, 25 expanded
[t=1.16137s, 25464 KB] New best heuristic value for ff(): 550
[t=1.16184s, 25464 KB] g=555, 6885 evaluated, 26 expanded
[t=1.1687s, 25464 KB] New best heuristic value for ff(): 545
[t=1.16899s, 25464 KB] g=555, 6934 evaluated, 26 expanded
[t=1.24541s, 25464 KB] New best heuristic value for ff(): 535
[t=1.24631s, 25464 KB] g=565, 7456 evaluated, 28 expanded
[t=1.25913s, 25464 KB] New best heuristic value for ff(): 525
[t=1.25996s, 25464 KB] g=585, 7554 evaluated, 28 expanded
[t=1.27266s, 25464 KB] New best heuristic value for ff(): 515
[t=1.2736s, 25464 KB] g=585, 7646 evaluated, 28 expanded
[t=1.28629s, 25464 KB] New best heuristic value for ff(): 505
[t=1.28636s, 25464 KB] g=595, 7730 evaluated, 29 expanded
[t=1.29888s, 25464 KB] New best heuristic value for ff(): 495
[t=1.29996s, 25464 KB] g=615, 7828 evaluated, 29 expanded
[t=1.31462s, 25464 KB] New best heuristic value for ff(): 490
[t=1.31491s, 25464 KB] g=600, 7929 evaluated, 29 expanded
[t=1.3251s, 25464 KB] New best heuristic value for ff(): 480
[t=1.32615s, 25464 KB] g=610, 8003 evaluated, 30 expanded
[t=1.33874s, 25464 KB] New best heuristic value for ff(): 470
[t=1.33981s, 25464 KB] g=630, 8101 evaluated, 30 expanded
[t=1.36394s, 25464 KB] New best heuristic value for ff(): 460
[t=1.36418s, 25464 KB] g=640, 8264 evaluated, 31 expanded
[t=1.36916s, 25464 KB] New best heuristic value for ff(): 450
[t=1.36985s, 25464 KB] g=640, 8304 evaluated, 31 expanded
[t=1.37124s, 25464 KB] New best heuristic value for ff(): 440
[t=1.3715s, 25464 KB] g=660, 8315 evaluated, 31 expanded
[t=1.40065s, 25464 KB] New best heuristic value for ff(): 430
[t=1.40096s, 25464 KB] g=670, 8516 evaluated, 32 expanded
[t=1.40692s, 25464 KB] New best heuristic value for ff(): 420
[t=1.40716s, 25464 KB] g=670, 8560 evaluated, 32 expanded
[t=1.43632s, 25464 KB] New best heuristic value for ff(): 410
[t=1.43643s, 25464 KB] g=680, 8763 evaluated, 33 expanded
[t=1.46526s, 25464 KB] New best heuristic value for ff(): 405
[t=1.46568s, 25464 KB] g=685, 8969 evaluated, 33 expanded
[t=1.47096s, 25464 KB] New best heuristic value for ff(): 395
[t=1.4717s, 25464 KB] g=695, 9009 evaluated, 34 expanded
[t=1.50668s, 25464 KB] New best heuristic value for ff(): 390
[t=1.50754s, 25464 KB] g=705, 9259 evaluated, 35 expanded
[t=1.50885s, 25464 KB] New best heuristic value for ff(): 385
[t=1.50957s, 25464 KB] g=725, 9272 evaluated, 35 expanded
[t=1.54342s, 25464 KB] New best heuristic value for ff(): 380
[t=1.54445s, 25464 KB] g=735, 9516 evaluated, 36 expanded
[t=1.54863s, 25464 KB] New best heuristic value for ff(): 375
[t=1.54969s, 25464 KB] g=735, 9555 evaluated, 36 expanded
[t=1.57909s, 25464 KB] New best heuristic value for ff(): 370
[t=1.57961s, 25464 KB] g=745, 9768 evaluated, 37 expanded
[t=1.58326s, 25464 KB] New best heuristic value for ff(): 365
[t=1.58405s, 25464 KB] g=745, 9802 evaluated, 37 expanded
[t=1.60636s, 25464 KB] New best heuristic value for ff(): 355
[t=1.60678s, 25464 KB] g=755, 9967 evaluated, 37 expanded
[t=1.61368s, 25464 KB] New best heuristic value for ff(): 350
[t=1.614s, 25464 KB] g=765, 10017 evaluated, 38 expanded
[t=1.61786s, 25464 KB] New best heuristic value for ff(): 345
[t=1.61845s, 25464 KB] g=765, 10051 evaluated, 38 expanded
[t=1.64622s, 25464 KB] New best heuristic value for ff(): 340
[t=1.64652s, 25464 KB] g=775, 10253 evaluated, 39 expanded
[t=1.64934s, 25464 KB] New best heuristic value for ff(): 335
[t=1.6503s, 25464 KB] g=775, 10283 evaluated, 39 expanded
[t=1.66613s, 25464 KB] New best heuristic value for ff(): 330
[t=1.66687s, 25464 KB] g=780, 10407 evaluated, 39 expanded
[t=1.67766s, 25464 KB] New best heuristic value for ff(): 325
[t=1.67817s, 25464 KB] g=790, 10487 evaluated, 40 expanded
[t=1.68175s, 25464 KB] New best heuristic value for ff(): 320
[t=1.68201s, 25464 KB] g=790, 10517 evaluated, 40 expanded
[t=1.74902s, 25464 KB] New best heuristic value for ff(): 315
[t=1.74985s, 25464 KB] g=800, 10988 evaluated, 42 expanded
[t=1.75739s, 25464 KB] New best heuristic value for ff(): 310
[t=1.7576s, 25464 KB] g=800, 11055 evaluated, 42 expanded
[t=1.75763s, 25464 KB] New best heuristic value for ff(): 290
[t=1.7578s, 25464 KB] g=820, 11056 evaluated, 42 expanded
[t=1.77731s, 25464 KB] New best heuristic value for ff(): 285
[t=1.77831s, 25464 KB] g=830, 11208 evaluated, 43 expanded
[t=1.78569s, 25464 KB] New best heuristic value for ff(): 280
[t=1.78604s, 25464 KB] g=830, 11275 evaluated, 43 expanded
[t=1.78671s, 25464 KB] New best heuristic value for ff(): 260
[t=1.7872s, 25464 KB] g=835, 11283 evaluated, 43 expanded
[t=1.80607s, 25464 KB] New best heuristic value for ff(): 255
[t=1.80671s, 25464 KB] g=845, 11428 evaluated, 44 expanded
[t=1.81399s, 25464 KB] New best heuristic value for ff(): 250
[t=1.81443s, 25464 KB] g=845, 11495 evaluated, 44 expanded
[t=1.83289s, 25464 KB] New best heuristic value for ff(): 245
[t=1.83339s, 25464 KB] g=855, 11636 evaluated, 45 expanded
[t=1.84173s, 25464 KB] New best heuristic value for ff(): 240
[t=1.84218s, 25464 KB] g=855, 11711 evaluated, 45 expanded
[t=1.86017s, 25464 KB] New best heuristic value for ff(): 235
[t=1.8608s, 25464 KB] g=865, 11850 evaluated, 46 expanded
[t=1.8696s, 25464 KB] New best heuristic value for ff(): 230
[t=1.87028s, 25464 KB] g=875, 11930 evaluated, 46 expanded
[t=1.8864s, 25464 KB] New best heuristic value for ff(): 225
[t=1.88691s, 25464 KB] g=885, 12054 evaluated, 47 expanded
[t=1.89583s, 25464 KB] New best heuristic value for ff(): 220
[t=1.89611s, 25464 KB] g=885, 12132 evaluated, 47 expanded
[t=1.91053s, 25464 KB] New best heuristic value for ff(): 215
[t=1.91127s, 25464 KB] g=895, 12245 evaluated, 48 expanded
[t=1.92098s, 25464 KB] New best heuristic value for ff(): 210
[t=1.92115s, 25464 KB] g=895, 12328 evaluated, 48 expanded
[t=1.93349s, 25464 KB] New best heuristic value for ff(): 205
[t=1.93436s, 25464 KB] g=905, 12426 evaluated, 49 expanded
[t=1.94608s, 25464 KB] New best heuristic value for ff(): 200
[t=1.94668s, 25464 KB] g=905, 12527 evaluated, 49 expanded
[t=1.95655s, 25464 KB] New best heuristic value for ff(): 195
[t=1.95667s, 25464 KB] g=915, 12601 evaluated, 50 expanded
[t=1.96914s, 25464 KB] New best heuristic value for ff(): 190
[t=1.96987s, 25464 KB] g=915, 12709 evaluated, 50 expanded
[t=1.97753s, 25464 KB] New best heuristic value for ff(): 185
[t=1.97823s, 25464 KB] g=925, 12771 evaluated, 51 expanded
[t=1.99012s, 25464 KB] New best heuristic value for ff(): 180
[t=1.99113s, 25464 KB] g=925, 12877 evaluated, 51 expanded
[t=2.04041s, 25464 KB] New best heuristic value for ff(): 175
[t=2.04086s, 25464 KB] g=930, 13214 evaluated, 53 expanded
[t=2.05822s, 25464 KB] New best heuristic value for ff(): 170
[t=2.0584s, 25464 KB] g=930, 13354 evaluated, 53 expanded
[t=2.05944s, 25464 KB] New best heuristic value for ff(): 165
[t=2.06026s, 25464 KB] g=940, 13367 evaluated, 54 expanded
[t=2.08966s, 25464 KB] New best heuristic value for ff(): 160
[t=2.09005s, 25464 KB] g=950, 13609 evaluated, 55 expanded
[t=6.363s, 27396 KB] New best heuristic value for ff(): 140
[t=6.36355s, 27396 KB] g=1005, 47754 evaluated, 360 expanded
[t=6.37662s, 27396 KB] New best heuristic value for ff(): 130
[t=6.37731s, 27396 KB] g=1015, 47864 evaluated, 361 expanded
[t=6.80908s, 28304 KB] New best heuristic value for ff(): 110
[t=6.80955s, 28304 KB] g=1065, 51335 evaluated, 395 expanded
[t=6.82222s, 28304 KB] New best heuristic value for ff(): 65
[t=6.82252s, 28304 KB] g=1110, 51439 evaluated, 396 expanded
[t=10.3676s, 30688 KB] New best heuristic value for ff(): 45
[t=10.3683s, 30688 KB] g=1210, 79513 evaluated, 709 expanded
[t=10.4243s, 30824 KB] New best heuristic value for ff(): 0
[t=10.4246s, 30824 KB] g=1255, 79902 evaluated, 711 expanded
[t=10.4317s, 30824 KB] Solution found!
[t=10.4327s, 30824 KB] Actual search time: 10.3017s
load-highspeed-saw b3 highspeed-saw0 (30)
do-saw-small b0 p18 saw0 cherry rough s7 s6 (30)
do-saw-medium b4 p20 saw0 oak smooth s9 s8 s7 (30)
do-saw-small b4 p14 saw0 oak smooth s7 s6 (30)
do-saw-small b8 p17 saw0 beech rough s9 s8 (30)
do-saw-small b6 p9 saw0 walnut rough s10 s9 (30)
do-grind p20 grinder0 smooth natural untreated untreated (30)
do-plane p16 planer0 rough natural varnished (20)
do-glaze p16 glazer1 mauve (15)
do-saw-medium b0 p2 saw0 cherry rough s6 s5 s4 (30)
do-plane p2 planer0 rough natural untreated (20)
do-saw-medium b0 p3 saw0 cherry rough s6 s5 s4 (30)
cut-board-large b3 p15 highspeed-saw0 mahogany smooth s5 s3 s4 s2 (10)
do-grind p15 grinder0 smooth natural untreated untreated (45)
cut-board-large b3 p5 highspeed-saw0 mahogany smooth s5 s3 s4 s2 (10)
do-grind p5 grinder0 smooth natural untreated untreated (45)
cut-board-small b3 p10 highspeed-saw0 mahogany smooth s2 s1 (10)
cut-board-large b3 p0 highspeed-saw0 mahogany smooth s5 s3 s4 s2 (10)
do-saw-medium b5 p7 saw0 pine rough s6 s5 s4 (30)
do-plane p7 planer0 rough natural untreated (20)
do-plane p3 planer0 rough natural untreated (20)
do-immersion-varnish p2 immersion-varnisher0 mauve smooth (10)
do-immersion-varnish p15 immersion-varnisher1 white verysmooth (10)
cut-board-medium b3 p22 highspeed-saw0 mahogany smooth s2 s1 s0 (10)
do-grind p22 grinder0 smooth natural untreated untreated (30)
do-glaze p22 glazer1 red (15)
load-highspeed-saw b6 highspeed-saw1 (30)
load-highspeed-saw b4 highspeed-saw2 (30)
cut-board-large b3 p1 highspeed-saw0 mahogany smooth s5 s3 s4 s2 (10)
do-grind p10 grinder0 smooth natural untreated untreated (15)
do-plane p6 planer0 smooth black varnished (10)
do-saw-small b0 p21 saw0 cherry rough s6 s5 (30)
cut-board-large b3 p12 highspeed-saw0 mahogany smooth s5 s3 s4 s2 (10)
do-glaze p12 glazer0 natural (20)
cut-board-medium b3 p19 highspeed-saw0 mahogany smooth s2 s1 s0 (10)
do-glaze p19 glazer0 natural (15)
cut-board-medium b3 p8 highspeed-saw0 mahogany smooth s2 s1 s0 (10)
do-grind p8 grinder0 smooth natural untreated untreated (30)
do-glaze p8 glazer1 black (15)
do-plane p9 planer0 rough natural untreated (10)
do-immersion-varnish p7 immersion-varnisher0 blue smooth (10)
do-glaze p5 glazer1 red (20)
do-immersion-varnish p3 immersion-varnisher0 blue smooth (10)
do-glaze p21 glazer0 natural (10)
do-glaze p18 glazer0 natural (10)
do-glaze p17 glazer2 green (10)
do-spray-varnish p14 spray-varnisher1 blue smooth (5)
do-immersion-varnish p0 immersion-varnisher1 white smooth (10)
do-glaze p6 glazer2 green (10)
do-spray-varnish p10 spray-varnisher0 green verysmooth (5)
unload-highspeed-saw b4 highspeed-saw2 (10)
do-glaze p9 glazer1 red (10)
cut-board-large b6 p13 highspeed-saw1 walnut rough s9 s7 s8 s6 (10)
do-plane p13 planer0 rough natural untreated (30)
do-immersion-varnish p13 immersion-varnisher0 blue smooth (10)
do-plane p9 planer0 smooth red glazed (10)
cut-board-large b6 p11 highspeed-saw1 walnut rough s6 s4 s5 s3 (10)
do-plane p11 planer0 rough natural untreated (30)
do-grind p11 grinder0 smooth natural untreated untreated (45)
load-highspeed-saw b7 highspeed-saw2 (30)
unload-highspeed-saw b6 highspeed-saw1 (10)
do-saw-large b6 p4 saw0 walnut rough s9 s7 s8 s6 (30)
do-plane p4 planer0 rough natural untreated (30)
do-grind p4 grinder0 smooth natural untreated untreated (45)
[t=10.4327s, 30824 KB] Plan length: 64 step(s).
[t=10.4327s, 30824 KB] Plan cost: 1255
[t=10.4327s, 30824 KB] Timestamp: 1687900640576 millisecond(s).
[t=10.4327s, 30824 KB] Expanded 712 state(s).
[t=10.4327s, 30824 KB] Reopened 0 state(s).
[t=10.4327s, 30824 KB] Evaluated 79970 state(s).
[t=10.4327s, 30824 KB] Evaluations: 79970
[t=10.4327s, 30824 KB] Generated 226490 state(s).
[t=10.4327s, 30824 KB] Dead ends: 22323 state(s).
[t=10.4327s, 30824 KB] Number of registered states: 79970
[t=10.4327s, 30824 KB] Int hash set load factor: 79970/131072 = 0.610123
[t=10.4327s, 30824 KB] Int hash set resizes: 17
[t=10.4327s, 30824 KB] Search time: 10.3022s
[t=10.4327s, 30824 KB] Total time: 10.4327s
Solution found.
Peak memory: 30824 KB
Remove intermediate file output.sas
search exit code: 0

INFO     Running validate.
INFO     validate stdin: None
INFO     validate time limit: None
INFO     validate memory limit: None
INFO     validate command line string: validate domain.pddl problem.pddl sas_plan
Checking plan: sas_plan
Plan executed successfully - checking goal
Plan valid
Final value: 1255 

Successful plans:
Value: 1255
 sas_plan 1255 

validate exit code: 0

INFO     Planner time: 13.57s
