INFO     planner time limit: 300s
INFO     planner memory limit: 3584 MB

INFO     Running translator.
INFO     translator stdin: None
INFO     translator time limit: 299s
INFO     translator memory limit: 3584 MB
INFO     translator command line string: /usr/local/downward-projects/downward/experiments/.venv/bin/python3 /usr/local/downward-projects/downward/experiments/src/thesis/data/thesis-thesis_exp/code-d93485cdd92f65ede2ae3573b3f4adda0b49e4fd_e5e41175/builds/release/bin/translate/translate.py domain.pddl problem.pddl --sas-file output.sas
Parsing...
Parsing: [0.000s CPU, 0.006s wall-clock]
Normalizing task... [0.000s CPU, 0.000s wall-clock]
Instantiating...
Generating Datalog program... [0.010s CPU, 0.001s wall-clock]
Normalizing Datalog program...
Normalizing Datalog program: [0.000s CPU, 0.007s wall-clock]
Preparing model... [0.010s CPU, 0.004s wall-clock]
Generated 198 rules.
Computing model... [0.200s CPU, 0.214s wall-clock]
12256 relevant atoms
17759 auxiliary atoms
30015 final queue length
73119 total queue pushes
Completing instantiation... [0.600s CPU, 0.592s wall-clock]
Instantiating: [0.830s CPU, 0.827s wall-clock]
Computing fact groups...
Finding invariants...
24 initial candidates
Finding invariants: [0.020s CPU, 0.017s wall-clock]
Checking invariant weight... [0.000s CPU, 0.001s wall-clock]
Instantiating groups... [0.010s CPU, 0.013s wall-clock]
Collecting mutex groups... [0.000s CPU, 0.000s wall-clock]
Choosing groups...
456 uncovered facts
Choosing groups: [0.000s CPU, 0.002s wall-clock]
Building translation key... [0.000s CPU, 0.001s wall-clock]
Computing fact groups: [0.040s CPU, 0.039s wall-clock]
Building STRIPS to SAS dictionary... [0.000s CPU, 0.001s wall-clock]
Building dictionary for full mutex groups... [0.000s CPU, 0.001s wall-clock]
Building mutex information...
Building mutex information: [0.000s CPU, 0.001s wall-clock]
Translating task...
Processing axioms...
Simplifying axioms... [0.000s CPU, 0.000s wall-clock]
Translator axioms removed by simplifying: 0
Computing negative axioms... [0.000s CPU, 0.000s wall-clock]
Processing axioms: [0.020s CPU, 0.021s wall-clock]
Translating task: [0.580s CPU, 0.590s wall-clock]
5641 effect conditions simplified
0 implied preconditions added
Detecting unreachable propositions...
0 operators removed
0 axioms removed
158 propositions removed
Detecting unreachable propositions: [0.360s CPU, 0.360s wall-clock]
Reordering and filtering variables...
498 of 511 variables necessary.
106 of 154 mutex groups necessary.
10773 of 10773 operators necessary.
0 of 0 axiom rules necessary.
Reordering and filtering variables: [0.110s CPU, 0.107s wall-clock]
Translator variables: 498
Translator derived variables: 0
Translator facts: 1367
Translator goal facts: 124
Translator mutex groups: 106
Translator total mutex groups size: 367
Translator operators: 10773
Translator axioms: 0
Translator task size: 93115
Translator peak memory: 94616 KB
Writing output... [0.080s CPU, 0.079s wall-clock]
Done! [2.030s CPU, 2.040s wall-clock]
translate exit code: 0

INFO     Running search (release).
INFO     search stdin: output.sas
INFO     search time limit: 297s
INFO     search memory limit: 3584 MB
INFO     search command line string: /usr/local/downward-projects/downward/experiments/src/thesis/data/thesis-thesis_exp/code-d93485cdd92f65ede2ae3573b3f4adda0b49e4fd_e5e41175/builds/release/bin/downward --evaluator 'h=ff()' --search 'eager(alt([type_based([h, g()], random_seed=-1), single(h)]))' --internal-plan-file sas_plan < output.sas
[t=0s, 11364 KB] reading input...
[t=0.051926s, 15536 KB] done reading input!
[t=0.0598775s, 18360 KB] Simplifying 44615 unary operators... done! [18832 unary operators]
[t=0.0963095s, 21496 KB] time to simplify: 0.0364319s
[t=0.0994612s, 21496 KB] Initializing additive heuristic...
[t=0.0997587s, 21496 KB] Initializing FF heuristic...
[t=0.0997871s, 21496 KB] Building successor generator...done!
[t=0.103102s, 21496 KB] peak memory difference for successor generator creation: 0 KB
[t=0.103187s, 21496 KB] time for successor generation creation: 0s
[t=0.103213s, 21496 KB] Variables: 498
[t=0.103246s, 21496 KB] FactPairs: 1367
[t=0.103277s, 21496 KB] Bytes per state: 84
[t=0.103301s, 21496 KB] Conducting best first search without reopening closed nodes, (real) bound = 2147483647
[t=0.103369s, 21496 KB] New best heuristic value for ff(): 3235
[t=0.103797s, 21496 KB] g=0, 1 evaluated, 0 expanded
[t=0.103825s, 21496 KB] Initial heuristic value for ff(): 3235
[t=0.103855s, 21496 KB] pruning method: none
[t=0.103878s, 21496 KB] Start Timestep: 1687905716021 millisecond(s).
[t=0.103924s, 21496 KB] New best heuristic value for ff(): 3215
[t=0.104237s, 21496 KB] g=30, 2 evaluated, 1 expanded
[t=0.104264s, 21496 KB] New best heuristic value for ff(): 3160
[t=0.106316s, 21496 KB] g=45, 12 evaluated, 1 expanded
[t=0.107148s, 21496 KB] New best heuristic value for ff(): 2585
[t=0.10726s, 21496 KB] g=30, 16 evaluated, 1 expanded
[t=0.115114s, 21496 KB] New best heuristic value for ff(): 1925
[t=0.116989s, 21496 KB] g=30, 67 evaluated, 1 expanded
[t=0.155029s, 21496 KB] New best heuristic value for ff(): 1835
[t=0.156903s, 21496 KB] g=30, 278 evaluated, 1 expanded
[t=0.175662s, 21496 KB] New best heuristic value for ff(): 1815
[t=0.178723s, 21496 KB] g=60, 393 evaluated, 2 expanded
[t=0.178839s, 21496 KB] New best heuristic value for ff(): 1760
[t=0.180835s, 21496 KB] g=75, 403 evaluated, 2 expanded
[t=0.318669s, 21496 KB] New best heuristic value for ff(): 1740
[t=0.322123s, 21496 KB] g=105, 1149 evaluated, 4 expanded
[t=0.33057s, 21496 KB] New best heuristic value for ff(): 1720
[t=0.331294s, 21496 KB] g=105, 1195 evaluated, 4 expanded
[t=0.470321s, 21496 KB] New best heuristic value for ff(): 1700
[t=0.472317s, 21496 KB] g=135, 1944 evaluated, 6 expanded
[t=0.494203s, 21496 KB] New best heuristic value for ff(): 1680
[t=0.494488s, 21496 KB] g=135, 2058 evaluated, 6 expanded
[t=0.570017s, 21496 KB] New best heuristic value for ff(): 1660
[t=0.573799s, 21496 KB] g=155, 2473 evaluated, 7 expanded
[t=0.625889s, 21496 KB] New best heuristic value for ff(): 1640
[t=0.628881s, 21496 KB] g=185, 2762 evaluated, 8 expanded
[t=0.649821s, 21496 KB] New best heuristic value for ff(): 1620
[t=0.652842s, 21496 KB] g=185, 2886 evaluated, 8 expanded
[t=0.793535s, 21496 KB] New best heuristic value for ff(): 1600
[t=0.794996s, 21496 KB] g=215, 3627 evaluated, 10 expanded
[t=0.833433s, 21496 KB] New best heuristic value for ff(): 1580
[t=0.835063s, 21496 KB] g=215, 3836 evaluated, 10 expanded
[t=0.96921s, 21496 KB] New best heuristic value for ff(): 1560
[t=0.972682s, 21496 KB] g=245, 4553 evaluated, 12 expanded
[t=1.03708s, 21496 KB] New best heuristic value for ff(): 1540
[t=1.03877s, 21496 KB] g=245, 4895 evaluated, 12 expanded
[t=1.13673s, 21496 KB] New best heuristic value for ff(): 1520
[t=1.14026s, 21496 KB] g=275, 5424 evaluated, 14 expanded
[t=1.21257s, 21496 KB] New best heuristic value for ff(): 1510
[t=1.21652s, 21496 KB] g=275, 5817 evaluated, 14 expanded
[t=1.30835s, 21496 KB] New best heuristic value for ff(): 1490
[t=1.31081s, 21496 KB] g=305, 6306 evaluated, 16 expanded
[t=1.40017s, 21496 KB] New best heuristic value for ff(): 1480
[t=1.40358s, 21496 KB] g=305, 6781 evaluated, 16 expanded
[t=1.48799s, 21496 KB] New best heuristic value for ff(): 1460
[t=1.48876s, 21496 KB] g=335, 7223 evaluated, 18 expanded
[t=1.66367s, 21496 KB] New best heuristic value for ff(): 1450
[t=1.66404s, 21496 KB] g=345, 8127 evaluated, 20 expanded
[t=1.66761s, 21496 KB] New best heuristic value for ff(): 1440
[t=1.67025s, 21496 KB] g=365, 8157 evaluated, 20 expanded
[t=1.84733s, 21496 KB] New best heuristic value for ff(): 1430
[t=1.84775s, 21496 KB] g=375, 9074 evaluated, 22 expanded
[t=1.85126s, 21496 KB] New best heuristic value for ff(): 1420
[t=1.85477s, 21496 KB] g=375, 9108 evaluated, 22 expanded
[t=2.04296s, 21496 KB] New best heuristic value for ff(): 1410
[t=2.04494s, 21496 KB] g=385, 10094 evaluated, 24 expanded
[t=2.04689s, 21496 KB] New best heuristic value for ff(): 1405
[t=2.05085s, 21496 KB] g=385, 10123 evaluated, 24 expanded
[t=2.05088s, 21496 KB] New best heuristic value for ff(): 1400
[t=2.05372s, 21496 KB] g=405, 10137 evaluated, 24 expanded
[t=2.21432s, 21496 KB] New best heuristic value for ff(): 1390
[t=2.21784s, 21496 KB] g=415, 11006 evaluated, 26 expanded
[t=2.22225s, 21496 KB] New best heuristic value for ff(): 1385
[t=2.22397s, 21496 KB] g=415, 11036 evaluated, 26 expanded
[t=2.23816s, 21496 KB] New best heuristic value for ff(): 1380
[t=2.24025s, 21496 KB] g=435, 11120 evaluated, 26 expanded
[t=2.4059s, 21496 KB] New best heuristic value for ff(): 1370
[t=2.40886s, 21496 KB] g=445, 12009 evaluated, 28 expanded
[t=2.41383s, 21496 KB] New best heuristic value for ff(): 1365
[t=2.4152s, 21496 KB] g=445, 12040 evaluated, 28 expanded
[t=2.42975s, 21496 KB] New best heuristic value for ff(): 1360
[t=2.43151s, 21496 KB] g=465, 12124 evaluated, 28 expanded
[t=2.50161s, 21496 KB] New best heuristic value for ff(): 1350
[t=2.50336s, 21496 KB] g=455, 12501 evaluated, 28 expanded
[t=2.5894s, 21496 KB] New best heuristic value for ff(): 1340
[t=2.59178s, 21496 KB] g=465, 12965 evaluated, 30 expanded
[t=2.59734s, 21496 KB] New best heuristic value for ff(): 1335
[t=2.59816s, 21496 KB] g=465, 12996 evaluated, 30 expanded
[t=2.61328s, 21496 KB] New best heuristic value for ff(): 1330
[t=2.6145s, 21496 KB] g=485, 13080 evaluated, 30 expanded
[t=2.769s, 21496 KB] New best heuristic value for ff(): 1320
[t=2.77303s, 21496 KB] g=495, 13920 evaluated, 32 expanded
[t=2.7769s, 21496 KB] New best heuristic value for ff(): 1315
[t=2.77937s, 21496 KB] g=495, 13951 evaluated, 32 expanded
[t=2.82085s, 21496 KB] New best heuristic value for ff(): 1310
[t=2.82214s, 21496 KB] g=515, 14176 evaluated, 32 expanded
[t=2.9686s, 21496 KB] New best heuristic value for ff(): 1300
[t=2.97091s, 21496 KB] g=525, 14948 evaluated, 34 expanded
[t=2.9765s, 21496 KB] New best heuristic value for ff(): 1295
[t=2.97728s, 21496 KB] g=525, 14979 evaluated, 34 expanded
[t=3.06037s, 21496 KB] New best heuristic value for ff(): 1290
[t=3.06086s, 21496 KB] g=535, 15412 evaluated, 34 expanded
[t=3.15431s, 21496 KB] New best heuristic value for ff(): 1280
[t=3.1559s, 21496 KB] g=545, 15908 evaluated, 36 expanded
[t=3.16s, 21496 KB] New best heuristic value for ff(): 1275
[t=3.16225s, 21496 KB] g=545, 15939 evaluated, 36 expanded
[t=3.24388s, 21496 KB] New best heuristic value for ff(): 1260
[t=3.2449s, 21496 KB] g=565, 16372 evaluated, 36 expanded
[t=3.34768s, 21496 KB] New best heuristic value for ff(): 1250
[t=3.35144s, 21496 KB] g=575, 16933 evaluated, 38 expanded
[t=3.35555s, 21496 KB] New best heuristic value for ff(): 1245
[t=3.35781s, 21496 KB] g=575, 16964 evaluated, 38 expanded
[t=3.44326s, 21496 KB] New best heuristic value for ff(): 1240
[t=3.44375s, 21496 KB] g=575, 17413 evaluated, 38 expanded
[t=3.53504s, 21496 KB] New best heuristic value for ff(): 1230
[t=3.53534s, 21496 KB] g=585, 17891 evaluated, 40 expanded
[t=3.53897s, 21496 KB] New best heuristic value for ff(): 1225
[t=3.54168s, 21496 KB] g=585, 17922 evaluated, 40 expanded
[t=3.62681s, 21496 KB] New best heuristic value for ff(): 1220
[t=3.62725s, 21496 KB] g=595, 18369 evaluated, 40 expanded
[t=3.7346s, 21496 KB] New best heuristic value for ff(): 1210
[t=3.73776s, 21496 KB] g=605, 18943 evaluated, 42 expanded
[t=3.74253s, 21496 KB] New best heuristic value for ff(): 1205
[t=3.74413s, 21496 KB] g=605, 18974 evaluated, 42 expanded
[t=3.83435s, 21496 KB] New best heuristic value for ff(): 1200
[t=3.838s, 21496 KB] g=615, 19462 evaluated, 42 expanded
[t=3.90621s, 21496 KB] New best heuristic value for ff(): 1190
[t=3.90931s, 21496 KB] g=625, 19843 evaluated, 44 expanded
[t=3.91414s, 21496 KB] New best heuristic value for ff(): 1185
[t=3.91566s, 21496 KB] g=625, 19874 evaluated, 44 expanded
[t=4.08542s, 21496 KB] New best heuristic value for ff(): 1175
[t=4.08887s, 21496 KB] g=635, 20783 evaluated, 46 expanded
[t=4.10135s, 21496 KB] New best heuristic value for ff(): 1170
[t=4.10195s, 21496 KB] g=640, 20848 evaluated, 46 expanded
[t=4.28902s, 21632 KB] New best heuristic value for ff(): 1160
[t=4.2928s, 21632 KB] g=650, 21846 evaluated, 48 expanded
[t=4.31295s, 21632 KB] New best heuristic value for ff(): 1155
[t=4.31466s, 21632 KB] g=670, 21957 evaluated, 48 expanded
[t=4.48834s, 21764 KB] New best heuristic value for ff(): 1145
[t=4.49191s, 21764 KB] g=680, 22879 evaluated, 50 expanded
[t=4.51226s, 21764 KB] New best heuristic value for ff(): 1140
[t=4.51351s, 21764 KB] g=700, 22989 evaluated, 50 expanded
[t=4.58407s, 21764 KB] New best heuristic value for ff(): 1130
[t=4.58704s, 21764 KB] g=685, 23373 evaluated, 50 expanded
[t=4.66392s, 21896 KB] New best heuristic value for ff(): 1120
[t=4.6659s, 21896 KB] g=695, 23793 evaluated, 52 expanded
[t=4.68782s, 21896 KB] New best heuristic value for ff(): 1115
[t=4.68801s, 21896 KB] g=715, 23904 evaluated, 52 expanded
[t=4.84358s, 21896 KB] New best heuristic value for ff(): 1105
[t=4.84449s, 21896 KB] g=725, 24722 evaluated, 54 expanded
[t=4.86346s, 21896 KB] New best heuristic value for ff(): 1100
[t=4.8658s, 21896 KB] g=745, 24831 evaluated, 54 expanded
[t=4.92334s, 22028 KB] New best heuristic value for ff(): 1095
[t=4.92698s, 22028 KB] g=725, 25155 evaluated, 54 expanded
[t=5.03114s, 22168 KB] New best heuristic value for ff(): 1085
[t=5.03412s, 22168 KB] g=735, 25722 evaluated, 56 expanded
[t=5.05502s, 22168 KB] New best heuristic value for ff(): 1080
[t=5.05534s, 22168 KB] g=755, 25831 evaluated, 56 expanded
[t=5.21066s, 22168 KB] New best heuristic value for ff(): 1070
[t=5.21333s, 22168 KB] g=765, 26663 evaluated, 58 expanded
[t=5.23056s, 22300 KB] New best heuristic value for ff(): 1065
[t=5.23452s, 22300 KB] g=785, 26772 evaluated, 58 expanded
[t=5.29039s, 22300 KB] New best heuristic value for ff(): 1050
[t=5.29099s, 22300 KB] g=785, 27074 evaluated, 58 expanded
[t=5.37816s, 22300 KB] New best heuristic value for ff(): 1040
[t=5.37903s, 22300 KB] g=795, 27537 evaluated, 60 expanded
[t=5.3981s, 22300 KB] New best heuristic value for ff(): 1035
[t=5.40018s, 22300 KB] g=815, 27646 evaluated, 60 expanded
[t=5.45797s, 22432 KB] New best heuristic value for ff(): 1025
[t=5.45883s, 22432 KB] g=800, 27959 evaluated, 60 expanded
[t=5.5657s, 22432 KB] New best heuristic value for ff(): 1015
[t=5.56881s, 22432 KB] g=810, 28533 evaluated, 62 expanded
[t=5.58959s, 22432 KB] New best heuristic value for ff(): 1010
[t=5.59006s, 22432 KB] g=830, 28642 evaluated, 62 expanded
[t=5.74933s, 23080 KB] New best heuristic value for ff(): 1000
[t=5.75124s, 23080 KB] g=840, 29484 evaluated, 64 expanded
[t=5.7713s, 23080 KB] New best heuristic value for ff(): 995
[t=5.77182s, 23080 KB] g=860, 29590 evaluated, 64 expanded
[t=5.913s, 23080 KB] New best heuristic value for ff(): 985
[t=5.91515s, 23080 KB] g=870, 30352 evaluated, 66 expanded
[t=5.93291s, 23080 KB] New best heuristic value for ff(): 980
[t=5.93506s, 23080 KB] g=890, 30455 evaluated, 66 expanded
[t=6.1044s, 23080 KB] New best heuristic value for ff(): 970
[t=6.10651s, 23080 KB] g=900, 31356 evaluated, 68 expanded
[t=6.16824s, 23080 KB] New best heuristic value for ff(): 965
[t=6.16852s, 23080 KB] g=900, 31691 evaluated, 68 expanded
[t=6.28002s, 23212 KB] New best heuristic value for ff(): 955
[t=6.2821s, 23212 KB] g=910, 32281 evaluated, 70 expanded
[t=6.34389s, 23212 KB] New best heuristic value for ff(): 950
[t=6.34598s, 23212 KB] g=915, 32628 evaluated, 70 expanded
[t=6.46766s, 23212 KB] New best heuristic value for ff(): 940
[t=6.46838s, 23212 KB] g=925, 33262 evaluated, 72 expanded
[t=6.53947s, 23344 KB] New best heuristic value for ff(): 935
[t=6.54046s, 23344 KB] g=930, 33651 evaluated, 72 expanded
[t=6.65124s, 23344 KB] New best heuristic value for ff(): 925
[t=6.65178s, 23344 KB] g=940, 34231 evaluated, 74 expanded
[t=6.72305s, 23480 KB] New best heuristic value for ff(): 920
[t=6.72703s, 23480 KB] g=945, 34637 evaluated, 74 expanded
[t=6.81862s, 23480 KB] New best heuristic value for ff(): 910
[t=6.81921s, 23480 KB] g=955, 35128 evaluated, 76 expanded
[t=6.90237s, 23480 KB] New best heuristic value for ff(): 905
[t=6.90298s, 23480 KB] g=960, 35577 evaluated, 76 expanded
[t=7.00219s, 23612 KB] New best heuristic value for ff(): 895
[t=7.00482s, 23612 KB] g=970, 36100 evaluated, 78 expanded
[t=7.19366s, 23744 KB] New best heuristic value for ff(): 885
[t=7.19583s, 23744 KB] g=980, 37104 evaluated, 80 expanded
[t=7.37735s, 23876 KB] New best heuristic value for ff(): 880
[t=7.38132s, 23876 KB] g=990, 38081 evaluated, 82 expanded
[t=7.38136s, 23876 KB] New best heuristic value for ff(): 875
[t=7.38416s, 23876 KB] g=990, 38095 evaluated, 82 expanded
[t=7.54897s, 24012 KB] New best heuristic value for ff(): 870
[t=7.54939s, 24012 KB] g=1000, 38969 evaluated, 84 expanded
[t=7.54942s, 24012 KB] New best heuristic value for ff(): 865
[t=7.55276s, 24012 KB] g=1000, 38986 evaluated, 84 expanded
[t=7.71268s, 24012 KB] New best heuristic value for ff(): 860
[t=7.7165s, 24012 KB] g=1005, 39865 evaluated, 86 expanded
[t=7.71661s, 24012 KB] New best heuristic value for ff(): 855
[t=7.71954s, 24012 KB] g=1005, 39880 evaluated, 86 expanded
[t=7.89238s, 24144 KB] New best heuristic value for ff(): 850
[t=7.89436s, 24144 KB] g=1015, 40805 evaluated, 88 expanded
[t=7.8963s, 24144 KB] New best heuristic value for ff(): 845
[t=7.89995s, 24144 KB] g=1035, 40833 evaluated, 88 expanded
[t=8.04804s, 24276 KB] New best heuristic value for ff(): 840
[t=8.04947s, 24276 KB] g=1045, 41639 evaluated, 90 expanded
[t=8.05979s, 24276 KB] New best heuristic value for ff(): 835
[t=8.06186s, 24276 KB] g=1065, 41704 evaluated, 90 expanded
[t=8.10765s, 24276 KB] New best heuristic value for ff(): 815
[t=8.10874s, 24276 KB] g=1065, 41953 evaluated, 90 expanded
[t=8.21546s, 24408 KB] New best heuristic value for ff(): 810
[t=8.21798s, 24408 KB] g=1075, 42515 evaluated, 92 expanded
[t=8.22736s, 24408 KB] New best heuristic value for ff(): 805
[t=8.23018s, 24408 KB] g=1095, 42580 evaluated, 92 expanded
[t=8.39113s, 24540 KB] New best heuristic value for ff(): 800
[t=8.3951s, 24540 KB] g=1105, 43409 evaluated, 94 expanded
[t=8.403s, 24540 KB] New best heuristic value for ff(): 795
[t=8.40671s, 24540 KB] g=1125, 43471 evaluated, 94 expanded
[t=8.56273s, 24540 KB] New best heuristic value for ff(): 790
[t=8.56303s, 24540 KB] g=1135, 44286 evaluated, 96 expanded
[t=8.57063s, 24540 KB] New best heuristic value for ff(): 785
[t=8.57389s, 24540 KB] g=1155, 44345 evaluated, 96 expanded
[t=8.63049s, 24672 KB] New best heuristic value for ff(): 750
[t=8.63091s, 24672 KB] g=1170, 44641 evaluated, 96 expanded
[t=8.74226s, 24672 KB] New best heuristic value for ff(): 745
[t=8.74325s, 24672 KB] g=1180, 45206 evaluated, 98 expanded
[t=8.75419s, 24956 KB] New best heuristic value for ff(): 740
[t=8.75555s, 24956 KB] g=1200, 45265 evaluated, 98 expanded
[t=8.81004s, 24956 KB] New best heuristic value for ff(): 730
[t=8.81138s, 24956 KB] g=1190, 45563 evaluated, 98 expanded
[t=8.92183s, 24956 KB] New best heuristic value for ff(): 725
[t=8.92554s, 24956 KB] g=1200, 46144 evaluated, 100 expanded
[t=8.93376s, 24956 KB] New best heuristic value for ff(): 720
[t=8.93649s, 24956 KB] g=1220, 46203 evaluated, 100 expanded
[t=9.09341s, 24956 KB] New best heuristic value for ff(): 715
[t=9.09666s, 24956 KB] g=1230, 47035 evaluated, 102 expanded
[t=9.10529s, 24956 KB] New best heuristic value for ff(): 710
[t=9.10699s, 24956 KB] g=1250, 47091 evaluated, 102 expanded
[t=9.1492s, 25088 KB] New best heuristic value for ff(): 700
[t=9.15302s, 25088 KB] g=1230, 47338 evaluated, 102 expanded
[t=9.24902s, 25088 KB] New best heuristic value for ff(): 695
[t=9.25291s, 25088 KB] g=1240, 47862 evaluated, 104 expanded
[t=9.26095s, 25088 KB] New best heuristic value for ff(): 690
[t=9.26336s, 25088 KB] g=1260, 47918 evaluated, 104 expanded
[t=9.41667s, 25220 KB] New best heuristic value for ff(): 685
[t=9.41742s, 25220 KB] g=1270, 48702 evaluated, 106 expanded
[t=9.42457s, 25220 KB] New best heuristic value for ff(): 680
[t=9.42733s, 25220 KB] g=1290, 48755 evaluated, 106 expanded
[t=9.48415s, 25220 KB] New best heuristic value for ff(): 675
[t=9.48517s, 25220 KB] g=1275, 49057 evaluated, 106 expanded
[t=9.59192s, 25352 KB] New best heuristic value for ff(): 670
[t=9.59434s, 25352 KB] g=1285, 49611 evaluated, 108 expanded
[t=9.6038s, 25352 KB] New best heuristic value for ff(): 665
[t=9.60401s, 25352 KB] g=1305, 49664 evaluated, 108 expanded
[t=9.75955s, 25488 KB] New best heuristic value for ff(): 660
[t=9.76338s, 25488 KB] g=1315, 50487 evaluated, 110 expanded
[t=9.77145s, 25488 KB] New best heuristic value for ff(): 655
[t=9.77275s, 25488 KB] g=1335, 50537 evaluated, 110 expanded
[t=9.91917s, 25488 KB] New best heuristic value for ff(): 650
[t=9.92051s, 25488 KB] g=1345, 51319 evaluated, 112 expanded
[t=9.9351s, 25620 KB] New best heuristic value for ff(): 645
[t=9.93543s, 25620 KB] g=1365, 51409 evaluated, 112 expanded
[t=9.96818s, 25620 KB] New best heuristic value for ff(): 640
[t=9.96913s, 25620 KB] g=1350, 51601 evaluated, 112 expanded
[t=10.0586s, 25620 KB] New best heuristic value for ff(): 635
[t=10.0604s, 25620 KB] g=1360, 52073 evaluated, 114 expanded
[t=10.0745s, 25620 KB] New best heuristic value for ff(): 630
[t=10.0754s, 25620 KB] g=1380, 52163 evaluated, 114 expanded
[t=10.1983s, 25752 KB] New best heuristic value for ff(): 625
[t=10.1986s, 25752 KB] g=1390, 52843 evaluated, 116 expanded
[t=10.2102s, 25752 KB] New best heuristic value for ff(): 620
[t=10.2125s, 25752 KB] g=1410, 52926 evaluated, 116 expanded
[t=10.2381s, 25752 KB] New best heuristic value for ff(): 590
[t=10.2403s, 25752 KB] g=1410, 53085 evaluated, 116 expanded
[t=10.3379s, 25752 KB] New best heuristic value for ff(): 585
[t=10.3394s, 25752 KB] g=1420, 53611 evaluated, 118 expanded
[t=10.3499s, 25884 KB] New best heuristic value for ff(): 580
[t=10.3531s, 25884 KB] g=1440, 53694 evaluated, 118 expanded
[t=10.3818s, 25884 KB] New best heuristic value for ff(): 560
[t=10.3827s, 25884 KB] g=1430, 53865 evaluated, 118 expanded
[t=10.4656s, 25884 KB] New best heuristic value for ff(): 555
[t=10.4668s, 25884 KB] g=1440, 54340 evaluated, 120 expanded
[t=10.4775s, 25884 KB] New best heuristic value for ff(): 550
[t=10.4804s, 25884 KB] g=1460, 54423 evaluated, 120 expanded
[t=10.5997s, 26016 KB] New best heuristic value for ff(): 545
[t=10.6006s, 26016 KB] g=1470, 55077 evaluated, 122 expanded
[t=10.6175s, 26016 KB] New best heuristic value for ff(): 540
[t=10.6183s, 26016 KB] g=1490, 55185 evaluated, 122 expanded
[t=10.6291s, 26016 KB] New best heuristic value for ff(): 510
[t=10.6296s, 26016 KB] g=1490, 55251 evaluated, 122 expanded
[t=10.7369s, 27044 KB] New best heuristic value for ff(): 505
[t=10.7407s, 27044 KB] g=1500, 55827 evaluated, 124 expanded
[t=10.7569s, 27044 KB] New best heuristic value for ff(): 500
[t=10.7583s, 27044 KB] g=1520, 55935 evaluated, 124 expanded
[t=10.7688s, 27044 KB] New best heuristic value for ff(): 465
[t=10.7697s, 27044 KB] g=1535, 56001 evaluated, 124 expanded
[t=10.8995s, 27044 KB] New best heuristic value for ff(): 460
[t=10.8997s, 27044 KB] g=1545, 56687 evaluated, 126 expanded
[t=10.9172s, 27044 KB] New best heuristic value for ff(): 455
[t=10.9173s, 27044 KB] g=1565, 56795 evaluated, 126 expanded
[t=10.9284s, 27044 KB] New best heuristic value for ff(): 435
[t=10.9304s, 27044 KB] g=1555, 56871 evaluated, 126 expanded
[t=11.0555s, 27044 KB] New best heuristic value for ff(): 430
[t=11.0589s, 27044 KB] g=1565, 57551 evaluated, 128 expanded
[t=11.0754s, 27044 KB] New best heuristic value for ff(): 425
[t=11.0765s, 27044 KB] g=1585, 57659 evaluated, 128 expanded
[t=11.1913s, 27044 KB] New best heuristic value for ff(): 420
[t=11.1927s, 27044 KB] g=1595, 58287 evaluated, 130 expanded
[t=11.2071s, 27044 KB] New best heuristic value for ff(): 415
[t=11.2081s, 27044 KB] g=1615, 58381 evaluated, 130 expanded
[t=11.239s, 27044 KB] New best heuristic value for ff(): 405
[t=11.2424s, 27044 KB] g=1605, 58577 evaluated, 130 expanded
[t=11.2424s, 27044 KB] New best heuristic value for ff(): 385
[t=11.2429s, 27044 KB] g=1615, 58579 evaluated, 130 expanded
[t=11.3069s, 27044 KB] New best heuristic value for ff(): 380
[t=11.3105s, 27044 KB] g=1625, 58963 evaluated, 132 expanded
[t=11.3228s, 27060 KB] New best heuristic value for ff(): 375
[t=11.3258s, 27060 KB] g=1645, 59057 evaluated, 132 expanded
[t=11.3587s, 27060 KB] New best heuristic value for ff(): 340
[t=11.3608s, 27060 KB] g=1660, 59257 evaluated, 132 expanded
[t=11.4624s, 27060 KB] New best heuristic value for ff(): 335
[t=11.4629s, 27060 KB] g=1670, 59787 evaluated, 134 expanded
[t=11.4743s, 27060 KB] New best heuristic value for ff(): 330
[t=11.4781s, 27060 KB] g=1690, 59881 evaluated, 134 expanded
[t=11.6181s, 27192 KB] New best heuristic value for ff(): 325
[t=11.6182s, 27192 KB] g=1700, 60626 evaluated, 136 expanded
[t=11.634s, 27192 KB] New best heuristic value for ff(): 320
[t=11.6342s, 27192 KB] g=1700, 60726 evaluated, 136 expanded
[t=11.6579s, 27192 KB] New best heuristic value for ff(): 290
[t=11.661s, 27192 KB] g=1720, 60879 evaluated, 136 expanded
[t=11.7378s, 27324 KB] New best heuristic value for ff(): 285
[t=11.7406s, 27324 KB] g=1730, 61325 evaluated, 138 expanded
[t=11.7537s, 27324 KB] New best heuristic value for ff(): 280
[t=11.7566s, 27324 KB] g=1730, 61425 evaluated, 138 expanded
[t=11.7816s, 27324 KB] New best heuristic value for ff(): 270
[t=11.7843s, 27324 KB] g=1730, 61582 evaluated, 138 expanded
[t=11.8495s, 27324 KB] New best heuristic value for ff(): 265
[t=11.8535s, 27324 KB] g=1740, 61981 evaluated, 140 expanded
[t=11.8656s, 27456 KB] New best heuristic value for ff(): 260
[t=11.8694s, 27456 KB] g=1740, 62081 evaluated, 140 expanded
[t=12.0051s, 27456 KB] New best heuristic value for ff(): 255
[t=12.0075s, 27456 KB] g=1750, 62813 evaluated, 142 expanded
[t=12.017s, 27456 KB] New best heuristic value for ff(): 250
[t=12.0204s, 27456 KB] g=1750, 62895 evaluated, 142 expanded
[t=12.033s, 27456 KB] New best heuristic value for ff(): 215
[t=12.0346s, 27456 KB] g=1785, 62980 evaluated, 142 expanded
[t=12.1325s, 27588 KB] New best heuristic value for ff(): 210
[t=12.1344s, 27588 KB] g=1795, 63520 evaluated, 144 expanded
[t=12.1445s, 27588 KB] New best heuristic value for ff(): 205
[t=12.1473s, 27588 KB] g=1795, 63602 evaluated, 144 expanded
[t=12.2563s, 27588 KB] New best heuristic value for ff(): 200
[t=12.2601s, 27588 KB] g=1805, 64226 evaluated, 146 expanded
[t=12.2682s, 27588 KB] New best heuristic value for ff(): 195
[t=12.2699s, 27588 KB] g=1805, 64289 evaluated, 146 expanded
[t=12.384s, 27720 KB] New best heuristic value for ff(): 190
[t=12.385s, 27720 KB] g=1815, 64934 evaluated, 148 expanded
[t=12.388s, 27720 KB] New best heuristic value for ff(): 185
[t=12.3913s, 27720 KB] g=1815, 64976 evaluated, 148 expanded
[t=12.4798s, 27852 KB] New best heuristic value for ff(): 180
[t=12.4821s, 27852 KB] g=1825, 65524 evaluated, 150 expanded
[t=12.4837s, 27852 KB] New best heuristic value for ff(): 175
[t=12.4851s, 27852 KB] g=1825, 65546 evaluated, 150 expanded
[t=12.5001s, 27852 KB] New best heuristic value for ff(): 170
[t=12.5005s, 27852 KB] g=1830, 65669 evaluated, 150 expanded
[t=12.5649s, 27852 KB] New best heuristic value for ff(): 165
[t=12.5663s, 27852 KB] g=1840, 66086 evaluated, 152 expanded
[t=12.5674s, 27852 KB] New best heuristic value for ff(): 160
[t=12.5692s, 27852 KB] g=1840, 66108 evaluated, 152 expanded
[t=12.7032s, 27988 KB] New best heuristic value for ff(): 155
[t=12.7044s, 27988 KB] g=1850, 66891 evaluated, 154 expanded
[t=12.7071s, 27988 KB] New best heuristic value for ff(): 150
[t=12.7096s, 27988 KB] g=1850, 66931 evaluated, 154 expanded
[t=12.819s, 28124 KB] New best heuristic value for ff(): 145
[t=12.8224s, 28124 KB] g=1860, 67600 evaluated, 156 expanded
[t=12.8269s, 28124 KB] New best heuristic value for ff(): 140
[t=12.8283s, 28124 KB] g=1860, 67646 evaluated, 156 expanded
[t=12.9347s, 28124 KB] New best heuristic value for ff(): 135
[t=12.9362s, 28124 KB] g=1870, 68284 evaluated, 158 expanded
[t=12.9387s, 28124 KB] New best heuristic value for ff(): 130
[t=12.9419s, 28124 KB] g=1870, 68329 evaluated, 158 expanded
[t=13.0504s, 28260 KB] New best heuristic value for ff(): 125
[t=13.0519s, 28260 KB] g=1880, 68981 evaluated, 160 expanded
[t=13.0583s, 28260 KB] New best heuristic value for ff(): 120
[t=13.0596s, 28260 KB] g=1880, 69041 evaluated, 160 expanded
[t=13.1461s, 28260 KB] New best heuristic value for ff(): 115
[t=13.1489s, 28260 KB] g=1890, 69573 evaluated, 162 expanded
[t=13.158s, 28260 KB] New best heuristic value for ff(): 110
[t=13.1587s, 28260 KB] g=1890, 69650 evaluated, 162 expanded
[t=13.2498s, 28392 KB] New best heuristic value for ff(): 105
[t=13.2536s, 28392 KB] g=1895, 70192 evaluated, 164 expanded
[t=13.2657s, 28392 KB] New best heuristic value for ff(): 100
[t=13.268s, 28392 KB] g=1895, 70298 evaluated, 164 expanded
[t=13.3616s, 28528 KB] New best heuristic value for ff(): 95
[t=13.3634s, 28528 KB] g=1905, 70837 evaluated, 166 expanded
[t=13.3735s, 28528 KB] New best heuristic value for ff(): 90
[t=13.3763s, 28528 KB] g=1905, 70940 evaluated, 166 expanded
[t=13.4493s, 28528 KB] New best heuristic value for ff(): 85
[t=13.4523s, 28528 KB] g=1915, 71396 evaluated, 168 expanded
[t=13.4652s, 28528 KB] New best heuristic value for ff(): 80
[t=13.4668s, 28528 KB] g=1915, 71513 evaluated, 168 expanded
[t=13.5011s, 28528 KB] New best heuristic value for ff(): 75
[t=13.5022s, 28528 KB] g=1925, 71793 evaluated, 170 expanded
[t=13.517s, 28664 KB] New best heuristic value for ff(): 70
[t=13.5177s, 28664 KB] g=1925, 71919 evaluated, 170 expanded
[t=13.6009s, 28664 KB] New best heuristic value for ff(): 65
[t=13.6047s, 28664 KB] g=1935, 72396 evaluated, 172 expanded
[t=13.6208s, 28664 KB] New best heuristic value for ff(): 60
[t=13.6222s, 28664 KB] g=1945, 72538 evaluated, 172 expanded
[t=13.7046s, 28664 KB] New best heuristic value for ff(): 55
[t=13.7072s, 28664 KB] g=1955, 72992 evaluated, 174 expanded
[t=13.7244s, 28796 KB] New best heuristic value for ff(): 50
[t=13.7246s, 28796 KB] g=1955, 73134 evaluated, 174 expanded
[t=13.7884s, 28796 KB] New best heuristic value for ff(): 45
[t=13.7911s, 28796 KB] g=1965, 73511 evaluated, 176 expanded
[t=13.8922s, 29292 KB] New best heuristic value for ff(): 40
[t=13.8947s, 29292 KB] g=1970, 74116 evaluated, 178 expanded
[t=13.964s, 29292 KB] New best heuristic value for ff(): 35
[t=13.9659s, 29292 KB] g=1980, 74609 evaluated, 180 expanded
[t=14.0676s, 29292 KB] New best heuristic value for ff(): 30
[t=14.0709s, 29292 KB] g=1990, 75213 evaluated, 182 expanded
[t=14.7543s, 29692 KB] New best heuristic value for ff(): 10
[t=14.7575s, 29692 KB] g=2045, 79176 evaluated, 198 expanded
[t=14.8102s, 29692 KB] New best heuristic value for ff(): 0
[t=14.8111s, 29692 KB] g=2055, 79558 evaluated, 200 expanded
[t=14.922s, 29828 KB] Solution found!
[t=14.9234s, 29828 KB] Actual search time: 14.8195s
load-highspeed-saw b6 highspeed-saw0 (30)
do-grind p13 grinder0 smooth blue colourfragments untreated (45)
do-saw-medium b0 p14 saw0 cherry rough s9 s8 s7 (30)
do-plane p24 planer0 rough green colourfragments (20)
do-saw-medium b10 p15 saw0 teak smooth s9 s8 s7 (30)
do-saw-medium b10 p20 saw0 teak smooth s7 s6 s5 (30)
do-saw-large b12 p30 saw0 beech rough s4 s2 s3 s1 (30)
do-saw-large b7 p10 saw0 pine rough s11 s9 s10 s8 (30)
do-saw-small b8 p19 saw0 walnut rough s6 s5 (30)
do-grind p15 grinder0 smooth natural untreated untreated (30)
do-grind p5 grinder0 smooth blue glazed untreated (30)
do-plane p21 planer0 smooth natural varnished (30)
do-immersion-varnish p21 immersion-varnisher0 red smooth (10)
do-grind p0 grinder0 smooth green colourfragments untreated (30)
do-saw-large b10 p28 saw0 teak smooth s7 s5 s6 s4 (30)
do-glaze p28 glazer0 red (20)
do-saw-large b10 p31 saw0 teak smooth s7 s5 s6 s4 (30)
do-saw-medium b2 p35 saw0 mahogany rough s9 s8 s7 (30)
do-plane p35 planer0 rough natural untreated (20)
do-grind p35 grinder0 smooth natural untreated untreated (30)
do-immersion-varnish p31 immersion-varnisher0 mauve smooth (10)
do-glaze p30 glazer0 green (20)
do-glaze p10 glazer0 green (20)
do-plane p17 planer0 rough red glazed (10)
do-glaze p0 glazer0 green (15)
do-saw-medium b10 p18 saw0 teak smooth s7 s6 s5 (30)
do-glaze p18 glazer0 red (15)
do-saw-medium b10 p36 saw0 teak smooth s7 s6 s5 (30)
do-immersion-varnish p36 immersion-varnisher0 mauve smooth (10)
do-saw-medium b10 p6 saw0 teak smooth s7 s6 s5 (30)
do-grind p6 grinder0 smooth natural untreated untreated (30)
do-glaze p6 glazer0 white (15)
do-saw-small b10 p25 saw0 teak smooth s7 s6 (30)
do-saw-small b10 p27 saw0 teak smooth s7 s6 (30)
do-saw-small b10 p8 saw0 teak smooth s7 s6 (30)
cut-board-medium b6 p38 highspeed-saw0 oak smooth s5 s4 s3 (10)
do-grind p8 grinder0 smooth natural untreated untreated (15)
do-grind p27 grinder0 smooth natural untreated untreated (15)
do-grind p25 grinder0 smooth natural untreated untreated (15)
do-glaze p14 glazer0 green (15)
do-immersion-varnish p5 immersion-varnisher0 black verysmooth (10)
do-plane p37 planer0 verysmooth natural varnished (10)
do-immersion-varnish p24 immersion-varnisher0 natural smooth (10)
do-spray-varnish p17 spray-varnisher0 mauve smooth (5)
do-immersion-varnish p13 immersion-varnisher0 black verysmooth (10)
do-saw-large b0 p4 saw0 cherry rough s7 s5 s6 s4 (30)
do-plane p4 planer0 rough natural untreated (30)
do-saw-large b10 p1 saw0 teak smooth s7 s5 s6 s4 (30)
do-saw-large b10 p22 saw0 teak smooth s7 s5 s6 s4 (30)
do-grind p22 grinder0 smooth natural untreated untreated (45)
do-glaze p22 glazer0 natural (20)
do-saw-large b10 p3 saw0 teak smooth s7 s5 s6 s4 (30)
do-immersion-varnish p3 immersion-varnisher0 blue smooth (10)
do-saw-medium b10 p12 saw0 teak smooth s7 s6 s5 (30)
do-glaze p12 glazer0 green (15)
do-saw-medium b10 p9 saw0 teak smooth s7 s6 s5 (30)
do-saw-small b10 p23 saw0 teak smooth s7 s6 (30)
do-grind p23 grinder0 smooth natural untreated untreated (15)
do-saw-large b2 p29 saw0 mahogany rough s7 s5 s6 s4 (30)
do-plane p29 planer0 rough natural untreated (30)
do-glaze p29 glazer0 white (20)
do-saw-large b2 p7 saw0 mahogany rough s7 s5 s6 s4 (30)
do-plane p7 planer0 rough natural untreated (30)
do-grind p7 grinder0 smooth natural untreated untreated (45)
do-glaze p7 glazer0 red (20)
do-saw-large b7 p11 saw0 pine rough s8 s6 s7 s5 (30)
do-plane p11 planer0 rough natural untreated (30)
do-grind p11 grinder0 smooth natural untreated untreated (45)
do-saw-large b7 p16 saw0 pine rough s8 s6 s7 s5 (30)
do-plane p16 planer0 rough natural untreated (30)
do-immersion-varnish p16 immersion-varnisher0 mauve smooth (10)
cut-board-large b6 p33 highspeed-saw0 oak smooth s3 s1 s2 s0 (10)
do-grind p33 grinder0 smooth natural untreated untreated (45)
cut-board-medium b6 p32 highspeed-saw0 oak smooth s3 s2 s1 (10)
cut-board-small b6 p2 highspeed-saw0 oak smooth s3 s2 (10)
cut-board-small b6 p26 highspeed-saw0 oak smooth s3 s2 (10)
do-grind p26 grinder0 smooth natural untreated untreated (15)
do-immersion-varnish p9 immersion-varnisher0 black smooth (10)
do-immersion-varnish p4 immersion-varnisher0 black smooth (10)
do-immersion-varnish p38 immersion-varnisher0 white smooth (10)
do-immersion-varnish p35 immersion-varnisher0 black verysmooth (10)
do-immersion-varnish p32 immersion-varnisher0 black smooth (10)
do-spray-varnish p27 spray-varnisher0 red verysmooth (5)
do-glaze p23 glazer0 green (10)
do-immersion-varnish p20 immersion-varnisher0 black smooth (10)
do-plane p19 planer0 rough natural untreated (10)
do-glaze p19 glazer0 green (10)
do-glaze p11 glazer0 red (20)
do-immersion-varnish p1 immersion-varnisher0 black smooth (10)
do-spray-varnish p37 spray-varnisher0 red smooth (5)
do-glaze p8 glazer0 mauve (10)
do-glaze p25 glazer0 red (10)
do-spray-varnish p2 spray-varnisher0 black smooth (5)
do-grind p34 grinder0 verysmooth blue varnished colourfragments (30)
do-grind p34 grinder0 verysmooth natural colourfragments untreated (30)
do-immersion-varnish p34 immersion-varnisher0 black verysmooth (10)
[t=14.9234s, 29828 KB] Plan length: 96 step(s).
[t=14.9234s, 29828 KB] Plan cost: 2055
[t=14.9234s, 29828 KB] Timestamp: 1687905730879 millisecond(s).
[t=14.9234s, 29828 KB] Expanded 202 state(s).
[t=14.9234s, 29828 KB] Reopened 0 state(s).
[t=14.9234s, 29828 KB] Evaluated 80190 state(s).
[t=14.9234s, 29828 KB] Evaluations: 80190
[t=14.9234s, 29828 KB] Generated 93090 state(s).
[t=14.9234s, 29828 KB] Dead ends: 24885 state(s).
[t=14.9234s, 29828 KB] Number of registered states: 80190
[t=14.9234s, 29828 KB] Int hash set load factor: 80190/131072 = 0.611801
[t=14.9234s, 29828 KB] Int hash set resizes: 17
[t=14.9234s, 29828 KB] Search time: 14.8201s
[t=14.9234s, 29828 KB] Total time: 14.9234s
Solution found.
Peak memory: 29828 KB
Remove intermediate file output.sas
search exit code: 0

INFO     Running validate.
INFO     validate stdin: None
INFO     validate time limit: None
INFO     validate memory limit: None
INFO     validate command line string: validate domain.pddl problem.pddl sas_plan
Checking plan: sas_plan
Plan executed successfully - checking goal
Plan valid
Final value: 2055 

Successful plans:
Value: 2055
 sas_plan 2055 

validate exit code: 0

INFO     Planner time: 17.08s
