INFO     planner time limit: 300s
INFO     planner memory limit: 3584 MB

INFO     Running translator.
INFO     translator stdin: None
INFO     translator time limit: 299s
INFO     translator memory limit: 3584 MB
INFO     translator command line string: /usr/local/downward-projects/downward/experiments/.venv/bin/python3 /usr/local/downward-projects/downward/experiments/src/thesis/data/thesis-thesis_exp/code-d93485cdd92f65ede2ae3573b3f4adda0b49e4fd_e5e41175/builds/release/bin/translate/translate.py domain.pddl problem.pddl --sas-file output.sas
Parsing...
Parsing: [0.050s CPU, 0.054s wall-clock]
Normalizing task... [0.010s CPU, 0.006s wall-clock]
Instantiating...
Generating Datalog program... [0.010s CPU, 0.012s wall-clock]
Normalizing Datalog program...
Normalizing Datalog program: [0.040s CPU, 0.038s wall-clock]
Preparing model... [0.030s CPU, 0.037s wall-clock]
Generated 2012 rules.
Computing model... [3.420s CPU, 3.422s wall-clock]
130211 relevant atoms
189252 auxiliary atoms
319463 final queue length
568963 total queue pushes
Completing instantiation... [6.670s CPU, 6.690s wall-clock]
Instantiating: [10.500s CPU, 10.526s wall-clock]
Computing fact groups...
Finding invariants...
10 initial candidates
Finding invariants: [0.080s CPU, 0.082s wall-clock]
Checking invariant weight... [0.000s CPU, 0.004s wall-clock]
Instantiating groups... [0.010s CPU, 0.003s wall-clock]
Collecting mutex groups... [0.000s CPU, 0.001s wall-clock]
Choosing groups...
250 uncovered facts
Choosing groups: [0.010s CPU, 0.003s wall-clock]
Building translation key... [0.000s CPU, 0.001s wall-clock]
Computing fact groups: [0.100s CPU, 0.101s wall-clock]
Building STRIPS to SAS dictionary... [0.000s CPU, 0.001s wall-clock]
Building dictionary for full mutex groups... [0.000s CPU, 0.002s wall-clock]
Building mutex information...
Building mutex information: [0.000s CPU, 0.001s wall-clock]
Translating task...
Processing axioms...
Simplifying axioms... [0.000s CPU, 0.000s wall-clock]
Translator axioms removed by simplifying: 0
Computing negative axioms... [0.000s CPU, 0.000s wall-clock]
Processing axioms: [0.190s CPU, 0.192s wall-clock]
Translating task: [4.380s CPU, 4.375s wall-clock]
0 effect conditions simplified
0 implied preconditions added
Detecting unreachable propositions...
0 operators removed
0 axioms removed
251 propositions removed
Detecting unreachable propositions: [3.110s CPU, 3.119s wall-clock]
Reordering and filtering variables...
501 of 501 variables necessary.
0 of 501 mutex groups necessary.
125500 of 125500 operators necessary.
0 of 0 axiom rules necessary.
Reordering and filtering variables: [0.510s CPU, 0.511s wall-clock]
Translator variables: 501
Translator derived variables: 0
Translator facts: 1501
Translator goal facts: 250
Translator mutex groups: 0
Translator total mutex groups size: 0
Translator operators: 125500
Translator axioms: 0
Translator task size: 868708
Translator peak memory: 556420 KB
Writing output... [0.660s CPU, 0.656s wall-clock]
Done! [19.560s CPU, 19.591s wall-clock]
translate exit code: 0

INFO     Running search (release).
INFO     search stdin: output.sas
INFO     search time limit: 280s
INFO     search memory limit: 3584 MB
INFO     search command line string: /usr/local/downward-projects/downward/experiments/src/thesis/data/thesis-thesis_exp/code-d93485cdd92f65ede2ae3573b3f4adda0b49e4fd_e5e41175/builds/release/bin/downward --evaluator 'h=ff()' --search 'eager( alt( [lwm_intra_explore_type(h), single(h)] ) )' --internal-plan-file sas_plan < output.sas
[t=0.00265683s, 11364 KB] reading input...
[t=0.397213s, 45828 KB] done reading input!
[t=0.437037s, 62020 KB] Simplifying 250500 unary operators... done! [250500 unary operators]
[t=0.996074s, 84920 KB] time to simplify: 0.559037s
[t=1.00397s, 84920 KB] Initializing additive heuristic...
[t=1.00672s, 84920 KB] Initializing FF heuristic...
[t=1.00675s, 84920 KB] Building successor generator...done!
[t=1.06338s, 84920 KB] peak memory difference for successor generator creation: 0 KB
[t=1.06349s, 84920 KB] time for successor generation creation: 0.0529238s
[t=1.06352s, 84920 KB] Variables: 501
[t=1.06356s, 84920 KB] FactPairs: 1501
[t=1.06358s, 84920 KB] Bytes per state: 96
[t=1.0636s, 84920 KB] Conducting best first search without reopening closed nodes, (real) bound = 2147483647
[t=1.06766s, 84920 KB] New best heuristic value for ff(): 1
[t=1.06926s, 84920 KB] g=0, 1 evaluated, 0 expanded
[t=1.06929s, 84920 KB] Initial heuristic value for ff(): 1
[t=1.06932s, 84920 KB] pruning method: none
[t=1.06935s, 84920 KB] Start Timestep: 1687944504302 millisecond(s).
[t=1.07143s, 84920 KB] New best heuristic value for ff(): 0
[t=1.07486s, 84920 KB] g=1, 2 evaluated, 1 expanded
Peak memory: 95560 KB
caught signal 24 -- exiting
Time limit has been reached.
Remove intermediate file output.sas
search exit code: 23

Driver aborting after search
INFO     Planner time: 299.63s
