INFO     planner time limit: 900s
INFO     planner memory limit: 3584 MB

INFO     Running translator.
INFO     translator stdin: None
INFO     translator time limit: 899s
INFO     translator memory limit: 3584 MB
INFO     translator command line string: /usr/local/downward-projects/downward/experiments/assign3/.venv/bin/python3 /usr/local/downward-projects/downward/experiments/assign3/data/assign3-anytime_exp/code-fe4f0f1bb525c059c1938ac01bab1b7bae200873_e5e41175/builds/release/bin/translate/translate.py domain.pddl problem.pddl --sas-file output.sas
Parsing...
Parsing: [0.010s CPU, 0.006s wall-clock]
Normalizing task... [0.000s CPU, 0.000s wall-clock]
Instantiating...
Generating Datalog program... [0.000s CPU, 0.001s wall-clock]
Normalizing Datalog program...
Normalizing Datalog program: [0.000s CPU, 0.006s wall-clock]
Preparing model... [0.010s CPU, 0.004s wall-clock]
Generated 198 rules.
Computing model... [0.160s CPU, 0.162s wall-clock]
9211 relevant atoms
14517 auxiliary atoms
23728 final queue length
53051 total queue pushes
Completing instantiation... [0.380s CPU, 0.387s wall-clock]
Instantiating: [0.560s CPU, 0.568s wall-clock]
Computing fact groups...
Finding invariants...
24 initial candidates
Finding invariants: [0.010s CPU, 0.015s wall-clock]
Checking invariant weight... [0.000s CPU, 0.001s wall-clock]
Instantiating groups... [0.010s CPU, 0.010s wall-clock]
Collecting mutex groups... [0.000s CPU, 0.000s wall-clock]
Choosing groups...
376 uncovered facts
Choosing groups: [0.000s CPU, 0.001s wall-clock]
Building translation key... [0.000s CPU, 0.001s wall-clock]
Computing fact groups: [0.030s CPU, 0.032s wall-clock]
Building STRIPS to SAS dictionary... [0.000s CPU, 0.000s wall-clock]
Building dictionary for full mutex groups... [0.000s CPU, 0.001s wall-clock]
Building mutex information...
Building mutex information: [0.000s CPU, 0.000s wall-clock]
Translating task...
Processing axioms...
Simplifying axioms... [0.000s CPU, 0.000s wall-clock]
Translator axioms removed by simplifying: 0
Computing negative axioms... [0.000s CPU, 0.000s wall-clock]
Processing axioms: [0.020s CPU, 0.014s wall-clock]
Translating task: [0.360s CPU, 0.355s wall-clock]
4841 effect conditions simplified
0 implied preconditions added
Detecting unreachable propositions...
0 operators removed
0 axioms removed
145 propositions removed
Detecting unreachable propositions: [0.220s CPU, 0.230s wall-clock]
Reordering and filtering variables...
405 of 416 variables necessary.
83 of 126 mutex groups necessary.
7963 of 7963 operators necessary.
0 of 0 axiom rules necessary.
Reordering and filtering variables: [0.060s CPU, 0.069s wall-clock]
Translator variables: 405
Translator derived variables: 0
Translator facts: 1106
Translator goal facts: 105
Translator mutex groups: 83
Translator total mutex groups size: 286
Translator operators: 7963
Translator axioms: 0
Translator task size: 66831
Translator peak memory: 77664 KB
Writing output... [0.060s CPU, 0.055s wall-clock]
Done! [1.320s CPU, 1.337s wall-clock]
translate exit code: 0

INFO     Running search (release).
INFO     search stdin: output.sas
INFO     search time limit: 898s
INFO     search memory limit: 3584 MB
INFO     search command line string: /usr/local/downward-projects/downward/experiments/assign3/data/assign3-anytime_exp/code-fe4f0f1bb525c059c1938ac01bab1b7bae200873_e5e41175/builds/release/bin/downward --evaluator 'h=lmcut()' --search 'eager_anytime(single(sum([weight(h, 2, verbosity=normal), g()])), 
        reopen_closed=true, f_eval=sum([h, g()]))' --internal-plan-file sas_plan < output.sas
[t=0.00105139s, 10884 KB] reading input...
[t=0.0367416s, 13872 KB] done reading input!
[t=0.044056s, 16120 KB] Initializing landmark cut heuristic...
[t=0.0443397s, 16120 KB] Building successor generator...done!
[t=0.0472549s, 17076 KB] peak memory difference for successor generator creation: 956 KB
[t=0.0473125s, 17076 KB] time for successor generation creation: 0.00271875s
[t=0.0473391s, 17076 KB] Variables: 405
[t=0.0473752s, 17076 KB] FactPairs: 1106
[t=0.0473982s, 17076 KB] Bytes per state: 68
[t=0.0474211s, 17076 KB] Conducting best first anytime search with reopening closed nodes, (real) bound = 2147483647
[t=0.0597049s, 17076 KB] New best heuristic value for lmcut(): 1265
[t=0.0602931s, 17076 KB] g=0, 1 evaluated, 0 expanded
[t=0.0603216s, 17076 KB] Initial heuristic value for lmcut(): 1265
[t=0.0603481s, 17076 KB] Start Timestep: 1682555827253 millisecond(s).
[t=0.0727191s, 17076 KB] New best heuristic value for lmcut(): 1255
[t=0.0730944s, 17076 KB] g=15, 2 evaluated, 1 expanded
[t=0.0979437s, 17076 KB] New best heuristic value for lmcut(): 1235
[t=0.09842s, 17076 KB] g=30, 4 evaluated, 1 expanded
[t=1.56551s, 17076 KB] New best heuristic value for lmcut(): 1225
[t=1.56562s, 17076 KB] g=45, 119 evaluated, 2 expanded
[t=1.67671s, 17076 KB] New best heuristic value for lmcut(): 1190
[t=1.67683s, 17076 KB] g=75, 128 evaluated, 2 expanded
[t=3.20565s, 17076 KB] New best heuristic value for lmcut(): 1180
[t=3.2059s, 17076 KB] g=90, 250 evaluated, 3 expanded
[t=3.40137s, 17076 KB] New best heuristic value for lmcut(): 1160
[t=3.40395s, 17076 KB] g=105, 266 evaluated, 3 expanded
[t=4.83356s, 17076 KB] New best heuristic value for lmcut(): 1150
[t=4.83522s, 17076 KB] g=120, 380 evaluated, 4 expanded
[t=5.15206s, 17076 KB] New best heuristic value for lmcut(): 1140
[t=5.15574s, 17076 KB] g=125, 406 evaluated, 4 expanded
[t=6.42196s, 17076 KB] New best heuristic value for lmcut(): 1130
[t=6.42368s, 17076 KB] g=135, 509 evaluated, 4 expanded
[t=6.60566s, 17076 KB] New best heuristic value for lmcut(): 1120
[t=6.60575s, 17076 KB] g=150, 524 evaluated, 5 expanded
[t=6.93271s, 17076 KB] New best heuristic value for lmcut(): 1110
[t=6.9331s, 17076 KB] g=155, 551 evaluated, 5 expanded
[t=8.59813s, 17076 KB] New best heuristic value for lmcut(): 1100
[t=8.59933s, 17076 KB] g=170, 690 evaluated, 6 expanded
[t=8.79789s, 17076 KB] New best heuristic value for lmcut(): 1090
[t=8.80144s, 17076 KB] g=185, 707 evaluated, 6 expanded
[t=10.3897s, 17076 KB] New best heuristic value for lmcut(): 1080
[t=10.3907s, 17076 KB] g=190, 841 evaluated, 7 expanded
[t=10.7732s, 17076 KB] New best heuristic value for lmcut(): 1070
[t=10.7744s, 17076 KB] g=195, 874 evaluated, 7 expanded
[t=12.3048s, 17076 KB] New best heuristic value for lmcut(): 1060
[t=12.3049s, 17076 KB] g=210, 1005 evaluated, 8 expanded
[t=14.0147s, 17076 KB] New best heuristic value for lmcut(): 1050
[t=14.0166s, 17076 KB] g=225, 1154 evaluated, 8 expanded
[t=14.3461s, 17076 KB] New best heuristic value for lmcut(): 1045
[t=14.3472s, 17076 KB] g=225, 1183 evaluated, 9 expanded
[t=16.0582s, 17076 KB] New best heuristic value for lmcut(): 1035
[t=16.0585s, 17076 KB] g=240, 1332 evaluated, 9 expanded
[t=17.9144s, 17076 KB] New best heuristic value for lmcut(): 1025
[t=17.9175s, 17076 KB] g=250, 1496 evaluated, 10 expanded
[t=19.6072s, 17076 KB] New best heuristic value for lmcut(): 1015
[t=19.611s, 17076 KB] g=260, 1647 evaluated, 11 expanded
[t=21.1411s, 17076 KB] New best heuristic value for lmcut(): 1005
[t=21.1421s, 17076 KB] g=270, 1785 evaluated, 12 expanded
[t=22.8125s, 17076 KB] New best heuristic value for lmcut(): 995
[t=22.8135s, 17076 KB] g=280, 1938 evaluated, 13 expanded
[t=24.3313s, 17076 KB] New best heuristic value for lmcut(): 985
[t=24.3318s, 17076 KB] g=290, 2077 evaluated, 14 expanded
[t=25.9855s, 17076 KB] New best heuristic value for lmcut(): 975
[t=25.986s, 17076 KB] g=300, 2231 evaluated, 15 expanded
[t=26.2934s, 17076 KB] New best heuristic value for lmcut(): 965
[t=26.2937s, 17076 KB] g=315, 2260 evaluated, 16 expanded
[t=26.6612s, 17076 KB] New best heuristic value for lmcut(): 955
[t=26.6622s, 17076 KB] g=330, 2296 evaluated, 16 expanded
[t=27.7746s, 17076 KB] New best heuristic value for lmcut(): 945
[t=27.7749s, 17076 KB] g=345, 2404 evaluated, 17 expanded
[t=29.221s, 17208 KB] New best heuristic value for lmcut(): 935
[t=29.2221s, 17208 KB] g=355, 2550 evaluated, 18 expanded
[t=30.8047s, 17208 KB] New best heuristic value for lmcut(): 925
[t=30.8058s, 17208 KB] g=365, 2713 evaluated, 19 expanded
[t=31.9576s, 17208 KB] New best heuristic value for lmcut(): 890
[t=31.9583s, 17208 KB] g=395, 2834 evaluated, 19 expanded
[t=32.3913s, 17208 KB] New best heuristic value for lmcut(): 880
[t=32.3921s, 17208 KB] g=410, 2880 evaluated, 20 expanded
[t=33.9515s, 17208 KB] New best heuristic value for lmcut(): 870
[t=33.952s, 17208 KB] g=420, 3046 evaluated, 21 expanded
[t=35.583s, 17208 KB] New best heuristic value for lmcut(): 860
[t=35.5836s, 17208 KB] g=430, 3224 evaluated, 22 expanded
[t=37.2206s, 17340 KB] New best heuristic value for lmcut(): 850
[t=37.2209s, 17340 KB] g=440, 3406 evaluated, 23 expanded
[t=37.9789s, 17340 KB] New best heuristic value for lmcut(): 830
[t=37.9797s, 17340 KB] g=455, 3492 evaluated, 23 expanded
[t=38.823s, 17340 KB] New best heuristic value for lmcut(): 820
[t=38.8237s, 17340 KB] g=470, 3590 evaluated, 24 expanded
[t=39.6318s, 17340 KB] New best heuristic value for lmcut(): 815
[t=39.6321s, 17340 KB] g=470, 3683 evaluated, 24 expanded
[t=40.3988s, 17340 KB] New best heuristic value for lmcut(): 805
[t=40.3997s, 17340 KB] g=485, 3773 evaluated, 25 expanded
[t=41.8385s, 17560 KB] New best heuristic value for lmcut(): 795
[t=41.8388s, 17560 KB] g=495, 3942 evaluated, 26 expanded
[t=42.4432s, 17560 KB] New best heuristic value for lmcut(): 790
[t=42.4441s, 17560 KB] g=495, 4014 evaluated, 26 expanded
[t=43.2411s, 17560 KB] New best heuristic value for lmcut(): 780
[t=43.2417s, 17560 KB] g=510, 4112 evaluated, 27 expanded
[t=44.6321s, 17560 KB] New best heuristic value for lmcut(): 770
[t=44.6325s, 17560 KB] g=520, 4283 evaluated, 28 expanded
[t=45.366s, 17560 KB] New best heuristic value for lmcut(): 760
[t=45.3662s, 17560 KB] g=525, 4374 evaluated, 28 expanded
[t=46.0727s, 17560 KB] New best heuristic value for lmcut(): 750
[t=46.0729s, 17560 KB] g=540, 4464 evaluated, 29 expanded
[t=47.383s, 17560 KB] New best heuristic value for lmcut(): 740
[t=47.3835s, 17560 KB] g=550, 4631 evaluated, 30 expanded
[t=48.6148s, 17560 KB] New best heuristic value for lmcut(): 720
[t=48.6151s, 17560 KB] g=565, 4795 evaluated, 30 expanded
[t=48.7222s, 17560 KB] New best heuristic value for lmcut(): 710
[t=48.7247s, 17560 KB] g=580, 4810 evaluated, 31 expanded
[t=50.0221s, 17692 KB] New best heuristic value for lmcut(): 700
[t=50.024s, 17692 KB] g=590, 4989 evaluated, 32 expanded
[t=51.3484s, 17692 KB] New best heuristic value for lmcut(): 690
[t=51.3503s, 17692 KB] g=600, 5179 evaluated, 33 expanded
[t=51.8878s, 17692 KB] New best heuristic value for lmcut(): 670
[t=51.8909s, 17692 KB] g=615, 5258 evaluated, 33 expanded
[t=52.7082s, 17692 KB] New best heuristic value for lmcut(): 660
[t=52.7114s, 17692 KB] g=630, 5381 evaluated, 34 expanded
[t=54.0541s, 17692 KB] New best heuristic value for lmcut(): 650
[t=54.0551s, 17692 KB] g=640, 5582 evaluated, 35 expanded
[t=54.4599s, 17824 KB] New best heuristic value for lmcut(): 645
[t=54.4638s, 17824 KB] g=640, 5643 evaluated, 35 expanded
[t=55.4218s, 17824 KB] New best heuristic value for lmcut(): 635
[t=55.4238s, 17824 KB] g=655, 5794 evaluated, 36 expanded
[t=56.6635s, 17824 KB] New best heuristic value for lmcut(): 625
[t=56.6668s, 17824 KB] g=665, 5992 evaluated, 37 expanded
[t=57.8377s, 17824 KB] New best heuristic value for lmcut(): 620
[t=57.8405s, 17824 KB] g=665, 6187 evaluated, 37 expanded
[t=57.9256s, 17824 KB] New best heuristic value for lmcut(): 610
[t=57.9291s, 17824 KB] g=680, 6202 evaluated, 38 expanded
[t=59.1644s, 17824 KB] New best heuristic value for lmcut(): 600
[t=59.1675s, 17824 KB] g=690, 6412 evaluated, 39 expanded
[t=60.3046s, 17956 KB] New best heuristic value for lmcut(): 590
[t=60.3071s, 17956 KB] g=700, 6608 evaluated, 40 expanded
[t=61.3509s, 17956 KB] New best heuristic value for lmcut(): 580
[t=61.3542s, 17956 KB] g=710, 6791 evaluated, 41 expanded
[t=62.3144s, 17956 KB] New best heuristic value for lmcut(): 570
[t=62.3184s, 17956 KB] g=720, 6962 evaluated, 42 expanded
[t=63.1855s, 17956 KB] New best heuristic value for lmcut(): 560
[t=63.1871s, 17956 KB] g=730, 7118 evaluated, 43 expanded
[t=63.9727s, 17956 KB] New best heuristic value for lmcut(): 550
[t=63.9745s, 17956 KB] g=740, 7262 evaluated, 44 expanded
[t=64.6814s, 17956 KB] New best heuristic value for lmcut(): 540
[t=64.6827s, 17956 KB] g=750, 7393 evaluated, 45 expanded
[t=65.3037s, 18088 KB] New best heuristic value for lmcut(): 530
[t=65.3048s, 18088 KB] g=760, 7511 evaluated, 46 expanded
[t=65.915s, 18088 KB] New best heuristic value for lmcut(): 520
[t=65.9164s, 18088 KB] g=770, 7629 evaluated, 47 expanded
[t=66.5172s, 18088 KB] New best heuristic value for lmcut(): 515
[t=66.5205s, 18088 KB] g=780, 7749 evaluated, 48 expanded
[t=66.577s, 18088 KB] New best heuristic value for lmcut(): 510
[t=66.5781s, 18088 KB] g=785, 7761 evaluated, 48 expanded
[t=67.0405s, 18088 KB] New best heuristic value for lmcut(): 505
[t=67.0432s, 18088 KB] g=795, 7855 evaluated, 49 expanded
[t=67.164s, 18088 KB] New best heuristic value for lmcut(): 500
[t=67.1648s, 18088 KB] g=815, 7881 evaluated, 49 expanded
[t=67.6713s, 18088 KB] New best heuristic value for lmcut(): 495
[t=67.6738s, 18088 KB] g=820, 7987 evaluated, 50 expanded
[t=68.1099s, 18088 KB] New best heuristic value for lmcut(): 490
[t=68.1106s, 18088 KB] g=825, 8079 evaluated, 51 expanded
[t=68.5383s, 18220 KB] New best heuristic value for lmcut(): 485
[t=68.541s, 18220 KB] g=830, 8173 evaluated, 52 expanded
[t=91.0328s, 19296 KB] New best heuristic value for lmcut(): 475
[t=91.036s, 19296 KB] g=860, 13095 evaluated, 114 expanded
[t=91.1286s, 19428 KB] New best heuristic value for lmcut(): 470
[t=91.1309s, 19428 KB] g=845, 13114 evaluated, 114 expanded
[t=91.424s, 19428 KB] New best heuristic value for lmcut(): 460
[t=91.4263s, 19428 KB] g=875, 13184 evaluated, 115 expanded
[t=91.7635s, 19428 KB] New best heuristic value for lmcut(): 430
[t=91.7664s, 19428 KB] g=905, 13265 evaluated, 116 expanded
[t=92.1071s, 19428 KB] New best heuristic value for lmcut(): 420
[t=92.1099s, 19428 KB] g=935, 13351 evaluated, 117 expanded
[t=92.4427s, 19428 KB] New best heuristic value for lmcut(): 410
[t=92.4457s, 19428 KB] g=945, 13443 evaluated, 118 expanded
[t=92.7942s, 19428 KB] New best heuristic value for lmcut(): 400
[t=92.7944s, 19428 KB] g=955, 13542 evaluated, 119 expanded
[t=93.0579s, 19428 KB] New best heuristic value for lmcut(): 395
[t=93.0587s, 19428 KB] g=940, 13620 evaluated, 119 expanded
[t=93.1537s, 19428 KB] New best heuristic value for lmcut(): 385
[t=93.1548s, 19428 KB] g=970, 13648 evaluated, 120 expanded
[t=93.502s, 19428 KB] New best heuristic value for lmcut(): 380
[t=93.5021s, 19428 KB] g=975, 13753 evaluated, 121 expanded
[t=95.5561s, 19560 KB] New best heuristic value for lmcut(): 370
[t=95.5599s, 19560 KB] g=1005, 14388 evaluated, 128 expanded
[t=95.7159s, 20076 KB] New best heuristic value for lmcut(): 350
[t=95.7184s, 20076 KB] g=1005, 14442 evaluated, 128 expanded
[t=95.8503s, 20076 KB] New best heuristic value for lmcut(): 340
[t=95.8511s, 20076 KB] g=1035, 14487 evaluated, 129 expanded
[t=96.1513s, 20076 KB] New best heuristic value for lmcut(): 330
[t=96.1542s, 20076 KB] g=1065, 14597 evaluated, 130 expanded
[t=96.7501s, 20076 KB] New best heuristic value for lmcut(): 320
[t=96.7506s, 20076 KB] g=1075, 14825 evaluated, 132 expanded
[t=97.0502s, 20076 KB] New best heuristic value for lmcut(): 315
[t=97.0538s, 20076 KB] g=1080, 14947 evaluated, 133 expanded
[t=100.767s, 20208 KB] New best heuristic value for lmcut(): 310
[t=100.769s, 20208 KB] g=1075, 16481 evaluated, 148 expanded
[t=100.959s, 20208 KB] New best heuristic value for lmcut(): 300
[t=100.962s, 20208 KB] g=1105, 16563 evaluated, 149 expanded
[t=101.222s, 20208 KB] New best heuristic value for lmcut(): 290
[t=101.224s, 20208 KB] g=1115, 16678 evaluated, 150 expanded
[t=164.902s, 25340 KB] New best heuristic value for lmcut(): 275
[t=164.903s, 25340 KB] g=1140, 44320 evaluated, 522 expanded
[t=165.133s, 25340 KB] New best heuristic value for lmcut(): 265
[t=165.137s, 25340 KB] g=1150, 44440 evaluated, 523 expanded
Peak memory: 89636 KB
caught signal 24 -- exiting
Time limit has been reached.
Remove intermediate file output.sas
search exit code: 23

Driver aborting after search
INFO     Planner time: 897.20s
