INFO     planner time limit: 300s
INFO     planner memory limit: 3584 MB

INFO     Running translator.
INFO     translator stdin: None
INFO     translator time limit: 299s
INFO     translator memory limit: 3584 MB
INFO     translator command line string: /usr/local/downward-projects/downward/experiments/.venv/bin/python3 /usr/local/downward-projects/downward/experiments/src/thesis/data/thesis-thesis_exp/code-d93485cdd92f65ede2ae3573b3f4adda0b49e4fd_e5e41175/builds/release/bin/translate/translate.py domain.pddl problem.pddl --sas-file output.sas
Parsing...
Parsing: [0.010s CPU, 0.006s wall-clock]
Normalizing task... [0.000s CPU, 0.000s wall-clock]
Instantiating...
Generating Datalog program... [0.000s CPU, 0.002s wall-clock]
Normalizing Datalog program...
Normalizing Datalog program: [0.000s CPU, 0.002s wall-clock]
Preparing model... [0.010s CPU, 0.006s wall-clock]
Generated 46 rules.
Computing model... [0.410s CPU, 0.408s wall-clock]
52152 relevant atoms
20764 auxiliary atoms
72916 final queue length
164732 total queue pushes
Completing instantiation... [2.150s CPU, 2.158s wall-clock]
Instantiating: [2.590s CPU, 2.595s wall-clock]
Computing fact groups...
Finding invariants...
12 initial candidates
Finding invariants: [0.010s CPU, 0.019s wall-clock]
Checking invariant weight... [0.000s CPU, 0.001s wall-clock]
Instantiating groups... [0.020s CPU, 0.012s wall-clock]
Collecting mutex groups... [0.000s CPU, 0.002s wall-clock]
Choosing groups...
0 uncovered facts
Choosing groups: [0.010s CPU, 0.004s wall-clock]
Building translation key... [0.000s CPU, 0.002s wall-clock]
Computing fact groups: [0.040s CPU, 0.050s wall-clock]
Building STRIPS to SAS dictionary... [0.000s CPU, 0.001s wall-clock]
Building dictionary for full mutex groups... [0.010s CPU, 0.001s wall-clock]
Building mutex information...
Building mutex information: [0.000s CPU, 0.001s wall-clock]
Translating task...
Processing axioms...
Simplifying axioms... [0.000s CPU, 0.000s wall-clock]
Translator axioms removed by simplifying: 0
Computing negative axioms... [0.000s CPU, 0.000s wall-clock]
Processing axioms: [0.070s CPU, 0.063s wall-clock]
Translating task: [1.340s CPU, 1.348s wall-clock]
0 effect conditions simplified
0 implied preconditions added
Detecting unreachable propositions...
0 operators removed
0 axioms removed
76 propositions removed
Detecting unreachable propositions: [0.950s CPU, 0.942s wall-clock]
Reordering and filtering variables...
76 of 76 variables necessary.
0 of 76 mutex groups necessary.
47768 of 47768 operators necessary.
0 of 0 axiom rules necessary.
Reordering and filtering variables: [0.160s CPU, 0.166s wall-clock]
Translator variables: 76
Translator derived variables: 0
Translator facts: 3068
Translator goal facts: 60
Translator mutex groups: 0
Translator total mutex groups size: 0
Translator operators: 47768
Translator axioms: 0
Translator task size: 287628
Translator peak memory: 223264 KB
Writing output... [0.210s CPU, 0.210s wall-clock]
Done! [5.390s CPU, 5.397s wall-clock]
translate exit code: 0

INFO     Running search (release).
INFO     search stdin: output.sas
INFO     search time limit: 294s
INFO     search memory limit: 3584 MB
INFO     search command line string: /usr/local/downward-projects/downward/experiments/src/thesis/data/thesis-thesis_exp/code-d93485cdd92f65ede2ae3573b3f4adda0b49e4fd_e5e41175/builds/release/bin/downward --evaluator 'h=ff()' --search 'eager(alt([type_based([h, g()], random_seed=-1), single(h)]))' --internal-plan-file sas_plan < output.sas
[t=0.00214408s, 11364 KB] reading input...
[t=0.134033s, 24420 KB] done reading input!
[t=0.145989s, 29708 KB] Simplifying 94808 unary operators... done! [94808 unary operators]
[t=0.245723s, 38296 KB] time to simplify: 0.103735s
[t=0.254571s, 38296 KB] Initializing additive heuristic...
[t=0.255522s, 38296 KB] Initializing FF heuristic...
[t=0.255556s, 38296 KB] Building successor generator...done!
[t=0.274745s, 40288 KB] peak memory difference for successor generator creation: 1992 KB
[t=0.274827s, 40288 KB] time for successor generation creation: 0.0178877s
[t=0.274853s, 40288 KB] Variables: 76
[t=0.274882s, 40288 KB] FactPairs: 3068
[t=0.274905s, 40288 KB] Bytes per state: 56
[t=0.274928s, 40288 KB] Conducting best first search without reopening closed nodes, (real) bound = 2147483647
[t=0.277443s, 40288 KB] New best heuristic value for ff(): 350
[t=0.277504s, 40288 KB] g=0, 1 evaluated, 0 expanded
[t=0.277531s, 40288 KB] Initial heuristic value for ff(): 350
[t=0.277559s, 40288 KB] pruning method: none
[t=0.277582s, 40288 KB] Start Timestep: 1687942282608 millisecond(s).
[t=0.285377s, 40288 KB] New best heuristic value for ff(): 349
[t=0.285909s, 40288 KB] g=6, 7 evaluated, 1 expanded
[t=0.297343s, 40288 KB] New best heuristic value for ff(): 347
[t=0.300986s, 40288 KB] g=6, 18 evaluated, 1 expanded
[t=0.301311s, 40288 KB] New best heuristic value for ff(): 346
[t=0.302468s, 40288 KB] g=7, 19 evaluated, 1 expanded
[t=0.313276s, 40288 KB] New best heuristic value for ff(): 345
[t=0.316229s, 40288 KB] g=6, 29 evaluated, 1 expanded
[t=0.318474s, 40288 KB] New best heuristic value for ff(): 341
[t=0.31911s, 40288 KB] g=8, 31 evaluated, 1 expanded
[t=0.333172s, 40288 KB] New best heuristic value for ff(): 338
[t=0.334392s, 40288 KB] g=11, 42 evaluated, 1 expanded
[t=0.334425s, 40288 KB] New best heuristic value for ff(): 335
[t=0.335828s, 40288 KB] g=10, 43 evaluated, 1 expanded
[t=0.337108s, 40288 KB] New best heuristic value for ff(): 334
[t=0.337259s, 40288 KB] g=9, 44 evaluated, 1 expanded
[t=0.405051s, 40288 KB] New best heuristic value for ff(): 333
[t=0.405246s, 40288 KB] g=15, 94 evaluated, 2 expanded
[t=0.418399s, 40288 KB] New best heuristic value for ff(): 331
[t=0.420221s, 40288 KB] g=15, 105 evaluated, 2 expanded
[t=0.420938s, 40288 KB] New best heuristic value for ff(): 330
[t=0.421672s, 40288 KB] g=16, 106 evaluated, 2 expanded
[t=0.432907s, 40288 KB] New best heuristic value for ff(): 329
[t=0.435281s, 40288 KB] g=15, 116 evaluated, 2 expanded
[t=0.436875s, 40288 KB] New best heuristic value for ff(): 325
[t=0.4381s, 40288 KB] g=17, 118 evaluated, 2 expanded
[t=0.608778s, 40288 KB] New best heuristic value for ff(): 324
[t=0.611776s, 40288 KB] g=23, 246 evaluated, 4 expanded
[t=0.624704s, 40288 KB] New best heuristic value for ff(): 322
[t=0.627045s, 40288 KB] g=23, 257 evaluated, 4 expanded
[t=0.627079s, 40288 KB] New best heuristic value for ff(): 321
[t=0.62848s, 40288 KB] g=24, 258 evaluated, 4 expanded
[t=0.808486s, 40288 KB] New best heuristic value for ff(): 320
[t=0.810041s, 40288 KB] g=30, 392 evaluated, 6 expanded
Peak memory: 66724 KB
caught signal 24 -- exiting
Time limit has been reached.
Remove intermediate file output.sas
search exit code: 23

Driver aborting after search
INFO     Planner time: 299.36s
