INFO     planner time limit: 900s
INFO     planner memory limit: 3584 MB

INFO     Running translator.
INFO     translator stdin: None
INFO     translator time limit: 899s
INFO     translator memory limit: 3584 MB
INFO     translator command line string: /usr/local/downward-projects/downward/experiments/assign3/.venv/bin/python3 /usr/local/downward-projects/downward/experiments/assign3/data/assign3-anytime_exp/code-fe4f0f1bb525c059c1938ac01bab1b7bae200873_e5e41175/builds/release/bin/translate/translate.py domain.pddl problem.pddl --sas-file output.sas
Parsing...
Parsing: [0.130s CPU, 0.139s wall-clock]
Normalizing task... [0.010s CPU, 0.008s wall-clock]
Instantiating...
Generating Datalog program... [0.040s CPU, 0.042s wall-clock]
Normalizing Datalog program...
Normalizing Datalog program: [0.000s CPU, 0.001s wall-clock]
Preparing model... [0.220s CPU, 0.217s wall-clock]
Generated 23 rules.
Computing model... [0.590s CPU, 0.598s wall-clock]
33381 relevant atoms
60724 auxiliary atoms
94105 final queue length
106716 total queue pushes
Completing instantiation... [0.300s CPU, 0.310s wall-clock]
Instantiating: [1.200s CPU, 1.214s wall-clock]
Computing fact groups...
Finding invariants...
9 initial candidates
Finding invariants: [0.000s CPU, 0.007s wall-clock]
Checking invariant weight... [0.010s CPU, 0.011s wall-clock]
Instantiating groups... [0.010s CPU, 0.004s wall-clock]
Collecting mutex groups... [0.000s CPU, 0.000s wall-clock]
Choosing groups...
0 uncovered facts
Choosing groups: [0.000s CPU, 0.001s wall-clock]
Building translation key... [0.000s CPU, 0.000s wall-clock]
Computing fact groups: [0.020s CPU, 0.025s wall-clock]
Building STRIPS to SAS dictionary... [0.000s CPU, 0.000s wall-clock]
Building dictionary for full mutex groups... [0.000s CPU, 0.000s wall-clock]
Building mutex information...
Building mutex information: [0.000s CPU, 0.000s wall-clock]
Translating task...
Processing axioms...
Simplifying axioms... [0.000s CPU, 0.000s wall-clock]
Translator axioms removed by simplifying: 0
Computing negative axioms... [0.000s CPU, 0.000s wall-clock]
Processing axioms: [0.010s CPU, 0.010s wall-clock]
Translating task: [0.210s CPU, 0.212s wall-clock]
0 effect conditions simplified
0 implied preconditions added
Detecting unreachable propositions...
0 operators removed
0 axioms removed
12 propositions removed
Detecting unreachable propositions: [0.180s CPU, 0.182s wall-clock]
Reordering and filtering variables...
12 of 12 variables necessary.
0 of 12 mutex groups necessary.
6572 of 6572 operators necessary.
0 of 0 axiom rules necessary.
Reordering and filtering variables: [0.020s CPU, 0.021s wall-clock]
Translator variables: 12
Translator derived variables: 0
Translator facts: 345
Translator goal facts: 10
Translator mutex groups: 0
Translator total mutex groups size: 0
Translator operators: 6572
Translator axioms: 0
Translator task size: 33027
Translator peak memory: 82428 KB
Writing output... [0.030s CPU, 0.029s wall-clock]
Done! [1.810s CPU, 1.844s wall-clock]
translate exit code: 0

INFO     Running search (release).
INFO     search stdin: output.sas
INFO     search time limit: 898s
INFO     search memory limit: 3584 MB
INFO     search command line string: /usr/local/downward-projects/downward/experiments/assign3/data/assign3-anytime_exp/code-fe4f0f1bb525c059c1938ac01bab1b7bae200873_e5e41175/builds/release/bin/downward --evaluator 'h=lmcut()' --search 'eager_anytime(alt(
        [single(weight(h, 2, verbosity=normal)), type_based([h, g()], random_seed=1234)]), 
        reopen_closed=true, f_eval=sum([h, g()]))' --internal-plan-file sas_plan < output.sas
[t=0.00105235s, 10884 KB] reading input...
[t=0.01989s, 12684 KB] done reading input!
[t=0.0250878s, 14132 KB] Initializing landmark cut heuristic...
[t=0.025625s, 14132 KB] Building successor generator...done!
[t=0.027464s, 14848 KB] peak memory difference for successor generator creation: 716 KB
[t=0.027546s, 14848 KB] time for successor generation creation: 0.00138025s
[t=0.0275738s, 14848 KB] Variables: 12
[t=0.0276561s, 14848 KB] FactPairs: 345
[t=0.0276798s, 14848 KB] Bytes per state: 8
[t=0.0277033s, 14848 KB] Conducting best first anytime search with reopening closed nodes, (real) bound = 2147483647
[t=0.0291106s, 14848 KB] New best heuristic value for lmcut(): 26
[t=0.0299662s, 14848 KB] g=0, 1 evaluated, 0 expanded
[t=0.0299963s, 14848 KB] Initial heuristic value for lmcut(): 26
[t=0.0300279s, 14848 KB] Start Timestep: 1682500128879 millisecond(s).
[t=0.0406186s, 14848 KB] New best heuristic value for lmcut(): 24
[t=0.0408159s, 14848 KB] g=2, 7 evaluated, 2 expanded
[t=0.0736331s, 14848 KB] New best heuristic value for lmcut(): 23
[t=0.0738465s, 14848 KB] g=4, 27 evaluated, 6 expanded
[t=0.112004s, 14848 KB] New best heuristic value for lmcut(): 22
[t=0.112226s, 14848 KB] g=5, 52 evaluated, 11 expanded
[t=0.194039s, 14848 KB] New best heuristic value for lmcut(): 21
[t=0.194308s, 14848 KB] g=8, 111 evaluated, 23 expanded
[t=0.21866s, 14848 KB] New best heuristic value for lmcut(): 20
[t=0.219033s, 14848 KB] g=9, 130 evaluated, 27 expanded
[t=0.284873s, 14848 KB] New best heuristic value for lmcut(): 19
[t=0.285882s, 14848 KB] g=11, 186 evaluated, 40 expanded
[t=0.3142s, 14848 KB] New best heuristic value for lmcut(): 18
[t=0.314928s, 14848 KB] g=12, 212 evaluated, 46 expanded
[t=0.341498s, 14848 KB] New best heuristic value for lmcut(): 17
[t=0.341715s, 14848 KB] g=13, 237 evaluated, 51 expanded
[t=0.393011s, 14848 KB] New best heuristic value for lmcut(): 16
[t=0.393367s, 14848 KB] g=15, 286 evaluated, 60 expanded
[t=0.444501s, 14848 KB] New best heuristic value for lmcut(): 15
[t=0.445373s, 14848 KB] g=17, 343 evaluated, 69 expanded
[t=0.472823s, 14848 KB] New best heuristic value for lmcut(): 14
[t=0.473156s, 14848 KB] g=19, 372 evaluated, 74 expanded
[t=0.479388s, 14848 KB] New best heuristic value for lmcut(): 13
[t=0.479725s, 14848 KB] g=20, 380 evaluated, 76 expanded
[t=0.584155s, 14848 KB] New best heuristic value for lmcut(): 12
[t=0.584665s, 14848 KB] g=23, 559 evaluated, 107 expanded
[t=0.593914s, 14848 KB] New best heuristic value for lmcut(): 11
[t=0.594016s, 14848 KB] g=24, 571 evaluated, 109 expanded
[t=0.596656s, 14848 KB] New best heuristic value for lmcut(): 10
[t=0.597286s, 14848 KB] g=25, 581 evaluated, 110 expanded
[t=0.597745s, 14848 KB] New best heuristic value for lmcut(): 9
[t=0.598718s, 14848 KB] g=26, 586 evaluated, 111 expanded
[t=0.705991s, 14848 KB] New best heuristic value for lmcut(): 8
[t=0.706913s, 14848 KB] g=32, 760 evaluated, 155 expanded
[t=7.24463s, 15400 KB] New best heuristic value for lmcut(): 7
[t=7.24504s, 15400 KB] g=32, 11375 evaluated, 3565 expanded, 104 reopened
[t=10.1067s, 15532 KB] New best heuristic value for lmcut(): 6
[t=10.1077s, 15532 KB] g=31, 16650 evaluated, 5381 expanded, 229 reopened
[t=10.1129s, 15532 KB] New best heuristic value for lmcut(): 5
[t=10.1132s, 15532 KB] g=32, 16663 evaluated, 5383 expanded, 229 reopened
[t=10.1213s, 15532 KB] New best heuristic value for lmcut(): 4
[t=10.1214s, 15532 KB] g=33, 16675 evaluated, 5385 expanded, 229 reopened
[t=107.634s, 29948 KB] New best heuristic value for lmcut(): 3
[t=107.634s, 29948 KB] g=34, 229049 evaluated, 86899 expanded, 9952 reopened
[t=107.642s, 29948 KB] New best heuristic value for lmcut(): 2
[t=107.642s, 29948 KB] g=35, 229061 evaluated, 86901 expanded, 9952 reopened
[t=107.642s, 29948 KB] New best heuristic value for lmcut(): 1
[t=107.642s, 29948 KB] g=36, 229062 evaluated, 86903 expanded, 9953 reopened
[t=107.643s, 29948 KB] New best heuristic value for lmcut(): 0
[t=107.643s, 29948 KB] g=37, 229066 evaluated, 86905 expanded, 9953 reopened
[t=107.644s, 29948 KB] Solution found!
drive t0 l9 l3 level215 level10 level225 (1)
load p8 t0 l3 (1)
drive t0 l3 l0 level213 level2 level215 (1)
load p5 t0 l0 (1)
drive t0 l0 l3 level211 level2 level213 (1)
load p0 t0 l3 (1)
drive t0 l3 l7 level200 level11 level211 (1)
unload p5 t0 l7 (1)
unload p0 t0 l7 (1)
drive t0 l7 l4 level184 level16 level200 (1)
load p1 t0 l4 (1)
load p3 t0 l4 (1)
load p9 t0 l4 (1)
load p4 t0 l4 (1)
drive t0 l4 l7 level168 level16 level184 (1)
unload p3 t0 l7 (1)
drive t0 l7 l1 level150 level18 level168 (1)
unload p8 t0 l1 (1)
drive t0 l1 l7 level132 level18 level150 (1)
drive t0 l7 l3 level121 level11 level132 (1)
unload p4 t0 l3 (1)
drive t0 l3 l9 level111 level10 level121 (1)
unload p9 t0 l9 (1)
drive t0 l9 l3 level101 level10 level111 (1)
drive t0 l3 l2 level80 level21 level101 (1)
load p2 t0 l2 (1)
drive t0 l2 l8 level60 level20 level80 (1)
load p7 t0 l8 (1)
load p6 t0 l8 (1)
drive t0 l8 l2 level40 level20 level60 (1)
drive t0 l2 l6 level28 level12 level40 (1)
unload p6 t0 l6 (1)
drive t0 l6 l5 level6 level22 level28 (1)
unload p2 t0 l5 (1)
unload p1 t0 l5 (1)
drive t0 l5 l4 level3 level3 level6 (1)
unload p7 t0 l4 (1)
[t=107.645s, 29948 KB] Plan length: 37 step(s).
[t=107.645s, 29948 KB] Plan cost: 37
[t=107.645s, 29948 KB] Solution: Incumbent solution found!
[t=107.645s, 29948 KB] Solution Timestep: 1682500237316 millisecond(s).
[t=107.645s, 29948 KB] Timestamp: 1682500237316 millisecond(s).
[t=107.645s, 29948 KB] Expanded 86907 state(s).
[t=107.645s, 29948 KB] Reopened 9953 state(s).
[t=107.645s, 29948 KB] Evaluated 229069 state(s).
[t=107.645s, 29948 KB] Evaluations: 335040
[t=107.645s, 29948 KB] Generated 527119 state(s).
[t=107.645s, 29948 KB] Dead ends: 0 state(s).
[t=107.645s, 29948 KB] Number of registered states: 335040
[t=107.645s, 29948 KB] Int hash set load factor: 335040/524288 = 0.639038
[t=107.645s, 29948 KB] Int hash set resizes: 19
[t=256.5s, 45348 KB] Solution found!
drive t0 l9 l3 level215 level10 level225 (1)
load p0 t0 l3 (1)
load p8 t0 l3 (1)
drive t0 l3 l0 level213 level2 level215 (1)
load p5 t0 l0 (1)
drive t0 l0 l1 level206 level7 level213 (1)
unload p8 t0 l1 (1)
drive t0 l1 l7 level188 level18 level206 (1)
drive t0 l7 l4 level172 level16 level188 (1)
load p1 t0 l4 (1)
load p3 t0 l4 (1)
load p9 t0 l4 (1)
load p4 t0 l4 (1)
drive t0 l4 l7 level156 level16 level172 (1)
unload p0 t0 l7 (1)
unload p5 t0 l7 (1)
unload p3 t0 l7 (1)
drive t0 l7 l3 level145 level11 level156 (1)
unload p4 t0 l3 (1)
drive t0 l3 l9 level135 level10 level145 (1)
unload p9 t0 l9 (1)
drive t0 l9 l3 level125 level10 level135 (1)
drive t0 l3 l2 level104 level21 level125 (1)
load p2 t0 l2 (1)
drive t0 l2 l8 level84 level20 level104 (1)
load p7 t0 l8 (1)
load p6 t0 l8 (1)
drive t0 l8 l2 level64 level20 level84 (1)
drive t0 l2 l6 level52 level12 level64 (1)
unload p6 t0 l6 (1)
drive t0 l6 l5 level30 level22 level52 (1)
unload p2 t0 l5 (1)
unload p1 t0 l5 (1)
drive t0 l5 l4 level27 level3 level30 (1)
unload p7 t0 l4 (1)
[t=256.501s, 45348 KB] Plan length: 35 step(s).
[t=256.501s, 45348 KB] Plan cost: 35
[t=256.501s, 45348 KB] Solution: Incumbent solution found!
[t=256.501s, 45348 KB] Solution Timestep: 1682500388063 millisecond(s).
[t=256.501s, 45348 KB] Timestamp: 1682500388063 millisecond(s).
[t=256.501s, 45348 KB] Expanded 188138 state(s).
[t=256.501s, 45348 KB] Reopened 10773 state(s).
[t=256.501s, 45348 KB] Evaluated 268285 state(s).
[t=256.501s, 45348 KB] Evaluations: 739970
[t=256.501s, 45348 KB] Generated 1154924 state(s).
[t=256.501s, 45348 KB] Dead ends: 0 state(s).
[t=256.501s, 45348 KB] Number of registered states: 739970
[t=256.501s, 45348 KB] Int hash set load factor: 739970/1048576 = 0.70569
[t=256.501s, 45348 KB] Int hash set resizes: 20
[t=624.462s, 68308 KB] Solution found!
drive t0 l9 l3 level215 level10 level225 (1)
load p0 t0 l3 (1)
load p8 t0 l3 (1)
drive t0 l3 l2 level194 level21 level215 (1)
drive t0 l2 l8 level174 level20 level194 (1)
load p7 t0 l8 (1)
load p6 t0 l8 (1)
drive t0 l8 l2 level154 level20 level174 (1)
load p2 t0 l2 (1)
drive t0 l2 l0 level141 level13 level154 (1)
load p5 t0 l0 (1)
drive t0 l0 l1 level134 level7 level141 (1)
unload p8 t0 l1 (1)
drive t0 l1 l6 level128 level6 level134 (1)
unload p6 t0 l6 (1)
drive t0 l6 l5 level106 level22 level128 (1)
unload p2 t0 l5 (1)
drive t0 l5 l4 level103 level3 level106 (1)
load p9 t0 l4 (1)
unload p7 t0 l4 (1)
load p4 t0 l4 (1)
load p3 t0 l4 (1)
load p1 t0 l4 (1)
drive t0 l4 l5 level100 level3 level103 (1)
unload p1 t0 l5 (1)
drive t0 l5 l3 level88 level12 level100 (1)
unload p4 t0 l3 (1)
drive t0 l3 l7 level77 level11 level88 (1)
unload p5 t0 l7 (1)
unload p3 t0 l7 (1)
unload p0 t0 l7 (1)
drive t0 l7 l3 level66 level11 level77 (1)
drive t0 l3 l9 level56 level10 level66 (1)
unload p9 t0 l9 (1)
[t=624.462s, 68308 KB] Plan length: 34 step(s).
[t=624.462s, 68308 KB] Plan cost: 34
[t=624.462s, 68308 KB] Solution: Incumbent solution found!
[t=624.462s, 68308 KB] Solution Timestep: 1682500758518 millisecond(s).
[t=624.462s, 68308 KB] Timestamp: 1682500758518 millisecond(s).
[t=624.462s, 68308 KB] Expanded 306975 state(s).
[t=624.462s, 68308 KB] Reopened 15044 state(s).
[t=624.462s, 68308 KB] Evaluated 348648 state(s).
[t=624.462s, 68308 KB] Evaluations: 1256278
[t=624.462s, 68308 KB] Generated 1931067 state(s).
[t=624.462s, 68308 KB] Dead ends: 0 state(s).
[t=624.462s, 68308 KB] Number of registered states: 1256278
[t=624.462s, 68308 KB] Int hash set load factor: 1256278/2097152 = 0.59904
[t=624.462s, 68308 KB] Int hash set resizes: 21
Peak memory: 76732 KB
caught signal 24 -- exiting
Time limit has been reached.
Remove intermediate file output.sas
search exit code: 23

Driver aborting after search
INFO     Planner time: 897.63s
