INFO     planner time limit: 900s
INFO     planner memory limit: 3584 MB

INFO     Running translator.
INFO     translator stdin: None
INFO     translator time limit: 899s
INFO     translator memory limit: 3584 MB
INFO     translator command line string: /usr/local/downward-projects/downward/experiments/.venv/bin/python3 /usr/local/downward-projects/downward/experiments/src/thesis/data/thesis-thesis_exp/code-f7a4f68fd467cf7cff4d3dfcfdfcfa2023e44324_e5e41175/builds/release/bin/translate/translate.py domain.pddl problem.pddl --sas-file output.sas
Parsing...
Parsing: [0.100s CPU, 0.100s wall-clock]
Normalizing task... [0.020s CPU, 0.016s wall-clock]
Instantiating...
Generating Datalog program... [0.020s CPU, 0.021s wall-clock]
Normalizing Datalog program...
Normalizing Datalog program: [0.050s CPU, 0.056s wall-clock]
Preparing model... [0.090s CPU, 0.083s wall-clock]
Generated 3676 rules.
Computing model... [13.920s CPU, 13.945s wall-clock]
449686 relevant atoms
663168 auxiliary atoms
1112854 final queue length
1991760 total queue pushes
Completing instantiation... [21.960s CPU, 21.969s wall-clock]
Instantiating: [37.260s CPU, 37.292s wall-clock]
Computing fact groups...
Finding invariants...
10 initial candidates
Finding invariants: [0.170s CPU, 0.174s wall-clock]
Checking invariant weight... [0.010s CPU, 0.008s wall-clock]
Instantiating groups... [0.000s CPU, 0.006s wall-clock]
Collecting mutex groups... [0.000s CPU, 0.002s wall-clock]
Choosing groups...
425 uncovered facts
Choosing groups: [0.010s CPU, 0.006s wall-clock]
Building translation key... [0.010s CPU, 0.002s wall-clock]
Computing fact groups: [0.210s CPU, 0.212s wall-clock]
Building STRIPS to SAS dictionary... [0.000s CPU, 0.002s wall-clock]
Building dictionary for full mutex groups... [0.000s CPU, 0.003s wall-clock]
Building mutex information...
Building mutex information: [0.000s CPU, 0.003s wall-clock]
Translating task...
Processing axioms...
Simplifying axioms... [0.000s CPU, 0.000s wall-clock]
Translator axioms removed by simplifying: 0
Computing negative axioms... [0.000s CPU, 0.000s wall-clock]
Processing axioms: [0.680s CPU, 0.677s wall-clock]
Translating task: [17.710s CPU, 17.725s wall-clock]
0 effect conditions simplified
0 implied preconditions added
Detecting unreachable propositions...
0 operators removed
0 axioms removed
470 propositions removed
Detecting unreachable propositions: [11.570s CPU, 11.578s wall-clock]
Reordering and filtering variables...
895 of 895 variables necessary.
0 of 939 mutex groups necessary.
440816 of 440816 operators necessary.
0 of 0 axiom rules necessary.
Reordering and filtering variables: [1.840s CPU, 1.837s wall-clock]
Translator variables: 895
Translator derived variables: 0
Translator facts: 2727
Translator goal facts: 469
Translator mutex groups: 0
Translator total mutex groups size: 0
Translator operators: 440816
Translator axioms: 0
Translator task size: 3149203
Translator peak memory: 1904008 KB
Writing output... [2.300s CPU, 2.316s wall-clock]
Done! [71.880s CPU, 71.950s wall-clock]
translate exit code: 0

INFO     Running search (release).
INFO     search stdin: output.sas
INFO     search time limit: 827s
INFO     search memory limit: 3584 MB
INFO     search command line string: /usr/local/downward-projects/downward/experiments/src/thesis/data/thesis-thesis_exp/code-f7a4f68fd467cf7cff4d3dfcfdfcfa2023e44324_e5e41175/builds/release/bin/downward --evaluator 'h=ff()' --search 'eager(alt([lwm_based_type(h), single(h)]))' --internal-plan-file sas_plan < output.sas
[t=0.0019488s, 11000 KB] reading input...
[t=1.3895s, 133104 KB] done reading input!
[t=1.52139s, 182620 KB] Simplifying 880738 unary operators... done! [880738 unary operators]
[t=3.35251s, 266752 KB] time to simplify: 1.83111s
[t=3.38843s, 266752 KB] Initializing additive heuristic...
[t=3.38857s, 266752 KB] Initializing FF heuristic...
[t=3.38861s, 266752 KB] Building successor generator...done!
[t=3.63204s, 266752 KB] peak memory difference for successor generator creation: 0 KB
[t=3.63211s, 266752 KB] time for successor generation creation: 0.239348s
[t=3.63214s, 266752 KB] Variables: 895
[t=3.63219s, 266752 KB] FactPairs: 2727
[t=3.63221s, 266752 KB] Bytes per state: 172
[t=3.63223s, 266752 KB] Conducting best first search without reopening closed nodes, (real) bound = 2147483647
[t=3.65197s, 266752 KB] New best heuristic value for ff(): 1
[t=3.65474s, 266752 KB] g=0, 1 evaluated, 0 expanded
[t=3.65477s, 266752 KB] Initial heuristic value for ff(): 1
[t=3.6548s, 266752 KB] pruning method: none
[t=3.65483s, 266752 KB] Start Timestep: 1684365185666 millisecond(s).
[t=3.67986s, 266752 KB] New best heuristic value for ff(): 0
[t=3.68134s, 266752 KB] g=1, 2 evaluated, 1 expanded
Peak memory: 266752 KB
caught signal 24 -- exiting
Time limit has been reached.
Remove intermediate file output.sas
search exit code: 23

Driver aborting after search
INFO     Planner time: 894.30s
