INFO     planner time limit: 600s
INFO     planner memory limit: 3584 MB

INFO     Running translator.
INFO     translator stdin: None
INFO     translator time limit: 599s
INFO     translator memory limit: 3584 MB
INFO     translator command line string: /usr/local/downward-projects/downward/experiments/src/thesis/.venv/bin/python3 /usr/local/downward-projects/downward/experiments/src/thesis/data/thesis-thesis_exp/code-84c08dfff1890fbf6247184940c8166177195ea1_e5e41175/builds/release/bin/translate/translate.py domain.pddl problem.pddl --sas-file output.sas
Parsing...
Parsing: [0.000s CPU, 0.003s wall-clock]
Normalizing task... [0.000s CPU, 0.000s wall-clock]
Instantiating...
Generating Datalog program... [0.010s CPU, 0.001s wall-clock]
Normalizing Datalog program...
Normalizing Datalog program: [0.000s CPU, 0.002s wall-clock]
Preparing model... [0.000s CPU, 0.002s wall-clock]
Generated 38 rules.
Computing model... [0.030s CPU, 0.019s wall-clock]
1294 relevant atoms
1888 auxiliary atoms
3182 final queue length
4108 total queue pushes
Completing instantiation... [0.010s CPU, 0.015s wall-clock]
Instantiating: [0.050s CPU, 0.041s wall-clock]
Computing fact groups...
Finding invariants...
7 initial candidates
Finding invariants: [0.010s CPU, 0.004s wall-clock]
Checking invariant weight... [0.000s CPU, 0.000s wall-clock]
Instantiating groups... [0.000s CPU, 0.005s wall-clock]
Collecting mutex groups... [0.000s CPU, 0.000s wall-clock]
Choosing groups...
58 uncovered facts
Choosing groups: [0.000s CPU, 0.001s wall-clock]
Building translation key... [0.000s CPU, 0.000s wall-clock]
Computing fact groups: [0.010s CPU, 0.012s wall-clock]
Building STRIPS to SAS dictionary... [0.000s CPU, 0.000s wall-clock]
Building dictionary for full mutex groups... [0.000s CPU, 0.000s wall-clock]
Building mutex information...
Building mutex information: [0.000s CPU, 0.000s wall-clock]
Translating task...
Processing axioms...
Simplifying axioms... [0.000s CPU, 0.000s wall-clock]
Translator axioms removed by simplifying: 0
Computing negative axioms... [0.000s CPU, 0.000s wall-clock]
Processing axioms: [0.000s CPU, 0.001s wall-clock]
Translating task: [0.020s CPU, 0.016s wall-clock]
646 effect conditions simplified
0 implied preconditions added
Detecting unreachable propositions...
0 operators removed
0 axioms removed
28 propositions removed
Detecting unreachable propositions: [0.000s CPU, 0.008s wall-clock]
Reordering and filtering variables...
53 of 53 variables necessary.
42 of 48 mutex groups necessary.
400 of 400 operators necessary.
0 of 0 axiom rules necessary.
Reordering and filtering variables: [0.010s CPU, 0.004s wall-clock]
Translator variables: 53
Translator derived variables: 0
Translator facts: 309
Translator goal facts: 5
Translator mutex groups: 42
Translator total mutex groups size: 257
Translator operators: 400
Translator axioms: 0
Translator task size: 3912
Translator peak memory: 34972 KB
Writing output... [0.000s CPU, 0.003s wall-clock]
Done! [0.090s CPU, 0.090s wall-clock]
translate exit code: 0

INFO     Running search (release).
INFO     search stdin: output.sas
INFO     search time limit: 599s
INFO     search memory limit: 3584 MB
INFO     search command line string: /usr/local/downward-projects/downward/experiments/src/thesis/data/thesis-thesis_exp/code-84c08dfff1890fbf6247184940c8166177195ea1_e5e41175/builds/release/bin/downward --evaluator 'h=ff()' --search 'eager(partition(h, h_partition(), inter_uniform(), intra_uniform() )) ' --internal-plan-file sas_plan < output.sas
[t=0s, 11732 KB] reading input...
[t=0.00151035s, 12024 KB] done reading input!
[t=0.00394423s, 12428 KB] Simplifying 1792 unary operators... done! [1792 unary operators]
[t=0.00637933s, 12428 KB] time to simplify: 0.00243511s
[t=0.00648407s, 12428 KB] Initializing additive heuristic...
[t=0.00660383s, 12428 KB] Initializing FF heuristic...
[t=0.00662884s, 12428 KB] Building successor generator...done!
[t=0.0069242s, 12428 KB] peak memory difference for successor generator creation: 0 KB
[t=0.00697165s, 12428 KB] time for successor generation creation: 0s
[t=0.00699653s, 12428 KB] Variables: 53
[t=0.00702253s, 12428 KB] FactPairs: 309
[t=0.0070457s, 12428 KB] Bytes per state: 12
[t=0.00706861s, 12428 KB] Conducting best first search without reopening closed nodes, (real) bound = 2147483647
[t=0.00711489s, 12428 KB] New best heuristic value for ff(): 25
[t=0.00717817s, 12428 KB] g=0, 1 evaluated, 0 expanded
[t=0.0072018s, 12428 KB] Initial heuristic value for ff(): 25
[t=0.00722943s, 12428 KB] pruning method: none
[t=0.00725205s, 12428 KB] Start Timestep: 1693647974277 millisecond(s).
[t=0.00729569s, 12428 KB] New best heuristic value for ff(): 24
[t=0.00735955s, 12428 KB] g=0, 2 evaluated, 1 expanded
[t=0.00738276s, 12428 KB] New best heuristic value for ff(): 22
[t=0.00772458s, 12428 KB] g=1, 15 evaluated, 9 expanded
[t=0.0116948s, 12428 KB] New best heuristic value for ff(): 21
[t=0.0118715s, 12428 KB] g=2, 180 evaluated, 130 expanded
[t=0.0118983s, 12428 KB] New best heuristic value for ff(): 20
[t=0.0143799s, 12428 KB] g=4, 272 evaluated, 186 expanded
[t=0.0276389s, 12428 KB] New best heuristic value for ff(): 19
[t=0.0285395s, 12428 KB] g=4, 660 evaluated, 422 expanded
[t=0.051598s, 12428 KB] New best heuristic value for ff(): 18
[t=0.0545156s, 12428 KB] g=5, 1144 evaluated, 728 expanded
[t=0.607442s, 12964 KB] New best heuristic value for ff(): 17
[t=0.607963s, 12964 KB] g=6, 5595 evaluated, 3623 expanded
[t=1.07532s, 13160 KB] New best heuristic value for ff(): 16
[t=1.07862s, 13160 KB] g=10, 7659 evaluated, 4984 expanded
[t=1.50314s, 13352 KB] New best heuristic value for ff(): 15
[t=1.5066s, 13352 KB] g=11, 9106 evaluated, 5991 expanded
[t=12.5638s, 14940 KB] New best heuristic value for ff(): 14
[t=12.567s, 14940 KB] g=10, 26734 evaluated, 18718 expanded
[t=81.807s, 18540 KB] New best heuristic value for ff(): 13
[t=81.8093s, 18540 KB] g=11, 62826 evaluated, 45960 expanded
[t=211.452s, 21296 KB] New best heuristic value for ff(): 12
[t=211.454s, 21296 KB] g=11, 97713 evaluated, 72939 expanded
Peak memory: 26840 KB
caught signal 24 -- exiting
Time limit has been reached.
Remove intermediate file output.sas
search exit code: 23

Driver aborting after search
INFO     Planner time: 599.00s
