INFO     planner time limit: 900s
INFO     planner memory limit: 3584 MB

INFO     Running translator.
INFO     translator stdin: None
INFO     translator time limit: 899s
INFO     translator memory limit: 3584 MB
INFO     translator command line string: /usr/local/downward-projects/downward/experiments/.venv/bin/python3 /usr/local/downward-projects/downward/experiments/src/thesis/data/thesis-thesis_exp/code-beb2e19b3d35a0ced2c328754445ca6967892fa8_e5e41175/builds/release/bin/translate/translate.py domain.pddl problem.pddl --sas-file output.sas
Parsing...
Parsing: [0.050s CPU, 0.053s wall-clock]
Normalizing task... [0.000s CPU, 0.004s wall-clock]
Instantiating...
Generating Datalog program... [0.010s CPU, 0.010s wall-clock]
Normalizing Datalog program...
Normalizing Datalog program: [0.030s CPU, 0.026s wall-clock]
Preparing model... [0.040s CPU, 0.043s wall-clock]
Generated 1552 rules.
Computing model... [2.470s CPU, 2.491s wall-clock]
83044 relevant atoms
119000 auxiliary atoms
202044 final queue length
358464 total queue pushes
Completing instantiation... [4.460s CPU, 4.501s wall-clock]
Instantiating: [7.190s CPU, 7.260s wall-clock]
Computing fact groups...
Finding invariants...
10 initial candidates
Finding invariants: [0.060s CPU, 0.058s wall-clock]
Checking invariant weight... [0.000s CPU, 0.004s wall-clock]
Instantiating groups... [0.000s CPU, 0.002s wall-clock]
Collecting mutex groups... [0.000s CPU, 0.001s wall-clock]
Choosing groups...
176 uncovered facts
Choosing groups: [0.000s CPU, 0.002s wall-clock]
Building translation key... [0.000s CPU, 0.001s wall-clock]
Computing fact groups: [0.070s CPU, 0.074s wall-clock]
Building STRIPS to SAS dictionary... [0.000s CPU, 0.001s wall-clock]
Building dictionary for full mutex groups... [0.000s CPU, 0.002s wall-clock]
Building mutex information...
Building mutex information: [0.010s CPU, 0.001s wall-clock]
Translating task...
Processing axioms...
Simplifying axioms... [0.000s CPU, 0.000s wall-clock]
Translator axioms removed by simplifying: 0
Computing negative axioms... [0.000s CPU, 0.000s wall-clock]
Processing axioms: [0.140s CPU, 0.145s wall-clock]
Translating task: [3.060s CPU, 3.098s wall-clock]
0 effect conditions simplified
0 implied preconditions added
Detecting unreachable propositions...
0 operators removed
0 axioms removed
199 propositions removed
Detecting unreachable propositions: [2.110s CPU, 2.130s wall-clock]
Reordering and filtering variables...
375 of 375 variables necessary.
0 of 397 mutex groups necessary.
78782 of 78782 operators necessary.
0 of 0 axiom rules necessary.
Reordering and filtering variables: [0.410s CPU, 0.406s wall-clock]
Translator variables: 375
Translator derived variables: 0
Translator facts: 1145
Translator goal facts: 198
Translator mutex groups: 0
Translator total mutex groups size: 0
Translator operators: 78782
Translator axioms: 0
Translator task size: 668505
Translator peak memory: 405572 KB
Writing output... [0.460s CPU, 0.464s wall-clock]
Done! [13.520s CPU, 13.663s wall-clock]
translate exit code: 0

INFO     Running search (release).
INFO     search stdin: output.sas
INFO     search time limit: 886s
INFO     search memory limit: 3584 MB
INFO     search command line string: /usr/local/downward-projects/downward/experiments/src/thesis/data/thesis-thesis_exp/code-beb2e19b3d35a0ced2c328754445ca6967892fa8_e5e41175/builds/release/bin/downward --evaluator 'h=ff()' --search 'eager(alt([lwm_based_type(h), single(h)]))' --internal-plan-file sas_plan < output.sas
[t=0.00210352s, 11252 KB] reading input...
[t=0.276399s, 34736 KB] done reading input!
[t=0.302762s, 45360 KB] Simplifying 157190 unary operators... done! [157190 unary operators]
[t=0.473896s, 60476 KB] time to simplify: 0.171134s
[t=0.480155s, 60476 KB] Initializing additive heuristic...
[t=0.480728s, 60476 KB] Initializing FF heuristic...
[t=0.48076s, 60476 KB] Building successor generator...done!
[t=0.517045s, 60608 KB] peak memory difference for successor generator creation: 132 KB
[t=0.51716s, 60608 KB] time for successor generation creation: 0.0359949s
[t=0.517185s, 60608 KB] Variables: 375
[t=0.517226s, 60608 KB] FactPairs: 1145
[t=0.517249s, 60608 KB] Bytes per state: 76
[t=0.517272s, 60608 KB] Conducting best first search without reopening closed nodes, (real) bound = 2147483647
[t=0.520953s, 60608 KB] New best heuristic value for ff(): 1
[t=0.521977s, 60608 KB] g=0, 1 evaluated, 0 expanded
[t=0.522006s, 60608 KB] Initial heuristic value for ff(): 1
[t=0.522039s, 60608 KB] pruning method: none
[t=0.522061s, 60608 KB] Start Timestep: 1685768172264 millisecond(s).
[t=0.525063s, 60608 KB] New best heuristic value for ff(): 0
[t=0.525447s, 60608 KB] g=1, 2 evaluated, 1 expanded
Peak memory: 142048 KB
caught signal 24 -- exiting
Time limit has been reached.
Remove intermediate file output.sas
search exit code: 23

Driver aborting after search
INFO     Planner time: 896.96s
