INFO     planner time limit: 600s
INFO     planner memory limit: 3584 MB

INFO     Running translator.
INFO     translator stdin: None
INFO     translator time limit: 599s
INFO     translator memory limit: 3584 MB
INFO     translator command line string: /usr/local/downward-projects/downward/experiments/src/thesis/.venv/bin/python3 /usr/local/downward-projects/downward/experiments/src/thesis/data/thesis-thesis_exp/code-84c08dfff1890fbf6247184940c8166177195ea1_e5e41175/builds/release/bin/translate/translate.py domain.pddl problem.pddl --sas-file output.sas
Parsing...
Parsing: [0.010s CPU, 0.004s wall-clock]
Normalizing task... [0.000s CPU, 0.000s wall-clock]
Instantiating...
Generating Datalog program... [0.000s CPU, 0.001s wall-clock]
Normalizing Datalog program...
Normalizing Datalog program: [0.000s CPU, 0.004s wall-clock]
Preparing model... [0.010s CPU, 0.003s wall-clock]
Generated 211 rules.
Computing model... [0.000s CPU, 0.007s wall-clock]
568 relevant atoms
826 auxiliary atoms
1394 final queue length
1868 total queue pushes
Completing instantiation... [0.010s CPU, 0.006s wall-clock]
Instantiating: [0.020s CPU, 0.022s wall-clock]
Computing fact groups...
Finding invariants...
20 initial candidates
Finding invariants: [0.000s CPU, 0.003s wall-clock]
Checking invariant weight... [0.000s CPU, 0.000s wall-clock]
Instantiating groups... [0.000s CPU, 0.000s wall-clock]
Collecting mutex groups... [0.000s CPU, 0.000s wall-clock]
Choosing groups...
123 uncovered facts
Choosing groups: [0.000s CPU, 0.000s wall-clock]
Building translation key... [0.000s CPU, 0.000s wall-clock]
Computing fact groups: [0.000s CPU, 0.005s wall-clock]
Building STRIPS to SAS dictionary... [0.000s CPU, 0.000s wall-clock]
Building dictionary for full mutex groups... [0.000s CPU, 0.000s wall-clock]
Building mutex information...
Building mutex information: [0.000s CPU, 0.000s wall-clock]
Translating task...
Processing axioms...
Simplifying axioms... [0.000s CPU, 0.000s wall-clock]
Translator axioms removed by simplifying: 0
Computing negative axioms... [0.000s CPU, 0.000s wall-clock]
Processing axioms: [0.000s CPU, 0.000s wall-clock]
Translating task: [0.010s CPU, 0.007s wall-clock]
145 effect conditions simplified
0 implied preconditions added
Detecting unreachable propositions...
0 operators removed
0 axioms removed
8 propositions removed
Detecting unreachable propositions: [0.010s CPU, 0.004s wall-clock]
Reordering and filtering variables...
62 of 128 variables necessary.
0 of 6 mutex groups necessary.
235 of 235 operators necessary.
0 of 0 axiom rules necessary.
Reordering and filtering variables: [0.000s CPU, 0.002s wall-clock]
Translator variables: 62
Translator derived variables: 0
Translator facts: 184
Translator goal facts: 36
Translator mutex groups: 0
Translator total mutex groups size: 0
Translator operators: 235
Translator axioms: 0
Translator task size: 1691
Translator peak memory: 33368 KB
Writing output... [0.000s CPU, 0.001s wall-clock]
Done! [0.050s CPU, 0.048s wall-clock]
translate exit code: 0

INFO     Running search (release).
INFO     search stdin: output.sas
INFO     search time limit: 599s
INFO     search memory limit: 3584 MB
INFO     search command line string: /usr/local/downward-projects/downward/experiments/src/thesis/data/thesis-thesis_exp/code-84c08dfff1890fbf6247184940c8166177195ea1_e5e41175/builds/release/bin/downward --evaluator 'h=ff()' --search 'eager(partition(h, hi_partition(), inter_uniform(), intra_uniform() )) ' --internal-plan-file sas_plan < output.sas
[t=0s, 11732 KB] reading input...
[t=0.00137647s, 11732 KB] done reading input!
[t=0.00394763s, 12128 KB] Simplifying 460 unary operators... done! [280 unary operators]
[t=0.00430551s, 12128 KB] time to simplify: 0.000357884s
[t=0.00435453s, 12128 KB] Initializing additive heuristic...
[t=0.00440558s, 12128 KB] Initializing FF heuristic...
[t=0.00443051s, 12128 KB] Building successor generator...done!
[t=0.00460803s, 12128 KB] peak memory difference for successor generator creation: 0 KB
[t=0.0046524s, 12128 KB] time for successor generation creation: 0s
[t=0.00467841s, 12128 KB] Variables: 62
[t=0.00470553s, 12128 KB] FactPairs: 184
[t=0.00472889s, 12128 KB] Bytes per state: 12
[t=0.00475235s, 12128 KB] Conducting best first search without reopening closed nodes, (real) bound = 2147483647
[t=0.00480005s, 12128 KB] New best heuristic value for ff(): 2011192
[t=0.0048545s, 12128 KB] g=0, 1 evaluated, 0 expanded
[t=0.00487874s, 12128 KB] Initial heuristic value for ff(): 2011192
[t=0.00491381s, 12128 KB] pruning method: none
[t=0.00493799s, 12128 KB] Start Timestep: 1693531211511 millisecond(s).
[t=0.0049878s, 12128 KB] New best heuristic value for ff(): 2011067
[t=0.00505991s, 12128 KB] g=224, 3 evaluated, 2 expanded
[t=0.00508442s, 12128 KB] New best heuristic value for ff(): 2010942
[t=0.00523885s, 12128 KB] g=349, 11 evaluated, 3 expanded
[t=0.00526258s, 12128 KB] New best heuristic value for ff(): 2009568
[t=0.00539229s, 12128 KB] g=1624, 17 evaluated, 4 expanded
[t=0.00541644s, 12128 KB] New best heuristic value for ff(): 2009443
[t=0.00558529s, 12128 KB] g=1749, 25 evaluated, 5 expanded
[t=0.00560924s, 12128 KB] New best heuristic value for ff(): 2009318
[t=0.00582692s, 12128 KB] g=1874, 35 evaluated, 6 expanded
[t=0.00585159s, 12128 KB] New best heuristic value for ff(): 2009193
[t=0.00749356s, 12128 KB] g=1999, 110 evaluated, 16 expanded
[t=0.00761417s, 12128 KB] New best heuristic value for ff(): 1866156
[t=0.0081358s, 12128 KB] g=11748, 131 evaluated, 19 expanded
[t=0.00816244s, 12128 KB] New best heuristic value for ff(): 1653366
[t=0.00909933s, 12128 KB] g=224538, 159 evaluated, 23 expanded
[t=0.00912587s, 12128 KB] New best heuristic value for ff(): 1598078
[t=0.0111655s, 12128 KB] g=149037, 213 evaluated, 30 expanded
[t=0.079498s, 12264 KB] New best heuristic value for ff(): 1595079
[t=0.079911s, 12264 KB] g=152036, 979 evaluated, 128 expanded
[t=0.0799416s, 12264 KB] New best heuristic value for ff(): 1385288
[t=0.0801253s, 12264 KB] g=361827, 980 evaluated, 128 expanded
[t=0.371318s, 12676 KB] New best heuristic value for ff(): 1384788
[t=0.373152s, 12676 KB] g=362327, 2478 evaluated, 304 expanded
[t=1.2389s, 13224 KB] New best heuristic value for ff(): 1380164
[t=1.24284s, 13224 KB] g=366951, 4667 evaluated, 564 expanded
[t=1.34276s, 13264 KB] New best heuristic value for ff(): 1295540
[t=1.34443s, 13264 KB] g=449076, 4857 evaluated, 586 expanded
[t=3.63818s, 14088 KB] New best heuristic value for ff(): 1294041
[t=3.63983s, 14088 KB] g=450575, 8004 evaluated, 949 expanded
[t=5.27775s, 14464 KB] New best heuristic value for ff(): 1283042
[t=5.27816s, 14464 KB] g=458575, 9552 evaluated, 1127 expanded
[t=8.87138s, 15028 KB] New best heuristic value for ff(): 1282917
[t=8.87315s, 15028 KB] g=458700, 12272 evaluated, 1439 expanded
[t=14.314s, 16108 KB] New best heuristic value for ff(): 1027337
[t=14.3148s, 16108 KB] g=586490, 15482 evaluated, 1806 expanded
[t=22.7236s, 16808 KB] New best heuristic value for ff(): 974049
[t=22.7268s, 16808 KB] g=597988, 19268 evaluated, 2231 expanded
[t=56.8254s, 18868 KB] New best heuristic value for ff(): 967051
[t=56.8258s, 18868 KB] g=520488, 29196 evaluated, 3361 expanded
[t=106.09s, 21112 KB] New best heuristic value for ff(): 890051
[t=106.091s, 21112 KB] g=600487, 37424 evaluated, 4300 expanded
[t=345.649s, 26164 KB] New best heuristic value for ff(): 885052
[t=345.65s, 26164 KB] g=605486, 59722 evaluated, 6823 expanded
[t=537.633s, 29084 KB] New best heuristic value for ff(): 882051
[t=537.636s, 29084 KB] g=605488, 70380 evaluated, 8020 expanded
Peak memory: 29616 KB
caught signal 24 -- exiting
Time limit has been reached.
Remove intermediate file output.sas
search exit code: 23

Driver aborting after search
INFO     Planner time: 597.81s
