INFO     planner time limit: 900s
INFO     planner memory limit: 3584 MB

INFO     Running translator.
INFO     translator stdin: None
INFO     translator time limit: 899s
INFO     translator memory limit: 3584 MB
INFO     translator command line string: /usr/local/downward-projects/downward/experiments/.venv/bin/python3 /usr/local/downward-projects/downward/experiments/src/thesis/data/thesis-thesis_exp/code-beb2e19b3d35a0ced2c328754445ca6967892fa8_e5e41175/builds/release/bin/translate/translate.py domain.pddl problem.pddl --sas-file output.sas
Parsing...
Parsing: [0.000s CPU, 0.002s wall-clock]
Normalizing task... [0.000s CPU, 0.000s wall-clock]
Instantiating...
Generating Datalog program... [0.000s CPU, 0.000s wall-clock]
Normalizing Datalog program...
Normalizing Datalog program: [0.000s CPU, 0.001s wall-clock]
Preparing model... [0.000s CPU, 0.001s wall-clock]
Generated 21 rules.
Computing model... [0.070s CPU, 0.074s wall-clock]
8800 relevant atoms
5883 auxiliary atoms
14683 final queue length
26031 total queue pushes
Completing instantiation... [0.190s CPU, 0.181s wall-clock]
Instantiating: [0.260s CPU, 0.262s wall-clock]
Computing fact groups...
Finding invariants...
10 initial candidates
Finding invariants: [0.000s CPU, 0.003s wall-clock]
Checking invariant weight... [0.000s CPU, 0.001s wall-clock]
Instantiating groups... [0.010s CPU, 0.008s wall-clock]
Collecting mutex groups... [0.000s CPU, 0.002s wall-clock]
Choosing groups...
54 uncovered facts
Choosing groups: [0.010s CPU, 0.009s wall-clock]
Building translation key... [0.000s CPU, 0.002s wall-clock]
Computing fact groups: [0.040s CPU, 0.042s wall-clock]
Building STRIPS to SAS dictionary... [0.000s CPU, 0.002s wall-clock]
Building dictionary for full mutex groups... [0.010s CPU, 0.004s wall-clock]
Building mutex information...
Building mutex information: [0.000s CPU, 0.003s wall-clock]
Translating task...
Processing axioms...
Simplifying axioms... [0.000s CPU, 0.000s wall-clock]
Translator axioms removed by simplifying: 0
Computing negative axioms... [0.000s CPU, 0.000s wall-clock]
Processing axioms: [0.010s CPU, 0.008s wall-clock]
Translating task: [0.240s CPU, 0.242s wall-clock]
8374 effect conditions simplified
0 implied preconditions added
Detecting unreachable propositions...
0 operators removed
0 axioms removed
106 propositions removed
Detecting unreachable propositions: [0.170s CPU, 0.173s wall-clock]
Reordering and filtering variables...
107 of 107 variables necessary.
54 of 107 mutex groups necessary.
5618 of 5618 operators necessary.
0 of 0 axiom rules necessary.
Reordering and filtering variables: [0.050s CPU, 0.050s wall-clock]
Translator variables: 107
Translator derived variables: 0
Translator facts: 2970
Translator goal facts: 44
Translator mutex groups: 54
Translator total mutex groups size: 2916
Translator operators: 5618
Translator axioms: 0
Translator task size: 48013
Translator peak memory: 62348 KB
Writing output... [0.040s CPU, 0.036s wall-clock]
Done! [0.820s CPU, 0.830s wall-clock]
translate exit code: 0

INFO     Running search (release).
INFO     search stdin: output.sas
INFO     search time limit: 899s
INFO     search memory limit: 3584 MB
INFO     search command line string: /usr/local/downward-projects/downward/experiments/src/thesis/data/thesis-thesis_exp/code-beb2e19b3d35a0ced2c328754445ca6967892fa8_e5e41175/builds/release/bin/downward --evaluator 'h=ff()' --search 'eager(alt([lwm_based_type(h), single(h)]))' --internal-plan-file sas_plan < output.sas
[t=0s, 11252 KB] reading input...
[t=0.0311204s, 20352 KB] done reading input!
[t=0.0390619s, 21980 KB] Simplifying 22366 unary operators... done! [16854 unary operators]
[t=0.0549329s, 23808 KB] time to simplify: 0.015871s
[t=0.0554866s, 23808 KB] Initializing additive heuristic...
[t=0.0560216s, 23808 KB] Initializing FF heuristic...
[t=0.0560508s, 23808 KB] Building successor generator...done!
[t=0.0577735s, 23808 KB] peak memory difference for successor generator creation: 0 KB
[t=0.0578376s, 23808 KB] time for successor generation creation: 0s
[t=0.0578662s, 23808 KB] Variables: 107
[t=0.0579802s, 23808 KB] FactPairs: 2970
[t=0.0580044s, 23808 KB] Bytes per state: 48
[t=0.0580282s, 23808 KB] Conducting best first search without reopening closed nodes, (real) bound = 2147483647
[t=0.0580906s, 23808 KB] New best heuristic value for ff(): 96
[t=0.0584123s, 23808 KB] g=0, 1 evaluated, 0 expanded
[t=0.0584395s, 23808 KB] Initial heuristic value for ff(): 96
[t=0.0584697s, 23808 KB] pruning method: none
[t=0.0584941s, 23808 KB] Start Timestep: 1685762485557 millisecond(s).
[t=0.0626927s, 23808 KB] New best heuristic value for ff(): 95
[t=0.0630326s, 23808 KB] g=2, 25 evaluated, 5 expanded
[t=0.0630619s, 23808 KB] New best heuristic value for ff(): 94
[t=0.0660383s, 23808 KB] g=4, 41 evaluated, 8 expanded
[t=0.0666207s, 23808 KB] New best heuristic value for ff(): 93
[t=0.0703494s, 23808 KB] g=6, 64 evaluated, 12 expanded
[t=0.206561s, 23808 KB] New best heuristic value for ff(): 92
[t=0.207575s, 23808 KB] g=10, 816 evaluated, 128 expanded
[t=2.64578s, 24948 KB] New best heuristic value for ff(): 91
[t=2.64759s, 24948 KB] g=16, 14087 evaluated, 2080 expanded
[t=10.5661s, 33232 KB] New best heuristic value for ff(): 90
[t=10.5677s, 33232 KB] g=24, 57074 evaluated, 7662 expanded
[t=70.2611s, 102740 KB] New best heuristic value for ff(): 89
[t=70.2617s, 102740 KB] g=32, 383440 evaluated, 53165 expanded
[t=71.1729s, 102740 KB] New best heuristic value for ff(): 88
[t=71.1754s, 102740 KB] g=36, 388467 evaluated, 53772 expanded
[t=71.1928s, 102740 KB] New best heuristic value for ff(): 87
[t=71.1964s, 102740 KB] g=38, 388582 evaluated, 53784 expanded
[t=71.2047s, 102740 KB] New best heuristic value for ff(): 86
[t=71.2065s, 102740 KB] g=40, 388637 evaluated, 53790 expanded
[t=71.2326s, 102740 KB] New best heuristic value for ff(): 85
[t=71.2339s, 102740 KB] g=42, 388788 evaluated, 53806 expanded
[t=233.794s, 301840 KB] New best heuristic value for ff(): 84
[t=233.795s, 301840 KB] g=52, 1283155 evaluated, 160108 expanded
[t=233.802s, 301840 KB] New best heuristic value for ff(): 82
[t=233.805s, 301840 KB] g=54, 1283209 evaluated, 160113 expanded
[t=497.647s, 583036 KB] New best heuristic value for ff(): 81
[t=497.65s, 583036 KB] g=64, 2731781 evaluated, 328951 expanded
[t=497.655s, 583036 KB] New best heuristic value for ff(): 80
[t=497.656s, 583036 KB] g=66, 2731813 evaluated, 328954 expanded
[t=497.663s, 583036 KB] New best heuristic value for ff(): 78
[t=497.664s, 583036 KB] g=68, 2731857 evaluated, 328958 expanded
Peak memory: 1141132 KB
caught signal 24 -- exiting
Time limit has been reached.
Remove intermediate file output.sas
search exit code: 23

Driver aborting after search
INFO     Planner time: 899.66s
