INFO     planner time limit: 900s
INFO     planner memory limit: 3584 MB

INFO     Running translator.
INFO     translator stdin: None
INFO     translator time limit: 899s
INFO     translator memory limit: 3584 MB
INFO     translator command line string: /usr/local/downward-projects/downward/experiments/.venv/bin/python3 /usr/local/downward-projects/downward/experiments/src/thesis/data/thesis-thesis_exp/code-beb2e19b3d35a0ced2c328754445ca6967892fa8_e5e41175/builds/release/bin/translate/translate.py domain.pddl problem.pddl --sas-file output.sas
Parsing...
Parsing: [0.010s CPU, 0.002s wall-clock]
Normalizing task... [0.000s CPU, 0.000s wall-clock]
Instantiating...
Generating Datalog program... [0.000s CPU, 0.001s wall-clock]
Normalizing Datalog program...
Normalizing Datalog program: [0.000s CPU, 0.001s wall-clock]
Preparing model... [0.000s CPU, 0.001s wall-clock]
Generated 21 rules.
Computing model... [0.140s CPU, 0.137s wall-clock]
13938 relevant atoms
9313 auxiliary atoms
23251 final queue length
41349 total queue pushes
Completing instantiation... [0.310s CPU, 0.305s wall-clock]
Instantiating: [0.450s CPU, 0.450s wall-clock]
Computing fact groups...
Finding invariants...
10 initial candidates
Finding invariants: [0.000s CPU, 0.003s wall-clock]
Checking invariant weight... [0.000s CPU, 0.001s wall-clock]
Instantiating groups... [0.020s CPU, 0.013s wall-clock]
Collecting mutex groups... [0.000s CPU, 0.004s wall-clock]
Choosing groups...
68 uncovered facts
Choosing groups: [0.020s CPU, 0.016s wall-clock]
Building translation key... [0.000s CPU, 0.004s wall-clock]
Computing fact groups: [0.060s CPU, 0.064s wall-clock]
Building STRIPS to SAS dictionary... [0.060s CPU, 0.056s wall-clock]
Building dictionary for full mutex groups... [0.000s CPU, 0.007s wall-clock]
Building mutex information...
Building mutex information: [0.010s CPU, 0.006s wall-clock]
Translating task...
Processing axioms...
Simplifying axioms... [0.000s CPU, 0.000s wall-clock]
Translator axioms removed by simplifying: 0
Computing negative axioms... [0.000s CPU, 0.000s wall-clock]
Processing axioms: [0.010s CPU, 0.013s wall-clock]
Translating task: [0.410s CPU, 0.413s wall-clock]
13400 effect conditions simplified
0 implied preconditions added
Detecting unreachable propositions...
0 operators removed
0 axioms removed
134 propositions removed
Detecting unreachable propositions: [0.280s CPU, 0.289s wall-clock]
Reordering and filtering variables...
135 of 135 variables necessary.
68 of 135 mutex groups necessary.
8978 of 8978 operators necessary.
0 of 0 axiom rules necessary.
Reordering and filtering variables: [0.080s CPU, 0.084s wall-clock]
Translator variables: 135
Translator derived variables: 0
Translator facts: 4692
Translator goal facts: 58
Translator mutex groups: 68
Translator total mutex groups size: 4624
Translator operators: 8978
Translator axioms: 0
Translator task size: 76643
Translator peak memory: 79808 KB
Writing output... [0.050s CPU, 0.060s wall-clock]
Done! [1.440s CPU, 1.454s wall-clock]
translate exit code: 0

INFO     Running search (release).
INFO     search stdin: output.sas
INFO     search time limit: 898s
INFO     search memory limit: 3584 MB
INFO     search command line string: /usr/local/downward-projects/downward/experiments/src/thesis/data/thesis-thesis_exp/code-beb2e19b3d35a0ced2c328754445ca6967892fa8_e5e41175/builds/release/bin/downward --evaluator 'h=ff()' --search 'eager(alt([lwm_based_type(h), single(h)]))' --internal-plan-file sas_plan < output.sas
[t=0.00138803s, 11252 KB] reading input...
[t=0.0570766s, 28720 KB] done reading input!
[t=0.0633371s, 30796 KB] Simplifying 35778 unary operators... done! [26934 unary operators]
[t=0.100036s, 33920 KB] time to simplify: 0.0388051s
[t=0.10313s, 33920 KB] Initializing additive heuristic...
[t=0.103266s, 33920 KB] Initializing FF heuristic...
[t=0.103296s, 33920 KB] Building successor generator...done!
[t=0.106005s, 33920 KB] peak memory difference for successor generator creation: 0 KB
[t=0.106092s, 33920 KB] time for successor generation creation: 0.00177068s
[t=0.106144s, 33920 KB] Variables: 135
[t=0.106318s, 33920 KB] FactPairs: 4692
[t=0.106342s, 33920 KB] Bytes per state: 68
[t=0.106365s, 33920 KB] Conducting best first search without reopening closed nodes, (real) bound = 2147483647
[t=0.106453s, 33920 KB] New best heuristic value for ff(): 122
[t=0.107123s, 33920 KB] g=0, 1 evaluated, 0 expanded
[t=0.107161s, 33920 KB] Initial heuristic value for ff(): 122
[t=0.10719s, 33920 KB] pruning method: none
[t=0.107214s, 33920 KB] Start Timestep: 1685737729259 millisecond(s).
[t=0.112351s, 33920 KB] New best heuristic value for ff(): 121
[t=0.112881s, 33920 KB] g=2, 18 evaluated, 3 expanded
[t=0.119674s, 33920 KB] New best heuristic value for ff(): 120
[t=0.120442s, 33920 KB] g=4, 41 evaluated, 6 expanded
[t=0.129095s, 33920 KB] New best heuristic value for ff(): 119
[t=0.129265s, 33920 KB] g=6, 68 evaluated, 9 expanded
[t=0.164775s, 33920 KB] New best heuristic value for ff(): 118
[t=0.165059s, 33920 KB] g=10, 180 evaluated, 20 expanded
[t=0.88108s, 33920 KB] New best heuristic value for ff(): 116
[t=0.881322s, 33920 KB] g=14, 2432 evaluated, 228 expanded
[t=7.06838s, 36220 KB] New best heuristic value for ff(): 115
[t=7.06864s, 36220 KB] g=20, 21861 evaluated, 2266 expanded
[t=7.09775s, 36220 KB] New best heuristic value for ff(): 114
[t=7.0982s, 36220 KB] g=22, 21953 evaluated, 2275 expanded
[t=13.576s, 40876 KB] New best heuristic value for ff(): 113
[t=13.5771s, 40876 KB] g=28, 42250 evaluated, 4340 expanded
[t=40.8974s, 58928 KB] New best heuristic value for ff(): 112
[t=40.8979s, 58928 KB] g=34, 127792 evaluated, 12573 expanded
[t=64.7792s, 76408 KB] New best heuristic value for ff(): 110
[t=64.7808s, 76408 KB] g=40, 204151 evaluated, 19894 expanded
[t=400.066s, 331796 KB] New best heuristic value for ff(): 109
[t=400.069s, 331796 KB] g=50, 1275592 evaluated, 136018 expanded
Peak memory: 666492 KB
caught signal 24 -- exiting
Time limit has been reached.
Remove intermediate file output.sas
search exit code: 23

Driver aborting after search
INFO     Planner time: 898.10s
