INFO     planner time limit: 900s
INFO     planner memory limit: 3584 MB

INFO     Running translator.
INFO     translator stdin: None
INFO     translator time limit: 899s
INFO     translator memory limit: 3584 MB
INFO     translator command line string: /usr/local/downward-projects/downward/experiments/.venv/bin/python3 /usr/local/downward-projects/downward/experiments/src/thesis/data/thesis-thesis_exp/code-492c46a6b9a8d722366a407090da84235e2f79dc_e5e41175/builds/release/bin/translate/translate.py domain.pddl problem.pddl --sas-file output.sas
Parsing...
Parsing: [0.010s CPU, 0.009s wall-clock]
Normalizing task... [0.000s CPU, 0.000s wall-clock]
Instantiating...
Generating Datalog program... [0.010s CPU, 0.006s wall-clock]
Normalizing Datalog program...
Normalizing Datalog program: [0.000s CPU, 0.002s wall-clock]
Preparing model... [0.010s CPU, 0.013s wall-clock]
Generated 51 rules.
Computing model... [2.720s CPU, 2.714s wall-clock]
200444 relevant atoms
153290 auxiliary atoms
353734 final queue length
476135 total queue pushes
Completing instantiation... [5.850s CPU, 5.865s wall-clock]
Instantiating: [8.700s CPU, 8.719s wall-clock]
Computing fact groups...
Finding invariants...
6 initial candidates
Finding invariants: [0.030s CPU, 0.025s wall-clock]
Checking invariant weight... [0.000s CPU, 0.001s wall-clock]
Instantiating groups... [0.150s CPU, 0.155s wall-clock]
Collecting mutex groups... [0.030s CPU, 0.026s wall-clock]
Choosing groups...
0 uncovered facts
Choosing groups: [0.090s CPU, 0.087s wall-clock]
Building translation key... [0.030s CPU, 0.027s wall-clock]
Computing fact groups: [0.530s CPU, 0.527s wall-clock]
Building STRIPS to SAS dictionary... [0.030s CPU, 0.033s wall-clock]
Building dictionary for full mutex groups... [0.020s CPU, 0.020s wall-clock]
Building mutex information...
Building mutex information: [0.020s CPU, 0.018s wall-clock]
Translating task...
Processing axioms...
Simplifying axioms... [0.000s CPU, 0.000s wall-clock]
Translator axioms removed by simplifying: 0
Computing negative axioms... [0.000s CPU, 0.000s wall-clock]
Processing axioms: [0.160s CPU, 0.166s wall-clock]
Translating task: [4.160s CPU, 4.170s wall-clock]
0 effect conditions simplified
0 implied preconditions added
Detecting unreachable propositions...
0 operators removed
0 axioms removed
97 propositions removed
Detecting unreachable propositions: [2.500s CPU, 2.501s wall-clock]
Reordering and filtering variables...
97 of 97 variables necessary.
0 of 97 mutex groups necessary.
158304 of 158304 operators necessary.
0 of 0 axiom rules necessary.
Reordering and filtering variables: [0.290s CPU, 0.288s wall-clock]
Translator variables: 97
Translator derived variables: 0
Translator facts: 37360
Translator goal facts: 45
Translator mutex groups: 0
Translator total mutex groups size: 0
Translator operators: 158304
Translator axioms: 0
Translator task size: 634814
Translator peak memory: 518096 KB
Writing output... [0.530s CPU, 0.543s wall-clock]
Done! [16.990s CPU, 17.022s wall-clock]
translate exit code: 0

INFO     Running search (release).
INFO     search stdin: output.sas
INFO     search time limit: 882s
INFO     search memory limit: 3584 MB
INFO     search command line string: /usr/local/downward-projects/downward/experiments/src/thesis/data/thesis-thesis_exp/code-492c46a6b9a8d722366a407090da84235e2f79dc_e5e41175/builds/release/bin/downward --evaluator 'h=ff(transform=adapt_costs(one))' --search 'eager(alt([single(h), softmin_type_based([h, g()], ignore_size=true)]), cost_type=one)' --internal-plan-file sas_plan < output.sas
[t=0s, 11200 KB] reading input...
[t=0.378693s, 50740 KB] done reading input!
[t=0.410639s, 59184 KB] Simplifying 158304 unary operators... done! [158304 unary operators]
[t=0.602307s, 73928 KB] time to simplify: 0.215635s
[t=0.634219s, 73928 KB] Initializing additive heuristic...
[t=0.634981s, 73928 KB] Initializing FF heuristic...
[t=0.635012s, 73928 KB] Building successor generator...done!
[t=0.719706s, 89704 KB] peak memory difference for successor generator creation: 15776 KB
[t=0.719821s, 89704 KB] time for successor generation creation: 0.0838491s
[t=0.721968s, 89704 KB] Variables: 97
[t=0.723165s, 89704 KB] FactPairs: 37360
[t=0.72319s, 89704 KB] Bytes per state: 100
[t=0.723214s, 89704 KB] Conducting best first search without reopening closed nodes, (real) bound = 2147483647
[t=0.725867s, 89704 KB] New best heuristic value for ff(transform=adapt_costs(one)): 405
[t=0.729022s, 89704 KB] g=0, 1 evaluated, 0 expanded
[t=0.729052s, 89704 KB] Initial heuristic value for ff(transform=adapt_costs(one)): 405
[t=0.729099s, 89704 KB] pruning method: none
[t=0.729123s, 89704 KB] Start Timestep: 1685451503817 millisecond(s).
[t=0.729773s, 89704 KB] New best heuristic value for ff(transform=adapt_costs(one)): 404
[t=0.733284s, 89704 KB] g=1, 2 evaluated, 1 expanded
[t=2.49171s, 89704 KB] New best heuristic value for ff(transform=adapt_costs(one)): 402
[t=2.49491s, 89704 KB] g=1, 727 evaluated, 1 expanded
[t=2.71944s, 89704 KB] New best heuristic value for ff(transform=adapt_costs(one)): 401
[t=2.72324s, 89704 KB] g=1, 820 evaluated, 1 expanded
[t=3.91684s, 89704 KB] New best heuristic value for ff(transform=adapt_costs(one)): 400
[t=3.91788s, 89704 KB] g=2, 1313 evaluated, 2 expanded
[t=5.66722s, 89704 KB] New best heuristic value for ff(transform=adapt_costs(one)): 399
[t=5.66981s, 89704 KB] g=2, 2045 evaluated, 2 expanded
[t=6.974s, 89704 KB] New best heuristic value for ff(transform=adapt_costs(one)): 398
[t=6.97704s, 89704 KB] g=3, 2591 evaluated, 3 expanded
[t=8.77982s, 89704 KB] New best heuristic value for ff(transform=adapt_costs(one)): 397
[t=8.78175s, 89704 KB] g=3, 3343 evaluated, 3 expanded
[t=10.0427s, 89704 KB] New best heuristic value for ff(transform=adapt_costs(one)): 396
[t=10.0444s, 89704 KB] g=4, 3868 evaluated, 4 expanded
[t=13.2074s, 89704 KB] New best heuristic value for ff(transform=adapt_costs(one)): 395
[t=13.2095s, 89704 KB] g=5, 5187 evaluated, 5 expanded
[t=19.4852s, 89704 KB] New best heuristic value for ff(transform=adapt_costs(one)): 394
[t=19.4853s, 89704 KB] g=6, 7773 evaluated, 7 expanded
[t=22.6176s, 89704 KB] New best heuristic value for ff(transform=adapt_costs(one)): 393
[t=22.6209s, 89704 KB] g=7, 9082 evaluated, 8 expanded
[t=25.6424s, 89704 KB] New best heuristic value for ff(transform=adapt_costs(one)): 392
[t=25.6436s, 89704 KB] g=8, 10338 evaluated, 9 expanded
[t=28.7872s, 89704 KB] New best heuristic value for ff(transform=adapt_costs(one)): 391
[t=28.7874s, 89704 KB] g=9, 11647 evaluated, 10 expanded
[t=31.9044s, 89704 KB] New best heuristic value for ff(transform=adapt_costs(one)): 390
[t=31.9057s, 89704 KB] g=10, 12936 evaluated, 11 expanded
[t=38.1524s, 89704 KB] New best heuristic value for ff(transform=adapt_costs(one)): 389
[t=38.1563s, 89704 KB] g=11, 15534 evaluated, 13 expanded
[t=41.3214s, 89704 KB] New best heuristic value for ff(transform=adapt_costs(one)): 388
[t=41.323s, 89704 KB] g=12, 16845 evaluated, 14 expanded
[t=44.546s, 89704 KB] New best heuristic value for ff(transform=adapt_costs(one)): 387
[t=44.5476s, 89704 KB] g=13, 18157 evaluated, 15 expanded
[t=50.8766s, 89704 KB] New best heuristic value for ff(transform=adapt_costs(one)): 386
[t=50.8773s, 89704 KB] g=14, 20758 evaluated, 17 expanded
[t=57.168s, 89704 KB] New best heuristic value for ff(transform=adapt_costs(one)): 385
[t=57.1685s, 89704 KB] g=15, 23359 evaluated, 19 expanded
[t=63.451s, 89704 KB] New best heuristic value for ff(transform=adapt_costs(one)): 384
[t=63.4543s, 89704 KB] g=16, 25961 evaluated, 21 expanded
[t=69.7488s, 89704 KB] New best heuristic value for ff(transform=adapt_costs(one)): 383
[t=69.7505s, 89704 KB] g=17, 28562 evaluated, 23 expanded
[t=72.9215s, 89704 KB] New best heuristic value for ff(transform=adapt_costs(one)): 382
[t=72.9221s, 89704 KB] g=18, 29874 evaluated, 24 expanded
[t=76.0505s, 89704 KB] New best heuristic value for ff(transform=adapt_costs(one)): 381
[t=76.0528s, 89704 KB] g=19, 31166 evaluated, 25 expanded
[t=82.344s, 89704 KB] New best heuristic value for ff(transform=adapt_costs(one)): 380
[t=82.3463s, 89704 KB] g=20, 33757 evaluated, 27 expanded
[t=85.5204s, 89704 KB] New best heuristic value for ff(transform=adapt_costs(one)): 379
[t=85.5221s, 89704 KB] g=21, 35069 evaluated, 28 expanded
[t=88.7249s, 89704 KB] New best heuristic value for ff(transform=adapt_costs(one)): 378
[t=88.727s, 89704 KB] g=22, 36403 evaluated, 29 expanded
[t=91.8739s, 89704 KB] New best heuristic value for ff(transform=adapt_costs(one)): 377
[t=91.875s, 89704 KB] g=23, 37714 evaluated, 30 expanded
[t=95.2624s, 89704 KB] New best heuristic value for ff(transform=adapt_costs(one)): 376
[t=95.2641s, 89704 KB] g=24, 39120 evaluated, 31 expanded
[t=98.5174s, 89704 KB] New best heuristic value for ff(transform=adapt_costs(one)): 375
[t=98.5182s, 89704 KB] g=25, 40431 evaluated, 32 expanded
[t=103.988s, 89704 KB] New best heuristic value for ff(transform=adapt_costs(one)): 374
[t=103.989s, 89704 KB] g=26, 41702 evaluated, 33 expanded
[t=109.614s, 89704 KB] New best heuristic value for ff(transform=adapt_costs(one)): 373
[t=109.617s, 89704 KB] g=27, 43013 evaluated, 34 expanded
[t=113.665s, 89704 KB] New best heuristic value for ff(transform=adapt_costs(one)): 372
[t=113.666s, 89704 KB] g=28, 44304 evaluated, 35 expanded
[t=119.959s, 89704 KB] New best heuristic value for ff(transform=adapt_costs(one)): 371
[t=119.963s, 89704 KB] g=29, 46907 evaluated, 37 expanded
[t=126.252s, 89704 KB] New best heuristic value for ff(transform=adapt_costs(one)): 370
[t=126.255s, 89704 KB] g=30, 49521 evaluated, 39 expanded
[t=132.525s, 89704 KB] New best heuristic value for ff(transform=adapt_costs(one)): 369
[t=132.528s, 89704 KB] g=31, 52123 evaluated, 41 expanded
[t=135.686s, 89704 KB] New best heuristic value for ff(transform=adapt_costs(one)): 368
[t=135.687s, 89704 KB] g=32, 53436 evaluated, 42 expanded
[t=138.807s, 89704 KB] New best heuristic value for ff(transform=adapt_costs(one)): 367
[t=138.808s, 89704 KB] g=33, 54730 evaluated, 43 expanded
[t=141.956s, 89704 KB] New best heuristic value for ff(transform=adapt_costs(one)): 366
[t=141.959s, 89704 KB] g=34, 56043 evaluated, 44 expanded
[t=145.2s, 89704 KB] New best heuristic value for ff(transform=adapt_costs(one)): 365
[t=145.202s, 89704 KB] g=35, 57399 evaluated, 45 expanded
[t=148.361s, 89704 KB] New best heuristic value for ff(transform=adapt_costs(one)): 364
[t=148.364s, 89704 KB] g=36, 58713 evaluated, 46 expanded
[t=151.58s, 89704 KB] New best heuristic value for ff(transform=adapt_costs(one)): 363
[t=151.581s, 89704 KB] g=37, 60028 evaluated, 47 expanded
[t=154.738s, 89704 KB] New best heuristic value for ff(transform=adapt_costs(one)): 362
[t=154.739s, 89704 KB] g=38, 61341 evaluated, 48 expanded
[t=157.797s, 89704 KB] New best heuristic value for ff(transform=adapt_costs(one)): 361
[t=157.798s, 89704 KB] g=39, 62616 evaluated, 49 expanded
[t=161.149s, 89704 KB] New best heuristic value for ff(transform=adapt_costs(one)): 360
[t=161.153s, 89704 KB] g=40, 64014 evaluated, 50 expanded
[t=165.753s, 89704 KB] New best heuristic value for ff(transform=adapt_costs(one)): 359
[t=165.754s, 89704 KB] g=41, 65924 evaluated, 51 expanded
[t=168.91s, 89840 KB] New best heuristic value for ff(transform=adapt_costs(one)): 358
[t=168.911s, 89840 KB] g=42, 67238 evaluated, 52 expanded
[t=171.995s, 90108 KB] New best heuristic value for ff(transform=adapt_costs(one)): 357
[t=171.996s, 90108 KB] g=43, 68531 evaluated, 53 expanded
[t=178.145s, 90376 KB] New best heuristic value for ff(transform=adapt_costs(one)): 356
[t=178.147s, 90376 KB] g=44, 71112 evaluated, 55 expanded
[t=179.199s, 90508 KB] New best heuristic value for ff(transform=adapt_costs(one)): 355
[t=179.202s, 90508 KB] g=45, 71555 evaluated, 56 expanded
[t=187.437s, 90908 KB] New best heuristic value for ff(transform=adapt_costs(one)): 354
[t=187.441s, 90908 KB] g=47, 75024 evaluated, 59 expanded
[t=190.565s, 91040 KB] New best heuristic value for ff(transform=adapt_costs(one)): 353
[t=190.565s, 91040 KB] g=48, 76316 evaluated, 60 expanded
[t=193.734s, 91304 KB] New best heuristic value for ff(transform=adapt_costs(one)): 352
[t=193.734s, 91304 KB] g=49, 77630 evaluated, 61 expanded
[t=254.376s, 94524 KB] New best heuristic value for ff(transform=adapt_costs(one)): 351
[t=254.377s, 94524 KB] g=54, 103086 evaluated, 80 expanded
[t=256.79s, 94660 KB] New best heuristic value for ff(transform=adapt_costs(one)): 350
[t=256.791s, 94660 KB] g=55, 104114 evaluated, 81 expanded
[t=259.798s, 94796 KB] New best heuristic value for ff(transform=adapt_costs(one)): 349
[t=259.801s, 94796 KB] g=56, 105394 evaluated, 82 expanded
[t=263.502s, 94928 KB] New best heuristic value for ff(transform=adapt_costs(one)): 348
[t=263.505s, 94928 KB] g=57, 106971 evaluated, 83 expanded
[t=266.579s, 95196 KB] New best heuristic value for ff(transform=adapt_costs(one)): 347
[t=266.581s, 95196 KB] g=58, 108272 evaluated, 84 expanded
[t=292.906s, 97604 KB] New best heuristic value for ff(transform=adapt_costs(one)): 346
[t=292.908s, 97604 KB] g=60, 119401 evaluated, 93 expanded
[t=296.059s, 97736 KB] New best heuristic value for ff(transform=adapt_costs(one)): 345
[t=296.062s, 97736 KB] g=61, 120715 evaluated, 94 expanded
[t=302.235s, 98136 KB] New best heuristic value for ff(transform=adapt_costs(one)): 344
[t=302.236s, 98136 KB] g=62, 123296 evaluated, 96 expanded
[t=305.403s, 98268 KB] New best heuristic value for ff(transform=adapt_costs(one)): 343
[t=305.406s, 98268 KB] g=63, 124606 evaluated, 97 expanded
[t=308.555s, 98404 KB] New best heuristic value for ff(transform=adapt_costs(one)): 342
[t=308.557s, 98404 KB] g=64, 125911 evaluated, 98 expanded
[t=315.28s, 98808 KB] New best heuristic value for ff(transform=adapt_costs(one)): 341
[t=315.282s, 98808 KB] g=66, 128662 evaluated, 100 expanded
[t=318.469s, 98944 KB] New best heuristic value for ff(transform=adapt_costs(one)): 340
[t=318.472s, 98944 KB] g=67, 129959 evaluated, 101 expanded
[t=321.761s, 99076 KB] New best heuristic value for ff(transform=adapt_costs(one)): 339
[t=321.765s, 99076 KB] g=68, 131276 evaluated, 102 expanded
[t=491.146s, 107948 KB] New best heuristic value for ff(transform=adapt_costs(one)): 338
[t=491.147s, 107948 KB] g=73, 200388 evaluated, 156 expanded
[t=493.967s, 108080 KB] New best heuristic value for ff(transform=adapt_costs(one)): 337
[t=493.969s, 108080 KB] g=74, 201688 evaluated, 157 expanded
[t=594.047s, 116132 KB] New best heuristic value for ff(transform=adapt_costs(one)): 336
[t=594.049s, 116132 KB] g=76, 248017 evaluated, 193 expanded
[t=596.657s, 116268 KB] New best heuristic value for ff(transform=adapt_costs(one)): 335
[t=596.659s, 116268 KB] g=77, 249310 evaluated, 194 expanded
[t=599.318s, 116400 KB] New best heuristic value for ff(transform=adapt_costs(one)): 334
[t=599.318s, 116400 KB] g=78, 250630 evaluated, 195 expanded
[t=602.614s, 116672 KB] New best heuristic value for ff(transform=adapt_costs(one)): 333
[t=602.616s, 116672 KB] g=79, 252266 evaluated, 196 expanded
[t=637.622s, 118812 KB] New best heuristic value for ff(transform=adapt_costs(one)): 332
[t=637.622s, 118812 KB] g=81, 269459 evaluated, 209 expanded
[t=640.294s, 119080 KB] New best heuristic value for ff(transform=adapt_costs(one)): 331
[t=640.295s, 119080 KB] g=82, 270760 evaluated, 210 expanded
[t=643.021s, 119212 KB] New best heuristic value for ff(transform=adapt_costs(one)): 330
[t=643.022s, 119212 KB] g=83, 272067 evaluated, 211 expanded
[t=644.32s, 119212 KB] New best heuristic value for ff(transform=adapt_costs(one)): 329
[t=644.32s, 119212 KB] g=84, 272657 evaluated, 212 expanded
[t=647.192s, 119476 KB] New best heuristic value for ff(transform=adapt_costs(one)): 328
[t=647.195s, 119476 KB] g=85, 273972 evaluated, 213 expanded
[t=650.029s, 119608 KB] New best heuristic value for ff(transform=adapt_costs(one)): 327
[t=650.031s, 119608 KB] g=86, 275281 evaluated, 214 expanded
[t=759.351s, 125928 KB] New best heuristic value for ff(transform=adapt_costs(one)): 326
[t=759.353s, 125928 KB] g=91, 324934 evaluated, 252 expanded
[t=865.366s, 131708 KB] New best heuristic value for ff(transform=adapt_costs(one)): 325
[t=865.367s, 131708 KB] g=95, 370256 evaluated, 287 expanded
[t=868.295s, 131844 KB] New best heuristic value for ff(transform=adapt_costs(one)): 324
[t=868.298s, 131844 KB] g=96, 371545 evaluated, 288 expanded
Peak memory: 132648 KB
caught signal 24 -- exiting
Time limit has been reached.
Remove intermediate file output.sas
search exit code: 23

Driver aborting after search
INFO     Planner time: 898.34s
