INFO     planner time limit: 600s
INFO     planner memory limit: 3584 MB

INFO     Running translator.
INFO     translator stdin: None
INFO     translator time limit: 599s
INFO     translator memory limit: 3584 MB
INFO     translator command line string: /usr/local/downward-projects/downward/experiments/assign3/.venv/bin/python3 /usr/local/downward-projects/downward/experiments/assign3/data/assign3-anytime_exp/code-1fb14623350588fb782db39ad332c8a25eda53d6_e5e41175/builds/release/bin/translate/translate.py domain.pddl problem.pddl --sas-file output.sas
Parsing...
Parsing: [0.000s CPU, 0.002s wall-clock]
Normalizing task... [0.000s CPU, 0.000s wall-clock]
Instantiating...
Generating Datalog program... [0.000s CPU, 0.000s wall-clock]
Normalizing Datalog program...
Normalizing Datalog program: [0.000s CPU, 0.001s wall-clock]
Preparing model... [0.000s CPU, 0.001s wall-clock]
Generated 25 rules.
Computing model... [0.020s CPU, 0.007s wall-clock]
461 relevant atoms
611 auxiliary atoms
1072 final queue length
1647 total queue pushes
Completing instantiation... [0.000s CPU, 0.007s wall-clock]
Instantiating: [0.020s CPU, 0.016s wall-clock]
Computing fact groups...
Finding invariants...
7 initial candidates
Finding invariants: [0.010s CPU, 0.003s wall-clock]
Checking invariant weight... [0.000s CPU, 0.000s wall-clock]
Instantiating groups... [0.000s CPU, 0.000s wall-clock]
Collecting mutex groups... [0.000s CPU, 0.000s wall-clock]
Choosing groups...
0 uncovered facts
Choosing groups: [0.000s CPU, 0.000s wall-clock]
Building translation key... [0.000s CPU, 0.000s wall-clock]
Computing fact groups: [0.010s CPU, 0.004s wall-clock]
Building STRIPS to SAS dictionary... [0.000s CPU, 0.000s wall-clock]
Building dictionary for full mutex groups... [0.000s CPU, 0.000s wall-clock]
Building mutex information...
Building mutex information: [0.000s CPU, 0.000s wall-clock]
Translating task...
Processing axioms...
Simplifying axioms... [0.000s CPU, 0.000s wall-clock]
Translator axioms removed by simplifying: 0
Computing negative axioms... [0.000s CPU, 0.000s wall-clock]
Processing axioms: [0.000s CPU, 0.000s wall-clock]
Translating task: [0.000s CPU, 0.006s wall-clock]
0 effect conditions simplified
0 implied preconditions added
Detecting unreachable propositions...
0 operators removed
0 axioms removed
34 propositions removed
Detecting unreachable propositions: [0.000s CPU, 0.003s wall-clock]
Reordering and filtering variables...
34 of 34 variables necessary.
0 of 34 mutex groups necessary.
185 of 185 operators necessary.
0 of 0 axiom rules necessary.
Reordering and filtering variables: [0.010s CPU, 0.002s wall-clock]
Translator variables: 34
Translator derived variables: 0
Translator facts: 100
Translator goal facts: 33
Translator mutex groups: 0
Translator total mutex groups size: 0
Translator operators: 185
Translator axioms: 0
Translator task size: 1634
Translator peak memory: 32880 KB
Writing output... [0.000s CPU, 0.001s wall-clock]
Done! [0.040s CPU, 0.035s wall-clock]
translate exit code: 0

INFO     Running search (release).
INFO     search stdin: output.sas
INFO     search time limit: 599s
INFO     search memory limit: 3584 MB
INFO     search command line string: /usr/local/downward-projects/downward/experiments/assign3/data/assign3-anytime_exp/code-1fb14623350588fb782db39ad332c8a25eda53d6_e5e41175/builds/release/bin/downward --evaluator 'h=lmcut()' --search 'eager_anytime(alt(
        [single(weight(h, 2, verbosity=normal)), type_based([h, g()], random_seed=1234)]), 
        reopen_closed=true, f_eval=sum([h, g()]))' --internal-plan-file sas_plan < output.sas
[t=0.00105147s, 10884 KB] reading input...
[t=0.00207629s, 10884 KB] done reading input!
[t=0.00416629s, 11272 KB] Initializing landmark cut heuristic...
[t=0.00437998s, 11272 KB] Building successor generator...done!
[t=0.00457858s, 11272 KB] peak memory difference for successor generator creation: 0 KB
[t=0.0046224s, 11272 KB] time for successor generation creation: 0s
[t=0.0046475s, 11272 KB] Variables: 34
[t=0.00467502s, 11272 KB] FactPairs: 100
[t=0.00469784s, 11272 KB] Bytes per state: 8
[t=0.00472067s, 11272 KB] Conducting best first anytime search with reopening closed nodes, (real) bound = 2147483647
[t=0.00477189s, 11272 KB] New best heuristic value for lmcut(): 1
[t=0.00482935s, 11272 KB] g=0, 1 evaluated, 0 expanded
[t=0.00485349s, 11272 KB] Initial heuristic value for lmcut(): 1
[t=0.00488829s, 11272 KB] Start Timestep: 1682028269341 millisecond(s).
[t=0.0880148s, 11408 KB] New best heuristic value for lmcut(): 0
[t=0.0881873s, 11408 KB] g=14, 3946 evaluated, 1304 expanded, 5 reopened
[t=0.121646s, 11544 KB] Solution found!
jump-new-move pos-1-2 pos-1-3 pos-1-4 (1)
end-move pos-1-4 (0)
jump-new-move pos-3-3 pos-2-3 pos-1-3 (1)
end-move pos-1-3 (0)
jump-new-move pos-2-6 pos-2-5 pos-2-4 (1)
end-move pos-2-4 (0)
jump-new-move pos-1-4 pos-1-3 pos-1-2 (1)
end-move pos-1-2 (0)
jump-new-move pos-5-3 pos-4-3 pos-3-3 (1)
end-move pos-3-3 (0)
jump-new-move pos-3-6 pos-3-5 pos-3-4 (1)
end-move pos-3-4 (0)
jump-new-move pos-2-0 pos-2-1 pos-2-2 (1)
end-move pos-2-2 (0)
jump-new-move pos-3-0 pos-3-1 pos-3-2 (1)
end-move pos-3-2 (0)
jump-new-move pos-3-3 pos-3-2 pos-3-1 (1)
end-move pos-3-1 (0)
jump-new-move pos-4-0 pos-4-1 pos-4-2 (1)
end-move pos-4-2 (0)
jump-new-move pos-2-4 pos-3-4 pos-4-4 (1)
end-move pos-4-4 (0)
jump-new-move pos-1-2 pos-2-2 pos-3-2 (1)
jump-continue-move pos-3-2 pos-4-2 pos-5-2 (0)
end-move pos-5-2 (0)
jump-new-move pos-4-5 pos-4-4 pos-4-3 (1)
end-move pos-4-3 (0)
jump-new-move pos-6-4 pos-5-4 pos-4-4 (1)
jump-continue-move pos-4-4 pos-4-3 pos-4-2 (0)
end-move pos-4-2 (0)
jump-new-move pos-5-2 pos-4-2 pos-3-2 (1)
end-move pos-3-2 (0)
jump-new-move pos-3-1 pos-3-2 pos-3-3 (1)
[t=0.122369s, 11544 KB] Plan length: 33 step(s).
[t=0.122414s, 11544 KB] Plan cost: 16
[t=0.122439s, 11544 KB] Solution: Incumbent solution found!
[t=0.122462s, 11544 KB] Solution Timestep: 1682028269460 millisecond(s).
[t=0.122486s, 11544 KB] Timestamp: 1682028269460 millisecond(s).
[t=0.12251s, 11544 KB] Expanded 1874 state(s).
[t=0.122533s, 11544 KB] Reopened 16 state(s).
[t=0.122556s, 11544 KB] Evaluated 5566 state(s).
[t=0.122579s, 11544 KB] Evaluations: 5804
[t=0.122601s, 11544 KB] Generated 6368 state(s).
[t=0.122623s, 11544 KB] Dead ends: 0 state(s).
[t=0.122645s, 11544 KB] Number of registered states: 5804
[t=0.122667s, 11544 KB] Int hash set load factor: 5804/8192 = 0.708496
[t=0.122691s, 11544 KB] Int hash set resizes: 13
[t=1.48361s, 14740 KB] Solution found!
jump-new-move pos-3-0 pos-3-1 pos-3-2 (1)
jump-continue-move pos-3-2 pos-3-3 pos-3-4 (0)
end-move pos-3-4 (0)
jump-new-move pos-2-0 pos-2-1 pos-2-2 (1)
end-move pos-2-2 (0)
jump-new-move pos-1-3 pos-2-3 pos-3-3 (1)
end-move pos-3-3 (0)
jump-new-move pos-6-4 pos-5-4 pos-4-4 (1)
end-move pos-4-4 (0)
jump-new-move pos-3-4 pos-3-3 pos-3-2 (1)
end-move pos-3-2 (0)
jump-new-move pos-3-6 pos-3-5 pos-3-4 (1)
end-move pos-3-4 (0)
jump-new-move pos-2-6 pos-2-5 pos-2-4 (1)
end-move pos-2-4 (0)
jump-new-move pos-5-3 pos-4-3 pos-3-3 (1)
jump-continue-move pos-3-3 pos-3-2 pos-3-1 (0)
end-move pos-3-1 (0)
jump-new-move pos-4-0 pos-4-1 pos-4-2 (1)
end-move pos-4-2 (0)
jump-new-move pos-4-5 pos-4-4 pos-4-3 (1)
end-move pos-4-3 (0)
jump-new-move pos-1-2 pos-2-2 pos-3-2 (1)
jump-continue-move pos-3-2 pos-4-2 pos-5-2 (0)
end-move pos-5-2 (0)
jump-new-move pos-2-4 pos-3-4 pos-4-4 (1)
jump-continue-move pos-4-4 pos-4-3 pos-4-2 (0)
end-move pos-4-2 (0)
jump-new-move pos-5-2 pos-4-2 pos-3-2 (1)
end-move pos-3-2 (0)
jump-new-move pos-3-1 pos-3-2 pos-3-3 (1)
[t=1.48415s, 14740 KB] Plan length: 31 step(s).
[t=1.4842s, 14740 KB] Plan cost: 14
[t=1.48422s, 14740 KB] Solution: Incumbent solution found!
[t=1.48424s, 14740 KB] Solution Timestep: 1682028270833 millisecond(s).
[t=1.48427s, 14740 KB] Timestamp: 1682028270833 millisecond(s).
[t=1.48429s, 14740 KB] Expanded 31598 state(s).
[t=1.48431s, 14740 KB] Reopened 1651 state(s).
[t=1.48434s, 14740 KB] Evaluated 69699 state(s).
[t=1.48436s, 14740 KB] Evaluations: 74838
[t=1.48438s, 14740 KB] Generated 91908 state(s).
[t=1.4844s, 14740 KB] Dead ends: 0 state(s).
[t=1.48443s, 14740 KB] Number of registered states: 74838
[t=1.48445s, 14740 KB] Int hash set load factor: 74838/131072 = 0.570969
[t=1.48447s, 14740 KB] Int hash set resizes: 17
[t=2.19072s, 15944 KB] Solution found!
jump-new-move pos-2-6 pos-2-5 pos-2-4 (1)
end-move pos-2-4 (0)
jump-new-move pos-2-0 pos-2-1 pos-2-2 (1)
end-move pos-2-2 (0)
jump-new-move pos-1-2 pos-1-3 pos-1-4 (1)
jump-continue-move pos-1-4 pos-2-4 pos-3-4 (0)
end-move pos-3-4 (0)
jump-new-move pos-4-0 pos-4-1 pos-4-2 (1)
end-move pos-4-2 (0)
jump-new-move pos-3-0 pos-3-1 pos-3-2 (1)
end-move pos-3-2 (0)
jump-new-move pos-3-3 pos-2-3 pos-1-3 (1)
end-move pos-1-3 (0)
jump-new-move pos-6-4 pos-5-4 pos-4-4 (1)
jump-continue-move pos-4-4 pos-3-4 pos-2-4 (0)
end-move pos-2-4 (0)
jump-new-move pos-3-6 pos-3-5 pos-3-4 (1)
end-move pos-3-4 (0)
jump-new-move pos-2-4 pos-3-4 pos-4-4 (1)
end-move pos-4-4 (0)
jump-new-move pos-5-3 pos-4-3 pos-3-3 (1)
jump-continue-move pos-3-3 pos-3-2 pos-3-1 (0)
end-move pos-3-1 (0)
jump-new-move pos-4-5 pos-4-4 pos-4-3 (1)
jump-continue-move pos-4-3 pos-4-2 pos-4-1 (0)
jump-continue-move pos-4-1 pos-3-1 pos-2-1 (0)
jump-continue-move pos-2-1 pos-2-2 pos-2-3 (0)
end-move pos-2-3 (0)
jump-new-move pos-1-3 pos-2-3 pos-3-3 (1)
[t=2.19182s, 15944 KB] Plan length: 29 step(s).
[t=2.19186s, 15944 KB] Plan cost: 12
[t=2.19189s, 15944 KB] Solution: Incumbent solution found!
[t=2.19191s, 15944 KB] Solution Timestep: 1682028271546 millisecond(s).
[t=2.19193s, 15944 KB] Timestamp: 1682028271546 millisecond(s).
[t=2.19196s, 15944 KB] Expanded 49354 state(s).
[t=2.19198s, 15944 KB] Reopened 3171 state(s).
[t=2.192s, 15944 KB] Evaluated 101860 state(s).
[t=2.19203s, 15944 KB] Evaluations: 110491
[t=2.19205s, 15944 KB] Generated 139415 state(s).
[t=2.19207s, 15944 KB] Dead ends: 0 state(s).
[t=2.19209s, 15944 KB] Number of registered states: 110491
[t=2.19211s, 15944 KB] Int hash set load factor: 110491/131072 = 0.842979
[t=2.19214s, 15944 KB] Int hash set resizes: 17
[t=8.43951s, 29552 KB] Solution found!
jump-new-move pos-3-0 pos-3-1 pos-3-2 (1)
end-move pos-3-2 (0)
jump-new-move pos-4-0 pos-4-1 pos-4-2 (1)
jump-continue-move pos-4-2 pos-3-2 pos-2-2 (0)
jump-continue-move pos-2-2 pos-2-3 pos-2-4 (0)
end-move pos-2-4 (0)
jump-new-move pos-6-4 pos-5-4 pos-4-4 (1)
jump-continue-move pos-4-4 pos-4-3 pos-4-2 (0)
end-move pos-4-2 (0)
jump-new-move pos-2-6 pos-3-6 pos-4-6 (1)
jump-continue-move pos-4-6 pos-4-5 pos-4-4 (0)
end-move pos-4-4 (0)
jump-new-move pos-2-5 pos-2-4 pos-2-3 (1)
end-move pos-2-3 (0)
jump-new-move pos-2-0 pos-2-1 pos-2-2 (1)
jump-continue-move pos-2-2 pos-2-3 pos-2-4 (0)
end-move pos-2-4 (0)
jump-new-move pos-1-2 pos-1-3 pos-1-4 (1)
jump-continue-move pos-1-4 pos-2-4 pos-3-4 (0)
jump-continue-move pos-3-4 pos-4-4 pos-5-4 (0)
jump-continue-move pos-5-4 pos-5-3 pos-5-2 (0)
jump-continue-move pos-5-2 pos-4-2 pos-3-2 (0)
jump-continue-move pos-3-2 pos-3-3 pos-3-4 (0)
end-move pos-3-4 (0)
jump-new-move pos-3-5 pos-3-4 pos-3-3 (1)
[t=8.43991s, 29552 KB] Plan length: 25 step(s).
[t=8.43996s, 29552 KB] Plan cost: 8
[t=8.43998s, 29552 KB] Solution: Incumbent solution found!
[t=8.44s, 29552 KB] Solution Timestep: 1682028277847 millisecond(s).
[t=8.44003s, 29552 KB] Timestamp: 1682028277847 millisecond(s).
[t=8.44005s, 29552 KB] Expanded 216101 state(s).
[t=8.44007s, 29552 KB] Reopened 23401 state(s).
[t=8.4401s, 29552 KB] Evaluated 367572 state(s).
[t=8.44012s, 29552 KB] Evaluations: 421029
[t=8.44015s, 29552 KB] Generated 593881 state(s).
[t=8.44017s, 29552 KB] Dead ends: 0 state(s).
[t=8.44019s, 29552 KB] Number of registered states: 421029
[t=8.44022s, 29552 KB] Int hash set load factor: 421029/524288 = 0.803049
[t=8.44024s, 29552 KB] Int hash set resizes: 19
[t=17.8472s, 61684 KB] Optimal Solution: found
[t=17.8474s, 61684 KB] Actual search time: 17.8425s
jump-new-move pos-3-0 pos-3-1 pos-3-2 (1)
end-move pos-3-2 (0)
jump-new-move pos-4-0 pos-4-1 pos-4-2 (1)
jump-continue-move pos-4-2 pos-3-2 pos-2-2 (0)
jump-continue-move pos-2-2 pos-2-3 pos-2-4 (0)
end-move pos-2-4 (0)
jump-new-move pos-6-4 pos-5-4 pos-4-4 (1)
jump-continue-move pos-4-4 pos-4-3 pos-4-2 (0)
end-move pos-4-2 (0)
jump-new-move pos-2-6 pos-3-6 pos-4-6 (1)
jump-continue-move pos-4-6 pos-4-5 pos-4-4 (0)
end-move pos-4-4 (0)
jump-new-move pos-2-5 pos-2-4 pos-2-3 (1)
end-move pos-2-3 (0)
jump-new-move pos-2-0 pos-2-1 pos-2-2 (1)
jump-continue-move pos-2-2 pos-2-3 pos-2-4 (0)
end-move pos-2-4 (0)
jump-new-move pos-1-2 pos-1-3 pos-1-4 (1)
jump-continue-move pos-1-4 pos-2-4 pos-3-4 (0)
jump-continue-move pos-3-4 pos-4-4 pos-5-4 (0)
jump-continue-move pos-5-4 pos-5-3 pos-5-2 (0)
jump-continue-move pos-5-2 pos-4-2 pos-3-2 (0)
jump-continue-move pos-3-2 pos-3-3 pos-3-4 (0)
end-move pos-3-4 (0)
jump-new-move pos-3-5 pos-3-4 pos-3-3 (1)
[t=17.8475s, 61684 KB] Plan length: 25 step(s).
[t=17.8475s, 61684 KB] Plan cost: 8
[t=17.8475s, 61684 KB] Timestamp: 1682028287331 millisecond(s).
[t=17.8475s, 61684 KB] Expanded 488683 state(s).
[t=17.8475s, 61684 KB] Reopened 38484 state(s).
[t=17.8475s, 61684 KB] Evaluated 450199 state(s).
[t=17.8475s, 61684 KB] Evaluations: 866331
[t=17.8475s, 61684 KB] Generated 1334289 state(s).
[t=17.8475s, 61684 KB] Dead ends: 0 state(s).
[t=17.8475s, 61684 KB] Number of registered states: 866331
[t=17.8475s, 61684 KB] Int hash set load factor: 866331/2097152 = 0.413099
[t=17.8475s, 61684 KB] Int hash set resizes: 21
[t=17.8475s, 61684 KB] Search time: 17.8428s
[t=17.8475s, 61684 KB] Total time: 17.8475s
Solution found.
Peak memory: 61684 KB
Remove intermediate file output.sas
search exit code: 0

INFO     Running validate.
INFO     validate stdin: None
INFO     validate time limit: None
INFO     validate memory limit: None
INFO     validate command line string: validate domain.pddl problem.pddl sas_plan sas_plan.1 sas_plan.2 sas_plan.3 sas_plan.4
Checking plan: sas_plan
Plan executed successfully - checking goal
Plan valid
Final value: 8 
Checking plan: sas_plan.1
Plan executed successfully - checking goal
Plan valid
Final value: 16 
Checking plan: sas_plan.2
Plan executed successfully - checking goal
Plan valid
Final value: 14 
Checking plan: sas_plan.3
Plan executed successfully - checking goal
Plan valid
Final value: 12 
Checking plan: sas_plan.4
Plan executed successfully - checking goal
Plan valid
Final value: 8 

Successful plans:
Value: 8
 sas_plan 8 
sas_plan.4 8 

Value: 12
 sas_plan.3 12 

Value: 14
 sas_plan.2 14 

Value: 16
 sas_plan.1 16 

validate exit code: 0

INFO     Planner time: 17.98s
