INFO     planner time limit: 900s
INFO     planner memory limit: 3584 MB

INFO     Running translator.
INFO     translator stdin: None
INFO     translator time limit: 899s
INFO     translator memory limit: 3584 MB
INFO     translator command line string: /usr/local/downward-projects/downward/experiments/.venv/bin/python3 /usr/local/downward-projects/downward/experiments/src/thesis/data/thesis-thesis_exp/code-f7a4f68fd467cf7cff4d3dfcfdfcfa2023e44324_e5e41175/builds/release/bin/translate/translate.py domain.pddl problem.pddl --sas-file output.sas
Parsing...
Parsing: [0.000s CPU, 0.002s wall-clock]
Normalizing task... [0.000s CPU, 0.000s wall-clock]
Instantiating...
Generating Datalog program... [0.000s CPU, 0.000s wall-clock]
Normalizing Datalog program...
Normalizing Datalog program: [0.000s CPU, 0.001s wall-clock]
Preparing model... [0.000s CPU, 0.001s wall-clock]
Generated 24 rules.
Computing model... [0.010s CPU, 0.004s wall-clock]
471 relevant atoms
320 auxiliary atoms
791 final queue length
1064 total queue pushes
Completing instantiation... [0.000s CPU, 0.006s wall-clock]
Instantiating: [0.010s CPU, 0.013s wall-clock]
Computing fact groups...
Finding invariants...
10 initial candidates
Finding invariants: [0.010s CPU, 0.001s wall-clock]
Checking invariant weight... [0.000s CPU, 0.000s wall-clock]
Instantiating groups... [0.000s CPU, 0.002s wall-clock]
Collecting mutex groups... [0.000s CPU, 0.000s wall-clock]
Choosing groups...
0 uncovered facts
Choosing groups: [0.000s CPU, 0.000s wall-clock]
Building translation key... [0.000s CPU, 0.000s wall-clock]
Computing fact groups: [0.010s CPU, 0.004s wall-clock]
Building STRIPS to SAS dictionary... [0.000s CPU, 0.000s wall-clock]
Building dictionary for full mutex groups... [0.000s CPU, 0.000s wall-clock]
Building mutex information...
Building mutex information: [0.000s CPU, 0.000s wall-clock]
Translating task...
Processing axioms...
Simplifying axioms... [0.000s CPU, 0.000s wall-clock]
Translator axioms removed by simplifying: 0
Computing negative axioms... [0.000s CPU, 0.000s wall-clock]
Processing axioms: [0.000s CPU, 0.000s wall-clock]
Translating task: [0.000s CPU, 0.006s wall-clock]
0 effect conditions simplified
0 implied preconditions added
Detecting unreachable propositions...
0 operators removed
0 axioms removed
3 propositions removed
Detecting unreachable propositions: [0.010s CPU, 0.004s wall-clock]
Reordering and filtering variables...
33 of 33 variables necessary.
30 of 33 mutex groups necessary.
242 of 242 operators necessary.
0 of 0 axiom rules necessary.
Reordering and filtering variables: [0.000s CPU, 0.001s wall-clock]
Translator variables: 33
Translator derived variables: 0
Translator facts: 154
Translator goal facts: 30
Translator mutex groups: 30
Translator total mutex groups size: 120
Translator operators: 242
Translator axioms: 0
Translator task size: 1663
Translator peak memory: 32872 KB
Writing output... [0.000s CPU, 0.002s wall-clock]
Done! [0.030s CPU, 0.032s wall-clock]
translate exit code: 0

INFO     Running search (release).
INFO     search stdin: output.sas
INFO     search time limit: 899s
INFO     search memory limit: 3584 MB
INFO     search command line string: /usr/local/downward-projects/downward/experiments/src/thesis/data/thesis-thesis_exp/code-f7a4f68fd467cf7cff4d3dfcfdfcfa2023e44324_e5e41175/builds/release/bin/downward --evaluator 'h=ff()' --search 'eager(single(h))' --internal-plan-file sas_plan < output.sas
[t=0.00104102s, 11000 KB] reading input...
[t=0.00203805s, 11000 KB] done reading input!
[t=0.00412332s, 11388 KB] Simplifying 482 unary operators... done! [482 unary operators]
[t=0.00456463s, 11388 KB] time to simplify: 0.000441312s
[t=0.00462014s, 11388 KB] Initializing additive heuristic...
[t=0.0046702s, 11388 KB] Initializing FF heuristic...
[t=0.00469565s, 11388 KB] Building successor generator...done!
[t=0.004858s, 11388 KB] peak memory difference for successor generator creation: 0 KB
[t=0.00489865s, 11388 KB] time for successor generation creation: 0s
[t=0.00492319s, 11388 KB] Variables: 33
[t=0.00495s, 11388 KB] FactPairs: 154
[t=0.00497382s, 11388 KB] Bytes per state: 12
[t=0.00499833s, 11388 KB] Conducting best first search without reopening closed nodes, (real) bound = 2147483647
[t=0.00504936s, 11388 KB] New best heuristic value for ff(): 61
[t=0.00509601s, 11388 KB] g=0, 1 evaluated, 0 expanded
[t=0.00512081s, 11388 KB] Initial heuristic value for ff(): 61
[t=0.00515103s, 11388 KB] pruning method: none
[t=0.00517472s, 11388 KB] Start Timestep: 1684279464240 millisecond(s).
[t=0.00522132s, 11388 KB] New best heuristic value for ff(): 60
[t=0.0052742s, 11388 KB] g=1, 3 evaluated, 1 expanded
[t=0.0122957s, 11388 KB] New best heuristic value for ff(): 59
[t=0.012993s, 11388 KB] g=3, 993 evaluated, 62 expanded
[t=0.0130204s, 11388 KB] New best heuristic value for ff(): 58
[t=0.0130741s, 11388 KB] g=5, 995 evaluated, 64 expanded
[t=0.0195756s, 11388 KB] New best heuristic value for ff(): 57
[t=0.0203632s, 11388 KB] g=7, 1923 evaluated, 123 expanded
[t=0.0203902s, 11388 KB] New best heuristic value for ff(): 56
[t=0.0204661s, 11388 KB] g=9, 1928 evaluated, 125 expanded
[t=0.0268372s, 11528 KB] New best heuristic value for ff(): 55
[t=0.0273167s, 11528 KB] g=11, 2796 evaluated, 182 expanded
[t=0.0273431s, 11528 KB] New best heuristic value for ff(): 54
[t=0.0274392s, 11528 KB] g=13, 2804 evaluated, 184 expanded
[t=0.033092s, 11528 KB] New best heuristic value for ff(): 53
[t=0.0337371s, 11528 KB] g=15, 3614 evaluated, 239 expanded
[t=0.0337655s, 11528 KB] New best heuristic value for ff(): 52
[t=0.0338834s, 11528 KB] g=17, 3625 evaluated, 241 expanded
[t=0.0392723s, 11528 KB] New best heuristic value for ff(): 51
[t=0.0398772s, 11528 KB] g=19, 4379 evaluated, 294 expanded
[t=0.0399042s, 11528 KB] New best heuristic value for ff(): 50
[t=0.0400433s, 11528 KB] g=21, 4393 evaluated, 296 expanded
[t=0.0444758s, 11664 KB] New best heuristic value for ff(): 49
[t=0.0453786s, 11664 KB] g=23, 5093 evaluated, 347 expanded
[t=0.0454961s, 11664 KB] New best heuristic value for ff(): 48
[t=0.0455745s, 11664 KB] g=25, 5110 evaluated, 349 expanded
[t=0.049678s, 11664 KB] New best heuristic value for ff(): 47
[t=0.0505361s, 11664 KB] g=27, 5758 evaluated, 398 expanded
[t=0.0507019s, 11664 KB] New best heuristic value for ff(): 46
[t=0.0507518s, 11664 KB] g=29, 5778 evaluated, 400 expanded
[t=0.0548779s, 11664 KB] New best heuristic value for ff(): 45
[t=0.0553002s, 11664 KB] g=31, 6376 evaluated, 447 expanded
[t=0.0553258s, 11664 KB] New best heuristic value for ff(): 44
[t=0.0555226s, 11664 KB] g=33, 6399 evaluated, 449 expanded
[t=0.0590326s, 11664 KB] New best heuristic value for ff(): 43
[t=0.0596506s, 11664 KB] g=35, 6949 evaluated, 494 expanded
[t=0.0596765s, 11664 KB] New best heuristic value for ff(): 42
[t=0.0598968s, 11664 KB] g=37, 6975 evaluated, 496 expanded
[t=0.0631894s, 11664 KB] New best heuristic value for ff(): 41
[t=0.0636642s, 11664 KB] g=39, 7479 evaluated, 539 expanded
[t=0.0636898s, 11664 KB] New best heuristic value for ff(): 40
[t=0.0639313s, 11664 KB] g=41, 7508 evaluated, 541 expanded
[t=0.0673475s, 11788 KB] New best heuristic value for ff(): 39
[t=0.0679445s, 11788 KB] g=43, 7968 evaluated, 582 expanded
[t=0.0679713s, 11788 KB] New best heuristic value for ff(): 38
[t=0.0682273s, 11788 KB] g=45, 8000 evaluated, 584 expanded
[t=0.0704094s, 11788 KB] New best heuristic value for ff(): 37
[t=0.0713177s, 11788 KB] g=47, 8418 evaluated, 623 expanded
[t=0.0714355s, 11788 KB] New best heuristic value for ff(): 36
[t=0.0716207s, 11788 KB] g=49, 8453 evaluated, 625 expanded
[t=0.0743197s, 11788 KB] New best heuristic value for ff(): 35
[t=0.0744179s, 11788 KB] g=51, 8831 evaluated, 662 expanded
[t=0.0747174s, 11788 KB] New best heuristic value for ff(): 34
[t=0.0747521s, 11788 KB] g=53, 8869 evaluated, 664 expanded
[t=0.0765895s, 11788 KB] New best heuristic value for ff(): 33
[t=0.0772647s, 11788 KB] g=55, 9209 evaluated, 699 expanded
[t=0.0772906s, 11788 KB] New best heuristic value for ff(): 32
[t=0.0776017s, 11788 KB] g=57, 9250 evaluated, 701 expanded
[t=0.0796851s, 11788 KB] New best heuristic value for ff(): 31
[t=0.0798785s, 11788 KB] g=59, 9554 evaluated, 734 expanded
[t=0.0799044s, 11788 KB] New best heuristic value for ff(): 30
[t=0.0802385s, 11788 KB] g=61, 9598 evaluated, 736 expanded
[t=0.0820148s, 11788 KB] New best heuristic value for ff(): 29
[t=0.0823013s, 11788 KB] g=63, 9868 evaluated, 767 expanded
[t=0.0823279s, 11788 KB] New best heuristic value for ff(): 28
[t=0.0826731s, 11788 KB] g=65, 9915 evaluated, 769 expanded
[t=0.0837287s, 11788 KB] New best heuristic value for ff(): 27
[t=0.0844038s, 11788 KB] g=67, 10153 evaluated, 798 expanded
[t=0.0847577s, 11788 KB] New best heuristic value for ff(): 26
[t=0.0847932s, 11788 KB] g=69, 10203 evaluated, 800 expanded
[t=0.0858743s, 11788 KB] New best heuristic value for ff(): 25
[t=0.0863243s, 11788 KB] g=71, 10411 evaluated, 827 expanded
[t=0.0863493s, 11788 KB] New best heuristic value for ff(): 24
[t=0.0867199s, 11788 KB] g=73, 10464 evaluated, 829 expanded
[t=0.0878408s, 11788 KB] New best heuristic value for ff(): 23
[t=0.088036s, 11788 KB] g=75, 10644 evaluated, 854 expanded
[t=0.0880613s, 11788 KB] New best heuristic value for ff(): 22
[t=0.0884495s, 11788 KB] g=77, 10700 evaluated, 856 expanded
[t=0.0888494s, 11924 KB] New best heuristic value for ff(): 21
[t=0.0896052s, 11924 KB] g=79, 10854 evaluated, 879 expanded
[t=0.0898746s, 11924 KB] New best heuristic value for ff(): 20
[t=0.0900595s, 11924 KB] g=81, 10913 evaluated, 881 expanded
[t=0.0909015s, 11924 KB] New best heuristic value for ff(): 19
[t=0.0910256s, 11924 KB] g=83, 11043 evaluated, 902 expanded
[t=0.0910508s, 11924 KB] New best heuristic value for ff(): 18
[t=0.0914701s, 11924 KB] g=85, 11105 evaluated, 904 expanded
[t=0.0919105s, 11924 KB] New best heuristic value for ff(): 17
[t=0.0922741s, 11924 KB] g=87, 11213 evaluated, 923 expanded
[t=0.0922987s, 11924 KB] New best heuristic value for ff(): 16
[t=0.0927381s, 11924 KB] g=89, 11278 evaluated, 925 expanded
[t=0.0929167s, 11924 KB] New best heuristic value for ff(): 15
[t=0.0934088s, 11924 KB] g=91, 11366 evaluated, 942 expanded
[t=0.0935675s, 11924 KB] New best heuristic value for ff(): 14
[t=0.0939s, 11924 KB] g=93, 11434 evaluated, 944 expanded
[t=0.0939242s, 11924 KB] New best heuristic value for ff(): 13
[t=0.0944226s, 11924 KB] g=95, 11504 evaluated, 959 expanded
[t=0.0944467s, 11924 KB] New best heuristic value for ff(): 12
[t=0.0949094s, 11924 KB] g=97, 11575 evaluated, 961 expanded
[t=0.094939s, 11924 KB] New best heuristic value for ff(): 11
[t=0.0953387s, 11924 KB] g=99, 11629 evaluated, 974 expanded
[t=0.0953634s, 11924 KB] New best heuristic value for ff(): 10
[t=0.095837s, 11924 KB] g=101, 11703 evaluated, 976 expanded
[t=0.0959387s, 11924 KB] New best heuristic value for ff(): 9
[t=0.0961794s, 11924 KB] g=103, 11743 evaluated, 987 expanded
[t=0.0962034s, 11924 KB] New best heuristic value for ff(): 8
[t=0.0966971s, 11924 KB] g=105, 11820 evaluated, 989 expanded
[t=0.0967219s, 11924 KB] New best heuristic value for ff(): 7
[t=0.0969377s, 11924 KB] g=107, 11848 evaluated, 998 expanded
[t=0.0973586s, 11924 KB] New best heuristic value for ff(): 6
[t=0.0975346s, 11924 KB] g=109, 11928 evaluated, 1000 expanded
[t=0.0975599s, 11924 KB] New best heuristic value for ff(): 5
[t=0.0977093s, 11924 KB] g=111, 11946 evaluated, 1007 expanded
[t=0.0979289s, 11924 KB] New best heuristic value for ff(): 4
[t=0.0982593s, 11924 KB] g=113, 12029 evaluated, 1009 expanded
[t=0.0982831s, 11924 KB] New best heuristic value for ff(): 3
[t=0.09834s, 11924 KB] g=114, 12034 evaluated, 1010 expanded
[t=0.0983644s, 11924 KB] New best heuristic value for ff(): 2
[t=0.0983961s, 11924 KB] g=115, 12035 evaluated, 1011 expanded
[t=0.0984197s, 11924 KB] New best heuristic value for ff(): 1
[t=0.0984522s, 11924 KB] g=116, 12036 evaluated, 1012 expanded
[t=0.098476s, 11924 KB] New best heuristic value for ff(): 0
[t=0.0986379s, 11924 KB] g=117, 12067 evaluated, 1013 expanded
[t=0.0986613s, 11924 KB] Solution found!
[t=0.0986855s, 11924 KB] Actual search time: 0.0934641s
pick ball1 rooma left (1)
move rooma roomb (1)
drop ball1 roomb left (1)
move roomb rooma (1)
pick ball10 rooma left (1)
move rooma roomb (1)
drop ball10 roomb left (1)
move roomb rooma (1)
pick ball11 rooma left (1)
move rooma roomb (1)
drop ball11 roomb left (1)
move roomb rooma (1)
pick ball12 rooma left (1)
move rooma roomb (1)
drop ball12 roomb left (1)
move roomb rooma (1)
pick ball13 rooma left (1)
move rooma roomb (1)
drop ball13 roomb left (1)
move roomb rooma (1)
pick ball14 rooma left (1)
move rooma roomb (1)
drop ball14 roomb left (1)
move roomb rooma (1)
pick ball15 rooma left (1)
move rooma roomb (1)
drop ball15 roomb left (1)
move roomb rooma (1)
pick ball16 rooma left (1)
move rooma roomb (1)
drop ball16 roomb left (1)
move roomb rooma (1)
pick ball17 rooma left (1)
move rooma roomb (1)
drop ball17 roomb left (1)
move roomb rooma (1)
pick ball18 rooma left (1)
move rooma roomb (1)
drop ball18 roomb left (1)
move roomb rooma (1)
pick ball19 rooma left (1)
move rooma roomb (1)
drop ball19 roomb left (1)
move roomb rooma (1)
pick ball2 rooma left (1)
move rooma roomb (1)
drop ball2 roomb left (1)
move roomb rooma (1)
pick ball20 rooma left (1)
move rooma roomb (1)
drop ball20 roomb left (1)
move roomb rooma (1)
pick ball21 rooma left (1)
move rooma roomb (1)
drop ball21 roomb left (1)
move roomb rooma (1)
pick ball22 rooma left (1)
move rooma roomb (1)
drop ball22 roomb left (1)
move roomb rooma (1)
pick ball23 rooma left (1)
move rooma roomb (1)
drop ball23 roomb left (1)
move roomb rooma (1)
pick ball24 rooma left (1)
move rooma roomb (1)
drop ball24 roomb left (1)
move roomb rooma (1)
pick ball25 rooma left (1)
move rooma roomb (1)
drop ball25 roomb left (1)
move roomb rooma (1)
pick ball26 rooma left (1)
move rooma roomb (1)
drop ball26 roomb left (1)
move roomb rooma (1)
pick ball27 rooma left (1)
move rooma roomb (1)
drop ball27 roomb left (1)
move roomb rooma (1)
pick ball28 rooma left (1)
move rooma roomb (1)
drop ball28 roomb left (1)
move roomb rooma (1)
pick ball29 rooma left (1)
move rooma roomb (1)
drop ball29 roomb left (1)
move roomb rooma (1)
pick ball3 rooma left (1)
move rooma roomb (1)
drop ball3 roomb left (1)
move roomb rooma (1)
pick ball30 rooma left (1)
move rooma roomb (1)
drop ball30 roomb left (1)
move roomb rooma (1)
pick ball4 rooma left (1)
move rooma roomb (1)
drop ball4 roomb left (1)
move roomb rooma (1)
pick ball5 rooma left (1)
move rooma roomb (1)
drop ball5 roomb left (1)
move roomb rooma (1)
pick ball6 rooma left (1)
move rooma roomb (1)
drop ball6 roomb left (1)
move roomb rooma (1)
pick ball7 rooma left (1)
move rooma roomb (1)
drop ball7 roomb left (1)
move roomb rooma (1)
pick ball8 rooma left (1)
pick ball9 rooma right (1)
move rooma roomb (1)
drop ball8 roomb left (1)
drop ball9 roomb right (1)
[t=0.0987293s, 11924 KB] Plan length: 117 step(s).
[t=0.0987293s, 11924 KB] Plan cost: 117
[t=0.0987293s, 11924 KB] Timestamp: 1684279464338 millisecond(s).
[t=0.0987293s, 11924 KB] Expanded 1014 state(s).
[t=0.0987293s, 11924 KB] Reopened 0 state(s).
[t=0.0987293s, 11924 KB] Evaluated 12067 state(s).
[t=0.0987293s, 11924 KB] Evaluations: 12067
[t=0.0987293s, 11924 KB] Generated 22095 state(s).
[t=0.0987293s, 11924 KB] Dead ends: 0 state(s).
[t=0.0987293s, 11924 KB] Number of registered states: 12067
[t=0.0987293s, 11924 KB] Int hash set load factor: 12067/16384 = 0.736511
[t=0.0987293s, 11924 KB] Int hash set resizes: 14
[t=0.0987293s, 11924 KB] Search time: 0.093731s
[t=0.0987293s, 11924 KB] Total time: 0.0987293s
Solution found.
Peak memory: 11924 KB
Remove intermediate file output.sas
search exit code: 0

INFO     Running validate.
INFO     validate stdin: None
INFO     validate time limit: None
INFO     validate memory limit: None
INFO     validate command line string: validate domain.pddl problem.pddl sas_plan
Checking plan: sas_plan
Plan executed successfully - checking goal
Plan valid
Final value: 117 

Successful plans:
Value: 117
 sas_plan 117 

validate exit code: 0

INFO     Planner time: 0.23s
