INFO     planner time limit: 900s
INFO     planner memory limit: 3584 MB

INFO     Running translator.
INFO     translator stdin: None
INFO     translator time limit: 899s
INFO     translator memory limit: 3584 MB
INFO     translator command line string: /usr/local/downward-projects/downward/experiments/assign3/.venv/bin/python3 /usr/local/downward-projects/downward/experiments/assign3/data/assign3-anytime_exp/code-fe4f0f1bb525c059c1938ac01bab1b7bae200873_e5e41175/builds/release/bin/translate/translate.py domain.pddl problem.pddl --sas-file output.sas
Parsing...
Parsing: [0.020s CPU, 0.023s wall-clock]
Normalizing task... [0.000s CPU, 0.001s wall-clock]
Instantiating...
Generating Datalog program... [0.010s CPU, 0.008s wall-clock]
Normalizing Datalog program...
Normalizing Datalog program: [0.000s CPU, 0.001s wall-clock]
Preparing model... [0.030s CPU, 0.033s wall-clock]
Generated 23 rules.
Computing model... [0.110s CPU, 0.104s wall-clock]
7333 relevant atoms
12880 auxiliary atoms
20213 final queue length
23431 total queue pushes
Completing instantiation... [0.050s CPU, 0.057s wall-clock]
Instantiating: [0.210s CPU, 0.210s wall-clock]
Computing fact groups...
Finding invariants...
9 initial candidates
Finding invariants: [0.000s CPU, 0.003s wall-clock]
Checking invariant weight... [0.000s CPU, 0.002s wall-clock]
Instantiating groups... [0.000s CPU, 0.001s wall-clock]
Collecting mutex groups... [0.000s CPU, 0.000s wall-clock]
Choosing groups...
0 uncovered facts
Choosing groups: [0.000s CPU, 0.000s wall-clock]
Building translation key... [0.000s CPU, 0.000s wall-clock]
Computing fact groups: [0.000s CPU, 0.007s wall-clock]
Building STRIPS to SAS dictionary... [0.000s CPU, 0.000s wall-clock]
Building dictionary for full mutex groups... [0.000s CPU, 0.000s wall-clock]
Building mutex information...
Building mutex information: [0.000s CPU, 0.000s wall-clock]
Translating task...
Processing axioms...
Simplifying axioms... [0.000s CPU, 0.000s wall-clock]
Translator axioms removed by simplifying: 0
Computing negative axioms... [0.000s CPU, 0.000s wall-clock]
Processing axioms: [0.010s CPU, 0.003s wall-clock]
Translating task: [0.040s CPU, 0.039s wall-clock]
0 effect conditions simplified
0 implied preconditions added
Detecting unreachable propositions...
0 operators removed
0 axioms removed
9 propositions removed
Detecting unreachable propositions: [0.020s CPU, 0.019s wall-clock]
Reordering and filtering variables...
9 of 9 variables necessary.
0 of 9 mutex groups necessary.
1732 of 1732 operators necessary.
0 of 0 axiom rules necessary.
Reordering and filtering variables: [0.000s CPU, 0.005s wall-clock]
Translator variables: 9
Translator derived variables: 0
Translator facts: 157
Translator goal facts: 7
Translator mutex groups: 0
Translator total mutex groups size: 0
Translator operators: 1732
Translator axioms: 0
Translator task size: 8735
Translator peak memory: 43912 KB
Writing output... [0.010s CPU, 0.007s wall-clock]
Done! [0.300s CPU, 0.315s wall-clock]
translate exit code: 0

INFO     Running search (release).
INFO     search stdin: output.sas
INFO     search time limit: 899s
INFO     search memory limit: 3584 MB
INFO     search command line string: /usr/local/downward-projects/downward/experiments/assign3/data/assign3-anytime_exp/code-fe4f0f1bb525c059c1938ac01bab1b7bae200873_e5e41175/builds/release/bin/downward --evaluator 'h=lmcut()' --search 'iterated([
            eager_wastar([h],w=5),
            eager_wastar([h],w=4),
            eager_wastar([h],w=3),
            eager_wastar([h],w=2),
            astar(h)
        ],continue_on_fail=true)' --internal-plan-file sas_plan < output.sas
[t=0.00105164s, 10884 KB] reading input...
[t=0.00627066s, 11304 KB] done reading input!
[t=0.00938526s, 12036 KB] Initializing landmark cut heuristic...
[t=0.0101778s, 12036 KB] Building successor generator...done!
[t=0.0106855s, 12036 KB] peak memory difference for successor generator creation: 0 KB
[t=0.0107528s, 12036 KB] time for successor generation creation: 7.7084e-05s
[t=0.0107784s, 12036 KB] Variables: 9
[t=0.010814s, 12036 KB] FactPairs: 157
[t=0.0108371s, 12036 KB] Bytes per state: 4
[t=0.01086s, 12036 KB] Start Timestep: 1682509514319 millisecond(s).
[t=0.0109453s, 12036 KB] Building successor generator...done!
[t=0.0110652s, 12036 KB] peak memory difference for successor generator creation: 0 KB
[t=0.0111035s, 12036 KB] time for successor generation creation: 0s
[t=0.0111289s, 12036 KB] Variables: 9
[t=0.0111597s, 12036 KB] FactPairs: 157
[t=0.0111832s, 12036 KB] Bytes per state: 4
[t=0.0112067s, 12036 KB] Starting search: eager_wastar([h],w=5)
[t=0.0112392s, 12036 KB] Conducting best first search with reopening closed nodes, (real) bound = 2147483647
[t=0.0112711s, 12036 KB] New best heuristic value for lmcut(): 18
[t=0.011685s, 12036 KB] g=0, 1 evaluated, 0 expanded
[t=0.0117122s, 12036 KB] Initial heuristic value for lmcut(): 18
[t=0.01174s, 12036 KB] pruning method: none
[t=0.0117649s, 12036 KB] Start Timestep: 1682509514320 millisecond(s).
[t=0.0122467s, 12036 KB] New best heuristic value for lmcut(): 17
[t=0.0131233s, 12036 KB] g=1, 5 evaluated, 1 expanded
[t=0.0147914s, 12036 KB] New best heuristic value for lmcut(): 16
[t=0.0152982s, 12036 KB] g=3, 12 evaluated, 3 expanded
[t=0.0163842s, 12036 KB] New best heuristic value for lmcut(): 15
[t=0.016782s, 12036 KB] g=4, 17 evaluated, 4 expanded
[t=0.0184608s, 12036 KB] New best heuristic value for lmcut(): 14
[t=0.0185025s, 12036 KB] g=6, 24 evaluated, 6 expanded
[t=0.0194877s, 12036 KB] New best heuristic value for lmcut(): 13
[t=0.0198568s, 12036 KB] g=7, 30 evaluated, 7 expanded
[t=0.0198853s, 12036 KB] New best heuristic value for lmcut(): 12
[t=0.0202896s, 12036 KB] g=8, 32 evaluated, 8 expanded
[t=0.020489s, 12036 KB] New best heuristic value for lmcut(): 11
[t=0.021205s, 12036 KB] g=9, 37 evaluated, 9 expanded
[t=0.0235985s, 12036 KB] New best heuristic value for lmcut(): 10
[t=0.0241675s, 12036 KB] g=10, 57 evaluated, 13 expanded
[t=0.0246192s, 12036 KB] New best heuristic value for lmcut(): 9
[t=0.0255942s, 12036 KB] g=11, 67 evaluated, 15 expanded
[t=0.0277346s, 12036 KB] New best heuristic value for lmcut(): 8
[t=0.028216s, 12036 KB] g=13, 88 evaluated, 19 expanded
[t=0.0287553s, 12036 KB] New best heuristic value for lmcut(): 7
[t=0.0293572s, 12036 KB] g=14, 98 evaluated, 20 expanded
[t=0.0297787s, 12036 KB] New best heuristic value for lmcut(): 6
[t=0.0300624s, 12036 KB] g=15, 107 evaluated, 21 expanded
[t=0.0307966s, 12036 KB] New best heuristic value for lmcut(): 5
[t=0.031786s, 12036 KB] g=18, 142 evaluated, 27 expanded
[t=0.0318191s, 12036 KB] New best heuristic value for lmcut(): 4
[t=0.0320058s, 12036 KB] g=19, 148 evaluated, 28 expanded
[t=0.0320317s, 12036 KB] New best heuristic value for lmcut(): 3
[t=0.0321667s, 12036 KB] g=20, 153 evaluated, 29 expanded
[t=0.0321922s, 12036 KB] New best heuristic value for lmcut(): 2
[t=0.0322577s, 12036 KB] g=21, 155 evaluated, 30 expanded
[t=0.0322821s, 12036 KB] New best heuristic value for lmcut(): 1
[t=0.0323561s, 12036 KB] g=22, 158 evaluated, 31 expanded
[t=0.03238s, 12036 KB] New best heuristic value for lmcut(): 0
[t=0.03244s, 12036 KB] g=23, 162 evaluated, 32 expanded
[t=0.0324636s, 12036 KB] Solution found!
[t=0.0324981s, 12036 KB] Actual search time: 0.0207076s
load p5 t0 l5 (1)
drive t0 l5 l0 level93 level6 level99 (1)
unload p5 t0 l0 (1)
load p4 t0 l0 (1)
drive t0 l0 l3 level75 level18 level93 (1)
unload p4 t0 l3 (1)
load p1 t0 l3 (1)
drive t0 l3 l4 level67 level8 level75 (1)
load p6 t0 l4 (1)
load p2 t0 l4 (1)
drive t0 l4 l3 level59 level8 level67 (1)
load p0 t0 l3 (1)
drive t0 l3 l0 level41 level18 level59 (1)
unload p6 t0 l0 (1)
unload p2 t0 l0 (1)
drive t0 l0 l5 level35 level6 level41 (1)
drive t0 l5 l2 level22 level13 level35 (1)
load p3 t0 l2 (1)
unload p1 t0 l2 (1)
unload p0 t0 l2 (1)
drive t0 l2 l5 level9 level13 level22 (1)
drive t0 l5 l0 level3 level6 level9 (1)
unload p3 t0 l0 (1)
[t=0.0327431s, 12036 KB] Plan length: 23 step(s).
[t=0.0328055s, 12036 KB] Plan cost: 23
[t=0.0328287s, 12036 KB] Solution Timestep: 1682509514342 millisecond(s).
[t=0.032853s, 12036 KB] Timestamp: 1682509514342 millisecond(s).
[t=0.0328769s, 12036 KB] Expanded 33 state(s).
[t=0.0329018s, 12036 KB] Reopened 0 state(s).
[t=0.0329246s, 12036 KB] Evaluated 163 state(s).
[t=0.0329479s, 12036 KB] Evaluations: 163
[t=0.0329712s, 12036 KB] Generated 182 state(s).
[t=0.0329949s, 12036 KB] Dead ends: 10 state(s).
[t=0.0330184s, 12036 KB] Number of registered states: 163
[t=0.0330429s, 12036 KB] Int hash set load factor: 163/256 = 0.636719
[t=0.0330677s, 12036 KB] Int hash set resizes: 8
[t=0.0330912s, 12036 KB] Best solution cost so far: 23
[t=0.0331156s, 12036 KB] Solution found - keep searching
[t=0.0331411s, 12036 KB] Building successor generator...done!
[t=0.033261s, 12036 KB] peak memory difference for successor generator creation: 0 KB
[t=0.0333007s, 12036 KB] time for successor generation creation: 0s
[t=0.0333262s, 12036 KB] Variables: 9
[t=0.0333679s, 12036 KB] FactPairs: 157
[t=0.0333923s, 12036 KB] Bytes per state: 4
[t=0.0334154s, 12036 KB] Starting search: eager_wastar([h],w=4)
[t=0.0334478s, 12036 KB] Conducting best first search with reopening closed nodes, (real) bound = 23
[t=0.0336544s, 12036 KB] New best heuristic value for lmcut(): 18
[t=0.0338956s, 12036 KB] g=0, 1 evaluated, 0 expanded
[t=0.0339219s, 12036 KB] Initial heuristic value for lmcut(): 18
[t=0.033948s, 12036 KB] pruning method: none
[t=0.0339718s, 12036 KB] Start Timestep: 1682509514343 millisecond(s).
[t=0.034318s, 12036 KB] New best heuristic value for lmcut(): 17
[t=0.0353213s, 12036 KB] g=1, 5 evaluated, 1 expanded
[t=0.0363923s, 12036 KB] New best heuristic value for lmcut(): 16
[t=0.0374827s, 12036 KB] g=3, 12 evaluated, 3 expanded
[t=0.0384676s, 12036 KB] New best heuristic value for lmcut(): 15
[t=0.0389858s, 12036 KB] g=4, 17 evaluated, 4 expanded
[t=0.0405445s, 12036 KB] New best heuristic value for lmcut(): 14
[t=0.0407074s, 12036 KB] g=6, 24 evaluated, 6 expanded
[t=0.0415624s, 12036 KB] New best heuristic value for lmcut(): 13
[t=0.0420658s, 12036 KB] g=7, 30 evaluated, 7 expanded
[t=0.0420941s, 12036 KB] New best heuristic value for lmcut(): 12
[t=0.0425001s, 12036 KB] g=8, 32 evaluated, 8 expanded
[t=0.0425627s, 12036 KB] New best heuristic value for lmcut(): 11
[t=0.0434037s, 12036 KB] g=9, 37 evaluated, 9 expanded
[t=0.0456911s, 12036 KB] New best heuristic value for lmcut(): 10
[t=0.0464113s, 12036 KB] g=10, 57 evaluated, 13 expanded
[t=0.0477607s, 12036 KB] New best heuristic value for lmcut(): 9
[t=0.0478449s, 12036 KB] g=11, 67 evaluated, 15 expanded
[t=0.0498319s, 12036 KB] New best heuristic value for lmcut(): 8
[t=0.050466s, 12036 KB] g=13, 88 evaluated, 19 expanded
[t=0.050855s, 12036 KB] New best heuristic value for lmcut(): 7
[t=0.0515817s, 12036 KB] g=14, 98 evaluated, 20 expanded
[t=0.0518806s, 12036 KB] New best heuristic value for lmcut(): 6
[t=0.0522948s, 12036 KB] g=15, 107 evaluated, 21 expanded
[t=0.0539589s, 12036 KB] New best heuristic value for lmcut(): 5
[t=0.054022s, 12036 KB] g=18, 142 evaluated, 27 expanded
[t=0.0540504s, 12036 KB] New best heuristic value for lmcut(): 4
[t=0.0542353s, 12036 KB] g=19, 148 evaluated, 28 expanded
[t=0.0542609s, 12036 KB] New best heuristic value for lmcut(): 3
[t=0.0543964s, 12036 KB] g=20, 153 evaluated, 29 expanded
[t=0.0544202s, 12036 KB] New best heuristic value for lmcut(): 2
[t=0.0544849s, 12036 KB] g=21, 155 evaluated, 30 expanded
[t=0.0545096s, 12036 KB] New best heuristic value for lmcut(): 1
[t=0.0545832s, 12036 KB] g=22, 158 evaluated, 31 expanded
[t=0.09799s, 12036 KB] New best heuristic value for lmcut(): 0
[t=0.0990217s, 12036 KB] g=22, 1599 evaluated, 470 expanded, 25 reopened
[t=0.0990571s, 12036 KB] Solution found!
[t=0.0990846s, 12036 KB] Actual search time: 0.0650882s
load p5 t0 l5 (1)
drive t0 l5 l0 level93 level6 level99 (1)
unload p5 t0 l0 (1)
load p4 t0 l0 (1)
drive t0 l0 l3 level75 level18 level93 (1)
unload p4 t0 l3 (1)
load p1 t0 l3 (1)
drive t0 l3 l4 level67 level8 level75 (1)
load p6 t0 l4 (1)
load p2 t0 l4 (1)
drive t0 l4 l3 level59 level8 level67 (1)
load p0 t0 l3 (1)
drive t0 l3 l1 level47 level12 level59 (1)
drive t0 l1 l2 level44 level3 level47 (1)
load p3 t0 l2 (1)
unload p1 t0 l2 (1)
unload p0 t0 l2 (1)
drive t0 l2 l5 level31 level13 level44 (1)
drive t0 l5 l0 level25 level6 level31 (1)
unload p6 t0 l0 (1)
unload p3 t0 l0 (1)
unload p2 t0 l0 (1)
[t=0.0993224s, 12036 KB] Plan length: 22 step(s).
[t=0.0993909s, 12036 KB] Plan cost: 22
[t=0.0994138s, 12036 KB] Solution Timestep: 1682509514410 millisecond(s).
[t=0.0994379s, 12036 KB] Timestamp: 1682509514410 millisecond(s).
[t=0.0994621s, 12036 KB] Expanded 471 state(s).
[t=0.0994856s, 12036 KB] Reopened 25 state(s).
[t=0.0995091s, 12036 KB] Evaluated 1599 state(s).
[t=0.0995328s, 12036 KB] Evaluations: 1599
[t=0.0995555s, 12036 KB] Generated 2413 state(s).
[t=0.0995785s, 12036 KB] Dead ends: 519 state(s).
[t=0.0996015s, 12036 KB] Number of registered states: 1599
[t=0.0996248s, 12036 KB] Int hash set load factor: 1599/2048 = 0.780762
[t=0.0996493s, 12036 KB] Int hash set resizes: 11
[t=0.0996728s, 12036 KB] Best solution cost so far: 22
[t=0.0997022s, 12036 KB] Solution found - keep searching
[t=0.0997256s, 12036 KB] Building successor generator...done!
[t=0.099846s, 12036 KB] peak memory difference for successor generator creation: 0 KB
[t=0.0998844s, 12036 KB] time for successor generation creation: 0s
[t=0.0999085s, 12036 KB] Variables: 9
[t=0.0999447s, 12036 KB] FactPairs: 157
[t=0.0999682s, 12036 KB] Bytes per state: 4
[t=0.0999924s, 12036 KB] Starting search: eager_wastar([h],w=3)
[t=0.100025s, 12036 KB] Conducting best first search with reopening closed nodes, (real) bound = 22
[t=0.10005s, 12036 KB] New best heuristic value for lmcut(): 18
[t=0.100452s, 12036 KB] g=0, 1 evaluated, 0 expanded
[t=0.100479s, 12036 KB] Initial heuristic value for lmcut(): 18
[t=0.100506s, 12036 KB] pruning method: none
[t=0.100529s, 12036 KB] Start Timestep: 1682509514412 millisecond(s).
[t=0.101614s, 12036 KB] New best heuristic value for lmcut(): 17
[t=0.101878s, 12036 KB] g=1, 5 evaluated, 1 expanded
[t=0.103882s, 12036 KB] New best heuristic value for lmcut(): 16
[t=0.104032s, 12036 KB] g=3, 12 evaluated, 3 expanded
[t=0.10471s, 12036 KB] New best heuristic value for lmcut(): 15
[t=0.105516s, 12036 KB] g=4, 17 evaluated, 4 expanded
[t=0.106783s, 12036 KB] New best heuristic value for lmcut(): 14
[t=0.107231s, 12036 KB] g=6, 24 evaluated, 6 expanded
[t=0.107761s, 12036 KB] New best heuristic value for lmcut(): 13
[t=0.108581s, 12036 KB] g=7, 30 evaluated, 7 expanded
[t=0.108774s, 12036 KB] New best heuristic value for lmcut(): 12
[t=0.109023s, 12036 KB] g=8, 32 evaluated, 8 expanded
[t=0.109804s, 12036 KB] New best heuristic value for lmcut(): 11
[t=0.109931s, 12036 KB] g=9, 37 evaluated, 9 expanded
[t=0.111883s, 12036 KB] New best heuristic value for lmcut(): 10
[t=0.112885s, 12036 KB] g=10, 57 evaluated, 13 expanded
[t=0.113957s, 12036 KB] New best heuristic value for lmcut(): 9
[t=0.114305s, 12036 KB] g=11, 67 evaluated, 15 expanded
[t=0.116021s, 12036 KB] New best heuristic value for lmcut(): 8
[t=0.11692s, 12036 KB] g=13, 88 evaluated, 19 expanded
[t=0.117043s, 12036 KB] New best heuristic value for lmcut(): 7
[t=0.118044s, 12036 KB] g=14, 98 evaluated, 20 expanded
[t=0.118081s, 12036 KB] New best heuristic value for lmcut(): 6
[t=0.118758s, 12036 KB] g=15, 107 evaluated, 21 expanded
[t=0.120143s, 12036 KB] New best heuristic value for lmcut(): 5
[t=0.120896s, 12036 KB] g=18, 148 evaluated, 28 expanded
[t=0.120925s, 12036 KB] New best heuristic value for lmcut(): 4
[t=0.121108s, 12036 KB] g=19, 154 evaluated, 29 expanded
[t=0.121143s, 12036 KB] New best heuristic value for lmcut(): 3
[t=0.121299s, 12036 KB] g=20, 159 evaluated, 30 expanded
[t=0.121326s, 12036 KB] New best heuristic value for lmcut(): 2
[t=0.121393s, 12036 KB] g=21, 161 evaluated, 31 expanded
[t=0.147376s, 12036 KB] New best heuristic value for lmcut(): 1
[t=0.147927s, 12036 KB] g=21, 977 evaluated, 281 expanded, 1 reopened
[t=0.581287s, 12460 KB] New best heuristic value for lmcut(): 0
[t=0.582365s, 12460 KB] g=21, 12729 evaluated, 4188 expanded, 186 reopened
[t=0.582399s, 12460 KB] Solution found!
[t=0.582426s, 12460 KB] Actual search time: 0.481872s
load p5 t0 l5 (1)
drive t0 l5 l0 level93 level6 level99 (1)
unload p5 t0 l0 (1)
load p4 t0 l0 (1)
drive t0 l0 l3 level75 level18 level93 (1)
unload p4 t0 l3 (1)
load p1 t0 l3 (1)
load p0 t0 l3 (1)
drive t0 l3 l4 level67 level8 level75 (1)
load p6 t0 l4 (1)
load p2 t0 l4 (1)
drive t0 l4 l5 level55 level12 level67 (1)
drive t0 l5 l2 level42 level13 level55 (1)
load p3 t0 l2 (1)
unload p1 t0 l2 (1)
unload p0 t0 l2 (1)
drive t0 l2 l5 level29 level13 level42 (1)
drive t0 l5 l0 level23 level6 level29 (1)
unload p6 t0 l0 (1)
unload p3 t0 l0 (1)
unload p2 t0 l0 (1)
[t=0.582635s, 12460 KB] Plan length: 21 step(s).
[t=0.582703s, 12460 KB] Plan cost: 21
[t=0.582727s, 12460 KB] Solution Timestep: 1682509514901 millisecond(s).
[t=0.582751s, 12460 KB] Timestamp: 1682509514901 millisecond(s).
[t=0.582776s, 12460 KB] Expanded 4189 state(s).
[t=0.5828s, 12460 KB] Reopened 186 state(s).
[t=0.582824s, 12460 KB] Evaluated 12729 state(s).
[t=0.582847s, 12460 KB] Evaluations: 12729
[t=0.58287s, 12460 KB] Generated 20359 state(s).
[t=0.582892s, 12460 KB] Dead ends: 3842 state(s).
[t=0.582915s, 12460 KB] Number of registered states: 12729
[t=0.582938s, 12460 KB] Int hash set load factor: 12729/16384 = 0.776917
[t=0.582963s, 12460 KB] Int hash set resizes: 14
[t=0.582992s, 12460 KB] Best solution cost so far: 21
[t=0.583015s, 12460 KB] Solution found - keep searching
[t=0.583038s, 12460 KB] Building successor generator...done!
[t=0.583209s, 12460 KB] peak memory difference for successor generator creation: 0 KB
[t=0.583249s, 12460 KB] time for successor generation creation: 0s
[t=0.583273s, 12460 KB] Variables: 9
[t=0.583315s, 12460 KB] FactPairs: 157
[t=0.583338s, 12460 KB] Bytes per state: 4
[t=0.583362s, 12460 KB] Starting search: eager_wastar([h],w=2)
[t=0.583393s, 12460 KB] Conducting best first search with reopening closed nodes, (real) bound = 21
[t=0.583418s, 12460 KB] New best heuristic value for lmcut(): 18
[t=0.583828s, 12460 KB] g=0, 1 evaluated, 0 expanded
[t=0.583855s, 12460 KB] Initial heuristic value for lmcut(): 18
[t=0.583889s, 12460 KB] pruning method: none
[t=0.583914s, 12460 KB] Start Timestep: 1682509514902 millisecond(s).
[t=0.584912s, 12460 KB] New best heuristic value for lmcut(): 17
[t=0.585276s, 12460 KB] g=1, 5 evaluated, 1 expanded
[t=0.586987s, 12460 KB] New best heuristic value for lmcut(): 16
[t=0.58741s, 12460 KB] g=3, 12 evaluated, 3 expanded
[t=0.588324s, 12460 KB] New best heuristic value for lmcut(): 15
[t=0.588902s, 12460 KB] g=4, 17 evaluated, 4 expanded
[t=0.591134s, 12460 KB] New best heuristic value for lmcut(): 14
[t=0.591442s, 12460 KB] g=6, 27 evaluated, 7 expanded
[t=0.592208s, 12460 KB] New best heuristic value for lmcut(): 13
[t=0.592798s, 12460 KB] g=7, 33 evaluated, 8 expanded
[t=0.593181s, 12460 KB] New best heuristic value for lmcut(): 12
[t=0.593238s, 12460 KB] g=8, 35 evaluated, 9 expanded
[t=0.593265s, 12460 KB] New best heuristic value for lmcut(): 11
[t=0.594122s, 12460 KB] g=9, 40 evaluated, 10 expanded
[t=0.59628s, 12460 KB] New best heuristic value for lmcut(): 10
[t=0.597085s, 12460 KB] g=10, 60 evaluated, 14 expanded
[t=0.598352s, 12460 KB] New best heuristic value for lmcut(): 9
[t=0.59851s, 12460 KB] g=11, 70 evaluated, 16 expanded
[t=0.601481s, 12460 KB] New best heuristic value for lmcut(): 8
[t=0.602398s, 12460 KB] g=13, 100 evaluated, 22 expanded
[t=0.602495s, 12460 KB] New best heuristic value for lmcut(): 7
[t=0.603511s, 12460 KB] g=14, 110 evaluated, 23 expanded
[t=0.603904s, 12460 KB] New best heuristic value for lmcut(): 6
[t=0.60423s, 12460 KB] g=15, 119 evaluated, 24 expanded
[t=0.606643s, 12460 KB] New best heuristic value for lmcut(): 5
[t=0.607516s, 12460 KB] g=18, 180 evaluated, 35 expanded
[t=0.607662s, 12460 KB] New best heuristic value for lmcut(): 4
[t=0.607735s, 12460 KB] g=19, 186 evaluated, 36 expanded
[t=0.60777s, 12460 KB] New best heuristic value for lmcut(): 3
[t=0.607909s, 12460 KB] g=20, 191 evaluated, 37 expanded
[t=0.614959s, 12460 KB] New best heuristic value for lmcut(): 2
[t=0.615692s, 12460 KB] g=20, 383 evaluated, 86 expanded
[t=0.665388s, 12460 KB] New best heuristic value for lmcut(): 1
[t=0.665856s, 12460 KB] g=20, 1554 evaluated, 397 expanded, 2 reopened
Peak memory: 738880 KB
caught signal 24 -- exiting
Time limit has been reached.
Remove intermediate file output.sas
search exit code: 23

Driver aborting after search
INFO     Planner time: 896.30s
