INFO     planner time limit: 900s
INFO     planner memory limit: 3584 MB

INFO     Running translator.
INFO     translator stdin: None
INFO     translator time limit: 899s
INFO     translator memory limit: 3584 MB
INFO     translator command line string: /usr/local/downward-projects/downward/experiments/assign3/.venv/bin/python3 /usr/local/downward-projects/downward/experiments/assign3/data/assign3-anytime_exp/code-fe4f0f1bb525c059c1938ac01bab1b7bae200873_e5e41175/builds/release/bin/translate/translate.py domain.pddl problem.pddl --sas-file output.sas
Parsing...
Parsing: [0.000s CPU, 0.002s wall-clock]
Normalizing task... [0.000s CPU, 0.000s wall-clock]
Instantiating...
Generating Datalog program... [0.000s CPU, 0.001s wall-clock]
Normalizing Datalog program...
Normalizing Datalog program: [0.010s CPU, 0.002s wall-clock]
Preparing model... [0.000s CPU, 0.001s wall-clock]
Generated 51 rules.
Computing model... [0.150s CPU, 0.153s wall-clock]
18873 relevant atoms
6856 auxiliary atoms
25729 final queue length
64385 total queue pushes
Completing instantiation... [0.660s CPU, 0.660s wall-clock]
Instantiating: [0.830s CPU, 0.824s wall-clock]
Computing fact groups...
Finding invariants...
5 initial candidates
Finding invariants: [0.020s CPU, 0.016s wall-clock]
Checking invariant weight... [0.000s CPU, 0.000s wall-clock]
Instantiating groups... [0.000s CPU, 0.001s wall-clock]
Collecting mutex groups... [0.000s CPU, 0.000s wall-clock]
Choosing groups...
16 uncovered facts
Choosing groups: [0.000s CPU, 0.001s wall-clock]
Building translation key... [0.000s CPU, 0.000s wall-clock]
Computing fact groups: [0.020s CPU, 0.019s wall-clock]
Building STRIPS to SAS dictionary... [0.000s CPU, 0.000s wall-clock]
Building dictionary for full mutex groups... [0.000s CPU, 0.000s wall-clock]
Building mutex information...
Building mutex information: [0.000s CPU, 0.000s wall-clock]
Translating task...
Processing axioms...
Simplifying axioms... [0.000s CPU, 0.000s wall-clock]
Translator axioms removed by simplifying: 0
Computing negative axioms... [0.000s CPU, 0.000s wall-clock]
Processing axioms: [0.030s CPU, 0.023s wall-clock]
Translating task: [0.560s CPU, 0.569s wall-clock]
0 effect conditions simplified
0 implied preconditions added
Detecting unreachable propositions...
0 operators removed
0 axioms removed
16 propositions removed
Detecting unreachable propositions: [0.380s CPU, 0.370s wall-clock]
Reordering and filtering variables...
32 of 32 variables necessary.
16 of 32 mutex groups necessary.
17280 of 17280 operators necessary.
0 of 0 axiom rules necessary.
Reordering and filtering variables: [0.050s CPU, 0.053s wall-clock]
Translator variables: 32
Translator derived variables: 0
Translator facts: 288
Translator goal facts: 32
Translator mutex groups: 16
Translator total mutex groups size: 256
Translator operators: 17280
Translator axioms: 0
Translator task size: 88928
Translator peak memory: 97324 KB
Writing output... [0.070s CPU, 0.071s wall-clock]
Done! [1.940s CPU, 1.937s wall-clock]
translate exit code: 0

INFO     Running search (release).
INFO     search stdin: output.sas
INFO     search time limit: 897s
INFO     search memory limit: 3584 MB
INFO     search command line string: /usr/local/downward-projects/downward/experiments/assign3/data/assign3-anytime_exp/code-fe4f0f1bb525c059c1938ac01bab1b7bae200873_e5e41175/builds/release/bin/downward --evaluator 'h=lmcut()' --search 'eager_anytime(single(sum([weight(h, 2, verbosity=normal), g()])), 
        reopen_closed=true, f_eval=sum([h, g()]))' --internal-plan-file sas_plan < output.sas
[t=0s, 10884 KB] reading input...
[t=0.0514988s, 15932 KB] done reading input!
[t=0.063445s, 20988 KB] Initializing landmark cut heuristic...
[t=0.0645347s, 20988 KB] Building successor generator...done!
[t=0.0712034s, 22672 KB] peak memory difference for successor generator creation: 1684 KB
[t=0.0713155s, 22672 KB] time for successor generation creation: 0.00272887s
[t=0.0713409s, 22672 KB] Variables: 32
[t=0.0713732s, 22672 KB] FactPairs: 288
[t=0.071397s, 22672 KB] Bytes per state: 12
[t=0.0714211s, 22672 KB] Conducting best first anytime search with reopening closed nodes, (real) bound = 2147483647
[t=0.075176s, 22672 KB] New best heuristic value for lmcut(): 49
[t=0.0769277s, 22672 KB] g=0, 1 evaluated, 0 expanded
[t=0.0769574s, 22672 KB] Initial heuristic value for lmcut(): 49
[t=0.0769868s, 22672 KB] Start Timestep: 1682525742829 millisecond(s).
[t=0.079086s, 22672 KB] New best heuristic value for lmcut(): 46
[t=0.0815032s, 22672 KB] g=3, 2 evaluated, 1 expanded
[t=0.422848s, 22672 KB] New best heuristic value for lmcut(): 43
[t=0.425166s, 22672 KB] g=6, 74 evaluated, 2 expanded
[t=0.781728s, 22672 KB] New best heuristic value for lmcut(): 40
[t=0.783348s, 22672 KB] g=9, 154 evaluated, 3 expanded
[t=1.12162s, 22672 KB] New best heuristic value for lmcut(): 37
[t=1.1236s, 22672 KB] g=12, 233 evaluated, 4 expanded
[t=1.44144s, 22672 KB] New best heuristic value for lmcut(): 34
[t=1.44508s, 22672 KB] g=15, 311 evaluated, 5 expanded
[t=1.74929s, 22672 KB] New best heuristic value for lmcut(): 31
[t=1.75125s, 22672 KB] g=18, 388 evaluated, 6 expanded
[t=2.03317s, 22672 KB] New best heuristic value for lmcut(): 28
[t=2.03579s, 22672 KB] g=21, 464 evaluated, 7 expanded
[t=2.29699s, 22672 KB] New best heuristic value for lmcut(): 25
[t=2.29804s, 22672 KB] g=24, 539 evaluated, 8 expanded
[t=2.5369s, 22672 KB] New best heuristic value for lmcut(): 22
[t=2.53736s, 22672 KB] g=27, 613 evaluated, 9 expanded
[t=3.33669s, 22672 KB] New best heuristic value for lmcut(): 20
[t=3.33741s, 22672 KB] g=31, 870 evaluated, 13 expanded
[t=562.524s, 30244 KB] New best heuristic value for lmcut(): 19
[t=562.525s, 30244 KB] g=33, 179193 evaluated, 2981 expanded, 42 reopened
[t=563.005s, 30244 KB] New best heuristic value for lmcut(): 18
[t=563.006s, 30244 KB] g=35, 179354 evaluated, 2983 expanded, 42 reopened
[t=563.045s, 30244 KB] New best heuristic value for lmcut(): 17
[t=563.046s, 30244 KB] g=36, 179368 evaluated, 2984 expanded, 42 reopened
[t=581.963s, 30512 KB] New best heuristic value for lmcut(): 15
[t=581.963s, 30512 KB] g=40, 186027 evaluated, 3093 expanded, 42 reopened
[t=582.017s, 30512 KB] New best heuristic value for lmcut(): 14
[t=582.017s, 30512 KB] g=41, 186048 evaluated, 3094 expanded, 42 reopened
[t=599.905s, 30784 KB] New best heuristic value for lmcut(): 13
[t=599.908s, 30784 KB] g=43, 193142 evaluated, 3211 expanded, 42 reopened
[t=602.125s, 30784 KB] New best heuristic value for lmcut(): 12
[t=602.125s, 30784 KB] g=45, 193989 evaluated, 3225 expanded, 42 reopened
[t=602.149s, 30784 KB] New best heuristic value for lmcut(): 11
[t=602.153s, 30784 KB] g=46, 194001 evaluated, 3226 expanded, 42 reopened
[t=617.816s, 31060 KB] New best heuristic value for lmcut(): 9
[t=617.816s, 31060 KB] g=50, 200762 evaluated, 3337 expanded, 42 reopened
[t=617.852s, 31060 KB] New best heuristic value for lmcut(): 8
[t=617.852s, 31060 KB] g=51, 200781 evaluated, 3338 expanded, 42 reopened
[t=632.144s, 31328 KB] New best heuristic value for lmcut(): 7
[t=632.144s, 31328 KB] g=53, 207973 evaluated, 3457 expanded, 42 reopened
[t=635.086s, 31328 KB] New best heuristic value for lmcut(): 6
[t=635.086s, 31328 KB] g=55, 209404 evaluated, 3483 expanded, 42 reopened
[t=635.106s, 31328 KB] New best heuristic value for lmcut(): 5
[t=635.106s, 31328 KB] g=56, 209414 evaluated, 3484 expanded, 42 reopened
[t=638.04s, 31328 KB] New best heuristic value for lmcut(): 4
[t=638.04s, 31328 KB] g=60, 211060 evaluated, 3510 expanded, 42 reopened
[t=664.553s, 31896 KB] New best heuristic value for lmcut(): 3
[t=664.553s, 31896 KB] g=61, 224007 evaluated, 3767 expanded, 42 reopened
[t=664.584s, 31896 KB] New best heuristic value for lmcut(): 2
[t=664.585s, 31896 KB] g=62, 224022 evaluated, 3768 expanded, 42 reopened
Peak memory: 37648 KB
caught signal 24 -- exiting
Time limit has been reached.
Remove intermediate file output.sas
search exit code: 23

Driver aborting after search
INFO     Planner time: 895.60s
