INFO     planner time limit: 900s
INFO     planner memory limit: 3584 MB

INFO     Running translator.
INFO     translator stdin: None
INFO     translator time limit: 899s
INFO     translator memory limit: 3584 MB
INFO     translator command line string: /usr/local/downward-projects/downward/experiments/.venv/bin/python3 /usr/local/downward-projects/downward/experiments/src/thesis/data/thesis-thesis_exp/code-f7a4f68fd467cf7cff4d3dfcfdfcfa2023e44324_e5e41175/builds/release/bin/translate/translate.py domain.pddl problem.pddl --sas-file output.sas
Parsing...
Parsing: [0.000s CPU, 0.001s wall-clock]
Normalizing task... [0.000s CPU, 0.000s wall-clock]
Instantiating...
Generating Datalog program... [0.000s CPU, 0.000s wall-clock]
Normalizing Datalog program...
Normalizing Datalog program: [0.000s CPU, 0.001s wall-clock]
Preparing model... [0.000s CPU, 0.000s wall-clock]
Generated 21 rules.
Computing model... [0.010s CPU, 0.010s wall-clock]
1100 relevant atoms
738 auxiliary atoms
1838 final queue length
3175 total queue pushes
Completing instantiation... [0.020s CPU, 0.018s wall-clock]
Instantiating: [0.030s CPU, 0.030s wall-clock]
Computing fact groups...
Finding invariants...
10 initial candidates
Finding invariants: [0.000s CPU, 0.002s wall-clock]
Checking invariant weight... [0.000s CPU, 0.000s wall-clock]
Instantiating groups... [0.000s CPU, 0.001s wall-clock]
Collecting mutex groups... [0.000s CPU, 0.000s wall-clock]
Choosing groups...
19 uncovered facts
Choosing groups: [0.000s CPU, 0.001s wall-clock]
Building translation key... [0.000s CPU, 0.000s wall-clock]
Computing fact groups: [0.000s CPU, 0.007s wall-clock]
Building STRIPS to SAS dictionary... [0.000s CPU, 0.000s wall-clock]
Building dictionary for full mutex groups... [0.000s CPU, 0.000s wall-clock]
Building mutex information...
Building mutex information: [0.000s CPU, 0.000s wall-clock]
Translating task...
Processing axioms...
Simplifying axioms... [0.000s CPU, 0.000s wall-clock]
Translator axioms removed by simplifying: 0
Computing negative axioms... [0.000s CPU, 0.000s wall-clock]
Processing axioms: [0.010s CPU, 0.001s wall-clock]
Translating task: [0.030s CPU, 0.022s wall-clock]
954 effect conditions simplified
0 implied preconditions added
Detecting unreachable propositions...
0 operators removed
0 axioms removed
36 propositions removed
Detecting unreachable propositions: [0.020s CPU, 0.011s wall-clock]
Reordering and filtering variables...
37 of 37 variables necessary.
19 of 37 mutex groups necessary.
648 of 648 operators necessary.
0 of 0 axiom rules necessary.
Reordering and filtering variables: [0.000s CPU, 0.006s wall-clock]
Translator variables: 37
Translator derived variables: 0
Translator facts: 380
Translator goal facts: 14
Translator mutex groups: 19
Translator total mutex groups size: 361
Translator operators: 648
Translator axioms: 0
Translator task size: 5598
Translator peak memory: 35404 KB
Writing output... [0.010s CPU, 0.004s wall-clock]
Done! [0.090s CPU, 0.084s wall-clock]
translate exit code: 0

INFO     Running search (release).
INFO     search stdin: output.sas
INFO     search time limit: 899s
INFO     search memory limit: 3584 MB
INFO     search command line string: /usr/local/downward-projects/downward/experiments/src/thesis/data/thesis-thesis_exp/code-f7a4f68fd467cf7cff4d3dfcfdfcfa2023e44324_e5e41175/builds/release/bin/downward --evaluator 'h=ff()' --search 'eager(alt([lwm_based_type(h), single(h)]))' --internal-plan-file sas_plan < output.sas
[t=0.00210402s, 11000 KB] reading input...
[t=0.00418462s, 11408 KB] done reading input!
[t=0.00626956s, 11952 KB] Simplifying 2556 unary operators... done! [1944 unary operators]
[t=0.00777876s, 11952 KB] time to simplify: 0.0015092s
[t=0.00791577s, 11952 KB] Initializing additive heuristic...
[t=0.00801231s, 11952 KB] Initializing FF heuristic...
[t=0.00803594s, 11952 KB] Building successor generator...done!
[t=0.00833529s, 11952 KB] peak memory difference for successor generator creation: 0 KB
[t=0.00838748s, 11952 KB] time for successor generation creation: 0.00019295s
[t=0.00841203s, 11952 KB] Variables: 37
[t=0.00843902s, 11952 KB] FactPairs: 380
[t=0.00846072s, 11952 KB] Bytes per state: 16
[t=0.00848321s, 11952 KB] Conducting best first search without reopening closed nodes, (real) bound = 2147483647
[t=0.00853261s, 11952 KB] New best heuristic value for ff(): 32
[t=0.00859292s, 11952 KB] g=0, 1 evaluated, 0 expanded
[t=0.0086165s, 11952 KB] Initial heuristic value for ff(): 32
[t=0.00864456s, 11952 KB] pruning method: none
[t=0.00866747s, 11952 KB] Start Timestep: 1684318269456 millisecond(s).
[t=0.00870807s, 11952 KB] New best heuristic value for ff(): 31
[t=0.00891854s, 11952 KB] g=2, 8 evaluated, 2 expanded
[t=0.00921624s, 11952 KB] New best heuristic value for ff(): 30
[t=0.0092685s, 11952 KB] g=4, 20 evaluated, 5 expanded
[t=0.00929296s, 11952 KB] New best heuristic value for ff(): 29
[t=0.00974211s, 11952 KB] g=6, 38 evaluated, 9 expanded
[t=0.0102281s, 11952 KB] New best heuristic value for ff(): 28
[t=0.0103334s, 11952 KB] g=8, 61 evaluated, 13 expanded
[t=0.0103622s, 11952 KB] New best heuristic value for ff(): 27
[t=0.0110204s, 11952 KB] g=10, 88 evaluated, 17 expanded
[t=0.0112339s, 11952 KB] New best heuristic value for ff(): 26
[t=0.0117731s, 11952 KB] g=12, 118 evaluated, 21 expanded
[t=0.0117981s, 11952 KB] New best heuristic value for ff(): 24
[t=0.0121995s, 11952 KB] g=14, 134 evaluated, 24 expanded
[t=0.0122413s, 11952 KB] New best heuristic value for ff(): 23
[t=0.0129412s, 11952 KB] g=16, 164 evaluated, 28 expanded
[t=0.0132723s, 11952 KB] New best heuristic value for ff(): 22
[t=0.0136256s, 11952 KB] g=18, 192 evaluated, 32 expanded
[t=0.0153556s, 11952 KB] New best heuristic value for ff(): 21
[t=0.0159038s, 11952 KB] g=18, 288 evaluated, 49 expanded
[t=0.0163835s, 11952 KB] New best heuristic value for ff(): 19
[t=0.0166264s, 11952 KB] g=20, 318 evaluated, 53 expanded
[t=0.0166523s, 11952 KB] New best heuristic value for ff(): 17
[t=0.0172762s, 11952 KB] g=22, 345 evaluated, 57 expanded
[t=0.0173957s, 11952 KB] New best heuristic value for ff(): 15
[t=0.0176794s, 11952 KB] g=24, 361 evaluated, 60 expanded
[t=0.0636136s, 12368 KB] New best heuristic value for ff(): 14
[t=0.0641049s, 12368 KB] g=34, 2442 evaluated, 469 expanded
[t=0.0646356s, 12368 KB] New best heuristic value for ff(): 13
[t=0.065414s, 12368 KB] g=38, 2498 evaluated, 482 expanded
[t=0.0656657s, 12368 KB] New best heuristic value for ff(): 11
[t=0.0658079s, 12368 KB] g=40, 2513 evaluated, 486 expanded
[t=0.100279s, 12532 KB] New best heuristic value for ff(): 10
[t=0.100623s, 12532 KB] g=52, 4091 evaluated, 862 expanded
[t=0.100653s, 12532 KB] New best heuristic value for ff(): 8
[t=0.101182s, 12532 KB] g=54, 4114 evaluated, 866 expanded
[t=0.111792s, 12792 KB] New best heuristic value for ff(): 7
[t=0.112584s, 12792 KB] g=58, 4667 evaluated, 999 expanded
[t=0.112814s, 12792 KB] New best heuristic value for ff(): 5
[t=0.113128s, 12792 KB] g=60, 4692 evaluated, 1003 expanded
[t=0.113153s, 12792 KB] New best heuristic value for ff(): 3
[t=0.11357s, 12792 KB] g=62, 4713 evaluated, 1007 expanded
[t=0.114877s, 12792 KB] New best heuristic value for ff(): 2
[t=0.115564s, 12792 KB] g=66, 4818 evaluated, 1035 expanded
[t=0.11559s, 12792 KB] New best heuristic value for ff(): 1
[t=0.1158s, 12792 KB] g=67, 4828 evaluated, 1037 expanded
[t=0.115885s, 12792 KB] New best heuristic value for ff(): 0
[t=0.115979s, 12792 KB] g=68, 4836 evaluated, 1039 expanded
[t=0.116002s, 12792 KB] Solution found!
[t=0.11624s, 12792 KB] Actual search time: 0.107532s
unstack b12 b10 (1)
stack b12 b1 (1)
unstack b10 b2 (1)
putdown b10 (1)
unstack b15 b9 (1)
putdown b15 (1)
unstack b2 b6 (1)
putdown b2 (1)
unstack b14 b8 (1)
stack b14 b12 (1)
unstack b3 b4 (1)
stack b3 b6 (1)
unstack b4 b13 (1)
stack b4 b15 (1)
unstack b13 b18 (1)
stack b13 b3 (1)
unstack b8 b16 (1)
stack b8 b2 (1)
unstack b16 b5 (1)
stack b16 b4 (1)
pickup b18 (1)
stack b18 b8 (1)
pickup b5 (1)
stack b5 b10 (1)
pickup b9 (1)
stack b9 b14 (1)
unstack b13 b3 (1)
putdown b13 (1)
unstack b3 b6 (1)
stack b3 b9 (1)
pickup b13 (1)
stack b13 b3 (1)
pickup b6 (1)
stack b6 b5 (1)
unstack b13 b3 (1)
stack b13 b16 (1)
unstack b3 b9 (1)
stack b3 b6 (1)
unstack b13 b16 (1)
stack b13 b3 (1)
unstack b9 b14 (1)
stack b9 b18 (1)
unstack b14 b12 (1)
stack b14 b13 (1)
unstack b12 b1 (1)
stack b12 b16 (1)
unstack b14 b13 (1)
stack b14 b12 (1)
unstack b1 b17 (1)
stack b1 b9 (1)
unstack b17 b11 (1)
putdown b17 (1)
unstack b11 b7 (1)
stack b11 b13 (1)
unstack b1 b9 (1)
stack b1 b17 (1)
unstack b9 b18 (1)
stack b9 b11 (1)
unstack b1 b17 (1)
stack b1 b9 (1)
pickup b7 (1)
stack b7 b18 (1)
unstack b14 b12 (1)
stack b14 b17 (1)
unstack b12 b16 (1)
stack b12 b1 (1)
unstack b14 b17 (1)
stack b14 b12 (1)
[t=0.11627s, 12792 KB] Plan length: 68 step(s).
[t=0.11627s, 12792 KB] Plan cost: 68
[t=0.11627s, 12792 KB] Timestamp: 1684318269566 millisecond(s).
[t=0.11627s, 12792 KB] Expanded 1041 state(s).
[t=0.11627s, 12792 KB] Reopened 0 state(s).
[t=0.11627s, 12792 KB] Evaluated 4847 state(s).
[t=0.11627s, 12792 KB] Evaluations: 4847
[t=0.11627s, 12792 KB] Generated 6303 state(s).
[t=0.11627s, 12792 KB] Dead ends: 0 state(s).
[t=0.11627s, 12792 KB] Number of registered states: 4847
[t=0.11627s, 12792 KB] Int hash set load factor: 4847/8192 = 0.591675
[t=0.11627s, 12792 KB] Int hash set resizes: 13
[t=0.11627s, 12792 KB] Search time: 0.107787s
[t=0.11627s, 12792 KB] Total time: 0.11627s
Solution found.
Peak memory: 12792 KB
Remove intermediate file output.sas
search exit code: 0

INFO     Running validate.
INFO     validate stdin: None
INFO     validate time limit: None
INFO     validate memory limit: None
INFO     validate command line string: validate domain.pddl problem.pddl sas_plan
Checking plan: sas_plan
Plan executed successfully - checking goal
Plan valid
Final value: 68 

Successful plans:
Value: 68
 sas_plan 68 

validate exit code: 0

INFO     Planner time: 0.29s
