INFO     planner time limit: 300s
INFO     planner memory limit: 3584 MB

INFO     Running translator.
INFO     translator stdin: None
INFO     translator time limit: 299s
INFO     translator memory limit: 3584 MB
INFO     translator command line string: /usr/local/downward-projects/downward/experiments/.venv/bin/python3 /usr/local/downward-projects/downward/experiments/src/thesis/data/thesis-thesis_exp/code-d93485cdd92f65ede2ae3573b3f4adda0b49e4fd_e5e41175/builds/release/bin/translate/translate.py domain.pddl problem.pddl --sas-file output.sas
Parsing...
Parsing: [0.000s CPU, 0.002s wall-clock]
Normalizing task... [0.000s CPU, 0.000s wall-clock]
Instantiating...
Generating Datalog program... [0.000s CPU, 0.000s wall-clock]
Normalizing Datalog program...
Normalizing Datalog program: [0.000s CPU, 0.001s wall-clock]
Preparing model... [0.000s CPU, 0.001s wall-clock]
Generated 25 rules.
Computing model... [0.010s CPU, 0.006s wall-clock]
461 relevant atoms
611 auxiliary atoms
1072 final queue length
1647 total queue pushes
Completing instantiation... [0.010s CPU, 0.007s wall-clock]
Instantiating: [0.020s CPU, 0.016s wall-clock]
Computing fact groups...
Finding invariants...
7 initial candidates
Finding invariants: [0.000s CPU, 0.003s wall-clock]
Checking invariant weight... [0.000s CPU, 0.000s wall-clock]
Instantiating groups... [0.000s CPU, 0.000s wall-clock]
Collecting mutex groups... [0.000s CPU, 0.000s wall-clock]
Choosing groups...
0 uncovered facts
Choosing groups: [0.000s CPU, 0.000s wall-clock]
Building translation key... [0.000s CPU, 0.000s wall-clock]
Computing fact groups: [0.000s CPU, 0.004s wall-clock]
Building STRIPS to SAS dictionary... [0.000s CPU, 0.000s wall-clock]
Building dictionary for full mutex groups... [0.000s CPU, 0.000s wall-clock]
Building mutex information...
Building mutex information: [0.000s CPU, 0.000s wall-clock]
Translating task...
Processing axioms...
Simplifying axioms... [0.000s CPU, 0.000s wall-clock]
Translator axioms removed by simplifying: 0
Computing negative axioms... [0.000s CPU, 0.000s wall-clock]
Processing axioms: [0.000s CPU, 0.000s wall-clock]
Translating task: [0.010s CPU, 0.006s wall-clock]
0 effect conditions simplified
0 implied preconditions added
Detecting unreachable propositions...
0 operators removed
0 axioms removed
34 propositions removed
Detecting unreachable propositions: [0.000s CPU, 0.003s wall-clock]
Reordering and filtering variables...
34 of 34 variables necessary.
0 of 34 mutex groups necessary.
185 of 185 operators necessary.
0 of 0 axiom rules necessary.
Reordering and filtering variables: [0.000s CPU, 0.002s wall-clock]
Translator variables: 34
Translator derived variables: 0
Translator facts: 100
Translator goal facts: 33
Translator mutex groups: 0
Translator total mutex groups size: 0
Translator operators: 185
Translator axioms: 0
Translator task size: 1634
Translator peak memory: 32876 KB
Writing output... [0.000s CPU, 0.001s wall-clock]
Done! [0.030s CPU, 0.034s wall-clock]
translate exit code: 0

INFO     Running search (release).
INFO     search stdin: output.sas
INFO     search time limit: 299s
INFO     search memory limit: 3584 MB
INFO     search command line string: /usr/local/downward-projects/downward/experiments/src/thesis/data/thesis-thesis_exp/code-d93485cdd92f65ede2ae3573b3f4adda0b49e4fd_e5e41175/builds/release/bin/downward --evaluator 'h=ff()' --search 'eager( alt( [lwm_intra_explore_type(h), single(h)] ) )' --internal-plan-file sas_plan < output.sas
[t=0.00188828s, 11364 KB] reading input...
[t=0.00285513s, 11364 KB] done reading input!
[t=0.00366523s, 11752 KB] Simplifying 641 unary operators... done! [641 unary operators]
[t=0.00569428s, 11752 KB] time to simplify: 0.00202905s
[t=0.00575487s, 11752 KB] Initializing additive heuristic...
[t=0.00583s, 11752 KB] Initializing FF heuristic...
[t=0.00585521s, 11752 KB] Building successor generator...done!
[t=0.00603357s, 11752 KB] peak memory difference for successor generator creation: 0 KB
[t=0.00607762s, 11752 KB] time for successor generation creation: 0s
[t=0.00610161s, 11752 KB] Variables: 34
[t=0.00612601s, 11752 KB] FactPairs: 100
[t=0.00614828s, 11752 KB] Bytes per state: 8
[t=0.00617185s, 11752 KB] Conducting best first search without reopening closed nodes, (real) bound = 2147483647
[t=0.0062221s, 11752 KB] New best heuristic value for ff(): 24
[t=0.00627235s, 11752 KB] g=0, 1 evaluated, 0 expanded
[t=0.00629531s, 11752 KB] Initial heuristic value for ff(): 24
[t=0.00633139s, 11752 KB] pruning method: none
[t=0.00635412s, 11752 KB] Start Timestep: 1687904432677 millisecond(s).
[t=0.00639422s, 11752 KB] New best heuristic value for ff(): 19
[t=0.006438s, 11752 KB] g=1, 2 evaluated, 1 expanded
[t=0.00646049s, 11752 KB] New best heuristic value for ff(): 18
[t=0.00649905s, 11752 KB] g=1, 3 evaluated, 1 expanded
[t=0.0065221s, 11752 KB] New best heuristic value for ff(): 14
[t=0.00695439s, 11752 KB] g=4, 36 evaluated, 16 expanded
[t=0.00698004s, 11752 KB] New best heuristic value for ff(): 13
[t=0.00756024s, 11752 KB] g=7, 82 evaluated, 30 expanded
[t=0.00758493s, 11752 KB] New best heuristic value for ff(): 12
[t=0.00819524s, 11752 KB] g=9, 130 evaluated, 46 expanded
[t=0.00821876s, 11752 KB] New best heuristic value for ff(): 9
[t=0.00885232s, 11752 KB] g=11, 181 evaluated, 65 expanded
[t=0.00953947s, 11752 KB] New best heuristic value for ff(): 8
[t=0.0109324s, 11752 KB] g=14, 357 evaluated, 118 expanded
[t=0.0109624s, 11752 KB] New best heuristic value for ff(): 7
[t=0.012544s, 11752 KB] g=17, 504 evaluated, 181 expanded
[t=0.0125688s, 11752 KB] New best heuristic value for ff(): 6
[t=0.0126285s, 11752 KB] g=17, 508 evaluated, 181 expanded
[t=0.012652s, 11884 KB] New best heuristic value for ff(): 5
[t=0.0128107s, 11884 KB] g=18, 516 evaluated, 185 expanded
[t=0.012835s, 11884 KB] New best heuristic value for ff(): 4
[t=0.0130837s, 11884 KB] g=19, 539 evaluated, 194 expanded
[t=0.0654318s, 12280 KB] New best heuristic value for ff(): 3
[t=0.0660417s, 12280 KB] g=18, 5495 evaluated, 2553 expanded
[t=0.0813928s, 12544 KB] New best heuristic value for ff(): 2
[t=0.0831378s, 12544 KB] g=21, 7094 evaluated, 3339 expanded
[t=0.769285s, 20044 KB] New best heuristic value for ff(): 1
[t=0.773021s, 20044 KB] g=24, 70229 evaluated, 35027 expanded
[t=14.1099s, 152868 KB] New best heuristic value for ff(): 0
[t=14.1133s, 152868 KB] g=27, 1073946 evaluated, 556370 expanded
[t=14.1133s, 152868 KB] Solution found!
[t=14.1133s, 152868 KB] Actual search time: 14.107s
jump-new-move pos-3-1 pos-3-2 pos-3-3 (1)
end-move pos-3-3 (0)
jump-new-move pos-1-2 pos-2-2 pos-3-2 (1)
end-move pos-3-2 (0)
jump-new-move pos-4-2 pos-3-2 pos-2-2 (1)
end-move pos-2-2 (0)
jump-new-move pos-1-4 pos-1-3 pos-1-2 (1)
end-move pos-1-2 (0)
jump-new-move pos-6-2 pos-5-2 pos-4-2 (1)
end-move pos-4-2 (0)
jump-new-move pos-3-4 pos-3-3 pos-3-2 (1)
jump-continue-move pos-3-2 pos-4-2 pos-5-2 (0)
end-move pos-5-2 (0)
jump-new-move pos-4-4 pos-4-3 pos-4-2 (1)
end-move pos-4-2 (0)
jump-new-move pos-3-6 pos-3-5 pos-3-4 (1)
jump-continue-move pos-3-4 pos-2-4 pos-1-4 (0)
end-move pos-1-4 (0)
jump-new-move pos-4-1 pos-4-2 pos-4-3 (1)
end-move pos-4-3 (0)
jump-new-move pos-6-4 pos-6-3 pos-6-2 (1)
jump-continue-move pos-6-2 pos-5-2 pos-4-2 (0)
end-move pos-4-2 (0)
jump-new-move pos-1-2 pos-2-2 pos-3-2 (1)
end-move pos-3-2 (0)
jump-new-move pos-4-6 pos-4-5 pos-4-4 (1)
end-move pos-4-4 (0)
jump-new-move pos-2-6 pos-2-5 pos-2-4 (1)
end-move pos-2-4 (0)
jump-new-move pos-2-3 pos-2-4 pos-2-5 (1)
end-move pos-2-5 (0)
jump-new-move pos-0-4 pos-1-4 pos-2-4 (1)
end-move pos-2-4 (0)
jump-new-move pos-2-0 pos-2-1 pos-2-2 (1)
end-move pos-2-2 (0)
jump-new-move pos-0-2 pos-0-3 pos-0-4 (1)
end-move pos-0-4 (0)
jump-new-move pos-5-4 pos-4-4 pos-3-4 (1)
jump-continue-move pos-3-4 pos-2-4 pos-1-4 (0)
end-move pos-1-4 (0)
jump-new-move pos-0-4 pos-1-4 pos-2-4 (1)
end-move pos-2-4 (0)
jump-new-move pos-2-5 pos-2-4 pos-2-3 (1)
jump-continue-move pos-2-3 pos-2-2 pos-2-1 (0)
end-move pos-2-1 (0)
jump-new-move pos-4-0 pos-3-0 pos-2-0 (1)
jump-continue-move pos-2-0 pos-2-1 pos-2-2 (0)
end-move pos-2-2 (0)
jump-new-move pos-4-3 pos-4-2 pos-4-1 (1)
end-move pos-4-1 (0)
jump-new-move pos-2-2 pos-3-2 pos-4-2 (1)
end-move pos-4-2 (0)
jump-new-move pos-4-1 pos-4-2 pos-4-3 (1)
end-move pos-4-3 (0)
jump-new-move pos-5-3 pos-4-3 pos-3-3 (1)
[t=14.1134s, 152868 KB] Plan length: 55 step(s).
[t=14.1134s, 152868 KB] Plan cost: 25
[t=14.1134s, 152868 KB] Timestamp: 1687904446793 millisecond(s).
[t=14.1134s, 152868 KB] Expanded 556371 state(s).
[t=14.1134s, 152868 KB] Reopened 0 state(s).
[t=14.1134s, 152868 KB] Evaluated 1073946 state(s).
[t=14.1134s, 152868 KB] Evaluations: 1073946
[t=14.1134s, 152868 KB] Generated 1397127 state(s).
[t=14.1134s, 152868 KB] Dead ends: 156600 state(s).
[t=14.1134s, 152868 KB] Number of registered states: 1073946
[t=14.1134s, 152868 KB] Int hash set load factor: 1073946/2097152 = 0.512097
[t=14.1134s, 152868 KB] Int hash set resizes: 21
[t=14.1134s, 152868 KB] Search time: 14.1072s
[t=14.1134s, 152868 KB] Total time: 14.1134s
Solution found.
Peak memory: 152868 KB
Remove intermediate file output.sas
search exit code: 0

INFO     Running validate.
INFO     validate stdin: None
INFO     validate time limit: None
INFO     validate memory limit: None
INFO     validate command line string: validate domain.pddl problem.pddl sas_plan
Checking plan: sas_plan
Plan executed successfully - checking goal
Plan valid
Final value: 25 

Successful plans:
Value: 25
 sas_plan 25 

validate exit code: 0

INFO     Planner time: 14.47s
