INFO     planner time limit: 600s
INFO     planner memory limit: 3584 MB

INFO     Running translator.
INFO     translator stdin: None
INFO     translator time limit: 599s
INFO     translator memory limit: 3584 MB
INFO     translator command line string: /usr/local/downward-projects/downward/experiments/src/thesis/.venv/bin/python3 /usr/local/downward-projects/downward/experiments/src/thesis/data/thesis-thesis_exp/code-84c08dfff1890fbf6247184940c8166177195ea1_e5e41175/builds/release/bin/translate/translate.py domain.pddl problem.pddl --sas-file output.sas
Parsing...
Parsing: [0.010s CPU, 0.008s wall-clock]
Normalizing task... [0.000s CPU, 0.000s wall-clock]
Instantiating...
Generating Datalog program... [0.000s CPU, 0.002s wall-clock]
Normalizing Datalog program...
Normalizing Datalog program: [0.000s CPU, 0.002s wall-clock]
Preparing model... [0.010s CPU, 0.004s wall-clock]
Generated 26 rules.
Computing model... [1.130s CPU, 1.139s wall-clock]
85314 relevant atoms
62972 auxiliary atoms
148286 final queue length
305870 total queue pushes
Completing instantiation... [4.090s CPU, 4.099s wall-clock]
Instantiating: [5.280s CPU, 5.295s wall-clock]
Computing fact groups...
Finding invariants...
9 initial candidates
Finding invariants: [0.040s CPU, 0.044s wall-clock]
Checking invariant weight... [0.000s CPU, 0.000s wall-clock]
Instantiating groups... [0.010s CPU, 0.007s wall-clock]
Collecting mutex groups... [0.000s CPU, 0.002s wall-clock]
Choosing groups...
0 uncovered facts
Choosing groups: [0.010s CPU, 0.005s wall-clock]
Building translation key... [0.010s CPU, 0.002s wall-clock]
Computing fact groups: [0.080s CPU, 0.076s wall-clock]
Building STRIPS to SAS dictionary... [0.000s CPU, 0.002s wall-clock]
Building dictionary for full mutex groups... [0.000s CPU, 0.002s wall-clock]
Building mutex information...
Building mutex information: [0.000s CPU, 0.001s wall-clock]
Translating task...
Processing axioms...
Simplifying axioms... [0.000s CPU, 0.000s wall-clock]
Translator axioms removed by simplifying: 0
Computing negative axioms... [0.000s CPU, 0.000s wall-clock]
Processing axioms: [0.110s CPU, 0.110s wall-clock]
Translating task: [2.810s CPU, 2.813s wall-clock]
0 effect conditions simplified
0 implied preconditions added
Detecting unreachable propositions...
0 operators removed
0 axioms removed
28 propositions removed
Detecting unreachable propositions: [2.020s CPU, 2.026s wall-clock]
Reordering and filtering variables...
28 of 28 variables necessary.
0 of 28 mutex groups necessary.
81272 of 81272 operators necessary.
0 of 0 axiom rules necessary.
Reordering and filtering variables: [0.290s CPU, 0.279s wall-clock]
Translator variables: 28
Translator derived variables: 0
Translator facts: 3076
Translator goal facts: 20
Translator mutex groups: 0
Translator total mutex groups size: 0
Translator operators: 81272
Translator axioms: 0
Translator task size: 485020
Translator peak memory: 354464 KB
Writing output... [0.360s CPU, 0.370s wall-clock]
Done! [10.990s CPU, 11.012s wall-clock]
translate exit code: 0

INFO     Running search (release).
INFO     search stdin: output.sas
INFO     search time limit: 588s
INFO     search memory limit: 3584 MB
INFO     search command line string: /usr/local/downward-projects/downward/experiments/src/thesis/data/thesis-thesis_exp/code-84c08dfff1890fbf6247184940c8166177195ea1_e5e41175/builds/release/bin/downward --evaluator 'h=ff()' --search 'eager(partition(h, lwm_partition(), inter_uniform(), intra_uniform() )) ' --internal-plan-file sas_plan < output.sas
[t=0s, 11732 KB] reading input...
[t=0.275938s, 38496 KB] done reading input!
[t=0.29587s, 46452 KB] Simplifying 160632 unary operators... done! [160632 unary operators]
[t=0.595673s, 61564 KB] time to simplify: 0.323804s
[t=0.623608s, 61564 KB] Initializing additive heuristic...
[t=0.626451s, 61564 KB] Initializing FF heuristic...
[t=0.626486s, 61564 KB] Building successor generator...done!
[t=0.663689s, 64832 KB] peak memory difference for successor generator creation: 3268 KB
[t=0.663817s, 64832 KB] time for successor generation creation: 0.0369095s
[t=0.663844s, 64832 KB] Variables: 28
[t=0.663873s, 64832 KB] FactPairs: 3076
[t=0.663898s, 64832 KB] Bytes per state: 24
[t=0.663923s, 64832 KB] Conducting best first search without reopening closed nodes, (real) bound = 2147483647
[t=0.667373s, 64832 KB] New best heuristic value for ff(): 1972
[t=0.667973s, 64832 KB] g=0, 1 evaluated, 0 expanded
[t=0.668003s, 64832 KB] Initial heuristic value for ff(): 1972
[t=0.668036s, 64832 KB] pruning method: none
[t=0.668063s, 64832 KB] Start Timestep: 1693584737235 millisecond(s).
[t=0.668118s, 64832 KB] New best heuristic value for ff(): 1804
[t=0.67038s, 64832 KB] g=11, 2 evaluated, 1 expanded
[t=0.671214s, 64832 KB] New best heuristic value for ff(): 1447
[t=0.672463s, 64832 KB] g=14, 3 evaluated, 1 expanded
[t=0.675149s, 64832 KB] New best heuristic value for ff(): 1171
[t=0.676512s, 64832 KB] g=16, 5 evaluated, 1 expanded
[t=1.49901s, 64832 KB] New best heuristic value for ff(): 1158
[t=1.50174s, 64832 KB] g=52, 420 evaluated, 33 expanded
[t=28.7346s, 64832 KB] New best heuristic value for ff(): 1113
[t=28.7368s, 64832 KB] g=121, 9685 evaluated, 982 expanded
Peak memory: 73020 KB
caught signal 24 -- exiting
Time limit has been reached.
Remove intermediate file output.sas
search exit code: 23

Driver aborting after search
INFO     Planner time: 598.52s
