INFO     planner time limit: 900s
INFO     planner memory limit: 3584 MB

INFO     Running translator.
INFO     translator stdin: None
INFO     translator time limit: 899s
INFO     translator memory limit: 3584 MB
INFO     translator command line string: /usr/local/downward-projects/downward/experiments/.venv/bin/python3 /usr/local/downward-projects/downward/experiments/src/thesis/data/thesis-thesis_exp/code-beb2e19b3d35a0ced2c328754445ca6967892fa8_e5e41175/builds/release/bin/translate/translate.py domain.pddl problem.pddl --sas-file output.sas
Parsing...
Parsing: [0.190s CPU, 0.188s wall-clock]
Normalizing task... [0.010s CPU, 0.018s wall-clock]
Instantiating...
Generating Datalog program... [0.030s CPU, 0.032s wall-clock]
Normalizing Datalog program...
Normalizing Datalog program: [0.110s CPU, 0.106s wall-clock]
Preparing model... [0.180s CPU, 0.183s wall-clock]
Generated 3658 rules.
Computing model... [19.530s CPU, 19.757s wall-clock]
453043 relevant atoms
663168 auxiliary atoms
1116211 final queue length
1995117 total queue pushes
Completing instantiation... [30.910s CPU, 31.335s wall-clock]
Instantiating: [52.110s CPU, 52.762s wall-clock]
Computing fact groups...
Finding invariants...
10 initial candidates
Finding invariants: [0.250s CPU, 0.258s wall-clock]
Checking invariant weight... [0.010s CPU, 0.012s wall-clock]
Instantiating groups... [0.010s CPU, 0.007s wall-clock]
Collecting mutex groups... [0.010s CPU, 0.003s wall-clock]
Choosing groups...
416 uncovered facts
Choosing groups: [0.010s CPU, 0.010s wall-clock]
Building translation key... [0.000s CPU, 0.003s wall-clock]
Computing fact groups: [0.300s CPU, 0.310s wall-clock]
Building STRIPS to SAS dictionary... [0.010s CPU, 0.002s wall-clock]
Building dictionary for full mutex groups... [0.000s CPU, 0.006s wall-clock]
Building mutex information...
Building mutex information: [0.010s CPU, 0.004s wall-clock]
Translating task...
Processing axioms...
Simplifying axioms... [0.000s CPU, 0.000s wall-clock]
Translator axioms removed by simplifying: 0
Computing negative axioms... [0.000s CPU, 0.000s wall-clock]
Processing axioms: [0.980s CPU, 0.994s wall-clock]
Translating task: [23.000s CPU, 23.259s wall-clock]
0 effect conditions simplified
0 implied preconditions added
Detecting unreachable propositions...
0 operators removed
0 axioms removed
470 propositions removed
Detecting unreachable propositions: [15.200s CPU, 15.411s wall-clock]
Reordering and filtering variables...
886 of 886 variables necessary.
0 of 939 mutex groups necessary.
440807 of 440807 operators necessary.
0 of 0 axiom rules necessary.
Reordering and filtering variables: [2.890s CPU, 2.901s wall-clock]
Translator variables: 886
Translator derived variables: 0
Translator facts: 2709
Translator goal facts: 469
Translator mutex groups: 0
Translator total mutex groups size: 0
Translator operators: 440807
Translator axioms: 0
Translator task size: 4748089
Translator peak memory: 2439592 KB
Writing output... [3.210s CPU, 3.250s wall-clock]
Done! [98.120s CPU, 99.325s wall-clock]
translate exit code: 0

INFO     Running search (release).
INFO     search stdin: output.sas
INFO     search time limit: 801s
INFO     search memory limit: 3584 MB
INFO     search command line string: /usr/local/downward-projects/downward/experiments/src/thesis/data/thesis-thesis_exp/code-beb2e19b3d35a0ced2c328754445ca6967892fa8_e5e41175/builds/release/bin/downward --evaluator 'h=ff()' --search 'eager(alt([bts_type(h), single(h)]))' --internal-plan-file sas_plan < output.sas
[t=0.00133498s, 11252 KB] reading input...
[t=1.83447s, 158044 KB] done reading input!
[t=2.01235s, 224116 KB] Simplifying 880729 unary operators... done! [880729 unary operators]
[t=3.34619s, 315140 KB] time to simplify: 1.33384s
[t=3.425s, 354864 KB] Initializing additive heuristic...
[t=3.42581s, 354864 KB] Initializing FF heuristic...
[t=3.42598s, 354864 KB] Building successor generator...done!
[t=3.80117s, 354864 KB] peak memory difference for successor generator creation: 0 KB
[t=3.80131s, 354864 KB] time for successor generation creation: 0.374549s
[t=3.80133s, 354864 KB] Variables: 886
[t=3.80138s, 354864 KB] FactPairs: 2709
[t=3.8014s, 354864 KB] Bytes per state: 172
[t=3.80147s, 354864 KB] Conducting best first search without reopening closed nodes, (real) bound = 2147483647
[t=3.86142s, 354864 KB] New best heuristic value for ff(): 1
[t=3.86242s, 354864 KB] g=0, 1 evaluated, 0 expanded
[t=3.86244s, 354864 KB] Initial heuristic value for ff(): 1
[t=3.86248s, 354864 KB] pruning method: none
[t=3.8625s, 354864 KB] Start Timestep: 1685754149209 millisecond(s).
[t=3.92443s, 354864 KB] New best heuristic value for ff(): 0
[t=3.92537s, 354864 KB] g=1, 2 evaluated, 1 expanded
Peak memory: 354864 KB
caught signal 24 -- exiting
Time limit has been reached.
Remove intermediate file output.sas
search exit code: 23

Driver aborting after search
INFO     Planner time: 898.92s
