INFO     planner time limit: 900s
INFO     planner memory limit: 3584 MB

INFO     Running translator.
INFO     translator stdin: None
INFO     translator time limit: 899s
INFO     translator memory limit: 3584 MB
INFO     translator command line string: /usr/local/downward-projects/downward/experiments/.venv/bin/python3 /usr/local/downward-projects/downward/experiments/src/thesis/data/thesis-thesis_exp/code-beb2e19b3d35a0ced2c328754445ca6967892fa8_e5e41175/builds/release/bin/translate/translate.py domain.pddl problem.pddl --sas-file output.sas
Parsing...
Parsing: [0.000s CPU, 0.003s wall-clock]
Normalizing task... [0.000s CPU, 0.000s wall-clock]
Instantiating...
Generating Datalog program... [0.010s CPU, 0.001s wall-clock]
Normalizing Datalog program...
Normalizing Datalog program: [0.000s CPU, 0.001s wall-clock]
Preparing model... [0.000s CPU, 0.003s wall-clock]
Generated 24 rules.
Computing model... [0.020s CPU, 0.019s wall-clock]
2271 relevant atoms
1520 auxiliary atoms
3791 final queue length
5144 total queue pushes
Completing instantiation... [0.030s CPU, 0.029s wall-clock]
Instantiating: [0.060s CPU, 0.054s wall-clock]
Computing fact groups...
Finding invariants...
10 initial candidates
Finding invariants: [0.000s CPU, 0.001s wall-clock]
Checking invariant weight... [0.000s CPU, 0.001s wall-clock]
Instantiating groups... [0.030s CPU, 0.031s wall-clock]
Collecting mutex groups... [0.000s CPU, 0.000s wall-clock]
Choosing groups...
0 uncovered facts
Choosing groups: [0.010s CPU, 0.001s wall-clock]
Building translation key... [0.000s CPU, 0.000s wall-clock]
Computing fact groups: [0.040s CPU, 0.038s wall-clock]
Building STRIPS to SAS dictionary... [0.000s CPU, 0.000s wall-clock]
Building dictionary for full mutex groups... [0.000s CPU, 0.000s wall-clock]
Building mutex information...
Building mutex information: [0.000s CPU, 0.000s wall-clock]
Translating task...
Processing axioms...
Simplifying axioms... [0.000s CPU, 0.000s wall-clock]
Translator axioms removed by simplifying: 0
Computing negative axioms... [0.000s CPU, 0.000s wall-clock]
Processing axioms: [0.000s CPU, 0.002s wall-clock]
Translating task: [0.030s CPU, 0.028s wall-clock]
0 effect conditions simplified
0 implied preconditions added
Detecting unreachable propositions...
0 operators removed
0 axioms removed
3 propositions removed
Detecting unreachable propositions: [0.010s CPU, 0.015s wall-clock]
Reordering and filtering variables...
153 of 153 variables necessary.
150 of 153 mutex groups necessary.
1202 of 1202 operators necessary.
0 of 0 axiom rules necessary.
Reordering and filtering variables: [0.010s CPU, 0.006s wall-clock]
Translator variables: 153
Translator derived variables: 0
Translator facts: 754
Translator goal facts: 150
Translator mutex groups: 150
Translator total mutex groups size: 600
Translator operators: 1202
Translator axioms: 0
Translator task size: 8263
Translator peak memory: 37304 KB
Writing output... [0.010s CPU, 0.007s wall-clock]
Done! [0.160s CPU, 0.156s wall-clock]
translate exit code: 0

INFO     Running search (release).
INFO     search stdin: output.sas
INFO     search time limit: 899s
INFO     search memory limit: 3584 MB
INFO     search command line string: /usr/local/downward-projects/downward/experiments/src/thesis/data/thesis-thesis_exp/code-beb2e19b3d35a0ced2c328754445ca6967892fa8_e5e41175/builds/release/bin/downward --evaluator 'h=ff()' --search 'eager(alt([lwm_based_type(h), single(h)]))' --internal-plan-file sas_plan < output.sas
[t=0s, 11252 KB] reading input...
[t=0.00394999s, 11672 KB] done reading input!
[t=0.00575482s, 12200 KB] Simplifying 2402 unary operators... done! [2402 unary operators]
[t=0.00846509s, 12200 KB] time to simplify: 0.00271026s
[t=0.00859815s, 12200 KB] Initializing additive heuristic...
[t=0.00875863s, 12200 KB] Initializing FF heuristic...
[t=0.00878359s, 12200 KB] Building successor generator...done!
[t=0.00924995s, 12360 KB] peak memory difference for successor generator creation: 160 KB
[t=0.0092971s, 12360 KB] time for successor generation creation: 0s
[t=0.00932184s, 12360 KB] Variables: 153
[t=0.0093523s, 12360 KB] FactPairs: 754
[t=0.00937646s, 12360 KB] Bytes per state: 40
[t=0.00939962s, 12360 KB] Conducting best first search without reopening closed nodes, (real) bound = 2147483647
[t=0.00945375s, 12360 KB] New best heuristic value for ff(): 301
[t=0.00955108s, 12360 KB] g=0, 1 evaluated, 0 expanded
[t=0.00957485s, 12360 KB] Initial heuristic value for ff(): 301
[t=0.00960342s, 12360 KB] pruning method: none
[t=0.00962653s, 12360 KB] Start Timestep: 1685768626624 millisecond(s).
[t=0.00967025s, 12360 KB] New best heuristic value for ff(): 300
[t=0.00979514s, 12360 KB] g=1, 3 evaluated, 1 expanded
[t=0.0474497s, 12436 KB] New best heuristic value for ff(): 299
[t=0.0493888s, 12436 KB] g=3, 1047 evaluated, 7 expanded
[t=0.0494184s, 12436 KB] New best heuristic value for ff(): 298
[t=0.0494863s, 12436 KB] g=4, 1048 evaluated, 8 expanded
[t=0.0495108s, 12436 KB] New best heuristic value for ff(): 297
[t=0.0497067s, 12436 KB] g=5, 1052 evaluated, 10 expanded
[t=0.0497312s, 12436 KB] New best heuristic value for ff(): 296
[t=0.0500068s, 12436 KB] g=7, 1058 evaluated, 14 expanded
[t=0.0752976s, 12436 KB] New best heuristic value for ff(): 295
[t=0.0786134s, 12436 KB] g=9, 1801 evaluated, 21 expanded
[t=0.0786434s, 12436 KB] New best heuristic value for ff(): 294
[t=0.0787109s, 12436 KB] g=10, 1802 evaluated, 22 expanded
[t=0.0787351s, 12436 KB] New best heuristic value for ff(): 293
[t=0.0789977s, 12436 KB] g=11, 1808 evaluated, 24 expanded
[t=0.079217s, 12436 KB] New best heuristic value for ff(): 292
[t=0.0794476s, 12436 KB] g=13, 1818 evaluated, 28 expanded
[t=0.147149s, 12700 KB] New best heuristic value for ff(): 291
[t=0.150151s, 12700 KB] g=15, 3724 evaluated, 47 expanded
[t=0.150181s, 12700 KB] New best heuristic value for ff(): 290
[t=0.150249s, 12700 KB] g=16, 3725 evaluated, 48 expanded
[t=0.150273s, 12700 KB] New best heuristic value for ff(): 289
[t=0.150623s, 12700 KB] g=17, 3733 evaluated, 50 expanded
[t=0.15502s, 12872 KB] New best heuristic value for ff(): 288
[t=0.156688s, 12872 KB] g=19, 3892 evaluated, 54 expanded
[t=0.222932s, 13264 KB] New best heuristic value for ff(): 287
[t=0.226277s, 13264 KB] g=21, 5763 evaluated, 73 expanded
[t=0.226306s, 13264 KB] New best heuristic value for ff(): 286
[t=0.226375s, 13264 KB] g=22, 5764 evaluated, 74 expanded
[t=0.226783s, 13264 KB] New best heuristic value for ff(): 285
[t=0.226839s, 13264 KB] g=23, 5774 evaluated, 76 expanded
[t=0.226864s, 13264 KB] New best heuristic value for ff(): 284
[t=0.227544s, 13264 KB] g=25, 5792 evaluated, 80 expanded
[t=0.258712s, 13400 KB] New best heuristic value for ff(): 283
[t=0.260295s, 13400 KB] g=27, 6648 evaluated, 89 expanded
[t=0.260323s, 13400 KB] New best heuristic value for ff(): 282
[t=0.26039s, 13400 KB] g=28, 6649 evaluated, 90 expanded
[t=0.260414s, 13400 KB] New best heuristic value for ff(): 281
[t=0.260912s, 13400 KB] g=29, 6661 evaluated, 92 expanded
[t=0.260936s, 13400 KB] New best heuristic value for ff(): 280
[t=0.261748s, 13400 KB] g=31, 6683 evaluated, 96 expanded
[t=0.338538s, 14148 KB] New best heuristic value for ff(): 279
[t=0.340983s, 14148 KB] g=33, 8807 evaluated, 119 expanded
[t=0.341014s, 14148 KB] New best heuristic value for ff(): 278
[t=0.341083s, 14148 KB] g=34, 8808 evaluated, 120 expanded
[t=0.341107s, 14148 KB] New best heuristic value for ff(): 277
[t=0.341675s, 14148 KB] g=35, 8822 evaluated, 122 expanded
[t=0.346427s, 14148 KB] New best heuristic value for ff(): 276
[t=0.347631s, 14148 KB] g=37, 8983 evaluated, 126 expanded
[t=0.42632s, 14380 KB] New best heuristic value for ff(): 275
[t=0.430024s, 14380 KB] g=39, 11207 evaluated, 151 expanded
[t=0.430054s, 14380 KB] New best heuristic value for ff(): 274
[t=0.430122s, 14380 KB] g=40, 11208 evaluated, 152 expanded
[t=0.430247s, 14380 KB] New best heuristic value for ff(): 273
[t=0.430811s, 14380 KB] g=41, 11224 evaluated, 154 expanded
[t=0.430836s, 14380 KB] New best heuristic value for ff(): 272
[t=0.431913s, 14380 KB] g=43, 11254 evaluated, 158 expanded
[t=0.467759s, 14516 KB] New best heuristic value for ff(): 271
[t=0.468043s, 14516 KB] g=45, 12211 evaluated, 169 expanded
[t=0.468077s, 14516 KB] New best heuristic value for ff(): 270
[t=0.468148s, 14516 KB] g=46, 12212 evaluated, 170 expanded
[t=0.468173s, 14516 KB] New best heuristic value for ff(): 269
[t=0.468882s, 14516 KB] g=47, 12230 evaluated, 172 expanded
[t=0.470003s, 14516 KB] New best heuristic value for ff(): 268
[t=0.470163s, 14516 KB] g=49, 12264 evaluated, 176 expanded
[t=0.501947s, 14648 KB] New best heuristic value for ff(): 267
[t=0.505782s, 14648 KB] g=51, 13205 evaluated, 185 expanded
[t=0.505813s, 14648 KB] New best heuristic value for ff(): 266
[t=0.505891s, 14648 KB] g=52, 13206 evaluated, 186 expanded
[t=0.505915s, 14648 KB] New best heuristic value for ff(): 265
[t=0.506686s, 14648 KB] g=53, 13226 evaluated, 188 expanded
[t=0.506711s, 14648 KB] New best heuristic value for ff(): 264
[t=0.508058s, 14648 KB] g=55, 13264 evaluated, 192 expanded
[t=0.585757s, 15120 KB] New best heuristic value for ff(): 263
[t=0.586995s, 15120 KB] g=57, 15385 evaluated, 217 expanded
[t=0.587025s, 15120 KB] New best heuristic value for ff(): 262
[t=0.587093s, 15120 KB] g=58, 15386 evaluated, 218 expanded
[t=0.587116s, 15120 KB] New best heuristic value for ff(): 261
[t=0.587993s, 15120 KB] g=59, 15409 evaluated, 220 expanded
[t=0.588018s, 15120 KB] New best heuristic value for ff(): 260
[t=0.589504s, 15120 KB] g=61, 15451 evaluated, 224 expanded
[t=0.621597s, 15120 KB] New best heuristic value for ff(): 259
[t=0.624273s, 15120 KB] g=63, 16370 evaluated, 233 expanded
[t=0.624302s, 15120 KB] New best heuristic value for ff(): 258
[t=0.62437s, 15120 KB] g=64, 16371 evaluated, 234 expanded
[t=0.624394s, 15252 KB] New best heuristic value for ff(): 257
[t=0.625342s, 15252 KB] g=65, 16395 evaluated, 236 expanded
[t=0.63351s, 16280 KB] New best heuristic value for ff(): 256
[t=0.637332s, 16280 KB] g=67, 16710 evaluated, 240 expanded
[t=0.76742s, 16280 KB] New best heuristic value for ff(): 255
[t=0.769296s, 16280 KB] g=69, 20324 evaluated, 287 expanded
[t=0.769328s, 16280 KB] New best heuristic value for ff(): 254
[t=0.769398s, 16280 KB] g=70, 20325 evaluated, 288 expanded
[t=0.76942s, 16280 KB] New best heuristic value for ff(): 253
[t=0.770415s, 16280 KB] g=71, 20351 evaluated, 290 expanded
[t=0.777216s, 16292 KB] New best heuristic value for ff(): 252
[t=0.777419s, 16292 KB] g=73, 20543 evaluated, 294 expanded
[t=0.940787s, 16936 KB] New best heuristic value for ff(): 251
[t=0.942388s, 16936 KB] g=75, 25037 evaluated, 356 expanded
[t=0.942418s, 16936 KB] New best heuristic value for ff(): 250
[t=0.942489s, 16936 KB] g=76, 25038 evaluated, 357 expanded
[t=0.942514s, 17068 KB] New best heuristic value for ff(): 249
[t=0.943579s, 17068 KB] g=77, 25066 evaluated, 359 expanded
[t=0.944691s, 17068 KB] New best heuristic value for ff(): 248
[t=0.94554s, 17068 KB] g=79, 25120 evaluated, 363 expanded
[t=1.06844s, 17464 KB] New best heuristic value for ff(): 247
[t=1.07022s, 17464 KB] g=81, 28529 evaluated, 408 expanded
[t=1.07025s, 17464 KB] New best heuristic value for ff(): 246
[t=1.07031s, 17464 KB] g=82, 28530 evaluated, 409 expanded
[t=1.07034s, 17464 KB] New best heuristic value for ff(): 245
[t=1.07147s, 17464 KB] g=83, 28560 evaluated, 411 expanded
[t=1.07234s, 17464 KB] New best heuristic value for ff(): 244
[t=1.07427s, 17464 KB] g=85, 28638 evaluated, 415 expanded
[t=1.18818s, 18224 KB] New best heuristic value for ff(): 243
[t=1.18942s, 18224 KB] g=87, 31738 evaluated, 456 expanded
[t=1.18945s, 18224 KB] New best heuristic value for ff(): 242
[t=1.18952s, 18224 KB] g=88, 31739 evaluated, 457 expanded
[t=1.18954s, 18224 KB] New best heuristic value for ff(): 241
[t=1.19075s, 18224 KB] g=89, 31771 evaluated, 459 expanded
[t=1.19208s, 18224 KB] New best heuristic value for ff(): 240
[t=1.19296s, 18224 KB] g=91, 31833 evaluated, 463 expanded
[t=1.32394s, 20408 KB] New best heuristic value for ff(): 239
[t=1.32521s, 20408 KB] g=93, 35413 evaluated, 514 expanded
[t=1.32524s, 20408 KB] New best heuristic value for ff(): 238
[t=1.32531s, 20408 KB] g=94, 35414 evaluated, 515 expanded
[t=1.32533s, 20408 KB] New best heuristic value for ff(): 237
[t=1.32705s, 20408 KB] g=95, 35460 evaluated, 517 expanded
[t=1.32784s, 20408 KB] New best heuristic value for ff(): 236
[t=1.32944s, 20408 KB] g=97, 35526 evaluated, 521 expanded
[t=1.5835s, 21304 KB] New best heuristic value for ff(): 235
[t=1.58699s, 21304 KB] g=99, 42482 evaluated, 618 expanded
[t=1.58702s, 21304 KB] New best heuristic value for ff(): 234
[t=1.58709s, 21304 KB] g=100, 42483 evaluated, 619 expanded
[t=1.58742s, 21304 KB] New best heuristic value for ff(): 233
[t=1.58847s, 21304 KB] g=101, 42519 evaluated, 621 expanded
[t=1.58849s, 21304 KB] New best heuristic value for ff(): 232
[t=1.59095s, 21304 KB] g=103, 42589 evaluated, 625 expanded
[t=1.66728s, 21304 KB] New best heuristic value for ff(): 231
[t=1.66822s, 21304 KB] g=105, 44696 evaluated, 654 expanded
[t=1.66825s, 21304 KB] New best heuristic value for ff(): 230
[t=1.66831s, 21304 KB] g=106, 44697 evaluated, 655 expanded
[t=1.66834s, 21304 KB] New best heuristic value for ff(): 229
[t=1.66975s, 21304 KB] g=107, 44735 evaluated, 657 expanded
[t=1.67118s, 21304 KB] New best heuristic value for ff(): 228
[t=1.67238s, 21304 KB] g=109, 44809 evaluated, 661 expanded
[t=1.71514s, 21436 KB] New best heuristic value for ff(): 227
[t=1.71541s, 21436 KB] g=111, 45964 evaluated, 674 expanded
[t=1.71544s, 21436 KB] New best heuristic value for ff(): 226
[t=1.71551s, 21436 KB] g=112, 45965 evaluated, 675 expanded
[t=1.7166s, 21436 KB] New best heuristic value for ff(): 225
[t=1.7171s, 21436 KB] g=113, 46005 evaluated, 677 expanded
[t=1.71901s, 21436 KB] New best heuristic value for ff(): 224
[t=1.7199s, 21436 KB] g=115, 46083 evaluated, 681 expanded
[t=1.81891s, 21836 KB] New best heuristic value for ff(): 223
[t=1.82015s, 21836 KB] g=117, 48816 evaluated, 720 expanded
[t=1.82285s, 21836 KB] New best heuristic value for ff(): 222
[t=1.82437s, 21836 KB] g=119, 48934 evaluated, 723 expanded
[t=1.96275s, 22364 KB] New best heuristic value for ff(): 221
[t=1.96387s, 22364 KB] g=121, 52745 evaluated, 776 expanded
[t=1.9639s, 22364 KB] New best heuristic value for ff(): 220
[t=1.96397s, 22364 KB] g=122, 52746 evaluated, 777 expanded
[t=1.96399s, 22364 KB] New best heuristic value for ff(): 219
[t=1.96557s, 22364 KB] g=123, 52789 evaluated, 779 expanded
[t=1.96662s, 22364 KB] New best heuristic value for ff(): 218
[t=1.9686s, 22364 KB] g=125, 52873 evaluated, 783 expanded
[t=2.08238s, 22760 KB] New best heuristic value for ff(): 217
[t=2.0832s, 22760 KB] g=127, 55993 evaluated, 832 expanded
[t=2.08324s, 22760 KB] New best heuristic value for ff(): 216
[t=2.08331s, 22760 KB] g=128, 55994 evaluated, 833 expanded
[t=2.08333s, 22760 KB] New best heuristic value for ff(): 215
[t=2.085s, 22760 KB] g=129, 56039 evaluated, 835 expanded
[t=2.08628s, 22760 KB] New best heuristic value for ff(): 214
[t=2.08814s, 22760 KB] g=131, 56127 evaluated, 839 expanded
[t=2.29009s, 24120 KB] New best heuristic value for ff(): 213
[t=2.29255s, 24120 KB] g=133, 61632 evaluated, 924 expanded
[t=2.29258s, 24120 KB] New best heuristic value for ff(): 212
[t=2.29265s, 24120 KB] g=134, 61633 evaluated, 925 expanded
[t=2.29402s, 24120 KB] New best heuristic value for ff(): 211
[t=2.29443s, 24120 KB] g=135, 61680 evaluated, 927 expanded
[t=2.30199s, 24120 KB] New best heuristic value for ff(): 210
[t=2.30276s, 24120 KB] g=137, 61912 evaluated, 931 expanded
[t=2.37788s, 24388 KB] New best heuristic value for ff(): 209
[t=2.38142s, 24388 KB] g=139, 64046 evaluated, 964 expanded
[t=2.38145s, 24388 KB] New best heuristic value for ff(): 208
[t=2.38153s, 24388 KB] g=140, 64047 evaluated, 965 expanded
[t=2.3818s, 24388 KB] New best heuristic value for ff(): 207
[t=2.38339s, 24388 KB] g=141, 64096 evaluated, 967 expanded
[t=2.38576s, 24388 KB] New best heuristic value for ff(): 206
[t=2.38682s, 24388 KB] g=143, 64192 evaluated, 971 expanded
[t=2.50166s, 28624 KB] New best heuristic value for ff(): 205
[t=2.5041s, 28624 KB] g=145, 67347 evaluated, 1023 expanded
[t=2.50413s, 28624 KB] New best heuristic value for ff(): 204
[t=2.50421s, 28624 KB] g=146, 67348 evaluated, 1024 expanded
[t=2.50554s, 28624 KB] New best heuristic value for ff(): 203
[t=2.50613s, 28624 KB] g=147, 67399 evaluated, 1026 expanded
[t=2.5095s, 28624 KB] New best heuristic value for ff(): 202
[t=2.50966s, 28624 KB] g=149, 67499 evaluated, 1030 expanded
[t=2.61739s, 28624 KB] New best heuristic value for ff(): 201
[t=2.62111s, 28624 KB] g=151, 70551 evaluated, 1083 expanded
[t=2.62114s, 28624 KB] New best heuristic value for ff(): 200
[t=2.62121s, 28624 KB] g=152, 70552 evaluated, 1084 expanded
[t=2.6253s, 28624 KB] New best heuristic value for ff(): 199
[t=2.62834s, 28624 KB] g=153, 70746 evaluated, 1086 expanded
[t=2.62927s, 28624 KB] New best heuristic value for ff(): 198
[t=2.63199s, 28624 KB] g=155, 70850 evaluated, 1090 expanded
[t=2.92094s, 28624 KB] New best heuristic value for ff(): 197
[t=2.92297s, 28624 KB] g=157, 78889 evaluated, 1226 expanded
[t=2.923s, 28624 KB] New best heuristic value for ff(): 196
[t=2.92307s, 28624 KB] g=158, 78890 evaluated, 1227 expanded
[t=2.92486s, 28624 KB] New best heuristic value for ff(): 195
[t=2.92511s, 28624 KB] g=159, 78945 evaluated, 1229 expanded
[t=2.92882s, 28624 KB] New best heuristic value for ff(): 194
[t=2.92892s, 28624 KB] g=161, 79053 evaluated, 1233 expanded
[t=3.07255s, 28964 KB] New best heuristic value for ff(): 193
[t=3.07598s, 28964 KB] g=163, 83112 evaluated, 1310 expanded
[t=3.07601s, 28964 KB] New best heuristic value for ff(): 192
[t=3.07609s, 28964 KB] g=164, 83113 evaluated, 1311 expanded
[t=3.07647s, 28964 KB] New best heuristic value for ff(): 191
[t=3.07819s, 28964 KB] g=165, 83170 evaluated, 1313 expanded
[t=3.08044s, 28964 KB] New best heuristic value for ff(): 190
[t=3.08213s, 28964 KB] g=167, 83282 evaluated, 1317 expanded
[t=3.14837s, 29228 KB] New best heuristic value for ff(): 189
[t=3.15185s, 29228 KB] g=169, 85200 evaluated, 1354 expanded
[t=3.15188s, 29228 KB] New best heuristic value for ff(): 188
[t=3.15195s, 29228 KB] g=170, 85201 evaluated, 1355 expanded
[t=3.1523s, 29228 KB] New best heuristic value for ff(): 187
[t=3.15412s, 29228 KB] g=171, 85260 evaluated, 1357 expanded
[t=3.15626s, 29228 KB] New best heuristic value for ff(): 186
[t=3.15821s, 29228 KB] g=173, 85376 evaluated, 1361 expanded
[t=3.30414s, 30684 KB] New best heuristic value for ff(): 185
[t=3.30479s, 30684 KB] g=175, 89208 evaluated, 1434 expanded
[t=3.30483s, 30684 KB] New best heuristic value for ff(): 184
[t=3.3049s, 30684 KB] g=176, 89209 evaluated, 1435 expanded
[t=3.30492s, 30684 KB] New best heuristic value for ff(): 183
[t=3.3071s, 30684 KB] g=177, 89270 evaluated, 1437 expanded
[t=3.30804s, 30684 KB] New best heuristic value for ff(): 182
[t=3.31128s, 30684 KB] g=179, 89390 evaluated, 1441 expanded
[t=3.41991s, 30816 KB] New best heuristic value for ff(): 181
[t=3.42385s, 30816 KB] g=181, 92515 evaluated, 1505 expanded
[t=3.42388s, 30816 KB] New best heuristic value for ff(): 180
[t=3.42395s, 30816 KB] g=182, 92516 evaluated, 1506 expanded
[t=3.42398s, 30816 KB] New best heuristic value for ff(): 179
[t=3.42623s, 30816 KB] g=183, 92579 evaluated, 1508 expanded
[t=3.42777s, 30816 KB] New best heuristic value for ff(): 178
[t=3.4306s, 30816 KB] g=185, 92703 evaluated, 1512 expanded
[t=3.54357s, 31348 KB] New best heuristic value for ff(): 177
[t=3.54512s, 31348 KB] g=187, 95867 evaluated, 1577 expanded
[t=3.54515s, 31348 KB] New best heuristic value for ff(): 176
[t=3.54522s, 31348 KB] g=188, 95868 evaluated, 1578 expanded
[t=3.54749s, 31348 KB] New best heuristic value for ff(): 175
[t=3.54761s, 31348 KB] g=189, 95933 evaluated, 1580 expanded
[t=3.55145s, 31348 KB] New best heuristic value for ff(): 174
[t=3.55208s, 31348 KB] g=191, 96061 evaluated, 1584 expanded
[t=3.80321s, 32284 KB] New best heuristic value for ff(): 173
[t=3.80541s, 32284 KB] g=193, 103067 evaluated, 1724 expanded
[t=3.80545s, 32284 KB] New best heuristic value for ff(): 172
[t=3.80552s, 32284 KB] g=194, 103068 evaluated, 1725 expanded
[t=3.80713s, 32284 KB] New best heuristic value for ff(): 171
[t=3.80796s, 32284 KB] g=195, 103135 evaluated, 1727 expanded
[t=3.81109s, 32284 KB] New best heuristic value for ff(): 170
[t=3.81259s, 32284 KB] g=197, 103267 evaluated, 1731 expanded
[t=4.06583s, 33220 KB] New best heuristic value for ff(): 169
[t=4.0662s, 33220 KB] g=199, 110332 evaluated, 1874 expanded
[t=4.06623s, 33220 KB] New best heuristic value for ff(): 168
[t=4.0663s, 33220 KB] g=200, 110333 evaluated, 1875 expanded
[t=4.06667s, 33220 KB] New best heuristic value for ff(): 167
[t=4.06886s, 33220 KB] g=201, 110402 evaluated, 1877 expanded
[t=4.07062s, 33220 KB] New best heuristic value for ff(): 166
[t=4.07363s, 33220 KB] g=203, 110538 evaluated, 1881 expanded
[t=4.1945s, 33748 KB] New best heuristic value for ff(): 165
[t=4.19567s, 33748 KB] g=205, 113923 evaluated, 1949 expanded
[t=4.1957s, 33748 KB] New best heuristic value for ff(): 164
[t=4.19577s, 33748 KB] g=206, 113924 evaluated, 1950 expanded
[t=4.1958s, 33748 KB] New best heuristic value for ff(): 163
[t=4.19831s, 33748 KB] g=207, 113995 evaluated, 1952 expanded
[t=4.2064s, 35816 KB] New best heuristic value for ff(): 162
[t=4.21035s, 35816 KB] g=209, 114135 evaluated, 1956 expanded
[t=4.33013s, 35816 KB] New best heuristic value for ff(): 161
[t=4.33249s, 35816 KB] g=211, 116370 evaluated, 2003 expanded
[t=4.33253s, 35816 KB] New best heuristic value for ff(): 160
[t=4.33264s, 35816 KB] g=212, 116371 evaluated, 2004 expanded
[t=4.33404s, 35816 KB] New best heuristic value for ff(): 159
[t=4.33668s, 35816 KB] g=213, 116444 evaluated, 2006 expanded
[t=4.34198s, 35816 KB] New best heuristic value for ff(): 158
[t=4.34439s, 35816 KB] g=215, 116589 evaluated, 2010 expanded
[t=4.62967s, 35948 KB] New best heuristic value for ff(): 157
[t=4.62989s, 35948 KB] g=217, 123374 evaluated, 2159 expanded
[t=4.62992s, 35948 KB] New best heuristic value for ff(): 156
[t=4.63s, 35948 KB] g=218, 123375 evaluated, 2160 expanded
[t=4.63002s, 35948 KB] New best heuristic value for ff(): 155
[t=4.63268s, 35948 KB] g=219, 123450 evaluated, 2162 expanded
[t=4.63755s, 35948 KB] New best heuristic value for ff(): 154
[t=4.63783s, 35948 KB] g=221, 123598 evaluated, 2166 expanded
[t=4.69347s, 36216 KB] New best heuristic value for ff(): 153
[t=4.69574s, 36216 KB] g=223, 125209 evaluated, 2201 expanded
[t=4.69577s, 36216 KB] New best heuristic value for ff(): 152
[t=4.69584s, 36216 KB] g=224, 125210 evaluated, 2202 expanded
[t=4.70139s, 36216 KB] New best heuristic value for ff(): 151
[t=4.7037s, 36216 KB] g=225, 125426 evaluated, 2204 expanded
[t=4.70537s, 36216 KB] New best heuristic value for ff(): 150
[t=4.70902s, 36216 KB] g=227, 125578 evaluated, 2208 expanded
[t=4.89717s, 37012 KB] New best heuristic value for ff(): 149
[t=4.90021s, 37012 KB] g=229, 130927 evaluated, 2329 expanded
[t=4.90024s, 37012 KB] New best heuristic value for ff(): 148
[t=4.90031s, 37012 KB] g=230, 130928 evaluated, 2330 expanded
[t=4.90109s, 37012 KB] New best heuristic value for ff(): 147
[t=4.90313s, 37012 KB] g=231, 131007 evaluated, 2332 expanded
[t=4.91305s, 37012 KB] New best heuristic value for ff(): 146
[t=4.9134s, 37012 KB] g=233, 131292 evaluated, 2336 expanded
[t=5.12026s, 45340 KB] New best heuristic value for ff(): 145
[t=5.12329s, 45340 KB] g=235, 137014 evaluated, 2480 expanded
[t=5.12332s, 45340 KB] New best heuristic value for ff(): 144
[t=5.12339s, 45340 KB] g=236, 137015 evaluated, 2481 expanded
[t=5.12418s, 45340 KB] New best heuristic value for ff(): 143
[t=5.12631s, 45340 KB] g=237, 137096 evaluated, 2483 expanded
[t=5.12815s, 45340 KB] New best heuristic value for ff(): 142
[t=5.13196s, 45340 KB] g=239, 137256 evaluated, 2487 expanded
[t=5.33595s, 45340 KB] New best heuristic value for ff(): 141
[t=5.33696s, 45340 KB] g=241, 142959 evaluated, 2647 expanded
[t=5.33699s, 45340 KB] New best heuristic value for ff(): 140
[t=5.33706s, 45340 KB] g=242, 142960 evaluated, 2648 expanded
[t=5.33987s, 45340 KB] New best heuristic value for ff(): 139
[t=5.34004s, 45340 KB] g=243, 143043 evaluated, 2650 expanded
[t=5.34383s, 45340 KB] New best heuristic value for ff(): 138
[t=5.34579s, 45340 KB] g=245, 143207 evaluated, 2654 expanded
[t=5.53551s, 45340 KB] New best heuristic value for ff(): 137
[t=5.53654s, 45340 KB] g=247, 148522 evaluated, 2842 expanded
[t=5.53658s, 45340 KB] New best heuristic value for ff(): 136
[t=5.53664s, 45340 KB] g=248, 148523 evaluated, 2843 expanded
[t=5.53943s, 45340 KB] New best heuristic value for ff(): 135
[t=5.53967s, 45340 KB] g=249, 148608 evaluated, 2845 expanded
[t=5.54339s, 45340 KB] New best heuristic value for ff(): 134
[t=5.54557s, 45340 KB] g=251, 148776 evaluated, 2849 expanded
[t=5.59529s, 45340 KB] New best heuristic value for ff(): 133
[t=5.59551s, 45340 KB] g=253, 150157 evaluated, 2884 expanded
[t=5.59554s, 45340 KB] New best heuristic value for ff(): 132
[t=5.59561s, 45340 KB] g=254, 150158 evaluated, 2885 expanded
[t=5.59564s, 45340 KB] New best heuristic value for ff(): 131
[t=5.5987s, 45340 KB] g=255, 150245 evaluated, 2887 expanded
[t=5.60318s, 45340 KB] New best heuristic value for ff(): 130
[t=5.60477s, 45340 KB] g=257, 150417 evaluated, 2891 expanded
[t=5.64311s, 45340 KB] New best heuristic value for ff(): 129
[t=5.64554s, 45340 KB] g=259, 151538 evaluated, 2920 expanded
[t=5.64557s, 45340 KB] New best heuristic value for ff(): 128
[t=5.64564s, 45340 KB] g=260, 151539 evaluated, 2921 expanded
[t=5.64704s, 45340 KB] New best heuristic value for ff(): 127
[t=5.64883s, 45340 KB] g=261, 151628 evaluated, 2923 expanded
[t=5.651s, 45340 KB] New best heuristic value for ff(): 126
[t=5.65493s, 45340 KB] g=263, 151804 evaluated, 2927 expanded
[t=5.73488s, 45340 KB] New best heuristic value for ff(): 125
[t=5.7385s, 45340 KB] g=265, 154138 evaluated, 2990 expanded
[t=5.73853s, 45340 KB] New best heuristic value for ff(): 124
[t=5.7386s, 45340 KB] g=266, 154139 evaluated, 2991 expanded
[t=5.73882s, 45340 KB] New best heuristic value for ff(): 123
[t=5.74179s, 45340 KB] g=267, 154230 evaluated, 2993 expanded
[t=5.74677s, 45340 KB] New best heuristic value for ff(): 122
[t=5.748s, 45340 KB] g=269, 154410 evaluated, 2997 expanded
[t=5.84242s, 45340 KB] New best heuristic value for ff(): 121
[t=5.84365s, 45340 KB] g=271, 157113 evaluated, 3073 expanded
[t=5.84368s, 45340 KB] New best heuristic value for ff(): 120
[t=5.84375s, 45340 KB] g=272, 157114 evaluated, 3074 expanded
[t=5.84633s, 45340 KB] New best heuristic value for ff(): 119
[t=5.84698s, 45340 KB] g=273, 157207 evaluated, 3076 expanded
[t=5.8503s, 45340 KB] New best heuristic value for ff(): 118
[t=5.8533s, 45340 KB] g=275, 157391 evaluated, 3080 expanded
[t=5.99015s, 45340 KB] New best heuristic value for ff(): 117
[t=5.99285s, 45340 KB] g=277, 161347 evaluated, 3191 expanded
[t=5.99288s, 45340 KB] New best heuristic value for ff(): 116
[t=5.99295s, 45340 KB] g=278, 161348 evaluated, 3192 expanded
[t=5.99407s, 45340 KB] New best heuristic value for ff(): 115
[t=5.99624s, 45340 KB] g=279, 161443 evaluated, 3194 expanded
[t=6.00224s, 45340 KB] New best heuristic value for ff(): 114
[t=6.00529s, 45340 KB] g=281, 161705 evaluated, 3198 expanded
[t=6.12974s, 45604 KB] New best heuristic value for ff(): 113
[t=6.13146s, 45604 KB] g=283, 165294 evaluated, 3305 expanded
[t=6.13149s, 45604 KB] New best heuristic value for ff(): 112
[t=6.13156s, 45604 KB] g=284, 165295 evaluated, 3306 expanded
[t=6.13366s, 45604 KB] New best heuristic value for ff(): 111
[t=6.13489s, 45604 KB] g=285, 165392 evaluated, 3308 expanded
[t=6.13762s, 45736 KB] New best heuristic value for ff(): 110
[t=6.1414s, 45736 KB] g=287, 165584 evaluated, 3312 expanded
[t=6.28942s, 46264 KB] New best heuristic value for ff(): 109
[t=6.29124s, 46264 KB] g=289, 169807 evaluated, 3534 expanded
[t=6.30135s, 46264 KB] New best heuristic value for ff(): 108
[t=6.30156s, 46264 KB] g=291, 170111 evaluated, 3538 expanded
[t=6.43717s, 46796 KB] New best heuristic value for ff(): 107
[t=6.43862s, 46796 KB] g=293, 173986 evaluated, 3756 expanded
[t=6.4451s, 46796 KB] New best heuristic value for ff(): 106
[t=6.44851s, 46796 KB] g=295, 174278 evaluated, 3760 expanded
[t=6.60495s, 49696 KB] New best heuristic value for ff(): 105
[t=6.60688s, 49696 KB] g=297, 178201 evaluated, 3962 expanded
[t=6.60691s, 49696 KB] New best heuristic value for ff(): 104
[t=6.60698s, 49696 KB] g=298, 178202 evaluated, 3963 expanded
[t=6.60887s, 49696 KB] New best heuristic value for ff(): 103
[t=6.61037s, 49696 KB] g=299, 178303 evaluated, 3965 expanded
[t=6.61682s, 49696 KB] New best heuristic value for ff(): 102
[t=6.61697s, 49696 KB] g=301, 178503 evaluated, 3969 expanded
[t=6.73671s, 49696 KB] New best heuristic value for ff(): 101
[t=6.7401s, 49696 KB] g=303, 182062 evaluated, 4130 expanded
[t=6.74013s, 49696 KB] New best heuristic value for ff(): 100
[t=6.7402s, 49696 KB] g=304, 182063 evaluated, 4131 expanded
[t=6.74063s, 49696 KB] New best heuristic value for ff(): 99
[t=6.7436s, 49696 KB] g=305, 182166 evaluated, 4133 expanded
[t=6.74859s, 49696 KB] New best heuristic value for ff(): 98
[t=6.7503s, 49696 KB] g=307, 182370 evaluated, 4137 expanded
[t=6.86846s, 49696 KB] New best heuristic value for ff(): 97
[t=6.87109s, 49696 KB] g=309, 185830 evaluated, 4332 expanded
[t=6.88039s, 49828 KB] New best heuristic value for ff(): 96
[t=6.8812s, 49828 KB] g=311, 186137 evaluated, 4336 expanded
[t=6.96031s, 50092 KB] New best heuristic value for ff(): 95
[t=6.96382s, 50092 KB] g=313, 188546 evaluated, 4426 expanded
[t=6.96385s, 50092 KB] New best heuristic value for ff(): 94
[t=6.96392s, 50092 KB] g=314, 188547 evaluated, 4427 expanded
[t=6.9642s, 50092 KB] New best heuristic value for ff(): 93
[t=6.9675s, 50092 KB] g=315, 188653 evaluated, 4429 expanded
[t=6.97216s, 50092 KB] New best heuristic value for ff(): 92
[t=6.97453s, 50092 KB] g=317, 188863 evaluated, 4433 expanded
[t=7.07191s, 50488 KB] New best heuristic value for ff(): 91
[t=7.07336s, 50488 KB] g=319, 191744 evaluated, 4583 expanded
[t=7.07339s, 50488 KB] New best heuristic value for ff(): 90
[t=7.07347s, 50488 KB] g=320, 191745 evaluated, 4584 expanded
[t=7.07583s, 50488 KB] New best heuristic value for ff(): 89
[t=7.07706s, 50488 KB] g=321, 191853 evaluated, 4586 expanded
[t=7.08378s, 50620 KB] New best heuristic value for ff(): 88
[t=7.08402s, 50620 KB] g=323, 192067 evaluated, 4590 expanded
[t=7.13171s, 50752 KB] New best heuristic value for ff(): 87
[t=7.13447s, 50752 KB] g=325, 193550 evaluated, 4653 expanded
[t=7.1345s, 50752 KB] New best heuristic value for ff(): 86
[t=7.13457s, 50752 KB] g=326, 193551 evaluated, 4654 expanded
[t=7.13564s, 50752 KB] New best heuristic value for ff(): 85
[t=7.1382s, 50752 KB] g=327, 193661 evaluated, 4656 expanded
[t=7.1436s, 50752 KB] New best heuristic value for ff(): 84
[t=7.1453s, 50752 KB] g=329, 193879 evaluated, 4660 expanded
[t=7.2395s, 51152 KB] New best heuristic value for ff(): 83
[t=7.24194s, 51152 KB] g=331, 196688 evaluated, 4829 expanded
[t=7.25144s, 51152 KB] New best heuristic value for ff(): 82
[t=7.25247s, 51152 KB] g=333, 197017 evaluated, 4833 expanded
[t=7.32731s, 51552 KB] New best heuristic value for ff(): 81
[t=7.33084s, 51552 KB] g=335, 199322 evaluated, 4999 expanded
[t=7.33925s, 51552 KB] New best heuristic value for ff(): 80
[t=7.34141s, 51552 KB] g=337, 199653 evaluated, 5003 expanded
[t=7.40716s, 51816 KB] New best heuristic value for ff(): 79
[t=7.40762s, 51816 KB] g=339, 201612 evaluated, 5130 expanded
[t=7.40766s, 51816 KB] New best heuristic value for ff(): 78
[t=7.40772s, 51816 KB] g=340, 201613 evaluated, 5131 expanded
[t=7.41109s, 51816 KB] New best heuristic value for ff(): 77
[t=7.41138s, 51816 KB] g=341, 201727 evaluated, 5133 expanded
[t=7.41903s, 51816 KB] New best heuristic value for ff(): 76
[t=7.42175s, 51816 KB] g=343, 202050 evaluated, 5137 expanded
[t=7.48684s, 52080 KB] New best heuristic value for ff(): 75
[t=7.48898s, 52080 KB] g=345, 204041 evaluated, 5291 expanded
[t=7.4988s, 52212 KB] New best heuristic value for ff(): 74
[t=7.49972s, 52212 KB] g=347, 204381 evaluated, 5295 expanded
[t=7.55867s, 52480 KB] New best heuristic value for ff(): 73
[t=7.56022s, 52480 KB] g=349, 206170 evaluated, 5417 expanded
[t=7.56025s, 52480 KB] New best heuristic value for ff(): 72
[t=7.56032s, 52480 KB] g=350, 206171 evaluated, 5418 expanded
[t=7.56296s, 52480 KB] New best heuristic value for ff(): 71
[t=7.56407s, 52480 KB] g=351, 206288 evaluated, 5420 expanded
[t=7.57048s, 52480 KB] New best heuristic value for ff(): 70
[t=7.57138s, 52480 KB] g=353, 206520 evaluated, 5424 expanded
[t=7.63442s, 52744 KB] New best heuristic value for ff(): 69
[t=7.6368s, 52744 KB] g=355, 208469 evaluated, 5566 expanded
[t=7.65034s, 52876 KB] New best heuristic value for ff(): 68
[t=7.65277s, 52876 KB] g=357, 208956 evaluated, 5570 expanded
[t=7.70625s, 53012 KB] New best heuristic value for ff(): 67
[t=7.70931s, 53012 KB] g=359, 210660 evaluated, 5700 expanded
[t=7.70934s, 53012 KB] New best heuristic value for ff(): 66
[t=7.70941s, 53012 KB] g=360, 210661 evaluated, 5701 expanded
[t=7.71281s, 53012 KB] New best heuristic value for ff(): 65
[t=7.71325s, 53012 KB] g=361, 210781 evaluated, 5703 expanded
[t=7.71809s, 53144 KB] New best heuristic value for ff(): 64
[t=7.72071s, 53144 KB] g=363, 211019 evaluated, 5707 expanded
[t=7.78596s, 53408 KB] New best heuristic value for ff(): 63
[t=7.78985s, 53408 KB] g=365, 213027 evaluated, 5837 expanded
[t=7.80189s, 53408 KB] New best heuristic value for ff(): 62
[t=7.80442s, 53408 KB] g=367, 213499 evaluated, 5841 expanded
[t=7.85381s, 53672 KB] New best heuristic value for ff(): 61
[t=7.85775s, 53672 KB] g=369, 215093 evaluated, 5966 expanded
[t=7.8657s, 53672 KB] New best heuristic value for ff(): 60
[t=7.86887s, 53672 KB] g=371, 215454 evaluated, 5970 expanded
[t=7.90563s, 53804 KB] New best heuristic value for ff(): 59
[t=7.90692s, 53804 KB] g=373, 216597 evaluated, 6091 expanded
[t=7.91755s, 53804 KB] New best heuristic value for ff(): 58
[t=7.91807s, 53804 KB] g=375, 216961 evaluated, 6095 expanded
[t=7.97745s, 54068 KB] New best heuristic value for ff(): 57
[t=7.98128s, 54068 KB] g=377, 218835 evaluated, 6213 expanded
[t=7.98937s, 54200 KB] New best heuristic value for ff(): 56
[t=7.99249s, 54200 KB] g=379, 219202 evaluated, 6217 expanded
[t=8.04116s, 54332 KB] New best heuristic value for ff(): 55
[t=8.04468s, 54332 KB] g=381, 220772 evaluated, 6330 expanded
[t=8.0531s, 54332 KB] New best heuristic value for ff(): 54
[t=8.05592s, 54332 KB] g=383, 221142 evaluated, 6334 expanded
[t=8.10901s, 58712 KB] New best heuristic value for ff(): 53
[t=8.10966s, 58712 KB] g=385, 222354 evaluated, 6440 expanded
[t=8.1209s, 58712 KB] New best heuristic value for ff(): 52
[t=8.12103s, 58712 KB] g=387, 222727 evaluated, 6444 expanded
[t=8.14884s, 58712 KB] New best heuristic value for ff(): 51
[t=8.15035s, 58712 KB] g=389, 223614 evaluated, 6548 expanded
[t=8.16078s, 58712 KB] New best heuristic value for ff(): 50
[t=8.16174s, 58712 KB] g=391, 223990 evaluated, 6552 expanded
[t=8.19667s, 58712 KB] New best heuristic value for ff(): 49
[t=8.1988s, 58712 KB] g=393, 225124 evaluated, 6654 expanded
[t=8.20863s, 58712 KB] New best heuristic value for ff(): 48
[t=8.21011s, 58712 KB] g=395, 225503 evaluated, 6658 expanded
[t=8.24453s, 58712 KB] New best heuristic value for ff(): 47
[t=8.24772s, 58712 KB] g=397, 226619 evaluated, 6755 expanded
[t=8.25649s, 58712 KB] New best heuristic value for ff(): 46
[t=8.25912s, 58712 KB] g=399, 227001 evaluated, 6759 expanded
[t=8.28837s, 58712 KB] New best heuristic value for ff(): 45
[t=8.2911s, 58712 KB] g=401, 227969 evaluated, 6853 expanded
[t=8.30033s, 58712 KB] New best heuristic value for ff(): 44
[t=8.3025s, 58712 KB] g=403, 228354 evaluated, 6857 expanded
[t=8.33622s, 58712 KB] New best heuristic value for ff(): 43
[t=8.3371s, 58712 KB] g=405, 229406 evaluated, 6946 expanded
[t=8.34818s, 58712 KB] New best heuristic value for ff(): 42
[t=8.34858s, 58712 KB] g=407, 229794 evaluated, 6950 expanded
[t=8.37208s, 58712 KB] New best heuristic value for ff(): 41
[t=8.37267s, 58712 KB] g=409, 230518 evaluated, 7035 expanded
[t=8.38402s, 58712 KB] New best heuristic value for ff(): 40
[t=8.38413s, 58712 KB] g=411, 230909 evaluated, 7039 expanded
[t=8.41594s, 58712 KB] New best heuristic value for ff(): 39
[t=8.4177s, 58712 KB] g=413, 231914 evaluated, 7120 expanded
[t=8.42788s, 58712 KB] New best heuristic value for ff(): 38
[t=8.42923s, 58712 KB] g=415, 232308 evaluated, 7124 expanded
[t=8.43985s, 58712 KB] New best heuristic value for ff(): 37
[t=8.44389s, 58712 KB] g=417, 232764 evaluated, 7201 expanded
[t=8.45178s, 58712 KB] New best heuristic value for ff(): 36
[t=8.45542s, 58712 KB] g=419, 233161 evaluated, 7205 expanded
[t=8.4837s, 58712 KB] New best heuristic value for ff(): 35
[t=8.48667s, 58712 KB] g=421, 234144 evaluated, 7279 expanded
[t=8.49965s, 58712 KB] New best heuristic value for ff(): 34
[t=8.50141s, 58712 KB] g=423, 234629 evaluated, 7283 expanded
[t=8.52355s, 58712 KB] New best heuristic value for ff(): 33
[t=8.52414s, 58712 KB] g=425, 235321 evaluated, 7353 expanded
[t=8.5355s, 58712 KB] New best heuristic value for ff(): 32
[t=8.53573s, 58712 KB] g=427, 235724 evaluated, 7357 expanded
[t=8.55543s, 58712 KB] New best heuristic value for ff(): 31
[t=8.558s, 58712 KB] g=429, 236396 evaluated, 7423 expanded
[t=8.56735s, 58712 KB] New best heuristic value for ff(): 30
[t=8.56963s, 58712 KB] g=431, 236802 evaluated, 7427 expanded
[t=8.5833s, 58712 KB] New best heuristic value for ff(): 29
[t=8.58454s, 58712 KB] g=433, 237247 evaluated, 7489 expanded
[t=8.59527s, 58712 KB] New best heuristic value for ff(): 28
[t=8.59619s, 58712 KB] g=435, 237656 evaluated, 7493 expanded
[t=8.60722s, 58712 KB] New best heuristic value for ff(): 27
[t=8.61115s, 58712 KB] g=437, 238123 evaluated, 7550 expanded
[t=8.61914s, 58712 KB] New best heuristic value for ff(): 26
[t=8.62287s, 58712 KB] g=439, 238535 evaluated, 7554 expanded
[t=8.63108s, 58844 KB] New best heuristic value for ff(): 25
[t=8.63278s, 58844 KB] g=441, 238833 evaluated, 7607 expanded
[t=8.64304s, 58844 KB] New best heuristic value for ff(): 24
[t=8.64457s, 58844 KB] g=443, 239247 evaluated, 7610 expanded
[t=8.65498s, 58844 KB] New best heuristic value for ff(): 23
[t=8.65845s, 58844 KB] g=445, 239696 evaluated, 7659 expanded
[t=8.66691s, 58976 KB] New best heuristic value for ff(): 22
[t=8.67032s, 58976 KB] g=447, 240114 evaluated, 7663 expanded
[t=8.67886s, 58976 KB] New best heuristic value for ff(): 21
[t=8.67958s, 58976 KB] g=449, 240402 evaluated, 7709 expanded
[t=8.6908s, 59112 KB] New best heuristic value for ff(): 20
[t=8.69151s, 59112 KB] g=451, 240823 evaluated, 7713 expanded
[t=8.70675s, 59112 KB] New best heuristic value for ff(): 19
[t=8.70845s, 59112 KB] g=453, 241200 evaluated, 7754 expanded
[t=8.71862s, 59112 KB] New best heuristic value for ff(): 18
[t=8.72251s, 59112 KB] g=455, 241624 evaluated, 7758 expanded
[t=8.73053s, 59244 KB] New best heuristic value for ff(): 17
[t=8.73214s, 59244 KB] g=457, 241895 evaluated, 7796 expanded
[t=8.74248s, 59244 KB] New best heuristic value for ff(): 16
[t=8.74427s, 59244 KB] g=459, 242323 evaluated, 7800 expanded
[t=8.75042s, 59244 KB] New best heuristic value for ff(): 15
[t=8.75221s, 59244 KB] g=461, 242564 evaluated, 7833 expanded
[t=8.76235s, 59376 KB] New best heuristic value for ff(): 14
[t=8.76439s, 59376 KB] g=463, 242994 evaluated, 7837 expanded
[t=8.77428s, 59376 KB] New best heuristic value for ff(): 13
[t=8.77485s, 59376 KB] g=465, 243287 evaluated, 7867 expanded
[t=8.79023s, 59508 KB] New best heuristic value for ff(): 12
[t=8.79073s, 59508 KB] g=467, 243818 evaluated, 7871 expanded
[t=8.79816s, 59508 KB] New best heuristic value for ff(): 11
[t=8.80166s, 59508 KB] g=469, 244142 evaluated, 7897 expanded
[t=8.81408s, 59508 KB] New best heuristic value for ff(): 10
[t=8.81646s, 59508 KB] g=471, 244653 evaluated, 7901 expanded
[t=8.82203s, 59640 KB] New best heuristic value for ff(): 9
[t=8.82336s, 59640 KB] g=473, 244842 evaluated, 7922 expanded
[t=8.83398s, 59640 KB] New best heuristic value for ff(): 8
[t=8.83563s, 59640 KB] g=475, 245281 evaluated, 7926 expanded
[t=8.84592s, 59640 KB] New best heuristic value for ff(): 7
[t=8.84843s, 59640 KB] g=477, 245646 evaluated, 7944 expanded
[t=8.86028s, 59772 KB] New best heuristic value for ff(): 6
[t=8.86075s, 59772 KB] g=479, 246088 evaluated, 7948 expanded
[t=8.86177s, 59772 KB] New best heuristic value for ff(): 5
[t=8.86484s, 59772 KB] g=481, 246207 evaluated, 7961 expanded
[t=8.87372s, 59772 KB] New best heuristic value for ff(): 4
[t=8.87717s, 59772 KB] g=483, 246652 evaluated, 7965 expanded
[t=8.88167s, 59772 KB] New best heuristic value for ff(): 3
[t=8.88175s, 59772 KB] g=484, 246774 evaluated, 7967 expanded
[t=8.88178s, 59772 KB] New best heuristic value for ff(): 2
[t=8.88187s, 59772 KB] g=485, 246776 evaluated, 7969 expanded
[t=8.8819s, 59772 KB] New best heuristic value for ff(): 1
[t=8.88202s, 59772 KB] g=486, 246778 evaluated, 7971 expanded
[t=8.88204s, 59904 KB] New best heuristic value for ff(): 0
[t=8.8852s, 59904 KB] g=487, 246930 evaluated, 7973 expanded
[t=8.88523s, 59904 KB] Solution found!
[t=8.8853s, 59904 KB] Actual search time: 8.87563s
pick ball78 rooma right (1)
pick ball69 rooma left (1)
move rooma roomb (1)
drop ball69 roomb left (1)
drop ball78 roomb right (1)
move roomb rooma (1)
pick ball100 rooma left (1)
pick ball124 rooma right (1)
move rooma roomb (1)
drop ball100 roomb left (1)
drop ball124 roomb right (1)
move roomb rooma (1)
pick ball106 rooma left (1)
pick ball1 rooma right (1)
move rooma roomb (1)
drop ball106 roomb left (1)
drop ball1 roomb right (1)
move roomb rooma (1)
pick ball67 rooma left (1)
pick ball66 rooma right (1)
move rooma roomb (1)
drop ball67 roomb left (1)
drop ball66 roomb right (1)
move roomb rooma (1)
pick ball102 rooma left (1)
pick ball68 rooma right (1)
move rooma roomb (1)
drop ball102 roomb left (1)
drop ball68 roomb right (1)
move roomb rooma (1)
pick ball108 rooma left (1)
pick ball73 rooma right (1)
move rooma roomb (1)
drop ball108 roomb left (1)
drop ball73 roomb right (1)
move roomb rooma (1)
pick ball104 rooma left (1)
pick ball28 rooma right (1)
move rooma roomb (1)
drop ball104 roomb left (1)
drop ball28 roomb right (1)
move roomb rooma (1)
pick ball101 rooma left (1)
pick ball87 rooma right (1)
move rooma roomb (1)
drop ball101 roomb left (1)
drop ball87 roomb right (1)
move roomb rooma (1)
pick ball107 rooma left (1)
pick ball52 rooma right (1)
move rooma roomb (1)
drop ball107 roomb left (1)
drop ball52 roomb right (1)
move roomb rooma (1)
pick ball113 rooma left (1)
pick ball86 rooma right (1)
move rooma roomb (1)
drop ball113 roomb left (1)
drop ball86 roomb right (1)
move roomb rooma (1)
pick ball105 rooma left (1)
pick ball93 rooma right (1)
move rooma roomb (1)
drop ball105 roomb left (1)
drop ball93 roomb right (1)
move roomb rooma (1)
pick ball128 rooma left (1)
pick ball26 rooma right (1)
move rooma roomb (1)
drop ball128 roomb left (1)
drop ball26 roomb right (1)
move roomb rooma (1)
pick ball111 rooma left (1)
pick ball143 rooma right (1)
move rooma roomb (1)
drop ball111 roomb left (1)
drop ball143 roomb right (1)
move roomb rooma (1)
pick ball109 rooma left (1)
pick ball134 rooma right (1)
move rooma roomb (1)
drop ball109 roomb left (1)
drop ball134 roomb right (1)
move roomb rooma (1)
pick ball115 rooma left (1)
pick ball116 rooma right (1)
move rooma roomb (1)
drop ball115 roomb left (1)
drop ball116 roomb right (1)
move roomb rooma (1)
pick ball125 rooma left (1)
pick ball55 rooma right (1)
move rooma roomb (1)
drop ball125 roomb left (1)
drop ball55 roomb right (1)
move roomb rooma (1)
pick ball135 rooma left (1)
pick ball122 rooma right (1)
move rooma roomb (1)
drop ball135 roomb left (1)
drop ball122 roomb right (1)
move roomb rooma (1)
pick ball118 rooma left (1)
pick ball63 rooma right (1)
move rooma roomb (1)
drop ball118 roomb left (1)
drop ball63 roomb right (1)
move roomb rooma (1)
pick ball114 rooma left (1)
pick ball150 rooma right (1)
move rooma roomb (1)
drop ball114 roomb left (1)
drop ball150 roomb right (1)
move roomb rooma (1)
pick ball132 rooma left (1)
move rooma roomb (1)
drop ball132 roomb left (1)
move roomb rooma (1)
pick ball139 rooma left (1)
pick ball62 rooma right (1)
move rooma roomb (1)
drop ball139 roomb left (1)
drop ball62 roomb right (1)
move roomb rooma (1)
pick ball112 rooma left (1)
pick ball75 rooma right (1)
move rooma roomb (1)
drop ball112 roomb left (1)
drop ball75 roomb right (1)
move roomb rooma (1)
pick ball133 rooma left (1)
pick ball137 rooma right (1)
move rooma roomb (1)
drop ball133 roomb left (1)
drop ball137 roomb right (1)
move roomb rooma (1)
pick ball117 rooma left (1)
pick ball82 rooma right (1)
move rooma roomb (1)
drop ball117 roomb left (1)
drop ball82 roomb right (1)
move roomb rooma (1)
pick ball140 rooma left (1)
pick ball5 rooma right (1)
move rooma roomb (1)
drop ball140 roomb left (1)
drop ball5 roomb right (1)
move roomb rooma (1)
pick ball131 rooma left (1)
pick ball11 rooma right (1)
move rooma roomb (1)
drop ball131 roomb left (1)
drop ball11 roomb right (1)
move roomb rooma (1)
pick ball103 rooma left (1)
pick ball25 rooma right (1)
move rooma roomb (1)
drop ball103 roomb left (1)
drop ball25 roomb right (1)
move roomb rooma (1)
pick ball126 rooma left (1)
pick ball77 rooma right (1)
move rooma roomb (1)
drop ball126 roomb left (1)
drop ball77 roomb right (1)
move roomb rooma (1)
pick ball144 rooma left (1)
pick ball33 rooma right (1)
move rooma roomb (1)
drop ball144 roomb left (1)
drop ball33 roomb right (1)
move roomb rooma (1)
pick ball17 rooma left (1)
pick ball76 rooma right (1)
move rooma roomb (1)
drop ball17 roomb left (1)
drop ball76 roomb right (1)
move roomb rooma (1)
pick ball123 rooma left (1)
pick ball43 rooma right (1)
move rooma roomb (1)
drop ball123 roomb left (1)
drop ball43 roomb right (1)
move roomb rooma (1)
pick ball119 rooma left (1)
pick ball70 rooma right (1)
move rooma roomb (1)
drop ball119 roomb left (1)
drop ball70 roomb right (1)
move roomb rooma (1)
pick ball38 rooma left (1)
pick ball64 rooma right (1)
move rooma roomb (1)
drop ball38 roomb left (1)
drop ball64 roomb right (1)
move roomb rooma (1)
pick ball54 rooma left (1)
pick ball20 rooma right (1)
move rooma roomb (1)
drop ball54 roomb left (1)
drop ball20 roomb right (1)
move roomb rooma (1)
pick ball23 rooma left (1)
pick ball61 rooma right (1)
move rooma roomb (1)
drop ball23 roomb left (1)
drop ball61 roomb right (1)
move roomb rooma (1)
pick ball16 rooma left (1)
pick ball24 rooma right (1)
move rooma roomb (1)
drop ball16 roomb left (1)
drop ball24 roomb right (1)
move roomb rooma (1)
pick ball142 rooma left (1)
pick ball81 rooma right (1)
move rooma roomb (1)
drop ball142 roomb left (1)
drop ball81 roomb right (1)
move roomb rooma (1)
pick ball148 rooma left (1)
pick ball18 rooma right (1)
move rooma roomb (1)
drop ball148 roomb left (1)
drop ball18 roomb right (1)
move roomb rooma (1)
pick ball50 rooma left (1)
pick ball9 rooma right (1)
move rooma roomb (1)
drop ball50 roomb left (1)
drop ball9 roomb right (1)
move roomb rooma (1)
pick ball29 rooma left (1)
pick ball147 rooma right (1)
move rooma roomb (1)
drop ball29 roomb left (1)
drop ball147 roomb right (1)
move roomb rooma (1)
pick ball41 rooma left (1)
pick ball42 rooma right (1)
move rooma roomb (1)
drop ball41 roomb left (1)
drop ball42 roomb right (1)
move roomb rooma (1)
pick ball91 rooma left (1)
pick ball98 rooma right (1)
move rooma roomb (1)
drop ball91 roomb left (1)
drop ball98 roomb right (1)
move roomb rooma (1)
pick ball146 rooma left (1)
pick ball3 rooma right (1)
move rooma roomb (1)
drop ball146 roomb left (1)
drop ball3 roomb right (1)
move roomb rooma (1)
pick ball120 rooma left (1)
pick ball127 rooma right (1)
move rooma roomb (1)
drop ball120 roomb left (1)
drop ball127 roomb right (1)
move roomb rooma (1)
pick ball36 rooma left (1)
pick ball74 rooma right (1)
move rooma roomb (1)
drop ball36 roomb left (1)
drop ball74 roomb right (1)
move roomb rooma (1)
pick ball32 rooma left (1)
pick ball136 rooma right (1)
move rooma roomb (1)
drop ball32 roomb left (1)
drop ball136 roomb right (1)
move roomb rooma (1)
pick ball83 rooma left (1)
pick ball60 rooma right (1)
move rooma roomb (1)
drop ball83 roomb left (1)
drop ball60 roomb right (1)
move roomb rooma (1)
pick ball34 rooma left (1)
pick ball58 rooma right (1)
move rooma roomb (1)
drop ball34 roomb left (1)
drop ball58 roomb right (1)
move roomb rooma (1)
pick ball10 rooma left (1)
move rooma roomb (1)
drop ball10 roomb left (1)
move roomb rooma (1)
pick ball110 rooma left (1)
move rooma roomb (1)
drop ball110 roomb left (1)
move roomb rooma (1)
pick ball6 rooma left (1)
pick ball65 rooma right (1)
move rooma roomb (1)
drop ball6 roomb left (1)
drop ball65 roomb right (1)
move roomb rooma (1)
pick ball49 rooma left (1)
pick ball21 rooma right (1)
move rooma roomb (1)
drop ball49 roomb left (1)
drop ball21 roomb right (1)
move roomb rooma (1)
pick ball12 rooma left (1)
move rooma roomb (1)
drop ball12 roomb left (1)
move roomb rooma (1)
pick ball79 rooma left (1)
pick ball94 rooma right (1)
move rooma roomb (1)
drop ball79 roomb left (1)
drop ball94 roomb right (1)
move roomb rooma (1)
pick ball121 rooma left (1)
pick ball59 rooma right (1)
move rooma roomb (1)
drop ball121 roomb left (1)
drop ball59 roomb right (1)
move roomb rooma (1)
pick ball39 rooma left (1)
pick ball47 rooma right (1)
move rooma roomb (1)
drop ball39 roomb left (1)
drop ball47 roomb right (1)
move roomb rooma (1)
pick ball129 rooma left (1)
move rooma roomb (1)
drop ball129 roomb left (1)
move roomb rooma (1)
pick ball13 rooma left (1)
move rooma roomb (1)
drop ball13 roomb left (1)
move roomb rooma (1)
pick ball90 rooma left (1)
pick ball130 rooma right (1)
move rooma roomb (1)
drop ball90 roomb left (1)
drop ball130 roomb right (1)
move roomb rooma (1)
pick ball138 rooma left (1)
move rooma roomb (1)
drop ball138 roomb left (1)
move roomb rooma (1)
pick ball27 rooma left (1)
pick ball40 rooma right (1)
move rooma roomb (1)
drop ball27 roomb left (1)
drop ball40 roomb right (1)
move roomb rooma (1)
pick ball14 rooma left (1)
move rooma roomb (1)
drop ball14 roomb left (1)
move roomb rooma (1)
pick ball141 rooma left (1)
pick ball35 rooma right (1)
move rooma roomb (1)
drop ball141 roomb left (1)
drop ball35 roomb right (1)
move roomb rooma (1)
pick ball145 rooma left (1)
move rooma roomb (1)
drop ball145 roomb left (1)
move roomb rooma (1)
pick ball149 rooma left (1)
move rooma roomb (1)
drop ball149 roomb left (1)
move roomb rooma (1)
pick ball15 rooma left (1)
move rooma roomb (1)
drop ball15 roomb left (1)
move roomb rooma (1)
pick ball19 rooma left (1)
move rooma roomb (1)
drop ball19 roomb left (1)
move roomb rooma (1)
pick ball2 rooma left (1)
move rooma roomb (1)
drop ball2 roomb left (1)
move roomb rooma (1)
pick ball22 rooma left (1)
move rooma roomb (1)
drop ball22 roomb left (1)
move roomb rooma (1)
pick ball30 rooma left (1)
move rooma roomb (1)
drop ball30 roomb left (1)
move roomb rooma (1)
pick ball31 rooma left (1)
move rooma roomb (1)
drop ball31 roomb left (1)
move roomb rooma (1)
pick ball37 rooma left (1)
move rooma roomb (1)
drop ball37 roomb left (1)
move roomb rooma (1)
pick ball4 rooma left (1)
move rooma roomb (1)
drop ball4 roomb left (1)
move roomb rooma (1)
pick ball44 rooma left (1)
move rooma roomb (1)
drop ball44 roomb left (1)
move roomb rooma (1)
pick ball45 rooma left (1)
move rooma roomb (1)
drop ball45 roomb left (1)
move roomb rooma (1)
pick ball46 rooma left (1)
move rooma roomb (1)
drop ball46 roomb left (1)
move roomb rooma (1)
pick ball48 rooma left (1)
move rooma roomb (1)
drop ball48 roomb left (1)
move roomb rooma (1)
pick ball51 rooma left (1)
move rooma roomb (1)
drop ball51 roomb left (1)
move roomb rooma (1)
pick ball53 rooma left (1)
move rooma roomb (1)
drop ball53 roomb left (1)
move roomb rooma (1)
pick ball56 rooma left (1)
move rooma roomb (1)
drop ball56 roomb left (1)
move roomb rooma (1)
pick ball57 rooma left (1)
move rooma roomb (1)
drop ball57 roomb left (1)
move roomb rooma (1)
pick ball7 rooma left (1)
move rooma roomb (1)
drop ball7 roomb left (1)
move roomb rooma (1)
pick ball71 rooma left (1)
move rooma roomb (1)
drop ball71 roomb left (1)
move roomb rooma (1)
pick ball72 rooma left (1)
move rooma roomb (1)
drop ball72 roomb left (1)
move roomb rooma (1)
pick ball8 rooma left (1)
move rooma roomb (1)
drop ball8 roomb left (1)
move roomb rooma (1)
pick ball80 rooma left (1)
move rooma roomb (1)
drop ball80 roomb left (1)
move roomb rooma (1)
pick ball84 rooma left (1)
move rooma roomb (1)
drop ball84 roomb left (1)
move roomb rooma (1)
pick ball85 rooma left (1)
move rooma roomb (1)
drop ball85 roomb left (1)
move roomb rooma (1)
pick ball88 rooma left (1)
move rooma roomb (1)
drop ball88 roomb left (1)
move roomb rooma (1)
pick ball89 rooma left (1)
move rooma roomb (1)
drop ball89 roomb left (1)
move roomb rooma (1)
pick ball92 rooma left (1)
move rooma roomb (1)
drop ball92 roomb left (1)
move roomb rooma (1)
pick ball95 rooma left (1)
move rooma roomb (1)
drop ball95 roomb left (1)
move roomb rooma (1)
pick ball96 rooma left (1)
move rooma roomb (1)
drop ball96 roomb left (1)
move roomb rooma (1)
pick ball97 rooma left (1)
pick ball99 rooma right (1)
move rooma roomb (1)
drop ball97 roomb left (1)
drop ball99 roomb right (1)
[t=8.8854s, 59904 KB] Plan length: 487 step(s).
[t=8.8854s, 59904 KB] Plan cost: 487
[t=8.8854s, 59904 KB] Timestamp: 1685768635529 millisecond(s).
[t=8.8854s, 59904 KB] Expanded 7975 state(s).
[t=8.8854s, 59904 KB] Reopened 0 state(s).
[t=8.8854s, 59904 KB] Evaluated 246931 state(s).
[t=8.8854s, 59904 KB] Evaluations: 246931
[t=8.8854s, 59904 KB] Generated 296759 state(s).
[t=8.8854s, 59904 KB] Dead ends: 0 state(s).
[t=8.8854s, 59904 KB] Number of registered states: 246931
[t=8.8854s, 59904 KB] Int hash set load factor: 246931/524288 = 0.470984
[t=8.8854s, 59904 KB] Int hash set resizes: 19
[t=8.8854s, 59904 KB] Search time: 8.876s
[t=8.8854s, 59904 KB] Total time: 8.8854s
Solution found.
Peak memory: 59904 KB
Remove intermediate file output.sas
search exit code: 0

INFO     Running validate.
INFO     validate stdin: None
INFO     validate time limit: None
INFO     validate memory limit: None
INFO     validate command line string: validate domain.pddl problem.pddl sas_plan
Checking plan: sas_plan
Plan executed successfully - checking goal
Plan valid
Final value: 487 

Successful plans:
Value: 487
 sas_plan 487 

validate exit code: 0

INFO     Planner time: 9.22s
