INFO     planner time limit: 900s
INFO     planner memory limit: 3584 MB

INFO     Running translator.
INFO     translator stdin: None
INFO     translator time limit: 899s
INFO     translator memory limit: 3584 MB
INFO     translator command line string: /usr/local/downward-projects/downward/experiments/.venv/bin/python3 /usr/local/downward-projects/downward/experiments/src/thesis/data/thesis-thesis_exp/code-f7a4f68fd467cf7cff4d3dfcfdfcfa2023e44324_e5e41175/builds/release/bin/translate/translate.py domain.pddl problem.pddl --sas-file output.sas
Parsing...
Parsing: [0.010s CPU, 0.003s wall-clock]
Normalizing task... [0.000s CPU, 0.000s wall-clock]
Instantiating...
Generating Datalog program... [0.000s CPU, 0.001s wall-clock]
Normalizing Datalog program...
Normalizing Datalog program: [0.000s CPU, 0.001s wall-clock]
Preparing model... [0.000s CPU, 0.002s wall-clock]
Generated 21 rules.
Computing model... [0.760s CPU, 0.758s wall-clock]
69462 relevant atoms
46357 auxiliary atoms
115819 final queue length
207336 total queue pushes
Completing instantiation... [2.290s CPU, 2.330s wall-clock]
Instantiating: [3.080s CPU, 3.126s wall-clock]
Computing fact groups...
Finding invariants...
10 initial candidates
Finding invariants: [0.010s CPU, 0.002s wall-clock]
Checking invariant weight... [0.000s CPU, 0.002s wall-clock]
Instantiating groups... [0.070s CPU, 0.073s wall-clock]
Collecting mutex groups... [0.030s CPU, 0.024s wall-clock]
Choosing groups...
152 uncovered facts
Choosing groups: [0.110s CPU, 0.108s wall-clock]
Building translation key... [0.020s CPU, 0.017s wall-clock]
Computing fact groups: [0.350s CPU, 0.343s wall-clock]
Building STRIPS to SAS dictionary... [0.010s CPU, 0.013s wall-clock]
Building dictionary for full mutex groups... [0.040s CPU, 0.043s wall-clock]
Building mutex information...
Building mutex information: [0.040s CPU, 0.037s wall-clock]
Translating task...
Processing axioms...
Simplifying axioms... [0.000s CPU, 0.000s wall-clock]
Translator axioms removed by simplifying: 0
Computing negative axioms... [0.000s CPU, 0.000s wall-clock]
Processing axioms: [0.060s CPU, 0.065s wall-clock]
Translating task: [2.410s CPU, 2.435s wall-clock]
68252 effect conditions simplified
0 implied preconditions added
Detecting unreachable propositions...
0 operators removed
0 axioms removed
302 propositions removed
Detecting unreachable propositions: [1.470s CPU, 1.489s wall-clock]
Reordering and filtering variables...
303 of 303 variables necessary.
152 of 303 mutex groups necessary.
45602 of 45602 operators necessary.
0 of 0 axiom rules necessary.
Reordering and filtering variables: [0.460s CPU, 0.466s wall-clock]
Translator variables: 303
Translator derived variables: 0
Translator facts: 23256
Translator goal facts: 137
Translator mutex groups: 152
Translator total mutex groups size: 23104
Translator operators: 45602
Translator axioms: 0
Translator task size: 388362
Translator peak memory: 272136 KB
Writing output... [0.290s CPU, 0.300s wall-clock]
Done! [8.270s CPU, 8.361s wall-clock]
translate exit code: 0

INFO     Running search (release).
INFO     search stdin: output.sas
INFO     search time limit: 891s
INFO     search memory limit: 3584 MB
INFO     search command line string: /usr/local/downward-projects/downward/experiments/src/thesis/data/thesis-thesis_exp/code-f7a4f68fd467cf7cff4d3dfcfdfcfa2023e44324_e5e41175/builds/release/bin/downward --evaluator 'h=ff()' --search 'eager(alt([type_based([h, g()], random_seed=-1), single(h)]))' --internal-plan-file sas_plan < output.sas
[t=0.00105122s, 11000 KB] reading input...
[t=0.452193s, 190464 KB] done reading input!
[t=0.476317s, 200776 KB] Simplifying 182106 unary operators... done! [136806 unary operators]
[t=0.791121s, 217460 KB] time to simplify: 0.314804s
[t=0.796385s, 217460 KB] Initializing additive heuristic...
[t=0.796385s, 217460 KB] Initializing FF heuristic...
[t=0.796385s, 217460 KB] Building successor generator...done!
[t=0.812144s, 217460 KB] peak memory difference for successor generator creation: 0 KB
[t=0.812144s, 217460 KB] time for successor generation creation: 0.015759s
[t=0.813197s, 217460 KB] Variables: 303
[t=0.813197s, 217460 KB] FactPairs: 23256
[t=0.813197s, 217460 KB] Bytes per state: 172
[t=0.813197s, 217460 KB] Conducting best first search without reopening closed nodes, (real) bound = 2147483647
[t=0.817411s, 217460 KB] New best heuristic value for ff(): 285
[t=0.818493s, 217460 KB] g=0, 1 evaluated, 0 expanded
[t=0.818493s, 217460 KB] Initial heuristic value for ff(): 285
[t=0.818493s, 217460 KB] pruning method: none
[t=0.818493s, 217460 KB] Start Timestep: 1684303946323 millisecond(s).
[t=0.875276s, 217460 KB] New best heuristic value for ff(): 284
[t=0.875276s, 217460 KB] g=2, 24 evaluated, 3 expanded
[t=0.984567s, 217460 KB] New best heuristic value for ff(): 283
[t=0.984567s, 217460 KB] g=4, 68 evaluated, 7 expanded
[t=22.5266s, 217460 KB] New best heuristic value for ff(): 282
[t=22.5266s, 217460 KB] g=12, 8697 evaluated, 731 expanded
[t=22.5982s, 217460 KB] New best heuristic value for ff(): 281
[t=22.5982s, 217460 KB] g=14, 8726 evaluated, 734 expanded
[t=36.0557s, 217460 KB] New best heuristic value for ff(): 280
[t=36.0557s, 217460 KB] g=18, 14123 evaluated, 1180 expanded
[t=788.83s, 276424 KB] New best heuristic value for ff(): 279
[t=788.83s, 276424 KB] g=30, 342597 evaluated, 28941 expanded
Peak memory: 285120 KB
caught signal 24 -- exiting
Time limit has been reached.
Remove intermediate file output.sas
search exit code: 23

Driver aborting after search
INFO     Planner time: 894.94s
