INFO     planner time limit: 600s
INFO     planner memory limit: 3584 MB

INFO     Running translator.
INFO     translator stdin: None
INFO     translator time limit: 599s
INFO     translator memory limit: 3584 MB
INFO     translator command line string: /usr/local/downward-projects/downward/experiments/src/thesis/.venv/bin/python3 /usr/local/downward-projects/downward/experiments/src/thesis/data/thesis-thesis_exp/code-84c08dfff1890fbf6247184940c8166177195ea1_e5e41175/builds/release/bin/translate/translate.py domain.pddl problem.pddl --sas-file output.sas
Parsing...
Parsing: [0.010s CPU, 0.006s wall-clock]
Normalizing task... [0.000s CPU, 0.000s wall-clock]
Instantiating...
Generating Datalog program... [0.000s CPU, 0.001s wall-clock]
Normalizing Datalog program...
Normalizing Datalog program: [0.010s CPU, 0.006s wall-clock]
Preparing model... [0.000s CPU, 0.004s wall-clock]
Generated 198 rules.
Computing model... [0.170s CPU, 0.167s wall-clock]
9423 relevant atoms
14768 auxiliary atoms
24191 final queue length
53687 total queue pushes
Completing instantiation... [0.420s CPU, 0.424s wall-clock]
Instantiating: [0.610s CPU, 0.611s wall-clock]
Computing fact groups...
Finding invariants...
24 initial candidates
Finding invariants: [0.010s CPU, 0.015s wall-clock]
Checking invariant weight... [0.000s CPU, 0.001s wall-clock]
Instantiating groups... [0.010s CPU, 0.011s wall-clock]
Collecting mutex groups... [0.000s CPU, 0.000s wall-clock]
Choosing groups...
401 uncovered facts
Choosing groups: [0.010s CPU, 0.002s wall-clock]
Building translation key... [0.000s CPU, 0.001s wall-clock]
Computing fact groups: [0.030s CPU, 0.033s wall-clock]
Building STRIPS to SAS dictionary... [0.000s CPU, 0.001s wall-clock]
Building dictionary for full mutex groups... [0.000s CPU, 0.001s wall-clock]
Building mutex information...
Building mutex information: [0.000s CPU, 0.000s wall-clock]
Translating task...
Processing axioms...
Simplifying axioms... [0.000s CPU, 0.000s wall-clock]
Translator axioms removed by simplifying: 0
Computing negative axioms... [0.000s CPU, 0.000s wall-clock]
Processing axioms: [0.020s CPU, 0.015s wall-clock]
Translating task: [0.370s CPU, 0.371s wall-clock]
5086 effect conditions simplified
0 implied preconditions added
Detecting unreachable propositions...
0 operators removed
0 axioms removed
167 propositions removed
Detecting unreachable propositions: [0.260s CPU, 0.257s wall-clock]
Reordering and filtering variables...
428 of 438 variables necessary.
76 of 127 mutex groups necessary.
8142 of 8142 operators necessary.
0 of 0 axiom rules necessary.
Reordering and filtering variables: [0.070s CPU, 0.069s wall-clock]
Translator variables: 428
Translator derived variables: 0
Translator facts: 1132
Translator goal facts: 100
Translator mutex groups: 76
Translator total mutex groups size: 262
Translator operators: 8142
Translator axioms: 0
Translator task size: 67400
Translator peak memory: 77976 KB
Writing output... [0.060s CPU, 0.055s wall-clock]
Done! [1.430s CPU, 1.425s wall-clock]
translate exit code: 0

INFO     Running search (release).
INFO     search stdin: output.sas
INFO     search time limit: 598s
INFO     search memory limit: 3584 MB
INFO     search command line string: /usr/local/downward-projects/downward/experiments/src/thesis/data/thesis-thesis_exp/code-84c08dfff1890fbf6247184940c8166177195ea1_e5e41175/builds/release/bin/downward --evaluator 'h=ff()' --search 'eager(partition(h, h_partition(), inter_uniform(), intra_uniform() )) ' --internal-plan-file sas_plan < output.sas
[t=0s, 11732 KB] reading input...
[t=0.0392802s, 14872 KB] done reading input!
[t=0.0432413s, 16676 KB] Simplifying 31002 unary operators... done! [14106 unary operators]
[t=0.0643837s, 18724 KB] time to simplify: 0.0211424s
[t=0.0659098s, 18724 KB] Initializing additive heuristic...
[t=0.0663532s, 18724 KB] Initializing FF heuristic...
[t=0.0663817s, 18724 KB] Building successor generator...done!
[t=0.0688928s, 18724 KB] peak memory difference for successor generator creation: 0 KB
[t=0.0689565s, 18724 KB] time for successor generation creation: 0.000474912s
[t=0.0689812s, 18724 KB] Variables: 428
[t=0.0690128s, 18724 KB] FactPairs: 1132
[t=0.0690366s, 18724 KB] Bytes per state: 72
[t=0.0690603s, 18724 KB] Conducting best first search without reopening closed nodes, (real) bound = 2147483647
[t=0.0691195s, 18724 KB] New best heuristic value for ff(): 1675
[t=0.0694179s, 18724 KB] g=0, 1 evaluated, 0 expanded
[t=0.0694451s, 18724 KB] Initial heuristic value for ff(): 1675
[t=0.0694742s, 18724 KB] pruning method: none
[t=0.0694967s, 18724 KB] Start Timestep: 1693686387304 millisecond(s).
[t=0.0695426s, 18724 KB] New best heuristic value for ff(): 1665
[t=0.0697715s, 18724 KB] g=15, 2 evaluated, 1 expanded
[t=0.0697973s, 18724 KB] New best heuristic value for ff(): 1655
[t=0.0701298s, 18724 KB] g=30, 4 evaluated, 1 expanded
[t=0.0707816s, 18724 KB] New best heuristic value for ff(): 1645
[t=0.0719369s, 18724 KB] g=45, 16 evaluated, 1 expanded
[t=0.0747514s, 18724 KB] New best heuristic value for ff(): 1615
[t=0.0754206s, 18724 KB] g=30, 39 evaluated, 1 expanded
[t=0.0826748s, 18724 KB] New best heuristic value for ff(): 1265
[t=0.0828479s, 18724 KB] g=30, 92 evaluated, 1 expanded
[t=0.0986177s, 18724 KB] New best heuristic value for ff(): 1235
[t=0.101279s, 18724 KB] g=30, 218 evaluated, 1 expanded
[t=0.138504s, 18724 KB] New best heuristic value for ff(): 1215
[t=0.141645s, 18724 KB] g=60, 468 evaluated, 2 expanded
[t=0.238303s, 18724 KB] New best heuristic value for ff(): 1195
[t=0.240173s, 18724 KB] g=90, 998 evaluated, 4 expanded
[t=0.294145s, 18724 KB] New best heuristic value for ff(): 1185
[t=0.296359s, 18724 KB] g=120, 1265 evaluated, 5 expanded
[t=0.421375s, 18724 KB] New best heuristic value for ff(): 1175
[t=0.421973s, 18724 KB] g=140, 1793 evaluated, 7 expanded
[t=1.42023s, 18724 KB] New best heuristic value for ff(): 1165
[t=1.42362s, 18724 KB] g=120, 4649 evaluated, 17 expanded
[t=4.71078s, 19916 KB] New best heuristic value for ff(): 1155
[t=4.71288s, 19916 KB] g=160, 9957 evaluated, 36 expanded
[t=6.82728s, 20576 KB] New best heuristic value for ff(): 1135
[t=6.82746s, 20576 KB] g=165, 12217 evaluated, 44 expanded
[t=20.5661s, 23204 KB] New best heuristic value for ff(): 1125
[t=20.5675s, 23204 KB] g=220, 20848 evaluated, 74 expanded
[t=27.5334s, 24024 KB] New best heuristic value for ff(): 1095
[t=27.5336s, 24024 KB] g=250, 23784 evaluated, 84 expanded
[t=202.772s, 32412 KB] New best heuristic value for ff(): 1090
[t=202.773s, 32412 KB] g=240, 52810 evaluated, 183 expanded
[t=545.668s, 40708 KB] New best heuristic value for ff(): 1080
[t=545.67s, 40708 KB] g=270, 79534 evaluated, 273 expanded
Peak memory: 41380 KB
caught signal 24 -- exiting
Time limit has been reached.
Remove intermediate file output.sas
search exit code: 23

Driver aborting after search
INFO     Planner time: 598.94s
