INFO     planner time limit: 600s
INFO     planner memory limit: 3584 MB

INFO     Running translator.
INFO     translator stdin: None
INFO     translator time limit: 599s
INFO     translator memory limit: 3584 MB
INFO     translator command line string: /usr/local/downward-projects/downward/experiments/assign3/.venv/bin/python3 /usr/local/downward-projects/downward/experiments/assign3/data/assign3-anytime_exp/code-1fb14623350588fb782db39ad332c8a25eda53d6_e5e41175/builds/release/bin/translate/translate.py domain.pddl problem.pddl --sas-file output.sas
Parsing...
Parsing: [0.000s CPU, 0.001s wall-clock]
Normalizing task... [0.000s CPU, 0.000s wall-clock]
Instantiating...
Generating Datalog program... [0.000s CPU, 0.000s wall-clock]
Normalizing Datalog program...
Normalizing Datalog program: [0.000s CPU, 0.002s wall-clock]
Preparing model... [0.000s CPU, 0.001s wall-clock]
Generated 51 rules.
Computing model... [0.010s CPU, 0.010s wall-clock]
745 relevant atoms
918 auxiliary atoms
1663 final queue length
3247 total queue pushes
Completing instantiation... [0.010s CPU, 0.017s wall-clock]
Instantiating: [0.020s CPU, 0.031s wall-clock]
Computing fact groups...
Finding invariants...
5 initial candidates
Finding invariants: [0.010s CPU, 0.010s wall-clock]
Checking invariant weight... [0.000s CPU, 0.000s wall-clock]
Instantiating groups... [0.000s CPU, 0.000s wall-clock]
Collecting mutex groups... [0.000s CPU, 0.000s wall-clock]
Choosing groups...
6 uncovered facts
Choosing groups: [0.000s CPU, 0.000s wall-clock]
Building translation key... [0.000s CPU, 0.000s wall-clock]
Computing fact groups: [0.010s CPU, 0.011s wall-clock]
Building STRIPS to SAS dictionary... [0.000s CPU, 0.000s wall-clock]
Building dictionary for full mutex groups... [0.000s CPU, 0.000s wall-clock]
Building mutex information...
Building mutex information: [0.000s CPU, 0.000s wall-clock]
Translating task...
Processing axioms...
Simplifying axioms... [0.000s CPU, 0.000s wall-clock]
Translator axioms removed by simplifying: 0
Computing negative axioms... [0.000s CPU, 0.000s wall-clock]
Processing axioms: [0.000s CPU, 0.001s wall-clock]
Translating task: [0.010s CPU, 0.013s wall-clock]
0 effect conditions simplified
0 implied preconditions added
Detecting unreachable propositions...
0 operators removed
0 axioms removed
6 propositions removed
Detecting unreachable propositions: [0.010s CPU, 0.007s wall-clock]
Reordering and filtering variables...
12 of 12 variables necessary.
6 of 12 mutex groups necessary.
540 of 540 operators necessary.
0 of 0 axiom rules necessary.
Reordering and filtering variables: [0.000s CPU, 0.002s wall-clock]
Translator variables: 12
Translator derived variables: 0
Translator facts: 48
Translator goal facts: 12
Translator mutex groups: 6
Translator total mutex groups size: 36
Translator operators: 540
Translator axioms: 0
Translator task size: 3078
Translator peak memory: 34372 KB
Writing output... [0.010s CPU, 0.003s wall-clock]
Done! [0.060s CPU, 0.069s wall-clock]
translate exit code: 0

INFO     Running search (release).
INFO     search stdin: output.sas
INFO     search time limit: 599s
INFO     search memory limit: 3584 MB
INFO     search command line string: /usr/local/downward-projects/downward/experiments/assign3/data/assign3-anytime_exp/code-1fb14623350588fb782db39ad332c8a25eda53d6_e5e41175/builds/release/bin/downward --evaluator 'h=lmcut()' --search 'iterated([
            lazy_wastar([h],w=5),
            lazy_wastar([h],w=4),
            lazy_wastar([h],w=3),
            lazy_wastar([h],w=2),
            astar(h)
        ],continue_on_fail=true)' --internal-plan-file sas_plan < output.sas
[t=0.00131548s, 10884 KB] reading input...
[t=0.00312784s, 11008 KB] done reading input!
[t=0.00524268s, 11552 KB] Initializing landmark cut heuristic...
[t=0.0060671s, 11552 KB] Building successor generator...done!
[t=0.00634744s, 11552 KB] peak memory difference for successor generator creation: 0 KB
[t=0.00639003s, 11552 KB] time for successor generation creation: 3.5353e-05s
[t=0.00641839s, 11552 KB] Variables: 12
[t=0.00644487s, 11552 KB] FactPairs: 48
[t=0.00646756s, 11552 KB] Bytes per state: 4
[t=0.00648998s, 11552 KB] Start Timestep: 1681972407848 millisecond(s).
[t=0.00657445s, 11552 KB] Building successor generator...done!
[t=0.00665919s, 11552 KB] peak memory difference for successor generator creation: 0 KB
[t=0.00669615s, 11552 KB] time for successor generation creation: 0s
[t=0.00672007s, 11552 KB] Variables: 12
[t=0.00674442s, 11552 KB] FactPairs: 48
[t=0.00676718s, 11552 KB] Bytes per state: 4
[t=0.00678969s, 11552 KB] Starting search: lazy_wastar([h],w=5)
[t=0.00682458s, 11552 KB] Conducting lazy best first search, (real) bound = 2147483647
[t=0.00684837s, 11552 KB] Start Timestep: 1681972407849 millisecond(s).
[t=0.00687162s, 11552 KB] New best heuristic value for lmcut(): 18
[t=0.00698531s, 11552 KB] g=0, 1 evaluated, 0 expanded
[t=0.00700906s, 11552 KB] Initial heuristic value for lmcut(): 18
[t=0.00709045s, 11552 KB] New best heuristic value for lmcut(): 15
[t=0.00714774s, 11552 KB] g=3, 2 evaluated, 1 expanded
[t=0.00717094s, 11552 KB] New best heuristic value for lmcut(): 13
[t=0.00727605s, 11552 KB] g=6, 3 evaluated, 2 expanded
[t=0.00729873s, 11552 KB] New best heuristic value for lmcut(): 12
[t=0.00738799s, 11552 KB] g=9, 4 evaluated, 3 expanded
[t=0.00741045s, 11552 KB] New best heuristic value for lmcut(): 10
[t=0.0075018s, 11552 KB] g=12, 5 evaluated, 4 expanded
[t=0.00752462s, 11552 KB] New best heuristic value for lmcut(): 9
[t=0.00760084s, 11552 KB] g=15, 6 evaluated, 5 expanded
[t=0.00762447s, 11552 KB] New best heuristic value for lmcut(): 7
[t=0.00776724s, 11552 KB] g=18, 9 evaluated, 8 expanded, 1 reopened
[t=0.00779s, 11552 KB] New best heuristic value for lmcut(): 6
[t=0.00791986s, 11552 KB] g=21, 12 evaluated, 11 expanded, 2 reopened
[t=0.00801735s, 11552 KB] New best heuristic value for lmcut(): 4
[t=0.00813384s, 11552 KB] g=24, 17 evaluated, 16 expanded, 4 reopened
[t=0.00815662s, 11552 KB] New best heuristic value for lmcut(): 3
[t=0.00831118s, 11552 KB] g=27, 22 evaluated, 21 expanded, 6 reopened
[t=0.0083349s, 11552 KB] Solution found!
[t=0.0084771s, 11552 KB] Actual search time: 0.00160548s
analyze-2 seg-in-1 seg-out-1 car-in-1 car-out-1 (3)
analyze-2 seg-in-2 seg-out-1 car-in-2 car-in-1 (3)
analyze-2 seg-in-2 seg-out-1 car-in-1 car-in-2 (3)
analyze-2 seg-in-3 seg-out-1 car-in-3 car-in-1 (3)
analyze-2 seg-in-3 seg-out-1 car-in-1 car-in-3 (3)
analyze-2 seg-in-1 seg-out-1 car-out-1 car-in-1 (3)
analyze-2 seg-in-1 seg-out-2 car-in-1 car-out-2 (3)
analyze-2 seg-in-1 seg-out-2 car-out-2 car-in-1 (3)
analyze-2 seg-in-1 seg-out-3 car-in-1 car-out-3 (3)
analyze-2 seg-in-1 seg-out-3 car-out-3 car-in-1 (3)
[t=0.00862802s, 11552 KB] Plan length: 10 step(s).
[t=0.0086626s, 11552 KB] Plan cost: 30
[t=0.00868477s, 11552 KB] Solution Timestep: 1681972407851 millisecond(s).
[t=0.00871714s, 11552 KB] Timestamp: 1681972407851 millisecond(s).
[t=0.00874021s, 11552 KB] Expanded 26 state(s).
[t=0.00876163s, 11552 KB] Reopened 8 state(s).
[t=0.00878356s, 11552 KB] Evaluated 27 state(s).
[t=0.00880532s, 11552 KB] Evaluations: 19
[t=0.00882729s, 11552 KB] Generated 468 state(s).
[t=0.00884986s, 11552 KB] Dead ends: 0 state(s).
[t=0.00887487s, 11552 KB] Number of registered states: 19
[t=0.00889727s, 11552 KB] Int hash set load factor: 19/32 = 0.59375
[t=0.00892527s, 11552 KB] Int hash set resizes: 5
[t=0.00894851s, 11552 KB] Best solution cost so far: 30
[t=0.00897072s, 11552 KB] Solution found - keep searching
[t=0.00899315s, 11552 KB] Building successor generator...done!
[t=0.009081s, 11552 KB] peak memory difference for successor generator creation: 0 KB
[t=0.00911692s, 11552 KB] time for successor generation creation: 0s
[t=0.00913987s, 11552 KB] Variables: 12
[t=0.00916389s, 11552 KB] FactPairs: 48
[t=0.00918606s, 11552 KB] Bytes per state: 4
[t=0.00920819s, 11552 KB] Starting search: lazy_wastar([h],w=4)
[t=0.00924021s, 11552 KB] Conducting lazy best first search, (real) bound = 30
[t=0.00926277s, 11552 KB] Start Timestep: 1681972407852 millisecond(s).
[t=0.00928586s, 11552 KB] New best heuristic value for lmcut(): 18
[t=0.00939452s, 11552 KB] g=0, 1 evaluated, 0 expanded
[t=0.00941707s, 11552 KB] Initial heuristic value for lmcut(): 18
[t=0.00944874s, 11552 KB] New best heuristic value for lmcut(): 15
[t=0.00954753s, 11552 KB] g=3, 2 evaluated, 1 expanded
[t=0.00957007s, 11552 KB] New best heuristic value for lmcut(): 13
[t=0.00967676s, 11552 KB] g=6, 3 evaluated, 2 expanded
[t=0.00969954s, 11552 KB] New best heuristic value for lmcut(): 12
[t=0.0097878s, 11552 KB] g=9, 4 evaluated, 3 expanded
[t=0.00980953s, 11552 KB] New best heuristic value for lmcut(): 10
[t=0.00989988s, 11552 KB] g=12, 5 evaluated, 4 expanded
[t=0.00992229s, 11552 KB] New best heuristic value for lmcut(): 9
[t=0.0099988s, 11552 KB] g=15, 6 evaluated, 5 expanded
[t=0.0100219s, 11552 KB] New best heuristic value for lmcut(): 7
[t=0.0101641s, 11552 KB] g=18, 9 evaluated, 8 expanded, 1 reopened
[t=0.0101872s, 11552 KB] New best heuristic value for lmcut(): 6
[t=0.0103174s, 11552 KB] g=21, 12 evaluated, 11 expanded, 2 reopened
[t=0.0103399s, 11552 KB] New best heuristic value for lmcut(): 4
[t=0.0105224s, 11552 KB] g=24, 17 evaluated, 16 expanded, 4 reopened
[t=0.0105953s, 11552 KB] New best heuristic value for lmcut(): 3
[t=0.010714s, 11552 KB] g=27, 22 evaluated, 21 expanded, 6 reopened
[t=0.0107367s, 11552 KB] Solution found!
[t=0.0111377s, 11552 KB] Actual search time: 0.00185181s
analyze-2 seg-in-1 seg-out-1 car-in-1 car-out-1 (3)
analyze-2 seg-in-2 seg-out-1 car-in-2 car-in-1 (3)
analyze-2 seg-in-2 seg-out-1 car-in-1 car-in-2 (3)
analyze-2 seg-in-3 seg-out-1 car-in-3 car-in-1 (3)
analyze-2 seg-in-3 seg-out-1 car-in-1 car-in-3 (3)
analyze-2 seg-in-1 seg-out-1 car-out-1 car-in-1 (3)
analyze-2 seg-in-1 seg-out-2 car-in-1 car-out-2 (3)
analyze-2 seg-in-1 seg-out-2 car-out-2 car-in-1 (3)
rotate-2 seg-in-1 seg-out-3 car-in-1 car-out-3 (1)
analyze-2 seg-in-1 seg-out-3 car-out-3 car-in-1 (3)
[t=0.0112528s, 11552 KB] Plan length: 10 step(s).
[t=0.0112869s, 11552 KB] Plan cost: 28
[t=0.0113089s, 11552 KB] Solution Timestep: 1681972407854 millisecond(s).
[t=0.0113325s, 11552 KB] Timestamp: 1681972407854 millisecond(s).
[t=0.01136s, 11552 KB] Expanded 33 state(s).
[t=0.0113827s, 11552 KB] Reopened 9 state(s).
[t=0.0114055s, 11552 KB] Evaluated 34 state(s).
[t=0.0114276s, 11552 KB] Evaluations: 25
[t=0.0114489s, 11552 KB] Generated 594 state(s).
[t=0.011473s, 11552 KB] Dead ends: 0 state(s).
[t=0.0114953s, 11552 KB] Number of registered states: 25
[t=0.0115175s, 11552 KB] Int hash set load factor: 25/32 = 0.78125
[t=0.0115403s, 11552 KB] Int hash set resizes: 5
[t=0.0115613s, 11552 KB] Best solution cost so far: 28
[t=0.011583s, 11552 KB] Solution found - keep searching
[t=0.0116046s, 11552 KB] Building successor generator...done!
[t=0.0116897s, 11552 KB] peak memory difference for successor generator creation: 0 KB
[t=0.0117261s, 11552 KB] time for successor generation creation: 0s
[t=0.0117492s, 11552 KB] Variables: 12
[t=0.0117727s, 11552 KB] FactPairs: 48
[t=0.0117954s, 11552 KB] Bytes per state: 4
[t=0.0118177s, 11552 KB] Starting search: lazy_wastar([h],w=3)
[t=0.0118482s, 11552 KB] Conducting lazy best first search, (real) bound = 28
[t=0.0118716s, 11552 KB] Start Timestep: 1681972407855 millisecond(s).
[t=0.0119238s, 11552 KB] New best heuristic value for lmcut(): 18
[t=0.0120099s, 11552 KB] g=0, 1 evaluated, 0 expanded
[t=0.0120322s, 11552 KB] Initial heuristic value for lmcut(): 18
[t=0.0120621s, 11552 KB] New best heuristic value for lmcut(): 15
[t=0.0121629s, 11552 KB] g=3, 2 evaluated, 1 expanded
[t=0.0121853s, 11552 KB] New best heuristic value for lmcut(): 13
[t=0.0122851s, 11552 KB] g=6, 3 evaluated, 2 expanded
[t=0.0123144s, 11552 KB] New best heuristic value for lmcut(): 12
[t=0.0124039s, 11552 KB] g=9, 4 evaluated, 3 expanded
[t=0.0124266s, 11552 KB] New best heuristic value for lmcut(): 10
[t=0.0125227s, 11552 KB] g=10, 6 evaluated, 5 expanded, 1 reopened
[t=0.0125463s, 11552 KB] New best heuristic value for lmcut(): 9
[t=0.0126232s, 11552 KB] g=13, 7 evaluated, 6 expanded, 1 reopened
[t=0.0126467s, 11552 KB] New best heuristic value for lmcut(): 7
[t=0.0127939s, 11552 KB] g=14, 11 evaluated, 10 expanded, 3 reopened
[t=0.0128165s, 11552 KB] New best heuristic value for lmcut(): 6
[t=0.0129456s, 11552 KB] g=17, 14 evaluated, 13 expanded, 4 reopened
[t=0.0129685s, 11552 KB] New best heuristic value for lmcut(): 4
[t=0.0131551s, 11552 KB] g=18, 20 evaluated, 19 expanded, 7 reopened
[t=0.01326s, 11552 KB] New best heuristic value for lmcut(): 3
[t=0.0133436s, 11552 KB] g=21, 25 evaluated, 24 expanded, 9 reopened
[t=0.0133677s, 11552 KB] Solution found!
[t=0.013515s, 11552 KB] Actual search time: 0.00162067s
analyze-2 seg-in-1 seg-out-1 car-in-1 car-out-1 (3)
analyze-2 seg-in-2 seg-out-1 car-in-2 car-in-1 (3)
rotate-2 seg-in-2 seg-out-1 car-in-1 car-in-2 (1)
analyze-2 seg-in-3 seg-out-1 car-in-3 car-in-1 (3)
rotate-2 seg-in-3 seg-out-1 car-in-1 car-in-3 (1)
analyze-2 seg-in-1 seg-out-1 car-out-1 car-in-1 (3)
rotate-2 seg-in-1 seg-out-2 car-in-1 car-out-2 (1)
analyze-2 seg-in-1 seg-out-2 car-out-2 car-in-1 (3)
rotate-2 seg-in-1 seg-out-3 car-in-1 car-out-3 (1)
analyze-2 seg-in-1 seg-out-3 car-out-3 car-in-1 (3)
[t=0.0136271s, 11552 KB] Plan length: 10 step(s).
[t=0.0136607s, 11552 KB] Plan cost: 22
[t=0.013682s, 11552 KB] Solution Timestep: 1681972407857 millisecond(s).
[t=0.0137049s, 11552 KB] Timestamp: 1681972407857 millisecond(s).
[t=0.0137273s, 11552 KB] Expanded 30 state(s).
[t=0.0137495s, 11552 KB] Reopened 12 state(s).
[t=0.0137718s, 11552 KB] Evaluated 31 state(s).
[t=0.0137942s, 11552 KB] Evaluations: 19
[t=0.0138183s, 11552 KB] Generated 540 state(s).
[t=0.0138423s, 11552 KB] Dead ends: 0 state(s).
[t=0.0138634s, 11552 KB] Number of registered states: 19
[t=0.0138852s, 11552 KB] Int hash set load factor: 19/32 = 0.59375
[t=0.0139083s, 11552 KB] Int hash set resizes: 5
[t=0.0139304s, 11552 KB] Best solution cost so far: 22
[t=0.0139535s, 11552 KB] Solution found - keep searching
[t=0.0139755s, 11552 KB] Building successor generator...done!
[t=0.0140644s, 11552 KB] peak memory difference for successor generator creation: 0 KB
[t=0.0141021s, 11552 KB] time for successor generation creation: 0s
[t=0.0141247s, 11552 KB] Variables: 12
[t=0.0141476s, 11552 KB] FactPairs: 48
[t=0.0141694s, 11552 KB] Bytes per state: 4
[t=0.0141916s, 11552 KB] Starting search: lazy_wastar([h],w=2)
[t=0.0142228s, 11552 KB] Conducting lazy best first search, (real) bound = 22
[t=0.0142454s, 11552 KB] Start Timestep: 1681972407858 millisecond(s).
[t=0.0142683s, 11552 KB] New best heuristic value for lmcut(): 18
[t=0.014376s, 11552 KB] g=0, 1 evaluated, 0 expanded
[t=0.0143984s, 11552 KB] Initial heuristic value for lmcut(): 18
[t=0.0144277s, 11552 KB] New best heuristic value for lmcut(): 15
[t=0.0145244s, 11552 KB] g=3, 2 evaluated, 1 expanded
[t=0.0145467s, 11552 KB] New best heuristic value for lmcut(): 13
[t=0.0146519s, 11552 KB] g=6, 3 evaluated, 2 expanded
[t=0.0146761s, 11552 KB] New best heuristic value for lmcut(): 12
[t=0.0147643s, 11552 KB] g=9, 4 evaluated, 3 expanded
[t=0.0147867s, 11552 KB] New best heuristic value for lmcut(): 10
[t=0.0148824s, 11552 KB] g=10, 6 evaluated, 5 expanded, 1 reopened
[t=0.0149419s, 11552 KB] New best heuristic value for lmcut(): 9
[t=0.0149882s, 11552 KB] g=13, 7 evaluated, 6 expanded, 1 reopened
[t=0.0150104s, 11552 KB] New best heuristic value for lmcut(): 7
[t=0.0151572s, 11552 KB] g=14, 11 evaluated, 10 expanded, 3 reopened
[t=0.0152676s, 11552 KB] New best heuristic value for lmcut(): 6
[t=0.0153346s, 11552 KB] g=17, 14 evaluated, 13 expanded, 4 reopened
[t=0.0153574s, 11552 KB] New best heuristic value for lmcut(): 4
[t=0.0155442s, 11552 KB] g=18, 20 evaluated, 19 expanded, 7 reopened
[t=0.0155681s, 11552 KB] New best heuristic value for lmcut(): 3
[t=0.015714s, 11552 KB] g=21, 25 evaluated, 24 expanded, 9 reopened
[t=0.0169542s, 11552 KB] New best heuristic value for lmcut(): 1
[t=0.0178866s, 11552 KB] g=21, 90 evaluated, 89 expanded, 26 reopened
[t=0.244937s, 11856 KB] Solution found!
[t=0.245435s, 11856 KB] Actual search time: 0.231167s
analyze-2 seg-in-1 seg-out-1 car-in-1 car-out-1 (3)
analyze-2 seg-in-2 seg-out-1 car-in-2 car-in-1 (3)
rotate-2 seg-in-2 seg-out-1 car-in-1 car-in-2 (1)
analyze-2 seg-in-1 seg-out-1 car-out-1 car-in-1 (3)
analyze-2 seg-in-3 seg-out-2 car-in-3 car-out-2 (3)
analyze-2 seg-in-3 seg-out-2 car-out-2 car-in-3 (3)
rotate-2 seg-in-1 seg-out-3 car-in-1 car-out-3 (1)
analyze-2 seg-in-1 seg-out-3 car-out-3 car-in-1 (3)
[t=0.245584s, 11856 KB] Plan length: 8 step(s).
[t=0.245622s, 11856 KB] Plan cost: 20
[t=0.245644s, 11856 KB] Solution Timestep: 1681972408091 millisecond(s).
[t=0.245668s, 11856 KB] Timestamp: 1681972408091 millisecond(s).
[t=0.24569s, 11856 KB] Expanded 6708 state(s).
[t=0.245713s, 11856 KB] Reopened 2529 state(s).
[t=0.24574s, 11856 KB] Evaluated 6709 state(s).
[t=0.245767s, 11856 KB] Evaluations: 4180
[t=0.245789s, 11856 KB] Generated 120744 state(s).
[t=0.245811s, 11856 KB] Dead ends: 0 state(s).
[t=0.245834s, 11856 KB] Number of registered states: 4180
[t=0.245856s, 11856 KB] Int hash set load factor: 4180/8192 = 0.510254
[t=0.245879s, 11856 KB] Int hash set resizes: 13
[t=0.245901s, 11856 KB] Best solution cost so far: 20
[t=0.245923s, 11856 KB] Solution found - keep searching
[t=0.245945s, 11856 KB] Building successor generator...done!
[t=0.246086s, 11856 KB] peak memory difference for successor generator creation: 0 KB
[t=0.246125s, 11856 KB] time for successor generation creation: 0s
[t=0.246148s, 11856 KB] Variables: 12
[t=0.246172s, 11856 KB] FactPairs: 48
[t=0.246194s, 11856 KB] Bytes per state: 4
[t=0.246216s, 11856 KB] Starting search: astar(h)
[t=0.246246s, 11856 KB] Conducting best first search with reopening closed nodes, (real) bound = 20
[t=0.246269s, 11856 KB] New best heuristic value for lmcut(): 18
[t=0.246378s, 11856 KB] g=0, 1 evaluated, 0 expanded
[t=0.246401s, 11856 KB] f = 18, 1 evaluated, 0 expanded
[t=0.246424s, 11856 KB] Initial heuristic value for lmcut(): 18
[t=0.24645s, 11856 KB] pruning method: none
[t=0.246471s, 11856 KB] Start Timestep: 1681972408092 millisecond(s).
[t=0.246494s, 11856 KB] New best heuristic value for lmcut(): 15
[t=0.246597s, 11856 KB] g=3, 2 evaluated, 1 expanded
[t=0.247633s, 11856 KB] New best heuristic value for lmcut(): 13
[t=0.247934s, 11856 KB] g=6, 20 evaluated, 2 expanded
[t=0.24796s, 11856 KB] New best heuristic value for lmcut(): 12
[t=0.248248s, 11856 KB] g=6, 24 evaluated, 2 expanded
[t=0.249158s, 11856 KB] New best heuristic value for lmcut(): 10
[t=0.249399s, 11856 KB] g=9, 41 evaluated, 3 expanded
[t=0.249424s, 11856 KB] New best heuristic value for lmcut(): 9
[t=0.249564s, 11856 KB] g=9, 43 evaluated, 3 expanded
[t=0.249649s, 11856 KB] New best heuristic value for lmcut(): 7
[t=0.250337s, 11856 KB] g=12, 56 evaluated, 4 expanded
[t=0.250361s, 11856 KB] New best heuristic value for lmcut(): 6
[t=0.250478s, 11856 KB] g=12, 58 evaluated, 4 expanded
[t=0.25066s, 11856 KB] New best heuristic value for lmcut(): 4
[t=0.251294s, 11856 KB] g=15, 74 evaluated, 5 expanded
[t=0.251322s, 11856 KB] New best heuristic value for lmcut(): 3
[t=0.251493s, 11856 KB] g=15, 78 evaluated, 5 expanded
[t=0.25167s, 11856 KB] New best heuristic value for lmcut(): 0
[t=0.251851s, 11856 KB] g=18, 86 evaluated, 6 expanded
[t=0.251876s, 11856 KB] Solution found!
[t=0.252084s, 11856 KB] Actual search time: 0.00558985s
analyze-2 seg-in-1 seg-out-1 car-in-1 car-out-1 (3)
analyze-2 seg-in-1 seg-out-1 car-out-1 car-in-1 (3)
analyze-2 seg-in-2 seg-out-2 car-in-2 car-out-2 (3)
analyze-2 seg-in-2 seg-out-2 car-out-2 car-in-2 (3)
analyze-2 seg-in-3 seg-out-3 car-in-3 car-out-3 (3)
analyze-2 seg-in-3 seg-out-3 car-out-3 car-in-3 (3)
[t=0.25218s, 11856 KB] Plan length: 6 step(s).
[t=0.252213s, 11856 KB] Plan cost: 18
[t=0.252235s, 11856 KB] Solution Timestep: 1681972408098 millisecond(s).
[t=0.252258s, 11856 KB] Timestamp: 1681972408098 millisecond(s).
[t=0.25228s, 11856 KB] Expanded 7 state(s).
[t=0.252302s, 11856 KB] Reopened 0 state(s).
[t=0.252324s, 11856 KB] Evaluated 91 state(s).
[t=0.252347s, 11856 KB] Evaluations: 91
[t=0.252369s, 11856 KB] Generated 108 state(s).
[t=0.252391s, 11856 KB] Dead ends: 0 state(s).
[t=0.252413s, 11856 KB] Expanded until last jump: 0 state(s).
[t=0.252434s, 11856 KB] Reopened until last jump: 0 state(s).
[t=0.252456s, 11856 KB] Evaluated until last jump: 1 state(s).
[t=0.252477s, 11856 KB] Generated until last jump: 0 state(s).
[t=0.2525s, 11856 KB] Number of registered states: 91
[t=0.252526s, 11856 KB] Int hash set load factor: 91/128 = 0.710938
[t=0.252549s, 11856 KB] Int hash set resizes: 7
[t=0.25257s, 11856 KB] Best solution cost so far: 18
[t=0.252593s, 11856 KB] Solution found - keep searching
[t=0.252615s, 11856 KB] Optimal Solution: found
[t=0.252666s, 11856 KB] Actual search time: 0.246091s
[t=0.252689s, 11856 KB] Cumulative statistics:
[t=0.252689s, 11856 KB] Timestamp: 1681972408099 millisecond(s).
[t=0.252689s, 11856 KB] Expanded 6804 state(s).
[t=0.252689s, 11856 KB] Reopened 2558 state(s).
[t=0.252689s, 11856 KB] Evaluated 6892 state(s).
[t=0.252689s, 11856 KB] Evaluations: 4334
[t=0.252689s, 11856 KB] Generated 122454 state(s).
[t=0.252689s, 11856 KB] Dead ends: 0 state(s).
[t=0.252689s, 11856 KB] Search time: 0.246199s
[t=0.252689s, 11856 KB] Total time: 0.252689s
Solution found.
Peak memory: 11856 KB
Remove intermediate file output.sas
search exit code: 0

INFO     Running validate.
INFO     validate stdin: None
INFO     validate time limit: None
INFO     validate memory limit: None
INFO     validate command line string: validate domain.pddl problem.pddl sas_plan.1 sas_plan.2 sas_plan.3 sas_plan.4 sas_plan.5
Checking plan: sas_plan.1
Plan executed successfully - checking goal
Plan valid
Final value: 30 
Checking plan: sas_plan.2
Plan executed successfully - checking goal
Plan valid
Final value: 28 
Checking plan: sas_plan.3
Plan executed successfully - checking goal
Plan valid
Final value: 22 
Checking plan: sas_plan.4
Plan executed successfully - checking goal
Plan valid
Final value: 20 
Checking plan: sas_plan.5
Plan executed successfully - checking goal
Plan valid
Final value: 18 

Successful plans:
Value: 18
 sas_plan.5 18 

Value: 20
 sas_plan.4 20 

Value: 22
 sas_plan.3 22 

Value: 28
 sas_plan.2 28 

Value: 30
 sas_plan.1 30 

validate exit code: 0

INFO     Planner time: 0.42s
