INFO     planner time limit: 900s
INFO     planner memory limit: 3584 MB

INFO     Running translator.
INFO     translator stdin: None
INFO     translator time limit: 899s
INFO     translator memory limit: 3584 MB
INFO     translator command line string: /usr/local/downward-projects/downward/experiments/.venv/bin/python3 /usr/local/downward-projects/downward/experiments/src/thesis/data/thesis-thesis_exp/code-beb2e19b3d35a0ced2c328754445ca6967892fa8_e5e41175/builds/release/bin/translate/translate.py domain.pddl problem.pddl --sas-file output.sas
Parsing...
Parsing: [0.000s CPU, 0.004s wall-clock]
Normalizing task... [0.000s CPU, 0.000s wall-clock]
Instantiating...
Generating Datalog program... [0.000s CPU, 0.002s wall-clock]
Normalizing Datalog program...
Normalizing Datalog program: [0.010s CPU, 0.004s wall-clock]
Preparing model... [0.010s CPU, 0.005s wall-clock]
Generated 79 rules.
Computing model... [3.880s CPU, 3.947s wall-clock]
301733 relevant atoms
109140 auxiliary atoms
410873 final queue length
1290081 total queue pushes
Completing instantiation... [9.650s CPU, 9.740s wall-clock]
Instantiating: [13.710s CPU, 13.853s wall-clock]
Computing fact groups...
Finding invariants...
14 initial candidates
Finding invariants: [0.370s CPU, 0.380s wall-clock]
Checking invariant weight... [0.000s CPU, 0.000s wall-clock]
Instantiating groups... [0.000s CPU, 0.000s wall-clock]
Collecting mutex groups... [0.000s CPU, 0.003s wall-clock]
Choosing groups...
5928 uncovered facts
Choosing groups: [0.010s CPU, 0.001s wall-clock]
Building translation key... [0.020s CPU, 0.018s wall-clock]
Computing fact groups: [0.440s CPU, 0.449s wall-clock]
Building STRIPS to SAS dictionary... [0.010s CPU, 0.006s wall-clock]
Building dictionary for full mutex groups... [0.000s CPU, 0.005s wall-clock]
Building mutex information...
Building mutex information: [0.010s CPU, 0.005s wall-clock]
Translating task...
Processing axioms...
Simplifying axioms... [0.000s CPU, 0.000s wall-clock]
Translator axioms removed by simplifying: 0
Computing negative axioms... [0.000s CPU, 0.000s wall-clock]
Processing axioms: [0.150s CPU, 0.158s wall-clock]
Translating task: [5.610s CPU, 5.667s wall-clock]
265984 effect conditions simplified
0 implied preconditions added
Detecting unreachable propositions...
0 operators removed
0 axioms removed
0 propositions removed
Detecting unreachable propositions: [3.600s CPU, 3.641s wall-clock]
Reordering and filtering variables...
5928 of 5928 variables necessary.
0 of 0 mutex groups necessary.
105472 of 105472 operators necessary.
0 of 0 axiom rules necessary.
Reordering and filtering variables: [6.960s CPU, 7.013s wall-clock]
Translator variables: 5928
Translator derived variables: 0
Translator facts: 11856
Translator goal facts: 60
Translator mutex groups: 0
Translator total mutex groups size: 0
Translator operators: 105472
Translator axioms: 0
Translator task size: 918420
Translator peak memory: 610040 KB
Writing output... [0.760s CPU, 0.766s wall-clock]
Done! [31.370s CPU, 31.671s wall-clock]
translate exit code: 0

INFO     Running search (release).
INFO     search stdin: output.sas
INFO     search time limit: 868s
INFO     search memory limit: 3584 MB
INFO     search command line string: /usr/local/downward-projects/downward/experiments/src/thesis/data/thesis-thesis_exp/code-beb2e19b3d35a0ced2c328754445ca6967892fa8_e5e41175/builds/release/bin/downward --evaluator 'h=ff()' --search 'eager(alt([bts_type(h), single(h)]))' --internal-plan-file sas_plan < output.sas
[t=0.000346509s, 11252 KB] reading input...
[t=0.515838s, 53772 KB] done reading input!
[t=0.573907s, 76688 KB] Simplifying 478688 unary operators... done! [342608 unary operators]
[t=1.28432s, 109184 KB] time to simplify: 0.759144s
[t=1.34498s, 109184 KB] Initializing additive heuristic...
[t=1.347s, 109184 KB] Initializing FF heuristic...
[t=1.34704s, 109184 KB] Building successor generator...done!
[t=1.39091s, 109184 KB] peak memory difference for successor generator creation: 0 KB
[t=1.39103s, 109184 KB] time for successor generation creation: 0.0414903s
[t=1.39276s, 109184 KB] Variables: 5928
[t=1.39309s, 109184 KB] FactPairs: 11856
[t=1.39311s, 109184 KB] Bytes per state: 744
[t=1.39314s, 109184 KB] Conducting best first search without reopening closed nodes, (real) bound = 2147483647
[t=1.3967s, 109184 KB] New best heuristic value for ff(): 8
[t=1.39932s, 109184 KB] g=0, 1 evaluated, 0 expanded
[t=1.39935s, 109184 KB] Initial heuristic value for ff(): 8
[t=1.39939s, 109184 KB] pruning method: none
[t=1.39941s, 109184 KB] Start Timestep: 1685774853865 millisecond(s).
[t=3.64805s, 109184 KB] New best heuristic value for ff(): 7
[t=3.64955s, 109184 KB] g=5, 844 evaluated, 133 expanded
[t=3.68396s, 109184 KB] New best heuristic value for ff(): 6
[t=3.68415s, 109184 KB] g=6, 857 evaluated, 134 expanded
[t=103.224s, 118820 KB] New best heuristic value for ff(): 5
[t=103.225s, 118820 KB] g=19, 34633 evaluated, 8880 expanded
[t=103.487s, 118956 KB] New best heuristic value for ff(): 4
[t=103.488s, 118956 KB] g=21, 34730 evaluated, 8895 expanded
[t=390.546s, 194548 KB] New best heuristic value for ff(): 3
[t=390.546s, 194548 KB] g=34, 120962 evaluated, 35256 expanded
[t=390.773s, 194548 KB] New best heuristic value for ff(): 2
[t=390.775s, 194548 KB] g=36, 121033 evaluated, 35269 expanded
Peak memory: 309836 KB
caught signal 24 -- exiting
Time limit has been reached.
Remove intermediate file output.sas
search exit code: 23

Driver aborting after search
INFO     Planner time: 898.63s
