INFO     planner time limit: 900s
INFO     planner memory limit: 3584 MB

INFO     Running translator.
INFO     translator stdin: None
INFO     translator time limit: 899s
INFO     translator memory limit: 3584 MB
INFO     translator command line string: /usr/local/downward-projects/downward/experiments/assign3/.venv/bin/python3 /usr/local/downward-projects/downward/experiments/assign3/data/assign3-anytime_exp/code-fe4f0f1bb525c059c1938ac01bab1b7bae200873_e5e41175/builds/release/bin/translate/translate.py domain.pddl problem.pddl --sas-file output.sas
Parsing...
Parsing: [0.000s CPU, 0.004s wall-clock]
Normalizing task... [0.000s CPU, 0.000s wall-clock]
Instantiating...
Generating Datalog program... [0.000s CPU, 0.001s wall-clock]
Normalizing Datalog program...
Normalizing Datalog program: [0.010s CPU, 0.004s wall-clock]
Preparing model... [0.000s CPU, 0.003s wall-clock]
Generated 212 rules.
Computing model... [0.000s CPU, 0.010s wall-clock]
843 relevant atoms
938 auxiliary atoms
1781 final queue length
2600 total queue pushes
Completing instantiation... [0.010s CPU, 0.011s wall-clock]
Instantiating: [0.020s CPU, 0.028s wall-clock]
Computing fact groups...
Finding invariants...
20 initial candidates
Finding invariants: [0.010s CPU, 0.004s wall-clock]
Checking invariant weight... [0.000s CPU, 0.000s wall-clock]
Instantiating groups... [0.000s CPU, 0.000s wall-clock]
Collecting mutex groups... [0.000s CPU, 0.000s wall-clock]
Choosing groups...
169 uncovered facts
Choosing groups: [0.000s CPU, 0.001s wall-clock]
Building translation key... [0.000s CPU, 0.001s wall-clock]
Computing fact groups: [0.010s CPU, 0.007s wall-clock]
Building STRIPS to SAS dictionary... [0.000s CPU, 0.000s wall-clock]
Building dictionary for full mutex groups... [0.000s CPU, 0.000s wall-clock]
Building mutex information...
Building mutex information: [0.000s CPU, 0.000s wall-clock]
Translating task...
Processing axioms...
Simplifying axioms... [0.000s CPU, 0.000s wall-clock]
Translator axioms removed by simplifying: 0
Computing negative axioms... [0.000s CPU, 0.000s wall-clock]
Processing axioms: [0.000s CPU, 0.001s wall-clock]
Translating task: [0.010s CPU, 0.012s wall-clock]
309 effect conditions simplified
0 implied preconditions added
Detecting unreachable propositions...
0 operators removed
0 axioms removed
9 propositions removed
Detecting unreachable propositions: [0.010s CPU, 0.006s wall-clock]
Reordering and filtering variables...
77 of 175 variables necessary.
0 of 7 mutex groups necessary.
365 of 365 operators necessary.
0 of 0 axiom rules necessary.
Reordering and filtering variables: [0.000s CPU, 0.003s wall-clock]
Translator variables: 77
Translator derived variables: 0
Translator facts: 266
Translator goal facts: 42
Translator mutex groups: 0
Translator total mutex groups size: 0
Translator operators: 365
Translator axioms: 0
Translator task size: 2761
Translator peak memory: 34396 KB
Writing output... [0.010s CPU, 0.002s wall-clock]
Done! [0.060s CPU, 0.066s wall-clock]
translate exit code: 0

INFO     Running search (release).
INFO     search stdin: output.sas
INFO     search time limit: 899s
INFO     search memory limit: 3584 MB
INFO     search command line string: /usr/local/downward-projects/downward/experiments/assign3/data/assign3-anytime_exp/code-fe4f0f1bb525c059c1938ac01bab1b7bae200873_e5e41175/builds/release/bin/downward --evaluator 'h=lmcut()' --search 'eager_anytime(epsilon_greedy(
        sum([weight(h, 2, verbosity=normal), g()]), epsilon=0.2, random_seed=1234), 
        reopen_closed=true, f_eval=sum([h, g()]))' --internal-plan-file sas_plan < output.sas
[t=0s, 10884 KB] reading input...
[t=0.00396731s, 11008 KB] done reading input!
[t=0.00421578s, 11440 KB] Initializing landmark cut heuristic...
[t=0.00630922s, 11440 KB] Building successor generator...done!
[t=0.00654564s, 11440 KB] peak memory difference for successor generator creation: 0 KB
[t=0.00659501s, 11440 KB] time for successor generation creation: 0s
[t=0.00662034s, 11440 KB] Variables: 77
[t=0.00664676s, 11440 KB] FactPairs: 266
[t=0.00666968s, 11440 KB] Bytes per state: 16
[t=0.00669309s, 11440 KB] Conducting best first anytime search with reopening closed nodes, (real) bound = 2147483647
[t=0.00674421s, 11440 KB] New best heuristic value for lmcut(): 1377123
[t=0.00725613s, 11440 KB] g=0, 1 evaluated, 0 expanded
[t=0.00728267s, 11440 KB] Initial heuristic value for lmcut(): 1377123
[t=0.00730902s, 11440 KB] Start Timestep: 1682437762226 millisecond(s).
[t=0.00778868s, 11440 KB] New best heuristic value for lmcut(): 1219113
[t=0.0102437s, 11440 KB] g=8000, 8 evaluated, 2 expanded
[t=0.0102703s, 11440 KB] New best heuristic value for lmcut(): 1211113
[t=0.0106644s, 11440 KB] g=8000, 9 evaluated, 2 expanded
[t=0.0117364s, 11440 KB] New best heuristic value for lmcut(): 1208114
[t=0.0142049s, 11440 KB] g=10999, 17 evaluated, 3 expanded
[t=0.0197117s, 11440 KB] New best heuristic value for lmcut(): 1200114
[t=0.0210782s, 11440 KB] g=18999, 36 evaluated, 4 expanded
[t=0.0236836s, 11440 KB] New best heuristic value for lmcut(): 1134084
[t=0.0237826s, 11440 KB] g=243039, 43 evaluated, 5 expanded
[t=0.0395731s, 11440 KB] New best heuristic value for lmcut(): 955076
[t=0.0428323s, 11440 KB] g=267039, 98 evaluated, 10 expanded
[t=0.0435752s, 11440 KB] New best heuristic value for lmcut(): 952074
[t=0.0467192s, 11440 KB] g=275039, 110 evaluated, 11 expanded
[t=0.0467458s, 11440 KB] New best heuristic value for lmcut(): 947076
[t=0.0470906s, 11440 KB] g=275039, 111 evaluated, 11 expanded
[t=0.0474723s, 11440 KB] New best heuristic value for lmcut(): 937077
[t=0.0494291s, 11440 KB] g=285038, 118 evaluated, 12 expanded
[t=0.0514482s, 11440 KB] New best heuristic value for lmcut(): 934075
[t=0.0531465s, 11440 KB] g=293038, 130 evaluated, 13 expanded
[t=0.0531733s, 11440 KB] New best heuristic value for lmcut(): 923076
[t=0.0553785s, 11440 KB] g=296037, 137 evaluated, 14 expanded
[t=0.0593929s, 11440 KB] New best heuristic value for lmcut(): 919076
[t=0.0612909s, 11440 KB] g=300037, 159 evaluated, 16 expanded
[t=0.0637899s, 11440 KB] New best heuristic value for lmcut(): 914077
[t=0.0656378s, 11440 KB] g=302037, 175 evaluated, 18 expanded
[t=0.0672847s, 11440 KB] New best heuristic value for lmcut(): 682037
[t=0.069962s, 11440 KB] g=534077, 191 evaluated, 21 expanded
[t=0.0752584s, 11440 KB] New best heuristic value for lmcut(): 672038
[t=0.0779741s, 11440 KB] g=552076, 219 evaluated, 24 expanded
[t=0.079233s, 11440 KB] New best heuristic value for lmcut(): 605019
[t=0.0821471s, 11440 KB] g=778102, 236 evaluated, 26 expanded
[t=0.0831788s, 11440 KB] New best heuristic value for lmcut(): 335998
[t=0.0837739s, 11440 KB] g=891115, 243 evaluated, 27 expanded
[t=0.0871559s, 11440 KB] New best heuristic value for lmcut(): 332997
[t=0.0907256s, 11440 KB] g=897115, 278 evaluated, 33 expanded
[t=0.0911233s, 11440 KB] New best heuristic value for lmcut(): 321998
[t=0.0917908s, 11440 KB] g=897115, 284 evaluated, 33 expanded
[t=0.0950166s, 11440 KB] New best heuristic value for lmcut(): 313997
[t=0.0961533s, 11440 KB] g=901115, 309 evaluated, 37 expanded
[t=0.0961806s, 11440 KB] New best heuristic value for lmcut(): 292000
[t=0.0963622s, 11440 KB] g=935113, 310 evaluated, 38 expanded
[t=0.0989687s, 11440 KB] New best heuristic value for lmcut(): 289001
[t=0.101742s, 11440 KB] g=938112, 332 evaluated, 40 expanded
[t=0.101769s, 11440 KB] New best heuristic value for lmcut(): 274001
[t=0.102709s, 11440 KB] g=948111, 338 evaluated, 41 expanded
[t=0.106244s, 11440 KB] New best heuristic value for lmcut(): 269002
[t=0.107235s, 11440 KB] g=953110, 367 evaluated, 44 expanded
[t=0.107267s, 11440 KB] New best heuristic value for lmcut(): 267002
[t=0.109557s, 11440 KB] g=960111, 383 evaluated, 47 expanded
[t=0.122159s, 11440 KB] New best heuristic value for lmcut(): 264001
[t=0.122817s, 11440 KB] g=960111, 464 evaluated, 58 expanded
[t=0.23379s, 11440 KB] New best heuristic value for lmcut(): 263002
[t=0.236987s, 11440 KB] g=1120119, 1096 evaluated, 186 expanded
[t=0.237019s, 11440 KB] New best heuristic value for lmcut(): 260003
[t=0.237449s, 11440 KB] g=1123118, 1100 evaluated, 187 expanded
[t=0.237707s, 11440 KB] New best heuristic value for lmcut(): 250004
[t=0.237767s, 11440 KB] g=1133117, 1103 evaluated, 188 expanded
[t=0.237796s, 11440 KB] New best heuristic value for lmcut(): 247005
[t=0.238086s, 11440 KB] g=1136116, 1106 evaluated, 189 expanded
[t=0.238113s, 11440 KB] New best heuristic value for lmcut(): 239005
[t=0.238389s, 11440 KB] g=1144116, 1109 evaluated, 190 expanded
[t=0.241579s, 11440 KB] New best heuristic value for lmcut(): 237005
[t=0.242074s, 11440 KB] g=1146116, 1122 evaluated, 192 expanded
[t=0.242102s, 11440 KB] New best heuristic value for lmcut(): 123992
[t=0.242296s, 11440 KB] g=1259129, 1124 evaluated, 193 expanded
[t=0.242322s, 11440 KB] New best heuristic value for lmcut(): 121992
[t=0.242512s, 11440 KB] g=1261129, 1126 evaluated, 194 expanded
[t=0.242538s, 11440 KB] New best heuristic value for lmcut(): 119992
[t=0.244098s, 11440 KB] g=1263129, 1133 evaluated, 196 expanded
[t=0.244125s, 11440 KB] New best heuristic value for lmcut(): 101993
[t=0.244257s, 11440 KB] g=1281128, 1135 evaluated, 197 expanded
[t=0.244282s, 11440 KB] New best heuristic value for lmcut(): 98994
[t=0.244497s, 11440 KB] g=1284127, 1138 evaluated, 198 expanded
[t=0.244523s, 11440 KB] New best heuristic value for lmcut(): 88995
[t=0.244634s, 11440 KB] g=1294126, 1140 evaluated, 199 expanded
[t=0.244658s, 11440 KB] New best heuristic value for lmcut(): 85996
[t=0.244783s, 11440 KB] g=1297125, 1142 evaluated, 200 expanded
[t=0.244808s, 11440 KB] New best heuristic value for lmcut(): 77996
[t=0.244925s, 11440 KB] g=1305125, 1144 evaluated, 201 expanded
[t=0.244949s, 11440 KB] New best heuristic value for lmcut(): 69996
[t=0.245065s, 11440 KB] g=1313125, 1146 evaluated, 202 expanded
[t=0.245089s, 11440 KB] New best heuristic value for lmcut(): 61996
[t=0.245193s, 11440 KB] g=1321125, 1148 evaluated, 203 expanded
[t=0.245216s, 11440 KB] New best heuristic value for lmcut(): 59996
[t=0.245318s, 11440 KB] g=1323125, 1150 evaluated, 204 expanded
[t=0.246369s, 11440 KB] New best heuristic value for lmcut(): 57996
[t=0.248452s, 11440 KB] g=1325125, 1160 evaluated, 206 expanded
[t=0.248478s, 11440 KB] New best heuristic value for lmcut(): 39997
[t=0.249131s, 11440 KB] g=1343124, 1164 evaluated, 208 expanded
[t=0.249155s, 11440 KB] New best heuristic value for lmcut(): 36998
[t=0.249242s, 11440 KB] g=1346123, 1166 evaluated, 209 expanded
[t=0.249267s, 11440 KB] New best heuristic value for lmcut(): 26999
[t=0.249311s, 11440 KB] g=1356122, 1167 evaluated, 210 expanded
[t=0.249335s, 11440 KB] New best heuristic value for lmcut(): 24000
[t=0.249387s, 11440 KB] g=1359121, 1168 evaluated, 211 expanded
[t=0.24941s, 11440 KB] New best heuristic value for lmcut(): 16000
[t=0.249458s, 11440 KB] g=1367121, 1169 evaluated, 212 expanded
[t=0.249483s, 11440 KB] New best heuristic value for lmcut(): 8000
[t=0.250023s, 11440 KB] g=1375121, 1173 evaluated, 214 expanded
[t=0.250049s, 11440 KB] New best heuristic value for lmcut(): 0
[t=0.250094s, 11440 KB] g=1383121, 1174 evaluated, 215 expanded
[t=0.250118s, 11440 KB] Solution found!
initialize  (0)
colorfeeder-feed-letter sheet7 (8000)
down-movebottom-letter sheet7 (2999)
blackfeeder-feed-letter sheet4 (8000)
blackfeeder-feed-letter sheet3 (8000)
blackfeeder-feed-letter sheet5 (8000)
colorcontainer-toime-letter sheet7 (8000)
colorprinter-simplex-letter sheet7 front image-7 (224040)
colorcontainer-fromime-letter sheet7 (8000)
up-moveup-letter sheet7 (9999)
colorfeeder-feed-letter sheet6 (8000)
down-movebottom-letter sheet6 (2999)
blackcontainer-toime-letter sheet3 (2000)
blackcontainer-toime-letter sheet4 (2000)
blackcontainer-toime-letter sheet5 (2000)
colorcontainer-toime-letter sheet6 (8000)
colorprinter-simplex-letter sheet6 front image-6 (224040)
colorcontainer-fromime-letter sheet6 (8000)
up-moveup-letter sheet6 (9999)
blackprinter-simplex-letter sheet3 front image-3 (113013)
blackprinter-simplex-letter sheet4 front image-4 (113013)
blackfeeder-feed-letter sheet1 (8000)
blackfeeder-feed-letter sheet2 (8000)
blackcontainer-fromime-letter sheet3 (2000)
endcap-move-letter sheet3 (2000)
htmoverblack-move-letter sheet3 (17999)
down-movetop-letter sheet3 (2999)
htmovercolor-move-letter sheet3 (9999)
up-movetop-letter sheet3 (2999)
blackcontainer-fromime-letter sheet4 (2000)
endcap-move-letter sheet4 (2000)
htmoverblack-move-letter sheet4 (17999)
down-movetop-letter sheet4 (2999)
htmovercolor-move-letter sheet4 (9999)
blackprinter-simplex-letter sheet5 front image-5 (113013)
up-movetop-letter sheet4 (2999)
blackcontainer-toime-letter sheet1 (2000)
blackprinter-simplex-letter sheet1 front image-1 (113013)
blackcontainer-fromime-letter sheet1 (2000)
endcap-move-letter sheet1 (2000)
htmoverblack-move-letter sheet1 (17999)
down-movetop-letter sheet1 (2999)
htmovercolor-move-letter sheet1 (9999)
up-movetop-letter sheet1 (2999)
finisher1-stack-letter sheet1 dummy-sheet (8000)
blackcontainer-toime-letter sheet2 (2000)
blackprinter-simplex-letter sheet2 front image-2 (113013)
blackcontainer-fromime-letter sheet2 (2000)
endcap-move-letter sheet2 (2000)
htmoverblack-move-letter sheet2 (17999)
down-movetop-letter sheet2 (2999)
htmovercolor-move-letter sheet2 (9999)
up-movetop-letter sheet2 (2999)
finisher1-stack-letter sheet2 sheet1 (8000)
finisher1-stack-letter sheet3 sheet2 (8000)
finisher1-stack-letter sheet4 sheet3 (8000)
blackcontainer-fromime-letter sheet5 (2000)
endcap-move-letter sheet5 (2000)
htmoverblack-move-letter sheet5 (17999)
down-movetop-letter sheet5 (2999)
htmovercolor-move-letter sheet5 (9999)
up-movetop-letter sheet5 (2999)
finisher1-stack-letter sheet5 sheet4 (8000)
finisher1-stack-letter sheet6 sheet5 (8000)
finisher1-stack-letter sheet7 sheet6 (8000)
[t=0.250655s, 11440 KB] Plan length: 65 step(s).
[t=0.250694s, 11440 KB] Plan cost: 1383121
[t=0.250718s, 11440 KB] Solution: Incumbent solution found!
[t=0.250742s, 11440 KB] Solution Timestep: 1682437762473 millisecond(s).
[t=0.250766s, 11440 KB] Timestamp: 1682437762473 millisecond(s).
[t=0.25079s, 11440 KB] Expanded 216 state(s).
[t=0.250813s, 11440 KB] Reopened 0 state(s).
[t=0.250836s, 11440 KB] Evaluated 1174 state(s).
[t=0.250858s, 11440 KB] Evaluations: 2187
[t=0.250881s, 11440 KB] Generated 3489 state(s).
[t=0.250904s, 11440 KB] Dead ends: 0 state(s).
[t=0.250927s, 11440 KB] Number of registered states: 2187
[t=0.250951s, 11440 KB] Int hash set load factor: 2187/4096 = 0.533936
[t=0.250975s, 11440 KB] Int hash set resizes: 12
Peak memory: 491924 KB
caught signal 24 -- exiting
Time limit has been reached.
Remove intermediate file output.sas
search exit code: 23

Driver aborting after search
INFO     Planner time: 896.35s
