INFO     planner time limit: 600s
INFO     planner memory limit: 3584 MB

INFO     Running translator.
INFO     translator stdin: None
INFO     translator time limit: 599s
INFO     translator memory limit: 3584 MB
INFO     translator command line string: /usr/local/downward-projects/downward/experiments/src/thesis/.venv/bin/python3 /usr/local/downward-projects/downward/experiments/src/thesis/data/thesis-thesis_exp/code-84c08dfff1890fbf6247184940c8166177195ea1_e5e41175/builds/release/bin/translate/translate.py domain.pddl problem.pddl --sas-file output.sas
Parsing...
Parsing: [0.120s CPU, 0.130s wall-clock]
Normalizing task... [0.010s CPU, 0.006s wall-clock]
Instantiating...
Generating Datalog program... [0.050s CPU, 0.045s wall-clock]
Normalizing Datalog program...
Normalizing Datalog program: [0.000s CPU, 0.001s wall-clock]
Preparing model... [0.210s CPU, 0.211s wall-clock]
Generated 23 rules.
Computing model... [0.580s CPU, 0.585s wall-clock]
33381 relevant atoms
60724 auxiliary atoms
94105 final queue length
106716 total queue pushes
Completing instantiation... [0.310s CPU, 0.312s wall-clock]
Instantiating: [1.190s CPU, 1.197s wall-clock]
Computing fact groups...
Finding invariants...
9 initial candidates
Finding invariants: [0.010s CPU, 0.007s wall-clock]
Checking invariant weight... [0.010s CPU, 0.011s wall-clock]
Instantiating groups... [0.000s CPU, 0.004s wall-clock]
Collecting mutex groups... [0.000s CPU, 0.000s wall-clock]
Choosing groups...
0 uncovered facts
Choosing groups: [0.000s CPU, 0.001s wall-clock]
Building translation key... [0.000s CPU, 0.000s wall-clock]
Computing fact groups: [0.020s CPU, 0.024s wall-clock]
Building STRIPS to SAS dictionary... [0.000s CPU, 0.000s wall-clock]
Building dictionary for full mutex groups... [0.010s CPU, 0.000s wall-clock]
Building mutex information...
Building mutex information: [0.000s CPU, 0.000s wall-clock]
Translating task...
Processing axioms...
Simplifying axioms... [0.000s CPU, 0.000s wall-clock]
Translator axioms removed by simplifying: 0
Computing negative axioms... [0.000s CPU, 0.000s wall-clock]
Processing axioms: [0.010s CPU, 0.010s wall-clock]
Translating task: [0.200s CPU, 0.204s wall-clock]
0 effect conditions simplified
0 implied preconditions added
Detecting unreachable propositions...
0 operators removed
0 axioms removed
12 propositions removed
Detecting unreachable propositions: [0.180s CPU, 0.178s wall-clock]
Reordering and filtering variables...
12 of 12 variables necessary.
0 of 12 mutex groups necessary.
6572 of 6572 operators necessary.
0 of 0 axiom rules necessary.
Reordering and filtering variables: [0.020s CPU, 0.020s wall-clock]
Translator variables: 12
Translator derived variables: 0
Translator facts: 345
Translator goal facts: 10
Translator mutex groups: 0
Translator total mutex groups size: 0
Translator operators: 6572
Translator axioms: 0
Translator task size: 33027
Translator peak memory: 82424 KB
Writing output... [0.030s CPU, 0.029s wall-clock]
Done! [1.790s CPU, 1.803s wall-clock]
translate exit code: 0

INFO     Running search (release).
INFO     search stdin: output.sas
INFO     search time limit: 598s
INFO     search memory limit: 3584 MB
INFO     search command line string: /usr/local/downward-projects/downward/experiments/src/thesis/data/thesis-thesis_exp/code-84c08dfff1890fbf6247184940c8166177195ea1_e5e41175/builds/release/bin/downward --evaluator 'h=ff()' --search 'eager(partition(h, hi_partition(), inter_uniform(), intra_uniform() )) ' --internal-plan-file sas_plan < output.sas
[t=0s, 11732 KB] reading input...
[t=0.0198095s, 13540 KB] done reading input!
[t=0.0237618s, 14436 KB] Simplifying 12944 unary operators... done! [12944 unary operators]
[t=0.0296254s, 15492 KB] time to simplify: 0.00586357s
[t=0.0303804s, 15492 KB] Initializing additive heuristic...
[t=0.0305993s, 15492 KB] Initializing FF heuristic...
[t=0.0306263s, 15492 KB] Building successor generator...done!
[t=0.0322517s, 15492 KB] peak memory difference for successor generator creation: 0 KB
[t=0.0323127s, 15492 KB] time for successor generation creation: 0.000896886s
[t=0.0323368s, 15492 KB] Variables: 12
[t=0.0324338s, 15492 KB] FactPairs: 345
[t=0.0324578s, 15492 KB] Bytes per state: 8
[t=0.0324813s, 15492 KB] Conducting best first search without reopening closed nodes, (real) bound = 2147483647
[t=0.0325375s, 15492 KB] New best heuristic value for ff(): 29
[t=0.0326564s, 15492 KB] g=0, 1 evaluated, 0 expanded
[t=0.0326801s, 15492 KB] Initial heuristic value for ff(): 29
[t=0.0327089s, 15492 KB] pruning method: none
[t=0.0327307s, 15492 KB] Start Timestep: 1693669941711 millisecond(s).
[t=0.0327774s, 15492 KB] New best heuristic value for ff(): 28
[t=0.0333679s, 15492 KB] g=2, 9 evaluated, 2 expanded
[t=0.0333949s, 15492 KB] New best heuristic value for ff(): 27
[t=0.0339762s, 15492 KB] g=3, 17 evaluated, 3 expanded
[t=0.03543s, 15492 KB] New best heuristic value for ff(): 26
[t=0.0379614s, 15492 KB] g=7, 74 evaluated, 17 expanded
[t=0.0407183s, 15492 KB] New best heuristic value for ff(): 25
[t=0.0425549s, 15492 KB] g=7, 136 evaluated, 29 expanded
[t=0.043313s, 15492 KB] New best heuristic value for ff(): 24
[t=0.0441s, 15492 KB] g=8, 155 evaluated, 33 expanded
[t=0.151214s, 15492 KB] New best heuristic value for ff(): 23
[t=0.153006s, 15492 KB] g=10, 1047 evaluated, 195 expanded
[t=0.246902s, 15492 KB] New best heuristic value for ff(): 22
[t=0.247095s, 15492 KB] g=16, 1553 evaluated, 282 expanded
[t=0.342761s, 15492 KB] New best heuristic value for ff(): 21
[t=0.343978s, 15492 KB] g=11, 1974 evaluated, 355 expanded
[t=0.938322s, 15492 KB] New best heuristic value for ff(): 20
[t=0.940101s, 15492 KB] g=12, 3773 evaluated, 677 expanded
[t=1.28604s, 15492 KB] New best heuristic value for ff(): 19
[t=1.28803s, 15492 KB] g=13, 4524 evaluated, 818 expanded
[t=3.65307s, 16164 KB] New best heuristic value for ff(): 18
[t=3.65343s, 16164 KB] g=24, 7892 evaluated, 1418 expanded
[t=4.55498s, 16344 KB] New best heuristic value for ff(): 17
[t=4.55565s, 16344 KB] g=25, 8795 evaluated, 1581 expanded
[t=8.33735s, 16800 KB] New best heuristic value for ff(): 16
[t=8.33927s, 16800 KB] g=26, 11745 evaluated, 2107 expanded
[t=62.9688s, 20884 KB] New best heuristic value for ff(): 15
[t=62.9719s, 20884 KB] g=29, 30017 evaluated, 5326 expanded
[t=215.033s, 24196 KB] New best heuristic value for ff(): 14
[t=215.036s, 24196 KB] g=29, 49776 evaluated, 8848 expanded
[t=253.017s, 25656 KB] New best heuristic value for ff(): 13
[t=253.019s, 25656 KB] g=30, 52988 evaluated, 9408 expanded
[t=330.292s, 27352 KB] New best heuristic value for ff(): 12
[t=330.293s, 27352 KB] g=31, 58696 evaluated, 10399 expanded
Peak memory: 29080 KB
caught signal 24 -- exiting
Time limit has been reached.
Remove intermediate file output.sas
search exit code: 23

Driver aborting after search
INFO     Planner time: 598.99s
