INFO     planner time limit: 900s
INFO     planner memory limit: 3584 MB

INFO     Running translator.
INFO     translator stdin: None
INFO     translator time limit: 899s
INFO     translator memory limit: 3584 MB
INFO     translator command line string: /usr/local/downward-projects/downward/experiments/.venv/bin/python3 /usr/local/downward-projects/downward/experiments/src/thesis/data/thesis-thesis_exp/code-f7a4f68fd467cf7cff4d3dfcfdfcfa2023e44324_e5e41175/builds/release/bin/translate/translate.py domain.pddl problem.pddl --sas-file output.sas
Parsing...
Parsing: [0.000s CPU, 0.003s wall-clock]
Normalizing task... [0.000s CPU, 0.000s wall-clock]
Instantiating...
Generating Datalog program... [0.000s CPU, 0.001s wall-clock]
Normalizing Datalog program...
Normalizing Datalog program: [0.020s CPU, 0.001s wall-clock]
Preparing model... [0.000s CPU, 0.002s wall-clock]
Generated 21 rules.
Computing model... [0.740s CPU, 0.748s wall-clock]
69462 relevant atoms
46357 auxiliary atoms
115819 final queue length
207336 total queue pushes
Completing instantiation... [2.330s CPU, 2.332s wall-clock]
Instantiating: [3.130s CPU, 3.118s wall-clock]
Computing fact groups...
Finding invariants...
10 initial candidates
Finding invariants: [0.000s CPU, 0.003s wall-clock]
Checking invariant weight... [0.000s CPU, 0.002s wall-clock]
Instantiating groups... [0.080s CPU, 0.075s wall-clock]
Collecting mutex groups... [0.030s CPU, 0.025s wall-clock]
Choosing groups...
152 uncovered facts
Choosing groups: [0.110s CPU, 0.115s wall-clock]
Building translation key... [0.020s CPU, 0.018s wall-clock]
Computing fact groups: [0.350s CPU, 0.354s wall-clock]
Building STRIPS to SAS dictionary... [0.010s CPU, 0.014s wall-clock]
Building dictionary for full mutex groups... [0.050s CPU, 0.045s wall-clock]
Building mutex information...
Building mutex information: [0.040s CPU, 0.037s wall-clock]
Translating task...
Processing axioms...
Simplifying axioms... [0.000s CPU, 0.000s wall-clock]
Translator axioms removed by simplifying: 0
Computing negative axioms... [0.000s CPU, 0.000s wall-clock]
Processing axioms: [0.060s CPU, 0.065s wall-clock]
Translating task: [2.400s CPU, 2.409s wall-clock]
68252 effect conditions simplified
0 implied preconditions added
Detecting unreachable propositions...
0 operators removed
0 axioms removed
302 propositions removed
Detecting unreachable propositions: [1.480s CPU, 1.496s wall-clock]
Reordering and filtering variables...
303 of 303 variables necessary.
152 of 303 mutex groups necessary.
45602 of 45602 operators necessary.
0 of 0 axiom rules necessary.
Reordering and filtering variables: [0.460s CPU, 0.456s wall-clock]
Translator variables: 303
Translator derived variables: 0
Translator facts: 23256
Translator goal facts: 137
Translator mutex groups: 152
Translator total mutex groups size: 23104
Translator operators: 45602
Translator axioms: 0
Translator task size: 388362
Translator peak memory: 272136 KB
Writing output... [0.290s CPU, 0.292s wall-clock]
Done! [8.310s CPU, 8.328s wall-clock]
translate exit code: 0

INFO     Running search (release).
INFO     search stdin: output.sas
INFO     search time limit: 891s
INFO     search memory limit: 3584 MB
INFO     search command line string: /usr/local/downward-projects/downward/experiments/src/thesis/data/thesis-thesis_exp/code-f7a4f68fd467cf7cff4d3dfcfdfcfa2023e44324_e5e41175/builds/release/bin/downward --evaluator 'h=ff()' --search 'eager(epsilon_greedy(h, epsilon=0.2))' --internal-plan-file sas_plan < output.sas
[t=0s, 11000 KB] reading input...
[t=0.447136s, 190464 KB] done reading input!
[t=0.471088s, 200772 KB] Simplifying 182106 unary operators... done! [136806 unary operators]
[t=0.801459s, 217456 KB] time to simplify: 0.330371s
[t=0.809404s, 217456 KB] Initializing additive heuristic...
[t=0.810713s, 217456 KB] Initializing FF heuristic...
[t=0.810744s, 217456 KB] Building successor generator...done!
[t=0.826662s, 217456 KB] peak memory difference for successor generator creation: 0 KB
[t=0.826775s, 217456 KB] time for successor generation creation: 0.0152827s
[t=0.826802s, 217456 KB] Variables: 303
[t=0.827813s, 217456 KB] FactPairs: 23256
[t=0.827837s, 217456 KB] Bytes per state: 172
[t=0.827861s, 217456 KB] Conducting best first search without reopening closed nodes, (real) bound = 2147483647
[t=0.828952s, 217456 KB] New best heuristic value for ff(): 285
[t=0.832825s, 217456 KB] g=0, 1 evaluated, 0 expanded
[t=0.832855s, 217456 KB] Initial heuristic value for ff(): 285
[t=0.832907s, 217456 KB] pruning method: none
[t=0.832934s, 217456 KB] Start Timestep: 1684346893083 millisecond(s).
[t=0.860838s, 217456 KB] New best heuristic value for ff(): 284
[t=0.862855s, 217456 KB] g=2, 13 evaluated, 2 expanded
[t=0.916744s, 217456 KB] New best heuristic value for ff(): 283
[t=0.918598s, 217456 KB] g=4, 35 evaluated, 4 expanded
[t=2.48421s, 217456 KB] New best heuristic value for ff(): 282
[t=2.4859s, 217456 KB] g=8, 684 evaluated, 56 expanded
[t=2.63996s, 217456 KB] New best heuristic value for ff(): 281
[t=2.64184s, 217456 KB] g=10, 749 evaluated, 62 expanded
[t=265.601s, 227500 KB] New best heuristic value for ff(): 280
[t=265.601s, 227500 KB] g=16, 108895 evaluated, 9627 expanded
Peak memory: 285528 KB
caught signal 24 -- exiting
Time limit has been reached.
Remove intermediate file output.sas
search exit code: 23

Driver aborting after search
INFO     Planner time: 896.61s
