INFO     planner time limit: 600s
INFO     planner memory limit: 3584 MB

INFO     Running translator.
INFO     translator stdin: None
INFO     translator time limit: 599s
INFO     translator memory limit: 3584 MB
INFO     translator command line string: /usr/local/downward-projects/downward/experiments/src/thesis/.venv/bin/python3 /usr/local/downward-projects/downward/experiments/src/thesis/data/thesis-thesis_exp/code-84c08dfff1890fbf6247184940c8166177195ea1_e5e41175/builds/release/bin/translate/translate.py domain.pddl problem.pddl --sas-file output.sas
Parsing...
Parsing: [0.000s CPU, 0.002s wall-clock]
Normalizing task... [0.000s CPU, 0.000s wall-clock]
Instantiating...
Generating Datalog program... [0.000s CPU, 0.001s wall-clock]
Normalizing Datalog program...
Normalizing Datalog program: [0.000s CPU, 0.002s wall-clock]
Preparing model... [0.000s CPU, 0.001s wall-clock]
Generated 51 rules.
Computing model... [0.230s CPU, 0.224s wall-clock]
29701 relevant atoms
8838 auxiliary atoms
38539 final queue length
99451 total queue pushes
Completing instantiation... [1.290s CPU, 1.295s wall-clock]
Instantiating: [1.530s CPU, 1.534s wall-clock]
Computing fact groups...
Finding invariants...
5 initial candidates
Finding invariants: [0.030s CPU, 0.022s wall-clock]
Checking invariant weight... [0.000s CPU, 0.000s wall-clock]
Instantiating groups... [0.000s CPU, 0.001s wall-clock]
Collecting mutex groups... [0.000s CPU, 0.000s wall-clock]
Choosing groups...
18 uncovered facts
Choosing groups: [0.000s CPU, 0.001s wall-clock]
Building translation key... [0.000s CPU, 0.000s wall-clock]
Computing fact groups: [0.030s CPU, 0.026s wall-clock]
Building STRIPS to SAS dictionary... [0.000s CPU, 0.000s wall-clock]
Building dictionary for full mutex groups... [0.000s CPU, 0.000s wall-clock]
Building mutex information...
Building mutex information: [0.000s CPU, 0.000s wall-clock]
Translating task...
Processing axioms...
Simplifying axioms... [0.000s CPU, 0.000s wall-clock]
Translator axioms removed by simplifying: 0
Computing negative axioms... [0.000s CPU, 0.000s wall-clock]
Processing axioms: [0.030s CPU, 0.036s wall-clock]
Translating task: [0.770s CPU, 0.777s wall-clock]
0 effect conditions simplified
0 implied preconditions added
Detecting unreachable propositions...
0 operators removed
0 axioms removed
18 propositions removed
Detecting unreachable propositions: [0.600s CPU, 0.599s wall-clock]
Reordering and filtering variables...
36 of 36 variables necessary.
18 of 36 mutex groups necessary.
27540 of 27540 operators necessary.
0 of 0 axiom rules necessary.
Reordering and filtering variables: [0.080s CPU, 0.083s wall-clock]
Translator variables: 36
Translator derived variables: 0
Translator facts: 360
Translator goal facts: 36
Translator mutex groups: 18
Translator total mutex groups size: 324
Translator operators: 27540
Translator axioms: 0
Translator task size: 141210
Translator peak memory: 135524 KB
Writing output... [0.120s CPU, 0.113s wall-clock]
Done! [3.180s CPU, 3.179s wall-clock]
translate exit code: 0

INFO     Running search (release).
INFO     search stdin: output.sas
INFO     search time limit: 596s
INFO     search memory limit: 3584 MB
INFO     search command line string: /usr/local/downward-projects/downward/experiments/src/thesis/data/thesis-thesis_exp/code-84c08dfff1890fbf6247184940c8166177195ea1_e5e41175/builds/release/bin/downward --evaluator 'h=ff()' --search 'eager(partition(h, hi_partition(), inter_uniform(), intra_uniform() )) ' --internal-plan-file sas_plan < output.sas
[t=0s, 11732 KB] reading input...
[t=0.0839484s, 19860 KB] done reading input!
[t=0.0918942s, 22600 KB] Simplifying 57834 unary operators... done! [52326 unary operators]
[t=0.128443s, 27448 KB] time to simplify: 0.0398785s
[t=0.134141s, 27448 KB] Initializing additive heuristic...
[t=0.135028s, 27448 KB] Initializing FF heuristic...
[t=0.135057s, 27448 KB] Building successor generator...done!
[t=0.144405s, 27448 KB] peak memory difference for successor generator creation: 0 KB
[t=0.144529s, 27448 KB] time for successor generation creation: 0.00851399s
[t=0.144556s, 27448 KB] Variables: 36
[t=0.144585s, 27448 KB] FactPairs: 360
[t=0.144608s, 27448 KB] Bytes per state: 16
[t=0.144633s, 27448 KB] Conducting best first search without reopening closed nodes, (real) bound = 2147483647
[t=0.144697s, 27448 KB] New best heuristic value for ff(): 63
[t=0.145793s, 27448 KB] g=0, 1 evaluated, 0 expanded
[t=0.14582s, 27448 KB] Initial heuristic value for ff(): 63
[t=0.145853s, 27448 KB] pruning method: none
[t=0.145877s, 27448 KB] Start Timestep: 1693558234484 millisecond(s).
[t=0.145924s, 27448 KB] New best heuristic value for ff(): 60
[t=0.14651s, 27448 KB] g=3, 2 evaluated, 1 expanded
[t=0.183444s, 27448 KB] New best heuristic value for ff(): 59
[t=0.186911s, 27448 KB] g=6, 92 evaluated, 2 expanded
[t=0.195369s, 27448 KB] New best heuristic value for ff(): 56
[t=0.197683s, 27448 KB] g=6, 116 evaluated, 2 expanded
[t=0.227288s, 27448 KB] New best heuristic value for ff(): 54
[t=0.228862s, 27448 KB] g=9, 182 evaluated, 3 expanded
[t=0.751141s, 27448 KB] New best heuristic value for ff(): 53
[t=0.751577s, 27448 KB] g=12, 1163 evaluated, 14 expanded
[t=1.13104s, 27448 KB] New best heuristic value for ff(): 51
[t=1.13433s, 27448 KB] g=15, 1778 evaluated, 21 expanded
[t=1.89489s, 27448 KB] New best heuristic value for ff(): 50
[t=1.89745s, 27448 KB] g=19, 2832 evaluated, 33 expanded
[t=2.03879s, 27448 KB] New best heuristic value for ff(): 49
[t=2.04087s, 27448 KB] g=20, 3010 evaluated, 35 expanded
[t=2.09072s, 27448 KB] New best heuristic value for ff(): 48
[t=2.09384s, 27448 KB] g=20, 3072 evaluated, 35 expanded
[t=16.0133s, 27448 KB] New best heuristic value for ff(): 47
[t=16.0154s, 27448 KB] g=23, 12463 evaluated, 144 expanded
[t=16.8851s, 27448 KB] New best heuristic value for ff(): 46
[t=16.8871s, 27448 KB] g=26, 12852 evaluated, 149 expanded
[t=21.8162s, 27620 KB] New best heuristic value for ff(): 45
[t=21.8183s, 27620 KB] g=29, 14847 evaluated, 172 expanded
[t=47.3507s, 29716 KB] New best heuristic value for ff(): 44
[t=47.3525s, 29716 KB] g=27, 22034 evaluated, 256 expanded
[t=147.115s, 32740 KB] New best heuristic value for ff(): 43
[t=147.116s, 32740 KB] g=33, 36233 evaluated, 422 expanded
[t=313.683s, 36040 KB] New best heuristic value for ff(): 42
[t=313.683s, 36040 KB] g=34, 47304 evaluated, 552 expanded
[t=367.663s, 36568 KB] New best heuristic value for ff(): 41
[t=367.663s, 36568 KB] g=35, 50271 evaluated, 587 expanded
Peak memory: 39088 KB
caught signal 24 -- exiting
Time limit has been reached.
Remove intermediate file output.sas
search exit code: 23

Driver aborting after search
INFO     Planner time: 595.28s
