INFO     planner time limit: 600s
INFO     planner memory limit: 3584 MB

INFO     Running translator.
INFO     translator stdin: None
INFO     translator time limit: 599s
INFO     translator memory limit: 3584 MB
INFO     translator command line string: /usr/local/downward-projects/downward/experiments/assign3/.venv/bin/python3 /usr/local/downward-projects/downward/experiments/assign3/data/assign3-anytime_exp/code-1fb14623350588fb782db39ad332c8a25eda53d6_e5e41175/builds/release/bin/translate/translate.py domain.pddl problem.pddl --sas-file output.sas
Parsing...
Parsing: [0.010s CPU, 0.006s wall-clock]
Normalizing task... [0.000s CPU, 0.000s wall-clock]
Instantiating...
Generating Datalog program... [0.000s CPU, 0.001s wall-clock]
Normalizing Datalog program...
Normalizing Datalog program: [0.010s CPU, 0.006s wall-clock]
Preparing model... [0.000s CPU, 0.004s wall-clock]
Generated 350 rules.
Computing model... [0.010s CPU, 0.005s wall-clock]
338 relevant atoms
494 auxiliary atoms
832 final queue length
1036 total queue pushes
Completing instantiation... [0.000s CPU, 0.003s wall-clock]
Instantiating: [0.020s CPU, 0.019s wall-clock]
Computing fact groups...
Finding invariants...
20 initial candidates
Finding invariants: [0.010s CPU, 0.005s wall-clock]
Checking invariant weight... [0.000s CPU, 0.000s wall-clock]
Instantiating groups... [0.000s CPU, 0.000s wall-clock]
Collecting mutex groups... [0.000s CPU, 0.000s wall-clock]
Choosing groups...
38 uncovered facts
Choosing groups: [0.000s CPU, 0.000s wall-clock]
Building translation key... [0.000s CPU, 0.000s wall-clock]
Computing fact groups: [0.010s CPU, 0.006s wall-clock]
Building STRIPS to SAS dictionary... [0.000s CPU, 0.000s wall-clock]
Building dictionary for full mutex groups... [0.000s CPU, 0.000s wall-clock]
Building mutex information...
Building mutex information: [0.000s CPU, 0.000s wall-clock]
Translating task...
Processing axioms...
Simplifying axioms... [0.000s CPU, 0.000s wall-clock]
Translator axioms removed by simplifying: 0
Computing negative axioms... [0.000s CPU, 0.000s wall-clock]
Processing axioms: [0.000s CPU, 0.000s wall-clock]
Translating task: [0.000s CPU, 0.003s wall-clock]
57 effect conditions simplified
0 implied preconditions added
Detecting unreachable propositions...
0 operators removed
0 axioms removed
4 propositions removed
Detecting unreachable propositions: [0.000s CPU, 0.001s wall-clock]
Reordering and filtering variables...
33 of 39 variables necessary.
0 of 2 mutex groups necessary.
99 of 99 operators necessary.
0 of 0 axiom rules necessary.
Reordering and filtering variables: [0.000s CPU, 0.001s wall-clock]
Translator variables: 33
Translator derived variables: 0
Translator facts: 104
Translator goal facts: 12
Translator mutex groups: 0
Translator total mutex groups size: 0
Translator operators: 99
Translator axioms: 0
Translator task size: 739
Translator peak memory: 32880 KB
Writing output... [0.000s CPU, 0.001s wall-clock]
Done! [0.040s CPU, 0.039s wall-clock]
translate exit code: 0

INFO     Running search (release).
INFO     search stdin: output.sas
INFO     search time limit: 599s
INFO     search memory limit: 3584 MB
INFO     search command line string: /usr/local/downward-projects/downward/experiments/assign3/data/assign3-anytime_exp/code-1fb14623350588fb782db39ad332c8a25eda53d6_e5e41175/builds/release/bin/downward --evaluator 'h=lmcut()' --search 'eager_anytime(single(sum([weight(h, 2, verbosity=normal), g()])), 
        reopen_closed=true, f_eval=sum([h, g()]))' --internal-plan-file sas_plan < output.sas
[t=0.00210352s, 10884 KB] reading input...
[t=0.00234767s, 10884 KB] done reading input!
[t=0.00416163s, 11140 KB] Initializing landmark cut heuristic...
[t=0.00454691s, 11140 KB] Building successor generator...done!
[t=0.00469626s, 11140 KB] peak memory difference for successor generator creation: 0 KB
[t=0.00473814s, 11140 KB] time for successor generation creation: 0s
[t=0.00476253s, 11140 KB] Variables: 33
[t=0.00478819s, 11140 KB] FactPairs: 104
[t=0.00481104s, 11140 KB] Bytes per state: 8
[t=0.00483462s, 11140 KB] Conducting best first anytime search with reopening closed nodes, (real) bound = 2147483647
[t=0.00488017s, 11276 KB] New best heuristic value for lmcut(): 425725
[t=0.00499645s, 11276 KB] g=0, 1 evaluated, 0 expanded
[t=0.00502015s, 11276 KB] Initial heuristic value for lmcut(): 425725
[t=0.00505031s, 11276 KB] Start Timestep: 1681997369400 millisecond(s).
[t=0.00508578s, 11276 KB] New best heuristic value for lmcut(): 425225
[t=0.00522746s, 11276 KB] g=899, 3 evaluated, 2 expanded
[t=0.0052514s, 11276 KB] New best heuristic value for lmcut(): 422137
[t=0.00537673s, 11276 KB] g=3588, 5 evaluated, 3 expanded
[t=0.00539975s, 11276 KB] New best heuristic value for lmcut(): 411247
[t=0.00560936s, 11276 KB] g=14478, 9 evaluated, 4 expanded
[t=0.00563414s, 11276 KB] New best heuristic value for lmcut(): 410747
[t=0.00583632s, 11276 KB] g=15377, 13 evaluated, 5 expanded
[t=0.00586019s, 11276 KB] New best heuristic value for lmcut(): 407659
[t=0.00600729s, 11276 KB] g=18066, 16 evaluated, 6 expanded
[t=0.0070718s, 11276 KB] New best heuristic value for lmcut(): 288924
[t=0.00712326s, 11276 KB] g=153620, 44 evaluated, 15 expanded
[t=0.00714866s, 11276 KB] New best heuristic value for lmcut(): 261215
[t=0.00726498s, 11276 KB] g=181329, 47 evaluated, 16 expanded
[t=0.00738233s, 11276 KB] New best heuristic value for lmcut(): 250008
[t=0.00744048s, 11276 KB] g=192536, 51 evaluated, 17 expanded
[t=0.0074661s, 11276 KB] New best heuristic value for lmcut(): 246757
[t=0.00754168s, 11276 KB] g=195787, 53 evaluated, 18 expanded
[t=0.00909532s, 11276 KB] New best heuristic value for lmcut(): 85168
[t=0.0100526s, 11276 KB] g=425088, 135 evaluated, 52 expanded
[t=0.0100777s, 11276 KB] New best heuristic value for lmcut(): 6249
[t=0.010118s, 11276 KB] g=504007, 136 evaluated, 53 expanded
[t=0.010142s, 11276 KB] New best heuristic value for lmcut(): 2998
[t=0.0101918s, 11276 KB] g=507258, 138 evaluated, 54 expanded
[t=0.0102136s, 11276 KB] New best heuristic value for lmcut(): 1499
[t=0.0102672s, 11276 KB] g=508757, 140 evaluated, 55 expanded
[t=0.0102897s, 11276 KB] New best heuristic value for lmcut(): 0
[t=0.0103189s, 11276 KB] g=510256, 141 evaluated, 56 expanded
[t=0.0103416s, 11276 KB] Solution found!
initialize  (0)
fe1-feedmsi-letter sheet1 (500)
im1-movelower-letter sheet1 (3088)
lc1-fmove-letter sheet1 (10890)
fe1-feedmsi-letter sheet2 (500)
im1-movelower-letter sheet2 (3088)
lc1-divert-letter sheet2 back front (11805)
lbe-simplex-letter sheet2 front image-2 (123749)
lc1-merge-letter sheet2 (27709)
lc2-fmove-letter sheet2 (11207)
om-lowerout-letter sheet2 (3251)
lc2-divert-letter sheet1 back front (17452)
lre-simplex-letter sheet1 front image-1 (211849)
lc2-mergeinvert-letter sheet1 (78919)
om-lowerout-letter sheet1 (3251)
sys-stack-letter sheet1 dummy-sheet (1499)
sys-stack-letter sheet2 sheet1 (1499)
[t=0.0105312s, 11276 KB] Plan length: 17 step(s).
[t=0.0105643s, 11276 KB] Plan cost: 510256
[t=0.0105872s, 11276 KB] Solution: Incumbent solution found!
[t=0.0106152s, 11276 KB] Solution Timestep: 1681997369407 millisecond(s).
[t=0.010639s, 11276 KB] Timestamp: 1681997369407 millisecond(s).
[t=0.0106618s, 11276 KB] Expanded 57 state(s).
[t=0.0106848s, 11276 KB] Reopened 0 state(s).
[t=0.0107076s, 11276 KB] Evaluated 141 state(s).
[t=0.0107296s, 11276 KB] Evaluations: 148
[t=0.0107519s, 11276 KB] Generated 184 state(s).
[t=0.0107742s, 11276 KB] Dead ends: 0 state(s).
[t=0.0107964s, 11276 KB] Number of registered states: 148
[t=0.0108196s, 11276 KB] Int hash set load factor: 148/256 = 0.578125
[t=0.0108462s, 11276 KB] Int hash set resizes: 8
[t=0.0276078s, 11276 KB] Optimal Solution: found
[t=0.0281796s, 11276 KB] Actual search time: 0.0230939s
initialize  (0)
fe1-feedmsi-letter sheet1 (500)
im1-movelower-letter sheet1 (3088)
lc1-fmove-letter sheet1 (10890)
fe1-feedmsi-letter sheet2 (500)
im1-movelower-letter sheet2 (3088)
lc1-divert-letter sheet2 back front (11805)
lbe-simplex-letter sheet2 front image-2 (123749)
lc1-merge-letter sheet2 (27709)
lc2-fmove-letter sheet2 (11207)
om-lowerout-letter sheet2 (3251)
lc2-divert-letter sheet1 back front (17452)
lre-simplex-letter sheet1 front image-1 (211849)
lc2-mergeinvert-letter sheet1 (78919)
om-lowerout-letter sheet1 (3251)
sys-stack-letter sheet1 dummy-sheet (1499)
sys-stack-letter sheet2 sheet1 (1499)
[t=0.0282115s, 11276 KB] Plan length: 17 step(s).
[t=0.0282115s, 11276 KB] Plan cost: 510256
[t=0.0282115s, 11276 KB] Timestamp: 1681997369425 millisecond(s).
[t=0.0282115s, 11276 KB] Expanded 382 state(s).
[t=0.0282115s, 11276 KB] Reopened 29 state(s).
[t=0.0282115s, 11276 KB] Evaluated 353 state(s).
[t=0.0282115s, 11276 KB] Evaluations: 711
[t=0.0282115s, 11276 KB] Generated 1343 state(s).
[t=0.0282115s, 11276 KB] Dead ends: 0 state(s).
[t=0.0282115s, 11276 KB] Number of registered states: 711
[t=0.0282115s, 11276 KB] Int hash set load factor: 711/1024 = 0.694336
[t=0.0282115s, 11276 KB] Int hash set resizes: 10
[t=0.0282115s, 11276 KB] Search time: 0.0233769s
[t=0.0282115s, 11276 KB] Total time: 0.0282115s
Solution found.
Peak memory: 11276 KB
Remove intermediate file output.sas
search exit code: 0

INFO     Running validate.
INFO     validate stdin: None
INFO     validate time limit: None
INFO     validate memory limit: None
INFO     validate command line string: validate domain.pddl problem.pddl sas_plan sas_plan.1
Checking plan: sas_plan
Plan executed successfully - checking goal
Plan valid
Final value: 510256 
Checking plan: sas_plan.1
Plan executed successfully - checking goal
Plan valid
Final value: 510256 

Successful plans:
Value: 510256
 sas_plan 510256 
sas_plan.1 510256 

validate exit code: 0

INFO     Planner time: 0.15s
