INFO     planner time limit: 300s
INFO     planner memory limit: 3584 MB

INFO     Running translator.
INFO     translator stdin: None
INFO     translator time limit: 299s
INFO     translator memory limit: 3584 MB
INFO     translator command line string: /usr/local/downward-projects/downward/experiments/.venv/bin/python3 /usr/local/downward-projects/downward/experiments/src/thesis/data/thesis-thesis_exp/code-d93485cdd92f65ede2ae3573b3f4adda0b49e4fd_e5e41175/builds/release/bin/translate/translate.py domain.pddl problem.pddl --sas-file output.sas
Parsing...
Parsing: [0.010s CPU, 0.003s wall-clock]
Normalizing task... [0.000s CPU, 0.000s wall-clock]
Instantiating...
Generating Datalog program... [0.000s CPU, 0.001s wall-clock]
Normalizing Datalog program...
Normalizing Datalog program: [0.000s CPU, 0.001s wall-clock]
Preparing model... [0.000s CPU, 0.002s wall-clock]
Generated 26 rules.
Computing model... [0.210s CPU, 0.214s wall-clock]
22404 relevant atoms
17064 auxiliary atoms
39468 final queue length
80224 total queue pushes
Completing instantiation... [0.880s CPU, 0.878s wall-clock]
Instantiating: [1.100s CPU, 1.105s wall-clock]
Computing fact groups...
Finding invariants...
9 initial candidates
Finding invariants: [0.010s CPU, 0.011s wall-clock]
Checking invariant weight... [0.000s CPU, 0.000s wall-clock]
Instantiating groups... [0.000s CPU, 0.002s wall-clock]
Collecting mutex groups... [0.000s CPU, 0.000s wall-clock]
Choosing groups...
0 uncovered facts
Choosing groups: [0.010s CPU, 0.001s wall-clock]
Building translation key... [0.000s CPU, 0.001s wall-clock]
Computing fact groups: [0.020s CPU, 0.019s wall-clock]
Building STRIPS to SAS dictionary... [0.000s CPU, 0.000s wall-clock]
Building dictionary for full mutex groups... [0.000s CPU, 0.000s wall-clock]
Building mutex information...
Building mutex information: [0.000s CPU, 0.000s wall-clock]
Translating task...
Processing axioms...
Simplifying axioms... [0.000s CPU, 0.000s wall-clock]
Translator axioms removed by simplifying: 0
Computing negative axioms... [0.000s CPU, 0.000s wall-clock]
Processing axioms: [0.030s CPU, 0.028s wall-clock]
Translating task: [0.580s CPU, 0.587s wall-clock]
0 effect conditions simplified
0 implied preconditions added
Detecting unreachable propositions...
0 operators removed
0 axioms removed
24 propositions removed
Detecting unreachable propositions: [0.440s CPU, 0.437s wall-clock]
Reordering and filtering variables...
24 of 24 variables necessary.
0 of 24 mutex groups necessary.
21136 of 21136 operators necessary.
0 of 0 axiom rules necessary.
Reordering and filtering variables: [0.070s CPU, 0.070s wall-clock]
Translator variables: 24
Translator derived variables: 0
Translator facts: 884
Translator goal facts: 16
Translator mutex groups: 0
Translator total mutex groups size: 0
Translator operators: 21136
Translator axioms: 0
Translator task size: 125772
Translator peak memory: 115664 KB
Writing output... [0.090s CPU, 0.093s wall-clock]
Done! [2.350s CPU, 2.349s wall-clock]
translate exit code: 0

INFO     Running search (release).
INFO     search stdin: output.sas
INFO     search time limit: 297s
INFO     search memory limit: 3584 MB
INFO     search command line string: /usr/local/downward-projects/downward/experiments/src/thesis/data/thesis-thesis_exp/code-d93485cdd92f65ede2ae3573b3f4adda0b49e4fd_e5e41175/builds/release/bin/downward --evaluator 'h=ff()' --search 'eager( alt( [lwm_intra_explore_type(h), single(h)] ) )' --internal-plan-file sas_plan < output.sas
[t=0.00275663s, 11364 KB] reading input...
[t=0.0666534s, 17696 KB] done reading input!
[t=0.0745941s, 20000 KB] Simplifying 41616 unary operators... done! [41616 unary operators]
[t=0.108166s, 23640 KB] time to simplify: 0.0358772s
[t=0.1108s, 23640 KB] Initializing additive heuristic...
[t=0.111576s, 23640 KB] Initializing FF heuristic...
[t=0.111604s, 23640 KB] Building successor generator...done!
[t=0.119671s, 24628 KB] peak memory difference for successor generator creation: 988 KB
[t=0.119737s, 24628 KB] time for successor generation creation: 0.00752164s
[t=0.119762s, 24628 KB] Variables: 24
[t=0.119789s, 24628 KB] FactPairs: 884
[t=0.119813s, 24628 KB] Bytes per state: 20
[t=0.119836s, 24628 KB] Conducting best first search without reopening closed nodes, (real) bound = 2147483647
[t=0.119897s, 24628 KB] New best heuristic value for ff(): 416
[t=0.120611s, 24628 KB] g=0, 1 evaluated, 0 expanded
[t=0.12064s, 24628 KB] Initial heuristic value for ff(): 416
[t=0.120674s, 24628 KB] pruning method: none
[t=0.120697s, 24628 KB] Start Timestep: 1687910208382 millisecond(s).
[t=0.122207s, 24628 KB] New best heuristic value for ff(): 415
[t=0.122262s, 24628 KB] g=1, 4 evaluated, 1 expanded
[t=0.12229s, 24628 KB] New best heuristic value for ff(): 381
[t=0.123349s, 24628 KB] g=14, 6 evaluated, 1 expanded
[t=0.130127s, 24628 KB] New best heuristic value for ff(): 380
[t=0.130537s, 24628 KB] g=15, 21 evaluated, 2 expanded
[t=0.142074s, 24628 KB] New best heuristic value for ff(): 360
[t=0.142906s, 24628 KB] g=35, 47 evaluated, 4 expanded
[t=0.154045s, 24628 KB] New best heuristic value for ff(): 359
[t=0.157755s, 24628 KB] g=36, 78 evaluated, 6 expanded
[t=0.173892s, 24628 KB] New best heuristic value for ff(): 358
[t=0.174446s, 24628 KB] g=37, 113 evaluated, 8 expanded
[t=3.4802s, 24760 KB] New best heuristic value for ff(): 357
[t=3.48421s, 24760 KB] g=114, 7051 evaluated, 657 expanded
[t=18.2845s, 31528 KB] New best heuristic value for ff(): 356
[t=18.2849s, 31528 KB] g=160, 36901 evaluated, 3329 expanded
[t=38.2424s, 39084 KB] New best heuristic value for ff(): 350
[t=38.2449s, 39084 KB] g=238, 69768 evaluated, 6190 expanded
[t=38.2503s, 39084 KB] New best heuristic value for ff(): 349
[t=38.2507s, 39084 KB] g=239, 69777 evaluated, 6191 expanded
[t=254.161s, 97360 KB] New best heuristic value for ff(): 339
[t=254.163s, 97360 KB] g=137, 430231 evaluated, 39212 expanded
[t=285.205s, 107048 KB] New best heuristic value for ff(): 337
[t=285.205s, 107048 KB] g=426, 481760 evaluated, 43738 expanded
Peak memory: 109164 KB
caught signal 24 -- exiting
Time limit has been reached.
Remove intermediate file output.sas
search exit code: 23

Driver aborting after search
INFO     Planner time: 298.90s
