INFO     planner time limit: 300s
INFO     planner memory limit: 3584 MB

INFO     Running translator.
INFO     translator stdin: None
INFO     translator time limit: 299s
INFO     translator memory limit: 3584 MB
INFO     translator command line string: /usr/local/downward-projects/downward/experiments/.venv/bin/python3 /usr/local/downward-projects/downward/experiments/src/thesis/data/thesis-thesis_exp/code-d93485cdd92f65ede2ae3573b3f4adda0b49e4fd_e5e41175/builds/release/bin/translate/translate.py domain.pddl problem.pddl --sas-file output.sas
Parsing...
Parsing: [0.010s CPU, 0.004s wall-clock]
Normalizing task... [0.000s CPU, 0.000s wall-clock]
Instantiating...
Generating Datalog program... [0.000s CPU, 0.001s wall-clock]
Normalizing Datalog program...
Normalizing Datalog program: [0.000s CPU, 0.004s wall-clock]
Preparing model... [0.010s CPU, 0.003s wall-clock]
Generated 211 rules.
Computing model... [0.010s CPU, 0.010s wall-clock]
790 relevant atoms
1094 auxiliary atoms
1884 final queue length
2580 total queue pushes
Completing instantiation... [0.000s CPU, 0.009s wall-clock]
Instantiating: [0.020s CPU, 0.027s wall-clock]
Computing fact groups...
Finding invariants...
20 initial candidates
Finding invariants: [0.000s CPU, 0.004s wall-clock]
Checking invariant weight... [0.000s CPU, 0.000s wall-clock]
Instantiating groups... [0.000s CPU, 0.000s wall-clock]
Collecting mutex groups... [0.000s CPU, 0.000s wall-clock]
Choosing groups...
193 uncovered facts
Choosing groups: [0.000s CPU, 0.001s wall-clock]
Building translation key... [0.000s CPU, 0.001s wall-clock]
Computing fact groups: [0.000s CPU, 0.007s wall-clock]
Building STRIPS to SAS dictionary... [0.000s CPU, 0.000s wall-clock]
Building dictionary for full mutex groups... [0.000s CPU, 0.000s wall-clock]
Building mutex information...
Building mutex information: [0.000s CPU, 0.000s wall-clock]
Translating task...
Processing axioms...
Simplifying axioms... [0.000s CPU, 0.000s wall-clock]
Translator axioms removed by simplifying: 0
Computing negative axioms... [0.000s CPU, 0.000s wall-clock]
Processing axioms: [0.000s CPU, 0.001s wall-clock]
Translating task: [0.010s CPU, 0.010s wall-clock]
225 effect conditions simplified
0 implied preconditions added
Detecting unreachable propositions...
0 operators removed
0 axioms removed
10 propositions removed
Detecting unreachable propositions: [0.000s CPU, 0.006s wall-clock]
Reordering and filtering variables...
80 of 200 variables necessary.
0 of 8 mutex groups necessary.
345 of 345 operators necessary.
0 of 0 axiom rules necessary.
Reordering and filtering variables: [0.010s CPU, 0.003s wall-clock]
Translator variables: 80
Translator derived variables: 0
Translator facts: 240
Translator goal facts: 48
Translator mutex groups: 0
Translator total mutex groups size: 0
Translator operators: 345
Translator axioms: 0
Translator task size: 2467
Translator peak memory: 34136 KB
Writing output... [0.000s CPU, 0.002s wall-clock]
Done! [0.060s CPU, 0.060s wall-clock]
translate exit code: 0

INFO     Running search (release).
INFO     search stdin: output.sas
INFO     search time limit: 299s
INFO     search memory limit: 3584 MB
INFO     search command line string: /usr/local/downward-projects/downward/experiments/src/thesis/data/thesis-thesis_exp/code-d93485cdd92f65ede2ae3573b3f4adda0b49e4fd_e5e41175/builds/release/bin/downward --evaluator 'h=ff()' --search 'eager(epsilon_greedy(h, epsilon=0.2))' --internal-plan-file sas_plan < output.sas
[t=0s, 11364 KB] reading input...
[t=0.00181739s, 11488 KB] done reading input!
[t=0.00396939s, 11752 KB] Simplifying 674 unary operators... done! [370 unary operators]
[t=0.00490863s, 11752 KB] time to simplify: 0.000939245s
[t=0.00496042s, 11752 KB] Initializing additive heuristic...
[t=0.00501783s, 11752 KB] Initializing FF heuristic...
[t=0.00504278s, 11752 KB] Building successor generator...done!
[t=0.00526196s, 11888 KB] peak memory difference for successor generator creation: 136 KB
[t=0.0053066s, 11888 KB] time for successor generation creation: 0s
[t=0.00533179s, 11888 KB] Variables: 80
[t=0.00535896s, 11888 KB] FactPairs: 240
[t=0.00538278s, 11888 KB] Bytes per state: 16
[t=0.00540601s, 11888 KB] Conducting best first search without reopening closed nodes, (real) bound = 2147483647
[t=0.00545099s, 11888 KB] New best heuristic value for ff(): 2742588
[t=0.00550667s, 11888 KB] g=0, 1 evaluated, 0 expanded
[t=0.00553106s, 11888 KB] Initial heuristic value for ff(): 2742588
[t=0.00556088s, 11888 KB] pruning method: none
[t=0.00558373s, 11888 KB] Start Timestep: 1687937012926 millisecond(s).
[t=0.00562182s, 11888 KB] New best heuristic value for ff(): 2742463
[t=0.00569933s, 11888 KB] g=224, 3 evaluated, 2 expanded
[t=0.00572279s, 11888 KB] New best heuristic value for ff(): 2742338
[t=0.00593072s, 11888 KB] g=349, 13 evaluated, 3 expanded
[t=0.00595486s, 11888 KB] New best heuristic value for ff(): 2740839
[t=0.00616s, 11888 KB] g=1749, 23 evaluated, 4 expanded
[t=0.00618505s, 11888 KB] New best heuristic value for ff(): 2602050
[t=0.00633582s, 11888 KB] g=9749, 30 evaluated, 5 expanded
[t=0.00636036s, 11888 KB] New best heuristic value for ff(): 2474260
[t=0.00657215s, 11888 KB] g=137539, 40 evaluated, 6 expanded
[t=0.00659666s, 11888 KB] New best heuristic value for ff(): 2471261
[t=0.00679596s, 11888 KB] g=140538, 50 evaluated, 7 expanded
[t=0.00682013s, 11888 KB] New best heuristic value for ff(): 2469762
[t=0.00707872s, 11888 KB] g=142037, 63 evaluated, 8 expanded
[t=0.00710307s, 11888 KB] New best heuristic value for ff(): 2469637
[t=0.00731101s, 11888 KB] g=142261, 73 evaluated, 9 expanded
[t=0.00733636s, 11888 KB] New best heuristic value for ff(): 2469512
[t=0.00753114s, 11888 KB] g=142386, 83 evaluated, 10 expanded
[t=0.00758083s, 11888 KB] New best heuristic value for ff(): 2469387
[t=0.00778465s, 11888 KB] g=142511, 94 evaluated, 11 expanded
[t=0.00780979s, 11888 KB] New best heuristic value for ff(): 2469262
[t=0.00823214s, 11888 KB] g=142636, 117 evaluated, 13 expanded
[t=0.00825659s, 11888 KB] New best heuristic value for ff(): 2469137
[t=0.00852283s, 11888 KB] g=142761, 130 evaluated, 14 expanded
[t=0.00854712s, 11888 KB] New best heuristic value for ff(): 2467638
[t=0.0087988s, 11888 KB] g=144161, 143 evaluated, 15 expanded
[t=0.00882384s, 11888 KB] New best heuristic value for ff(): 2456639
[t=0.00889088s, 11888 KB] g=152161, 145 evaluated, 16 expanded
[t=0.0089149s, 11888 KB] New best heuristic value for ff(): 2201059
[t=0.00918545s, 11888 KB] g=279951, 159 evaluated, 17 expanded
[t=0.00920994s, 11888 KB] New best heuristic value for ff(): 2198060
[t=0.00945057s, 11888 KB] g=282950, 171 evaluated, 18 expanded
[t=0.00947479s, 11888 KB] New best heuristic value for ff(): 2196561
[t=0.00990975s, 11888 KB] g=284449, 195 evaluated, 19 expanded
[t=0.00993451s, 11888 KB] New best heuristic value for ff(): 2196436
[t=0.0101758s, 11888 KB] g=284673, 208 evaluated, 20 expanded
[t=0.010201s, 11888 KB] New best heuristic value for ff(): 2191438
[t=0.0110914s, 11888 KB] g=294073, 260 evaluated, 25 expanded
[t=0.0113818s, 11888 KB] New best heuristic value for ff(): 2186440
[t=0.0121658s, 11888 KB] g=303572, 322 evaluated, 30 expanded
[t=0.0121916s, 11888 KB] New best heuristic value for ff(): 2181442
[t=0.0125497s, 11888 KB] g=313071, 344 evaluated, 32 expanded
[t=0.0125741s, 11888 KB] New best heuristic value for ff(): 2176444
[t=0.0128892s, 11888 KB] g=322570, 364 evaluated, 34 expanded
[t=0.0129139s, 11888 KB] New best heuristic value for ff(): 2171446
[t=0.013199s, 11888 KB] g=332069, 382 evaluated, 36 expanded
[t=0.0132245s, 11888 KB] New best heuristic value for ff(): 2166448
[t=0.013459s, 11888 KB] g=341568, 398 evaluated, 38 expanded
[t=0.0352592s, 11888 KB] New best heuristic value for ff(): 2012364
[t=0.0365591s, 11888 KB] g=511860, 1997 evaluated, 256 expanded
[t=0.0365864s, 11888 KB] New best heuristic value for ff(): 2001365
[t=0.0368386s, 11888 KB] g=519860, 2010 evaluated, 257 expanded
[t=0.0368633s, 11888 KB] New best heuristic value for ff(): 1997366
[t=0.0369619s, 11888 KB] g=521859, 2014 evaluated, 257 expanded
[t=0.036986s, 11888 KB] New best heuristic value for ff(): 1986367
[t=0.0371998s, 11888 KB] g=529859, 2025 evaluated, 258 expanded
[t=0.0372246s, 11888 KB] New best heuristic value for ff(): 1571786
[t=0.0372996s, 11888 KB] g=734649, 2028 evaluated, 258 expanded
[t=0.0373232s, 11888 KB] New best heuristic value for ff(): 1560787
[t=0.0375701s, 11888 KB] g=742649, 2041 evaluated, 259 expanded
[t=0.0375956s, 11888 KB] New best heuristic value for ff(): 1556788
[t=0.0377236s, 11888 KB] g=744648, 2047 evaluated, 259 expanded
[t=0.0377479s, 12008 KB] New best heuristic value for ff(): 1545789
[t=0.0379477s, 12008 KB] g=752648, 2056 evaluated, 260 expanded
[t=0.0379725s, 12008 KB] New best heuristic value for ff(): 1131208
[t=0.0380444s, 12008 KB] g=957438, 2059 evaluated, 260 expanded
[t=0.038068s, 12008 KB] New best heuristic value for ff(): 1120209
[t=0.0385456s, 12008 KB] g=965438, 2085 evaluated, 262 expanded
[t=0.0385704s, 12008 KB] New best heuristic value for ff(): 1115210
[t=0.0388612s, 12008 KB] g=970437, 2101 evaluated, 263 expanded
[t=0.0389869s, 12008 KB] New best heuristic value for ff(): 1110211
[t=0.0394673s, 12008 KB] g=975436, 2134 evaluated, 266 expanded
[t=0.0394926s, 12008 KB] New best heuristic value for ff(): 1105212
[t=0.0397824s, 12008 KB] g=980435, 2149 evaluated, 267 expanded
[t=0.0398067s, 12008 KB] New best heuristic value for ff(): 1103713
[t=0.0401412s, 12008 KB] g=981934, 2168 evaluated, 268 expanded
[t=0.0401661s, 12008 KB] New best heuristic value for ff(): 1102214
[t=0.0406012s, 12008 KB] g=983433, 2194 evaluated, 270 expanded
[t=0.0406262s, 12008 KB] New best heuristic value for ff(): 1100715
[t=0.0408572s, 12008 KB] g=984932, 2208 evaluated, 271 expanded
[t=0.0408821s, 12008 KB] New best heuristic value for ff(): 1099216
[t=0.0410515s, 12008 KB] g=986431, 2219 evaluated, 272 expanded
[t=0.0428528s, 12008 KB] New best heuristic value for ff(): 1094218
[t=0.0429472s, 12008 KB] g=995930, 2347 evaluated, 287 expanded
[t=0.0429728s, 12008 KB] New best heuristic value for ff(): 1089220
[t=0.0432684s, 12008 KB] g=1005429, 2365 evaluated, 290 expanded
[t=0.230665s, 13084 KB] New best heuristic value for ff(): 746138
[t=0.233935s, 13084 KB] g=1210722, 15617 evaluated, 1959 expanded
[t=0.233966s, 13084 KB] New best heuristic value for ff(): 741139
[t=0.234377s, 13084 KB] g=1215721, 15640 evaluated, 1961 expanded
[t=0.234403s, 13084 KB] New best heuristic value for ff(): 736140
[t=0.234613s, 13084 KB] g=1220720, 15652 evaluated, 1962 expanded
[t=0.234639s, 13084 KB] New best heuristic value for ff(): 734641
[t=0.234861s, 13084 KB] g=1222219, 15666 evaluated, 1963 expanded
[t=0.234887s, 13084 KB] New best heuristic value for ff(): 733142
[t=0.235089s, 13084 KB] g=1223718, 15679 evaluated, 1964 expanded
[t=0.235114s, 13084 KB] New best heuristic value for ff(): 731643
[t=0.23529s, 13084 KB] g=1225217, 15691 evaluated, 1965 expanded
[t=0.235315s, 13084 KB] New best heuristic value for ff(): 730144
[t=0.235501s, 13084 KB] g=1226716, 15704 evaluated, 1966 expanded
[t=0.235526s, 13084 KB] New best heuristic value for ff(): 728645
[t=0.235667s, 13084 KB] g=1228215, 15714 evaluated, 1967 expanded
[t=0.235692s, 13084 KB] New best heuristic value for ff(): 727146
[t=0.235828s, 13084 KB] g=1229714, 15724 evaluated, 1968 expanded
[t=0.235852s, 13084 KB] New best heuristic value for ff(): 725647
[t=0.235958s, 13084 KB] g=1231213, 15732 evaluated, 1969 expanded
[t=0.310402s, 13084 KB] New best heuristic value for ff(): 505357
[t=0.312369s, 13084 KB] g=1456501, 21802 evaluated, 2935 expanded
[t=0.312398s, 13084 KB] New best heuristic value for ff(): 500358
[t=0.312464s, 13084 KB] g=1461500, 21806 evaluated, 2936 expanded
[t=0.312488s, 13084 KB] New best heuristic value for ff(): 498859
[t=0.312563s, 13084 KB] g=1462999, 21811 evaluated, 2937 expanded
[t=0.312587s, 13084 KB] New best heuristic value for ff(): 497360
[t=0.312647s, 13084 KB] g=1464498, 21815 evaluated, 2938 expanded
[t=0.374291s, 13356 KB] New best heuristic value for ff(): 377566
[t=0.377849s, 13356 KB] g=1441505, 27238 evaluated, 3989 expanded
[t=0.37788s, 13356 KB] New best heuristic value for ff(): 372567
[t=0.37794s, 13356 KB] g=1446504, 27242 evaluated, 3990 expanded
[t=0.377964s, 13356 KB] New best heuristic value for ff(): 371068
[t=0.378026s, 13356 KB] g=1448003, 27246 evaluated, 3991 expanded
[t=0.37805s, 13356 KB] New best heuristic value for ff(): 369569
[t=0.3781s, 13356 KB] g=1449502, 27249 evaluated, 3992 expanded
[t=0.378123s, 13356 KB] New best heuristic value for ff(): 368070
[t=0.378163s, 13356 KB] g=1451001, 27251 evaluated, 3993 expanded
[t=0.378199s, 13356 KB] New best heuristic value for ff(): 366571
[t=0.37824s, 13356 KB] g=1452500, 27253 evaluated, 3994 expanded
[t=0.378263s, 13356 KB] New best heuristic value for ff(): 365072
[t=0.378302s, 13356 KB] g=1453999, 27255 evaluated, 3995 expanded
[t=0.378325s, 13356 KB] New best heuristic value for ff(): 363573
[t=0.378459s, 13356 KB] g=1455498, 27264 evaluated, 3997 expanded
[t=0.378483s, 13356 KB] New best heuristic value for ff(): 362074
[t=0.378523s, 13356 KB] g=1456997, 27266 evaluated, 3998 expanded
[t=0.378545s, 13356 KB] New best heuristic value for ff(): 360575
[t=0.378584s, 13356 KB] g=1458496, 27268 evaluated, 3999 expanded
[t=120.721s, 497384 KB] New best heuristic value for ff(): 18490
[t=120.721s, 497384 KB] g=1662792, 8614170 evaluated, 1532079 expanded
[t=120.721s, 497384 KB] New best heuristic value for ff(): 16991
[t=120.721s, 497384 KB] g=1664291, 8614178 evaluated, 1532080 expanded
[t=120.721s, 497384 KB] New best heuristic value for ff(): 13491
[t=120.721s, 497384 KB] g=1667791, 8614179 evaluated, 1532080 expanded
[t=120.721s, 497384 KB] New best heuristic value for ff(): 11992
[t=120.721s, 497384 KB] g=1669290, 8614187 evaluated, 1532081 expanded
[t=120.721s, 497384 KB] New best heuristic value for ff(): 10493
[t=120.722s, 497384 KB] g=1670789, 8614197 evaluated, 1532082 expanded
[t=120.722s, 497384 KB] New best heuristic value for ff(): 8994
[t=120.722s, 497384 KB] g=1672288, 8614208 evaluated, 1532083 expanded
[t=120.722s, 497384 KB] New best heuristic value for ff(): 7495
[t=120.722s, 497384 KB] g=1673787, 8614216 evaluated, 1532084 expanded
[t=120.722s, 497384 KB] New best heuristic value for ff(): 5996
[t=120.722s, 497384 KB] g=1675286, 8614224 evaluated, 1532085 expanded
[t=120.722s, 497384 KB] New best heuristic value for ff(): 4497
[t=120.722s, 497384 KB] g=1676785, 8614229 evaluated, 1532086 expanded
[t=120.722s, 497384 KB] New best heuristic value for ff(): 2998
[t=120.722s, 497384 KB] g=1678284, 8614233 evaluated, 1532087 expanded
[t=120.722s, 497384 KB] New best heuristic value for ff(): 1499
[t=120.722s, 497384 KB] g=1679783, 8614246 evaluated, 1532089 expanded
[t=120.722s, 497384 KB] New best heuristic value for ff(): 0
[t=120.723s, 497384 KB] g=1681282, 8614254 evaluated, 1532091 expanded
[t=120.723s, 497384 KB] Solution found!
[t=120.723s, 497384 KB] Actual search time: 120.717s
initialize  (0)
fe1-feedmsi-letter sheet1 (125)
fe1-feedmsi-letter sheet2 (125)
hw1-leftentrytotopleftexit-letter sheet2 (1499)
uc1-inverttoime-letter sheet2 back front (8000)
uime-simplex-letter sheet2 front image-2 (127790)
uc1-fromime-letter sheet2 (2999)
hw1-toprightentrytorightexit-letter sheet2 (1499)
fe1-feedmsi-letter sheet3 (125)
fe1-feedmsi-letter sheet4 (125)
fe1-feedmsi-letter sheet5 (125)
fe1-feedmsi-letter sheet6 (125)
fe1-feedmsi-letter sheet7 (125)
hw1-leftentrytotopleftexit-letter sheet7 (1499)
uc1-inverttoime-letter sheet7 back front (8000)
uime-simplex-letter sheet7 front image-7 (127790)
uc1-fromime-letter sheet7 (2999)
hw1-leftentrytobottomleftexit-letter sheet3 (1499)
lc1-inverttoime-letter sheet3 back front (9999)
hw1-leftentrytobottomleftexit-letter sheet6 (1499)
hw1-leftentrytobottomleftexit-letter sheet1 (1499)
lime-simplex-letter sheet3 front image-3 (212790)
hw1-leftentrytobottomleftexit-letter sheet4 (1499)
lc1-inverttoime-letter sheet4 back front (9999)
lc1-inverttoime-letter sheet1 back front (9999)
lime-simplex-letter sheet4 front image-4 (212790)
fe1-feedmsi-letter sheet8 (125)
hw1-leftentrytobottomleftexit-letter sheet8 (1499)
lc1-inverttoime-letter sheet8 back front (9999)
lime-simplex-letter sheet1 front image-1 (212790)
lime-simplex-letter sheet8 front image-8 (212790)
lc1-inverttoime-letter sheet6 back front (9999)
lime-simplex-letter sheet6 front image-6 (212790)
lc1-fromime-letter sheet1 (4999)
lc1-fromime-letter sheet3 (4999)
lc1-fromime-letter sheet4 (4999)
lc1-fromime-letter sheet6 (4999)
lc1-fromime-letter sheet8 (4999)
hw1-bottomrightentrytorightexit-letter sheet1 (1499)
sys-stack-letter sheet1 dummy-sheet (1499)
sys-stack-letter sheet2 sheet1 (1499)
hw1-bottomrightentrytorightexit-letter sheet3 (1499)
hw1-bottomrightentrytorightexit-letter sheet4 (1499)
hw1-toprightentrytorightexit-letter sheet7 (1499)
hw1-leftentrytobottomleftexit-letter sheet5 (1499)
lc1-inverttoime-letter sheet5 back front (9999)
lime-simplex-letter sheet5 front image-5 (212790)
lc1-fromime-letter sheet5 (4999)
sys-stack-letter sheet3 sheet2 (1499)
sys-stack-letter sheet4 sheet3 (1499)
hw1-bottomrightentrytorightexit-letter sheet5 (1499)
sys-stack-letter sheet5 sheet4 (1499)
hw1-bottomrightentrytorightexit-letter sheet6 (1499)
sys-stack-letter sheet6 sheet5 (1499)
sys-stack-letter sheet7 sheet6 (1499)
hw1-bottomrightentrytorightexit-letter sheet8 (1499)
sys-stack-letter sheet8 sheet7 (1499)
[t=120.723s, 497384 KB] Plan length: 57 step(s).
[t=120.723s, 497384 KB] Plan cost: 1681282
[t=120.723s, 497384 KB] Timestamp: 1687937133853 millisecond(s).
[t=120.723s, 497384 KB] Expanded 1532092 state(s).
[t=120.723s, 497384 KB] Reopened 0 state(s).
[t=120.723s, 497384 KB] Evaluated 8614254 state(s).
[t=120.723s, 497384 KB] Evaluations: 8614254
[t=120.723s, 497384 KB] Generated 22941896 state(s).
[t=120.723s, 497384 KB] Dead ends: 4431604 state(s).
[t=120.723s, 497384 KB] Number of registered states: 8614254
[t=120.723s, 497384 KB] Int hash set load factor: 8614254/16777216 = 0.51345
[t=120.723s, 497384 KB] Int hash set resizes: 24
[t=120.723s, 497384 KB] Search time: 120.717s
[t=120.723s, 497384 KB] Total time: 120.723s
Solution found.
Peak memory: 497384 KB
Remove intermediate file output.sas
search exit code: 0

INFO     Running validate.
INFO     validate stdin: None
INFO     validate time limit: None
INFO     validate memory limit: None
INFO     validate command line string: validate domain.pddl problem.pddl sas_plan
Checking plan: sas_plan
Plan executed successfully - checking goal
Plan valid
Final value: 1681282 

Successful plans:
Value: 1681282
 sas_plan 1681282 

validate exit code: 0

INFO     Planner time: 120.89s
