INFO     planner time limit: 900s
INFO     planner memory limit: 3584 MB

INFO     Running translator.
INFO     translator stdin: None
INFO     translator time limit: 899s
INFO     translator memory limit: 3584 MB
INFO     translator command line string: /usr/local/downward-projects/downward/experiments/.venv/bin/python3 /usr/local/downward-projects/downward/experiments/src/thesis/data/thesis-thesis_exp/code-beb2e19b3d35a0ced2c328754445ca6967892fa8_e5e41175/builds/release/bin/translate/translate.py domain.pddl problem.pddl --sas-file output.sas
Parsing...
Parsing: [0.010s CPU, 0.002s wall-clock]
Normalizing task... [0.000s CPU, 0.000s wall-clock]
Instantiating...
Generating Datalog program... [0.000s CPU, 0.001s wall-clock]
Normalizing Datalog program...
Normalizing Datalog program: [0.000s CPU, 0.001s wall-clock]
Preparing model... [0.000s CPU, 0.001s wall-clock]
Generated 21 rules.
Computing model... [0.220s CPU, 0.215s wall-clock]
23318 relevant atoms
15573 auxiliary atoms
38891 final queue length
69348 total queue pushes
Completing instantiation... [0.650s CPU, 0.649s wall-clock]
Instantiating: [0.880s CPU, 0.877s wall-clock]
Computing fact groups...
Finding invariants...
10 initial candidates
Finding invariants: [0.000s CPU, 0.003s wall-clock]
Checking invariant weight... [0.000s CPU, 0.001s wall-clock]
Instantiating groups... [0.020s CPU, 0.022s wall-clock]
Collecting mutex groups... [0.010s CPU, 0.007s wall-clock]
Choosing groups...
88 uncovered facts
Choosing groups: [0.030s CPU, 0.031s wall-clock]
Building translation key... [0.010s CPU, 0.006s wall-clock]
Computing fact groups: [0.110s CPU, 0.110s wall-clock]
Building STRIPS to SAS dictionary... [0.000s CPU, 0.004s wall-clock]
Building dictionary for full mutex groups... [0.010s CPU, 0.012s wall-clock]
Building mutex information...
Building mutex information: [0.010s CPU, 0.010s wall-clock]
Translating task...
Processing axioms...
Simplifying axioms... [0.000s CPU, 0.000s wall-clock]
Translator axioms removed by simplifying: 0
Computing negative axioms... [0.000s CPU, 0.000s wall-clock]
Processing axioms: [0.020s CPU, 0.020s wall-clock]
Translating task: [0.760s CPU, 0.770s wall-clock]
22620 effect conditions simplified
0 implied preconditions added
Detecting unreachable propositions...
0 operators removed
0 axioms removed
174 propositions removed
Detecting unreachable propositions: [0.480s CPU, 0.474s wall-clock]
Reordering and filtering variables...
175 of 175 variables necessary.
88 of 175 mutex groups necessary.
15138 of 15138 operators necessary.
0 of 0 axiom rules necessary.
Reordering and filtering variables: [0.140s CPU, 0.143s wall-clock]
Translator variables: 175
Translator derived variables: 0
Translator facts: 7832
Translator goal facts: 75
Translator mutex groups: 88
Translator total mutex groups size: 7744
Translator operators: 15138
Translator axioms: 0
Translator task size: 129100
Translator peak memory: 112444 KB
Writing output... [0.090s CPU, 0.096s wall-clock]
Done! [2.530s CPU, 2.533s wall-clock]
translate exit code: 0

INFO     Running search (release).
INFO     search stdin: output.sas
INFO     search time limit: 897s
INFO     search memory limit: 3584 MB
INFO     search command line string: /usr/local/downward-projects/downward/experiments/src/thesis/data/thesis-thesis_exp/code-beb2e19b3d35a0ced2c328754445ca6967892fa8_e5e41175/builds/release/bin/downward --evaluator 'h=ff()' --search 'eager(alt([bts_type(h), single(h)]))' --internal-plan-file sas_plan < output.sas
[t=0.00217668s, 11252 KB] reading input...
[t=0.110122s, 47908 KB] done reading input!
[t=0.122061s, 51228 KB] Simplifying 60378 unary operators... done! [45414 unary operators]
[t=0.182742s, 56740 KB] time to simplify: 0.0638699s
[t=0.189878s, 56740 KB] Initializing additive heuristic...
[t=0.190424s, 56740 KB] Initializing FF heuristic...
[t=0.190454s, 56740 KB] Building successor generator...done!
[t=0.194937s, 56740 KB] peak memory difference for successor generator creation: 0 KB
[t=0.195021s, 56740 KB] time for successor generation creation: 0.00324388s
[t=0.195046s, 56740 KB] Variables: 175
[t=0.195353s, 56740 KB] FactPairs: 7832
[t=0.195376s, 56740 KB] Bytes per state: 88
[t=0.1954s, 56740 KB] Conducting best first search without reopening closed nodes, (real) bound = 2147483647
[t=0.195468s, 56740 KB] New best heuristic value for ff(): 160
[t=0.196641s, 56740 KB] g=0, 1 evaluated, 0 expanded
[t=0.196671s, 56740 KB] Initial heuristic value for ff(): 160
[t=0.196702s, 56740 KB] pruning method: none
[t=0.196726s, 56740 KB] Start Timestep: 1685760544685 millisecond(s).
[t=0.201633s, 56740 KB] New best heuristic value for ff(): 159
[t=0.205276s, 56740 KB] g=2, 15 evaluated, 3 expanded
[t=0.613458s, 56740 KB] New best heuristic value for ff(): 158
[t=0.615018s, 56740 KB] g=6, 701 evaluated, 104 expanded
[t=9.49329s, 56740 KB] New best heuristic value for ff(): 157
[t=9.49457s, 56740 KB] g=12, 15566 evaluated, 2192 expanded
[t=12.8359s, 57548 KB] New best heuristic value for ff(): 156
[t=12.8393s, 57548 KB] g=16, 21167 evaluated, 2915 expanded
[t=38.8525s, 67440 KB] New best heuristic value for ff(): 155
[t=38.8548s, 67440 KB] g=22, 64085 evaluated, 8247 expanded
[t=197.608s, 133680 KB] New best heuristic value for ff(): 154
[t=197.612s, 133680 KB] g=30, 330538 evaluated, 44151 expanded
[t=201.567s, 134888 KB] New best heuristic value for ff(): 153
[t=201.57s, 134888 KB] g=34, 337287 evaluated, 44915 expanded
Peak memory: 411212 KB
caught signal 24 -- exiting
Time limit has been reached.
Remove intermediate file output.sas
search exit code: 23

Driver aborting after search
INFO     Planner time: 899.26s
