INFO     planner time limit: 600s
INFO     planner memory limit: 3584 MB

INFO     Running translator.
INFO     translator stdin: None
INFO     translator time limit: 599s
INFO     translator memory limit: 3584 MB
INFO     translator command line string: /usr/local/downward-projects/downward/experiments/assign3/.venv/bin/python3 /usr/local/downward-projects/downward/experiments/assign3/data/assign3-anytime_exp/code-1fb14623350588fb782db39ad332c8a25eda53d6_e5e41175/builds/release/bin/translate/translate.py domain.pddl problem.pddl --sas-file output.sas
Parsing...
Parsing: [0.010s CPU, 0.004s wall-clock]
Normalizing task... [0.000s CPU, 0.000s wall-clock]
Instantiating...
Generating Datalog program... [0.000s CPU, 0.001s wall-clock]
Normalizing Datalog program...
Normalizing Datalog program: [0.000s CPU, 0.003s wall-clock]
Preparing model... [0.000s CPU, 0.003s wall-clock]
Generated 212 rules.
Computing model... [0.010s CPU, 0.003s wall-clock]
271 relevant atoms
299 auxiliary atoms
570 final queue length
624 total queue pushes
Completing instantiation... [0.000s CPU, 0.001s wall-clock]
Instantiating: [0.010s CPU, 0.011s wall-clock]
Computing fact groups...
Finding invariants...
20 initial candidates
Finding invariants: [0.000s CPU, 0.004s wall-clock]
Checking invariant weight... [0.000s CPU, 0.000s wall-clock]
Instantiating groups... [0.000s CPU, 0.000s wall-clock]
Collecting mutex groups... [0.000s CPU, 0.000s wall-clock]
Choosing groups...
45 uncovered facts
Choosing groups: [0.000s CPU, 0.000s wall-clock]
Building translation key... [0.000s CPU, 0.000s wall-clock]
Computing fact groups: [0.000s CPU, 0.005s wall-clock]
Building STRIPS to SAS dictionary... [0.000s CPU, 0.000s wall-clock]
Building dictionary for full mutex groups... [0.000s CPU, 0.000s wall-clock]
Building mutex information...
Building mutex information: [0.000s CPU, 0.000s wall-clock]
Translating task...
Processing axioms...
Simplifying axioms... [0.000s CPU, 0.000s wall-clock]
Translator axioms removed by simplifying: 0
Computing negative axioms... [0.000s CPU, 0.000s wall-clock]
Processing axioms: [0.000s CPU, 0.000s wall-clock]
Translating task: [0.000s CPU, 0.001s wall-clock]
10 effect conditions simplified
0 implied preconditions added
Detecting unreachable propositions...
0 operators removed
0 axioms removed
23 propositions removed
Detecting unreachable propositions: [0.000s CPU, 0.001s wall-clock]
Reordering and filtering variables...
25 of 38 variables necessary.
0 of 3 mutex groups necessary.
43 of 43 operators necessary.
0 of 0 axiom rules necessary.
Reordering and filtering variables: [0.000s CPU, 0.000s wall-clock]
Translator variables: 25
Translator derived variables: 0
Translator facts: 80
Translator goal facts: 9
Translator mutex groups: 0
Translator total mutex groups size: 0
Translator operators: 43
Translator axioms: 0
Translator task size: 337
Translator peak memory: 32368 KB
Writing output... [0.000s CPU, 0.000s wall-clock]
Done! [0.020s CPU, 0.025s wall-clock]
translate exit code: 0

INFO     Running search (release).
INFO     search stdin: output.sas
INFO     search time limit: 599s
INFO     search memory limit: 3584 MB
INFO     search command line string: /usr/local/downward-projects/downward/experiments/assign3/data/assign3-anytime_exp/code-1fb14623350588fb782db39ad332c8a25eda53d6_e5e41175/builds/release/bin/downward --evaluator 'h=lmcut()' --search 'eager_anytime(alt(
        [single(weight(h, 2, verbosity=normal)), type_based([h, g()], random_seed=1234)]), 
        reopen_closed=true, f_eval=sum([h, g()]))' --internal-plan-file sas_plan < output.sas
[t=0.00105203s, 10884 KB] reading input...
[t=0.00209373s, 10884 KB] done reading input!
[t=0.00416531s, 11140 KB] Initializing landmark cut heuristic...
[t=0.00425501s, 11140 KB] Building successor generator...done!
[t=0.00440101s, 11140 KB] peak memory difference for successor generator creation: 0 KB
[t=0.00444379s, 11140 KB] time for successor generation creation: 0s
[t=0.00446869s, 11140 KB] Variables: 25
[t=0.00449388s, 11140 KB] FactPairs: 80
[t=0.00451719s, 11140 KB] Bytes per state: 8
[t=0.0045402s, 11140 KB] Conducting best first anytime search with reopening closed nodes, (real) bound = 2147483647
[t=0.0045935s, 11140 KB] New best heuristic value for lmcut(): 807114
[t=0.0046636s, 11140 KB] g=0, 1 evaluated, 0 expanded
[t=0.0046878s, 11140 KB] Initial heuristic value for lmcut(): 807114
[t=0.00471845s, 11140 KB] Start Timestep: 1682008419117 millisecond(s).
[t=0.00476184s, 11140 KB] New best heuristic value for lmcut(): 799114
[t=0.00484965s, 11140 KB] g=8000, 3 evaluated, 2 expanded
[t=0.00487269s, 11140 KB] New best heuristic value for lmcut(): 554076
[t=0.00498093s, 11140 KB] g=10999, 6 evaluated, 3 expanded
[t=0.00502526s, 11140 KB] New best heuristic value for lmcut(): 542077
[t=0.00538183s, 11140 KB] g=265037, 24 evaluated, 9 expanded
[t=0.00540627s, 11140 KB] New best heuristic value for lmcut(): 534077
[t=0.00548185s, 11140 KB] g=273037, 27 evaluated, 10 expanded
[t=0.00550576s, 11140 KB] New best heuristic value for lmcut(): 524078
[t=0.00561695s, 11140 KB] g=283036, 32 evaluated, 12 expanded
[t=0.00564154s, 11140 KB] New best heuristic value for lmcut(): 516078
[t=0.00575216s, 11140 KB] g=291036, 37 evaluated, 14 expanded
[t=0.00577669s, 11140 KB] New best heuristic value for lmcut(): 508078
[t=0.00583545s, 11140 KB] g=299036, 40 evaluated, 15 expanded
[t=0.00585876s, 11140 KB] New best heuristic value for lmcut(): 284038
[t=0.00590684s, 11140 KB] g=523076, 42 evaluated, 16 expanded
[t=0.00595602s, 11140 KB] New best heuristic value for lmcut(): 276038
[t=0.00598416s, 11140 KB] g=531076, 44 evaluated, 17 expanded
[t=0.00600675s, 11140 KB] New best heuristic value for lmcut(): 266039
[t=0.00608823s, 11140 KB] g=541075, 48 evaluated, 19 expanded
[t=0.00611157s, 11140 KB] New best heuristic value for lmcut(): 258039
[t=0.00618437s, 11140 KB] g=549075, 52 evaluated, 21 expanded
[t=0.00620815s, 11140 KB] New best heuristic value for lmcut(): 250039
[t=0.00625646s, 11140 KB] g=557075, 54 evaluated, 22 expanded
[t=0.00628065s, 11140 KB] New best heuristic value for lmcut(): 25999
[t=0.00634655s, 11140 KB] g=781115, 57 evaluated, 24 expanded
[t=0.00636955s, 11140 KB] New best heuristic value for lmcut(): 17999
[t=0.00644184s, 11140 KB] g=789115, 60 evaluated, 26 expanded
[t=0.00646449s, 11140 KB] New best heuristic value for lmcut(): 8000
[t=0.00651019s, 11140 KB] g=799114, 62 evaluated, 28 expanded
[t=0.00653318s, 11140 KB] New best heuristic value for lmcut(): 0
[t=0.00657681s, 11140 KB] g=807114, 64 evaluated, 30 expanded
[t=0.00660025s, 11140 KB] Solution found!
initialize  (0)
colorfeeder-feed-letter sheet3 (8000)
down-movebottom-letter sheet3 (2999)
colorfeeder-feed-letter sheet1 (8000)
down-movebottom-letter sheet1 (2999)
colorfeeder-feed-letter sheet2 (8000)
down-movebottom-letter sheet2 (2999)
colorcontainer-toime-letter sheet1 (8000)
colorprinter-simplex-letter sheet1 front image-1 (224040)
colorcontainer-fromime-letter sheet1 (8000)
up-moveup-letter sheet1 (9999)
finisher1-stack-letter sheet1 dummy-sheet (8000)
colorcontainer-toime-letter sheet2 (8000)
colorprinter-simplex-letter sheet2 front image-2 (224040)
colorcontainer-fromime-letter sheet2 (8000)
up-moveup-letter sheet2 (9999)
finisher1-stack-letter sheet2 sheet1 (8000)
colorcontainer-toime-letter sheet3 (8000)
colorprinter-simplex-letter sheet3 front image-3 (224040)
colorcontainer-fromime-letter sheet3 (8000)
up-moveup-letter sheet3 (9999)
finisher1-stack-letter sheet3 sheet2 (8000)
[t=0.00682568s, 11140 KB] Plan length: 22 step(s).
[t=0.00686073s, 11140 KB] Plan cost: 807114
[t=0.00688441s, 11140 KB] Solution: Incumbent solution found!
[t=0.00690825s, 11140 KB] Solution Timestep: 1682008419120 millisecond(s).
[t=0.00693175s, 11140 KB] Timestamp: 1682008419120 millisecond(s).
[t=0.00695492s, 11140 KB] Expanded 31 state(s).
[t=0.00697886s, 11140 KB] Reopened 0 state(s).
[t=0.00700244s, 11140 KB] Evaluated 64 state(s).
[t=0.00702588s, 11140 KB] Evaluations: 87
[t=0.00704857s, 11140 KB] Generated 104 state(s).
[t=0.00707195s, 11140 KB] Dead ends: 0 state(s).
[t=0.00709528s, 11140 KB] Number of registered states: 87
[t=0.00711879s, 11140 KB] Int hash set load factor: 87/128 = 0.679688
[t=0.00714293s, 11140 KB] Int hash set resizes: 7
[t=0.00753474s, 11140 KB] Optimal Solution: found
[t=0.00819226s, 11140 KB] Actual search time: 0.00343043s
initialize  (0)
colorfeeder-feed-letter sheet3 (8000)
down-movebottom-letter sheet3 (2999)
colorfeeder-feed-letter sheet1 (8000)
down-movebottom-letter sheet1 (2999)
colorfeeder-feed-letter sheet2 (8000)
down-movebottom-letter sheet2 (2999)
colorcontainer-toime-letter sheet1 (8000)
colorprinter-simplex-letter sheet1 front image-1 (224040)
colorcontainer-fromime-letter sheet1 (8000)
up-moveup-letter sheet1 (9999)
finisher1-stack-letter sheet1 dummy-sheet (8000)
colorcontainer-toime-letter sheet2 (8000)
colorprinter-simplex-letter sheet2 front image-2 (224040)
colorcontainer-fromime-letter sheet2 (8000)
up-moveup-letter sheet2 (9999)
finisher1-stack-letter sheet2 sheet1 (8000)
colorcontainer-toime-letter sheet3 (8000)
colorprinter-simplex-letter sheet3 front image-3 (224040)
colorcontainer-fromime-letter sheet3 (8000)
up-moveup-letter sheet3 (9999)
finisher1-stack-letter sheet3 sheet2 (8000)
[t=0.00822171s, 11140 KB] Plan length: 22 step(s).
[t=0.00822171s, 11140 KB] Plan cost: 807114
[t=0.00822171s, 11140 KB] Timestamp: 1682008419122 millisecond(s).
[t=0.00822171s, 11140 KB] Expanded 71 state(s).
[t=0.00822171s, 11140 KB] Reopened 0 state(s).
[t=0.00822171s, 11140 KB] Evaluated 71 state(s).
[t=0.00822171s, 11140 KB] Evaluations: 197
[t=0.00822171s, 11140 KB] Generated 296 state(s).
[t=0.00822171s, 11140 KB] Dead ends: 0 state(s).
[t=0.00822171s, 11140 KB] Number of registered states: 197
[t=0.00822171s, 11140 KB] Int hash set load factor: 197/256 = 0.769531
[t=0.00822171s, 11140 KB] Int hash set resizes: 8
[t=0.00822171s, 11140 KB] Search time: 0.00368151s
[t=0.00822171s, 11140 KB] Total time: 0.00822171s
Solution found.
Peak memory: 11140 KB
Remove intermediate file output.sas
search exit code: 0

INFO     Running validate.
INFO     validate stdin: None
INFO     validate time limit: None
INFO     validate memory limit: None
INFO     validate command line string: validate domain.pddl problem.pddl sas_plan sas_plan.1
Checking plan: sas_plan
Plan executed successfully - checking goal
Plan valid
Final value: 807114 
Checking plan: sas_plan.1
Plan executed successfully - checking goal
Plan valid
Final value: 807114 

Successful plans:
Value: 807114
 sas_plan 807114 
sas_plan.1 807114 

validate exit code: 0

INFO     Planner time: 0.13s
