INFO     planner time limit: 600s
INFO     planner memory limit: 3584 MB

INFO     Running translator.
INFO     translator stdin: None
INFO     translator time limit: 599s
INFO     translator memory limit: 3584 MB
INFO     translator command line string: /usr/local/downward-projects/downward/experiments/src/thesis/.venv/bin/python3 /usr/local/downward-projects/downward/experiments/src/thesis/data/thesis-thesis_exp/code-84c08dfff1890fbf6247184940c8166177195ea1_e5e41175/builds/release/bin/translate/translate.py domain.pddl problem.pddl --sas-file output.sas
Parsing...
Parsing: [0.000s CPU, 0.004s wall-clock]
Normalizing task... [0.000s CPU, 0.000s wall-clock]
Instantiating...
Generating Datalog program... [0.000s CPU, 0.001s wall-clock]
Normalizing Datalog program...
Duplicate arguments: Adding equality conditions.
Normalizing Datalog program: [0.000s CPU, 0.003s wall-clock]
Preparing model... [0.000s CPU, 0.002s wall-clock]
Generated 129 rules.
Computing model... [0.090s CPU, 0.083s wall-clock]
7210 relevant atoms
7163 auxiliary atoms
14373 final queue length
31257 total queue pushes
Completing instantiation... [0.210s CPU, 0.215s wall-clock]
Instantiating: [0.300s CPU, 0.306s wall-clock]
Computing fact groups...
Finding invariants...
36 initial candidates
Finding invariants: [0.120s CPU, 0.123s wall-clock]
Checking invariant weight... [0.000s CPU, 0.001s wall-clock]
Instantiating groups... [0.000s CPU, 0.002s wall-clock]
Collecting mutex groups... [0.000s CPU, 0.001s wall-clock]
Choosing groups...
0 uncovered facts
Choosing groups: [0.000s CPU, 0.003s wall-clock]
Building translation key... [0.000s CPU, 0.001s wall-clock]
Computing fact groups: [0.140s CPU, 0.135s wall-clock]
Building STRIPS to SAS dictionary... [0.000s CPU, 0.000s wall-clock]
Building dictionary for full mutex groups... [0.000s CPU, 0.001s wall-clock]
Building mutex information...
Building mutex information: [0.000s CPU, 0.001s wall-clock]
Translating task...
Processing axioms...
Simplifying axioms... [0.000s CPU, 0.000s wall-clock]
Translator axioms removed by simplifying: 0
Computing negative axioms... [0.000s CPU, 0.000s wall-clock]
Processing axioms: [0.010s CPU, 0.009s wall-clock]
Translating task: [0.230s CPU, 0.232s wall-clock]
0 effect conditions simplified
0 implied preconditions added
Detecting unreachable propositions...
0 operators removed
0 axioms removed
39 propositions removed
Detecting unreachable propositions: [0.180s CPU, 0.177s wall-clock]
Reordering and filtering variables...
42 of 42 variables necessary.
46 of 66 mutex groups necessary.
6042 of 6042 operators necessary.
0 of 0 axiom rules necessary.
Reordering and filtering variables: [0.030s CPU, 0.033s wall-clock]
Translator variables: 42
Translator derived variables: 0
Translator facts: 942
Translator goal facts: 38
Translator mutex groups: 46
Translator total mutex groups size: 1836
Translator operators: 6042
Translator axioms: 0
Translator task size: 47793
Translator peak memory: 62416 KB
Writing output... [0.030s CPU, 0.034s wall-clock]
Done! [0.930s CPU, 0.938s wall-clock]
translate exit code: 0

INFO     Running search (release).
INFO     search stdin: output.sas
INFO     search time limit: 598s
INFO     search memory limit: 3584 MB
INFO     search command line string: /usr/local/downward-projects/downward/experiments/src/thesis/data/thesis-thesis_exp/code-84c08dfff1890fbf6247184940c8166177195ea1_e5e41175/builds/release/bin/downward --evaluator 'h=ff()' --search 'eager(partition(h, lwm_partition(), inter_uniform(), intra_uniform() )) ' --internal-plan-file sas_plan < output.sas
[t=0s, 11732 KB] reading input...
[t=0.0239574s, 15072 KB] done reading input!
[t=0.0279053s, 16836 KB] Simplifying 20083 unary operators... done! [19399 unary operators]
[t=0.0523565s, 18324 KB] time to simplify: 0.0244512s
[t=0.0535572s, 18324 KB] Initializing additive heuristic...
[t=0.0540547s, 18324 KB] Initializing FF heuristic...
[t=0.0540836s, 18324 KB] Building successor generator...done!
[t=0.0561335s, 18324 KB] peak memory difference for successor generator creation: 0 KB
[t=0.0561983s, 18324 KB] time for successor generation creation: 0.00153828s
[t=0.0562231s, 18324 KB] Variables: 42
[t=0.0562502s, 18324 KB] FactPairs: 942
[t=0.0562722s, 18324 KB] Bytes per state: 20
[t=0.0562953s, 18324 KB] Conducting best first search without reopening closed nodes, (real) bound = 2147483647
[t=0.0563542s, 18324 KB] New best heuristic value for ff(): 4
[t=0.0566675s, 18324 KB] g=0, 1 evaluated, 0 expanded
[t=0.056694s, 18324 KB] Initial heuristic value for ff(): 4
[t=0.0567228s, 18324 KB] pruning method: none
[t=0.056746s, 18324 KB] Start Timestep: 1693587703831 millisecond(s).
[t=0.0567941s, 18324 KB] New best heuristic value for ff(): 3
[t=0.0570191s, 18324 KB] g=1, 2 evaluated, 1 expanded
[t=0.0595592s, 18324 KB] New best heuristic value for ff(): 2
[t=0.0623715s, 18324 KB] g=2, 40 evaluated, 2 expanded
[t=0.0715095s, 18324 KB] New best heuristic value for ff(): 1
[t=0.0727877s, 18324 KB] g=3, 113 evaluated, 4 expanded
[t=0.103445s, 18324 KB] New best heuristic value for ff(): 0
[t=0.107276s, 18324 KB] g=4, 328 evaluated, 12 expanded
Peak memory: 32624 KB
caught signal 24 -- exiting
Time limit has been reached.
Remove intermediate file output.sas
search exit code: 23

Driver aborting after search
INFO     Planner time: 596.69s
