INFO     planner time limit: 600s
INFO     planner memory limit: 3584 MB

INFO     Running translator.
INFO     translator stdin: None
INFO     translator time limit: 599s
INFO     translator memory limit: 3584 MB
INFO     translator command line string: /usr/local/downward-projects/downward/experiments/src/thesis/.venv/bin/python3 /usr/local/downward-projects/downward/experiments/src/thesis/data/thesis-thesis_exp/code-84c08dfff1890fbf6247184940c8166177195ea1_e5e41175/builds/release/bin/translate/translate.py domain.pddl problem.pddl --sas-file output.sas
Parsing...
Parsing: [0.100s CPU, 0.111s wall-clock]
Normalizing task... [0.010s CPU, 0.007s wall-clock]
Instantiating...
Generating Datalog program... [0.060s CPU, 0.054s wall-clock]
Normalizing Datalog program...
Normalizing Datalog program: [0.000s CPU, 0.004s wall-clock]
Preparing model... [0.210s CPU, 0.205s wall-clock]
Generated 6 rules.
Computing model... [0.420s CPU, 0.427s wall-clock]
52737 relevant atoms
20224 auxiliary atoms
72961 final queue length
97027 total queue pushes
Completing instantiation... [0.550s CPU, 0.546s wall-clock]
Instantiating: [1.270s CPU, 1.269s wall-clock]
Computing fact groups...
Finding invariants...
4 initial candidates
Finding invariants: [0.000s CPU, 0.004s wall-clock]
Checking invariant weight... [0.010s CPU, 0.007s wall-clock]
Instantiating groups... [0.010s CPU, 0.008s wall-clock]
Collecting mutex groups... [0.010s CPU, 0.005s wall-clock]
Choosing groups...
4096 uncovered facts
Choosing groups: [0.090s CPU, 0.101s wall-clock]
Building translation key... [0.010s CPU, 0.014s wall-clock]
Computing fact groups: [0.190s CPU, 0.196s wall-clock]
Building STRIPS to SAS dictionary... [0.010s CPU, 0.009s wall-clock]
Building dictionary for full mutex groups... [0.010s CPU, 0.007s wall-clock]
Building mutex information...
Building mutex information: [0.000s CPU, 0.006s wall-clock]
Translating task...
Processing axioms...
Simplifying axioms... [0.000s CPU, 0.000s wall-clock]
Translator axioms removed by simplifying: 0
Computing negative axioms... [0.000s CPU, 0.000s wall-clock]
Processing axioms: [0.020s CPU, 0.017s wall-clock]
Translating task: [0.550s CPU, 0.553s wall-clock]
0 effect conditions simplified
0 implied preconditions added
Detecting unreachable propositions...
0 operators removed
0 axioms removed
3 propositions removed
Detecting unreachable propositions: [0.390s CPU, 0.378s wall-clock]
Reordering and filtering variables...
4096 of 4096 variables necessary.
0 of 1 mutex groups necessary.
16128 of 16128 operators necessary.
0 of 0 axiom rules necessary.
Reordering and filtering variables: [0.060s CPU, 0.060s wall-clock]
Translator variables: 4096
Translator derived variables: 0
Translator facts: 12286
Translator goal facts: 4095
Translator mutex groups: 0
Translator total mutex groups size: 0
Translator operators: 16128
Translator axioms: 0
Translator task size: 84985
Translator peak memory: 104616 KB
Writing output... [0.080s CPU, 0.077s wall-clock]
Done! [2.700s CPU, 2.705s wall-clock]
translate exit code: 0

INFO     Running search (release).
INFO     search stdin: output.sas
INFO     search time limit: 597s
INFO     search memory limit: 3584 MB
INFO     search command line string: /usr/local/downward-projects/downward/experiments/src/thesis/data/thesis-thesis_exp/code-84c08dfff1890fbf6247184940c8166177195ea1_e5e41175/builds/release/bin/downward --evaluator 'h=ff()' --search 'eager(partition(h, h_partition(), inter_uniform(), intra_uniform() )) ' --internal-plan-file sas_plan < output.sas
[t=0.00229622s, 11732 KB] reading input...
[t=0.058221s, 17892 KB] done reading input!
[t=0.0661653s, 19656 KB] Simplifying 32252 unary operators... done! [32252 unary operators]
[t=0.0820345s, 22640 KB] time to simplify: 0.0158692s
[t=0.0833062s, 22640 KB] Initializing additive heuristic...
[t=0.0840798s, 22640 KB] Initializing FF heuristic...
[t=0.0841095s, 22640 KB] Building successor generator...done!
[t=0.0871782s, 22640 KB] peak memory difference for successor generator creation: 0 KB
[t=0.0872435s, 22640 KB] time for successor generation creation: 0.00157081s
[t=0.0872681s, 22640 KB] Variables: 4096
[t=0.0877142s, 22640 KB] FactPairs: 12286
[t=0.0877377s, 22640 KB] Bytes per state: 516
[t=0.0877616s, 22640 KB] Conducting best first search without reopening closed nodes, (real) bound = 2147483647
[t=0.0878226s, 22640 KB] New best heuristic value for ff(): 4095
[t=0.0892797s, 22640 KB] g=0, 1 evaluated, 0 expanded
[t=0.0893066s, 22640 KB] Initial heuristic value for ff(): 4095
[t=0.0893374s, 22640 KB] pruning method: none
[t=0.0893606s, 22640 KB] Start Timestep: 1693664192001 millisecond(s).
[t=0.0937717s, 22640 KB] New best heuristic value for ff(): 4094
[t=0.0944384s, 22640 KB] g=2, 7 evaluated, 2 expanded
[t=0.129676s, 22640 KB] New best heuristic value for ff(): 4093
[t=0.131098s, 22640 KB] g=5, 57 evaluated, 15 expanded
[t=0.213507s, 22640 KB] New best heuristic value for ff(): 4092
[t=0.215216s, 22640 KB] g=10, 170 evaluated, 48 expanded
[t=0.285421s, 22640 KB] New best heuristic value for ff(): 4091
[t=0.286935s, 22640 KB] g=14, 264 evaluated, 76 expanded
[t=1.23715s, 22640 KB] New best heuristic value for ff(): 4090
[t=1.23844s, 22640 KB] g=18, 1375 evaluated, 402 expanded
[t=10.1593s, 25944 KB] New best heuristic value for ff(): 4089
[t=10.1613s, 25944 KB] g=21, 7341 evaluated, 2140 expanded
[t=568.466s, 55468 KB] New best heuristic value for ff(): 4088
[t=568.47s, 55468 KB] g=26, 44300 evaluated, 12943 expanded
Peak memory: 56016 KB
caught signal 24 -- exiting
Time limit has been reached.
Remove intermediate file output.sas
search exit code: 23

Driver aborting after search
INFO     Planner time: 599.40s
