INFO     planner time limit: 900s
INFO     planner memory limit: 3584 MB

INFO     Running translator.
INFO     translator stdin: None
INFO     translator time limit: 899s
INFO     translator memory limit: 3584 MB
INFO     translator command line string: /usr/local/downward-projects/downward/experiments/assign3/.venv/bin/python3 /usr/local/downward-projects/downward/experiments/assign3/data/assign3-anytime_exp/code-fe4f0f1bb525c059c1938ac01bab1b7bae200873_e5e41175/builds/release/bin/translate/translate.py domain.pddl problem.pddl --sas-file output.sas
Parsing...
Parsing: [0.000s CPU, 0.002s wall-clock]
Normalizing task... [0.000s CPU, 0.000s wall-clock]
Instantiating...
Generating Datalog program... [0.000s CPU, 0.001s wall-clock]
Normalizing Datalog program...
Normalizing Datalog program: [0.000s CPU, 0.001s wall-clock]
Preparing model... [0.000s CPU, 0.001s wall-clock]
Generated 25 rules.
Computing model... [0.010s CPU, 0.007s wall-clock]
461 relevant atoms
611 auxiliary atoms
1072 final queue length
1647 total queue pushes
Completing instantiation... [0.010s CPU, 0.007s wall-clock]
Instantiating: [0.020s CPU, 0.017s wall-clock]
Computing fact groups...
Finding invariants...
7 initial candidates
Finding invariants: [0.000s CPU, 0.003s wall-clock]
Checking invariant weight... [0.000s CPU, 0.000s wall-clock]
Instantiating groups... [0.000s CPU, 0.000s wall-clock]
Collecting mutex groups... [0.000s CPU, 0.000s wall-clock]
Choosing groups...
0 uncovered facts
Choosing groups: [0.000s CPU, 0.000s wall-clock]
Building translation key... [0.000s CPU, 0.000s wall-clock]
Computing fact groups: [0.000s CPU, 0.004s wall-clock]
Building STRIPS to SAS dictionary... [0.000s CPU, 0.000s wall-clock]
Building dictionary for full mutex groups... [0.000s CPU, 0.000s wall-clock]
Building mutex information...
Building mutex information: [0.000s CPU, 0.000s wall-clock]
Translating task...
Processing axioms...
Simplifying axioms... [0.000s CPU, 0.000s wall-clock]
Translator axioms removed by simplifying: 0
Computing negative axioms... [0.000s CPU, 0.000s wall-clock]
Processing axioms: [0.000s CPU, 0.000s wall-clock]
Translating task: [0.010s CPU, 0.006s wall-clock]
0 effect conditions simplified
0 implied preconditions added
Detecting unreachable propositions...
0 operators removed
0 axioms removed
34 propositions removed
Detecting unreachable propositions: [0.000s CPU, 0.003s wall-clock]
Reordering and filtering variables...
34 of 34 variables necessary.
0 of 34 mutex groups necessary.
185 of 185 operators necessary.
0 of 0 axiom rules necessary.
Reordering and filtering variables: [0.000s CPU, 0.002s wall-clock]
Translator variables: 34
Translator derived variables: 0
Translator facts: 100
Translator goal facts: 33
Translator mutex groups: 0
Translator total mutex groups size: 0
Translator operators: 185
Translator axioms: 0
Translator task size: 1634
Translator peak memory: 32880 KB
Writing output... [0.000s CPU, 0.001s wall-clock]
Done! [0.030s CPU, 0.036s wall-clock]
translate exit code: 0

INFO     Running search (release).
INFO     search stdin: output.sas
INFO     search time limit: 899s
INFO     search memory limit: 3584 MB
INFO     search command line string: /usr/local/downward-projects/downward/experiments/assign3/data/assign3-anytime_exp/code-fe4f0f1bb525c059c1938ac01bab1b7bae200873_e5e41175/builds/release/bin/downward --evaluator 'h=lmcut()' --search 'iterated([
            eager_wastar([h],w=5),
            eager_wastar([h],w=4),
            eager_wastar([h],w=3),
            eager_wastar([h],w=2),
            astar(h)
        ],continue_on_fail=true)' --internal-plan-file sas_plan < output.sas
[t=0.00209988s, 10884 KB] reading input...
[t=0.00233597s, 10884 KB] done reading input!
[t=0.00521807s, 11272 KB] Initializing landmark cut heuristic...
[t=0.005664s, 11272 KB] Building successor generator...done!
[t=0.00589159s, 11272 KB] peak memory difference for successor generator creation: 0 KB
[t=0.00593824s, 11272 KB] time for successor generation creation: 0s
[t=0.00596389s, 11272 KB] Variables: 34
[t=0.00599391s, 11272 KB] FactPairs: 100
[t=0.00601741s, 11272 KB] Bytes per state: 8
[t=0.00604084s, 11272 KB] Start Timestep: 1682418272961 millisecond(s).
[t=0.0061183s, 11272 KB] Building successor generator...done!
[t=0.00620812s, 11272 KB] peak memory difference for successor generator creation: 0 KB
[t=0.00624782s, 11272 KB] time for successor generation creation: 0s
[t=0.00627226s, 11272 KB] Variables: 34
[t=0.00629671s, 11272 KB] FactPairs: 100
[t=0.00632013s, 11272 KB] Bytes per state: 8
[t=0.00634419s, 11272 KB] Starting search: eager_wastar([h],w=5)
[t=0.00637528s, 11272 KB] Conducting best first search with reopening closed nodes, (real) bound = 2147483647
[t=0.00640007s, 11272 KB] New best heuristic value for lmcut(): 5
[t=0.00648197s, 11272 KB] g=0, 1 evaluated, 0 expanded
[t=0.00650587s, 11272 KB] Initial heuristic value for lmcut(): 5
[t=0.00654154s, 11272 KB] pruning method: none
[t=0.00656583s, 11272 KB] Start Timestep: 1682418272962 millisecond(s).
[t=0.00659062s, 11272 KB] New best heuristic value for lmcut(): 4
[t=0.00668957s, 11272 KB] g=1, 3 evaluated, 1 expanded
[t=0.00705896s, 11272 KB] New best heuristic value for lmcut(): 3
[t=0.00752358s, 11272 KB] g=2, 33 evaluated, 7 expanded
[t=0.00758446s, 11272 KB] New best heuristic value for lmcut(): 2
[t=0.00764651s, 11272 KB] g=2, 36 evaluated, 7 expanded
[t=0.0101658s, 11272 KB] New best heuristic value for lmcut(): 1
[t=0.0110141s, 11272 KB] g=8, 229 evaluated, 77 expanded
[t=0.0154763s, 11272 KB] New best heuristic value for lmcut(): 0
[t=0.0161989s, 11272 KB] g=11, 516 evaluated, 192 expanded
[t=0.0541639s, 11420 KB] Solution found!
[t=0.0546372s, 11420 KB] Actual search time: 0.0480466s
jump-new-move pos-2-3 pos-2-2 pos-2-1 (1)
end-move pos-2-1 (0)
jump-new-move pos-2-5 pos-2-4 pos-2-3 (1)
end-move pos-2-3 (0)
jump-new-move pos-2-0 pos-2-1 pos-2-2 (1)
end-move pos-2-2 (0)
jump-new-move pos-3-2 pos-2-2 pos-1-2 (1)
end-move pos-1-2 (0)
jump-new-move pos-0-4 pos-1-4 pos-2-4 (1)
jump-continue-move pos-2-4 pos-2-3 pos-2-2 (0)
end-move pos-2-2 (0)
jump-new-move pos-1-2 pos-2-2 pos-3-2 (1)
jump-continue-move pos-3-2 pos-4-2 pos-5-2 (0)
end-move pos-5-2 (0)
jump-new-move pos-6-2 pos-5-2 pos-4-2 (1)
end-move pos-4-2 (0)
jump-new-move pos-4-1 pos-4-2 pos-4-3 (1)
jump-continue-move pos-4-3 pos-4-4 pos-4-5 (0)
end-move pos-4-5 (0)
jump-new-move pos-4-6 pos-4-5 pos-4-4 (1)
end-move pos-4-4 (0)
jump-new-move pos-3-3 pos-3-4 pos-3-5 (1)
end-move pos-3-5 (0)
jump-new-move pos-5-4 pos-4-4 pos-3-4 (1)
end-move pos-3-4 (0)
jump-new-move pos-3-5 pos-3-4 pos-3-3 (1)
[t=0.0549023s, 11420 KB] Plan length: 26 step(s).
[t=0.0549389s, 11420 KB] Plan cost: 12
[t=0.0549635s, 11420 KB] Solution Timestep: 1682418273011 millisecond(s).
[t=0.0549884s, 11420 KB] Timestamp: 1682418273011 millisecond(s).
[t=0.0550123s, 11420 KB] Expanded 1370 state(s).
[t=0.0550351s, 11420 KB] Reopened 153 state(s).
[t=0.0550584s, 11420 KB] Evaluated 2730 state(s).
[t=0.0550816s, 11420 KB] Evaluations: 2730
[t=0.0551051s, 11420 KB] Generated 3774 state(s).
[t=0.0551289s, 11420 KB] Dead ends: 749 state(s).
[t=0.0551526s, 11420 KB] Number of registered states: 2730
[t=0.055177s, 11420 KB] Int hash set load factor: 2730/4096 = 0.666504
[t=0.0552017s, 11420 KB] Int hash set resizes: 12
[t=0.0552237s, 11420 KB] Best solution cost so far: 12
[t=0.0552472s, 11420 KB] Solution found - keep searching
[t=0.0552706s, 11420 KB] Building successor generator...done!
[t=0.0553839s, 11420 KB] peak memory difference for successor generator creation: 0 KB
[t=0.0554235s, 11420 KB] time for successor generation creation: 0s
[t=0.0554473s, 11420 KB] Variables: 34
[t=0.0554728s, 11420 KB] FactPairs: 100
[t=0.055496s, 11420 KB] Bytes per state: 8
[t=0.0555199s, 11420 KB] Starting search: eager_wastar([h],w=4)
[t=0.0555502s, 11420 KB] Conducting best first search with reopening closed nodes, (real) bound = 12
[t=0.0555742s, 11420 KB] New best heuristic value for lmcut(): 5
[t=0.0556439s, 11420 KB] g=0, 1 evaluated, 0 expanded
[t=0.0556674s, 11420 KB] Initial heuristic value for lmcut(): 5
[t=0.0556933s, 11420 KB] pruning method: none
[t=0.0557163s, 11420 KB] Start Timestep: 1682418273012 millisecond(s).
[t=0.0557442s, 11420 KB] New best heuristic value for lmcut(): 4
[t=0.0558449s, 11420 KB] g=1, 3 evaluated, 1 expanded
[t=0.0558691s, 11420 KB] New best heuristic value for lmcut(): 3
[t=0.0566615s, 11420 KB] g=2, 33 evaluated, 7 expanded
[t=0.0566965s, 11420 KB] New best heuristic value for lmcut(): 2
[t=0.0567823s, 11420 KB] g=2, 36 evaluated, 7 expanded
[t=0.0640381s, 11420 KB] New best heuristic value for lmcut(): 1
[t=0.0640835s, 11420 KB] g=7, 423 evaluated, 141 expanded, 2 reopened
[t=0.0663005s, 11420 KB] New best heuristic value for lmcut(): 0
[t=0.0671116s, 11420 KB] g=11, 607 evaluated, 225 expanded, 2 reopened
[t=0.69262s, 12912 KB] Completely explored state space -- no solution!
[t=0.692868s, 12912 KB] Actual search time: 0.637123s
[t=0.692902s, 12912 KB] Best solution cost so far: 12
[t=0.692927s, 12912 KB] No solution found - keep searching
[t=0.693042s, 12912 KB] Building successor generator...done!
[t=0.693128s, 12912 KB] peak memory difference for successor generator creation: 0 KB
[t=0.693169s, 12912 KB] time for successor generation creation: 0s
[t=0.693195s, 12912 KB] Variables: 34
[t=0.693222s, 12912 KB] FactPairs: 100
[t=0.693246s, 12912 KB] Bytes per state: 8
[t=0.69327s, 12912 KB] Starting search: eager_wastar([h],w=3)
[t=0.693301s, 12912 KB] Conducting best first search with reopening closed nodes, (real) bound = 12
[t=0.693326s, 12912 KB] New best heuristic value for lmcut(): 5
[t=0.693395s, 12912 KB] g=0, 1 evaluated, 0 expanded
[t=0.693423s, 12912 KB] Initial heuristic value for lmcut(): 5
[t=0.693449s, 12912 KB] pruning method: none
[t=0.693477s, 12912 KB] Start Timestep: 1682418273656 millisecond(s).
[t=0.693502s, 12912 KB] New best heuristic value for lmcut(): 4
[t=0.693598s, 12912 KB] g=1, 3 evaluated, 1 expanded
[t=0.693622s, 12912 KB] New best heuristic value for lmcut(): 3
[t=0.694415s, 12912 KB] g=2, 33 evaluated, 7 expanded
[t=0.694457s, 12912 KB] New best heuristic value for lmcut(): 2
[t=0.694534s, 12912 KB] g=2, 36 evaluated, 7 expanded
[t=0.706001s, 12912 KB] New best heuristic value for lmcut(): 1
[t=0.706442s, 12912 KB] g=7, 639 evaluated, 242 expanded, 9 reopened
[t=0.717536s, 12912 KB] New best heuristic value for lmcut(): 0
[t=0.718513s, 12912 KB] g=11, 1355 evaluated, 518 expanded, 12 reopened
[t=1.32925s, 12924 KB] Completely explored state space -- no solution!
[t=1.33038s, 12924 KB] Actual search time: 0.636881s
[t=1.33042s, 12924 KB] Best solution cost so far: 12
[t=1.33045s, 12924 KB] No solution found - keep searching
[t=1.33047s, 12924 KB] Building successor generator...done!
[t=1.33065s, 12924 KB] peak memory difference for successor generator creation: 0 KB
[t=1.33069s, 12924 KB] time for successor generation creation: 0s
[t=1.33072s, 12924 KB] Variables: 34
[t=1.33075s, 12924 KB] FactPairs: 100
[t=1.33077s, 12924 KB] Bytes per state: 8
[t=1.33079s, 12924 KB] Starting search: eager_wastar([h],w=2)
[t=1.33082s, 12924 KB] Conducting best first search with reopening closed nodes, (real) bound = 12
[t=1.33085s, 12924 KB] New best heuristic value for lmcut(): 5
[t=1.33092s, 12924 KB] g=0, 1 evaluated, 0 expanded
[t=1.33094s, 12924 KB] Initial heuristic value for lmcut(): 5
[t=1.33097s, 12924 KB] pruning method: none
[t=1.33099s, 12924 KB] Start Timestep: 1682418274299 millisecond(s).
[t=1.33102s, 12924 KB] New best heuristic value for lmcut(): 4
[t=1.33111s, 12924 KB] g=1, 3 evaluated, 1 expanded
[t=1.33124s, 12924 KB] New best heuristic value for lmcut(): 3
[t=1.33196s, 12924 KB] g=2, 33 evaluated, 7 expanded
[t=1.33199s, 12924 KB] New best heuristic value for lmcut(): 2
[t=1.33208s, 12924 KB] g=2, 36 evaluated, 7 expanded
[t=1.35307s, 12924 KB] New best heuristic value for lmcut(): 1
[t=1.35361s, 12924 KB] g=7, 1091 evaluated, 392 expanded, 3 reopened
[t=1.4203s, 12924 KB] New best heuristic value for lmcut(): 0
[t=1.42048s, 12924 KB] g=9, 4168 evaluated, 1615 expanded, 14 reopened
[t=1.97229s, 12924 KB] Completely explored state space -- no solution!
[t=1.97279s, 12924 KB] Actual search time: 0.641775s
[t=1.97282s, 12924 KB] Best solution cost so far: 12
[t=1.97285s, 12924 KB] No solution found - keep searching
[t=1.97288s, 12924 KB] Building successor generator...done!
[t=1.97305s, 12924 KB] peak memory difference for successor generator creation: 0 KB
[t=1.97309s, 12924 KB] time for successor generation creation: 0s
[t=1.97312s, 12924 KB] Variables: 34
[t=1.97315s, 12924 KB] FactPairs: 100
[t=1.97317s, 12924 KB] Bytes per state: 8
[t=1.9732s, 12924 KB] Starting search: astar(h)
[t=1.97323s, 12924 KB] Conducting best first search with reopening closed nodes, (real) bound = 12
[t=1.97326s, 12924 KB] New best heuristic value for lmcut(): 5
[t=1.97333s, 12924 KB] g=0, 1 evaluated, 0 expanded
[t=1.97335s, 12924 KB] f = 5, 1 evaluated, 0 expanded
[t=1.97337s, 12924 KB] Initial heuristic value for lmcut(): 5
[t=1.9734s, 12924 KB] pruning method: none
[t=1.97342s, 12924 KB] Start Timestep: 1682418274947 millisecond(s).
[t=1.97352s, 12924 KB] New best heuristic value for lmcut(): 4
[t=1.97356s, 12924 KB] g=1, 3 evaluated, 1 expanded
[t=1.97414s, 12924 KB] New best heuristic value for lmcut(): 3
[t=1.97438s, 12924 KB] g=2, 33 evaluated, 7 expanded
[t=1.97441s, 12924 KB] New best heuristic value for lmcut(): 2
[t=1.97449s, 12924 KB] g=2, 36 evaluated, 7 expanded
[t=1.97515s, 12924 KB] f = 6, 78 evaluated, 20 expanded
[t=1.9856s, 12924 KB] f = 7, 537 evaluated, 161 expanded
[t=2.02943s, 12924 KB] f = 8, 2446 evaluated, 875 expanded, 6 reopened
[t=2.03261s, 12924 KB] New best heuristic value for lmcut(): 1
[t=2.03294s, 12924 KB] g=7, 2616 evaluated, 960 expanded, 6 reopened
[t=2.13111s, 12924 KB] f = 9, 7046 evaluated, 2883 expanded, 17 reopened
[t=2.13973s, 12924 KB] New best heuristic value for lmcut(): 0
[t=2.14054s, 12924 KB] g=9, 7623 evaluated, 3142 expanded, 17 reopened
[t=2.30536s, 12924 KB] f = 10, 15312 evaluated, 7172 expanded, 45 reopened
[t=2.4742s, 12924 KB] f = 11, 23896 evaluated, 12756 expanded, 92 reopened
[t=2.57285s, 12924 KB] f = 12, 29263 evaluated, 17374 expanded, 132 reopened
[t=2.60766s, 12924 KB] f = 13, 31280 evaluated, 19844 expanded, 157 reopened
[t=2.6158s, 12924 KB] f = 14, 31765 evaluated, 20672 expanded, 161 reopened
[t=2.61682s, 12924 KB] f = 15, 31850 evaluated, 20820 expanded, 163 reopened
[t=2.61698s, 12924 KB] Completely explored state space -- no solution!
[t=2.61703s, 12924 KB] Actual search time: 0.643584s
[t=2.61706s, 12924 KB] Best solution cost so far: 12
[t=2.61709s, 12924 KB] No solution found - keep searching
[t=2.61711s, 12924 KB] Optimal Solution: found
[t=2.61723s, 12924 KB] Actual search time: 2.61111s
[t=2.61725s, 12924 KB] Cumulative statistics:
[t=2.61725s, 12924 KB] Timestamp: 1682418275597 millisecond(s).
[t=2.61725s, 12924 KB] Expanded 86408 state(s).
[t=2.61725s, 12924 KB] Reopened 2527 state(s).
[t=2.61725s, 12924 KB] Evaluated 130138 state(s).
[t=2.61725s, 12924 KB] Evaluations: 130138
[t=2.61725s, 12924 KB] Generated 203906 state(s).
[t=2.61725s, 12924 KB] Dead ends: 0 state(s).
[t=2.61725s, 12924 KB] Search time: 2.61121s
[t=2.61725s, 12924 KB] Total time: 2.61725s
Solution found.
Peak memory: 12924 KB
Remove intermediate file output.sas
search exit code: 0

INFO     Running validate.
INFO     validate stdin: None
INFO     validate time limit: None
INFO     validate memory limit: None
INFO     validate command line string: validate domain.pddl problem.pddl sas_plan.1
Checking plan: sas_plan.1
Plan executed successfully - checking goal
Plan valid
Final value: 12 

Successful plans:
Value: 12
 sas_plan.1 12 

validate exit code: 0

INFO     Planner time: 2.74s
