INFO     planner time limit: 900s
INFO     planner memory limit: 3584 MB

INFO     Running translator.
INFO     translator stdin: None
INFO     translator time limit: 899s
INFO     translator memory limit: 3584 MB
INFO     translator command line string: /usr/local/downward-projects/downward/experiments/assign3/.venv/bin/python3 /usr/local/downward-projects/downward/experiments/assign3/data/assign3-anytime_exp/code-fe4f0f1bb525c059c1938ac01bab1b7bae200873_e5e41175/builds/release/bin/translate/translate.py domain.pddl problem.pddl --sas-file output.sas
Parsing...
Parsing: [0.010s CPU, 0.008s wall-clock]
Normalizing task... [0.000s CPU, 0.000s wall-clock]
Instantiating...
Generating Datalog program... [0.000s CPU, 0.002s wall-clock]
Normalizing Datalog program...
Normalizing Datalog program: [0.010s CPU, 0.009s wall-clock]
Preparing model... [0.000s CPU, 0.006s wall-clock]
Generated 198 rules.
Computing model... [0.210s CPU, 0.216s wall-clock]
11033 relevant atoms
15657 auxiliary atoms
26690 final queue length
66411 total queue pushes
Completing instantiation... [0.570s CPU, 0.571s wall-clock]
Instantiating: [0.800s CPU, 0.811s wall-clock]
Computing fact groups...
Finding invariants...
24 initial candidates
Finding invariants: [0.020s CPU, 0.018s wall-clock]
Checking invariant weight... [0.000s CPU, 0.001s wall-clock]
Instantiating groups... [0.010s CPU, 0.010s wall-clock]
Collecting mutex groups... [0.000s CPU, 0.000s wall-clock]
Choosing groups...
393 uncovered facts
Choosing groups: [0.000s CPU, 0.001s wall-clock]
Building translation key... [0.000s CPU, 0.001s wall-clock]
Computing fact groups: [0.030s CPU, 0.036s wall-clock]
Building STRIPS to SAS dictionary... [0.000s CPU, 0.001s wall-clock]
Building dictionary for full mutex groups... [0.010s CPU, 0.001s wall-clock]
Building mutex information...
Building mutex information: [0.000s CPU, 0.000s wall-clock]
Translating task...
Processing axioms...
Simplifying axioms... [0.000s CPU, 0.000s wall-clock]
Translator axioms removed by simplifying: 0
Computing negative axioms... [0.000s CPU, 0.000s wall-clock]
Processing axioms: [0.020s CPU, 0.019s wall-clock]
Translating task: [0.480s CPU, 0.498s wall-clock]
4865 effect conditions simplified
0 implied preconditions added
Detecting unreachable propositions...
0 operators removed
0 axioms removed
120 propositions removed
Detecting unreachable propositions: [0.420s CPU, 0.460s wall-clock]
Reordering and filtering variables...
437 of 448 variables necessary.
98 of 136 mutex groups necessary.
9723 of 9723 operators necessary.
0 of 0 axiom rules necessary.
Reordering and filtering variables: [0.110s CPU, 0.140s wall-clock]
Translator variables: 437
Translator derived variables: 0
Translator facts: 1211
Translator goal facts: 110
Translator mutex groups: 98
Translator total mutex groups size: 341
Translator operators: 9723
Translator axioms: 0
Translator task size: 85050
Translator peak memory: 88968 KB
Writing output... [0.070s CPU, 0.074s wall-clock]
Done! [1.950s CPU, 2.056s wall-clock]
translate exit code: 0

INFO     Running search (release).
INFO     search stdin: output.sas
INFO     search time limit: 897s
INFO     search memory limit: 3584 MB
INFO     search command line string: /usr/local/downward-projects/downward/experiments/assign3/data/assign3-anytime_exp/code-fe4f0f1bb525c059c1938ac01bab1b7bae200873_e5e41175/builds/release/bin/downward --evaluator 'h=lmcut()' --search 'eager_anytime(epsilon_greedy(
        sum([weight(h, 2, verbosity=normal), g()]), epsilon=0.2, random_seed=1234), 
        reopen_closed=true, f_eval=sum([h, g()]))' --internal-plan-file sas_plan < output.sas
[t=0.00034583s, 10884 KB] reading input...
[t=0.0475793s, 14692 KB] done reading input!
[t=0.05595s, 17948 KB] Initializing landmark cut heuristic...
[t=0.0566455s, 17948 KB] Building successor generator...done!
[t=0.0606439s, 19176 KB] peak memory difference for successor generator creation: 1228 KB
[t=0.060746s, 19176 KB] time for successor generation creation: 0.00329186s
[t=0.0607726s, 19176 KB] Variables: 437
[t=0.0608055s, 19176 KB] FactPairs: 1211
[t=0.0608289s, 19176 KB] Bytes per state: 76
[t=0.0608826s, 19176 KB] Conducting best first anytime search with reopening closed nodes, (real) bound = 2147483647
[t=0.0776061s, 19176 KB] New best heuristic value for lmcut(): 1230
[t=0.0782772s, 19176 KB] g=0, 1 evaluated, 0 expanded
[t=0.0783077s, 19176 KB] Initial heuristic value for lmcut(): 1230
[t=0.0783365s, 19176 KB] Start Timestep: 1682380073014 millisecond(s).
[t=0.111468s, 19176 KB] New best heuristic value for lmcut(): 1210
[t=0.111564s, 19176 KB] g=20, 3 evaluated, 1 expanded
[t=0.160767s, 19176 KB] New best heuristic value for lmcut(): 1185
[t=0.161333s, 19176 KB] g=45, 6 evaluated, 1 expanded
[t=3.03533s, 19176 KB] New best heuristic value for lmcut(): 1165
[t=3.03533s, 19176 KB] g=65, 181 evaluated, 2 expanded
[t=3.61073s, 19176 KB] New best heuristic value for lmcut(): 1150
[t=3.61073s, 19176 KB] g=75, 217 evaluated, 2 expanded
[t=6.02637s, 19176 KB] New best heuristic value for lmcut(): 1130
[t=6.02637s, 19176 KB] g=95, 371 evaluated, 3 expanded
[t=7.36321s, 19176 KB] New best heuristic value for lmcut(): 1120
[t=7.36321s, 19176 KB] g=105, 461 evaluated, 3 expanded
[t=8.7169s, 19176 KB] New best heuristic value for lmcut(): 1100
[t=8.7169s, 19176 KB] g=125, 551 evaluated, 4 expanded
[t=11.7014s, 19176 KB] New best heuristic value for lmcut(): 1090
[t=11.7014s, 19176 KB] g=135, 756 evaluated, 5 expanded
[t=12.0573s, 19176 KB] New best heuristic value for lmcut(): 1080
[t=12.0573s, 19176 KB] g=145, 781 evaluated, 5 expanded
[t=17.733s, 19176 KB] New best heuristic value for lmcut(): 1070
[t=17.733s, 19176 KB] g=155, 1163 evaluated, 7 expanded
[t=20.5249s, 19176 KB] New best heuristic value for lmcut(): 1065
[t=20.5249s, 19176 KB] g=160, 1358 evaluated, 7 expanded
[t=20.6369s, 19176 KB] New best heuristic value for lmcut(): 1055
[t=20.6369s, 19176 KB] g=170, 1366 evaluated, 8 expanded
[t=23.3461s, 19176 KB] New best heuristic value for lmcut(): 1045
[t=23.3461s, 19176 KB] g=185, 1556 evaluated, 9 expanded
[t=26.0265s, 19176 KB] New best heuristic value for lmcut(): 1035
[t=26.0265s, 19176 KB] g=190, 1747 evaluated, 10 expanded
[t=28.5276s, 19176 KB] New best heuristic value for lmcut(): 1025
[t=28.5276s, 19176 KB] g=205, 1928 evaluated, 11 expanded
[t=31.0733s, 19176 KB] New best heuristic value for lmcut(): 1020
[t=31.0733s, 19176 KB] g=210, 2112 evaluated, 12 expanded
[t=31.2901s, 19176 KB] New best heuristic value for lmcut(): 1015
[t=31.2901s, 19176 KB] g=230, 2128 evaluated, 12 expanded
[t=33.7027s, 19176 KB] New best heuristic value for lmcut(): 1010
[t=33.7027s, 19176 KB] g=220, 2304 evaluated, 13 expanded
[t=33.916s, 19176 KB] New best heuristic value for lmcut(): 1005
[t=33.9163s, 19176 KB] g=240, 2320 evaluated, 13 expanded
[t=36.5358s, 19176 KB] New best heuristic value for lmcut(): 1000
[t=36.5358s, 19176 KB] g=230, 2515 evaluated, 14 expanded
[t=36.7311s, 19176 KB] New best heuristic value for lmcut(): 995
[t=36.7321s, 19176 KB] g=250, 2530 evaluated, 14 expanded
[t=38.992s, 19176 KB] New best heuristic value for lmcut(): 985
[t=38.992s, 19176 KB] g=240, 2700 evaluated, 14 expanded
[t=39.3583s, 19176 KB] New best heuristic value for lmcut(): 980
[t=39.3583s, 19176 KB] g=250, 2728 evaluated, 15 expanded
[t=39.5518s, 19176 KB] New best heuristic value for lmcut(): 975
[t=39.5518s, 19176 KB] g=270, 2743 evaluated, 15 expanded
[t=41.9366s, 19176 KB] New best heuristic value for lmcut(): 970
[t=41.9366s, 19176 KB] g=260, 2926 evaluated, 16 expanded
[t=42.1135s, 19176 KB] New best heuristic value for lmcut(): 965
[t=42.1135s, 19176 KB] g=280, 2940 evaluated, 16 expanded
[t=44.3384s, 19308 KB] New best heuristic value for lmcut(): 945
[t=44.3394s, 19308 KB] g=280, 3114 evaluated, 16 expanded
[t=47.4142s, 19308 KB] New best heuristic value for lmcut(): 940
[t=47.4142s, 19308 KB] g=290, 3343 evaluated, 18 expanded
[t=47.589s, 19308 KB] New best heuristic value for lmcut(): 935
[t=47.589s, 19308 KB] g=310, 3357 evaluated, 18 expanded
[t=50.0241s, 19308 KB] New best heuristic value for lmcut(): 930
[t=50.0241s, 19308 KB] g=300, 3550 evaluated, 19 expanded
[t=50.1831s, 19308 KB] New best heuristic value for lmcut(): 925
[t=50.1831s, 19308 KB] g=320, 3563 evaluated, 19 expanded
[t=52.605s, 19444 KB] New best heuristic value for lmcut(): 920
[t=52.605s, 19444 KB] g=310, 3759 evaluated, 20 expanded
[t=52.7476s, 19444 KB] New best heuristic value for lmcut(): 915
[t=52.7486s, 19444 KB] g=330, 3771 evaluated, 20 expanded
[t=54.4362s, 19444 KB] New best heuristic value for lmcut(): 895
[t=54.4362s, 19444 KB] g=330, 3907 evaluated, 20 expanded
[t=55.2013s, 19444 KB] New best heuristic value for lmcut(): 890
[t=55.2013s, 19444 KB] g=340, 3971 evaluated, 21 expanded
[t=55.3476s, 19444 KB] New best heuristic value for lmcut(): 885
[t=55.3476s, 19444 KB] g=360, 3983 evaluated, 21 expanded
[t=57.6519s, 19668 KB] New best heuristic value for lmcut(): 880
[t=57.6529s, 19668 KB] g=350, 4182 evaluated, 22 expanded
[t=57.7729s, 19668 KB] New best heuristic value for lmcut(): 875
[t=57.7729s, 19668 KB] g=370, 4193 evaluated, 22 expanded
[t=59.1452s, 19668 KB] New best heuristic value for lmcut(): 870
[t=59.1462s, 19668 KB] g=355, 4316 evaluated, 22 expanded
[t=62.4602s, 19668 KB] New best heuristic value for lmcut(): 865
[t=62.4602s, 19668 KB] g=365, 4612 evaluated, 24 expanded
[t=62.579s, 19668 KB] New best heuristic value for lmcut(): 860
[t=62.579s, 19668 KB] g=385, 4623 evaluated, 24 expanded
[t=64.6443s, 19668 KB] New best heuristic value for lmcut(): 855
[t=64.6443s, 19668 KB] g=375, 4811 evaluated, 25 expanded
[t=64.7496s, 19668 KB] New best heuristic value for lmcut(): 850
[t=64.7496s, 19668 KB] g=395, 4821 evaluated, 25 expanded
[t=65.9869s, 19668 KB] New best heuristic value for lmcut(): 830
[t=65.988s, 19668 KB] g=395, 4936 evaluated, 25 expanded
[t=66.8059s, 19668 KB] New best heuristic value for lmcut(): 825
[t=66.8067s, 19668 KB] g=405, 5013 evaluated, 26 expanded
[t=66.9101s, 19668 KB] New best heuristic value for lmcut(): 820
[t=66.9101s, 19668 KB] g=425, 5023 evaluated, 26 expanded
[t=68.9394s, 19800 KB] New best heuristic value for lmcut(): 815
[t=68.9394s, 19800 KB] g=415, 5215 evaluated, 27 expanded
[t=69.0413s, 19800 KB] New best heuristic value for lmcut(): 810
[t=69.0413s, 19800 KB] g=435, 5225 evaluated, 27 expanded
[t=71.0465s, 19800 KB] New best heuristic value for lmcut(): 805
[t=71.0465s, 19800 KB] g=425, 5420 evaluated, 28 expanded
[t=71.1548s, 19800 KB] New best heuristic value for lmcut(): 800
[t=71.1548s, 19800 KB] g=445, 5431 evaluated, 28 expanded
[t=73.1121s, 19800 KB] New best heuristic value for lmcut(): 795
[t=73.1121s, 19800 KB] g=435, 5627 evaluated, 29 expanded
[t=73.2067s, 19800 KB] New best heuristic value for lmcut(): 790
[t=73.2078s, 19800 KB] g=455, 5637 evaluated, 29 expanded
[t=75.1246s, 19800 KB] New best heuristic value for lmcut(): 785
[t=75.1246s, 19800 KB] g=445, 5835 evaluated, 30 expanded
[t=75.2735s, 19800 KB] New best heuristic value for lmcut(): 780
[t=75.274s, 19800 KB] g=465, 5851 evaluated, 30 expanded
[t=76.009s, 19936 KB] New best heuristic value for lmcut(): 775
[t=76.009s, 19936 KB] g=450, 5928 evaluated, 30 expanded
[t=77.0826s, 19936 KB] New best heuristic value for lmcut(): 770
[t=77.0826s, 19936 KB] g=460, 6044 evaluated, 31 expanded
[t=77.2299s, 19936 KB] New best heuristic value for lmcut(): 765
[t=77.23s, 19936 KB] g=480, 6060 evaluated, 31 expanded
[t=82.2536s, 19936 KB] New best heuristic value for lmcut(): 760
[t=82.2536s, 19936 KB] g=470, 6479 evaluated, 33 expanded
[t=82.3777s, 19936 KB] New best heuristic value for lmcut(): 755
[t=82.3783s, 19936 KB] g=490, 6493 evaluated, 33 expanded
[t=84.1156s, 20072 KB] New best heuristic value for lmcut(): 750
[t=84.1156s, 20072 KB] g=480, 6688 evaluated, 34 expanded
[t=84.2262s, 20072 KB] New best heuristic value for lmcut(): 745
[t=84.2262s, 20072 KB] g=500, 6701 evaluated, 34 expanded
[t=85.7708s, 20072 KB] New best heuristic value for lmcut(): 710
[t=85.7708s, 20072 KB] g=515, 6881 evaluated, 34 expanded
[t=85.9886s, 20072 KB] New best heuristic value for lmcut(): 705
[t=85.9886s, 20072 KB] g=525, 6907 evaluated, 35 expanded
[t=86.0971s, 20072 KB] New best heuristic value for lmcut(): 700
[t=86.0971s, 20072 KB] g=545, 6920 evaluated, 35 expanded
[t=87.8225s, 20072 KB] New best heuristic value for lmcut(): 695
[t=87.8225s, 20072 KB] g=535, 7125 evaluated, 36 expanded
[t=87.9197s, 20072 KB] New best heuristic value for lmcut(): 690
[t=87.9197s, 20072 KB] g=555, 7137 evaluated, 36 expanded
[t=89.6986s, 20072 KB] New best heuristic value for lmcut(): 685
[t=89.6986s, 20072 KB] g=545, 7355 evaluated, 37 expanded
[t=89.7845s, 20072 KB] New best heuristic value for lmcut(): 680
[t=89.7845s, 20072 KB] g=565, 7366 evaluated, 37 expanded
[t=91.1296s, 20208 KB] New best heuristic value for lmcut(): 675
[t=91.1296s, 20208 KB] g=550, 7538 evaluated, 37 expanded
[t=96.5466s, 20440 KB] New best heuristic value for lmcut(): 670
[t=96.5466s, 20440 KB] g=560, 8036 evaluated, 40 expanded
[t=96.6313s, 20440 KB] New best heuristic value for lmcut(): 665
[t=96.6313s, 20440 KB] g=580, 8047 evaluated, 40 expanded
[t=98.2893s, 20440 KB] New best heuristic value for lmcut(): 660
[t=98.2893s, 20440 KB] g=570, 8264 evaluated, 41 expanded
[t=98.363s, 20440 KB] New best heuristic value for lmcut(): 655
[t=98.363s, 20440 KB] g=590, 8274 evaluated, 41 expanded
[t=98.6217s, 20696 KB] New best heuristic value for lmcut(): 650
[t=98.6217s, 20696 KB] g=575, 8307 evaluated, 41 expanded
[t=100.045s, 20696 KB] New best heuristic value for lmcut(): 645
[t=100.045s, 20696 KB] g=585, 8505 evaluated, 42 expanded
[t=100.119s, 20696 KB] New best heuristic value for lmcut(): 640
[t=100.119s, 20696 KB] g=605, 8515 evaluated, 42 expanded
[t=101.773s, 20696 KB] New best heuristic value for lmcut(): 635
[t=101.773s, 20696 KB] g=595, 8746 evaluated, 43 expanded
[t=101.844s, 20696 KB] New best heuristic value for lmcut(): 630
[t=101.844s, 20696 KB] g=615, 8756 evaluated, 43 expanded
[t=103.378s, 20696 KB] New best heuristic value for lmcut(): 625
[t=103.378s, 20696 KB] g=605, 8973 evaluated, 44 expanded
[t=103.449s, 20696 KB] New best heuristic value for lmcut(): 620
[t=103.449s, 20696 KB] g=625, 8983 evaluated, 44 expanded
[t=104.873s, 20696 KB] New best heuristic value for lmcut(): 615
[t=104.873s, 20696 KB] g=615, 9187 evaluated, 45 expanded
[t=104.943s, 20696 KB] New best heuristic value for lmcut(): 610
[t=104.943s, 20696 KB] g=635, 9197 evaluated, 45 expanded
[t=106.245s, 20696 KB] New best heuristic value for lmcut(): 605
[t=106.245s, 20696 KB] g=625, 9387 evaluated, 46 expanded
[t=106.313s, 20696 KB] New best heuristic value for lmcut(): 600
[t=106.313s, 20696 KB] g=645, 9397 evaluated, 46 expanded
[t=107.513s, 20696 KB] New best heuristic value for lmcut(): 595
[t=107.513s, 20696 KB] g=635, 9575 evaluated, 47 expanded
[t=107.58s, 20696 KB] New best heuristic value for lmcut(): 590
[t=107.58s, 20696 KB] g=655, 9585 evaluated, 47 expanded
[t=110.492s, 20696 KB] New best heuristic value for lmcut(): 585
[t=110.492s, 20696 KB] g=645, 9942 evaluated, 49 expanded
[t=110.558s, 20696 KB] New best heuristic value for lmcut(): 580
[t=110.558s, 20696 KB] g=665, 9952 evaluated, 49 expanded
[t=113.473s, 20832 KB] New best heuristic value for lmcut(): 575
[t=113.473s, 20832 KB] g=655, 10295 evaluated, 51 expanded
[t=113.538s, 20832 KB] New best heuristic value for lmcut(): 570
[t=113.539s, 20832 KB] g=675, 10305 evaluated, 51 expanded
[t=114.43s, 20832 KB] New best heuristic value for lmcut(): 565
[t=114.43s, 20832 KB] g=665, 10444 evaluated, 52 expanded
[t=114.493s, 20832 KB] New best heuristic value for lmcut(): 560
[t=114.493s, 20832 KB] g=685, 10454 evaluated, 52 expanded
[t=117.232s, 20968 KB] New best heuristic value for lmcut(): 555
[t=117.233s, 20968 KB] g=675, 10770 evaluated, 54 expanded
[t=117.295s, 20968 KB] New best heuristic value for lmcut(): 550
[t=117.295s, 20968 KB] g=695, 10780 evaluated, 54 expanded
[t=117.979s, 20968 KB] New best heuristic value for lmcut(): 545
[t=117.979s, 20968 KB] g=700, 10890 evaluated, 55 expanded
[t=118.653s, 20968 KB] New best heuristic value for lmcut(): 540
[t=118.653s, 20968 KB] g=705, 11001 evaluated, 56 expanded
[t=119.237s, 20968 KB] New best heuristic value for lmcut(): 535
[t=119.237s, 20968 KB] g=715, 11099 evaluated, 57 expanded
[t=122.971s, 21100 KB] New best heuristic value for lmcut(): 530
[t=122.971s, 21100 KB] g=715, 11479 evaluated, 60 expanded
[t=124.284s, 21100 KB] New best heuristic value for lmcut(): 500
[t=124.284s, 21100 KB] g=745, 11703 evaluated, 63 expanded
[t=124.612s, 21100 KB] New best heuristic value for lmcut(): 485
[t=124.613s, 21100 KB] g=760, 11762 evaluated, 63 expanded
[t=124.756s, 21100 KB] New best heuristic value for lmcut(): 455
[t=124.756s, 21100 KB] g=790, 11789 evaluated, 64 expanded
[t=125.926s, 21236 KB] New best heuristic value for lmcut(): 445
[t=125.926s, 21236 KB] g=820, 11986 evaluated, 66 expanded
[t=126.253s, 21236 KB] New best heuristic value for lmcut(): 435
[t=126.254s, 21236 KB] g=810, 12052 evaluated, 66 expanded
[t=126.421s, 21236 KB] New best heuristic value for lmcut(): 425
[t=126.421s, 21236 KB] g=840, 12086 evaluated, 67 expanded
[t=126.853s, 21236 KB] New best heuristic value for lmcut(): 415
[t=126.853s, 21236 KB] g=850, 12174 evaluated, 68 expanded
[t=131.442s, 21372 KB] New best heuristic value for lmcut(): 405
[t=131.442s, 21372 KB] g=880, 12655 evaluated, 72 expanded
[t=138.037s, 21372 KB] New best heuristic value for lmcut(): 395
[t=138.037s, 21372 KB] g=890, 13193 evaluated, 75 expanded
[t=138.233s, 21372 KB] New best heuristic value for lmcut(): 385
[t=138.233s, 21372 KB] g=880, 13236 evaluated, 75 expanded
[t=138.495s, 21372 KB] New best heuristic value for lmcut(): 375
[t=138.495s, 21372 KB] g=910, 13294 evaluated, 76 expanded
[t=138.887s, 21508 KB] New best heuristic value for lmcut(): 365
[t=138.887s, 21508 KB] g=920, 13382 evaluated, 77 expanded
[t=139.023s, 21508 KB] New best heuristic value for lmcut(): 345
[t=139.023s, 21508 KB] g=920, 13415 evaluated, 77 expanded
[t=139.303s, 21508 KB] New best heuristic value for lmcut(): 335
[t=139.303s, 21508 KB] g=950, 13482 evaluated, 78 expanded
[t=143.213s, 21508 KB] New best heuristic value for lmcut(): 330
[t=143.213s, 21508 KB] g=955, 13829 evaluated, 80 expanded
[t=143.892s, 21644 KB] New best heuristic value for lmcut(): 320
[t=143.892s, 21644 KB] g=985, 14003 evaluated, 82 expanded
[t=144.157s, 21644 KB] New best heuristic value for lmcut(): 315
[t=144.157s, 21644 KB] g=970, 14078 evaluated, 82 expanded
[t=144.242s, 21644 KB] New best heuristic value for lmcut(): 305
[t=144.242s, 21644 KB] g=1000, 14099 evaluated, 83 expanded
[t=144.573s, 21644 KB] New best heuristic value for lmcut(): 295
[t=144.573s, 21644 KB] g=1030, 14196 evaluated, 84 expanded
[t=144.792s, 21644 KB] New best heuristic value for lmcut(): 290
[t=144.792s, 21644 KB] g=1015, 14268 evaluated, 84 expanded
[t=145.881s, 21644 KB] New best heuristic value for lmcut(): 280
[t=145.881s, 21644 KB] g=1045, 14441 evaluated, 86 expanded
[t=146.112s, 21644 KB] New best heuristic value for lmcut(): 270
[t=146.112s, 21644 KB] g=1075, 14520 evaluated, 87 expanded
[t=148.239s, 21780 KB] New best heuristic value for lmcut(): 260
[t=148.239s, 21780 KB] g=1085, 14827 evaluated, 89 expanded
[t=148.512s, 21780 KB] New best heuristic value for lmcut(): 255
[t=148.512s, 21780 KB] g=1095, 14933 evaluated, 90 expanded
[t=154.761s, 22756 KB] New best heuristic value for lmcut(): 245
[t=154.761s, 22756 KB] g=1120, 15774 evaluated, 96 expanded
[t=154.978s, 22756 KB] New best heuristic value for lmcut(): 235
[t=154.978s, 22756 KB] g=1130, 15873 evaluated, 97 expanded
[t=161.162s, 22756 KB] New best heuristic value for lmcut(): 225
[t=161.162s, 22756 KB] g=1120, 16655 evaluated, 102 expanded
[t=161.256s, 22756 KB] New best heuristic value for lmcut(): 215
[t=161.256s, 22756 KB] g=1150, 16697 evaluated, 103 expanded
[t=161.472s, 22756 KB] New best heuristic value for lmcut(): 205
[t=161.472s, 22756 KB] g=1160, 16803 evaluated, 104 expanded
[t=161.647s, 22756 KB] New best heuristic value for lmcut(): 195
[t=161.647s, 22756 KB] g=1190, 16894 evaluated, 105 expanded
[t=161.814s, 22756 KB] New best heuristic value for lmcut(): 185
[t=161.814s, 22756 KB] g=1200, 16993 evaluated, 106 expanded
[t=167.947s, 22756 KB] New best heuristic value for lmcut(): 155
[t=167.948s, 22756 KB] g=1230, 18371 evaluated, 119 expanded
[t=168.088s, 22756 KB] New best heuristic value for lmcut(): 110
[t=168.088s, 22756 KB] g=1275, 18483 evaluated, 120 expanded
[t=186.331s, 23568 KB] New best heuristic value for lmcut(): 90
[t=186.331s, 23568 KB] g=1345, 24072 evaluated, 177 expanded
[t=329.543s, 31784 KB] New best heuristic value for lmcut(): 70
[t=329.543s, 31784 KB] g=1365, 65930 evaluated, 610 expanded
[t=329.584s, 31784 KB] New best heuristic value for lmcut(): 60
[t=329.584s, 31784 KB] g=1365, 65981 evaluated, 610 expanded
[t=329.643s, 31784 KB] New best heuristic value for lmcut(): 40
[t=329.643s, 31784 KB] g=1395, 66048 evaluated, 611 expanded
[t=332.976s, 31784 KB] New best heuristic value for lmcut(): 30
[t=332.976s, 31784 KB] g=1405, 66527 evaluated, 614 expanded
[t=332.985s, 31784 KB] New best heuristic value for lmcut(): 20
[t=332.985s, 31784 KB] g=1415, 66545 evaluated, 614 expanded
[t=333.034s, 31784 KB] New best heuristic value for lmcut(): 10
[t=333.034s, 31784 KB] g=1425, 66650 evaluated, 615 expanded
[t=333.086s, 31784 KB] New best heuristic value for lmcut(): 0
[t=333.086s, 31784 KB] g=1435, 66787 evaluated, 616 expanded
[t=333.105s, 31784 KB] Solution found!
do-grind p25 grinder0 smooth blue colourfragments untreated (45)
load-highspeed-saw b1 highspeed-saw0 (30)
do-saw-medium b4 p29 saw0 oak smooth s6 s5 s4 (30)
do-plane p8 planer0 smooth white varnished (20)
do-glaze p25 glazer0 green (20)
do-glaze p29 glazer0 black (15)
do-immersion-varnish p8 immersion-varnisher0 blue smooth (10)
do-plane p26 planer0 verysmooth blue colourfragments (10)
do-glaze p26 glazer0 white (10)
do-plane p1 planer0 verysmooth mauve glazed (10)
cut-board-large b1 p2 highspeed-saw0 cherry smooth s7 s5 s6 s4 (10)
cut-board-large b1 p27 highspeed-saw0 cherry smooth s7 s5 s6 s4 (10)
do-glaze p27 glazer0 red (20)
cut-board-medium b1 p12 highspeed-saw0 cherry smooth s4 s3 s2 (10)
do-grind p12 grinder0 smooth natural untreated untreated (30)
cut-board-medium b1 p19 highspeed-saw0 cherry smooth s4 s3 s2 (10)
cut-board-medium b1 p24 highspeed-saw0 cherry smooth s4 s3 s2 (10)
do-grind p24 grinder0 smooth natural untreated untreated (30)
cut-board-medium b1 p28 highspeed-saw0 cherry smooth s4 s3 s2 (10)
do-glaze p28 glazer0 black (15)
cut-board-medium b1 p9 highspeed-saw0 cherry smooth s4 s3 s2 (10)
do-grind p9 grinder0 smooth natural untreated untreated (30)
cut-board-small b1 p18 highspeed-saw0 cherry smooth s4 s3 (10)
cut-board-small b1 p20 highspeed-saw0 cherry smooth s4 s3 (10)
cut-board-small b1 p21 highspeed-saw0 cherry smooth s4 s3 (10)
cut-board-small b1 p23 highspeed-saw0 cherry smooth s4 s3 (10)
do-grind p23 grinder0 smooth natural untreated untreated (15)
cut-board-small b1 p3 highspeed-saw0 cherry smooth s4 s3 (10)
cut-board-large b1 p0 highspeed-saw0 cherry smooth s4 s2 s3 s1 (10)
do-grind p0 grinder0 smooth natural untreated untreated (45)
cut-board-medium b1 p16 highspeed-saw0 cherry smooth s4 s3 s2 (10)
cut-board-medium b1 p17 highspeed-saw0 cherry smooth s4 s3 s2 (10)
do-glaze p17 glazer0 mauve (15)
cut-board-small b1 p31 highspeed-saw0 cherry smooth s4 s3 (10)
do-grind p31 grinder0 smooth natural untreated untreated (15)
do-immersion-varnish p24 immersion-varnisher0 mauve verysmooth (10)
do-glaze p23 glazer0 black (10)
do-glaze p20 glazer0 black (10)
do-immersion-varnish p2 immersion-varnisher0 mauve smooth (10)
do-immersion-varnish p19 immersion-varnisher0 red smooth (10)
do-glaze p18 glazer0 green (10)
do-immersion-varnish p16 immersion-varnisher0 black smooth (10)
do-immersion-varnish p12 immersion-varnisher0 mauve verysmooth (10)
do-immersion-varnish p0 immersion-varnisher0 black verysmooth (10)
do-spray-varnish p1 spray-varnisher0 red smooth (5)
do-spray-varnish p31 spray-varnisher0 black verysmooth (5)
do-spray-varnish p3 spray-varnisher0 black smooth (5)
do-spray-varnish p21 spray-varnisher0 black smooth (5)
do-saw-large b10 p14 saw0 beech smooth s7 s5 s6 s4 (30)
do-grind p14 grinder0 smooth natural untreated untreated (45)
do-saw-small b10 p13 saw0 beech smooth s4 s3 (30)
do-glaze p14 glazer0 black (20)
unload-highspeed-saw b1 highspeed-saw0 (10)
load-highspeed-saw b2 highspeed-saw0 (30)
cut-board-large b2 p5 highspeed-saw0 mahogany smooth s10 s8 s9 s7 (10)
do-glaze p5 glazer0 white (20)
cut-board-medium b2 p7 highspeed-saw0 mahogany smooth s7 s6 s5 (10)
do-grind p7 grinder0 smooth natural untreated untreated (30)
do-spray-varnish p13 spray-varnisher0 black smooth (5)
do-saw-medium b6 p11 saw0 pine rough s9 s8 s7 (30)
do-glaze p11 glazer0 black (15)
do-saw-medium b7 p10 saw0 walnut rough s9 s8 s7 (30)
do-glaze p10 glazer0 mauve (15)
do-saw-small b9 p15 saw0 teak rough s7 s6 (30)
do-plane p15 planer0 rough natural untreated (10)
do-spray-varnish p15 spray-varnisher0 mauve smooth (5)
do-saw-large b9 p22 saw0 teak rough s6 s4 s5 s3 (30)
do-plane p22 planer0 rough natural untreated (30)
do-immersion-varnish p22 immersion-varnisher0 white smooth (10)
do-saw-small b6 p32 saw0 pine rough s7 s6 (30)
do-plane p32 planer0 rough natural untreated (10)
do-saw-large b6 p6 saw0 pine rough s7 s5 s6 s4 (30)
do-plane p6 planer0 rough natural untreated (30)
do-grind p6 grinder0 smooth natural untreated untreated (45)
do-glaze p32 glazer0 black (10)
do-saw-medium b7 p4 saw0 walnut rough s7 s6 s5 (30)
do-plane p4 planer0 rough natural untreated (20)
do-grind p4 grinder0 smooth natural untreated untreated (30)
do-saw-medium b7 p30 saw0 walnut rough s7 s6 s5 (30)
do-plane p30 planer0 rough natural untreated (20)
do-immersion-varnish p4 immersion-varnisher0 black verysmooth (10)
do-immersion-varnish p30 immersion-varnisher0 green smooth (10)
[t=333.106s, 31784 KB] Plan length: 82 step(s).
[t=333.106s, 31784 KB] Plan cost: 1435
[t=333.106s, 31784 KB] Solution: Incumbent solution found!
[t=333.106s, 31784 KB] Solution Timestep: 1682380409824 millisecond(s).
[t=333.106s, 31784 KB] Timestamp: 1682380409824 millisecond(s).
[t=333.106s, 31784 KB] Expanded 617 state(s).
[t=333.106s, 31784 KB] Reopened 0 state(s).
[t=333.106s, 31784 KB] Evaluated 66838 state(s).
[t=333.106s, 31784 KB] Evaluations: 109439
[t=333.106s, 31784 KB] Generated 132262 state(s).
[t=333.106s, 31784 KB] Dead ends: 0 state(s).
[t=333.106s, 31784 KB] Number of registered states: 109439
[t=333.106s, 31784 KB] Int hash set load factor: 109439/131072 = 0.834953
[t=333.106s, 31784 KB] Int hash set resizes: 17
[t=511.995s, 40700 KB] Solution found!
do-grind p25 grinder0 smooth blue colourfragments untreated (45)
load-highspeed-saw b1 highspeed-saw0 (30)
do-saw-medium b4 p29 saw0 oak smooth s6 s5 s4 (30)
do-plane p8 planer0 smooth white varnished (20)
do-glaze p25 glazer0 green (20)
do-glaze p29 glazer0 black (15)
do-immersion-varnish p8 immersion-varnisher0 blue smooth (10)
do-plane p26 planer0 verysmooth blue colourfragments (10)
do-glaze p26 glazer0 white (10)
do-plane p1 planer0 verysmooth mauve glazed (10)
cut-board-large b1 p2 highspeed-saw0 cherry smooth s7 s5 s6 s4 (10)
cut-board-large b1 p27 highspeed-saw0 cherry smooth s7 s5 s6 s4 (10)
do-glaze p27 glazer0 red (20)
cut-board-medium b1 p12 highspeed-saw0 cherry smooth s4 s3 s2 (10)
do-grind p12 grinder0 smooth natural untreated untreated (30)
cut-board-medium b1 p19 highspeed-saw0 cherry smooth s4 s3 s2 (10)
cut-board-medium b1 p24 highspeed-saw0 cherry smooth s4 s3 s2 (10)
do-grind p24 grinder0 smooth natural untreated untreated (30)
cut-board-medium b1 p28 highspeed-saw0 cherry smooth s4 s3 s2 (10)
do-glaze p28 glazer0 black (15)
cut-board-medium b1 p9 highspeed-saw0 cherry smooth s4 s3 s2 (10)
do-grind p9 grinder0 smooth natural untreated untreated (30)
cut-board-small b1 p18 highspeed-saw0 cherry smooth s4 s3 (10)
cut-board-small b1 p20 highspeed-saw0 cherry smooth s4 s3 (10)
cut-board-small b1 p21 highspeed-saw0 cherry smooth s4 s3 (10)
cut-board-small b1 p23 highspeed-saw0 cherry smooth s4 s3 (10)
do-grind p23 grinder0 smooth natural untreated untreated (15)
cut-board-small b1 p3 highspeed-saw0 cherry smooth s4 s3 (10)
cut-board-large b1 p0 highspeed-saw0 cherry smooth s4 s2 s3 s1 (10)
do-grind p0 grinder0 smooth natural untreated untreated (45)
cut-board-medium b1 p16 highspeed-saw0 cherry smooth s4 s3 s2 (10)
cut-board-medium b1 p17 highspeed-saw0 cherry smooth s4 s3 s2 (10)
do-glaze p17 glazer0 mauve (15)
cut-board-small b1 p31 highspeed-saw0 cherry smooth s4 s3 (10)
do-grind p31 grinder0 smooth natural untreated untreated (15)
do-immersion-varnish p24 immersion-varnisher0 mauve verysmooth (10)
do-glaze p23 glazer0 black (10)
do-glaze p20 glazer0 black (10)
do-immersion-varnish p2 immersion-varnisher0 mauve smooth (10)
do-immersion-varnish p19 immersion-varnisher0 red smooth (10)
do-glaze p18 glazer0 green (10)
do-immersion-varnish p16 immersion-varnisher0 black smooth (10)
do-immersion-varnish p12 immersion-varnisher0 mauve verysmooth (10)
do-immersion-varnish p0 immersion-varnisher0 black verysmooth (10)
do-spray-varnish p1 spray-varnisher0 red smooth (5)
do-spray-varnish p31 spray-varnisher0 black verysmooth (5)
do-spray-varnish p3 spray-varnisher0 black smooth (5)
do-spray-varnish p21 spray-varnisher0 black smooth (5)
do-saw-large b10 p14 saw0 beech smooth s7 s5 s6 s4 (30)
do-grind p14 grinder0 smooth natural untreated untreated (45)
do-saw-small b10 p13 saw0 beech smooth s4 s3 (30)
do-glaze p14 glazer0 black (20)
unload-highspeed-saw b1 highspeed-saw0 (10)
load-highspeed-saw b2 highspeed-saw0 (30)
cut-board-large b2 p5 highspeed-saw0 mahogany smooth s10 s8 s9 s7 (10)
do-glaze p5 glazer0 white (20)
cut-board-medium b2 p7 highspeed-saw0 mahogany smooth s7 s6 s5 (10)
do-grind p7 grinder0 smooth natural untreated untreated (30)
do-spray-varnish p13 spray-varnisher0 black smooth (5)
do-saw-medium b6 p11 saw0 pine rough s9 s8 s7 (30)
do-glaze p11 glazer0 black (15)
do-saw-medium b7 p10 saw0 walnut rough s9 s8 s7 (30)
do-glaze p10 glazer0 mauve (15)
do-saw-small b9 p15 saw0 teak rough s7 s6 (30)
do-plane p15 planer0 rough natural untreated (10)
do-spray-varnish p15 spray-varnisher0 mauve smooth (5)
do-saw-large b9 p22 saw0 teak rough s6 s4 s5 s3 (30)
do-plane p22 planer0 rough natural untreated (30)
do-immersion-varnish p22 immersion-varnisher0 white smooth (10)
do-saw-small b6 p32 saw0 pine rough s7 s6 (30)
do-plane p32 planer0 rough natural untreated (10)
do-saw-large b6 p6 saw0 pine rough s7 s5 s6 s4 (30)
do-plane p6 planer0 rough natural untreated (30)
do-grind p6 grinder0 smooth natural untreated untreated (45)
do-saw-medium b7 p30 saw0 walnut rough s7 s6 s5 (30)
do-plane p30 planer0 rough natural untreated (20)
do-saw-medium b7 p4 saw0 walnut rough s7 s6 s5 (30)
do-plane p4 planer0 rough natural untreated (20)
do-grind p4 grinder0 smooth natural untreated untreated (30)
do-immersion-varnish p4 immersion-varnisher0 blue verysmooth (10)
do-immersion-varnish p30 immersion-varnisher0 green smooth (10)
[t=511.999s, 40700 KB] Plan length: 81 step(s).
[t=511.999s, 40700 KB] Plan cost: 1425
[t=511.999s, 40700 KB] Solution: Incumbent solution found!
[t=511.999s, 40700 KB] Solution Timestep: 1682380591288 millisecond(s).
[t=511.999s, 40700 KB] Timestamp: 1682380591288 millisecond(s).
[t=511.999s, 40700 KB] Expanded 1320 state(s).
[t=511.999s, 40700 KB] Reopened 2 state(s).
[t=511.999s, 40700 KB] Evaluated 82154 state(s).
[t=511.999s, 40700 KB] Evaluations: 196137
[t=511.999s, 40700 KB] Generated 257316 state(s).
[t=511.999s, 40700 KB] Dead ends: 0 state(s).
[t=511.999s, 40700 KB] Number of registered states: 196137
[t=511.999s, 40700 KB] Int hash set load factor: 196137/262144 = 0.748203
[t=511.999s, 40700 KB] Int hash set resizes: 18
Peak memory: 59424 KB
caught signal 24 -- exiting
Time limit has been reached.
Remove intermediate file output.sas
search exit code: 23

Driver aborting after search
INFO     Planner time: 895.92s
