INFO     planner time limit: 300s
INFO     planner memory limit: 3584 MB

INFO     Running translator.
INFO     translator stdin: None
INFO     translator time limit: 299s
INFO     translator memory limit: 3584 MB
INFO     translator command line string: /usr/local/downward-projects/downward/experiments/.venv/bin/python3 /usr/local/downward-projects/downward/experiments/src/thesis/data/thesis-thesis_exp/code-d93485cdd92f65ede2ae3573b3f4adda0b49e4fd_e5e41175/builds/release/bin/translate/translate.py domain.pddl problem.pddl --sas-file output.sas
Parsing...
Parsing: [0.000s CPU, 0.002s wall-clock]
Normalizing task... [0.000s CPU, 0.000s wall-clock]
Instantiating...
Generating Datalog program... [0.000s CPU, 0.001s wall-clock]
Normalizing Datalog program...
Normalizing Datalog program: [0.000s CPU, 0.002s wall-clock]
Preparing model... [0.010s CPU, 0.001s wall-clock]
Generated 41 rules.
Computing model... [0.030s CPU, 0.031s wall-clock]
6664 relevant atoms
900 auxiliary atoms
7564 final queue length
14388 total queue pushes
Completing instantiation... [0.170s CPU, 0.174s wall-clock]
Instantiating: [0.210s CPU, 0.210s wall-clock]
Computing fact groups...
Finding invariants...
18 initial candidates
Finding invariants: [0.000s CPU, 0.003s wall-clock]
Checking invariant weight... [0.000s CPU, 0.001s wall-clock]
Instantiating groups... [0.000s CPU, 0.001s wall-clock]
Collecting mutex groups... [0.000s CPU, 0.000s wall-clock]
Choosing groups...
65 uncovered facts
Choosing groups: [0.000s CPU, 0.000s wall-clock]
Building translation key... [0.000s CPU, 0.000s wall-clock]
Computing fact groups: [0.010s CPU, 0.007s wall-clock]
Building STRIPS to SAS dictionary... [0.000s CPU, 0.000s wall-clock]
Building dictionary for full mutex groups... [0.000s CPU, 0.000s wall-clock]
Building mutex information...
Building mutex information: [0.000s CPU, 0.000s wall-clock]
Translating task...
Processing axioms...
Simplifying axioms... [0.000s CPU, 0.000s wall-clock]
Translator axioms removed by simplifying: 0
Computing negative axioms... [0.000s CPU, 0.000s wall-clock]
Processing axioms: [0.000s CPU, 0.008s wall-clock]
Translating task: [0.190s CPU, 0.197s wall-clock]
10440 effect conditions simplified
0 implied preconditions added
Detecting unreachable propositions...
0 operators removed
0 axioms removed
3 propositions removed
Detecting unreachable propositions: [0.120s CPU, 0.120s wall-clock]
Reordering and filtering variables...
88 of 88 variables necessary.
20 of 63 mutex groups necessary.
6216 of 6216 operators necessary.
0 of 0 axiom rules necessary.
Reordering and filtering variables: [0.030s CPU, 0.032s wall-clock]
Translator variables: 88
Translator derived variables: 0
Translator facts: 262
Translator goal facts: 15
Translator mutex groups: 20
Translator total mutex groups size: 40
Translator operators: 6216
Translator axioms: 0
Translator task size: 42873
Translator peak memory: 56064 KB
Writing output... [0.020s CPU, 0.031s wall-clock]
Done! [0.600s CPU, 0.610s wall-clock]
translate exit code: 0

INFO     Running search (release).
INFO     search stdin: output.sas
INFO     search time limit: 299s
INFO     search memory limit: 3584 MB
INFO     search command line string: /usr/local/downward-projects/downward/experiments/src/thesis/data/thesis-thesis_exp/code-d93485cdd92f65ede2ae3573b3f4adda0b49e4fd_e5e41175/builds/release/bin/downward --evaluator 'h=ff()' --search 'eager( alt( [lwm_intra_explore_type(h), single(h)] ) )' --internal-plan-file sas_plan < output.sas
[t=0s, 11364 KB] reading input...
[t=0.0199568s, 13392 KB] done reading input!
[t=0.0239197s, 14848 KB] Simplifying 18276 unary operators... done! [15396 unary operators]
[t=0.0370684s, 15988 KB] time to simplify: 0.0131488s
[t=0.0379384s, 15988 KB] Initializing additive heuristic...
[t=0.0381926s, 15988 KB] Initializing FF heuristic...
[t=0.0382227s, 15988 KB] Building successor generator...done!
[t=0.0402367s, 15988 KB] peak memory difference for successor generator creation: 0 KB
[t=0.0403029s, 15988 KB] time for successor generation creation: 0.0014341s
[t=0.0403297s, 15988 KB] Variables: 88
[t=0.0404208s, 15988 KB] FactPairs: 262
[t=0.0404459s, 15988 KB] Bytes per state: 20
[t=0.0404737s, 15988 KB] Conducting best first search without reopening closed nodes, (real) bound = 2147483647
[t=0.0405379s, 15988 KB] New best heuristic value for ff(): 21
[t=0.0407351s, 15988 KB] g=0, 1 evaluated, 0 expanded
[t=0.0407632s, 15988 KB] Initial heuristic value for ff(): 21
[t=0.0407988s, 15988 KB] pruning method: none
[t=0.0408237s, 15988 KB] Start Timestep: 1687920831677 millisecond(s).
[t=0.0595618s, 15988 KB] New best heuristic value for ff(): 19
[t=0.063275s, 15988 KB] g=1, 201 evaluated, 1 expanded
[t=0.623412s, 16248 KB] New best heuristic value for ff(): 18
[t=0.626022s, 16248 KB] g=2, 5234 evaluated, 2 expanded
[t=1.50722s, 17484 KB] New best heuristic value for ff(): 17
[t=1.50967s, 17484 KB] g=3, 13648 evaluated, 4 expanded
[t=223.423s, 505776 KB] New best heuristic value for ff(): 16
[t=223.424s, 505776 KB] g=9, 2372523 evaluated, 1277 expanded
Peak memory: 592204 KB
caught signal 24 -- exiting
Time limit has been reached.
Remove intermediate file output.sas
search exit code: 23

Driver aborting after search
INFO     Planner time: 299.58s
