INFO     planner time limit: 900s
INFO     planner memory limit: 3584 MB

INFO     Running translator.
INFO     translator stdin: None
INFO     translator time limit: 899s
INFO     translator memory limit: 3584 MB
INFO     translator command line string: /usr/local/downward-projects/downward/experiments/.venv/bin/python3 /usr/local/downward-projects/downward/experiments/src/thesis/data/thesis-thesis_exp/code-f7a4f68fd467cf7cff4d3dfcfdfcfa2023e44324_e5e41175/builds/release/bin/translate/translate.py domain.pddl problem.pddl --sas-file output.sas
Parsing...
Parsing: [0.010s CPU, 0.002s wall-clock]
Normalizing task... [0.000s CPU, 0.000s wall-clock]
Instantiating...
Generating Datalog program... [0.000s CPU, 0.001s wall-clock]
Normalizing Datalog program...
Normalizing Datalog program: [0.000s CPU, 0.001s wall-clock]
Preparing model... [0.000s CPU, 0.001s wall-clock]
Generated 25 rules.
Computing model... [0.010s CPU, 0.007s wall-clock]
461 relevant atoms
611 auxiliary atoms
1072 final queue length
1647 total queue pushes
Completing instantiation... [0.000s CPU, 0.007s wall-clock]
Instantiating: [0.010s CPU, 0.017s wall-clock]
Computing fact groups...
Finding invariants...
7 initial candidates
Finding invariants: [0.010s CPU, 0.003s wall-clock]
Checking invariant weight... [0.000s CPU, 0.000s wall-clock]
Instantiating groups... [0.000s CPU, 0.000s wall-clock]
Collecting mutex groups... [0.000s CPU, 0.000s wall-clock]
Choosing groups...
0 uncovered facts
Choosing groups: [0.000s CPU, 0.000s wall-clock]
Building translation key... [0.000s CPU, 0.000s wall-clock]
Computing fact groups: [0.010s CPU, 0.004s wall-clock]
Building STRIPS to SAS dictionary... [0.000s CPU, 0.000s wall-clock]
Building dictionary for full mutex groups... [0.000s CPU, 0.000s wall-clock]
Building mutex information...
Building mutex information: [0.000s CPU, 0.000s wall-clock]
Translating task...
Processing axioms...
Simplifying axioms... [0.000s CPU, 0.000s wall-clock]
Translator axioms removed by simplifying: 0
Computing negative axioms... [0.000s CPU, 0.000s wall-clock]
Processing axioms: [0.000s CPU, 0.000s wall-clock]
Translating task: [0.000s CPU, 0.006s wall-clock]
0 effect conditions simplified
0 implied preconditions added
Detecting unreachable propositions...
0 operators removed
0 axioms removed
34 propositions removed
Detecting unreachable propositions: [0.010s CPU, 0.004s wall-clock]
Reordering and filtering variables...
34 of 34 variables necessary.
0 of 34 mutex groups necessary.
185 of 185 operators necessary.
0 of 0 axiom rules necessary.
Reordering and filtering variables: [0.000s CPU, 0.002s wall-clock]
Translator variables: 34
Translator derived variables: 0
Translator facts: 100
Translator goal facts: 33
Translator mutex groups: 0
Translator total mutex groups size: 0
Translator operators: 185
Translator axioms: 0
Translator task size: 1634
Translator peak memory: 32872 KB
Writing output... [0.000s CPU, 0.001s wall-clock]
Done! [0.040s CPU, 0.037s wall-clock]
translate exit code: 0

INFO     Running search (release).
INFO     search stdin: output.sas
INFO     search time limit: 899s
INFO     search memory limit: 3584 MB
INFO     search command line string: /usr/local/downward-projects/downward/experiments/src/thesis/data/thesis-thesis_exp/code-f7a4f68fd467cf7cff4d3dfcfdfcfa2023e44324_e5e41175/builds/release/bin/downward --evaluator 'h=ff()' --search 'eager(epsilon_greedy(h, epsilon=0.2))' --internal-plan-file sas_plan < output.sas
[t=0.00172741s, 11000 KB] reading input...
[t=0.00197538s, 11000 KB] done reading input!
[t=0.00391591s, 11384 KB] Simplifying 641 unary operators... done! [641 unary operators]
[t=0.00481637s, 11384 KB] time to simplify: 0.000900462s
[t=0.00487897s, 11384 KB] Initializing additive heuristic...
[t=0.00494789s, 11384 KB] Initializing FF heuristic...
[t=0.00497269s, 11384 KB] Building successor generator...done!
[t=0.00516311s, 11384 KB] peak memory difference for successor generator creation: 0 KB
[t=0.00520726s, 11384 KB] time for successor generation creation: 0s
[t=0.00523194s, 11384 KB] Variables: 34
[t=0.00525879s, 11384 KB] FactPairs: 100
[t=0.00528169s, 11384 KB] Bytes per state: 8
[t=0.00530393s, 11384 KB] Conducting best first search without reopening closed nodes, (real) bound = 2147483647
[t=0.00534933s, 11384 KB] New best heuristic value for ff(): 24
[t=0.00540342s, 11384 KB] g=0, 1 evaluated, 0 expanded
[t=0.00542712s, 11384 KB] Initial heuristic value for ff(): 24
[t=0.00545599s, 11384 KB] pruning method: none
[t=0.00547867s, 11384 KB] Start Timestep: 1684355137857 millisecond(s).
[t=0.00552018s, 11384 KB] New best heuristic value for ff(): 19
[t=0.00556533s, 11384 KB] g=1, 2 evaluated, 1 expanded
[t=0.00558792s, 11384 KB] New best heuristic value for ff(): 18
[t=0.00562485s, 11384 KB] g=1, 3 evaluated, 1 expanded
[t=0.00566966s, 11384 KB] New best heuristic value for ff(): 14
[t=0.00595079s, 11384 KB] g=4, 27 evaluated, 11 expanded
[t=0.00597478s, 11384 KB] New best heuristic value for ff(): 13
[t=0.00624802s, 11384 KB] g=7, 49 evaluated, 19 expanded
[t=0.0062729s, 11384 KB] New best heuristic value for ff(): 12
[t=0.00660419s, 11384 KB] g=9, 77 evaluated, 27 expanded
[t=0.00665797s, 11384 KB] New best heuristic value for ff(): 9
[t=0.00701364s, 11384 KB] g=11, 111 evaluated, 38 expanded
[t=0.00769017s, 11384 KB] New best heuristic value for ff(): 8
[t=0.00844566s, 11384 KB] g=14, 244 evaluated, 79 expanded
[t=0.00871316s, 11384 KB] New best heuristic value for ff(): 7
[t=0.00936102s, 11384 KB] g=17, 338 evaluated, 121 expanded
[t=0.00938626s, 11384 KB] New best heuristic value for ff(): 6
[t=0.009442s, 11384 KB] g=17, 342 evaluated, 121 expanded
[t=0.0094653s, 11384 KB] New best heuristic value for ff(): 5
[t=0.00954121s, 11384 KB] g=18, 348 evaluated, 124 expanded
[t=0.00956436s, 11384 KB] New best heuristic value for ff(): 4
[t=0.00971362s, 11384 KB] g=19, 363 evaluated, 130 expanded
[t=0.055929s, 11680 KB] New best heuristic value for ff(): 3
[t=0.0568805s, 11680 KB] g=22, 5576 evaluated, 2968 expanded
[t=0.283759s, 13040 KB] New best heuristic value for ff(): 2
[t=0.284346s, 13040 KB] g=20, 29768 evaluated, 17062 expanded
[t=0.711803s, 14704 KB] New best heuristic value for ff(): 1
[t=0.712567s, 14704 KB] g=22, 70527 evaluated, 41411 expanded
[t=6.01973s, 37380 KB] New best heuristic value for ff(): 0
[t=6.02042s, 37380 KB] g=26, 535543 evaluated, 326068 expanded
[t=6.02045s, 37380 KB] Solution found!
[t=6.02048s, 37380 KB] Actual search time: 6.01496s
jump-new-move pos-3-1 pos-3-2 pos-3-3 (1)
end-move pos-3-3 (0)
jump-new-move pos-1-2 pos-2-2 pos-3-2 (1)
end-move pos-3-2 (0)
jump-new-move pos-4-2 pos-3-2 pos-2-2 (1)
end-move pos-2-2 (0)
jump-new-move pos-1-4 pos-1-3 pos-1-2 (1)
end-move pos-1-2 (0)
jump-new-move pos-6-2 pos-5-2 pos-4-2 (1)
end-move pos-4-2 (0)
jump-new-move pos-3-4 pos-3-3 pos-3-2 (1)
jump-continue-move pos-3-2 pos-4-2 pos-5-2 (0)
end-move pos-5-2 (0)
jump-new-move pos-6-4 pos-6-3 pos-6-2 (1)
end-move pos-6-2 (0)
jump-new-move pos-3-6 pos-3-5 pos-3-4 (1)
jump-continue-move pos-3-4 pos-2-4 pos-1-4 (0)
end-move pos-1-4 (0)
jump-new-move pos-5-4 pos-4-4 pos-3-4 (1)
end-move pos-3-4 (0)
jump-new-move pos-1-2 pos-2-2 pos-3-2 (1)
end-move pos-3-2 (0)
jump-new-move pos-2-6 pos-2-5 pos-2-4 (1)
end-move pos-2-4 (0)
jump-new-move pos-2-3 pos-2-4 pos-2-5 (1)
end-move pos-2-5 (0)
jump-new-move pos-2-0 pos-2-1 pos-2-2 (1)
end-move pos-2-2 (0)
jump-new-move pos-4-6 pos-4-5 pos-4-4 (1)
jump-continue-move pos-4-4 pos-4-3 pos-4-2 (0)
end-move pos-4-2 (0)
jump-new-move pos-4-1 pos-4-2 pos-4-3 (1)
end-move pos-4-3 (0)
jump-new-move pos-0-4 pos-1-4 pos-2-4 (1)
end-move pos-2-4 (0)
jump-new-move pos-3-4 pos-2-4 pos-1-4 (1)
end-move pos-1-4 (0)
jump-new-move pos-0-2 pos-0-3 pos-0-4 (1)
jump-continue-move pos-0-4 pos-1-4 pos-2-4 (0)
end-move pos-2-4 (0)
jump-new-move pos-2-5 pos-2-4 pos-2-3 (1)
jump-continue-move pos-2-3 pos-2-2 pos-2-1 (0)
end-move pos-2-1 (0)
jump-new-move pos-4-0 pos-3-0 pos-2-0 (1)
jump-continue-move pos-2-0 pos-2-1 pos-2-2 (0)
end-move pos-2-2 (0)
jump-new-move pos-6-2 pos-5-2 pos-4-2 (1)
end-move pos-4-2 (0)
jump-new-move pos-4-3 pos-4-2 pos-4-1 (1)
end-move pos-4-1 (0)
jump-new-move pos-2-2 pos-3-2 pos-4-2 (1)
end-move pos-4-2 (0)
jump-new-move pos-4-1 pos-4-2 pos-4-3 (1)
end-move pos-4-3 (0)
jump-new-move pos-5-3 pos-4-3 pos-3-3 (1)
[t=6.02051s, 37380 KB] Plan length: 55 step(s).
[t=6.02051s, 37380 KB] Plan cost: 25
[t=6.02051s, 37380 KB] Timestamp: 1684355143957 millisecond(s).
[t=6.02051s, 37380 KB] Expanded 326069 state(s).
[t=6.02051s, 37380 KB] Reopened 0 state(s).
[t=6.02051s, 37380 KB] Evaluated 535543 state(s).
[t=6.02051s, 37380 KB] Evaluations: 535543
[t=6.02051s, 37380 KB] Generated 761818 state(s).
[t=6.02051s, 37380 KB] Dead ends: 105253 state(s).
[t=6.02051s, 37380 KB] Number of registered states: 535543
[t=6.02051s, 37380 KB] Int hash set load factor: 535543/1048576 = 0.510734
[t=6.02051s, 37380 KB] Int hash set resizes: 20
[t=6.02051s, 37380 KB] Search time: 6.01521s
[t=6.02051s, 37380 KB] Total time: 6.02051s
Solution found.
Peak memory: 37380 KB
Remove intermediate file output.sas
search exit code: 0

INFO     Running validate.
INFO     validate stdin: None
INFO     validate time limit: None
INFO     validate memory limit: None
INFO     validate command line string: validate domain.pddl problem.pddl sas_plan
Checking plan: sas_plan
Plan executed successfully - checking goal
Plan valid
Final value: 25 

Successful plans:
Value: 25
 sas_plan 25 

validate exit code: 0

INFO     Planner time: 6.15s
