INFO     planner time limit: 900s
INFO     planner memory limit: 3584 MB

INFO     Running translator.
INFO     translator stdin: None
INFO     translator time limit: 899s
INFO     translator memory limit: 3584 MB
INFO     translator command line string: /usr/local/downward-projects/downward/experiments/.venv/bin/python3 /usr/local/downward-projects/downward/experiments/src/thesis/data/thesis-thesis_exp/code-f7a4f68fd467cf7cff4d3dfcfdfcfa2023e44324_e5e41175/builds/release/bin/translate/translate.py domain.pddl problem.pddl --sas-file output.sas
Parsing...
Parsing: [0.000s CPU, 0.002s wall-clock]
Normalizing task... [0.000s CPU, 0.000s wall-clock]
Instantiating...
Generating Datalog program... [0.000s CPU, 0.000s wall-clock]
Normalizing Datalog program...
Normalizing Datalog program: [0.000s CPU, 0.002s wall-clock]
Preparing model... [0.000s CPU, 0.001s wall-clock]
Generated 74 rules.
Computing model... [1.110s CPU, 1.115s wall-clock]
118244 relevant atoms
11861 auxiliary atoms
130105 final queue length
537929 total queue pushes
Completing instantiation... [6.230s CPU, 6.318s wall-clock]
Instantiating: [7.370s CPU, 7.480s wall-clock]
Computing fact groups...
Finding invariants...
16 initial candidates
Finding invariants: [0.070s CPU, 0.065s wall-clock]
Checking invariant weight... [0.000s CPU, 0.000s wall-clock]
Instantiating groups... [0.000s CPU, 0.001s wall-clock]
Collecting mutex groups... [0.000s CPU, 0.000s wall-clock]
Choosing groups...
0 uncovered facts
Choosing groups: [0.000s CPU, 0.000s wall-clock]
Building translation key... [0.000s CPU, 0.000s wall-clock]
Computing fact groups: [0.070s CPU, 0.068s wall-clock]
Building STRIPS to SAS dictionary... [0.000s CPU, 0.000s wall-clock]
Building dictionary for full mutex groups... [0.000s CPU, 0.000s wall-clock]
Building mutex information...
Building mutex information: [0.000s CPU, 0.000s wall-clock]
Translating task...
Processing axioms...
Simplifying axioms... [0.000s CPU, 0.000s wall-clock]
Translator axioms removed by simplifying: 0
Computing negative axioms... [0.000s CPU, 0.000s wall-clock]
Processing axioms: [0.180s CPU, 0.179s wall-clock]
Translating task: [4.220s CPU, 4.258s wall-clock]
0 effect conditions simplified
0 implied preconditions added
Detecting unreachable propositions...
0 operators removed
0 axioms removed
20 propositions removed
Detecting unreachable propositions: [2.660s CPU, 2.685s wall-clock]
Reordering and filtering variables...
20 of 20 variables necessary.
0 of 20 mutex groups necessary.
87636 of 87636 operators necessary.
0 of 0 axiom rules necessary.
Reordering and filtering variables: [0.550s CPU, 0.550s wall-clock]
Translator variables: 20
Translator derived variables: 0
Translator facts: 256
Translator goal facts: 2
Translator mutex groups: 0
Translator total mutex groups size: 0
Translator operators: 87636
Translator axioms: 0
Translator task size: 744426
Translator peak memory: 528188 KB
Writing output... [0.530s CPU, 0.539s wall-clock]
Done! [15.620s CPU, 15.811s wall-clock]
translate exit code: 0

INFO     Running search (release).
INFO     search stdin: output.sas
INFO     search time limit: 884s
INFO     search memory limit: 3584 MB
INFO     search command line string: /usr/local/downward-projects/downward/experiments/src/thesis/data/thesis-thesis_exp/code-f7a4f68fd467cf7cff4d3dfcfdfcfa2023e44324_e5e41175/builds/release/bin/downward --evaluator 'h=ff()' --search 'eager(single(h))' --internal-plan-file sas_plan < output.sas
[t=0.00105132s, 11000 KB] reading input...
[t=0.333069s, 41912 KB] done reading input!
[t=0.376715s, 62768 KB] Simplifying 298860 unary operators... done! [29500 unary operators]
[t=0.670487s, 77516 KB] time to simplify: 0.294824s
[t=0.671551s, 77516 KB] Initializing additive heuristic...
[t=0.672414s, 77516 KB] Initializing FF heuristic...
[t=0.672445s, 77516 KB] Building successor generator...done!
[t=0.696451s, 77516 KB] peak memory difference for successor generator creation: 0 KB
[t=0.696539s, 77516 KB] time for successor generation creation: 0.0231385s
[t=0.697708s, 77516 KB] Variables: 20
[t=0.698419s, 77516 KB] FactPairs: 256
[t=0.698444s, 77516 KB] Bytes per state: 12
[t=0.698467s, 77516 KB] Conducting best first search without reopening closed nodes, (real) bound = 2147483647
[t=0.698699s, 77516 KB] New best heuristic value for ff(): 88
[t=0.699238s, 77516 KB] g=0, 1 evaluated, 0 expanded
[t=0.699264s, 77516 KB] Initial heuristic value for ff(): 88
[t=0.69929s, 77516 KB] pruning method: none
[t=0.699314s, 77516 KB] Start Timestep: 1684288736977 millisecond(s).
[t=1.10561s, 77516 KB] New best heuristic value for ff(): 87
[t=1.10623s, 77516 KB] g=2, 1305 evaluated, 2 expanded
[t=189.627s, 89884 KB] New best heuristic value for ff(): 84
[t=189.63s, 89884 KB] g=4, 607052 evaluated, 1204 expanded
[t=189.908s, 89884 KB] New best heuristic value for ff(): 82
[t=189.91s, 89884 KB] g=6, 607971 evaluated, 1206 expanded
[t=190.109s, 89884 KB] New best heuristic value for ff(): 81
[t=190.112s, 89884 KB] g=8, 608631 evaluated, 1209 expanded
[t=190.209s, 89884 KB] New best heuristic value for ff(): 79
[t=190.213s, 89884 KB] g=10, 608966 evaluated, 1211 expanded
[t=190.409s, 89884 KB] New best heuristic value for ff(): 78
[t=190.411s, 89884 KB] g=12, 609625 evaluated, 1214 expanded
[t=190.509s, 89884 KB] New best heuristic value for ff(): 76
[t=190.512s, 89884 KB] g=14, 609961 evaluated, 1216 expanded
[t=190.708s, 89884 KB] New best heuristic value for ff(): 75
[t=190.71s, 89884 KB] g=16, 610619 evaluated, 1219 expanded
[t=190.808s, 90016 KB] New best heuristic value for ff(): 73
[t=190.811s, 90016 KB] g=18, 610956 evaluated, 1221 expanded
[t=191.007s, 90016 KB] New best heuristic value for ff(): 72
[t=191.01s, 90016 KB] g=20, 611613 evaluated, 1224 expanded
[t=191.107s, 90016 KB] New best heuristic value for ff(): 70
[t=191.11s, 90016 KB] g=22, 611951 evaluated, 1226 expanded
[t=191.31s, 90016 KB] New best heuristic value for ff(): 69
[t=191.31s, 90016 KB] g=24, 612607 evaluated, 1229 expanded
[t=191.409s, 90016 KB] New best heuristic value for ff(): 67
[t=191.411s, 90016 KB] g=26, 612946 evaluated, 1231 expanded
[t=191.607s, 90016 KB] New best heuristic value for ff(): 66
[t=191.608s, 90016 KB] g=28, 613601 evaluated, 1234 expanded
[t=191.707s, 90016 KB] New best heuristic value for ff(): 64
[t=191.709s, 90016 KB] g=30, 613941 evaluated, 1236 expanded
[t=191.905s, 90152 KB] New best heuristic value for ff(): 63
[t=191.905s, 90152 KB] g=32, 614595 evaluated, 1239 expanded
[t=192.004s, 90152 KB] New best heuristic value for ff(): 61
[t=192.006s, 90152 KB] g=34, 614936 evaluated, 1241 expanded
[t=192.2s, 90152 KB] New best heuristic value for ff(): 60
[t=192.202s, 90152 KB] g=36, 615589 evaluated, 1244 expanded
[t=192.296s, 90152 KB] New best heuristic value for ff(): 58
[t=192.299s, 90152 KB] g=38, 615920 evaluated, 1246 expanded
[t=192.495s, 90152 KB] New best heuristic value for ff(): 57
[t=192.498s, 90152 KB] g=40, 616583 evaluated, 1249 expanded
[t=192.595s, 90152 KB] New best heuristic value for ff(): 55
[t=192.596s, 90152 KB] g=42, 616914 evaluated, 1251 expanded
[t=192.791s, 90152 KB] New best heuristic value for ff(): 54
[t=192.795s, 90152 KB] g=44, 617577 evaluated, 1254 expanded
[t=192.89s, 90152 KB] New best heuristic value for ff(): 52
[t=192.893s, 90152 KB] g=46, 617909 evaluated, 1256 expanded
[t=193.089s, 90288 KB] New best heuristic value for ff(): 51
[t=193.092s, 90288 KB] g=48, 618571 evaluated, 1259 expanded
[t=202.278s, 91360 KB] New best heuristic value for ff(): 50
[t=202.28s, 91360 KB] g=51, 649535 evaluated, 1501 expanded
Peak memory: 196328 KB
caught signal 24 -- exiting
Time limit has been reached.
Remove intermediate file output.sas
search exit code: 23

Driver aborting after search
INFO     Planner time: 897.97s
