INFO     planner time limit: 300s
INFO     planner memory limit: 3584 MB

INFO     Running translator.
INFO     translator stdin: None
INFO     translator time limit: 299s
INFO     translator memory limit: 3584 MB
INFO     translator command line string: /usr/local/downward-projects/downward/experiments/.venv/bin/python3 /usr/local/downward-projects/downward/experiments/src/thesis/data/thesis-thesis_exp/code-d93485cdd92f65ede2ae3573b3f4adda0b49e4fd_e5e41175/builds/release/bin/translate/translate.py domain.pddl problem.pddl --sas-file output.sas
Parsing...
Parsing: [0.000s CPU, 0.004s wall-clock]
Normalizing task... [0.000s CPU, 0.000s wall-clock]
Instantiating...
Generating Datalog program... [0.000s CPU, 0.001s wall-clock]
Normalizing Datalog program...
Normalizing Datalog program: [0.010s CPU, 0.002s wall-clock]
Preparing model... [0.000s CPU, 0.003s wall-clock]
Generated 46 rules.
Computing model... [0.080s CPU, 0.079s wall-clock]
9612 relevant atoms
5472 auxiliary atoms
15084 final queue length
30843 total queue pushes
Completing instantiation... [0.290s CPU, 0.285s wall-clock]
Instantiating: [0.380s CPU, 0.373s wall-clock]
Computing fact groups...
Finding invariants...
12 initial candidates
Finding invariants: [0.000s CPU, 0.005s wall-clock]
Checking invariant weight... [0.000s CPU, 0.000s wall-clock]
Instantiating groups... [0.010s CPU, 0.002s wall-clock]
Collecting mutex groups... [0.000s CPU, 0.000s wall-clock]
Choosing groups...
0 uncovered facts
Choosing groups: [0.000s CPU, 0.001s wall-clock]
Building translation key... [0.000s CPU, 0.001s wall-clock]
Computing fact groups: [0.010s CPU, 0.011s wall-clock]
Building STRIPS to SAS dictionary... [0.000s CPU, 0.000s wall-clock]
Building dictionary for full mutex groups... [0.000s CPU, 0.001s wall-clock]
Building mutex information...
Building mutex information: [0.000s CPU, 0.000s wall-clock]
Translating task...
Processing axioms...
Simplifying axioms... [0.000s CPU, 0.000s wall-clock]
Translator axioms removed by simplifying: 0
Computing negative axioms... [0.000s CPU, 0.000s wall-clock]
Processing axioms: [0.010s CPU, 0.011s wall-clock]
Translating task: [0.240s CPU, 0.240s wall-clock]
0 effect conditions simplified
0 implied preconditions added
Detecting unreachable propositions...
0 operators removed
0 axioms removed
31 propositions removed
Detecting unreachable propositions: [0.100s CPU, 0.098s wall-clock]
Reordering and filtering variables...
31 of 31 variables necessary.
0 of 31 mutex groups necessary.
8364 of 8364 operators necessary.
0 of 0 axiom rules necessary.
Reordering and filtering variables: [0.020s CPU, 0.028s wall-clock]
Translator variables: 31
Translator derived variables: 0
Translator facts: 700
Translator goal facts: 21
Translator mutex groups: 0
Translator total mutex groups size: 0
Translator operators: 8364
Translator axioms: 0
Translator task size: 50036
Translator peak memory: 65512 KB
Writing output... [0.030s CPU, 0.037s wall-clock]
Done! [0.800s CPU, 0.807s wall-clock]
translate exit code: 0

INFO     Running search (release).
INFO     search stdin: output.sas
INFO     search time limit: 299s
INFO     search memory limit: 3584 MB
INFO     search command line string: /usr/local/downward-projects/downward/experiments/src/thesis/data/thesis-thesis_exp/code-d93485cdd92f65ede2ae3573b3f4adda0b49e4fd_e5e41175/builds/release/bin/downward --evaluator 'h=ff()' --search 'eager(alt([type_based([h, g()], random_seed=-1), single(h)]))' --internal-plan-file sas_plan < output.sas
[t=0s, 11364 KB] reading input...
[t=0.0231294s, 13596 KB] done reading input!
[t=0.0270897s, 14844 KB] Simplifying 16428 unary operators... done! [16428 unary operators]
[t=0.0408518s, 16124 KB] time to simplify: 0.0137622s
[t=0.0418188s, 16124 KB] Initializing additive heuristic...
[t=0.0421822s, 16124 KB] Initializing FF heuristic...
[t=0.0422098s, 16124 KB] Building successor generator...done!
[t=0.0453659s, 16380 KB] peak memory difference for successor generator creation: 256 KB
[t=0.0454315s, 16380 KB] time for successor generation creation: 0.000621404s
[t=0.0454565s, 16380 KB] Variables: 31
[t=0.0454832s, 16380 KB] FactPairs: 700
[t=0.0455063s, 16380 KB] Bytes per state: 20
[t=0.0455286s, 16380 KB] Conducting best first search without reopening closed nodes, (real) bound = 2147483647
[t=0.0455913s, 16380 KB] New best heuristic value for ff(): 155
[t=0.0458758s, 16380 KB] g=0, 1 evaluated, 0 expanded
[t=0.0459012s, 16380 KB] Initial heuristic value for ff(): 155
[t=0.0459304s, 16380 KB] pruning method: none
[t=0.0459531s, 16380 KB] Start Timestep: 1687929969291 millisecond(s).
[t=0.0467922s, 16380 KB] New best heuristic value for ff(): 153
[t=0.0484421s, 16380 KB] g=7, 16 evaluated, 1 expanded
[t=0.854014s, 16732 KB] New best heuristic value for ff(): 143
[t=0.854703s, 16732 KB] g=117, 5103 evaluated, 213 expanded
[t=0.873946s, 16732 KB] New best heuristic value for ff(): 142
[t=0.874277s, 16732 KB] g=148, 5225 evaluated, 217 expanded
[t=0.874308s, 16732 KB] New best heuristic value for ff(): 139
[t=0.874527s, 16732 KB] g=147, 5226 evaluated, 217 expanded
[t=0.874553s, 16732 KB] New best heuristic value for ff(): 137
[t=0.874759s, 16732 KB] g=147, 5227 evaluated, 217 expanded
[t=12.2879s, 23796 KB] New best heuristic value for ff(): 133
[t=12.2898s, 23796 KB] g=236, 77269 evaluated, 3073 expanded
[t=12.2898s, 23796 KB] New best heuristic value for ff(): 130
[t=12.293s, 23796 KB] g=244, 77289 evaluated, 3074 expanded
[t=12.2931s, 23796 KB] New best heuristic value for ff(): 129
[t=12.2933s, 23796 KB] g=243, 77290 evaluated, 3074 expanded
[t=23.2619s, 30420 KB] New best heuristic value for ff(): 124
[t=23.2636s, 30420 KB] g=251, 146402 evaluated, 5901 expanded
[t=23.2636s, 30420 KB] New best heuristic value for ff(): 122
[t=23.2638s, 30420 KB] g=252, 146403 evaluated, 5901 expanded
[t=182.418s, 106588 KB] New best heuristic value for ff(): 118
[t=182.418s, 106588 KB] g=514, 1139829 evaluated, 49474 expanded
[t=182.419s, 106588 KB] New best heuristic value for ff(): 117
[t=182.419s, 106588 KB] g=515, 1139830 evaluated, 49474 expanded
[t=182.426s, 106588 KB] New best heuristic value for ff(): 115
[t=182.426s, 106588 KB] g=522, 1139874 evaluated, 49475 expanded
Peak memory: 172316 KB
caught signal 24 -- exiting
Time limit has been reached.
Remove intermediate file output.sas
search exit code: 23

Driver aborting after search
INFO     Planner time: 298.82s
