INFO     planner time limit: 600s
INFO     planner memory limit: 3584 MB

INFO     Running translator.
INFO     translator stdin: None
INFO     translator time limit: 599s
INFO     translator memory limit: 3584 MB
INFO     translator command line string: /usr/local/downward-projects/downward/experiments/src/thesis/.venv/bin/python3 /usr/local/downward-projects/downward/experiments/src/thesis/data/thesis-thesis_exp/code-84c08dfff1890fbf6247184940c8166177195ea1_e5e41175/builds/release/bin/translate/translate.py domain.pddl problem.pddl --sas-file output.sas
Parsing...
Parsing: [0.000s CPU, 0.004s wall-clock]
Normalizing task... [0.000s CPU, 0.000s wall-clock]
Instantiating...
Generating Datalog program... [0.010s CPU, 0.001s wall-clock]
Normalizing Datalog program...
Normalizing Datalog program: [0.000s CPU, 0.004s wall-clock]
Preparing model... [0.000s CPU, 0.003s wall-clock]
Generated 212 rules.
Computing model... [0.010s CPU, 0.010s wall-clock]
843 relevant atoms
938 auxiliary atoms
1781 final queue length
2600 total queue pushes
Completing instantiation... [0.010s CPU, 0.011s wall-clock]
Instantiating: [0.030s CPU, 0.029s wall-clock]
Computing fact groups...
Finding invariants...
20 initial candidates
Finding invariants: [0.010s CPU, 0.004s wall-clock]
Checking invariant weight... [0.000s CPU, 0.000s wall-clock]
Instantiating groups... [0.000s CPU, 0.000s wall-clock]
Collecting mutex groups... [0.000s CPU, 0.000s wall-clock]
Choosing groups...
169 uncovered facts
Choosing groups: [0.000s CPU, 0.001s wall-clock]
Building translation key... [0.000s CPU, 0.001s wall-clock]
Computing fact groups: [0.010s CPU, 0.007s wall-clock]
Building STRIPS to SAS dictionary... [0.000s CPU, 0.000s wall-clock]
Building dictionary for full mutex groups... [0.000s CPU, 0.000s wall-clock]
Building mutex information...
Building mutex information: [0.000s CPU, 0.000s wall-clock]
Translating task...
Processing axioms...
Simplifying axioms... [0.000s CPU, 0.000s wall-clock]
Translator axioms removed by simplifying: 0
Computing negative axioms... [0.000s CPU, 0.000s wall-clock]
Processing axioms: [0.000s CPU, 0.001s wall-clock]
Translating task: [0.010s CPU, 0.012s wall-clock]
309 effect conditions simplified
0 implied preconditions added
Detecting unreachable propositions...
0 operators removed
0 axioms removed
9 propositions removed
Detecting unreachable propositions: [0.010s CPU, 0.007s wall-clock]
Reordering and filtering variables...
77 of 175 variables necessary.
0 of 7 mutex groups necessary.
365 of 365 operators necessary.
0 of 0 axiom rules necessary.
Reordering and filtering variables: [0.000s CPU, 0.003s wall-clock]
Translator variables: 77
Translator derived variables: 0
Translator facts: 266
Translator goal facts: 42
Translator mutex groups: 0
Translator total mutex groups size: 0
Translator operators: 365
Translator axioms: 0
Translator task size: 2761
Translator peak memory: 34396 KB
Writing output... [0.010s CPU, 0.002s wall-clock]
Done! [0.070s CPU, 0.068s wall-clock]
translate exit code: 0

INFO     Running search (release).
INFO     search stdin: output.sas
INFO     search time limit: 599s
INFO     search memory limit: 3584 MB
INFO     search command line string: /usr/local/downward-projects/downward/experiments/src/thesis/data/thesis-thesis_exp/code-84c08dfff1890fbf6247184940c8166177195ea1_e5e41175/builds/release/bin/downward --evaluator 'h=ff()' --search 'eager(partition(h, lwm_partition(), inter_uniform(), intra_uniform() )) ' --internal-plan-file sas_plan < output.sas
[t=0.0016786s, 11732 KB] reading input...
[t=0.00311969s, 11864 KB] done reading input!
[t=0.00415748s, 12260 KB] Simplifying 794 unary operators... done! [285 unary operators]
[t=0.00538644s, 12260 KB] time to simplify: 0.00122896s
[t=0.00543567s, 12260 KB] Initializing additive heuristic...
[t=0.00549268s, 12260 KB] Initializing FF heuristic...
[t=0.0055242s, 12260 KB] Building successor generator...done!
[t=0.00574041s, 12260 KB] peak memory difference for successor generator creation: 0 KB
[t=0.00578598s, 12260 KB] time for successor generation creation: 0s
[t=0.00580938s, 12260 KB] Variables: 77
[t=0.00584292s, 12260 KB] FactPairs: 266
[t=0.00586539s, 12260 KB] Bytes per state: 16
[t=0.00588829s, 12260 KB] Conducting best first search without reopening closed nodes, (real) bound = 2147483647
[t=0.00593545s, 12260 KB] New best heuristic value for ff(): 2161193
[t=0.00598759s, 12260 KB] g=0, 1 evaluated, 0 expanded
[t=0.00601102s, 12260 KB] Initial heuristic value for ff(): 2161193
[t=0.00604388s, 12260 KB] pruning method: none
[t=0.0060664s, 12260 KB] Start Timestep: 1693579850366 millisecond(s).
[t=0.0061162s, 12260 KB] New best heuristic value for ff(): 2121193
[t=0.00617269s, 12260 KB] g=0, 2 evaluated, 1 expanded
[t=0.00619585s, 12260 KB] New best heuristic value for ff(): 1970183
[t=0.00633103s, 12260 KB] g=8000, 8 evaluated, 2 expanded
[t=0.0063543s, 12260 KB] New best heuristic value for ff(): 1967184
[t=0.00655511s, 12260 KB] g=10999, 17 evaluated, 3 expanded
[t=0.00657867s, 12260 KB] New best heuristic value for ff(): 1962183
[t=0.00673016s, 12260 KB] g=16000, 24 evaluated, 3 expanded
[t=0.00675392s, 12260 KB] New best heuristic value for ff(): 1961183
[t=0.00687556s, 12260 KB] g=16000, 29 evaluated, 3 expanded
[t=0.00702071s, 12260 KB] New best heuristic value for ff(): 1959184
[t=0.00732303s, 12260 KB] g=18999, 48 evaluated, 5 expanded
[t=0.00734768s, 12260 KB] New best heuristic value for ff(): 1958184
[t=0.0075044s, 12260 KB] g=18999, 54 evaluated, 5 expanded
[t=0.00752824s, 12260 KB] New best heuristic value for ff(): 1953183
[t=0.00767268s, 12260 KB] g=24000, 59 evaluated, 6 expanded
[t=0.00920478s, 12260 KB] New best heuristic value for ff(): 1951184
[t=0.0101034s, 12260 KB] g=26999, 148 evaluated, 14 expanded
[t=0.0101293s, 12260 KB] New best heuristic value for ff(): 1950184
[t=0.0103477s, 12260 KB] g=26999, 153 evaluated, 14 expanded
[t=0.0103716s, 12260 KB] New best heuristic value for ff(): 1877167
[t=0.0106918s, 12260 KB] g=131013, 161 evaluated, 15 expanded
[t=0.0121489s, 12260 KB] New best heuristic value for ff(): 1731158
[t=0.0126497s, 12260 KB] g=134012, 210 evaluated, 19 expanded
[t=0.0210317s, 12260 KB] New best heuristic value for ff(): 1723158
[t=0.0211401s, 12260 KB] g=142012, 381 evaluated, 33 expanded
[t=0.0215581s, 12260 KB] New best heuristic value for ff(): 1719144
[t=0.0216381s, 12260 KB] g=259039, 389 evaluated, 34 expanded
[t=0.0278265s, 12260 KB] New best heuristic value for ff(): 1711144
[t=0.0282157s, 12260 KB] g=267039, 483 evaluated, 43 expanded
[t=0.0372633s, 12260 KB] New best heuristic value for ff(): 1649141
[t=0.0382624s, 12260 KB] g=246026, 613 evaluated, 54 expanded
[t=0.059309s, 12260 KB] New best heuristic value for ff(): 1640141
[t=0.0599757s, 12260 KB] g=254026, 833 evaluated, 75 expanded
[t=0.0634765s, 12260 KB] New best heuristic value for ff(): 1499118
[t=0.0643518s, 12260 KB] g=366052, 875 evaluated, 78 expanded
[t=0.0970948s, 12392 KB] New best heuristic value for ff(): 1498131
[t=0.0974092s, 12392 KB] g=254026, 1152 evaluated, 103 expanded
[t=0.1065s, 12392 KB] New best heuristic value for ff(): 1474118
[t=0.107558s, 12392 KB] g=390052, 1232 evaluated, 110 expanded
[t=0.613161s, 13036 KB] New best heuristic value for ff(): 1472118
[t=0.613856s, 13036 KB] g=392052, 3538 evaluated, 313 expanded
[t=0.691994s, 13180 KB] New best heuristic value for ff(): 1464118
[t=0.692692s, 13180 KB] g=400052, 3802 evaluated, 338 expanded
[t=0.725613s, 13180 KB] New best heuristic value for ff(): 1456119
[t=0.726154s, 13180 KB] g=408051, 3906 evaluated, 347 expanded
[t=1.18211s, 13444 KB] New best heuristic value for ff(): 1396115
[t=1.18263s, 13444 KB] g=385039, 5106 evaluated, 457 expanded
[t=1.32622s, 13444 KB] New best heuristic value for ff(): 1388115
[t=1.32739s, 13444 KB] g=393039, 5408 evaluated, 486 expanded
[t=1.32742s, 13444 KB] New best heuristic value for ff(): 1387115
[t=1.32814s, 13444 KB] g=393039, 5409 evaluated, 486 expanded
[t=1.52815s, 13612 KB] New best heuristic value for ff(): 1246092
[t=1.52879s, 13612 KB] g=505065, 5828 evaluated, 524 expanded
[t=2.1785s, 13796 KB] New best heuristic value for ff(): 1244092
[t=2.1793s, 13796 KB] g=507065, 7044 evaluated, 634 expanded
[t=2.87597s, 14368 KB] New best heuristic value for ff(): 1230092
[t=2.87689s, 14368 KB] g=521065, 8143 evaluated, 736 expanded
[t=5.26191s, 14880 KB] New best heuristic value for ff(): 1228092
[t=5.26246s, 14880 KB] g=523065, 11042 evaluated, 1006 expanded
[t=7.05996s, 15316 KB] New best heuristic value for ff(): 1226092
[t=7.06069s, 15316 KB] g=525065, 12872 evaluated, 1173 expanded
[t=8.33597s, 15448 KB] New best heuristic value for ff(): 1216093
[t=8.3361s, 15448 KB] g=535064, 13872 evaluated, 1264 expanded
[t=12.4582s, 16016 KB] New best heuristic value for ff(): 1214093
[t=12.4591s, 16016 KB] g=537064, 16742 evaluated, 1523 expanded
[t=18.2923s, 16912 KB] New best heuristic value for ff(): 1168089
[t=18.2926s, 16912 KB] g=500052, 19874 evaluated, 1818 expanded
[t=31.7819s, 17996 KB] New best heuristic value for ff(): 1149089
[t=31.7828s, 17996 KB] g=518052, 25120 evaluated, 2323 expanded
[t=32.1598s, 17996 KB] New best heuristic value for ff(): 1123079
[t=32.1604s, 17996 KB] g=628078, 25246 evaluated, 2334 expanded
[t=33.5797s, 18192 KB] New best heuristic value for ff(): 1122079
[t=33.5805s, 18192 KB] g=630078, 25720 evaluated, 2378 expanded
[t=39.3504s, 18516 KB] New best heuristic value for ff(): 1113080
[t=39.351s, 18516 KB] g=638077, 27507 evaluated, 2540 expanded
[t=41.8105s, 18716 KB] New best heuristic value for ff(): 1092082
[t=41.8109s, 18716 KB] g=517065, 28175 evaluated, 2603 expanded
[t=52.6423s, 19608 KB] New best heuristic value for ff(): 1015066
[t=52.6425s, 19608 KB] g=624078, 30948 evaluated, 2865 expanded
[t=55.7698s, 19712 KB] New best heuristic value for ff(): 990067
[t=55.7705s, 19712 KB] g=648077, 31832 evaluated, 2947 expanded
[t=62.455s, 19896 KB] New best heuristic value for ff(): 967083
[t=62.4556s, 19896 KB] g=753091, 33531 evaluated, 3111 expanded
[t=192.385s, 23940 KB] New best heuristic value for ff(): 783040
[t=192.386s, 23940 KB] g=743091, 53046 evaluated, 4978 expanded
Peak memory: 30636 KB
caught signal 24 -- exiting
Time limit has been reached.
Remove intermediate file output.sas
search exit code: 23

Driver aborting after search
INFO     Planner time: 596.84s
