INFO     planner time limit: 300s
INFO     planner memory limit: 3584 MB

INFO     Running translator.
INFO     translator stdin: None
INFO     translator time limit: 299s
INFO     translator memory limit: 3584 MB
INFO     translator command line string: /usr/local/downward-projects/downward/experiments/.venv/bin/python3 /usr/local/downward-projects/downward/experiments/src/thesis/data/thesis-thesis_exp/code-d93485cdd92f65ede2ae3573b3f4adda0b49e4fd_e5e41175/builds/release/bin/translate/translate.py domain.pddl problem.pddl --sas-file output.sas
Parsing...
Parsing: [0.070s CPU, 0.065s wall-clock]
Normalizing task... [0.000s CPU, 0.005s wall-clock]
Instantiating...
Generating Datalog program... [0.010s CPU, 0.011s wall-clock]
Normalizing Datalog program...
Normalizing Datalog program: [0.030s CPU, 0.036s wall-clock]
Preparing model... [0.060s CPU, 0.046s wall-clock]
Generated 1692 rules.
Computing model... [2.680s CPU, 2.688s wall-clock]
93830 relevant atoms
133772 auxiliary atoms
227602 final queue length
403582 total queue pushes
Completing instantiation... [5.030s CPU, 5.020s wall-clock]
Instantiating: [8.010s CPU, 8.009s wall-clock]
Computing fact groups...
Finding invariants...
10 initial candidates
Finding invariants: [0.080s CPU, 0.075s wall-clock]
Checking invariant weight... [0.000s CPU, 0.004s wall-clock]
Instantiating groups... [0.000s CPU, 0.002s wall-clock]
Collecting mutex groups... [0.000s CPU, 0.001s wall-clock]
Choosing groups...
210 uncovered facts
Choosing groups: [0.000s CPU, 0.003s wall-clock]
Building translation key... [0.000s CPU, 0.001s wall-clock]
Computing fact groups: [0.090s CPU, 0.091s wall-clock]
Building STRIPS to SAS dictionary... [0.000s CPU, 0.001s wall-clock]
Building dictionary for full mutex groups... [0.000s CPU, 0.001s wall-clock]
Building mutex information...
Building mutex information: [0.010s CPU, 0.001s wall-clock]
Translating task...
Processing axioms...
Simplifying axioms... [0.000s CPU, 0.000s wall-clock]
Translator axioms removed by simplifying: 0
Computing negative axioms... [0.000s CPU, 0.000s wall-clock]
Processing axioms: [0.170s CPU, 0.173s wall-clock]
Translating task: [4.290s CPU, 4.298s wall-clock]
0 effect conditions simplified
0 implied preconditions added
Detecting unreachable propositions...
0 operators removed
0 axioms removed
211 propositions removed
Detecting unreachable propositions: [2.610s CPU, 2.608s wall-clock]
Reordering and filtering variables...
421 of 421 variables necessary.
0 of 421 mutex groups necessary.
88620 of 88620 operators necessary.
0 of 0 axiom rules necessary.
Reordering and filtering variables: [0.510s CPU, 0.514s wall-clock]
Translator variables: 421
Translator derived variables: 0
Translator facts: 1261
Translator goal facts: 210
Translator mutex groups: 0
Translator total mutex groups size: 0
Translator operators: 88620
Translator axioms: 0
Translator task size: 877757
Translator peak memory: 494116 KB
Writing output... [0.580s CPU, 0.579s wall-clock]
Done! [16.370s CPU, 16.366s wall-clock]
translate exit code: 0

INFO     Running search (release).
INFO     search stdin: output.sas
INFO     search time limit: 283s
INFO     search memory limit: 3584 MB
INFO     search command line string: /usr/local/downward-projects/downward/experiments/src/thesis/data/thesis-thesis_exp/code-d93485cdd92f65ede2ae3573b3f4adda0b49e4fd_e5e41175/builds/release/bin/downward --evaluator 'h=ff()' --search 'eager(alt([type_based([h, g()], random_seed=-1), single(h)]))' --internal-plan-file sas_plan < output.sas
[t=0.00162283s, 11364 KB] reading input...
[t=0.349577s, 39732 KB] done reading input!
[t=0.377527s, 52708 KB] Simplifying 176820 unary operators... done! [176820 unary operators]
[t=0.537391s, 70344 KB] time to simplify: 0.159864s
[t=0.549339s, 79852 KB] Initializing additive heuristic...
[t=0.55219s, 79852 KB] Initializing FF heuristic...
[t=0.552222s, 79852 KB] Building successor generator...done!
[t=0.593945s, 79852 KB] peak memory difference for successor generator creation: 0 KB
[t=0.59406s, 79852 KB] time for successor generation creation: 0.040917s
[t=0.594085s, 79852 KB] Variables: 421
[t=0.594118s, 79852 KB] FactPairs: 1261
[t=0.59414s, 79852 KB] Bytes per state: 80
[t=0.594163s, 79852 KB] Conducting best first search without reopening closed nodes, (real) bound = 2147483647
[t=0.597141s, 79852 KB] New best heuristic value for ff(): 1
[t=0.600082s, 79852 KB] g=0, 1 evaluated, 0 expanded
[t=0.600107s, 79852 KB] Initial heuristic value for ff(): 1
[t=0.600137s, 79852 KB] pruning method: none
[t=0.600159s, 79852 KB] Start Timestep: 1687908234267 millisecond(s).
[t=0.601044s, 79852 KB] New best heuristic value for ff(): 0
[t=0.604051s, 79852 KB] g=1, 2 evaluated, 1 expanded
Peak memory: 79852 KB
caught signal 24 -- exiting
Time limit has been reached.
Remove intermediate file output.sas
search exit code: 23

Driver aborting after search
INFO     Planner time: 299.48s
