INFO     planner time limit: 900s
INFO     planner memory limit: 3584 MB

INFO     Running translator.
INFO     translator stdin: None
INFO     translator time limit: 899s
INFO     translator memory limit: 3584 MB
INFO     translator command line string: /usr/local/downward-projects/downward/experiments/.venv/bin/python3 /usr/local/downward-projects/downward/experiments/src/thesis/data/thesis-thesis_exp/code-492c46a6b9a8d722366a407090da84235e2f79dc_e5e41175/builds/release/bin/translate/translate.py domain.pddl problem.pddl --sas-file output.sas
Parsing...
Parsing: [0.000s CPU, 0.002s wall-clock]
Normalizing task... [0.000s CPU, 0.000s wall-clock]
Instantiating...
Generating Datalog program... [0.000s CPU, 0.001s wall-clock]
Normalizing Datalog program...
Normalizing Datalog program: [0.000s CPU, 0.002s wall-clock]
Preparing model... [0.000s CPU, 0.001s wall-clock]
Generated 74 rules.
Computing model... [1.710s CPU, 1.712s wall-clock]
169707 relevant atoms
14739 auxiliary atoms
184446 final queue length
770323 total queue pushes
Completing instantiation... [8.900s CPU, 8.941s wall-clock]
Instantiating: [10.680s CPU, 10.720s wall-clock]
Computing fact groups...
Finding invariants...
16 initial candidates
Finding invariants: [0.110s CPU, 0.115s wall-clock]
Checking invariant weight... [0.000s CPU, 0.000s wall-clock]
Instantiating groups... [0.000s CPU, 0.001s wall-clock]
Collecting mutex groups... [0.000s CPU, 0.000s wall-clock]
Choosing groups...
0 uncovered facts
Choosing groups: [0.000s CPU, 0.001s wall-clock]
Building translation key... [0.000s CPU, 0.000s wall-clock]
Computing fact groups: [0.110s CPU, 0.117s wall-clock]
Building STRIPS to SAS dictionary... [0.000s CPU, 0.000s wall-clock]
Building dictionary for full mutex groups... [0.000s CPU, 0.000s wall-clock]
Building mutex information...
Building mutex information: [0.000s CPU, 0.000s wall-clock]
Translating task...
Processing axioms...
Simplifying axioms... [0.000s CPU, 0.000s wall-clock]
Translator axioms removed by simplifying: 0
Computing negative axioms... [0.000s CPU, 0.000s wall-clock]
Processing axioms: [0.240s CPU, 0.241s wall-clock]
Translating task: [6.000s CPU, 5.996s wall-clock]
0 effect conditions simplified
0 implied preconditions added
Detecting unreachable propositions...
0 operators removed
0 axioms removed
21 propositions removed
Detecting unreachable propositions: [3.830s CPU, 3.834s wall-clock]
Reordering and filtering variables...
21 of 21 variables necessary.
0 of 21 mutex groups necessary.
127036 of 127036 operators necessary.
0 of 0 axiom rules necessary.
Reordering and filtering variables: [0.770s CPU, 0.763s wall-clock]
Translator variables: 21
Translator derived variables: 0
Translator facts: 308
Translator goal facts: 2
Translator mutex groups: 0
Translator total mutex groups size: 0
Translator operators: 127036
Translator axioms: 0
Translator task size: 1079271
Translator peak memory: 748920 KB
Writing output... [0.750s CPU, 0.744s wall-clock]
Done! [22.450s CPU, 22.494s wall-clock]
translate exit code: 0

INFO     Running search (release).
INFO     search stdin: output.sas
INFO     search time limit: 877s
INFO     search memory limit: 3584 MB
INFO     search command line string: /usr/local/downward-projects/downward/experiments/src/thesis/data/thesis-thesis_exp/code-492c46a6b9a8d722366a407090da84235e2f79dc_e5e41175/builds/release/bin/downward --evaluator 'h=ff()' --search 'eager(type_based([h, g()]))' --internal-plan-file sas_plan < output.sas
[t=0s, 11200 KB] reading input...
[t=0.475068s, 56104 KB] done reading input!
[t=0.538966s, 80640 KB] Simplifying 433396 unary operators... done! [42676 unary operators]
[t=1.21074s, 104048 KB] time to simplify: 0.671772s
[t=1.21469s, 104048 KB] Initializing additive heuristic...
[t=1.21476s, 104048 KB] Initializing FF heuristic...
[t=1.21479s, 104048 KB] Building successor generator...done!
[t=1.25412s, 104048 KB] peak memory difference for successor generator creation: 0 KB
[t=1.25423s, 104048 KB] time for successor generation creation: 0.0389276s
[t=1.25438s, 104048 KB] Variables: 21
[t=1.25694s, 104048 KB] FactPairs: 308
[t=1.25696s, 104048 KB] Bytes per state: 12
[t=1.25699s, 104048 KB] Conducting best first search without reopening closed nodes, (real) bound = 2147483647
[t=1.25706s, 104048 KB] New best heuristic value for ff(): 103
[t=1.25808s, 104048 KB] g=0, 1 evaluated, 0 expanded
[t=1.25811s, 104048 KB] Initial heuristic value for ff(): 103
[t=1.25814s, 104048 KB] pruning method: none
[t=1.25816s, 104048 KB] Start Timestep: 1685474197338 millisecond(s).
[t=1.25822s, 104048 KB] New best heuristic value for ff(): 102
[t=1.25889s, 104048 KB] g=1, 2 evaluated, 1 expanded
[t=2.85391s, 104048 KB] New best heuristic value for ff(): 101
[t=2.85505s, 104048 KB] g=2, 3319 evaluated, 2 expanded
[t=95.8761s, 104048 KB] New best heuristic value for ff(): 100
[t=95.8768s, 104048 KB] g=30, 194699 evaluated, 1159 expanded
Peak memory: 191968 KB
caught signal 24 -- exiting
Time limit has been reached.
Remove intermediate file output.sas
search exit code: 23

Driver aborting after search
INFO     Planner time: 899.68s
