INFO     planner time limit: 600s
INFO     planner memory limit: 3584 MB

INFO     Running translator.
INFO     translator stdin: None
INFO     translator time limit: 599s
INFO     translator memory limit: 3584 MB
INFO     translator command line string: /usr/local/downward-projects/downward/experiments/src/thesis/.venv/bin/python3 /usr/local/downward-projects/downward/experiments/src/thesis/data/thesis-thesis_exp/code-84c08dfff1890fbf6247184940c8166177195ea1_e5e41175/builds/release/bin/translate/translate.py domain.pddl problem.pddl --sas-file output.sas
Parsing...
Parsing: [0.070s CPU, 0.065s wall-clock]
Normalizing task... [0.000s CPU, 0.004s wall-clock]
Instantiating...
Generating Datalog program... [0.050s CPU, 0.046s wall-clock]
Normalizing Datalog program...
Normalizing Datalog program: [0.000s CPU, 0.003s wall-clock]
Preparing model... [0.110s CPU, 0.109s wall-clock]
Generated 6 rules.
Computing model... [0.280s CPU, 0.283s wall-clock]
36094 relevant atoms
13833 auxiliary atoms
49927 final queue length
66359 total queue pushes
Completing instantiation... [0.310s CPU, 0.312s wall-clock]
Instantiating: [0.780s CPU, 0.773s wall-clock]
Computing fact groups...
Finding invariants...
4 initial candidates
Finding invariants: [0.000s CPU, 0.002s wall-clock]
Checking invariant weight... [0.000s CPU, 0.004s wall-clock]
Instantiating groups... [0.010s CPU, 0.006s wall-clock]
Collecting mutex groups... [0.000s CPU, 0.003s wall-clock]
Choosing groups...
2809 uncovered facts
Choosing groups: [0.010s CPU, 0.007s wall-clock]
Building translation key... [0.010s CPU, 0.009s wall-clock]
Computing fact groups: [0.060s CPU, 0.067s wall-clock]
Building STRIPS to SAS dictionary... [0.010s CPU, 0.006s wall-clock]
Building dictionary for full mutex groups... [0.000s CPU, 0.004s wall-clock]
Building mutex information...
Building mutex information: [0.010s CPU, 0.003s wall-clock]
Translating task...
Processing axioms...
Simplifying axioms... [0.000s CPU, 0.000s wall-clock]
Translator axioms removed by simplifying: 0
Computing negative axioms... [0.000s CPU, 0.000s wall-clock]
Processing axioms: [0.010s CPU, 0.012s wall-clock]
Translating task: [0.350s CPU, 0.356s wall-clock]
0 effect conditions simplified
0 implied preconditions added
Detecting unreachable propositions...
0 operators removed
0 axioms removed
3 propositions removed
Detecting unreachable propositions: [0.250s CPU, 0.250s wall-clock]
Reordering and filtering variables...
2809 of 2809 variables necessary.
0 of 1 mutex groups necessary.
11024 of 11024 operators necessary.
0 of 0 axiom rules necessary.
Reordering and filtering variables: [0.040s CPU, 0.042s wall-clock]
Translator variables: 2809
Translator derived variables: 0
Translator facts: 8425
Translator goal facts: 2808
Translator mutex groups: 0
Translator total mutex groups size: 0
Translator operators: 11024
Translator axioms: 0
Translator task size: 58134
Translator peak memory: 81352 KB
Writing output... [0.050s CPU, 0.052s wall-clock]
Done! [1.640s CPU, 1.646s wall-clock]
translate exit code: 0

INFO     Running search (release).
INFO     search stdin: output.sas
INFO     search time limit: 598s
INFO     search memory limit: 3584 MB
INFO     search command line string: /usr/local/downward-projects/downward/experiments/src/thesis/data/thesis-thesis_exp/code-84c08dfff1890fbf6247184940c8166177195ea1_e5e41175/builds/release/bin/downward --evaluator 'h=ff()' --search 'eager(partition(h, h_partition(), inter_uniform(), intra_uniform() )) ' --internal-plan-file sas_plan < output.sas
[t=0s, 11732 KB] reading input...
[t=0.0395517s, 15936 KB] done reading input!
[t=0.0435057s, 17240 KB] Simplifying 22044 unary operators... done! [22044 unary operators]
[t=0.0520387s, 19264 KB] time to simplify: 0.00853303s
[t=0.053428s, 19264 KB] Initializing additive heuristic...
[t=0.0539193s, 19264 KB] Initializing FF heuristic...
[t=0.0539473s, 19264 KB] Building successor generator...done!
[t=0.0559839s, 19264 KB] peak memory difference for successor generator creation: 0 KB
[t=0.05605s, 19264 KB] time for successor generation creation: 0.00115965s
[t=0.0560749s, 19264 KB] Variables: 2809
[t=0.0563291s, 19264 KB] FactPairs: 8425
[t=0.0563524s, 19264 KB] Bytes per state: 356
[t=0.0563757s, 19264 KB] Conducting best first search without reopening closed nodes, (real) bound = 2147483647
[t=0.0564377s, 19264 KB] New best heuristic value for ff(): 2808
[t=0.0571029s, 19264 KB] g=0, 1 evaluated, 0 expanded
[t=0.0571289s, 19264 KB] Initial heuristic value for ff(): 2808
[t=0.0571587s, 19264 KB] pruning method: none
[t=0.0571824s, 19264 KB] Start Timestep: 1693599614544 millisecond(s).
[t=0.0591514s, 19264 KB] New best heuristic value for ff(): 2807
[t=0.0598331s, 19264 KB] g=2, 7 evaluated, 2 expanded
[t=0.0790984s, 19264 KB] New best heuristic value for ff(): 2806
[t=0.0808252s, 19264 KB] g=5, 57 evaluated, 15 expanded
[t=0.126909s, 19264 KB] New best heuristic value for ff(): 2805
[t=0.129104s, 19264 KB] g=10, 170 evaluated, 48 expanded
[t=0.166813s, 19264 KB] New best heuristic value for ff(): 2804
[t=0.170773s, 19264 KB] g=14, 264 evaluated, 76 expanded
[t=0.765572s, 19264 KB] New best heuristic value for ff(): 2803
[t=0.768595s, 19264 KB] g=18, 1375 evaluated, 402 expanded
[t=7.55814s, 22108 KB] New best heuristic value for ff(): 2802
[t=7.56052s, 22108 KB] g=21, 7341 evaluated, 2140 expanded
[t=504.284s, 45872 KB] New best heuristic value for ff(): 2801
[t=504.285s, 45872 KB] g=26, 44300 evaluated, 12943 expanded
Peak memory: 47348 KB
caught signal 24 -- exiting
Time limit has been reached.
Remove intermediate file output.sas
search exit code: 23

Driver aborting after search
INFO     Planner time: 596.58s
