INFO     planner time limit: 900s
INFO     planner memory limit: 3584 MB

INFO     Running translator.
INFO     translator stdin: None
INFO     translator time limit: 899s
INFO     translator memory limit: 3584 MB
INFO     translator command line string: /usr/local/downward-projects/downward/experiments/.venv/bin/python3 /usr/local/downward-projects/downward/experiments/src/thesis/data/thesis-thesis_exp/code-f7a4f68fd467cf7cff4d3dfcfdfcfa2023e44324_e5e41175/builds/release/bin/translate/translate.py domain.pddl problem.pddl --sas-file output.sas
Parsing...
Parsing: [0.000s CPU, 0.002s wall-clock]
Normalizing task... [0.000s CPU, 0.000s wall-clock]
Instantiating...
Generating Datalog program... [0.000s CPU, 0.000s wall-clock]
Normalizing Datalog program...
Normalizing Datalog program: [0.000s CPU, 0.002s wall-clock]
Preparing model... [0.000s CPU, 0.001s wall-clock]
Generated 74 rules.
Computing model... [0.590s CPU, 0.591s wall-clock]
65844 relevant atoms
8506 auxiliary atoms
74350 final queue length
300986 total queue pushes
Completing instantiation... [3.620s CPU, 3.634s wall-clock]
Instantiating: [4.240s CPU, 4.253s wall-clock]
Computing fact groups...
Finding invariants...
16 initial candidates
Finding invariants: [0.040s CPU, 0.040s wall-clock]
Checking invariant weight... [0.000s CPU, 0.000s wall-clock]
Instantiating groups... [0.000s CPU, 0.000s wall-clock]
Collecting mutex groups... [0.000s CPU, 0.000s wall-clock]
Choosing groups...
0 uncovered facts
Choosing groups: [0.000s CPU, 0.000s wall-clock]
Building translation key... [0.000s CPU, 0.000s wall-clock]
Computing fact groups: [0.040s CPU, 0.042s wall-clock]
Building STRIPS to SAS dictionary... [0.000s CPU, 0.000s wall-clock]
Building dictionary for full mutex groups... [0.000s CPU, 0.000s wall-clock]
Building mutex information...
Building mutex information: [0.000s CPU, 0.000s wall-clock]
Translating task...
Processing axioms...
Simplifying axioms... [0.000s CPU, 0.000s wall-clock]
Translator axioms removed by simplifying: 0
Computing negative axioms... [0.000s CPU, 0.000s wall-clock]
Processing axioms: [0.100s CPU, 0.101s wall-clock]
Translating task: [1.970s CPU, 1.971s wall-clock]
0 effect conditions simplified
0 implied preconditions added
Detecting unreachable propositions...
0 operators removed
0 axioms removed
19 propositions removed
Detecting unreachable propositions: [1.410s CPU, 1.422s wall-clock]
Reordering and filtering variables...
19 of 19 variables necessary.
0 of 19 mutex groups necessary.
47736 of 47736 operators necessary.
0 of 0 axiom rules necessary.
Reordering and filtering variables: [0.290s CPU, 0.291s wall-clock]
Translator variables: 19
Translator derived variables: 0
Translator facts: 191
Translator goal facts: 2
Translator mutex groups: 0
Translator total mutex groups size: 0
Translator operators: 47736
Translator axioms: 0
Translator task size: 405372
Translator peak memory: 304604 KB
Writing output... [0.270s CPU, 0.282s wall-clock]
Done! [8.350s CPU, 8.386s wall-clock]
translate exit code: 0

INFO     Running search (release).
INFO     search stdin: output.sas
INFO     search time limit: 891s
INFO     search memory limit: 3584 MB
INFO     search command line string: /usr/local/downward-projects/downward/experiments/src/thesis/data/thesis-thesis_exp/code-f7a4f68fd467cf7cff4d3dfcfdfcfa2023e44324_e5e41175/builds/release/bin/downward --evaluator 'h=ff()' --search 'eager(epsilon_greedy(h, epsilon=0.2))' --internal-plan-file sas_plan < output.sas
[t=0.00255496s, 11000 KB] reading input...
[t=0.178319s, 27744 KB] done reading input!
[t=0.202196s, 38768 KB] Simplifying 162656 unary operators... done! [16136 unary operators]
[t=0.361815s, 46916 KB] time to simplify: 0.159618s
[t=0.364263s, 46916 KB] Initializing additive heuristic...
[t=0.36475s, 46916 KB] Initializing FF heuristic...
[t=0.364779s, 46916 KB] Building successor generator...done!
[t=0.377304s, 46916 KB] peak memory difference for successor generator creation: 0 KB
[t=0.377406s, 46916 KB] time for successor generation creation: 0.00876999s
[t=0.37758s, 46916 KB] Variables: 19
[t=0.378429s, 46916 KB] FactPairs: 191
[t=0.378455s, 46916 KB] Bytes per state: 12
[t=0.378479s, 46916 KB] Conducting best first search without reopening closed nodes, (real) bound = 2147483647
[t=0.37854s, 46916 KB] New best heuristic value for ff(): 68
[t=0.378922s, 46916 KB] g=0, 1 evaluated, 0 expanded
[t=0.378947s, 46916 KB] Initial heuristic value for ff(): 68
[t=0.378973s, 46916 KB] pruning method: none
[t=0.378997s, 46916 KB] Start Timestep: 1684337647841 millisecond(s).
[t=0.379047s, 46916 KB] New best heuristic value for ff(): 67
[t=0.37931s, 46916 KB] g=1, 2 evaluated, 1 expanded
[t=0.668695s, 46916 KB] New best heuristic value for ff(): 66
[t=0.671773s, 46916 KB] g=2, 1824 evaluated, 2 expanded
[t=0.712603s, 46916 KB] New best heuristic value for ff(): 63
[t=0.716233s, 46916 KB] g=3, 2096 evaluated, 3 expanded
[t=0.772452s, 46916 KB] New best heuristic value for ff(): 61
[t=0.775666s, 46916 KB] g=5, 2471 evaluated, 5 expanded
[t=0.816377s, 46916 KB] New best heuristic value for ff(): 60
[t=0.817746s, 46916 KB] g=7, 2740 evaluated, 9 expanded
[t=0.836284s, 46916 KB] New best heuristic value for ff(): 58
[t=0.838715s, 46916 KB] g=9, 2875 evaluated, 11 expanded
[t=0.924056s, 46916 KB] New best heuristic value for ff(): 57
[t=0.927548s, 46916 KB] g=11, 3435 evaluated, 16 expanded
[t=0.947949s, 46916 KB] New best heuristic value for ff(): 55
[t=0.948878s, 46916 KB] g=13, 3571 evaluated, 18 expanded
[t=0.987833s, 46916 KB] New best heuristic value for ff(): 54
[t=0.990908s, 46916 KB] g=15, 3838 evaluated, 22 expanded
[t=1.01178s, 46916 KB] New best heuristic value for ff(): 52
[t=1.01575s, 46916 KB] g=17, 3995 evaluated, 25 expanded
[t=1.0591s, 46916 KB] New best heuristic value for ff(): 51
[t=1.0595s, 46916 KB] g=19, 4271 evaluated, 30 expanded
[t=1.07905s, 46916 KB] New best heuristic value for ff(): 49
[t=1.08118s, 46916 KB] g=21, 4409 evaluated, 32 expanded
[t=1.11896s, 46916 KB] New best heuristic value for ff(): 48
[t=1.12276s, 46916 KB] g=23, 4674 evaluated, 36 expanded
[t=1.14289s, 46916 KB] New best heuristic value for ff(): 46
[t=1.14453s, 46916 KB] g=25, 4813 evaluated, 38 expanded
[t=1.20675s, 46916 KB] New best heuristic value for ff(): 45
[t=1.20734s, 46916 KB] g=27, 5207 evaluated, 43 expanded
[t=1.22669s, 46916 KB] New best heuristic value for ff(): 43
[t=1.22929s, 46916 KB] g=29, 5347 evaluated, 45 expanded
[t=1.27055s, 46916 KB] New best heuristic value for ff(): 42
[t=1.27092s, 46916 KB] g=31, 5610 evaluated, 49 expanded
[t=1.29046s, 46916 KB] New best heuristic value for ff(): 40
[t=1.29315s, 46916 KB] g=33, 5751 evaluated, 51 expanded
[t=1.4502s, 46916 KB] New best heuristic value for ff(): 39
[t=1.45177s, 46916 KB] g=35, 6747 evaluated, 60 expanded
[t=2.21639s, 46916 KB] New best heuristic value for ff(): 38
[t=2.22033s, 46916 KB] g=38, 11536 evaluated, 153 expanded
[t=801.397s, 388764 KB] New best heuristic value for ff(): 36
[t=801.397s, 388764 KB] g=43, 4976348 evaluated, 240540 expanded
[t=801.428s, 388764 KB] New best heuristic value for ff(): 35
[t=801.428s, 388764 KB] g=45, 4976547 evaluated, 240542 expanded
[t=801.438s, 388764 KB] New best heuristic value for ff(): 34
[t=801.438s, 388764 KB] g=46, 4976605 evaluated, 240543 expanded
[t=801.44s, 388764 KB] New best heuristic value for ff(): 33
[t=801.44s, 388764 KB] g=47, 4976617 evaluated, 240544 expanded
[t=801.446s, 388764 KB] New best heuristic value for ff(): 32
[t=801.446s, 388764 KB] g=48, 4976659 evaluated, 240545 expanded
[t=801.551s, 388764 KB] New best heuristic value for ff(): 31
[t=801.551s, 388764 KB] g=51, 4977309 evaluated, 240560 expanded
[t=801.639s, 388764 KB] New best heuristic value for ff(): 30
[t=801.639s, 388764 KB] g=52, 4977871 evaluated, 240569 expanded
[t=803.563s, 388764 KB] New best heuristic value for ff(): 29
[t=803.563s, 388764 KB] g=55, 4989799 evaluated, 241174 expanded
[t=804.367s, 388764 KB] New best heuristic value for ff(): 28
[t=804.367s, 388764 KB] g=58, 4994811 evaluated, 241458 expanded
[t=833.674s, 388764 KB] New best heuristic value for ff(): 27
[t=833.674s, 388764 KB] g=65, 5176722 evaluated, 252348 expanded
[t=833.694s, 388764 KB] New best heuristic value for ff(): 25
[t=833.694s, 388764 KB] g=66, 5176843 evaluated, 252350 expanded
[t=833.694s, 388764 KB] New best heuristic value for ff(): 24
[t=833.694s, 388764 KB] g=67, 5176860 evaluated, 252351 expanded
[t=833.699s, 388764 KB] New best heuristic value for ff(): 23
[t=833.699s, 388764 KB] g=68, 5176872 evaluated, 252352 expanded
[t=833.71s, 388764 KB] New best heuristic value for ff(): 22
[t=833.71s, 388764 KB] g=70, 5176949 evaluated, 252354 expanded
[t=833.718s, 388764 KB] New best heuristic value for ff(): 21
[t=833.718s, 388764 KB] g=70, 5176999 evaluated, 252354 expanded
[t=833.726s, 388764 KB] New best heuristic value for ff(): 20
[t=833.726s, 388764 KB] g=71, 5177064 evaluated, 252355 expanded
[t=833.73s, 388764 KB] New best heuristic value for ff(): 19
[t=833.73s, 388764 KB] g=72, 5177075 evaluated, 252356 expanded
[t=833.742s, 388764 KB] New best heuristic value for ff(): 18
[t=833.742s, 388764 KB] g=74, 5177153 evaluated, 252358 expanded
[t=833.75s, 388764 KB] New best heuristic value for ff(): 17
[t=833.75s, 388764 KB] g=74, 5177203 evaluated, 252358 expanded
[t=833.758s, 388764 KB] New best heuristic value for ff(): 16
[t=833.758s, 388764 KB] g=75, 5177267 evaluated, 252359 expanded
[t=833.762s, 388764 KB] New best heuristic value for ff(): 15
[t=833.762s, 388764 KB] g=76, 5177278 evaluated, 252360 expanded
[t=833.774s, 388764 KB] New best heuristic value for ff(): 14
[t=833.774s, 388764 KB] g=78, 5177357 evaluated, 252362 expanded
[t=833.782s, 388764 KB] New best heuristic value for ff(): 13
[t=833.782s, 388764 KB] g=78, 5177407 evaluated, 252362 expanded
[t=833.814s, 388764 KB] New best heuristic value for ff(): 12
[t=833.814s, 388764 KB] g=79, 5177613 evaluated, 252365 expanded
[t=833.814s, 388764 KB] New best heuristic value for ff(): 11
[t=833.814s, 388764 KB] g=80, 5177624 evaluated, 252366 expanded
[t=833.826s, 388764 KB] New best heuristic value for ff(): 10
[t=833.826s, 388764 KB] g=82, 5177704 evaluated, 252368 expanded
[t=833.834s, 388764 KB] New best heuristic value for ff(): 9
[t=833.834s, 388764 KB] g=82, 5177754 evaluated, 252368 expanded
[t=833.858s, 388764 KB] New best heuristic value for ff(): 8
[t=833.858s, 388764 KB] g=83, 5177912 evaluated, 252370 expanded
[t=833.862s, 388764 KB] New best heuristic value for ff(): 7
[t=833.862s, 388764 KB] g=84, 5177923 evaluated, 252371 expanded
[t=833.876s, 388764 KB] New best heuristic value for ff(): 6
[t=833.876s, 388764 KB] g=86, 5178005 evaluated, 252374 expanded
[t=833.882s, 388764 KB] New best heuristic value for ff(): 4
[t=833.882s, 388764 KB] g=86, 5178055 evaluated, 252374 expanded
[t=833.894s, 388764 KB] New best heuristic value for ff(): 3
[t=833.894s, 388764 KB] g=88, 5178127 evaluated, 252376 expanded
[t=833.91s, 388764 KB] New best heuristic value for ff(): 2
[t=833.91s, 388764 KB] g=90, 5178251 evaluated, 252378 expanded
[t=833.93s, 388764 KB] New best heuristic value for ff(): 1
[t=833.93s, 388764 KB] g=91, 5178368 evaluated, 252380 expanded
[t=833.934s, 388764 KB] New best heuristic value for ff(): 0
[t=833.934s, 388764 KB] g=92, 5178399 evaluated, 252381 expanded
[t=833.938s, 388764 KB] Solution found!
[t=833.938s, 388764 KB] Actual search time: 833.559s
drive_tent_passenger girl0 place0 place1 car0 tent1 guy0 (1)
put_up girl0 place1 tent1 (1)
walk_together tent1 place1 guy1 place0 girl1 couple1 (1)
put_down girl0 place1 tent1 (1)
drive_tent_passenger girl0 place1 place2 car0 tent1 guy0 (1)
put_up girl0 place2 tent1 (1)
walk_together tent1 place2 guy1 place1 girl1 couple1 (1)
put_down girl0 place2 tent1 (1)
drive_tent_passenger girl0 place2 place3 car0 tent1 guy0 (1)
put_up girl0 place3 tent1 (1)
walk_together tent1 place3 guy1 place2 girl1 couple1 (1)
put_down girl0 place3 tent1 (1)
drive_tent_passenger girl0 place3 place4 car0 tent1 guy0 (1)
put_up girl0 place4 tent1 (1)
walk_together tent1 place4 guy1 place3 girl1 couple1 (1)
put_down girl0 place4 tent1 (1)
drive_tent_passenger girl0 place4 place5 car0 tent1 guy0 (1)
put_up girl0 place5 tent1 (1)
walk_together tent1 place5 guy1 place4 girl1 couple1 (1)
put_down girl0 place5 tent1 (1)
drive_tent_passenger girl0 place5 place6 car0 tent1 guy0 (1)
put_up girl0 place6 tent1 (1)
walk_together tent1 place6 guy1 place5 girl1 couple1 (1)
put_down girl0 place6 tent1 (1)
drive_tent_passenger girl0 place6 place7 car0 tent1 guy0 (1)
put_up girl0 place7 tent1 (1)
walk_together tent1 place7 guy1 place6 girl1 couple1 (1)
put_down girl0 place7 tent1 (1)
drive_tent_passenger girl0 place7 place8 car0 tent1 guy0 (1)
put_up girl0 place8 tent1 (1)
walk_together tent1 place8 guy1 place7 girl1 couple1 (1)
put_down girl0 place8 tent1 (1)
drive_tent_passenger girl0 place8 place9 car0 tent1 guy0 (1)
put_up girl0 place9 tent1 (1)
walk_together tent1 place9 guy1 place8 girl1 couple1 (1)
drive_passenger girl0 place9 place0 car0 guy0 (1)
put_down girl0 place0 tent0 (1)
drive_tent girl0 place0 place1 car0 tent0 (1)
put_up girl0 place1 tent0 (1)
drive girl0 place1 place9 car0 (1)
drive guy0 place0 place9 car7 (1)
drive_passenger girl0 place9 place0 car0 guy0 (1)
walk_together tent0 place1 guy0 place0 girl0 couple0 (1)
put_down girl1 place9 tent1 (1)
drive_tent girl1 place9 place2 car7 tent1 (1)
put_up girl1 place2 tent1 (1)
walk_together tent1 place2 guy0 place1 girl0 couple0 (1)
drive_passenger girl0 place2 place9 car7 girl1 (1)
put_down guy0 place2 tent1 (1)
drive girl0 place9 place2 car7 (1)
drive_tent girl0 place2 place3 car7 tent1 (1)
put_up girl0 place3 tent1 (1)
drive girl0 place3 place1 car7 (1)
put_down girl0 place1 tent0 (1)
drive_tent girl0 place1 place10 car7 tent0 (1)
put_up girl0 place10 tent0 (1)
walk_together tent0 place10 guy1 place9 girl1 couple1 (1)
put_down girl0 place10 tent0 (1)
drive_tent_passenger girl0 place10 place8 car7 tent0 girl1 (1)
drive_passenger girl0 place8 place0 car7 girl1 (1)
drive girl0 place0 place4 car0 (1)
drive girl1 place0 place8 car8 (1)
drive_tent girl1 place8 place5 car8 tent0 (1)
drive girl0 place4 place2 car0 (1)
walk_together tent1 place3 guy0 place2 girl0 couple0 (1)
drive_tent girl1 place5 place4 car8 tent0 (1)
put_up girl1 place4 tent0 (1)
walk_together tent0 place4 guy0 place3 girl0 couple0 (1)
put_down girl0 place4 tent0 (1)
drive_tent girl1 place4 place5 car8 tent0 (1)
put_up girl1 place5 tent0 (1)
walk_together tent0 place5 guy0 place4 girl0 couple0 (1)
put_down girl0 place5 tent0 (1)
drive_tent girl1 place5 place6 car8 tent0 (1)
put_up girl1 place6 tent0 (1)
walk_together tent0 place6 guy0 place5 girl0 couple0 (1)
put_down girl0 place6 tent0 (1)
drive_tent girl1 place6 place7 car8 tent0 (1)
put_up girl1 place7 tent0 (1)
walk_together tent0 place7 guy0 place6 girl0 couple0 (1)
put_down girl0 place7 tent0 (1)
drive_tent girl1 place7 place8 car8 tent0 (1)
put_up girl1 place8 tent0 (1)
walk_together tent0 place8 guy0 place7 girl0 couple0 (1)
put_down girl0 place8 tent0 (1)
drive_tent girl1 place8 place9 car8 tent0 (1)
put_up girl1 place9 tent0 (1)
walk_together tent0 place9 guy0 place8 girl0 couple0 (1)
put_down girl0 place9 tent0 (1)
drive_tent girl1 place9 place10 car8 tent0 (1)
put_up girl1 place10 tent0 (1)
walk_together tent0 place10 guy0 place9 girl0 couple0 (1)
[t=833.938s, 388764 KB] Plan length: 92 step(s).
[t=833.938s, 388764 KB] Plan cost: 92
[t=833.938s, 388764 KB] Timestamp: 1684338488789 millisecond(s).
[t=833.938s, 388764 KB] Expanded 252382 state(s).
[t=833.938s, 388764 KB] Reopened 0 state(s).
[t=833.938s, 388764 KB] Evaluated 5178429 state(s).
[t=833.938s, 388764 KB] Evaluations: 5178429
[t=833.938s, 388764 KB] Generated 11100557 state(s).
[t=833.938s, 388764 KB] Dead ends: 20 state(s).
[t=833.938s, 388764 KB] Number of registered states: 5178429
[t=833.938s, 388764 KB] Int hash set load factor: 5178429/8388608 = 0.617317
[t=833.938s, 388764 KB] Int hash set resizes: 23
[t=833.938s, 388764 KB] Search time: 833.559s
[t=833.938s, 388764 KB] Total time: 833.938s
Solution found.
Peak memory: 388764 KB
Remove intermediate file output.sas
search exit code: 0

INFO     Running validate.
INFO     validate stdin: None
INFO     validate time limit: None
INFO     validate memory limit: None
INFO     validate command line string: validate domain.pddl problem.pddl sas_plan
Checking plan: sas_plan
Plan executed successfully - checking goal
Plan valid
Final value: 92 

Successful plans:
Value: 92
 sas_plan 92 

validate exit code: 0

INFO     Planner time: 842.48s
