INFO     planner time limit: 900s
INFO     planner memory limit: 3584 MB

INFO     Running translator.
INFO     translator stdin: None
INFO     translator time limit: 899s
INFO     translator memory limit: 3584 MB
INFO     translator command line string: /usr/local/downward-projects/downward/experiments/.venv/bin/python3 /usr/local/downward-projects/downward/experiments/src/thesis/data/thesis-thesis_exp/code-492c46a6b9a8d722366a407090da84235e2f79dc_e5e41175/builds/release/bin/translate/translate.py domain.pddl problem.pddl --sas-file output.sas
Parsing...
Parsing: [0.000s CPU, 0.007s wall-clock]
Normalizing task... [0.000s CPU, 0.000s wall-clock]
Instantiating...
Generating Datalog program... [0.010s CPU, 0.004s wall-clock]
Normalizing Datalog program...
Normalizing Datalog program: [0.000s CPU, 0.002s wall-clock]
Preparing model... [0.010s CPU, 0.010s wall-clock]
Generated 51 rules.
Computing model... [1.240s CPU, 1.255s wall-clock]
97645 relevant atoms
78546 auxiliary atoms
176191 final queue length
233899 total queue pushes
Completing instantiation... [2.760s CPU, 2.787s wall-clock]
Instantiating: [4.080s CPU, 4.113s wall-clock]
Computing fact groups...
Finding invariants...
6 initial candidates
Finding invariants: [0.010s CPU, 0.012s wall-clock]
Checking invariant weight... [0.000s CPU, 0.001s wall-clock]
Instantiating groups... [0.080s CPU, 0.075s wall-clock]
Collecting mutex groups... [0.010s CPU, 0.012s wall-clock]
Choosing groups...
0 uncovered facts
Choosing groups: [0.040s CPU, 0.036s wall-clock]
Building translation key... [0.010s CPU, 0.014s wall-clock]
Computing fact groups: [0.240s CPU, 0.248s wall-clock]
Building STRIPS to SAS dictionary... [0.020s CPU, 0.012s wall-clock]
Building dictionary for full mutex groups... [0.000s CPU, 0.009s wall-clock]
Building mutex information...
Building mutex information: [0.010s CPU, 0.006s wall-clock]
Translating task...
Processing axioms...
Simplifying axioms... [0.000s CPU, 0.000s wall-clock]
Translator axioms removed by simplifying: 0
Computing negative axioms... [0.000s CPU, 0.000s wall-clock]
Processing axioms: [0.080s CPU, 0.081s wall-clock]
Translating task: [1.920s CPU, 1.946s wall-clock]
0 effect conditions simplified
0 implied preconditions added
Detecting unreachable propositions...
0 operators removed
0 axioms removed
72 propositions removed
Detecting unreachable propositions: [1.190s CPU, 1.195s wall-clock]
Reordering and filtering variables...
72 of 72 variables necessary.
0 of 72 mutex groups necessary.
75556 of 75556 operators necessary.
0 of 0 axiom rules necessary.
Reordering and filtering variables: [0.140s CPU, 0.140s wall-clock]
Translator variables: 72
Translator derived variables: 0
Translator facts: 18804
Translator goal facts: 32
Translator mutex groups: 0
Translator total mutex groups size: 0
Translator operators: 75556
Translator axioms: 0
Translator task size: 302152
Translator peak memory: 263860 KB
Writing output... [0.270s CPU, 0.273s wall-clock]
Done! [7.960s CPU, 8.041s wall-clock]
translate exit code: 0

INFO     Running search (release).
INFO     search stdin: output.sas
INFO     search time limit: 891s
INFO     search memory limit: 3584 MB
INFO     search command line string: /usr/local/downward-projects/downward/experiments/src/thesis/data/thesis-thesis_exp/code-492c46a6b9a8d722366a407090da84235e2f79dc_e5e41175/builds/release/bin/downward --evaluator 'h=ff(transform=adapt_costs(one))' --search 'eager(alt([single(h), linear_weighted_type_based([h, g()], ignore_size=true)]), cost_type=one)' --internal-plan-file sas_plan < output.sas
[t=0.0010381s, 11200 KB] reading input...
[t=0.179561s, 30216 KB] done reading input!
[t=0.196357s, 34512 KB] Simplifying 75556 unary operators... done! [75556 unary operators]
[t=0.242519s, 41476 KB] time to simplify: 0.0482683s
[t=0.246677s, 41476 KB] Initializing additive heuristic...
[t=0.247639s, 41476 KB] Initializing FF heuristic...
[t=0.247681s, 41476 KB] Building successor generator...done!
[t=0.28056s, 48648 KB] peak memory difference for successor generator creation: 7172 KB
[t=0.280665s, 48648 KB] time for successor generation creation: 0.0324633s
[t=0.281237s, 48648 KB] Variables: 72
[t=0.282304s, 48648 KB] FactPairs: 18804
[t=0.282329s, 48648 KB] Bytes per state: 72
[t=0.282353s, 48648 KB] Conducting best first search without reopening closed nodes, (real) bound = 2147483647
[t=0.284337s, 48648 KB] New best heuristic value for ff(transform=adapt_costs(one)): 299
[t=0.284579s, 48648 KB] g=0, 1 evaluated, 0 expanded
[t=0.284607s, 48648 KB] Initial heuristic value for ff(transform=adapt_costs(one)): 299
[t=0.284637s, 48648 KB] pruning method: none
[t=0.284661s, 48648 KB] Start Timestep: 1685459421001 millisecond(s).
[t=0.285322s, 48648 KB] New best heuristic value for ff(transform=adapt_costs(one)): 298
[t=0.285941s, 48648 KB] g=1, 2 evaluated, 1 expanded
[t=1.07378s, 48648 KB] New best heuristic value for ff(transform=adapt_costs(one)): 297
[t=1.07432s, 48648 KB] g=1, 843 evaluated, 1 expanded
[t=1.07898s, 48648 KB] New best heuristic value for ff(transform=adapt_costs(one)): 296
[t=1.0793s, 48648 KB] g=2, 848 evaluated, 2 expanded
[t=1.85073s, 48648 KB] New best heuristic value for ff(transform=adapt_costs(one)): 295
[t=1.85153s, 48648 KB] g=3, 1669 evaluated, 3 expanded
[t=3.42724s, 48648 KB] New best heuristic value for ff(transform=adapt_costs(one)): 294
[t=3.42826s, 48648 KB] g=4, 3333 evaluated, 5 expanded
[t=4.99649s, 48648 KB] New best heuristic value for ff(transform=adapt_costs(one)): 293
[t=4.99741s, 48648 KB] g=5, 4995 evaluated, 7 expanded
[t=6.57295s, 48648 KB] New best heuristic value for ff(transform=adapt_costs(one)): 292
[t=6.57366s, 48648 KB] g=6, 6665 evaluated, 9 expanded
[t=8.15301s, 48648 KB] New best heuristic value for ff(transform=adapt_costs(one)): 291
[t=8.154s, 48648 KB] g=7, 8334 evaluated, 11 expanded
[t=9.72654s, 48648 KB] New best heuristic value for ff(transform=adapt_costs(one)): 290
[t=9.72691s, 48648 KB] g=8, 9998 evaluated, 13 expanded
[t=10.5241s, 48648 KB] New best heuristic value for ff(transform=adapt_costs(one)): 289
[t=10.5244s, 48648 KB] g=9, 10843 evaluated, 14 expanded
[t=11.3057s, 48648 KB] New best heuristic value for ff(transform=adapt_costs(one)): 288
[t=11.3062s, 48648 KB] g=10, 11671 evaluated, 15 expanded
[t=12.882s, 48648 KB] New best heuristic value for ff(transform=adapt_costs(one)): 287
[t=12.8822s, 48648 KB] g=11, 13341 evaluated, 17 expanded
[t=14.4754s, 48648 KB] New best heuristic value for ff(transform=adapt_costs(one)): 286
[t=14.4762s, 48648 KB] g=12, 15032 evaluated, 19 expanded
[t=16.0171s, 48648 KB] New best heuristic value for ff(transform=adapt_costs(one)): 285
[t=16.0195s, 48648 KB] g=13, 16686 evaluated, 21 expanded
[t=17.5561s, 48648 KB] New best heuristic value for ff(transform=adapt_costs(one)): 284
[t=17.5564s, 48648 KB] g=14, 18353 evaluated, 23 expanded
[t=19.1221s, 48648 KB] New best heuristic value for ff(transform=adapt_costs(one)): 283
[t=19.1249s, 48648 KB] g=15, 20057 evaluated, 25 expanded
[t=20.641s, 48648 KB] New best heuristic value for ff(transform=adapt_costs(one)): 282
[t=20.6436s, 48648 KB] g=16, 21703 evaluated, 27 expanded
[t=22.1919s, 48648 KB] New best heuristic value for ff(transform=adapt_costs(one)): 281
[t=22.1928s, 48648 KB] g=17, 23375 evaluated, 29 expanded
[t=22.9716s, 48648 KB] New best heuristic value for ff(transform=adapt_costs(one)): 280
[t=22.9731s, 48648 KB] g=18, 24221 evaluated, 30 expanded
[t=23.7513s, 48648 KB] New best heuristic value for ff(transform=adapt_costs(one)): 279
[t=23.7535s, 48648 KB] g=19, 25068 evaluated, 31 expanded
[t=25.2706s, 48648 KB] New best heuristic value for ff(transform=adapt_costs(one)): 278
[t=25.2738s, 48648 KB] g=20, 26720 evaluated, 33 expanded
[t=26.8058s, 48648 KB] New best heuristic value for ff(transform=adapt_costs(one)): 277
[t=26.8093s, 48648 KB] g=21, 28386 evaluated, 35 expanded
[t=28.345s, 48648 KB] New best heuristic value for ff(transform=adapt_costs(one)): 276
[t=28.3484s, 48648 KB] g=22, 30058 evaluated, 37 expanded
[t=29.8764s, 48648 KB] New best heuristic value for ff(transform=adapt_costs(one)): 275
[t=29.8797s, 48648 KB] g=23, 31725 evaluated, 39 expanded
[t=31.4116s, 48648 KB] New best heuristic value for ff(transform=adapt_costs(one)): 274
[t=31.4121s, 48648 KB] g=24, 33397 evaluated, 41 expanded
[t=32.9375s, 48648 KB] New best heuristic value for ff(transform=adapt_costs(one)): 273
[t=32.9407s, 48648 KB] g=25, 35069 evaluated, 43 expanded
[t=34.4889s, 48648 KB] New best heuristic value for ff(transform=adapt_costs(one)): 272
[t=34.4896s, 48648 KB] g=26, 36762 evaluated, 45 expanded
[t=36.0084s, 48648 KB] New best heuristic value for ff(transform=adapt_costs(one)): 271
[t=36.011s, 48648 KB] g=27, 38436 evaluated, 47 expanded
[t=37.5353s, 48648 KB] New best heuristic value for ff(transform=adapt_costs(one)): 270
[t=37.5389s, 48648 KB] g=28, 40109 evaluated, 49 expanded
[t=38.3149s, 48780 KB] New best heuristic value for ff(transform=adapt_costs(one)): 269
[t=38.3175s, 48780 KB] g=29, 40956 evaluated, 50 expanded
[t=39.0827s, 48780 KB] New best heuristic value for ff(transform=adapt_costs(one)): 268
[t=39.0847s, 48780 KB] g=30, 41786 evaluated, 51 expanded
[t=40.6213s, 49048 KB] New best heuristic value for ff(transform=adapt_costs(one)): 267
[t=40.6238s, 49048 KB] g=31, 43457 evaluated, 53 expanded
[t=42.1646s, 49180 KB] New best heuristic value for ff(transform=adapt_costs(one)): 266
[t=42.1651s, 49180 KB] g=32, 45131 evaluated, 55 expanded
[t=43.7239s, 49312 KB] New best heuristic value for ff(transform=adapt_costs(one)): 265
[t=43.7265s, 49312 KB] g=33, 46828 evaluated, 57 expanded
[t=45.2674s, 49628 KB] New best heuristic value for ff(transform=adapt_costs(one)): 264
[t=45.2679s, 49628 KB] g=34, 48501 evaluated, 59 expanded
[t=46.8341s, 49764 KB] New best heuristic value for ff(transform=adapt_costs(one)): 263
[t=46.8346s, 49764 KB] g=35, 50203 evaluated, 61 expanded
[t=47.6064s, 49764 KB] New best heuristic value for ff(transform=adapt_costs(one)): 262
[t=47.6075s, 49764 KB] g=36, 51043 evaluated, 62 expanded
[t=49.2696s, 50028 KB] New best heuristic value for ff(transform=adapt_costs(one)): 261
[t=49.2721s, 50028 KB] g=37, 52843 evaluated, 64 expanded
[t=50.7962s, 50160 KB] New best heuristic value for ff(transform=adapt_costs(one)): 260
[t=50.7971s, 50160 KB] g=38, 54495 evaluated, 66 expanded
[t=55.3742s, 51708 KB] New best heuristic value for ff(transform=adapt_costs(one)): 259
[t=55.3752s, 51708 KB] g=39, 59456 evaluated, 72 expanded
[t=56.3778s, 51708 KB] New best heuristic value for ff(transform=adapt_costs(one)): 258
[t=56.3788s, 51708 KB] g=40, 60553 evaluated, 74 expanded
[t=60.9279s, 51708 KB] New best heuristic value for ff(transform=adapt_costs(one)): 257
[t=60.9319s, 51708 KB] g=42, 65484 evaluated, 80 expanded
[t=62.446s, 51980 KB] New best heuristic value for ff(transform=adapt_costs(one)): 256
[t=62.4499s, 51980 KB] g=43, 67135 evaluated, 82 expanded
[t=63.9936s, 52116 KB] New best heuristic value for ff(transform=adapt_costs(one)): 255
[t=63.995s, 52116 KB] g=44, 68806 evaluated, 84 expanded
[t=65.2609s, 52248 KB] New best heuristic value for ff(transform=adapt_costs(one)): 254
[t=65.2631s, 52248 KB] g=45, 70190 evaluated, 85 expanded
[t=66.8003s, 52384 KB] New best heuristic value for ff(transform=adapt_costs(one)): 253
[t=66.8012s, 52384 KB] g=46, 71848 evaluated, 87 expanded
[t=68.3195s, 52648 KB] New best heuristic value for ff(transform=adapt_costs(one)): 252
[t=68.3236s, 52648 KB] g=47, 73505 evaluated, 89 expanded
[t=69.591s, 52784 KB] New best heuristic value for ff(transform=adapt_costs(one)): 251
[t=69.5929s, 52784 KB] g=48, 74881 evaluated, 91 expanded
[t=71.1181s, 52920 KB] New best heuristic value for ff(transform=adapt_costs(one)): 250
[t=71.1186s, 52920 KB] g=49, 76543 evaluated, 93 expanded
[t=71.8897s, 52920 KB] New best heuristic value for ff(transform=adapt_costs(one)): 249
[t=71.8925s, 52920 KB] g=50, 77385 evaluated, 94 expanded
[t=103.894s, 58392 KB] New best heuristic value for ff(transform=adapt_costs(one)): 248
[t=103.898s, 58392 KB] g=52, 111851 evaluated, 136 expanded
[t=163.858s, 64052 KB] New best heuristic value for ff(transform=adapt_costs(one)): 247
[t=163.859s, 64052 KB] g=54, 176743 evaluated, 215 expanded
[t=165.369s, 64184 KB] New best heuristic value for ff(transform=adapt_costs(one)): 246
[t=165.372s, 64184 KB] g=55, 178395 evaluated, 217 expanded
[t=166.901s, 64320 KB] New best heuristic value for ff(transform=adapt_costs(one)): 245
[t=166.905s, 64320 KB] g=56, 180066 evaluated, 219 expanded
[t=168.948s, 64592 KB] New best heuristic value for ff(transform=adapt_costs(one)): 244
[t=168.948s, 64592 KB] g=57, 182294 evaluated, 221 expanded
[t=228.221s, 73092 KB] New best heuristic value for ff(transform=adapt_costs(one)): 243
[t=228.221s, 73092 KB] g=59, 245860 evaluated, 299 expanded
[t=229.778s, 73228 KB] New best heuristic value for ff(transform=adapt_costs(one)): 242
[t=229.78s, 73228 KB] g=60, 247520 evaluated, 301 expanded
[t=230.578s, 73360 KB] New best heuristic value for ff(transform=adapt_costs(one)): 241
[t=230.581s, 73360 KB] g=61, 248371 evaluated, 302 expanded
[t=232.651s, 73632 KB] New best heuristic value for ff(transform=adapt_costs(one)): 240
[t=232.654s, 73632 KB] g=62, 250595 evaluated, 304 expanded
[t=234.211s, 73764 KB] New best heuristic value for ff(transform=adapt_costs(one)): 239
[t=234.212s, 73764 KB] g=63, 252259 evaluated, 306 expanded
[t=234.995s, 73764 KB] New best heuristic value for ff(transform=adapt_costs(one)): 238
[t=234.997s, 73764 KB] g=64, 253104 evaluated, 307 expanded
[t=236.33s, 74028 KB] New best heuristic value for ff(transform=adapt_costs(one)): 237
[t=236.331s, 74028 KB] g=65, 254541 evaluated, 309 expanded
[t=238.097s, 74160 KB] New best heuristic value for ff(transform=adapt_costs(one)): 236
[t=238.098s, 74160 KB] g=66, 256443 evaluated, 311 expanded
[t=239.633s, 74296 KB] New best heuristic value for ff(transform=adapt_costs(one)): 235
[t=239.635s, 74296 KB] g=67, 258108 evaluated, 313 expanded
[t=240.832s, 74432 KB] New best heuristic value for ff(transform=adapt_costs(one)): 234
[t=240.836s, 74432 KB] g=68, 259410 evaluated, 315 expanded
[t=241.975s, 74564 KB] New best heuristic value for ff(transform=adapt_costs(one)): 233
[t=241.976s, 74564 KB] g=69, 260639 evaluated, 316 expanded
[t=242.762s, 74696 KB] New best heuristic value for ff(transform=adapt_costs(one)): 232
[t=242.763s, 74696 KB] g=70, 261483 evaluated, 317 expanded
[t=244.298s, 74828 KB] New best heuristic value for ff(transform=adapt_costs(one)): 231
[t=244.299s, 74828 KB] g=71, 263141 evaluated, 319 expanded
[t=245.381s, 74960 KB] New best heuristic value for ff(transform=adapt_costs(one)): 230
[t=245.385s, 74960 KB] g=72, 264309 evaluated, 321 expanded
[t=334.001s, 84476 KB] New best heuristic value for ff(transform=adapt_costs(one)): 229
[t=334.004s, 84476 KB] g=74, 359066 evaluated, 437 expanded
[t=334.777s, 84608 KB] New best heuristic value for ff(transform=adapt_costs(one)): 228
[t=334.778s, 84608 KB] g=75, 359897 evaluated, 438 expanded
[t=340.174s, 85144 KB] New best heuristic value for ff(transform=adapt_costs(one)): 227
[t=340.174s, 85144 KB] g=76, 365722 evaluated, 445 expanded
[t=341.769s, 85412 KB] New best heuristic value for ff(transform=adapt_costs(one)): 226
[t=341.771s, 85412 KB] g=77, 367377 evaluated, 447 expanded
[t=343.372s, 85548 KB] New best heuristic value for ff(transform=adapt_costs(one)): 225
[t=343.375s, 85548 KB] g=78, 369052 evaluated, 449 expanded
[t=345.527s, 85684 KB] New best heuristic value for ff(transform=adapt_costs(one)): 224
[t=345.528s, 85684 KB] g=79, 371309 evaluated, 451 expanded
[t=347.084s, 85956 KB] New best heuristic value for ff(transform=adapt_costs(one)): 223
[t=347.084s, 85956 KB] g=80, 372964 evaluated, 453 expanded
[t=349.425s, 86220 KB] New best heuristic value for ff(transform=adapt_costs(one)): 222
[t=349.428s, 86220 KB] g=81, 375490 evaluated, 456 expanded
[t=350.498s, 86220 KB] New best heuristic value for ff(transform=adapt_costs(one)): 221
[t=350.498s, 86220 KB] g=82, 376647 evaluated, 458 expanded
[t=445.395s, 100628 KB] New best heuristic value for ff(transform=adapt_costs(one)): 220
[t=445.395s, 100628 KB] g=84, 477912 evaluated, 582 expanded
[t=447.001s, 100684 KB] New best heuristic value for ff(transform=adapt_costs(one)): 219
[t=447.002s, 100684 KB] g=85, 479574 evaluated, 584 expanded
[t=448.606s, 100816 KB] New best heuristic value for ff(transform=adapt_costs(one)): 218
[t=448.608s, 100816 KB] g=86, 481258 evaluated, 586 expanded
[t=542.231s, 111092 KB] New best heuristic value for ff(transform=adapt_costs(one)): 217
[t=542.232s, 111092 KB] g=88, 582710 evaluated, 710 expanded
[t=543.75s, 111224 KB] New best heuristic value for ff(transform=adapt_costs(one)): 216
[t=543.752s, 111224 KB] g=89, 584368 evaluated, 712 expanded
[t=545.27s, 111492 KB] New best heuristic value for ff(transform=adapt_costs(one)): 215
[t=545.271s, 111492 KB] g=90, 586042 evaluated, 714 expanded
[t=546.797s, 111628 KB] New best heuristic value for ff(transform=adapt_costs(one)): 214
[t=546.8s, 111628 KB] g=91, 587724 evaluated, 716 expanded
[t=548.317s, 111764 KB] New best heuristic value for ff(transform=adapt_costs(one)): 213
[t=548.318s, 111764 KB] g=92, 589389 evaluated, 718 expanded
[t=549.544s, 111896 KB] New best heuristic value for ff(transform=adapt_costs(one)): 212
[t=549.545s, 111896 KB] g=93, 590736 evaluated, 719 expanded
[t=551.065s, 112028 KB] New best heuristic value for ff(transform=adapt_costs(one)): 211
[t=551.067s, 112028 KB] g=94, 592417 evaluated, 721 expanded
[t=552.57s, 112296 KB] New best heuristic value for ff(transform=adapt_costs(one)): 210
[t=552.571s, 112296 KB] g=95, 594075 evaluated, 723 expanded
[t=553.622s, 112432 KB] New best heuristic value for ff(transform=adapt_costs(one)): 209
[t=553.624s, 112432 KB] g=96, 595241 evaluated, 725 expanded
[t=555.148s, 112568 KB] New best heuristic value for ff(transform=adapt_costs(one)): 208
[t=555.149s, 112568 KB] g=97, 596925 evaluated, 727 expanded
[t=556.66s, 112704 KB] New best heuristic value for ff(transform=adapt_costs(one)): 207
[t=556.663s, 112704 KB] g=98, 598586 evaluated, 729 expanded
[t=558.643s, 112968 KB] New best heuristic value for ff(transform=adapt_costs(one)): 206
[t=558.646s, 112968 KB] g=99, 600778 evaluated, 731 expanded
[t=560.15s, 113104 KB] New best heuristic value for ff(transform=adapt_costs(one)): 205
[t=560.152s, 113104 KB] g=100, 602436 evaluated, 733 expanded
[t=563.162s, 113376 KB] New best heuristic value for ff(transform=adapt_costs(one)): 204
[t=563.165s, 113376 KB] g=101, 605765 evaluated, 737 expanded
[t=564.209s, 113508 KB] New best heuristic value for ff(transform=adapt_costs(one)): 203
[t=564.211s, 113508 KB] g=102, 606918 evaluated, 739 expanded
[t=650.762s, 123176 KB] New best heuristic value for ff(transform=adapt_costs(one)): 202
[t=650.762s, 123176 KB] g=104, 702207 evaluated, 855 expanded
[t=652.288s, 123312 KB] New best heuristic value for ff(transform=adapt_costs(one)): 201
[t=652.289s, 123312 KB] g=105, 703871 evaluated, 857 expanded
[t=797.045s, 139008 KB] New best heuristic value for ff(transform=adapt_costs(one)): 200
[t=797.047s, 139008 KB] g=107, 860626 evaluated, 1051 expanded
[t=840.98s, 159036 KB] New best heuristic value for ff(transform=adapt_costs(one)): 199
[t=840.983s, 159036 KB] g=109, 908872 evaluated, 1109 expanded
[t=841.751s, 159036 KB] New best heuristic value for ff(transform=adapt_costs(one)): 198
[t=841.752s, 159036 KB] g=110, 909722 evaluated, 1110 expanded
[t=843.263s, 159036 KB] New best heuristic value for ff(transform=adapt_costs(one)): 197
[t=843.264s, 159036 KB] g=111, 911395 evaluated, 1112 expanded
[t=844.031s, 159036 KB] New best heuristic value for ff(transform=adapt_costs(one)): 196
[t=844.034s, 159036 KB] g=112, 912247 evaluated, 1113 expanded
[t=845.53s, 159036 KB] New best heuristic value for ff(transform=adapt_costs(one)): 195
[t=845.534s, 159036 KB] g=113, 913920 evaluated, 1115 expanded
Peak memory: 159036 KB
caught signal 24 -- exiting
Time limit has been reached.
Remove intermediate file output.sas
search exit code: 23

Driver aborting after search
INFO     Planner time: 898.35s
