INFO     planner time limit: 900s
INFO     planner memory limit: 3584 MB

INFO     Running translator.
INFO     translator stdin: None
INFO     translator time limit: 899s
INFO     translator memory limit: 3584 MB
INFO     translator command line string: /usr/local/downward-projects/downward/experiments/.venv/bin/python3 /usr/local/downward-projects/downward/experiments/src/thesis/data/thesis-thesis_exp/code-492c46a6b9a8d722366a407090da84235e2f79dc_e5e41175/builds/release/bin/translate/translate.py domain.pddl problem.pddl --sas-file output.sas
Parsing...
Parsing: [0.000s CPU, 0.002s wall-clock]
Normalizing task... [0.000s CPU, 0.000s wall-clock]
Instantiating...
Generating Datalog program... [0.000s CPU, 0.001s wall-clock]
Normalizing Datalog program...
Normalizing Datalog program: [0.000s CPU, 0.001s wall-clock]
Preparing model... [0.000s CPU, 0.002s wall-clock]
Generated 21 rules.
Computing model... [0.310s CPU, 0.310s wall-clock]
31928 relevant atoms
21318 auxiliary atoms
53246 final queue length
95076 total queue pushes
Completing instantiation... [0.870s CPU, 0.876s wall-clock]
Instantiating: [1.200s CPU, 1.200s wall-clock]
Computing fact groups...
Finding invariants...
10 initial candidates
Finding invariants: [0.000s CPU, 0.002s wall-clock]
Checking invariant weight... [0.000s CPU, 0.001s wall-clock]
Instantiating groups... [0.030s CPU, 0.032s wall-clock]
Collecting mutex groups... [0.010s CPU, 0.010s wall-clock]
Choosing groups...
103 uncovered facts
Choosing groups: [0.040s CPU, 0.043s wall-clock]
Building translation key... [0.000s CPU, 0.008s wall-clock]
Computing fact groups: [0.150s CPU, 0.157s wall-clock]
Building STRIPS to SAS dictionary... [0.120s CPU, 0.121s wall-clock]
Building dictionary for full mutex groups... [0.020s CPU, 0.018s wall-clock]
Building mutex information...
Building mutex information: [0.020s CPU, 0.015s wall-clock]
Translating task...
Processing axioms...
Simplifying axioms... [0.010s CPU, 0.000s wall-clock]
Translator axioms removed by simplifying: 0
Computing negative axioms... [0.000s CPU, 0.000s wall-clock]
Processing axioms: [0.030s CPU, 0.028s wall-clock]
Translating task: [0.910s CPU, 0.917s wall-clock]
31110 effect conditions simplified
0 implied preconditions added
Detecting unreachable propositions...
0 operators removed
0 axioms removed
204 propositions removed
Detecting unreachable propositions: [0.940s CPU, 0.943s wall-clock]
Reordering and filtering variables...
205 of 205 variables necessary.
103 of 205 mutex groups necessary.
20808 of 20808 operators necessary.
0 of 0 axiom rules necessary.
Reordering and filtering variables: [0.210s CPU, 0.200s wall-clock]
Translator variables: 205
Translator derived variables: 0
Translator facts: 10712
Translator goal facts: 96
Translator mutex groups: 103
Translator total mutex groups size: 10609
Translator operators: 20808
Translator axioms: 0
Translator task size: 177376
Translator peak memory: 142960 KB
Writing output... [0.130s CPU, 0.133s wall-clock]
Done! [3.740s CPU, 3.754s wall-clock]
translate exit code: 0

INFO     Running search (release).
INFO     search stdin: output.sas
INFO     search time limit: 896s
INFO     search memory limit: 3584 MB
INFO     search command line string: /usr/local/downward-projects/downward/experiments/src/thesis/data/thesis-thesis_exp/code-492c46a6b9a8d722366a407090da84235e2f79dc_e5e41175/builds/release/bin/downward --evaluator 'h=ff(transform=adapt_costs(one))' --search 'eager(alt([single(h), softmin_type_based([h, g()], ignore_size=true)]), cost_type=one)' --internal-plan-file sas_plan < output.sas
[t=0s, 11200 KB] reading input...
[t=0.163929s, 68984 KB] done reading input!
[t=0.179866s, 74080 KB] Simplifying 83028 unary operators... done! [62424 unary operators]
[t=0.283712s, 81496 KB] time to simplify: 0.103847s
[t=0.284884s, 81496 KB] Initializing additive heuristic...
[t=0.286852s, 81496 KB] Initializing FF heuristic...
[t=0.286881s, 81496 KB] Building successor generator...done!
[t=0.293041s, 81496 KB] peak memory difference for successor generator creation: 0 KB
[t=0.293122s, 81496 KB] time for successor generation creation: 0.00456872s
[t=0.293147s, 81496 KB] Variables: 205
[t=0.293592s, 81496 KB] FactPairs: 10712
[t=0.293616s, 81496 KB] Bytes per state: 104
[t=0.293641s, 81496 KB] Conducting best first search without reopening closed nodes, (real) bound = 2147483647
[t=0.293714s, 81496 KB] New best heuristic value for ff(transform=adapt_costs(one)): 197
[t=0.295416s, 81496 KB] g=0, 1 evaluated, 0 expanded
[t=0.295461s, 81496 KB] Initial heuristic value for ff(transform=adapt_costs(one)): 197
[t=0.295508s, 81496 KB] pruning method: none
[t=0.295531s, 81496 KB] Start Timestep: 1685485109586 millisecond(s).
[t=0.303382s, 81496 KB] New best heuristic value for ff(transform=adapt_costs(one)): 196
[t=0.305123s, 81496 KB] g=2, 12 evaluated, 2 expanded
[t=0.339291s, 81496 KB] New best heuristic value for ff(transform=adapt_costs(one)): 195
[t=0.342772s, 81496 KB] g=4, 56 evaluated, 6 expanded
[t=0.73113s, 81496 KB] New best heuristic value for ff(transform=adapt_costs(one)): 194
[t=0.731673s, 81496 KB] g=8, 514 evaluated, 50 expanded
[t=0.835052s, 81496 KB] New best heuristic value for ff(transform=adapt_costs(one)): 193
[t=0.838549s, 81496 KB] g=10, 639 evaluated, 60 expanded
[t=1.33079s, 81496 KB] New best heuristic value for ff(transform=adapt_costs(one)): 192
[t=1.3326s, 81496 KB] g=18, 1221 evaluated, 111 expanded
[t=2.23845s, 81496 KB] New best heuristic value for ff(transform=adapt_costs(one)): 191
[t=2.2394s, 81496 KB] g=22, 2290 evaluated, 206 expanded
[t=6.5655s, 81496 KB] New best heuristic value for ff(transform=adapt_costs(one)): 189
[t=6.56738s, 81496 KB] g=28, 7385 evaluated, 665 expanded
[t=7.74506s, 81496 KB] New best heuristic value for ff(transform=adapt_costs(one)): 188
[t=7.74713s, 81496 KB] g=40, 8776 evaluated, 788 expanded
[t=19.2976s, 81496 KB] New best heuristic value for ff(transform=adapt_costs(one)): 187
[t=19.2984s, 81496 KB] g=56, 22408 evaluated, 2041 expanded
[t=19.4455s, 81496 KB] New best heuristic value for ff(transform=adapt_costs(one)): 186
[t=19.4487s, 81496 KB] g=58, 22585 evaluated, 2055 expanded
[t=27.7795s, 81496 KB] New best heuristic value for ff(transform=adapt_costs(one)): 185
[t=27.7797s, 81496 KB] g=64, 32438 evaluated, 2890 expanded
[t=28.0874s, 81496 KB] New best heuristic value for ff(transform=adapt_costs(one)): 184
[t=28.0894s, 81496 KB] g=70, 32804 evaluated, 2920 expanded
[t=105.599s, 93596 KB] New best heuristic value for ff(transform=adapt_costs(one)): 183
[t=105.599s, 93596 KB] g=154, 122262 evaluated, 11124 expanded
[t=105.678s, 93596 KB] New best heuristic value for ff(transform=adapt_costs(one)): 182
[t=105.682s, 93596 KB] g=156, 122359 evaluated, 11131 expanded
[t=105.722s, 93596 KB] New best heuristic value for ff(transform=adapt_costs(one)): 181
[t=105.725s, 93596 KB] g=158, 122409 evaluated, 11135 expanded
[t=105.778s, 93732 KB] New best heuristic value for ff(transform=adapt_costs(one)): 180
[t=105.781s, 93732 KB] g=160, 122473 evaluated, 11139 expanded
[t=107.626s, 94000 KB] New best heuristic value for ff(transform=adapt_costs(one)): 179
[t=107.63s, 94000 KB] g=168, 124633 evaluated, 11292 expanded
[t=108.658s, 94132 KB] New best heuristic value for ff(transform=adapt_costs(one)): 178
[t=108.659s, 94132 KB] g=178, 125838 evaluated, 11377 expanded
[t=109.933s, 94264 KB] New best heuristic value for ff(transform=adapt_costs(one)): 177
[t=109.937s, 94264 KB] g=184, 127331 evaluated, 11487 expanded
[t=211.858s, 112220 KB] New best heuristic value for ff(transform=adapt_costs(one)): 176
[t=211.862s, 112220 KB] g=264, 248020 evaluated, 21531 expanded
[t=239.971s, 116516 KB] New best heuristic value for ff(transform=adapt_costs(one)): 175
[t=239.973s, 116516 KB] g=304, 280473 evaluated, 24492 expanded
Peak memory: 230084 KB
caught signal 24 -- exiting
Time limit has been reached.
Remove intermediate file output.sas
search exit code: 23

Driver aborting after search
INFO     Planner time: 899.66s
