INFO     planner time limit: 900s
INFO     planner memory limit: 3584 MB

INFO     Running translator.
INFO     translator stdin: None
INFO     translator time limit: 899s
INFO     translator memory limit: 3584 MB
INFO     translator command line string: /usr/local/downward-projects/downward/experiments/.venv/bin/python3 /usr/local/downward-projects/downward/experiments/src/thesis/data/thesis-thesis_exp/code-f7a4f68fd467cf7cff4d3dfcfdfcfa2023e44324_e5e41175/builds/release/bin/translate/translate.py domain.pddl problem.pddl --sas-file output.sas
Parsing...
Parsing: [0.010s CPU, 0.002s wall-clock]
Normalizing task... [0.000s CPU, 0.000s wall-clock]
Instantiating...
Generating Datalog program... [0.000s CPU, 0.001s wall-clock]
Normalizing Datalog program...
Normalizing Datalog program: [0.000s CPU, 0.001s wall-clock]
Preparing model... [0.000s CPU, 0.001s wall-clock]
Generated 21 rules.
Computing model... [0.260s CPU, 0.266s wall-clock]
28908 relevant atoms
19303 auxiliary atoms
48211 final queue length
86049 total queue pushes
Completing instantiation... [0.860s CPU, 0.868s wall-clock]
Instantiating: [1.130s CPU, 1.149s wall-clock]
Computing fact groups...
Finding invariants...
10 initial candidates
Finding invariants: [0.000s CPU, 0.003s wall-clock]
Checking invariant weight... [0.010s CPU, 0.001s wall-clock]
Instantiating groups... [0.020s CPU, 0.029s wall-clock]
Collecting mutex groups... [0.010s CPU, 0.009s wall-clock]
Choosing groups...
98 uncovered facts
Choosing groups: [0.040s CPU, 0.041s wall-clock]
Building translation key... [0.010s CPU, 0.007s wall-clock]
Computing fact groups: [0.140s CPU, 0.142s wall-clock]
Building STRIPS to SAS dictionary... [0.000s CPU, 0.005s wall-clock]
Building dictionary for full mutex groups... [0.020s CPU, 0.016s wall-clock]
Building mutex information...
Building mutex information: [0.010s CPU, 0.013s wall-clock]
Translating task...
Processing axioms...
Simplifying axioms... [0.000s CPU, 0.000s wall-clock]
Translator axioms removed by simplifying: 0
Computing negative axioms... [0.000s CPU, 0.000s wall-clock]
Processing axioms: [0.030s CPU, 0.026s wall-clock]
Translating task: [1.010s CPU, 1.011s wall-clock]
28130 effect conditions simplified
0 implied preconditions added
Detecting unreachable propositions...
0 operators removed
0 axioms removed
194 propositions removed
Detecting unreachable propositions: [0.600s CPU, 0.610s wall-clock]
Reordering and filtering variables...
195 of 195 variables necessary.
98 of 195 mutex groups necessary.
18818 of 18818 operators necessary.
0 of 0 axiom rules necessary.
Reordering and filtering variables: [0.180s CPU, 0.183s wall-clock]
Translator variables: 195
Translator derived variables: 0
Translator facts: 9702
Translator goal facts: 88
Translator mutex groups: 98
Translator total mutex groups size: 9604
Translator operators: 18818
Translator axioms: 0
Translator task size: 160433
Translator peak memory: 132656 KB
Writing output... [0.120s CPU, 0.126s wall-clock]
Done! [3.270s CPU, 3.301s wall-clock]
translate exit code: 0

INFO     Running search (release).
INFO     search stdin: output.sas
INFO     search time limit: 896s
INFO     search memory limit: 3584 MB
INFO     search command line string: /usr/local/downward-projects/downward/experiments/src/thesis/data/thesis-thesis_exp/code-f7a4f68fd467cf7cff4d3dfcfdfcfa2023e44324_e5e41175/builds/release/bin/downward --evaluator 'h=ff()' --search 'eager(alt([type_based([h, g()], random_seed=-1), single(h)]))' --internal-plan-file sas_plan < output.sas
[t=0.00110686s, 11000 KB] reading input...
[t=0.142868s, 60944 KB] done reading input!
[t=0.153528s, 64728 KB] Simplifying 75078 unary operators... done! [56454 unary operators]
[t=0.249753s, 71688 KB] time to simplify: 0.104614s
[t=0.26019s, 71688 KB] Initializing additive heuristic...
[t=0.26045s, 71688 KB] Initializing FF heuristic...
[t=0.260481s, 71688 KB] Building successor generator...done!
[t=0.266373s, 71688 KB] peak memory difference for successor generator creation: 0 KB
[t=0.26641s, 71688 KB] time for successor generation creation: 0.00478555s
[t=0.266436s, 71688 KB] Variables: 195
[t=0.266871s, 71688 KB] FactPairs: 9702
[t=0.266895s, 71688 KB] Bytes per state: 100
[t=0.266919s, 71688 KB] Conducting best first search without reopening closed nodes, (real) bound = 2147483647
[t=0.268388s, 71688 KB] New best heuristic value for ff(): 184
[t=0.268732s, 71688 KB] g=0, 1 evaluated, 0 expanded
[t=0.268761s, 71688 KB] Initial heuristic value for ff(): 184
[t=0.268791s, 71688 KB] pruning method: none
[t=0.268815s, 71688 KB] Start Timestep: 1684317961796 millisecond(s).
[t=0.917512s, 71688 KB] New best heuristic value for ff(): 183
[t=0.918472s, 71688 KB] g=12, 813 evaluated, 111 expanded
[t=0.936385s, 71688 KB] New best heuristic value for ff(): 182
[t=0.937003s, 71688 KB] g=14, 836 evaluated, 114 expanded
[t=2.92888s, 71688 KB] New best heuristic value for ff(): 181
[t=2.92907s, 71688 KB] g=22, 3319 evaluated, 399 expanded
[t=3.04191s, 71688 KB] New best heuristic value for ff(): 180
[t=3.04259s, 71688 KB] g=24, 3461 evaluated, 414 expanded
[t=3.16764s, 71688 KB] New best heuristic value for ff(): 179
[t=3.1679s, 71688 KB] g=26, 3618 evaluated, 430 expanded
[t=4.90839s, 71688 KB] New best heuristic value for ff(): 178
[t=4.90919s, 71688 KB] g=28, 5778 evaluated, 662 expanded
[t=5.02848s, 71688 KB] New best heuristic value for ff(): 177
[t=5.02956s, 71688 KB] g=30, 5928 evaluated, 677 expanded
[t=9.84682s, 71688 KB] New best heuristic value for ff(): 175
[t=9.8472s, 71688 KB] g=34, 11945 evaluated, 1327 expanded
[t=9.94029s, 71688 KB] New best heuristic value for ff(): 174
[t=9.94089s, 71688 KB] g=36, 12062 evaluated, 1339 expanded
[t=33.1014s, 72152 KB] New best heuristic value for ff(): 173
[t=33.1017s, 72152 KB] g=48, 41043 evaluated, 4795 expanded
[t=33.1223s, 72152 KB] New best heuristic value for ff(): 172
[t=33.1229s, 72152 KB] g=50, 41069 evaluated, 4798 expanded
[t=35.7196s, 72560 KB] New best heuristic value for ff(): 171
[t=35.7201s, 72560 KB] g=54, 44327 evaluated, 5131 expanded
[t=39.789s, 73232 KB] New best heuristic value for ff(): 169
[t=39.7892s, 73232 KB] g=58, 49440 evaluated, 5677 expanded
[t=142.627s, 91364 KB] New best heuristic value for ff(): 168
[t=142.627s, 91364 KB] g=78, 178355 evaluated, 20669 expanded
[t=146.068s, 91768 KB] New best heuristic value for ff(): 166
[t=146.069s, 91768 KB] g=82, 182691 evaluated, 21093 expanded
[t=171.407s, 95804 KB] New best heuristic value for ff(): 165
[t=171.408s, 95804 KB] g=88, 214692 evaluated, 24460 expanded
[t=172.681s, 96072 KB] New best heuristic value for ff(): 164
[t=172.682s, 96072 KB] g=92, 216308 evaluated, 24618 expanded
[t=289.11s, 116932 KB] New best heuristic value for ff(): 163
[t=289.11s, 116932 KB] g=104, 363003 evaluated, 41019 expanded
[t=575.023s, 167376 KB] New best heuristic value for ff(): 162
[t=575.023s, 167376 KB] g=130, 727882 evaluated, 81752 expanded
[t=579.919s, 168184 KB] New best heuristic value for ff(): 161
[t=579.919s, 168184 KB] g=134, 734056 evaluated, 82388 expanded
[t=790.102s, 210272 KB] New best heuristic value for ff(): 159
[t=790.102s, 210272 KB] g=128, 999930 evaluated, 113987 expanded
Peak memory: 226424 KB
caught signal 24 -- exiting
Time limit has been reached.
Remove intermediate file output.sas
search exit code: 23

Driver aborting after search
INFO     Planner time: 892.86s
