INFO     planner time limit: 300s
INFO     planner memory limit: 3584 MB

INFO     Running translator.
INFO     translator stdin: None
INFO     translator time limit: 299s
INFO     translator memory limit: 3584 MB
INFO     translator command line string: /usr/local/downward-projects/downward/experiments/.venv/bin/python3 /usr/local/downward-projects/downward/experiments/src/thesis/data/thesis-thesis_exp/code-d93485cdd92f65ede2ae3573b3f4adda0b49e4fd_e5e41175/builds/release/bin/translate/translate.py domain.pddl problem.pddl --sas-file output.sas
Parsing...
Parsing: [0.010s CPU, 0.002s wall-clock]
Normalizing task... [0.000s CPU, 0.000s wall-clock]
Instantiating...
Generating Datalog program... [0.000s CPU, 0.000s wall-clock]
Normalizing Datalog program...
Normalizing Datalog program: [0.000s CPU, 0.002s wall-clock]
Preparing model... [0.000s CPU, 0.001s wall-clock]
Generated 51 rules.
Computing model... [0.080s CPU, 0.083s wall-clock]
10669 relevant atoms
4104 auxiliary atoms
14773 final queue length
40549 total queue pushes
Completing instantiation... [0.310s CPU, 0.314s wall-clock]
Instantiating: [0.390s CPU, 0.403s wall-clock]
Computing fact groups...
Finding invariants...
5 initial candidates
Finding invariants: [0.010s CPU, 0.013s wall-clock]
Checking invariant weight... [0.000s CPU, 0.000s wall-clock]
Instantiating groups... [0.000s CPU, 0.001s wall-clock]
Collecting mutex groups... [0.000s CPU, 0.000s wall-clock]
Choosing groups...
12 uncovered facts
Choosing groups: [0.000s CPU, 0.000s wall-clock]
Building translation key... [0.010s CPU, 0.000s wall-clock]
Computing fact groups: [0.020s CPU, 0.015s wall-clock]
Building STRIPS to SAS dictionary... [0.000s CPU, 0.000s wall-clock]
Building dictionary for full mutex groups... [0.000s CPU, 0.000s wall-clock]
Building mutex information...
Building mutex information: [0.000s CPU, 0.000s wall-clock]
Translating task...
Processing axioms...
Simplifying axioms... [0.000s CPU, 0.000s wall-clock]
Translator axioms removed by simplifying: 0
Computing negative axioms... [0.000s CPU, 0.000s wall-clock]
Processing axioms: [0.010s CPU, 0.012s wall-clock]
Translating task: [0.260s CPU, 0.262s wall-clock]
0 effect conditions simplified
0 implied preconditions added
Detecting unreachable propositions...
0 operators removed
0 axioms removed
12 propositions removed
Detecting unreachable propositions: [0.180s CPU, 0.179s wall-clock]
Reordering and filtering variables...
24 of 24 variables necessary.
12 of 24 mutex groups necessary.
9504 of 9504 operators necessary.
0 of 0 axiom rules necessary.
Reordering and filtering variables: [0.030s CPU, 0.034s wall-clock]
Translator variables: 24
Translator derived variables: 0
Translator facts: 168
Translator goal facts: 24
Translator mutex groups: 12
Translator total mutex groups size: 144
Translator operators: 9504
Translator axioms: 0
Translator task size: 52632
Translator peak memory: 70672 KB
Writing output... [0.040s CPU, 0.042s wall-clock]
Done! [0.950s CPU, 0.954s wall-clock]
translate exit code: 0

INFO     Running search (release).
INFO     search stdin: output.sas
INFO     search time limit: 298s
INFO     search memory limit: 3584 MB
INFO     search command line string: /usr/local/downward-projects/downward/experiments/src/thesis/data/thesis-thesis_exp/code-d93485cdd92f65ede2ae3573b3f4adda0b49e4fd_e5e41175/builds/release/bin/downward --evaluator 'h=ff()' --search 'eager( alt( [lwm_intra_explore_type(h), single(h)] ) )' --internal-plan-file sas_plan < output.sas
[t=0.00222112s, 11364 KB] reading input...
[t=0.030194s, 14228 KB] done reading input!
[t=0.0341703s, 15664 KB] Simplifying 23760 unary operators... done! [14256 unary operators]
[t=0.0433288s, 16780 KB] time to simplify: 0.00915846s
[t=0.044027s, 16780 KB] Initializing additive heuristic...
[t=0.0442311s, 16780 KB] Initializing FF heuristic...
[t=0.0442576s, 16780 KB] Building successor generator...done!
[t=0.0461438s, 16780 KB] peak memory difference for successor generator creation: 0 KB
[t=0.0462009s, 16780 KB] time for successor generation creation: 0.00169234s
[t=0.046225s, 16780 KB] Variables: 24
[t=0.0462503s, 16780 KB] FactPairs: 168
[t=0.0462717s, 16780 KB] Bytes per state: 8
[t=0.0462939s, 16780 KB] Conducting best first search without reopening closed nodes, (real) bound = 2147483647
[t=0.0463468s, 16780 KB] New best heuristic value for ff(): 42
[t=0.0465142s, 16780 KB] g=0, 1 evaluated, 0 expanded
[t=0.0465391s, 16780 KB] Initial heuristic value for ff(): 42
[t=0.046571s, 16780 KB] pruning method: none
[t=0.0465937s, 16780 KB] Start Timestep: 1687942276297 millisecond(s).
[t=0.0466474s, 16780 KB] New best heuristic value for ff(): 39
[t=0.046811s, 16780 KB] g=3, 2 evaluated, 1 expanded
[t=0.053836s, 16780 KB] New best heuristic value for ff(): 38
[t=0.0560323s, 16780 KB] g=6, 74 evaluated, 2 expanded
[t=0.0560612s, 16780 KB] New best heuristic value for ff(): 35
[t=0.0573433s, 16780 KB] g=6, 84 evaluated, 2 expanded
[t=0.0737786s, 16780 KB] New best heuristic value for ff(): 33
[t=0.0753771s, 16780 KB] g=9, 222 evaluated, 4 expanded
[t=0.0754048s, 16780 KB] New best heuristic value for ff(): 32
[t=0.0756995s, 16780 KB] g=9, 224 evaluated, 4 expanded
[t=0.0936963s, 16780 KB] New best heuristic value for ff(): 28
[t=0.0941956s, 16780 KB] g=12, 367 evaluated, 6 expanded
[t=0.109662s, 16780 KB] New best heuristic value for ff(): 26
[t=0.112143s, 16780 KB] g=15, 503 evaluated, 8 expanded
[t=0.112172s, 16780 KB] New best heuristic value for ff(): 25
[t=0.112733s, 16780 KB] g=15, 507 evaluated, 8 expanded
[t=0.129604s, 16780 KB] New best heuristic value for ff(): 21
[t=0.130355s, 16780 KB] g=18, 640 evaluated, 10 expanded
[t=0.14555s, 16780 KB] New best heuristic value for ff(): 19
[t=0.146002s, 16780 KB] g=21, 758 evaluated, 12 expanded
[t=0.146032s, 16780 KB] New best heuristic value for ff(): 18
[t=0.146854s, 16780 KB] g=21, 764 evaluated, 12 expanded
[t=0.157492s, 16780 KB] New best heuristic value for ff(): 14
[t=0.161097s, 16780 KB] g=24, 874 evaluated, 14 expanded
[t=0.177462s, 16780 KB] New best heuristic value for ff(): 12
[t=0.177748s, 16780 KB] g=27, 1000 evaluated, 16 expanded
[t=0.177775s, 16780 KB] New best heuristic value for ff(): 11
[t=0.178844s, 16780 KB] g=27, 1008 evaluated, 16 expanded
[t=0.18939s, 16780 KB] New best heuristic value for ff(): 7
[t=0.192204s, 16780 KB] g=30, 1109 evaluated, 18 expanded
[t=0.205361s, 16780 KB] New best heuristic value for ff(): 5
[t=0.207693s, 16780 KB] g=33, 1227 evaluated, 20 expanded
[t=0.207722s, 16780 KB] New best heuristic value for ff(): 4
[t=0.208967s, 16780 KB] g=33, 1237 evaluated, 20 expanded
[t=0.217309s, 16780 KB] New best heuristic value for ff(): 0
[t=0.219879s, 16780 KB] g=36, 1321 evaluated, 22 expanded
[t=0.225281s, 16780 KB] Solution found!
[t=0.228071s, 16780 KB] Actual search time: 0.181435s
analyze-2 seg-in-1 seg-out-1 car-in-1 car-out-1 (3)
analyze-2 seg-in-1 seg-out-1 car-out-1 car-in-1 (3)
analyze-2 seg-in-2 seg-out-2 car-in-2 car-out-2 (3)
analyze-2 seg-in-2 seg-out-2 car-out-2 car-in-2 (3)
analyze-2 seg-in-3 seg-out-3 car-in-3 car-out-3 (3)
analyze-2 seg-in-3 seg-out-3 car-out-3 car-in-3 (3)
analyze-2 seg-in-4 seg-out-4 car-in-4 car-out-4 (3)
analyze-2 seg-in-4 seg-out-4 car-out-4 car-in-4 (3)
analyze-2 seg-in-5 seg-out-5 car-in-5 car-out-5 (3)
analyze-2 seg-in-5 seg-out-5 car-out-5 car-in-5 (3)
analyze-2 seg-in-6 seg-out-6 car-in-6 car-out-6 (3)
analyze-2 seg-in-6 seg-out-6 car-out-6 car-in-6 (3)
[t=0.228103s, 16780 KB] Plan length: 12 step(s).
[t=0.228103s, 16780 KB] Plan cost: 36
[t=0.228103s, 16780 KB] Timestamp: 1687942276479 millisecond(s).
[t=0.228103s, 16780 KB] Expanded 24 state(s).
[t=0.228103s, 16780 KB] Reopened 0 state(s).
[t=0.228103s, 16780 KB] Evaluated 1383 state(s).
[t=0.228103s, 16780 KB] Evaluations: 1383
[t=0.228103s, 16780 KB] Generated 1656 state(s).
[t=0.228103s, 16780 KB] Dead ends: 0 state(s).
[t=0.228103s, 16780 KB] Number of registered states: 1383
[t=0.228103s, 16780 KB] Int hash set load factor: 1383/2048 = 0.675293
[t=0.228103s, 16780 KB] Int hash set resizes: 11
[t=0.228103s, 16780 KB] Search time: 0.181809s
[t=0.228103s, 16780 KB] Total time: 0.228103s
Solution found.
Peak memory: 16780 KB
Remove intermediate file output.sas
search exit code: 0

INFO     Running validate.
INFO     validate stdin: None
INFO     validate time limit: None
INFO     validate memory limit: None
INFO     validate command line string: validate domain.pddl problem.pddl sas_plan
Checking plan: sas_plan
Plan executed successfully - checking goal
Plan valid
Final value: 36 

Successful plans:
Value: 36
 sas_plan 36 

validate exit code: 0

INFO     Planner time: 1.28s
