INFO     planner time limit: 900s
INFO     planner memory limit: 3584 MB

INFO     Running translator.
INFO     translator stdin: None
INFO     translator time limit: 899s
INFO     translator memory limit: 3584 MB
INFO     translator command line string: /usr/local/downward-projects/downward/experiments/.venv/bin/python3 /usr/local/downward-projects/downward/experiments/src/thesis/data/thesis-thesis_exp/code-f7a4f68fd467cf7cff4d3dfcfdfcfa2023e44324_e5e41175/builds/release/bin/translate/translate.py domain.pddl problem.pddl --sas-file output.sas
Parsing...
Parsing: [0.000s CPU, 0.002s wall-clock]
Normalizing task... [0.000s CPU, 0.000s wall-clock]
Instantiating...
Generating Datalog program... [0.000s CPU, 0.000s wall-clock]
Normalizing Datalog program...
Normalizing Datalog program: [0.010s CPU, 0.003s wall-clock]
Preparing model... [0.000s CPU, 0.001s wall-clock]
Generated 74 rules.
Computing model... [0.150s CPU, 0.146s wall-clock]
17675 relevant atoms
2687 auxiliary atoms
20362 final queue length
75243 total queue pushes
Completing instantiation... [0.620s CPU, 0.627s wall-clock]
Instantiating: [0.780s CPU, 0.784s wall-clock]
Computing fact groups...
Finding invariants...
16 initial candidates
Finding invariants: [0.010s CPU, 0.011s wall-clock]
Checking invariant weight... [0.000s CPU, 0.000s wall-clock]
Instantiating groups... [0.000s CPU, 0.000s wall-clock]
Collecting mutex groups... [0.000s CPU, 0.000s wall-clock]
Choosing groups...
0 uncovered facts
Choosing groups: [0.000s CPU, 0.000s wall-clock]
Building translation key... [0.000s CPU, 0.000s wall-clock]
Computing fact groups: [0.010s CPU, 0.013s wall-clock]
Building STRIPS to SAS dictionary... [0.000s CPU, 0.000s wall-clock]
Building dictionary for full mutex groups... [0.000s CPU, 0.000s wall-clock]
Building mutex information...
Building mutex information: [0.000s CPU, 0.000s wall-clock]
Translating task...
Processing axioms...
Simplifying axioms... [0.000s CPU, 0.000s wall-clock]
Translator axioms removed by simplifying: 0
Computing negative axioms... [0.000s CPU, 0.000s wall-clock]
Processing axioms: [0.020s CPU, 0.021s wall-clock]
Translating task: [0.410s CPU, 0.409s wall-clock]
0 effect conditions simplified
0 implied preconditions added
Detecting unreachable propositions...
0 operators removed
0 axioms removed
10 propositions removed
Detecting unreachable propositions: [0.260s CPU, 0.267s wall-clock]
Reordering and filtering variables...
10 of 10 variables necessary.
0 of 11 mutex groups necessary.
10964 of 10964 operators necessary.
0 of 0 axiom rules necessary.
Reordering and filtering variables: [0.050s CPU, 0.055s wall-clock]
Translator variables: 10
Translator derived variables: 0
Translator facts: 155
Translator goal facts: 1
Translator mutex groups: 0
Translator total mutex groups size: 0
Translator operators: 10964
Translator axioms: 0
Translator task size: 82250
Translator peak memory: 87240 KB
Writing output... [0.050s CPU, 0.058s wall-clock]
Done! [1.600s CPU, 1.615s wall-clock]
translate exit code: 0

INFO     Running search (release).
INFO     search stdin: output.sas
INFO     search time limit: 898s
INFO     search memory limit: 3584 MB
INFO     search command line string: /usr/local/downward-projects/downward/experiments/src/thesis/data/thesis-thesis_exp/code-f7a4f68fd467cf7cff4d3dfcfdfcfa2023e44324_e5e41175/builds/release/bin/downward --evaluator 'h=ff()' --search 'eager(alt([lwm_based_type(h), single(h)]))' --internal-plan-file sas_plan < output.sas
[t=0.00105162s, 11000 KB] reading input...
[t=0.038837s, 14528 KB] done reading input!
[t=0.0442085s, 16584 KB] Simplifying 32756 unary operators... done! [8276 unary operators]
[t=0.0670551s, 18568 KB] time to simplify: 0.0238996s
[t=0.0684594s, 18568 KB] Initializing additive heuristic...
[t=0.0686557s, 18568 KB] Initializing FF heuristic...
[t=0.0686842s, 18568 KB] Building successor generator...done!
[t=0.0708783s, 18568 KB] peak memory difference for successor generator creation: 0 KB
[t=0.0709457s, 18568 KB] time for successor generation creation: 0.0013666s
[t=0.0709715s, 18568 KB] Variables: 10
[t=0.0711717s, 18568 KB] FactPairs: 155
[t=0.0712013s, 18568 KB] Bytes per state: 8
[t=0.0712287s, 18568 KB] Conducting best first search without reopening closed nodes, (real) bound = 2147483647
[t=0.0712919s, 18568 KB] New best heuristic value for ff(): 63
[t=0.0714395s, 18568 KB] g=0, 1 evaluated, 0 expanded
[t=0.0714656s, 18568 KB] Initial heuristic value for ff(): 63
[t=0.0714971s, 18568 KB] pruning method: none
[t=0.071521s, 18568 KB] Start Timestep: 1684366537615 millisecond(s).
[t=0.071603s, 18568 KB] New best heuristic value for ff(): 62
[t=0.0717071s, 18568 KB] g=1, 2 evaluated, 1 expanded
[t=62.3435s, 170228 KB] New best heuristic value for ff(): 59
[t=62.3436s, 170228 KB] g=5, 942967 evaluated, 84694 expanded
[t=62.356s, 170228 KB] New best heuristic value for ff(): 58
[t=62.3566s, 170228 KB] g=7, 943167 evaluated, 84696 expanded
[t=62.3771s, 170228 KB] New best heuristic value for ff(): 57
[t=62.3773s, 170228 KB] g=8, 943485 evaluated, 84710 expanded
[t=338.723s, 958056 KB] New best heuristic value for ff(): 55
[t=338.725s, 958056 KB] g=15, 5100462 evaluated, 555572 expanded
[t=338.731s, 958056 KB] New best heuristic value for ff(): 54
[t=338.732s, 958056 KB] g=17, 5100571 evaluated, 555576 expanded
[t=338.751s, 958056 KB] New best heuristic value for ff(): 53
[t=338.753s, 958056 KB] g=18, 5100886 evaluated, 555590 expanded
[t=552.94s, 1319592 KB] New best heuristic value for ff(): 51
[t=552.942s, 1319592 KB] g=25, 8335935 evaluated, 991735 expanded
[t=552.952s, 1319592 KB] New best heuristic value for ff(): 50
[t=552.954s, 1319592 KB] g=27, 8336130 evaluated, 991739 expanded
[t=552.972s, 1319724 KB] New best heuristic value for ff(): 49
[t=552.975s, 1319724 KB] g=28, 8336449 evaluated, 991753 expanded
[t=719.181s, 1903628 KB] New best heuristic value for ff(): 47
[t=719.181s, 1903628 KB] g=44, 10848724 evaluated, 1335497 expanded
[t=719.187s, 1903628 KB] New best heuristic value for ff(): 46
[t=719.187s, 1903628 KB] g=46, 10848808 evaluated, 1335501 expanded
[t=719.207s, 1903628 KB] New best heuristic value for ff(): 45
[t=719.207s, 1903628 KB] g=47, 10849124 evaluated, 1335515 expanded
[t=787.543s, 1927860 KB] New best heuristic value for ff(): 43
[t=787.543s, 1927860 KB] g=59, 11889099 evaluated, 1458170 expanded
[t=787.552s, 1927860 KB] New best heuristic value for ff(): 42
[t=787.552s, 1927860 KB] g=61, 11889211 evaluated, 1458174 expanded
[t=787.567s, 1927860 KB] New best heuristic value for ff(): 41
[t=787.567s, 1927860 KB] g=62, 11889481 evaluated, 1458188 expanded
Peak memory: 2223016 KB
caught signal 24 -- exiting
Time limit has been reached.
Remove intermediate file output.sas
search exit code: 23

Driver aborting after search
INFO     Planner time: 896.57s
