INFO     planner time limit: 300s
INFO     planner memory limit: 3584 MB

INFO     Running translator.
INFO     translator stdin: None
INFO     translator time limit: 299s
INFO     translator memory limit: 3584 MB
INFO     translator command line string: /usr/local/downward-projects/downward/experiments/.venv/bin/python3 /usr/local/downward-projects/downward/experiments/src/thesis/data/thesis-thesis_exp/code-d93485cdd92f65ede2ae3573b3f4adda0b49e4fd_e5e41175/builds/release/bin/translate/translate.py domain.pddl problem.pddl --sas-file output.sas
Parsing...
Parsing: [0.000s CPU, 0.006s wall-clock]
Normalizing task... [0.000s CPU, 0.000s wall-clock]
Instantiating...
Generating Datalog program... [0.000s CPU, 0.002s wall-clock]
Normalizing Datalog program...
Normalizing Datalog program: [0.010s CPU, 0.002s wall-clock]
Preparing model... [0.000s CPU, 0.006s wall-clock]
Generated 46 rules.
Computing model... [0.380s CPU, 0.379s wall-clock]
47972 relevant atoms
19679 auxiliary atoms
67651 final queue length
151867 total queue pushes
Completing instantiation... [1.860s CPU, 1.865s wall-clock]
Instantiating: [2.270s CPU, 2.271s wall-clock]
Computing fact groups...
Finding invariants...
12 initial candidates
Finding invariants: [0.010s CPU, 0.017s wall-clock]
Checking invariant weight... [0.000s CPU, 0.001s wall-clock]
Instantiating groups... [0.010s CPU, 0.010s wall-clock]
Collecting mutex groups... [0.000s CPU, 0.001s wall-clock]
Choosing groups...
0 uncovered facts
Choosing groups: [0.000s CPU, 0.004s wall-clock]
Building translation key... [0.000s CPU, 0.002s wall-clock]
Computing fact groups: [0.040s CPU, 0.045s wall-clock]
Building STRIPS to SAS dictionary... [0.000s CPU, 0.001s wall-clock]
Building dictionary for full mutex groups... [0.000s CPU, 0.001s wall-clock]
Building mutex information...
Building mutex information: [0.000s CPU, 0.001s wall-clock]
Translating task...
Processing axioms...
Simplifying axioms... [0.000s CPU, 0.000s wall-clock]
Translator axioms removed by simplifying: 0
Computing negative axioms... [0.000s CPU, 0.000s wall-clock]
Processing axioms: [0.060s CPU, 0.057s wall-clock]
Translating task: [1.430s CPU, 1.433s wall-clock]
0 effect conditions simplified
0 implied preconditions added
Detecting unreachable propositions...
0 operators removed
0 axioms removed
71 propositions removed
Detecting unreachable propositions: [0.890s CPU, 0.888s wall-clock]
Reordering and filtering variables...
71 of 71 variables necessary.
0 of 71 mutex groups necessary.
43848 of 43848 operators necessary.
0 of 0 axiom rules necessary.
Reordering and filtering variables: [0.150s CPU, 0.148s wall-clock]
Translator variables: 71
Translator derived variables: 0
Translator facts: 2823
Translator goal facts: 55
Translator mutex groups: 0
Translator total mutex groups size: 0
Translator operators: 43848
Translator axioms: 0
Translator task size: 263853
Translator peak memory: 207892 KB
Writing output... [0.190s CPU, 0.192s wall-clock]
Done! [5.040s CPU, 5.057s wall-clock]
translate exit code: 0

INFO     Running search (release).
INFO     search stdin: output.sas
INFO     search time limit: 294s
INFO     search memory limit: 3584 MB
INFO     search command line string: /usr/local/downward-projects/downward/experiments/src/thesis/data/thesis-thesis_exp/code-d93485cdd92f65ede2ae3573b3f4adda0b49e4fd_e5e41175/builds/release/bin/downward --evaluator 'h=ff()' --search 'eager(epsilon_greedy(h, epsilon=0.2))' --internal-plan-file sas_plan < output.sas
[t=0s, 11364 KB] reading input...
[t=0.127782s, 23256 KB] done reading input!
[t=0.139733s, 28408 KB] Simplifying 86968 unary operators... done! [86968 unary operators]
[t=0.227556s, 36280 KB] time to simplify: 0.0878231s
[t=0.227735s, 36280 KB] Initializing additive heuristic...
[t=0.229584s, 36280 KB] Initializing FF heuristic...
[t=0.229612s, 36280 KB] Building successor generator...done!
[t=0.246485s, 38128 KB] peak memory difference for successor generator creation: 1848 KB
[t=0.246576s, 38128 KB] time for successor generation creation: 0.0137489s
[t=0.246602s, 38128 KB] Variables: 71
[t=0.246632s, 38128 KB] FactPairs: 2823
[t=0.246654s, 38128 KB] Bytes per state: 52
[t=0.246678s, 38128 KB] Conducting best first search without reopening closed nodes, (real) bound = 2147483647
[t=0.247365s, 38128 KB] New best heuristic value for ff(): 377
[t=0.248904s, 38128 KB] g=0, 1 evaluated, 0 expanded
[t=0.248932s, 38128 KB] Initial heuristic value for ff(): 377
[t=0.248958s, 38128 KB] pruning method: none
[t=0.248981s, 38128 KB] Start Timestep: 1687907570534 millisecond(s).
[t=0.251289s, 38128 KB] New best heuristic value for ff(): 374
[t=0.255166s, 38128 KB] g=8, 6 evaluated, 1 expanded
[t=0.255256s, 38128 KB] New best heuristic value for ff(): 373
[t=0.256455s, 38128 KB] g=7, 7 evaluated, 1 expanded
[t=0.267194s, 38128 KB] New best heuristic value for ff(): 361
[t=0.267503s, 38128 KB] g=13, 16 evaluated, 1 expanded
[t=0.267533s, 38128 KB] New best heuristic value for ff(): 356
[t=0.268767s, 38128 KB] g=12, 17 evaluated, 1 expanded
[t=0.268794s, 38128 KB] New best heuristic value for ff(): 353
[t=0.270036s, 38128 KB] g=11, 18 evaluated, 1 expanded
[t=0.2711s, 38128 KB] New best heuristic value for ff(): 352
[t=0.271319s, 38128 KB] g=10, 19 evaluated, 1 expanded
[t=0.351016s, 38128 KB] New best heuristic value for ff(): 349
[t=0.352447s, 38128 KB] g=18, 86 evaluated, 2 expanded
[t=0.352476s, 38128 KB] New best heuristic value for ff(): 348
[t=0.353717s, 38128 KB] g=17, 87 evaluated, 2 expanded
[t=0.362927s, 38128 KB] New best heuristic value for ff(): 342
[t=0.364578s, 38128 KB] g=24, 96 evaluated, 2 expanded
[t=0.36543s, 38128 KB] New best heuristic value for ff(): 336
[t=0.36587s, 38128 KB] g=23, 97 evaluated, 2 expanded
[t=0.366824s, 38128 KB] New best heuristic value for ff(): 332
[t=0.367133s, 38128 KB] g=22, 98 evaluated, 2 expanded
[t=0.36716s, 38128 KB] New best heuristic value for ff(): 330
[t=0.368366s, 38128 KB] g=21, 99 evaluated, 2 expanded
[t=0.434715s, 38128 KB] New best heuristic value for ff(): 327
[t=0.437579s, 38128 KB] g=29, 157 evaluated, 3 expanded
[t=0.43866s, 38128 KB] New best heuristic value for ff(): 326
[t=0.438842s, 38128 KB] g=28, 158 evaluated, 3 expanded
[t=0.466606s, 38128 KB] New best heuristic value for ff(): 310
[t=0.467073s, 38128 KB] g=31, 182 evaluated, 3 expanded
[t=0.518541s, 38128 KB] New best heuristic value for ff(): 307
[t=0.522051s, 38128 KB] g=39, 229 evaluated, 4 expanded
[t=0.522489s, 38128 KB] New best heuristic value for ff(): 306
[t=0.52333s, 38128 KB] g=38, 230 evaluated, 4 expanded
[t=28.3864s, 38128 KB] New best heuristic value for ff(): 305
[t=28.3871s, 38128 KB] g=45, 23854 evaluated, 409 expanded
[t=28.3871s, 38128 KB] New best heuristic value for ff(): 302
[t=28.3883s, 38128 KB] g=44, 23855 evaluated, 409 expanded
[t=28.3884s, 38128 KB] New best heuristic value for ff(): 300
[t=28.3896s, 38128 KB] g=44, 23856 evaluated, 409 expanded
Peak memory: 60428 KB
caught signal 24 -- exiting
Time limit has been reached.
Remove intermediate file output.sas
search exit code: 23

Driver aborting after search
INFO     Planner time: 298.55s
