INFO     planner time limit: 300s
INFO     planner memory limit: 3584 MB

INFO     Running translator.
INFO     translator stdin: None
INFO     translator time limit: 299s
INFO     translator memory limit: 3584 MB
INFO     translator command line string: /usr/local/downward-projects/downward/experiments/.venv/bin/python3 /usr/local/downward-projects/downward/experiments/src/thesis/data/thesis-thesis_exp/code-d93485cdd92f65ede2ae3573b3f4adda0b49e4fd_e5e41175/builds/release/bin/translate/translate.py domain.pddl problem.pddl --sas-file output.sas
Parsing...
Parsing: [0.000s CPU, 0.004s wall-clock]
Normalizing task... [0.000s CPU, 0.000s wall-clock]
Instantiating...
Generating Datalog program... [0.000s CPU, 0.001s wall-clock]
Normalizing Datalog program...
Duplicate arguments: Adding equality conditions.
Normalizing Datalog program: [0.010s CPU, 0.003s wall-clock]
Preparing model... [0.000s CPU, 0.002s wall-clock]
Generated 129 rules.
Computing model... [0.080s CPU, 0.075s wall-clock]
6489 relevant atoms
6462 auxiliary atoms
12951 final queue length
28100 total queue pushes
Completing instantiation... [0.200s CPU, 0.200s wall-clock]
Instantiating: [0.300s CPU, 0.283s wall-clock]
Computing fact groups...
Finding invariants...
36 initial candidates
Finding invariants: [0.150s CPU, 0.152s wall-clock]
Checking invariant weight... [0.000s CPU, 0.001s wall-clock]
Instantiating groups... [0.000s CPU, 0.002s wall-clock]
Collecting mutex groups... [0.000s CPU, 0.001s wall-clock]
Choosing groups...
0 uncovered facts
Choosing groups: [0.010s CPU, 0.002s wall-clock]
Building translation key... [0.000s CPU, 0.001s wall-clock]
Computing fact groups: [0.160s CPU, 0.163s wall-clock]
Building STRIPS to SAS dictionary... [0.000s CPU, 0.001s wall-clock]
Building dictionary for full mutex groups... [0.000s CPU, 0.001s wall-clock]
Building mutex information...
Building mutex information: [0.000s CPU, 0.001s wall-clock]
Translating task...
Processing axioms...
Simplifying axioms... [0.000s CPU, 0.000s wall-clock]
Translator axioms removed by simplifying: 0
Computing negative axioms... [0.000s CPU, 0.000s wall-clock]
Processing axioms: [0.010s CPU, 0.008s wall-clock]
Translating task: [0.210s CPU, 0.214s wall-clock]
0 effect conditions simplified
0 implied preconditions added
Detecting unreachable propositions...
0 operators removed
0 axioms removed
37 propositions removed
Detecting unreachable propositions: [0.160s CPU, 0.162s wall-clock]
Reordering and filtering variables...
40 of 40 variables necessary.
44 of 63 mutex groups necessary.
5418 of 5418 operators necessary.
0 of 0 axiom rules necessary.
Reordering and filtering variables: [0.030s CPU, 0.030s wall-clock]
Translator variables: 40
Translator derived variables: 0
Translator facts: 857
Translator goal facts: 36
Translator mutex groups: 44
Translator total mutex groups size: 1669
Translator operators: 5418
Translator axioms: 0
Translator task size: 42886
Translator peak memory: 59224 KB
Writing output... [0.030s CPU, 0.031s wall-clock]
Done! [0.900s CPU, 0.902s wall-clock]
translate exit code: 0

INFO     Running search (release).
INFO     search stdin: output.sas
INFO     search time limit: 299s
INFO     search memory limit: 3584 MB
INFO     search command line string: /usr/local/downward-projects/downward/experiments/src/thesis/data/thesis-thesis_exp/code-d93485cdd92f65ede2ae3573b3f4adda0b49e4fd_e5e41175/builds/release/bin/downward --evaluator 'h=ff()' --search 'eager(epsilon_greedy(h, epsilon=0.2))' --internal-plan-file sas_plan < output.sas
[t=0s, 11364 KB] reading input...
[t=0.023009s, 14372 KB] done reading input!
[t=0.0269709s, 15720 KB] Simplifying 18000 unary operators... done! [17388 unary operators]
[t=0.0479986s, 16952 KB] time to simplify: 0.0210277s
[t=0.0491679s, 16952 KB] Initializing additive heuristic...
[t=0.0496367s, 16952 KB] Initializing FF heuristic...
[t=0.0496683s, 16952 KB] Building successor generator...done!
[t=0.0515009s, 16952 KB] peak memory difference for successor generator creation: 0 KB
[t=0.0515636s, 16952 KB] time for successor generation creation: 0.000993457s
[t=0.0515894s, 16952 KB] Variables: 40
[t=0.0516169s, 16952 KB] FactPairs: 857
[t=0.0516403s, 16952 KB] Bytes per state: 20
[t=0.0516629s, 16952 KB] Conducting best first search without reopening closed nodes, (real) bound = 2147483647
[t=0.0517173s, 16952 KB] New best heuristic value for ff(): 5
[t=0.0520076s, 16952 KB] g=0, 1 evaluated, 0 expanded
[t=0.0520606s, 16952 KB] Initial heuristic value for ff(): 5
[t=0.0520875s, 16952 KB] pruning method: none
[t=0.0521108s, 16952 KB] Start Timestep: 1687919929553 millisecond(s).
[t=0.052158s, 16952 KB] New best heuristic value for ff(): 4
[t=0.0523674s, 16952 KB] g=1, 2 evaluated, 1 expanded
[t=0.054577s, 16952 KB] New best heuristic value for ff(): 3
[t=0.0575204s, 16952 KB] g=2, 40 evaluated, 2 expanded
[t=0.0585382s, 16952 KB] New best heuristic value for ff(): 2
[t=0.0625036s, 16952 KB] g=3, 77 evaluated, 3 expanded
[t=0.066479s, 16952 KB] New best heuristic value for ff(): 1
[t=0.0683723s, 16952 KB] g=4, 121 evaluated, 4 expanded
[t=0.0704397s, 16952 KB] New best heuristic value for ff(): 0
[t=0.0730227s, 16952 KB] g=5, 156 evaluated, 5 expanded
Peak memory: 209908 KB
caught signal 24 -- exiting
Time limit has been reached.
Remove intermediate file output.sas
search exit code: 23

Driver aborting after search
INFO     Planner time: 299.52s
