INFO     planner time limit: 900s
INFO     planner memory limit: 3584 MB

INFO     Running translator.
INFO     translator stdin: None
INFO     translator time limit: 899s
INFO     translator memory limit: 3584 MB
INFO     translator command line string: /usr/local/downward-projects/downward/experiments/.venv/bin/python3 /usr/local/downward-projects/downward/experiments/src/thesis/data/thesis-thesis_exp/code-f7a4f68fd467cf7cff4d3dfcfdfcfa2023e44324_e5e41175/builds/release/bin/translate/translate.py domain.pddl problem.pddl --sas-file output.sas
Parsing...
Parsing: [0.000s CPU, 0.002s wall-clock]
Normalizing task... [0.000s CPU, 0.000s wall-clock]
Instantiating...
Generating Datalog program... [0.000s CPU, 0.001s wall-clock]
Normalizing Datalog program...
Normalizing Datalog program: [0.000s CPU, 0.001s wall-clock]
Preparing model... [0.000s CPU, 0.002s wall-clock]
Generated 24 rules.
Computing model... [0.010s CPU, 0.011s wall-clock]
1221 relevant atoms
820 auxiliary atoms
2041 final queue length
2764 total queue pushes
Completing instantiation... [0.020s CPU, 0.015s wall-clock]
Instantiating: [0.030s CPU, 0.030s wall-clock]
Computing fact groups...
Finding invariants...
10 initial candidates
Finding invariants: [0.000s CPU, 0.001s wall-clock]
Checking invariant weight... [0.000s CPU, 0.000s wall-clock]
Instantiating groups... [0.010s CPU, 0.009s wall-clock]
Collecting mutex groups... [0.000s CPU, 0.000s wall-clock]
Choosing groups...
0 uncovered facts
Choosing groups: [0.000s CPU, 0.001s wall-clock]
Building translation key... [0.000s CPU, 0.000s wall-clock]
Computing fact groups: [0.010s CPU, 0.013s wall-clock]
Building STRIPS to SAS dictionary... [0.000s CPU, 0.000s wall-clock]
Building dictionary for full mutex groups... [0.000s CPU, 0.000s wall-clock]
Building mutex information...
Building mutex information: [0.000s CPU, 0.000s wall-clock]
Translating task...
Processing axioms...
Simplifying axioms... [0.000s CPU, 0.000s wall-clock]
Translator axioms removed by simplifying: 0
Computing negative axioms... [0.000s CPU, 0.000s wall-clock]
Processing axioms: [0.000s CPU, 0.001s wall-clock]
Translating task: [0.020s CPU, 0.015s wall-clock]
0 effect conditions simplified
0 implied preconditions added
Detecting unreachable propositions...
0 operators removed
0 axioms removed
3 propositions removed
Detecting unreachable propositions: [0.000s CPU, 0.009s wall-clock]
Reordering and filtering variables...
83 of 83 variables necessary.
80 of 83 mutex groups necessary.
642 of 642 operators necessary.
0 of 0 axiom rules necessary.
Reordering and filtering variables: [0.010s CPU, 0.003s wall-clock]
Translator variables: 83
Translator derived variables: 0
Translator facts: 404
Translator goal facts: 80
Translator mutex groups: 80
Translator total mutex groups size: 320
Translator operators: 642
Translator axioms: 0
Translator task size: 4413
Translator peak memory: 34936 KB
Writing output... [0.000s CPU, 0.004s wall-clock]
Done! [0.070s CPU, 0.077s wall-clock]
translate exit code: 0

INFO     Running search (release).
INFO     search stdin: output.sas
INFO     search time limit: 899s
INFO     search memory limit: 3584 MB
INFO     search command line string: /usr/local/downward-projects/downward/experiments/src/thesis/data/thesis-thesis_exp/code-f7a4f68fd467cf7cff4d3dfcfdfcfa2023e44324_e5e41175/builds/release/bin/downward --evaluator 'h=ff()' --search 'eager(alt([lwm_based_type(h), single(h)]))' --internal-plan-file sas_plan < output.sas
[t=0s, 11000 KB] reading input...
[t=0.00396577s, 11152 KB] done reading input!
[t=0.00503577s, 11548 KB] Simplifying 1282 unary operators... done! [1282 unary operators]
[t=0.00707509s, 11548 KB] time to simplify: 0.00203932s
[t=0.00716029s, 11548 KB] Initializing additive heuristic...
[t=0.00726173s, 11548 KB] Initializing FF heuristic...
[t=0.00728587s, 11548 KB] Building successor generator...done!
[t=0.00757308s, 11680 KB] peak memory difference for successor generator creation: 132 KB
[t=0.00761908s, 11680 KB] time for successor generation creation: 0s
[t=0.00764358s, 11680 KB] Variables: 83
[t=0.007672s, 11680 KB] FactPairs: 404
[t=0.00769466s, 11680 KB] Bytes per state: 24
[t=0.00771779s, 11680 KB] Conducting best first search without reopening closed nodes, (real) bound = 2147483647
[t=0.00780075s, 11680 KB] New best heuristic value for ff(): 161
[t=0.00786357s, 11680 KB] g=0, 1 evaluated, 0 expanded
[t=0.00788801s, 11680 KB] Initial heuristic value for ff(): 161
[t=0.00791538s, 11680 KB] pruning method: none
[t=0.00793851s, 11680 KB] Start Timestep: 1684320277607 millisecond(s).
[t=0.00797935s, 11680 KB] New best heuristic value for ff(): 160
[t=0.00806296s, 11680 KB] g=1, 3 evaluated, 1 expanded
[t=0.0157275s, 11680 KB] New best heuristic value for ff(): 159
[t=0.0193768s, 11680 KB] g=3, 557 evaluated, 7 expanded
[t=0.0194037s, 11680 KB] New best heuristic value for ff(): 158
[t=0.0194509s, 11680 KB] g=4, 558 evaluated, 8 expanded
[t=0.0194736s, 11680 KB] New best heuristic value for ff(): 157
[t=0.0195892s, 11680 KB] g=5, 562 evaluated, 10 expanded
[t=0.0196442s, 11680 KB] New best heuristic value for ff(): 156
[t=0.0198136s, 11680 KB] g=7, 568 evaluated, 14 expanded
[t=0.0276129s, 11680 KB] New best heuristic value for ff(): 155
[t=0.0279089s, 11680 KB] g=9, 957 evaluated, 19 expanded
[t=0.027935s, 11680 KB] New best heuristic value for ff(): 154
[t=0.0279819s, 11680 KB] g=10, 958 evaluated, 20 expanded
[t=0.0280045s, 11680 KB] New best heuristic value for ff(): 153
[t=0.0281585s, 11680 KB] g=11, 964 evaluated, 22 expanded
[t=0.0281817s, 11680 KB] New best heuristic value for ff(): 152
[t=0.0284124s, 11680 KB] g=13, 974 evaluated, 26 expanded
[t=0.0555118s, 11984 KB] New best heuristic value for ff(): 151
[t=0.0559515s, 11984 KB] g=15, 2356 evaluated, 55 expanded
[t=0.0559806s, 11984 KB] New best heuristic value for ff(): 150
[t=0.05603s, 11984 KB] g=16, 2357 evaluated, 56 expanded
[t=0.0560538s, 11984 KB] New best heuristic value for ff(): 149
[t=0.0562592s, 11984 KB] g=17, 2365 evaluated, 58 expanded
[t=0.0562831s, 11984 KB] New best heuristic value for ff(): 148
[t=0.0565922s, 11984 KB] g=19, 2379 evaluated, 62 expanded
[t=0.0713863s, 11984 KB] New best heuristic value for ff(): 147
[t=0.0726273s, 11984 KB] g=21, 3178 evaluated, 75 expanded
[t=0.0726556s, 11984 KB] New best heuristic value for ff(): 146
[t=0.0727051s, 11984 KB] g=22, 3179 evaluated, 76 expanded
[t=0.0727291s, 11984 KB] New best heuristic value for ff(): 145
[t=0.0729651s, 11984 KB] g=23, 3189 evaluated, 78 expanded
[t=0.0729893s, 11984 KB] New best heuristic value for ff(): 144
[t=0.0733728s, 11984 KB] g=25, 3207 evaluated, 82 expanded
[t=0.0792766s, 12116 KB] New best heuristic value for ff(): 143
[t=0.0809198s, 12116 KB] g=27, 3570 evaluated, 89 expanded
[t=0.0809461s, 12116 KB] New best heuristic value for ff(): 142
[t=0.0809935s, 12116 KB] g=28, 3571 evaluated, 90 expanded
[t=0.0810159s, 12116 KB] New best heuristic value for ff(): 141
[t=0.0812991s, 12116 KB] g=29, 3583 evaluated, 92 expanded
[t=0.0824576s, 12116 KB] New best heuristic value for ff(): 140
[t=0.0831936s, 12116 KB] g=31, 3677 evaluated, 96 expanded
[t=0.103136s, 12508 KB] New best heuristic value for ff(): 139
[t=0.106294s, 12508 KB] g=33, 4818 evaluated, 119 expanded
[t=0.106325s, 12508 KB] New best heuristic value for ff(): 138
[t=0.106375s, 12508 KB] g=34, 4819 evaluated, 120 expanded
[t=0.106398s, 12508 KB] New best heuristic value for ff(): 137
[t=0.10672s, 12508 KB] g=35, 4833 evaluated, 122 expanded
[t=0.107032s, 12508 KB] New best heuristic value for ff(): 136
[t=0.108453s, 12508 KB] g=37, 4918 evaluated, 126 expanded
[t=0.118982s, 12576 KB] New best heuristic value for ff(): 135
[t=0.121168s, 12576 KB] g=39, 5537 evaluated, 141 expanded
[t=0.121197s, 12576 KB] New best heuristic value for ff(): 134
[t=0.121246s, 12576 KB] g=40, 5538 evaluated, 142 expanded
[t=0.121269s, 12576 KB] New best heuristic value for ff(): 133
[t=0.121616s, 12576 KB] g=41, 5554 evaluated, 144 expanded
[t=0.121639s, 12576 KB] New best heuristic value for ff(): 132
[t=0.122244s, 12576 KB] g=43, 5584 evaluated, 148 expanded
[t=0.134872s, 12576 KB] New best heuristic value for ff(): 131
[t=0.138511s, 12576 KB] g=45, 6398 evaluated, 169 expanded
[t=0.138544s, 12576 KB] New best heuristic value for ff(): 130
[t=0.138597s, 12576 KB] g=46, 6399 evaluated, 170 expanded
[t=0.138748s, 12576 KB] New best heuristic value for ff(): 129
[t=0.140151s, 12576 KB] g=47, 6475 evaluated, 172 expanded
[t=0.140176s, 12576 KB] New best heuristic value for ff(): 128
[t=0.140879s, 12576 KB] g=49, 6509 evaluated, 176 expanded
[t=0.146701s, 12712 KB] New best heuristic value for ff(): 127
[t=0.149005s, 12712 KB] g=51, 6902 evaluated, 185 expanded
[t=0.149033s, 12712 KB] New best heuristic value for ff(): 126
[t=0.149083s, 12712 KB] g=52, 6903 evaluated, 186 expanded
[t=0.149106s, 12712 KB] New best heuristic value for ff(): 125
[t=0.149529s, 12712 KB] g=53, 6923 evaluated, 188 expanded
[t=0.149558s, 12712 KB] New best heuristic value for ff(): 124
[t=0.150322s, 12712 KB] g=55, 6961 evaluated, 192 expanded
[t=0.170522s, 12940 KB] New best heuristic value for ff(): 123
[t=0.170858s, 12940 KB] g=57, 7968 evaluated, 217 expanded
[t=0.170887s, 12940 KB] New best heuristic value for ff(): 122
[t=0.170936s, 12940 KB] g=58, 7969 evaluated, 218 expanded
[t=0.17096s, 12940 KB] New best heuristic value for ff(): 121
[t=0.171427s, 12940 KB] g=59, 7991 evaluated, 220 expanded
[t=0.17145s, 12940 KB] New best heuristic value for ff(): 120
[t=0.172279s, 12940 KB] g=61, 8033 evaluated, 224 expanded
[t=0.178399s, 13456 KB] New best heuristic value for ff(): 119
[t=0.180117s, 13456 KB] g=63, 8397 evaluated, 233 expanded
[t=0.180143s, 13456 KB] New best heuristic value for ff(): 118
[t=0.180192s, 13456 KB] g=64, 8398 evaluated, 234 expanded
[t=0.181832s, 13456 KB] New best heuristic value for ff(): 117
[t=0.182068s, 13456 KB] g=65, 8490 evaluated, 236 expanded
[t=0.182282s, 13456 KB] New best heuristic value for ff(): 116
[t=0.18301s, 13456 KB] g=67, 8536 evaluated, 240 expanded
[t=0.210242s, 13456 KB] New best heuristic value for ff(): 115
[t=0.212361s, 13456 KB] g=69, 10023 evaluated, 286 expanded
[t=0.212391s, 13456 KB] New best heuristic value for ff(): 114
[t=0.212442s, 13456 KB] g=70, 10024 evaluated, 287 expanded
[t=0.212466s, 13456 KB] New best heuristic value for ff(): 113
[t=0.213013s, 13456 KB] g=71, 10050 evaluated, 289 expanded
[t=0.213037s, 13456 KB] New best heuristic value for ff(): 112
[t=0.214019s, 13456 KB] g=73, 10100 evaluated, 293 expanded
[t=0.258695s, 13768 KB] New best heuristic value for ff(): 111
[t=0.258821s, 13768 KB] g=75, 12350 evaluated, 353 expanded
[t=0.258855s, 13768 KB] New best heuristic value for ff(): 110
[t=0.258912s, 13768 KB] g=76, 12351 evaluated, 354 expanded
[t=0.259204s, 13768 KB] New best heuristic value for ff(): 109
[t=0.259561s, 13768 KB] g=77, 12379 evaluated, 356 expanded
[t=0.261401s, 13768 KB] New best heuristic value for ff(): 108
[t=0.263165s, 13768 KB] g=79, 12560 evaluated, 360 expanded
[t=0.289295s, 13900 KB] New best heuristic value for ff(): 107
[t=0.292266s, 13900 KB] g=81, 14043 evaluated, 405 expanded
[t=0.292295s, 13900 KB] New best heuristic value for ff(): 106
[t=0.292346s, 13900 KB] g=82, 14044 evaluated, 406 expanded
[t=0.29237s, 13900 KB] New best heuristic value for ff(): 105
[t=0.29299s, 13900 KB] g=83, 14074 evaluated, 408 expanded
[t=0.293207s, 13900 KB] New best heuristic value for ff(): 104
[t=0.296367s, 13900 KB] g=85, 14245 evaluated, 412 expanded
[t=0.321154s, 14300 KB] New best heuristic value for ff(): 103
[t=0.323846s, 14300 KB] g=87, 15605 evaluated, 455 expanded
[t=0.323876s, 14300 KB] New best heuristic value for ff(): 102
[t=0.323926s, 14300 KB] g=88, 15606 evaluated, 456 expanded
[t=0.323949s, 14300 KB] New best heuristic value for ff(): 101
[t=0.324592s, 14300 KB] g=89, 15638 evaluated, 458 expanded
[t=0.325061s, 14300 KB] New best heuristic value for ff(): 100
[t=0.326924s, 14300 KB] g=91, 15755 evaluated, 462 expanded
[t=0.356486s, 15328 KB] New best heuristic value for ff(): 99
[t=0.35924s, 15328 KB] g=93, 17364 evaluated, 512 expanded
[t=0.359272s, 15328 KB] New best heuristic value for ff(): 98
[t=0.359323s, 15328 KB] g=94, 17365 evaluated, 513 expanded
[t=0.359346s, 15328 KB] New best heuristic value for ff(): 97
[t=0.360045s, 15328 KB] g=95, 17399 evaluated, 515 expanded
[t=0.360382s, 15328 KB] New best heuristic value for ff(): 96
[t=0.361396s, 15328 KB] g=97, 17465 evaluated, 519 expanded
[t=0.416258s, 15344 KB] New best heuristic value for ff(): 95
[t=0.417656s, 15344 KB] g=99, 20345 evaluated, 615 expanded
[t=0.417691s, 15344 KB] New best heuristic value for ff(): 94
[t=0.417744s, 15344 KB] g=100, 20346 evaluated, 616 expanded
[t=0.417767s, 15344 KB] New best heuristic value for ff(): 93
[t=0.418502s, 15344 KB] g=101, 20382 evaluated, 618 expanded
[t=0.418527s, 15344 KB] New best heuristic value for ff(): 92
[t=0.419886s, 15344 KB] g=103, 20452 evaluated, 622 expanded
[t=0.436114s, 15768 KB] New best heuristic value for ff(): 91
[t=0.436285s, 15768 KB] g=105, 21202 evaluated, 651 expanded
[t=0.436313s, 15768 KB] New best heuristic value for ff(): 90
[t=0.436363s, 15768 KB] g=106, 21203 evaluated, 652 expanded
[t=0.436386s, 15768 KB] New best heuristic value for ff(): 89
[t=0.437134s, 15768 KB] g=107, 21241 evaluated, 654 expanded
[t=0.437158s, 15768 KB] New best heuristic value for ff(): 88
[t=0.438566s, 15768 KB] g=109, 21315 evaluated, 658 expanded
[t=0.443992s, 15768 KB] New best heuristic value for ff(): 87
[t=0.445732s, 15768 KB] g=111, 21673 evaluated, 671 expanded
[t=0.44576s, 15768 KB] New best heuristic value for ff(): 86
[t=0.445809s, 15768 KB] g=112, 21674 evaluated, 672 expanded
[t=0.445832s, 15768 KB] New best heuristic value for ff(): 85
[t=0.446611s, 15768 KB] g=113, 21714 evaluated, 674 expanded
[t=0.447919s, 15768 KB] New best heuristic value for ff(): 84
[t=0.448143s, 15768 KB] g=115, 21792 evaluated, 678 expanded
[t=0.48782s, 15904 KB] New best heuristic value for ff(): 83
[t=0.489982s, 15904 KB] g=117, 23948 evaluated, 773 expanded
[t=0.490014s, 15904 KB] New best heuristic value for ff(): 82
[t=0.490064s, 15904 KB] g=118, 23949 evaluated, 774 expanded
[t=0.490088s, 15904 KB] New best heuristic value for ff(): 81
[t=0.490931s, 15904 KB] g=119, 23991 evaluated, 776 expanded
[t=0.491728s, 15904 KB] New best heuristic value for ff(): 80
[t=0.49324s, 15904 KB] g=121, 24112 evaluated, 780 expanded
[t=0.535681s, 16172 KB] New best heuristic value for ff(): 79
[t=0.538681s, 16172 KB] g=123, 26443 evaluated, 916 expanded
[t=0.538713s, 16172 KB] New best heuristic value for ff(): 78
[t=0.538763s, 16172 KB] g=124, 26444 evaluated, 917 expanded
[t=0.539604s, 16172 KB] New best heuristic value for ff(): 77
[t=0.539989s, 16172 KB] g=125, 26504 evaluated, 919 expanded
[t=0.540014s, 16172 KB] New best heuristic value for ff(): 76
[t=0.541627s, 16172 KB] g=127, 26590 evaluated, 923 expanded
[t=0.555433s, 16304 KB] New best heuristic value for ff(): 75
[t=0.558247s, 16304 KB] g=129, 27440 evaluated, 960 expanded
[t=0.558277s, 16304 KB] New best heuristic value for ff(): 74
[t=0.558327s, 16304 KB] g=130, 27441 evaluated, 961 expanded
[t=0.55835s, 16304 KB] New best heuristic value for ff(): 73
[t=0.559241s, 16304 KB] g=131, 27487 evaluated, 963 expanded
[t=0.559341s, 16304 KB] New best heuristic value for ff(): 72
[t=0.561076s, 16304 KB] g=133, 27583 evaluated, 967 expanded
[t=0.575306s, 16436 KB] New best heuristic value for ff(): 71
[t=0.578234s, 16436 KB] g=135, 28472 evaluated, 1010 expanded
[t=0.579251s, 16436 KB] New best heuristic value for ff(): 70
[t=0.580782s, 16436 KB] g=137, 28608 evaluated, 1013 expanded
[t=0.603162s, 17040 KB] New best heuristic value for ff(): 69
[t=0.606699s, 17040 KB] g=139, 29864 evaluated, 1070 expanded
[t=0.606729s, 17040 KB] New best heuristic value for ff(): 68
[t=0.606781s, 17040 KB] g=140, 29865 evaluated, 1071 expanded
[t=0.607085s, 17040 KB] New best heuristic value for ff(): 67
[t=0.608238s, 17040 KB] g=141, 29938 evaluated, 1073 expanded
[t=0.608262s, 17040 KB] New best heuristic value for ff(): 66
[t=0.610062s, 17040 KB] g=143, 30034 evaluated, 1077 expanded
[t=0.611009s, 17040 KB] New best heuristic value for ff(): 65
[t=0.614052s, 17040 KB] g=145, 30236 evaluated, 1086 expanded
[t=0.614078s, 17040 KB] New best heuristic value for ff(): 64
[t=0.614131s, 17040 KB] g=146, 30237 evaluated, 1087 expanded
[t=0.614922s, 17040 KB] New best heuristic value for ff(): 63
[t=0.615134s, 17040 KB] g=147, 30288 evaluated, 1089 expanded
[t=0.615158s, 17040 KB] New best heuristic value for ff(): 62
[t=0.616978s, 17040 KB] g=149, 30388 evaluated, 1093 expanded
[t=0.642831s, 17040 KB] New best heuristic value for ff(): 61
[t=0.644224s, 17040 KB] g=151, 31801 evaluated, 1217 expanded
[t=0.646778s, 17040 KB] New best heuristic value for ff(): 60
[t=0.647604s, 17040 KB] g=153, 31983 evaluated, 1221 expanded
[t=0.647631s, 17040 KB] New best heuristic value for ff(): 59
[t=0.650022s, 17040 KB] g=155, 32105 evaluated, 1226 expanded
[t=0.650046s, 17040 KB] New best heuristic value for ff(): 58
[t=0.650097s, 17040 KB] g=156, 32106 evaluated, 1227 expanded
[t=0.650701s, 17040 KB] New best heuristic value for ff(): 57
[t=0.651115s, 17040 KB] g=157, 32160 evaluated, 1229 expanded
[t=0.65114s, 17172 KB] New best heuristic value for ff(): 56
[t=0.65303s, 17172 KB] g=159, 32266 evaluated, 1233 expanded
[t=0.674648s, 19360 KB] New best heuristic value for ff(): 55
[t=0.676929s, 19360 KB] g=161, 33459 evaluated, 1344 expanded
[t=0.678767s, 19360 KB] New best heuristic value for ff(): 54
[t=0.680702s, 19360 KB] g=163, 33671 evaluated, 1348 expanded
[t=0.698505s, 19360 KB] New best heuristic value for ff(): 53
[t=0.700754s, 19360 KB] g=165, 34745 evaluated, 1427 expanded
[t=0.700784s, 19360 KB] New best heuristic value for ff(): 52
[t=0.700832s, 19360 KB] g=166, 34746 evaluated, 1428 expanded
[t=0.700856s, 19360 KB] New best heuristic value for ff(): 51
[t=0.701904s, 19360 KB] g=167, 34803 evaluated, 1430 expanded
[t=0.702413s, 19360 KB] New best heuristic value for ff(): 50
[t=0.70393s, 19360 KB] g=169, 34915 evaluated, 1434 expanded
[t=0.722372s, 19360 KB] New best heuristic value for ff(): 49
[t=0.726032s, 19360 KB] g=171, 36084 evaluated, 1536 expanded
[t=0.726305s, 19360 KB] New best heuristic value for ff(): 48
[t=0.729019s, 19360 KB] g=173, 36253 evaluated, 1540 expanded
[t=0.747293s, 19360 KB] New best heuristic value for ff(): 47
[t=0.750081s, 19360 KB] g=175, 37364 evaluated, 1636 expanded
[t=0.750161s, 19360 KB] New best heuristic value for ff(): 46
[t=0.75314s, 19360 KB] g=177, 37536 evaluated, 1640 expanded
[t=0.766056s, 19360 KB] New best heuristic value for ff(): 45
[t=0.768682s, 19360 KB] g=179, 38360 evaluated, 1731 expanded
[t=0.770016s, 19360 KB] New best heuristic value for ff(): 44
[t=0.772697s, 19360 KB] g=181, 38592 evaluated, 1735 expanded
[t=0.789749s, 19360 KB] New best heuristic value for ff(): 43
[t=0.790294s, 19360 KB] g=183, 39515 evaluated, 1823 expanded
[t=0.790324s, 19360 KB] New best heuristic value for ff(): 42
[t=0.793352s, 19360 KB] g=185, 39693 evaluated, 1827 expanded
[t=0.801668s, 19360 KB] New best heuristic value for ff(): 41
[t=0.805167s, 19360 KB] g=187, 40337 evaluated, 1912 expanded
[t=0.805619s, 19360 KB] New best heuristic value for ff(): 40
[t=0.808277s, 19360 KB] g=189, 40518 evaluated, 1916 expanded
[t=0.817522s, 19360 KB] New best heuristic value for ff(): 39
[t=0.820333s, 19360 KB] g=191, 41167 evaluated, 1997 expanded
[t=0.821492s, 19360 KB] New best heuristic value for ff(): 38
[t=0.823498s, 19360 KB] g=193, 41351 evaluated, 2001 expanded
[t=0.833438s, 19360 KB] New best heuristic value for ff(): 37
[t=0.834059s, 19360 KB] g=195, 41927 evaluated, 2079 expanded
[t=0.834087s, 19360 KB] New best heuristic value for ff(): 36
[t=0.837225s, 19360 KB] g=197, 42114 evaluated, 2083 expanded
[t=0.849326s, 19396 KB] New best heuristic value for ff(): 35
[t=0.851295s, 19396 KB] g=199, 42861 evaluated, 2157 expanded
[t=0.853274s, 19396 KB] New best heuristic value for ff(): 34
[t=0.854517s, 19396 KB] g=201, 43051 evaluated, 2161 expanded
[t=0.865231s, 20128 KB] New best heuristic value for ff(): 33
[t=0.866039s, 20128 KB] g=203, 43504 evaluated, 2192 expanded
[t=0.866067s, 20128 KB] New best heuristic value for ff(): 32
[t=0.866114s, 20128 KB] g=204, 43505 evaluated, 2193 expanded
[t=0.866137s, 20128 KB] New best heuristic value for ff(): 31
[t=0.867243s, 20128 KB] g=205, 43572 evaluated, 2195 expanded
[t=0.86915s, 20128 KB] New best heuristic value for ff(): 30
[t=0.869447s, 20128 KB] g=207, 43704 evaluated, 2199 expanded
[t=0.877916s, 20128 KB] New best heuristic value for ff(): 29
[t=0.879253s, 20128 KB] g=209, 44241 evaluated, 2260 expanded
[t=0.881061s, 20128 KB] New best heuristic value for ff(): 28
[t=0.883391s, 20128 KB] g=211, 44489 evaluated, 2264 expanded
[t=0.889039s, 20128 KB] New best heuristic value for ff(): 27
[t=0.89273s, 20128 KB] g=213, 45003 evaluated, 2322 expanded
[t=0.893007s, 20128 KB] New best heuristic value for ff(): 26
[t=0.896024s, 20128 KB] g=215, 45205 evaluated, 2326 expanded
[t=0.900986s, 20128 KB] New best heuristic value for ff(): 25
[t=0.90315s, 20128 KB] g=217, 45591 evaluated, 2379 expanded
[t=0.90494s, 20128 KB] New best heuristic value for ff(): 24
[t=0.906488s, 20128 KB] g=219, 45796 evaluated, 2383 expanded
[t=0.908931s, 20128 KB] New best heuristic value for ff(): 23
[t=0.910172s, 20128 KB] g=221, 46000 evaluated, 2432 expanded
[t=0.912887s, 20128 KB] New best heuristic value for ff(): 22
[t=0.913572s, 20128 KB] g=223, 46208 evaluated, 2436 expanded
[t=0.916873s, 20128 KB] New best heuristic value for ff(): 21
[t=0.919339s, 20128 KB] g=225, 46534 evaluated, 2481 expanded
[t=0.920831s, 20128 KB] New best heuristic value for ff(): 20
[t=0.922784s, 20128 KB] g=227, 46746 evaluated, 2485 expanded
[t=0.928751s, 20260 KB] New best heuristic value for ff(): 19
[t=0.929599s, 20260 KB] g=229, 47117 evaluated, 2526 expanded
[t=0.932733s, 20260 KB] New best heuristic value for ff(): 18
[t=0.933078s, 20260 KB] g=231, 47332 evaluated, 2530 expanded
[t=0.93672s, 20260 KB] New best heuristic value for ff(): 17
[t=0.937715s, 20260 KB] g=233, 47581 evaluated, 2568 expanded
[t=0.940577s, 20260 KB] New best heuristic value for ff(): 16
[t=0.941198s, 20260 KB] g=235, 47798 evaluated, 2572 expanded
[t=0.944545s, 20260 KB] New best heuristic value for ff(): 15
[t=0.945944s, 20260 KB] g=237, 48051 evaluated, 2605 expanded
[t=0.948516s, 20392 KB] New best heuristic value for ff(): 14
[t=0.949475s, 20392 KB] g=239, 48271 evaluated, 2609 expanded
[t=0.95248s, 20392 KB] New best heuristic value for ff(): 13
[t=0.954438s, 20392 KB] g=241, 48547 evaluated, 2638 expanded
[t=0.956454s, 20392 KB] New best heuristic value for ff(): 12
[t=0.958412s, 20392 KB] g=243, 48794 evaluated, 2642 expanded
[t=0.960434s, 20392 KB] New best heuristic value for ff(): 11
[t=0.961945s, 20392 KB] g=245, 48977 evaluated, 2668 expanded
[t=0.964414s, 20392 KB] New best heuristic value for ff(): 10
[t=0.965536s, 20392 KB] g=247, 49204 evaluated, 2672 expanded
[t=0.968345s, 20524 KB] New best heuristic value for ff(): 9
[t=0.9705s, 20524 KB] g=249, 49480 evaluated, 2694 expanded
[t=0.972322s, 20524 KB] New best heuristic value for ff(): 8
[t=0.97408s, 20524 KB] g=251, 49709 evaluated, 2698 expanded
[t=0.974105s, 20524 KB] New best heuristic value for ff(): 7
[t=0.975816s, 20524 KB] g=253, 49807 evaluated, 2716 expanded
[t=0.976269s, 20524 KB] New best heuristic value for ff(): 6
[t=0.979372s, 20524 KB] g=255, 50039 evaluated, 2720 expanded
[t=0.980261s, 20524 KB] New best heuristic value for ff(): 5
[t=0.981843s, 20524 KB] g=257, 50179 evaluated, 2734 expanded
[t=0.984215s, 20524 KB] New best heuristic value for ff(): 4
[t=0.98604s, 20524 KB] g=259, 50445 evaluated, 2738 expanded
[t=0.986064s, 20656 KB] New best heuristic value for ff(): 3
[t=0.986201s, 20656 KB] g=260, 50451 evaluated, 2740 expanded
[t=0.986224s, 20656 KB] New best heuristic value for ff(): 2
[t=0.987579s, 20656 KB] g=261, 50518 evaluated, 2742 expanded
[t=0.987602s, 20656 KB] New best heuristic value for ff(): 1
[t=0.987668s, 20656 KB] g=262, 50520 evaluated, 2744 expanded
[t=0.988135s, 20656 KB] New best heuristic value for ff(): 0
[t=0.99004s, 20656 KB] g=263, 50673 evaluated, 2746 expanded
[t=0.990066s, 20656 KB] Solution found!
[t=0.990117s, 20656 KB] Actual search time: 0.982137s
pick ball7 rooma right (1)
pick ball65 rooma left (1)
move rooma roomb (1)
drop ball65 roomb left (1)
drop ball7 roomb right (1)
move roomb rooma (1)
pick ball1 rooma left (1)
pick ball9 rooma right (1)
move rooma roomb (1)
drop ball1 roomb left (1)
drop ball9 roomb right (1)
move roomb rooma (1)
pick ball16 rooma left (1)
pick ball18 rooma right (1)
move rooma roomb (1)
drop ball16 roomb left (1)
drop ball18 roomb right (1)
move roomb rooma (1)
pick ball11 rooma left (1)
pick ball75 rooma right (1)
move rooma roomb (1)
drop ball11 roomb left (1)
drop ball75 roomb right (1)
move roomb rooma (1)
pick ball12 rooma left (1)
pick ball59 rooma right (1)
move rooma roomb (1)
drop ball12 roomb left (1)
drop ball59 roomb right (1)
move roomb rooma (1)
pick ball2 rooma left (1)
pick ball39 rooma right (1)
move rooma roomb (1)
drop ball2 roomb left (1)
drop ball39 roomb right (1)
move roomb rooma (1)
pick ball14 rooma left (1)
pick ball47 rooma right (1)
move rooma roomb (1)
drop ball14 roomb left (1)
drop ball47 roomb right (1)
move roomb rooma (1)
pick ball21 rooma left (1)
pick ball71 rooma right (1)
move rooma roomb (1)
drop ball21 roomb left (1)
drop ball71 roomb right (1)
move roomb rooma (1)
pick ball17 rooma left (1)
pick ball55 rooma right (1)
move rooma roomb (1)
drop ball17 roomb left (1)
drop ball55 roomb right (1)
move roomb rooma (1)
pick ball24 rooma left (1)
pick ball51 rooma right (1)
move rooma roomb (1)
drop ball24 roomb left (1)
drop ball51 roomb right (1)
move roomb rooma (1)
pick ball15 rooma left (1)
pick ball70 rooma right (1)
move rooma roomb (1)
drop ball15 roomb left (1)
drop ball70 roomb right (1)
move roomb rooma (1)
pick ball4 rooma left (1)
pick ball36 rooma right (1)
move rooma roomb (1)
drop ball4 roomb left (1)
drop ball36 roomb right (1)
move roomb rooma (1)
pick ball23 rooma left (1)
pick ball72 rooma right (1)
move rooma roomb (1)
drop ball23 roomb left (1)
drop ball72 roomb right (1)
move roomb rooma (1)
pick ball10 rooma left (1)
pick ball34 rooma right (1)
move rooma roomb (1)
drop ball10 roomb left (1)
drop ball34 roomb right (1)
move roomb rooma (1)
pick ball22 rooma left (1)
pick ball8 rooma right (1)
move rooma roomb (1)
drop ball22 roomb left (1)
drop ball8 roomb right (1)
move roomb rooma (1)
pick ball37 rooma left (1)
pick ball44 rooma right (1)
move rooma roomb (1)
drop ball37 roomb left (1)
drop ball44 roomb right (1)
move roomb rooma (1)
pick ball41 rooma left (1)
pick ball79 rooma right (1)
move rooma roomb (1)
drop ball41 roomb left (1)
drop ball79 roomb right (1)
move roomb rooma (1)
pick ball26 rooma left (1)
pick ball28 rooma right (1)
move rooma roomb (1)
drop ball26 roomb left (1)
drop ball28 roomb right (1)
move roomb rooma (1)
pick ball29 rooma left (1)
pick ball30 rooma right (1)
move rooma roomb (1)
drop ball29 roomb left (1)
drop ball30 roomb right (1)
move roomb rooma (1)
pick ball73 rooma left (1)
pick ball3 rooma right (1)
move rooma roomb (1)
drop ball73 roomb left (1)
drop ball3 roomb right (1)
move roomb rooma (1)
pick ball52 rooma left (1)
pick ball33 rooma right (1)
move rooma roomb (1)
drop ball52 roomb left (1)
drop ball33 roomb right (1)
move roomb rooma (1)
pick ball31 rooma left (1)
pick ball66 rooma right (1)
move rooma roomb (1)
drop ball31 roomb left (1)
drop ball66 roomb right (1)
move roomb rooma (1)
pick ball13 rooma left (1)
move rooma roomb (1)
drop ball13 roomb left (1)
move roomb rooma (1)
pick ball25 rooma left (1)
pick ball43 rooma right (1)
move rooma roomb (1)
drop ball25 roomb left (1)
drop ball43 roomb right (1)
move roomb rooma (1)
pick ball19 rooma left (1)
pick ball38 rooma right (1)
move rooma roomb (1)
drop ball19 roomb left (1)
drop ball38 roomb right (1)
move roomb rooma (1)
pick ball20 rooma left (1)
move rooma roomb (1)
drop ball20 roomb left (1)
move roomb rooma (1)
pick ball27 rooma left (1)
pick ball6 rooma right (1)
move rooma roomb (1)
drop ball27 roomb left (1)
drop ball6 roomb right (1)
move roomb rooma (1)
pick ball32 rooma left (1)
move rooma roomb (1)
drop ball32 roomb left (1)
move roomb rooma (1)
pick ball61 rooma left (1)
pick ball68 rooma right (1)
move rooma roomb (1)
drop ball61 roomb left (1)
drop ball68 roomb right (1)
move roomb rooma (1)
pick ball35 rooma left (1)
move rooma roomb (1)
drop ball35 roomb left (1)
move roomb rooma (1)
pick ball40 rooma left (1)
move rooma roomb (1)
drop ball40 roomb left (1)
move roomb rooma (1)
pick ball42 rooma left (1)
move rooma roomb (1)
drop ball42 roomb left (1)
move roomb rooma (1)
pick ball45 rooma left (1)
move rooma roomb (1)
drop ball45 roomb left (1)
move roomb rooma (1)
pick ball46 rooma left (1)
move rooma roomb (1)
drop ball46 roomb left (1)
move roomb rooma (1)
pick ball48 rooma left (1)
move rooma roomb (1)
drop ball48 roomb left (1)
move roomb rooma (1)
pick ball49 rooma left (1)
move rooma roomb (1)
drop ball49 roomb left (1)
move roomb rooma (1)
pick ball5 rooma left (1)
move rooma roomb (1)
drop ball5 roomb left (1)
move roomb rooma (1)
pick ball76 rooma left (1)
pick ball77 rooma right (1)
move rooma roomb (1)
drop ball76 roomb left (1)
drop ball77 roomb right (1)
move roomb rooma (1)
pick ball50 rooma left (1)
move rooma roomb (1)
drop ball50 roomb left (1)
move roomb rooma (1)
pick ball53 rooma left (1)
move rooma roomb (1)
drop ball53 roomb left (1)
move roomb rooma (1)
pick ball54 rooma left (1)
move rooma roomb (1)
drop ball54 roomb left (1)
move roomb rooma (1)
pick ball56 rooma left (1)
move rooma roomb (1)
drop ball56 roomb left (1)
move roomb rooma (1)
pick ball57 rooma left (1)
move rooma roomb (1)
drop ball57 roomb left (1)
move roomb rooma (1)
pick ball58 rooma left (1)
move rooma roomb (1)
drop ball58 roomb left (1)
move roomb rooma (1)
pick ball60 rooma left (1)
move rooma roomb (1)
drop ball60 roomb left (1)
move roomb rooma (1)
pick ball62 rooma left (1)
move rooma roomb (1)
drop ball62 roomb left (1)
move roomb rooma (1)
pick ball63 rooma left (1)
move rooma roomb (1)
drop ball63 roomb left (1)
move roomb rooma (1)
pick ball64 rooma left (1)
move rooma roomb (1)
drop ball64 roomb left (1)
move roomb rooma (1)
pick ball67 rooma left (1)
move rooma roomb (1)
drop ball67 roomb left (1)
move roomb rooma (1)
pick ball69 rooma left (1)
move rooma roomb (1)
drop ball69 roomb left (1)
move roomb rooma (1)
pick ball74 rooma left (1)
move rooma roomb (1)
drop ball74 roomb left (1)
move roomb rooma (1)
pick ball78 rooma left (1)
pick ball80 rooma right (1)
move rooma roomb (1)
drop ball78 roomb left (1)
drop ball80 roomb right (1)
[t=0.990176s, 20656 KB] Plan length: 263 step(s).
[t=0.990176s, 20656 KB] Plan cost: 263
[t=0.990176s, 20656 KB] Timestamp: 1684320278601 millisecond(s).
[t=0.990176s, 20656 KB] Expanded 2748 state(s).
[t=0.990176s, 20656 KB] Reopened 0 state(s).
[t=0.990176s, 20656 KB] Evaluated 50674 state(s).
[t=0.990176s, 20656 KB] Evaluations: 50674
[t=0.990176s, 20656 KB] Generated 63526 state(s).
[t=0.990176s, 20656 KB] Dead ends: 0 state(s).
[t=0.990176s, 20656 KB] Number of registered states: 50674
[t=0.990176s, 20656 KB] Int hash set load factor: 50674/65536 = 0.773224
[t=0.990176s, 20656 KB] Int hash set resizes: 16
[t=0.990176s, 20656 KB] Search time: 0.982458s
[t=0.990176s, 20656 KB] Total time: 0.990176s
Solution found.
Peak memory: 20656 KB
Remove intermediate file output.sas
search exit code: 0

INFO     Running validate.
INFO     validate stdin: None
INFO     validate time limit: None
INFO     validate memory limit: None
INFO     validate command line string: validate domain.pddl problem.pddl sas_plan
Checking plan: sas_plan
Plan executed successfully - checking goal
Plan valid
Final value: 263 

Successful plans:
Value: 263
 sas_plan 263 

validate exit code: 0

INFO     Planner time: 1.18s
