INFO     planner time limit: 900s
INFO     planner memory limit: 3584 MB

INFO     Running translator.
INFO     translator stdin: None
INFO     translator time limit: 899s
INFO     translator memory limit: 3584 MB
INFO     translator command line string: /usr/local/downward-projects/downward/experiments/assign3/.venv/bin/python3 /usr/local/downward-projects/downward/experiments/assign3/data/assign3-anytime_exp/code-fe4f0f1bb525c059c1938ac01bab1b7bae200873_e5e41175/builds/release/bin/translate/translate.py domain.pddl problem.pddl --sas-file output.sas
Parsing...
Parsing: [0.010s CPU, 0.002s wall-clock]
Normalizing task... [0.000s CPU, 0.000s wall-clock]
Instantiating...
Generating Datalog program... [0.000s CPU, 0.000s wall-clock]
Normalizing Datalog program...
Normalizing Datalog program: [0.000s CPU, 0.001s wall-clock]
Preparing model... [0.000s CPU, 0.001s wall-clock]
Generated 25 rules.
Computing model... [0.010s CPU, 0.006s wall-clock]
461 relevant atoms
611 auxiliary atoms
1072 final queue length
1647 total queue pushes
Completing instantiation... [0.000s CPU, 0.007s wall-clock]
Instantiating: [0.010s CPU, 0.016s wall-clock]
Computing fact groups...
Finding invariants...
7 initial candidates
Finding invariants: [0.010s CPU, 0.003s wall-clock]
Checking invariant weight... [0.000s CPU, 0.000s wall-clock]
Instantiating groups... [0.000s CPU, 0.000s wall-clock]
Collecting mutex groups... [0.000s CPU, 0.000s wall-clock]
Choosing groups...
0 uncovered facts
Choosing groups: [0.000s CPU, 0.000s wall-clock]
Building translation key... [0.000s CPU, 0.000s wall-clock]
Computing fact groups: [0.010s CPU, 0.004s wall-clock]
Building STRIPS to SAS dictionary... [0.000s CPU, 0.000s wall-clock]
Building dictionary for full mutex groups... [0.000s CPU, 0.000s wall-clock]
Building mutex information...
Building mutex information: [0.000s CPU, 0.000s wall-clock]
Translating task...
Processing axioms...
Simplifying axioms... [0.000s CPU, 0.000s wall-clock]
Translator axioms removed by simplifying: 0
Computing negative axioms... [0.000s CPU, 0.000s wall-clock]
Processing axioms: [0.000s CPU, 0.000s wall-clock]
Translating task: [0.000s CPU, 0.006s wall-clock]
0 effect conditions simplified
0 implied preconditions added
Detecting unreachable propositions...
0 operators removed
0 axioms removed
34 propositions removed
Detecting unreachable propositions: [0.010s CPU, 0.003s wall-clock]
Reordering and filtering variables...
34 of 34 variables necessary.
0 of 34 mutex groups necessary.
185 of 185 operators necessary.
0 of 0 axiom rules necessary.
Reordering and filtering variables: [0.000s CPU, 0.002s wall-clock]
Translator variables: 34
Translator derived variables: 0
Translator facts: 100
Translator goal facts: 33
Translator mutex groups: 0
Translator total mutex groups size: 0
Translator operators: 185
Translator axioms: 0
Translator task size: 1634
Translator peak memory: 32880 KB
Writing output... [0.000s CPU, 0.001s wall-clock]
Done! [0.040s CPU, 0.034s wall-clock]
translate exit code: 0

INFO     Running search (release).
INFO     search stdin: output.sas
INFO     search time limit: 899s
INFO     search memory limit: 3584 MB
INFO     search command line string: /usr/local/downward-projects/downward/experiments/assign3/data/assign3-anytime_exp/code-fe4f0f1bb525c059c1938ac01bab1b7bae200873_e5e41175/builds/release/bin/downward --evaluator 'h=lmcut()' --search 'eager_anytime(alt(
        [single(weight(h, 2, verbosity=normal)), type_based([h, g()], random_seed=1234)]), 
        reopen_closed=true, f_eval=sum([h, g()]))' --internal-plan-file sas_plan < output.sas
[t=0.00237409s, 10884 KB] reading input...
[t=0.0028598s, 10884 KB] done reading input!
[t=0.00363962s, 11272 KB] Initializing landmark cut heuristic...
[t=0.00555996s, 11272 KB] Building successor generator...done!
[t=0.00575502s, 11272 KB] peak memory difference for successor generator creation: 0 KB
[t=0.0057992s, 11272 KB] time for successor generation creation: 0s
[t=0.00582453s, 11272 KB] Variables: 34
[t=0.00585169s, 11272 KB] FactPairs: 100
[t=0.00587458s, 11272 KB] Bytes per state: 8
[t=0.00589703s, 11272 KB] Conducting best first anytime search with reopening closed nodes, (real) bound = 2147483647
[t=0.00594872s, 11272 KB] New best heuristic value for lmcut(): 1
[t=0.00600784s, 11272 KB] g=0, 1 evaluated, 0 expanded
[t=0.00603171s, 11272 KB] Initial heuristic value for lmcut(): 1
[t=0.00606047s, 11272 KB] Start Timestep: 1682415413235 millisecond(s).
[t=0.198008s, 11676 KB] New best heuristic value for lmcut(): 0
[t=0.200786s, 11676 KB] g=15, 9022 evaluated, 3941 expanded, 56 reopened
[t=0.200818s, 11676 KB] Solution found!
jump-new-move pos-1-4 pos-1-3 pos-1-2 (1)
end-move pos-1-2 (0)
jump-new-move pos-2-6 pos-2-5 pos-2-4 (1)
end-move pos-2-4 (0)
jump-new-move pos-4-1 pos-4-2 pos-4-3 (1)
end-move pos-4-3 (0)
jump-new-move pos-2-2 pos-3-2 pos-4-2 (1)
end-move pos-4-2 (0)
jump-new-move pos-3-4 pos-2-4 pos-1-4 (1)
end-move pos-1-4 (0)
jump-new-move pos-0-4 pos-1-4 pos-2-4 (1)
end-move pos-2-4 (0)
jump-new-move pos-5-2 pos-4-2 pos-3-2 (1)
end-move pos-3-2 (0)
jump-new-move pos-4-6 pos-4-5 pos-4-4 (1)
jump-continue-move pos-4-4 pos-4-3 pos-4-2 (0)
jump-continue-move pos-4-2 pos-3-2 pos-2-2 (0)
end-move pos-2-2 (0)
jump-new-move pos-2-1 pos-2-2 pos-2-3 (1)
end-move pos-2-3 (0)
jump-new-move pos-3-3 pos-2-3 pos-1-3 (1)
end-move pos-1-3 (0)
jump-new-move pos-0-3 pos-1-3 pos-2-3 (1)
end-move pos-2-3 (0)
jump-new-move pos-2-4 pos-2-3 pos-2-2 (1)
end-move pos-2-2 (0)
jump-new-move pos-1-2 pos-2-2 pos-3-2 (1)
end-move pos-3-2 (0)
jump-new-move pos-3-1 pos-3-2 pos-3-3 (1)
[t=0.201094s, 11676 KB] Plan length: 29 step(s).
[t=0.201128s, 11676 KB] Plan cost: 14
[t=0.201151s, 11676 KB] Solution: Incumbent solution found!
[t=0.201174s, 11676 KB] Solution Timestep: 1682415413430 millisecond(s).
[t=0.201196s, 11676 KB] Timestamp: 1682415413430 millisecond(s).
[t=0.201219s, 11676 KB] Expanded 3942 state(s).
[t=0.201242s, 11676 KB] Reopened 56 state(s).
[t=0.201265s, 11676 KB] Evaluated 9022 state(s).
[t=0.201288s, 11676 KB] Evaluations: 9943
[t=0.201311s, 11676 KB] Generated 11411 state(s).
[t=0.201334s, 11676 KB] Dead ends: 0 state(s).
[t=0.201356s, 11676 KB] Number of registered states: 9943
[t=0.201379s, 11676 KB] Int hash set load factor: 9943/16384 = 0.606873
[t=0.201403s, 11676 KB] Int hash set resizes: 14
[t=0.273547s, 11812 KB] Solution found!
jump-new-move pos-1-4 pos-1-3 pos-1-2 (1)
end-move pos-1-2 (0)
jump-new-move pos-2-6 pos-2-5 pos-2-4 (1)
end-move pos-2-4 (0)
jump-new-move pos-4-1 pos-4-2 pos-4-3 (1)
end-move pos-4-3 (0)
jump-new-move pos-2-2 pos-3-2 pos-4-2 (1)
end-move pos-4-2 (0)
jump-new-move pos-3-4 pos-2-4 pos-1-4 (1)
end-move pos-1-4 (0)
jump-new-move pos-4-6 pos-4-5 pos-4-4 (1)
end-move pos-4-4 (0)
jump-new-move pos-0-4 pos-0-3 pos-0-2 (1)
jump-continue-move pos-0-2 pos-1-2 pos-2-2 (0)
end-move pos-2-2 (0)
jump-new-move pos-2-1 pos-2-2 pos-2-3 (1)
end-move pos-2-3 (0)
jump-new-move pos-5-2 pos-4-2 pos-3-2 (1)
end-move pos-3-2 (0)
jump-new-move pos-4-4 pos-4-3 pos-4-2 (1)
jump-continue-move pos-4-2 pos-3-2 pos-2-2 (0)
end-move pos-2-2 (0)
jump-new-move pos-3-3 pos-2-3 pos-1-3 (1)
end-move pos-1-3 (0)
jump-new-move pos-1-4 pos-1-3 pos-1-2 (1)
jump-continue-move pos-1-2 pos-2-2 pos-3-2 (0)
end-move pos-3-2 (0)
jump-new-move pos-3-1 pos-3-2 pos-3-3 (1)
[t=0.274303s, 11812 KB] Plan length: 28 step(s).
[t=0.274344s, 11812 KB] Plan cost: 13
[t=0.274368s, 11812 KB] Solution: Incumbent solution found!
[t=0.274392s, 11812 KB] Solution Timestep: 1682415413504 millisecond(s).
[t=0.274416s, 11812 KB] Timestamp: 1682415413504 millisecond(s).
[t=0.274439s, 11812 KB] Expanded 5627 state(s).
[t=0.274461s, 11812 KB] Reopened 137 state(s).
[t=0.274483s, 11812 KB] Evaluated 12412 state(s).
[t=0.274505s, 11812 KB] Evaluations: 13753
[t=0.274527s, 11812 KB] Generated 16123 state(s).
[t=0.274549s, 11812 KB] Dead ends: 0 state(s).
[t=0.274572s, 11812 KB] Number of registered states: 13753
[t=0.274595s, 11812 KB] Int hash set load factor: 13753/16384 = 0.839417
[t=0.274618s, 11812 KB] Int hash set resizes: 14
[t=0.28519s, 11812 KB] Solution found!
jump-new-move pos-1-4 pos-1-3 pos-1-2 (1)
end-move pos-1-2 (0)
jump-new-move pos-2-6 pos-2-5 pos-2-4 (1)
end-move pos-2-4 (0)
jump-new-move pos-4-1 pos-4-2 pos-4-3 (1)
end-move pos-4-3 (0)
jump-new-move pos-2-2 pos-3-2 pos-4-2 (1)
end-move pos-4-2 (0)
jump-new-move pos-3-4 pos-2-4 pos-1-4 (1)
end-move pos-1-4 (0)
jump-new-move pos-4-6 pos-4-5 pos-4-4 (1)
end-move pos-4-4 (0)
jump-new-move pos-0-4 pos-0-3 pos-0-2 (1)
jump-continue-move pos-0-2 pos-1-2 pos-2-2 (0)
end-move pos-2-2 (0)
jump-new-move pos-2-1 pos-2-2 pos-2-3 (1)
end-move pos-2-3 (0)
jump-new-move pos-5-2 pos-4-2 pos-3-2 (1)
end-move pos-3-2 (0)
jump-new-move pos-4-4 pos-4-3 pos-4-2 (1)
jump-continue-move pos-4-2 pos-3-2 pos-2-2 (0)
jump-continue-move pos-2-2 pos-2-3 pos-2-4 (0)
end-move pos-2-4 (0)
jump-new-move pos-1-4 pos-2-4 pos-3-4 (1)
jump-continue-move pos-3-4 pos-3-3 pos-3-2 (0)
end-move pos-3-2 (0)
jump-new-move pos-3-1 pos-3-2 pos-3-3 (1)
[t=0.288528s, 11812 KB] Plan length: 27 step(s).
[t=0.288568s, 11812 KB] Plan cost: 12
[t=0.288592s, 11812 KB] Solution: Incumbent solution found!
[t=0.288616s, 11812 KB] Solution Timestep: 1682415413519 millisecond(s).
[t=0.28864s, 11812 KB] Timestamp: 1682415413519 millisecond(s).
[t=0.288663s, 11812 KB] Expanded 5961 state(s).
[t=0.288686s, 11812 KB] Reopened 166 state(s).
[t=0.288708s, 11812 KB] Evaluated 13049 state(s).
[t=0.288731s, 11812 KB] Evaluations: 14486
[t=0.288753s, 11812 KB] Generated 17060 state(s).
[t=0.288776s, 11812 KB] Dead ends: 0 state(s).
[t=0.288799s, 11812 KB] Number of registered states: 14486
[t=0.288823s, 11812 KB] Int hash set load factor: 14486/16384 = 0.884155
[t=0.288846s, 11812 KB] Int hash set resizes: 14
[t=1.13395s, 14580 KB] Solution found!
jump-new-move pos-1-4 pos-1-3 pos-1-2 (1)
end-move pos-1-2 (0)
jump-new-move pos-2-6 pos-2-5 pos-2-4 (1)
end-move pos-2-4 (0)
jump-new-move pos-4-1 pos-4-2 pos-4-3 (1)
end-move pos-4-3 (0)
jump-new-move pos-4-6 pos-4-5 pos-4-4 (1)
end-move pos-4-4 (0)
jump-new-move pos-3-4 pos-2-4 pos-1-4 (1)
end-move pos-1-4 (0)
jump-new-move pos-2-1 pos-2-2 pos-2-3 (1)
end-move pos-2-3 (0)
jump-new-move pos-0-4 pos-0-3 pos-0-2 (1)
jump-continue-move pos-0-2 pos-1-2 pos-2-2 (0)
jump-continue-move pos-2-2 pos-3-2 pos-4-2 (0)
end-move pos-4-2 (0)
jump-new-move pos-5-2 pos-4-2 pos-3-2 (1)
end-move pos-3-2 (0)
jump-new-move pos-4-4 pos-4-3 pos-4-2 (1)
jump-continue-move pos-4-2 pos-3-2 pos-2-2 (0)
jump-continue-move pos-2-2 pos-2-3 pos-2-4 (0)
end-move pos-2-4 (0)
jump-new-move pos-1-4 pos-2-4 pos-3-4 (1)
jump-continue-move pos-3-4 pos-3-3 pos-3-2 (0)
end-move pos-3-2 (0)
jump-new-move pos-3-1 pos-3-2 pos-3-3 (1)
[t=1.13607s, 14580 KB] Plan length: 26 step(s).
[t=1.13611s, 14580 KB] Plan cost: 11
[t=1.13614s, 14580 KB] Solution: Incumbent solution found!
[t=1.13616s, 14580 KB] Solution Timestep: 1682415414369 millisecond(s).
[t=1.13619s, 14580 KB] Timestamp: 1682415414369 millisecond(s).
[t=1.13621s, 14580 KB] Expanded 26910 state(s).
[t=1.13623s, 14580 KB] Reopened 1677 state(s).
[t=1.13625s, 14580 KB] Evaluated 50530 state(s).
[t=1.13628s, 14580 KB] Evaluations: 58196
[t=1.1363s, 14580 KB] Generated 74199 state(s).
[t=1.13632s, 14580 KB] Dead ends: 0 state(s).
[t=1.13634s, 14580 KB] Number of registered states: 58196
[t=1.13637s, 14580 KB] Int hash set load factor: 58196/131072 = 0.444
[t=1.13639s, 14580 KB] Int hash set resizes: 17
[t=1.32539s, 14580 KB] Solution found!
jump-new-move pos-3-2 pos-2-2 pos-1-2 (1)
end-move pos-1-2 (0)
jump-new-move pos-0-4 pos-0-3 pos-0-2 (1)
jump-continue-move pos-0-2 pos-1-2 pos-2-2 (0)
end-move pos-2-2 (0)
jump-new-move pos-4-1 pos-4-2 pos-4-3 (1)
end-move pos-4-3 (0)
jump-new-move pos-2-6 pos-2-5 pos-2-4 (1)
jump-continue-move pos-2-4 pos-3-4 pos-4-4 (0)
jump-continue-move pos-4-4 pos-4-3 pos-4-2 (0)
end-move pos-4-2 (0)
jump-new-move pos-2-1 pos-2-2 pos-2-3 (1)
jump-continue-move pos-2-3 pos-3-3 pos-4-3 (0)
end-move pos-4-3 (0)
jump-new-move pos-5-2 pos-4-2 pos-3-2 (1)
end-move pos-3-2 (0)
jump-new-move pos-4-6 pos-4-5 pos-4-4 (1)
jump-continue-move pos-4-4 pos-4-3 pos-4-2 (0)
jump-continue-move pos-4-2 pos-3-2 pos-2-2 (0)
end-move pos-2-2 (0)
jump-new-move pos-1-4 pos-1-3 pos-1-2 (1)
jump-continue-move pos-1-2 pos-2-2 pos-3-2 (0)
end-move pos-3-2 (0)
jump-new-move pos-3-1 pos-3-2 pos-3-3 (1)
[t=1.3265s, 14580 KB] Plan length: 24 step(s).
[t=1.32655s, 14580 KB] Plan cost: 9
[t=1.32657s, 14580 KB] Solution: Incumbent solution found!
[t=1.32659s, 14580 KB] Solution Timestep: 1682415414560 millisecond(s).
[t=1.32662s, 14580 KB] Timestamp: 1682415414560 millisecond(s).
[t=1.32664s, 14580 KB] Expanded 32354 state(s).
[t=1.32666s, 14580 KB] Reopened 2266 state(s).
[t=1.32669s, 14580 KB] Evaluated 58016 state(s).
[t=1.32671s, 14580 KB] Evaluations: 68191
[t=1.32673s, 14580 KB] Generated 88541 state(s).
[t=1.32675s, 14580 KB] Dead ends: 0 state(s).
[t=1.32678s, 14580 KB] Number of registered states: 68191
[t=1.3268s, 14580 KB] Int hash set load factor: 68191/131072 = 0.520256
[t=1.32682s, 14580 KB] Int hash set resizes: 17
[t=5.63864s, 24140 KB] Solution found!
jump-new-move pos-2-1 pos-2-2 pos-2-3 (1)
end-move pos-2-3 (0)
jump-new-move pos-0-4 pos-1-4 pos-2-4 (1)
jump-continue-move pos-2-4 pos-2-3 pos-2-2 (0)
end-move pos-2-2 (0)
jump-new-move pos-4-6 pos-4-5 pos-4-4 (1)
jump-continue-move pos-4-4 pos-3-4 pos-2-4 (0)
end-move pos-2-4 (0)
jump-new-move pos-3-2 pos-3-3 pos-3-4 (1)
jump-continue-move pos-3-4 pos-2-4 pos-1-4 (0)
end-move pos-1-4 (0)
jump-new-move pos-5-2 pos-4-2 pos-3-2 (1)
jump-continue-move pos-3-2 pos-2-2 pos-1-2 (0)
end-move pos-1-2 (0)
jump-new-move pos-2-6 pos-2-5 pos-2-4 (1)
jump-continue-move pos-2-4 pos-1-4 pos-0-4 (0)
jump-continue-move pos-0-4 pos-0-3 pos-0-2 (0)
jump-continue-move pos-0-2 pos-1-2 pos-2-2 (0)
end-move pos-2-2 (0)
jump-new-move pos-4-1 pos-3-1 pos-2-1 (1)
jump-continue-move pos-2-1 pos-2-2 pos-2-3 (0)
end-move pos-2-3 (0)
jump-new-move pos-1-3 pos-2-3 pos-3-3 (1)
[t=5.64114s, 24140 KB] Plan length: 23 step(s).
[t=5.64119s, 24140 KB] Plan cost: 8
[t=5.64121s, 24140 KB] Solution: Incumbent solution found!
[t=5.64123s, 24140 KB] Solution Timestep: 1682415418882 millisecond(s).
[t=5.64126s, 24140 KB] Timestamp: 1682415418882 millisecond(s).
[t=5.64128s, 24140 KB] Expanded 167703 state(s).
[t=5.6413s, 24140 KB] Reopened 11960 state(s).
[t=5.64133s, 24140 KB] Evaluated 164277 state(s).
[t=5.64135s, 24140 KB] Evaluations: 278849
[t=5.64137s, 24140 KB] Generated 440641 state(s).
[t=5.64139s, 24140 KB] Dead ends: 0 state(s).
[t=5.64142s, 24140 KB] Number of registered states: 278849
[t=5.64144s, 24140 KB] Int hash set load factor: 278849/524288 = 0.531862
[t=5.64147s, 24140 KB] Int hash set resizes: 19
[t=5.91003s, 24140 KB] Optimal Solution: found
[t=5.91337s, 24140 KB] Actual search time: 5.90726s
jump-new-move pos-2-1 pos-2-2 pos-2-3 (1)
end-move pos-2-3 (0)
jump-new-move pos-0-4 pos-1-4 pos-2-4 (1)
jump-continue-move pos-2-4 pos-2-3 pos-2-2 (0)
end-move pos-2-2 (0)
jump-new-move pos-4-6 pos-4-5 pos-4-4 (1)
jump-continue-move pos-4-4 pos-3-4 pos-2-4 (0)
end-move pos-2-4 (0)
jump-new-move pos-3-2 pos-3-3 pos-3-4 (1)
jump-continue-move pos-3-4 pos-2-4 pos-1-4 (0)
end-move pos-1-4 (0)
jump-new-move pos-5-2 pos-4-2 pos-3-2 (1)
jump-continue-move pos-3-2 pos-2-2 pos-1-2 (0)
end-move pos-1-2 (0)
jump-new-move pos-2-6 pos-2-5 pos-2-4 (1)
jump-continue-move pos-2-4 pos-1-4 pos-0-4 (0)
jump-continue-move pos-0-4 pos-0-3 pos-0-2 (0)
jump-continue-move pos-0-2 pos-1-2 pos-2-2 (0)
end-move pos-2-2 (0)
jump-new-move pos-4-1 pos-3-1 pos-2-1 (1)
jump-continue-move pos-2-1 pos-2-2 pos-2-3 (0)
end-move pos-2-3 (0)
jump-new-move pos-1-3 pos-2-3 pos-3-3 (1)
[t=5.9134s, 24140 KB] Plan length: 23 step(s).
[t=5.9134s, 24140 KB] Plan cost: 8
[t=5.9134s, 24140 KB] Timestamp: 1682415419155 millisecond(s).
[t=5.9134s, 24140 KB] Expanded 176735 state(s).
[t=5.9134s, 24140 KB] Reopened 12269 state(s).
[t=5.9134s, 24140 KB] Evaluated 164466 state(s).
[t=5.9134s, 24140 KB] Evaluations: 290987
[t=5.9134s, 24140 KB] Generated 464135 state(s).
[t=5.9134s, 24140 KB] Dead ends: 0 state(s).
[t=5.9134s, 24140 KB] Number of registered states: 290987
[t=5.9134s, 24140 KB] Int hash set load factor: 290987/524288 = 0.555014
[t=5.9134s, 24140 KB] Int hash set resizes: 19
[t=5.9134s, 24140 KB] Search time: 5.9075s
[t=5.9134s, 24140 KB] Total time: 5.9134s
Solution found.
Peak memory: 24140 KB
Remove intermediate file output.sas
search exit code: 0

INFO     Running validate.
INFO     validate stdin: None
INFO     validate time limit: None
INFO     validate memory limit: None
INFO     validate command line string: validate domain.pddl problem.pddl sas_plan sas_plan.1 sas_plan.2 sas_plan.3 sas_plan.4 sas_plan.5 sas_plan.6
Checking plan: sas_plan
Plan executed successfully - checking goal
Plan valid
Final value: 8 
Checking plan: sas_plan.1
Plan executed successfully - checking goal
Plan valid
Final value: 14 
Checking plan: sas_plan.2
Plan executed successfully - checking goal
Plan valid
Final value: 13 
Checking plan: sas_plan.3
Plan executed successfully - checking goal
Plan valid
Final value: 12 
Checking plan: sas_plan.4
Plan executed successfully - checking goal
Plan valid
Final value: 11 
Checking plan: sas_plan.5
Plan executed successfully - checking goal
Plan valid
Final value: 9 
Checking plan: sas_plan.6
Plan executed successfully - checking goal
Plan valid
Final value: 8 

Successful plans:
Value: 8
 sas_plan 8 
sas_plan.6 8 

Value: 9
 sas_plan.5 9 

Value: 11
 sas_plan.4 11 

Value: 12
 sas_plan.3 12 

Value: 13
 sas_plan.2 13 

Value: 14
 sas_plan.1 14 

validate exit code: 0

INFO     Planner time: 6.04s
