INFO     planner time limit: 900s
INFO     planner memory limit: 3584 MB

INFO     Running translator.
INFO     translator stdin: None
INFO     translator time limit: 899s
INFO     translator memory limit: 3584 MB
INFO     translator command line string: /usr/local/downward-projects/downward/experiments/.venv/bin/python3 /usr/local/downward-projects/downward/experiments/src/thesis/data/thesis-thesis_exp/code-492c46a6b9a8d722366a407090da84235e2f79dc_e5e41175/builds/release/bin/translate/translate.py domain.pddl problem.pddl --sas-file output.sas
Parsing...
Parsing: [0.020s CPU, 0.021s wall-clock]
Normalizing task... [0.000s CPU, 0.001s wall-clock]
Instantiating...
Generating Datalog program... [0.010s CPU, 0.015s wall-clock]
Normalizing Datalog program...
Normalizing Datalog program: [0.000s CPU, 0.002s wall-clock]
Preparing model... [0.040s CPU, 0.037s wall-clock]
Generated 51 rules.
Computing model... [15.720s CPU, 15.840s wall-clock]
1185472 relevant atoms
811549 auxiliary atoms
1997021 final queue length
2770334 total queue pushes
Completing instantiation... [33.180s CPU, 33.238s wall-clock]
Instantiating: [49.660s CPU, 49.861s wall-clock]
Computing fact groups...
Finding invariants...
6 initial candidates
Finding invariants: [0.160s CPU, 0.152s wall-clock]
Checking invariant weight... [0.000s CPU, 0.003s wall-clock]
Instantiating groups... [4.030s CPU, 4.040s wall-clock]
Collecting mutex groups... [0.150s CPU, 0.152s wall-clock]
Choosing groups...
0 uncovered facts
Choosing groups: [0.520s CPU, 0.521s wall-clock]
Building translation key... [0.140s CPU, 0.146s wall-clock]
Computing fact groups: [6.230s CPU, 6.242s wall-clock]
Building STRIPS to SAS dictionary... [0.210s CPU, 0.207s wall-clock]
Building dictionary for full mutex groups... [0.130s CPU, 0.130s wall-clock]
Building mutex information...
Building mutex information: [0.100s CPU, 0.101s wall-clock]
Translating task...
Processing axioms...
Simplifying axioms... [0.000s CPU, 0.000s wall-clock]
Translator axioms removed by simplifying: 0
Computing negative axioms... [0.000s CPU, 0.000s wall-clock]
Processing axioms: [1.010s CPU, 1.012s wall-clock]
Translating task: [25.350s CPU, 25.370s wall-clock]
0 effect conditions simplified
0 implied preconditions added
Detecting unreachable propositions...
0 operators removed
0 axioms removed
192 propositions removed
Detecting unreachable propositions: [15.290s CPU, 15.306s wall-clock]
Reordering and filtering variables...
192 of 192 variables necessary.
0 of 192 mutex groups necessary.
970816 of 970816 operators necessary.
0 of 0 axiom rules necessary.
Reordering and filtering variables: [1.780s CPU, 1.784s wall-clock]
Translator variables: 192
Translator derived variables: 0
Translator facts: 201791
Translator goal facts: 95
Translator mutex groups: 0
Translator total mutex groups size: 0
Translator operators: 970816
Translator axioms: 0
Translator task size: 3892766
Translator peak memory: 2958912 KB
Writing output... [3.410s CPU, 3.408s wall-clock]
Done! [103.390s CPU, 103.640s wall-clock]
translate exit code: 0

INFO     Running search (release).
INFO     search stdin: output.sas
INFO     search time limit: 796s
INFO     search memory limit: 3584 MB
INFO     search command line string: /usr/local/downward-projects/downward/experiments/src/thesis/data/thesis-thesis_exp/code-492c46a6b9a8d722366a407090da84235e2f79dc_e5e41175/builds/release/bin/downward --evaluator 'h=ff(transform=adapt_costs(one))' --search 'eager(alt([single(h), linear_weighted_type_based([h, g()], ignore_size=true)]), cost_type=one)' --internal-plan-file sas_plan < output.sas
[t=0.00187995s, 11200 KB] reading input...
[t=2.44175s, 250384 KB] done reading input!
[t=2.64149s, 292712 KB] Simplifying 970816 unary operators... done! [970816 unary operators]
[t=4.13195s, 386924 KB] time to simplify: 1.68227s
[t=4.3572s, 386924 KB] Initializing additive heuristic...
[t=4.35875s, 386924 KB] Initializing FF heuristic...
[t=4.35879s, 386924 KB] Building successor generator...done!
[t=5.07983s, 483180 KB] peak memory difference for successor generator creation: 96256 KB
[t=5.07994s, 483180 KB] time for successor generation creation: 0.717549s
[t=5.09636s, 483180 KB] Variables: 192
[t=5.09975s, 483180 KB] FactPairs: 201791
[t=5.09978s, 483180 KB] Bytes per state: 224
[t=5.0998s, 483180 KB] Conducting best first search without reopening closed nodes, (real) bound = 2147483647
[t=5.13382s, 483180 KB] New best heuristic value for ff(transform=adapt_costs(one)): 884
[t=5.13445s, 483180 KB] g=0, 1 evaluated, 0 expanded
[t=5.13447s, 483180 KB] Initial heuristic value for ff(transform=adapt_costs(one)): 884
[t=5.1345s, 483180 KB] pruning method: none
[t=5.13453s, 483180 KB] Start Timestep: 1685448491508 millisecond(s).
[t=5.16807s, 483180 KB] New best heuristic value for ff(transform=adapt_costs(one)): 883
[t=5.16919s, 483180 KB] g=1, 2 evaluated, 1 expanded
[t=63.7063s, 483180 KB] New best heuristic value for ff(transform=adapt_costs(one)): 880
[t=63.7078s, 483180 KB] g=1, 1944 evaluated, 1 expanded
[t=126.991s, 483180 KB] New best heuristic value for ff(transform=adapt_costs(one)): 879
[t=126.991s, 483180 KB] g=2, 4006 evaluated, 2 expanded
[t=187.095s, 483180 KB] New best heuristic value for ff(transform=adapt_costs(one)): 876
[t=187.095s, 483180 KB] g=2, 5948 evaluated, 2 expanded
[t=250.062s, 483180 KB] New best heuristic value for ff(transform=adapt_costs(one)): 875
[t=250.063s, 483180 KB] g=3, 7947 evaluated, 3 expanded
[t=324.536s, 483180 KB] New best heuristic value for ff(transform=adapt_costs(one)): 874
[t=324.536s, 483180 KB] g=3, 10374 evaluated, 3 expanded
[t=325.459s, 483180 KB] New best heuristic value for ff(transform=adapt_costs(one)): 873
[t=325.46s, 483180 KB] g=3, 10404 evaluated, 3 expanded
[t=335.224s, 483180 KB] New best heuristic value for ff(transform=adapt_costs(one)): 872
[t=335.224s, 483180 KB] g=3, 10720 evaluated, 3 expanded
[t=494.358s, 483180 KB] New best heuristic value for ff(transform=adapt_costs(one)): 871
[t=494.359s, 483180 KB] g=4, 15827 evaluated, 5 expanded
[t=571.161s, 483180 KB] New best heuristic value for ff(transform=adapt_costs(one)): 869
[t=571.164s, 483180 KB] g=4, 18315 evaluated, 5 expanded
[t=738.946s, 483180 KB] New best heuristic value for ff(transform=adapt_costs(one)): 868
[t=738.949s, 483180 KB] g=5, 23707 evaluated, 7 expanded
Peak memory: 483180 KB
caught signal 24 -- exiting
Time limit has been reached.
Remove intermediate file output.sas
search exit code: 23

Driver aborting after search
INFO     Planner time: 897.78s
