INFO     planner time limit: 900s
INFO     planner memory limit: 3584 MB

INFO     Running translator.
INFO     translator stdin: None
INFO     translator time limit: 899s
INFO     translator memory limit: 3584 MB
INFO     translator command line string: /usr/local/downward-projects/downward/experiments/.venv/bin/python3 /usr/local/downward-projects/downward/experiments/src/thesis/data/thesis-thesis_exp/code-f7a4f68fd467cf7cff4d3dfcfdfcfa2023e44324_e5e41175/builds/release/bin/translate/translate.py domain.pddl problem.pddl --sas-file output.sas
Parsing...
Parsing: [0.030s CPU, 0.016s wall-clock]
Normalizing task... [0.000s CPU, 0.001s wall-clock]
Instantiating...
Generating Datalog program... [0.010s CPU, 0.011s wall-clock]
Normalizing Datalog program...
Normalizing Datalog program: [0.000s CPU, 0.003s wall-clock]
Preparing model... [0.030s CPU, 0.026s wall-clock]
Generated 51 rules.
Computing model... [8.480s CPU, 8.565s wall-clock]
594417 relevant atoms
425810 auxiliary atoms
1020227 final queue length
1398103 total queue pushes
Completing instantiation... [17.940s CPU, 18.110s wall-clock]
Instantiating: [26.860s CPU, 27.113s wall-clock]
Computing fact groups...
Finding invariants...
6 initial candidates
Finding invariants: [0.070s CPU, 0.080s wall-clock]
Checking invariant weight... [0.010s CPU, 0.002s wall-clock]
Instantiating groups... [0.460s CPU, 0.463s wall-clock]
Collecting mutex groups... [0.080s CPU, 0.087s wall-clock]
Choosing groups...
0 uncovered facts
Choosing groups: [0.290s CPU, 0.287s wall-clock]
Building translation key... [0.080s CPU, 0.078s wall-clock]
Computing fact groups: [1.610s CPU, 1.625s wall-clock]
Building STRIPS to SAS dictionary... [0.110s CPU, 0.110s wall-clock]
Building dictionary for full mutex groups... [0.070s CPU, 0.067s wall-clock]
Building mutex information...
Building mutex information: [0.050s CPU, 0.055s wall-clock]
Translating task...
Processing axioms...
Simplifying axioms... [0.000s CPU, 0.000s wall-clock]
Translator axioms removed by simplifying: 0
Computing negative axioms... [0.000s CPU, 0.000s wall-clock]
Processing axioms: [0.500s CPU, 0.510s wall-clock]
Translating task: [12.730s CPU, 12.860s wall-clock]
0 effect conditions simplified
0 implied preconditions added
Detecting unreachable propositions...
0 operators removed
0 axioms removed
148 propositions removed
Detecting unreachable propositions: [7.750s CPU, 7.836s wall-clock]
Reordering and filtering variables...
148 of 148 variables necessary.
0 of 148 mutex groups necessary.
480400 of 480400 operators necessary.
0 of 0 axiom rules necessary.
Reordering and filtering variables: [0.910s CPU, 0.904s wall-clock]
Translator variables: 148
Translator derived variables: 0
Translator facts: 105322
Translator goal facts: 72
Translator mutex groups: 0
Translator total mutex groups size: 0
Translator operators: 480400
Translator axioms: 0
Translator task size: 1928342
Translator peak memory: 1492536 KB
Writing output... [1.670s CPU, 1.681s wall-clock]
Done! [52.390s CPU, 52.880s wall-clock]
translate exit code: 0

INFO     Running search (release).
INFO     search stdin: output.sas
INFO     search time limit: 847s
INFO     search memory limit: 3584 MB
INFO     search command line string: /usr/local/downward-projects/downward/experiments/src/thesis/data/thesis-thesis_exp/code-f7a4f68fd467cf7cff4d3dfcfdfcfa2023e44324_e5e41175/builds/release/bin/downward --evaluator 'h=ff()' --search 'eager(alt([type_based([h, g()], random_seed=-1), single(h)]))' --internal-plan-file sas_plan < output.sas
[t=0s, 11000 KB] reading input...
[t=1.15895s, 130064 KB] done reading input!
[t=1.23873s, 151396 KB] Simplifying 480400 unary operators... done! [480400 unary operators]
[t=1.96606s, 197852 KB] time to simplify: 0.815324s
[t=2.06999s, 197852 KB] Initializing additive heuristic...
[t=2.07218s, 197852 KB] Initializing FF heuristic...
[t=2.07222s, 197852 KB] Building successor generator...done!
[t=2.43338s, 247684 KB] peak memory difference for successor generator creation: 49832 KB
[t=2.4335s, 247684 KB] time for successor generation creation: 0.357117s
[t=2.44136s, 247684 KB] Variables: 148
[t=2.44346s, 247684 KB] FactPairs: 105322
[t=2.44348s, 247684 KB] Bytes per state: 164
[t=2.44351s, 247684 KB] Conducting best first search without reopening closed nodes, (real) bound = 2147483647
[t=2.46128s, 247684 KB] New best heuristic value for ff(): 650
[t=2.4639s, 247684 KB] g=0, 1 evaluated, 0 expanded
[t=2.46393s, 247684 KB] Initial heuristic value for ff(): 650
[t=2.46396s, 247684 KB] pruning method: none
[t=2.46399s, 247684 KB] Start Timestep: 1684369401782 millisecond(s).
[t=2.48114s, 247684 KB] New best heuristic value for ff(): 649
[t=2.48435s, 247684 KB] g=1, 2 evaluated, 1 expanded
[t=27.2437s, 247684 KB] New best heuristic value for ff(): 648
[t=27.2459s, 247684 KB] g=1, 1310 evaluated, 1 expanded
[t=27.6235s, 247684 KB] New best heuristic value for ff(): 647
[t=27.6243s, 247684 KB] g=1, 1330 evaluated, 1 expanded
[t=27.9634s, 247684 KB] New best heuristic value for ff(): 646
[t=27.9637s, 247684 KB] g=1, 1348 evaluated, 1 expanded
[t=51.4143s, 247684 KB] New best heuristic value for ff(): 645
[t=51.4162s, 247684 KB] g=2, 2584 evaluated, 2 expanded
[t=77.9882s, 247684 KB] New best heuristic value for ff(): 644
[t=77.9901s, 247684 KB] g=2, 3986 evaluated, 2 expanded
[t=78.8637s, 247684 KB] New best heuristic value for ff(): 643
[t=78.8655s, 247684 KB] g=2, 4032 evaluated, 2 expanded
[t=148.058s, 247684 KB] New best heuristic value for ff(): 642
[t=148.058s, 247684 KB] g=3, 7649 evaluated, 4 expanded
[t=187.28s, 247684 KB] New best heuristic value for ff(): 641
[t=187.282s, 247684 KB] g=3, 9690 evaluated, 4 expanded
[t=246.38s, 247684 KB] New best heuristic value for ff(): 640
[t=246.381s, 247684 KB] g=4, 12734 evaluated, 6 expanded
[t=296.058s, 247684 KB] New best heuristic value for ff(): 639
[t=296.059s, 247684 KB] g=5, 15267 evaluated, 7 expanded
[t=346.401s, 247684 KB] New best heuristic value for ff(): 638
[t=346.402s, 247684 KB] g=6, 17824 evaluated, 8 expanded
[t=448.116s, 247684 KB] New best heuristic value for ff(): 637
[t=448.116s, 247684 KB] g=7, 22963 evaluated, 10 expanded
[t=538.57s, 247684 KB] New best heuristic value for ff(): 636
[t=538.571s, 247684 KB] g=8, 28100 evaluated, 12 expanded
[t=610.588s, 247684 KB] New best heuristic value for ff(): 635
[t=610.589s, 247684 KB] g=9, 33215 evaluated, 14 expanded
[t=680.295s, 247684 KB] New best heuristic value for ff(): 634
[t=680.295s, 247684 KB] g=10, 38332 evaluated, 16 expanded
[t=744.287s, 247684 KB] New best heuristic value for ff(): 633
[t=744.288s, 247684 KB] g=11, 43449 evaluated, 18 expanded
[t=808.221s, 247684 KB] New best heuristic value for ff(): 632
[t=808.222s, 247684 KB] g=12, 48565 evaluated, 20 expanded
Peak memory: 247684 KB
caught signal 24 -- exiting
Time limit has been reached.
Remove intermediate file output.sas
search exit code: 23

Driver aborting after search
INFO     Planner time: 894.32s
