INFO     planner time limit: 600s
INFO     planner memory limit: 3584 MB

INFO     Running translator.
INFO     translator stdin: None
INFO     translator time limit: 599s
INFO     translator memory limit: 3584 MB
INFO     translator command line string: /usr/local/downward-projects/downward/experiments/src/thesis/.venv/bin/python3 /usr/local/downward-projects/downward/experiments/src/thesis/data/thesis-thesis_exp/code-84c08dfff1890fbf6247184940c8166177195ea1_e5e41175/builds/release/bin/translate/translate.py domain.pddl problem.pddl --sas-file output.sas
Parsing...
Parsing: [0.000s CPU, 0.003s wall-clock]
Normalizing task... [0.010s CPU, 0.000s wall-clock]
Instantiating...
Generating Datalog program... [0.000s CPU, 0.001s wall-clock]
Normalizing Datalog program...
Normalizing Datalog program: [0.000s CPU, 0.003s wall-clock]
Preparing model... [0.000s CPU, 0.002s wall-clock]
Generated 79 rules.
Computing model... [2.040s CPU, 2.037s wall-clock]
169229 relevant atoms
55164 auxiliary atoms
224393 final queue length
713468 total queue pushes
Completing instantiation... [5.560s CPU, 5.571s wall-clock]
Instantiating: [7.680s CPU, 7.692s wall-clock]
Computing fact groups...
Finding invariants...
14 initial candidates
Finding invariants: [0.140s CPU, 0.139s wall-clock]
Checking invariant weight... [0.010s CPU, 0.000s wall-clock]
Instantiating groups... [0.000s CPU, 0.000s wall-clock]
Collecting mutex groups... [0.000s CPU, 0.001s wall-clock]
Choosing groups...
3880 uncovered facts
Choosing groups: [0.000s CPU, 0.001s wall-clock]
Building translation key... [0.010s CPU, 0.011s wall-clock]
Computing fact groups: [0.190s CPU, 0.178s wall-clock]
Building STRIPS to SAS dictionary... [0.000s CPU, 0.004s wall-clock]
Building dictionary for full mutex groups... [0.000s CPU, 0.003s wall-clock]
Building mutex information...
Building mutex information: [0.010s CPU, 0.002s wall-clock]
Translating task...
Processing axioms...
Simplifying axioms... [0.000s CPU, 0.000s wall-clock]
Translator axioms removed by simplifying: 0
Computing negative axioms... [0.000s CPU, 0.000s wall-clock]
Processing axioms: [0.080s CPU, 0.085s wall-clock]
Translating task: [2.750s CPU, 2.760s wall-clock]
150228 effect conditions simplified
0 implied preconditions added
Detecting unreachable propositions...
0 operators removed
0 axioms removed
0 propositions removed
Detecting unreachable propositions: [2.790s CPU, 2.795s wall-clock]
Reordering and filtering variables...
3880 of 3880 variables necessary.
0 of 0 mutex groups necessary.
60196 of 60196 operators necessary.
0 of 0 axiom rules necessary.
Reordering and filtering variables: [2.490s CPU, 2.495s wall-clock]
Translator variables: 3880
Translator derived variables: 0
Translator facts: 7760
Translator goal facts: 28
Translator mutex groups: 0
Translator total mutex groups size: 0
Translator operators: 60196
Translator axioms: 0
Translator task size: 521152
Translator peak memory: 366784 KB
Writing output... [0.420s CPU, 0.424s wall-clock]
Done! [16.490s CPU, 16.501s wall-clock]
translate exit code: 0

INFO     Running search (release).
INFO     search stdin: output.sas
INFO     search time limit: 583s
INFO     search memory limit: 3584 MB
INFO     search command line string: /usr/local/downward-projects/downward/experiments/src/thesis/data/thesis-thesis_exp/code-84c08dfff1890fbf6247184940c8166177195ea1_e5e41175/builds/release/bin/downward --evaluator 'h=ff()' --search 'eager(partition(h, plateau_partition(), inter_uniform(), intra_uniform() )) ' --internal-plan-file sas_plan < output.sas
[t=0s, 11732 KB] reading input...
[t=0.287406s, 35944 KB] done reading input!
[t=0.323313s, 53160 KB] Simplifying 270656 unary operators... done! [195116 unary operators]
[t=0.667131s, 70204 KB] time to simplify: 0.343818s
[t=0.67109s, 70204 KB] Initializing additive heuristic...
[t=0.67298s, 70204 KB] Initializing FF heuristic...
[t=0.673009s, 70204 KB] Building successor generator...done!
[t=0.696939s, 70204 KB] peak memory difference for successor generator creation: 0 KB
[t=0.697052s, 70204 KB] time for successor generation creation: 0.0217191s
[t=0.697078s, 70204 KB] Variables: 3880
[t=0.69717s, 70204 KB] FactPairs: 7760
[t=0.697193s, 70204 KB] Bytes per state: 488
[t=0.697216s, 70204 KB] Conducting best first search without reopening closed nodes, (real) bound = 2147483647
[t=0.698875s, 70204 KB] New best heuristic value for ff(): 41
[t=0.700841s, 70204 KB] g=0, 1 evaluated, 0 expanded
[t=0.700868s, 70204 KB] Initial heuristic value for ff(): 41
[t=0.7009s, 70204 KB] pruning method: none
[t=0.700924s, 70204 KB] Start Timestep: 1693592547428 millisecond(s).
[t=0.706784s, 70204 KB] New best heuristic value for ff(): 38
[t=0.706873s, 70204 KB] g=3, 5 evaluated, 1 expanded
[t=0.722699s, 70204 KB] New best heuristic value for ff(): 36
[t=0.723491s, 70204 KB] g=7, 17 evaluated, 3 expanded
[t=0.730618s, 70204 KB] New best heuristic value for ff(): 35
[t=0.734592s, 70204 KB] g=6, 25 evaluated, 5 expanded
[t=0.750499s, 70204 KB] New best heuristic value for ff(): 32
[t=0.754008s, 70204 KB] g=9, 39 evaluated, 8 expanded
[t=0.79042s, 70204 KB] New best heuristic value for ff(): 30
[t=0.793717s, 70204 KB] g=12, 68 evaluated, 13 expanded
[t=6.63966s, 70204 KB] New best heuristic value for ff(): 29
[t=6.64019s, 70204 KB] g=47, 3835 evaluated, 641 expanded
[t=6.64023s, 70204 KB] New best heuristic value for ff(): 27
[t=6.64196s, 70204 KB] g=47, 3836 evaluated, 641 expanded
[t=7.67067s, 70204 KB] New best heuristic value for ff(): 24
[t=7.67418s, 70204 KB] g=70, 4433 evaluated, 726 expanded
[t=10.0897s, 70204 KB] New best heuristic value for ff(): 21
[t=10.0908s, 70204 KB] g=82, 5753 evaluated, 907 expanded
[t=14.0084s, 70204 KB] New best heuristic value for ff(): 18
[t=14.0103s, 70204 KB] g=88, 7711 evaluated, 1148 expanded
[t=122.313s, 79180 KB] New best heuristic value for ff(): 16
[t=122.317s, 79180 KB] g=119, 32219 evaluated, 4112 expanded
[t=123.736s, 79312 KB] New best heuristic value for ff(): 14
[t=123.739s, 79312 KB] g=124, 32410 evaluated, 4137 expanded
Peak memory: 102544 KB
caught signal 24 -- exiting
Time limit has been reached.
Remove intermediate file output.sas
search exit code: 23

Driver aborting after search
INFO     Planner time: 599.40s
