INFO     planner time limit: 900s
INFO     planner memory limit: 3584 MB

INFO     Running translator.
INFO     translator stdin: None
INFO     translator time limit: 899s
INFO     translator memory limit: 3584 MB
INFO     translator command line string: /usr/local/downward-projects/downward/experiments/assign3/.venv/bin/python3 /usr/local/downward-projects/downward/experiments/assign3/data/assign3-anytime_exp/code-fe4f0f1bb525c059c1938ac01bab1b7bae200873_e5e41175/builds/release/bin/translate/translate.py domain.pddl problem.pddl --sas-file output.sas
Parsing...
Parsing: [0.010s CPU, 0.006s wall-clock]
Normalizing task... [0.000s CPU, 0.000s wall-clock]
Instantiating...
Generating Datalog program... [0.000s CPU, 0.001s wall-clock]
Normalizing Datalog program...
Normalizing Datalog program: [0.020s CPU, 0.017s wall-clock]
Preparing model... [0.000s CPU, 0.006s wall-clock]
Generated 400 rules.
Computing model... [0.510s CPU, 0.510s wall-clock]
31226 relevant atoms
32263 auxiliary atoms
63489 final queue length
163321 total queue pushes
Completing instantiation... [2.050s CPU, 2.076s wall-clock]
Instantiating: [2.610s CPU, 2.634s wall-clock]
Computing fact groups...
Finding invariants...
41 initial candidates
Finding invariants: [0.040s CPU, 0.047s wall-clock]
Checking invariant weight... [0.000s CPU, 0.000s wall-clock]
Instantiating groups... [0.000s CPU, 0.000s wall-clock]
Collecting mutex groups... [0.000s CPU, 0.000s wall-clock]
Choosing groups...
383 uncovered facts
Choosing groups: [0.000s CPU, 0.000s wall-clock]
Building translation key... [0.000s CPU, 0.001s wall-clock]
Computing fact groups: [0.050s CPU, 0.050s wall-clock]
Building STRIPS to SAS dictionary... [0.000s CPU, 0.001s wall-clock]
Building dictionary for full mutex groups... [0.000s CPU, 0.000s wall-clock]
Building mutex information...
Building mutex information: [0.000s CPU, 0.000s wall-clock]
Translating task...
Processing axioms...
Simplifying axioms... [0.000s CPU, 0.000s wall-clock]
Translator axioms removed by simplifying: 0
Computing negative axioms... [0.000s CPU, 0.000s wall-clock]
Processing axioms: [0.080s CPU, 0.081s wall-clock]
Translating task: [2.250s CPU, 2.278s wall-clock]
81643 effect conditions simplified
0 implied preconditions added
Detecting unreachable propositions...
0 operators removed
0 axioms removed
2 propositions removed
Detecting unreachable propositions: [1.700s CPU, 1.714s wall-clock]
Reordering and filtering variables...
385 of 385 variables necessary.
1 of 3 mutex groups necessary.
30657 of 30657 operators necessary.
0 of 0 axiom rules necessary.
Reordering and filtering variables: [0.500s CPU, 0.507s wall-clock]
Translator variables: 385
Translator derived variables: 0
Translator facts: 773
Translator goal facts: 4
Translator mutex groups: 1
Translator total mutex groups size: 2
Translator operators: 30657
Translator axioms: 0
Translator task size: 367826
Translator peak memory: 230256 KB
Writing output... [0.280s CPU, 0.279s wall-clock]
Done! [7.490s CPU, 7.557s wall-clock]
translate exit code: 0

INFO     Running search (release).
INFO     search stdin: output.sas
INFO     search time limit: 892s
INFO     search memory limit: 3584 MB
INFO     search command line string: /usr/local/downward-projects/downward/experiments/assign3/data/assign3-anytime_exp/code-fe4f0f1bb525c059c1938ac01bab1b7bae200873_e5e41175/builds/release/bin/downward --evaluator 'h=lmcut()' --search 'eager_anytime(epsilon_greedy(
        sum([weight(h, 2, verbosity=normal), g()]), epsilon=0.2, random_seed=1234), 
        reopen_closed=true, f_eval=sum([h, g()]))' --internal-plan-file sas_plan < output.sas
[t=0s, 10884 KB] reading input...
[t=0.167647s, 24708 KB] done reading input!
[t=0.195648s, 34872 KB] Initializing landmark cut heuristic...
[t=0.195648s, 34872 KB] Building successor generator...done!
[t=0.215648s, 40724 KB] peak memory difference for successor generator creation: 5852 KB
[t=0.215648s, 40724 KB] time for successor generation creation: 0.0199996s
[t=0.215648s, 40724 KB] Variables: 385
[t=0.215648s, 40724 KB] FactPairs: 773
[t=0.215648s, 40724 KB] Bytes per state: 52
[t=0.215648s, 40724 KB] Conducting best first anytime search with reopening closed nodes, (real) bound = 2147483647
[t=0.235602s, 40724 KB] New best heuristic value for lmcut(): 23
[t=0.235602s, 40724 KB] g=0, 1 evaluated, 0 expanded
[t=0.235602s, 40724 KB] Initial heuristic value for lmcut(): 23
[t=0.235602s, 40724 KB] Start Timestep: 1682381882582 millisecond(s).
[t=0.3314s, 40724 KB] New best heuristic value for lmcut(): 22
[t=0.3314s, 40724 KB] g=2, 6 evaluated, 2 expanded
[t=0.367256s, 40724 KB] New best heuristic value for lmcut(): 21
[t=0.367256s, 40724 KB] g=3, 8 evaluated, 3 expanded
[t=0.415213s, 40724 KB] New best heuristic value for lmcut(): 20
[t=0.415213s, 40724 KB] g=4, 11 evaluated, 4 expanded
[t=0.46441s, 40724 KB] New best heuristic value for lmcut(): 19
[t=0.46441s, 40724 KB] g=5, 14 evaluated, 5 expanded
[t=0.578519s, 40724 KB] New best heuristic value for lmcut(): 18
[t=0.578519s, 40724 KB] g=5, 21 evaluated, 8 expanded
[t=0.682316s, 40724 KB] New best heuristic value for lmcut(): 17
[t=0.682316s, 40724 KB] g=7, 28 evaluated, 11 expanded
[t=2.19051s, 40724 KB] New best heuristic value for lmcut(): 16
[t=2.19051s, 40724 KB] g=13, 124 evaluated, 49 expanded
[t=2.26935s, 40724 KB] New best heuristic value for lmcut(): 15
[t=2.26935s, 40724 KB] g=14, 129 evaluated, 51 expanded
[t=2.29335s, 40724 KB] New best heuristic value for lmcut(): 14
[t=2.29335s, 40724 KB] g=15, 131 evaluated, 52 expanded
[t=2.50086s, 40724 KB] New best heuristic value for lmcut(): 13
[t=2.50086s, 40724 KB] g=18, 147 evaluated, 57 expanded
[t=2.60061s, 40724 KB] New best heuristic value for lmcut(): 12
[t=2.60061s, 40724 KB] g=20, 154 evaluated, 60 expanded
[t=2.64047s, 40724 KB] New best heuristic value for lmcut(): 11
[t=2.64047s, 40724 KB] g=21, 158 evaluated, 61 expanded
[t=2.66042s, 40724 KB] New best heuristic value for lmcut(): 10
[t=2.66042s, 40724 KB] g=22, 160 evaluated, 62 expanded
[t=2.68443s, 40724 KB] New best heuristic value for lmcut(): 9
[t=2.68443s, 40724 KB] g=23, 163 evaluated, 63 expanded
[t=2.70438s, 40724 KB] New best heuristic value for lmcut(): 8
[t=2.70438s, 40724 KB] g=25, 166 evaluated, 65 expanded
[t=2.72662s, 40724 KB] New best heuristic value for lmcut(): 7
[t=2.72662s, 40724 KB] g=27, 169 evaluated, 68 expanded
[t=2.76416s, 40724 KB] New best heuristic value for lmcut(): 6
[t=2.76416s, 40724 KB] g=28, 173 evaluated, 70 expanded
[t=2.78016s, 40724 KB] New best heuristic value for lmcut(): 5
[t=2.78016s, 40724 KB] g=29, 176 evaluated, 71 expanded
[t=2.80016s, 40724 KB] New best heuristic value for lmcut(): 4
[t=2.80016s, 40724 KB] g=30, 180 evaluated, 72 expanded
[t=2.87198s, 40724 KB] New best heuristic value for lmcut(): 3
[t=2.87198s, 40724 KB] g=32, 188 evaluated, 75 expanded
[t=2.87998s, 40724 KB] New best heuristic value for lmcut(): 2
[t=2.87998s, 40724 KB] g=33, 192 evaluated, 76 expanded
[t=2.88798s, 40724 KB] New best heuristic value for lmcut(): 1
[t=2.88798s, 40724 KB] g=34, 195 evaluated, 77 expanded
[t=2.97973s, 40724 KB] New best heuristic value for lmcut(): 0
[t=2.97973s, 40724 KB] g=35, 204 evaluated, 80 expanded
[t=2.97973s, 40724 KB] Solution found!
unpark pr2 xrel0 yrel0 (1)
base-right pr2 x0 x1 y0 (1)
base-right pr2 x1 x2 y0 (1)
base-down pr2 x2 y0 y1 (1)
base-down pr2 x2 y1 y2 (1)
base-down pr2 x2 y2 y3 (1)
park pr2 (1)
get-left pr2 x2 y3 xrel0 x2 yrel0 y3 object2 x1 (1)
unpark pr2 xrel0 yrel0 (1)
base-up pr2 x2 y3 y2 (1)
base-right pr2 x2 x3 y2 (1)
base-right pr2 x3 x4 y2 (1)
base-right pr2 x4 x5 y2 (1)
base-right pr2 x5 x6 y2 (1)
base-right pr2 x6 x7 y2 (1)
base-down pr2 x7 y2 y3 (1)
base-down pr2 x7 y3 y4 (1)
base-left pr2 x7 x6 y4 (1)
base-left pr2 x6 x5 y4 (1)
park pr2 (1)
gripper-left pr2 x5 y4 xrel0 xrel-1 x5 x4 yrel0 y4 (1)
put-right pr2 x5 y4 xrel-1 x4 yrel0 y4 object2 x5 (1)
finish-object object2 x5 y4 (1)
get-down pr2 x5 y4 xrel-1 x4 yrel0 y4 object0 y5 (1)
gripper-down pr2 x5 y4 xrel-1 x4 yrel0 yrel1 y4 y5 (1)
put-up pr2 x5 y4 xrel-1 x4 yrel1 y5 object0 y4 (1)
get-right pr2 x5 y4 xrel-1 x4 yrel1 y5 object1 x5 (1)
gripper-right pr2 x5 y4 xrel-1 xrel0 x4 x5 yrel1 y5 (1)
put-left pr2 x5 y4 xrel0 x5 yrel1 y5 object1 x4 (1)
finish-object object0 x4 y4 (1)
get-up pr2 x5 y4 xrel0 x5 yrel1 y5 object3 y4 (1)
gripper-right pr2 x5 y4 xrel0 xrel1 x5 x6 yrel1 y5 (1)
put-left pr2 x5 y4 xrel1 x6 yrel1 y5 object3 x5 (1)
finish-object object1 x4 y5 (1)
finish-object object3 x5 y5 (1)
[t=2.97973s, 40724 KB] Plan length: 35 step(s).
[t=2.97973s, 40724 KB] Plan cost: 35
[t=2.97973s, 40724 KB] Solution: Incumbent solution found!
[t=2.97973s, 40724 KB] Solution Timestep: 1682381885333 millisecond(s).
[t=2.97973s, 40724 KB] Timestamp: 1682381885333 millisecond(s).
[t=2.97973s, 40724 KB] Expanded 81 state(s).
[t=2.97973s, 40724 KB] Reopened 0 state(s).
[t=2.97973s, 40724 KB] Evaluated 204 state(s).
[t=2.97973s, 40724 KB] Evaluations: 204
[t=2.97973s, 40724 KB] Generated 283 state(s).
[t=2.97973s, 40724 KB] Dead ends: 0 state(s).
[t=2.97973s, 40724 KB] Number of registered states: 204
[t=2.97973s, 40724 KB] Int hash set load factor: 204/256 = 0.796875
[t=2.97973s, 40724 KB] Int hash set resizes: 8
[t=239.458s, 40724 KB] Optimal Solution: found
[t=239.458s, 40724 KB] Actual search time: 239.222s
unpark pr2 xrel0 yrel0 (1)
base-right pr2 x0 x1 y0 (1)
base-right pr2 x1 x2 y0 (1)
base-down pr2 x2 y0 y1 (1)
base-down pr2 x2 y1 y2 (1)
base-down pr2 x2 y2 y3 (1)
park pr2 (1)
get-left pr2 x2 y3 xrel0 x2 yrel0 y3 object2 x1 (1)
unpark pr2 xrel0 yrel0 (1)
base-up pr2 x2 y3 y2 (1)
base-right pr2 x2 x3 y2 (1)
base-right pr2 x3 x4 y2 (1)
base-right pr2 x4 x5 y2 (1)
base-right pr2 x5 x6 y2 (1)
base-right pr2 x6 x7 y2 (1)
base-down pr2 x7 y2 y3 (1)
base-down pr2 x7 y3 y4 (1)
base-left pr2 x7 x6 y4 (1)
base-left pr2 x6 x5 y4 (1)
park pr2 (1)
gripper-left pr2 x5 y4 xrel0 xrel-1 x5 x4 yrel0 y4 (1)
put-right pr2 x5 y4 xrel-1 x4 yrel0 y4 object2 x5 (1)
finish-object object2 x5 y4 (1)
get-down pr2 x5 y4 xrel-1 x4 yrel0 y4 object0 y5 (1)
gripper-down pr2 x5 y4 xrel-1 x4 yrel0 yrel1 y4 y5 (1)
put-up pr2 x5 y4 xrel-1 x4 yrel1 y5 object0 y4 (1)
get-right pr2 x5 y4 xrel-1 x4 yrel1 y5 object1 x5 (1)
gripper-right pr2 x5 y4 xrel-1 xrel0 x4 x5 yrel1 y5 (1)
put-left pr2 x5 y4 xrel0 x5 yrel1 y5 object1 x4 (1)
finish-object object0 x4 y4 (1)
get-up pr2 x5 y4 xrel0 x5 yrel1 y5 object3 y4 (1)
gripper-right pr2 x5 y4 xrel0 xrel1 x5 x6 yrel1 y5 (1)
put-left pr2 x5 y4 xrel1 x6 yrel1 y5 object3 x5 (1)
finish-object object1 x4 y5 (1)
finish-object object3 x5 y5 (1)
[t=239.458s, 40724 KB] Plan length: 35 step(s).
[t=239.458s, 40724 KB] Plan cost: 35
[t=239.458s, 40724 KB] Timestamp: 1682382123125 millisecond(s).
[t=239.458s, 40724 KB] Expanded 7977 state(s).
[t=239.458s, 40724 KB] Reopened 67 state(s).
[t=239.458s, 40724 KB] Evaluated 7910 state(s).
[t=239.458s, 40724 KB] Evaluations: 16165
[t=239.458s, 40724 KB] Generated 27491 state(s).
[t=239.458s, 40724 KB] Dead ends: 0 state(s).
[t=239.458s, 40724 KB] Number of registered states: 16165
[t=239.458s, 40724 KB] Int hash set load factor: 16165/32768 = 0.493317
[t=239.458s, 40724 KB] Int hash set resizes: 15
[t=239.458s, 40724 KB] Search time: 239.242s
[t=239.458s, 40724 KB] Total time: 239.458s
Solution found.
Peak memory: 40724 KB
Remove intermediate file output.sas
search exit code: 0

INFO     Running validate.
INFO     validate stdin: None
INFO     validate time limit: None
INFO     validate memory limit: None
INFO     validate command line string: validate domain.pddl problem.pddl sas_plan sas_plan.1
Checking plan: sas_plan
Plan executed successfully - checking goal
Plan valid
Final value: 35 
Checking plan: sas_plan.1
Plan executed successfully - checking goal
Plan valid
Final value: 35 

Successful plans:
Value: 35
 sas_plan 35 
sas_plan.1 35 

validate exit code: 0

INFO     Planner time: 247.11s
