INFO     planner time limit: 600s
INFO     planner memory limit: 3584 MB

INFO     Running translator.
INFO     translator stdin: None
INFO     translator time limit: 599s
INFO     translator memory limit: 3584 MB
INFO     translator command line string: /usr/local/downward-projects/downward/experiments/src/thesis/.venv/bin/python3 /usr/local/downward-projects/downward/experiments/src/thesis/data/thesis-thesis_exp/code-84c08dfff1890fbf6247184940c8166177195ea1_e5e41175/builds/release/bin/translate/translate.py domain.pddl problem.pddl --sas-file output.sas
Parsing...
Parsing: [0.000s CPU, 0.006s wall-clock]
Normalizing task... [0.020s CPU, 0.000s wall-clock]
Instantiating...
Generating Datalog program... [0.000s CPU, 0.002s wall-clock]
Normalizing Datalog program...
Normalizing Datalog program: [0.010s CPU, 0.009s wall-clock]
Preparing model... [0.000s CPU, 0.005s wall-clock]
Generated 284 rules.
Computing model... [0.220s CPU, 0.232s wall-clock]
11243 relevant atoms
20286 auxiliary atoms
31529 final queue length
72780 total queue pushes
Completing instantiation... [0.690s CPU, 0.685s wall-clock]
Instantiating: [0.940s CPU, 0.945s wall-clock]
Computing fact groups...
Finding invariants...
22 initial candidates
Finding invariants: [0.020s CPU, 0.025s wall-clock]
Checking invariant weight... [0.000s CPU, 0.000s wall-clock]
Instantiating groups... [0.010s CPU, 0.006s wall-clock]
Collecting mutex groups... [0.000s CPU, 0.000s wall-clock]
Choosing groups...
327 uncovered facts
Choosing groups: [0.000s CPU, 0.002s wall-clock]
Building translation key... [0.000s CPU, 0.001s wall-clock]
Computing fact groups: [0.030s CPU, 0.039s wall-clock]
Building STRIPS to SAS dictionary... [0.000s CPU, 0.000s wall-clock]
Building dictionary for full mutex groups... [0.010s CPU, 0.002s wall-clock]
Building mutex information...
Building mutex information: [0.000s CPU, 0.001s wall-clock]
Translating task...
Processing axioms...
Simplifying axioms... [0.000s CPU, 0.000s wall-clock]
Translator axioms removed by simplifying: 0
Computing negative axioms... [0.000s CPU, 0.000s wall-clock]
Processing axioms: [0.020s CPU, 0.021s wall-clock]
Translating task: [0.570s CPU, 0.577s wall-clock]
8806 effect conditions simplified
0 implied preconditions added
Detecting unreachable propositions...
0 operators removed
0 axioms removed
1 propositions removed
Detecting unreachable propositions: [0.530s CPU, 0.529s wall-clock]
Reordering and filtering variables...
340 of 353 variables necessary.
68 of 94 mutex groups necessary.
10058 of 10066 operators necessary.
0 of 0 axiom rules necessary.
Reordering and filtering variables: [0.130s CPU, 0.126s wall-clock]
Translator variables: 340
Translator derived variables: 0
Translator facts: 1008
Translator goal facts: 4
Translator mutex groups: 68
Translator total mutex groups size: 873
Translator operators: 10058
Translator axioms: 0
Translator task size: 108305
Translator peak memory: 98588 KB
Writing output... [0.080s CPU, 0.080s wall-clock]
Done! [2.340s CPU, 2.335s wall-clock]
translate exit code: 0

INFO     Running search (release).
INFO     search stdin: output.sas
INFO     search time limit: 597s
INFO     search memory limit: 3584 MB
INFO     search command line string: /usr/local/downward-projects/downward/experiments/src/thesis/data/thesis-thesis_exp/code-84c08dfff1890fbf6247184940c8166177195ea1_e5e41175/builds/release/bin/downward --evaluator 'h=ff()' --search 'eager(partition(h, hi_partition(), inter_uniform(), intra_uniform() )) ' --internal-plan-file sas_plan < output.sas
[t=0.00203322s, 11732 KB] reading input...
[t=0.0498751s, 15976 KB] done reading input!
[t=0.0578196s, 20316 KB] Simplifying 57569 unary operators... done! [56701 unary operators]
[t=0.181462s, 25184 KB] time to simplify: 0.123643s
[t=0.182201s, 25184 KB] Initializing additive heuristic...
[t=0.183237s, 25184 KB] Initializing FF heuristic...
[t=0.183267s, 25184 KB] Building successor generator...done!
[t=0.187801s, 25184 KB] peak memory difference for successor generator creation: 0 KB
[t=0.187901s, 25184 KB] time for successor generation creation: 0.00193521s
[t=0.187926s, 25184 KB] Variables: 340
[t=0.188155s, 25184 KB] FactPairs: 1008
[t=0.188179s, 25184 KB] Bytes per state: 56
[t=0.18821s, 25184 KB] Conducting best first search without reopening closed nodes, (real) bound = 2147483647
[t=0.189195s, 25184 KB] New best heuristic value for ff(): 100
[t=0.189468s, 25184 KB] g=0, 1 evaluated, 0 expanded
[t=0.189498s, 25184 KB] Initial heuristic value for ff(): 100
[t=0.189529s, 25184 KB] pruning method: none
[t=0.189553s, 25184 KB] Start Timestep: 1693579380846 millisecond(s).
[t=0.189603s, 25184 KB] New best heuristic value for ff(): 99
[t=0.190301s, 25184 KB] g=1, 2 evaluated, 1 expanded
[t=0.190327s, 25184 KB] New best heuristic value for ff(): 98
[t=0.192729s, 25184 KB] g=2, 6 evaluated, 2 expanded
[t=0.205036s, 25184 KB] New best heuristic value for ff(): 97
[t=0.205559s, 25184 KB] g=3, 28 evaluated, 7 expanded
[t=0.20559s, 25184 KB] New best heuristic value for ff(): 96
[t=0.206846s, 25184 KB] g=4, 30 evaluated, 8 expanded
[t=0.212899s, 25184 KB] New best heuristic value for ff(): 95
[t=0.214399s, 25184 KB] g=5, 43 evaluated, 11 expanded
[t=0.214427s, 25184 KB] New best heuristic value for ff(): 94
[t=0.215626s, 25184 KB] g=5, 45 evaluated, 11 expanded
[t=0.224759s, 25184 KB] New best heuristic value for ff(): 93
[t=0.225942s, 25184 KB] g=6, 63 evaluated, 16 expanded
[t=0.268565s, 25184 KB] New best heuristic value for ff(): 92
[t=0.270767s, 25184 KB] g=7, 141 evaluated, 39 expanded
[t=0.316433s, 25184 KB] New best heuristic value for ff(): 91
[t=0.316921s, 25184 KB] g=9, 222 evaluated, 60 expanded
[t=0.93527s, 25184 KB] New best heuristic value for ff(): 89
[t=0.939038s, 25184 KB] g=16, 1215 evaluated, 559 expanded
[t=2.58467s, 25184 KB] New best heuristic value for ff(): 88
[t=2.58549s, 25184 KB] g=28, 3521 evaluated, 2116 expanded
[t=2.79899s, 25184 KB] New best heuristic value for ff(): 86
[t=2.79914s, 25184 KB] g=29, 3788 evaluated, 2286 expanded
[t=3.32463s, 25184 KB] New best heuristic value for ff(): 85
[t=3.32686s, 25184 KB] g=30, 4421 evaluated, 2681 expanded
[t=3.59096s, 25184 KB] New best heuristic value for ff(): 84
[t=3.59332s, 25184 KB] g=31, 4725 evaluated, 2850 expanded
[t=3.76661s, 25184 KB] New best heuristic value for ff(): 83
[t=3.76973s, 25184 KB] g=33, 4921 evaluated, 2961 expanded
[t=3.92233s, 25184 KB] New best heuristic value for ff(): 82
[t=3.9239s, 25184 KB] g=34, 5089 evaluated, 3040 expanded
[t=5.84999s, 25184 KB] New best heuristic value for ff(): 81
[t=5.85249s, 25184 KB] g=39, 6997 evaluated, 4040 expanded
[t=8.08594s, 25184 KB] New best heuristic value for ff(): 80
[t=8.08628s, 25184 KB] g=38, 8829 evaluated, 4881 expanded
[t=10.2056s, 25184 KB] New best heuristic value for ff(): 79
[t=10.2063s, 25184 KB] g=42, 10280 evaluated, 5504 expanded
[t=13.1128s, 25184 KB] New best heuristic value for ff(): 78
[t=13.1137s, 25184 KB] g=43, 11966 evaluated, 6269 expanded
[t=16.0314s, 25184 KB] New best heuristic value for ff(): 77
[t=16.0346s, 25184 KB] g=41, 13402 evaluated, 6869 expanded
[t=21.3857s, 25184 KB] New best heuristic value for ff(): 75
[t=21.3875s, 25184 KB] g=42, 15570 evaluated, 7794 expanded
[t=58.4396s, 27428 KB] New best heuristic value for ff(): 74
[t=58.444s, 27428 KB] g=44, 24936 evaluated, 11955 expanded
[t=70.718s, 27824 KB] New best heuristic value for ff(): 73
[t=70.7221s, 27824 KB] g=45, 26853 evaluated, 12848 expanded
[t=240.307s, 32456 KB] New best heuristic value for ff(): 72
[t=240.311s, 32456 KB] g=50, 44440 evaluated, 20511 expanded
[t=256.72s, 32720 KB] New best heuristic value for ff(): 71
[t=256.72s, 32720 KB] g=51, 45628 evaluated, 21015 expanded
[t=265.931s, 32852 KB] New best heuristic value for ff(): 70
[t=265.935s, 32852 KB] g=52, 46222 evaluated, 21269 expanded
Peak memory: 36992 KB
caught signal 24 -- exiting
Time limit has been reached.
Remove intermediate file output.sas
search exit code: 23

Driver aborting after search
INFO     Planner time: 598.94s
