INFO     planner time limit: 300s
INFO     planner memory limit: 3584 MB

INFO     Running translator.
INFO     translator stdin: None
INFO     translator time limit: 299s
INFO     translator memory limit: 3584 MB
INFO     translator command line string: /usr/local/downward-projects/downward/experiments/.venv/bin/python3 /usr/local/downward-projects/downward/experiments/src/thesis/data/thesis-thesis_exp/code-d93485cdd92f65ede2ae3573b3f4adda0b49e4fd_e5e41175/builds/release/bin/translate/translate.py domain.pddl problem.pddl --sas-file output.sas
Parsing...
Parsing: [0.000s CPU, 0.002s wall-clock]
Normalizing task... [0.000s CPU, 0.000s wall-clock]
Instantiating...
Generating Datalog program... [0.000s CPU, 0.001s wall-clock]
Normalizing Datalog program...
Normalizing Datalog program: [0.010s CPU, 0.002s wall-clock]
Preparing model... [0.000s CPU, 0.002s wall-clock]
Generated 38 rules.
Computing model... [0.020s CPU, 0.019s wall-clock]
1204 relevant atoms
1928 auxiliary atoms
3132 final queue length
4002 total queue pushes
Completing instantiation... [0.010s CPU, 0.014s wall-clock]
Instantiating: [0.040s CPU, 0.039s wall-clock]
Computing fact groups...
Finding invariants...
7 initial candidates
Finding invariants: [0.010s CPU, 0.004s wall-clock]
Checking invariant weight... [0.000s CPU, 0.000s wall-clock]
Instantiating groups... [0.000s CPU, 0.005s wall-clock]
Collecting mutex groups... [0.000s CPU, 0.000s wall-clock]
Choosing groups...
61 uncovered facts
Choosing groups: [0.000s CPU, 0.001s wall-clock]
Building translation key... [0.000s CPU, 0.000s wall-clock]
Computing fact groups: [0.010s CPU, 0.012s wall-clock]
Building STRIPS to SAS dictionary... [0.000s CPU, 0.000s wall-clock]
Building dictionary for full mutex groups... [0.000s CPU, 0.000s wall-clock]
Building mutex information...
Building mutex information: [0.000s CPU, 0.000s wall-clock]
Translating task...
Processing axioms...
Simplifying axioms... [0.000s CPU, 0.000s wall-clock]
Translator axioms removed by simplifying: 0
Computing negative axioms... [0.000s CPU, 0.000s wall-clock]
Processing axioms: [0.000s CPU, 0.001s wall-clock]
Translating task: [0.020s CPU, 0.015s wall-clock]
614 effect conditions simplified
0 implied preconditions added
Detecting unreachable propositions...
0 operators removed
0 axioms removed
43 propositions removed
Detecting unreachable propositions: [0.010s CPU, 0.007s wall-clock]
Reordering and filtering variables...
47 of 47 variables necessary.
38 of 43 mutex groups necessary.
378 of 378 operators necessary.
0 of 0 axiom rules necessary.
Reordering and filtering variables: [0.000s CPU, 0.004s wall-clock]
Translator variables: 47
Translator derived variables: 0
Translator facts: 274
Translator goal facts: 4
Translator mutex groups: 38
Translator total mutex groups size: 228
Translator operators: 378
Translator axioms: 0
Translator task size: 3637
Translator peak memory: 34548 KB
Writing output... [0.000s CPU, 0.003s wall-clock]
Done! [0.080s CPU, 0.084s wall-clock]
translate exit code: 0

INFO     Running search (release).
INFO     search stdin: output.sas
INFO     search time limit: 299s
INFO     search memory limit: 3584 MB
INFO     search command line string: /usr/local/downward-projects/downward/experiments/src/thesis/data/thesis-thesis_exp/code-d93485cdd92f65ede2ae3573b3f4adda0b49e4fd_e5e41175/builds/release/bin/downward --evaluator 'h=ff()' --search 'eager(epsilon_greedy(h, epsilon=0.2))' --internal-plan-file sas_plan < output.sas
[t=8.566e-06s, 11364 KB] reading input...
[t=0.00303068s, 11492 KB] done reading input!
[t=0.00388756s, 12040 KB] Simplifying 1678 unary operators... done! [1678 unary operators]
[t=0.00595182s, 12040 KB] time to simplify: 0.00206426s
[t=0.00605108s, 12040 KB] Initializing additive heuristic...
[t=0.00617026s, 12040 KB] Initializing FF heuristic...
[t=0.00619564s, 12040 KB] Building successor generator...done!
[t=0.0064845s, 12040 KB] peak memory difference for successor generator creation: 0 KB
[t=0.00653147s, 12040 KB] time for successor generation creation: 0s
[t=0.00655565s, 12040 KB] Variables: 47
[t=0.00658224s, 12040 KB] FactPairs: 274
[t=0.00660586s, 12040 KB] Bytes per state: 12
[t=0.0066293s, 12040 KB] Conducting best first search without reopening closed nodes, (real) bound = 2147483647
[t=0.00668269s, 12040 KB] New best heuristic value for ff(): 32
[t=0.00674555s, 12040 KB] g=0, 1 evaluated, 0 expanded
[t=0.00676861s, 12040 KB] Initial heuristic value for ff(): 32
[t=0.00679902s, 12040 KB] pruning method: none
[t=0.00682112s, 12040 KB] Start Timestep: 1687933946063 millisecond(s).
[t=0.00768457s, 12040 KB] New best heuristic value for ff(): 31
[t=0.00810508s, 12040 KB] g=0, 56 evaluated, 46 expanded
[t=0.0081309s, 12040 KB] New best heuristic value for ff(): 30
[t=0.00852832s, 12040 KB] g=3, 73 evaluated, 60 expanded
[t=0.00855224s, 12040 KB] New best heuristic value for ff(): 29
[t=0.00944153s, 12040 KB] g=5, 115 evaluated, 81 expanded
[t=0.00946591s, 12040 KB] New best heuristic value for ff(): 28
[t=0.00981778s, 12040 KB] g=6, 130 evaluated, 88 expanded
[t=0.00984275s, 12040 KB] New best heuristic value for ff(): 27
[t=0.00991159s, 12040 KB] g=7, 132 evaluated, 89 expanded
[t=0.0115739s, 12040 KB] New best heuristic value for ff(): 26
[t=0.0117194s, 12040 KB] g=7, 214 evaluated, 156 expanded
[t=0.0117448s, 12040 KB] New best heuristic value for ff(): 25
[t=0.0118821s, 12040 KB] g=9, 219 evaluated, 158 expanded
[t=0.0119055s, 12040 KB] New best heuristic value for ff(): 24
[t=0.0124915s, 12040 KB] g=12, 244 evaluated, 177 expanded
[t=0.0125157s, 12040 KB] New best heuristic value for ff(): 23
[t=0.013771s, 12040 KB] g=13, 301 evaluated, 219 expanded
[t=0.013796s, 12040 KB] New best heuristic value for ff(): 22
[t=0.014684s, 12040 KB] g=14, 342 evaluated, 252 expanded
[t=0.01545s, 12040 KB] New best heuristic value for ff(): 21
[t=0.0166202s, 12040 KB] g=15, 429 evaluated, 317 expanded
[t=0.0166463s, 12040 KB] New best heuristic value for ff(): 20
[t=0.0166988s, 12040 KB] g=16, 430 evaluated, 318 expanded
[t=0.0167224s, 12040 KB] New best heuristic value for ff(): 19
[t=0.0168299s, 12040 KB] g=17, 434 evaluated, 319 expanded
[t=0.0193861s, 12040 KB] New best heuristic value for ff(): 18
[t=0.0212627s, 12040 KB] g=22, 637 evaluated, 485 expanded
[t=0.271215s, 12580 KB] New best heuristic value for ff(): 17
[t=0.272398s, 12580 KB] g=26, 11802 evaluated, 10361 expanded
[t=0.272427s, 12580 KB] New best heuristic value for ff(): 16
[t=0.272872s, 12580 KB] g=27, 11821 evaluated, 10371 expanded
[t=0.272897s, 12580 KB] New best heuristic value for ff(): 15
[t=0.272994s, 12580 KB] g=28, 11824 evaluated, 10372 expanded
[t=0.273017s, 12580 KB] New best heuristic value for ff(): 14
[t=0.274964s, 12580 KB] g=28, 11914 evaluated, 10440 expanded
[t=0.275091s, 12580 KB] New best heuristic value for ff(): 13
[t=0.275137s, 12580 KB] g=30, 11919 evaluated, 10442 expanded
[t=0.275162s, 12580 KB] New best heuristic value for ff(): 12
[t=0.275229s, 12580 KB] g=30, 11921 evaluated, 10443 expanded
[t=0.275253s, 12580 KB] New best heuristic value for ff(): 11
[t=0.278499s, 12580 KB] g=36, 12073 evaluated, 10550 expanded
[t=0.366609s, 12848 KB] New best heuristic value for ff(): 10
[t=0.367888s, 12848 KB] g=37, 16027 evaluated, 14002 expanded
[t=0.367919s, 12848 KB] New best heuristic value for ff(): 9
[t=0.367988s, 12848 KB] g=38, 16029 evaluated, 14003 expanded
[t=0.368013s, 12848 KB] New best heuristic value for ff(): 8
[t=0.368095s, 12848 KB] g=39, 16032 evaluated, 14004 expanded
[t=0.368119s, 12848 KB] New best heuristic value for ff(): 7
[t=0.369974s, 12848 KB] g=39, 16126 evaluated, 14082 expanded
[t=0.37s, 12848 KB] New best heuristic value for ff(): 6
[t=0.370166s, 12848 KB] g=41, 16133 evaluated, 14086 expanded
[t=0.37019s, 12848 KB] New best heuristic value for ff(): 5
[t=0.370252s, 12848 KB] g=41, 16135 evaluated, 14087 expanded
[t=0.383343s, 12848 KB] New best heuristic value for ff(): 4
[t=0.385908s, 12848 KB] g=54, 16906 evaluated, 14722 expanded
[t=0.386358s, 12848 KB] New best heuristic value for ff(): 3
[t=0.389925s, 12848 KB] g=59, 17107 evaluated, 14872 expanded
[t=0.389953s, 12848 KB] New best heuristic value for ff(): 2
[t=0.390026s, 12848 KB] g=60, 17109 evaluated, 14874 expanded
[t=0.390053s, 12848 KB] New best heuristic value for ff(): 1
[t=0.390192s, 12848 KB] g=61, 17115 evaluated, 14877 expanded
[t=0.39023s, 12848 KB] New best heuristic value for ff(): 0
[t=0.390282s, 12848 KB] g=62, 17118 evaluated, 14878 expanded
[t=0.390306s, 12848 KB] Solution found!
[t=0.390331s, 12848 KB] Actual search time: 0.383469s
move player-01 pos-04-08 pos-05-08 dir-right (0)
move player-01 pos-05-08 pos-06-08 dir-right (0)
move player-01 pos-06-08 pos-07-08 dir-right (0)
move player-01 pos-07-08 pos-07-07 dir-up (0)
move player-01 pos-07-07 pos-07-06 dir-up (0)
move player-01 pos-07-06 pos-07-05 dir-up (0)
move player-01 pos-07-05 pos-06-05 dir-left (0)
move player-01 pos-06-05 pos-06-04 dir-up (0)
move player-01 pos-06-04 pos-06-03 dir-up (0)
move player-01 pos-06-03 pos-05-03 dir-left (0)
move player-01 pos-05-03 pos-05-02 dir-up (0)
move player-01 pos-05-02 pos-04-02 dir-left (0)
move player-01 pos-04-02 pos-03-02 dir-left (0)
move player-01 pos-03-02 pos-03-03 dir-down (0)
push-to-nongoal player-01 stone-01 pos-03-03 pos-04-03 pos-05-03 dir-right (1)
move player-01 pos-04-03 pos-04-04 dir-down (0)
push-to-nongoal player-01 stone-04 pos-04-04 pos-04-05 pos-04-06 dir-down (1)
push-to-nongoal player-01 stone-04 pos-04-05 pos-04-06 pos-04-07 dir-down (1)
push-to-nongoal player-01 stone-04 pos-04-06 pos-04-07 pos-04-08 dir-down (1)
move player-01 pos-04-07 pos-04-06 dir-up (0)
move player-01 pos-04-06 pos-04-05 dir-up (0)
move player-01 pos-04-05 pos-04-04 dir-up (0)
move player-01 pos-04-04 pos-04-03 dir-up (0)
move player-01 pos-04-03 pos-03-03 dir-left (0)
move player-01 pos-03-03 pos-02-03 dir-left (0)
move player-01 pos-02-03 pos-02-04 dir-down (0)
push-to-nongoal player-01 stone-02 pos-02-04 pos-03-04 pos-04-04 dir-right (1)
move player-01 pos-03-04 pos-03-03 dir-up (0)
move player-01 pos-03-03 pos-04-03 dir-right (0)
push-to-nongoal player-01 stone-02 pos-04-03 pos-04-04 pos-04-05 dir-down (1)
push-to-nongoal player-01 stone-02 pos-04-04 pos-04-05 pos-04-06 dir-down (1)
move player-01 pos-04-05 pos-04-04 dir-up (0)
push-to-nongoal player-01 stone-03 pos-04-04 pos-05-04 pos-06-04 dir-right (1)
move player-01 pos-05-04 pos-04-04 dir-left (0)
move player-01 pos-04-04 pos-04-03 dir-up (0)
move player-01 pos-04-03 pos-04-02 dir-up (0)
move player-01 pos-04-02 pos-05-02 dir-right (0)
push-to-nongoal player-01 stone-01 pos-05-02 pos-05-03 pos-05-04 dir-down (1)
move player-01 pos-05-03 pos-06-03 dir-right (0)
push-to-nongoal player-01 stone-03 pos-06-03 pos-06-04 pos-06-05 dir-down (1)
move player-01 pos-06-04 pos-07-04 dir-right (0)
move player-01 pos-07-04 pos-07-05 dir-down (0)
move player-01 pos-07-05 pos-07-06 dir-down (0)
move player-01 pos-07-06 pos-07-07 dir-down (0)
move player-01 pos-07-07 pos-07-08 dir-down (0)
move player-01 pos-07-08 pos-06-08 dir-left (0)
move player-01 pos-06-08 pos-05-08 dir-left (0)
move player-01 pos-05-08 pos-05-09 dir-down (0)
move player-01 pos-05-09 pos-04-09 dir-left (0)
move player-01 pos-04-09 pos-03-09 dir-left (0)
move player-01 pos-03-09 pos-03-08 dir-up (0)
push-to-nongoal player-01 stone-04 pos-03-08 pos-04-08 pos-05-08 dir-right (1)
push-to-nongoal player-01 stone-04 pos-04-08 pos-05-08 pos-06-08 dir-right (1)
push-to-goal player-01 stone-04 pos-05-08 pos-06-08 pos-07-08 dir-right (1)
push-to-nongoal player-01 stone-04 pos-06-08 pos-07-08 pos-08-08 dir-right (1)
move player-01 pos-07-08 pos-07-09 dir-down (0)
move player-01 pos-07-09 pos-08-09 dir-right (0)
push-to-nongoal player-01 stone-04 pos-08-09 pos-08-08 pos-08-07 dir-up (1)
move player-01 pos-08-08 pos-07-08 dir-left (0)
move player-01 pos-07-08 pos-07-07 dir-up (0)
move player-01 pos-07-07 pos-07-06 dir-up (0)
move player-01 pos-07-06 pos-08-06 dir-right (0)
move player-01 pos-08-06 pos-09-06 dir-right (0)
move player-01 pos-09-06 pos-09-07 dir-down (0)
push-to-goal player-01 stone-04 pos-09-07 pos-08-07 pos-07-07 dir-left (1)
move player-01 pos-08-07 pos-08-06 dir-up (0)
move player-01 pos-08-06 pos-08-05 dir-up (0)
move player-01 pos-08-05 pos-07-05 dir-left (0)
move player-01 pos-07-05 pos-07-04 dir-up (0)
move player-01 pos-07-04 pos-06-04 dir-left (0)
push-to-nongoal player-01 stone-01 pos-06-04 pos-05-04 pos-04-04 dir-left (1)
push-to-nongoal player-01 stone-01 pos-05-04 pos-04-04 pos-03-04 dir-left (1)
move player-01 pos-04-04 pos-04-05 dir-down (0)
push-to-nongoal player-01 stone-02 pos-04-05 pos-04-06 pos-04-07 dir-down (1)
push-to-nongoal player-01 stone-02 pos-04-06 pos-04-07 pos-04-08 dir-down (1)
move player-01 pos-04-07 pos-04-06 dir-up (0)
move player-01 pos-04-06 pos-04-05 dir-up (0)
move player-01 pos-04-05 pos-04-04 dir-up (0)
move player-01 pos-04-04 pos-04-03 dir-up (0)
move player-01 pos-04-03 pos-03-03 dir-left (0)
move player-01 pos-03-03 pos-02-03 dir-left (0)
move player-01 pos-02-03 pos-02-04 dir-down (0)
push-to-nongoal player-01 stone-01 pos-02-04 pos-03-04 pos-04-04 dir-right (1)
move player-01 pos-03-04 pos-03-03 dir-up (0)
move player-01 pos-03-03 pos-04-03 dir-right (0)
push-to-nongoal player-01 stone-01 pos-04-03 pos-04-04 pos-04-05 dir-down (1)
push-to-nongoal player-01 stone-01 pos-04-04 pos-04-05 pos-04-06 dir-down (1)
push-to-nongoal player-01 stone-01 pos-04-05 pos-04-06 pos-04-07 dir-down (1)
move player-01 pos-04-06 pos-04-05 dir-up (0)
move player-01 pos-04-05 pos-04-04 dir-up (0)
move player-01 pos-04-04 pos-05-04 dir-right (0)
move player-01 pos-05-04 pos-06-04 dir-right (0)
move player-01 pos-06-04 pos-07-04 dir-right (0)
move player-01 pos-07-04 pos-07-05 dir-down (0)
move player-01 pos-07-05 pos-07-06 dir-down (0)
move player-01 pos-07-06 pos-06-06 dir-left (0)
push-to-nongoal player-01 stone-03 pos-06-06 pos-06-05 pos-06-04 dir-up (1)
move player-01 pos-06-05 pos-07-05 dir-right (0)
move player-01 pos-07-05 pos-07-04 dir-up (0)
push-to-nongoal player-01 stone-03 pos-07-04 pos-06-04 pos-05-04 dir-left (1)
move player-01 pos-06-04 pos-06-05 dir-down (0)
move player-01 pos-06-05 pos-07-05 dir-right (0)
move player-01 pos-07-05 pos-08-05 dir-right (0)
move player-01 pos-08-05 pos-08-06 dir-down (0)
move player-01 pos-08-06 pos-08-07 dir-down (0)
move player-01 pos-08-07 pos-08-08 dir-down (0)
move player-01 pos-08-08 pos-07-08 dir-left (0)
move player-01 pos-07-08 pos-06-08 dir-left (0)
move player-01 pos-06-08 pos-05-08 dir-left (0)
move player-01 pos-05-08 pos-05-09 dir-down (0)
move player-01 pos-05-09 pos-04-09 dir-left (0)
move player-01 pos-04-09 pos-03-09 dir-left (0)
move player-01 pos-03-09 pos-03-08 dir-up (0)
push-to-nongoal player-01 stone-02 pos-03-08 pos-04-08 pos-05-08 dir-right (1)
push-to-nongoal player-01 stone-02 pos-04-08 pos-05-08 pos-06-08 dir-right (1)
push-to-goal player-01 stone-02 pos-05-08 pos-06-08 pos-07-08 dir-right (1)
push-to-nongoal player-01 stone-02 pos-06-08 pos-07-08 pos-08-08 dir-right (1)
push-to-goal player-01 stone-04 pos-07-08 pos-07-07 pos-07-06 dir-up (1)
push-to-goal player-01 stone-04 pos-07-07 pos-07-06 pos-07-05 dir-up (1)
move player-01 pos-07-06 pos-07-07 dir-down (0)
move player-01 pos-07-07 pos-07-08 dir-down (0)
move player-01 pos-07-08 pos-07-09 dir-down (0)
move player-01 pos-07-09 pos-08-09 dir-right (0)
push-to-nongoal player-01 stone-02 pos-08-09 pos-08-08 pos-08-07 dir-up (1)
move player-01 pos-08-08 pos-07-08 dir-left (0)
move player-01 pos-07-08 pos-07-07 dir-up (0)
move player-01 pos-07-07 pos-07-06 dir-up (0)
move player-01 pos-07-06 pos-08-06 dir-right (0)
move player-01 pos-08-06 pos-09-06 dir-right (0)
move player-01 pos-09-06 pos-09-07 dir-down (0)
push-to-goal player-01 stone-02 pos-09-07 pos-08-07 pos-07-07 dir-left (1)
move player-01 pos-08-07 pos-08-06 dir-up (0)
move player-01 pos-08-06 pos-07-06 dir-left (0)
move player-01 pos-07-06 pos-06-06 dir-left (0)
move player-01 pos-06-06 pos-06-05 dir-up (0)
move player-01 pos-06-05 pos-06-04 dir-up (0)
move player-01 pos-06-04 pos-06-03 dir-up (0)
move player-01 pos-06-03 pos-05-03 dir-left (0)
move player-01 pos-05-03 pos-04-03 dir-left (0)
move player-01 pos-04-03 pos-04-04 dir-down (0)
move player-01 pos-04-04 pos-04-05 dir-down (0)
move player-01 pos-04-05 pos-04-06 dir-down (0)
push-to-nongoal player-01 stone-01 pos-04-06 pos-04-07 pos-04-08 dir-down (1)
move player-01 pos-04-07 pos-04-06 dir-up (0)
move player-01 pos-04-06 pos-04-05 dir-up (0)
move player-01 pos-04-05 pos-04-04 dir-up (0)
move player-01 pos-04-04 pos-04-03 dir-up (0)
move player-01 pos-04-03 pos-05-03 dir-right (0)
move player-01 pos-05-03 pos-06-03 dir-right (0)
move player-01 pos-06-03 pos-06-04 dir-down (0)
push-to-nongoal player-01 stone-03 pos-06-04 pos-05-04 pos-04-04 dir-left (1)
move player-01 pos-05-04 pos-05-03 dir-up (0)
move player-01 pos-05-03 pos-04-03 dir-left (0)
push-to-nongoal player-01 stone-03 pos-04-03 pos-04-04 pos-04-05 dir-down (1)
push-to-nongoal player-01 stone-03 pos-04-04 pos-04-05 pos-04-06 dir-down (1)
push-to-nongoal player-01 stone-03 pos-04-05 pos-04-06 pos-04-07 dir-down (1)
move player-01 pos-04-06 pos-04-05 dir-up (0)
move player-01 pos-04-05 pos-04-04 dir-up (0)
move player-01 pos-04-04 pos-05-04 dir-right (0)
move player-01 pos-05-04 pos-06-04 dir-right (0)
move player-01 pos-06-04 pos-06-05 dir-down (0)
move player-01 pos-06-05 pos-06-06 dir-down (0)
move player-01 pos-06-06 pos-07-06 dir-right (0)
move player-01 pos-07-06 pos-08-06 dir-right (0)
move player-01 pos-08-06 pos-08-07 dir-down (0)
move player-01 pos-08-07 pos-08-08 dir-down (0)
move player-01 pos-08-08 pos-07-08 dir-left (0)
move player-01 pos-07-08 pos-06-08 dir-left (0)
move player-01 pos-06-08 pos-05-08 dir-left (0)
move player-01 pos-05-08 pos-05-09 dir-down (0)
move player-01 pos-05-09 pos-04-09 dir-left (0)
move player-01 pos-04-09 pos-03-09 dir-left (0)
move player-01 pos-03-09 pos-03-08 dir-up (0)
push-to-nongoal player-01 stone-01 pos-03-08 pos-04-08 pos-05-08 dir-right (1)
push-to-nongoal player-01 stone-01 pos-04-08 pos-05-08 pos-06-08 dir-right (1)
push-to-goal player-01 stone-01 pos-05-08 pos-06-08 pos-07-08 dir-right (1)
push-to-nongoal player-01 stone-01 pos-06-08 pos-07-08 pos-08-08 dir-right (1)
move player-01 pos-07-08 pos-07-09 dir-down (0)
move player-01 pos-07-09 pos-08-09 dir-right (0)
push-to-nongoal player-01 stone-01 pos-08-09 pos-08-08 pos-08-07 dir-up (1)
push-to-nongoal player-01 stone-01 pos-08-08 pos-08-07 pos-08-06 dir-up (1)
move player-01 pos-08-07 pos-09-07 dir-right (0)
move player-01 pos-09-07 pos-09-06 dir-up (0)
push-to-goal player-01 stone-01 pos-09-06 pos-08-06 pos-07-06 dir-left (1)
move player-01 pos-08-06 pos-08-07 dir-down (0)
move player-01 pos-08-07 pos-08-08 dir-down (0)
move player-01 pos-08-08 pos-07-08 dir-left (0)
move player-01 pos-07-08 pos-06-08 dir-left (0)
move player-01 pos-06-08 pos-05-08 dir-left (0)
move player-01 pos-05-08 pos-04-08 dir-left (0)
push-to-nongoal player-01 stone-03 pos-04-08 pos-04-07 pos-04-06 dir-up (1)
push-to-nongoal player-01 stone-03 pos-04-07 pos-04-06 pos-04-05 dir-up (1)
push-to-nongoal player-01 stone-03 pos-04-06 pos-04-05 pos-04-04 dir-up (1)
push-to-nongoal player-01 stone-03 pos-04-05 pos-04-04 pos-04-03 dir-up (1)
move player-01 pos-04-04 pos-03-04 dir-left (0)
move player-01 pos-03-04 pos-03-03 dir-up (0)
move player-01 pos-03-03 pos-03-02 dir-up (0)
move player-01 pos-03-02 pos-04-02 dir-right (0)
push-to-nongoal player-01 stone-03 pos-04-02 pos-04-03 pos-04-04 dir-down (1)
push-to-nongoal player-01 stone-03 pos-04-03 pos-04-04 pos-04-05 dir-down (1)
push-to-nongoal player-01 stone-03 pos-04-04 pos-04-05 pos-04-06 dir-down (1)
push-to-nongoal player-01 stone-03 pos-04-05 pos-04-06 pos-04-07 dir-down (1)
push-to-nongoal player-01 stone-03 pos-04-06 pos-04-07 pos-04-08 dir-down (1)
move player-01 pos-04-07 pos-04-06 dir-up (0)
move player-01 pos-04-06 pos-04-05 dir-up (0)
move player-01 pos-04-05 pos-04-04 dir-up (0)
move player-01 pos-04-04 pos-05-04 dir-right (0)
move player-01 pos-05-04 pos-06-04 dir-right (0)
move player-01 pos-06-04 pos-06-05 dir-down (0)
move player-01 pos-06-05 pos-06-06 dir-down (0)
push-to-nongoal player-01 stone-01 pos-06-06 pos-07-06 pos-08-06 dir-right (1)
push-to-goal player-01 stone-02 pos-07-06 pos-07-07 pos-07-08 dir-down (1)
move player-01 pos-07-07 pos-08-07 dir-right (0)
move player-01 pos-08-07 pos-09-07 dir-right (0)
move player-01 pos-09-07 pos-09-06 dir-up (0)
push-to-goal player-01 stone-01 pos-09-06 pos-08-06 pos-07-06 dir-left (1)
move player-01 pos-08-06 pos-08-07 dir-down (0)
move player-01 pos-08-07 pos-08-08 dir-down (0)
move player-01 pos-08-08 pos-08-09 dir-down (0)
move player-01 pos-08-09 pos-07-09 dir-left (0)
push-to-goal player-01 stone-02 pos-07-09 pos-07-08 pos-07-07 dir-up (1)
move player-01 pos-07-08 pos-06-08 dir-left (0)
move player-01 pos-06-08 pos-05-08 dir-left (0)
move player-01 pos-05-08 pos-05-09 dir-down (0)
move player-01 pos-05-09 pos-04-09 dir-left (0)
move player-01 pos-04-09 pos-03-09 dir-left (0)
move player-01 pos-03-09 pos-03-08 dir-up (0)
push-to-nongoal player-01 stone-03 pos-03-08 pos-04-08 pos-05-08 dir-right (1)
push-to-nongoal player-01 stone-03 pos-04-08 pos-05-08 pos-06-08 dir-right (1)
push-to-goal player-01 stone-03 pos-05-08 pos-06-08 pos-07-08 dir-right (1)
[t=0.390369s, 12848 KB] Plan length: 230 step(s).
[t=0.390369s, 12848 KB] Plan cost: 62
[t=0.390369s, 12848 KB] Timestamp: 1687933946452 millisecond(s).
[t=0.390369s, 12848 KB] Expanded 14879 state(s).
[t=0.390369s, 12848 KB] Reopened 0 state(s).
[t=0.390369s, 12848 KB] Evaluated 17118 state(s).
[t=0.390369s, 12848 KB] Evaluations: 17118
[t=0.390369s, 12848 KB] Generated 40742 state(s).
[t=0.390369s, 12848 KB] Dead ends: 1581 state(s).
[t=0.390369s, 12848 KB] Number of registered states: 17118
[t=0.390369s, 12848 KB] Int hash set load factor: 17118/32768 = 0.5224
[t=0.390369s, 12848 KB] Int hash set resizes: 15
[t=0.390369s, 12848 KB] Search time: 0.38374s
[t=0.390369s, 12848 KB] Total time: 0.390369s
Solution found.
Peak memory: 12848 KB
Remove intermediate file output.sas
search exit code: 0

INFO     Running validate.
INFO     validate stdin: None
INFO     validate time limit: None
INFO     validate memory limit: None
INFO     validate command line string: validate domain.pddl problem.pddl sas_plan
Checking plan: sas_plan
Plan executed successfully - checking goal
Plan valid
Final value: 62 

Successful plans:
Value: 62
 sas_plan 62 

validate exit code: 0

INFO     Planner time: 0.57s
