INFO     planner time limit: 300s
INFO     planner memory limit: 3584 MB

INFO     Running translator.
INFO     translator stdin: None
INFO     translator time limit: 299s
INFO     translator memory limit: 3584 MB
INFO     translator command line string: /usr/local/downward-projects/downward/experiments/.venv/bin/python3 /usr/local/downward-projects/downward/experiments/src/thesis/data/thesis-thesis_exp/code-d93485cdd92f65ede2ae3573b3f4adda0b49e4fd_e5e41175/builds/release/bin/translate/translate.py domain.pddl problem.pddl --sas-file output.sas
Parsing...
Parsing: [0.010s CPU, 0.007s wall-clock]
Normalizing task... [0.000s CPU, 0.000s wall-clock]
Instantiating...
Generating Datalog program... [0.000s CPU, 0.002s wall-clock]
Normalizing Datalog program...
Normalizing Datalog program: [0.000s CPU, 0.001s wall-clock]
Preparing model... [0.000s CPU, 0.004s wall-clock]
Generated 26 rules.
Computing model... [1.090s CPU, 1.084s wall-clock]
93514 relevant atoms
68476 auxiliary atoms
161990 final queue length
335192 total queue pushes
Completing instantiation... [4.320s CPU, 4.325s wall-clock]
Instantiating: [5.460s CPU, 5.464s wall-clock]
Computing fact groups...
Finding invariants...
9 initial candidates
Finding invariants: [0.040s CPU, 0.043s wall-clock]
Checking invariant weight... [0.000s CPU, 0.000s wall-clock]
Instantiating groups... [0.010s CPU, 0.009s wall-clock]
Collecting mutex groups... [0.000s CPU, 0.002s wall-clock]
Choosing groups...
0 uncovered facts
Choosing groups: [0.000s CPU, 0.018s wall-clock]
Building translation key... [0.000s CPU, 0.002s wall-clock]
Computing fact groups: [0.070s CPU, 0.105s wall-clock]
Building STRIPS to SAS dictionary... [0.010s CPU, 0.002s wall-clock]
Building dictionary for full mutex groups... [0.000s CPU, 0.001s wall-clock]
Building mutex information...
Building mutex information: [0.000s CPU, 0.001s wall-clock]
Translating task...
Processing axioms...
Simplifying axioms... [0.000s CPU, 0.000s wall-clock]
Translator axioms removed by simplifying: 0
Computing negative axioms... [0.000s CPU, 0.000s wall-clock]
Processing axioms: [0.110s CPU, 0.117s wall-clock]
Translating task: [2.990s CPU, 2.989s wall-clock]
0 effect conditions simplified
0 implied preconditions added
Detecting unreachable propositions...
0 operators removed
0 axioms removed
30 propositions removed
Detecting unreachable propositions: [2.030s CPU, 2.034s wall-clock]
Reordering and filtering variables...
30 of 30 variables necessary.
0 of 30 mutex groups necessary.
89208 of 89208 operators necessary.
0 of 0 axiom rules necessary.
Reordering and filtering variables: [0.300s CPU, 0.303s wall-clock]
Translator variables: 30
Translator derived variables: 0
Translator facts: 3332
Translator goal facts: 22
Translator mutex groups: 0
Translator total mutex groups size: 0
Translator operators: 89208
Translator axioms: 0
Translator task size: 532896
Translator peak memory: 386600 KB
Writing output... [0.410s CPU, 0.408s wall-clock]
Done! [11.430s CPU, 11.457s wall-clock]
translate exit code: 0

INFO     Running search (release).
INFO     search stdin: output.sas
INFO     search time limit: 288s
INFO     search memory limit: 3584 MB
INFO     search command line string: /usr/local/downward-projects/downward/experiments/src/thesis/data/thesis-thesis_exp/code-d93485cdd92f65ede2ae3573b3f4adda0b49e4fd_e5e41175/builds/release/bin/downward --evaluator 'h=ff()' --search 'eager(epsilon_greedy(h, epsilon=0.2))' --internal-plan-file sas_plan < output.sas
[t=0s, 11364 KB] reading input...
[t=0.303957s, 40848 KB] done reading input!
[t=0.331896s, 52200 KB] Simplifying 176504 unary operators... done! [176504 unary operators]
[t=0.563764s, 67852 KB] time to simplify: 0.231868s
[t=0.567719s, 67852 KB] Initializing additive heuristic...
[t=0.57097s, 67852 KB] Initializing FF heuristic...
[t=0.571002s, 67852 KB] Building successor generator...done!
[t=0.607549s, 71416 KB] peak memory difference for successor generator creation: 3564 KB
[t=0.607629s, 71416 KB] time for successor generation creation: 0.0324977s
[t=0.607655s, 71416 KB] Variables: 30
[t=0.607683s, 71416 KB] FactPairs: 3332
[t=0.607707s, 71416 KB] Bytes per state: 28
[t=0.60773s, 71416 KB] Conducting best first search without reopening closed nodes, (real) bound = 2147483647
[t=0.611494s, 71416 KB] New best heuristic value for ff(): 1563
[t=0.611819s, 71416 KB] g=0, 1 evaluated, 0 expanded
[t=0.611848s, 71416 KB] Initial heuristic value for ff(): 1563
[t=0.611875s, 71416 KB] pruning method: none
[t=0.611899s, 71416 KB] Start Timestep: 1687925392880 millisecond(s).
[t=0.62338s, 71416 KB] New best heuristic value for ff(): 1541
[t=0.624555s, 71416 KB] g=16, 7 evaluated, 1 expanded
[t=0.624586s, 71416 KB] New best heuristic value for ff(): 1153
[t=0.626785s, 71416 KB] g=16, 8 evaluated, 1 expanded
[t=1.88257s, 71416 KB] New best heuristic value for ff(): 1135
[t=1.88326s, 71416 KB] g=65, 600 evaluated, 59 expanded
[t=242.544s, 73492 KB] New best heuristic value for ff(): 1099
[t=242.546s, 73492 KB] g=238, 99162 evaluated, 14928 expanded
[t=263.729s, 73896 KB] New best heuristic value for ff(): 1095
[t=263.732s, 73896 KB] g=322, 107771 evaluated, 16054 expanded
Peak memory: 76356 KB
caught signal 24 -- exiting
Time limit has been reached.
Remove intermediate file output.sas
search exit code: 23

Driver aborting after search
INFO     Planner time: 299.51s
