INFO     planner time limit: 900s
INFO     planner memory limit: 3584 MB

INFO     Running translator.
INFO     translator stdin: None
INFO     translator time limit: 899s
INFO     translator memory limit: 3584 MB
INFO     translator command line string: /usr/local/downward-projects/downward/experiments/.venv/bin/python3 /usr/local/downward-projects/downward/experiments/src/thesis/data/thesis-thesis_exp/code-492c46a6b9a8d722366a407090da84235e2f79dc_e5e41175/builds/release/bin/translate/translate.py domain.pddl problem.pddl --sas-file output.sas
Parsing...
Parsing: [0.030s CPU, 0.024s wall-clock]
Normalizing task... [0.000s CPU, 0.001s wall-clock]
Instantiating...
Generating Datalog program... [0.010s CPU, 0.008s wall-clock]
Normalizing Datalog program...
Normalizing Datalog program: [0.000s CPU, 0.001s wall-clock]
Preparing model... [0.030s CPU, 0.037s wall-clock]
Generated 18 rules.
Computing model... [0.150s CPU, 0.147s wall-clock]
18991 relevant atoms
12396 auxiliary atoms
31387 final queue length
42836 total queue pushes
Completing instantiation... [0.230s CPU, 0.222s wall-clock]
Instantiating: [0.420s CPU, 0.425s wall-clock]
Computing fact groups...
Finding invariants...
6 initial candidates
Finding invariants: [0.000s CPU, 0.002s wall-clock]
Checking invariant weight... [0.000s CPU, 0.001s wall-clock]
Instantiating groups... [0.000s CPU, 0.000s wall-clock]
Collecting mutex groups... [0.000s CPU, 0.000s wall-clock]
Choosing groups...
272 uncovered facts
Choosing groups: [0.000s CPU, 0.000s wall-clock]
Building translation key... [0.000s CPU, 0.001s wall-clock]
Computing fact groups: [0.000s CPU, 0.006s wall-clock]
Building STRIPS to SAS dictionary... [0.000s CPU, 0.000s wall-clock]
Building dictionary for full mutex groups... [0.000s CPU, 0.000s wall-clock]
Building mutex information...
Building mutex information: [0.010s CPU, 0.000s wall-clock]
Translating task...
Processing axioms...
Simplifying axioms... [0.000s CPU, 0.000s wall-clock]
Translator axioms removed by simplifying: 0
Computing negative axioms... [0.000s CPU, 0.000s wall-clock]
Processing axioms: [0.010s CPU, 0.010s wall-clock]
Translating task: [0.190s CPU, 0.199s wall-clock]
136 effect conditions simplified
0 implied preconditions added
Detecting unreachable propositions...
0 operators removed
0 axioms removed
1 propositions removed
Detecting unreachable propositions: [0.150s CPU, 0.153s wall-clock]
Reordering and filtering variables...
273 of 273 variables necessary.
0 of 1 mutex groups necessary.
11828 of 11828 operators necessary.
0 of 0 axiom rules necessary.
Reordering and filtering variables: [0.020s CPU, 0.019s wall-clock]
Translator variables: 273
Translator derived variables: 0
Translator facts: 652
Translator goal facts: 136
Translator mutex groups: 0
Translator total mutex groups size: 0
Translator operators: 11828
Translator axioms: 0
Translator task size: 36817
Translator peak memory: 63256 KB
Writing output... [0.030s CPU, 0.037s wall-clock]
Done! [0.870s CPU, 0.879s wall-clock]
translate exit code: 0

INFO     Running search (release).
INFO     search stdin: output.sas
INFO     search time limit: 899s
INFO     search memory limit: 3584 MB
INFO     search command line string: /usr/local/downward-projects/downward/experiments/src/thesis/data/thesis-thesis_exp/code-492c46a6b9a8d722366a407090da84235e2f79dc_e5e41175/builds/release/bin/downward --evaluator 'h=ff()' --search 'eager(type_based([h, g()]))' --internal-plan-file sas_plan < output.sas
[t=0.00105193s, 11200 KB] reading input...
[t=0.024155s, 13364 KB] done reading input!
[t=0.0262323s, 14136 KB] Simplifying 11964 unary operators... done! [11964 unary operators]
[t=0.0308952s, 15060 KB] time to simplify: 0.00521377s
[t=0.0314921s, 15060 KB] Initializing additive heuristic...
[t=0.0316332s, 15060 KB] Initializing FF heuristic...
[t=0.031659s, 15060 KB] Building successor generator...done!
[t=0.0329546s, 15060 KB] peak memory difference for successor generator creation: 0 KB
[t=0.0330093s, 15060 KB] time for successor generation creation: 0.000695196s
[t=0.0330354s, 15060 KB] Variables: 273
[t=0.033123s, 15060 KB] FactPairs: 652
[t=0.0331475s, 15060 KB] Bytes per state: 36
[t=0.0331705s, 15060 KB] Conducting best first search without reopening closed nodes, (real) bound = 2147483647
[t=0.033234s, 15060 KB] New best heuristic value for ff(): 373
[t=0.0333714s, 15060 KB] g=0, 1 evaluated, 0 expanded
[t=0.0334025s, 15060 KB] Initial heuristic value for ff(): 373
[t=0.0334304s, 15060 KB] pruning method: none
[t=0.0334538s, 15060 KB] Start Timestep: 1685459682934 millisecond(s).
[t=0.0334899s, 15060 KB] New best heuristic value for ff(): 372
[t=0.0336123s, 15060 KB] g=1, 2 evaluated, 1 expanded
[t=0.0417489s, 15060 KB] New best heuristic value for ff(): 371
[t=0.0423742s, 15060 KB] g=3, 116 evaluated, 4 expanded
[t=0.0501299s, 15060 KB] New best heuristic value for ff(): 370
[t=0.0508067s, 15060 KB] g=4, 226 evaluated, 5 expanded
[t=0.0585101s, 15060 KB] New best heuristic value for ff(): 369
[t=0.0591373s, 15060 KB] g=5, 335 evaluated, 6 expanded
[t=0.174061s, 15060 KB] New best heuristic value for ff(): 368
[t=0.175161s, 15060 KB] g=6, 1860 evaluated, 53 expanded
[t=0.225502s, 15060 KB] New best heuristic value for ff(): 367
[t=0.225623s, 15060 KB] g=8, 2520 evaluated, 79 expanded
[t=0.23386s, 15060 KB] New best heuristic value for ff(): 366
[t=0.234596s, 15060 KB] g=9, 2635 evaluated, 90 expanded
[t=0.242222s, 15060 KB] New best heuristic value for ff(): 365
[t=0.243248s, 15060 KB] g=10, 2747 evaluated, 93 expanded
[t=0.320413s, 15060 KB] New best heuristic value for ff(): 364
[t=0.321025s, 15060 KB] g=12, 3765 evaluated, 148 expanded
[t=0.453843s, 15060 KB] New best heuristic value for ff(): 363
[t=0.4548s, 15060 KB] g=13, 5535 evaluated, 228 expanded
[t=0.670297s, 15060 KB] New best heuristic value for ff(): 362
[t=0.670624s, 15060 KB] g=15, 8399 evaluated, 323 expanded
[t=0.760644s, 15060 KB] New best heuristic value for ff(): 361
[t=0.761656s, 15060 KB] g=17, 9605 evaluated, 368 expanded
[t=0.787247s, 15060 KB] New best heuristic value for ff(): 360
[t=0.787793s, 15060 KB] g=18, 9947 evaluated, 392 expanded
[t=0.861401s, 15060 KB] New best heuristic value for ff(): 359
[t=0.862115s, 15060 KB] g=19, 10933 evaluated, 426 expanded
[t=1.22186s, 15456 KB] New best heuristic value for ff(): 358
[t=1.22218s, 15456 KB] g=21, 15688 evaluated, 598 expanded
[t=1.42882s, 15456 KB] New best heuristic value for ff(): 357
[t=1.42957s, 15456 KB] g=21, 18436 evaluated, 682 expanded
[t=1.50448s, 15592 KB] New best heuristic value for ff(): 356
[t=1.5053s, 15592 KB] g=24, 19431 evaluated, 720 expanded
[t=1.58847s, 15592 KB] New best heuristic value for ff(): 355
[t=1.58878s, 15592 KB] g=25, 20533 evaluated, 760 expanded
[t=1.70513s, 15728 KB] New best heuristic value for ff(): 354
[t=1.70576s, 15728 KB] g=26, 22074 evaluated, 824 expanded
[t=2.30831s, 16652 KB] New best heuristic value for ff(): 353
[t=2.3086s, 16652 KB] g=22, 29978 evaluated, 1178 expanded
[t=2.47535s, 16652 KB] New best heuristic value for ff(): 352
[t=2.47593s, 16652 KB] g=23, 32180 evaluated, 1254 expanded
[t=2.80324s, 16796 KB] New best heuristic value for ff(): 351
[t=2.80395s, 16796 KB] g=24, 36504 evaluated, 1417 expanded
[t=2.92717s, 16932 KB] New best heuristic value for ff(): 350
[t=2.92809s, 16932 KB] g=25, 38146 evaluated, 1458 expanded
[t=3.08685s, 17068 KB] New best heuristic value for ff(): 349
[t=3.08754s, 17068 KB] g=26, 40249 evaluated, 1538 expanded
[t=3.18872s, 17068 KB] New best heuristic value for ff(): 348
[t=3.18929s, 17068 KB] g=27, 41585 evaluated, 1605 expanded
[t=3.4273s, 17340 KB] New best heuristic value for ff(): 347
[t=3.4277s, 17340 KB] g=28, 44687 evaluated, 1722 expanded
[t=3.53017s, 17340 KB] New best heuristic value for ff(): 346
[t=3.53097s, 17340 KB] g=29, 46037 evaluated, 1791 expanded
[t=3.99875s, 17740 KB] New best heuristic value for ff(): 345
[t=3.99892s, 17740 KB] g=32, 52219 evaluated, 2021 expanded
[t=4.23415s, 17876 KB] New best heuristic value for ff(): 344
[t=4.2345s, 17876 KB] g=33, 55318 evaluated, 2155 expanded
[t=4.53465s, 19172 KB] New best heuristic value for ff(): 343
[t=4.53502s, 19172 KB] g=34, 59219 evaluated, 2339 expanded
[t=4.54294s, 19172 KB] New best heuristic value for ff(): 342
[t=4.54333s, 19172 KB] g=35, 59327 evaluated, 2341 expanded
[t=4.61644s, 19172 KB] New best heuristic value for ff(): 341
[t=4.61752s, 19172 KB] g=36, 60306 evaluated, 2369 expanded
[t=4.68677s, 19172 KB] New best heuristic value for ff(): 340
[t=4.68688s, 19172 KB] g=37, 61210 evaluated, 2415 expanded
[t=5.50872s, 19480 KB] New best heuristic value for ff(): 339
[t=5.50914s, 19480 KB] g=38, 72031 evaluated, 2835 expanded
[t=5.59111s, 19480 KB] New best heuristic value for ff(): 338
[t=5.59173s, 19480 KB] g=39, 73122 evaluated, 2866 expanded
[t=5.69548s, 19612 KB] New best heuristic value for ff(): 337
[t=5.69573s, 19612 KB] g=40, 74488 evaluated, 2935 expanded
[t=5.89617s, 19748 KB] New best heuristic value for ff(): 336
[t=5.89664s, 19748 KB] g=42, 77133 evaluated, 3054 expanded
[t=5.92974s, 19748 KB] New best heuristic value for ff(): 335
[t=5.93015s, 19748 KB] g=43, 77574 evaluated, 3073 expanded
[t=5.99695s, 19880 KB] New best heuristic value for ff(): 334
[t=5.99802s, 19880 KB] g=44, 78462 evaluated, 3120 expanded
[t=7.06386s, 20680 KB] New best heuristic value for ff(): 333
[t=7.06462s, 20680 KB] g=46, 92454 evaluated, 3767 expanded
[t=7.50309s, 21080 KB] New best heuristic value for ff(): 332
[t=7.50366s, 21080 KB] g=47, 98202 evaluated, 3975 expanded
[t=9.14261s, 24068 KB] New best heuristic value for ff(): 331
[t=9.14314s, 24068 KB] g=50, 119611 evaluated, 5051 expanded
[t=10.4804s, 24388 KB] New best heuristic value for ff(): 330
[t=10.481s, 24388 KB] g=49, 137156 evaluated, 5814 expanded
[t=11.1551s, 24920 KB] New best heuristic value for ff(): 329
[t=11.1562s, 24920 KB] g=53, 145957 evaluated, 6195 expanded
[t=11.2906s, 25056 KB] New best heuristic value for ff(): 328
[t=11.2908s, 25056 KB] g=54, 147726 evaluated, 6264 expanded
[t=12.2281s, 25724 KB] New best heuristic value for ff(): 327
[t=12.229s, 25724 KB] g=55, 160041 evaluated, 6796 expanded
[t=12.3421s, 25860 KB] New best heuristic value for ff(): 326
[t=12.3426s, 25860 KB] g=56, 161522 evaluated, 6880 expanded
[t=12.6919s, 26124 KB] New best heuristic value for ff(): 325
[t=12.6926s, 26124 KB] g=58, 166141 evaluated, 7025 expanded
[t=13.5174s, 26792 KB] New best heuristic value for ff(): 324
[t=13.5181s, 26792 KB] g=59, 176988 evaluated, 7523 expanded
[t=14.373s, 27596 KB] New best heuristic value for ff(): 323
[t=14.3734s, 27596 KB] g=60, 188215 evaluated, 7986 expanded
[t=16.1939s, 28932 KB] New best heuristic value for ff(): 322
[t=16.1942s, 28932 KB] g=62, 211908 evaluated, 9172 expanded
[t=17.2367s, 33840 KB] New best heuristic value for ff(): 321
[t=17.2373s, 33840 KB] g=63, 225310 evaluated, 9743 expanded
[t=17.5668s, 33840 KB] New best heuristic value for ff(): 320
[t=17.5679s, 33840 KB] g=67, 229591 evaluated, 9954 expanded
[t=18.2465s, 33840 KB] New best heuristic value for ff(): 319
[t=18.2477s, 33840 KB] g=69, 238503 evaluated, 10314 expanded
[t=19.9373s, 33944 KB] New best heuristic value for ff(): 318
[t=19.9379s, 33944 KB] g=67, 260678 evaluated, 11305 expanded
[t=21.2927s, 35012 KB] New best heuristic value for ff(): 317
[t=21.2935s, 35012 KB] g=67, 278434 evaluated, 12144 expanded
[t=21.861s, 35548 KB] New best heuristic value for ff(): 316
[t=21.8613s, 35548 KB] g=68, 285855 evaluated, 12505 expanded
[t=21.8872s, 35548 KB] New best heuristic value for ff(): 315
[t=21.888s, 35548 KB] g=69, 286198 evaluated, 12533 expanded
[t=22.1362s, 35684 KB] New best heuristic value for ff(): 314
[t=22.1366s, 35684 KB] g=70, 289447 evaluated, 12693 expanded
[t=23.8526s, 37040 KB] New best heuristic value for ff(): 313
[t=23.8536s, 37040 KB] g=71, 311912 evaluated, 13816 expanded
[t=24.0512s, 37172 KB] New best heuristic value for ff(): 312
[t=24.0513s, 37172 KB] g=72, 314501 evaluated, 13948 expanded
[t=24.2288s, 37308 KB] New best heuristic value for ff(): 311
[t=24.2292s, 37308 KB] g=73, 316835 evaluated, 14057 expanded
[t=26.5809s, 39184 KB] New best heuristic value for ff(): 310
[t=26.5812s, 39184 KB] g=74, 347597 evaluated, 15536 expanded
[t=29.7708s, 41748 KB] New best heuristic value for ff(): 309
[t=29.7709s, 41748 KB] g=75, 389309 evaluated, 17619 expanded
[t=33.5788s, 44692 KB] New best heuristic value for ff(): 308
[t=33.579s, 44692 KB] g=77, 439161 evaluated, 19921 expanded
[t=34.1872s, 45224 KB] New best heuristic value for ff(): 307
[t=34.1877s, 45224 KB] g=78, 447140 evaluated, 20299 expanded
[t=34.5182s, 53552 KB] New best heuristic value for ff(): 306
[t=34.5186s, 53552 KB] g=79, 451099 evaluated, 20514 expanded
[t=35.711s, 53552 KB] New best heuristic value for ff(): 305
[t=35.7118s, 53552 KB] g=80, 466745 evaluated, 21191 expanded
[t=39.7357s, 53812 KB] New best heuristic value for ff(): 304
[t=39.7365s, 53812 KB] g=81, 519287 evaluated, 23730 expanded
[t=41.9991s, 55552 KB] New best heuristic value for ff(): 303
[t=41.9998s, 55552 KB] g=83, 548486 evaluated, 25201 expanded
[t=43.0765s, 56360 KB] New best heuristic value for ff(): 302
[t=43.0768s, 56360 KB] g=85, 562498 evaluated, 25899 expanded
[t=43.9552s, 57032 KB] New best heuristic value for ff(): 301
[t=43.9561s, 57032 KB] g=93, 573986 evaluated, 26442 expanded
[t=44.5815s, 57560 KB] New best heuristic value for ff(): 300
[t=44.5822s, 57560 KB] g=94, 582203 evaluated, 26839 expanded
[t=44.9882s, 57824 KB] New best heuristic value for ff(): 299
[t=44.9886s, 57824 KB] g=95, 587570 evaluated, 27041 expanded
[t=50.5947s, 62388 KB] New best heuristic value for ff(): 298
[t=50.5956s, 62388 KB] g=103, 660952 evaluated, 30390 expanded
[t=52.0508s, 63468 KB] New best heuristic value for ff(): 297
[t=52.051s, 63468 KB] g=92, 680015 evaluated, 31243 expanded
[t=52.6502s, 64008 KB] New best heuristic value for ff(): 296
[t=52.6505s, 64008 KB] g=93, 687812 evaluated, 31625 expanded
[t=54.212s, 65208 KB] New best heuristic value for ff(): 295
[t=54.2124s, 65208 KB] g=99, 708157 evaluated, 32553 expanded
[t=57.4525s, 67764 KB] New best heuristic value for ff(): 294
[t=57.4564s, 67764 KB] g=100, 750523 evaluated, 34523 expanded
[t=58.9362s, 68988 KB] New best heuristic value for ff(): 293
[t=58.9397s, 68988 KB] g=96, 770109 evaluated, 35415 expanded
[t=60.2033s, 69928 KB] New best heuristic value for ff(): 292
[t=60.2071s, 69928 KB] g=97, 786880 evaluated, 36108 expanded
[t=64.7146s, 73552 KB] New best heuristic value for ff(): 291
[t=64.7171s, 73552 KB] g=103, 846545 evaluated, 38770 expanded
[t=65.3985s, 74100 KB] New best heuristic value for ff(): 290
[t=65.4008s, 74100 KB] g=105, 855592 evaluated, 39150 expanded
[t=67.9021s, 91440 KB] New best heuristic value for ff(): 289
[t=67.9025s, 91440 KB] g=106, 887901 evaluated, 40585 expanded
[t=72.042s, 91440 KB] New best heuristic value for ff(): 288
[t=72.0428s, 91440 KB] g=107, 942438 evaluated, 43054 expanded
[t=75.7478s, 91440 KB] New best heuristic value for ff(): 287
[t=75.7486s, 91440 KB] g=108, 990844 evaluated, 45116 expanded
[t=77.9359s, 92296 KB] New best heuristic value for ff(): 286
[t=77.9363s, 92296 KB] g=108, 1019459 evaluated, 46350 expanded
[t=78.1773s, 92432 KB] New best heuristic value for ff(): 285
[t=78.1778s, 92432 KB] g=109, 1022550 evaluated, 46453 expanded
[t=78.3089s, 92564 KB] New best heuristic value for ff(): 284
[t=78.3096s, 92564 KB] g=110, 1024244 evaluated, 46546 expanded
[t=81.8068s, 95264 KB] New best heuristic value for ff(): 283
[t=81.8075s, 95264 KB] g=112, 1069071 evaluated, 48582 expanded
[t=85.8553s, 98360 KB] New best heuristic value for ff(): 282
[t=85.856s, 98360 KB] g=113, 1120710 evaluated, 50907 expanded
[t=90.5684s, 102332 KB] New best heuristic value for ff(): 281
[t=90.5694s, 102332 KB] g=114, 1181810 evaluated, 53658 expanded
[t=94.7936s, 105560 KB] New best heuristic value for ff(): 280
[t=94.7943s, 105560 KB] g=124, 1236835 evaluated, 56272 expanded
[t=95.1274s, 105824 KB] New best heuristic value for ff(): 279
[t=95.1278s, 105824 KB] g=125, 1241202 evaluated, 56457 expanded
[t=96.9742s, 107192 KB] New best heuristic value for ff(): 278
[t=96.975s, 107192 KB] g=126, 1265336 evaluated, 57540 expanded
[t=97.652s, 107868 KB] New best heuristic value for ff(): 277
[t=97.6527s, 107868 KB] g=127, 1274251 evaluated, 57880 expanded
[t=99.7428s, 109484 KB] New best heuristic value for ff(): 276
[t=99.7435s, 109484 KB] g=129, 1301607 evaluated, 59203 expanded
[t=102.064s, 111356 KB] New best heuristic value for ff(): 275
[t=102.065s, 111356 KB] g=129, 1331966 evaluated, 60678 expanded
[t=106.165s, 114452 KB] New best heuristic value for ff(): 274
[t=106.165s, 114452 KB] g=130, 1385641 evaluated, 63123 expanded
[t=113.115s, 119980 KB] New best heuristic value for ff(): 273
[t=113.115s, 119980 KB] g=127, 1476886 evaluated, 67287 expanded
[t=115.157s, 121604 KB] New best heuristic value for ff(): 272
[t=115.157s, 121604 KB] g=128, 1503599 evaluated, 68519 expanded
[t=118.765s, 124560 KB] New best heuristic value for ff(): 271
[t=118.766s, 124560 KB] g=126, 1550886 evaluated, 70507 expanded
[t=120.327s, 125776 KB] New best heuristic value for ff(): 270
[t=120.327s, 125776 KB] g=127, 1571401 evaluated, 71452 expanded
[t=123.671s, 128456 KB] New best heuristic value for ff(): 269
[t=123.671s, 128456 KB] g=128, 1615373 evaluated, 73295 expanded
[t=129.077s, 132748 KB] New best heuristic value for ff(): 268
[t=129.078s, 132748 KB] g=132, 1686469 evaluated, 76472 expanded
[t=134.993s, 137316 KB] New best heuristic value for ff(): 267
[t=134.993s, 137316 KB] g=141, 1763816 evaluated, 79792 expanded
[t=135.27s, 137588 KB] New best heuristic value for ff(): 266
[t=135.27s, 137588 KB] g=142, 1767477 evaluated, 79915 expanded
[t=143.908s, 171032 KB] New best heuristic value for ff(): 265
[t=143.908s, 171032 KB] g=141, 1879481 evaluated, 84858 expanded
[t=147.882s, 171032 KB] New best heuristic value for ff(): 264
[t=147.886s, 171032 KB] g=142, 1931591 evaluated, 87100 expanded
[t=148.754s, 171032 KB] New best heuristic value for ff(): 263
[t=148.755s, 171032 KB] g=143, 1943107 evaluated, 87640 expanded
[t=153.892s, 171032 KB] New best heuristic value for ff(): 262
[t=153.893s, 171032 KB] g=144, 2011127 evaluated, 90599 expanded
[t=154.156s, 171032 KB] New best heuristic value for ff(): 261
[t=154.156s, 171032 KB] g=145, 2014654 evaluated, 90717 expanded
[t=158.528s, 172452 KB] New best heuristic value for ff(): 260
[t=158.531s, 172452 KB] g=148, 2072636 evaluated, 93111 expanded
[t=161.178s, 174608 KB] New best heuristic value for ff(): 259
[t=161.18s, 174608 KB] g=150, 2107675 evaluated, 94693 expanded
[t=169.813s, 181436 KB] New best heuristic value for ff(): 258
[t=169.817s, 181436 KB] g=151, 2222072 evaluated, 99664 expanded
[t=179.768s, 189512 KB] New best heuristic value for ff(): 257
[t=179.771s, 189512 KB] g=145, 2354011 evaluated, 105576 expanded
[t=183.244s, 192336 KB] New best heuristic value for ff(): 256
[t=183.246s, 192336 KB] g=147, 2399980 evaluated, 107741 expanded
[t=200.612s, 206136 KB] New best heuristic value for ff(): 255
[t=200.613s, 206136 KB] g=150, 2629391 evaluated, 117875 expanded
[t=203.056s, 208024 KB] New best heuristic value for ff(): 254
[t=203.057s, 208024 KB] g=152, 2661577 evaluated, 119389 expanded
[t=208.729s, 212904 KB] New best heuristic value for ff(): 253
[t=208.73s, 212904 KB] g=156, 2736724 evaluated, 122720 expanded
[t=210.762s, 214384 KB] New best heuristic value for ff(): 252
[t=210.764s, 214384 KB] g=151, 2763614 evaluated, 123972 expanded
[t=215.47s, 218036 KB] New best heuristic value for ff(): 251
[t=215.472s, 218036 KB] g=152, 2825976 evaluated, 126935 expanded
[t=228.858s, 228804 KB] New best heuristic value for ff(): 250
[t=228.861s, 228804 KB] g=161, 3003146 evaluated, 134901 expanded
[t=230.032s, 229756 KB] New best heuristic value for ff(): 249
[t=230.034s, 229756 KB] g=162, 3018751 evaluated, 135534 expanded
[t=240.505s, 238124 KB] New best heuristic value for ff(): 248
[t=240.508s, 238124 KB] g=164, 3157582 evaluated, 141623 expanded
[t=259.129s, 253080 KB] New best heuristic value for ff(): 247
[t=259.13s, 253080 KB] g=162, 3403828 evaluated, 152710 expanded
[t=269.107s, 324468 KB] New best heuristic value for ff(): 246
[t=269.109s, 324468 KB] g=163, 3533061 evaluated, 158369 expanded
[t=279.306s, 324468 KB] New best heuristic value for ff(): 245
[t=279.307s, 324468 KB] g=168, 3667005 evaluated, 164195 expanded
[t=279.464s, 324468 KB] New best heuristic value for ff(): 244
[t=279.464s, 324468 KB] g=169, 3669028 evaluated, 164286 expanded
[t=279.81s, 324468 KB] New best heuristic value for ff(): 243
[t=279.811s, 324468 KB] g=170, 3673564 evaluated, 164523 expanded
[t=292.504s, 324468 KB] New best heuristic value for ff(): 242
[t=292.505s, 324468 KB] g=171, 3841476 evaluated, 172080 expanded
[t=305.963s, 324468 KB] New best heuristic value for ff(): 241
[t=305.965s, 324468 KB] g=176, 4019880 evaluated, 180029 expanded
[t=308.697s, 325608 KB] New best heuristic value for ff(): 240
[t=308.699s, 325608 KB] g=177, 4056205 evaluated, 181566 expanded
[t=318.211s, 333048 KB] New best heuristic value for ff(): 239
[t=318.215s, 333048 KB] g=175, 4181412 evaluated, 187211 expanded
[t=324.613s, 338132 KB] New best heuristic value for ff(): 238
[t=324.614s, 338132 KB] g=177, 4264706 evaluated, 190984 expanded
[t=332.91s, 344572 KB] New best heuristic value for ff(): 237
[t=332.91s, 344572 KB] g=181, 4373759 evaluated, 196175 expanded
[t=340.336s, 350652 KB] New best heuristic value for ff(): 236
[t=340.339s, 350652 KB] g=181, 4472062 evaluated, 200866 expanded
[t=354.786s, 362112 KB] New best heuristic value for ff(): 235
[t=354.789s, 362112 KB] g=179, 4663647 evaluated, 209155 expanded
[t=357.787s, 364572 KB] New best heuristic value for ff(): 234
[t=357.791s, 364572 KB] g=186, 4703477 evaluated, 210875 expanded
[t=359.022s, 365676 KB] New best heuristic value for ff(): 233
[t=359.023s, 365676 KB] g=181, 4719670 evaluated, 211590 expanded
[t=366.472s, 371476 KB] New best heuristic value for ff(): 232
[t=366.473s, 371476 KB] g=182, 4818333 evaluated, 216000 expanded
[t=380.858s, 382956 KB] New best heuristic value for ff(): 231
[t=380.86s, 382956 KB] g=191, 5008984 evaluated, 224429 expanded
[t=384.751s, 386060 KB] New best heuristic value for ff(): 230
[t=384.755s, 386060 KB] g=187, 5060596 evaluated, 226741 expanded
[t=390.151s, 390388 KB] New best heuristic value for ff(): 229
[t=390.152s, 390388 KB] g=194, 5131965 evaluated, 230206 expanded
[t=395.319s, 394424 KB] New best heuristic value for ff(): 228
[t=395.32s, 394424 KB] g=195, 5200474 evaluated, 233324 expanded
[t=404.587s, 401960 KB] New best heuristic value for ff(): 227
[t=404.587s, 401960 KB] g=196, 5323709 evaluated, 238901 expanded
[t=414.151s, 409544 KB] New best heuristic value for ff(): 226
[t=414.152s, 409544 KB] g=197, 5449722 evaluated, 244559 expanded
[t=420.417s, 414432 KB] New best heuristic value for ff(): 225
[t=420.418s, 414432 KB] g=198, 5532033 evaluated, 248138 expanded
[t=454.051s, 441524 KB] New best heuristic value for ff(): 224
[t=454.053s, 441524 KB] g=202, 5978149 evaluated, 268030 expanded
[t=459.471s, 445824 KB] New best heuristic value for ff(): 223
[t=459.471s, 445824 KB] g=200, 6050220 evaluated, 271400 expanded
[t=477.706s, 460408 KB] New best heuristic value for ff(): 222
[t=477.707s, 460408 KB] g=200, 6291389 evaluated, 282357 expanded
[t=505.36s, 609400 KB] New best heuristic value for ff(): 221
[t=505.361s, 609400 KB] g=206, 6650395 evaluated, 299028 expanded
[t=506.922s, 609400 KB] New best heuristic value for ff(): 220
[t=506.922s, 609400 KB] g=204, 6670857 evaluated, 300006 expanded
[t=508.983s, 609400 KB] New best heuristic value for ff(): 219
[t=508.984s, 609400 KB] g=205, 6697793 evaluated, 301219 expanded
[t=515.067s, 609400 KB] New best heuristic value for ff(): 218
[t=515.068s, 609400 KB] g=206, 6777684 evaluated, 304760 expanded
[t=519.494s, 609400 KB] New best heuristic value for ff(): 217
[t=519.496s, 609400 KB] g=207, 6836197 evaluated, 307510 expanded
[t=529.031s, 609400 KB] New best heuristic value for ff(): 216
[t=529.033s, 609400 KB] g=208, 6963048 evaluated, 313458 expanded
[t=556.067s, 609400 KB] New best heuristic value for ff(): 215
[t=556.07s, 609400 KB] g=230, 7322558 evaluated, 329577 expanded
[t=560.891s, 609400 KB] New best heuristic value for ff(): 214
[t=560.892s, 609400 KB] g=231, 7385966 evaluated, 332584 expanded
[t=562.929s, 609400 KB] New best heuristic value for ff(): 213
[t=562.932s, 609400 KB] g=233, 7412763 evaluated, 333769 expanded
[t=569.767s, 609400 KB] New best heuristic value for ff(): 212
[t=569.768s, 609400 KB] g=234, 7502951 evaluated, 337846 expanded
[t=579.772s, 609400 KB] New best heuristic value for ff(): 211
[t=579.773s, 609400 KB] g=235, 7636007 evaluated, 343787 expanded
[t=609.95s, 631976 KB] New best heuristic value for ff(): 210
[t=609.953s, 631976 KB] g=215, 8037480 evaluated, 362188 expanded
[t=622.821s, 642248 KB] New best heuristic value for ff(): 209
[t=622.824s, 642248 KB] g=216, 8208708 evaluated, 369975 expanded
[t=624.452s, 643612 KB] New best heuristic value for ff(): 208
[t=624.456s, 643612 KB] g=217, 8230519 evaluated, 370896 expanded
[t=642.126s, 657932 KB] New best heuristic value for ff(): 207
[t=642.13s, 657932 KB] g=239, 8465593 evaluated, 381789 expanded
[t=661.249s, 673152 KB] New best heuristic value for ff(): 206
[t=661.252s, 673152 KB] g=224, 8719798 evaluated, 393141 expanded
[t=673.448s, 682868 KB] New best heuristic value for ff(): 205
[t=673.452s, 682868 KB] g=225, 8881589 evaluated, 400923 expanded
[t=694.018s, 699332 KB] New best heuristic value for ff(): 204
[t=694.02s, 699332 KB] g=227, 9154654 evaluated, 413461 expanded
[t=706.925s, 709456 KB] New best heuristic value for ff(): 203
[t=706.926s, 709456 KB] g=244, 9321994 evaluated, 420927 expanded
[t=724.181s, 723048 KB] New best heuristic value for ff(): 202
[t=724.182s, 723048 KB] g=230, 9545414 evaluated, 431231 expanded
[t=726.608s, 724940 KB] New best heuristic value for ff(): 201
[t=726.609s, 724940 KB] g=231, 9576871 evaluated, 432660 expanded
[t=751.974s, 744736 KB] New best heuristic value for ff(): 200
[t=751.976s, 744736 KB] g=232, 9906495 evaluated, 447945 expanded
[t=758.414s, 749880 KB] New best heuristic value for ff(): 199
[t=758.416s, 749880 KB] g=233, 9989850 evaluated, 451690 expanded
[t=766.204s, 755968 KB] New best heuristic value for ff(): 198
[t=766.206s, 755968 KB] g=234, 10090570 evaluated, 456403 expanded
[t=773.621s, 761612 KB] New best heuristic value for ff(): 197
[t=773.625s, 761612 KB] g=235, 10186778 evaluated, 460773 expanded
[t=791.877s, 775788 KB] New best heuristic value for ff(): 196
[t=791.878s, 775788 KB] g=237, 10423645 evaluated, 471697 expanded
[t=804.215s, 785276 KB] New best heuristic value for ff(): 195
[t=804.216s, 785276 KB] g=238, 10580269 evaluated, 479309 expanded
[t=815.256s, 793976 KB] New best heuristic value for ff(): 194
[t=815.256s, 793976 KB] g=241, 10722010 evaluated, 485526 expanded
[t=839.172s, 812532 KB] New best heuristic value for ff(): 193
[t=839.172s, 812532 KB] g=242, 11030619 evaluated, 499372 expanded
[t=864.029s, 832024 KB] New best heuristic value for ff(): 192
[t=864.032s, 832024 KB] g=241, 11353929 evaluated, 514507 expanded
[t=874.77s, 840540 KB] New best heuristic value for ff(): 191
[t=874.771s, 840540 KB] g=243, 11493417 evaluated, 521155 expanded
[t=892.046s, 854192 KB] New best heuristic value for ff(): 190
[t=892.047s, 854192 KB] g=245, 11716814 evaluated, 531591 expanded
Peak memory: 858424 KB
caught signal 24 -- exiting
Time limit has been reached.
Remove intermediate file output.sas
search exit code: 23

Driver aborting after search
INFO     Planner time: 898.50s
