INFO     planner time limit: 300s
INFO     planner memory limit: 3584 MB

INFO     Running translator.
INFO     translator stdin: None
INFO     translator time limit: 299s
INFO     translator memory limit: 3584 MB
INFO     translator command line string: /usr/local/downward-projects/downward/experiments/.venv/bin/python3 /usr/local/downward-projects/downward/experiments/src/thesis/data/thesis-thesis_exp/code-d93485cdd92f65ede2ae3573b3f4adda0b49e4fd_e5e41175/builds/release/bin/translate/translate.py domain.pddl problem.pddl --sas-file output.sas
Parsing...
Parsing: [0.010s CPU, 0.003s wall-clock]
Normalizing task... [0.000s CPU, 0.000s wall-clock]
Instantiating...
Generating Datalog program... [0.000s CPU, 0.001s wall-clock]
Normalizing Datalog program...
Normalizing Datalog program: [0.000s CPU, 0.004s wall-clock]
Preparing model... [0.000s CPU, 0.002s wall-clock]
Generated 115 rules.
Computing model... [0.050s CPU, 0.040s wall-clock]
3296 relevant atoms
3425 auxiliary atoms
6721 final queue length
11595 total queue pushes
Completing instantiation... [0.080s CPU, 0.088s wall-clock]
Instantiating: [0.130s CPU, 0.137s wall-clock]
Computing fact groups...
Finding invariants...
24 initial candidates
Finding invariants: [0.010s CPU, 0.010s wall-clock]
Checking invariant weight... [0.000s CPU, 0.000s wall-clock]
Instantiating groups... [0.010s CPU, 0.001s wall-clock]
Collecting mutex groups... [0.000s CPU, 0.000s wall-clock]
Choosing groups...
350 uncovered facts
Choosing groups: [0.000s CPU, 0.000s wall-clock]
Building translation key... [0.000s CPU, 0.001s wall-clock]
Computing fact groups: [0.020s CPU, 0.014s wall-clock]
Building STRIPS to SAS dictionary... [0.000s CPU, 0.000s wall-clock]
Building dictionary for full mutex groups... [0.000s CPU, 0.000s wall-clock]
Building mutex information...
Building mutex information: [0.000s CPU, 0.000s wall-clock]
Translating task...
Processing axioms...
Simplifying axioms... [0.000s CPU, 0.000s wall-clock]
Translator axioms removed by simplifying: 0
Computing negative axioms... [0.000s CPU, 0.000s wall-clock]
Processing axioms: [0.000s CPU, 0.005s wall-clock]
Translating task: [0.090s CPU, 0.093s wall-clock]
3920 effect conditions simplified
0 implied preconditions added
Detecting unreachable propositions...
0 operators removed
0 axioms removed
3 propositions removed
Detecting unreachable propositions: [0.070s CPU, 0.071s wall-clock]
Reordering and filtering variables...
353 of 353 variables necessary.
16 of 19 mutex groups necessary.
2344 of 2344 operators necessary.
0 of 0 axiom rules necessary.
Reordering and filtering variables: [0.030s CPU, 0.029s wall-clock]
Translator variables: 353
Translator derived variables: 0
Translator facts: 737
Translator goal facts: 14
Translator mutex groups: 16
Translator total mutex groups size: 48
Translator operators: 2344
Translator axioms: 0
Translator task size: 22454
Translator peak memory: 45704 KB
Writing output... [0.020s CPU, 0.018s wall-clock]
Done! [0.380s CPU, 0.372s wall-clock]
translate exit code: 0

INFO     Running search (release).
INFO     search stdin: output.sas
INFO     search time limit: 299s
INFO     search memory limit: 3584 MB
INFO     search command line string: /usr/local/downward-projects/downward/experiments/src/thesis/data/thesis-thesis_exp/code-d93485cdd92f65ede2ae3573b3f4adda0b49e4fd_e5e41175/builds/release/bin/downward --evaluator 'h=ff()' --search 'eager(epsilon_greedy(h, epsilon=0.2))' --internal-plan-file sas_plan < output.sas
[t=0.00168652s, 11364 KB] reading input...
[t=0.0125512s, 12368 KB] done reading input!
[t=0.0156613s, 13348 KB] Simplifying 8582 unary operators... done! [7402 unary operators]
[t=0.0218807s, 13744 KB] time to simplify: 0.00621941s
[t=0.0222498s, 13744 KB] Initializing additive heuristic...
[t=0.0224836s, 13744 KB] Initializing FF heuristic...
[t=0.0225118s, 13744 KB] Building successor generator...done!
[t=0.0235336s, 13744 KB] peak memory difference for successor generator creation: 0 KB
[t=0.0235941s, 13744 KB] time for successor generation creation: 0.000226054s
[t=0.0236202s, 13744 KB] Variables: 353
[t=0.023674s, 13744 KB] FactPairs: 737
[t=0.0236969s, 13744 KB] Bytes per state: 48
[t=0.0237193s, 13744 KB] Conducting best first search without reopening closed nodes, (real) bound = 2147483647
[t=0.0238335s, 13744 KB] New best heuristic value for ff(): 37
[t=0.0239198s, 13744 KB] g=0, 1 evaluated, 0 expanded
[t=0.0239443s, 13744 KB] Initial heuristic value for ff(): 37
[t=0.0239707s, 13744 KB] pruning method: none
[t=0.0239937s, 13744 KB] Start Timestep: 1687943970875 millisecond(s).
[t=0.0248245s, 13744 KB] New best heuristic value for ff(): 35
[t=0.0248782s, 13744 KB] g=1, 10 evaluated, 1 expanded
[t=0.0332201s, 13744 KB] New best heuristic value for ff(): 34
[t=0.0338275s, 13744 KB] g=3, 113 evaluated, 10 expanded
[t=0.0478919s, 13744 KB] New best heuristic value for ff(): 33
[t=0.048626s, 13744 KB] g=5, 284 evaluated, 39 expanded
[t=0.0614881s, 13744 KB] New best heuristic value for ff(): 32
[t=0.0616312s, 13744 KB] g=7, 433 evaluated, 62 expanded
[t=0.0645736s, 13744 KB] New best heuristic value for ff(): 31
[t=0.064802s, 13744 KB] g=8, 470 evaluated, 64 expanded
[t=0.108669s, 13744 KB] New best heuristic value for ff(): 30
[t=0.108907s, 13744 KB] g=12, 985 evaluated, 136 expanded
[t=5.42243s, 19668 KB] New best heuristic value for ff(): 29
[t=5.42263s, 19668 KB] g=16, 60340 evaluated, 13084 expanded
[t=5.42444s, 19668 KB] New best heuristic value for ff(): 28
[t=5.42462s, 19668 KB] g=18, 60361 evaluated, 13086 expanded
[t=26.4164s, 40156 KB] New best heuristic value for ff(): 27
[t=26.4174s, 40156 KB] g=27, 292285 evaluated, 58679 expanded
[t=26.4191s, 40156 KB] New best heuristic value for ff(): 26
[t=26.4194s, 40156 KB] g=29, 292307 evaluated, 58681 expanded
[t=84.4865s, 107908 KB] New best heuristic value for ff(): 25
[t=84.4897s, 107908 KB] g=41, 944308 evaluated, 164627 expanded
[t=84.4904s, 107908 KB] New best heuristic value for ff(): 24
[t=84.4917s, 107908 KB] g=43, 944330 evaluated, 164630 expanded
[t=204.125s, 223584 KB] New best heuristic value for ff(): 23
[t=204.126s, 223584 KB] g=57, 2293210 evaluated, 441174 expanded
[t=204.129s, 223584 KB] New best heuristic value for ff(): 22
[t=204.129s, 223584 KB] g=59, 2293248 evaluated, 441177 expanded
[t=263.553s, 297472 KB] New best heuristic value for ff(): 21
[t=263.553s, 297472 KB] g=71, 2972288 evaluated, 576472 expanded
[t=263.553s, 297472 KB] New best heuristic value for ff(): 20
[t=263.556s, 297472 KB] g=73, 2972321 evaluated, 576476 expanded
Peak memory: 320808 KB
caught signal 24 -- exiting
Time limit has been reached.
Remove intermediate file output.sas
search exit code: 23

Driver aborting after search
INFO     Planner time: 298.95s
