INFO     planner time limit: 600s
INFO     planner memory limit: 3584 MB

INFO     Running translator.
INFO     translator stdin: None
INFO     translator time limit: 599s
INFO     translator memory limit: 3584 MB
INFO     translator command line string: /usr/local/downward-projects/downward/experiments/src/thesis/.venv/bin/python3 /usr/local/downward-projects/downward/experiments/src/thesis/data/thesis-thesis_exp/code-84c08dfff1890fbf6247184940c8166177195ea1_e5e41175/builds/release/bin/translate/translate.py domain.pddl problem.pddl --sas-file output.sas
Parsing...
Parsing: [0.010s CPU, 0.002s wall-clock]
Normalizing task... [0.000s CPU, 0.000s wall-clock]
Instantiating...
Generating Datalog program... [0.000s CPU, 0.000s wall-clock]
Normalizing Datalog program...
Normalizing Datalog program: [0.000s CPU, 0.003s wall-clock]
Preparing model... [0.000s CPU, 0.001s wall-clock]
Generated 74 rules.
Computing model... [0.080s CPU, 0.084s wall-clock]
9100 relevant atoms
2306 auxiliary atoms
11406 final queue length
42098 total queue pushes
Completing instantiation... [0.360s CPU, 0.361s wall-clock]
Instantiating: [0.440s CPU, 0.452s wall-clock]
Computing fact groups...
Finding invariants...
16 initial candidates
Finding invariants: [0.010s CPU, 0.008s wall-clock]
Checking invariant weight... [0.000s CPU, 0.000s wall-clock]
Instantiating groups... [0.000s CPU, 0.000s wall-clock]
Collecting mutex groups... [0.000s CPU, 0.000s wall-clock]
Choosing groups...
0 uncovered facts
Choosing groups: [0.000s CPU, 0.000s wall-clock]
Building translation key... [0.000s CPU, 0.000s wall-clock]
Computing fact groups: [0.010s CPU, 0.009s wall-clock]
Building STRIPS to SAS dictionary... [0.000s CPU, 0.000s wall-clock]
Building dictionary for full mutex groups... [0.000s CPU, 0.000s wall-clock]
Building mutex information...
Building mutex information: [0.000s CPU, 0.000s wall-clock]
Translating task...
Processing axioms...
Simplifying axioms... [0.000s CPU, 0.000s wall-clock]
Translator axioms removed by simplifying: 0
Computing negative axioms... [0.000s CPU, 0.000s wall-clock]
Processing axioms: [0.010s CPU, 0.014s wall-clock]
Translating task: [0.270s CPU, 0.271s wall-clock]
0 effect conditions simplified
0 implied preconditions added
Detecting unreachable propositions...
0 operators removed
0 axioms removed
13 propositions removed
Detecting unreachable propositions: [0.180s CPU, 0.181s wall-clock]
Reordering and filtering variables...
13 of 13 variables necessary.
0 of 13 mutex groups necessary.
6184 of 6184 operators necessary.
0 of 0 axiom rules necessary.
Reordering and filtering variables: [0.040s CPU, 0.037s wall-clock]
Translator variables: 13
Translator derived variables: 0
Translator facts: 81
Translator goal facts: 2
Translator mutex groups: 0
Translator total mutex groups size: 0
Translator operators: 6184
Translator axioms: 0
Translator task size: 52280
Translator peak memory: 68504 KB
Writing output... [0.030s CPU, 0.036s wall-clock]
Done! [1.000s CPU, 1.006s wall-clock]
translate exit code: 0

INFO     Running search (release).
INFO     search stdin: output.sas
INFO     search time limit: 598s
INFO     search memory limit: 3584 MB
INFO     search command line string: /usr/local/downward-projects/downward/experiments/src/thesis/data/thesis-thesis_exp/code-84c08dfff1890fbf6247184940c8166177195ea1_e5e41175/builds/release/bin/downward --evaluator 'h=ff()' --search 'eager(partition(h, h_partition(), inter_uniform(), intra_uniform() )) ' --internal-plan-file sas_plan < output.sas
[t=0.00105235s, 11732 KB] reading input...
[t=0.0241095s, 13896 KB] done reading input!
[t=0.0282397s, 15620 KB] Simplifying 20848 unary operators... done! [2200 unary operators]
[t=0.0407696s, 16464 KB] time to simplify: 0.0125299s
[t=0.0409203s, 16464 KB] Initializing additive heuristic...
[t=0.0410085s, 16464 KB] Initializing FF heuristic...
[t=0.0410351s, 16464 KB] Building successor generator...done!
[t=0.0425509s, 16464 KB] peak memory difference for successor generator creation: 0 KB
[t=0.0426265s, 16464 KB] time for successor generation creation: 0.00137716s
[t=0.0426519s, 16464 KB] Variables: 13
[t=0.0427498s, 16464 KB] FactPairs: 81
[t=0.0427813s, 16464 KB] Bytes per state: 8
[t=0.0428046s, 16464 KB] Conducting best first search without reopening closed nodes, (real) bound = 2147483647
[t=0.0428631s, 16464 KB] New best heuristic value for ff(): 40
[t=0.0429405s, 16464 KB] g=0, 1 evaluated, 0 expanded
[t=0.0429648s, 16464 KB] Initial heuristic value for ff(): 40
[t=0.0429929s, 16464 KB] pruning method: none
[t=0.0430173s, 16464 KB] Start Timestep: 1693654024054 millisecond(s).
[t=0.0430635s, 16464 KB] New best heuristic value for ff(): 39
[t=0.0431328s, 16464 KB] g=1, 2 evaluated, 1 expanded
[t=0.072113s, 16464 KB] New best heuristic value for ff(): 38
[t=0.0727217s, 16464 KB] g=2, 470 evaluated, 3 expanded
[t=1.00552s, 16464 KB] New best heuristic value for ff(): 37
[t=1.0058s, 16464 KB] g=6, 3459 evaluated, 33 expanded
[t=486.169s, 30792 KB] New best heuristic value for ff(): 36
[t=486.17s, 30792 KB] g=6, 47520 evaluated, 955 expanded
Peak memory: 31796 KB
caught signal 24 -- exiting
Time limit has been reached.
Remove intermediate file output.sas
search exit code: 23

Driver aborting after search
INFO     Planner time: 595.79s
