INFO     planner time limit: 900s
INFO     planner memory limit: 3584 MB

INFO     Running translator.
INFO     translator stdin: None
INFO     translator time limit: 899s
INFO     translator memory limit: 3584 MB
INFO     translator command line string: /usr/local/downward-projects/downward/experiments/assign3/.venv/bin/python3 /usr/local/downward-projects/downward/experiments/assign3/data/assign3-anytime_exp/code-fe4f0f1bb525c059c1938ac01bab1b7bae200873_e5e41175/builds/release/bin/translate/translate.py domain.pddl problem.pddl --sas-file output.sas
Parsing...
Parsing: [0.060s CPU, 0.065s wall-clock]
Normalizing task... [0.000s CPU, 0.002s wall-clock]
Instantiating...
Generating Datalog program... [0.040s CPU, 0.030s wall-clock]
Normalizing Datalog program...
Normalizing Datalog program: [0.000s CPU, 0.001s wall-clock]
Preparing model... [0.110s CPU, 0.112s wall-clock]
Generated 23 rules.
Computing model... [0.360s CPU, 0.359s wall-clock]
23891 relevant atoms
41757 auxiliary atoms
65648 final queue length
78347 total queue pushes
Completing instantiation... [0.250s CPU, 0.255s wall-clock]
Instantiating: [0.780s CPU, 0.780s wall-clock]
Computing fact groups...
Finding invariants...
9 initial candidates
Finding invariants: [0.010s CPU, 0.006s wall-clock]
Checking invariant weight... [0.000s CPU, 0.005s wall-clock]
Instantiating groups... [0.010s CPU, 0.004s wall-clock]
Collecting mutex groups... [0.000s CPU, 0.000s wall-clock]
Choosing groups...
0 uncovered facts
Choosing groups: [0.000s CPU, 0.001s wall-clock]
Building translation key... [0.000s CPU, 0.000s wall-clock]
Computing fact groups: [0.020s CPU, 0.018s wall-clock]
Building STRIPS to SAS dictionary... [0.000s CPU, 0.000s wall-clock]
Building dictionary for full mutex groups... [0.000s CPU, 0.000s wall-clock]
Building mutex information...
Building mutex information: [0.000s CPU, 0.000s wall-clock]
Translating task...
Processing axioms...
Simplifying axioms... [0.000s CPU, 0.000s wall-clock]
Translator axioms removed by simplifying: 0
Computing negative axioms... [0.000s CPU, 0.000s wall-clock]
Processing axioms: [0.010s CPU, 0.010s wall-clock]
Translating task: [0.190s CPU, 0.190s wall-clock]
0 effect conditions simplified
0 implied preconditions added
Detecting unreachable propositions...
0 operators removed
0 axioms removed
15 propositions removed
Detecting unreachable propositions: [0.080s CPU, 0.074s wall-clock]
Reordering and filtering variables...
15 of 15 variables necessary.
0 of 15 mutex groups necessary.
6698 of 6698 operators necessary.
0 of 0 axiom rules necessary.
Reordering and filtering variables: [0.010s CPU, 0.018s wall-clock]
Translator variables: 15
Translator derived variables: 0
Translator facts: 374
Translator goal facts: 13
Translator mutex groups: 0
Translator total mutex groups size: 0
Translator operators: 6698
Translator axioms: 0
Translator task size: 33554
Translator peak memory: 67716 KB
Writing output... [0.020s CPU, 0.027s wall-clock]
Done! [1.180s CPU, 1.187s wall-clock]
translate exit code: 0

INFO     Running search (release).
INFO     search stdin: output.sas
INFO     search time limit: 898s
INFO     search memory limit: 3584 MB
INFO     search command line string: /usr/local/downward-projects/downward/experiments/assign3/data/assign3-anytime_exp/code-fe4f0f1bb525c059c1938ac01bab1b7bae200873_e5e41175/builds/release/bin/downward --evaluator 'h=lmcut()' --search 'eager_anytime(epsilon_greedy(
        sum([weight(h, 2, verbosity=normal), g()]), epsilon=0.2, random_seed=1234), 
        reopen_closed=true, f_eval=sum([h, g()]))' --internal-plan-file sas_plan < output.sas
[t=0.00204835s, 10884 KB] reading input...
[t=0.0220154s, 12692 KB] done reading input!
[t=0.0259926s, 14284 KB] Initializing landmark cut heuristic...
[t=0.0270505s, 14284 KB] Building successor generator...done!
[t=0.0287319s, 14964 KB] peak memory difference for successor generator creation: 680 KB
[t=0.0287978s, 14964 KB] time for successor generation creation: 0s
[t=0.0288241s, 14964 KB] Variables: 15
[t=0.0288839s, 14964 KB] FactPairs: 374
[t=0.0289082s, 14964 KB] Bytes per state: 8
[t=0.0289313s, 14964 KB] Conducting best first anytime search with reopening closed nodes, (real) bound = 2147483647
[t=0.0298573s, 14964 KB] New best heuristic value for lmcut(): 32
[t=0.0314616s, 14964 KB] g=0, 1 evaluated, 0 expanded
[t=0.0314903s, 14964 KB] Initial heuristic value for lmcut(): 32
[t=0.0315166s, 14964 KB] Start Timestep: 1682561241525 millisecond(s).
[t=0.0418063s, 14964 KB] New best heuristic value for lmcut(): 31
[t=0.0431904s, 14964 KB] g=2, 6 evaluated, 2 expanded
[t=0.0537671s, 14964 KB] New best heuristic value for lmcut(): 30
[t=0.0565312s, 14964 KB] g=3, 12 evaluated, 3 expanded
[t=0.0697274s, 14964 KB] New best heuristic value for lmcut(): 29
[t=0.0723231s, 14964 KB] g=4, 20 evaluated, 5 expanded
[t=0.121666s, 14964 KB] New best heuristic value for lmcut(): 28
[t=0.123529s, 14964 KB] g=6, 48 evaluated, 12 expanded
[t=0.197579s, 14964 KB] New best heuristic value for lmcut(): 27
[t=0.20088s, 14964 KB] g=8, 100 evaluated, 24 expanded
[t=2.82212s, 14964 KB] New best heuristic value for lmcut(): 26
[t=2.82596s, 14964 KB] g=12, 2487 evaluated, 613 expanded, 4 reopened
[t=3.56983s, 14964 KB] New best heuristic value for lmcut(): 25
[t=3.57251s, 14964 KB] g=15, 3221 evaluated, 786 expanded, 4 reopened
[t=3.58176s, 14964 KB] New best heuristic value for lmcut(): 24
[t=3.58223s, 14964 KB] g=16, 3232 evaluated, 787 expanded, 4 reopened
[t=3.58971s, 14964 KB] New best heuristic value for lmcut(): 23
[t=3.59077s, 14964 KB] g=17, 3242 evaluated, 788 expanded, 4 reopened
[t=3.59767s, 14964 KB] New best heuristic value for lmcut(): 22
[t=3.59902s, 14964 KB] g=18, 3252 evaluated, 789 expanded, 4 reopened
[t=4.83326s, 14964 KB] New best heuristic value for lmcut(): 21
[t=4.83543s, 14964 KB] g=17, 4604 evaluated, 1061 expanded, 9 reopened
[t=4.9932s, 14964 KB] New best heuristic value for lmcut(): 20
[t=4.99485s, 14964 KB] g=18, 4785 evaluated, 1081 expanded, 9 reopened
[t=5.15312s, 14964 KB] New best heuristic value for lmcut(): 19
[t=5.15459s, 14964 KB] g=19, 4967 evaluated, 1103 expanded, 9 reopened
[t=5.82879s, 14964 KB] New best heuristic value for lmcut(): 18
[t=5.82946s, 14964 KB] g=22, 5784 evaluated, 1216 expanded, 9 reopened
[t=5.83488s, 14964 KB] New best heuristic value for lmcut(): 17
[t=5.83593s, 14964 KB] g=23, 5796 evaluated, 1217 expanded, 9 reopened
[t=5.84114s, 14964 KB] New best heuristic value for lmcut(): 16
[t=5.84165s, 14964 KB] g=24, 5807 evaluated, 1218 expanded, 9 reopened
[t=8.10412s, 15116 KB] New best heuristic value for lmcut(): 15
[t=8.10494s, 15116 KB] g=26, 9112 evaluated, 1680 expanded, 11 reopened
[t=8.10826s, 15116 KB] New best heuristic value for lmcut(): 14
[t=8.10915s, 15116 KB] g=27, 9123 evaluated, 1681 expanded, 11 reopened
[t=8.35997s, 15116 KB] New best heuristic value for lmcut(): 13
[t=8.36073s, 15116 KB] g=30, 9589 evaluated, 1761 expanded, 11 reopened
[t=9.92531s, 15308 KB] New best heuristic value for lmcut(): 12
[t=9.9266s, 15308 KB] g=34, 12647 evaluated, 2252 expanded, 14 reopened
[t=9.93325s, 15308 KB] New best heuristic value for lmcut(): 11
[t=9.93477s, 15308 KB] g=35, 12678 evaluated, 2256 expanded, 14 reopened
[t=9.9412s, 15308 KB] New best heuristic value for lmcut(): 10
[t=9.94165s, 15308 KB] g=36, 12705 evaluated, 2260 expanded, 14 reopened
[t=9.94517s, 15308 KB] New best heuristic value for lmcut(): 9
[t=9.94749s, 15308 KB] g=37, 12729 evaluated, 2264 expanded, 14 reopened
[t=9.95713s, 15308 KB] New best heuristic value for lmcut(): 8
[t=9.95915s, 15308 KB] g=38, 12758 evaluated, 2269 expanded, 14 reopened
[t=12.0185s, 15612 KB] New best heuristic value for lmcut(): 7
[t=12.0209s, 15612 KB] g=41, 17784 evaluated, 3528 expanded, 41 reopened
[t=12.0209s, 15612 KB] New best heuristic value for lmcut(): 6
[t=12.0221s, 15612 KB] g=42, 17789 evaluated, 3530 expanded, 41 reopened
[t=12.2543s, 15612 KB] New best heuristic value for lmcut(): 5
[t=12.258s, 15612 KB] g=43, 18442 evaluated, 3663 expanded, 41 reopened
[t=416.007s, 89644 KB] New best heuristic value for lmcut(): 4
[t=416.008s, 89644 KB] g=40, 1218434 evaluated, 325688 expanded, 6871 reopened
[t=416.008s, 89644 KB] New best heuristic value for lmcut(): 3
[t=416.008s, 89644 KB] g=41, 1218438 evaluated, 325689 expanded, 6871 reopened
[t=416.008s, 89644 KB] New best heuristic value for lmcut(): 2
[t=416.009s, 89644 KB] g=42, 1218440 evaluated, 325690 expanded, 6871 reopened
[t=416.009s, 89644 KB] New best heuristic value for lmcut(): 1
[t=416.009s, 89644 KB] g=43, 1218441 evaluated, 325691 expanded, 6871 reopened
[t=416.009s, 89644 KB] New best heuristic value for lmcut(): 0
[t=416.011s, 89644 KB] g=44, 1218449 evaluated, 325693 expanded, 6871 reopened
[t=416.015s, 89644 KB] Solution found!
drive t0 l9 l4 level175 level3 level178 (1)
drive t0 l4 l12 level154 level21 level175 (1)
drive t0 l12 l3 level148 level6 level154 (1)
load p4 t0 l3 (1)
load p10 t0 l3 (1)
drive t0 l3 l11 level128 level20 level148 (1)
drive t0 l11 l5 level123 level5 level128 (1)
load p7 t0 l5 (1)
load p6 t0 l5 (1)
load p3 t0 l5 (1)
load p12 t0 l5 (1)
load p11 t0 l5 (1)
load p1 t0 l5 (1)
drive t0 l5 l11 level118 level5 level123 (1)
drive t0 l11 l1 level117 level1 level118 (1)
unload p7 t0 l1 (1)
unload p6 t0 l1 (1)
unload p11 t0 l1 (1)
drive t0 l1 l2 level107 level10 level117 (1)
load p8 t0 l2 (1)
drive t0 l2 l4 level93 level14 level107 (1)
load p5 t0 l4 (1)
unload p4 t0 l4 (1)
drive t0 l4 l12 level72 level21 level93 (1)
load p2 t0 l12 (1)
load p0 t0 l12 (1)
drive t0 l12 l3 level66 level6 level72 (1)
unload p0 t0 l3 (1)
drive t0 l3 l12 level60 level6 level66 (1)
drive t0 l12 l4 level39 level21 level60 (1)
drive t0 l4 l9 level36 level3 level39 (1)
unload p5 t0 l9 (1)
unload p1 t0 l9 (1)
drive t0 l9 l4 level33 level3 level36 (1)
drive t0 l4 l0 level19 level14 level33 (1)
unload p8 t0 l0 (1)
unload p3 t0 l0 (1)
unload p2 t0 l0 (1)
unload p12 t0 l0 (1)
drive t0 l0 l7 level18 level1 level19 (1)
load p9 t0 l7 (1)
unload p10 t0 l7 (1)
drive t0 l7 l8 level0 level18 level18 (1)
unload p9 t0 l8 (1)
[t=416.017s, 89644 KB] Plan length: 44 step(s).
[t=416.017s, 89644 KB] Plan cost: 44
[t=416.017s, 89644 KB] Solution: Incumbent solution found!
[t=416.017s, 89644 KB] Solution Timestep: 1682561660385 millisecond(s).
[t=416.017s, 89644 KB] Timestamp: 1682561660385 millisecond(s).
[t=416.017s, 89644 KB] Expanded 325695 state(s).
[t=416.017s, 89644 KB] Reopened 6871 state(s).
[t=416.017s, 89644 KB] Evaluated 1218458 state(s).
[t=416.017s, 89644 KB] Evaluations: 1692567
[t=416.017s, 89644 KB] Generated 2554479 state(s).
[t=416.017s, 89644 KB] Dead ends: 0 state(s).
[t=416.017s, 89644 KB] Number of registered states: 1692567
[t=416.017s, 89644 KB] Int hash set load factor: 1692567/2097152 = 0.807079
[t=416.017s, 89644 KB] Int hash set resizes: 21
Peak memory: 151268 KB
caught signal 24 -- exiting
Time limit has been reached.
Remove intermediate file output.sas
search exit code: 23

Driver aborting after search
INFO     Planner time: 896.04s
