INFO     planner time limit: 600s
INFO     planner memory limit: 3584 MB

INFO     Running translator.
INFO     translator stdin: None
INFO     translator time limit: 599s
INFO     translator memory limit: 3584 MB
INFO     translator command line string: /usr/local/downward-projects/downward/experiments/src/thesis/.venv/bin/python3 /usr/local/downward-projects/downward/experiments/src/thesis/data/thesis-thesis_exp/code-84c08dfff1890fbf6247184940c8166177195ea1_e5e41175/builds/release/bin/translate/translate.py domain.pddl problem.pddl --sas-file output.sas
Parsing...
Parsing: [0.010s CPU, 0.003s wall-clock]
Normalizing task... [0.000s CPU, 0.000s wall-clock]
Instantiating...
Generating Datalog program... [0.000s CPU, 0.001s wall-clock]
Normalizing Datalog program...
Normalizing Datalog program: [0.000s CPU, 0.003s wall-clock]
Preparing model... [0.000s CPU, 0.002s wall-clock]
Generated 79 rules.
Computing model... [1.010s CPU, 1.017s wall-clock]
86377 relevant atoms
37760 auxiliary atoms
124137 final queue length
372154 total queue pushes
Completing instantiation... [2.800s CPU, 2.822s wall-clock]
Instantiating: [3.850s CPU, 3.889s wall-clock]
Computing fact groups...
Finding invariants...
14 initial candidates
Finding invariants: [0.060s CPU, 0.064s wall-clock]
Checking invariant weight... [0.000s CPU, 0.000s wall-clock]
Instantiating groups... [0.000s CPU, 0.001s wall-clock]
Collecting mutex groups... [0.000s CPU, 0.001s wall-clock]
Choosing groups...
1864 uncovered facts
Choosing groups: [0.000s CPU, 0.001s wall-clock]
Building translation key... [0.000s CPU, 0.006s wall-clock]
Computing fact groups: [0.080s CPU, 0.084s wall-clock]
Building STRIPS to SAS dictionary... [0.000s CPU, 0.002s wall-clock]
Building dictionary for full mutex groups... [0.010s CPU, 0.001s wall-clock]
Building mutex information...
Building mutex information: [0.000s CPU, 0.002s wall-clock]
Translating task...
Processing axioms...
Simplifying axioms... [0.000s CPU, 0.000s wall-clock]
Translator axioms removed by simplifying: 0
Computing negative axioms... [0.000s CPU, 0.000s wall-clock]
Processing axioms: [0.040s CPU, 0.047s wall-clock]
Translating task: [1.630s CPU, 1.642s wall-clock]
76112 effect conditions simplified
0 implied preconditions added
Detecting unreachable propositions...
0 operators removed
0 axioms removed
6 propositions removed
Detecting unreachable propositions: [1.040s CPU, 1.049s wall-clock]
Reordering and filtering variables...
1870 of 1870 variables necessary.
0 of 6 mutex groups necessary.
30936 of 30936 operators necessary.
0 of 0 axiom rules necessary.
Reordering and filtering variables: [0.860s CPU, 0.868s wall-clock]
Translator variables: 1870
Translator derived variables: 0
Translator facts: 4016
Translator goal facts: 24
Translator mutex groups: 0
Translator total mutex groups size: 0
Translator operators: 30936
Translator axioms: 0
Translator task size: 266206
Translator peak memory: 207908 KB
Writing output... [0.230s CPU, 0.227s wall-clock]
Done! [7.780s CPU, 7.845s wall-clock]
translate exit code: 0

INFO     Running search (release).
INFO     search stdin: output.sas
INFO     search time limit: 592s
INFO     search memory limit: 3584 MB
INFO     search command line string: /usr/local/downward-projects/downward/experiments/src/thesis/data/thesis-thesis_exp/code-84c08dfff1890fbf6247184940c8166177195ea1_e5e41175/builds/release/bin/downward --evaluator 'h=ff()' --search 'eager(partition(h, h_partition(), inter_uniform(), intra_uniform() )) ' --internal-plan-file sas_plan < output.sas
[t=0.00103498s, 11732 KB] reading input...
[t=0.149226s, 24140 KB] done reading input!
[t=0.169185s, 32964 KB] Simplifying 138064 unary operators... done! [99832 unary operators]
[t=0.335226s, 41684 KB] time to simplify: 0.166042s
[t=0.337277s, 41684 KB] Initializing additive heuristic...
[t=0.338161s, 41684 KB] Initializing FF heuristic...
[t=0.338277s, 41684 KB] Building successor generator...done!
[t=0.350296s, 41684 KB] peak memory difference for successor generator creation: 0 KB
[t=0.350412s, 41684 KB] time for successor generation creation: 0.011428s
[t=0.350439s, 41684 KB] Variables: 1870
[t=0.350497s, 41684 KB] FactPairs: 4016
[t=0.35052s, 41684 KB] Bytes per state: 240
[t=0.350544s, 41684 KB] Conducting best first search without reopening closed nodes, (real) bound = 2147483647
[t=0.351819s, 41684 KB] New best heuristic value for ff(): 28
[t=0.35244s, 41684 KB] g=0, 1 evaluated, 0 expanded
[t=0.352469s, 41684 KB] Initial heuristic value for ff(): 28
[t=0.3525s, 41684 KB] pruning method: none
[t=0.352524s, 41684 KB] Start Timestep: 1693695937074 millisecond(s).
[t=0.356317s, 41684 KB] New best heuristic value for ff(): 27
[t=0.356666s, 41684 KB] g=1, 7 evaluated, 1 expanded
[t=0.365363s, 41684 KB] New best heuristic value for ff(): 26
[t=0.365719s, 41684 KB] g=4, 21 evaluated, 3 expanded
[t=0.424187s, 41684 KB] New best heuristic value for ff(): 25
[t=0.424494s, 41684 KB] g=9, 112 evaluated, 14 expanded
[t=0.51567s, 41684 KB] New best heuristic value for ff(): 24
[t=0.516314s, 41684 KB] g=8, 250 evaluated, 30 expanded
[t=0.601896s, 41684 KB] New best heuristic value for ff(): 22
[t=0.60218s, 41684 KB] g=15, 375 evaluated, 44 expanded
[t=0.621096s, 41684 KB] New best heuristic value for ff(): 21
[t=0.621901s, 41684 KB] g=14, 403 evaluated, 47 expanded
[t=3.25211s, 41684 KB] New best heuristic value for ff(): 20
[t=3.25281s, 41684 KB] g=15, 3384 evaluated, 366 expanded
[t=4.67852s, 41684 KB] New best heuristic value for ff(): 19
[t=4.67873s, 41684 KB] g=16, 4603 evaluated, 495 expanded
[t=15.8063s, 41684 KB] New best heuristic value for ff(): 17
[t=15.807s, 41684 KB] g=17, 10750 evaluated, 1147 expanded
[t=298.776s, 56072 KB] New best heuristic value for ff(): 16
[t=298.779s, 56072 KB] g=25, 44270 evaluated, 4562 expanded
Peak memory: 63464 KB
caught signal 24 -- exiting
Time limit has been reached.
Remove intermediate file output.sas
search exit code: 23

Driver aborting after search
INFO     Planner time: 598.36s
