INFO     planner time limit: 600s
INFO     planner memory limit: 3584 MB

INFO     Running translator.
INFO     translator stdin: None
INFO     translator time limit: 599s
INFO     translator memory limit: 3584 MB
INFO     translator command line string: /usr/local/downward-projects/downward/experiments/src/thesis/.venv/bin/python3 /usr/local/downward-projects/downward/experiments/src/thesis/data/thesis-thesis_exp/code-84c08dfff1890fbf6247184940c8166177195ea1_e5e41175/builds/release/bin/translate/translate.py domain.pddl problem.pddl --sas-file output.sas
Parsing...
Parsing: [0.010s CPU, 0.005s wall-clock]
Normalizing task... [0.000s CPU, 0.000s wall-clock]
Instantiating...
Generating Datalog program... [0.000s CPU, 0.001s wall-clock]
Normalizing Datalog program...
Normalizing Datalog program: [0.010s CPU, 0.006s wall-clock]
Preparing model... [0.000s CPU, 0.004s wall-clock]
Generated 198 rules.
Computing model... [0.180s CPU, 0.182s wall-clock]
13530 relevant atoms
9177 auxiliary atoms
22707 final queue length
72632 total queue pushes
Completing instantiation... [0.650s CPU, 0.653s wall-clock]
Instantiating: [0.850s CPU, 0.853s wall-clock]
Computing fact groups...
Finding invariants...
24 initial candidates
Finding invariants: [0.020s CPU, 0.018s wall-clock]
Checking invariant weight... [0.000s CPU, 0.001s wall-clock]
Instantiating groups... [0.010s CPU, 0.006s wall-clock]
Collecting mutex groups... [0.000s CPU, 0.000s wall-clock]
Choosing groups...
221 uncovered facts
Choosing groups: [0.000s CPU, 0.001s wall-clock]
Building translation key... [0.000s CPU, 0.001s wall-clock]
Computing fact groups: [0.030s CPU, 0.029s wall-clock]
Building STRIPS to SAS dictionary... [0.000s CPU, 0.000s wall-clock]
Building dictionary for full mutex groups... [0.000s CPU, 0.000s wall-clock]
Building mutex information...
Building mutex information: [0.000s CPU, 0.000s wall-clock]
Translating task...
Processing axioms...
Simplifying axioms... [0.000s CPU, 0.000s wall-clock]
Translator axioms removed by simplifying: 0
Computing negative axioms... [0.000s CPU, 0.000s wall-clock]
Processing axioms: [0.030s CPU, 0.023s wall-clock]
Translating task: [0.650s CPU, 0.644s wall-clock]
6804 effect conditions simplified
0 implied preconditions added
Detecting unreachable propositions...
0 operators removed
0 axioms removed
76 propositions removed
Detecting unreachable propositions: [0.390s CPU, 0.397s wall-clock]
Reordering and filtering variables...
249 of 257 variables necessary.
65 of 89 mutex groups necessary.
12554 of 12554 operators necessary.
0 of 0 axiom rules necessary.
Reordering and filtering variables: [0.100s CPU, 0.096s wall-clock]
Translator variables: 249
Translator derived variables: 0
Translator facts: 693
Translator goal facts: 67
Translator mutex groups: 65
Translator total mutex groups size: 241
Translator operators: 12554
Translator axioms: 0
Translator task size: 107443
Translator peak memory: 102796 KB
Writing output... [0.090s CPU, 0.087s wall-clock]
Done! [2.140s CPU, 2.144s wall-clock]
translate exit code: 0

INFO     Running search (release).
INFO     search stdin: output.sas
INFO     search time limit: 597s
INFO     search memory limit: 3584 MB
INFO     search command line string: /usr/local/downward-projects/downward/experiments/src/thesis/data/thesis-thesis_exp/code-84c08dfff1890fbf6247184940c8166177195ea1_e5e41175/builds/release/bin/downward --evaluator 'h=ff()' --search 'eager(partition(h, plateau_partition(), inter_uniform(), intra_uniform() )) ' --internal-plan-file sas_plan < output.sas
[t=0.00272131s, 11732 KB] reading input...
[t=0.0586565s, 16476 KB] done reading input!
[t=0.0666029s, 19376 KB] Simplifying 50371 unary operators... done! [10756 unary operators]
[t=0.08726s, 21256 KB] time to simplify: 0.0216596s
[t=0.0888702s, 21256 KB] Initializing additive heuristic...
[t=0.089221s, 21256 KB] Initializing FF heuristic...
[t=0.0892494s, 21256 KB] Building successor generator...done!
[t=0.0926119s, 21256 KB] peak memory difference for successor generator creation: 0 KB
[t=0.0926965s, 21256 KB] time for successor generation creation: 0.000947617s
[t=0.0927224s, 21256 KB] Variables: 249
[t=0.0927533s, 21256 KB] FactPairs: 693
[t=0.0927767s, 21256 KB] Bytes per state: 48
[t=0.0928011s, 21256 KB] Conducting best first search without reopening closed nodes, (real) bound = 2147483647
[t=0.0928593s, 21256 KB] New best heuristic value for ff(): 1180
[t=0.0930964s, 21256 KB] g=0, 1 evaluated, 0 expanded
[t=0.0931232s, 21256 KB] Initial heuristic value for ff(): 1180
[t=0.0931546s, 21256 KB] pruning method: none
[t=0.0931784s, 21256 KB] Start Timestep: 1693568568821 millisecond(s).
[t=0.0932255s, 21256 KB] New best heuristic value for ff(): 1160
[t=0.0933943s, 21256 KB] g=20, 2 evaluated, 1 expanded
[t=0.0934202s, 21256 KB] New best heuristic value for ff(): 830
[t=0.0935728s, 21256 KB] g=30, 3 evaluated, 1 expanded
[t=0.100026s, 21256 KB] New best heuristic value for ff(): 800
[t=0.100693s, 21256 KB] g=30, 73 evaluated, 1 expanded
[t=0.117999s, 21256 KB] New best heuristic value for ff(): 770
[t=0.11933s, 21256 KB] g=60, 255 evaluated, 2 expanded
[t=0.129934s, 21256 KB] New best heuristic value for ff(): 760
[t=0.13189s, 21256 KB] g=90, 368 evaluated, 3 expanded
[t=0.141875s, 21256 KB] New best heuristic value for ff(): 710
[t=0.142794s, 21256 KB] g=90, 465 evaluated, 3 expanded
[t=0.1818s, 21256 KB] New best heuristic value for ff(): 700
[t=0.185828s, 21256 KB] g=100, 823 evaluated, 5 expanded
[t=0.205691s, 21256 KB] New best heuristic value for ff(): 695
[t=0.207976s, 21256 KB] g=120, 994 evaluated, 6 expanded
[t=0.377457s, 21256 KB] New best heuristic value for ff(): 635
[t=0.378935s, 21256 KB] g=150, 2151 evaluated, 12 expanded
[t=0.513278s, 21256 KB] New best heuristic value for ff(): 625
[t=0.513878s, 21256 KB] g=150, 2928 evaluated, 17 expanded
[t=0.613005s, 21256 KB] New best heuristic value for ff(): 610
[t=0.614589s, 21256 KB] g=160, 3468 evaluated, 20 expanded
[t=0.920675s, 21256 KB] New best heuristic value for ff(): 605
[t=0.92403s, 21256 KB] g=180, 4841 evaluated, 27 expanded
[t=1.65985s, 21256 KB] New best heuristic value for ff(): 585
[t=1.66308s, 21256 KB] g=200, 7497 evaluated, 41 expanded
[t=1.69171s, 21256 KB] New best heuristic value for ff(): 575
[t=1.69304s, 21256 KB] g=210, 7608 evaluated, 41 expanded
[t=2.76673s, 21256 KB] New best heuristic value for ff(): 560
[t=2.76998s, 21256 KB] g=220, 10536 evaluated, 57 expanded
[t=4.62777s, 21828 KB] New best heuristic value for ff(): 555
[t=4.63108s, 21828 KB] g=220, 14531 evaluated, 78 expanded
[t=11.8487s, 23544 KB] New best heuristic value for ff(): 540
[t=11.8497s, 23544 KB] g=260, 24750 evaluated, 132 expanded
[t=11.9685s, 23544 KB] New best heuristic value for ff(): 530
[t=11.9691s, 23544 KB] g=270, 24895 evaluated, 132 expanded
[t=15.6636s, 24072 KB] New best heuristic value for ff(): 510
[t=15.6676s, 24072 KB] g=265, 28759 evaluated, 152 expanded
[t=30.1559s, 26904 KB] New best heuristic value for ff(): 500
[t=30.1584s, 26904 KB] g=275, 40201 evaluated, 213 expanded
[t=30.2758s, 26904 KB] New best heuristic value for ff(): 490
[t=30.2794s, 26904 KB] g=285, 40301 evaluated, 213 expanded
[t=41.301s, 27432 KB] New best heuristic value for ff(): 485
[t=41.3042s, 27432 KB] g=285, 46872 evaluated, 248 expanded
[t=41.4449s, 27432 KB] New best heuristic value for ff(): 475
[t=41.4463s, 27432 KB] g=295, 46978 evaluated, 248 expanded
[t=64.1687s, 28884 KB] New best heuristic value for ff(): 470
[t=64.1706s, 28884 KB] g=300, 57499 evaluated, 303 expanded
[t=64.3605s, 28884 KB] New best heuristic value for ff(): 460
[t=64.3634s, 28884 KB] g=310, 57605 evaluated, 303 expanded
[t=93.8613s, 30716 KB] New best heuristic value for ff(): 440
[t=93.8649s, 30716 KB] g=330, 67404 evaluated, 354 expanded
[t=94.1131s, 30716 KB] New best heuristic value for ff(): 430
[t=94.1147s, 30716 KB] g=340, 67510 evaluated, 354 expanded
[t=116.487s, 31640 KB] New best heuristic value for ff(): 415
[t=116.488s, 31640 KB] g=375, 73843 evaluated, 387 expanded
[t=117.09s, 31640 KB] New best heuristic value for ff(): 405
[t=117.091s, 31640 KB] g=375, 74019 evaluated, 387 expanded
[t=153.21s, 33900 KB] New best heuristic value for ff(): 400
[t=153.212s, 33900 KB] g=420, 82144 evaluated, 430 expanded
[t=153.994s, 33900 KB] New best heuristic value for ff(): 390
[t=153.995s, 33900 KB] g=420, 82309 evaluated, 430 expanded
[t=164.126s, 34148 KB] New best heuristic value for ff(): 385
[t=164.127s, 34148 KB] g=440, 84267 evaluated, 440 expanded
[t=177.954s, 34412 KB] New best heuristic value for ff(): 370
[t=177.957s, 34412 KB] g=440, 86790 evaluated, 454 expanded
[t=219.041s, 35336 KB] New best heuristic value for ff(): 360
[t=219.043s, 35336 KB] g=440, 93632 evaluated, 489 expanded
[t=276.017s, 36524 KB] New best heuristic value for ff(): 355
[t=276.02s, 36524 KB] g=485, 102078 evaluated, 533 expanded
[t=354.799s, 40028 KB] New best heuristic value for ff(): 345
[t=354.801s, 40028 KB] g=495, 112250 evaluated, 585 expanded
[t=357.057s, 40028 KB] New best heuristic value for ff(): 340
[t=357.057s, 40028 KB] g=510, 112473 evaluated, 587 expanded
[t=358.324s, 40028 KB] New best heuristic value for ff(): 330
[t=358.327s, 40028 KB] g=510, 112611 evaluated, 587 expanded
[t=382.416s, 40028 KB] New best heuristic value for ff(): 320
[t=382.418s, 40028 KB] g=520, 115456 evaluated, 603 expanded
[t=383.578s, 40028 KB] New best heuristic value for ff(): 310
[t=383.58s, 40028 KB] g=530, 115570 evaluated, 603 expanded
[t=385.456s, 40028 KB] New best heuristic value for ff(): 300
[t=385.459s, 40028 KB] g=550, 115772 evaluated, 605 expanded
[t=385.787s, 40028 KB] New best heuristic value for ff(): 290
[t=385.789s, 40028 KB] g=550, 115806 evaluated, 605 expanded
[t=386.981s, 40028 KB] New best heuristic value for ff(): 280
[t=386.983s, 40028 KB] g=560, 115921 evaluated, 605 expanded
Peak memory: 42300 KB
caught signal 24 -- exiting
Time limit has been reached.
Remove intermediate file output.sas
search exit code: 23

Driver aborting after search
INFO     Planner time: 599.10s
