INFO     planner time limit: 600s
INFO     planner memory limit: 3584 MB

INFO     Running translator.
INFO     translator stdin: None
INFO     translator time limit: 599s
INFO     translator memory limit: 3584 MB
INFO     translator command line string: /usr/local/downward-projects/downward/experiments/assign3/.venv/bin/python3 /usr/local/downward-projects/downward/experiments/assign3/data/assign3-anytime_exp/code-1fb14623350588fb782db39ad332c8a25eda53d6_e5e41175/builds/release/bin/translate/translate.py domain.pddl problem.pddl --sas-file output.sas
Parsing...
Parsing: [0.000s CPU, 0.002s wall-clock]
Normalizing task... [0.000s CPU, 0.000s wall-clock]
Instantiating...
Generating Datalog program... [0.000s CPU, 0.000s wall-clock]
Normalizing Datalog program...
Normalizing Datalog program: [0.010s CPU, 0.002s wall-clock]
Preparing model... [0.000s CPU, 0.001s wall-clock]
Generated 51 rules.
Computing model... [0.010s CPU, 0.008s wall-clock]
449 relevant atoms
862 auxiliary atoms
1311 final queue length
2031 total queue pushes
Completing instantiation... [0.000s CPU, 0.009s wall-clock]
Instantiating: [0.020s CPU, 0.021s wall-clock]
Computing fact groups...
Finding invariants...
5 initial candidates
Finding invariants: [0.010s CPU, 0.010s wall-clock]
Checking invariant weight... [0.000s CPU, 0.000s wall-clock]
Instantiating groups... [0.000s CPU, 0.000s wall-clock]
Collecting mutex groups... [0.000s CPU, 0.000s wall-clock]
Choosing groups...
6 uncovered facts
Choosing groups: [0.000s CPU, 0.000s wall-clock]
Building translation key... [0.000s CPU, 0.000s wall-clock]
Computing fact groups: [0.010s CPU, 0.011s wall-clock]
Building STRIPS to SAS dictionary... [0.000s CPU, 0.000s wall-clock]
Building dictionary for full mutex groups... [0.000s CPU, 0.000s wall-clock]
Building mutex information...
Building mutex information: [0.000s CPU, 0.000s wall-clock]
Translating task...
Processing axioms...
Simplifying axioms... [0.000s CPU, 0.000s wall-clock]
Translator axioms removed by simplifying: 0
Computing negative axioms... [0.000s CPU, 0.000s wall-clock]
Processing axioms: [0.010s CPU, 0.001s wall-clock]
Translating task: [0.010s CPU, 0.008s wall-clock]
0 effect conditions simplified
0 implied preconditions added
Detecting unreachable propositions...
0 operators removed
0 axioms removed
6 propositions removed
Detecting unreachable propositions: [0.010s CPU, 0.004s wall-clock]
Reordering and filtering variables...
12 of 12 variables necessary.
6 of 12 mutex groups necessary.
300 of 300 operators necessary.
0 of 0 axiom rules necessary.
Reordering and filtering variables: [0.000s CPU, 0.001s wall-clock]
Translator variables: 12
Translator derived variables: 0
Translator facts: 48
Translator goal facts: 12
Translator mutex groups: 6
Translator total mutex groups size: 36
Translator operators: 300
Translator axioms: 0
Translator task size: 1638
Translator peak memory: 33348 KB
Writing output... [0.000s CPU, 0.002s wall-clock]
Done! [0.050s CPU, 0.048s wall-clock]
translate exit code: 0

INFO     Running search (release).
INFO     search stdin: output.sas
INFO     search time limit: 599s
INFO     search memory limit: 3584 MB
INFO     search command line string: /usr/local/downward-projects/downward/experiments/assign3/data/assign3-anytime_exp/code-1fb14623350588fb782db39ad332c8a25eda53d6_e5e41175/builds/release/bin/downward --evaluator 'h=lmcut()' --search 'iterated([
            lazy_wastar([h],w=5),
            lazy_wastar([h],w=4),
            lazy_wastar([h],w=3),
            lazy_wastar([h],w=2),
            astar(h)
        ],continue_on_fail=true)' --internal-plan-file sas_plan < output.sas
[t=0.00123213s, 10884 KB] reading input...
[t=0.0022595s, 10884 KB] done reading input!
[t=0.00424257s, 11272 KB] Initializing landmark cut heuristic...
[t=0.00500804s, 11272 KB] Building successor generator...done!
[t=0.00524634s, 11272 KB] peak memory difference for successor generator creation: 0 KB
[t=0.00529451s, 11272 KB] time for successor generation creation: 0s
[t=0.00531943s, 11272 KB] Variables: 12
[t=0.00534779s, 11272 KB] FactPairs: 48
[t=0.0053709s, 11272 KB] Bytes per state: 4
[t=0.00539485s, 11272 KB] Start Timestep: 1681975481789 millisecond(s).
[t=0.00547821s, 11272 KB] Building successor generator...done!
[t=0.00556532s, 11272 KB] peak memory difference for successor generator creation: 0 KB
[t=0.00560486s, 11272 KB] time for successor generation creation: 0s
[t=0.00562938s, 11272 KB] Variables: 12
[t=0.00565416s, 11272 KB] FactPairs: 48
[t=0.0056783s, 11272 KB] Bytes per state: 4
[t=0.00570226s, 11272 KB] Starting search: lazy_wastar([h],w=5)
[t=0.00573857s, 11272 KB] Conducting lazy best first search, (real) bound = 2147483647
[t=0.00576358s, 11272 KB] Start Timestep: 1681975481789 millisecond(s).
[t=0.00578824s, 11272 KB] New best heuristic value for lmcut(): 19
[t=0.00587225s, 11272 KB] g=0, 1 evaluated, 0 expanded
[t=0.00589573s, 11272 KB] Initial heuristic value for lmcut(): 19
[t=0.00593084s, 11272 KB] New best heuristic value for lmcut(): 16
[t=0.00600062s, 11272 KB] g=3, 2 evaluated, 1 expanded
[t=0.00607866s, 11272 KB] New best heuristic value for lmcut(): 13
[t=0.00618877s, 11272 KB] g=6, 5 evaluated, 4 expanded
[t=0.00748022s, 11272 KB] New best heuristic value for lmcut(): 11
[t=0.00798397s, 11272 KB] g=10, 46 evaluated, 45 expanded, 3 reopened
[t=0.00918842s, 11272 KB] New best heuristic value for lmcut(): 10
[t=0.00978734s, 11272 KB] g=12, 91 evaluated, 90 expanded, 8 reopened
[t=0.0112667s, 11272 KB] New best heuristic value for lmcut(): 8
[t=0.0113902s, 11272 KB] g=15, 134 evaluated, 133 expanded, 14 reopened
[t=0.0114173s, 11272 KB] New best heuristic value for lmcut(): 7
[t=0.0121967s, 11272 KB] g=17, 155 evaluated, 154 expanded, 16 reopened
[t=0.0164644s, 11272 KB] New best heuristic value for lmcut(): 5
[t=0.0166715s, 11272 KB] g=20, 288 evaluated, 287 expanded, 35 reopened
[t=0.023218s, 11272 KB] New best heuristic value for lmcut(): 4
[t=0.0234099s, 11272 KB] g=24, 494 evaluated, 493 expanded, 49 reopened
[t=0.023438s, 11272 KB] New best heuristic value for lmcut(): 1
[t=0.0234857s, 11272 KB] g=27, 495 evaluated, 494 expanded, 49 reopened
[t=0.0235101s, 11272 KB] Solution found!
[t=0.0236935s, 11272 KB] Actual search time: 0.0179052s
analyze-2 seg-in-1 seg-out-1 car-in-1 car-out-1 (3)
analyze-2 seg-in-1 seg-out-1 car-out-1 car-in-1 (3)
rotate-2 seg-in-1 seg-out-2 car-in-1 car-out-2 (1)
analyze-2 seg-in-1 seg-out-1 car-out-2 car-out-1 (3)
rotate-2 seg-in-2 seg-out-2 car-in-2 car-in-1 (1)
rotate-2 seg-in-1 seg-out-2 car-out-1 car-in-2 (1)
analyze-2 seg-in-1 seg-out-1 car-in-2 car-out-2 (3)
rotate-2 seg-in-1 seg-out-2 car-out-2 car-out-1 (1)
rotate-2 seg-in-1 seg-out-3 car-out-1 car-out-3 (1)
analyze-2 seg-in-1 seg-out-1 car-out-3 car-in-2 (3)
rotate-2 seg-in-1 seg-out-1 car-in-2 car-out-3 (1)
rotate-2 seg-in-2 seg-out-1 car-in-1 car-in-2 (1)
rotate-2 seg-in-3 seg-out-3 car-in-3 car-out-1 (1)
rotate-2 seg-in-1 seg-out-3 car-out-3 car-in-3 (1)
analyze-2 seg-in-1 seg-out-1 car-in-3 car-in-1 (3)
rotate-2 seg-in-3 seg-out-1 car-out-1 car-in-3 (1)
[t=0.0238865s, 11272 KB] Plan length: 16 step(s).
[t=0.023922s, 11272 KB] Plan cost: 28
[t=0.0239454s, 11272 KB] Solution Timestep: 1681975481808 millisecond(s).
[t=0.0239695s, 11272 KB] Timestamp: 1681975481808 millisecond(s).
[t=0.0239938s, 11272 KB] Expanded 502 state(s).
[t=0.0240177s, 11272 KB] Reopened 50 state(s).
[t=0.0240414s, 11272 KB] Evaluated 503 state(s).
[t=0.024065s, 11272 KB] Evaluations: 453
[t=0.0240881s, 11272 KB] Generated 5020 state(s).
[t=0.024111s, 11272 KB] Dead ends: 0 state(s).
[t=0.024134s, 11272 KB] Number of registered states: 453
[t=0.0241574s, 11272 KB] Int hash set load factor: 453/512 = 0.884766
[t=0.0241815s, 11272 KB] Int hash set resizes: 9
[t=0.0242046s, 11272 KB] Best solution cost so far: 28
[t=0.0242332s, 11272 KB] Solution found - keep searching
[t=0.0242568s, 11272 KB] Building successor generator...done!
[t=0.0243654s, 11272 KB] peak memory difference for successor generator creation: 0 KB
[t=0.024404s, 11272 KB] time for successor generation creation: 0s
[t=0.0244289s, 11272 KB] Variables: 12
[t=0.0244622s, 11272 KB] FactPairs: 48
[t=0.024486s, 11272 KB] Bytes per state: 4
[t=0.0245093s, 11272 KB] Starting search: lazy_wastar([h],w=4)
[t=0.0245442s, 11272 KB] Conducting lazy best first search, (real) bound = 28
[t=0.0245678s, 11272 KB] Start Timestep: 1681975481809 millisecond(s).
[t=0.0245939s, 11272 KB] New best heuristic value for lmcut(): 19
[t=0.0246727s, 11272 KB] g=0, 1 evaluated, 0 expanded
[t=0.0246969s, 11272 KB] Initial heuristic value for lmcut(): 19
[t=0.0247272s, 11272 KB] New best heuristic value for lmcut(): 16
[t=0.0247971s, 11272 KB] g=3, 2 evaluated, 1 expanded
[t=0.0248208s, 11272 KB] New best heuristic value for lmcut(): 13
[t=0.0249715s, 11272 KB] g=6, 5 evaluated, 4 expanded
[t=0.0266293s, 11272 KB] New best heuristic value for lmcut(): 11
[t=0.0267626s, 11272 KB] g=10, 46 evaluated, 45 expanded, 3 reopened
[t=0.0284726s, 11272 KB] New best heuristic value for lmcut(): 10
[t=0.028571s, 11272 KB] g=12, 91 evaluated, 90 expanded, 8 reopened
[t=0.0295008s, 11272 KB] New best heuristic value for lmcut(): 8
[t=0.0301745s, 11272 KB] g=15, 134 evaluated, 133 expanded, 14 reopened
[t=0.0305267s, 11272 KB] New best heuristic value for lmcut(): 7
[t=0.0309953s, 11272 KB] g=17, 155 evaluated, 154 expanded, 16 reopened
[t=0.0347038s, 11272 KB] New best heuristic value for lmcut(): 5
[t=0.0354927s, 11272 KB] g=20, 288 evaluated, 287 expanded, 35 reopened
[t=0.0420384s, 11272 KB] New best heuristic value for lmcut(): 4
[t=0.0422406s, 11272 KB] g=24, 494 evaluated, 493 expanded, 49 reopened
[t=0.0422677s, 11272 KB] New best heuristic value for lmcut(): 1
[t=0.042314s, 11272 KB] g=27, 495 evaluated, 494 expanded, 49 reopened
[t=0.182153s, 11568 KB] Solution found!
[t=0.182562s, 11568 KB] Actual search time: 0.157968s
analyze-2 seg-in-1 seg-out-1 car-in-1 car-out-1 (3)
analyze-2 seg-in-1 seg-out-1 car-out-1 car-in-1 (3)
rotate-2 seg-in-1 seg-out-2 car-in-1 car-out-2 (1)
analyze-2 seg-in-1 seg-out-1 car-out-2 car-out-1 (3)
rotate-2 seg-in-2 seg-out-2 car-in-2 car-in-1 (1)
rotate-2 seg-in-1 seg-out-3 car-out-1 car-out-3 (1)
analyze-2 seg-in-1 seg-out-1 car-out-3 car-out-2 (3)
rotate-2 seg-in-1 seg-out-2 car-out-2 car-in-2 (1)
analyze-2 seg-in-1 seg-out-1 car-in-2 car-out-3 (3)
rotate-2 seg-in-2 seg-out-1 car-in-1 car-in-2 (1)
rotate-2 seg-in-3 seg-out-3 car-in-3 car-out-1 (1)
rotate-2 seg-in-1 seg-out-3 car-out-3 car-in-3 (1)
analyze-2 seg-in-1 seg-out-1 car-in-3 car-in-1 (3)
rotate-2 seg-in-3 seg-out-1 car-out-1 car-in-3 (1)
[t=0.182768s, 11568 KB] Plan length: 14 step(s).
[t=0.182806s, 11568 KB] Plan cost: 26
[t=0.18283s, 11568 KB] Solution Timestep: 1681975481971 millisecond(s).
[t=0.182855s, 11568 KB] Timestamp: 1681975481971 millisecond(s).
[t=0.182879s, 11568 KB] Expanded 6687 state(s).
[t=0.182903s, 11568 KB] Reopened 2661 state(s).
[t=0.182926s, 11568 KB] Evaluated 6688 state(s).
[t=0.182954s, 11568 KB] Evaluations: 4027
[t=0.182978s, 11568 KB] Generated 66870 state(s).
[t=0.183001s, 11568 KB] Dead ends: 0 state(s).
[t=0.183025s, 11568 KB] Number of registered states: 4027
[t=0.183048s, 11568 KB] Int hash set load factor: 4027/8192 = 0.491577
[t=0.183071s, 11568 KB] Int hash set resizes: 13
[t=0.183104s, 11568 KB] Best solution cost so far: 26
[t=0.183129s, 11568 KB] Solution found - keep searching
[t=0.183152s, 11568 KB] Building successor generator...done!
[t=0.183297s, 11568 KB] peak memory difference for successor generator creation: 0 KB
[t=0.183339s, 11568 KB] time for successor generation creation: 0s
[t=0.183363s, 11568 KB] Variables: 12
[t=0.183393s, 11568 KB] FactPairs: 48
[t=0.183417s, 11568 KB] Bytes per state: 4
[t=0.18344s, 11568 KB] Starting search: lazy_wastar([h],w=3)
[t=0.183475s, 11568 KB] Conducting lazy best first search, (real) bound = 26
[t=0.183499s, 11568 KB] Start Timestep: 1681975481971 millisecond(s).
[t=0.183525s, 11568 KB] New best heuristic value for lmcut(): 19
[t=0.183607s, 11568 KB] g=0, 1 evaluated, 0 expanded
[t=0.18363s, 11568 KB] Initial heuristic value for lmcut(): 19
[t=0.18366s, 11568 KB] New best heuristic value for lmcut(): 16
[t=0.183729s, 11568 KB] g=3, 2 evaluated, 1 expanded
[t=0.183782s, 11568 KB] New best heuristic value for lmcut(): 13
[t=0.183917s, 11568 KB] g=6, 5 evaluated, 4 expanded
[t=0.184813s, 11568 KB] New best heuristic value for lmcut(): 11
[t=0.185678s, 11568 KB] g=10, 46 evaluated, 45 expanded, 3 reopened
[t=0.186848s, 11568 KB] New best heuristic value for lmcut(): 10
[t=0.187475s, 11568 KB] g=12, 91 evaluated, 90 expanded, 8 reopened
[t=0.188924s, 11568 KB] New best heuristic value for lmcut(): 8
[t=0.189085s, 11568 KB] g=15, 134 evaluated, 133 expanded, 14 reopened
[t=0.189112s, 11568 KB] New best heuristic value for lmcut(): 7
[t=0.189885s, 11568 KB] g=17, 155 evaluated, 154 expanded, 16 reopened
[t=0.194133s, 11568 KB] New best heuristic value for lmcut(): 5
[t=0.19438s, 11568 KB] g=20, 288 evaluated, 287 expanded, 35 reopened
[t=0.200312s, 11568 KB] New best heuristic value for lmcut(): 4
[t=0.201054s, 11568 KB] g=24, 488 evaluated, 487 expanded, 43 reopened
[t=0.205533s, 11568 KB] New best heuristic value for lmcut(): 2
[t=0.206452s, 11568 KB] g=25, 674 evaluated, 673 expanded, 70 reopened
[t=0.301348s, 11568 KB] New best heuristic value for lmcut(): 1
[t=0.301505s, 11568 KB] g=25, 4279 evaluated, 4278 expanded, 1143 reopened
[t=2.46472s, 13164 KB] Completely explored state space -- no solution!
[t=2.46564s, 13164 KB] Actual search time: 2.28212s
[t=2.46568s, 13164 KB] Best solution cost so far: 26
[t=2.46571s, 13164 KB] No solution found - keep searching
[t=2.46573s, 13164 KB] Building successor generator...done!
[t=2.46591s, 13164 KB] peak memory difference for successor generator creation: 0 KB
[t=2.46595s, 13164 KB] time for successor generation creation: 0s
[t=2.46597s, 13164 KB] Variables: 12
[t=2.466s, 13164 KB] FactPairs: 48
[t=2.46602s, 13164 KB] Bytes per state: 4
[t=2.46605s, 13164 KB] Starting search: lazy_wastar([h],w=2)
[t=2.46608s, 13164 KB] Conducting lazy best first search, (real) bound = 26
[t=2.46611s, 13164 KB] Start Timestep: 1681975484281 millisecond(s).
[t=2.46613s, 13164 KB] New best heuristic value for lmcut(): 19
[t=2.46621s, 13164 KB] g=0, 1 evaluated, 0 expanded
[t=2.46624s, 13164 KB] Initial heuristic value for lmcut(): 19
[t=2.46626s, 13164 KB] New best heuristic value for lmcut(): 16
[t=2.46633s, 13164 KB] g=3, 2 evaluated, 1 expanded
[t=2.46636s, 13164 KB] New best heuristic value for lmcut(): 13
[t=2.46652s, 13164 KB] g=6, 5 evaluated, 4 expanded
[t=2.46787s, 13164 KB] New best heuristic value for lmcut(): 11
[t=2.46862s, 13164 KB] g=10, 53 evaluated, 52 expanded, 3 reopened
[t=2.46961s, 13164 KB] New best heuristic value for lmcut(): 10
[t=2.47041s, 13164 KB] g=12, 98 evaluated, 97 expanded, 8 reopened
[t=2.47177s, 13164 KB] New best heuristic value for lmcut(): 8
[t=2.47202s, 13164 KB] g=15, 139 evaluated, 138 expanded, 12 reopened
[t=2.47271s, 13164 KB] New best heuristic value for lmcut(): 7
[t=2.47283s, 13164 KB] g=17, 160 evaluated, 159 expanded, 14 reopened
[t=2.47689s, 13164 KB] New best heuristic value for lmcut(): 5
[t=2.47709s, 13164 KB] g=20, 283 evaluated, 282 expanded, 29 reopened
[t=2.48107s, 13164 KB] New best heuristic value for lmcut(): 4
[t=2.48177s, 13164 KB] g=23, 426 evaluated, 425 expanded, 38 reopened
[t=2.48314s, 13164 KB] New best heuristic value for lmcut(): 2
[t=2.48325s, 13164 KB] g=25, 470 evaluated, 469 expanded, 40 reopened
[t=2.49149s, 13164 KB] New best heuristic value for lmcut(): 1
[t=2.49237s, 13164 KB] g=25, 783 evaluated, 782 expanded, 101 reopened
[t=4.64459s, 13820 KB] Completely explored state space -- no solution!
[t=4.64483s, 13820 KB] Actual search time: 2.1787s
[t=4.64487s, 13820 KB] Best solution cost so far: 26
[t=4.64489s, 13820 KB] No solution found - keep searching
[t=4.64492s, 13820 KB] Building successor generator...done!
[t=4.64508s, 13820 KB] peak memory difference for successor generator creation: 0 KB
[t=4.64512s, 13820 KB] time for successor generation creation: 0s
[t=4.64515s, 13820 KB] Variables: 12
[t=4.64517s, 13820 KB] FactPairs: 48
[t=4.6452s, 13820 KB] Bytes per state: 4
[t=4.64522s, 13820 KB] Starting search: astar(h)
[t=4.64525s, 13820 KB] Conducting best first search with reopening closed nodes, (real) bound = 26
[t=4.64529s, 13820 KB] New best heuristic value for lmcut(): 19
[t=4.64537s, 13820 KB] g=0, 1 evaluated, 0 expanded
[t=4.6454s, 13820 KB] f = 19, 1 evaluated, 0 expanded
[t=4.64542s, 13820 KB] Initial heuristic value for lmcut(): 19
[t=4.64545s, 13820 KB] pruning method: none
[t=4.64547s, 13820 KB] Start Timestep: 1681975486487 millisecond(s).
[t=4.64555s, 13820 KB] New best heuristic value for lmcut(): 16
[t=4.64559s, 13820 KB] g=3, 2 evaluated, 1 expanded
[t=4.64562s, 13820 KB] New best heuristic value for lmcut(): 13
[t=4.6462s, 13820 KB] g=6, 14 evaluated, 2 expanded
[t=4.64624s, 13820 KB] f = 20, 30 evaluated, 3 expanded
[t=4.64724s, 13820 KB] New best heuristic value for lmcut(): 12
[t=4.64819s, 13820 KB] g=10, 58 evaluated, 7 expanded
[t=4.65331s, 13820 KB] f = 21, 178 evaluated, 20 expanded
[t=4.65346s, 13820 KB] New best heuristic value for lmcut(): 11
[t=4.65365s, 13820 KB] g=11, 182 evaluated, 21 expanded
[t=4.66605s, 13820 KB] New best heuristic value for lmcut(): 10
[t=4.66645s, 13820 KB] g=11, 482 evaluated, 61 expanded
[t=4.68282s, 13820 KB] f = 22, 873 evaluated, 116 expanded
[t=4.68385s, 13820 KB] New best heuristic value for lmcut(): 9
[t=4.68395s, 13820 KB] g=14, 877 evaluated, 117 expanded
[t=4.709s, 13820 KB] New best heuristic value for lmcut(): 8
[t=4.70953s, 13820 KB] g=15, 1507 evaluated, 200 expanded
[t=4.77284s, 13820 KB] f = 23, 2945 evaluated, 494 expanded
[t=4.77595s, 13820 KB] New best heuristic value for lmcut(): 7
[t=4.77603s, 13820 KB] g=16, 3003 evaluated, 503 expanded
[t=4.87557s, 13820 KB] New best heuristic value for lmcut(): 6
[t=4.876s, 13820 KB] g=19, 5521 evaluated, 919 expanded
[t=5.03157s, 13820 KB] f = 24, 9004 evaluated, 1991 expanded
[t=5.03362s, 13820 KB] New best heuristic value for lmcut(): 5
[t=5.03412s, 13820 KB] g=20, 9075 evaluated, 2002 expanded
[t=5.1028s, 13820 KB] New best heuristic value for lmcut(): 3
[t=5.10336s, 13820 KB] g=22, 11002 evaluated, 2376 expanded
[t=5.56287s, 13820 KB] f = 25, 21833 evaluated, 6574 expanded
[t=5.60474s, 13820 KB] New best heuristic value for lmcut(): 2
[t=5.60495s, 13820 KB] g=23, 23134 evaluated, 6893 expanded
[t=6.22778s, 13820 KB] f = 26, 38119 evaluated, 16947 expanded, 2 reopened
[t=6.23088s, 13820 KB] New best heuristic value for lmcut(): 1
[t=6.23113s, 13820 KB] g=25, 38211 evaluated, 16966 expanded, 2 reopened
[t=6.53902s, 13820 KB] f = 27, 45426 evaluated, 31152 expanded, 10 reopened
[t=6.58302s, 13820 KB] f = 28, 46048 evaluated, 41543 expanded, 28 reopened
[t=6.59132s, 13820 KB] f = 29, 46056 evaluated, 45385 expanded, 34 reopened
[t=6.59232s, 13820 KB] f = 30, 46056 evaluated, 46022 expanded, 34 reopened
[t=6.59306s, 13820 KB] f = 31, 46056 evaluated, 46086 expanded, 34 reopened
[t=6.59324s, 13820 KB] Completely explored state space -- no solution!
[t=6.59328s, 13820 KB] Actual search time: 1.94778s
[t=6.5933s, 13820 KB] Best solution cost so far: 26
[t=6.59333s, 13820 KB] No solution found - keep searching
[t=6.59335s, 13820 KB] Optimal Solution: found
[t=6.59346s, 13820 KB] Actual search time: 6.58798s
[t=6.59349s, 13820 KB] Cumulative statistics:
[t=6.59349s, 13820 KB] Timestamp: 1681975488460 millisecond(s).
[t=6.59349s, 13820 KB] Expanded 233317 state(s).
[t=6.59349s, 13820 KB] Reopened 90671 state(s).
[t=6.59349s, 13820 KB] Evaluated 233285 state(s).
[t=6.59349s, 13820 KB] Evaluations: 142648
[t=6.59349s, 13820 KB] Generated 2330828 state(s).
[t=6.59349s, 13820 KB] Dead ends: 0 state(s).
[t=6.59349s, 13820 KB] Search time: 6.58809s
[t=6.59349s, 13820 KB] Total time: 6.59349s
Solution found.
Peak memory: 13820 KB
Remove intermediate file output.sas
search exit code: 0

INFO     Running validate.
INFO     validate stdin: None
INFO     validate time limit: None
INFO     validate memory limit: None
INFO     validate command line string: validate domain.pddl problem.pddl sas_plan.1 sas_plan.2
Checking plan: sas_plan.1
Plan executed successfully - checking goal
Plan valid
Final value: 28 
Checking plan: sas_plan.2
Plan executed successfully - checking goal
Plan valid
Final value: 26 

Successful plans:
Value: 26
 sas_plan.2 26 

Value: 28
 sas_plan.1 28 

validate exit code: 0

INFO     Planner time: 6.74s
