INFO     planner time limit: 900s
INFO     planner memory limit: 3584 MB

INFO     Running translator.
INFO     translator stdin: None
INFO     translator time limit: 899s
INFO     translator memory limit: 3584 MB
INFO     translator command line string: /usr/local/downward-projects/downward/experiments/assign3/.venv/bin/python3 /usr/local/downward-projects/downward/experiments/assign3/data/assign3-anytime_exp/code-fe4f0f1bb525c059c1938ac01bab1b7bae200873_e5e41175/builds/release/bin/translate/translate.py domain.pddl problem.pddl --sas-file output.sas
Parsing...
Parsing: [0.010s CPU, 0.006s wall-clock]
Normalizing task... [0.000s CPU, 0.000s wall-clock]
Instantiating...
Generating Datalog program... [0.000s CPU, 0.001s wall-clock]
Normalizing Datalog program...
Normalizing Datalog program: [0.000s CPU, 0.006s wall-clock]
Preparing model... [0.010s CPU, 0.004s wall-clock]
Generated 198 rules.
Computing model... [0.120s CPU, 0.113s wall-clock]
6404 relevant atoms
10646 auxiliary atoms
17050 final queue length
36715 total queue pushes
Completing instantiation... [0.240s CPU, 0.244s wall-clock]
Instantiating: [0.370s CPU, 0.374s wall-clock]
Computing fact groups...
Finding invariants...
24 initial candidates
Finding invariants: [0.020s CPU, 0.012s wall-clock]
Checking invariant weight... [0.000s CPU, 0.001s wall-clock]
Instantiating groups... [0.000s CPU, 0.006s wall-clock]
Collecting mutex groups... [0.000s CPU, 0.000s wall-clock]
Choosing groups...
275 uncovered facts
Choosing groups: [0.010s CPU, 0.001s wall-clock]
Building translation key... [0.000s CPU, 0.001s wall-clock]
Computing fact groups: [0.030s CPU, 0.024s wall-clock]
Building STRIPS to SAS dictionary... [0.040s CPU, 0.039s wall-clock]
Building dictionary for full mutex groups... [0.000s CPU, 0.000s wall-clock]
Building mutex information...
Building mutex information: [0.000s CPU, 0.000s wall-clock]
Translating task...
Processing axioms...
Simplifying axioms... [0.000s CPU, 0.000s wall-clock]
Translator axioms removed by simplifying: 0
Computing negative axioms... [0.000s CPU, 0.000s wall-clock]
Processing axioms: [0.010s CPU, 0.011s wall-clock]
Translating task: [0.210s CPU, 0.207s wall-clock]
3440 effect conditions simplified
0 implied preconditions added
Detecting unreachable propositions...
0 operators removed
0 axioms removed
98 propositions removed
Detecting unreachable propositions: [0.180s CPU, 0.177s wall-clock]
Reordering and filtering variables...
301 of 309 variables necessary.
65 of 95 mutex groups necessary.
5456 of 5456 operators necessary.
0 of 0 axiom rules necessary.
Reordering and filtering variables: [0.040s CPU, 0.047s wall-clock]
Translator variables: 301
Translator derived variables: 0
Translator facts: 813
Translator goal facts: 80
Translator mutex groups: 65
Translator total mutex groups size: 225
Translator operators: 5456
Translator axioms: 0
Translator task size: 45947
Translator peak memory: 63184 KB
Writing output... [0.040s CPU, 0.038s wall-clock]
Done! [0.930s CPU, 0.928s wall-clock]
translate exit code: 0

INFO     Running search (release).
INFO     search stdin: output.sas
INFO     search time limit: 898s
INFO     search memory limit: 3584 MB
INFO     search command line string: /usr/local/downward-projects/downward/experiments/assign3/data/assign3-anytime_exp/code-fe4f0f1bb525c059c1938ac01bab1b7bae200873_e5e41175/builds/release/bin/downward --evaluator 'h=lmcut()' --search 'eager_anytime(single(sum([weight(h, 2, verbosity=normal), g()])), 
        reopen_closed=true, f_eval=sum([h, g()]))' --internal-plan-file sas_plan < output.sas
[t=0s, 10884 KB] reading input...
[t=0.023418s, 12972 KB] done reading input!
[t=0.0313659s, 14756 KB] Initializing landmark cut heuristic...
[t=0.0323694s, 14756 KB] Building successor generator...done!
[t=0.0346045s, 15440 KB] peak memory difference for successor generator creation: 684 KB
[t=0.034695s, 15440 KB] time for successor generation creation: 0s
[t=0.0347207s, 15440 KB] Variables: 301
[t=0.0347533s, 15440 KB] FactPairs: 813
[t=0.0347769s, 15440 KB] Bytes per state: 52
[t=0.0347999s, 15440 KB] Conducting best first anytime search with reopening closed nodes, (real) bound = 2147483647
[t=0.0391915s, 15440 KB] New best heuristic value for lmcut(): 890
[t=0.0411824s, 15440 KB] g=0, 1 evaluated, 0 expanded
[t=0.0412124s, 15440 KB] Initial heuristic value for lmcut(): 890
[t=0.0412436s, 15440 KB] Start Timestep: 1682443811729 millisecond(s).
[t=0.0471032s, 15440 KB] New best heuristic value for lmcut(): 860
[t=0.0473918s, 15440 KB] g=30, 2 evaluated, 1 expanded
[t=0.250358s, 15440 KB] New best heuristic value for lmcut(): 815
[t=0.252543s, 15440 KB] g=30, 36 evaluated, 1 expanded
[t=0.446004s, 15440 KB] New best heuristic value for lmcut(): 785
[t=0.448523s, 15440 KB] g=60, 68 evaluated, 2 expanded
[t=0.872408s, 15440 KB] New best heuristic value for lmcut(): 775
[t=0.873019s, 15440 KB] g=70, 143 evaluated, 3 expanded
[t=0.928301s, 15440 KB] New best heuristic value for lmcut(): 755
[t=0.93182s, 15440 KB] g=90, 154 evaluated, 3 expanded
[t=1.34353s, 15440 KB] New best heuristic value for lmcut(): 745
[t=1.34487s, 15440 KB] g=100, 228 evaluated, 4 expanded
[t=1.42734s, 15440 KB] New best heuristic value for lmcut(): 710
[t=1.42843s, 15440 KB] g=135, 244 evaluated, 4 expanded
[t=1.85841s, 15440 KB] New best heuristic value for lmcut(): 700
[t=1.86194s, 15440 KB] g=145, 324 evaluated, 5 expanded
[t=1.97819s, 15440 KB] New best heuristic value for lmcut(): 690
[t=1.98059s, 15440 KB] g=165, 347 evaluated, 5 expanded
[t=2.42856s, 15440 KB] New best heuristic value for lmcut(): 680
[t=2.42942s, 15440 KB] g=175, 431 evaluated, 6 expanded
[t=2.87876s, 15440 KB] New best heuristic value for lmcut(): 670
[t=2.88154s, 15440 KB] g=185, 517 evaluated, 7 expanded
[t=2.92661s, 15440 KB] New best heuristic value for lmcut(): 665
[t=2.92765s, 15440 KB] g=195, 526 evaluated, 7 expanded
[t=3.36553s, 15440 KB] New best heuristic value for lmcut(): 655
[t=3.36906s, 15440 KB] g=205, 610 evaluated, 8 expanded
[t=3.86057s, 15440 KB] New best heuristic value for lmcut(): 640
[t=3.8629s, 15440 KB] g=220, 706 evaluated, 9 expanded
[t=4.29843s, 15440 KB] New best heuristic value for lmcut(): 630
[t=4.29871s, 15440 KB] g=230, 792 evaluated, 10 expanded
[t=4.7485s, 15440 KB] New best heuristic value for lmcut(): 625
[t=4.7499s, 15440 KB] g=240, 883 evaluated, 11 expanded
[t=4.79243s, 15440 KB] New best heuristic value for lmcut(): 620
[t=4.7933s, 15440 KB] g=260, 892 evaluated, 11 expanded
[t=5.21524s, 15440 KB] New best heuristic value for lmcut(): 615
[t=5.21599s, 15440 KB] g=265, 979 evaluated, 12 expanded
[t=7.77194s, 15440 KB] New best heuristic value for lmcut(): 605
[t=7.77373s, 15440 KB] g=295, 1511 evaluated, 19 expanded
[t=8.21432s, 15440 KB] New best heuristic value for lmcut(): 595
[t=8.21502s, 15440 KB] g=305, 1606 evaluated, 20 expanded
[t=10.206s, 15576 KB] New best heuristic value for lmcut(): 590
[t=10.2084s, 15576 KB] g=310, 2037 evaluated, 25 expanded
[t=10.6404s, 15576 KB] New best heuristic value for lmcut(): 580
[t=10.6412s, 15576 KB] g=320, 2132 evaluated, 26 expanded
[t=12.9636s, 15576 KB] New best heuristic value for lmcut(): 570
[t=12.9673s, 15576 KB] g=350, 2643 evaluated, 33 expanded
[t=13.3549s, 15576 KB] New best heuristic value for lmcut(): 560
[t=13.3578s, 15576 KB] g=360, 2732 evaluated, 34 expanded
[t=15.125s, 15712 KB] New best heuristic value for lmcut(): 550
[t=15.1261s, 15712 KB] g=380, 3137 evaluated, 39 expanded
[t=15.5643s, 15712 KB] New best heuristic value for lmcut(): 540
[t=15.5673s, 15712 KB] g=390, 3245 evaluated, 40 expanded
[t=15.9555s, 15712 KB] New best heuristic value for lmcut(): 530
[t=15.9577s, 15712 KB] g=400, 3342 evaluated, 41 expanded
[t=22.0464s, 16060 KB] New best heuristic value for lmcut(): 520
[t=22.0495s, 16060 KB] g=430, 4856 evaluated, 59 expanded
[t=22.3849s, 16060 KB] New best heuristic value for lmcut(): 510
[t=22.3866s, 16060 KB] g=440, 4944 evaluated, 60 expanded
[t=28.0287s, 16196 KB] New best heuristic value for lmcut(): 500
[t=28.0327s, 16196 KB] g=430, 6421 evaluated, 78 expanded
[t=28.1756s, 16328 KB] New best heuristic value for lmcut(): 490
[t=28.1766s, 16328 KB] g=460, 6460 evaluated, 79 expanded
[t=30.5019s, 16624 KB] New best heuristic value for lmcut(): 480
[t=30.504s, 16624 KB] g=490, 7076 evaluated, 86 expanded
[t=30.8653s, 16624 KB] New best heuristic value for lmcut(): 470
[t=30.8671s, 16624 KB] g=500, 7177 evaluated, 87 expanded
[t=37.7654s, 16756 KB] New best heuristic value for lmcut(): 460
[t=37.7661s, 16756 KB] g=510, 9101 evaluated, 108 expanded
[t=40.0354s, 16888 KB] New best heuristic value for lmcut(): 450
[t=40.0368s, 16888 KB] g=540, 9751 evaluated, 115 expanded
[t=40.3858s, 16888 KB] New best heuristic value for lmcut(): 440
[t=40.3868s, 16888 KB] g=550, 9857 evaluated, 116 expanded
[t=51.5111s, 17416 KB] New best heuristic value for lmcut(): 430
[t=51.5151s, 17416 KB] g=580, 13192 evaluated, 153 expanded
[t=51.8106s, 17416 KB] New best heuristic value for lmcut(): 420
[t=51.813s, 17416 KB] g=590, 13288 evaluated, 154 expanded
[t=117.374s, 21084 KB] New best heuristic value for lmcut(): 410
[t=117.378s, 21084 KB] g=620, 33695 evaluated, 398 expanded
[t=117.654s, 21084 KB] New best heuristic value for lmcut(): 400
[t=117.656s, 21084 KB] g=630, 33788 evaluated, 399 expanded
[t=235.976s, 27784 KB] New best heuristic value for lmcut(): 395
[t=235.98s, 27784 KB] g=640, 72006 evaluated, 886 expanded
Peak memory: 66304 KB
caught signal 24 -- exiting
Time limit has been reached.
Remove intermediate file output.sas
search exit code: 23

Driver aborting after search
INFO     Planner time: 894.78s
