INFO     planner time limit: 600s
INFO     planner memory limit: 3584 MB

INFO     Running translator.
INFO     translator stdin: None
INFO     translator time limit: 599s
INFO     translator memory limit: 3584 MB
INFO     translator command line string: /usr/local/downward-projects/downward/experiments/assign3/.venv/bin/python3 /usr/local/downward-projects/downward/experiments/assign3/data/assign3-anytime_exp/code-1fb14623350588fb782db39ad332c8a25eda53d6_e5e41175/builds/release/bin/translate/translate.py domain.pddl problem.pddl --sas-file output.sas
Parsing...
Parsing: [0.000s CPU, 0.004s wall-clock]
Normalizing task... [0.000s CPU, 0.000s wall-clock]
Instantiating...
Generating Datalog program... [0.000s CPU, 0.001s wall-clock]
Normalizing Datalog program...
Normalizing Datalog program: [0.000s CPU, 0.006s wall-clock]
Preparing model... [0.000s CPU, 0.003s wall-clock]
Generated 198 rules.
Computing model... [0.020s CPU, 0.017s wall-clock]
958 relevant atoms
1814 auxiliary atoms
2772 final queue length
4817 total queue pushes
Completing instantiation... [0.030s CPU, 0.025s wall-clock]
Instantiating: [0.050s CPU, 0.052s wall-clock]
Computing fact groups...
Finding invariants...
24 initial candidates
Finding invariants: [0.010s CPU, 0.009s wall-clock]
Checking invariant weight... [0.000s CPU, 0.000s wall-clock]
Instantiating groups... [0.000s CPU, 0.001s wall-clock]
Collecting mutex groups... [0.000s CPU, 0.000s wall-clock]
Choosing groups...
53 uncovered facts
Choosing groups: [0.000s CPU, 0.000s wall-clock]
Building translation key... [0.000s CPU, 0.000s wall-clock]
Computing fact groups: [0.010s CPU, 0.011s wall-clock]
Building STRIPS to SAS dictionary... [0.000s CPU, 0.000s wall-clock]
Building dictionary for full mutex groups... [0.000s CPU, 0.000s wall-clock]
Building mutex information...
Building mutex information: [0.000s CPU, 0.000s wall-clock]
Translating task...
Processing axioms...
Simplifying axioms... [0.000s CPU, 0.000s wall-clock]
Translator axioms removed by simplifying: 0
Computing negative axioms... [0.000s CPU, 0.000s wall-clock]
Processing axioms: [0.000s CPU, 0.001s wall-clock]
Translating task: [0.020s CPU, 0.023s wall-clock]
534 effect conditions simplified
0 implied preconditions added
Detecting unreachable propositions...
0 operators removed
0 axioms removed
29 propositions removed
Detecting unreachable propositions: [0.020s CPU, 0.011s wall-clock]
Reordering and filtering variables...
55 of 60 variables necessary.
11 of 23 mutex groups necessary.
686 of 686 operators necessary.
0 of 0 axiom rules necessary.
Reordering and filtering variables: [0.000s CPU, 0.005s wall-clock]
Translator variables: 55
Translator derived variables: 0
Translator facts: 136
Translator goal facts: 18
Translator mutex groups: 11
Translator total mutex groups size: 31
Translator operators: 686
Translator axioms: 0
Translator task size: 5428
Translator peak memory: 35940 KB
Writing output... [0.010s CPU, 0.004s wall-clock]
Done! [0.120s CPU, 0.113s wall-clock]
translate exit code: 0

INFO     Running search (release).
INFO     search stdin: output.sas
INFO     search time limit: 599s
INFO     search memory limit: 3584 MB
INFO     search command line string: /usr/local/downward-projects/downward/experiments/assign3/data/assign3-anytime_exp/code-1fb14623350588fb782db39ad332c8a25eda53d6_e5e41175/builds/release/bin/downward --evaluator 'h=lmcut()' --search 'eager_anytime(single(sum([weight(h, 2, verbosity=normal), g()])), 
        reopen_closed=true, f_eval=sum([h, g()]))' --internal-plan-file sas_plan < output.sas
[t=0s, 10884 KB] reading input...
[t=0.00397853s, 11140 KB] done reading input!
[t=0.00511025s, 11612 KB] Initializing landmark cut heuristic...
[t=0.0070508s, 11612 KB] Building successor generator...done!
[t=0.00734976s, 11612 KB] peak memory difference for successor generator creation: 0 KB
[t=0.00739612s, 11612 KB] time for successor generation creation: 0s
[t=0.00742171s, 11612 KB] Variables: 55
[t=0.00744827s, 11612 KB] FactPairs: 136
[t=0.00747112s, 11612 KB] Bytes per state: 12
[t=0.00749366s, 11612 KB] Conducting best first anytime search with reopening closed nodes, (real) bound = 2147483647
[t=0.00753868s, 11612 KB] New best heuristic value for lmcut(): 205
[t=0.0077884s, 11612 KB] g=0, 1 evaluated, 0 expanded
[t=0.00781431s, 11612 KB] Initial heuristic value for lmcut(): 205
[t=0.0078569s, 11612 KB] Start Timestep: 1681976234119 millisecond(s).
[t=0.00790221s, 11612 KB] New best heuristic value for lmcut(): 175
[t=0.00829084s, 11612 KB] g=30, 3 evaluated, 1 expanded
[t=0.00831591s, 11612 KB] New best heuristic value for lmcut(): 165
[t=0.0106414s, 11612 KB] g=40, 17 evaluated, 2 expanded
[t=0.0106701s, 11612 KB] New best heuristic value for lmcut(): 155
[t=0.0115404s, 11612 KB] g=50, 22 evaluated, 2 expanded
[t=0.011566s, 11612 KB] New best heuristic value for lmcut(): 145
[t=0.0117335s, 11612 KB] g=60, 23 evaluated, 2 expanded
[t=0.0119909s, 11612 KB] New best heuristic value for lmcut(): 135
[t=0.0135898s, 11612 KB] g=70, 35 evaluated, 3 expanded
[t=0.0136163s, 11612 KB] New best heuristic value for lmcut(): 125
[t=0.014331s, 11612 KB] g=80, 40 evaluated, 3 expanded
[t=0.0155827s, 11612 KB] New best heuristic value for lmcut(): 115
[t=0.0158132s, 11612 KB] g=90, 51 evaluated, 4 expanded
[t=0.0158394s, 11612 KB] New best heuristic value for lmcut(): 105
[t=0.0182357s, 11612 KB] g=100, 70 evaluated, 5 expanded
[t=0.019532s, 11612 KB] New best heuristic value for lmcut(): 95
[t=0.0203279s, 11612 KB] g=110, 87 evaluated, 6 expanded
[t=0.0203537s, 11612 KB] New best heuristic value for lmcut(): 85
[t=0.0215354s, 11612 KB] g=120, 98 evaluated, 7 expanded
[t=0.0215609s, 11612 KB] New best heuristic value for lmcut(): 80
[t=0.0223656s, 11612 KB] g=125, 107 evaluated, 7 expanded
[t=0.0223911s, 11612 KB] New best heuristic value for lmcut(): 70
[t=0.0231603s, 11612 KB] g=135, 115 evaluated, 8 expanded
[t=0.0234445s, 11612 KB] New best heuristic value for lmcut(): 60
[t=0.0242174s, 11612 KB] g=145, 128 evaluated, 9 expanded
[t=0.0242445s, 11612 KB] New best heuristic value for lmcut(): 50
[t=0.0252671s, 11612 KB] g=155, 143 evaluated, 10 expanded
[t=0.0252933s, 11612 KB] New best heuristic value for lmcut(): 40
[t=0.0263307s, 11612 KB] g=165, 162 evaluated, 11 expanded
[t=0.0263563s, 11612 KB] New best heuristic value for lmcut(): 30
[t=0.026517s, 11612 KB] g=175, 165 evaluated, 11 expanded
[t=0.0265419s, 11612 KB] New best heuristic value for lmcut(): 20
[t=0.0271975s, 11612 KB] g=185, 179 evaluated, 12 expanded
[t=0.0273387s, 11612 KB] New best heuristic value for lmcut(): 10
[t=0.0278808s, 11612 KB] g=195, 196 evaluated, 13 expanded
[t=0.0279064s, 11612 KB] New best heuristic value for lmcut(): 0
[t=0.0285281s, 11612 KB] g=205, 215 evaluated, 14 expanded
[t=0.0285536s, 11612 KB] Solution found!
do-plane p3 planer0 verysmooth blue glazed (30)
load-highspeed-saw b0 highspeed-saw0 (30)
do-plane p0 planer0 smooth green colourfragments (20)
do-immersion-varnish p3 immersion-varnisher0 mauve smooth (10)
do-immersion-varnish p0 immersion-varnisher0 black smooth (10)
cut-board-medium b0 p4 highspeed-saw0 teak rough s3 s2 s1 (10)
do-glaze p4 glazer0 blue (15)
cut-board-small b0 p1 highspeed-saw0 teak rough s1 s0 (10)
cut-board-small b0 p5 highspeed-saw0 teak rough s1 s0 (10)
cut-board-large b0 p2 highspeed-saw0 teak rough s3 s1 s2 s0 (10)
do-glaze p2 glazer0 natural (20)
do-plane p5 planer0 rough natural untreated (10)
do-glaze p1 glazer0 green (10)
do-glaze p5 glazer0 blue (10)
[t=0.0287445s, 11612 KB] Plan length: 14 step(s).
[t=0.0287795s, 11612 KB] Plan cost: 205
[t=0.0288026s, 11612 KB] Solution: Incumbent solution found!
[t=0.0288269s, 11612 KB] Solution Timestep: 1681976234141 millisecond(s).
[t=0.0288506s, 11612 KB] Timestamp: 1681976234141 millisecond(s).
[t=0.0288739s, 11612 KB] Expanded 15 state(s).
[t=0.0288972s, 11612 KB] Reopened 0 state(s).
[t=0.0289207s, 11612 KB] Evaluated 217 state(s).
[t=0.028944s, 11612 KB] Evaluations: 223
[t=0.0289675s, 11612 KB] Generated 254 state(s).
[t=0.0289907s, 11612 KB] Dead ends: 0 state(s).
[t=0.0290141s, 11612 KB] Number of registered states: 223
[t=0.0290377s, 11612 KB] Int hash set load factor: 223/256 = 0.871094
[t=0.0290619s, 11612 KB] Int hash set resizes: 8
[t=0.0290862s, 11612 KB] Solution found!
[t=0.0293305s, 11612 KB] Solution found!
[t=0.186853s, 11612 KB] Optimal Solution: found
[t=0.188417s, 11612 KB] Actual search time: 0.180514s
do-plane p3 planer0 verysmooth blue glazed (30)
load-highspeed-saw b0 highspeed-saw0 (30)
do-plane p0 planer0 smooth green colourfragments (20)
do-immersion-varnish p3 immersion-varnisher0 mauve smooth (10)
do-immersion-varnish p0 immersion-varnisher0 black smooth (10)
cut-board-medium b0 p4 highspeed-saw0 teak rough s3 s2 s1 (10)
do-glaze p4 glazer0 blue (15)
cut-board-small b0 p1 highspeed-saw0 teak rough s1 s0 (10)
cut-board-small b0 p5 highspeed-saw0 teak rough s1 s0 (10)
cut-board-large b0 p2 highspeed-saw0 teak rough s3 s1 s2 s0 (10)
do-glaze p2 glazer0 natural (20)
do-plane p5 planer0 rough natural untreated (10)
do-glaze p1 glazer0 green (10)
do-glaze p5 glazer0 natural (10)
[t=0.188451s, 11612 KB] Plan length: 14 step(s).
[t=0.188451s, 11612 KB] Plan cost: 205
[t=0.188451s, 11612 KB] Timestamp: 1681976234301 millisecond(s).
[t=0.188451s, 11612 KB] Expanded 217 state(s).
[t=0.188451s, 11612 KB] Reopened 0 state(s).
[t=0.188451s, 11612 KB] Evaluated 217 state(s).
[t=0.188451s, 11612 KB] Evaluations: 2060
[t=0.188451s, 11612 KB] Generated 4164 state(s).
[t=0.188451s, 11612 KB] Dead ends: 0 state(s).
[t=0.188451s, 11612 KB] Number of registered states: 2060
[t=0.188451s, 11612 KB] Int hash set load factor: 2060/4096 = 0.50293
[t=0.188451s, 11612 KB] Int hash set resizes: 12
[t=0.188451s, 11612 KB] Search time: 0.180958s
[t=0.188451s, 11612 KB] Total time: 0.188451s
Solution found.
Peak memory: 11612 KB
Remove intermediate file output.sas
search exit code: 0

INFO     Running validate.
INFO     validate stdin: None
INFO     validate time limit: None
INFO     validate memory limit: None
INFO     validate command line string: validate domain.pddl problem.pddl sas_plan sas_plan.1
Checking plan: sas_plan
Plan executed successfully - checking goal
Plan valid
Final value: 205 
Checking plan: sas_plan.1
Plan executed successfully - checking goal
Plan valid
Final value: 205 

Successful plans:
Value: 205
 sas_plan 205 
sas_plan.1 205 

validate exit code: 0

INFO     Planner time: 0.39s
